INFO:root:Shape for training set: (16296, 483142)
INFO:root:State: {'ndim': '50', 'test_all': '100', 'test_path': 'data/fb15k/FB15k-test.pkl', 'nhid': '50', 'lremb': '0.1', 'seed': '123', 'simfn': 'L1', 'valid_path': 'data/fb15k/FB15k-valid.pkl', 'nbatches': '10', 'lrparam': '0.1', 'decay': '0.999', 'show_hinton_diagrams': 'False', 'no_rescaling': 'True', 'Nrel': '1345', 'ranking_score_right': 'False', 'max_lr': 'None', 'Nsyn': '14951', 'method': 'ADAGRAD', 'loss_margin': '10.0', 'C': '1.0', 'epsilon': '1e-06', 'use_db': 'False', 'Nent': '16296', 'l1_param_weight': 'None', 'name': 'fb15k_qualitative/fb15k_TransE_5', 'totepochs': '100', 'l2_param_weight': 'None', 'train_path': 'data/fb15k/FB15k-train.pkl', 'op': 'TransE'}
INFO:root:Starting the Experiment ..
INFO:root:-- EPOCH 1 (8.694 seconds):
INFO:root:COST >> 16.0662 +/- 2.5397, % updates: 99.99%
INFO:root:-- EPOCH 2 (8.785 seconds):
INFO:root:COST >> 9.7991 +/- 0.9165, % updates: 99.223%
INFO:root:-- EPOCH 3 (8.703 seconds):
INFO:root:COST >> 7.7984 +/- 0.2875, % updates: 96.753%
INFO:root:-- EPOCH 4 (9.96 seconds):
INFO:root:COST >> 7.0767 +/- 0.1213, % updates: 94.486%
INFO:root:-- EPOCH 5 (11.861 seconds):
INFO:root:COST >> 6.6859 +/- 0.0754, % updates: 92.628%
INFO:root:-- EPOCH 6 (9.433 seconds):
INFO:root:COST >> 6.446 +/- 0.0509, % updates: 91.771%
INFO:root:-- EPOCH 7 (7.738 seconds):
INFO:root:COST >> 6.2823 +/- 0.0339, % updates: 91.274%
INFO:root:-- EPOCH 8 (8.651 seconds):
INFO:root:COST >> 6.1581 +/- 0.0308, % updates: 91.152%
INFO:root:-- EPOCH 9 (8.574 seconds):
INFO:root:COST >> 6.0584 +/- 0.0283, % updates: 91.184%
INFO:root:-- EPOCH 10 (8.695 seconds):
INFO:root:COST >> 5.9792 +/- 0.0237, % updates: 91.042%
INFO:root:-- EPOCH 11 (8.313 seconds):
INFO:root:COST >> 5.9133 +/- 0.0203, % updates: 90.814%
INFO:root:-- EPOCH 12 (8.154 seconds):
INFO:root:COST >> 5.865 +/- 0.0195, % updates: 90.72%
INFO:root:-- EPOCH 13 (8.567 seconds):
INFO:root:COST >> 5.808 +/- 0.0254, % updates: 90.637%
INFO:root:-- EPOCH 14 (8.303 seconds):
INFO:root:COST >> 5.7712 +/- 0.0167, % updates: 90.681%
INFO:root:-- EPOCH 15 (8.52 seconds):
INFO:root:COST >> 5.7424 +/- 0.02, % updates: 90.551%
INFO:root:-- EPOCH 16 (8.312 seconds):
INFO:root:COST >> 5.713 +/- 0.0186, % updates: 90.374%
INFO:root:-- EPOCH 17 (8.192 seconds):
INFO:root:COST >> 5.6708 +/- 0.0164, % updates: 90.286%
INFO:root:-- EPOCH 18 (8.287 seconds):
INFO:root:COST >> 5.6437 +/- 0.0171, % updates: 90.225%
INFO:root:-- EPOCH 19 (8.24 seconds):
INFO:root:COST >> 5.6293 +/- 0.0266, % updates: 90.229%
INFO:root:-- EPOCH 20 (8.278 seconds):
INFO:root:COST >> 5.5974 +/- 0.0175, % updates: 90.09%
INFO:root:-- EPOCH 21 (8.375 seconds):
INFO:root:COST >> 5.5797 +/- 0.0127, % updates: 89.99%
INFO:root:-- EPOCH 22 (8.314 seconds):
INFO:root:COST >> 5.5533 +/- 0.0187, % updates: 89.863%
INFO:root:-- EPOCH 23 (8.276 seconds):
INFO:root:COST >> 5.5347 +/- 0.0193, % updates: 89.682%
INFO:root:-- EPOCH 24 (8.481 seconds):
INFO:root:COST >> 5.532 +/- 0.0238, % updates: 89.843%
INFO:root:-- EPOCH 25 (8.361 seconds):
INFO:root:COST >> 5.5004 +/- 0.0246, % updates: 89.802%
INFO:root:-- EPOCH 26 (8.511 seconds):
INFO:root:COST >> 5.4896 +/- 0.0169, % updates: 89.75%
INFO:root:-- EPOCH 27 (8.526 seconds):
INFO:root:COST >> 5.4846 +/- 0.0153, % updates: 89.721%
INFO:root:-- EPOCH 28 (8.396 seconds):
INFO:root:COST >> 5.4601 +/- 0.011, % updates: 89.691%
INFO:root:-- EPOCH 29 (8.514 seconds):
INFO:root:COST >> 5.4642 +/- 0.0258, % updates: 89.699%
INFO:root:-- EPOCH 30 (8.485 seconds):
INFO:root:COST >> 5.4512 +/- 0.0157, % updates: 89.592%
INFO:root:-- EPOCH 31 (8.27 seconds):
INFO:root:COST >> 5.4352 +/- 0.0159, % updates: 89.617%
INFO:root:-- EPOCH 32 (8.268 seconds):
INFO:root:COST >> 5.4253 +/- 0.0166, % updates: 89.517%
INFO:root:-- EPOCH 33 (8.402 seconds):
INFO:root:COST >> 5.4143 +/- 0.0179, % updates: 89.356%
INFO:root:-- EPOCH 34 (8.532 seconds):
INFO:root:COST >> 5.4248 +/- 0.0167, % updates: 89.282%
INFO:root:-- EPOCH 35 (8.431 seconds):
INFO:root:COST >> 5.3981 +/- 0.0171, % updates: 89.241%
INFO:root:-- EPOCH 36 (8.427 seconds):
INFO:root:COST >> 5.3944 +/- 0.0311, % updates: 89.26%
INFO:root:-- EPOCH 37 (8.529 seconds):
INFO:root:COST >> 5.3704 +/- 0.0183, % updates: 89.262%
INFO:root:-- EPOCH 38 (8.689 seconds):
INFO:root:COST >> 5.374 +/- 0.0249, % updates: 89.161%
INFO:root:-- EPOCH 39 (8.377 seconds):
INFO:root:COST >> 5.3706 +/- 0.0236, % updates: 89.163%
INFO:root:-- EPOCH 40 (7.616 seconds):
INFO:root:COST >> 5.3761 +/- 0.0213, % updates: 89.238%
INFO:root:-- EPOCH 41 (7.675 seconds):
INFO:root:COST >> 5.3614 +/- 0.0142, % updates: 89.174%
INFO:root:-- EPOCH 42 (7.66 seconds):
INFO:root:COST >> 5.3474 +/- 0.0223, % updates: 89.101%
INFO:root:-- EPOCH 43 (7.742 seconds):
INFO:root:COST >> 5.3654 +/- 0.0206, % updates: 89.222%
INFO:root:-- EPOCH 44 (7.784 seconds):
INFO:root:COST >> 5.3367 +/- 0.0174, % updates: 89.222%
INFO:root:-- EPOCH 45 (7.591 seconds):
INFO:root:COST >> 5.3287 +/- 0.0207, % updates: 89.128%
INFO:root:-- EPOCH 46 (7.627 seconds):
INFO:root:COST >> 5.3315 +/- 0.0217, % updates: 89.078%
INFO:root:-- EPOCH 47 (7.774 seconds):
INFO:root:COST >> 5.3192 +/- 0.0112, % updates: 89.012%
INFO:root:-- EPOCH 48 (7.801 seconds):
INFO:root:COST >> 5.3116 +/- 0.0151, % updates: 88.796%
INFO:root:-- EPOCH 49 (7.682 seconds):
INFO:root:COST >> 5.3072 +/- 0.0168, % updates: 88.836%
INFO:root:-- EPOCH 50 (7.702 seconds):
INFO:root:COST >> 5.3035 +/- 0.0141, % updates: 88.866%
INFO:root:-- EPOCH 51 (7.541 seconds):
INFO:root:COST >> 5.2934 +/- 0.0206, % updates: 88.845%
INFO:root:-- EPOCH 52 (7.648 seconds):
INFO:root:COST >> 5.2934 +/- 0.0209, % updates: 88.827%
INFO:root:-- EPOCH 53 (7.511 seconds):
INFO:root:COST >> 5.2826 +/- 0.0175, % updates: 88.879%
INFO:root:-- EPOCH 54 (7.599 seconds):
INFO:root:COST >> 5.2826 +/- 0.0264, % updates: 89.008%
INFO:root:-- EPOCH 55 (7.565 seconds):
INFO:root:COST >> 5.2853 +/- 0.0247, % updates: 88.941%
INFO:root:-- EPOCH 56 (7.566 seconds):
INFO:root:COST >> 5.2688 +/- 0.0161, % updates: 88.876%
INFO:root:-- EPOCH 57 (7.637 seconds):
INFO:root:COST >> 5.2614 +/- 0.0187, % updates: 88.769%
INFO:root:-- EPOCH 58 (7.676 seconds):
INFO:root:COST >> 5.2562 +/- 0.0112, % updates: 88.742%
INFO:root:-- EPOCH 59 (7.798 seconds):
INFO:root:COST >> 5.2513 +/- 0.0162, % updates: 88.695%
INFO:root:-- EPOCH 60 (7.606 seconds):
INFO:root:COST >> 5.2471 +/- 0.0214, % updates: 88.74%
INFO:root:-- EPOCH 61 (7.582 seconds):
INFO:root:COST >> 5.2477 +/- 0.0212, % updates: 88.677%
INFO:root:-- EPOCH 62 (7.589 seconds):
INFO:root:COST >> 5.2468 +/- 0.0197, % updates: 88.684%
INFO:root:-- EPOCH 63 (7.668 seconds):
INFO:root:COST >> 5.2485 +/- 0.019, % updates: 88.712%
INFO:root:-- EPOCH 64 (7.667 seconds):
INFO:root:COST >> 5.2284 +/- 0.0115, % updates: 88.686%
INFO:root:-- EPOCH 65 (7.667 seconds):
INFO:root:COST >> 5.2281 +/- 0.0244, % updates: 88.722%
INFO:root:-- EPOCH 66 (7.56 seconds):
INFO:root:COST >> 5.2332 +/- 0.0224, % updates: 88.878%
INFO:root:-- EPOCH 67 (7.537 seconds):
INFO:root:COST >> 5.237 +/- 0.0211, % updates: 88.802%
INFO:root:-- EPOCH 68 (7.633 seconds):
INFO:root:COST >> 5.2369 +/- 0.0159, % updates: 88.817%
INFO:root:-- EPOCH 69 (7.57 seconds):
INFO:root:COST >> 5.225 +/- 0.013, % updates: 88.594%
INFO:root:-- EPOCH 70 (7.568 seconds):
INFO:root:COST >> 5.2261 +/- 0.019, % updates: 88.589%
INFO:root:-- EPOCH 71 (7.679 seconds):
INFO:root:COST >> 5.2085 +/- 0.0286, % updates: 88.7%
INFO:root:-- EPOCH 72 (7.608 seconds):
INFO:root:COST >> 5.2169 +/- 0.0214, % updates: 88.708%
INFO:root:-- EPOCH 73 (7.804 seconds):
INFO:root:COST >> 5.2147 +/- 0.0277, % updates: 88.621%
INFO:root:-- EPOCH 74 (7.634 seconds):
INFO:root:COST >> 5.1979 +/- 0.0186, % updates: 88.655%
INFO:root:-- EPOCH 75 (7.739 seconds):
INFO:root:COST >> 5.208 +/- 0.0205, % updates: 88.625%
INFO:root:-- EPOCH 76 (7.867 seconds):
INFO:root:COST >> 5.2075 +/- 0.0286, % updates: 88.644%
INFO:root:-- EPOCH 77 (7.869 seconds):
INFO:root:COST >> 5.2062 +/- 0.0238, % updates: 88.519%
INFO:root:-- EPOCH 78 (7.951 seconds):
INFO:root:COST >> 5.1975 +/- 0.0188, % updates: 88.681%
INFO:root:-- EPOCH 79 (7.952 seconds):
INFO:root:COST >> 5.1944 +/- 0.0163, % updates: 88.694%
INFO:root:-- EPOCH 80 (8.025 seconds):
INFO:root:COST >> 5.1978 +/- 0.0163, % updates: 88.771%
INFO:root:-- EPOCH 81 (7.826 seconds):
INFO:root:COST >> 5.1976 +/- 0.0227, % updates: 88.78%
INFO:root:-- EPOCH 82 (7.666 seconds):
INFO:root:COST >> 5.1841 +/- 0.0277, % updates: 88.663%
INFO:root:-- EPOCH 83 (7.822 seconds):
INFO:root:COST >> 5.1783 +/- 0.0182, % updates: 88.663%
INFO:root:-- EPOCH 84 (7.354 seconds):
INFO:root:COST >> 5.186 +/- 0.0213, % updates: 88.632%
INFO:root:-- EPOCH 85 (7.478 seconds):
INFO:root:COST >> 5.1799 +/- 0.0207, % updates: 88.513%
INFO:root:-- EPOCH 86 (8.593 seconds):
INFO:root:COST >> 5.1847 +/- 0.0142, % updates: 88.504%
INFO:root:-- EPOCH 87 (8.536 seconds):
INFO:root:COST >> 5.1746 +/- 0.0187, % updates: 88.485%
INFO:root:-- EPOCH 88 (8.593 seconds):
INFO:root:COST >> 5.1837 +/- 0.0151, % updates: 88.546%
INFO:root:-- EPOCH 89 (8.584 seconds):
INFO:root:COST >> 5.1746 +/- 0.0185, % updates: 88.536%
INFO:root:-- EPOCH 90 (8.584 seconds):
INFO:root:COST >> 5.1679 +/- 0.0158, % updates: 88.415%
INFO:root:-- EPOCH 91 (8.584 seconds):
INFO:root:COST >> 5.1652 +/- 0.0161, % updates: 88.5%
INFO:root:-- EPOCH 92 (8.551 seconds):
INFO:root:COST >> 5.1788 +/- 0.0114, % updates: 88.545%
INFO:root:-- EPOCH 93 (8.56 seconds):
INFO:root:COST >> 5.1586 +/- 0.0241, % updates: 88.447%
INFO:root:-- EPOCH 94 (8.609 seconds):
INFO:root:COST >> 5.1641 +/- 0.0185, % updates: 88.554%
INFO:root:-- EPOCH 95 (8.755 seconds):
INFO:root:COST >> 5.1554 +/- 0.0172, % updates: 88.569%
INFO:root:-- EPOCH 96 (8.836 seconds):
INFO:root:COST >> 5.1618 +/- 0.018, % updates: 88.433%
INFO:root:-- EPOCH 97 (8.787 seconds):
INFO:root:COST >> 5.148 +/- 0.0182, % updates: 88.452%
INFO:root:-- EPOCH 98 (8.521 seconds):
INFO:root:COST >> 5.1496 +/- 0.0209, % updates: 88.317%
INFO:root:-- EPOCH 99 (8.557 seconds):
INFO:root:COST >> 5.1542 +/- 0.0164, % updates: 88.423%
INFO:root:-- EPOCH 100 (8.523 seconds):
INFO:root:COST >> 5.1555 +/- 0.0239, % updates: 88.475%
INFO:root:### MICRO (raw valid):
INFO:root:	-- left   >> mean: 584.1822, median: 121.0, hits@10: 17.276%
INFO:root:	-- right  >> mean: 474.63144, median: 70.0, hits@10: 24.2%
INFO:root:	-- global >> mean: 529.40682, median: 91.0, hits@10: 20.738%
INFO:root:### MACRO (raw valid):
INFO:root:	-- left   >> mean: 461.51256, median: 355.48144, hits@10: 36.289%
INFO:root:	-- right  >> mean: 346.38729, median: 250.07806, hits@10: 42.425%
INFO:root:	-- global >> mean: 403.94993, median: 195.11245, hits@10: 39.357%
INFO:root:### MICRO (raw test):
INFO:root:	-- left   >> mean: 583.73413, median: 117.0, hits@10: 17.342%
INFO:root:	-- right  >> mean: 482.7678, median: 73.0, hits@10: 23.531%
INFO:root:	-- global >> mean: 533.25097, median: 93.0, hits@10: 20.436%
INFO:root:### MACRO (raw test):
INFO:root:	-- left   >> mean: 457.36243, median: 354.14776, hits@10: 35.388%
INFO:root:	-- right  >> mean: 451.87639, median: 369.51717, hits@10: 41.273%
INFO:root:	-- global >> mean: 454.61941, median: 237.0744, hits@10: 38.331%
