INFO:root:Shape for training set: (16296, 483142)
INFO:root:State: {'ndim': '50', 'test_all': '100', 'test_path': 'data/fb15k/FB15k-test.pkl', 'nhid': '50', 'lremb': '0.1', 'seed': '123', 'simfn': 'L2', 'valid_path': 'data/fb15k/FB15k-valid.pkl', 'nbatches': '10', 'lrparam': '0.1', 'decay': '0.999', 'show_hinton_diagrams': 'False', 'no_rescaling': 'True', 'Nrel': '1345', 'ranking_score_right': 'False', 'max_lr': 'None', 'Nsyn': '14951', 'method': 'ADAGRAD', 'loss_margin': '1.0', 'C': '1.0', 'epsilon': '1e-06', 'use_db': 'False', 'Nent': '16296', 'l1_param_weight': 'None', 'name': 'fb15k_qualitative/fb15k_TransE_7', 'totepochs': '100', 'l2_param_weight': 'None', 'train_path': 'data/fb15k/FB15k-train.pkl', 'op': 'TransE'}
INFO:root:Starting the Experiment ..
INFO:root:-- EPOCH 1 (6.076 seconds):
INFO:root:COST >> 1.2329 +/- 0.4781, % updates: 89.898%
INFO:root:-- EPOCH 2 (6.042 seconds):
INFO:root:COST >> 0.3697 +/- 0.054, % updates: 44.788%
INFO:root:-- EPOCH 3 (6.041 seconds):
INFO:root:COST >> 0.2705 +/- 0.0092, % updates: 31.582%
INFO:root:-- EPOCH 4 (5.877 seconds):
INFO:root:COST >> 0.2449 +/- 0.0022, % updates: 28.627%
INFO:root:-- EPOCH 5 (6.026 seconds):
INFO:root:COST >> 0.2322 +/- 0.0013, % updates: 27.472%
INFO:root:-- EPOCH 6 (5.897 seconds):
INFO:root:COST >> 0.2253 +/- 0.0021, % updates: 26.903%
INFO:root:-- EPOCH 7 (5.912 seconds):
INFO:root:COST >> 0.2207 +/- 0.002, % updates: 26.469%
INFO:root:-- EPOCH 8 (6.023 seconds):
INFO:root:COST >> 0.2175 +/- 0.0017, % updates: 26.188%
INFO:root:-- EPOCH 9 (5.866 seconds):
INFO:root:COST >> 0.2152 +/- 0.0022, % updates: 26.031%
INFO:root:-- EPOCH 10 (6.053 seconds):
INFO:root:COST >> 0.2127 +/- 0.0022, % updates: 25.837%
INFO:root:-- EPOCH 11 (5.961 seconds):
INFO:root:COST >> 0.2114 +/- 0.002, % updates: 25.715%
INFO:root:-- EPOCH 12 (5.915 seconds):
INFO:root:COST >> 0.2111 +/- 0.0024, % updates: 25.612%
INFO:root:-- EPOCH 13 (6.253 seconds):
INFO:root:COST >> 0.2092 +/- 0.003, % updates: 25.516%
INFO:root:-- EPOCH 14 (5.874 seconds):
INFO:root:COST >> 0.2079 +/- 0.0027, % updates: 25.38%
INFO:root:-- EPOCH 15 (5.974 seconds):
INFO:root:COST >> 0.2084 +/- 0.0021, % updates: 25.356%
INFO:root:-- EPOCH 16 (6.139 seconds):
INFO:root:COST >> 0.2075 +/- 0.0017, % updates: 25.3%
INFO:root:-- EPOCH 17 (5.868 seconds):
INFO:root:COST >> 0.2068 +/- 0.0016, % updates: 25.203%
INFO:root:-- EPOCH 18 (6.101 seconds):
INFO:root:COST >> 0.2069 +/- 0.0022, % updates: 25.176%
INFO:root:-- EPOCH 19 (6.174 seconds):
INFO:root:COST >> 0.2064 +/- 0.0015, % updates: 25.234%
INFO:root:-- EPOCH 20 (6.08 seconds):
INFO:root:COST >> 0.2054 +/- 0.0018, % updates: 25.059%
INFO:root:-- EPOCH 21 (6.054 seconds):
INFO:root:COST >> 0.2055 +/- 0.0018, % updates: 25.07%
INFO:root:-- EPOCH 22 (6.216 seconds):
INFO:root:COST >> 0.2049 +/- 0.0018, % updates: 25.004%
INFO:root:-- EPOCH 23 (5.676 seconds):
INFO:root:COST >> 0.2048 +/- 0.0023, % updates: 24.99%
INFO:root:-- EPOCH 24 (5.944 seconds):
INFO:root:COST >> 0.2051 +/- 0.0028, % updates: 24.995%
INFO:root:-- EPOCH 25 (5.855 seconds):
INFO:root:COST >> 0.204 +/- 0.0017, % updates: 24.929%
INFO:root:-- EPOCH 26 (5.713 seconds):
INFO:root:COST >> 0.2036 +/- 0.0017, % updates: 24.916%
INFO:root:-- EPOCH 27 (5.657 seconds):
INFO:root:COST >> 0.2041 +/- 0.0023, % updates: 24.937%
INFO:root:-- EPOCH 28 (5.29 seconds):
INFO:root:COST >> 0.2033 +/- 0.0017, % updates: 24.855%
INFO:root:-- EPOCH 29 (5.412 seconds):
INFO:root:COST >> 0.2036 +/- 0.0022, % updates: 24.856%
INFO:root:-- EPOCH 30 (5.067 seconds):
INFO:root:COST >> 0.2035 +/- 0.0016, % updates: 24.841%
INFO:root:-- EPOCH 31 (5.044 seconds):
INFO:root:COST >> 0.2028 +/- 0.0009, % updates: 24.786%
INFO:root:-- EPOCH 32 (5.044 seconds):
INFO:root:COST >> 0.2025 +/- 0.0022, % updates: 24.779%
INFO:root:-- EPOCH 33 (5.038 seconds):
INFO:root:COST >> 0.2023 +/- 0.0017, % updates: 24.729%
INFO:root:-- EPOCH 34 (5.064 seconds):
INFO:root:COST >> 0.2043 +/- 0.002, % updates: 24.841%
INFO:root:-- EPOCH 35 (5.027 seconds):
INFO:root:COST >> 0.2025 +/- 0.0019, % updates: 24.742%
INFO:root:-- EPOCH 36 (5.131 seconds):
INFO:root:COST >> 0.2022 +/- 0.0031, % updates: 24.715%
INFO:root:-- EPOCH 37 (5.485 seconds):
INFO:root:COST >> 0.2012 +/- 0.0018, % updates: 24.663%
INFO:root:-- EPOCH 38 (5.346 seconds):
INFO:root:COST >> 0.2018 +/- 0.0019, % updates: 24.675%
INFO:root:-- EPOCH 39 (5.431 seconds):
INFO:root:COST >> 0.2018 +/- 0.0021, % updates: 24.673%
INFO:root:-- EPOCH 40 (5.386 seconds):
INFO:root:COST >> 0.2023 +/- 0.0014, % updates: 24.703%
INFO:root:-- EPOCH 41 (5.438 seconds):
INFO:root:COST >> 0.2019 +/- 0.001, % updates: 24.661%
INFO:root:-- EPOCH 42 (5.473 seconds):
INFO:root:COST >> 0.2011 +/- 0.0023, % updates: 24.599%
INFO:root:-- EPOCH 43 (5.47 seconds):
INFO:root:COST >> 0.2024 +/- 0.0022, % updates: 24.722%
INFO:root:-- EPOCH 44 (5.492 seconds):
INFO:root:COST >> 0.2011 +/- 0.0014, % updates: 24.68%
INFO:root:-- EPOCH 45 (5.355 seconds):
INFO:root:COST >> 0.2011 +/- 0.0013, % updates: 24.605%
INFO:root:-- EPOCH 46 (5.41 seconds):
INFO:root:COST >> 0.2016 +/- 0.0016, % updates: 24.649%
INFO:root:-- EPOCH 47 (5.341 seconds):
INFO:root:COST >> 0.2011 +/- 0.0012, % updates: 24.617%
INFO:root:-- EPOCH 48 (5.426 seconds):
INFO:root:COST >> 0.2013 +/- 0.0022, % updates: 24.632%
INFO:root:-- EPOCH 49 (5.438 seconds):
INFO:root:COST >> 0.2006 +/- 0.0019, % updates: 24.578%
INFO:root:-- EPOCH 50 (5.449 seconds):
INFO:root:COST >> 0.2009 +/- 0.0016, % updates: 24.58%
INFO:root:-- EPOCH 51 (5.632 seconds):
INFO:root:COST >> 0.2008 +/- 0.0017, % updates: 24.569%
INFO:root:-- EPOCH 52 (6.028 seconds):
INFO:root:COST >> 0.2016 +/- 0.0021, % updates: 24.598%
INFO:root:-- EPOCH 53 (5.094 seconds):
INFO:root:COST >> 0.2008 +/- 0.0017, % updates: 24.547%
INFO:root:-- EPOCH 54 (5.492 seconds):
INFO:root:COST >> 0.201 +/- 0.0023, % updates: 24.562%
INFO:root:-- EPOCH 55 (5.394 seconds):
INFO:root:COST >> 0.2015 +/- 0.0021, % updates: 24.606%
INFO:root:-- EPOCH 56 (5.465 seconds):
INFO:root:COST >> 0.2009 +/- 0.0019, % updates: 24.558%
INFO:root:-- EPOCH 57 (5.516 seconds):
INFO:root:COST >> 0.1995 +/- 0.0017, % updates: 24.494%
INFO:root:-- EPOCH 58 (5.481 seconds):
INFO:root:COST >> 0.2001 +/- 0.002, % updates: 24.467%
INFO:root:-- EPOCH 59 (5.613 seconds):
INFO:root:COST >> 0.2003 +/- 0.0014, % updates: 24.465%
INFO:root:-- EPOCH 60 (5.624 seconds):
INFO:root:COST >> 0.1998 +/- 0.0016, % updates: 24.495%
INFO:root:-- EPOCH 61 (5.671 seconds):
INFO:root:COST >> 0.1999 +/- 0.0022, % updates: 24.473%
INFO:root:-- EPOCH 62 (5.493 seconds):
INFO:root:COST >> 0.2003 +/- 0.0017, % updates: 24.498%
INFO:root:-- EPOCH 63 (5.547 seconds):
INFO:root:COST >> 0.2006 +/- 0.0017, % updates: 24.55%
INFO:root:-- EPOCH 64 (5.639 seconds):
INFO:root:COST >> 0.1993 +/- 0.0011, % updates: 24.417%
INFO:root:-- EPOCH 65 (5.865 seconds):
INFO:root:COST >> 0.1995 +/- 0.0022, % updates: 24.419%
INFO:root:-- EPOCH 66 (5.679 seconds):
INFO:root:COST >> 0.1999 +/- 0.0023, % updates: 24.507%
INFO:root:-- EPOCH 67 (5.504 seconds):
INFO:root:COST >> 0.2005 +/- 0.0024, % updates: 24.54%
INFO:root:-- EPOCH 68 (5.912 seconds):
INFO:root:COST >> 0.2006 +/- 0.0018, % updates: 24.553%
INFO:root:-- EPOCH 69 (6.13 seconds):
INFO:root:COST >> 0.2001 +/- 0.0009, % updates: 24.463%
INFO:root:-- EPOCH 70 (5.467 seconds):
INFO:root:COST >> 0.2002 +/- 0.0017, % updates: 24.499%
INFO:root:-- EPOCH 71 (5.484 seconds):
INFO:root:COST >> 0.1991 +/- 0.002, % updates: 24.466%
INFO:root:-- EPOCH 72 (5.63 seconds):
INFO:root:COST >> 0.2001 +/- 0.002, % updates: 24.497%
INFO:root:-- EPOCH 73 (5.537 seconds):
INFO:root:COST >> 0.1998 +/- 0.0019, % updates: 24.477%
INFO:root:-- EPOCH 74 (5.951 seconds):
INFO:root:COST >> 0.1991 +/- 0.0014, % updates: 24.421%
INFO:root:-- EPOCH 75 (5.878 seconds):
INFO:root:COST >> 0.1995 +/- 0.0015, % updates: 24.478%
INFO:root:-- EPOCH 76 (5.755 seconds):
INFO:root:COST >> 0.2001 +/- 0.0023, % updates: 24.487%
INFO:root:-- EPOCH 77 (5.511 seconds):
INFO:root:COST >> 0.2005 +/- 0.002, % updates: 24.47%
INFO:root:-- EPOCH 78 (5.569 seconds):
INFO:root:COST >> 0.1995 +/- 0.0019, % updates: 24.435%
INFO:root:-- EPOCH 79 (5.874 seconds):
INFO:root:COST >> 0.1992 +/- 0.0019, % updates: 24.44%
INFO:root:-- EPOCH 80 (5.447 seconds):
INFO:root:COST >> 0.2 +/- 0.0017, % updates: 24.488%
INFO:root:-- EPOCH 81 (4.841 seconds):
INFO:root:COST >> 0.1998 +/- 0.0023, % updates: 24.455%
INFO:root:-- EPOCH 82 (4.914 seconds):
INFO:root:COST >> 0.1993 +/- 0.0026, % updates: 24.407%
INFO:root:-- EPOCH 83 (5.277 seconds):
INFO:root:COST >> 0.1991 +/- 0.0014, % updates: 24.333%
INFO:root:-- EPOCH 84 (6.573 seconds):
INFO:root:COST >> 0.1996 +/- 0.0017, % updates: 24.44%
INFO:root:-- EPOCH 85 (6.095 seconds):
INFO:root:COST >> 0.1989 +/- 0.0023, % updates: 24.418%
INFO:root:-- EPOCH 86 (6.828 seconds):
INFO:root:COST >> 0.1998 +/- 0.0022, % updates: 24.427%
INFO:root:-- EPOCH 87 (6.026 seconds):
INFO:root:COST >> 0.1989 +/- 0.0012, % updates: 24.423%
INFO:root:-- EPOCH 88 (6.085 seconds):
INFO:root:COST >> 0.1999 +/- 0.0013, % updates: 24.435%
INFO:root:-- EPOCH 89 (6.202 seconds):
INFO:root:COST >> 0.1996 +/- 0.0019, % updates: 24.384%
INFO:root:-- EPOCH 90 (6.188 seconds):
INFO:root:COST >> 0.199 +/- 0.0011, % updates: 24.406%
INFO:root:-- EPOCH 91 (6.363 seconds):
INFO:root:COST >> 0.1991 +/- 0.0017, % updates: 24.37%
INFO:root:-- EPOCH 92 (6.205 seconds):
INFO:root:COST >> 0.1998 +/- 0.001, % updates: 24.417%
INFO:root:-- EPOCH 93 (6.891 seconds):
INFO:root:COST >> 0.1985 +/- 0.0017, % updates: 24.388%
INFO:root:-- EPOCH 94 (6.756 seconds):
INFO:root:COST >> 0.1991 +/- 0.0014, % updates: 24.398%
INFO:root:-- EPOCH 95 (6.813 seconds):
INFO:root:COST >> 0.1987 +/- 0.0013, % updates: 24.316%
INFO:root:-- EPOCH 96 (6.422 seconds):
INFO:root:COST >> 0.1986 +/- 0.0019, % updates: 24.403%
INFO:root:-- EPOCH 97 (6.145 seconds):
INFO:root:COST >> 0.1985 +/- 0.0009, % updates: 24.344%
INFO:root:-- EPOCH 98 (6.399 seconds):
INFO:root:COST >> 0.1983 +/- 0.0018, % updates: 24.343%
INFO:root:-- EPOCH 99 (5.844 seconds):
INFO:root:COST >> 0.1988 +/- 0.0013, % updates: 24.318%
INFO:root:-- EPOCH 100 (5.93 seconds):
INFO:root:COST >> 0.1993 +/- 0.0017, % updates: 24.345%
INFO:root:### MICRO (raw valid):
INFO:root:	-- left   >> mean: 352.19834, median: 54.0, hits@10: 26.574%
INFO:root:	-- right  >> mean: 263.49212, median: 30.0, hits@10: 34.16%
INFO:root:	-- global >> mean: 307.84523, median: 41.0, hits@10: 30.367%
INFO:root:### MACRO (raw valid):
INFO:root:	-- left   >> mean: 186.59976, median: 135.82041, hits@10: 45.281%
INFO:root:	-- right  >> mean: 151.2802, median: 106.62009, hits@10: 52.803%
INFO:root:	-- global >> mean: 168.93998, median: 69.27402, hits@10: 49.042%
INFO:root:### MICRO (raw test):
INFO:root:	-- left   >> mean: 350.01651, median: 53.0, hits@10: 26.692%
INFO:root:	-- right  >> mean: 269.4684, median: 32.0, hits@10: 33.788%
INFO:root:	-- global >> mean: 309.74245, median: 41.0, hits@10: 30.24%
INFO:root:### MACRO (raw test):
INFO:root:	-- left   >> mean: 184.92582, median: 138.23049, hits@10: 45.399%
INFO:root:	-- right  >> mean: 179.43444, median: 134.29761, hits@10: 52.758%
INFO:root:	-- global >> mean: 182.18013, median: 76.58897, hits@10: 49.079%
