INFO:root:Shape for training set: (16296, 483142)
INFO:root:State: {'ndim': '20', 'test_all': '100', 'test_path': 'data/fb15k/FB15k-test.pkl', 'nhid': '20', 'lremb': '0.1', 'seed': '123', 'simfn': 'L2', 'valid_path': 'data/fb15k/FB15k-valid.pkl', 'nbatches': '10', 'lrparam': '0.1', 'decay': '0.999', 'show_hinton_diagrams': 'False', 'no_rescaling': 'True', 'Nrel': '1345', 'ranking_score_right': 'False', 'max_lr': 'None', 'Nsyn': '14951', 'method': 'ADAGRAD', 'loss_margin': '1.0', 'C': '1.0', 'epsilon': '1e-06', 'use_db': 'False', 'Nent': '16296', 'l1_param_weight': 'None', 'name': 'fb15k_qualitative/fb15k_TransE_6', 'totepochs': '100', 'l2_param_weight': 'None', 'train_path': 'data/fb15k/FB15k-train.pkl', 'op': 'TransE'}
INFO:root:Starting the Experiment ..
INFO:root:-- EPOCH 1 (4.277 seconds):
INFO:root:COST >> 1.4975 +/- 0.3219, % updates: 96.097%
INFO:root:-- EPOCH 2 (4.077 seconds):
INFO:root:COST >> 0.6313 +/- 0.1312, % updates: 68.595%
INFO:root:-- EPOCH 3 (3.801 seconds):
INFO:root:COST >> 0.371 +/- 0.029, % updates: 44.042%
INFO:root:-- EPOCH 4 (3.984 seconds):
INFO:root:COST >> 0.301 +/- 0.0094, % updates: 34.736%
INFO:root:-- EPOCH 5 (4.111 seconds):
INFO:root:COST >> 0.2696 +/- 0.0039, % updates: 30.858%
INFO:root:-- EPOCH 6 (3.764 seconds):
INFO:root:COST >> 0.253 +/- 0.0021, % updates: 28.766%
INFO:root:-- EPOCH 7 (3.999 seconds):
INFO:root:COST >> 0.243 +/- 0.0019, % updates: 27.663%
INFO:root:-- EPOCH 8 (4.072 seconds):
INFO:root:COST >> 0.2365 +/- 0.0017, % updates: 26.928%
INFO:root:-- EPOCH 9 (3.885 seconds):
INFO:root:COST >> 0.231 +/- 0.0025, % updates: 26.468%
INFO:root:-- EPOCH 10 (4.04 seconds):
INFO:root:COST >> 0.2276 +/- 0.0017, % updates: 26.133%
INFO:root:-- EPOCH 11 (4.196 seconds):
INFO:root:COST >> 0.2241 +/- 0.002, % updates: 25.806%
INFO:root:-- EPOCH 12 (3.952 seconds):
INFO:root:COST >> 0.2213 +/- 0.0018, % updates: 25.733%
INFO:root:-- EPOCH 13 (3.183 seconds):
INFO:root:COST >> 0.2193 +/- 0.0023, % updates: 25.602%
INFO:root:-- EPOCH 14 (3.439 seconds):
INFO:root:COST >> 0.2188 +/- 0.0015, % updates: 25.426%
INFO:root:-- EPOCH 15 (3.583 seconds):
INFO:root:COST >> 0.2166 +/- 0.0021, % updates: 25.359%
INFO:root:-- EPOCH 16 (4.248 seconds):
INFO:root:COST >> 0.2154 +/- 0.0018, % updates: 25.285%
INFO:root:-- EPOCH 17 (3.692 seconds):
INFO:root:COST >> 0.2139 +/- 0.0018, % updates: 25.207%
INFO:root:-- EPOCH 18 (3.642 seconds):
INFO:root:COST >> 0.2133 +/- 0.0029, % updates: 25.18%
INFO:root:-- EPOCH 19 (3.525 seconds):
INFO:root:COST >> 0.2119 +/- 0.0022, % updates: 25.214%
INFO:root:-- EPOCH 20 (4.27 seconds):
INFO:root:COST >> 0.2116 +/- 0.0021, % updates: 25.088%
INFO:root:-- EPOCH 21 (3.5 seconds):
INFO:root:COST >> 0.2109 +/- 0.0023, % updates: 25.05%
INFO:root:-- EPOCH 22 (3.554 seconds):
INFO:root:COST >> 0.2099 +/- 0.0022, % updates: 24.969%
INFO:root:-- EPOCH 23 (3.68 seconds):
INFO:root:COST >> 0.2093 +/- 0.0019, % updates: 25.01%
INFO:root:-- EPOCH 24 (3.846 seconds):
INFO:root:COST >> 0.2084 +/- 0.0014, % updates: 24.857%
INFO:root:-- EPOCH 25 (3.973 seconds):
INFO:root:COST >> 0.2086 +/- 0.0019, % updates: 24.889%
INFO:root:-- EPOCH 26 (4.281 seconds):
INFO:root:COST >> 0.2079 +/- 0.0013, % updates: 24.916%
INFO:root:-- EPOCH 27 (3.778 seconds):
INFO:root:COST >> 0.2077 +/- 0.0024, % updates: 24.761%
INFO:root:-- EPOCH 28 (4.001 seconds):
INFO:root:COST >> 0.2082 +/- 0.0021, % updates: 24.833%
INFO:root:-- EPOCH 29 (3.313 seconds):
INFO:root:COST >> 0.2068 +/- 0.0014, % updates: 24.781%
INFO:root:-- EPOCH 30 (3.491 seconds):
INFO:root:COST >> 0.207 +/- 0.0013, % updates: 24.76%
INFO:root:-- EPOCH 31 (3.294 seconds):
INFO:root:COST >> 0.2061 +/- 0.0017, % updates: 24.697%
INFO:root:-- EPOCH 32 (3.361 seconds):
INFO:root:COST >> 0.2066 +/- 0.0013, % updates: 24.71%
INFO:root:-- EPOCH 33 (3.554 seconds):
INFO:root:COST >> 0.2059 +/- 0.0017, % updates: 24.712%
INFO:root:-- EPOCH 34 (3.547 seconds):
INFO:root:COST >> 0.2065 +/- 0.0016, % updates: 24.725%
INFO:root:-- EPOCH 35 (3.369 seconds):
INFO:root:COST >> 0.2059 +/- 0.0016, % updates: 24.645%
INFO:root:-- EPOCH 36 (3.688 seconds):
INFO:root:COST >> 0.2058 +/- 0.0022, % updates: 24.674%
INFO:root:-- EPOCH 37 (3.409 seconds):
INFO:root:COST >> 0.2051 +/- 0.0017, % updates: 24.639%
INFO:root:-- EPOCH 38 (3.282 seconds):
INFO:root:COST >> 0.2049 +/- 0.0021, % updates: 24.603%
INFO:root:-- EPOCH 39 (3.628 seconds):
INFO:root:COST >> 0.2051 +/- 0.0016, % updates: 24.584%
INFO:root:-- EPOCH 40 (3.336 seconds):
INFO:root:COST >> 0.2041 +/- 0.002, % updates: 24.577%
INFO:root:-- EPOCH 41 (3.462 seconds):
INFO:root:COST >> 0.2054 +/- 0.0022, % updates: 24.61%
INFO:root:-- EPOCH 42 (3.312 seconds):
INFO:root:COST >> 0.2037 +/- 0.0011, % updates: 24.527%
INFO:root:-- EPOCH 43 (3.473 seconds):
INFO:root:COST >> 0.2042 +/- 0.0018, % updates: 24.483%
INFO:root:-- EPOCH 44 (3.259 seconds):
INFO:root:COST >> 0.2036 +/- 0.0014, % updates: 24.521%
INFO:root:-- EPOCH 45 (3.408 seconds):
INFO:root:COST >> 0.2039 +/- 0.0015, % updates: 24.545%
INFO:root:-- EPOCH 46 (3.248 seconds):
INFO:root:COST >> 0.204 +/- 0.0015, % updates: 24.447%
INFO:root:-- EPOCH 47 (3.431 seconds):
INFO:root:COST >> 0.204 +/- 0.0019, % updates: 24.508%
INFO:root:-- EPOCH 48 (3.26 seconds):
INFO:root:COST >> 0.2032 +/- 0.002, % updates: 24.502%
INFO:root:-- EPOCH 49 (3.384 seconds):
INFO:root:COST >> 0.2036 +/- 0.0008, % updates: 24.46%
INFO:root:-- EPOCH 50 (3.309 seconds):
INFO:root:COST >> 0.203 +/- 0.0021, % updates: 24.459%
INFO:root:-- EPOCH 51 (3.342 seconds):
INFO:root:COST >> 0.2039 +/- 0.0017, % updates: 24.503%
INFO:root:-- EPOCH 52 (3.375 seconds):
INFO:root:COST >> 0.2029 +/- 0.0017, % updates: 24.42%
INFO:root:-- EPOCH 53 (3.289 seconds):
INFO:root:COST >> 0.2033 +/- 0.0016, % updates: 24.463%
INFO:root:-- EPOCH 54 (3.439 seconds):
INFO:root:COST >> 0.2033 +/- 0.0012, % updates: 24.475%
INFO:root:-- EPOCH 55 (3.263 seconds):
INFO:root:COST >> 0.2033 +/- 0.0012, % updates: 24.47%
INFO:root:-- EPOCH 56 (3.385 seconds):
INFO:root:COST >> 0.2029 +/- 0.0018, % updates: 24.423%
INFO:root:-- EPOCH 57 (3.257 seconds):
INFO:root:COST >> 0.2028 +/- 0.0019, % updates: 24.37%
INFO:root:-- EPOCH 58 (3.387 seconds):
INFO:root:COST >> 0.2025 +/- 0.0019, % updates: 24.355%
INFO:root:-- EPOCH 59 (3.281 seconds):
INFO:root:COST >> 0.202 +/- 0.0017, % updates: 24.362%
INFO:root:-- EPOCH 60 (3.363 seconds):
INFO:root:COST >> 0.2027 +/- 0.0016, % updates: 24.331%
INFO:root:-- EPOCH 61 (3.284 seconds):
INFO:root:COST >> 0.2025 +/- 0.002, % updates: 24.428%
INFO:root:-- EPOCH 62 (3.388 seconds):
INFO:root:COST >> 0.2018 +/- 0.0017, % updates: 24.352%
INFO:root:-- EPOCH 63 (3.286 seconds):
INFO:root:COST >> 0.202 +/- 0.0015, % updates: 24.385%
INFO:root:-- EPOCH 64 (3.359 seconds):
INFO:root:COST >> 0.2027 +/- 0.0014, % updates: 24.409%
INFO:root:-- EPOCH 65 (3.325 seconds):
INFO:root:COST >> 0.2023 +/- 0.0018, % updates: 24.388%
INFO:root:-- EPOCH 66 (3.38 seconds):
INFO:root:COST >> 0.2028 +/- 0.0012, % updates: 24.423%
INFO:root:-- EPOCH 67 (3.362 seconds):
INFO:root:COST >> 0.2017 +/- 0.0011, % updates: 24.366%
INFO:root:-- EPOCH 68 (3.351 seconds):
INFO:root:COST >> 0.2021 +/- 0.0013, % updates: 24.389%
INFO:root:-- EPOCH 69 (3.408 seconds):
INFO:root:COST >> 0.2018 +/- 0.0018, % updates: 24.347%
INFO:root:-- EPOCH 70 (3.256 seconds):
INFO:root:COST >> 0.2025 +/- 0.0015, % updates: 24.401%
INFO:root:-- EPOCH 71 (3.394 seconds):
INFO:root:COST >> 0.2019 +/- 0.0014, % updates: 24.343%
INFO:root:-- EPOCH 72 (3.252 seconds):
INFO:root:COST >> 0.2018 +/- 0.0019, % updates: 24.309%
INFO:root:-- EPOCH 73 (3.34 seconds):
INFO:root:COST >> 0.2022 +/- 0.0019, % updates: 24.36%
INFO:root:-- EPOCH 74 (3.273 seconds):
INFO:root:COST >> 0.2009 +/- 0.0016, % updates: 24.297%
INFO:root:-- EPOCH 75 (3.394 seconds):
INFO:root:COST >> 0.202 +/- 0.0016, % updates: 24.347%
INFO:root:-- EPOCH 76 (3.275 seconds):
INFO:root:COST >> 0.2023 +/- 0.0018, % updates: 24.336%
INFO:root:-- EPOCH 77 (3.401 seconds):
INFO:root:COST >> 0.202 +/- 0.0015, % updates: 24.323%
INFO:root:-- EPOCH 78 (3.247 seconds):
INFO:root:COST >> 0.2016 +/- 0.0013, % updates: 24.285%
INFO:root:-- EPOCH 79 (3.411 seconds):
INFO:root:COST >> 0.2018 +/- 0.002, % updates: 24.336%
INFO:root:-- EPOCH 80 (3.257 seconds):
INFO:root:COST >> 0.2021 +/- 0.0022, % updates: 24.377%
INFO:root:-- EPOCH 81 (3.37 seconds):
INFO:root:COST >> 0.2024 +/- 0.0017, % updates: 24.407%
INFO:root:-- EPOCH 82 (3.334 seconds):
INFO:root:COST >> 0.2015 +/- 0.0017, % updates: 24.326%
INFO:root:-- EPOCH 83 (3.355 seconds):
INFO:root:COST >> 0.2007 +/- 0.0012, % updates: 24.271%
INFO:root:-- EPOCH 84 (3.398 seconds):
INFO:root:COST >> 0.2007 +/- 0.0015, % updates: 24.264%
INFO:root:-- EPOCH 85 (3.293 seconds):
INFO:root:COST >> 0.2012 +/- 0.0016, % updates: 24.253%
INFO:root:-- EPOCH 86 (3.38 seconds):
INFO:root:COST >> 0.2002 +/- 0.002, % updates: 24.22%
INFO:root:-- EPOCH 87 (3.226 seconds):
INFO:root:COST >> 0.2017 +/- 0.0015, % updates: 24.279%
INFO:root:-- EPOCH 88 (3.32 seconds):
INFO:root:COST >> 0.2019 +/- 0.0021, % updates: 24.367%
INFO:root:-- EPOCH 89 (3.542 seconds):
INFO:root:COST >> 0.2009 +/- 0.0016, % updates: 24.261%
INFO:root:-- EPOCH 90 (3.568 seconds):
INFO:root:COST >> 0.2009 +/- 0.0018, % updates: 24.208%
INFO:root:-- EPOCH 91 (3.368 seconds):
INFO:root:COST >> 0.2008 +/- 0.0011, % updates: 24.246%
INFO:root:-- EPOCH 92 (3.485 seconds):
INFO:root:COST >> 0.202 +/- 0.0014, % updates: 24.332%
INFO:root:-- EPOCH 93 (3.253 seconds):
INFO:root:COST >> 0.2014 +/- 0.0016, % updates: 24.348%
INFO:root:-- EPOCH 94 (3.455 seconds):
INFO:root:COST >> 0.2006 +/- 0.0014, % updates: 24.283%
INFO:root:-- EPOCH 95 (3.251 seconds):
INFO:root:COST >> 0.2006 +/- 0.0014, % updates: 24.274%
INFO:root:-- EPOCH 96 (3.417 seconds):
INFO:root:COST >> 0.2014 +/- 0.0013, % updates: 24.263%
INFO:root:-- EPOCH 97 (3.26 seconds):
INFO:root:COST >> 0.2008 +/- 0.0016, % updates: 24.249%
INFO:root:-- EPOCH 98 (3.378 seconds):
INFO:root:COST >> 0.2001 +/- 0.0019, % updates: 24.182%
INFO:root:-- EPOCH 99 (3.347 seconds):
INFO:root:COST >> 0.2011 +/- 0.0015, % updates: 24.252%
INFO:root:-- EPOCH 100 (3.306 seconds):
INFO:root:COST >> 0.201 +/- 0.0015, % updates: 24.233%
INFO:root:### MICRO (raw valid):
INFO:root:	-- left   >> mean: 362.0233, median: 57.0, hits@10: 25.412%
INFO:root:	-- right  >> mean: 273.08602, median: 32.0, hits@10: 32.948%
INFO:root:	-- global >> mean: 317.55466, median: 43.0, hits@10: 29.18%
INFO:root:### MACRO (raw valid):
INFO:root:	-- left   >> mean: 201.31622, median: 152.65175, hits@10: 44.013%
INFO:root:	-- right  >> mean: 160.06305, median: 112.17576, hits@10: 51.575%
INFO:root:	-- global >> mean: 180.68963, median: 75.0857, hits@10: 47.794%
INFO:root:### MICRO (raw test):
INFO:root:	-- left   >> mean: 361.11307, median: 58.0, hits@10: 25.573%
INFO:root:	-- right  >> mean: 279.10948, median: 34.0, hits@10: 32.706%
INFO:root:	-- global >> mean: 320.11127, median: 44.0, hits@10: 29.14%
INFO:root:### MACRO (raw test):
INFO:root:	-- left   >> mean: 199.42706, median: 146.37201, hits@10: 44.334%
INFO:root:	-- right  >> mean: 203.44561, median: 150.30749, hits@10: 51.903%
INFO:root:	-- global >> mean: 201.43634, median: 89.89126, hits@10: 48.118%
