INFO:root:Shape for training set: (81078, 350517)
INFO:root:State: {'ndim': '20', 'test_all': '100', 'test_path': 'data/fb/FB-test.pkl', 'nhid': '20', 'lremb': '0.1', 'seed': '123', 'simfn': 'L1', 'valid_path': 'data/fb/FB-valid.pkl', 'Nright': '8309', 'nbatches': '10', 'lrparam': '0.1', 'decay': '0.999', 'show_hinton_diagrams': 'False', 'no_rescaling': 'True', 'Nrel': '13', 'ranking_score_right': 'False', 'Nshared': '7785', 'max_lr': 'None', 'Nsyn': '81065', 'method': 'ADAGRAD', 'loss_margin': '10.0', 'C': '1.0', 'epsilon': '1e-06', 'l2_param_weight': 'None', 'use_db': 'False', 'Nent': '81078', 'l1_param_weight': 'None', 'name': 'fb_qualitative/fb_TransE_4', 'totepochs': '100', 'Nleft': '64971', 'train_path': 'data/fb/FB-train.pkl', 'op': 'TransE'}
INFO:root:Starting the Experiment ..
INFO:root:-- EPOCH 1 (4.845 seconds):
INFO:root:COST >> 16.7783 +/- 2.0049, % updates: 100.0%
INFO:root:-- EPOCH 2 (4.609 seconds):
INFO:root:COST >> 10.7054 +/- 1.2027, % updates: 100.0%
INFO:root:-- EPOCH 3 (4.627 seconds):
INFO:root:COST >> 7.5504 +/- 0.5146, % updates: 100.0%
INFO:root:-- EPOCH 4 (5.147 seconds):
INFO:root:COST >> 6.2382 +/- 0.2153, % updates: 100.0%
INFO:root:-- EPOCH 5 (4.778 seconds):
INFO:root:COST >> 5.6512 +/- 0.0998, % updates: 100.0%
INFO:root:-- EPOCH 6 (4.57 seconds):
INFO:root:COST >> 5.3578 +/- 0.0521, % updates: 100.0%
INFO:root:-- EPOCH 7 (5.192 seconds):
INFO:root:COST >> 5.1956 +/- 0.0271, % updates: 100.0%
INFO:root:-- EPOCH 8 (4.217 seconds):
INFO:root:COST >> 5.1162 +/- 0.0176, % updates: 100.0%
INFO:root:-- EPOCH 9 (4.711 seconds):
INFO:root:COST >> 5.0679 +/- 0.018, % updates: 100.0%
INFO:root:-- EPOCH 10 (4.575 seconds):
INFO:root:COST >> 5.0374 +/- 0.0157, % updates: 100.0%
INFO:root:-- EPOCH 11 (4.184 seconds):
INFO:root:COST >> 5.0142 +/- 0.0173, % updates: 100.0%
INFO:root:-- EPOCH 12 (5.086 seconds):
INFO:root:COST >> 4.9861 +/- 0.0131, % updates: 100.0%
INFO:root:-- EPOCH 13 (4.013 seconds):
INFO:root:COST >> 4.9411 +/- 0.0212, % updates: 100.0%
INFO:root:-- EPOCH 14 (4.198 seconds):
INFO:root:COST >> 4.9081 +/- 0.0157, % updates: 100.0%
INFO:root:-- EPOCH 15 (3.837 seconds):
INFO:root:COST >> 4.8849 +/- 0.013, % updates: 100.0%
INFO:root:-- EPOCH 16 (4.478 seconds):
INFO:root:COST >> 4.8698 +/- 0.013, % updates: 100.0%
INFO:root:-- EPOCH 17 (4.162 seconds):
INFO:root:COST >> 4.8585 +/- 0.0175, % updates: 100.0%
INFO:root:-- EPOCH 18 (4.316 seconds):
INFO:root:COST >> 4.8512 +/- 0.015, % updates: 100.0%
INFO:root:-- EPOCH 19 (4.505 seconds):
INFO:root:COST >> 4.845 +/- 0.0159, % updates: 100.0%
INFO:root:-- EPOCH 20 (4.127 seconds):
INFO:root:COST >> 4.8416 +/- 0.0175, % updates: 100.0%
INFO:root:-- EPOCH 21 (4.432 seconds):
INFO:root:COST >> 4.8369 +/- 0.0159, % updates: 100.0%
INFO:root:-- EPOCH 22 (4.91 seconds):
INFO:root:COST >> 4.8344 +/- 0.0133, % updates: 100.0%
INFO:root:-- EPOCH 23 (5.097 seconds):
INFO:root:COST >> 4.8314 +/- 0.0201, % updates: 100.0%
INFO:root:-- EPOCH 24 (4.698 seconds):
INFO:root:COST >> 4.8286 +/- 0.0227, % updates: 100.0%
INFO:root:-- EPOCH 25 (4.652 seconds):
INFO:root:COST >> 4.8274 +/- 0.0173, % updates: 100.0%
INFO:root:-- EPOCH 26 (4.517 seconds):
INFO:root:COST >> 4.8273 +/- 0.0224, % updates: 100.0%
INFO:root:-- EPOCH 27 (4.87 seconds):
INFO:root:COST >> 4.8259 +/- 0.0095, % updates: 100.0%
INFO:root:-- EPOCH 28 (3.89 seconds):
INFO:root:COST >> 4.8241 +/- 0.0155, % updates: 100.0%
INFO:root:-- EPOCH 29 (3.91 seconds):
INFO:root:COST >> 4.8234 +/- 0.0169, % updates: 100.0%
INFO:root:-- EPOCH 30 (3.672 seconds):
INFO:root:COST >> 4.8225 +/- 0.0233, % updates: 100.0%
INFO:root:-- EPOCH 31 (4.115 seconds):
INFO:root:COST >> 4.8218 +/- 0.0142, % updates: 100.0%
INFO:root:-- EPOCH 32 (3.83 seconds):
INFO:root:COST >> 4.8216 +/- 0.0131, % updates: 100.0%
INFO:root:-- EPOCH 33 (3.998 seconds):
INFO:root:COST >> 4.8218 +/- 0.0162, % updates: 100.0%
INFO:root:-- EPOCH 34 (3.779 seconds):
INFO:root:COST >> 4.8197 +/- 0.0214, % updates: 100.0%
INFO:root:-- EPOCH 35 (4.02 seconds):
INFO:root:COST >> 4.8208 +/- 0.0175, % updates: 100.0%
INFO:root:-- EPOCH 36 (3.783 seconds):
INFO:root:COST >> 4.821 +/- 0.0156, % updates: 100.0%
INFO:root:-- EPOCH 37 (3.932 seconds):
INFO:root:COST >> 4.821 +/- 0.0207, % updates: 100.0%
INFO:root:-- EPOCH 38 (3.967 seconds):
INFO:root:COST >> 4.8198 +/- 0.0147, % updates: 100.0%
INFO:root:-- EPOCH 39 (3.814 seconds):
INFO:root:COST >> 4.8189 +/- 0.0145, % updates: 100.0%
INFO:root:-- EPOCH 40 (4.592 seconds):
INFO:root:COST >> 4.8203 +/- 0.0171, % updates: 100.0%
INFO:root:-- EPOCH 41 (3.949 seconds):
INFO:root:COST >> 4.8203 +/- 0.0288, % updates: 100.0%
INFO:root:-- EPOCH 42 (4.763 seconds):
INFO:root:COST >> 4.8199 +/- 0.0147, % updates: 100.0%
INFO:root:-- EPOCH 43 (4.45 seconds):
INFO:root:COST >> 4.8191 +/- 0.0259, % updates: 100.0%
INFO:root:-- EPOCH 44 (4.178 seconds):
INFO:root:COST >> 4.8175 +/- 0.0126, % updates: 100.0%
INFO:root:-- EPOCH 45 (4.747 seconds):
INFO:root:COST >> 4.8182 +/- 0.0185, % updates: 100.0%
INFO:root:-- EPOCH 46 (4.696 seconds):
INFO:root:COST >> 4.819 +/- 0.0163, % updates: 100.0%
INFO:root:-- EPOCH 47 (4.637 seconds):
INFO:root:COST >> 4.8194 +/- 0.0347, % updates: 100.0%
INFO:root:-- EPOCH 48 (4.655 seconds):
INFO:root:COST >> 4.8187 +/- 0.02, % updates: 100.0%
INFO:root:-- EPOCH 49 (4.665 seconds):
INFO:root:COST >> 4.8177 +/- 0.0159, % updates: 100.0%
INFO:root:-- EPOCH 50 (4.129 seconds):
INFO:root:COST >> 4.8187 +/- 0.017, % updates: 100.0%
INFO:root:-- EPOCH 51 (4.259 seconds):
INFO:root:COST >> 4.8188 +/- 0.0157, % updates: 100.0%
INFO:root:-- EPOCH 52 (3.761 seconds):
INFO:root:COST >> 4.8182 +/- 0.024, % updates: 100.0%
INFO:root:-- EPOCH 53 (4.214 seconds):
INFO:root:COST >> 4.818 +/- 0.0133, % updates: 100.0%
INFO:root:-- EPOCH 54 (3.614 seconds):
INFO:root:COST >> 4.8178 +/- 0.014, % updates: 100.0%
INFO:root:-- EPOCH 55 (4.162 seconds):
INFO:root:COST >> 4.8167 +/- 0.0137, % updates: 100.0%
INFO:root:-- EPOCH 56 (4.389 seconds):
INFO:root:COST >> 4.8171 +/- 0.0149, % updates: 100.0%
INFO:root:-- EPOCH 57 (4.35 seconds):
INFO:root:COST >> 4.8179 +/- 0.022, % updates: 100.0%
INFO:root:-- EPOCH 58 (4.715 seconds):
INFO:root:COST >> 4.8173 +/- 0.0252, % updates: 100.0%
INFO:root:-- EPOCH 59 (4.77 seconds):
INFO:root:COST >> 4.8189 +/- 0.0124, % updates: 100.0%
INFO:root:-- EPOCH 60 (4.668 seconds):
INFO:root:COST >> 4.8168 +/- 0.0189, % updates: 100.0%
INFO:root:-- EPOCH 61 (3.821 seconds):
INFO:root:COST >> 4.8188 +/- 0.0176, % updates: 100.0%
INFO:root:-- EPOCH 62 (3.551 seconds):
INFO:root:COST >> 4.8161 +/- 0.0146, % updates: 100.0%
INFO:root:-- EPOCH 63 (3.854 seconds):
INFO:root:COST >> 4.8165 +/- 0.0183, % updates: 100.0%
INFO:root:-- EPOCH 64 (3.562 seconds):
INFO:root:COST >> 4.8176 +/- 0.0187, % updates: 100.0%
INFO:root:-- EPOCH 65 (3.855 seconds):
INFO:root:COST >> 4.8156 +/- 0.0133, % updates: 100.0%
INFO:root:-- EPOCH 66 (3.88 seconds):
INFO:root:COST >> 4.8154 +/- 0.0172, % updates: 100.0%
INFO:root:-- EPOCH 67 (3.682 seconds):
INFO:root:COST >> 4.8146 +/- 0.0129, % updates: 100.0%
INFO:root:-- EPOCH 68 (4.093 seconds):
INFO:root:COST >> 4.8155 +/- 0.0229, % updates: 100.0%
INFO:root:-- EPOCH 69 (4.598 seconds):
INFO:root:COST >> 4.815 +/- 0.0214, % updates: 100.0%
INFO:root:-- EPOCH 70 (4.319 seconds):
INFO:root:COST >> 4.816 +/- 0.0201, % updates: 100.0%
INFO:root:-- EPOCH 71 (4.572 seconds):
INFO:root:COST >> 4.8132 +/- 0.0149, % updates: 100.0%
INFO:root:-- EPOCH 72 (4.589 seconds):
INFO:root:COST >> 4.8128 +/- 0.0132, % updates: 100.0%
INFO:root:-- EPOCH 73 (4.683 seconds):
INFO:root:COST >> 4.813 +/- 0.0127, % updates: 100.0%
INFO:root:-- EPOCH 74 (4.718 seconds):
INFO:root:COST >> 4.8117 +/- 0.0112, % updates: 100.0%
INFO:root:-- EPOCH 75 (4.813 seconds):
INFO:root:COST >> 4.8112 +/- 0.0093, % updates: 100.0%
INFO:root:-- EPOCH 76 (4.716 seconds):
INFO:root:COST >> 4.8124 +/- 0.0113, % updates: 100.0%
INFO:root:-- EPOCH 77 (4.67 seconds):
INFO:root:COST >> 4.8112 +/- 0.013, % updates: 100.0%
INFO:root:-- EPOCH 78 (4.4 seconds):
INFO:root:COST >> 4.8125 +/- 0.009, % updates: 100.0%
INFO:root:-- EPOCH 79 (5.206 seconds):
INFO:root:COST >> 4.8086 +/- 0.0139, % updates: 100.0%
INFO:root:-- EPOCH 80 (4.219 seconds):
INFO:root:COST >> 4.8073 +/- 0.0157, % updates: 100.0%
INFO:root:-- EPOCH 81 (4.732 seconds):
INFO:root:COST >> 4.8094 +/- 0.0148, % updates: 100.0%
INFO:root:-- EPOCH 82 (4.529 seconds):
INFO:root:COST >> 4.8084 +/- 0.0233, % updates: 100.0%
INFO:root:-- EPOCH 83 (4.706 seconds):
INFO:root:COST >> 4.8098 +/- 0.0187, % updates: 100.0%
INFO:root:-- EPOCH 84 (4.803 seconds):
INFO:root:COST >> 4.8081 +/- 0.0208, % updates: 100.0%
INFO:root:-- EPOCH 85 (4.346 seconds):
INFO:root:COST >> 4.8088 +/- 0.0128, % updates: 100.0%
INFO:root:-- EPOCH 86 (3.775 seconds):
INFO:root:COST >> 4.8075 +/- 0.019, % updates: 100.0%
INFO:root:-- EPOCH 87 (4.661 seconds):
INFO:root:COST >> 4.8075 +/- 0.0178, % updates: 100.0%
INFO:root:-- EPOCH 88 (4.646 seconds):
INFO:root:COST >> 4.8098 +/- 0.0215, % updates: 100.0%
INFO:root:-- EPOCH 89 (4.582 seconds):
INFO:root:COST >> 4.8084 +/- 0.0104, % updates: 100.0%
INFO:root:-- EPOCH 90 (4.745 seconds):
INFO:root:COST >> 4.8079 +/- 0.0202, % updates: 100.0%
INFO:root:-- EPOCH 91 (4.631 seconds):
INFO:root:COST >> 4.8096 +/- 0.0344, % updates: 100.0%
INFO:root:-- EPOCH 92 (4.651 seconds):
INFO:root:COST >> 4.8085 +/- 0.0216, % updates: 100.0%
INFO:root:-- EPOCH 93 (4.459 seconds):
INFO:root:COST >> 4.8092 +/- 0.02, % updates: 100.0%
INFO:root:-- EPOCH 94 (4.527 seconds):
INFO:root:COST >> 4.808 +/- 0.0236, % updates: 100.0%
INFO:root:-- EPOCH 95 (4.338 seconds):
INFO:root:COST >> 4.81 +/- 0.0117, % updates: 100.0%
INFO:root:-- EPOCH 96 (4.639 seconds):
INFO:root:COST >> 4.8075 +/- 0.0143, % updates: 100.0%
INFO:root:-- EPOCH 97 (5.001 seconds):
INFO:root:COST >> 4.8094 +/- 0.0211, % updates: 100.0%
INFO:root:-- EPOCH 98 (5.594 seconds):
INFO:root:COST >> 4.8093 +/- 0.0148, % updates: 100.0%
INFO:root:-- EPOCH 99 (5.657 seconds):
INFO:root:COST >> 4.8063 +/- 0.0271, % updates: 100.0%
INFO:root:-- EPOCH 100 (5.422 seconds):
INFO:root:COST >> 4.807 +/- 0.0238, % updates: 100.0%
INFO:root:### MICRO (raw valid):
INFO:root:	-- left   >> mean: 44025.914, median: 47970.5, hits@10: 0.02%
INFO:root:	-- right  >> mean: 3082.0766, median: 1672.5, hits@10: 1.44%
INFO:root:	-- global >> mean: 23553.9953, median: 9006.5, hits@10: 0.73%
INFO:root:### MACRO (raw valid):
INFO:root:	-- left   >> mean: 46555.68824, median: 46306.11538, hits@10: 0.012%
INFO:root:	-- right  >> mean: 2714.23639, median: 2546.19231, hits@10: 7.169%
INFO:root:	-- global >> mean: 24634.96232, median: 8191.57692, hits@10: 3.591%
INFO:root:### MICRO (raw test):
INFO:root:	-- left   >> mean: 44826.0354, median: 49831.5, hits@10: 0.02%
INFO:root:	-- right  >> mean: 3194.218, median: 1781.0, hits@10: 1.46%
INFO:root:	-- global >> mean: 24010.1267, median: 9252.5, hits@10: 0.74%
INFO:root:### MACRO (raw test):
INFO:root:	-- left   >> mean: 45742.85439, median: 47314.19231, hits@10: 0.02%
INFO:root:	-- right  >> mean: 2683.42873, median: 2528.03846, hits@10: 6.33%
INFO:root:	-- global >> mean: 24213.14156, median: 6708.5, hits@10: 3.175%
