INFO:root:Shape for training set: (81078, 350517)
INFO:root:State: {'ndim': '20', 'test_all': '100', 'test_path': 'data/fb/FB-test.pkl', 'nhid': '20', 'lremb': '0.1', 'seed': '123', 'simfn': 'L2', 'valid_path': 'data/fb/FB-valid.pkl', 'Nright': '8309', 'nbatches': '10', 'lrparam': '0.1', 'decay': '0.999', 'show_hinton_diagrams': 'False', 'no_rescaling': 'True', 'Nrel': '13', 'ranking_score_right': 'False', 'Nshared': '7785', 'max_lr': 'None', 'Nsyn': '81065', 'method': 'ADAGRAD', 'loss_margin': '10.0', 'C': '1.0', 'epsilon': '1e-06', 'l2_param_weight': 'None', 'use_db': 'False', 'Nent': '81078', 'l1_param_weight': 'None', 'name': 'fb_qualitative/fb_TransE_10', 'totepochs': '100', 'Nleft': '64971', 'train_path': 'data/fb/FB-train.pkl', 'op': 'TransE'}
INFO:root:Starting the Experiment ..
INFO:root:-- EPOCH 1 (3.309 seconds):
INFO:root:COST >> 19.1611 +/- 0.5146, % updates: 100.0%
INFO:root:-- EPOCH 2 (3.54 seconds):
INFO:root:COST >> 17.6121 +/- 0.2937, % updates: 100.0%
INFO:root:-- EPOCH 3 (3.669 seconds):
INFO:root:COST >> 16.9019 +/- 0.1001, % updates: 100.0%
INFO:root:-- EPOCH 4 (3.404 seconds):
INFO:root:COST >> 16.6696 +/- 0.0321, % updates: 100.0%
INFO:root:-- EPOCH 5 (3.239 seconds):
INFO:root:COST >> 16.5909 +/- 0.0116, % updates: 100.0%
INFO:root:-- EPOCH 6 (3.601 seconds):
INFO:root:COST >> 16.5586 +/- 0.005, % updates: 100.0%
INFO:root:-- EPOCH 7 (3.618 seconds):
INFO:root:COST >> 16.5419 +/- 0.004, % updates: 100.0%
INFO:root:-- EPOCH 8 (3.17 seconds):
INFO:root:COST >> 16.5314 +/- 0.0041, % updates: 100.0%
INFO:root:-- EPOCH 9 (3.21 seconds):
INFO:root:COST >> 16.5235 +/- 0.0044, % updates: 100.0%
INFO:root:-- EPOCH 10 (3.161 seconds):
INFO:root:COST >> 16.5171 +/- 0.0039, % updates: 100.0%
INFO:root:-- EPOCH 11 (3.284 seconds):
INFO:root:COST >> 16.5119 +/- 0.004, % updates: 100.0%
INFO:root:-- EPOCH 12 (3.52 seconds):
INFO:root:COST >> 16.5069 +/- 0.0027, % updates: 100.0%
INFO:root:-- EPOCH 13 (3.337 seconds):
INFO:root:COST >> 16.5027 +/- 0.005, % updates: 100.0%
INFO:root:-- EPOCH 14 (3.361 seconds):
INFO:root:COST >> 16.4995 +/- 0.0037, % updates: 100.0%
INFO:root:-- EPOCH 15 (3.679 seconds):
INFO:root:COST >> 16.4968 +/- 0.003, % updates: 100.0%
INFO:root:-- EPOCH 16 (3.379 seconds):
INFO:root:COST >> 16.495 +/- 0.0033, % updates: 100.0%
INFO:root:-- EPOCH 17 (3.215 seconds):
INFO:root:COST >> 16.4935 +/- 0.0036, % updates: 100.0%
INFO:root:-- EPOCH 18 (3.207 seconds):
INFO:root:COST >> 16.4925 +/- 0.0035, % updates: 100.0%
INFO:root:-- EPOCH 19 (3.148 seconds):
INFO:root:COST >> 16.4916 +/- 0.0034, % updates: 100.0%
INFO:root:-- EPOCH 20 (3.189 seconds):
INFO:root:COST >> 16.4912 +/- 0.004, % updates: 100.0%
INFO:root:-- EPOCH 21 (3.192 seconds):
INFO:root:COST >> 16.4904 +/- 0.0038, % updates: 100.0%
INFO:root:-- EPOCH 22 (3.167 seconds):
INFO:root:COST >> 16.4899 +/- 0.0035, % updates: 100.0%
INFO:root:-- EPOCH 23 (3.201 seconds):
INFO:root:COST >> 16.4895 +/- 0.0045, % updates: 100.0%
INFO:root:-- EPOCH 24 (3.186 seconds):
INFO:root:COST >> 16.4888 +/- 0.0053, % updates: 100.0%
INFO:root:-- EPOCH 25 (3.178 seconds):
INFO:root:COST >> 16.4887 +/- 0.0038, % updates: 100.0%
INFO:root:-- EPOCH 26 (3.239 seconds):
INFO:root:COST >> 16.4887 +/- 0.0053, % updates: 100.0%
INFO:root:-- EPOCH 27 (3.318 seconds):
INFO:root:COST >> 16.4883 +/- 0.0023, % updates: 100.0%
INFO:root:-- EPOCH 28 (3.238 seconds):
INFO:root:COST >> 16.4877 +/- 0.004, % updates: 100.0%
INFO:root:-- EPOCH 29 (3.066 seconds):
INFO:root:COST >> 16.4876 +/- 0.0037, % updates: 100.0%
INFO:root:-- EPOCH 30 (3.207 seconds):
INFO:root:COST >> 16.4872 +/- 0.0053, % updates: 100.0%
INFO:root:-- EPOCH 31 (3.071 seconds):
INFO:root:COST >> 16.487 +/- 0.0035, % updates: 100.0%
INFO:root:-- EPOCH 32 (3.194 seconds):
INFO:root:COST >> 16.487 +/- 0.0031, % updates: 100.0%
INFO:root:-- EPOCH 33 (3.185 seconds):
INFO:root:COST >> 16.4869 +/- 0.0038, % updates: 100.0%
INFO:root:-- EPOCH 34 (3.207 seconds):
INFO:root:COST >> 16.4866 +/- 0.0051, % updates: 100.0%
INFO:root:-- EPOCH 35 (3.015 seconds):
INFO:root:COST >> 16.4864 +/- 0.0037, % updates: 100.0%
INFO:root:-- EPOCH 36 (3.146 seconds):
INFO:root:COST >> 16.4864 +/- 0.0033, % updates: 100.0%
INFO:root:-- EPOCH 37 (3.176 seconds):
INFO:root:COST >> 16.4864 +/- 0.005, % updates: 100.0%
INFO:root:-- EPOCH 38 (3.319 seconds):
INFO:root:COST >> 16.486 +/- 0.0032, % updates: 100.0%
INFO:root:-- EPOCH 39 (3.277 seconds):
INFO:root:COST >> 16.4856 +/- 0.0034, % updates: 100.0%
INFO:root:-- EPOCH 40 (3.223 seconds):
INFO:root:COST >> 16.4859 +/- 0.0042, % updates: 100.0%
INFO:root:-- EPOCH 41 (3.291 seconds):
INFO:root:COST >> 16.4858 +/- 0.0068, % updates: 100.0%
INFO:root:-- EPOCH 42 (3.274 seconds):
INFO:root:COST >> 16.4855 +/- 0.0038, % updates: 100.0%
INFO:root:-- EPOCH 43 (3.317 seconds):
INFO:root:COST >> 16.4853 +/- 0.0059, % updates: 100.0%
INFO:root:-- EPOCH 44 (3.291 seconds):
INFO:root:COST >> 16.4849 +/- 0.0026, % updates: 100.0%
INFO:root:-- EPOCH 45 (3.312 seconds):
INFO:root:COST >> 16.4849 +/- 0.0041, % updates: 100.0%
INFO:root:-- EPOCH 46 (3.535 seconds):
INFO:root:COST >> 16.485 +/- 0.004, % updates: 100.0%
INFO:root:-- EPOCH 47 (3.573 seconds):
INFO:root:COST >> 16.4851 +/- 0.008, % updates: 100.0%
INFO:root:-- EPOCH 48 (3.621 seconds):
INFO:root:COST >> 16.4848 +/- 0.0047, % updates: 100.0%
INFO:root:-- EPOCH 49 (3.528 seconds):
INFO:root:COST >> 16.4847 +/- 0.0034, % updates: 100.0%
INFO:root:-- EPOCH 50 (3.274 seconds):
INFO:root:COST >> 16.4847 +/- 0.0039, % updates: 100.0%
INFO:root:-- EPOCH 51 (3.238 seconds):
INFO:root:COST >> 16.4846 +/- 0.0037, % updates: 100.0%
INFO:root:-- EPOCH 52 (3.316 seconds):
INFO:root:COST >> 16.4844 +/- 0.0054, % updates: 100.0%
INFO:root:-- EPOCH 53 (3.356 seconds):
INFO:root:COST >> 16.4845 +/- 0.0037, % updates: 100.0%
INFO:root:-- EPOCH 54 (3.286 seconds):
INFO:root:COST >> 16.4843 +/- 0.0034, % updates: 100.0%
INFO:root:-- EPOCH 55 (3.283 seconds):
INFO:root:COST >> 16.484 +/- 0.0033, % updates: 100.0%
INFO:root:-- EPOCH 56 (3.003 seconds):
INFO:root:COST >> 16.4841 +/- 0.0037, % updates: 100.0%
INFO:root:-- EPOCH 57 (3.239 seconds):
INFO:root:COST >> 16.4844 +/- 0.0049, % updates: 100.0%
INFO:root:-- EPOCH 58 (3.666 seconds):
INFO:root:COST >> 16.4841 +/- 0.0056, % updates: 100.0%
INFO:root:-- EPOCH 59 (3.638 seconds):
INFO:root:COST >> 16.4844 +/- 0.0028, % updates: 100.0%
INFO:root:-- EPOCH 60 (3.776 seconds):
INFO:root:COST >> 16.4839 +/- 0.0044, % updates: 100.0%
INFO:root:-- EPOCH 61 (3.618 seconds):
INFO:root:COST >> 16.4843 +/- 0.0042, % updates: 100.0%
INFO:root:-- EPOCH 62 (3.786 seconds):
INFO:root:COST >> 16.4836 +/- 0.0033, % updates: 100.0%
INFO:root:-- EPOCH 63 (3.663 seconds):
INFO:root:COST >> 16.4839 +/- 0.0041, % updates: 100.0%
INFO:root:-- EPOCH 64 (3.538 seconds):
INFO:root:COST >> 16.4839 +/- 0.0041, % updates: 100.0%
INFO:root:-- EPOCH 65 (3.66 seconds):
INFO:root:COST >> 16.4837 +/- 0.0033, % updates: 100.0%
INFO:root:-- EPOCH 66 (3.623 seconds):
INFO:root:COST >> 16.4837 +/- 0.0041, % updates: 100.0%
INFO:root:-- EPOCH 67 (3.612 seconds):
INFO:root:COST >> 16.4834 +/- 0.0032, % updates: 100.0%
INFO:root:-- EPOCH 68 (3.79 seconds):
INFO:root:COST >> 16.4838 +/- 0.0052, % updates: 100.0%
INFO:root:-- EPOCH 69 (3.571 seconds):
INFO:root:COST >> 16.4837 +/- 0.0052, % updates: 100.0%
INFO:root:-- EPOCH 70 (3.582 seconds):
INFO:root:COST >> 16.4838 +/- 0.0051, % updates: 100.0%
INFO:root:-- EPOCH 71 (3.712 seconds):
INFO:root:COST >> 16.4833 +/- 0.0037, % updates: 100.0%
INFO:root:-- EPOCH 72 (3.441 seconds):
INFO:root:COST >> 16.4835 +/- 0.003, % updates: 100.0%
INFO:root:-- EPOCH 73 (3.8 seconds):
INFO:root:COST >> 16.4835 +/- 0.0032, % updates: 100.0%
INFO:root:-- EPOCH 74 (3.436 seconds):
INFO:root:COST >> 16.4834 +/- 0.0028, % updates: 100.0%
INFO:root:-- EPOCH 75 (3.61 seconds):
INFO:root:COST >> 16.4833 +/- 0.0022, % updates: 100.0%
INFO:root:-- EPOCH 76 (3.668 seconds):
INFO:root:COST >> 16.4836 +/- 0.0024, % updates: 100.0%
INFO:root:-- EPOCH 77 (3.593 seconds):
INFO:root:COST >> 16.4834 +/- 0.0028, % updates: 100.0%
INFO:root:-- EPOCH 78 (3.958 seconds):
INFO:root:COST >> 16.4838 +/- 0.0021, % updates: 100.0%
INFO:root:-- EPOCH 79 (3.582 seconds):
INFO:root:COST >> 16.483 +/- 0.0032, % updates: 100.0%
INFO:root:-- EPOCH 80 (3.589 seconds):
INFO:root:COST >> 16.4827 +/- 0.004, % updates: 100.0%
INFO:root:-- EPOCH 81 (3.804 seconds):
INFO:root:COST >> 16.4834 +/- 0.0033, % updates: 100.0%
INFO:root:-- EPOCH 82 (3.7 seconds):
INFO:root:COST >> 16.4831 +/- 0.0055, % updates: 100.0%
INFO:root:-- EPOCH 83 (3.734 seconds):
INFO:root:COST >> 16.4835 +/- 0.0042, % updates: 100.0%
INFO:root:-- EPOCH 84 (3.697 seconds):
INFO:root:COST >> 16.4832 +/- 0.0049, % updates: 100.0%
INFO:root:-- EPOCH 85 (3.62 seconds):
INFO:root:COST >> 16.4833 +/- 0.0029, % updates: 100.0%
INFO:root:-- EPOCH 86 (3.629 seconds):
INFO:root:COST >> 16.483 +/- 0.0043, % updates: 100.0%
INFO:root:-- EPOCH 87 (3.677 seconds):
INFO:root:COST >> 16.4831 +/- 0.0039, % updates: 100.0%
INFO:root:-- EPOCH 88 (3.644 seconds):
INFO:root:COST >> 16.4835 +/- 0.0047, % updates: 100.0%
INFO:root:-- EPOCH 89 (3.766 seconds):
INFO:root:COST >> 16.4832 +/- 0.0026, % updates: 100.0%
INFO:root:-- EPOCH 90 (3.56 seconds):
INFO:root:COST >> 16.4831 +/- 0.005, % updates: 100.0%
INFO:root:-- EPOCH 91 (3.814 seconds):
INFO:root:COST >> 16.4835 +/- 0.0079, % updates: 100.0%
INFO:root:-- EPOCH 92 (3.577 seconds):
INFO:root:COST >> 16.4833 +/- 0.0049, % updates: 100.0%
INFO:root:-- EPOCH 93 (3.848 seconds):
INFO:root:COST >> 16.4835 +/- 0.0046, % updates: 100.0%
INFO:root:-- EPOCH 94 (3.401 seconds):
INFO:root:COST >> 16.483 +/- 0.0054, % updates: 100.0%
INFO:root:-- EPOCH 95 (3.408 seconds):
INFO:root:COST >> 16.4836 +/- 0.0028, % updates: 100.0%
INFO:root:-- EPOCH 96 (3.626 seconds):
INFO:root:COST >> 16.4829 +/- 0.003, % updates: 100.0%
INFO:root:-- EPOCH 97 (3.617 seconds):
INFO:root:COST >> 16.4833 +/- 0.0049, % updates: 100.0%
INFO:root:-- EPOCH 98 (3.468 seconds):
INFO:root:COST >> 16.4835 +/- 0.0038, % updates: 100.0%
INFO:root:-- EPOCH 99 (3.656 seconds):
INFO:root:COST >> 16.4828 +/- 0.0065, % updates: 100.0%
INFO:root:-- EPOCH 100 (3.615 seconds):
INFO:root:COST >> 16.483 +/- 0.0056, % updates: 100.0%
INFO:root:### MICRO (raw valid):
INFO:root:	-- left   >> mean: 42567.5962, median: 45677.5, hits@10: 0.04%
INFO:root:	-- right  >> mean: 7251.7076, median: 7317.5, hits@10: 0.22%
INFO:root:	-- global >> mean: 24909.6519, median: 12268.0, hits@10: 0.13%
INFO:root:### MACRO (raw valid):
INFO:root:	-- left   >> mean: 47390.92503, median: 47921.84615, hits@10: 0.036%
INFO:root:	-- right  >> mean: 7951.34284, median: 8808.03846, hits@10: 0.191%
INFO:root:	-- global >> mean: 27671.13393, median: 14209.19231, hits@10: 0.114%
INFO:root:### MICRO (raw test):
INFO:root:	-- left   >> mean: 43032.147, median: 46651.5, hits@10: 0.08%
INFO:root:	-- right  >> mean: 7370.4514, median: 7421.0, hits@10: 0.46%
INFO:root:	-- global >> mean: 25201.2992, median: 12274.0, hits@10: 0.27%
INFO:root:### MACRO (raw test):
INFO:root:	-- left   >> mean: 45074.44497, median: 46739.38462, hits@10: 0.064%
INFO:root:	-- right  >> mean: 7909.01982, median: 8594.15385, hits@10: 2.985%
INFO:root:	-- global >> mean: 26491.73239, median: 12570.34615, hits@10: 1.525%
