INFO:root:Shape for training set: (81078, 350517)
INFO:root:State: {'ndim': '50', 'test_all': '100', 'test_path': 'data/fb/FB-test.pkl', 'nhid': '50', 'lremb': '0.1', 'seed': '123', 'simfn': 'L1', 'valid_path': 'data/fb/FB-valid.pkl', 'Nright': '8309', 'nbatches': '10', 'lrparam': '0.1', 'decay': '0.999', 'show_hinton_diagrams': 'False', 'no_rescaling': 'True', 'Nrel': '13', 'ranking_score_right': 'False', 'Nshared': '7785', 'max_lr': 'None', 'Nsyn': '81065', 'method': 'ADAGRAD', 'loss_margin': '2.0', 'C': '1.0', 'epsilon': '1e-06', 'l2_param_weight': 'None', 'use_db': 'False', 'Nent': '81078', 'l1_param_weight': 'None', 'name': 'fb_qualitative/fb_TransE_3', 'totepochs': '100', 'Nleft': '64971', 'train_path': 'data/fb/FB-train.pkl', 'op': 'TransE'}
INFO:root:Starting the Experiment ..
INFO:root:-- EPOCH 1 (7.048 seconds):
INFO:root:COST >> 1.2453 +/- 1.2268, % updates: 39.381%
INFO:root:-- EPOCH 2 (7.437 seconds):
INFO:root:COST >> 0.1578 +/- 0.0088, % updates: 7.347%
INFO:root:-- EPOCH 3 (8.555 seconds):
INFO:root:COST >> 0.1114 +/- 0.002, % updates: 5.32%
INFO:root:-- EPOCH 4 (8.4 seconds):
INFO:root:COST >> 0.092 +/- 0.0021, % updates: 4.368%
INFO:root:-- EPOCH 5 (8.098 seconds):
INFO:root:COST >> 0.081 +/- 0.0025, % updates: 3.84%
INFO:root:-- EPOCH 6 (7.973 seconds):
INFO:root:COST >> 0.0727 +/- 0.0018, % updates: 3.474%
INFO:root:-- EPOCH 7 (8.66 seconds):
INFO:root:COST >> 0.069 +/- 0.0017, % updates: 3.192%
INFO:root:-- EPOCH 8 (8.703 seconds):
INFO:root:COST >> 0.0637 +/- 0.0017, % updates: 3.01%
INFO:root:-- EPOCH 9 (8.161 seconds):
INFO:root:COST >> 0.0603 +/- 0.0022, % updates: 2.819%
INFO:root:-- EPOCH 10 (7.544 seconds):
INFO:root:COST >> 0.0583 +/- 0.0022, % updates: 2.716%
INFO:root:-- EPOCH 11 (7.498 seconds):
INFO:root:COST >> 0.0555 +/- 0.002, % updates: 2.601%
INFO:root:-- EPOCH 12 (7.519 seconds):
INFO:root:COST >> 0.053 +/- 0.0016, % updates: 2.527%
INFO:root:-- EPOCH 13 (6.976 seconds):
INFO:root:COST >> 0.0513 +/- 0.0013, % updates: 2.429%
INFO:root:-- EPOCH 14 (8.086 seconds):
INFO:root:COST >> 0.0497 +/- 0.0015, % updates: 2.359%
INFO:root:-- EPOCH 15 (7.85 seconds):
INFO:root:COST >> 0.0484 +/- 0.0019, % updates: 2.303%
INFO:root:-- EPOCH 16 (6.421 seconds):
INFO:root:COST >> 0.0461 +/- 0.0015, % updates: 2.22%
INFO:root:-- EPOCH 17 (7.805 seconds):
INFO:root:COST >> 0.0464 +/- 0.0015, % updates: 2.206%
INFO:root:-- EPOCH 18 (7.583 seconds):
INFO:root:COST >> 0.0444 +/- 0.0018, % updates: 2.144%
INFO:root:-- EPOCH 19 (7.447 seconds):
INFO:root:COST >> 0.0439 +/- 0.0018, % updates: 2.126%
INFO:root:-- EPOCH 20 (8.228 seconds):
INFO:root:COST >> 0.0423 +/- 0.0018, % updates: 2.084%
INFO:root:-- EPOCH 21 (7.701 seconds):
INFO:root:COST >> 0.0414 +/- 0.0012, % updates: 2.029%
INFO:root:-- EPOCH 22 (7.507 seconds):
INFO:root:COST >> 0.0407 +/- 0.0019, % updates: 1.99%
INFO:root:-- EPOCH 23 (7.986 seconds):
INFO:root:COST >> 0.0397 +/- 0.0016, % updates: 1.985%
INFO:root:-- EPOCH 24 (7.414 seconds):
INFO:root:COST >> 0.0388 +/- 0.0017, % updates: 1.942%
INFO:root:-- EPOCH 25 (8.072 seconds):
INFO:root:COST >> 0.0378 +/- 0.0012, % updates: 1.894%
INFO:root:-- EPOCH 26 (7.295 seconds):
INFO:root:COST >> 0.0374 +/- 0.0012, % updates: 1.871%
INFO:root:-- EPOCH 27 (7.728 seconds):
INFO:root:COST >> 0.0364 +/- 0.0014, % updates: 1.839%
INFO:root:-- EPOCH 28 (8.728 seconds):
INFO:root:COST >> 0.0356 +/- 0.0013, % updates: 1.819%
INFO:root:-- EPOCH 29 (7.83 seconds):
INFO:root:COST >> 0.0357 +/- 0.001, % updates: 1.817%
INFO:root:-- EPOCH 30 (8.381 seconds):
INFO:root:COST >> 0.0354 +/- 0.0013, % updates: 1.774%
INFO:root:-- EPOCH 31 (8.58 seconds):
INFO:root:COST >> 0.034 +/- 0.0014, % updates: 1.757%
INFO:root:-- EPOCH 32 (8.871 seconds):
INFO:root:COST >> 0.0337 +/- 0.0019, % updates: 1.728%
INFO:root:-- EPOCH 33 (7.9 seconds):
INFO:root:COST >> 0.0332 +/- 0.0017, % updates: 1.715%
INFO:root:-- EPOCH 34 (7.236 seconds):
INFO:root:COST >> 0.0328 +/- 0.0016, % updates: 1.701%
INFO:root:-- EPOCH 35 (7.578 seconds):
INFO:root:COST >> 0.0334 +/- 0.0011, % updates: 1.697%
INFO:root:-- EPOCH 36 (8.912 seconds):
INFO:root:COST >> 0.0326 +/- 0.0015, % updates: 1.652%
INFO:root:-- EPOCH 37 (8.959 seconds):
INFO:root:COST >> 0.0315 +/- 0.0015, % updates: 1.628%
INFO:root:-- EPOCH 38 (9.174 seconds):
INFO:root:COST >> 0.0309 +/- 0.0015, % updates: 1.62%
INFO:root:-- EPOCH 39 (9.185 seconds):
INFO:root:COST >> 0.0311 +/- 0.001, % updates: 1.613%
INFO:root:-- EPOCH 40 (7.011 seconds):
INFO:root:COST >> 0.03 +/- 0.0009, % updates: 1.564%
INFO:root:-- EPOCH 41 (7.383 seconds):
INFO:root:COST >> 0.0299 +/- 0.0006, % updates: 1.571%
INFO:root:-- EPOCH 42 (7.413 seconds):
INFO:root:COST >> 0.0295 +/- 0.0011, % updates: 1.536%
INFO:root:-- EPOCH 43 (8.173 seconds):
INFO:root:COST >> 0.0295 +/- 0.0013, % updates: 1.542%
INFO:root:-- EPOCH 44 (8.884 seconds):
INFO:root:COST >> 0.0288 +/- 0.0012, % updates: 1.515%
INFO:root:-- EPOCH 45 (7.141 seconds):
INFO:root:COST >> 0.0286 +/- 0.0007, % updates: 1.499%
INFO:root:-- EPOCH 46 (7.452 seconds):
INFO:root:COST >> 0.0289 +/- 0.0013, % updates: 1.52%
INFO:root:-- EPOCH 47 (7.343 seconds):
INFO:root:COST >> 0.0285 +/- 0.0013, % updates: 1.495%
INFO:root:-- EPOCH 48 (8.881 seconds):
INFO:root:COST >> 0.0278 +/- 0.0009, % updates: 1.467%
INFO:root:-- EPOCH 49 (9.193 seconds):
INFO:root:COST >> 0.0281 +/- 0.0011, % updates: 1.478%
INFO:root:-- EPOCH 50 (9.24 seconds):
INFO:root:COST >> 0.0274 +/- 0.0012, % updates: 1.472%
INFO:root:-- EPOCH 51 (8.873 seconds):
INFO:root:COST >> 0.0274 +/- 0.0009, % updates: 1.445%
INFO:root:-- EPOCH 52 (7.753 seconds):
INFO:root:COST >> 0.0273 +/- 0.0014, % updates: 1.444%
INFO:root:-- EPOCH 53 (8.17 seconds):
INFO:root:COST >> 0.0272 +/- 0.0013, % updates: 1.432%
INFO:root:-- EPOCH 54 (9.321 seconds):
INFO:root:COST >> 0.0265 +/- 0.001, % updates: 1.404%
INFO:root:-- EPOCH 55 (8.786 seconds):
INFO:root:COST >> 0.0266 +/- 0.0016, % updates: 1.388%
INFO:root:-- EPOCH 56 (7.911 seconds):
INFO:root:COST >> 0.0261 +/- 0.0012, % updates: 1.383%
INFO:root:-- EPOCH 57 (7.436 seconds):
INFO:root:COST >> 0.0261 +/- 0.001, % updates: 1.386%
INFO:root:-- EPOCH 58 (7.804 seconds):
INFO:root:COST >> 0.0259 +/- 0.001, % updates: 1.369%
INFO:root:-- EPOCH 59 (6.952 seconds):
INFO:root:COST >> 0.0254 +/- 0.0008, % updates: 1.358%
INFO:root:-- EPOCH 60 (8.077 seconds):
INFO:root:COST >> 0.0249 +/- 0.0012, % updates: 1.334%
INFO:root:-- EPOCH 61 (8.371 seconds):
INFO:root:COST >> 0.0256 +/- 0.0009, % updates: 1.357%
INFO:root:-- EPOCH 62 (8.353 seconds):
INFO:root:COST >> 0.025 +/- 0.0012, % updates: 1.325%
INFO:root:-- EPOCH 63 (9.034 seconds):
INFO:root:COST >> 0.0251 +/- 0.0011, % updates: 1.311%
INFO:root:-- EPOCH 64 (6.969 seconds):
INFO:root:COST >> 0.0247 +/- 0.0013, % updates: 1.305%
INFO:root:-- EPOCH 65 (6.882 seconds):
INFO:root:COST >> 0.0251 +/- 0.0009, % updates: 1.312%
INFO:root:-- EPOCH 66 (8.192 seconds):
INFO:root:COST >> 0.0244 +/- 0.0008, % updates: 1.295%
INFO:root:-- EPOCH 67 (7.617 seconds):
INFO:root:COST >> 0.0246 +/- 0.0013, % updates: 1.286%
INFO:root:-- EPOCH 68 (8.616 seconds):
INFO:root:COST >> 0.0241 +/- 0.0009, % updates: 1.28%
INFO:root:-- EPOCH 69 (7.473 seconds):
INFO:root:COST >> 0.0242 +/- 0.0013, % updates: 1.273%
INFO:root:-- EPOCH 70 (8.668 seconds):
INFO:root:COST >> 0.0246 +/- 0.0011, % updates: 1.27%
INFO:root:-- EPOCH 71 (15.79 seconds):
INFO:root:COST >> 0.0238 +/- 0.0013, % updates: 1.247%
INFO:root:-- EPOCH 72 (11.62 seconds):
INFO:root:COST >> 0.0246 +/- 0.0012, % updates: 1.278%
INFO:root:-- EPOCH 73 (9.023 seconds):
INFO:root:COST >> 0.0235 +/- 0.0009, % updates: 1.226%
INFO:root:-- EPOCH 74 (10.157 seconds):
INFO:root:COST >> 0.0235 +/- 0.0008, % updates: 1.25%
INFO:root:-- EPOCH 75 (7.96 seconds):
INFO:root:COST >> 0.0229 +/- 0.0012, % updates: 1.208%
INFO:root:-- EPOCH 76 (7.675 seconds):
INFO:root:COST >> 0.0233 +/- 0.0011, % updates: 1.231%
INFO:root:-- EPOCH 77 (11.55 seconds):
INFO:root:COST >> 0.0229 +/- 0.0011, % updates: 1.207%
INFO:root:-- EPOCH 78 (10.802 seconds):
INFO:root:COST >> 0.0233 +/- 0.0014, % updates: 1.217%
INFO:root:-- EPOCH 79 (9.851 seconds):
INFO:root:COST >> 0.023 +/- 0.0011, % updates: 1.196%
INFO:root:-- EPOCH 80 (10.492 seconds):
INFO:root:COST >> 0.0228 +/- 0.0014, % updates: 1.197%
INFO:root:-- EPOCH 81 (10.05 seconds):
INFO:root:COST >> 0.0226 +/- 0.0011, % updates: 1.188%
INFO:root:-- EPOCH 82 (10.367 seconds):
INFO:root:COST >> 0.0226 +/- 0.0007, % updates: 1.181%
INFO:root:-- EPOCH 83 (10.65 seconds):
INFO:root:COST >> 0.0223 +/- 0.001, % updates: 1.158%
INFO:root:-- EPOCH 84 (9.362 seconds):
INFO:root:COST >> 0.0222 +/- 0.0008, % updates: 1.172%
INFO:root:-- EPOCH 85 (10.051 seconds):
INFO:root:COST >> 0.0224 +/- 0.0008, % updates: 1.171%
INFO:root:-- EPOCH 86 (10.404 seconds):
INFO:root:COST >> 0.0223 +/- 0.0013, % updates: 1.17%
INFO:root:-- EPOCH 87 (9.887 seconds):
INFO:root:COST >> 0.0217 +/- 0.001, % updates: 1.14%
INFO:root:-- EPOCH 88 (10.36 seconds):
INFO:root:COST >> 0.0219 +/- 0.0008, % updates: 1.137%
INFO:root:-- EPOCH 89 (10.643 seconds):
INFO:root:COST >> 0.0214 +/- 0.001, % updates: 1.133%
INFO:root:-- EPOCH 90 (10.199 seconds):
INFO:root:COST >> 0.0212 +/- 0.0008, % updates: 1.119%
INFO:root:-- EPOCH 91 (8.801 seconds):
INFO:root:COST >> 0.0222 +/- 0.0011, % updates: 1.148%
INFO:root:-- EPOCH 92 (9.765 seconds):
INFO:root:COST >> 0.0219 +/- 0.0009, % updates: 1.133%
INFO:root:-- EPOCH 93 (10.411 seconds):
INFO:root:COST >> 0.0224 +/- 0.0008, % updates: 1.151%
INFO:root:-- EPOCH 94 (10.132 seconds):
INFO:root:COST >> 0.0216 +/- 0.0014, % updates: 1.116%
INFO:root:-- EPOCH 95 (9.921 seconds):
INFO:root:COST >> 0.0213 +/- 0.001, % updates: 1.099%
INFO:root:-- EPOCH 96 (10.325 seconds):
INFO:root:COST >> 0.0213 +/- 0.0013, % updates: 1.115%
INFO:root:-- EPOCH 97 (10.566 seconds):
INFO:root:COST >> 0.0216 +/- 0.0012, % updates: 1.116%
INFO:root:-- EPOCH 98 (10.027 seconds):
INFO:root:COST >> 0.0215 +/- 0.0009, % updates: 1.107%
INFO:root:-- EPOCH 99 (9.848 seconds):
INFO:root:COST >> 0.0213 +/- 0.0009, % updates: 1.091%
INFO:root:-- EPOCH 100 (8.755 seconds):
INFO:root:COST >> 0.0208 +/- 0.001, % updates: 1.068%
INFO:root:### MICRO (raw valid):
INFO:root:	-- left   >> mean: 25972.735, median: 21102.0, hits@10: 8.98%
INFO:root:	-- right  >> mean: 1779.3324, median: 913.5, hits@10: 11.7%
INFO:root:	-- global >> mean: 13876.0337, median: 2973.0, hits@10: 10.34%
INFO:root:### MACRO (raw valid):
INFO:root:	-- left   >> mean: 26817.62319, median: 24375.65385, hits@10: 10.857%
INFO:root:	-- right  >> mean: 1258.4429, median: 804.46154, hits@10: 18.54%
INFO:root:	-- global >> mean: 14038.03304, median: 4688.11538, hits@10: 14.699%
INFO:root:### MICRO (raw test):
INFO:root:	-- left   >> mean: 25801.5622, median: 20818.0, hits@10: 10.48%
INFO:root:	-- right  >> mean: 1784.0466, median: 841.0, hits@10: 12.28%
INFO:root:	-- global >> mean: 13792.8044, median: 2798.0, hits@10: 11.38%
INFO:root:### MACRO (raw test):
INFO:root:	-- left   >> mean: 26280.47773, median: 24604.07692, hits@10: 11.211%
INFO:root:	-- right  >> mean: 1220.03985, median: 623.34615, hits@10: 17.216%
INFO:root:	-- global >> mean: 13750.25879, median: 3432.96154, hits@10: 14.214%
