INFO:root:Shape for training set: (16296, 483142)
INFO:root:State: {'ndim': '20', 'test_all': '100', 'test_path': 'data/fb15k/FB15k-test.pkl', 'nhid': '20', 'lremb': '0.1', 'seed': '123', 'simfn': 'L2', 'valid_path': 'data/fb15k/FB15k-valid.pkl', 'nbatches': '10', 'lrparam': '0.1', 'decay': '0.999', 'show_hinton_diagrams': 'False', 'no_rescaling': 'True', 'Nrel': '1345', 'ranking_score_right': 'False', 'Nent': '16296', 'Nsyn': '14951', 'method': 'ADAGRAD', 'loss_margin': '1.0', 'C': '1.0', 'epsilon': '1e-06', 'use_db': 'False', 'max_lr': 'None', 'l1_param_weight': 'None', 'filtered': 'True', 'name': 'fb15k_margin/fb15k_XiNTransE_387', 'totepochs': '100', 'l2_param_weight': 'None', 'train_path': 'data/fb15k/FB15k-train.pkl', 'op': 'XiNTransE'}
INFO:root:Starting the Experiment ..
INFO:root:-- EPOCH 1 (4.694 seconds):
INFO:root:COST >> 1.6002 +/- 0.2705, % updates: 98.823%
INFO:root:-- EPOCH 2 (4.683 seconds):
INFO:root:COST >> 0.821 +/- 0.1285, % updates: 76.128%
INFO:root:-- EPOCH 3 (4.681 seconds):
INFO:root:COST >> 0.5471 +/- 0.0368, % updates: 53.65%
INFO:root:-- EPOCH 4 (4.601 seconds):
INFO:root:COST >> 0.4437 +/- 0.0147, % updates: 43.413%
INFO:root:-- EPOCH 5 (4.637 seconds):
INFO:root:COST >> 0.3916 +/- 0.0114, % updates: 38.565%
INFO:root:-- EPOCH 6 (4.636 seconds):
INFO:root:COST >> 0.3507 +/- 0.0066, % updates: 34.839%
INFO:root:-- EPOCH 7 (4.585 seconds):
INFO:root:COST >> 0.3178 +/- 0.0051, % updates: 31.847%
INFO:root:-- EPOCH 8 (4.617 seconds):
INFO:root:COST >> 0.2891 +/- 0.0027, % updates: 29.066%
INFO:root:-- EPOCH 9 (4.59 seconds):
INFO:root:COST >> 0.2647 +/- 0.0057, % updates: 26.728%
INFO:root:-- EPOCH 10 (4.601 seconds):
INFO:root:COST >> 0.2456 +/- 0.0044, % updates: 25.07%
INFO:root:-- EPOCH 11 (4.627 seconds):
INFO:root:COST >> 0.2208 +/- 0.0051, % updates: 22.495%
INFO:root:-- EPOCH 12 (4.605 seconds):
INFO:root:COST >> 0.2029 +/- 0.0021, % updates: 20.444%
INFO:root:-- EPOCH 13 (4.526 seconds):
INFO:root:COST >> 0.194 +/- 0.0046, % updates: 19.229%
INFO:root:-- EPOCH 14 (4.622 seconds):
INFO:root:COST >> 0.1817 +/- 0.0018, % updates: 17.817%
INFO:root:-- EPOCH 15 (4.606 seconds):
INFO:root:COST >> 0.1707 +/- 0.002, % updates: 16.443%
INFO:root:-- EPOCH 16 (4.543 seconds):
INFO:root:COST >> 0.1637 +/- 0.0021, % updates: 15.745%
INFO:root:-- EPOCH 17 (4.608 seconds):
INFO:root:COST >> 0.169 +/- 0.0112, % updates: 16.03%
INFO:root:-- EPOCH 18 (4.639 seconds):
INFO:root:COST >> 0.1719 +/- 0.0085, % updates: 16.079%
INFO:root:-- EPOCH 19 (4.624 seconds):
INFO:root:COST >> 0.1548 +/- 0.0028, % updates: 14.533%
INFO:root:-- EPOCH 20 (4.652 seconds):
INFO:root:COST >> 0.1487 +/- 0.0025, % updates: 14.01%
INFO:root:-- EPOCH 21 (4.579 seconds):
INFO:root:COST >> 0.1457 +/- 0.0024, % updates: 13.646%
INFO:root:-- EPOCH 22 (4.638 seconds):
INFO:root:COST >> 0.1421 +/- 0.0024, % updates: 13.285%
INFO:root:-- EPOCH 23 (4.607 seconds):
INFO:root:COST >> 0.1405 +/- 0.0029, % updates: 13.072%
INFO:root:-- EPOCH 24 (4.627 seconds):
INFO:root:COST >> 0.1404 +/- 0.004, % updates: 12.973%
INFO:root:-- EPOCH 25 (4.667 seconds):
INFO:root:COST >> 0.1357 +/- 0.0021, % updates: 12.469%
INFO:root:-- EPOCH 26 (4.644 seconds):
INFO:root:COST >> 0.1353 +/- 0.0026, % updates: 12.43%
INFO:root:-- EPOCH 27 (4.637 seconds):
INFO:root:COST >> 0.1331 +/- 0.0015, % updates: 12.153%
INFO:root:-- EPOCH 28 (4.625 seconds):
INFO:root:COST >> 0.1305 +/- 0.0021, % updates: 11.864%
INFO:root:-- EPOCH 29 (4.647 seconds):
INFO:root:COST >> 0.1297 +/- 0.0026, % updates: 11.804%
INFO:root:-- EPOCH 30 (4.606 seconds):
INFO:root:COST >> 0.1366 +/- 0.0197, % updates: 12.071%
INFO:root:-- EPOCH 31 (4.641 seconds):
INFO:root:COST >> 0.1278 +/- 0.0017, % updates: 11.526%
INFO:root:-- EPOCH 32 (4.526 seconds):
INFO:root:COST >> 0.1272 +/- 0.0034, % updates: 11.399%
INFO:root:-- EPOCH 33 (4.603 seconds):
INFO:root:COST >> 0.1314 +/- 0.0045, % updates: 11.702%
INFO:root:-- EPOCH 34 (4.607 seconds):
INFO:root:COST >> 0.1251 +/- 0.0011, % updates: 11.218%
INFO:root:-- EPOCH 35 (4.539 seconds):
INFO:root:COST >> 0.1235 +/- 0.0027, % updates: 11.057%
INFO:root:-- EPOCH 36 (4.569 seconds):
INFO:root:COST >> 0.1222 +/- 0.002, % updates: 10.897%
INFO:root:-- EPOCH 37 (4.577 seconds):
INFO:root:COST >> 0.1211 +/- 0.0027, % updates: 10.776%
INFO:root:-- EPOCH 38 (4.633 seconds):
INFO:root:COST >> 0.1204 +/- 0.0027, % updates: 10.713%
INFO:root:-- EPOCH 39 (4.554 seconds):
INFO:root:COST >> 0.1199 +/- 0.002, % updates: 10.614%
INFO:root:-- EPOCH 40 (4.532 seconds):
INFO:root:COST >> 0.119 +/- 0.0021, % updates: 10.507%
INFO:root:-- EPOCH 41 (4.567 seconds):
INFO:root:COST >> 0.1183 +/- 0.0018, % updates: 10.458%
INFO:root:-- EPOCH 42 (4.563 seconds):
INFO:root:COST >> 0.1182 +/- 0.002, % updates: 10.42%
INFO:root:-- EPOCH 43 (4.584 seconds):
INFO:root:COST >> 0.1171 +/- 0.0017, % updates: 10.303%
INFO:root:-- EPOCH 44 (4.567 seconds):
INFO:root:COST >> 0.1159 +/- 0.0014, % updates: 10.188%
INFO:root:-- EPOCH 45 (4.586 seconds):
INFO:root:COST >> 0.1163 +/- 0.003, % updates: 10.164%
INFO:root:-- EPOCH 46 (4.647 seconds):
INFO:root:COST >> 0.1154 +/- 0.0025, % updates: 10.089%
INFO:root:-- EPOCH 47 (4.537 seconds):
INFO:root:COST >> 0.1149 +/- 0.0026, % updates: 10.0%
INFO:root:-- EPOCH 48 (4.618 seconds):
INFO:root:COST >> 0.1142 +/- 0.003, % updates: 9.984%
INFO:root:-- EPOCH 49 (4.565 seconds):
INFO:root:COST >> 0.113 +/- 0.0027, % updates: 9.872%
INFO:root:-- EPOCH 50 (4.612 seconds):
INFO:root:COST >> 0.112 +/- 0.0023, % updates: 9.8%
INFO:root:-- EPOCH 51 (4.51 seconds):
INFO:root:COST >> 0.1123 +/- 0.002, % updates: 9.742%
INFO:root:-- EPOCH 52 (4.546 seconds):
INFO:root:COST >> 0.1119 +/- 0.0023, % updates: 9.668%
INFO:root:-- EPOCH 53 (4.559 seconds):
INFO:root:COST >> 0.1118 +/- 0.0031, % updates: 9.649%
INFO:root:-- EPOCH 54 (4.561 seconds):
INFO:root:COST >> 0.1115 +/- 0.0025, % updates: 9.647%
INFO:root:-- EPOCH 55 (4.522 seconds):
INFO:root:COST >> 0.1113 +/- 0.0028, % updates: 9.648%
INFO:root:-- EPOCH 56 (4.546 seconds):
INFO:root:COST >> 0.1102 +/- 0.0019, % updates: 9.509%
INFO:root:-- EPOCH 57 (4.5 seconds):
INFO:root:COST >> 0.1095 +/- 0.0014, % updates: 9.375%
INFO:root:-- EPOCH 58 (4.59 seconds):
INFO:root:COST >> 0.1093 +/- 0.0033, % updates: 9.406%
INFO:root:-- EPOCH 59 (4.555 seconds):
INFO:root:COST >> 0.1087 +/- 0.0021, % updates: 9.345%
INFO:root:-- EPOCH 60 (4.628 seconds):
INFO:root:COST >> 0.1087 +/- 0.0022, % updates: 9.322%
INFO:root:-- EPOCH 61 (4.569 seconds):
INFO:root:COST >> 0.1082 +/- 0.0018, % updates: 9.252%
INFO:root:-- EPOCH 62 (4.632 seconds):
INFO:root:COST >> 0.108 +/- 0.0016, % updates: 9.217%
INFO:root:-- EPOCH 63 (4.602 seconds):
INFO:root:COST >> 0.1081 +/- 0.0017, % updates: 9.222%
INFO:root:-- EPOCH 64 (4.589 seconds):
INFO:root:COST >> 0.1069 +/- 0.0025, % updates: 9.117%
INFO:root:-- EPOCH 65 (4.548 seconds):
INFO:root:COST >> 0.1069 +/- 0.0025, % updates: 9.085%
INFO:root:-- EPOCH 66 (4.613 seconds):
INFO:root:COST >> 0.1066 +/- 0.0016, % updates: 9.05%
INFO:root:-- EPOCH 67 (4.568 seconds):
INFO:root:COST >> 0.1066 +/- 0.0015, % updates: 9.027%
INFO:root:-- EPOCH 68 (4.599 seconds):
INFO:root:COST >> 0.1068 +/- 0.002, % updates: 9.02%
INFO:root:-- EPOCH 69 (4.602 seconds):
INFO:root:COST >> 0.1064 +/- 0.0019, % updates: 8.973%
INFO:root:-- EPOCH 70 (4.61 seconds):
INFO:root:COST >> 0.1057 +/- 0.0025, % updates: 8.927%
INFO:root:-- EPOCH 71 (4.616 seconds):
INFO:root:COST >> 0.106 +/- 0.0016, % updates: 8.892%
INFO:root:-- EPOCH 72 (4.602 seconds):
INFO:root:COST >> 0.1051 +/- 0.0024, % updates: 8.849%
INFO:root:-- EPOCH 73 (4.579 seconds):
INFO:root:COST >> 0.105 +/- 0.002, % updates: 8.792%
INFO:root:-- EPOCH 74 (4.534 seconds):
INFO:root:COST >> 0.1042 +/- 0.0022, % updates: 8.729%
INFO:root:-- EPOCH 75 (4.528 seconds):
INFO:root:COST >> 0.1043 +/- 0.0024, % updates: 8.741%
INFO:root:-- EPOCH 76 (4.595 seconds):
INFO:root:COST >> 0.1038 +/- 0.002, % updates: 8.683%
INFO:root:-- EPOCH 77 (4.648 seconds):
INFO:root:COST >> 0.104 +/- 0.0016, % updates: 8.681%
INFO:root:-- EPOCH 78 (4.573 seconds):
INFO:root:COST >> 0.1036 +/- 0.0024, % updates: 8.637%
INFO:root:-- EPOCH 79 (4.58 seconds):
INFO:root:COST >> 0.1034 +/- 0.0018, % updates: 8.633%
INFO:root:-- EPOCH 80 (4.511 seconds):
INFO:root:COST >> 0.1029 +/- 0.0016, % updates: 8.542%
INFO:root:-- EPOCH 81 (4.65 seconds):
INFO:root:COST >> 0.1034 +/- 0.0017, % updates: 8.563%
INFO:root:-- EPOCH 82 (4.585 seconds):
INFO:root:COST >> 0.1032 +/- 0.0018, % updates: 8.504%
INFO:root:-- EPOCH 83 (4.545 seconds):
INFO:root:COST >> 0.1027 +/- 0.002, % updates: 8.514%
INFO:root:-- EPOCH 84 (4.585 seconds):
INFO:root:COST >> 0.1019 +/- 0.0014, % updates: 8.431%
INFO:root:-- EPOCH 85 (4.655 seconds):
INFO:root:COST >> 0.102 +/- 0.0022, % updates: 8.394%
INFO:root:-- EPOCH 86 (4.502 seconds):
INFO:root:COST >> 0.1022 +/- 0.0023, % updates: 8.431%
INFO:root:-- EPOCH 87 (4.607 seconds):
INFO:root:COST >> 0.1013 +/- 0.0015, % updates: 8.38%
INFO:root:-- EPOCH 88 (4.595 seconds):
INFO:root:COST >> 0.1017 +/- 0.0022, % updates: 8.392%
INFO:root:-- EPOCH 89 (4.608 seconds):
INFO:root:COST >> 0.1017 +/- 0.0022, % updates: 8.358%
INFO:root:-- EPOCH 90 (4.537 seconds):
INFO:root:COST >> 0.1013 +/- 0.0022, % updates: 8.308%
INFO:root:-- EPOCH 91 (4.542 seconds):
INFO:root:COST >> 0.1003 +/- 0.0018, % updates: 8.24%
INFO:root:-- EPOCH 92 (4.625 seconds):
INFO:root:COST >> 0.101 +/- 0.0018, % updates: 8.281%
INFO:root:-- EPOCH 93 (4.545 seconds):
INFO:root:COST >> 0.1008 +/- 0.0024, % updates: 8.283%
INFO:root:-- EPOCH 94 (4.491 seconds):
INFO:root:COST >> 0.1001 +/- 0.0023, % updates: 8.177%
INFO:root:-- EPOCH 95 (4.579 seconds):
INFO:root:COST >> 0.1002 +/- 0.0023, % updates: 8.183%
INFO:root:-- EPOCH 96 (4.582 seconds):
INFO:root:COST >> 0.1 +/- 0.0019, % updates: 8.163%
INFO:root:-- EPOCH 97 (4.571 seconds):
INFO:root:COST >> 0.0998 +/- 0.0021, % updates: 8.158%
INFO:root:-- EPOCH 98 (4.556 seconds):
INFO:root:COST >> 0.1002 +/- 0.002, % updates: 8.143%
INFO:root:-- EPOCH 99 (4.571 seconds):
INFO:root:COST >> 0.0997 +/- 0.0019, % updates: 8.107%
INFO:root:-- EPOCH 100 (4.57 seconds):
INFO:root:COST >> 0.099 +/- 0.0023, % updates: 8.07%
INFO:root:### MICRO (raw valid):
INFO:root:	-- left   >> mean: 316.22884, median: 35.0, hits@10: 30.22%
INFO:root:	-- right  >> mean: 247.75222, median: 21.0, hits@10: 38.124%
INFO:root:	-- global >> mean: 281.99053, median: 27.0, hits@10: 34.172%
INFO:root:### MACRO (raw valid):
INFO:root:	-- left   >> mean: 253.56841, median: 166.17795, hits@10: 45.896%
INFO:root:	-- right  >> mean: 294.07302, median: 199.994, hits@10: 52.646%
INFO:root:	-- global >> mean: 273.82072, median: 136.98362, hits@10: 49.271%
INFO:root:### MICRO (filtered valid):
INFO:root:	-- left   >> mean: 197.19614, median: 17.0, hits@10: 41.672%
INFO:root:	-- right  >> mean: 178.31018, median: 12.0, hits@10: 48.012%
INFO:root:	-- global >> mean: 187.75316, median: 14.0, hits@10: 44.842%
INFO:root:### MACRO (filtered valid):
INFO:root:	-- left   >> mean: 226.00007, median: 138.78985, hits@10: 53.638%
INFO:root:	-- right  >> mean: 281.49149, median: 187.63537, hits@10: 59.001%
INFO:root:	-- global >> mean: 253.74578, median: 131.74891, hits@10: 56.319%
INFO:root:### MICRO (raw test):
INFO:root:	-- left   >> mean: 322.22679, median: 35.0, hits@10: 30.336%
INFO:root:	-- right  >> mean: 254.95859, median: 22.0, hits@10: 37.807%
INFO:root:	-- global >> mean: 288.59269, median: 27.0, hits@10: 34.072%
INFO:root:### MACRO (raw test):
INFO:root:	-- left   >> mean: 307.82474, median: 223.70604, hits@10: 46.29%
INFO:root:	-- right  >> mean: 282.71627, median: 179.52653, hits@10: 53.111%
INFO:root:	-- global >> mean: 295.27051, median: 147.61446, hits@10: 49.7%
INFO:root:### MICRO (filtered test):
INFO:root:	-- left   >> mean: 204.47208, median: 17.0, hits@10: 41.709%
INFO:root:	-- right  >> mean: 180.96885, median: 12.0, hits@10: 47.721%
INFO:root:	-- global >> mean: 192.72046, median: 14.0, hits@10: 44.715%
INFO:root:### MACRO (filtered test):
INFO:root:	-- left   >> mean: 281.50507, median: 197.51717, hits@10: 54.224%
INFO:root:	-- right  >> mean: 270.37986, median: 167.16233, hits@10: 58.759%
INFO:root:	-- global >> mean: 275.94247, median: 142.76431, hits@10: 56.492%
