INFO:root:Shape for training set: (16296, 483142)
INFO:root:State: {'ndim': '100', 'test_all': '100', 'test_path': 'data/fb15k/FB15k-test.pkl', 'nhid': '100', 'lremb': '0.1', 'seed': '123', 'simfn': 'L2', 'valid_path': 'data/fb15k/FB15k-valid.pkl', 'nbatches': '10', 'lrparam': '0.1', 'decay': '0.999', 'show_hinton_diagrams': 'False', 'no_rescaling': 'True', 'Nrel': '1345', 'ranking_score_right': 'False', 'Nent': '16296', 'Nsyn': '14951', 'method': 'ADAGRAD', 'loss_margin': '2.0', 'C': '1.0', 'epsilon': '1e-06', 'use_db': 'False', 'max_lr': 'None', 'l1_param_weight': 'None', 'filtered': 'True', 'name': 'fb15k_margin/fb15k_XiScalE_367', 'totepochs': '100', 'l2_param_weight': 'None', 'train_path': 'data/fb15k/FB15k-train.pkl', 'op': 'XiScalE'}
INFO:root:Starting the Experiment ..
INFO:root:-- EPOCH 1 (15.637 seconds):
INFO:root:COST >> 3.8303 +/- 0.141, % updates: 100.0%
INFO:root:-- EPOCH 2 (15.251 seconds):
INFO:root:COST >> 3.3801 +/- 0.1006, % updates: 100.0%
INFO:root:-- EPOCH 3 (17.04 seconds):
INFO:root:COST >> 3.0735 +/- 0.075, % updates: 100.0%
INFO:root:-- EPOCH 4 (15.295 seconds):
INFO:root:COST >> 2.8245 +/- 0.064, % updates: 100.0%
INFO:root:-- EPOCH 5 (15.905 seconds):
INFO:root:COST >> 2.6066 +/- 0.0555, % updates: 100.0%
INFO:root:-- EPOCH 6 (15.044 seconds):
INFO:root:COST >> 2.4159 +/- 0.0498, % updates: 100.0%
INFO:root:-- EPOCH 7 (15.979 seconds):
INFO:root:COST >> 2.243 +/- 0.0458, % updates: 100.0%
INFO:root:-- EPOCH 8 (17.697 seconds):
INFO:root:COST >> 2.0866 +/- 0.0411, % updates: 100.0%
INFO:root:-- EPOCH 9 (18.357 seconds):
INFO:root:COST >> 1.9402 +/- 0.0372, % updates: 99.999%
INFO:root:-- EPOCH 10 (15.689 seconds):
INFO:root:COST >> 1.8066 +/- 0.0345, % updates: 99.988%
INFO:root:-- EPOCH 11 (14.914 seconds):
INFO:root:COST >> 1.6795 +/- 0.0328, % updates: 99.92%
INFO:root:-- EPOCH 12 (15.347 seconds):
INFO:root:COST >> 1.5598 +/- 0.0333, % updates: 99.702%
INFO:root:-- EPOCH 13 (20.548 seconds):
INFO:root:COST >> 1.4445 +/- 0.0302, % updates: 98.99%
INFO:root:-- EPOCH 14 (18.558 seconds):
INFO:root:COST >> 1.3312 +/- 0.0313, % updates: 97.077%
INFO:root:-- EPOCH 15 (16.652 seconds):
INFO:root:COST >> 1.2185 +/- 0.0309, % updates: 93.009%
INFO:root:-- EPOCH 16 (15.803 seconds):
INFO:root:COST >> 1.1076 +/- 0.0305, % updates: 86.602%
INFO:root:-- EPOCH 17 (17.467 seconds):
INFO:root:COST >> 1.0079 +/- 0.0268, % updates: 79.783%
INFO:root:-- EPOCH 18 (14.822 seconds):
INFO:root:COST >> 0.9186 +/- 0.0245, % updates: 73.643%
INFO:root:-- EPOCH 19 (14.752 seconds):
INFO:root:COST >> 0.8412 +/- 0.0208, % updates: 68.159%
INFO:root:-- EPOCH 20 (15.248 seconds):
INFO:root:COST >> 0.7759 +/- 0.0167, % updates: 62.917%
INFO:root:-- EPOCH 21 (15.829 seconds):
INFO:root:COST >> 0.7176 +/- 0.0139, % updates: 57.867%
INFO:root:-- EPOCH 22 (17.073 seconds):
INFO:root:COST >> 0.6698 +/- 0.0112, % updates: 53.047%
INFO:root:-- EPOCH 23 (16.106 seconds):
INFO:root:COST >> 0.631 +/- 0.0115, % updates: 48.481%
INFO:root:-- EPOCH 24 (16.059 seconds):
INFO:root:COST >> 0.5958 +/- 0.0081, % updates: 44.652%
INFO:root:-- EPOCH 25 (17.521 seconds):
INFO:root:COST >> 0.5695 +/- 0.0063, % updates: 41.44%
INFO:root:-- EPOCH 26 (17.918 seconds):
INFO:root:COST >> 0.5472 +/- 0.0058, % updates: 38.551%
INFO:root:-- EPOCH 27 (17.313 seconds):
INFO:root:COST >> 0.5258 +/- 0.0033, % updates: 36.12%
INFO:root:-- EPOCH 28 (16.113 seconds):
INFO:root:COST >> 0.5109 +/- 0.0058, % updates: 34.164%
INFO:root:-- EPOCH 29 (16.912 seconds):
INFO:root:COST >> 0.4998 +/- 0.0039, % updates: 32.521%
INFO:root:-- EPOCH 30 (16.956 seconds):
INFO:root:COST >> 0.4864 +/- 0.0041, % updates: 31.091%
INFO:root:-- EPOCH 31 (19.129 seconds):
INFO:root:COST >> 0.477 +/- 0.0041, % updates: 29.93%
INFO:root:-- EPOCH 32 (20.19 seconds):
INFO:root:COST >> 0.4693 +/- 0.0043, % updates: 28.91%
INFO:root:-- EPOCH 33 (20.494 seconds):
INFO:root:COST >> 0.4604 +/- 0.0027, % updates: 27.935%
INFO:root:-- EPOCH 34 (17.695 seconds):
INFO:root:COST >> 0.4517 +/- 0.0025, % updates: 27.064%
INFO:root:-- EPOCH 35 (17.268 seconds):
INFO:root:COST >> 0.4447 +/- 0.0039, % updates: 26.287%
INFO:root:-- EPOCH 36 (16.885 seconds):
INFO:root:COST >> 0.4394 +/- 0.0035, % updates: 25.644%
INFO:root:-- EPOCH 37 (16.645 seconds):
INFO:root:COST >> 0.4341 +/- 0.0037, % updates: 25.116%
INFO:root:-- EPOCH 38 (17.224 seconds):
INFO:root:COST >> 0.4274 +/- 0.0028, % updates: 24.544%
INFO:root:-- EPOCH 39 (16.933 seconds):
INFO:root:COST >> 0.4224 +/- 0.0028, % updates: 24.01%
INFO:root:-- EPOCH 40 (16.648 seconds):
INFO:root:COST >> 0.4192 +/- 0.0042, % updates: 23.639%
INFO:root:-- EPOCH 41 (17.43 seconds):
INFO:root:COST >> 0.4147 +/- 0.0035, % updates: 23.257%
INFO:root:-- EPOCH 42 (17.311 seconds):
INFO:root:COST >> 0.412 +/- 0.0022, % updates: 22.974%
INFO:root:-- EPOCH 43 (17.632 seconds):
INFO:root:COST >> 0.407 +/- 0.0026, % updates: 22.475%
INFO:root:-- EPOCH 44 (19.296 seconds):
INFO:root:COST >> 0.4036 +/- 0.0037, % updates: 22.203%
INFO:root:-- EPOCH 45 (17.27 seconds):
INFO:root:COST >> 0.4014 +/- 0.0023, % updates: 21.891%
INFO:root:-- EPOCH 46 (17.236 seconds):
INFO:root:COST >> 0.3981 +/- 0.0036, % updates: 21.645%
INFO:root:-- EPOCH 47 (16.26 seconds):
INFO:root:COST >> 0.3928 +/- 0.0031, % updates: 21.283%
INFO:root:-- EPOCH 48 (16.554 seconds):
INFO:root:COST >> 0.3924 +/- 0.003, % updates: 21.103%
INFO:root:-- EPOCH 49 (15.795 seconds):
INFO:root:COST >> 0.3873 +/- 0.0024, % updates: 20.779%
INFO:root:-- EPOCH 50 (16.037 seconds):
INFO:root:COST >> 0.3856 +/- 0.0021, % updates: 20.585%
INFO:root:-- EPOCH 51 (16.412 seconds):
INFO:root:COST >> 0.3818 +/- 0.0037, % updates: 20.405%
INFO:root:-- EPOCH 52 (16.639 seconds):
INFO:root:COST >> 0.3797 +/- 0.0034, % updates: 20.154%
INFO:root:-- EPOCH 53 (18.186 seconds):
INFO:root:COST >> 0.3768 +/- 0.0025, % updates: 19.87%
INFO:root:-- EPOCH 54 (15.196 seconds):
INFO:root:COST >> 0.3754 +/- 0.0016, % updates: 19.767%
INFO:root:-- EPOCH 55 (16.55 seconds):
INFO:root:COST >> 0.3711 +/- 0.0047, % updates: 19.498%
INFO:root:-- EPOCH 56 (15.479 seconds):
INFO:root:COST >> 0.3718 +/- 0.003, % updates: 19.387%
INFO:root:-- EPOCH 57 (15.708 seconds):
INFO:root:COST >> 0.3696 +/- 0.0024, % updates: 19.186%
INFO:root:-- EPOCH 58 (16.614 seconds):
INFO:root:COST >> 0.3676 +/- 0.005, % updates: 19.113%
INFO:root:-- EPOCH 59 (15.83 seconds):
INFO:root:COST >> 0.3652 +/- 0.0031, % updates: 18.865%
INFO:root:-- EPOCH 60 (16.567 seconds):
INFO:root:COST >> 0.3628 +/- 0.0028, % updates: 18.673%
INFO:root:-- EPOCH 61 (17.982 seconds):
INFO:root:COST >> 0.361 +/- 0.0028, % updates: 18.575%
INFO:root:-- EPOCH 62 (16.38 seconds):
INFO:root:COST >> 0.3596 +/- 0.0035, % updates: 18.464%
INFO:root:-- EPOCH 63 (14.911 seconds):
INFO:root:COST >> 0.3576 +/- 0.0034, % updates: 18.299%
INFO:root:-- EPOCH 64 (15.985 seconds):
INFO:root:COST >> 0.3563 +/- 0.0037, % updates: 18.182%
INFO:root:-- EPOCH 65 (15.422 seconds):
INFO:root:COST >> 0.3535 +/- 0.0031, % updates: 18.039%
INFO:root:-- EPOCH 66 (16.613 seconds):
INFO:root:COST >> 0.3533 +/- 0.0034, % updates: 17.93%
INFO:root:-- EPOCH 67 (15.98 seconds):
INFO:root:COST >> 0.3516 +/- 0.0026, % updates: 17.843%
INFO:root:-- EPOCH 68 (16.503 seconds):
INFO:root:COST >> 0.3486 +/- 0.0033, % updates: 17.609%
INFO:root:-- EPOCH 69 (15.858 seconds):
INFO:root:COST >> 0.3501 +/- 0.0035, % updates: 17.634%
INFO:root:-- EPOCH 70 (16.434 seconds):
INFO:root:COST >> 0.3473 +/- 0.0019, % updates: 17.538%
INFO:root:-- EPOCH 71 (16.336 seconds):
INFO:root:COST >> 0.3473 +/- 0.0027, % updates: 17.485%
INFO:root:-- EPOCH 72 (17.291 seconds):
INFO:root:COST >> 0.3447 +/- 0.0026, % updates: 17.332%
INFO:root:-- EPOCH 73 (16.786 seconds):
INFO:root:COST >> 0.3425 +/- 0.0025, % updates: 17.185%
INFO:root:-- EPOCH 74 (16.973 seconds):
INFO:root:COST >> 0.3428 +/- 0.0016, % updates: 17.137%
INFO:root:-- EPOCH 75 (15.136 seconds):
INFO:root:COST >> 0.3416 +/- 0.003, % updates: 17.061%
INFO:root:-- EPOCH 76 (16.445 seconds):
INFO:root:COST >> 0.3393 +/- 0.0037, % updates: 17.004%
INFO:root:-- EPOCH 77 (16.361 seconds):
INFO:root:COST >> 0.3391 +/- 0.0021, % updates: 16.9%
INFO:root:-- EPOCH 78 (15.563 seconds):
INFO:root:COST >> 0.3372 +/- 0.0033, % updates: 16.882%
INFO:root:-- EPOCH 79 (14.878 seconds):
INFO:root:COST >> 0.3352 +/- 0.0019, % updates: 16.698%
INFO:root:-- EPOCH 80 (14.922 seconds):
INFO:root:COST >> 0.3352 +/- 0.0026, % updates: 16.651%
INFO:root:-- EPOCH 81 (16.424 seconds):
INFO:root:COST >> 0.3337 +/- 0.0019, % updates: 16.587%
INFO:root:-- EPOCH 82 (14.764 seconds):
INFO:root:COST >> 0.3339 +/- 0.0024, % updates: 16.505%
INFO:root:-- EPOCH 83 (14.913 seconds):
INFO:root:COST >> 0.3318 +/- 0.0032, % updates: 16.438%
INFO:root:-- EPOCH 84 (18.496 seconds):
INFO:root:COST >> 0.3298 +/- 0.0038, % updates: 16.342%
INFO:root:-- EPOCH 85 (17.193 seconds):
INFO:root:COST >> 0.3284 +/- 0.0035, % updates: 16.249%
INFO:root:-- EPOCH 86 (14.654 seconds):
INFO:root:COST >> 0.3295 +/- 0.0029, % updates: 16.273%
INFO:root:-- EPOCH 87 (14.949 seconds):
INFO:root:COST >> 0.3267 +/- 0.002, % updates: 16.168%
INFO:root:-- EPOCH 88 (14.849 seconds):
INFO:root:COST >> 0.3288 +/- 0.0038, % updates: 16.166%
INFO:root:-- EPOCH 89 (14.85 seconds):
INFO:root:COST >> 0.3256 +/- 0.0035, % updates: 16.032%
INFO:root:-- EPOCH 90 (14.743 seconds):
INFO:root:COST >> 0.3246 +/- 0.0021, % updates: 15.946%
INFO:root:-- EPOCH 91 (15.941 seconds):
INFO:root:COST >> 0.3239 +/- 0.0023, % updates: 15.969%
INFO:root:-- EPOCH 92 (14.913 seconds):
INFO:root:COST >> 0.3223 +/- 0.0024, % updates: 15.871%
INFO:root:-- EPOCH 93 (14.902 seconds):
INFO:root:COST >> 0.3222 +/- 0.0029, % updates: 15.793%
INFO:root:-- EPOCH 94 (17.941 seconds):
INFO:root:COST >> 0.3217 +/- 0.003, % updates: 15.761%
INFO:root:-- EPOCH 95 (15.472 seconds):
INFO:root:COST >> 0.3199 +/- 0.0019, % updates: 15.682%
INFO:root:-- EPOCH 96 (16.572 seconds):
INFO:root:COST >> 0.3194 +/- 0.0035, % updates: 15.655%
INFO:root:-- EPOCH 97 (15.227 seconds):
INFO:root:COST >> 0.3182 +/- 0.0024, % updates: 15.571%
INFO:root:-- EPOCH 98 (15.731 seconds):
INFO:root:COST >> 0.3179 +/- 0.0052, % updates: 15.531%
INFO:root:-- EPOCH 99 (15.879 seconds):
INFO:root:COST >> 0.3156 +/- 0.0036, % updates: 15.413%
INFO:root:-- EPOCH 100 (15.705 seconds):
INFO:root:COST >> 0.3164 +/- 0.0029, % updates: 15.499%
INFO:root:### MICRO (raw valid):
INFO:root:	-- left   >> mean: 403.38424, median: 64.0, hits@10: 24.19%
INFO:root:	-- right  >> mean: 302.97894, median: 35.0, hits@10: 31.896%
INFO:root:	-- global >> mean: 353.18159, median: 47.0, hits@10: 28.043%
INFO:root:### MACRO (raw valid):
INFO:root:	-- left   >> mean: 367.59117, median: 317.1774, hits@10: 43.041%
INFO:root:	-- right  >> mean: 279.56841, median: 232.84716, hits@10: 50.447%
INFO:root:	-- global >> mean: 323.57979, median: 185.72817, hits@10: 46.744%
INFO:root:### MICRO (filtered valid):
INFO:root:	-- left   >> mean: 285.03326, median: 37.0, hits@10: 33.09%
INFO:root:	-- right  >> mean: 231.49326, median: 23.0, hits@10: 39.272%
INFO:root:	-- global >> mean: 258.26326, median: 29.0, hits@10: 36.181%
INFO:root:### MACRO (filtered valid):
INFO:root:	-- left   >> mean: 340.57557, median: 287.91103, hits@10: 50.529%
INFO:root:	-- right  >> mean: 266.86744, median: 219.32969, hits@10: 55.899%
INFO:root:	-- global >> mean: 303.72151, median: 182.70797, hits@10: 53.214%
INFO:root:### MICRO (raw test):
INFO:root:	-- left   >> mean: 406.2831, median: 62.0, hits@10: 24.315%
INFO:root:	-- right  >> mean: 308.47448, median: 36.0, hits@10: 31.515%
INFO:root:	-- global >> mean: 357.37879, median: 47.0, hits@10: 27.915%
INFO:root:### MACRO (raw test):
INFO:root:	-- left   >> mean: 362.06374, median: 320.19823, hits@10: 43.606%
INFO:root:	-- right  >> mean: 376.08998, median: 321.55203, hits@10: 49.779%
INFO:root:	-- global >> mean: 369.07686, median: 228.12227, hits@10: 46.693%
INFO:root:### MICRO (filtered test):
INFO:root:	-- left   >> mean: 286.93398, median: 36.0, hits@10: 33.155%
INFO:root:	-- right  >> mean: 233.83129, median: 24.0, hits@10: 38.979%
INFO:root:	-- global >> mean: 260.38263, median: 30.0, hits@10: 36.067%
INFO:root:### MACRO (filtered test):
INFO:root:	-- left   >> mean: 335.98074, median: 291.88293, hits@10: 51.466%
INFO:root:	-- right  >> mean: 363.83961, median: 308.62539, hits@10: 54.915%
INFO:root:	-- global >> mean: 349.91017, median: 225.01353, hits@10: 53.191%
