INFO:root:Shape for training set: (16296, 483142)
INFO:root:State: {'ndim': '100', 'test_all': '100', 'test_path': 'data/fb15k/FB15k-test.pkl', 'nhid': '100', 'lremb': '0.1', 'seed': '123', 'simfn': 'L1', 'valid_path': 'data/fb15k/FB15k-valid.pkl', 'nbatches': '10', 'lrparam': '0.1', 'decay': '0.999', 'show_hinton_diagrams': 'False', 'no_rescaling': 'True', 'Nrel': '1345', 'ranking_score_right': 'False', 'Nent': '16296', 'Nsyn': '14951', 'method': 'ADAGRAD', 'loss_margin': '10.0', 'C': '1.0', 'epsilon': '1e-06', 'use_db': 'False', 'max_lr': 'None', 'l1_param_weight': 'None', 'filtered': 'True', 'name': 'fb15k_margin/fb15k_XiNScalE_413', 'totepochs': '100', 'l2_param_weight': 'None', 'train_path': 'data/fb15k/FB15k-train.pkl', 'op': 'XiNScalE'}
INFO:root:Starting the Experiment ..
INFO:root:-- EPOCH 1 (33.514 seconds):
INFO:root:COST >> 9.9592 +/- 7.084, % updates: 51.001%
INFO:root:-- EPOCH 2 (33.137 seconds):
INFO:root:COST >> 2.0171 +/- 0.1236, % updates: 13.914%
INFO:root:-- EPOCH 3 (33.167 seconds):
INFO:root:COST >> 1.5479 +/- 0.0335, % updates: 10.572%
INFO:root:-- EPOCH 4 (33.046 seconds):
INFO:root:COST >> 1.3364 +/- 0.0228, % updates: 9.098%
INFO:root:-- EPOCH 5 (33.172 seconds):
INFO:root:COST >> 1.1882 +/- 0.0163, % updates: 8.104%
INFO:root:-- EPOCH 6 (41.516 seconds):
INFO:root:COST >> 1.0748 +/- 0.01, % updates: 7.355%
INFO:root:-- EPOCH 7 (37.96 seconds):
INFO:root:COST >> 0.9876 +/- 0.0195, % updates: 6.751%
INFO:root:-- EPOCH 8 (33.166 seconds):
INFO:root:COST >> 0.9232 +/- 0.01, % updates: 6.309%
INFO:root:-- EPOCH 9 (36.508 seconds):
INFO:root:COST >> 0.8648 +/- 0.0184, % updates: 5.897%
INFO:root:-- EPOCH 10 (32.945 seconds):
INFO:root:COST >> 0.8165 +/- 0.019, % updates: 5.563%
INFO:root:-- EPOCH 11 (33.1 seconds):
INFO:root:COST >> 0.7741 +/- 0.0185, % updates: 5.271%
INFO:root:-- EPOCH 12 (32.985 seconds):
INFO:root:COST >> 0.7382 +/- 0.014, % updates: 5.025%
INFO:root:-- EPOCH 13 (33.058 seconds):
INFO:root:COST >> 0.7087 +/- 0.0135, % updates: 4.826%
INFO:root:-- EPOCH 14 (32.953 seconds):
INFO:root:COST >> 0.6865 +/- 0.017, % updates: 4.639%
INFO:root:-- EPOCH 15 (33.608 seconds):
INFO:root:COST >> 0.6616 +/- 0.0124, % updates: 4.471%
INFO:root:-- EPOCH 16 (42.336 seconds):
INFO:root:COST >> 0.6396 +/- 0.0093, % updates: 4.287%
INFO:root:-- EPOCH 17 (40.255 seconds):
INFO:root:COST >> 0.6264 +/- 0.0126, % updates: 4.193%
INFO:root:-- EPOCH 18 (32.915 seconds):
INFO:root:COST >> 0.5999 +/- 0.0085, % updates: 4.047%
INFO:root:-- EPOCH 19 (32.887 seconds):
INFO:root:COST >> 0.5873 +/- 0.0159, % updates: 3.913%
INFO:root:-- EPOCH 20 (32.81 seconds):
INFO:root:COST >> 0.5714 +/- 0.0131, % updates: 3.808%
INFO:root:-- EPOCH 21 (32.966 seconds):
INFO:root:COST >> 0.5574 +/- 0.0092, % updates: 3.72%
INFO:root:-- EPOCH 22 (32.957 seconds):
INFO:root:COST >> 0.546 +/- 0.0155, % updates: 3.61%
INFO:root:-- EPOCH 23 (33.092 seconds):
INFO:root:COST >> 0.539 +/- 0.0149, % updates: 3.544%
INFO:root:-- EPOCH 24 (32.964 seconds):
INFO:root:COST >> 0.5185 +/- 0.0089, % updates: 3.443%
INFO:root:-- EPOCH 25 (33.023 seconds):
INFO:root:COST >> 0.5146 +/- 0.0139, % updates: 3.378%
INFO:root:-- EPOCH 26 (32.9 seconds):
INFO:root:COST >> 0.5088 +/- 0.0118, % updates: 3.325%
INFO:root:-- EPOCH 27 (32.886 seconds):
INFO:root:COST >> 0.4958 +/- 0.0091, % updates: 3.245%
INFO:root:-- EPOCH 28 (35.453 seconds):
INFO:root:COST >> 0.4849 +/- 0.0069, % updates: 3.163%
INFO:root:-- EPOCH 29 (32.931 seconds):
INFO:root:COST >> 0.4836 +/- 0.0105, % updates: 3.157%
INFO:root:-- EPOCH 30 (33.999 seconds):
INFO:root:COST >> 0.4717 +/- 0.0079, % updates: 3.081%
INFO:root:-- EPOCH 31 (33.205 seconds):
INFO:root:COST >> 0.4653 +/- 0.0129, % updates: 3.022%
INFO:root:-- EPOCH 32 (32.955 seconds):
INFO:root:COST >> 0.4666 +/- 0.0091, % updates: 3.023%
INFO:root:-- EPOCH 33 (33.087 seconds):
INFO:root:COST >> 0.4601 +/- 0.0097, % updates: 2.991%
INFO:root:-- EPOCH 34 (33.987 seconds):
INFO:root:COST >> 0.4458 +/- 0.0134, % updates: 2.887%
INFO:root:-- EPOCH 35 (33.23 seconds):
INFO:root:COST >> 0.4417 +/- 0.0128, % updates: 2.864%
INFO:root:-- EPOCH 36 (33.1 seconds):
INFO:root:COST >> 0.4385 +/- 0.0122, % updates: 2.812%
INFO:root:-- EPOCH 37 (33.068 seconds):
INFO:root:COST >> 0.4353 +/- 0.0156, % updates: 2.798%
INFO:root:-- EPOCH 38 (33.051 seconds):
INFO:root:COST >> 0.4385 +/- 0.0106, % updates: 2.766%
INFO:root:-- EPOCH 39 (32.981 seconds):
INFO:root:COST >> 0.4252 +/- 0.0108, % updates: 2.711%
INFO:root:-- EPOCH 40 (33.039 seconds):
INFO:root:COST >> 0.4242 +/- 0.0116, % updates: 2.716%
INFO:root:-- EPOCH 41 (33.057 seconds):
INFO:root:COST >> 0.421 +/- 0.0083, % updates: 2.673%
INFO:root:-- EPOCH 42 (32.882 seconds):
INFO:root:COST >> 0.4131 +/- 0.0099, % updates: 2.661%
INFO:root:-- EPOCH 43 (33.224 seconds):
INFO:root:COST >> 0.4098 +/- 0.0074, % updates: 2.601%
INFO:root:-- EPOCH 44 (33.166 seconds):
INFO:root:COST >> 0.4123 +/- 0.0083, % updates: 2.586%
INFO:root:-- EPOCH 45 (33.256 seconds):
INFO:root:COST >> 0.4047 +/- 0.0122, % updates: 2.535%
INFO:root:-- EPOCH 46 (34.604 seconds):
INFO:root:COST >> 0.406 +/- 0.0091, % updates: 2.551%
INFO:root:-- EPOCH 47 (33.067 seconds):
INFO:root:COST >> 0.3962 +/- 0.0129, % updates: 2.509%
INFO:root:-- EPOCH 48 (32.993 seconds):
INFO:root:COST >> 0.4016 +/- 0.0093, % updates: 2.526%
INFO:root:-- EPOCH 49 (33.121 seconds):
INFO:root:COST >> 0.3858 +/- 0.0086, % updates: 2.452%
INFO:root:-- EPOCH 50 (33.196 seconds):
INFO:root:COST >> 0.3878 +/- 0.0142, % updates: 2.416%
INFO:root:-- EPOCH 51 (33.198 seconds):
INFO:root:COST >> 0.3861 +/- 0.0106, % updates: 2.419%
INFO:root:-- EPOCH 52 (34.56 seconds):
INFO:root:COST >> 0.3817 +/- 0.0124, % updates: 2.414%
INFO:root:-- EPOCH 53 (33.109 seconds):
INFO:root:COST >> 0.377 +/- 0.008, % updates: 2.365%
INFO:root:-- EPOCH 54 (33.422 seconds):
INFO:root:COST >> 0.3806 +/- 0.0066, % updates: 2.368%
INFO:root:-- EPOCH 55 (32.992 seconds):
INFO:root:COST >> 0.3708 +/- 0.0061, % updates: 2.319%
INFO:root:-- EPOCH 56 (33.902 seconds):
INFO:root:COST >> 0.3762 +/- 0.0092, % updates: 2.343%
INFO:root:-- EPOCH 57 (33.118 seconds):
INFO:root:COST >> 0.3708 +/- 0.0064, % updates: 2.305%
INFO:root:-- EPOCH 58 (33.017 seconds):
INFO:root:COST >> 0.3714 +/- 0.0097, % updates: 2.316%
INFO:root:-- EPOCH 59 (32.869 seconds):
INFO:root:COST >> 0.3702 +/- 0.0147, % updates: 2.281%
INFO:root:-- EPOCH 60 (33.004 seconds):
INFO:root:COST >> 0.3673 +/- 0.0125, % updates: 2.267%
INFO:root:-- EPOCH 61 (32.988 seconds):
INFO:root:COST >> 0.365 +/- 0.0086, % updates: 2.237%
INFO:root:-- EPOCH 62 (33.092 seconds):
INFO:root:COST >> 0.3674 +/- 0.0084, % updates: 2.265%
INFO:root:-- EPOCH 63 (33.052 seconds):
INFO:root:COST >> 0.3633 +/- 0.0081, % updates: 2.23%
INFO:root:-- EPOCH 64 (33.22 seconds):
INFO:root:COST >> 0.3579 +/- 0.0106, % updates: 2.219%
INFO:root:-- EPOCH 65 (33.203 seconds):
INFO:root:COST >> 0.359 +/- 0.0052, % updates: 2.207%
INFO:root:-- EPOCH 66 (33.159 seconds):
INFO:root:COST >> 0.3618 +/- 0.0142, % updates: 2.2%
INFO:root:-- EPOCH 67 (33.044 seconds):
INFO:root:COST >> 0.3552 +/- 0.0092, % updates: 2.184%
INFO:root:-- EPOCH 68 (32.948 seconds):
INFO:root:COST >> 0.3499 +/- 0.0098, % updates: 2.159%
INFO:root:-- EPOCH 69 (38.276 seconds):
INFO:root:COST >> 0.3531 +/- 0.0118, % updates: 2.167%
INFO:root:-- EPOCH 70 (33.543 seconds):
INFO:root:COST >> 0.3521 +/- 0.0111, % updates: 2.138%
INFO:root:-- EPOCH 71 (32.96 seconds):
INFO:root:COST >> 0.3486 +/- 0.0118, % updates: 2.128%
INFO:root:-- EPOCH 72 (33.069 seconds):
INFO:root:COST >> 0.3508 +/- 0.0141, % updates: 2.146%
INFO:root:-- EPOCH 73 (33.118 seconds):
INFO:root:COST >> 0.3461 +/- 0.0078, % updates: 2.119%
INFO:root:-- EPOCH 74 (33.602 seconds):
INFO:root:COST >> 0.349 +/- 0.0118, % updates: 2.113%
INFO:root:-- EPOCH 75 (33.234 seconds):
INFO:root:COST >> 0.3454 +/- 0.0084, % updates: 2.094%
INFO:root:-- EPOCH 76 (32.932 seconds):
INFO:root:COST >> 0.346 +/- 0.0097, % updates: 2.097%
INFO:root:-- EPOCH 77 (33.049 seconds):
INFO:root:COST >> 0.3387 +/- 0.0064, % updates: 2.064%
INFO:root:-- EPOCH 78 (33.09 seconds):
INFO:root:COST >> 0.3378 +/- 0.0089, % updates: 2.061%
INFO:root:-- EPOCH 79 (33.097 seconds):
INFO:root:COST >> 0.3388 +/- 0.0112, % updates: 2.065%
INFO:root:-- EPOCH 80 (32.916 seconds):
INFO:root:COST >> 0.3456 +/- 0.0136, % updates: 2.066%
INFO:root:-- EPOCH 81 (32.964 seconds):
INFO:root:COST >> 0.3342 +/- 0.0111, % updates: 2.05%
INFO:root:-- EPOCH 82 (32.995 seconds):
INFO:root:COST >> 0.333 +/- 0.0064, % updates: 2.027%
INFO:root:-- EPOCH 83 (34.542 seconds):
INFO:root:COST >> 0.3366 +/- 0.0107, % updates: 2.038%
INFO:root:-- EPOCH 84 (38.167 seconds):
INFO:root:COST >> 0.3345 +/- 0.0096, % updates: 2.021%
INFO:root:-- EPOCH 85 (34.305 seconds):
INFO:root:COST >> 0.331 +/- 0.0102, % updates: 1.997%
INFO:root:-- EPOCH 86 (35.204 seconds):
INFO:root:COST >> 0.3369 +/- 0.0065, % updates: 2.027%
INFO:root:-- EPOCH 87 (33.279 seconds):
INFO:root:COST >> 0.3312 +/- 0.0056, % updates: 1.993%
INFO:root:-- EPOCH 88 (34.882 seconds):
INFO:root:COST >> 0.3326 +/- 0.0089, % updates: 1.997%
INFO:root:-- EPOCH 89 (33.695 seconds):
INFO:root:COST >> 0.3284 +/- 0.0081, % updates: 1.983%
INFO:root:-- EPOCH 90 (34.097 seconds):
INFO:root:COST >> 0.3272 +/- 0.0074, % updates: 1.985%
INFO:root:-- EPOCH 91 (35.589 seconds):
INFO:root:COST >> 0.3317 +/- 0.0104, % updates: 1.979%
INFO:root:-- EPOCH 92 (31.758 seconds):
INFO:root:COST >> 0.3304 +/- 0.0098, % updates: 1.971%
INFO:root:-- EPOCH 93 (33.158 seconds):
INFO:root:COST >> 0.3231 +/- 0.0055, % updates: 1.95%
INFO:root:-- EPOCH 94 (32.81 seconds):
INFO:root:COST >> 0.3293 +/- 0.0101, % updates: 1.966%
INFO:root:-- EPOCH 95 (32.823 seconds):
INFO:root:COST >> 0.3223 +/- 0.0083, % updates: 1.936%
INFO:root:-- EPOCH 96 (38.467 seconds):
INFO:root:COST >> 0.3258 +/- 0.011, % updates: 1.94%
INFO:root:-- EPOCH 97 (32.516 seconds):
INFO:root:COST >> 0.3249 +/- 0.0096, % updates: 1.955%
INFO:root:-- EPOCH 98 (34.075 seconds):
INFO:root:COST >> 0.3214 +/- 0.0115, % updates: 1.925%
INFO:root:-- EPOCH 99 (33.227 seconds):
INFO:root:COST >> 0.3223 +/- 0.0078, % updates: 1.905%
INFO:root:-- EPOCH 100 (37.111 seconds):
INFO:root:COST >> 0.3181 +/- 0.0084, % updates: 1.908%
INFO:root:### MICRO (raw valid):
INFO:root:	-- left   >> mean: 316.913, median: 24.0, hits@10: 36.756%
INFO:root:	-- right  >> mean: 203.40622, median: 14.0, hits@10: 44.898%
INFO:root:	-- global >> mean: 260.15961, median: 18.0, hits@10: 40.827%
INFO:root:### MACRO (raw valid):
INFO:root:	-- left   >> mean: 308.27034, median: 247.30677, hits@10: 39.894%
INFO:root:	-- right  >> mean: 221.38056, median: 163.69269, hits@10: 46.262%
INFO:root:	-- global >> mean: 264.82545, median: 155.15775, hits@10: 43.078%
INFO:root:### MICRO (filtered valid):
INFO:root:	-- left   >> mean: 149.15542, median: 8.0, hits@10: 53.822%
INFO:root:	-- right  >> mean: 104.18622, median: 6.0, hits@10: 59.604%
INFO:root:	-- global >> mean: 126.67082, median: 7.0, hits@10: 56.713%
INFO:root:### MACRO (filtered valid):
INFO:root:	-- left   >> mean: 271.83535, median: 207.6441, hits@10: 50.562%
INFO:root:	-- right  >> mean: 204.45276, median: 146.05186, hits@10: 54.036%
INFO:root:	-- global >> mean: 238.14405, median: 148.03712, hits@10: 52.299%
INFO:root:### MICRO (raw test):
INFO:root:	-- left   >> mean: 309.84158, median: 23.0, hits@10: 37.203%
INFO:root:	-- right  >> mean: 208.65415, median: 14.0, hits@10: 44.27%
INFO:root:	-- global >> mean: 259.24786, median: 18.0, hits@10: 40.737%
INFO:root:### MACRO (raw test):
INFO:root:	-- left   >> mean: 283.65475, median: 225.54787, hits@10: 40.329%
INFO:root:	-- right  >> mean: 297.34159, median: 239.90895, hits@10: 46.867%
INFO:root:	-- global >> mean: 290.49817, median: 177.76691, hits@10: 43.598%
INFO:root:### MICRO (filtered test):
INFO:root:	-- left   >> mean: 145.5482, median: 8.0, hits@10: 54.164%
INFO:root:	-- right  >> mean: 104.59092, median: 6.0, hits@10: 59.307%
INFO:root:	-- global >> mean: 125.06956, median: 7.0, hits@10: 56.735%
INFO:root:### MACRO (filtered test):
INFO:root:	-- left   >> mean: 249.06171, median: 187.42404, hits@10: 51.317%
INFO:root:	-- right  >> mean: 281.08793, median: 222.76483, hits@10: 54.055%
INFO:root:	-- global >> mean: 265.07482, median: 170.91571, hits@10: 52.686%
