INFO:root:Shape for training set: (16296, 483142)
INFO:root:State: {'ndim': '20', 'test_all': '100', 'test_path': 'data/fb15k/FB15k-test.pkl', 'nhid': '20', 'lremb': '0.1', 'seed': '123', 'simfn': 'L2', 'valid_path': 'data/fb15k/FB15k-valid.pkl', 'nbatches': '10', 'lrparam': '0.1', 'decay': '0.999', 'show_hinton_diagrams': 'False', 'no_rescaling': 'True', 'Nrel': '1345', 'ranking_score_right': 'False', 'Nent': '16296', 'Nsyn': '14951', 'method': 'ADAGRAD', 'loss_margin': '2.0', 'C': '1.0', 'epsilon': '1e-06', 'use_db': 'False', 'max_lr': 'None', 'l1_param_weight': 'None', 'filtered': 'True', 'name': 'fb15k_margin/fb15k_XiNScalE_415', 'totepochs': '100', 'l2_param_weight': 'None', 'train_path': 'data/fb15k/FB15k-train.pkl', 'op': 'XiNScalE'}
INFO:root:Starting the Experiment ..
INFO:root:-- EPOCH 1 (8.099 seconds):
INFO:root:COST >> 2.8967 +/- 0.7972, % updates: 77.481%
INFO:root:-- EPOCH 2 (7.799 seconds):
INFO:root:COST >> 1.0753 +/- 0.1941, % updates: 35.602%
INFO:root:-- EPOCH 3 (8.005 seconds):
INFO:root:COST >> 0.6816 +/- 0.0443, % updates: 22.101%
INFO:root:-- EPOCH 4 (7.837 seconds):
INFO:root:COST >> 0.5556 +/- 0.017, % updates: 17.496%
INFO:root:-- EPOCH 5 (7.967 seconds):
INFO:root:COST >> 0.4898 +/- 0.0104, % updates: 15.122%
INFO:root:-- EPOCH 6 (7.882 seconds):
INFO:root:COST >> 0.4488 +/- 0.0064, % updates: 13.698%
INFO:root:-- EPOCH 7 (8.065 seconds):
INFO:root:COST >> 0.4197 +/- 0.0071, % updates: 12.681%
INFO:root:-- EPOCH 8 (7.607 seconds):
INFO:root:COST >> 0.3988 +/- 0.0033, % updates: 11.961%
INFO:root:-- EPOCH 9 (7.782 seconds):
INFO:root:COST >> 0.3789 +/- 0.0034, % updates: 11.35%
INFO:root:-- EPOCH 10 (7.734 seconds):
INFO:root:COST >> 0.3664 +/- 0.0043, % updates: 10.884%
INFO:root:-- EPOCH 11 (7.685 seconds):
INFO:root:COST >> 0.3559 +/- 0.0038, % updates: 10.58%
INFO:root:-- EPOCH 12 (7.961 seconds):
INFO:root:COST >> 0.3451 +/- 0.0031, % updates: 10.202%
INFO:root:-- EPOCH 13 (8.165 seconds):
INFO:root:COST >> 0.3348 +/- 0.004, % updates: 9.938%
INFO:root:-- EPOCH 14 (7.802 seconds):
INFO:root:COST >> 0.3282 +/- 0.0039, % updates: 9.686%
INFO:root:-- EPOCH 15 (8.19 seconds):
INFO:root:COST >> 0.3202 +/- 0.0041, % updates: 9.431%
INFO:root:-- EPOCH 16 (7.813 seconds):
INFO:root:COST >> 0.314 +/- 0.005, % updates: 9.226%
INFO:root:-- EPOCH 17 (8.369 seconds):
INFO:root:COST >> 0.3082 +/- 0.0045, % updates: 9.067%
INFO:root:-- EPOCH 18 (7.854 seconds):
INFO:root:COST >> 0.3009 +/- 0.0067, % updates: 8.83%
INFO:root:-- EPOCH 19 (9.26 seconds):
INFO:root:COST >> 0.2964 +/- 0.0033, % updates: 8.691%
INFO:root:-- EPOCH 20 (9.415 seconds):
INFO:root:COST >> 0.2903 +/- 0.0028, % updates: 8.556%
INFO:root:-- EPOCH 21 (8.863 seconds):
INFO:root:COST >> 0.2876 +/- 0.0036, % updates: 8.435%
INFO:root:-- EPOCH 22 (7.828 seconds):
INFO:root:COST >> 0.2822 +/- 0.0028, % updates: 8.253%
INFO:root:-- EPOCH 23 (7.883 seconds):
INFO:root:COST >> 0.2776 +/- 0.0033, % updates: 8.136%
INFO:root:-- EPOCH 24 (7.792 seconds):
INFO:root:COST >> 0.2751 +/- 0.0037, % updates: 8.031%
INFO:root:-- EPOCH 25 (7.873 seconds):
INFO:root:COST >> 0.2708 +/- 0.0028, % updates: 7.928%
INFO:root:-- EPOCH 26 (8.841 seconds):
INFO:root:COST >> 0.2667 +/- 0.0027, % updates: 7.805%
INFO:root:-- EPOCH 27 (6.966 seconds):
INFO:root:COST >> 0.2654 +/- 0.0033, % updates: 7.739%
INFO:root:-- EPOCH 28 (6.954 seconds):
INFO:root:COST >> 0.2623 +/- 0.0028, % updates: 7.655%
INFO:root:-- EPOCH 29 (6.877 seconds):
INFO:root:COST >> 0.2581 +/- 0.0033, % updates: 7.553%
INFO:root:-- EPOCH 30 (6.765 seconds):
INFO:root:COST >> 0.2572 +/- 0.0039, % updates: 7.461%
INFO:root:-- EPOCH 31 (6.848 seconds):
INFO:root:COST >> 0.2513 +/- 0.0034, % updates: 7.348%
INFO:root:-- EPOCH 32 (6.802 seconds):
INFO:root:COST >> 0.2505 +/- 0.0023, % updates: 7.3%
INFO:root:-- EPOCH 33 (6.725 seconds):
INFO:root:COST >> 0.2473 +/- 0.0038, % updates: 7.205%
INFO:root:-- EPOCH 34 (6.743 seconds):
INFO:root:COST >> 0.2436 +/- 0.0028, % updates: 7.118%
INFO:root:-- EPOCH 35 (6.944 seconds):
INFO:root:COST >> 0.2418 +/- 0.0039, % updates: 7.062%
INFO:root:-- EPOCH 36 (7.782 seconds):
INFO:root:COST >> 0.2408 +/- 0.0036, % updates: 7.018%
INFO:root:-- EPOCH 37 (7.177 seconds):
INFO:root:COST >> 0.2391 +/- 0.0021, % updates: 6.993%
INFO:root:-- EPOCH 38 (8.16 seconds):
INFO:root:COST >> 0.2381 +/- 0.0032, % updates: 6.919%
INFO:root:-- EPOCH 39 (7.504 seconds):
INFO:root:COST >> 0.2346 +/- 0.0026, % updates: 6.835%
INFO:root:-- EPOCH 40 (7.361 seconds):
INFO:root:COST >> 0.2339 +/- 0.0022, % updates: 6.816%
INFO:root:-- EPOCH 41 (7.08 seconds):
INFO:root:COST >> 0.2322 +/- 0.0045, % updates: 6.768%
INFO:root:-- EPOCH 42 (7.377 seconds):
INFO:root:COST >> 0.2322 +/- 0.0033, % updates: 6.735%
INFO:root:-- EPOCH 43 (7.14 seconds):
INFO:root:COST >> 0.2281 +/- 0.0047, % updates: 6.661%
INFO:root:-- EPOCH 44 (8.047 seconds):
INFO:root:COST >> 0.2249 +/- 0.0033, % updates: 6.57%
INFO:root:-- EPOCH 45 (7.454 seconds):
INFO:root:COST >> 0.2265 +/- 0.0054, % updates: 6.594%
INFO:root:-- EPOCH 46 (6.956 seconds):
INFO:root:COST >> 0.2216 +/- 0.0035, % updates: 6.471%
INFO:root:-- EPOCH 47 (6.806 seconds):
INFO:root:COST >> 0.2232 +/- 0.0034, % updates: 6.505%
INFO:root:-- EPOCH 48 (6.918 seconds):
INFO:root:COST >> 0.2208 +/- 0.0039, % updates: 6.429%
INFO:root:-- EPOCH 49 (6.813 seconds):
INFO:root:COST >> 0.2179 +/- 0.0028, % updates: 6.348%
INFO:root:-- EPOCH 50 (6.692 seconds):
INFO:root:COST >> 0.2168 +/- 0.0031, % updates: 6.325%
INFO:root:-- EPOCH 51 (6.768 seconds):
INFO:root:COST >> 0.2155 +/- 0.0028, % updates: 6.275%
INFO:root:-- EPOCH 52 (6.729 seconds):
INFO:root:COST >> 0.2142 +/- 0.0042, % updates: 6.228%
INFO:root:-- EPOCH 53 (7.026 seconds):
INFO:root:COST >> 0.2129 +/- 0.0029, % updates: 6.201%
INFO:root:-- EPOCH 54 (7.775 seconds):
INFO:root:COST >> 0.2123 +/- 0.0047, % updates: 6.204%
INFO:root:-- EPOCH 55 (8.094 seconds):
INFO:root:COST >> 0.2119 +/- 0.0025, % updates: 6.184%
INFO:root:-- EPOCH 56 (6.738 seconds):
INFO:root:COST >> 0.2112 +/- 0.0035, % updates: 6.11%
INFO:root:-- EPOCH 57 (6.914 seconds):
INFO:root:COST >> 0.2086 +/- 0.0024, % updates: 6.087%
INFO:root:-- EPOCH 58 (6.633 seconds):
INFO:root:COST >> 0.2069 +/- 0.0031, % updates: 6.022%
INFO:root:-- EPOCH 59 (6.616 seconds):
INFO:root:COST >> 0.2056 +/- 0.0031, % updates: 6.003%
INFO:root:-- EPOCH 60 (7.061 seconds):
INFO:root:COST >> 0.2033 +/- 0.0021, % updates: 5.953%
INFO:root:-- EPOCH 61 (6.785 seconds):
INFO:root:COST >> 0.2027 +/- 0.0018, % updates: 5.902%
INFO:root:-- EPOCH 62 (6.669 seconds):
INFO:root:COST >> 0.2022 +/- 0.0021, % updates: 5.894%
INFO:root:-- EPOCH 63 (6.727 seconds):
INFO:root:COST >> 0.2025 +/- 0.002, % updates: 5.915%
INFO:root:-- EPOCH 64 (6.938 seconds):
INFO:root:COST >> 0.1992 +/- 0.003, % updates: 5.823%
INFO:root:-- EPOCH 65 (6.493 seconds):
INFO:root:COST >> 0.1986 +/- 0.002, % updates: 5.804%
INFO:root:-- EPOCH 66 (6.596 seconds):
INFO:root:COST >> 0.1989 +/- 0.0028, % updates: 5.8%
INFO:root:-- EPOCH 67 (6.687 seconds):
INFO:root:COST >> 0.1962 +/- 0.0039, % updates: 5.735%
INFO:root:-- EPOCH 68 (6.723 seconds):
INFO:root:COST >> 0.1972 +/- 0.003, % updates: 5.743%
INFO:root:-- EPOCH 69 (6.731 seconds):
INFO:root:COST >> 0.1947 +/- 0.0038, % updates: 5.691%
INFO:root:-- EPOCH 70 (6.782 seconds):
INFO:root:COST >> 0.1932 +/- 0.0017, % updates: 5.661%
INFO:root:-- EPOCH 71 (6.989 seconds):
INFO:root:COST >> 0.1953 +/- 0.0023, % updates: 5.701%
INFO:root:-- EPOCH 72 (6.761 seconds):
INFO:root:COST >> 0.1921 +/- 0.0033, % updates: 5.607%
INFO:root:-- EPOCH 73 (6.804 seconds):
INFO:root:COST >> 0.1923 +/- 0.0034, % updates: 5.583%
INFO:root:-- EPOCH 74 (6.795 seconds):
INFO:root:COST >> 0.1892 +/- 0.0048, % updates: 5.552%
INFO:root:-- EPOCH 75 (8.554 seconds):
INFO:root:COST >> 0.1896 +/- 0.0028, % updates: 5.561%
INFO:root:-- EPOCH 76 (6.938 seconds):
INFO:root:COST >> 0.1892 +/- 0.0023, % updates: 5.508%
INFO:root:-- EPOCH 77 (7.568 seconds):
INFO:root:COST >> 0.1872 +/- 0.0034, % updates: 5.454%
INFO:root:-- EPOCH 78 (7.057 seconds):
INFO:root:COST >> 0.1872 +/- 0.0024, % updates: 5.462%
INFO:root:-- EPOCH 79 (7.272 seconds):
INFO:root:COST >> 0.1868 +/- 0.0029, % updates: 5.461%
INFO:root:-- EPOCH 80 (7.214 seconds):
INFO:root:COST >> 0.1846 +/- 0.0028, % updates: 5.404%
INFO:root:-- EPOCH 81 (6.709 seconds):
INFO:root:COST >> 0.1858 +/- 0.0038, % updates: 5.43%
INFO:root:-- EPOCH 82 (7.185 seconds):
INFO:root:COST >> 0.1846 +/- 0.0034, % updates: 5.384%
INFO:root:-- EPOCH 83 (6.8 seconds):
INFO:root:COST >> 0.1841 +/- 0.0027, % updates: 5.356%
INFO:root:-- EPOCH 84 (6.908 seconds):
INFO:root:COST >> 0.1822 +/- 0.003, % updates: 5.338%
INFO:root:-- EPOCH 85 (6.648 seconds):
INFO:root:COST >> 0.184 +/- 0.0038, % updates: 5.347%
INFO:root:-- EPOCH 86 (8.698 seconds):
INFO:root:COST >> 0.1797 +/- 0.0025, % updates: 5.274%
INFO:root:-- EPOCH 87 (6.797 seconds):
INFO:root:COST >> 0.1809 +/- 0.0029, % updates: 5.267%
INFO:root:-- EPOCH 88 (7.209 seconds):
INFO:root:COST >> 0.1805 +/- 0.0037, % updates: 5.28%
INFO:root:-- EPOCH 89 (6.805 seconds):
INFO:root:COST >> 0.1825 +/- 0.0024, % updates: 5.31%
INFO:root:-- EPOCH 90 (6.962 seconds):
INFO:root:COST >> 0.1789 +/- 0.0042, % updates: 5.24%
INFO:root:-- EPOCH 91 (8.81 seconds):
INFO:root:COST >> 0.1778 +/- 0.0024, % updates: 5.203%
INFO:root:-- EPOCH 92 (8.872 seconds):
INFO:root:COST >> 0.1784 +/- 0.0027, % updates: 5.23%
INFO:root:-- EPOCH 93 (7.667 seconds):
INFO:root:COST >> 0.1781 +/- 0.003, % updates: 5.201%
INFO:root:-- EPOCH 94 (7.158 seconds):
INFO:root:COST >> 0.1763 +/- 0.0034, % updates: 5.148%
INFO:root:-- EPOCH 95 (8.055 seconds):
INFO:root:COST >> 0.1752 +/- 0.0022, % updates: 5.126%
INFO:root:-- EPOCH 96 (7.473 seconds):
INFO:root:COST >> 0.1742 +/- 0.0032, % updates: 5.116%
INFO:root:-- EPOCH 97 (7.452 seconds):
INFO:root:COST >> 0.1748 +/- 0.0039, % updates: 5.079%
INFO:root:-- EPOCH 98 (7.735 seconds):
INFO:root:COST >> 0.1749 +/- 0.004, % updates: 5.087%
INFO:root:-- EPOCH 99 (7.609 seconds):
INFO:root:COST >> 0.1744 +/- 0.0039, % updates: 5.1%
INFO:root:-- EPOCH 100 (7.688 seconds):
INFO:root:COST >> 0.1723 +/- 0.0029, % updates: 5.035%
INFO:root:### MICRO (raw valid):
INFO:root:	-- left   >> mean: 422.32788, median: 102.0, hits@10: 17.17%
INFO:root:	-- right  >> mean: 328.2187, median: 58.0, hits@10: 24.418%
INFO:root:	-- global >> mean: 375.27329, median: 77.0, hits@10: 20.794%
INFO:root:### MACRO (raw valid):
INFO:root:	-- left   >> mean: 582.70127, median: 511.08079, hits@10: 17.374%
INFO:root:	-- right  >> mean: 535.4361, median: 465.96288, hits@10: 25.054%
INFO:root:	-- global >> mean: 559.06869, median: 414.70797, hits@10: 21.214%
INFO:root:### MICRO (filtered valid):
INFO:root:	-- left   >> mean: 297.47892, median: 63.0, hits@10: 23.034%
INFO:root:	-- right  >> mean: 251.09836, median: 43.0, hits@10: 29.684%
INFO:root:	-- global >> mean: 274.28864, median: 53.0, hits@10: 26.359%
INFO:root:### MACRO (filtered valid):
INFO:root:	-- left   >> mean: 554.44942, median: 479.98745, hits@10: 21.033%
INFO:root:	-- right  >> mean: 521.99195, median: 451.24127, hits@10: 27.654%
INFO:root:	-- global >> mean: 538.22069, median: 409.47052, hits@10: 24.344%
INFO:root:### MICRO (raw test):
INFO:root:	-- left   >> mean: 420.78746, median: 102.0, hits@10: 17.382%
INFO:root:	-- right  >> mean: 332.35208, median: 60.0, hits@10: 24.257%
INFO:root:	-- global >> mean: 376.56977, median: 78.0, hits@10: 20.82%
INFO:root:### MACRO (raw test):
INFO:root:	-- left   >> mean: 715.85404, median: 635.93288, hits@10: 18.513%
INFO:root:	-- right  >> mean: 683.35969, median: 602.57856, hits@10: 25.746%
INFO:root:	-- global >> mean: 699.60686, median: 541.05931, hits@10: 22.13%
INFO:root:### MICRO (filtered test):
INFO:root:	-- left   >> mean: 297.61065, median: 63.0, hits@10: 23.236%
INFO:root:	-- right  >> mean: 253.29275, median: 44.0, hits@10: 29.534%
INFO:root:	-- global >> mean: 275.4517, median: 53.0, hits@10: 26.385%
INFO:root:### MACRO (filtered test):
INFO:root:	-- left   >> mean: 688.7421, median: 606.46046, hits@10: 21.814%
INFO:root:	-- right  >> mean: 670.56157, median: 588.53746, hits@10: 28.527%
INFO:root:	-- global >> mean: 679.65184, median: 536.26327, hits@10: 25.17%
