INFO:root:Shape for training set: (16296, 483142)
INFO:root:State: {'ndim': '20', 'test_all': '100', 'test_path': 'data/fb15k/FB15k-test.pkl', 'nhid': '20', 'lremb': '0.1', 'seed': '123', 'simfn': 'dot', 'valid_path': 'data/fb15k/FB15k-valid.pkl', 'nbatches': '10', 'lrparam': '0.1', 'decay': '0.999', 'show_hinton_diagrams': 'False', 'no_rescaling': 'True', 'Nrel': '1345', 'ranking_score_right': 'False', 'Nent': '16296', 'Nsyn': '14951', 'method': 'ADAGRAD', 'loss_margin': '10.0', 'C': '1.0', 'epsilon': '1e-06', 'use_db': 'False', 'max_lr': 'None', 'l1_param_weight': 'None', 'filtered': 'True', 'name': 'fb15k_margin/fb15k_XiNScalE_425', 'totepochs': '100', 'l2_param_weight': 'None', 'train_path': 'data/fb15k/FB15k-train.pkl', 'op': 'XiNScalE'}
INFO:root:Starting the Experiment ..
INFO:root:-- EPOCH 1 (6.534 seconds):
INFO:root:COST >> 19.0964 +/- 2.0419, % updates: 92.419%
INFO:root:-- EPOCH 2 (6.532 seconds):
INFO:root:COST >> 8.4651 +/- 2.559, % updates: 50.077%
INFO:root:-- EPOCH 3 (6.474 seconds):
INFO:root:COST >> 3.1661 +/- 0.4222, % updates: 18.933%
INFO:root:-- EPOCH 4 (6.307 seconds):
INFO:root:COST >> 1.9722 +/- 0.0877, % updates: 11.509%
INFO:root:-- EPOCH 5 (6.386 seconds):
INFO:root:COST >> 1.5356 +/- 0.0393, % updates: 8.777%
INFO:root:-- EPOCH 6 (6.394 seconds):
INFO:root:COST >> 1.3202 +/- 0.0314, % updates: 7.409%
INFO:root:-- EPOCH 7 (6.392 seconds):
INFO:root:COST >> 1.1787 +/- 0.0201, % updates: 6.566%
INFO:root:-- EPOCH 8 (6.458 seconds):
INFO:root:COST >> 1.0842 +/- 0.0123, % updates: 5.978%
INFO:root:-- EPOCH 9 (6.351 seconds):
INFO:root:COST >> 1.0215 +/- 0.0168, % updates: 5.602%
INFO:root:-- EPOCH 10 (6.37 seconds):
INFO:root:COST >> 0.9596 +/- 0.0112, % updates: 5.238%
INFO:root:-- EPOCH 11 (6.219 seconds):
INFO:root:COST >> 0.9218 +/- 0.0117, % updates: 5.009%
INFO:root:-- EPOCH 12 (6.393 seconds):
INFO:root:COST >> 0.8861 +/- 0.0212, % updates: 4.806%
INFO:root:-- EPOCH 13 (6.363 seconds):
INFO:root:COST >> 0.8511 +/- 0.019, % updates: 4.582%
INFO:root:-- EPOCH 14 (6.435 seconds):
INFO:root:COST >> 0.8232 +/- 0.0133, % updates: 4.428%
INFO:root:-- EPOCH 15 (6.276 seconds):
INFO:root:COST >> 0.811 +/- 0.0216, % updates: 4.344%
INFO:root:-- EPOCH 16 (6.36 seconds):
INFO:root:COST >> 0.7846 +/- 0.0148, % updates: 4.213%
INFO:root:-- EPOCH 17 (6.314 seconds):
INFO:root:COST >> 0.7649 +/- 0.0097, % updates: 4.094%
INFO:root:-- EPOCH 18 (6.302 seconds):
INFO:root:COST >> 0.7466 +/- 0.0143, % updates: 3.993%
INFO:root:-- EPOCH 19 (6.554 seconds):
INFO:root:COST >> 0.735 +/- 0.009, % updates: 3.931%
INFO:root:-- EPOCH 20 (6.462 seconds):
INFO:root:COST >> 0.7247 +/- 0.0123, % updates: 3.866%
INFO:root:-- EPOCH 21 (6.348 seconds):
INFO:root:COST >> 0.7117 +/- 0.0152, % updates: 3.803%
INFO:root:-- EPOCH 22 (6.37 seconds):
INFO:root:COST >> 0.7024 +/- 0.0145, % updates: 3.73%
INFO:root:-- EPOCH 23 (6.334 seconds):
INFO:root:COST >> 0.6968 +/- 0.0117, % updates: 3.689%
INFO:root:-- EPOCH 24 (6.426 seconds):
INFO:root:COST >> 0.6878 +/- 0.0145, % updates: 3.65%
INFO:root:-- EPOCH 25 (6.891 seconds):
INFO:root:COST >> 0.6712 +/- 0.0107, % updates: 3.568%
INFO:root:-- EPOCH 26 (6.296 seconds):
INFO:root:COST >> 0.6682 +/- 0.0183, % updates: 3.535%
INFO:root:-- EPOCH 27 (6.31 seconds):
INFO:root:COST >> 0.653 +/- 0.0131, % updates: 3.467%
INFO:root:-- EPOCH 28 (6.422 seconds):
INFO:root:COST >> 0.6515 +/- 0.0086, % updates: 3.444%
INFO:root:-- EPOCH 29 (6.595 seconds):
INFO:root:COST >> 0.6491 +/- 0.0147, % updates: 3.421%
INFO:root:-- EPOCH 30 (6.357 seconds):
INFO:root:COST >> 0.6385 +/- 0.0154, % updates: 3.399%
INFO:root:-- EPOCH 31 (6.357 seconds):
INFO:root:COST >> 0.6295 +/- 0.0154, % updates: 3.321%
INFO:root:-- EPOCH 32 (6.365 seconds):
INFO:root:COST >> 0.6249 +/- 0.0127, % updates: 3.287%
INFO:root:-- EPOCH 33 (6.729 seconds):
INFO:root:COST >> 0.6181 +/- 0.0166, % updates: 3.271%
INFO:root:-- EPOCH 34 (6.607 seconds):
INFO:root:COST >> 0.6134 +/- 0.0078, % updates: 3.247%
INFO:root:-- EPOCH 35 (6.472 seconds):
INFO:root:COST >> 0.607 +/- 0.0076, % updates: 3.207%
INFO:root:-- EPOCH 36 (6.414 seconds):
INFO:root:COST >> 0.6072 +/- 0.0153, % updates: 3.202%
INFO:root:-- EPOCH 37 (6.49 seconds):
INFO:root:COST >> 0.595 +/- 0.0134, % updates: 3.151%
INFO:root:-- EPOCH 38 (7.558 seconds):
INFO:root:COST >> 0.5914 +/- 0.0134, % updates: 3.117%
INFO:root:-- EPOCH 39 (6.456 seconds):
INFO:root:COST >> 0.5929 +/- 0.0129, % updates: 3.115%
INFO:root:-- EPOCH 40 (6.367 seconds):
INFO:root:COST >> 0.588 +/- 0.0124, % updates: 3.085%
INFO:root:-- EPOCH 41 (6.342 seconds):
INFO:root:COST >> 0.5857 +/- 0.0133, % updates: 3.073%
INFO:root:-- EPOCH 42 (6.353 seconds):
INFO:root:COST >> 0.5756 +/- 0.0151, % updates: 3.027%
INFO:root:-- EPOCH 43 (6.21 seconds):
INFO:root:COST >> 0.5797 +/- 0.0144, % updates: 3.048%
INFO:root:-- EPOCH 44 (6.651 seconds):
INFO:root:COST >> 0.5715 +/- 0.0095, % updates: 3.006%
INFO:root:-- EPOCH 45 (6.407 seconds):
INFO:root:COST >> 0.5653 +/- 0.0176, % updates: 2.977%
INFO:root:-- EPOCH 46 (6.431 seconds):
INFO:root:COST >> 0.5637 +/- 0.0093, % updates: 2.96%
INFO:root:-- EPOCH 47 (6.43 seconds):
INFO:root:COST >> 0.561 +/- 0.0148, % updates: 2.951%
INFO:root:-- EPOCH 48 (6.41 seconds):
INFO:root:COST >> 0.5603 +/- 0.0128, % updates: 2.929%
INFO:root:-- EPOCH 49 (6.566 seconds):
INFO:root:COST >> 0.549 +/- 0.0122, % updates: 2.884%
INFO:root:-- EPOCH 50 (6.776 seconds):
INFO:root:COST >> 0.5517 +/- 0.0129, % updates: 2.882%
INFO:root:-- EPOCH 51 (6.266 seconds):
INFO:root:COST >> 0.5562 +/- 0.0116, % updates: 2.917%
INFO:root:-- EPOCH 52 (6.665 seconds):
INFO:root:COST >> 0.5488 +/- 0.016, % updates: 2.889%
INFO:root:-- EPOCH 53 (6.422 seconds):
INFO:root:COST >> 0.5448 +/- 0.0143, % updates: 2.858%
INFO:root:-- EPOCH 54 (6.293 seconds):
INFO:root:COST >> 0.547 +/- 0.0132, % updates: 2.86%
INFO:root:-- EPOCH 55 (6.365 seconds):
INFO:root:COST >> 0.5415 +/- 0.0138, % updates: 2.851%
INFO:root:-- EPOCH 56 (6.325 seconds):
INFO:root:COST >> 0.5422 +/- 0.0121, % updates: 2.846%
INFO:root:-- EPOCH 57 (6.433 seconds):
INFO:root:COST >> 0.5339 +/- 0.009, % updates: 2.794%
INFO:root:-- EPOCH 58 (6.998 seconds):
INFO:root:COST >> 0.5315 +/- 0.0168, % updates: 2.778%
INFO:root:-- EPOCH 59 (6.379 seconds):
INFO:root:COST >> 0.5264 +/- 0.0083, % updates: 2.757%
INFO:root:-- EPOCH 60 (6.469 seconds):
INFO:root:COST >> 0.5295 +/- 0.0151, % updates: 2.781%
INFO:root:-- EPOCH 61 (6.362 seconds):
INFO:root:COST >> 0.5256 +/- 0.0086, % updates: 2.742%
INFO:root:-- EPOCH 62 (6.468 seconds):
INFO:root:COST >> 0.5267 +/- 0.0098, % updates: 2.759%
INFO:root:-- EPOCH 63 (6.386 seconds):
INFO:root:COST >> 0.5264 +/- 0.0093, % updates: 2.737%
INFO:root:-- EPOCH 64 (6.446 seconds):
INFO:root:COST >> 0.5118 +/- 0.0143, % updates: 2.681%
INFO:root:-- EPOCH 65 (6.831 seconds):
INFO:root:COST >> 0.5217 +/- 0.0142, % updates: 2.722%
INFO:root:-- EPOCH 66 (6.37 seconds):
INFO:root:COST >> 0.5179 +/- 0.0102, % updates: 2.703%
INFO:root:-- EPOCH 67 (6.3 seconds):
INFO:root:COST >> 0.5151 +/- 0.0144, % updates: 2.694%
INFO:root:-- EPOCH 68 (6.465 seconds):
INFO:root:COST >> 0.5171 +/- 0.0159, % updates: 2.718%
INFO:root:-- EPOCH 69 (6.457 seconds):
INFO:root:COST >> 0.5078 +/- 0.0127, % updates: 2.647%
INFO:root:-- EPOCH 70 (6.64 seconds):
INFO:root:COST >> 0.5087 +/- 0.0106, % updates: 2.651%
INFO:root:-- EPOCH 71 (6.456 seconds):
INFO:root:COST >> 0.5114 +/- 0.0134, % updates: 2.672%
INFO:root:-- EPOCH 72 (6.744 seconds):
INFO:root:COST >> 0.5106 +/- 0.0096, % updates: 2.666%
INFO:root:-- EPOCH 73 (6.418 seconds):
INFO:root:COST >> 0.5089 +/- 0.0125, % updates: 2.669%
INFO:root:-- EPOCH 74 (6.423 seconds):
INFO:root:COST >> 0.503 +/- 0.0107, % updates: 2.635%
INFO:root:-- EPOCH 75 (6.462 seconds):
INFO:root:COST >> 0.5051 +/- 0.0077, % updates: 2.635%
INFO:root:-- EPOCH 76 (6.358 seconds):
INFO:root:COST >> 0.5047 +/- 0.0103, % updates: 2.614%
INFO:root:-- EPOCH 77 (6.639 seconds):
INFO:root:COST >> 0.4988 +/- 0.0136, % updates: 2.606%
INFO:root:-- EPOCH 78 (6.43 seconds):
INFO:root:COST >> 0.5028 +/- 0.0155, % updates: 2.613%
INFO:root:-- EPOCH 79 (6.384 seconds):
INFO:root:COST >> 0.5009 +/- 0.0119, % updates: 2.605%
INFO:root:-- EPOCH 80 (6.884 seconds):
INFO:root:COST >> 0.4961 +/- 0.0099, % updates: 2.577%
INFO:root:-- EPOCH 81 (6.394 seconds):
INFO:root:COST >> 0.4973 +/- 0.0099, % updates: 2.601%
INFO:root:-- EPOCH 82 (6.506 seconds):
INFO:root:COST >> 0.4971 +/- 0.0117, % updates: 2.597%
INFO:root:-- EPOCH 83 (6.471 seconds):
INFO:root:COST >> 0.5018 +/- 0.0095, % updates: 2.597%
INFO:root:-- EPOCH 84 (6.499 seconds):
INFO:root:COST >> 0.4955 +/- 0.0114, % updates: 2.557%
INFO:root:-- EPOCH 85 (6.427 seconds):
INFO:root:COST >> 0.4916 +/- 0.0117, % updates: 2.57%
INFO:root:-- EPOCH 86 (6.494 seconds):
INFO:root:COST >> 0.4937 +/- 0.0142, % updates: 2.572%
INFO:root:-- EPOCH 87 (6.99 seconds):
INFO:root:COST >> 0.4883 +/- 0.0117, % updates: 2.543%
INFO:root:-- EPOCH 88 (6.295 seconds):
INFO:root:COST >> 0.487 +/- 0.0121, % updates: 2.547%
INFO:root:-- EPOCH 89 (6.423 seconds):
INFO:root:COST >> 0.4937 +/- 0.0141, % updates: 2.555%
INFO:root:-- EPOCH 90 (6.384 seconds):
INFO:root:COST >> 0.4959 +/- 0.0144, % updates: 2.576%
INFO:root:-- EPOCH 91 (6.277 seconds):
INFO:root:COST >> 0.4853 +/- 0.0082, % updates: 2.523%
INFO:root:-- EPOCH 92 (6.452 seconds):
INFO:root:COST >> 0.4892 +/- 0.0126, % updates: 2.551%
INFO:root:-- EPOCH 93 (6.72 seconds):
INFO:root:COST >> 0.4822 +/- 0.013, % updates: 2.532%
INFO:root:-- EPOCH 94 (6.553 seconds):
INFO:root:COST >> 0.4809 +/- 0.0133, % updates: 2.503%
INFO:root:-- EPOCH 95 (6.351 seconds):
INFO:root:COST >> 0.479 +/- 0.0144, % updates: 2.493%
INFO:root:-- EPOCH 96 (6.463 seconds):
INFO:root:COST >> 0.4784 +/- 0.0083, % updates: 2.491%
INFO:root:-- EPOCH 97 (6.632 seconds):
INFO:root:COST >> 0.4807 +/- 0.0088, % updates: 2.489%
INFO:root:-- EPOCH 98 (6.494 seconds):
INFO:root:COST >> 0.4816 +/- 0.0113, % updates: 2.516%
INFO:root:-- EPOCH 99 (6.347 seconds):
INFO:root:COST >> 0.476 +/- 0.0123, % updates: 2.484%
INFO:root:-- EPOCH 100 (6.525 seconds):
INFO:root:COST >> 0.4753 +/- 0.0129, % updates: 2.474%
INFO:root:### MICRO (raw valid):
INFO:root:	-- left   >> mean: 322.38046, median: 45.0, hits@10: 26.64%
INFO:root:	-- right  >> mean: 236.86914, median: 26.0, hits@10: 33.86%
INFO:root:	-- global >> mean: 279.6248, median: 34.0, hits@10: 30.25%
INFO:root:### MACRO (raw valid):
INFO:root:	-- left   >> mean: 530.74634, median: 419.83624, hits@10: 33.027%
INFO:root:	-- right  >> mean: 481.5751, median: 372.46124, hits@10: 38.945%
INFO:root:	-- global >> mean: 506.16072, median: 356.54694, hits@10: 35.986%
INFO:root:### MICRO (filtered valid):
INFO:root:	-- left   >> mean: 185.06582, median: 21.0, hits@10: 38.69%
INFO:root:	-- right  >> mean: 153.1641, median: 15.0, hits@10: 44.28%
INFO:root:	-- global >> mean: 169.11496, median: 18.0, hits@10: 41.485%
INFO:root:### MACRO (filtered valid):
INFO:root:	-- left   >> mean: 499.78029, median: 387.00218, hits@10: 40.941%
INFO:root:	-- right  >> mean: 467.14976, median: 357.58843, hits@10: 44.861%
INFO:root:	-- global >> mean: 483.46502, median: 349.42576, hits@10: 42.901%
INFO:root:### MICRO (raw test):
INFO:root:	-- left   >> mean: 317.25124, median: 44.0, hits@10: 26.509%
INFO:root:	-- right  >> mean: 242.04434, median: 27.0, hits@10: 33.79%
INFO:root:	-- global >> mean: 279.64779, median: 34.0, hits@10: 30.149%
INFO:root:### MACRO (raw test):
INFO:root:	-- left   >> mean: 598.23893, median: 501.6795, hits@10: 31.66%
INFO:root:	-- right  >> mean: 561.43823, median: 463.21228, hits@10: 38.718%
INFO:root:	-- global >> mean: 579.83858, median: 438.39906, hits@10: 35.189%
INFO:root:### MICRO (filtered test):
INFO:root:	-- left   >> mean: 181.81929, median: 21.0, hits@10: 38.572%
INFO:root:	-- right  >> mean: 154.24696, median: 15.0, hits@10: 44.072%
INFO:root:	-- global >> mean: 168.03312, median: 18.0, hits@10: 41.322%
INFO:root:### MACRO (filtered test):
INFO:root:	-- left   >> mean: 568.71469, median: 470.41207, hits@10: 39.635%
INFO:root:	-- right  >> mean: 547.34729, median: 448.4589, hits@10: 44.342%
INFO:root:	-- global >> mean: 558.03099, median: 431.88866, hits@10: 41.989%
