INFO:root:Shape for training set: (16296, 483142)
INFO:root:State: {'ndim': '100', 'test_all': '100', 'test_path': 'data/fb15k/FB15k-test.pkl', 'nhid': '100', 'lremb': '0.1', 'seed': '123', 'simfn': 'L1', 'valid_path': 'data/fb15k/FB15k-valid.pkl', 'nbatches': '10', 'lrparam': '0.1', 'decay': '0.999', 'show_hinton_diagrams': 'False', 'no_rescaling': 'True', 'Nrel': '1345', 'ranking_score_right': 'False', 'Nent': '16296', 'Nsyn': '14951', 'method': 'ADAGRAD', 'loss_margin': '10.0', 'C': '1.0', 'epsilon': '1e-06', 'use_db': 'False', 'max_lr': 'None', 'l1_param_weight': 'None', 'filtered': 'True', 'name': 'fb15k_margin/fb15k_XiTransE_332', 'totepochs': '100', 'l2_param_weight': 'None', 'train_path': 'data/fb15k/FB15k-train.pkl', 'op': 'XiTransE'}
INFO:root:Starting the Experiment ..
INFO:root:-- EPOCH 1 (10.495 seconds):
INFO:root:COST >> 13.6277 +/- 3.8846, % updates: 96.551%
INFO:root:-- EPOCH 2 (9.634 seconds):
INFO:root:COST >> 6.9831 +/- 0.6123, % updates: 86.164%
INFO:root:-- EPOCH 3 (9.37 seconds):
INFO:root:COST >> 5.5817 +/- 0.1861, % updates: 80.277%
INFO:root:-- EPOCH 4 (9.334 seconds):
INFO:root:COST >> 5.0982 +/- 0.0731, % updates: 77.065%
INFO:root:-- EPOCH 5 (9.463 seconds):
INFO:root:COST >> 4.7515 +/- 0.0566, % updates: 73.956%
INFO:root:-- EPOCH 6 (9.352 seconds):
INFO:root:COST >> 4.5516 +/- 0.0402, % updates: 71.786%
INFO:root:-- EPOCH 7 (9.372 seconds):
INFO:root:COST >> 4.3688 +/- 0.0339, % updates: 69.436%
INFO:root:-- EPOCH 8 (9.542 seconds):
INFO:root:COST >> 4.2542 +/- 0.017, % updates: 67.726%
INFO:root:-- EPOCH 9 (9.64 seconds):
INFO:root:COST >> 4.1624 +/- 0.03, % updates: 66.301%
INFO:root:-- EPOCH 10 (9.256 seconds):
INFO:root:COST >> 4.1063 +/- 0.026, % updates: 65.677%
INFO:root:-- EPOCH 11 (9.473 seconds):
INFO:root:COST >> 4.0431 +/- 0.0211, % updates: 64.657%
INFO:root:-- EPOCH 12 (9.286 seconds):
INFO:root:COST >> 3.9969 +/- 0.0241, % updates: 63.739%
INFO:root:-- EPOCH 13 (9.44 seconds):
INFO:root:COST >> 3.9578 +/- 0.0225, % updates: 63.188%
INFO:root:-- EPOCH 14 (9.292 seconds):
INFO:root:COST >> 3.9242 +/- 0.0204, % updates: 62.572%
INFO:root:-- EPOCH 15 (9.751 seconds):
INFO:root:COST >> 3.8953 +/- 0.0185, % updates: 62.139%
INFO:root:-- EPOCH 16 (9.327 seconds):
INFO:root:COST >> 3.8636 +/- 0.019, % updates: 61.573%
INFO:root:-- EPOCH 17 (9.337 seconds):
INFO:root:COST >> 3.84 +/- 0.0266, % updates: 61.117%
INFO:root:-- EPOCH 18 (9.412 seconds):
INFO:root:COST >> 3.8199 +/- 0.0207, % updates: 61.013%
INFO:root:-- EPOCH 19 (9.282 seconds):
INFO:root:COST >> 3.7928 +/- 0.0196, % updates: 60.531%
INFO:root:-- EPOCH 20 (9.261 seconds):
INFO:root:COST >> 3.7776 +/- 0.019, % updates: 60.222%
INFO:root:-- EPOCH 21 (9.37 seconds):
INFO:root:COST >> 3.7498 +/- 0.0305, % updates: 59.864%
INFO:root:-- EPOCH 22 (10.735 seconds):
INFO:root:COST >> 3.7356 +/- 0.0211, % updates: 59.554%
INFO:root:-- EPOCH 23 (9.846 seconds):
INFO:root:COST >> 3.7326 +/- 0.0237, % updates: 59.338%
INFO:root:-- EPOCH 24 (9.447 seconds):
INFO:root:COST >> 3.7093 +/- 0.0201, % updates: 59.15%
INFO:root:-- EPOCH 25 (9.509 seconds):
INFO:root:COST >> 3.701 +/- 0.0243, % updates: 58.941%
INFO:root:-- EPOCH 26 (9.58 seconds):
INFO:root:COST >> 3.693 +/- 0.0206, % updates: 58.776%
INFO:root:-- EPOCH 27 (9.26 seconds):
INFO:root:COST >> 3.6661 +/- 0.0291, % updates: 58.502%
INFO:root:-- EPOCH 28 (9.448 seconds):
INFO:root:COST >> 3.6535 +/- 0.0169, % updates: 58.239%
INFO:root:-- EPOCH 29 (9.298 seconds):
INFO:root:COST >> 3.6598 +/- 0.0218, % updates: 58.151%
INFO:root:-- EPOCH 30 (9.252 seconds):
INFO:root:COST >> 3.6435 +/- 0.0246, % updates: 58.018%
INFO:root:-- EPOCH 31 (9.392 seconds):
INFO:root:COST >> 3.6389 +/- 0.0188, % updates: 57.838%
INFO:root:-- EPOCH 32 (9.292 seconds):
INFO:root:COST >> 3.634 +/- 0.023, % updates: 57.68%
INFO:root:-- EPOCH 33 (9.318 seconds):
INFO:root:COST >> 3.6258 +/- 0.0192, % updates: 57.61%
INFO:root:-- EPOCH 34 (9.355 seconds):
INFO:root:COST >> 3.6164 +/- 0.0216, % updates: 57.446%
INFO:root:-- EPOCH 35 (9.211 seconds):
INFO:root:COST >> 3.5994 +/- 0.0297, % updates: 57.366%
INFO:root:-- EPOCH 36 (9.304 seconds):
INFO:root:COST >> 3.6016 +/- 0.0198, % updates: 57.269%
INFO:root:-- EPOCH 37 (9.26 seconds):
INFO:root:COST >> 3.5974 +/- 0.0217, % updates: 57.212%
INFO:root:-- EPOCH 38 (9.453 seconds):
INFO:root:COST >> 3.5853 +/- 0.0115, % updates: 57.074%
INFO:root:-- EPOCH 39 (9.357 seconds):
INFO:root:COST >> 3.5737 +/- 0.0204, % updates: 56.841%
INFO:root:-- EPOCH 40 (10.319 seconds):
INFO:root:COST >> 3.5778 +/- 0.0142, % updates: 56.791%
INFO:root:-- EPOCH 41 (10.136 seconds):
INFO:root:COST >> 3.565 +/- 0.0312, % updates: 56.57%
INFO:root:-- EPOCH 42 (9.379 seconds):
INFO:root:COST >> 3.5697 +/- 0.0157, % updates: 56.593%
INFO:root:-- EPOCH 43 (9.324 seconds):
INFO:root:COST >> 3.5533 +/- 0.0141, % updates: 56.428%
INFO:root:-- EPOCH 44 (9.364 seconds):
INFO:root:COST >> 3.5493 +/- 0.0237, % updates: 56.286%
INFO:root:-- EPOCH 45 (9.384 seconds):
INFO:root:COST >> 3.5516 +/- 0.0188, % updates: 56.239%
INFO:root:-- EPOCH 46 (9.263 seconds):
INFO:root:COST >> 3.549 +/- 0.0187, % updates: 56.319%
INFO:root:-- EPOCH 47 (9.403 seconds):
INFO:root:COST >> 3.5361 +/- 0.0179, % updates: 56.212%
INFO:root:-- EPOCH 48 (9.324 seconds):
INFO:root:COST >> 3.543 +/- 0.0313, % updates: 56.063%
INFO:root:-- EPOCH 49 (9.316 seconds):
INFO:root:COST >> 3.5242 +/- 0.0231, % updates: 55.908%
INFO:root:-- EPOCH 50 (9.209 seconds):
INFO:root:COST >> 3.529 +/- 0.0194, % updates: 55.923%
INFO:root:-- EPOCH 51 (9.425 seconds):
INFO:root:COST >> 3.52 +/- 0.0239, % updates: 55.848%
INFO:root:-- EPOCH 52 (9.387 seconds):
INFO:root:COST >> 3.5178 +/- 0.0211, % updates: 55.661%
INFO:root:-- EPOCH 53 (9.49 seconds):
INFO:root:COST >> 3.5025 +/- 0.0149, % updates: 55.601%
INFO:root:-- EPOCH 54 (10.862 seconds):
INFO:root:COST >> 3.513 +/- 0.0138, % updates: 55.72%
INFO:root:-- EPOCH 55 (11.537 seconds):
INFO:root:COST >> 3.5034 +/- 0.0222, % updates: 55.591%
INFO:root:-- EPOCH 56 (11.631 seconds):
INFO:root:COST >> 3.5079 +/- 0.0235, % updates: 55.525%
INFO:root:-- EPOCH 57 (9.713 seconds):
INFO:root:COST >> 3.5117 +/- 0.0211, % updates: 55.66%
INFO:root:-- EPOCH 58 (9.409 seconds):
INFO:root:COST >> 3.508 +/- 0.0281, % updates: 55.525%
INFO:root:-- EPOCH 59 (9.271 seconds):
INFO:root:COST >> 3.4917 +/- 0.0165, % updates: 55.399%
INFO:root:-- EPOCH 60 (9.386 seconds):
INFO:root:COST >> 3.4885 +/- 0.0164, % updates: 55.265%
INFO:root:-- EPOCH 61 (9.398 seconds):
INFO:root:COST >> 3.4928 +/- 0.0263, % updates: 55.319%
INFO:root:-- EPOCH 62 (9.315 seconds):
INFO:root:COST >> 3.4903 +/- 0.0275, % updates: 55.244%
INFO:root:-- EPOCH 63 (9.509 seconds):
INFO:root:COST >> 3.4825 +/- 0.0212, % updates: 55.166%
INFO:root:-- EPOCH 64 (9.409 seconds):
INFO:root:COST >> 3.4826 +/- 0.0241, % updates: 55.067%
INFO:root:-- EPOCH 65 (9.96 seconds):
INFO:root:COST >> 3.4773 +/- 0.012, % updates: 55.128%
INFO:root:-- EPOCH 66 (11.19 seconds):
INFO:root:COST >> 3.473 +/- 0.0282, % updates: 54.942%
INFO:root:-- EPOCH 67 (9.206 seconds):
INFO:root:COST >> 3.4736 +/- 0.0221, % updates: 55.041%
INFO:root:-- EPOCH 68 (9.335 seconds):
INFO:root:COST >> 3.4642 +/- 0.0188, % updates: 55.009%
INFO:root:-- EPOCH 69 (9.451 seconds):
INFO:root:COST >> 3.4728 +/- 0.0296, % updates: 54.853%
INFO:root:-- EPOCH 70 (9.389 seconds):
INFO:root:COST >> 3.4668 +/- 0.0211, % updates: 54.717%
INFO:root:-- EPOCH 71 (9.281 seconds):
INFO:root:COST >> 3.4685 +/- 0.0199, % updates: 54.752%
INFO:root:-- EPOCH 72 (9.384 seconds):
INFO:root:COST >> 3.4604 +/- 0.0214, % updates: 54.659%
INFO:root:-- EPOCH 73 (9.519 seconds):
INFO:root:COST >> 3.4491 +/- 0.0178, % updates: 54.581%
INFO:root:-- EPOCH 74 (9.653 seconds):
INFO:root:COST >> 3.4566 +/- 0.0175, % updates: 54.662%
INFO:root:-- EPOCH 75 (9.4 seconds):
INFO:root:COST >> 3.4492 +/- 0.018, % updates: 54.451%
INFO:root:-- EPOCH 76 (9.429 seconds):
INFO:root:COST >> 3.4442 +/- 0.0204, % updates: 54.396%
INFO:root:-- EPOCH 77 (9.369 seconds):
INFO:root:COST >> 3.4478 +/- 0.0162, % updates: 54.361%
INFO:root:-- EPOCH 78 (9.407 seconds):
INFO:root:COST >> 3.4453 +/- 0.0192, % updates: 54.389%
INFO:root:-- EPOCH 79 (9.456 seconds):
INFO:root:COST >> 3.4364 +/- 0.0192, % updates: 54.311%
INFO:root:-- EPOCH 80 (9.37 seconds):
INFO:root:COST >> 3.4396 +/- 0.0163, % updates: 54.185%
INFO:root:-- EPOCH 81 (9.378 seconds):
INFO:root:COST >> 3.4368 +/- 0.0186, % updates: 54.262%
INFO:root:-- EPOCH 82 (9.321 seconds):
INFO:root:COST >> 3.4424 +/- 0.0223, % updates: 54.268%
INFO:root:-- EPOCH 83 (9.641 seconds):
INFO:root:COST >> 3.4325 +/- 0.0235, % updates: 54.189%
INFO:root:-- EPOCH 84 (9.44 seconds):
INFO:root:COST >> 3.4274 +/- 0.0239, % updates: 54.08%
INFO:root:-- EPOCH 85 (9.365 seconds):
INFO:root:COST >> 3.4257 +/- 0.0176, % updates: 54.076%
INFO:root:-- EPOCH 86 (9.381 seconds):
INFO:root:COST >> 3.4298 +/- 0.019, % updates: 54.044%
INFO:root:-- EPOCH 87 (9.429 seconds):
INFO:root:COST >> 3.4246 +/- 0.0101, % updates: 53.993%
INFO:root:-- EPOCH 88 (9.356 seconds):
INFO:root:COST >> 3.4339 +/- 0.0243, % updates: 53.966%
INFO:root:-- EPOCH 89 (9.346 seconds):
INFO:root:COST >> 3.4226 +/- 0.029, % updates: 53.883%
INFO:root:-- EPOCH 90 (9.437 seconds):
INFO:root:COST >> 3.418 +/- 0.0168, % updates: 53.847%
INFO:root:-- EPOCH 91 (9.774 seconds):
INFO:root:COST >> 3.4207 +/- 0.022, % updates: 53.924%
INFO:root:-- EPOCH 92 (9.504 seconds):
INFO:root:COST >> 3.4082 +/- 0.0147, % updates: 53.753%
INFO:root:-- EPOCH 93 (9.529 seconds):
INFO:root:COST >> 3.4169 +/- 0.0148, % updates: 53.928%
INFO:root:-- EPOCH 94 (9.386 seconds):
INFO:root:COST >> 3.4175 +/- 0.0166, % updates: 53.762%
INFO:root:-- EPOCH 95 (9.347 seconds):
INFO:root:COST >> 3.4097 +/- 0.0163, % updates: 53.749%
INFO:root:-- EPOCH 96 (9.525 seconds):
INFO:root:COST >> 3.4141 +/- 0.0269, % updates: 53.752%
INFO:root:-- EPOCH 97 (9.323 seconds):
INFO:root:COST >> 3.4043 +/- 0.0178, % updates: 53.65%
INFO:root:-- EPOCH 98 (9.396 seconds):
INFO:root:COST >> 3.4084 +/- 0.0271, % updates: 53.6%
INFO:root:-- EPOCH 99 (9.524 seconds):
INFO:root:COST >> 3.3973 +/- 0.014, % updates: 53.543%
INFO:root:-- EPOCH 100 (9.382 seconds):
INFO:root:COST >> 3.4018 +/- 0.0213, % updates: 53.488%
INFO:root:### MICRO (raw valid):
INFO:root:	-- left   >> mean: 485.22508, median: 82.0, hits@10: 22.562%
INFO:root:	-- right  >> mean: 377.58064, median: 39.0, hits@10: 31.07%
INFO:root:	-- global >> mean: 431.40286, median: 56.0, hits@10: 26.816%
INFO:root:### MACRO (raw valid):
INFO:root:	-- left   >> mean: 359.66822, median: 270.64956, hits@10: 42.821%
INFO:root:	-- right  >> mean: 265.57225, median: 181.60317, hits@10: 49.837%
INFO:root:	-- global >> mean: 312.62024, median: 133.80786, hits@10: 46.329%
INFO:root:### MICRO (filtered valid):
INFO:root:	-- left   >> mean: 363.73466, median: 43.0, hits@10: 32.328%
INFO:root:	-- right  >> mean: 305.4801, median: 26.0, hits@10: 38.936%
INFO:root:	-- global >> mean: 334.60738, median: 33.0, hits@10: 35.632%
INFO:root:### MACRO (filtered valid):
INFO:root:	-- left   >> mean: 330.97216, median: 238.68068, hits@10: 51.583%
INFO:root:	-- right  >> mean: 252.37323, median: 166.89247, hits@10: 55.592%
INFO:root:	-- global >> mean: 291.6727, median: 129.58624, hits@10: 53.587%
INFO:root:### MICRO (raw test):
INFO:root:	-- left   >> mean: 479.40384, median: 80.0, hits@10: 22.779%
INFO:root:	-- right  >> mean: 380.62137, median: 41.0, hits@10: 30.573%
INFO:root:	-- global >> mean: 430.0126, median: 56.0, hits@10: 26.676%
INFO:root:### MACRO (raw test):
INFO:root:	-- left   >> mean: 348.01425, median: 261.47503, hits@10: 42.958%
INFO:root:	-- right  >> mean: 298.02221, median: 214.80281, hits@10: 48.944%
INFO:root:	-- global >> mean: 323.01823, median: 136.72997, hits@10: 45.951%
INFO:root:### MICRO (filtered test):
INFO:root:	-- left   >> mean: 359.898, median: 42.0, hits@10: 32.239%
INFO:root:	-- right  >> mean: 305.04112, median: 27.0, hits@10: 38.508%
INFO:root:	-- global >> mean: 332.46956, median: 34.0, hits@10: 35.374%
INFO:root:### MACRO (filtered test):
INFO:root:	-- left   >> mean: 320.61883, median: 230.64048, hits@10: 51.776%
INFO:root:	-- right  >> mean: 285.23665, median: 200.73985, hits@10: 54.889%
INFO:root:	-- global >> mean: 302.92774, median: 132.59521, hits@10: 53.332%
