INFO:root:Shape for training set: (16296, 483142)
INFO:root:State: {'ndim': '100', 'test_all': '100', 'test_path': 'data/fb15k/FB15k-test.pkl', 'nhid': '100', 'lremb': '0.1', 'seed': '123', 'simfn': 'dot', 'valid_path': 'data/fb15k/FB15k-valid.pkl', 'nbatches': '10', 'lrparam': '0.1', 'decay': '0.999', 'show_hinton_diagrams': 'False', 'no_rescaling': 'True', 'Nrel': '1345', 'ranking_score_right': 'False', 'Nent': '16296', 'Nsyn': '14951', 'method': 'ADAGRAD', 'loss_margin': '10.0', 'C': '1.0', 'epsilon': '1e-06', 'use_db': 'False', 'max_lr': 'None', 'l1_param_weight': 'None', 'filtered': 'True', 'name': 'fb15k_margin/fb15k_XiNTransE_404', 'totepochs': '100', 'l2_param_weight': 'None', 'train_path': 'data/fb15k/FB15k-train.pkl', 'op': 'XiNTransE'}
INFO:root:Starting the Experiment ..
INFO:root:-- EPOCH 1 (25.904 seconds):
INFO:root:COST >> 19.4509 +/- 0.4424, % updates: 100.0%
INFO:root:-- EPOCH 2 (27.742 seconds):
INFO:root:COST >> 18.4086 +/- 0.5079, % updates: 100.0%
INFO:root:-- EPOCH 3 (28.116 seconds):
INFO:root:COST >> 17.6 +/- 0.4518, % updates: 99.955%
INFO:root:-- EPOCH 4 (29.702 seconds):
INFO:root:COST >> 16.8636 +/- 0.5259, % updates: 99.766%
INFO:root:-- EPOCH 5 (29.286 seconds):
INFO:root:COST >> 16.0129 +/- 0.7336, % updates: 99.147%
INFO:root:-- EPOCH 6 (27.863 seconds):
INFO:root:COST >> 15.0936 +/- 0.5503, % updates: 97.788%
INFO:root:-- EPOCH 7 (26.203 seconds):
INFO:root:COST >> 14.1469 +/- 0.8737, % updates: 96.431%
INFO:root:-- EPOCH 8 (25.21 seconds):
INFO:root:COST >> 13.068 +/- 0.8455, % updates: 93.848%
INFO:root:-- EPOCH 9 (26.203 seconds):
INFO:root:COST >> 11.9663 +/- 0.7456, % updates: 89.723%
INFO:root:-- EPOCH 10 (26.239 seconds):
INFO:root:COST >> 9.9862 +/- 0.8073, % updates: 78.851%
INFO:root:-- EPOCH 11 (24.067 seconds):
INFO:root:COST >> 8.8493 +/- 0.6919, % updates: 72.164%
INFO:root:-- EPOCH 12 (25.284 seconds):
INFO:root:COST >> 6.5664 +/- 0.5018, % updates: 55.108%
INFO:root:-- EPOCH 13 (29.246 seconds):
INFO:root:COST >> 5.0336 +/- 0.4365, % updates: 41.097%
INFO:root:-- EPOCH 14 (27.703 seconds):
INFO:root:COST >> 4.4434 +/- 0.4768, % updates: 37.176%
INFO:root:-- EPOCH 15 (28.652 seconds):
INFO:root:COST >> 3.571 +/- 0.2459, % updates: 29.48%
INFO:root:-- EPOCH 16 (28.564 seconds):
INFO:root:COST >> 3.0318 +/- 0.1934, % updates: 25.088%
INFO:root:-- EPOCH 17 (29.304 seconds):
INFO:root:COST >> 2.7768 +/- 0.1019, % updates: 23.245%
INFO:root:-- EPOCH 18 (194.2 seconds):
INFO:root:COST >> 2.4539 +/- 0.0633, % updates: 20.531%
INFO:root:-- EPOCH 19 (29.114 seconds):
INFO:root:COST >> 2.3684 +/- 0.0923, % updates: 19.828%
INFO:root:-- EPOCH 20 (29.623 seconds):
INFO:root:COST >> 2.2565 +/- 0.0837, % updates: 18.898%
INFO:root:-- EPOCH 21 (29.523 seconds):
INFO:root:COST >> 2.4007 +/- 0.158, % updates: 20.345%
INFO:root:-- EPOCH 22 (29.228 seconds):
INFO:root:COST >> 2.149 +/- 0.0578, % updates: 18.222%
INFO:root:-- EPOCH 23 (28.153 seconds):
INFO:root:COST >> 2.0233 +/- 0.0708, % updates: 16.941%
INFO:root:-- EPOCH 24 (29.102 seconds):
INFO:root:COST >> 1.9585 +/- 0.0683, % updates: 16.56%
INFO:root:-- EPOCH 25 (29.833 seconds):
INFO:root:COST >> 1.9198 +/- 0.0504, % updates: 15.865%
INFO:root:-- EPOCH 26 (29.454 seconds):
INFO:root:COST >> 1.9896 +/- 0.1272, % updates: 16.618%
INFO:root:-- EPOCH 27 (29.265 seconds):
INFO:root:COST >> 1.8451 +/- 0.0464, % updates: 15.306%
INFO:root:-- EPOCH 28 (28.29 seconds):
INFO:root:COST >> 1.8116 +/- 0.0764, % updates: 15.197%
INFO:root:-- EPOCH 29 (29.829 seconds):
INFO:root:COST >> 1.7685 +/- 0.0654, % updates: 14.732%
INFO:root:-- EPOCH 30 (29.339 seconds):
INFO:root:COST >> 1.8714 +/- 0.0595, % updates: 15.489%
INFO:root:-- EPOCH 31 (28.327 seconds):
INFO:root:COST >> 1.7142 +/- 0.053, % updates: 14.436%
INFO:root:-- EPOCH 32 (28.639 seconds):
INFO:root:COST >> 1.6963 +/- 0.0918, % updates: 14.366%
INFO:root:-- EPOCH 33 (29.89 seconds):
INFO:root:COST >> 1.6887 +/- 0.0335, % updates: 13.826%
INFO:root:-- EPOCH 34 (28.965 seconds):
INFO:root:COST >> 1.6678 +/- 0.0542, % updates: 13.92%
INFO:root:-- EPOCH 35 (27.859 seconds):
INFO:root:COST >> 1.6231 +/- 0.0248, % updates: 13.653%
INFO:root:-- EPOCH 36 (27.907 seconds):
INFO:root:COST >> 1.5702 +/- 0.0493, % updates: 13.066%
INFO:root:-- EPOCH 37 (28.749 seconds):
INFO:root:COST >> 1.5608 +/- 0.0516, % updates: 13.29%
INFO:root:-- EPOCH 38 (28.112 seconds):
INFO:root:COST >> 1.545 +/- 0.0631, % updates: 12.925%
INFO:root:-- EPOCH 39 (32.945 seconds):
INFO:root:COST >> 1.5019 +/- 0.0837, % updates: 12.631%
INFO:root:-- EPOCH 40 (27.319 seconds):
INFO:root:COST >> 1.5953 +/- 0.1132, % updates: 13.349%
INFO:root:-- EPOCH 41 (28.361 seconds):
INFO:root:COST >> 1.5897 +/- 0.0323, % updates: 12.692%
INFO:root:-- EPOCH 42 (29.147 seconds):
INFO:root:COST >> 1.5713 +/- 0.0352, % updates: 12.72%
INFO:root:-- EPOCH 43 (29.722 seconds):
INFO:root:COST >> 1.5354 +/- 0.0357, % updates: 12.582%
INFO:root:-- EPOCH 44 (30.591 seconds):
INFO:root:COST >> 1.4538 +/- 0.0211, % updates: 12.141%
INFO:root:-- EPOCH 45 (21822.685 seconds):
INFO:root:COST >> 1.5385 +/- 0.1623, % updates: 12.681%
INFO:root:-- EPOCH 46 (23.99 seconds):
INFO:root:COST >> 1.5766 +/- 0.0324, % updates: 12.83%
INFO:root:-- EPOCH 47 (24.249 seconds):
INFO:root:COST >> 1.4645 +/- 0.0407, % updates: 12.219%
INFO:root:-- EPOCH 48 (23.93 seconds):
INFO:root:COST >> 1.4127 +/- 0.0169, % updates: 11.833%
INFO:root:-- EPOCH 49 (24.071 seconds):
INFO:root:COST >> 1.4075 +/- 0.046, % updates: 11.882%
INFO:root:-- EPOCH 50 (24.127 seconds):
INFO:root:COST >> 1.3955 +/- 0.0435, % updates: 11.775%
INFO:root:-- EPOCH 51 (24.307 seconds):
INFO:root:COST >> 1.3723 +/- 0.0785, % updates: 11.321%
INFO:root:-- EPOCH 52 (24.229 seconds):
INFO:root:COST >> 1.4044 +/- 0.062, % updates: 11.451%
INFO:root:-- EPOCH 53 (24.164 seconds):
INFO:root:COST >> 1.3668 +/- 0.0192, % updates: 11.375%
INFO:root:-- EPOCH 54 (24.147 seconds):
INFO:root:COST >> 1.347 +/- 0.0522, % updates: 11.286%
INFO:root:-- EPOCH 55 (23.964 seconds):
INFO:root:COST >> 1.2959 +/- 0.0524, % updates: 10.826%
INFO:root:-- EPOCH 56 (29.264 seconds):
INFO:root:COST >> 1.3087 +/- 0.0607, % updates: 10.857%
INFO:root:-- EPOCH 57 (27.667 seconds):
INFO:root:COST >> 1.2945 +/- 0.0496, % updates: 10.815%
INFO:root:-- EPOCH 58 (24.081 seconds):
INFO:root:COST >> 1.2915 +/- 0.0352, % updates: 10.771%
INFO:root:-- EPOCH 59 (24.043 seconds):
INFO:root:COST >> 1.2853 +/- 0.0578, % updates: 10.71%
INFO:root:-- EPOCH 60 (24.011 seconds):
INFO:root:COST >> 1.279 +/- 0.0816, % updates: 10.488%
INFO:root:-- EPOCH 61 (30.689 seconds):
INFO:root:COST >> 1.257 +/- 0.061, % updates: 10.498%
INFO:root:-- EPOCH 62 (26.362 seconds):
INFO:root:COST >> 1.2816 +/- 0.0823, % updates: 10.563%
INFO:root:-- EPOCH 63 (23.952 seconds):
INFO:root:COST >> 1.2628 +/- 0.0631, % updates: 10.462%
INFO:root:-- EPOCH 64 (24.6 seconds):
INFO:root:COST >> 1.2402 +/- 0.0144, % updates: 10.322%
INFO:root:-- EPOCH 65 (23.979 seconds):
INFO:root:COST >> 1.2284 +/- 0.0428, % updates: 10.21%
INFO:root:-- EPOCH 66 (24.277 seconds):
INFO:root:COST >> 1.2432 +/- 0.0738, % updates: 10.31%
INFO:root:-- EPOCH 67 (24.272 seconds):
INFO:root:COST >> 1.2793 +/- 0.0278, % updates: 10.258%
INFO:root:-- EPOCH 68 (24.187 seconds):
INFO:root:COST >> 1.2567 +/- 0.0611, % updates: 10.169%
INFO:root:-- EPOCH 69 (24.055 seconds):
INFO:root:COST >> 1.2697 +/- 0.0214, % updates: 10.514%
INFO:root:-- EPOCH 70 (23.464 seconds):
INFO:root:COST >> 1.2771 +/- 0.0597, % updates: 10.44%
INFO:root:-- EPOCH 71 (23.341 seconds):
INFO:root:COST >> 1.2787 +/- 0.027, % updates: 10.452%
INFO:root:-- EPOCH 72 (23.39 seconds):
INFO:root:COST >> 1.2642 +/- 0.0707, % updates: 10.249%
INFO:root:-- EPOCH 73 (23.495 seconds):
INFO:root:COST >> 1.22 +/- 0.0184, % updates: 10.016%
INFO:root:-- EPOCH 74 (23.569 seconds):
INFO:root:COST >> 1.1674 +/- 0.0373, % updates: 9.661%
INFO:root:-- EPOCH 75 (23.48 seconds):
INFO:root:COST >> 1.193 +/- 0.0475, % updates: 9.771%
INFO:root:-- EPOCH 76 (23.433 seconds):
INFO:root:COST >> 1.1789 +/- 0.0547, % updates: 9.645%
INFO:root:-- EPOCH 77 (23.421 seconds):
INFO:root:COST >> 1.1933 +/- 0.0711, % updates: 9.69%
INFO:root:-- EPOCH 78 (23.406 seconds):
INFO:root:COST >> 1.2086 +/- 0.0351, % updates: 9.858%
INFO:root:-- EPOCH 79 (23.299 seconds):
INFO:root:COST >> 1.1847 +/- 0.0075, % updates: 9.696%
INFO:root:-- EPOCH 80 (23.566 seconds):
INFO:root:COST >> 1.1366 +/- 0.0401, % updates: 9.327%
INFO:root:-- EPOCH 81 (23.167 seconds):
INFO:root:COST >> 1.1333 +/- 0.0348, % updates: 9.301%
INFO:root:-- EPOCH 82 (23.527 seconds):
INFO:root:COST >> 1.1398 +/- 0.0564, % updates: 9.364%
INFO:root:-- EPOCH 83 (23.34 seconds):
INFO:root:COST >> 1.1201 +/- 0.0502, % updates: 9.246%
INFO:root:-- EPOCH 84 (23.41 seconds):
INFO:root:COST >> 1.1172 +/- 0.0277, % updates: 9.189%
INFO:root:-- EPOCH 85 (23.77 seconds):
INFO:root:COST >> 1.1377 +/- 0.0603, % updates: 9.298%
INFO:root:-- EPOCH 86 (23.601 seconds):
INFO:root:COST >> 1.1792 +/- 0.0191, % updates: 9.512%
INFO:root:-- EPOCH 87 (23.639 seconds):
INFO:root:COST >> 1.1219 +/- 0.0309, % updates: 9.157%
INFO:root:-- EPOCH 88 (23.441 seconds):
INFO:root:COST >> 1.1164 +/- 0.101, % updates: 9.04%
INFO:root:-- EPOCH 89 (23.517 seconds):
INFO:root:COST >> 1.1341 +/- 0.0755, % updates: 9.296%
INFO:root:-- EPOCH 90 (23.512 seconds):
INFO:root:COST >> 1.1231 +/- 0.0128, % updates: 9.21%
INFO:root:-- EPOCH 91 (23.425 seconds):
INFO:root:COST >> 1.0969 +/- 0.0238, % updates: 8.931%
INFO:root:-- EPOCH 92 (23.386 seconds):
INFO:root:COST >> 1.1424 +/- 0.0372, % updates: 9.272%
INFO:root:-- EPOCH 93 (23.298 seconds):
INFO:root:COST >> 1.0911 +/- 0.0171, % updates: 8.928%
INFO:root:-- EPOCH 94 (23.508 seconds):
INFO:root:COST >> 1.0743 +/- 0.0456, % updates: 8.75%
INFO:root:-- EPOCH 95 (23.419 seconds):
INFO:root:COST >> 1.0712 +/- 0.0392, % updates: 8.808%
INFO:root:-- EPOCH 96 (23.308 seconds):
INFO:root:COST >> 1.0577 +/- 0.0368, % updates: 8.781%
INFO:root:-- EPOCH 97 (23.285 seconds):
INFO:root:COST >> 1.0747 +/- 0.0435, % updates: 8.951%
INFO:root:-- EPOCH 98 (23.471 seconds):
INFO:root:COST >> 1.0767 +/- 0.0255, % updates: 8.742%
INFO:root:-- EPOCH 99 (23.339 seconds):
INFO:root:COST >> 1.0739 +/- 0.0661, % updates: 8.784%
INFO:root:-- EPOCH 100 (23.282 seconds):
INFO:root:COST >> 1.0529 +/- 0.0198, % updates: 8.57%
INFO:root:### MICRO (raw valid):
INFO:root:	-- left   >> mean: 331.34146, median: 30.0, hits@10: 33.106%
INFO:root:	-- right  >> mean: 258.7419, median: 17.0, hits@10: 41.38%
INFO:root:	-- global >> mean: 295.04168, median: 23.0, hits@10: 37.243%
INFO:root:### MACRO (raw valid):
INFO:root:	-- left   >> mean: 271.21569, median: 209.14738, hits@10: 47.941%
INFO:root:	-- right  >> mean: 221.65951, median: 156.52948, hits@10: 54.921%
INFO:root:	-- global >> mean: 246.4376, median: 136.71343, hits@10: 51.431%
INFO:root:### MICRO (filtered valid):
INFO:root:	-- left   >> mean: 211.73274, median: 15.0, hits@10: 44.376%
INFO:root:	-- right  >> mean: 188.75568, median: 10.0, hits@10: 51.09%
INFO:root:	-- global >> mean: 200.24421, median: 12.0, hits@10: 47.733%
INFO:root:### MACRO (filtered valid):
INFO:root:	-- left   >> mean: 243.75858, median: 181.73035, hits@10: 55.908%
INFO:root:	-- right  >> mean: 209.1134, median: 144.52893, hits@10: 60.435%
INFO:root:	-- global >> mean: 226.43599, median: 132.16321, hits@10: 58.171%
INFO:root:### MICRO (raw test):
INFO:root:	-- left   >> mean: 334.24305, median: 30.0, hits@10: 33.502%
INFO:root:	-- right  >> mean: 265.45022, median: 18.0, hits@10: 41.33%
INFO:root:	-- global >> mean: 299.84663, median: 23.0, hits@10: 37.416%
INFO:root:### MACRO (raw test):
INFO:root:	-- left   >> mean: 300.26583, median: 233.00728, hits@10: 48.772%
INFO:root:	-- right  >> mean: 264.59902, median: 209.80697, hits@10: 56.478%
INFO:root:	-- global >> mean: 282.43243, median: 166.72112, hits@10: 52.625%
INFO:root:### MICRO (filtered test):
INFO:root:	-- left   >> mean: 214.7214, median: 15.0, hits@10: 44.384%
INFO:root:	-- right  >> mean: 191.91128, median: 10.0, hits@10: 50.998%
INFO:root:	-- global >> mean: 203.31634, median: 12.0, hits@10: 47.691%
INFO:root:### MACRO (filtered test):
INFO:root:	-- left   >> mean: 273.70059, median: 206.47763, hits@10: 55.984%
INFO:root:	-- right  >> mean: 252.35958, median: 197.76795, hits@10: 62.139%
INFO:root:	-- global >> mean: 263.03009, median: 162.30905, hits@10: 59.062%
