INFO:root:Shape for training set: (16296, 483142)
INFO:root:State: {'ndim': '100', 'test_all': '100', 'test_path': 'data/fb15k/FB15k-test.pkl', 'nhid': '100', 'lremb': '0.1', 'seed': '123', 'simfn': 'L1', 'valid_path': 'data/fb15k/FB15k-valid.pkl', 'nbatches': '10', 'lrparam': '0.1', 'decay': '0.999', 'show_hinton_diagrams': 'False', 'no_rescaling': 'True', 'Nrel': '1345', 'ranking_score_right': 'False', 'Nent': '16296', 'Nsyn': '14951', 'method': 'ADAGRAD', 'loss_margin': '1.0', 'C': '1.0', 'epsilon': '1e-06', 'use_db': 'False', 'max_lr': 'None', 'l1_param_weight': 'None', 'filtered': 'True', 'name': 'fb15k_margin/fb15k_XiTransE_330', 'totepochs': '100', 'l2_param_weight': 'None', 'train_path': 'data/fb15k/FB15k-train.pkl', 'op': 'XiTransE'}
INFO:root:Starting the Experiment ..
INFO:root:-- EPOCH 1 (9.227 seconds):
INFO:root:COST >> 0.958 +/- 0.662, % updates: 38.22%
INFO:root:-- EPOCH 2 (9.245 seconds):
INFO:root:COST >> 0.184 +/- 0.015, % updates: 9.684%
INFO:root:-- EPOCH 3 (9.288 seconds):
INFO:root:COST >> 0.1242 +/- 0.0023, % updates: 6.726%
INFO:root:-- EPOCH 4 (10.368 seconds):
INFO:root:COST >> 0.1039 +/- 0.0024, % updates: 5.716%
INFO:root:-- EPOCH 5 (9.258 seconds):
INFO:root:COST >> 0.0921 +/- 0.002, % updates: 5.109%
INFO:root:-- EPOCH 6 (9.282 seconds):
INFO:root:COST >> 0.0839 +/- 0.0016, % updates: 4.692%
INFO:root:-- EPOCH 7 (9.206 seconds):
INFO:root:COST >> 0.0779 +/- 0.0017, % updates: 4.39%
INFO:root:-- EPOCH 8 (10.138 seconds):
INFO:root:COST >> 0.0737 +/- 0.0014, % updates: 4.166%
INFO:root:-- EPOCH 9 (10.776 seconds):
INFO:root:COST >> 0.0697 +/- 0.0018, % updates: 3.926%
INFO:root:-- EPOCH 10 (9.286 seconds):
INFO:root:COST >> 0.0665 +/- 0.002, % updates: 3.813%
INFO:root:-- EPOCH 11 (9.177 seconds):
INFO:root:COST >> 0.0639 +/- 0.0028, % updates: 3.681%
INFO:root:-- EPOCH 12 (9.245 seconds):
INFO:root:COST >> 0.0611 +/- 0.0015, % updates: 3.533%
INFO:root:-- EPOCH 13 (9.223 seconds):
INFO:root:COST >> 0.0584 +/- 0.0014, % updates: 3.432%
INFO:root:-- EPOCH 14 (9.192 seconds):
INFO:root:COST >> 0.058 +/- 0.0015, % updates: 3.379%
INFO:root:-- EPOCH 15 (9.272 seconds):
INFO:root:COST >> 0.0562 +/- 0.0017, % updates: 3.28%
INFO:root:-- EPOCH 16 (9.233 seconds):
INFO:root:COST >> 0.0543 +/- 0.0013, % updates: 3.209%
INFO:root:-- EPOCH 17 (9.218 seconds):
INFO:root:COST >> 0.0535 +/- 0.0019, % updates: 3.128%
INFO:root:-- EPOCH 18 (9.19 seconds):
INFO:root:COST >> 0.0517 +/- 0.0013, % updates: 3.056%
INFO:root:-- EPOCH 19 (9.446 seconds):
INFO:root:COST >> 0.0503 +/- 0.0016, % updates: 2.984%
INFO:root:-- EPOCH 20 (9.136 seconds):
INFO:root:COST >> 0.0501 +/- 0.0011, % updates: 2.968%
INFO:root:-- EPOCH 21 (9.172 seconds):
INFO:root:COST >> 0.0489 +/- 0.0015, % updates: 2.883%
INFO:root:-- EPOCH 22 (9.263 seconds):
INFO:root:COST >> 0.0478 +/- 0.0015, % updates: 2.857%
INFO:root:-- EPOCH 23 (9.271 seconds):
INFO:root:COST >> 0.0479 +/- 0.0018, % updates: 2.828%
INFO:root:-- EPOCH 24 (9.251 seconds):
INFO:root:COST >> 0.0463 +/- 0.001, % updates: 2.758%
INFO:root:-- EPOCH 25 (9.125 seconds):
INFO:root:COST >> 0.0456 +/- 0.0014, % updates: 2.727%
INFO:root:-- EPOCH 26 (9.185 seconds):
INFO:root:COST >> 0.0455 +/- 0.0008, % updates: 2.712%
INFO:root:-- EPOCH 27 (10.212 seconds):
INFO:root:COST >> 0.045 +/- 0.0009, % updates: 2.646%
INFO:root:-- EPOCH 28 (9.255 seconds):
INFO:root:COST >> 0.0437 +/- 0.0011, % updates: 2.596%
INFO:root:-- EPOCH 29 (9.249 seconds):
INFO:root:COST >> 0.0439 +/- 0.0009, % updates: 2.614%
INFO:root:-- EPOCH 30 (9.182 seconds):
INFO:root:COST >> 0.0427 +/- 0.0008, % updates: 2.557%
INFO:root:-- EPOCH 31 (9.254 seconds):
INFO:root:COST >> 0.0426 +/- 0.0014, % updates: 2.535%
INFO:root:-- EPOCH 32 (9.354 seconds):
INFO:root:COST >> 0.0429 +/- 0.0013, % updates: 2.529%
INFO:root:-- EPOCH 33 (9.244 seconds):
INFO:root:COST >> 0.0424 +/- 0.0012, % updates: 2.528%
INFO:root:-- EPOCH 34 (9.201 seconds):
INFO:root:COST >> 0.0412 +/- 0.0015, % updates: 2.466%
INFO:root:-- EPOCH 35 (9.328 seconds):
INFO:root:COST >> 0.0413 +/- 0.0013, % updates: 2.451%
INFO:root:-- EPOCH 36 (9.206 seconds):
INFO:root:COST >> 0.0409 +/- 0.0013, % updates: 2.43%
INFO:root:-- EPOCH 37 (9.212 seconds):
INFO:root:COST >> 0.0401 +/- 0.0015, % updates: 2.407%
INFO:root:-- EPOCH 38 (9.257 seconds):
INFO:root:COST >> 0.0407 +/- 0.0011, % updates: 2.406%
INFO:root:-- EPOCH 39 (9.921 seconds):
INFO:root:COST >> 0.0401 +/- 0.0009, % updates: 2.383%
INFO:root:-- EPOCH 40 (9.139 seconds):
INFO:root:COST >> 0.0401 +/- 0.001, % updates: 2.359%
INFO:root:-- EPOCH 41 (9.182 seconds):
INFO:root:COST >> 0.0393 +/- 0.0009, % updates: 2.342%
INFO:root:-- EPOCH 42 (9.296 seconds):
INFO:root:COST >> 0.0386 +/- 0.0007, % updates: 2.326%
INFO:root:-- EPOCH 43 (9.244 seconds):
INFO:root:COST >> 0.0391 +/- 0.0009, % updates: 2.33%
INFO:root:-- EPOCH 44 (9.139 seconds):
INFO:root:COST >> 0.0386 +/- 0.0008, % updates: 2.298%
INFO:root:-- EPOCH 45 (9.183 seconds):
INFO:root:COST >> 0.0385 +/- 0.0012, % updates: 2.3%
INFO:root:-- EPOCH 46 (9.195 seconds):
INFO:root:COST >> 0.0383 +/- 0.0014, % updates: 2.286%
INFO:root:-- EPOCH 47 (9.65 seconds):
INFO:root:COST >> 0.0378 +/- 0.001, % updates: 2.268%
INFO:root:-- EPOCH 48 (9.609 seconds):
INFO:root:COST >> 0.0381 +/- 0.0011, % updates: 2.266%
INFO:root:-- EPOCH 49 (9.499 seconds):
INFO:root:COST >> 0.0371 +/- 0.0012, % updates: 2.223%
INFO:root:-- EPOCH 50 (9.224 seconds):
INFO:root:COST >> 0.0375 +/- 0.0012, % updates: 2.235%
INFO:root:-- EPOCH 51 (9.091 seconds):
INFO:root:COST >> 0.0371 +/- 0.0018, % updates: 2.22%
INFO:root:-- EPOCH 52 (9.218 seconds):
INFO:root:COST >> 0.0367 +/- 0.0014, % updates: 2.199%
INFO:root:-- EPOCH 53 (9.089 seconds):
INFO:root:COST >> 0.0362 +/- 0.0013, % updates: 2.169%
INFO:root:-- EPOCH 54 (9.107 seconds):
INFO:root:COST >> 0.0364 +/- 0.0011, % updates: 2.181%
INFO:root:-- EPOCH 55 (9.089 seconds):
INFO:root:COST >> 0.0364 +/- 0.0006, % updates: 2.148%
INFO:root:-- EPOCH 56 (9.149 seconds):
INFO:root:COST >> 0.0364 +/- 0.001, % updates: 2.165%
INFO:root:-- EPOCH 57 (9.216 seconds):
INFO:root:COST >> 0.036 +/- 0.0007, % updates: 2.149%
INFO:root:-- EPOCH 58 (9.063 seconds):
INFO:root:COST >> 0.0358 +/- 0.0009, % updates: 2.14%
INFO:root:-- EPOCH 59 (9.141 seconds):
INFO:root:COST >> 0.0359 +/- 0.0013, % updates: 2.144%
INFO:root:-- EPOCH 60 (9.11 seconds):
INFO:root:COST >> 0.0357 +/- 0.0011, % updates: 2.128%
INFO:root:-- EPOCH 61 (9.075 seconds):
INFO:root:COST >> 0.0354 +/- 0.0007, % updates: 2.117%
INFO:root:-- EPOCH 62 (9.323 seconds):
INFO:root:COST >> 0.0351 +/- 0.0011, % updates: 2.08%
INFO:root:-- EPOCH 63 (9.17 seconds):
INFO:root:COST >> 0.0356 +/- 0.0007, % updates: 2.102%
INFO:root:-- EPOCH 64 (9.096 seconds):
INFO:root:COST >> 0.0352 +/- 0.001, % updates: 2.104%
INFO:root:-- EPOCH 65 (9.113 seconds):
INFO:root:COST >> 0.0347 +/- 0.0007, % updates: 2.075%
INFO:root:-- EPOCH 66 (9.226 seconds):
INFO:root:COST >> 0.0353 +/- 0.0013, % updates: 2.104%
INFO:root:-- EPOCH 67 (9.134 seconds):
INFO:root:COST >> 0.0348 +/- 0.0012, % updates: 2.072%
INFO:root:-- EPOCH 68 (9.057 seconds):
INFO:root:COST >> 0.0346 +/- 0.0012, % updates: 2.051%
INFO:root:-- EPOCH 69 (9.108 seconds):
INFO:root:COST >> 0.0347 +/- 0.0008, % updates: 2.054%
INFO:root:-- EPOCH 70 (9.532 seconds):
INFO:root:COST >> 0.0343 +/- 0.001, % updates: 2.027%
INFO:root:-- EPOCH 71 (9.068 seconds):
INFO:root:COST >> 0.0342 +/- 0.0012, % updates: 2.041%
INFO:root:-- EPOCH 72 (9.058 seconds):
INFO:root:COST >> 0.0344 +/- 0.0016, % updates: 2.04%
INFO:root:-- EPOCH 73 (9.144 seconds):
INFO:root:COST >> 0.0341 +/- 0.0008, % updates: 2.041%
INFO:root:-- EPOCH 74 (9.15 seconds):
INFO:root:COST >> 0.0341 +/- 0.0014, % updates: 2.028%
INFO:root:-- EPOCH 75 (9.211 seconds):
INFO:root:COST >> 0.0341 +/- 0.001, % updates: 2.04%
INFO:root:-- EPOCH 76 (9.157 seconds):
INFO:root:COST >> 0.034 +/- 0.0015, % updates: 2.027%
INFO:root:-- EPOCH 77 (9.221 seconds):
INFO:root:COST >> 0.0334 +/- 0.0011, % updates: 1.976%
INFO:root:-- EPOCH 78 (9.157 seconds):
INFO:root:COST >> 0.0332 +/- 0.001, % updates: 1.982%
INFO:root:-- EPOCH 79 (9.241 seconds):
INFO:root:COST >> 0.0335 +/- 0.0009, % updates: 1.986%
INFO:root:-- EPOCH 80 (9.07 seconds):
INFO:root:COST >> 0.0338 +/- 0.001, % updates: 1.989%
INFO:root:-- EPOCH 81 (9.146 seconds):
INFO:root:COST >> 0.0331 +/- 0.001, % updates: 1.975%
INFO:root:-- EPOCH 82 (9.201 seconds):
INFO:root:COST >> 0.0332 +/- 0.0007, % updates: 1.984%
INFO:root:-- EPOCH 83 (9.164 seconds):
INFO:root:COST >> 0.0332 +/- 0.0006, % updates: 1.968%
INFO:root:-- EPOCH 84 (9.215 seconds):
INFO:root:COST >> 0.0334 +/- 0.001, % updates: 1.982%
INFO:root:-- EPOCH 85 (9.2 seconds):
INFO:root:COST >> 0.0329 +/- 0.0011, % updates: 1.953%
INFO:root:-- EPOCH 86 (9.139 seconds):
INFO:root:COST >> 0.0332 +/- 0.0008, % updates: 1.955%
INFO:root:-- EPOCH 87 (9.295 seconds):
INFO:root:COST >> 0.0325 +/- 0.0008, % updates: 1.95%
INFO:root:-- EPOCH 88 (9.138 seconds):
INFO:root:COST >> 0.0334 +/- 0.0006, % updates: 1.973%
INFO:root:-- EPOCH 89 (9.09 seconds):
INFO:root:COST >> 0.0326 +/- 0.0007, % updates: 1.958%
INFO:root:-- EPOCH 90 (9.164 seconds):
INFO:root:COST >> 0.0325 +/- 0.001, % updates: 1.934%
INFO:root:-- EPOCH 91 (9.21 seconds):
INFO:root:COST >> 0.033 +/- 0.0008, % updates: 1.955%
INFO:root:-- EPOCH 92 (9.199 seconds):
INFO:root:COST >> 0.0324 +/- 0.0006, % updates: 1.912%
INFO:root:-- EPOCH 93 (9.204 seconds):
INFO:root:COST >> 0.0321 +/- 0.0012, % updates: 1.915%
INFO:root:-- EPOCH 94 (9.152 seconds):
INFO:root:COST >> 0.0328 +/- 0.001, % updates: 1.946%
INFO:root:-- EPOCH 95 (9.064 seconds):
INFO:root:COST >> 0.0323 +/- 0.0007, % updates: 1.918%
INFO:root:-- EPOCH 96 (9.202 seconds):
INFO:root:COST >> 0.0324 +/- 0.0009, % updates: 1.915%
INFO:root:-- EPOCH 97 (9.575 seconds):
INFO:root:COST >> 0.0322 +/- 0.0009, % updates: 1.914%
INFO:root:-- EPOCH 98 (9.067 seconds):
INFO:root:COST >> 0.032 +/- 0.0008, % updates: 1.908%
INFO:root:-- EPOCH 99 (9.157 seconds):
INFO:root:COST >> 0.0318 +/- 0.0004, % updates: 1.892%
INFO:root:-- EPOCH 100 (9.234 seconds):
INFO:root:COST >> 0.0313 +/- 0.0009, % updates: 1.88%
INFO:root:### MICRO (raw valid):
INFO:root:	-- left   >> mean: 301.11898, median: 22.0, hits@10: 37.654%
INFO:root:	-- right  >> mean: 189.19644, median: 13.0, hits@10: 46.096%
INFO:root:	-- global >> mean: 245.15771, median: 17.0, hits@10: 41.875%
INFO:root:### MACRO (raw valid):
INFO:root:	-- left   >> mean: 357.8793, median: 283.82915, hits@10: 40.574%
INFO:root:	-- right  >> mean: 265.48198, median: 191.27566, hits@10: 48.446%
INFO:root:	-- global >> mean: 311.68064, median: 169.31932, hits@10: 44.51%
INFO:root:### MICRO (filtered valid):
INFO:root:	-- left   >> mean: 128.70372, median: 8.0, hits@10: 54.162%
INFO:root:	-- right  >> mean: 88.34736, median: 5.0, hits@10: 61.31%
INFO:root:	-- global >> mean: 108.52554, median: 6.0, hits@10: 57.736%
INFO:root:### MACRO (filtered valid):
INFO:root:	-- left   >> mean: 319.37262, median: 241.37391, hits@10: 50.283%
INFO:root:	-- right  >> mean: 248.17571, median: 173.4476, hits@10: 55.558%
INFO:root:	-- global >> mean: 283.77417, median: 161.79913, hits@10: 52.921%
INFO:root:### MICRO (raw test):
INFO:root:	-- left   >> mean: 299.07454, median: 22.0, hits@10: 37.887%
INFO:root:	-- right  >> mean: 196.37016, median: 13.0, hits@10: 45.488%
INFO:root:	-- global >> mean: 247.72235, median: 17.0, hits@10: 41.687%
INFO:root:### MACRO (raw test):
INFO:root:	-- left   >> mean: 375.38887, median: 295.00416, hits@10: 39.098%
INFO:root:	-- right  >> mean: 368.83715, median: 304.35692, hits@10: 47.717%
INFO:root:	-- global >> mean: 372.11301, median: 208.72581, hits@10: 43.407%
INFO:root:### MICRO (filtered test):
INFO:root:	-- left   >> mean: 129.33194, median: 8.0, hits@10: 54.311%
INFO:root:	-- right  >> mean: 90.24137, median: 5.0, hits@10: 60.964%
INFO:root:	-- global >> mean: 109.78666, median: 7.0, hits@10: 57.637%
INFO:root:### MACRO (filtered test):
INFO:root:	-- left   >> mean: 338.75545, median: 254.73153, hits@10: 48.825%
INFO:root:	-- right  >> mean: 352.13022, median: 286.84391, hits@10: 54.607%
INFO:root:	-- global >> mean: 345.44283, median: 202.03018, hits@10: 51.716%
