INFO:root:Shape for training set: (16296, 483142)
INFO:root:State: {'ndim': '100', 'test_all': '100', 'test_path': 'data/fb15k/FB15k-test.pkl', 'nhid': '100', 'lremb': '0.1', 'seed': '123', 'simfn': 'L1', 'valid_path': 'data/fb15k/FB15k-valid.pkl', 'nbatches': '10', 'lrparam': '0.1', 'decay': '0.999', 'show_hinton_diagrams': 'False', 'no_rescaling': 'True', 'Nrel': '1345', 'ranking_score_right': 'False', 'Nent': '16296', 'Nsyn': '14951', 'method': 'ADAGRAD', 'loss_margin': '1.0', 'C': '1.0', 'epsilon': '1e-06', 'use_db': 'False', 'max_lr': 'None', 'l1_param_weight': 'None', 'filtered': 'True', 'name': 'fb15k_margin/fb15k_XiScalE_357', 'totepochs': '100', 'l2_param_weight': 'None', 'train_path': 'data/fb15k/FB15k-train.pkl', 'op': 'XiScalE'}
INFO:root:Starting the Experiment ..
INFO:root:-- EPOCH 1 (11.481 seconds):
INFO:root:COST >> 1.1861 +/- 0.5824, % updates: 77.332%
INFO:root:-- EPOCH 2 (11.362 seconds):
INFO:root:COST >> 0.311 +/- 0.0441, % updates: 29.633%
INFO:root:-- EPOCH 3 (11.469 seconds):
INFO:root:COST >> 0.2069 +/- 0.0094, % updates: 19.651%
INFO:root:-- EPOCH 4 (11.507 seconds):
INFO:root:COST >> 0.1696 +/- 0.0021, % updates: 15.663%
INFO:root:-- EPOCH 5 (11.486 seconds):
INFO:root:COST >> 0.1474 +/- 0.0016, % updates: 13.455%
INFO:root:-- EPOCH 6 (11.585 seconds):
INFO:root:COST >> 0.1323 +/- 0.001, % updates: 11.974%
INFO:root:-- EPOCH 7 (11.529 seconds):
INFO:root:COST >> 0.1208 +/- 0.0016, % updates: 10.861%
INFO:root:-- EPOCH 8 (11.488 seconds):
INFO:root:COST >> 0.112 +/- 0.0013, % updates: 10.026%
INFO:root:-- EPOCH 9 (11.454 seconds):
INFO:root:COST >> 0.1048 +/- 0.0022, % updates: 9.375%
INFO:root:-- EPOCH 10 (11.534 seconds):
INFO:root:COST >> 0.0985 +/- 0.0026, % updates: 8.842%
INFO:root:-- EPOCH 11 (11.61 seconds):
INFO:root:COST >> 0.0929 +/- 0.0022, % updates: 8.308%
INFO:root:-- EPOCH 12 (11.508 seconds):
INFO:root:COST >> 0.088 +/- 0.0018, % updates: 7.929%
INFO:root:-- EPOCH 13 (11.549 seconds):
INFO:root:COST >> 0.084 +/- 0.0014, % updates: 7.532%
INFO:root:-- EPOCH 14 (11.538 seconds):
INFO:root:COST >> 0.0813 +/- 0.0019, % updates: 7.249%
INFO:root:-- EPOCH 15 (11.547 seconds):
INFO:root:COST >> 0.0779 +/- 0.0012, % updates: 6.979%
INFO:root:-- EPOCH 16 (11.423 seconds):
INFO:root:COST >> 0.0745 +/- 0.001, % updates: 6.693%
INFO:root:-- EPOCH 17 (11.483 seconds):
INFO:root:COST >> 0.0724 +/- 0.0015, % updates: 6.47%
INFO:root:-- EPOCH 18 (11.503 seconds):
INFO:root:COST >> 0.0696 +/- 0.0013, % updates: 6.212%
INFO:root:-- EPOCH 19 (11.483 seconds):
INFO:root:COST >> 0.068 +/- 0.0016, % updates: 6.057%
INFO:root:-- EPOCH 20 (11.569 seconds):
INFO:root:COST >> 0.0658 +/- 0.0013, % updates: 5.854%
INFO:root:-- EPOCH 21 (11.41 seconds):
INFO:root:COST >> 0.0636 +/- 0.0017, % updates: 5.657%
INFO:root:-- EPOCH 22 (11.531 seconds):
INFO:root:COST >> 0.0621 +/- 0.0013, % updates: 5.53%
INFO:root:-- EPOCH 23 (11.443 seconds):
INFO:root:COST >> 0.0615 +/- 0.0019, % updates: 5.402%
INFO:root:-- EPOCH 24 (11.529 seconds):
INFO:root:COST >> 0.059 +/- 0.0013, % updates: 5.209%
INFO:root:-- EPOCH 25 (11.407 seconds):
INFO:root:COST >> 0.0577 +/- 0.0012, % updates: 5.119%
INFO:root:-- EPOCH 26 (11.621 seconds):
INFO:root:COST >> 0.0573 +/- 0.0015, % updates: 5.02%
INFO:root:-- EPOCH 27 (11.5 seconds):
INFO:root:COST >> 0.0557 +/- 0.001, % updates: 4.891%
INFO:root:-- EPOCH 28 (11.526 seconds):
INFO:root:COST >> 0.0546 +/- 0.0009, % updates: 4.786%
INFO:root:-- EPOCH 29 (11.45 seconds):
INFO:root:COST >> 0.0541 +/- 0.0014, % updates: 4.694%
INFO:root:-- EPOCH 30 (11.576 seconds):
INFO:root:COST >> 0.0527 +/- 0.0012, % updates: 4.603%
INFO:root:-- EPOCH 31 (11.596 seconds):
INFO:root:COST >> 0.0519 +/- 0.001, % updates: 4.532%
INFO:root:-- EPOCH 32 (11.56 seconds):
INFO:root:COST >> 0.0519 +/- 0.001, % updates: 4.475%
INFO:root:-- EPOCH 33 (11.455 seconds):
INFO:root:COST >> 0.051 +/- 0.001, % updates: 4.392%
INFO:root:-- EPOCH 34 (11.504 seconds):
INFO:root:COST >> 0.0497 +/- 0.0016, % updates: 4.306%
INFO:root:-- EPOCH 35 (11.557 seconds):
INFO:root:COST >> 0.049 +/- 0.0012, % updates: 4.22%
INFO:root:-- EPOCH 36 (11.538 seconds):
INFO:root:COST >> 0.0486 +/- 0.0014, % updates: 4.202%
INFO:root:-- EPOCH 37 (11.46 seconds):
INFO:root:COST >> 0.0479 +/- 0.0015, % updates: 4.104%
INFO:root:-- EPOCH 38 (11.509 seconds):
INFO:root:COST >> 0.0479 +/- 0.0012, % updates: 4.062%
INFO:root:-- EPOCH 39 (11.469 seconds):
INFO:root:COST >> 0.0464 +/- 0.001, % updates: 3.972%
INFO:root:-- EPOCH 40 (11.508 seconds):
INFO:root:COST >> 0.0466 +/- 0.001, % updates: 3.93%
INFO:root:-- EPOCH 41 (11.493 seconds):
INFO:root:COST >> 0.0456 +/- 0.0008, % updates: 3.874%
INFO:root:-- EPOCH 42 (11.537 seconds):
INFO:root:COST >> 0.0454 +/- 0.0011, % updates: 3.831%
INFO:root:-- EPOCH 43 (11.49 seconds):
INFO:root:COST >> 0.045 +/- 0.0005, % updates: 3.791%
INFO:root:-- EPOCH 44 (11.447 seconds):
INFO:root:COST >> 0.0446 +/- 0.001, % updates: 3.753%
INFO:root:-- EPOCH 45 (11.437 seconds):
INFO:root:COST >> 0.0444 +/- 0.0013, % updates: 3.701%
INFO:root:-- EPOCH 46 (11.362 seconds):
INFO:root:COST >> 0.0442 +/- 0.0012, % updates: 3.684%
INFO:root:-- EPOCH 47 (11.557 seconds):
INFO:root:COST >> 0.0433 +/- 0.0014, % updates: 3.605%
INFO:root:-- EPOCH 48 (11.579 seconds):
INFO:root:COST >> 0.0437 +/- 0.0008, % updates: 3.606%
INFO:root:-- EPOCH 49 (11.532 seconds):
INFO:root:COST >> 0.0422 +/- 0.0011, % updates: 3.523%
INFO:root:-- EPOCH 50 (11.489 seconds):
INFO:root:COST >> 0.0424 +/- 0.0011, % updates: 3.53%
INFO:root:-- EPOCH 51 (11.65 seconds):
INFO:root:COST >> 0.0423 +/- 0.0013, % updates: 3.491%
INFO:root:-- EPOCH 52 (11.588 seconds):
INFO:root:COST >> 0.0416 +/- 0.001, % updates: 3.424%
INFO:root:-- EPOCH 53 (11.464 seconds):
INFO:root:COST >> 0.0411 +/- 0.001, % updates: 3.385%
INFO:root:-- EPOCH 54 (11.382 seconds):
INFO:root:COST >> 0.0409 +/- 0.0011, % updates: 3.357%
INFO:root:-- EPOCH 55 (11.427 seconds):
INFO:root:COST >> 0.0409 +/- 0.0007, % updates: 3.321%
INFO:root:-- EPOCH 56 (11.554 seconds):
INFO:root:COST >> 0.0408 +/- 0.0011, % updates: 3.313%
INFO:root:-- EPOCH 57 (11.371 seconds):
INFO:root:COST >> 0.0403 +/- 0.0007, % updates: 3.288%
INFO:root:-- EPOCH 58 (11.451 seconds):
INFO:root:COST >> 0.0402 +/- 0.0007, % updates: 3.272%
INFO:root:-- EPOCH 59 (11.546 seconds):
INFO:root:COST >> 0.0398 +/- 0.0011, % updates: 3.233%
INFO:root:-- EPOCH 60 (11.402 seconds):
INFO:root:COST >> 0.0398 +/- 0.0014, % updates: 3.227%
INFO:root:-- EPOCH 61 (11.383 seconds):
INFO:root:COST >> 0.0393 +/- 0.0006, % updates: 3.182%
INFO:root:-- EPOCH 62 (11.494 seconds):
INFO:root:COST >> 0.0393 +/- 0.0008, % updates: 3.163%
INFO:root:-- EPOCH 63 (11.491 seconds):
INFO:root:COST >> 0.0393 +/- 0.0009, % updates: 3.13%
INFO:root:-- EPOCH 64 (11.574 seconds):
INFO:root:COST >> 0.0388 +/- 0.0011, % updates: 3.094%
INFO:root:-- EPOCH 65 (11.479 seconds):
INFO:root:COST >> 0.0387 +/- 0.0008, % updates: 3.085%
INFO:root:-- EPOCH 66 (11.572 seconds):
INFO:root:COST >> 0.0389 +/- 0.0015, % updates: 3.098%
INFO:root:-- EPOCH 67 (11.445 seconds):
INFO:root:COST >> 0.0382 +/- 0.0013, % updates: 3.037%
INFO:root:-- EPOCH 68 (11.423 seconds):
INFO:root:COST >> 0.0377 +/- 0.0006, % updates: 2.991%
INFO:root:-- EPOCH 69 (11.413 seconds):
INFO:root:COST >> 0.0379 +/- 0.001, % updates: 3.015%
INFO:root:-- EPOCH 70 (11.868 seconds):
INFO:root:COST >> 0.0377 +/- 0.0009, % updates: 2.978%
INFO:root:-- EPOCH 71 (14.211 seconds):
INFO:root:COST >> 0.0376 +/- 0.001, % updates: 2.999%
INFO:root:-- EPOCH 72 (14.312 seconds):
INFO:root:COST >> 0.0377 +/- 0.0012, % updates: 2.976%
INFO:root:-- EPOCH 73 (14.169 seconds):
INFO:root:COST >> 0.0371 +/- 0.0009, % updates: 2.916%
INFO:root:-- EPOCH 74 (14.175 seconds):
INFO:root:COST >> 0.0372 +/- 0.0012, % updates: 2.924%
INFO:root:-- EPOCH 75 (14.148 seconds):
INFO:root:COST >> 0.037 +/- 0.001, % updates: 2.911%
INFO:root:-- EPOCH 76 (14.242 seconds):
INFO:root:COST >> 0.0371 +/- 0.0013, % updates: 2.89%
INFO:root:-- EPOCH 77 (12.17 seconds):
INFO:root:COST >> 0.0361 +/- 0.0009, % updates: 2.856%
INFO:root:-- EPOCH 78 (11.43 seconds):
INFO:root:COST >> 0.0364 +/- 0.0007, % updates: 2.859%
INFO:root:-- EPOCH 79 (11.476 seconds):
INFO:root:COST >> 0.0362 +/- 0.001, % updates: 2.848%
INFO:root:-- EPOCH 80 (11.505 seconds):
INFO:root:COST >> 0.0366 +/- 0.0013, % updates: 2.839%
INFO:root:-- EPOCH 81 (11.494 seconds):
INFO:root:COST >> 0.0361 +/- 0.0011, % updates: 2.783%
INFO:root:-- EPOCH 82 (11.565 seconds):
INFO:root:COST >> 0.036 +/- 0.0008, % updates: 2.798%
INFO:root:-- EPOCH 83 (11.486 seconds):
INFO:root:COST >> 0.0357 +/- 0.0008, % updates: 2.768%
INFO:root:-- EPOCH 84 (11.52 seconds):
INFO:root:COST >> 0.0358 +/- 0.0009, % updates: 2.778%
INFO:root:-- EPOCH 85 (11.52 seconds):
INFO:root:COST >> 0.0355 +/- 0.0008, % updates: 2.741%
INFO:root:-- EPOCH 86 (11.507 seconds):
INFO:root:COST >> 0.0357 +/- 0.0005, % updates: 2.739%
INFO:root:-- EPOCH 87 (11.332 seconds):
INFO:root:COST >> 0.0351 +/- 0.0008, % updates: 2.708%
INFO:root:-- EPOCH 88 (12.111 seconds):
INFO:root:COST >> 0.0357 +/- 0.0007, % updates: 2.727%
INFO:root:-- EPOCH 89 (12.259 seconds):
INFO:root:COST >> 0.0352 +/- 0.0006, % updates: 2.696%
INFO:root:-- EPOCH 90 (14.093 seconds):
INFO:root:COST >> 0.035 +/- 0.0008, % updates: 2.701%
INFO:root:-- EPOCH 91 (15.077 seconds):
INFO:root:COST >> 0.0352 +/- 0.0009, % updates: 2.666%
INFO:root:-- EPOCH 92 (13.166 seconds):
INFO:root:COST >> 0.035 +/- 0.0004, % updates: 2.663%
INFO:root:-- EPOCH 93 (12.196 seconds):
INFO:root:COST >> 0.0346 +/- 0.0008, % updates: 2.643%
INFO:root:-- EPOCH 94 (12.231 seconds):
INFO:root:COST >> 0.0351 +/- 0.0008, % updates: 2.648%
INFO:root:-- EPOCH 95 (12.293 seconds):
INFO:root:COST >> 0.0346 +/- 0.0007, % updates: 2.644%
INFO:root:-- EPOCH 96 (12.233 seconds):
INFO:root:COST >> 0.0344 +/- 0.0011, % updates: 2.61%
INFO:root:-- EPOCH 97 (12.273 seconds):
INFO:root:COST >> 0.0345 +/- 0.0011, % updates: 2.614%
INFO:root:-- EPOCH 98 (12.315 seconds):
INFO:root:COST >> 0.034 +/- 0.001, % updates: 2.601%
INFO:root:-- EPOCH 99 (12.246 seconds):
INFO:root:COST >> 0.034 +/- 0.0007, % updates: 2.579%
INFO:root:-- EPOCH 100 (12.263 seconds):
INFO:root:COST >> 0.0337 +/- 0.0008, % updates: 2.569%
INFO:root:### MICRO (raw valid):
INFO:root:	-- left   >> mean: 263.42512, median: 18.0, hits@10: 40.45%
INFO:root:	-- right  >> mean: 166.92066, median: 11.0, hits@10: 48.842%
INFO:root:	-- global >> mean: 215.17289, median: 14.0, hits@10: 44.646%
INFO:root:### MACRO (raw valid):
INFO:root:	-- left   >> mean: 162.97274, median: 123.27675, hits@10: 53.485%
INFO:root:	-- right  >> mean: 115.41173, median: 79.46343, hits@10: 61.252%
INFO:root:	-- global >> mean: 139.19223, median: 65.41867, hits@10: 57.368%
INFO:root:### MICRO (filtered valid):
INFO:root:	-- left   >> mean: 100.05324, median: 6.0, hits@10: 59.714%
INFO:root:	-- right  >> mean: 70.3421, median: 4.0, hits@10: 65.31%
INFO:root:	-- global >> mean: 85.19767, median: 5.0, hits@10: 62.512%
INFO:root:### MACRO (filtered valid):
INFO:root:	-- left   >> mean: 127.6229, median: 84.99454, hits@10: 66.267%
INFO:root:	-- right  >> mean: 98.88828, median: 62.46234, hits@10: 70.526%
INFO:root:	-- global >> mean: 113.25559, median: 59.95633, hits@10: 68.396%
INFO:root:### MICRO (raw test):
INFO:root:	-- left   >> mean: 259.60702, median: 18.0, hits@10: 40.685%
INFO:root:	-- right  >> mean: 173.52525, median: 11.0, hits@10: 48.296%
INFO:root:	-- global >> mean: 216.56613, median: 14.0, hits@10: 44.491%
INFO:root:### MACRO (raw test):
INFO:root:	-- left   >> mean: 137.22546, median: 103.38137, hits@10: 53.538%
INFO:root:	-- right  >> mean: 136.88885, median: 105.97555, hits@10: 61.577%
INFO:root:	-- global >> mean: 137.05716, median: 66.18835, hits@10: 57.557%
INFO:root:### MICRO (filtered test):
INFO:root:	-- left   >> mean: 98.6941, median: 6.0, hits@10: 59.459%
INFO:root:	-- right  >> mean: 71.4976, median: 4.0, hits@10: 65.045%
INFO:root:	-- global >> mean: 85.09585, median: 5.0, hits@10: 62.252%
INFO:root:### MACRO (filtered test):
INFO:root:	-- left   >> mean: 103.65471, median: 66.29396, hits@10: 65.833%
INFO:root:	-- right  >> mean: 120.87956, median: 89.45994, hits@10: 70.769%
INFO:root:	-- global >> mean: 112.26714, median: 60.69199, hits@10: 68.301%
