INFO:root:Shape for training set: (16296, 483142)
INFO:root:State: {'ndim': '20', 'test_all': '100', 'test_path': 'data/fb15k/FB15k-test.pkl', 'nhid': '20', 'lremb': '0.1', 'seed': '123', 'simfn': 'dot', 'valid_path': 'data/fb15k/FB15k-valid.pkl', 'nbatches': '10', 'lrparam': '0.1', 'decay': '0.999', 'show_hinton_diagrams': 'False', 'no_rescaling': 'True', 'Nrel': '1345', 'ranking_score_right': 'False', 'Nent': '16296', 'Nsyn': '14951', 'method': 'ADAGRAD', 'loss_margin': '1.0', 'C': '1.0', 'epsilon': '1e-06', 'use_db': 'False', 'max_lr': 'None', 'l1_param_weight': 'None', 'filtered': 'True', 'name': 'fb15k_margin/fb15k_XiTransE_342', 'totepochs': '100', 'l2_param_weight': 'None', 'train_path': 'data/fb15k/FB15k-train.pkl', 'op': 'XiTransE'}
INFO:root:Starting the Experiment ..
INFO:root:-- EPOCH 1 (2.982 seconds):
INFO:root:COST >> 1.1029 +/- 0.5339, % updates: 70.743%
INFO:root:-- EPOCH 2 (2.95 seconds):
INFO:root:COST >> 0.2702 +/- 0.0394, % updates: 24.122%
INFO:root:-- EPOCH 3 (2.989 seconds):
INFO:root:COST >> 0.1902 +/- 0.0078, % updates: 16.433%
INFO:root:-- EPOCH 4 (3.248 seconds):
INFO:root:COST >> 0.1641 +/- 0.0027, % updates: 13.712%
INFO:root:-- EPOCH 5 (3.408 seconds):
INFO:root:COST >> 0.1513 +/- 0.003, % updates: 12.301%
INFO:root:-- EPOCH 6 (3.361 seconds):
INFO:root:COST >> 0.1421 +/- 0.0013, % updates: 11.394%
INFO:root:-- EPOCH 7 (3.315 seconds):
INFO:root:COST >> 0.1352 +/- 0.0019, % updates: 10.7%
INFO:root:-- EPOCH 8 (3.262 seconds):
INFO:root:COST >> 0.13 +/- 0.0013, % updates: 10.218%
INFO:root:-- EPOCH 9 (3.013 seconds):
INFO:root:COST >> 0.1259 +/- 0.0011, % updates: 9.834%
INFO:root:-- EPOCH 10 (2.912 seconds):
INFO:root:COST >> 0.1231 +/- 0.0014, % updates: 9.487%
INFO:root:-- EPOCH 11 (2.919 seconds):
INFO:root:COST >> 0.1211 +/- 0.0009, % updates: 9.282%
INFO:root:-- EPOCH 12 (2.793 seconds):
INFO:root:COST >> 0.1179 +/- 0.0014, % updates: 9.021%
INFO:root:-- EPOCH 13 (2.859 seconds):
INFO:root:COST >> 0.1161 +/- 0.0015, % updates: 8.823%
INFO:root:-- EPOCH 14 (2.935 seconds):
INFO:root:COST >> 0.1147 +/- 0.0014, % updates: 8.691%
INFO:root:-- EPOCH 15 (2.816 seconds):
INFO:root:COST >> 0.1133 +/- 0.0014, % updates: 8.53%
INFO:root:-- EPOCH 16 (2.859 seconds):
INFO:root:COST >> 0.1115 +/- 0.0016, % updates: 8.386%
INFO:root:-- EPOCH 17 (2.755 seconds):
INFO:root:COST >> 0.1104 +/- 0.0012, % updates: 8.285%
INFO:root:-- EPOCH 18 (2.935 seconds):
INFO:root:COST >> 0.1092 +/- 0.0022, % updates: 8.188%
INFO:root:-- EPOCH 19 (3.139 seconds):
INFO:root:COST >> 0.1081 +/- 0.0013, % updates: 8.093%
INFO:root:-- EPOCH 20 (2.813 seconds):
INFO:root:COST >> 0.1074 +/- 0.0016, % updates: 8.032%
INFO:root:-- EPOCH 21 (2.809 seconds):
INFO:root:COST >> 0.1064 +/- 0.0013, % updates: 7.964%
INFO:root:-- EPOCH 22 (2.835 seconds):
INFO:root:COST >> 0.1052 +/- 0.0015, % updates: 7.828%
INFO:root:-- EPOCH 23 (2.925 seconds):
INFO:root:COST >> 0.1047 +/- 0.0012, % updates: 7.804%
INFO:root:-- EPOCH 24 (2.881 seconds):
INFO:root:COST >> 0.1043 +/- 0.0011, % updates: 7.741%
INFO:root:-- EPOCH 25 (2.933 seconds):
INFO:root:COST >> 0.103 +/- 0.0013, % updates: 7.698%
INFO:root:-- EPOCH 26 (2.819 seconds):
INFO:root:COST >> 0.1026 +/- 0.0017, % updates: 7.603%
INFO:root:-- EPOCH 27 (2.848 seconds):
INFO:root:COST >> 0.1023 +/- 0.0007, % updates: 7.581%
INFO:root:-- EPOCH 28 (2.828 seconds):
INFO:root:COST >> 0.1015 +/- 0.0009, % updates: 7.522%
INFO:root:-- EPOCH 29 (2.851 seconds):
INFO:root:COST >> 0.1006 +/- 0.0008, % updates: 7.486%
INFO:root:-- EPOCH 30 (3.021 seconds):
INFO:root:COST >> 0.1003 +/- 0.0014, % updates: 7.462%
INFO:root:-- EPOCH 31 (2.854 seconds):
INFO:root:COST >> 0.0993 +/- 0.0012, % updates: 7.379%
INFO:root:-- EPOCH 32 (2.959 seconds):
INFO:root:COST >> 0.0984 +/- 0.0014, % updates: 7.327%
INFO:root:-- EPOCH 33 (2.871 seconds):
INFO:root:COST >> 0.0986 +/- 0.0015, % updates: 7.314%
INFO:root:-- EPOCH 34 (2.86 seconds):
INFO:root:COST >> 0.0981 +/- 0.0012, % updates: 7.287%
INFO:root:-- EPOCH 35 (2.902 seconds):
INFO:root:COST >> 0.0972 +/- 0.0016, % updates: 7.262%
INFO:root:-- EPOCH 36 (2.902 seconds):
INFO:root:COST >> 0.0977 +/- 0.0012, % updates: 7.225%
INFO:root:-- EPOCH 37 (2.855 seconds):
INFO:root:COST >> 0.0968 +/- 0.0012, % updates: 7.186%
INFO:root:-- EPOCH 38 (2.787 seconds):
INFO:root:COST >> 0.0963 +/- 0.0015, % updates: 7.174%
INFO:root:-- EPOCH 39 (2.891 seconds):
INFO:root:COST >> 0.0957 +/- 0.001, % updates: 7.116%
INFO:root:-- EPOCH 40 (2.951 seconds):
INFO:root:COST >> 0.0953 +/- 0.0008, % updates: 7.088%
INFO:root:-- EPOCH 41 (3.053 seconds):
INFO:root:COST >> 0.0959 +/- 0.0015, % updates: 7.106%
INFO:root:-- EPOCH 42 (3.368 seconds):
INFO:root:COST >> 0.0957 +/- 0.0013, % updates: 7.105%
INFO:root:-- EPOCH 43 (3.409 seconds):
INFO:root:COST >> 0.0952 +/- 0.0017, % updates: 7.065%
INFO:root:-- EPOCH 44 (3.292 seconds):
INFO:root:COST >> 0.094 +/- 0.0012, % updates: 6.991%
INFO:root:-- EPOCH 45 (3.02 seconds):
INFO:root:COST >> 0.0946 +/- 0.0022, % updates: 7.016%
INFO:root:-- EPOCH 46 (2.901 seconds):
INFO:root:COST >> 0.094 +/- 0.0012, % updates: 6.965%
INFO:root:-- EPOCH 47 (2.957 seconds):
INFO:root:COST >> 0.0937 +/- 0.0017, % updates: 6.957%
INFO:root:-- EPOCH 48 (2.758 seconds):
INFO:root:COST >> 0.0937 +/- 0.0021, % updates: 6.967%
INFO:root:-- EPOCH 49 (2.823 seconds):
INFO:root:COST >> 0.0925 +/- 0.0013, % updates: 6.909%
INFO:root:-- EPOCH 50 (2.861 seconds):
INFO:root:COST >> 0.0921 +/- 0.0014, % updates: 6.841%
INFO:root:-- EPOCH 51 (2.813 seconds):
INFO:root:COST >> 0.093 +/- 0.0012, % updates: 6.872%
INFO:root:-- EPOCH 52 (2.9 seconds):
INFO:root:COST >> 0.0922 +/- 0.0016, % updates: 6.84%
INFO:root:-- EPOCH 53 (2.882 seconds):
INFO:root:COST >> 0.0927 +/- 0.0015, % updates: 6.876%
INFO:root:-- EPOCH 54 (2.818 seconds):
INFO:root:COST >> 0.092 +/- 0.0011, % updates: 6.815%
INFO:root:-- EPOCH 55 (2.95 seconds):
INFO:root:COST >> 0.0922 +/- 0.0012, % updates: 6.849%
INFO:root:-- EPOCH 56 (2.893 seconds):
INFO:root:COST >> 0.092 +/- 0.0015, % updates: 6.807%
INFO:root:-- EPOCH 57 (2.811 seconds):
INFO:root:COST >> 0.0911 +/- 0.0011, % updates: 6.758%
INFO:root:-- EPOCH 58 (2.919 seconds):
INFO:root:COST >> 0.0908 +/- 0.001, % updates: 6.745%
INFO:root:-- EPOCH 59 (2.932 seconds):
INFO:root:COST >> 0.0904 +/- 0.0013, % updates: 6.751%
INFO:root:-- EPOCH 60 (3.094 seconds):
INFO:root:COST >> 0.0907 +/- 0.001, % updates: 6.755%
INFO:root:-- EPOCH 61 (2.939 seconds):
INFO:root:COST >> 0.09 +/- 0.0014, % updates: 6.707%
INFO:root:-- EPOCH 62 (2.868 seconds):
INFO:root:COST >> 0.0903 +/- 0.001, % updates: 6.726%
INFO:root:-- EPOCH 63 (3.043 seconds):
INFO:root:COST >> 0.0903 +/- 0.0015, % updates: 6.707%
INFO:root:-- EPOCH 64 (2.949 seconds):
INFO:root:COST >> 0.0901 +/- 0.0012, % updates: 6.676%
INFO:root:-- EPOCH 65 (3.371 seconds):
INFO:root:COST >> 0.09 +/- 0.0014, % updates: 6.711%
INFO:root:-- EPOCH 66 (3.189 seconds):
INFO:root:COST >> 0.0892 +/- 0.0009, % updates: 6.67%
INFO:root:-- EPOCH 67 (3.268 seconds):
INFO:root:COST >> 0.0895 +/- 0.0016, % updates: 6.648%
INFO:root:-- EPOCH 68 (3.265 seconds):
INFO:root:COST >> 0.0901 +/- 0.0018, % updates: 6.683%
INFO:root:-- EPOCH 69 (3.055 seconds):
INFO:root:COST >> 0.0889 +/- 0.0012, % updates: 6.65%
INFO:root:-- EPOCH 70 (3.354 seconds):
INFO:root:COST >> 0.0887 +/- 0.0007, % updates: 6.596%
INFO:root:-- EPOCH 71 (3.01 seconds):
INFO:root:COST >> 0.0896 +/- 0.0014, % updates: 6.657%
INFO:root:-- EPOCH 72 (3.072 seconds):
INFO:root:COST >> 0.0889 +/- 0.001, % updates: 6.617%
INFO:root:-- EPOCH 73 (2.966 seconds):
INFO:root:COST >> 0.0883 +/- 0.0014, % updates: 6.585%
INFO:root:-- EPOCH 74 (3.483 seconds):
INFO:root:COST >> 0.0883 +/- 0.0017, % updates: 6.585%
INFO:root:-- EPOCH 75 (3.137 seconds):
INFO:root:COST >> 0.0881 +/- 0.001, % updates: 6.597%
INFO:root:-- EPOCH 76 (3.431 seconds):
INFO:root:COST >> 0.0879 +/- 0.0012, % updates: 6.548%
INFO:root:-- EPOCH 77 (2.99 seconds):
INFO:root:COST >> 0.0875 +/- 0.0011, % updates: 6.527%
INFO:root:-- EPOCH 78 (3.05 seconds):
INFO:root:COST >> 0.0874 +/- 0.0016, % updates: 6.546%
INFO:root:-- EPOCH 79 (3.451 seconds):
INFO:root:COST >> 0.0877 +/- 0.001, % updates: 6.537%
INFO:root:-- EPOCH 80 (3.385 seconds):
INFO:root:COST >> 0.0876 +/- 0.0013, % updates: 6.523%
INFO:root:-- EPOCH 81 (2.948 seconds):
INFO:root:COST >> 0.0877 +/- 0.0014, % updates: 6.538%
INFO:root:-- EPOCH 82 (2.983 seconds):
INFO:root:COST >> 0.0874 +/- 0.0008, % updates: 6.499%
INFO:root:-- EPOCH 83 (3.028 seconds):
INFO:root:COST >> 0.0878 +/- 0.0009, % updates: 6.538%
INFO:root:-- EPOCH 84 (2.933 seconds):
INFO:root:COST >> 0.0866 +/- 0.0014, % updates: 6.46%
INFO:root:-- EPOCH 85 (3.089 seconds):
INFO:root:COST >> 0.0876 +/- 0.0013, % updates: 6.529%
INFO:root:-- EPOCH 86 (3.145 seconds):
INFO:root:COST >> 0.087 +/- 0.0012, % updates: 6.482%
INFO:root:-- EPOCH 87 (3.096 seconds):
INFO:root:COST >> 0.0869 +/- 0.0015, % updates: 6.481%
INFO:root:-- EPOCH 88 (2.96 seconds):
INFO:root:COST >> 0.0875 +/- 0.0015, % updates: 6.501%
INFO:root:-- EPOCH 89 (3.083 seconds):
INFO:root:COST >> 0.0875 +/- 0.0012, % updates: 6.492%
INFO:root:-- EPOCH 90 (3.113 seconds):
INFO:root:COST >> 0.0869 +/- 0.0016, % updates: 6.457%
INFO:root:-- EPOCH 91 (3.123 seconds):
INFO:root:COST >> 0.0855 +/- 0.0014, % updates: 6.407%
INFO:root:-- EPOCH 92 (2.942 seconds):
INFO:root:COST >> 0.0861 +/- 0.001, % updates: 6.433%
INFO:root:-- EPOCH 93 (2.928 seconds):
INFO:root:COST >> 0.0863 +/- 0.0014, % updates: 6.454%
INFO:root:-- EPOCH 94 (2.912 seconds):
INFO:root:COST >> 0.0862 +/- 0.0009, % updates: 6.414%
INFO:root:-- EPOCH 95 (3.081 seconds):
INFO:root:COST >> 0.0863 +/- 0.0015, % updates: 6.422%
INFO:root:-- EPOCH 96 (3.097 seconds):
INFO:root:COST >> 0.0858 +/- 0.0016, % updates: 6.409%
INFO:root:-- EPOCH 97 (2.87 seconds):
INFO:root:COST >> 0.0855 +/- 0.0013, % updates: 6.4%
INFO:root:-- EPOCH 98 (2.812 seconds):
INFO:root:COST >> 0.086 +/- 0.002, % updates: 6.382%
INFO:root:-- EPOCH 99 (2.981 seconds):
INFO:root:COST >> 0.0856 +/- 0.0014, % updates: 6.383%
INFO:root:-- EPOCH 100 (2.972 seconds):
INFO:root:COST >> 0.0852 +/- 0.0015, % updates: 6.374%
INFO:root:### MICRO (raw valid):
INFO:root:	-- left   >> mean: 353.49714, median: 65.0, hits@10: 23.912%
INFO:root:	-- right  >> mean: 261.2492, median: 35.0, hits@10: 32.412%
INFO:root:	-- global >> mean: 307.37317, median: 47.0, hits@10: 28.162%
INFO:root:### MACRO (raw valid):
INFO:root:	-- left   >> mean: 173.0856, median: 141.1452, hits@10: 42.141%
INFO:root:	-- right  >> mean: 122.41603, median: 92.71124, hits@10: 49.786%
INFO:root:	-- global >> mean: 147.75081, median: 61.90775, hits@10: 45.964%
INFO:root:### MICRO (filtered valid):
INFO:root:	-- left   >> mean: 221.84856, median: 34.0, hits@10: 33.722%
INFO:root:	-- right  >> mean: 180.38898, median: 21.0, hits@10: 40.582%
INFO:root:	-- global >> mean: 201.11877, median: 27.0, hits@10: 37.152%
INFO:root:### MACRO (filtered valid):
INFO:root:	-- left   >> mean: 143.58701, median: 108.89847, hits@10: 50.261%
INFO:root:	-- right  >> mean: 108.38567, median: 77.32151, hits@10: 55.379%
INFO:root:	-- global >> mean: 125.98634, median: 58.36245, hits@10: 52.82%
INFO:root:### MICRO (raw test):
INFO:root:	-- left   >> mean: 350.6878, median: 64.0, hits@10: 24.55%
INFO:root:	-- right  >> mean: 268.60854, median: 36.0, hits@10: 32.112%
INFO:root:	-- global >> mean: 309.64817, median: 47.0, hits@10: 28.331%
INFO:root:### MACRO (raw test):
INFO:root:	-- left   >> mean: 174.04534, median: 140.936, hits@10: 43.074%
INFO:root:	-- right  >> mean: 152.33975, median: 118.66493, hits@10: 48.491%
INFO:root:	-- global >> mean: 163.19255, median: 70.93496, hits@10: 45.783%
INFO:root:### MICRO (filtered test):
INFO:root:	-- left   >> mean: 221.77637, median: 33.0, hits@10: 34.321%
INFO:root:	-- right  >> mean: 183.92932, median: 22.0, hits@10: 40.304%
INFO:root:	-- global >> mean: 202.85285, median: 27.0, hits@10: 37.313%
INFO:root:### MACRO (filtered test):
INFO:root:	-- left   >> mean: 146.03029, median: 110.28304, hits@10: 51.286%
INFO:root:	-- right  >> mean: 138.80993, median: 103.75182, hits@10: 53.816%
INFO:root:	-- global >> mean: 142.42011, median: 67.45786, hits@10: 52.551%
