INFO:root:Shape for training set: (16296, 483142)
INFO:root:State: {'ndim': '20', 'test_all': '100', 'test_path': 'data/fb15k/FB15k-test.pkl', 'nhid': '20', 'lremb': '0.1', 'seed': '123', 'simfn': 'dot', 'valid_path': 'data/fb15k/FB15k-valid.pkl', 'nbatches': '10', 'lrparam': '0.1', 'decay': '0.999', 'show_hinton_diagrams': 'False', 'no_rescaling': 'True', 'Nrel': '1345', 'ranking_score_right': 'False', 'Nent': '16296', 'Nsyn': '14951', 'method': 'ADAGRAD', 'loss_margin': '2.0', 'C': '1.0', 'epsilon': '1e-06', 'use_db': 'False', 'max_lr': 'None', 'l1_param_weight': 'None', 'filtered': 'True', 'name': 'fb15k_margin/fb15k_XiTransE_343', 'totepochs': '100', 'l2_param_weight': 'None', 'train_path': 'data/fb15k/FB15k-train.pkl', 'op': 'XiTransE'}
INFO:root:Starting the Experiment ..
INFO:root:-- EPOCH 1 (2.83 seconds):
INFO:root:COST >> 2.6605 +/- 0.9327, % updates: 88.982%
INFO:root:-- EPOCH 2 (2.796 seconds):
INFO:root:COST >> 0.7898 +/- 0.1439, % updates: 41.26%
INFO:root:-- EPOCH 3 (2.922 seconds):
INFO:root:COST >> 0.5233 +/- 0.0294, % updates: 26.415%
INFO:root:-- EPOCH 4 (2.82 seconds):
INFO:root:COST >> 0.4393 +/- 0.0109, % updates: 21.203%
INFO:root:-- EPOCH 5 (2.783 seconds):
INFO:root:COST >> 0.3974 +/- 0.0086, % updates: 18.48%
INFO:root:-- EPOCH 6 (2.719 seconds):
INFO:root:COST >> 0.3701 +/- 0.004, % updates: 16.765%
INFO:root:-- EPOCH 7 (3.483 seconds):
INFO:root:COST >> 0.3501 +/- 0.0048, % updates: 15.561%
INFO:root:-- EPOCH 8 (2.94 seconds):
INFO:root:COST >> 0.3343 +/- 0.0021, % updates: 14.56%
INFO:root:-- EPOCH 9 (3.423 seconds):
INFO:root:COST >> 0.3232 +/- 0.0021, % updates: 13.952%
INFO:root:-- EPOCH 10 (2.741 seconds):
INFO:root:COST >> 0.3142 +/- 0.0038, % updates: 13.282%
INFO:root:-- EPOCH 11 (2.777 seconds):
INFO:root:COST >> 0.3075 +/- 0.0017, % updates: 12.888%
INFO:root:-- EPOCH 12 (2.867 seconds):
INFO:root:COST >> 0.2997 +/- 0.0028, % updates: 12.437%
INFO:root:-- EPOCH 13 (2.81 seconds):
INFO:root:COST >> 0.2937 +/- 0.0028, % updates: 12.083%
INFO:root:-- EPOCH 14 (2.751 seconds):
INFO:root:COST >> 0.2903 +/- 0.003, % updates: 11.826%
INFO:root:-- EPOCH 15 (2.763 seconds):
INFO:root:COST >> 0.2854 +/- 0.0034, % updates: 11.508%
INFO:root:-- EPOCH 16 (2.783 seconds):
INFO:root:COST >> 0.2802 +/- 0.0032, % updates: 11.228%
INFO:root:-- EPOCH 17 (2.774 seconds):
INFO:root:COST >> 0.2778 +/- 0.0029, % updates: 11.043%
INFO:root:-- EPOCH 18 (2.822 seconds):
INFO:root:COST >> 0.2741 +/- 0.0053, % updates: 10.841%
INFO:root:-- EPOCH 19 (3.285 seconds):
INFO:root:COST >> 0.2713 +/- 0.0022, % updates: 10.652%
INFO:root:-- EPOCH 20 (3.055 seconds):
INFO:root:COST >> 0.2682 +/- 0.003, % updates: 10.469%
INFO:root:-- EPOCH 21 (3.037 seconds):
INFO:root:COST >> 0.2666 +/- 0.0027, % updates: 10.349%
INFO:root:-- EPOCH 22 (2.876 seconds):
INFO:root:COST >> 0.2635 +/- 0.0036, % updates: 10.147%
INFO:root:-- EPOCH 23 (2.794 seconds):
INFO:root:COST >> 0.2624 +/- 0.002, % updates: 10.073%
INFO:root:-- EPOCH 24 (2.703 seconds):
INFO:root:COST >> 0.2606 +/- 0.0027, % updates: 9.922%
INFO:root:-- EPOCH 25 (2.814 seconds):
INFO:root:COST >> 0.2573 +/- 0.0028, % updates: 9.806%
INFO:root:-- EPOCH 26 (2.768 seconds):
INFO:root:COST >> 0.2559 +/- 0.0037, % updates: 9.715%
INFO:root:-- EPOCH 27 (2.726 seconds):
INFO:root:COST >> 0.2554 +/- 0.0021, % updates: 9.605%
INFO:root:-- EPOCH 28 (2.686 seconds):
INFO:root:COST >> 0.254 +/- 0.0022, % updates: 9.508%
INFO:root:-- EPOCH 29 (2.903 seconds):
INFO:root:COST >> 0.2519 +/- 0.0016, % updates: 9.423%
INFO:root:-- EPOCH 30 (3.511 seconds):
INFO:root:COST >> 0.2507 +/- 0.0029, % updates: 9.355%
INFO:root:-- EPOCH 31 (3.038 seconds):
INFO:root:COST >> 0.2483 +/- 0.0023, % updates: 9.255%
INFO:root:-- EPOCH 32 (3.26 seconds):
INFO:root:COST >> 0.2464 +/- 0.0025, % updates: 9.185%
INFO:root:-- EPOCH 33 (3.1 seconds):
INFO:root:COST >> 0.2467 +/- 0.003, % updates: 9.125%
INFO:root:-- EPOCH 34 (2.789 seconds):
INFO:root:COST >> 0.245 +/- 0.0027, % updates: 9.056%
INFO:root:-- EPOCH 35 (2.649 seconds):
INFO:root:COST >> 0.2437 +/- 0.0032, % updates: 9.002%
INFO:root:-- EPOCH 36 (2.734 seconds):
INFO:root:COST >> 0.2433 +/- 0.0026, % updates: 8.945%
INFO:root:-- EPOCH 37 (2.793 seconds):
INFO:root:COST >> 0.2421 +/- 0.0022, % updates: 8.887%
INFO:root:-- EPOCH 38 (2.744 seconds):
INFO:root:COST >> 0.2415 +/- 0.0031, % updates: 8.85%
INFO:root:-- EPOCH 39 (2.691 seconds):
INFO:root:COST >> 0.2393 +/- 0.002, % updates: 8.754%
INFO:root:-- EPOCH 40 (2.712 seconds):
INFO:root:COST >> 0.239 +/- 0.0014, % updates: 8.741%
INFO:root:-- EPOCH 41 (2.909 seconds):
INFO:root:COST >> 0.2394 +/- 0.0026, % updates: 8.702%
INFO:root:-- EPOCH 42 (2.742 seconds):
INFO:root:COST >> 0.2393 +/- 0.0031, % updates: 8.634%
INFO:root:-- EPOCH 43 (2.69 seconds):
INFO:root:COST >> 0.2382 +/- 0.0036, % updates: 8.606%
INFO:root:-- EPOCH 44 (2.675 seconds):
INFO:root:COST >> 0.235 +/- 0.0033, % updates: 8.533%
INFO:root:-- EPOCH 45 (2.778 seconds):
INFO:root:COST >> 0.2362 +/- 0.0044, % updates: 8.551%
INFO:root:-- EPOCH 46 (2.784 seconds):
INFO:root:COST >> 0.2351 +/- 0.0033, % updates: 8.471%
INFO:root:-- EPOCH 47 (2.763 seconds):
INFO:root:COST >> 0.2346 +/- 0.004, % updates: 8.439%
INFO:root:-- EPOCH 48 (2.75 seconds):
INFO:root:COST >> 0.2344 +/- 0.0045, % updates: 8.416%
INFO:root:-- EPOCH 49 (3.641 seconds):
INFO:root:COST >> 0.2315 +/- 0.0026, % updates: 8.349%
INFO:root:-- EPOCH 50 (3.087 seconds):
INFO:root:COST >> 0.2309 +/- 0.0035, % updates: 8.299%
INFO:root:-- EPOCH 51 (3.304 seconds):
INFO:root:COST >> 0.2322 +/- 0.0028, % updates: 8.289%
INFO:root:-- EPOCH 52 (2.939 seconds):
INFO:root:COST >> 0.2304 +/- 0.0038, % updates: 8.247%
INFO:root:-- EPOCH 53 (3.226 seconds):
INFO:root:COST >> 0.2324 +/- 0.0033, % updates: 8.267%
INFO:root:-- EPOCH 54 (3.007 seconds):
INFO:root:COST >> 0.2302 +/- 0.0018, % updates: 8.185%
INFO:root:-- EPOCH 55 (2.841 seconds):
INFO:root:COST >> 0.2312 +/- 0.0027, % updates: 8.189%
INFO:root:-- EPOCH 56 (2.669 seconds):
INFO:root:COST >> 0.23 +/- 0.0037, % updates: 8.172%
INFO:root:-- EPOCH 57 (2.823 seconds):
INFO:root:COST >> 0.2285 +/- 0.0028, % updates: 8.101%
INFO:root:-- EPOCH 58 (2.779 seconds):
INFO:root:COST >> 0.2277 +/- 0.0025, % updates: 8.059%
INFO:root:-- EPOCH 59 (2.886 seconds):
INFO:root:COST >> 0.2272 +/- 0.0026, % updates: 8.084%
INFO:root:-- EPOCH 60 (3.37 seconds):
INFO:root:COST >> 0.2273 +/- 0.0022, % updates: 8.052%
INFO:root:-- EPOCH 61 (3.039 seconds):
INFO:root:COST >> 0.2259 +/- 0.0031, % updates: 7.998%
INFO:root:-- EPOCH 62 (3.461 seconds):
INFO:root:COST >> 0.2259 +/- 0.0024, % updates: 8.006%
INFO:root:-- EPOCH 63 (3.157 seconds):
INFO:root:COST >> 0.2263 +/- 0.0035, % updates: 7.987%
INFO:root:-- EPOCH 64 (2.727 seconds):
INFO:root:COST >> 0.226 +/- 0.0027, % updates: 7.928%
INFO:root:-- EPOCH 65 (2.793 seconds):
INFO:root:COST >> 0.2255 +/- 0.0027, % updates: 7.967%
INFO:root:-- EPOCH 66 (2.749 seconds):
INFO:root:COST >> 0.2241 +/- 0.0018, % updates: 7.889%
INFO:root:-- EPOCH 67 (2.723 seconds):
INFO:root:COST >> 0.2239 +/- 0.0037, % updates: 7.883%
INFO:root:-- EPOCH 68 (2.74 seconds):
INFO:root:COST >> 0.2257 +/- 0.0041, % updates: 7.906%
INFO:root:-- EPOCH 69 (2.774 seconds):
INFO:root:COST >> 0.2234 +/- 0.0025, % updates: 7.854%
INFO:root:-- EPOCH 70 (2.755 seconds):
INFO:root:COST >> 0.2223 +/- 0.0017, % updates: 7.784%
INFO:root:-- EPOCH 71 (2.808 seconds):
INFO:root:COST >> 0.2242 +/- 0.0038, % updates: 7.837%
INFO:root:-- EPOCH 72 (2.833 seconds):
INFO:root:COST >> 0.2231 +/- 0.0021, % updates: 7.81%
INFO:root:-- EPOCH 73 (2.937 seconds):
INFO:root:COST >> 0.2217 +/- 0.0034, % updates: 7.766%
INFO:root:-- EPOCH 74 (2.717 seconds):
INFO:root:COST >> 0.2222 +/- 0.0039, % updates: 7.764%
INFO:root:-- EPOCH 75 (2.775 seconds):
INFO:root:COST >> 0.2215 +/- 0.0021, % updates: 7.75%
INFO:root:-- EPOCH 76 (2.729 seconds):
INFO:root:COST >> 0.2205 +/- 0.0029, % updates: 7.715%
INFO:root:-- EPOCH 77 (2.756 seconds):
INFO:root:COST >> 0.2198 +/- 0.0022, % updates: 7.66%
INFO:root:-- EPOCH 78 (2.7 seconds):
INFO:root:COST >> 0.2197 +/- 0.0031, % updates: 7.678%
INFO:root:-- EPOCH 79 (2.807 seconds):
INFO:root:COST >> 0.2202 +/- 0.0024, % updates: 7.665%
INFO:root:-- EPOCH 80 (2.669 seconds):
INFO:root:COST >> 0.22 +/- 0.0031, % updates: 7.634%
INFO:root:-- EPOCH 81 (2.729 seconds):
INFO:root:COST >> 0.2201 +/- 0.003, % updates: 7.645%
INFO:root:-- EPOCH 82 (2.808 seconds):
INFO:root:COST >> 0.2194 +/- 0.0022, % updates: 7.597%
INFO:root:-- EPOCH 83 (3.213 seconds):
INFO:root:COST >> 0.2202 +/- 0.0028, % updates: 7.629%
INFO:root:-- EPOCH 84 (3.202 seconds):
INFO:root:COST >> 0.2176 +/- 0.0026, % updates: 7.56%
INFO:root:-- EPOCH 85 (3.281 seconds):
INFO:root:COST >> 0.2203 +/- 0.0034, % updates: 7.613%
INFO:root:-- EPOCH 86 (2.802 seconds):
INFO:root:COST >> 0.2185 +/- 0.0024, % updates: 7.572%
INFO:root:-- EPOCH 87 (2.726 seconds):
INFO:root:COST >> 0.2181 +/- 0.0036, % updates: 7.531%
INFO:root:-- EPOCH 88 (2.758 seconds):
INFO:root:COST >> 0.2194 +/- 0.0032, % updates: 7.572%
INFO:root:-- EPOCH 89 (2.701 seconds):
INFO:root:COST >> 0.2196 +/- 0.0028, % updates: 7.565%
INFO:root:-- EPOCH 90 (2.718 seconds):
INFO:root:COST >> 0.2173 +/- 0.0033, % updates: 7.521%
INFO:root:-- EPOCH 91 (2.757 seconds):
INFO:root:COST >> 0.2151 +/- 0.003, % updates: 7.482%
INFO:root:-- EPOCH 92 (2.725 seconds):
INFO:root:COST >> 0.2161 +/- 0.0019, % updates: 7.493%
INFO:root:-- EPOCH 93 (2.63 seconds):
INFO:root:COST >> 0.217 +/- 0.003, % updates: 7.49%
INFO:root:-- EPOCH 94 (2.743 seconds):
INFO:root:COST >> 0.2159 +/- 0.0021, % updates: 7.443%
INFO:root:-- EPOCH 95 (2.7 seconds):
INFO:root:COST >> 0.2166 +/- 0.0034, % updates: 7.431%
INFO:root:-- EPOCH 96 (2.799 seconds):
INFO:root:COST >> 0.2155 +/- 0.0033, % updates: 7.447%
INFO:root:-- EPOCH 97 (3.037 seconds):
INFO:root:COST >> 0.2154 +/- 0.0027, % updates: 7.407%
INFO:root:-- EPOCH 98 (2.868 seconds):
INFO:root:COST >> 0.216 +/- 0.0044, % updates: 7.427%
INFO:root:-- EPOCH 99 (2.875 seconds):
INFO:root:COST >> 0.2151 +/- 0.0029, % updates: 7.386%
INFO:root:-- EPOCH 100 (2.748 seconds):
INFO:root:COST >> 0.2144 +/- 0.0031, % updates: 7.37%
INFO:root:### MICRO (raw valid):
INFO:root:	-- left   >> mean: 445.52146, median: 102.0, hits@10: 20.4%
INFO:root:	-- right  >> mean: 345.17868, median: 50.0, hits@10: 28.734%
INFO:root:	-- global >> mean: 395.35007, median: 72.0, hits@10: 24.567%
INFO:root:### MACRO (raw valid):
INFO:root:	-- left   >> mean: 187.75552, median: 154.59552, hits@10: 40.931%
INFO:root:	-- right  >> mean: 138.2353, median: 107.7309, hits@10: 48.087%
INFO:root:	-- global >> mean: 162.99541, median: 68.07314, hits@10: 44.509%
INFO:root:### MICRO (filtered valid):
INFO:root:	-- left   >> mean: 316.10948, median: 56.0, hits@10: 29.298%
INFO:root:	-- right  >> mean: 265.95756, median: 35.0, hits@10: 35.77%
INFO:root:	-- global >> mean: 291.03352, median: 44.0, hits@10: 32.534%
INFO:root:### MACRO (filtered valid):
INFO:root:	-- left   >> mean: 158.65697, median: 121.45197, hits@10: 48.818%
INFO:root:	-- right  >> mean: 124.50109, median: 92.04858, hits@10: 52.754%
INFO:root:	-- global >> mean: 141.57903, median: 64.4929, hits@10: 50.786%
INFO:root:### MICRO (raw test):
INFO:root:	-- left   >> mean: 441.4863, median: 101.0, hits@10: 20.951%
INFO:root:	-- right  >> mean: 353.05016, median: 52.0, hits@10: 28.703%
INFO:root:	-- global >> mean: 397.26823, median: 72.0, hits@10: 24.827%
INFO:root:### MACRO (raw test):
INFO:root:	-- left   >> mean: 194.70246, median: 162.26847, hits@10: 41.652%
INFO:root:	-- right  >> mean: 169.91878, median: 136.72737, hits@10: 46.957%
INFO:root:	-- global >> mean: 182.31062, median: 85.07284, hits@10: 44.304%
INFO:root:### MICRO (filtered test):
INFO:root:	-- left   >> mean: 314.45508, median: 54.0, hits@10: 29.783%
INFO:root:	-- right  >> mean: 270.03113, median: 35.0, hits@10: 35.848%
INFO:root:	-- global >> mean: 292.24311, median: 44.0, hits@10: 32.816%
INFO:root:### MACRO (filtered test):
INFO:root:	-- left   >> mean: 167.0866, median: 131.05359, hits@10: 49.239%
INFO:root:	-- right  >> mean: 156.62077, median: 121.47347, hits@10: 51.973%
INFO:root:	-- global >> mean: 161.85369, median: 81.52862, hits@10: 50.606%
