INFO:root:Shape for training set: (16296, 483142)
INFO:root:State: {'ndim': '20', 'test_all': '100', 'test_path': 'data/fb15k/FB15k-test.pkl', 'nhid': '20', 'lremb': '0.1', 'seed': '123', 'simfn': 'dot', 'valid_path': 'data/fb15k/FB15k-valid.pkl', 'nbatches': '10', 'lrparam': '0.1', 'decay': '0.999', 'show_hinton_diagrams': 'False', 'no_rescaling': 'True', 'Nrel': '1345', 'ranking_score_right': 'False', 'Nent': '16296', 'Nsyn': '14951', 'method': 'ADAGRAD', 'loss_margin': '10.0', 'C': '1.0', 'epsilon': '1e-06', 'use_db': 'False', 'max_lr': 'None', 'l1_param_weight': 'None', 'filtered': 'True', 'name': 'fb15k_margin/fb15k_XiNTransE_398', 'totepochs': '100', 'l2_param_weight': 'None', 'train_path': 'data/fb15k/FB15k-train.pkl', 'op': 'XiNTransE'}
INFO:root:Starting the Experiment ..
INFO:root:-- EPOCH 1 (4.922 seconds):
INFO:root:COST >> 19.4517 +/- 0.425, % updates: 100.0%
INFO:root:-- EPOCH 2 (4.919 seconds):
INFO:root:COST >> 16.9967 +/- 1.0576, % updates: 99.219%
INFO:root:-- EPOCH 3 (4.953 seconds):
INFO:root:COST >> 13.4893 +/- 1.6462, % updates: 92.574%
INFO:root:-- EPOCH 4 (4.911 seconds):
INFO:root:COST >> 7.672 +/- 1.5963, % updates: 59.094%
INFO:root:-- EPOCH 5 (4.846 seconds):
INFO:root:COST >> 4.4353 +/- 0.187, % updates: 32.904%
INFO:root:-- EPOCH 6 (4.845 seconds):
INFO:root:COST >> 3.4417 +/- 0.0931, % updates: 25.424%
INFO:root:-- EPOCH 7 (4.815 seconds):
INFO:root:COST >> 3.082 +/- 0.1042, % updates: 22.696%
INFO:root:-- EPOCH 8 (4.79 seconds):
INFO:root:COST >> 2.787 +/- 0.0446, % updates: 20.195%
INFO:root:-- EPOCH 9 (4.806 seconds):
INFO:root:COST >> 2.7014 +/- 0.0378, % updates: 19.494%
INFO:root:-- EPOCH 10 (4.838 seconds):
INFO:root:COST >> 2.5832 +/- 0.0642, % updates: 18.887%
INFO:root:-- EPOCH 11 (4.736 seconds):
INFO:root:COST >> 2.4406 +/- 0.0524, % updates: 17.492%
INFO:root:-- EPOCH 12 (4.795 seconds):
INFO:root:COST >> 2.353 +/- 0.0358, % updates: 16.893%
INFO:root:-- EPOCH 13 (4.729 seconds):
INFO:root:COST >> 2.334 +/- 0.0633, % updates: 16.588%
INFO:root:-- EPOCH 14 (4.761 seconds):
INFO:root:COST >> 2.289 +/- 0.0203, % updates: 16.506%
INFO:root:-- EPOCH 15 (4.723 seconds):
INFO:root:COST >> 2.1635 +/- 0.0417, % updates: 15.472%
INFO:root:-- EPOCH 16 (4.797 seconds):
INFO:root:COST >> 2.0747 +/- 0.043, % updates: 14.857%
INFO:root:-- EPOCH 17 (4.758 seconds):
INFO:root:COST >> 2.0063 +/- 0.0603, % updates: 14.589%
INFO:root:-- EPOCH 18 (4.882 seconds):
INFO:root:COST >> 1.9609 +/- 0.0783, % updates: 14.181%
INFO:root:-- EPOCH 19 (4.743 seconds):
INFO:root:COST >> 1.9158 +/- 0.0624, % updates: 13.902%
INFO:root:-- EPOCH 20 (4.777 seconds):
INFO:root:COST >> 1.9301 +/- 0.028, % updates: 13.884%
INFO:root:-- EPOCH 21 (4.869 seconds):
INFO:root:COST >> 1.872 +/- 0.0272, % updates: 13.441%
INFO:root:-- EPOCH 22 (4.808 seconds):
INFO:root:COST >> 1.8691 +/- 0.067, % updates: 13.608%
INFO:root:-- EPOCH 23 (4.862 seconds):
INFO:root:COST >> 1.7641 +/- 0.0661, % updates: 12.892%
INFO:root:-- EPOCH 24 (4.822 seconds):
INFO:root:COST >> 1.7624 +/- 0.0556, % updates: 12.766%
INFO:root:-- EPOCH 25 (4.866 seconds):
INFO:root:COST >> 1.7203 +/- 0.0415, % updates: 12.483%
INFO:root:-- EPOCH 26 (4.746 seconds):
INFO:root:COST >> 1.6728 +/- 0.0555, % updates: 12.177%
INFO:root:-- EPOCH 27 (4.808 seconds):
INFO:root:COST >> 1.6756 +/- 0.0437, % updates: 12.229%
INFO:root:-- EPOCH 28 (4.874 seconds):
INFO:root:COST >> 1.647 +/- 0.0564, % updates: 11.964%
INFO:root:-- EPOCH 29 (4.936 seconds):
INFO:root:COST >> 1.6504 +/- 0.0386, % updates: 11.931%
INFO:root:-- EPOCH 30 (4.922 seconds):
INFO:root:COST >> 1.5943 +/- 0.0445, % updates: 11.456%
INFO:root:-- EPOCH 31 (4.704 seconds):
INFO:root:COST >> 1.5439 +/- 0.0323, % updates: 11.166%
INFO:root:-- EPOCH 32 (4.773 seconds):
INFO:root:COST >> 1.5345 +/- 0.0544, % updates: 11.019%
INFO:root:-- EPOCH 33 (4.755 seconds):
INFO:root:COST >> 1.5136 +/- 0.0173, % updates: 10.985%
INFO:root:-- EPOCH 34 (4.794 seconds):
INFO:root:COST >> 1.4659 +/- 0.0314, % updates: 10.681%
INFO:root:-- EPOCH 35 (4.809 seconds):
INFO:root:COST >> 1.4495 +/- 0.0655, % updates: 10.474%
INFO:root:-- EPOCH 36 (4.825 seconds):
INFO:root:COST >> 1.4562 +/- 0.0468, % updates: 10.439%
INFO:root:-- EPOCH 37 (4.857 seconds):
INFO:root:COST >> 1.4375 +/- 0.0246, % updates: 10.371%
INFO:root:-- EPOCH 38 (4.768 seconds):
INFO:root:COST >> 1.4012 +/- 0.0361, % updates: 10.083%
INFO:root:-- EPOCH 39 (4.814 seconds):
INFO:root:COST >> 1.4331 +/- 0.0725, % updates: 10.324%
INFO:root:-- EPOCH 40 (4.831 seconds):
INFO:root:COST >> 1.3697 +/- 0.0261, % updates: 9.87%
INFO:root:-- EPOCH 41 (4.868 seconds):
INFO:root:COST >> 1.3507 +/- 0.0381, % updates: 9.681%
INFO:root:-- EPOCH 42 (4.701 seconds):
INFO:root:COST >> 1.3346 +/- 0.0485, % updates: 9.592%
INFO:root:-- EPOCH 43 (4.863 seconds):
INFO:root:COST >> 1.3112 +/- 0.0349, % updates: 9.342%
INFO:root:-- EPOCH 44 (4.818 seconds):
INFO:root:COST >> 1.3207 +/- 0.0493, % updates: 9.486%
INFO:root:-- EPOCH 45 (4.882 seconds):
INFO:root:COST >> 1.3008 +/- 0.042, % updates: 9.353%
INFO:root:-- EPOCH 46 (4.827 seconds):
INFO:root:COST >> 1.3123 +/- 0.0259, % updates: 9.419%
INFO:root:-- EPOCH 47 (4.958 seconds):
INFO:root:COST >> 1.2662 +/- 0.0301, % updates: 9.045%
INFO:root:-- EPOCH 48 (4.833 seconds):
INFO:root:COST >> 1.2675 +/- 0.0484, % updates: 9.052%
INFO:root:-- EPOCH 49 (4.9 seconds):
INFO:root:COST >> 1.2715 +/- 0.0753, % updates: 9.231%
INFO:root:-- EPOCH 50 (4.782 seconds):
INFO:root:COST >> 1.2456 +/- 0.0695, % updates: 8.918%
INFO:root:-- EPOCH 51 (4.871 seconds):
INFO:root:COST >> 1.2437 +/- 0.0379, % updates: 8.944%
INFO:root:-- EPOCH 52 (4.755 seconds):
INFO:root:COST >> 1.2441 +/- 0.0562, % updates: 8.857%
INFO:root:-- EPOCH 53 (4.852 seconds):
INFO:root:COST >> 1.2155 +/- 0.0455, % updates: 8.696%
INFO:root:-- EPOCH 54 (4.694 seconds):
INFO:root:COST >> 1.2161 +/- 0.0348, % updates: 8.679%
INFO:root:-- EPOCH 55 (4.941 seconds):
INFO:root:COST >> 1.1972 +/- 0.0377, % updates: 8.496%
INFO:root:-- EPOCH 56 (5.362 seconds):
INFO:root:COST >> 1.2259 +/- 0.0399, % updates: 8.846%
INFO:root:-- EPOCH 57 (5.447 seconds):
INFO:root:COST >> 1.1862 +/- 0.0373, % updates: 8.422%
INFO:root:-- EPOCH 58 (5.361 seconds):
INFO:root:COST >> 1.1886 +/- 0.0577, % updates: 8.407%
INFO:root:-- EPOCH 59 (5.464 seconds):
INFO:root:COST >> 1.1661 +/- 0.0252, % updates: 8.238%
INFO:root:-- EPOCH 60 (5.358 seconds):
INFO:root:COST >> 1.1654 +/- 0.0293, % updates: 8.264%
INFO:root:-- EPOCH 61 (5.471 seconds):
INFO:root:COST >> 1.1676 +/- 0.0393, % updates: 8.371%
INFO:root:-- EPOCH 62 (5.364 seconds):
INFO:root:COST >> 1.1535 +/- 0.0254, % updates: 8.199%
INFO:root:-- EPOCH 63 (5.437 seconds):
INFO:root:COST >> 1.1658 +/- 0.0565, % updates: 8.26%
INFO:root:-- EPOCH 64 (5.447 seconds):
INFO:root:COST >> 1.1299 +/- 0.033, % updates: 7.994%
INFO:root:-- EPOCH 65 (5.46 seconds):
INFO:root:COST >> 1.1312 +/- 0.0328, % updates: 8.02%
INFO:root:-- EPOCH 66 (5.372 seconds):
INFO:root:COST >> 1.1481 +/- 0.0489, % updates: 8.142%
INFO:root:-- EPOCH 67 (5.424 seconds):
INFO:root:COST >> 1.1471 +/- 0.0483, % updates: 8.153%
INFO:root:-- EPOCH 68 (5.321 seconds):
INFO:root:COST >> 1.1238 +/- 0.0393, % updates: 7.88%
INFO:root:-- EPOCH 69 (5.487 seconds):
INFO:root:COST >> 1.1248 +/- 0.0573, % updates: 7.957%
INFO:root:-- EPOCH 70 (5.363 seconds):
INFO:root:COST >> 1.1212 +/- 0.0254, % updates: 7.972%
INFO:root:-- EPOCH 71 (5.381 seconds):
INFO:root:COST >> 1.1089 +/- 0.0237, % updates: 7.889%
INFO:root:-- EPOCH 72 (5.363 seconds):
INFO:root:COST >> 1.1023 +/- 0.0317, % updates: 7.889%
INFO:root:-- EPOCH 73 (5.479 seconds):
INFO:root:COST >> 1.0935 +/- 0.0237, % updates: 7.763%
INFO:root:-- EPOCH 74 (5.352 seconds):
INFO:root:COST >> 1.0904 +/- 0.0295, % updates: 7.786%
INFO:root:-- EPOCH 75 (5.398 seconds):
INFO:root:COST >> 1.0814 +/- 0.0257, % updates: 7.652%
INFO:root:-- EPOCH 76 (5.347 seconds):
INFO:root:COST >> 1.0743 +/- 0.0332, % updates: 7.584%
INFO:root:-- EPOCH 77 (5.375 seconds):
INFO:root:COST >> 1.0812 +/- 0.0475, % updates: 7.675%
INFO:root:-- EPOCH 78 (5.347 seconds):
INFO:root:COST >> 1.1231 +/- 0.0726, % updates: 8.006%
INFO:root:-- EPOCH 79 (5.344 seconds):
INFO:root:COST >> 1.0512 +/- 0.0169, % updates: 7.389%
INFO:root:-- EPOCH 80 (5.337 seconds):
INFO:root:COST >> 1.0677 +/- 0.0367, % updates: 7.605%
INFO:root:-- EPOCH 81 (5.568 seconds):
INFO:root:COST >> 1.0668 +/- 0.0364, % updates: 7.566%
INFO:root:-- EPOCH 82 (6.471 seconds):
INFO:root:COST >> 1.0553 +/- 0.0281, % updates: 7.494%
INFO:root:-- EPOCH 83 (6.538 seconds):
INFO:root:COST >> 1.0612 +/- 0.0383, % updates: 7.604%
INFO:root:-- EPOCH 84 (5.368 seconds):
INFO:root:COST >> 1.0366 +/- 0.0245, % updates: 7.328%
INFO:root:-- EPOCH 85 (5.401 seconds):
INFO:root:COST >> 1.0441 +/- 0.0327, % updates: 7.424%
INFO:root:-- EPOCH 86 (5.36 seconds):
INFO:root:COST >> 1.0245 +/- 0.0224, % updates: 7.184%
INFO:root:-- EPOCH 87 (5.362 seconds):
INFO:root:COST >> 1.0368 +/- 0.0232, % updates: 7.338%
INFO:root:-- EPOCH 88 (5.474 seconds):
INFO:root:COST >> 1.0316 +/- 0.0369, % updates: 7.333%
INFO:root:-- EPOCH 89 (5.382 seconds):
INFO:root:COST >> 1.0529 +/- 0.0669, % updates: 7.485%
INFO:root:-- EPOCH 90 (5.388 seconds):
INFO:root:COST >> 1.009 +/- 0.0271, % updates: 7.082%
INFO:root:-- EPOCH 91 (5.353 seconds):
INFO:root:COST >> 1.0098 +/- 0.0458, % updates: 7.14%
INFO:root:-- EPOCH 92 (5.307 seconds):
INFO:root:COST >> 1.0054 +/- 0.0268, % updates: 7.069%
INFO:root:-- EPOCH 93 (5.371 seconds):
INFO:root:COST >> 1.0151 +/- 0.0317, % updates: 7.151%
INFO:root:-- EPOCH 94 (5.389 seconds):
INFO:root:COST >> 0.9977 +/- 0.0293, % updates: 7.0%
INFO:root:-- EPOCH 95 (5.375 seconds):
INFO:root:COST >> 0.9912 +/- 0.0366, % updates: 6.92%
INFO:root:-- EPOCH 96 (5.329 seconds):
INFO:root:COST >> 0.9929 +/- 0.0371, % updates: 6.964%
INFO:root:-- EPOCH 97 (5.336 seconds):
INFO:root:COST >> 0.988 +/- 0.0316, % updates: 6.922%
INFO:root:-- EPOCH 98 (5.338 seconds):
INFO:root:COST >> 0.991 +/- 0.0308, % updates: 6.93%
INFO:root:-- EPOCH 99 (5.382 seconds):
INFO:root:COST >> 0.9875 +/- 0.0332, % updates: 6.928%
INFO:root:-- EPOCH 100 (5.315 seconds):
INFO:root:COST >> 0.988 +/- 0.0354, % updates: 6.895%
INFO:root:### MICRO (raw valid):
INFO:root:	-- left   >> mean: 327.48638, median: 41.0, hits@10: 28.126%
INFO:root:	-- right  >> mean: 256.4404, median: 24.0, hits@10: 36.34%
INFO:root:	-- global >> mean: 291.96339, median: 31.0, hits@10: 32.233%
INFO:root:### MACRO (raw valid):
INFO:root:	-- left   >> mean: 313.51643, median: 215.125, hits@10: 42.163%
INFO:root:	-- right  >> mean: 271.12186, median: 171.16812, hits@10: 49.616%
INFO:root:	-- global >> mean: 292.31915, median: 140.32915, hits@10: 45.89%
INFO:root:### MICRO (filtered valid):
INFO:root:	-- left   >> mean: 206.56628, median: 22.0, hits@10: 38.238%
INFO:root:	-- right  >> mean: 184.68708, median: 14.0, hits@10: 45.296%
INFO:root:	-- global >> mean: 195.62668, median: 18.0, hits@10: 41.767%
INFO:root:### MACRO (filtered valid):
INFO:root:	-- left   >> mean: 285.65416, median: 186.80895, hits@10: 49.546%
INFO:root:	-- right  >> mean: 258.38075, median: 158.56878, hits@10: 54.916%
INFO:root:	-- global >> mean: 272.01746, median: 136.94214, hits@10: 52.231%
INFO:root:### MICRO (raw test):
INFO:root:	-- left   >> mean: 325.27071, median: 41.0, hits@10: 28.442%
INFO:root:	-- right  >> mean: 254.42324, median: 24.0, hits@10: 35.845%
INFO:root:	-- global >> mean: 289.84697, median: 31.0, hits@10: 32.144%
INFO:root:### MACRO (raw test):
INFO:root:	-- left   >> mean: 391.07935, median: 300.49584, hits@10: 42.19%
INFO:root:	-- right  >> mean: 332.81804, median: 252.99688, hits@10: 49.511%
INFO:root:	-- global >> mean: 361.94869, median: 207.82102, hits@10: 45.851%
INFO:root:### MICRO (filtered test):
INFO:root:	-- left   >> mean: 206.36818, median: 22.0, hits@10: 38.422%
INFO:root:	-- right  >> mean: 179.59486, median: 15.0, hits@10: 44.807%
INFO:root:	-- global >> mean: 192.98152, median: 18.0, hits@10: 41.614%
INFO:root:### MACRO (filtered test):
INFO:root:	-- left   >> mean: 364.49527, median: 273.46826, hits@10: 48.563%
INFO:root:	-- right  >> mean: 320.38459, median: 240.60354, hits@10: 54.27%
INFO:root:	-- global >> mean: 342.43993, median: 204.45265, hits@10: 51.416%
