INFO:root:Shape for training set: (16296, 483142)
INFO:root:State: {'ndim': '50', 'test_all': '100', 'test_path': 'data/fb15k/FB15k-test.pkl', 'nhid': '50', 'lremb': '0.1', 'seed': '123', 'simfn': 'dot', 'valid_path': 'data/fb15k/FB15k-valid.pkl', 'nbatches': '10', 'lrparam': '0.1', 'decay': '0.999', 'show_hinton_diagrams': 'False', 'no_rescaling': 'True', 'Nrel': '1345', 'ranking_score_right': 'False', 'Nent': '16296', 'Nsyn': '14951', 'method': 'ADAGRAD', 'loss_margin': '10.0', 'C': '1.0', 'epsilon': '1e-06', 'use_db': 'False', 'max_lr': 'None', 'l1_param_weight': 'None', 'filtered': 'True', 'name': 'fb15k_margin/fb15k_XiNScalE_428', 'totepochs': '100', 'l2_param_weight': 'None', 'train_path': 'data/fb15k/FB15k-train.pkl', 'op': 'XiNScalE'}
INFO:root:Starting the Experiment ..
INFO:root:-- EPOCH 1 (16.205 seconds):
INFO:root:COST >> 17.5725 +/- 4.8828, % updates: 83.463%
INFO:root:-- EPOCH 2 (15.816 seconds):
INFO:root:COST >> 3.6712 +/- 1.289, % updates: 25.629%
INFO:root:-- EPOCH 3 (15.418 seconds):
INFO:root:COST >> 1.3447 +/- 0.082, % updates: 9.225%
INFO:root:-- EPOCH 4 (17.288 seconds):
INFO:root:COST >> 0.9668 +/- 0.012, % updates: 6.221%
INFO:root:-- EPOCH 5 (15.912 seconds):
INFO:root:COST >> 0.8251 +/- 0.0184, % updates: 5.1%
INFO:root:-- EPOCH 6 (16.585 seconds):
INFO:root:COST >> 0.7415 +/- 0.0163, % updates: 4.494%
INFO:root:-- EPOCH 7 (17.972 seconds):
INFO:root:COST >> 0.6918 +/- 0.0184, % updates: 4.094%
INFO:root:-- EPOCH 8 (16.734 seconds):
INFO:root:COST >> 0.6434 +/- 0.0153, % updates: 3.752%
INFO:root:-- EPOCH 9 (16.336 seconds):
INFO:root:COST >> 0.6184 +/- 0.0154, % updates: 3.558%
INFO:root:-- EPOCH 10 (16.437 seconds):
INFO:root:COST >> 0.5936 +/- 0.0148, % updates: 3.398%
INFO:root:-- EPOCH 11 (16.414 seconds):
INFO:root:COST >> 0.5714 +/- 0.0137, % updates: 3.238%
INFO:root:-- EPOCH 12 (17.145 seconds):
INFO:root:COST >> 0.5544 +/- 0.0139, % updates: 3.14%
INFO:root:-- EPOCH 13 (18.459 seconds):
INFO:root:COST >> 0.5356 +/- 0.0145, % updates: 3.002%
INFO:root:-- EPOCH 14 (16.911 seconds):
INFO:root:COST >> 0.5212 +/- 0.011, % updates: 2.917%
INFO:root:-- EPOCH 15 (16.167 seconds):
INFO:root:COST >> 0.5148 +/- 0.0131, % updates: 2.852%
INFO:root:-- EPOCH 16 (16.935 seconds):
INFO:root:COST >> 0.4997 +/- 0.0163, % updates: 2.785%
INFO:root:-- EPOCH 17 (17.755 seconds):
INFO:root:COST >> 0.4917 +/- 0.01, % updates: 2.727%
INFO:root:-- EPOCH 18 (17.307 seconds):
INFO:root:COST >> 0.4813 +/- 0.0118, % updates: 2.659%
INFO:root:-- EPOCH 19 (17.403 seconds):
INFO:root:COST >> 0.476 +/- 0.008, % updates: 2.629%
INFO:root:-- EPOCH 20 (16.545 seconds):
INFO:root:COST >> 0.4652 +/- 0.0163, % updates: 2.57%
INFO:root:-- EPOCH 21 (15.945 seconds):
INFO:root:COST >> 0.4602 +/- 0.0073, % updates: 2.517%
INFO:root:-- EPOCH 22 (16.315 seconds):
INFO:root:COST >> 0.454 +/- 0.0116, % updates: 2.478%
INFO:root:-- EPOCH 23 (16.777 seconds):
INFO:root:COST >> 0.4518 +/- 0.0221, % updates: 2.467%
INFO:root:-- EPOCH 24 (16.039 seconds):
INFO:root:COST >> 0.4457 +/- 0.0151, % updates: 2.434%
INFO:root:-- EPOCH 25 (16.185 seconds):
INFO:root:COST >> 0.435 +/- 0.0175, % updates: 2.378%
INFO:root:-- EPOCH 26 (16.089 seconds):
INFO:root:COST >> 0.4438 +/- 0.0128, % updates: 2.382%
INFO:root:-- EPOCH 27 (16.133 seconds):
INFO:root:COST >> 0.4278 +/- 0.0103, % updates: 2.339%
INFO:root:-- EPOCH 28 (19.404 seconds):
INFO:root:COST >> 0.421 +/- 0.0142, % updates: 2.314%
INFO:root:-- EPOCH 29 (17.865 seconds):
INFO:root:COST >> 0.4211 +/- 0.0087, % updates: 2.269%
INFO:root:-- EPOCH 30 (19.874 seconds):
INFO:root:COST >> 0.4102 +/- 0.0111, % updates: 2.247%
INFO:root:-- EPOCH 31 (19.274 seconds):
INFO:root:COST >> 0.4119 +/- 0.0091, % updates: 2.23%
INFO:root:-- EPOCH 32 (18.842 seconds):
INFO:root:COST >> 0.4085 +/- 0.0069, % updates: 2.209%
INFO:root:-- EPOCH 33 (18.997 seconds):
INFO:root:COST >> 0.4028 +/- 0.0118, % updates: 2.18%
INFO:root:-- EPOCH 34 (18.014 seconds):
INFO:root:COST >> 0.4047 +/- 0.0149, % updates: 2.181%
INFO:root:-- EPOCH 35 (18.491 seconds):
INFO:root:COST >> 0.403 +/- 0.0123, % updates: 2.172%
INFO:root:-- EPOCH 36 (20.665 seconds):
INFO:root:COST >> 0.398 +/- 0.0097, % updates: 2.152%
INFO:root:-- EPOCH 37 (17.859 seconds):
INFO:root:COST >> 0.3905 +/- 0.012, % updates: 2.094%
INFO:root:-- EPOCH 38 (16.862 seconds):
INFO:root:COST >> 0.3935 +/- 0.0118, % updates: 2.141%
INFO:root:-- EPOCH 39 (18.331 seconds):
INFO:root:COST >> 0.3862 +/- 0.0069, % updates: 2.077%
INFO:root:-- EPOCH 40 (16.415 seconds):
INFO:root:COST >> 0.3906 +/- 0.0079, % updates: 2.082%
INFO:root:-- EPOCH 41 (16.18 seconds):
INFO:root:COST >> 0.3782 +/- 0.0065, % updates: 2.047%
INFO:root:-- EPOCH 42 (16.116 seconds):
INFO:root:COST >> 0.3839 +/- 0.0082, % updates: 2.057%
INFO:root:-- EPOCH 43 (16.482 seconds):
INFO:root:COST >> 0.3764 +/- 0.0146, % updates: 2.032%
INFO:root:-- EPOCH 44 (16.123 seconds):
INFO:root:COST >> 0.3796 +/- 0.0141, % updates: 2.026%
INFO:root:-- EPOCH 45 (16.389 seconds):
INFO:root:COST >> 0.3774 +/- 0.0083, % updates: 2.013%
INFO:root:-- EPOCH 46 (16.256 seconds):
INFO:root:COST >> 0.3742 +/- 0.0099, % updates: 2.008%
INFO:root:-- EPOCH 47 (16.3 seconds):
INFO:root:COST >> 0.3707 +/- 0.0099, % updates: 1.982%
INFO:root:-- EPOCH 48 (16.68 seconds):
INFO:root:COST >> 0.3755 +/- 0.0112, % updates: 2.001%
INFO:root:-- EPOCH 49 (16.344 seconds):
INFO:root:COST >> 0.3663 +/- 0.0104, % updates: 1.97%
INFO:root:-- EPOCH 50 (16.222 seconds):
INFO:root:COST >> 0.3624 +/- 0.0135, % updates: 1.94%
INFO:root:-- EPOCH 51 (15.998 seconds):
INFO:root:COST >> 0.366 +/- 0.0087, % updates: 1.957%
INFO:root:-- EPOCH 52 (16.196 seconds):
INFO:root:COST >> 0.3555 +/- 0.0099, % updates: 1.911%
INFO:root:-- EPOCH 53 (17.937 seconds):
INFO:root:COST >> 0.3647 +/- 0.0095, % updates: 1.946%
INFO:root:-- EPOCH 54 (20.201 seconds):
INFO:root:COST >> 0.3665 +/- 0.0103, % updates: 1.93%
INFO:root:-- EPOCH 55 (19.046 seconds):
INFO:root:COST >> 0.3575 +/- 0.0119, % updates: 1.903%
INFO:root:-- EPOCH 56 (16.686 seconds):
INFO:root:COST >> 0.3576 +/- 0.0146, % updates: 1.902%
INFO:root:-- EPOCH 57 (16.059 seconds):
INFO:root:COST >> 0.3611 +/- 0.0116, % updates: 1.925%
INFO:root:-- EPOCH 58 (17.726 seconds):
INFO:root:COST >> 0.3567 +/- 0.0162, % updates: 1.9%
INFO:root:-- EPOCH 59 (17.115 seconds):
INFO:root:COST >> 0.3555 +/- 0.0136, % updates: 1.895%
INFO:root:-- EPOCH 60 (17.265 seconds):
INFO:root:COST >> 0.3551 +/- 0.0099, % updates: 1.898%
INFO:root:-- EPOCH 61 (17.039 seconds):
INFO:root:COST >> 0.3554 +/- 0.0106, % updates: 1.876%
INFO:root:-- EPOCH 62 (16.19 seconds):
INFO:root:COST >> 0.3516 +/- 0.0083, % updates: 1.864%
INFO:root:-- EPOCH 63 (16.265 seconds):
INFO:root:COST >> 0.3549 +/- 0.0122, % updates: 1.892%
INFO:root:-- EPOCH 64 (16.371 seconds):
INFO:root:COST >> 0.3505 +/- 0.012, % updates: 1.85%
INFO:root:-- EPOCH 65 (18.7 seconds):
INFO:root:COST >> 0.3505 +/- 0.0117, % updates: 1.858%
INFO:root:-- EPOCH 66 (17.908 seconds):
INFO:root:COST >> 0.3532 +/- 0.01, % updates: 1.872%
INFO:root:-- EPOCH 67 (18.646 seconds):
INFO:root:COST >> 0.3427 +/- 0.0062, % updates: 1.824%
INFO:root:-- EPOCH 68 (16.61 seconds):
INFO:root:COST >> 0.3508 +/- 0.012, % updates: 1.848%
INFO:root:-- EPOCH 69 (16.339 seconds):
INFO:root:COST >> 0.35 +/- 0.0116, % updates: 1.862%
INFO:root:-- EPOCH 70 (16.565 seconds):
INFO:root:COST >> 0.3428 +/- 0.0106, % updates: 1.82%
INFO:root:-- EPOCH 71 (16.402 seconds):
INFO:root:COST >> 0.3415 +/- 0.0101, % updates: 1.809%
INFO:root:-- EPOCH 72 (16.568 seconds):
INFO:root:COST >> 0.3369 +/- 0.0062, % updates: 1.793%
INFO:root:-- EPOCH 73 (16.27 seconds):
INFO:root:COST >> 0.3408 +/- 0.0149, % updates: 1.806%
INFO:root:-- EPOCH 74 (18.888 seconds):
INFO:root:COST >> 0.3411 +/- 0.011, % updates: 1.811%
INFO:root:-- EPOCH 75 (18.208 seconds):
INFO:root:COST >> 0.3375 +/- 0.0092, % updates: 1.791%
INFO:root:-- EPOCH 76 (17.2 seconds):
INFO:root:COST >> 0.3329 +/- 0.0093, % updates: 1.773%
INFO:root:-- EPOCH 77 (17.934 seconds):
INFO:root:COST >> 0.3332 +/- 0.0093, % updates: 1.758%
INFO:root:-- EPOCH 78 (17.584 seconds):
INFO:root:COST >> 0.3356 +/- 0.0106, % updates: 1.765%
INFO:root:-- EPOCH 79 (17.277 seconds):
INFO:root:COST >> 0.3303 +/- 0.0095, % updates: 1.766%
INFO:root:-- EPOCH 80 (17.301 seconds):
INFO:root:COST >> 0.3341 +/- 0.0091, % updates: 1.775%
INFO:root:-- EPOCH 81 (17.246 seconds):
INFO:root:COST >> 0.3341 +/- 0.0088, % updates: 1.768%
INFO:root:-- EPOCH 82 (17.619 seconds):
INFO:root:COST >> 0.3343 +/- 0.0113, % updates: 1.767%
INFO:root:-- EPOCH 83 (16.214 seconds):
INFO:root:COST >> 0.3334 +/- 0.0074, % updates: 1.758%
INFO:root:-- EPOCH 84 (16.073 seconds):
INFO:root:COST >> 0.3303 +/- 0.0091, % updates: 1.749%
INFO:root:-- EPOCH 85 (16.074 seconds):
INFO:root:COST >> 0.3326 +/- 0.0098, % updates: 1.756%
INFO:root:-- EPOCH 86 (16.121 seconds):
INFO:root:COST >> 0.328 +/- 0.0082, % updates: 1.732%
INFO:root:-- EPOCH 87 (16.163 seconds):
INFO:root:COST >> 0.3339 +/- 0.0073, % updates: 1.754%
INFO:root:-- EPOCH 88 (16.201 seconds):
INFO:root:COST >> 0.3271 +/- 0.0095, % updates: 1.737%
INFO:root:-- EPOCH 89 (16.146 seconds):
INFO:root:COST >> 0.3287 +/- 0.0103, % updates: 1.716%
INFO:root:-- EPOCH 90 (16.12 seconds):
INFO:root:COST >> 0.329 +/- 0.012, % updates: 1.728%
INFO:root:-- EPOCH 91 (16.072 seconds):
INFO:root:COST >> 0.3259 +/- 0.0094, % updates: 1.725%
INFO:root:-- EPOCH 92 (16.142 seconds):
INFO:root:COST >> 0.3275 +/- 0.0083, % updates: 1.718%
INFO:root:-- EPOCH 93 (16.168 seconds):
INFO:root:COST >> 0.3252 +/- 0.0092, % updates: 1.714%
INFO:root:-- EPOCH 94 (16.081 seconds):
INFO:root:COST >> 0.3251 +/- 0.0102, % updates: 1.734%
INFO:root:-- EPOCH 95 (16.258 seconds):
INFO:root:COST >> 0.3235 +/- 0.0095, % updates: 1.709%
INFO:root:-- EPOCH 96 (16.163 seconds):
INFO:root:COST >> 0.3249 +/- 0.007, % updates: 1.712%
INFO:root:-- EPOCH 97 (16.468 seconds):
INFO:root:COST >> 0.324 +/- 0.0099, % updates: 1.699%
INFO:root:-- EPOCH 98 (16.247 seconds):
INFO:root:COST >> 0.3237 +/- 0.0101, % updates: 1.705%
INFO:root:-- EPOCH 99 (17.065 seconds):
INFO:root:COST >> 0.3265 +/- 0.0118, % updates: 1.711%
INFO:root:-- EPOCH 100 (17.504 seconds):
INFO:root:COST >> 0.3206 +/- 0.013, % updates: 1.689%
INFO:root:### MICRO (raw valid):
INFO:root:	-- left   >> mean: 308.17982, median: 28.0, hits@10: 33.702%
INFO:root:	-- right  >> mean: 219.64386, median: 16.0, hits@10: 41.714%
INFO:root:	-- global >> mean: 263.91184, median: 21.0, hits@10: 37.708%
INFO:root:### MACRO (raw valid):
INFO:root:	-- left   >> mean: 476.54448, median: 379.12282, hits@10: 38.402%
INFO:root:	-- right  >> mean: 431.46987, median: 334.74782, hits@10: 45.517%
INFO:root:	-- global >> mean: 454.00717, median: 320.52566, hits@10: 41.959%
INFO:root:### MICRO (filtered valid):
INFO:root:	-- left   >> mean: 146.18384, median: 10.0, hits@10: 50.822%
INFO:root:	-- right  >> mean: 124.05658, median: 7.0, hits@10: 56.146%
INFO:root:	-- global >> mean: 135.12021, median: 9.0, hits@10: 53.484%
INFO:root:### MACRO (filtered valid):
INFO:root:	-- left   >> mean: 440.53781, median: 339.32969, hits@10: 49.335%
INFO:root:	-- right  >> mean: 415.09935, median: 317.52238, hits@10: 53.012%
INFO:root:	-- global >> mean: 427.81858, median: 309.04913, hits@10: 51.174%
INFO:root:### MICRO (raw test):
INFO:root:	-- left   >> mean: 306.10086, median: 27.0, hits@10: 34.042%
INFO:root:	-- right  >> mean: 223.89304, median: 17.0, hits@10: 41.284%
INFO:root:	-- global >> mean: 264.99695, median: 21.0, hits@10: 37.663%
INFO:root:### MACRO (raw test):
INFO:root:	-- left   >> mean: 583.48466, median: 487.8845, hits@10: 37.854%
INFO:root:	-- right  >> mean: 543.16999, median: 452.01249, hits@10: 43.221%
INFO:root:	-- global >> mean: 563.32732, median: 432.87201, hits@10: 40.538%
INFO:root:### MICRO (filtered test):
INFO:root:	-- left   >> mean: 146.4588, median: 10.0, hits@10: 50.903%
INFO:root:	-- right  >> mean: 123.67505, median: 7.0, hits@10: 55.782%
INFO:root:	-- global >> mean: 135.06693, median: 9.0, hits@10: 53.343%
INFO:root:### MACRO (filtered test):
INFO:root:	-- left   >> mean: 549.23258, median: 450.11134, hits@10: 47.815%
INFO:root:	-- right  >> mean: 527.33918, median: 435.42716, hits@10: 50.449%
INFO:root:	-- global >> mean: 538.28588, median: 421.77523, hits@10: 49.132%
