INFO:root:Shape for training set: (16296, 483142)
INFO:root:State: {'ndim': '100', 'test_all': '100', 'test_path': 'data/fb15k/FB15k-test.pkl', 'nhid': '100', 'lremb': '0.1', 'seed': '123', 'simfn': 'dot', 'valid_path': 'data/fb15k/FB15k-valid.pkl', 'nbatches': '10', 'lrparam': '0.1', 'decay': '0.999', 'show_hinton_diagrams': 'False', 'no_rescaling': 'True', 'Nrel': '1345', 'ranking_score_right': 'False', 'Nent': '16296', 'Nsyn': '14951', 'method': 'ADAGRAD', 'loss_margin': '2.0', 'C': '1.0', 'epsilon': '1e-06', 'use_db': 'False', 'max_lr': 'None', 'l1_param_weight': 'None', 'filtered': 'True', 'name': 'fb15k_margin/fb15k_XiNScalE_430', 'totepochs': '100', 'l2_param_weight': 'None', 'train_path': 'data/fb15k/FB15k-train.pkl', 'op': 'XiNScalE'}
INFO:root:Starting the Experiment ..
INFO:root:-- EPOCH 1 (35.714 seconds):
INFO:root:COST >> 6.6286 +/- 6.1554, % updates: 58.955%
INFO:root:-- EPOCH 2 (35.342 seconds):
INFO:root:COST >> 0.9359 +/- 0.2095, % updates: 23.052%
INFO:root:-- EPOCH 3 (34.764 seconds):
INFO:root:COST >> 0.3558 +/- 0.0258, % updates: 9.912%
INFO:root:-- EPOCH 4 (33.784 seconds):
INFO:root:COST >> 0.2273 +/- 0.0071, % updates: 6.407%
INFO:root:-- EPOCH 5 (33.654 seconds):
INFO:root:COST >> 0.1806 +/- 0.0022, % updates: 5.007%
INFO:root:-- EPOCH 6 (33.318 seconds):
INFO:root:COST >> 0.1539 +/- 0.0023, % updates: 4.253%
INFO:root:-- EPOCH 7 (33.372 seconds):
INFO:root:COST >> 0.1397 +/- 0.0032, % updates: 3.803%
INFO:root:-- EPOCH 8 (33.177 seconds):
INFO:root:COST >> 0.1287 +/- 0.0024, % updates: 3.502%
INFO:root:-- EPOCH 9 (33.062 seconds):
INFO:root:COST >> 0.1212 +/- 0.0032, % updates: 3.252%
INFO:root:-- EPOCH 10 (33.367 seconds):
INFO:root:COST >> 0.1143 +/- 0.0035, % updates: 3.042%
INFO:root:-- EPOCH 11 (33.975 seconds):
INFO:root:COST >> 0.1093 +/- 0.0031, % updates: 2.909%
INFO:root:-- EPOCH 12 (32.917 seconds):
INFO:root:COST >> 0.106 +/- 0.0034, % updates: 2.801%
INFO:root:-- EPOCH 13 (33.375 seconds):
INFO:root:COST >> 0.1005 +/- 0.0025, % updates: 2.685%
INFO:root:-- EPOCH 14 (33.695 seconds):
INFO:root:COST >> 0.1006 +/- 0.0032, % updates: 2.635%
INFO:root:-- EPOCH 15 (34.123 seconds):
INFO:root:COST >> 0.0973 +/- 0.004, % updates: 2.559%
INFO:root:-- EPOCH 16 (34.334 seconds):
INFO:root:COST >> 0.0937 +/- 0.0013, % updates: 2.475%
INFO:root:-- EPOCH 17 (33.431 seconds):
INFO:root:COST >> 0.0922 +/- 0.0019, % updates: 2.421%
INFO:root:-- EPOCH 18 (33.986 seconds):
INFO:root:COST >> 0.0894 +/- 0.0019, % updates: 2.357%
INFO:root:-- EPOCH 19 (33.451 seconds):
INFO:root:COST >> 0.0878 +/- 0.0016, % updates: 2.308%
INFO:root:-- EPOCH 20 (33.21 seconds):
INFO:root:COST >> 0.0865 +/- 0.0031, % updates: 2.278%
INFO:root:-- EPOCH 21 (33.4 seconds):
INFO:root:COST >> 0.0843 +/- 0.0033, % updates: 2.21%
INFO:root:-- EPOCH 22 (34.313 seconds):
INFO:root:COST >> 0.0839 +/- 0.0033, % updates: 2.204%
INFO:root:-- EPOCH 23 (33.353 seconds):
INFO:root:COST >> 0.0833 +/- 0.0026, % updates: 2.18%
INFO:root:-- EPOCH 24 (33.616 seconds):
INFO:root:COST >> 0.0811 +/- 0.0017, % updates: 2.127%
INFO:root:-- EPOCH 25 (33.309 seconds):
INFO:root:COST >> 0.0796 +/- 0.0015, % updates: 2.078%
INFO:root:-- EPOCH 26 (33.155 seconds):
INFO:root:COST >> 0.0792 +/- 0.0025, % updates: 2.073%
INFO:root:-- EPOCH 27 (33.224 seconds):
INFO:root:COST >> 0.0781 +/- 0.0019, % updates: 2.034%
INFO:root:-- EPOCH 28 (33.091 seconds):
INFO:root:COST >> 0.0768 +/- 0.0012, % updates: 2.006%
INFO:root:-- EPOCH 29 (33.938 seconds):
INFO:root:COST >> 0.0776 +/- 0.0021, % updates: 2.017%
INFO:root:-- EPOCH 30 (33.203 seconds):
INFO:root:COST >> 0.075 +/- 0.0018, % updates: 1.959%
INFO:root:-- EPOCH 31 (32.365 seconds):
INFO:root:COST >> 0.0742 +/- 0.0024, % updates: 1.949%
INFO:root:-- EPOCH 32 (33.037 seconds):
INFO:root:COST >> 0.0756 +/- 0.0018, % updates: 1.955%
INFO:root:-- EPOCH 33 (33.923 seconds):
INFO:root:COST >> 0.0745 +/- 0.002, % updates: 1.929%
INFO:root:-- EPOCH 34 (34.11 seconds):
INFO:root:COST >> 0.072 +/- 0.0021, % updates: 1.891%
INFO:root:-- EPOCH 35 (33.67 seconds):
INFO:root:COST >> 0.0717 +/- 0.0025, % updates: 1.862%
INFO:root:-- EPOCH 36 (33.325 seconds):
INFO:root:COST >> 0.0718 +/- 0.0012, % updates: 1.865%
INFO:root:-- EPOCH 37 (33.874 seconds):
INFO:root:COST >> 0.071 +/- 0.003, % updates: 1.851%
INFO:root:-- EPOCH 38 (34.318 seconds):
INFO:root:COST >> 0.0714 +/- 0.0023, % updates: 1.851%
INFO:root:-- EPOCH 39 (33.773 seconds):
INFO:root:COST >> 0.0698 +/- 0.0016, % updates: 1.82%
INFO:root:-- EPOCH 40 (33.367 seconds):
INFO:root:COST >> 0.0696 +/- 0.001, % updates: 1.804%
INFO:root:-- EPOCH 41 (33.354 seconds):
INFO:root:COST >> 0.0689 +/- 0.0012, % updates: 1.792%
INFO:root:-- EPOCH 42 (33.333 seconds):
INFO:root:COST >> 0.0687 +/- 0.0012, % updates: 1.782%
INFO:root:-- EPOCH 43 (33.44 seconds):
INFO:root:COST >> 0.0678 +/- 0.0014, % updates: 1.78%
INFO:root:-- EPOCH 44 (33.79 seconds):
INFO:root:COST >> 0.0674 +/- 0.0021, % updates: 1.747%
INFO:root:-- EPOCH 45 (33.572 seconds):
INFO:root:COST >> 0.068 +/- 0.0026, % updates: 1.761%
INFO:root:-- EPOCH 46 (33.563 seconds):
INFO:root:COST >> 0.0673 +/- 0.0022, % updates: 1.748%
INFO:root:-- EPOCH 47 (33.705 seconds):
INFO:root:COST >> 0.0663 +/- 0.0023, % updates: 1.719%
INFO:root:-- EPOCH 48 (33.719 seconds):
INFO:root:COST >> 0.0678 +/- 0.002, % updates: 1.737%
INFO:root:-- EPOCH 49 (33.449 seconds):
INFO:root:COST >> 0.0654 +/- 0.0017, % updates: 1.694%
INFO:root:-- EPOCH 50 (33.548 seconds):
INFO:root:COST >> 0.066 +/- 0.002, % updates: 1.703%
INFO:root:-- EPOCH 51 (33.178 seconds):
INFO:root:COST >> 0.0657 +/- 0.0026, % updates: 1.697%
INFO:root:-- EPOCH 52 (33.786 seconds):
INFO:root:COST >> 0.0657 +/- 0.0022, % updates: 1.687%
INFO:root:-- EPOCH 53 (33.808 seconds):
INFO:root:COST >> 0.0641 +/- 0.0015, % updates: 1.659%
INFO:root:-- EPOCH 54 (33.233 seconds):
INFO:root:COST >> 0.0645 +/- 0.0019, % updates: 1.678%
INFO:root:-- EPOCH 55 (33.981 seconds):
INFO:root:COST >> 0.064 +/- 0.0014, % updates: 1.649%
INFO:root:-- EPOCH 56 (33.986 seconds):
INFO:root:COST >> 0.0642 +/- 0.0014, % updates: 1.67%
INFO:root:-- EPOCH 57 (33.298 seconds):
INFO:root:COST >> 0.0641 +/- 0.0013, % updates: 1.642%
INFO:root:-- EPOCH 58 (33.751 seconds):
INFO:root:COST >> 0.0643 +/- 0.0017, % updates: 1.656%
INFO:root:-- EPOCH 59 (34.135 seconds):
INFO:root:COST >> 0.0633 +/- 0.0023, % updates: 1.633%
INFO:root:-- EPOCH 60 (33.97 seconds):
INFO:root:COST >> 0.0636 +/- 0.0017, % updates: 1.642%
INFO:root:-- EPOCH 61 (33.145 seconds):
INFO:root:COST >> 0.0628 +/- 0.0011, % updates: 1.634%
INFO:root:-- EPOCH 62 (34.509 seconds):
INFO:root:COST >> 0.0628 +/- 0.0023, % updates: 1.612%
INFO:root:-- EPOCH 63 (34.18 seconds):
INFO:root:COST >> 0.0629 +/- 0.0015, % updates: 1.606%
INFO:root:-- EPOCH 64 (33.761 seconds):
INFO:root:COST >> 0.0617 +/- 0.002, % updates: 1.6%
INFO:root:-- EPOCH 65 (33.538 seconds):
INFO:root:COST >> 0.0624 +/- 0.0015, % updates: 1.594%
INFO:root:-- EPOCH 66 (33.268 seconds):
INFO:root:COST >> 0.0626 +/- 0.0024, % updates: 1.601%
INFO:root:-- EPOCH 67 (33.32 seconds):
INFO:root:COST >> 0.0614 +/- 0.0019, % updates: 1.598%
INFO:root:-- EPOCH 68 (33.367 seconds):
INFO:root:COST >> 0.0608 +/- 0.0022, % updates: 1.565%
INFO:root:-- EPOCH 69 (35.969 seconds):
INFO:root:COST >> 0.0622 +/- 0.0027, % updates: 1.585%
INFO:root:-- EPOCH 70 (36.668 seconds):
INFO:root:COST >> 0.0606 +/- 0.0021, % updates: 1.558%
INFO:root:-- EPOCH 71 (25151.147 seconds):
INFO:root:COST >> 0.0604 +/- 0.0023, % updates: 1.568%
INFO:root:-- EPOCH 72 (39.197 seconds):
INFO:root:COST >> 0.0609 +/- 0.0025, % updates: 1.573%
INFO:root:-- EPOCH 73 (49.335 seconds):
INFO:root:COST >> 0.0603 +/- 0.002, % updates: 1.558%
INFO:root:-- EPOCH 74 (36.235 seconds):
INFO:root:COST >> 0.0605 +/- 0.0026, % updates: 1.555%
INFO:root:-- EPOCH 75 (35.681 seconds):
INFO:root:COST >> 0.0604 +/- 0.002, % updates: 1.558%
INFO:root:-- EPOCH 76 (36.945 seconds):
INFO:root:COST >> 0.0601 +/- 0.0022, % updates: 1.546%
INFO:root:-- EPOCH 77 (37.919 seconds):
INFO:root:COST >> 0.0584 +/- 0.0017, % updates: 1.516%
INFO:root:-- EPOCH 78 (39.467 seconds):
INFO:root:COST >> 0.0592 +/- 0.0022, % updates: 1.521%
