INFO:root:Shape for training set: (16296, 483142)
INFO:root:State: {'ndim': '20', 'test_all': '100', 'test_path': 'data/fb15k/FB15k-test.pkl', 'nhid': '20', 'lremb': '0.1', 'seed': '123', 'simfn': 'dot', 'valid_path': 'data/fb15k/FB15k-valid.pkl', 'nbatches': '10', 'lrparam': '0.1', 'decay': '0.999', 'show_hinton_diagrams': 'False', 'no_rescaling': 'True', 'Nrel': '1345', 'ranking_score_right': 'False', 'Nent': '16296', 'Nsyn': '14951', 'method': 'ADAGRAD', 'loss_margin': '2.0', 'C': '1.0', 'epsilon': '1e-06', 'use_db': 'False', 'max_lr': 'None', 'l1_param_weight': 'None', 'filtered': 'True', 'name': 'fb15k_margin/fb15k_XiNTransE_397', 'totepochs': '100', 'l2_param_weight': 'None', 'train_path': 'data/fb15k/FB15k-train.pkl', 'op': 'XiNTransE'}
INFO:root:Starting the Experiment ..
INFO:root:-- EPOCH 1 (6.411 seconds):
INFO:root:COST >> 3.4542 +/- 0.4215, % updates: 99.412%
INFO:root:-- EPOCH 2 (6.359 seconds):
INFO:root:COST >> 1.5101 +/- 0.5545, % updates: 64.053%
INFO:root:-- EPOCH 3 (6.382 seconds):
INFO:root:COST >> 0.5599 +/- 0.0624, % updates: 23.898%
INFO:root:-- EPOCH 4 (6.309 seconds):
INFO:root:COST >> 0.3973 +/- 0.0148, % updates: 16.607%
INFO:root:-- EPOCH 5 (6.197 seconds):
INFO:root:COST >> 0.3273 +/- 0.0117, % updates: 13.452%
INFO:root:-- EPOCH 6 (6.347 seconds):
INFO:root:COST >> 0.286 +/- 0.0062, % updates: 11.731%
INFO:root:-- EPOCH 7 (6.345 seconds):
INFO:root:COST >> 0.2602 +/- 0.0055, % updates: 10.537%
INFO:root:-- EPOCH 8 (6.106 seconds):
INFO:root:COST >> 0.2393 +/- 0.0055, % updates: 9.675%
INFO:root:-- EPOCH 9 (6.243 seconds):
INFO:root:COST >> 0.2259 +/- 0.0051, % updates: 9.086%
INFO:root:-- EPOCH 10 (6.213 seconds):
INFO:root:COST >> 0.2149 +/- 0.0094, % updates: 8.527%
INFO:root:-- EPOCH 11 (6.302 seconds):
INFO:root:COST >> 0.2045 +/- 0.0054, % updates: 8.099%
INFO:root:-- EPOCH 12 (6.145 seconds):
INFO:root:COST >> 0.1977 +/- 0.0059, % updates: 7.758%
INFO:root:-- EPOCH 13 (5.096 seconds):
INFO:root:COST >> 0.1922 +/- 0.0078, % updates: 7.492%
INFO:root:-- EPOCH 14 (5.135 seconds):
INFO:root:COST >> 0.1856 +/- 0.007, % updates: 7.207%
INFO:root:-- EPOCH 15 (5.082 seconds):
INFO:root:COST >> 0.181 +/- 0.0057, % updates: 6.962%
INFO:root:-- EPOCH 16 (4.981 seconds):
INFO:root:COST >> 0.1753 +/- 0.004, % updates: 6.73%
INFO:root:-- EPOCH 17 (5.043 seconds):
INFO:root:COST >> 0.1729 +/- 0.0029, % updates: 6.63%
INFO:root:-- EPOCH 18 (5.02 seconds):
INFO:root:COST >> 0.1683 +/- 0.0051, % updates: 6.42%
INFO:root:-- EPOCH 19 (4.978 seconds):
INFO:root:COST >> 0.1662 +/- 0.0053, % updates: 6.302%
INFO:root:-- EPOCH 20 (5.02 seconds):
INFO:root:COST >> 0.165 +/- 0.0076, % updates: 6.215%
INFO:root:-- EPOCH 21 (5.772 seconds):
INFO:root:COST >> 0.1607 +/- 0.0049, % updates: 6.093%
INFO:root:-- EPOCH 22 (5.102 seconds):
INFO:root:COST >> 0.1591 +/- 0.0069, % updates: 6.026%
INFO:root:-- EPOCH 23 (4.959 seconds):
INFO:root:COST >> 0.1563 +/- 0.0038, % updates: 5.838%
INFO:root:-- EPOCH 24 (5.014 seconds):
INFO:root:COST >> 0.1548 +/- 0.0044, % updates: 5.752%
INFO:root:-- EPOCH 25 (5.02 seconds):
INFO:root:COST >> 0.1511 +/- 0.0026, % updates: 5.647%
INFO:root:-- EPOCH 26 (5.009 seconds):
INFO:root:COST >> 0.1506 +/- 0.0037, % updates: 5.609%
INFO:root:-- EPOCH 27 (4.944 seconds):
INFO:root:COST >> 0.1492 +/- 0.0043, % updates: 5.544%
INFO:root:-- EPOCH 28 (4.997 seconds):
INFO:root:COST >> 0.1482 +/- 0.0051, % updates: 5.478%
INFO:root:-- EPOCH 29 (4.903 seconds):
INFO:root:COST >> 0.1449 +/- 0.0031, % updates: 5.332%
INFO:root:-- EPOCH 30 (4.969 seconds):
INFO:root:COST >> 0.1449 +/- 0.0053, % updates: 5.339%
INFO:root:-- EPOCH 31 (5.064 seconds):
INFO:root:COST >> 0.1422 +/- 0.005, % updates: 5.239%
INFO:root:-- EPOCH 32 (5.014 seconds):
INFO:root:COST >> 0.1407 +/- 0.0032, % updates: 5.181%
INFO:root:-- EPOCH 33 (5.022 seconds):
INFO:root:COST >> 0.1422 +/- 0.0043, % updates: 5.238%
INFO:root:-- EPOCH 34 (5.04 seconds):
INFO:root:COST >> 0.1402 +/- 0.0061, % updates: 5.195%
INFO:root:-- EPOCH 35 (5.29 seconds):
INFO:root:COST >> 0.1378 +/- 0.005, % updates: 5.037%
INFO:root:-- EPOCH 36 (5.039 seconds):
INFO:root:COST >> 0.1377 +/- 0.0032, % updates: 4.996%
INFO:root:-- EPOCH 37 (4.941 seconds):
INFO:root:COST >> 0.1358 +/- 0.0029, % updates: 4.964%
INFO:root:-- EPOCH 38 (4.878 seconds):
INFO:root:COST >> 0.1345 +/- 0.0029, % updates: 4.931%
INFO:root:-- EPOCH 39 (5.029 seconds):
INFO:root:COST >> 0.1335 +/- 0.0042, % updates: 4.839%
INFO:root:-- EPOCH 40 (5.013 seconds):
INFO:root:COST >> 0.1345 +/- 0.0037, % updates: 4.895%
INFO:root:-- EPOCH 41 (5.106 seconds):
INFO:root:COST >> 0.1338 +/- 0.0038, % updates: 4.826%
INFO:root:-- EPOCH 42 (5.172 seconds):
INFO:root:COST >> 0.1318 +/- 0.0042, % updates: 4.764%
INFO:root:-- EPOCH 43 (5.054 seconds):
INFO:root:COST >> 0.1329 +/- 0.0041, % updates: 4.799%
INFO:root:-- EPOCH 44 (4.994 seconds):
INFO:root:COST >> 0.1305 +/- 0.0029, % updates: 4.712%
INFO:root:-- EPOCH 45 (4.883 seconds):
INFO:root:COST >> 0.1322 +/- 0.0061, % updates: 4.706%
INFO:root:-- EPOCH 46 (5.021 seconds):
INFO:root:COST >> 0.1287 +/- 0.0027, % updates: 4.713%
INFO:root:-- EPOCH 47 (5.048 seconds):
INFO:root:COST >> 0.1299 +/- 0.0036, % updates: 4.67%
INFO:root:-- EPOCH 48 (5.092 seconds):
INFO:root:COST >> 0.1291 +/- 0.0078, % updates: 4.627%
INFO:root:-- EPOCH 49 (5.058 seconds):
INFO:root:COST >> 0.1251 +/- 0.0051, % updates: 4.507%
INFO:root:-- EPOCH 50 (5.342 seconds):
INFO:root:COST >> 0.1248 +/- 0.0035, % updates: 4.522%
INFO:root:-- EPOCH 51 (5.109 seconds):
INFO:root:COST >> 0.1277 +/- 0.0058, % updates: 4.543%
INFO:root:-- EPOCH 52 (5.023 seconds):
INFO:root:COST >> 0.125 +/- 0.0033, % updates: 4.457%
INFO:root:-- EPOCH 53 (5.017 seconds):
INFO:root:COST >> 0.1242 +/- 0.0047, % updates: 4.434%
INFO:root:-- EPOCH 54 (4.967 seconds):
INFO:root:COST >> 0.1245 +/- 0.0024, % updates: 4.454%
INFO:root:-- EPOCH 55 (4.947 seconds):
INFO:root:COST >> 0.124 +/- 0.0039, % updates: 4.409%
INFO:root:-- EPOCH 56 (4.958 seconds):
INFO:root:COST >> 0.1229 +/- 0.0034, % updates: 4.378%
INFO:root:-- EPOCH 57 (5.038 seconds):
INFO:root:COST >> 0.1242 +/- 0.0025, % updates: 4.395%
INFO:root:-- EPOCH 58 (5.016 seconds):
INFO:root:COST >> 0.1223 +/- 0.0031, % updates: 4.35%
INFO:root:-- EPOCH 59 (5.136 seconds):
INFO:root:COST >> 0.1225 +/- 0.0066, % updates: 4.342%
INFO:root:-- EPOCH 60 (4.978 seconds):
INFO:root:COST >> 0.1212 +/- 0.0037, % updates: 4.326%
INFO:root:-- EPOCH 61 (5.057 seconds):
INFO:root:COST >> 0.1219 +/- 0.0031, % updates: 4.328%
INFO:root:-- EPOCH 62 (4.813 seconds):
INFO:root:COST >> 0.1201 +/- 0.0035, % updates: 4.243%
INFO:root:-- EPOCH 63 (5.055 seconds):
INFO:root:COST >> 0.1202 +/- 0.0036, % updates: 4.25%
INFO:root:-- EPOCH 64 (5.05 seconds):
INFO:root:COST >> 0.1189 +/- 0.0039, % updates: 4.202%
INFO:root:-- EPOCH 65 (4.96 seconds):
INFO:root:COST >> 0.1192 +/- 0.004, % updates: 4.2%
INFO:root:-- EPOCH 66 (5.066 seconds):
INFO:root:COST >> 0.1191 +/- 0.0037, % updates: 4.201%
INFO:root:-- EPOCH 67 (5.027 seconds):
INFO:root:COST >> 0.1181 +/- 0.0038, % updates: 4.141%
INFO:root:-- EPOCH 68 (5.054 seconds):
INFO:root:COST >> 0.1185 +/- 0.0023, % updates: 4.147%
INFO:root:-- EPOCH 69 (4.982 seconds):
INFO:root:COST >> 0.117 +/- 0.0039, % updates: 4.125%
INFO:root:-- EPOCH 70 (4.981 seconds):
INFO:root:COST >> 0.1182 +/- 0.0043, % updates: 4.13%
INFO:root:-- EPOCH 71 (4.941 seconds):
INFO:root:COST >> 0.119 +/- 0.0032, % updates: 4.186%
INFO:root:-- EPOCH 72 (4.96 seconds):
INFO:root:COST >> 0.1179 +/- 0.0053, % updates: 4.123%
INFO:root:-- EPOCH 73 (4.975 seconds):
INFO:root:COST >> 0.1179 +/- 0.0062, % updates: 4.109%
INFO:root:-- EPOCH 74 (5.043 seconds):
INFO:root:COST >> 0.1153 +/- 0.0052, % updates: 4.026%
INFO:root:-- EPOCH 75 (5.004 seconds):
INFO:root:COST >> 0.1166 +/- 0.0026, % updates: 4.075%
INFO:root:-- EPOCH 76 (4.981 seconds):
INFO:root:COST >> 0.1155 +/- 0.0033, % updates: 4.011%
INFO:root:-- EPOCH 77 (5.1 seconds):
INFO:root:COST >> 0.1153 +/- 0.0037, % updates: 4.04%
INFO:root:-- EPOCH 78 (5.08 seconds):
INFO:root:COST >> 0.116 +/- 0.0055, % updates: 4.049%
INFO:root:-- EPOCH 79 (4.926 seconds):
INFO:root:COST >> 0.1148 +/- 0.003, % updates: 3.999%
INFO:root:-- EPOCH 80 (5.028 seconds):
INFO:root:COST >> 0.1154 +/- 0.0034, % updates: 4.034%
INFO:root:-- EPOCH 81 (5.009 seconds):
INFO:root:COST >> 0.114 +/- 0.0038, % updates: 3.954%
INFO:root:-- EPOCH 82 (4.968 seconds):
INFO:root:COST >> 0.1144 +/- 0.0023, % updates: 3.972%
INFO:root:-- EPOCH 83 (5.045 seconds):
INFO:root:COST >> 0.1139 +/- 0.003, % updates: 3.954%
INFO:root:-- EPOCH 84 (4.953 seconds):
INFO:root:COST >> 0.1145 +/- 0.0032, % updates: 3.966%
INFO:root:-- EPOCH 85 (5.115 seconds):
INFO:root:COST >> 0.1131 +/- 0.0028, % updates: 3.903%
INFO:root:-- EPOCH 86 (5.138 seconds):
INFO:root:COST >> 0.1145 +/- 0.0041, % updates: 3.948%
INFO:root:-- EPOCH 87 (5.025 seconds):
INFO:root:COST >> 0.1131 +/- 0.0038, % updates: 3.936%
INFO:root:-- EPOCH 88 (5.05 seconds):
INFO:root:COST >> 0.1132 +/- 0.0046, % updates: 3.914%
INFO:root:-- EPOCH 89 (4.988 seconds):
INFO:root:COST >> 0.1131 +/- 0.0046, % updates: 3.89%
INFO:root:-- EPOCH 90 (5.052 seconds):
INFO:root:COST >> 0.1128 +/- 0.0036, % updates: 3.85%
INFO:root:-- EPOCH 91 (5.02 seconds):
INFO:root:COST >> 0.1115 +/- 0.0036, % updates: 3.868%
INFO:root:-- EPOCH 92 (5.088 seconds):
INFO:root:COST >> 0.1115 +/- 0.0034, % updates: 3.847%
INFO:root:-- EPOCH 93 (4.939 seconds):
INFO:root:COST >> 0.1113 +/- 0.0038, % updates: 3.848%
INFO:root:-- EPOCH 94 (5.145 seconds):
INFO:root:COST >> 0.1114 +/- 0.0022, % updates: 3.827%
INFO:root:-- EPOCH 95 (5.052 seconds):
INFO:root:COST >> 0.1112 +/- 0.0025, % updates: 3.822%
INFO:root:-- EPOCH 96 (4.991 seconds):
INFO:root:COST >> 0.1121 +/- 0.0039, % updates: 3.843%
INFO:root:-- EPOCH 97 (5.067 seconds):
INFO:root:COST >> 0.1106 +/- 0.0039, % updates: 3.756%
INFO:root:-- EPOCH 98 (5.093 seconds):
INFO:root:COST >> 0.1118 +/- 0.0036, % updates: 3.831%
INFO:root:-- EPOCH 99 (5.058 seconds):
INFO:root:COST >> 0.1102 +/- 0.0024, % updates: 3.78%
INFO:root:-- EPOCH 100 (5.118 seconds):
INFO:root:COST >> 0.109 +/- 0.0034, % updates: 3.756%
INFO:root:### MICRO (raw valid):
INFO:root:	-- left   >> mean: 290.51958, median: 34.0, hits@10: 30.854%
INFO:root:	-- right  >> mean: 217.48542, median: 20.0, hits@10: 39.05%
INFO:root:	-- global >> mean: 254.0025, median: 26.0, hits@10: 34.952%
INFO:root:### MACRO (raw valid):
INFO:root:	-- left   >> mean: 235.00184, median: 157.39738, hits@10: 46.223%
INFO:root:	-- right  >> mean: 232.13424, median: 148.22653, hits@10: 54.281%
INFO:root:	-- global >> mean: 233.56804, median: 113.11954, hits@10: 50.252%
INFO:root:### MICRO (filtered valid):
INFO:root:	-- left   >> mean: 159.31906, median: 16.0, hits@10: 43.476%
INFO:root:	-- right  >> mean: 139.34636, median: 11.0, hits@10: 49.704%
INFO:root:	-- global >> mean: 149.33271, median: 13.0, hits@10: 46.59%
INFO:root:### MACRO (filtered valid):
INFO:root:	-- left   >> mean: 205.49795, median: 126.99181, hits@10: 54.037%
INFO:root:	-- right  >> mean: 218.55574, median: 134.4809, hits@10: 60.639%
INFO:root:	-- global >> mean: 212.02685, median: 109.24945, hits@10: 57.338%
INFO:root:### MICRO (raw test):
INFO:root:	-- left   >> mean: 281.82221, median: 34.0, hits@10: 31.054%
INFO:root:	-- right  >> mean: 216.34682, median: 21.0, hits@10: 38.515%
INFO:root:	-- global >> mean: 249.08452, median: 26.0, hits@10: 34.784%
INFO:root:### MACRO (raw test):
INFO:root:	-- left   >> mean: 253.31248, median: 185.63424, hits@10: 47.259%
INFO:root:	-- right  >> mean: 250.78044, median: 187.41415, hits@10: 54.069%
INFO:root:	-- global >> mean: 252.04646, median: 141.82674, hits@10: 50.664%
INFO:root:### MICRO (filtered test):
INFO:root:	-- left   >> mean: 153.37827, median: 16.0, hits@10: 43.661%
INFO:root:	-- right  >> mean: 135.22229, median: 11.0, hits@10: 49.242%
INFO:root:	-- global >> mean: 144.30028, median: 13.0, hits@10: 46.452%
INFO:root:### MACRO (filtered test):
INFO:root:	-- left   >> mean: 225.30093, median: 157.00937, hits@10: 55.174%
INFO:root:	-- right  >> mean: 237.62356, median: 174.12695, hits@10: 60.518%
INFO:root:	-- global >> mean: 231.46224, median: 137.87513, hits@10: 57.846%
