INFO:root:Shape for training set: (16296, 483142)
INFO:root:State: {'ndim': '100', 'test_all': '100', 'test_path': 'data/fb15k/FB15k-test.pkl', 'nhid': '100', 'lremb': '0.1', 'seed': '123', 'simfn': 'L1', 'valid_path': 'data/fb15k/FB15k-valid.pkl', 'nbatches': '10', 'lrparam': '0.1', 'decay': '0.999', 'show_hinton_diagrams': 'False', 'no_rescaling': 'True', 'Nrel': '1345', 'ranking_score_right': 'False', 'Nent': '16296', 'Nsyn': '14951', 'method': 'ADAGRAD', 'loss_margin': '2.0', 'C': '1.0', 'epsilon': '1e-06', 'use_db': 'False', 'max_lr': 'None', 'l1_param_weight': 'None', 'filtered': 'True', 'name': 'fb15k_margin/fb15k_XiScalE_358', 'totepochs': '100', 'l2_param_weight': 'None', 'train_path': 'data/fb15k/FB15k-train.pkl', 'op': 'XiScalE'}
INFO:root:Starting the Experiment ..
INFO:root:-- EPOCH 1 (14.29 seconds):
INFO:root:COST >> 2.9349 +/- 0.871, % updates: 94.701%
INFO:root:-- EPOCH 2 (12.359 seconds):
INFO:root:COST >> 1.0193 +/- 0.1656, % updates: 49.774%
INFO:root:-- EPOCH 3 (12.364 seconds):
INFO:root:COST >> 0.6491 +/- 0.0498, % updates: 33.991%
INFO:root:-- EPOCH 4 (12.482 seconds):
INFO:root:COST >> 0.5013 +/- 0.0192, % updates: 26.526%
INFO:root:-- EPOCH 5 (12.404 seconds):
INFO:root:COST >> 0.4204 +/- 0.0088, % updates: 22.132%
INFO:root:-- EPOCH 6 (12.256 seconds):
INFO:root:COST >> 0.3695 +/- 0.0046, % updates: 19.316%
INFO:root:-- EPOCH 7 (12.335 seconds):
INFO:root:COST >> 0.3327 +/- 0.004, % updates: 17.234%
INFO:root:-- EPOCH 8 (12.256 seconds):
INFO:root:COST >> 0.3071 +/- 0.0019, % updates: 15.809%
INFO:root:-- EPOCH 9 (12.537 seconds):
INFO:root:COST >> 0.285 +/- 0.0045, % updates: 14.609%
INFO:root:-- EPOCH 10 (12.545 seconds):
INFO:root:COST >> 0.2681 +/- 0.005, % updates: 13.717%
INFO:root:-- EPOCH 11 (12.326 seconds):
INFO:root:COST >> 0.2523 +/- 0.004, % updates: 12.889%
INFO:root:-- EPOCH 12 (12.401 seconds):
INFO:root:COST >> 0.24 +/- 0.004, % updates: 12.222%
INFO:root:-- EPOCH 13 (13.397 seconds):
INFO:root:COST >> 0.2294 +/- 0.0027, % updates: 11.663%
INFO:root:-- EPOCH 14 (14.163 seconds):
INFO:root:COST >> 0.221 +/- 0.0036, % updates: 11.157%
INFO:root:-- EPOCH 15 (13.659 seconds):
INFO:root:COST >> 0.2116 +/- 0.0035, % updates: 10.732%
INFO:root:-- EPOCH 16 (14.677 seconds):
INFO:root:COST >> 0.2033 +/- 0.003, % updates: 10.301%
INFO:root:-- EPOCH 17 (15.369 seconds):
INFO:root:COST >> 0.1971 +/- 0.0036, % updates: 9.98%
INFO:root:-- EPOCH 18 (14.006 seconds):
INFO:root:COST >> 0.1892 +/- 0.0023, % updates: 9.589%
INFO:root:-- EPOCH 19 (13.537 seconds):
INFO:root:COST >> 0.1837 +/- 0.0037, % updates: 9.311%
INFO:root:-- EPOCH 20 (13.632 seconds):
INFO:root:COST >> 0.1786 +/- 0.0025, % updates: 9.026%
INFO:root:-- EPOCH 21 (13.734 seconds):
INFO:root:COST >> 0.1727 +/- 0.0037, % updates: 8.765%
INFO:root:-- EPOCH 22 (16.039 seconds):
INFO:root:COST >> 0.1679 +/- 0.0033, % updates: 8.491%
INFO:root:-- EPOCH 23 (15.104 seconds):
INFO:root:COST >> 0.1655 +/- 0.0038, % updates: 8.335%
INFO:root:-- EPOCH 24 (12.582 seconds):
INFO:root:COST >> 0.159 +/- 0.0031, % updates: 8.045%
INFO:root:-- EPOCH 25 (12.442 seconds):
INFO:root:COST >> 0.1562 +/- 0.0028, % updates: 7.872%
INFO:root:-- EPOCH 26 (12.415 seconds):
INFO:root:COST >> 0.1537 +/- 0.0027, % updates: 7.764%
INFO:root:-- EPOCH 27 (12.425 seconds):
INFO:root:COST >> 0.1495 +/- 0.0027, % updates: 7.547%
INFO:root:-- EPOCH 28 (12.384 seconds):
INFO:root:COST >> 0.1462 +/- 0.0014, % updates: 7.364%
INFO:root:-- EPOCH 29 (12.661 seconds):
INFO:root:COST >> 0.1443 +/- 0.0028, % updates: 7.262%
INFO:root:-- EPOCH 30 (12.782 seconds):
INFO:root:COST >> 0.1405 +/- 0.0026, % updates: 7.092%
INFO:root:-- EPOCH 31 (13.29 seconds):
INFO:root:COST >> 0.1383 +/- 0.0024, % updates: 6.972%
INFO:root:-- EPOCH 32 (12.967 seconds):
INFO:root:COST >> 0.138 +/- 0.0023, % updates: 6.891%
INFO:root:-- EPOCH 33 (12.889 seconds):
INFO:root:COST >> 0.1352 +/- 0.0023, % updates: 6.717%
INFO:root:-- EPOCH 34 (12.474 seconds):
INFO:root:COST >> 0.1312 +/- 0.0037, % updates: 6.603%
INFO:root:-- EPOCH 35 (12.567 seconds):
INFO:root:COST >> 0.1296 +/- 0.0028, % updates: 6.512%
INFO:root:-- EPOCH 36 (12.699 seconds):
INFO:root:COST >> 0.1283 +/- 0.0039, % updates: 6.418%
INFO:root:-- EPOCH 37 (13.4 seconds):
INFO:root:COST >> 0.1257 +/- 0.0036, % updates: 6.298%
INFO:root:-- EPOCH 38 (14.989 seconds):
INFO:root:COST >> 0.1259 +/- 0.002, % updates: 6.236%
INFO:root:-- EPOCH 39 (13.27 seconds):
INFO:root:COST >> 0.1221 +/- 0.0029, % updates: 6.094%
INFO:root:-- EPOCH 40 (13.293 seconds):
INFO:root:COST >> 0.1212 +/- 0.0018, % updates: 6.017%
INFO:root:-- EPOCH 41 (13.405 seconds):
INFO:root:COST >> 0.1191 +/- 0.0016, % updates: 5.932%
INFO:root:-- EPOCH 42 (13.262 seconds):
INFO:root:COST >> 0.1183 +/- 0.0016, % updates: 5.854%
INFO:root:-- EPOCH 43 (13.368 seconds):
INFO:root:COST >> 0.117 +/- 0.0017, % updates: 5.773%
INFO:root:-- EPOCH 44 (13.422 seconds):
INFO:root:COST >> 0.1156 +/- 0.0019, % updates: 5.696%
INFO:root:-- EPOCH 45 (15.187 seconds):
INFO:root:COST >> 0.115 +/- 0.0029, % updates: 5.661%
INFO:root:-- EPOCH 46 (14.442 seconds):
INFO:root:COST >> 0.1143 +/- 0.0033, % updates: 5.603%
INFO:root:-- EPOCH 47 (14.086 seconds):
INFO:root:COST >> 0.1126 +/- 0.0031, % updates: 5.537%
INFO:root:-- EPOCH 48 (13.436 seconds):
INFO:root:COST >> 0.1121 +/- 0.0022, % updates: 5.481%
INFO:root:-- EPOCH 49 (14.653 seconds):
INFO:root:COST >> 0.1093 +/- 0.0019, % updates: 5.373%
INFO:root:-- EPOCH 50 (16.079 seconds):
INFO:root:COST >> 0.1088 +/- 0.0021, % updates: 5.325%
INFO:root:-- EPOCH 51 (14.467 seconds):
INFO:root:COST >> 0.108 +/- 0.0032, % updates: 5.322%
INFO:root:-- EPOCH 52 (13.359 seconds):
INFO:root:COST >> 0.1066 +/- 0.0021, % updates: 5.221%
INFO:root:-- EPOCH 53 (13.501 seconds):
INFO:root:COST >> 0.1052 +/- 0.0024, % updates: 5.116%
INFO:root:-- EPOCH 54 (13.895 seconds):
INFO:root:COST >> 0.1046 +/- 0.0024, % updates: 5.094%
INFO:root:-- EPOCH 55 (13.345 seconds):
INFO:root:COST >> 0.1033 +/- 0.0015, % updates: 5.026%
INFO:root:-- EPOCH 56 (14.01 seconds):
INFO:root:COST >> 0.1037 +/- 0.0019, % updates: 5.045%
INFO:root:-- EPOCH 57 (16.356 seconds):
INFO:root:COST >> 0.1021 +/- 0.0017, % updates: 4.954%
INFO:root:-- EPOCH 58 (18.533 seconds):
INFO:root:COST >> 0.1014 +/- 0.0018, % updates: 4.924%
INFO:root:-- EPOCH 59 (14.662 seconds):
INFO:root:COST >> 0.1006 +/- 0.0025, % updates: 4.86%
INFO:root:-- EPOCH 60 (14.305 seconds):
INFO:root:COST >> 0.1006 +/- 0.0017, % updates: 4.854%
INFO:root:-- EPOCH 61 (15.479 seconds):
INFO:root:COST >> 0.0995 +/- 0.0018, % updates: 4.801%
INFO:root:-- EPOCH 62 (14.044 seconds):
INFO:root:COST >> 0.0989 +/- 0.0016, % updates: 4.758%
INFO:root:-- EPOCH 63 (15.598 seconds):
INFO:root:COST >> 0.0979 +/- 0.002, % updates: 4.695%
INFO:root:-- EPOCH 64 (14.403 seconds):
INFO:root:COST >> 0.0968 +/- 0.0023, % updates: 4.638%
INFO:root:-- EPOCH 65 (13.496 seconds):
INFO:root:COST >> 0.0968 +/- 0.0012, % updates: 4.622%
INFO:root:-- EPOCH 66 (14.024 seconds):
INFO:root:COST >> 0.0966 +/- 0.0027, % updates: 4.575%
INFO:root:-- EPOCH 67 (15.224 seconds):
INFO:root:COST >> 0.0955 +/- 0.0025, % updates: 4.555%
INFO:root:-- EPOCH 68 (14.694 seconds):
INFO:root:COST >> 0.094 +/- 0.0019, % updates: 4.511%
INFO:root:-- EPOCH 69 (13.529 seconds):
INFO:root:COST >> 0.0945 +/- 0.0023, % updates: 4.511%
INFO:root:-- EPOCH 70 (13.734 seconds):
INFO:root:COST >> 0.0932 +/- 0.0019, % updates: 4.425%
INFO:root:-- EPOCH 71 (15.291 seconds):
INFO:root:COST >> 0.0933 +/- 0.0024, % updates: 4.417%
INFO:root:-- EPOCH 72 (13.851 seconds):
INFO:root:COST >> 0.093 +/- 0.0029, % updates: 4.398%
INFO:root:-- EPOCH 73 (16.265 seconds):
INFO:root:COST >> 0.0916 +/- 0.002, % updates: 4.332%
INFO:root:-- EPOCH 74 (13.692 seconds):
INFO:root:COST >> 0.0914 +/- 0.0021, % updates: 4.322%
INFO:root:-- EPOCH 75 (13.378 seconds):
INFO:root:COST >> 0.0918 +/- 0.0022, % updates: 4.338%
INFO:root:-- EPOCH 76 (14.243 seconds):
INFO:root:COST >> 0.0909 +/- 0.0022, % updates: 4.251%
INFO:root:-- EPOCH 77 (13.31 seconds):
INFO:root:COST >> 0.0891 +/- 0.0012, % updates: 4.202%
INFO:root:-- EPOCH 78 (13.18 seconds):
INFO:root:COST >> 0.0895 +/- 0.0015, % updates: 4.241%
INFO:root:-- EPOCH 79 (13.266 seconds):
INFO:root:COST >> 0.0893 +/- 0.002, % updates: 4.184%
INFO:root:-- EPOCH 80 (13.243 seconds):
INFO:root:COST >> 0.0899 +/- 0.0028, % updates: 4.2%
INFO:root:-- EPOCH 81 (13.486 seconds):
INFO:root:COST >> 0.0882 +/- 0.0022, % updates: 4.129%
INFO:root:-- EPOCH 82 (13.387 seconds):
INFO:root:COST >> 0.0882 +/- 0.0015, % updates: 4.123%
INFO:root:-- EPOCH 83 (13.803 seconds):
INFO:root:COST >> 0.0873 +/- 0.0017, % updates: 4.087%
INFO:root:-- EPOCH 84 (13.186 seconds):
INFO:root:COST >> 0.0876 +/- 0.0018, % updates: 4.072%
INFO:root:-- EPOCH 85 (13.164 seconds):
INFO:root:COST >> 0.086 +/- 0.0017, % updates: 4.005%
INFO:root:-- EPOCH 86 (13.154 seconds):
INFO:root:COST >> 0.0869 +/- 0.0008, % updates: 4.031%
INFO:root:-- EPOCH 87 (13.292 seconds):
INFO:root:COST >> 0.0854 +/- 0.001, % updates: 3.978%
INFO:root:-- EPOCH 88 (13.221 seconds):
INFO:root:COST >> 0.0869 +/- 0.0012, % updates: 3.979%
INFO:root:-- EPOCH 89 (13.298 seconds):
INFO:root:COST >> 0.0857 +/- 0.001, % updates: 3.949%
INFO:root:-- EPOCH 90 (13.2 seconds):
INFO:root:COST >> 0.0851 +/- 0.0015, % updates: 3.948%
INFO:root:-- EPOCH 91 (13.353 seconds):
INFO:root:COST >> 0.0852 +/- 0.0021, % updates: 3.899%
INFO:root:-- EPOCH 92 (13.464 seconds):
INFO:root:COST >> 0.0836 +/- 0.0014, % updates: 3.862%
INFO:root:-- EPOCH 93 (13.342 seconds):
INFO:root:COST >> 0.0834 +/- 0.0019, % updates: 3.839%
INFO:root:-- EPOCH 94 (13.274 seconds):
INFO:root:COST >> 0.0842 +/- 0.0014, % updates: 3.878%
INFO:root:-- EPOCH 95 (13.835 seconds):
INFO:root:COST >> 0.0833 +/- 0.0013, % updates: 3.792%
INFO:root:-- EPOCH 96 (13.695 seconds):
INFO:root:COST >> 0.0833 +/- 0.002, % updates: 3.806%
INFO:root:-- EPOCH 97 (13.406 seconds):
INFO:root:COST >> 0.083 +/- 0.0019, % updates: 3.788%
INFO:root:-- EPOCH 98 (14.038 seconds):
INFO:root:COST >> 0.0825 +/- 0.0023, % updates: 3.779%
INFO:root:-- EPOCH 99 (15.045 seconds):
INFO:root:COST >> 0.0816 +/- 0.0017, % updates: 3.709%
INFO:root:-- EPOCH 100 (14.338 seconds):
INFO:root:COST >> 0.0812 +/- 0.0018, % updates: 3.701%
INFO:root:### MICRO (raw valid):
INFO:root:	-- left   >> mean: 245.00828, median: 18.0, hits@10: 40.824%
INFO:root:	-- right  >> mean: 158.79318, median: 11.0, hits@10: 49.406%
INFO:root:	-- global >> mean: 201.90073, median: 14.0, hits@10: 45.115%
INFO:root:### MACRO (raw valid):
INFO:root:	-- left   >> mean: 127.23025, median: 100.57205, hits@10: 56.305%
INFO:root:	-- right  >> mean: 89.35154, median: 64.45033, hits@10: 63.372%
INFO:root:	-- global >> mean: 108.2909, median: 45.98963, hits@10: 59.838%
INFO:root:### MICRO (filtered valid):
INFO:root:	-- left   >> mean: 88.10802, median: 6.0, hits@10: 59.448%
INFO:root:	-- right  >> mean: 65.42142, median: 4.0, hits@10: 65.432%
INFO:root:	-- global >> mean: 76.76472, median: 5.0, hits@10: 62.44%
INFO:root:### MACRO (filtered valid):
INFO:root:	-- left   >> mean: 93.12864, median: 63.60098, hits@10: 68.881%
INFO:root:	-- right  >> mean: 73.33705, median: 48.03657, hits@10: 71.93%
INFO:root:	-- global >> mean: 83.23284, median: 41.27511, hits@10: 70.405%
INFO:root:### MICRO (raw test):
INFO:root:	-- left   >> mean: 241.11503, median: 18.0, hits@10: 41.169%
INFO:root:	-- right  >> mean: 161.97234, median: 11.0, hits@10: 48.66%
INFO:root:	-- global >> mean: 201.54368, median: 14.0, hits@10: 44.915%
INFO:root:### MACRO (raw test):
INFO:root:	-- left   >> mean: 123.50519, median: 95.66025, hits@10: 57.048%
INFO:root:	-- right  >> mean: 105.22759, median: 78.63528, hits@10: 63.554%
INFO:root:	-- global >> mean: 114.36639, median: 51.0999, hits@10: 60.301%
INFO:root:### MICRO (filtered test):
INFO:root:	-- left   >> mean: 86.79745, median: 6.0, hits@10: 59.759%
INFO:root:	-- right  >> mean: 63.71891, median: 4.0, hits@10: 64.986%
INFO:root:	-- global >> mean: 75.25818, median: 5.0, hits@10: 62.372%
INFO:root:### MACRO (filtered test):
INFO:root:	-- left   >> mean: 91.20192, median: 60.54787, hits@10: 69.492%
INFO:root:	-- right  >> mean: 89.67647, median: 62.58741, hits@10: 72.707%
INFO:root:	-- global >> mean: 90.43919, median: 46.80853, hits@10: 71.1%
