INFO:root:Shape for training set: (16296, 483142)
INFO:root:State: {'ndim': '100', 'test_all': '100', 'test_path': 'data/fb15k/FB15k-test.pkl', 'nhid': '100', 'lremb': '0.1', 'seed': '123', 'simfn': 'dot', 'valid_path': 'data/fb15k/FB15k-valid.pkl', 'nbatches': '10', 'lrparam': '0.1', 'decay': '0.999', 'show_hinton_diagrams': 'False', 'no_rescaling': 'True', 'Nrel': '1345', 'ranking_score_right': 'False', 'Nent': '16296', 'Nsyn': '14951', 'method': 'ADAGRAD', 'loss_margin': '2.0', 'C': '1.0', 'epsilon': '1e-06', 'use_db': 'False', 'max_lr': 'None', 'l1_param_weight': 'None', 'filtered': 'True', 'name': 'fb15k_margin/fb15k_XiTransE_349', 'totepochs': '100', 'l2_param_weight': 'None', 'train_path': 'data/fb15k/FB15k-train.pkl', 'op': 'XiTransE'}
INFO:root:Starting the Experiment ..
INFO:root:-- EPOCH 1 (9.81 seconds):
INFO:root:COST >> 1.6769 +/- 1.2985, % updates: 59.21%
INFO:root:-- EPOCH 2 (9.728 seconds):
INFO:root:COST >> 0.3889 +/- 0.0191, % updates: 17.502%
INFO:root:-- EPOCH 3 (9.826 seconds):
INFO:root:COST >> 0.3242 +/- 0.0055, % updates: 13.597%
INFO:root:-- EPOCH 4 (9.956 seconds):
INFO:root:COST >> 0.2972 +/- 0.0031, % updates: 11.96%
INFO:root:-- EPOCH 5 (9.875 seconds):
INFO:root:COST >> 0.2801 +/- 0.0044, % updates: 10.939%
INFO:root:-- EPOCH 6 (9.883 seconds):
INFO:root:COST >> 0.2695 +/- 0.0025, % updates: 10.264%
INFO:root:-- EPOCH 7 (9.808 seconds):
INFO:root:COST >> 0.2602 +/- 0.0044, % updates: 9.752%
INFO:root:-- EPOCH 8 (9.824 seconds):
INFO:root:COST >> 0.2553 +/- 0.0034, % updates: 9.374%
INFO:root:-- EPOCH 9 (9.82 seconds):
INFO:root:COST >> 0.2501 +/- 0.0053, % updates: 9.115%
INFO:root:-- EPOCH 10 (9.773 seconds):
INFO:root:COST >> 0.2453 +/- 0.0052, % updates: 8.853%
INFO:root:-- EPOCH 11 (9.798 seconds):
INFO:root:COST >> 0.2406 +/- 0.0058, % updates: 8.597%
INFO:root:-- EPOCH 12 (9.876 seconds):
INFO:root:COST >> 0.2374 +/- 0.0039, % updates: 8.416%
INFO:root:-- EPOCH 13 (9.867 seconds):
INFO:root:COST >> 0.236 +/- 0.0038, % updates: 8.33%
INFO:root:-- EPOCH 14 (9.885 seconds):
INFO:root:COST >> 0.2349 +/- 0.003, % updates: 8.195%
INFO:root:-- EPOCH 15 (9.879 seconds):
INFO:root:COST >> 0.2326 +/- 0.0042, % updates: 8.1%
INFO:root:-- EPOCH 16 (9.589 seconds):
INFO:root:COST >> 0.2288 +/- 0.0017, % updates: 7.945%
INFO:root:-- EPOCH 17 (8.192 seconds):
INFO:root:COST >> 0.2277 +/- 0.0038, % updates: 7.898%
INFO:root:-- EPOCH 18 (8.168 seconds):
INFO:root:COST >> 0.2246 +/- 0.0036, % updates: 7.788%
INFO:root:-- EPOCH 19 (8.215 seconds):
INFO:root:COST >> 0.2221 +/- 0.0031, % updates: 7.653%
INFO:root:-- EPOCH 20 (8.152 seconds):
INFO:root:COST >> 0.2214 +/- 0.0036, % updates: 7.567%
INFO:root:-- EPOCH 21 (8.267 seconds):
INFO:root:COST >> 0.2186 +/- 0.0048, % updates: 7.495%
INFO:root:-- EPOCH 22 (8.372 seconds):
INFO:root:COST >> 0.2173 +/- 0.0038, % updates: 7.414%
INFO:root:-- EPOCH 23 (8.073 seconds):
INFO:root:COST >> 0.2187 +/- 0.0043, % updates: 7.389%
INFO:root:-- EPOCH 24 (8.209 seconds):
INFO:root:COST >> 0.2141 +/- 0.0033, % updates: 7.267%
INFO:root:-- EPOCH 25 (8.208 seconds):
INFO:root:COST >> 0.214 +/- 0.0028, % updates: 7.286%
INFO:root:-- EPOCH 26 (8.248 seconds):
INFO:root:COST >> 0.214 +/- 0.0043, % updates: 7.226%
INFO:root:-- EPOCH 27 (8.229 seconds):
INFO:root:COST >> 0.2122 +/- 0.0036, % updates: 7.152%
INFO:root:-- EPOCH 28 (8.257 seconds):
INFO:root:COST >> 0.2096 +/- 0.0019, % updates: 7.08%
INFO:root:-- EPOCH 29 (8.195 seconds):
INFO:root:COST >> 0.2117 +/- 0.0041, % updates: 7.095%
INFO:root:-- EPOCH 30 (8.339 seconds):
INFO:root:COST >> 0.2082 +/- 0.0022, % updates: 7.022%
INFO:root:-- EPOCH 31 (8.269 seconds):
INFO:root:COST >> 0.208 +/- 0.0027, % updates: 6.987%
INFO:root:-- EPOCH 32 (8.258 seconds):
INFO:root:COST >> 0.2089 +/- 0.003, % updates: 6.988%
INFO:root:-- EPOCH 33 (8.206 seconds):
INFO:root:COST >> 0.2085 +/- 0.0033, % updates: 6.946%
INFO:root:-- EPOCH 34 (8.193 seconds):
INFO:root:COST >> 0.2056 +/- 0.0039, % updates: 6.883%
INFO:root:-- EPOCH 35 (8.242 seconds):
INFO:root:COST >> 0.2045 +/- 0.0044, % updates: 6.822%
INFO:root:-- EPOCH 36 (8.311 seconds):
INFO:root:COST >> 0.2052 +/- 0.0034, % updates: 6.825%
INFO:root:-- EPOCH 37 (8.106 seconds):
INFO:root:COST >> 0.204 +/- 0.0042, % updates: 6.792%
INFO:root:-- EPOCH 38 (8.121 seconds):
INFO:root:COST >> 0.2037 +/- 0.0027, % updates: 6.755%
INFO:root:-- EPOCH 39 (8.175 seconds):
INFO:root:COST >> 0.2016 +/- 0.0036, % updates: 6.678%
INFO:root:-- EPOCH 40 (8.186 seconds):
INFO:root:COST >> 0.2028 +/- 0.003, % updates: 6.712%
INFO:root:-- EPOCH 41 (8.237 seconds):
INFO:root:COST >> 0.2009 +/- 0.0032, % updates: 6.656%
INFO:root:-- EPOCH 42 (8.307 seconds):
INFO:root:COST >> 0.2013 +/- 0.0027, % updates: 6.641%
INFO:root:-- EPOCH 43 (8.262 seconds):
INFO:root:COST >> 0.2007 +/- 0.0027, % updates: 6.624%
INFO:root:-- EPOCH 44 (8.296 seconds):
INFO:root:COST >> 0.1998 +/- 0.0024, % updates: 6.586%
INFO:root:-- EPOCH 45 (8.131 seconds):
INFO:root:COST >> 0.2004 +/- 0.0035, % updates: 6.583%
INFO:root:-- EPOCH 46 (8.262 seconds):
INFO:root:COST >> 0.1987 +/- 0.0027, % updates: 6.561%
INFO:root:-- EPOCH 47 (8.241 seconds):
INFO:root:COST >> 0.1984 +/- 0.0032, % updates: 6.538%
INFO:root:-- EPOCH 48 (8.27 seconds):
INFO:root:COST >> 0.1996 +/- 0.0041, % updates: 6.529%
INFO:root:-- EPOCH 49 (8.229 seconds):
INFO:root:COST >> 0.1964 +/- 0.0034, % updates: 6.46%
INFO:root:-- EPOCH 50 (8.095 seconds):
INFO:root:COST >> 0.1974 +/- 0.0032, % updates: 6.465%
INFO:root:-- EPOCH 51 (8.204 seconds):
INFO:root:COST >> 0.1975 +/- 0.004, % updates: 6.474%
INFO:root:-- EPOCH 52 (8.241 seconds):
INFO:root:COST >> 0.1965 +/- 0.0037, % updates: 6.444%
INFO:root:-- EPOCH 53 (8.219 seconds):
INFO:root:COST >> 0.1957 +/- 0.0042, % updates: 6.412%
INFO:root:-- EPOCH 54 (8.329 seconds):
INFO:root:COST >> 0.1934 +/- 0.0033, % updates: 6.364%
INFO:root:-- EPOCH 55 (8.283 seconds):
INFO:root:COST >> 0.1942 +/- 0.0025, % updates: 6.351%
INFO:root:-- EPOCH 56 (8.111 seconds):
INFO:root:COST >> 0.1952 +/- 0.004, % updates: 6.36%
INFO:root:-- EPOCH 57 (8.188 seconds):
INFO:root:COST >> 0.1951 +/- 0.0036, % updates: 6.364%
INFO:root:-- EPOCH 58 (8.123 seconds):
INFO:root:COST >> 0.1948 +/- 0.0038, % updates: 6.357%
INFO:root:-- EPOCH 59 (8.297 seconds):
INFO:root:COST >> 0.1922 +/- 0.0037, % updates: 6.297%
INFO:root:-- EPOCH 60 (8.255 seconds):
INFO:root:COST >> 0.1941 +/- 0.0033, % updates: 6.326%
INFO:root:-- EPOCH 61 (8.269 seconds):
INFO:root:COST >> 0.1929 +/- 0.0025, % updates: 6.287%
INFO:root:-- EPOCH 62 (8.111 seconds):
INFO:root:COST >> 0.1919 +/- 0.0024, % updates: 6.283%
INFO:root:-- EPOCH 63 (8.174 seconds):
INFO:root:COST >> 0.1926 +/- 0.0039, % updates: 6.25%
INFO:root:-- EPOCH 64 (8.293 seconds):
INFO:root:COST >> 0.1918 +/- 0.0047, % updates: 6.241%
INFO:root:-- EPOCH 65 (8.231 seconds):
INFO:root:COST >> 0.1909 +/- 0.0027, % updates: 6.226%
INFO:root:-- EPOCH 66 (8.32 seconds):
INFO:root:COST >> 0.1925 +/- 0.0033, % updates: 6.232%
INFO:root:-- EPOCH 67 (8.195 seconds):
INFO:root:COST >> 0.1912 +/- 0.0042, % updates: 6.225%
INFO:root:-- EPOCH 68 (8.319 seconds):
INFO:root:COST >> 0.1902 +/- 0.0029, % updates: 6.176%
INFO:root:-- EPOCH 69 (8.16 seconds):
INFO:root:COST >> 0.1912 +/- 0.0037, % updates: 6.194%
INFO:root:-- EPOCH 70 (8.295 seconds):
INFO:root:COST >> 0.1894 +/- 0.0028, % updates: 6.156%
INFO:root:-- EPOCH 71 (8.212 seconds):
INFO:root:COST >> 0.1906 +/- 0.0042, % updates: 6.17%
INFO:root:-- EPOCH 72 (8.17 seconds):
INFO:root:COST >> 0.1893 +/- 0.0036, % updates: 6.133%
INFO:root:-- EPOCH 73 (8.157 seconds):
INFO:root:COST >> 0.1882 +/- 0.0021, % updates: 6.103%
INFO:root:-- EPOCH 74 (8.273 seconds):
INFO:root:COST >> 0.1905 +/- 0.0026, % updates: 6.181%
INFO:root:-- EPOCH 75 (8.154 seconds):
INFO:root:COST >> 0.1894 +/- 0.0022, % updates: 6.147%
INFO:root:-- EPOCH 76 (8.217 seconds):
INFO:root:COST >> 0.189 +/- 0.0036, % updates: 6.1%
INFO:root:-- EPOCH 77 (8.314 seconds):
INFO:root:COST >> 0.1879 +/- 0.0026, % updates: 6.109%
INFO:root:-- EPOCH 78 (8.213 seconds):
INFO:root:COST >> 0.1878 +/- 0.0029, % updates: 6.11%
INFO:root:-- EPOCH 79 (8.178 seconds):
INFO:root:COST >> 0.188 +/- 0.0029, % updates: 6.065%
INFO:root:-- EPOCH 80 (8.204 seconds):
INFO:root:COST >> 0.1891 +/- 0.0034, % updates: 6.105%
INFO:root:-- EPOCH 81 (8.192 seconds):
INFO:root:COST >> 0.1876 +/- 0.0028, % updates: 6.092%
INFO:root:-- EPOCH 82 (8.208 seconds):
INFO:root:COST >> 0.1892 +/- 0.0024, % updates: 6.113%
INFO:root:-- EPOCH 83 (8.221 seconds):
INFO:root:COST >> 0.1875 +/- 0.0025, % updates: 6.041%
INFO:root:-- EPOCH 84 (8.19 seconds):
INFO:root:COST >> 0.187 +/- 0.0042, % updates: 6.026%
INFO:root:-- EPOCH 85 (8.24 seconds):
INFO:root:COST >> 0.185 +/- 0.0034, % updates: 5.967%
INFO:root:-- EPOCH 86 (8.123 seconds):
INFO:root:COST >> 0.1873 +/- 0.0027, % updates: 6.036%
INFO:root:-- EPOCH 87 (8.071 seconds):
INFO:root:COST >> 0.1865 +/- 0.002, % updates: 6.023%
INFO:root:-- EPOCH 88 (8.302 seconds):
INFO:root:COST >> 0.1869 +/- 0.0019, % updates: 6.047%
INFO:root:-- EPOCH 89 (8.304 seconds):
INFO:root:COST >> 0.1862 +/- 0.0034, % updates: 6.018%
INFO:root:-- EPOCH 90 (8.239 seconds):
INFO:root:COST >> 0.1871 +/- 0.0016, % updates: 6.03%
INFO:root:-- EPOCH 91 (8.18 seconds):
INFO:root:COST >> 0.1864 +/- 0.0037, % updates: 5.997%
INFO:root:-- EPOCH 92 (8.332 seconds):
INFO:root:COST >> 0.1855 +/- 0.0027, % updates: 5.984%
INFO:root:-- EPOCH 93 (8.208 seconds):
INFO:root:COST >> 0.1861 +/- 0.0041, % updates: 5.974%
INFO:root:-- EPOCH 94 (8.295 seconds):
INFO:root:COST >> 0.1863 +/- 0.0039, % updates: 5.999%
INFO:root:-- EPOCH 95 (8.388 seconds):
INFO:root:COST >> 0.1839 +/- 0.0023, % updates: 5.933%
INFO:root:-- EPOCH 96 (8.292 seconds):
INFO:root:COST >> 0.1841 +/- 0.0019, % updates: 5.975%
INFO:root:-- EPOCH 97 (8.204 seconds):
INFO:root:COST >> 0.1856 +/- 0.0035, % updates: 5.954%
INFO:root:-- EPOCH 98 (8.178 seconds):
INFO:root:COST >> 0.1849 +/- 0.0037, % updates: 5.971%
INFO:root:-- EPOCH 99 (8.169 seconds):
INFO:root:COST >> 0.1834 +/- 0.0024, % updates: 5.929%
INFO:root:-- EPOCH 100 (8.207 seconds):
INFO:root:COST >> 0.1835 +/- 0.0028, % updates: 5.926%
INFO:root:### MICRO (raw valid):
INFO:root:	-- left   >> mean: 491.6474, median: 99.0, hits@10: 21.306%
INFO:root:	-- right  >> mean: 368.73538, median: 47.0, hits@10: 29.996%
INFO:root:	-- global >> mean: 430.19139, median: 69.0, hits@10: 25.651%
INFO:root:### MACRO (raw valid):
INFO:root:	-- left   >> mean: 146.24574, median: 121.69432, hits@10: 42.829%
INFO:root:	-- right  >> mean: 129.50687, median: 104.59716, hits@10: 51.61%
INFO:root:	-- global >> mean: 137.87631, median: 57.96561, hits@10: 47.219%
INFO:root:### MICRO (filtered valid):
INFO:root:	-- left   >> mean: 337.16408, median: 54.0, hits@10: 30.36%
INFO:root:	-- right  >> mean: 279.15714, median: 32.0, hits@10: 37.14%
INFO:root:	-- global >> mean: 308.16061, median: 42.0, hits@10: 33.75%
INFO:root:### MACRO (filtered valid):
INFO:root:	-- left   >> mean: 112.24519, median: 82.18996, hits@10: 51.828%
INFO:root:	-- right  >> mean: 113.82427, median: 87.0393, hits@10: 57.585%
INFO:root:	-- global >> mean: 113.03473, median: 53.58352, hits@10: 54.707%
INFO:root:### MICRO (raw test):
INFO:root:	-- left   >> mean: 492.1397, median: 95.0, hits@10: 22.011%
INFO:root:	-- right  >> mean: 374.72824, median: 50.0, hits@10: 29.681%
INFO:root:	-- global >> mean: 433.43397, median: 68.0, hits@10: 25.846%
INFO:root:### MACRO (raw test):
INFO:root:	-- left   >> mean: 175.24724, median: 145.85276, hits@10: 43.787%
INFO:root:	-- right  >> mean: 124.27865, median: 100.20083, hits@10: 51.123%
INFO:root:	-- global >> mean: 149.76295, median: 63.50989, hits@10: 47.455%
INFO:root:### MICRO (filtered test):
INFO:root:	-- left   >> mean: 340.30042, median: 51.0, hits@10: 30.968%
INFO:root:	-- right  >> mean: 280.26978, median: 34.0, hits@10: 36.913%
INFO:root:	-- global >> mean: 310.2851, median: 41.0, hits@10: 33.941%
INFO:root:### MACRO (filtered test):
INFO:root:	-- left   >> mean: 142.82881, median: 108.18106, hits@10: 52.961%
INFO:root:	-- right  >> mean: 109.152, median: 82.85276, hits@10: 57.182%
INFO:root:	-- global >> mean: 125.9904, median: 59.40895, hits@10: 55.072%
