INFO:root:Shape for training set: (16296, 483142)
INFO:root:State: {'ndim': '20', 'test_all': '100', 'test_path': 'data/fb15k/FB15k-test.pkl', 'nhid': '20', 'lremb': '0.1', 'seed': '123', 'simfn': 'L1', 'valid_path': 'data/fb15k/FB15k-valid.pkl', 'nbatches': '10', 'lrparam': '0.1', 'decay': '0.999', 'show_hinton_diagrams': 'False', 'no_rescaling': 'True', 'Nrel': '1345', 'ranking_score_right': 'False', 'Nent': '16296', 'Nsyn': '14951', 'method': 'ADAGRAD', 'loss_margin': '2.0', 'C': '1.0', 'epsilon': '1e-06', 'use_db': 'False', 'max_lr': 'None', 'l1_param_weight': 'None', 'filtered': 'True', 'name': 'fb15k_margin/fb15k_XiNTransE_379', 'totepochs': '100', 'l2_param_weight': 'None', 'train_path': 'data/fb15k/FB15k-train.pkl', 'op': 'XiNTransE'}
INFO:root:Starting the Experiment ..
INFO:root:-- EPOCH 1 (4.246 seconds):
INFO:root:COST >> 2.9992 +/- 0.6284, % updates: 92.561%
INFO:root:-- EPOCH 2 (4.083 seconds):
INFO:root:COST >> 1.3506 +/- 0.2341, % updates: 60.175%
INFO:root:-- EPOCH 3 (4.048 seconds):
INFO:root:COST >> 0.8294 +/- 0.0636, % updates: 40.499%
INFO:root:-- EPOCH 4 (4.031 seconds):
INFO:root:COST >> 0.6361 +/- 0.0253, % updates: 32.203%
INFO:root:-- EPOCH 5 (4.058 seconds):
INFO:root:COST >> 0.5337 +/- 0.0139, % updates: 27.694%
INFO:root:-- EPOCH 6 (3.999 seconds):
INFO:root:COST >> 0.4654 +/- 0.008, % updates: 24.635%
INFO:root:-- EPOCH 7 (4.073 seconds):
INFO:root:COST >> 0.4155 +/- 0.0053, % updates: 22.254%
INFO:root:-- EPOCH 8 (4.066 seconds):
INFO:root:COST >> 0.3767 +/- 0.0035, % updates: 20.338%
INFO:root:-- EPOCH 9 (4.02 seconds):
INFO:root:COST >> 0.3481 +/- 0.0037, % updates: 18.839%
INFO:root:-- EPOCH 10 (4.065 seconds):
INFO:root:COST >> 0.3234 +/- 0.0021, % updates: 17.491%
INFO:root:-- EPOCH 11 (3.993 seconds):
INFO:root:COST >> 0.3036 +/- 0.003, % updates: 16.292%
INFO:root:-- EPOCH 12 (4.017 seconds):
INFO:root:COST >> 0.2871 +/- 0.0024, % updates: 15.286%
INFO:root:-- EPOCH 13 (4.036 seconds):
INFO:root:COST >> 0.2744 +/- 0.0035, % updates: 14.503%
INFO:root:-- EPOCH 14 (3.972 seconds):
INFO:root:COST >> 0.2631 +/- 0.0027, % updates: 13.742%
INFO:root:-- EPOCH 15 (3.965 seconds):
INFO:root:COST >> 0.2534 +/- 0.0033, % updates: 13.091%
INFO:root:-- EPOCH 16 (4.055 seconds):
INFO:root:COST >> 0.2447 +/- 0.0034, % updates: 12.563%
INFO:root:-- EPOCH 17 (4.075 seconds):
INFO:root:COST >> 0.239 +/- 0.0037, % updates: 12.178%
INFO:root:-- EPOCH 18 (4.079 seconds):
INFO:root:COST >> 0.2317 +/- 0.0022, % updates: 11.724%
INFO:root:-- EPOCH 19 (4.026 seconds):
INFO:root:COST >> 0.2271 +/- 0.0024, % updates: 11.359%
INFO:root:-- EPOCH 20 (4.038 seconds):
INFO:root:COST >> 0.2221 +/- 0.0036, % updates: 11.07%
INFO:root:-- EPOCH 21 (3.993 seconds):
INFO:root:COST >> 0.2187 +/- 0.0032, % updates: 10.828%
INFO:root:-- EPOCH 22 (4.074 seconds):
INFO:root:COST >> 0.2151 +/- 0.004, % updates: 10.591%
INFO:root:-- EPOCH 23 (3.981 seconds):
INFO:root:COST >> 0.2105 +/- 0.0038, % updates: 10.304%
INFO:root:-- EPOCH 24 (4.118 seconds):
INFO:root:COST >> 0.2092 +/- 0.0025, % updates: 10.149%
INFO:root:-- EPOCH 25 (4.062 seconds):
INFO:root:COST >> 0.2046 +/- 0.0039, % updates: 9.906%
INFO:root:-- EPOCH 26 (4.081 seconds):
INFO:root:COST >> 0.2029 +/- 0.0028, % updates: 9.767%
INFO:root:-- EPOCH 27 (4.061 seconds):
INFO:root:COST >> 0.2008 +/- 0.0028, % updates: 9.624%
INFO:root:-- EPOCH 28 (4.027 seconds):
INFO:root:COST >> 0.1974 +/- 0.0025, % updates: 9.445%
INFO:root:-- EPOCH 29 (4.132 seconds):
INFO:root:COST >> 0.1955 +/- 0.0036, % updates: 9.334%
INFO:root:-- EPOCH 30 (4.655 seconds):
INFO:root:COST >> 0.1935 +/- 0.0039, % updates: 9.208%
INFO:root:-- EPOCH 31 (4.863 seconds):
INFO:root:COST >> 0.1911 +/- 0.0029, % updates: 9.064%
INFO:root:-- EPOCH 32 (5.142 seconds):
INFO:root:COST >> 0.1885 +/- 0.0038, % updates: 8.922%
INFO:root:-- EPOCH 33 (4.641 seconds):
INFO:root:COST >> 0.1879 +/- 0.0033, % updates: 8.869%
INFO:root:-- EPOCH 34 (4.335 seconds):
INFO:root:COST >> 0.1864 +/- 0.0018, % updates: 8.811%
INFO:root:-- EPOCH 35 (4.473 seconds):
INFO:root:COST >> 0.1853 +/- 0.0035, % updates: 8.724%
INFO:root:-- EPOCH 36 (4.584 seconds):
INFO:root:COST >> 0.1839 +/- 0.003, % updates: 8.614%
INFO:root:-- EPOCH 37 (4.741 seconds):
INFO:root:COST >> 0.1824 +/- 0.0041, % updates: 8.547%
INFO:root:-- EPOCH 38 (4.246 seconds):
INFO:root:COST >> 0.1801 +/- 0.004, % updates: 8.431%
INFO:root:-- EPOCH 39 (4.231 seconds):
INFO:root:COST >> 0.1791 +/- 0.0021, % updates: 8.355%
INFO:root:-- EPOCH 40 (8.039 seconds):
INFO:root:COST >> 0.179 +/- 0.0019, % updates: 8.327%
INFO:root:-- EPOCH 41 (9.95 seconds):
INFO:root:COST >> 0.1778 +/- 0.0028, % updates: 8.26%
INFO:root:-- EPOCH 42 (4.977 seconds):
INFO:root:COST >> 0.1775 +/- 0.003, % updates: 8.211%
INFO:root:-- EPOCH 43 (5.379 seconds):
INFO:root:COST >> 0.1763 +/- 0.0028, % updates: 8.141%
INFO:root:-- EPOCH 44 (5.042 seconds):
INFO:root:COST >> 0.1744 +/- 0.0024, % updates: 8.055%
INFO:root:-- EPOCH 45 (4.443 seconds):
INFO:root:COST >> 0.174 +/- 0.0039, % updates: 8.047%
INFO:root:-- EPOCH 46 (4.569 seconds):
INFO:root:COST >> 0.1729 +/- 0.0029, % updates: 7.944%
INFO:root:-- EPOCH 47 (4.421 seconds):
INFO:root:COST >> 0.1725 +/- 0.0031, % updates: 7.914%
INFO:root:-- EPOCH 48 (5.242 seconds):
INFO:root:COST >> 0.171 +/- 0.0049, % updates: 7.86%
INFO:root:-- EPOCH 49 (5.179 seconds):
INFO:root:COST >> 0.1689 +/- 0.0045, % updates: 7.783%
INFO:root:-- EPOCH 50 (4.52 seconds):
INFO:root:COST >> 0.1678 +/- 0.0032, % updates: 7.739%
INFO:root:-- EPOCH 51 (5.49 seconds):
INFO:root:COST >> 0.1681 +/- 0.0034, % updates: 7.675%
INFO:root:-- EPOCH 52 (4.594 seconds):
INFO:root:COST >> 0.1671 +/- 0.003, % updates: 7.644%
INFO:root:-- EPOCH 53 (4.425 seconds):
INFO:root:COST >> 0.1674 +/- 0.0037, % updates: 7.619%
INFO:root:-- EPOCH 54 (4.753 seconds):
INFO:root:COST >> 0.1665 +/- 0.0026, % updates: 7.607%
INFO:root:-- EPOCH 55 (4.633 seconds):
INFO:root:COST >> 0.166 +/- 0.0035, % updates: 7.55%
INFO:root:-- EPOCH 56 (4.937 seconds):
INFO:root:COST >> 0.1649 +/- 0.0021, % updates: 7.503%
INFO:root:-- EPOCH 57 (4.899 seconds):
INFO:root:COST >> 0.1638 +/- 0.0016, % updates: 7.413%
INFO:root:-- EPOCH 58 (4.87 seconds):
INFO:root:COST >> 0.1632 +/- 0.0036, % updates: 7.388%
INFO:root:-- EPOCH 59 (4.696 seconds):
INFO:root:COST >> 0.1624 +/- 0.0026, % updates: 7.376%
INFO:root:-- EPOCH 60 (4.816 seconds):
INFO:root:COST >> 0.1627 +/- 0.0031, % updates: 7.369%
INFO:root:-- EPOCH 61 (4.735 seconds):
INFO:root:COST >> 0.1619 +/- 0.0028, % updates: 7.326%
INFO:root:-- EPOCH 62 (4.737 seconds):
INFO:root:COST >> 0.1607 +/- 0.0027, % updates: 7.228%
INFO:root:-- EPOCH 63 (4.802 seconds):
INFO:root:COST >> 0.1621 +/- 0.0019, % updates: 7.281%
INFO:root:-- EPOCH 64 (4.696 seconds):
INFO:root:COST >> 0.1595 +/- 0.0037, % updates: 7.199%
INFO:root:-- EPOCH 65 (4.756 seconds):
INFO:root:COST >> 0.16 +/- 0.0026, % updates: 7.216%
INFO:root:-- EPOCH 66 (4.732 seconds):
INFO:root:COST >> 0.1591 +/- 0.0014, % updates: 7.179%
INFO:root:-- EPOCH 67 (4.672 seconds):
INFO:root:COST >> 0.1591 +/- 0.0026, % updates: 7.119%
INFO:root:-- EPOCH 68 (4.693 seconds):
INFO:root:COST >> 0.1591 +/- 0.0033, % updates: 7.132%
INFO:root:-- EPOCH 69 (4.686 seconds):
INFO:root:COST >> 0.1583 +/- 0.0026, % updates: 7.099%
INFO:root:-- EPOCH 70 (4.709 seconds):
INFO:root:COST >> 0.1577 +/- 0.0027, % updates: 7.032%
INFO:root:-- EPOCH 71 (4.801 seconds):
INFO:root:COST >> 0.1585 +/- 0.0024, % updates: 7.051%
INFO:root:-- EPOCH 72 (4.778 seconds):
INFO:root:COST >> 0.1566 +/- 0.0034, % updates: 7.023%
INFO:root:-- EPOCH 73 (4.755 seconds):
INFO:root:COST >> 0.1563 +/- 0.003, % updates: 6.976%
INFO:root:-- EPOCH 74 (4.839 seconds):
INFO:root:COST >> 0.1543 +/- 0.0025, % updates: 6.872%
INFO:root:-- EPOCH 75 (4.803 seconds):
INFO:root:COST >> 0.1558 +/- 0.0022, % updates: 6.917%
INFO:root:-- EPOCH 76 (4.712 seconds):
INFO:root:COST >> 0.1551 +/- 0.0027, % updates: 6.876%
INFO:root:-- EPOCH 77 (4.796 seconds):
INFO:root:COST >> 0.1546 +/- 0.0023, % updates: 6.862%
INFO:root:-- EPOCH 78 (4.309 seconds):
INFO:root:COST >> 0.1544 +/- 0.003, % updates: 6.874%
INFO:root:-- EPOCH 79 (4.307 seconds):
INFO:root:COST >> 0.1549 +/- 0.0022, % updates: 6.835%
INFO:root:-- EPOCH 80 (4.261 seconds):
INFO:root:COST >> 0.154 +/- 0.0027, % updates: 6.791%
INFO:root:-- EPOCH 81 (4.417 seconds):
INFO:root:COST >> 0.1535 +/- 0.0031, % updates: 6.8%
INFO:root:-- EPOCH 82 (4.316 seconds):
INFO:root:COST >> 0.153 +/- 0.0019, % updates: 6.752%
INFO:root:-- EPOCH 83 (4.701 seconds):
INFO:root:COST >> 0.1521 +/- 0.0016, % updates: 6.728%
INFO:root:-- EPOCH 84 (13.168 seconds):
INFO:root:COST >> 0.152 +/- 0.0024, % updates: 6.707%
INFO:root:-- EPOCH 85 (12.245 seconds):
INFO:root:COST >> 0.1525 +/- 0.003, % updates: 6.688%
INFO:root:-- EPOCH 86 (9.35 seconds):
INFO:root:COST >> 0.1524 +/- 0.003, % updates: 6.686%
INFO:root:-- EPOCH 87 (6.195 seconds):
INFO:root:COST >> 0.1507 +/- 0.0019, % updates: 6.627%
INFO:root:-- EPOCH 88 (5.946 seconds):
INFO:root:COST >> 0.1512 +/- 0.0024, % updates: 6.655%
INFO:root:-- EPOCH 89 (4.88 seconds):
INFO:root:COST >> 0.1518 +/- 0.0029, % updates: 6.616%
INFO:root:-- EPOCH 90 (5.157 seconds):
INFO:root:COST >> 0.1509 +/- 0.0032, % updates: 6.58%
INFO:root:-- EPOCH 91 (5.16 seconds):
INFO:root:COST >> 0.1489 +/- 0.0024, % updates: 6.543%
INFO:root:-- EPOCH 92 (5.95 seconds):
INFO:root:COST >> 0.1499 +/- 0.0026, % updates: 6.557%
INFO:root:-- EPOCH 93 (5.883 seconds):
INFO:root:COST >> 0.1496 +/- 0.0029, % updates: 6.555%
INFO:root:-- EPOCH 94 (6.13 seconds):
INFO:root:COST >> 0.1488 +/- 0.0029, % updates: 6.524%
INFO:root:-- EPOCH 95 (4.556 seconds):
INFO:root:COST >> 0.1487 +/- 0.0031, % updates: 6.467%
INFO:root:-- EPOCH 96 (4.88 seconds):
INFO:root:COST >> 0.1486 +/- 0.0021, % updates: 6.513%
INFO:root:-- EPOCH 97 (4.923 seconds):
INFO:root:COST >> 0.148 +/- 0.0022, % updates: 6.46%
INFO:root:-- EPOCH 98 (4.974 seconds):
INFO:root:COST >> 0.1483 +/- 0.0033, % updates: 6.481%
INFO:root:-- EPOCH 99 (4.708 seconds):
INFO:root:COST >> 0.1481 +/- 0.0032, % updates: 6.458%
INFO:root:-- EPOCH 100 (4.775 seconds):
INFO:root:COST >> 0.1466 +/- 0.0032, % updates: 6.362%
INFO:root:### MICRO (raw valid):
INFO:root:	-- left   >> mean: 284.82488, median: 35.0, hits@10: 30.482%
INFO:root:	-- right  >> mean: 212.8005, median: 20.0, hits@10: 38.548%
INFO:root:	-- global >> mean: 248.81269, median: 26.0, hits@10: 34.515%
INFO:root:### MACRO (raw valid):
INFO:root:	-- left   >> mean: 161.29545, median: 99.60808, hits@10: 45.166%
INFO:root:	-- right  >> mean: 168.84665, median: 118.3821, hits@10: 53.416%
INFO:root:	-- global >> mean: 165.07105, median: 70.37445, hits@10: 49.291%
INFO:root:### MICRO (filtered valid):
INFO:root:	-- left   >> mean: 160.21476, median: 16.0, hits@10: 43.032%
INFO:root:	-- right  >> mean: 138.11014, median: 11.0, hits@10: 49.06%
INFO:root:	-- global >> mean: 149.16245, median: 13.0, hits@10: 46.046%
INFO:root:### MACRO (filtered valid):
INFO:root:	-- left   >> mean: 132.75143, median: 70.62391, hits@10: 54.159%
INFO:root:	-- right  >> mean: 155.69708, median: 105.24727, hits@10: 59.509%
INFO:root:	-- global >> mean: 144.22426, median: 64.69596, hits@10: 56.834%
INFO:root:### MICRO (raw test):
INFO:root:	-- left   >> mean: 286.39903, median: 33.0, hits@10: 30.633%
INFO:root:	-- right  >> mean: 215.74542, median: 21.0, hits@10: 37.858%
INFO:root:	-- global >> mean: 251.07223, median: 26.0, hits@10: 34.245%
INFO:root:### MACRO (raw test):
INFO:root:	-- left   >> mean: 231.30739, median: 176.71332, hits@10: 45.813%
INFO:root:	-- right  >> mean: 165.08975, median: 112.23777, hits@10: 53.842%
INFO:root:	-- global >> mean: 198.19857, median: 95.87513, hits@10: 49.828%
INFO:root:### MICRO (filtered test):
INFO:root:	-- left   >> mean: 162.72333, median: 16.0, hits@10: 43.224%
INFO:root:	-- right  >> mean: 137.66894, median: 12.0, hits@10: 48.601%
INFO:root:	-- global >> mean: 150.19614, median: 14.0, hits@10: 45.913%
INFO:root:### MACRO (filtered test):
INFO:root:	-- left   >> mean: 204.13185, median: 149.06348, hits@10: 54.86%
INFO:root:	-- right  >> mean: 152.22435, median: 99.23569, hits@10: 60.322%
INFO:root:	-- global >> mean: 178.1781, median: 90.82154, hits@10: 57.591%
