INFO:root:Shape for training set: (16296, 483142)
INFO:root:State: {'ndim': '20', 'test_all': '100', 'test_path': 'data/fb15k/FB15k-test.pkl', 'nhid': '20', 'lremb': '0.1', 'seed': '123', 'simfn': 'dot', 'valid_path': 'data/fb15k/FB15k-valid.pkl', 'nbatches': '10', 'lrparam': '0.1', 'decay': '0.999', 'show_hinton_diagrams': 'False', 'no_rescaling': 'True', 'Nrel': '1345', 'ranking_score_right': 'False', 'Nent': '16296', 'Nsyn': '14951', 'method': 'ADAGRAD', 'loss_margin': '1.0', 'C': '1.0', 'epsilon': '1e-06', 'use_db': 'False', 'max_lr': 'None', 'l1_param_weight': 'None', 'filtered': 'True', 'name': 'fb15k_margin/fb15k_XiNTransE_396', 'totepochs': '100', 'l2_param_weight': 'None', 'train_path': 'data/fb15k/FB15k-train.pkl', 'op': 'XiNTransE'}
INFO:root:Starting the Experiment ..
INFO:root:-- EPOCH 1 (5.425 seconds):
INFO:root:COST >> 1.4841 +/- 0.3809, % updates: 91.919%
INFO:root:-- EPOCH 2 (5.395 seconds):
INFO:root:COST >> 0.4238 +/- 0.1297, % updates: 37.79%
INFO:root:-- EPOCH 3 (5.357 seconds):
INFO:root:COST >> 0.2023 +/- 0.0158, % updates: 17.95%
INFO:root:-- EPOCH 4 (5.329 seconds):
INFO:root:COST >> 0.1464 +/- 0.0043, % updates: 12.672%
INFO:root:-- EPOCH 5 (5.355 seconds):
INFO:root:COST >> 0.1228 +/- 0.0022, % updates: 10.267%
INFO:root:-- EPOCH 6 (5.389 seconds):
INFO:root:COST >> 0.1084 +/- 0.001, % updates: 8.928%
INFO:root:-- EPOCH 7 (5.304 seconds):
INFO:root:COST >> 0.0999 +/- 0.0013, % updates: 8.031%
INFO:root:-- EPOCH 8 (5.303 seconds):
INFO:root:COST >> 0.0937 +/- 0.0016, % updates: 7.394%
INFO:root:-- EPOCH 9 (5.335 seconds):
INFO:root:COST >> 0.088 +/- 0.0015, % updates: 6.882%
INFO:root:-- EPOCH 10 (5.316 seconds):
INFO:root:COST >> 0.0841 +/- 0.0016, % updates: 6.495%
INFO:root:-- EPOCH 11 (5.225 seconds):
INFO:root:COST >> 0.081 +/- 0.002, % updates: 6.197%
INFO:root:-- EPOCH 12 (5.409 seconds):
INFO:root:COST >> 0.0786 +/- 0.0014, % updates: 5.969%
INFO:root:-- EPOCH 13 (5.213 seconds):
INFO:root:COST >> 0.0767 +/- 0.002, % updates: 5.788%
INFO:root:-- EPOCH 14 (5.393 seconds):
INFO:root:COST >> 0.0741 +/- 0.0014, % updates: 5.552%
INFO:root:-- EPOCH 15 (5.356 seconds):
INFO:root:COST >> 0.073 +/- 0.0018, % updates: 5.435%
INFO:root:-- EPOCH 16 (5.29 seconds):
INFO:root:COST >> 0.0713 +/- 0.0018, % updates: 5.27%
INFO:root:-- EPOCH 17 (5.396 seconds):
INFO:root:COST >> 0.0701 +/- 0.0014, % updates: 5.16%
INFO:root:-- EPOCH 18 (5.254 seconds):
INFO:root:COST >> 0.0682 +/- 0.0014, % updates: 5.017%
INFO:root:-- EPOCH 19 (5.529 seconds):
INFO:root:COST >> 0.0671 +/- 0.0017, % updates: 4.856%
INFO:root:-- EPOCH 20 (5.303 seconds):
INFO:root:COST >> 0.0674 +/- 0.0017, % updates: 4.877%
INFO:root:-- EPOCH 21 (5.346 seconds):
INFO:root:COST >> 0.0657 +/- 0.0015, % updates: 4.758%
INFO:root:-- EPOCH 22 (5.32 seconds):
INFO:root:COST >> 0.0649 +/- 0.002, % updates: 4.693%
INFO:root:-- EPOCH 23 (5.465 seconds):
INFO:root:COST >> 0.0642 +/- 0.0016, % updates: 4.577%
INFO:root:-- EPOCH 24 (5.21 seconds):
INFO:root:COST >> 0.0642 +/- 0.0017, % updates: 4.542%
INFO:root:-- EPOCH 25 (5.379 seconds):
INFO:root:COST >> 0.0625 +/- 0.0015, % updates: 4.472%
INFO:root:-- EPOCH 26 (5.156 seconds):
INFO:root:COST >> 0.0623 +/- 0.0016, % updates: 4.436%
INFO:root:-- EPOCH 27 (5.199 seconds):
INFO:root:COST >> 0.0616 +/- 0.0014, % updates: 4.342%
INFO:root:-- EPOCH 28 (5.231 seconds):
INFO:root:COST >> 0.0618 +/- 0.0018, % updates: 4.342%
INFO:root:-- EPOCH 29 (5.405 seconds):
INFO:root:COST >> 0.06 +/- 0.0014, % updates: 4.24%
INFO:root:-- EPOCH 30 (5.335 seconds):
INFO:root:COST >> 0.0602 +/- 0.0011, % updates: 4.222%
INFO:root:-- EPOCH 31 (5.437 seconds):
INFO:root:COST >> 0.0589 +/- 0.0015, % updates: 4.116%
INFO:root:-- EPOCH 32 (5.306 seconds):
INFO:root:COST >> 0.0589 +/- 0.0018, % updates: 4.111%
INFO:root:-- EPOCH 33 (5.365 seconds):
INFO:root:COST >> 0.0587 +/- 0.0013, % updates: 4.108%
INFO:root:-- EPOCH 34 (5.293 seconds):
INFO:root:COST >> 0.0585 +/- 0.0016, % updates: 4.09%
INFO:root:-- EPOCH 35 (5.258 seconds):
INFO:root:COST >> 0.0577 +/- 0.0012, % updates: 4.018%
INFO:root:-- EPOCH 36 (5.277 seconds):
INFO:root:COST >> 0.0578 +/- 0.001, % updates: 4.003%
INFO:root:-- EPOCH 37 (5.241 seconds):
INFO:root:COST >> 0.0565 +/- 0.0013, % updates: 3.896%
INFO:root:-- EPOCH 38 (5.286 seconds):
INFO:root:COST >> 0.0566 +/- 0.0011, % updates: 3.947%
INFO:root:-- EPOCH 39 (5.297 seconds):
INFO:root:COST >> 0.0561 +/- 0.0017, % updates: 3.87%
INFO:root:-- EPOCH 40 (5.331 seconds):
INFO:root:COST >> 0.0562 +/- 0.0011, % updates: 3.879%
INFO:root:-- EPOCH 41 (5.362 seconds):
INFO:root:COST >> 0.0562 +/- 0.0019, % updates: 3.852%
INFO:root:-- EPOCH 42 (5.33 seconds):
INFO:root:COST >> 0.0556 +/- 0.0014, % updates: 3.839%
INFO:root:-- EPOCH 43 (5.393 seconds):
INFO:root:COST >> 0.0558 +/- 0.0008, % updates: 3.795%
INFO:root:-- EPOCH 44 (5.397 seconds):
INFO:root:COST >> 0.0545 +/- 0.0011, % updates: 3.734%
INFO:root:-- EPOCH 45 (5.317 seconds):
INFO:root:COST >> 0.0554 +/- 0.0021, % updates: 3.783%
INFO:root:-- EPOCH 46 (5.311 seconds):
INFO:root:COST >> 0.0546 +/- 0.0016, % updates: 3.74%
INFO:root:-- EPOCH 47 (5.33 seconds):
INFO:root:COST >> 0.0545 +/- 0.0012, % updates: 3.715%
INFO:root:-- EPOCH 48 (6.592 seconds):
INFO:root:COST >> 0.0545 +/- 0.0015, % updates: 3.693%
INFO:root:-- EPOCH 49 (5.668 seconds):
INFO:root:COST >> 0.0533 +/- 0.0016, % updates: 3.636%
INFO:root:-- EPOCH 50 (5.328 seconds):
INFO:root:COST >> 0.0525 +/- 0.001, % updates: 3.593%
INFO:root:-- EPOCH 51 (5.249 seconds):
INFO:root:COST >> 0.0535 +/- 0.0013, % updates: 3.617%
INFO:root:-- EPOCH 52 (5.337 seconds):
INFO:root:COST >> 0.0533 +/- 0.0009, % updates: 3.577%
INFO:root:-- EPOCH 53 (5.372 seconds):
INFO:root:COST >> 0.0525 +/- 0.0017, % updates: 3.537%
INFO:root:-- EPOCH 54 (5.449 seconds):
INFO:root:COST >> 0.0533 +/- 0.0017, % updates: 3.615%
INFO:root:-- EPOCH 55 (5.592 seconds):
INFO:root:COST >> 0.0521 +/- 0.0012, % updates: 3.501%
INFO:root:-- EPOCH 56 (5.346 seconds):
INFO:root:COST >> 0.0527 +/- 0.0011, % updates: 3.539%
INFO:root:-- EPOCH 57 (6.341 seconds):
INFO:root:COST >> 0.0529 +/- 0.0009, % updates: 3.544%
INFO:root:-- EPOCH 58 (6.741 seconds):
INFO:root:COST >> 0.0515 +/- 0.0011, % updates: 3.463%
INFO:root:-- EPOCH 59 (6.525 seconds):
INFO:root:COST >> 0.0522 +/- 0.0016, % updates: 3.5%
INFO:root:-- EPOCH 60 (5.714 seconds):
INFO:root:COST >> 0.0519 +/- 0.0013, % updates: 3.479%
INFO:root:-- EPOCH 61 (5.291 seconds):
INFO:root:COST >> 0.0519 +/- 0.001, % updates: 3.47%
INFO:root:-- EPOCH 62 (5.222 seconds):
INFO:root:COST >> 0.0511 +/- 0.0013, % updates: 3.42%
INFO:root:-- EPOCH 63 (5.204 seconds):
INFO:root:COST >> 0.0516 +/- 0.0008, % updates: 3.447%
INFO:root:-- EPOCH 64 (5.215 seconds):
INFO:root:COST >> 0.051 +/- 0.0017, % updates: 3.387%
INFO:root:-- EPOCH 65 (5.236 seconds):
INFO:root:COST >> 0.0514 +/- 0.0011, % updates: 3.424%
INFO:root:-- EPOCH 66 (5.321 seconds):
INFO:root:COST >> 0.0508 +/- 0.0012, % updates: 3.398%
INFO:root:-- EPOCH 67 (5.286 seconds):
INFO:root:COST >> 0.0508 +/- 0.0012, % updates: 3.347%
INFO:root:-- EPOCH 68 (5.402 seconds):
INFO:root:COST >> 0.0508 +/- 0.0013, % updates: 3.386%
INFO:root:-- EPOCH 69 (5.242 seconds):
INFO:root:COST >> 0.0506 +/- 0.0015, % updates: 3.361%
INFO:root:-- EPOCH 70 (5.431 seconds):
INFO:root:COST >> 0.0506 +/- 0.0012, % updates: 3.339%
INFO:root:-- EPOCH 71 (5.272 seconds):
INFO:root:COST >> 0.0508 +/- 0.0015, % updates: 3.351%
INFO:root:-- EPOCH 72 (5.372 seconds):
INFO:root:COST >> 0.0503 +/- 0.0009, % updates: 3.344%
INFO:root:-- EPOCH 73 (5.225 seconds):
INFO:root:COST >> 0.0508 +/- 0.0022, % updates: 3.31%
INFO:root:-- EPOCH 74 (5.277 seconds):
INFO:root:COST >> 0.0495 +/- 0.0012, % updates: 3.281%
INFO:root:-- EPOCH 75 (5.253 seconds):
INFO:root:COST >> 0.0498 +/- 0.0007, % updates: 3.297%
INFO:root:-- EPOCH 76 (5.247 seconds):
INFO:root:COST >> 0.0499 +/- 0.0014, % updates: 3.281%
INFO:root:-- EPOCH 77 (5.353 seconds):
INFO:root:COST >> 0.0502 +/- 0.001, % updates: 3.302%
INFO:root:-- EPOCH 78 (5.475 seconds):
INFO:root:COST >> 0.0497 +/- 0.0013, % updates: 3.278%
INFO:root:-- EPOCH 79 (5.248 seconds):
INFO:root:COST >> 0.0495 +/- 0.0009, % updates: 3.242%
INFO:root:-- EPOCH 80 (5.219 seconds):
INFO:root:COST >> 0.0496 +/- 0.0011, % updates: 3.264%
INFO:root:-- EPOCH 81 (5.248 seconds):
INFO:root:COST >> 0.0496 +/- 0.0013, % updates: 3.24%
INFO:root:-- EPOCH 82 (5.342 seconds):
INFO:root:COST >> 0.0492 +/- 0.0008, % updates: 3.229%
INFO:root:-- EPOCH 83 (5.377 seconds):
INFO:root:COST >> 0.049 +/- 0.0013, % updates: 3.205%
INFO:root:-- EPOCH 84 (5.254 seconds):
INFO:root:COST >> 0.0489 +/- 0.0012, % updates: 3.189%
INFO:root:-- EPOCH 85 (5.251 seconds):
INFO:root:COST >> 0.0489 +/- 0.001, % updates: 3.183%
INFO:root:-- EPOCH 86 (5.262 seconds):
INFO:root:COST >> 0.0495 +/- 0.0011, % updates: 3.229%
INFO:root:-- EPOCH 87 (5.301 seconds):
INFO:root:COST >> 0.0487 +/- 0.0014, % updates: 3.192%
INFO:root:-- EPOCH 88 (5.2 seconds):
INFO:root:COST >> 0.0487 +/- 0.0013, % updates: 3.178%
INFO:root:-- EPOCH 89 (5.29 seconds):
INFO:root:COST >> 0.0492 +/- 0.0018, % updates: 3.191%
INFO:root:-- EPOCH 90 (5.331 seconds):
INFO:root:COST >> 0.0488 +/- 0.0012, % updates: 3.181%
INFO:root:-- EPOCH 91 (5.264 seconds):
INFO:root:COST >> 0.0484 +/- 0.001, % updates: 3.151%
INFO:root:-- EPOCH 92 (5.192 seconds):
INFO:root:COST >> 0.0482 +/- 0.0008, % updates: 3.16%
INFO:root:-- EPOCH 93 (5.347 seconds):
INFO:root:COST >> 0.0483 +/- 0.0011, % updates: 3.147%
INFO:root:-- EPOCH 94 (5.278 seconds):
INFO:root:COST >> 0.0486 +/- 0.0016, % updates: 3.164%
INFO:root:-- EPOCH 95 (5.268 seconds):
INFO:root:COST >> 0.0482 +/- 0.0015, % updates: 3.159%
INFO:root:-- EPOCH 96 (5.281 seconds):
INFO:root:COST >> 0.0486 +/- 0.0013, % updates: 3.146%
INFO:root:-- EPOCH 97 (5.17 seconds):
INFO:root:COST >> 0.0481 +/- 0.001, % updates: 3.111%
INFO:root:-- EPOCH 98 (5.289 seconds):
INFO:root:COST >> 0.0483 +/- 0.0013, % updates: 3.128%
INFO:root:-- EPOCH 99 (5.334 seconds):
INFO:root:COST >> 0.0478 +/- 0.0013, % updates: 3.1%
INFO:root:-- EPOCH 100 (5.278 seconds):
INFO:root:COST >> 0.0477 +/- 0.001, % updates: 3.091%
INFO:root:### MICRO (raw valid):
INFO:root:	-- left   >> mean: 281.66822, median: 33.0, hits@10: 31.664%
INFO:root:	-- right  >> mean: 206.76418, median: 19.0, hits@10: 39.81%
INFO:root:	-- global >> mean: 244.2162, median: 25.0, hits@10: 35.737%
INFO:root:### MACRO (raw valid):
INFO:root:	-- left   >> mean: 234.13099, median: 156.64629, hits@10: 47.227%
INFO:root:	-- right  >> mean: 196.0455, median: 119.4667, hits@10: 54.885%
INFO:root:	-- global >> mean: 215.08824, median: 96.869, hits@10: 51.056%
INFO:root:### MICRO (filtered valid):
INFO:root:	-- left   >> mean: 147.34506, median: 15.0, hits@10: 44.884%
INFO:root:	-- right  >> mean: 126.64262, median: 10.0, hits@10: 50.902%
INFO:root:	-- global >> mean: 136.99384, median: 12.0, hits@10: 47.893%
INFO:root:### MACRO (filtered valid):
INFO:root:	-- left   >> mean: 204.09677, median: 125.40338, hits@10: 55.918%
INFO:root:	-- right  >> mean: 182.18692, median: 105.73799, hits@10: 61.616%
INFO:root:	-- global >> mean: 193.14185, median: 92.24836, hits@10: 58.767%
INFO:root:### MICRO (raw test):
INFO:root:	-- left   >> mean: 274.16959, median: 33.0, hits@10: 31.897%
INFO:root:	-- right  >> mean: 208.19175, median: 20.0, hits@10: 39.336%
INFO:root:	-- global >> mean: 241.18067, median: 25.0, hits@10: 35.616%
INFO:root:### MACRO (raw test):
INFO:root:	-- left   >> mean: 267.07935, median: 197.09261, hits@10: 47.388%
INFO:root:	-- right  >> mean: 228.86814, median: 161.82154, hits@10: 53.629%
INFO:root:	-- global >> mean: 247.97375, median: 136.78928, hits@10: 50.509%
INFO:root:### MICRO (filtered test):
INFO:root:	-- left   >> mean: 142.04884, median: 14.0, hits@10: 44.79%
INFO:root:	-- right  >> mean: 124.29123, median: 10.0, hits@10: 50.358%
INFO:root:	-- global >> mean: 133.17003, median: 12.0, hits@10: 47.574%
INFO:root:### MACRO (filtered test):
INFO:root:	-- left   >> mean: 238.50533, median: 167.77211, hits@10: 56.218%
INFO:root:	-- right  >> mean: 215.34644, median: 148.01821, hits@10: 60.118%
INFO:root:	-- global >> mean: 226.92589, median: 132.55099, hits@10: 58.168%
