INFO:root:Shape for training set: (16296, 483142)
INFO:root:State: {'ndim': '100', 'test_all': '100', 'test_path': 'data/fb15k/FB15k-test.pkl', 'nhid': '100', 'lremb': '0.1', 'seed': '123', 'simfn': 'dot', 'valid_path': 'data/fb15k/FB15k-valid.pkl', 'nbatches': '10', 'lrparam': '0.1', 'decay': '0.999', 'show_hinton_diagrams': 'False', 'no_rescaling': 'True', 'Nrel': '1345', 'ranking_score_right': 'False', 'Nent': '16296', 'Nsyn': '14951', 'method': 'ADAGRAD', 'loss_margin': '10.0', 'C': '1.0', 'epsilon': '1e-06', 'use_db': 'False', 'max_lr': 'None', 'l1_param_weight': 'None', 'filtered': 'True', 'name': 'fb15k_margin/fb15k_XiTransE_350', 'totepochs': '100', 'l2_param_weight': 'None', 'train_path': 'data/fb15k/FB15k-train.pkl', 'op': 'XiTransE'}
INFO:root:Starting the Experiment ..
INFO:root:-- EPOCH 1 (9.889 seconds):
INFO:root:COST >> 15.774 +/- 3.1188, % updates: 99.95%
INFO:root:-- EPOCH 2 (9.86 seconds):
INFO:root:COST >> 7.8522 +/- 1.2812, % updates: 88.986%
INFO:root:-- EPOCH 3 (9.921 seconds):
INFO:root:COST >> 4.8485 +/- 0.4852, % updates: 65.974%
INFO:root:-- EPOCH 4 (9.945 seconds):
INFO:root:COST >> 3.6883 +/- 0.1895, % updates: 48.498%
INFO:root:-- EPOCH 5 (9.824 seconds):
INFO:root:COST >> 3.1386 +/- 0.0922, % updates: 38.916%
INFO:root:-- EPOCH 6 (9.82 seconds):
INFO:root:COST >> 2.8352 +/- 0.0548, % updates: 33.178%
INFO:root:-- EPOCH 7 (9.748 seconds):
INFO:root:COST >> 2.6199 +/- 0.0406, % updates: 29.257%
INFO:root:-- EPOCH 8 (9.812 seconds):
INFO:root:COST >> 2.4831 +/- 0.0212, % updates: 26.624%
INFO:root:-- EPOCH 9 (9.779 seconds):
INFO:root:COST >> 2.3782 +/- 0.0187, % updates: 24.723%
INFO:root:-- EPOCH 10 (9.816 seconds):
INFO:root:COST >> 2.2927 +/- 0.0184, % updates: 23.369%
INFO:root:-- EPOCH 11 (9.826 seconds):
INFO:root:COST >> 2.2219 +/- 0.0194, % updates: 22.215%
INFO:root:-- EPOCH 12 (9.834 seconds):
INFO:root:COST >> 2.1656 +/- 0.023, % updates: 21.286%
INFO:root:-- EPOCH 13 (9.799 seconds):
INFO:root:COST >> 2.1171 +/- 0.0103, % updates: 20.464%
INFO:root:-- EPOCH 14 (9.921 seconds):
INFO:root:COST >> 2.0775 +/- 0.0158, % updates: 19.871%
INFO:root:-- EPOCH 15 (9.824 seconds):
INFO:root:COST >> 2.0375 +/- 0.0157, % updates: 19.244%
INFO:root:-- EPOCH 16 (9.956 seconds):
INFO:root:COST >> 1.9971 +/- 0.0174, % updates: 18.725%
INFO:root:-- EPOCH 17 (9.771 seconds):
INFO:root:COST >> 1.9733 +/- 0.0242, % updates: 18.296%
INFO:root:-- EPOCH 18 (9.87 seconds):
INFO:root:COST >> 1.9381 +/- 0.013, % updates: 17.882%
INFO:root:-- EPOCH 19 (9.686 seconds):
INFO:root:COST >> 1.9074 +/- 0.0141, % updates: 17.438%
INFO:root:-- EPOCH 20 (9.87 seconds):
INFO:root:COST >> 1.8845 +/- 0.0099, % updates: 17.115%
INFO:root:-- EPOCH 21 (9.761 seconds):
INFO:root:COST >> 1.8521 +/- 0.0219, % updates: 16.787%
INFO:root:-- EPOCH 22 (9.875 seconds):
INFO:root:COST >> 1.8352 +/- 0.0168, % updates: 16.553%
INFO:root:-- EPOCH 23 (9.826 seconds):
INFO:root:COST >> 1.824 +/- 0.02, % updates: 16.317%
INFO:root:-- EPOCH 24 (9.849 seconds):
INFO:root:COST >> 1.7884 +/- 0.0152, % updates: 15.972%
INFO:root:-- EPOCH 25 (9.777 seconds):
INFO:root:COST >> 1.7807 +/- 0.0142, % updates: 15.816%
INFO:root:-- EPOCH 26 (9.911 seconds):
INFO:root:COST >> 1.7663 +/- 0.0151, % updates: 15.586%
INFO:root:-- EPOCH 27 (9.808 seconds):
INFO:root:COST >> 1.7417 +/- 0.02, % updates: 15.334%
INFO:root:-- EPOCH 28 (9.806 seconds):
INFO:root:COST >> 1.7227 +/- 0.0077, % updates: 15.117%
INFO:root:-- EPOCH 29 (9.832 seconds):
INFO:root:COST >> 1.7233 +/- 0.0215, % updates: 15.008%
INFO:root:-- EPOCH 30 (9.786 seconds):
INFO:root:COST >> 1.6999 +/- 0.0136, % updates: 14.802%
INFO:root:-- EPOCH 31 (9.843 seconds):
INFO:root:COST >> 1.6918 +/- 0.0135, % updates: 14.658%
INFO:root:-- EPOCH 32 (9.79 seconds):
INFO:root:COST >> 1.6882 +/- 0.0124, % updates: 14.546%
INFO:root:-- EPOCH 33 (9.836 seconds):
INFO:root:COST >> 1.6765 +/- 0.0163, % updates: 14.367%
INFO:root:-- EPOCH 34 (9.859 seconds):
INFO:root:COST >> 1.6526 +/- 0.0224, % updates: 14.174%
INFO:root:-- EPOCH 35 (9.863 seconds):
INFO:root:COST >> 1.6431 +/- 0.0217, % updates: 14.008%
INFO:root:-- EPOCH 36 (9.763 seconds):
INFO:root:COST >> 1.6384 +/- 0.0193, % updates: 13.887%
INFO:root:-- EPOCH 37 (9.818 seconds):
INFO:root:COST >> 1.6243 +/- 0.0202, % updates: 13.789%
INFO:root:-- EPOCH 38 (9.821 seconds):
INFO:root:COST >> 1.6167 +/- 0.0116, % updates: 13.636%
INFO:root:-- EPOCH 39 (9.817 seconds):
INFO:root:COST >> 1.6004 +/- 0.0194, % updates: 13.474%
INFO:root:-- EPOCH 40 (9.894 seconds):
INFO:root:COST >> 1.6014 +/- 0.0127, % updates: 13.42%
INFO:root:-- EPOCH 41 (9.784 seconds):
INFO:root:COST >> 1.5875 +/- 0.0171, % updates: 13.273%
INFO:root:-- EPOCH 42 (9.937 seconds):
INFO:root:COST >> 1.586 +/- 0.0127, % updates: 13.17%
INFO:root:-- EPOCH 43 (9.859 seconds):
INFO:root:COST >> 1.5751 +/- 0.01, % updates: 13.023%
INFO:root:-- EPOCH 44 (9.881 seconds):
INFO:root:COST >> 1.5666 +/- 0.0132, % updates: 12.944%
INFO:root:-- EPOCH 45 (9.77 seconds):
INFO:root:COST >> 1.5666 +/- 0.0164, % updates: 12.887%
INFO:root:-- EPOCH 46 (9.772 seconds):
INFO:root:COST >> 1.5555 +/- 0.0203, % updates: 12.817%
INFO:root:-- EPOCH 47 (9.931 seconds):
INFO:root:COST >> 1.5459 +/- 0.0202, % updates: 12.677%
INFO:root:-- EPOCH 48 (9.876 seconds):
INFO:root:COST >> 1.5491 +/- 0.0204, % updates: 12.67%
INFO:root:-- EPOCH 49 (9.834 seconds):
INFO:root:COST >> 1.5309 +/- 0.0129, % updates: 12.504%
INFO:root:-- EPOCH 50 (9.856 seconds):
INFO:root:COST >> 1.5303 +/- 0.0121, % updates: 12.451%
INFO:root:-- EPOCH 51 (9.83 seconds):
INFO:root:COST >> 1.521 +/- 0.0224, % updates: 12.345%
INFO:root:-- EPOCH 52 (9.765 seconds):
INFO:root:COST >> 1.5172 +/- 0.0173, % updates: 12.308%
INFO:root:-- EPOCH 53 (9.763 seconds):
INFO:root:COST >> 1.5003 +/- 0.0138, % updates: 12.166%
INFO:root:-- EPOCH 54 (9.786 seconds):
INFO:root:COST >> 1.5016 +/- 0.0096, % updates: 12.187%
INFO:root:-- EPOCH 55 (9.752 seconds):
INFO:root:COST >> 1.4931 +/- 0.0181, % updates: 12.08%
INFO:root:-- EPOCH 56 (9.768 seconds):
INFO:root:COST >> 1.4956 +/- 0.0206, % updates: 11.988%
INFO:root:-- EPOCH 57 (9.681 seconds):
INFO:root:COST >> 1.4968 +/- 0.0146, % updates: 11.965%
INFO:root:-- EPOCH 58 (9.931 seconds):
INFO:root:COST >> 1.4878 +/- 0.0245, % updates: 11.93%
INFO:root:-- EPOCH 59 (9.814 seconds):
INFO:root:COST >> 1.4762 +/- 0.0196, % updates: 11.828%
INFO:root:-- EPOCH 60 (9.767 seconds):
INFO:root:COST >> 1.4715 +/- 0.0148, % updates: 11.715%
INFO:root:-- EPOCH 61 (9.802 seconds):
INFO:root:COST >> 1.4683 +/- 0.015, % updates: 11.682%
INFO:root:-- EPOCH 62 (9.526 seconds):
INFO:root:COST >> 1.4645 +/- 0.0146, % updates: 11.626%
INFO:root:-- EPOCH 63 (8.183 seconds):
INFO:root:COST >> 1.4605 +/- 0.019, % updates: 11.563%
INFO:root:-- EPOCH 64 (8.206 seconds):
INFO:root:COST >> 1.4571 +/- 0.0248, % updates: 11.544%
INFO:root:-- EPOCH 65 (8.174 seconds):
INFO:root:COST >> 1.4467 +/- 0.0134, % updates: 11.455%
INFO:root:-- EPOCH 66 (8.154 seconds):
INFO:root:COST >> 1.4524 +/- 0.0183, % updates: 11.438%
INFO:root:-- EPOCH 67 (8.189 seconds):
INFO:root:COST >> 1.4444 +/- 0.0178, % updates: 11.358%
INFO:root:-- EPOCH 68 (8.205 seconds):
INFO:root:COST >> 1.4324 +/- 0.0164, % updates: 11.268%
INFO:root:-- EPOCH 69 (8.219 seconds):
INFO:root:COST >> 1.4409 +/- 0.0203, % updates: 11.296%
INFO:root:-- EPOCH 70 (8.158 seconds):
INFO:root:COST >> 1.4313 +/- 0.0147, % updates: 11.24%
INFO:root:-- EPOCH 71 (8.209 seconds):
INFO:root:COST >> 1.4347 +/- 0.0176, % updates: 11.202%
INFO:root:-- EPOCH 72 (8.163 seconds):
INFO:root:COST >> 1.4274 +/- 0.0207, % updates: 11.148%
INFO:root:-- EPOCH 73 (8.209 seconds):
INFO:root:COST >> 1.4187 +/- 0.0094, % updates: 11.075%
INFO:root:-- EPOCH 74 (8.278 seconds):
INFO:root:COST >> 1.4296 +/- 0.0116, % updates: 11.094%
INFO:root:-- EPOCH 75 (8.146 seconds):
INFO:root:COST >> 1.4197 +/- 0.0121, % updates: 11.01%
INFO:root:-- EPOCH 76 (8.2 seconds):
INFO:root:COST >> 1.4108 +/- 0.0204, % updates: 10.943%
INFO:root:-- EPOCH 77 (8.234 seconds):
INFO:root:COST >> 1.4108 +/- 0.0073, % updates: 10.957%
INFO:root:-- EPOCH 78 (8.196 seconds):
INFO:root:COST >> 1.4088 +/- 0.0153, % updates: 10.905%
INFO:root:-- EPOCH 79 (8.289 seconds):
INFO:root:COST >> 1.4043 +/- 0.0165, % updates: 10.825%
INFO:root:-- EPOCH 80 (8.187 seconds):
INFO:root:COST >> 1.4052 +/- 0.0179, % updates: 10.816%
INFO:root:-- EPOCH 81 (8.236 seconds):
INFO:root:COST >> 1.3995 +/- 0.014, % updates: 10.764%
INFO:root:-- EPOCH 82 (8.211 seconds):
INFO:root:COST >> 1.4061 +/- 0.0118, % updates: 10.765%
INFO:root:-- EPOCH 83 (8.143 seconds):
INFO:root:COST >> 1.3916 +/- 0.0159, % updates: 10.652%
INFO:root:-- EPOCH 84 (8.226 seconds):
INFO:root:COST >> 1.3871 +/- 0.0217, % updates: 10.611%
INFO:root:-- EPOCH 85 (8.119 seconds):
INFO:root:COST >> 1.3781 +/- 0.0194, % updates: 10.559%
INFO:root:-- EPOCH 86 (8.27 seconds):
INFO:root:COST >> 1.386 +/- 0.0149, % updates: 10.611%
INFO:root:-- EPOCH 87 (8.18 seconds):
INFO:root:COST >> 1.3846 +/- 0.0077, % updates: 10.527%
INFO:root:-- EPOCH 88 (8.277 seconds):
INFO:root:COST >> 1.3888 +/- 0.0119, % updates: 10.589%
INFO:root:-- EPOCH 89 (8.239 seconds):
INFO:root:COST >> 1.3758 +/- 0.0198, % updates: 10.491%
INFO:root:-- EPOCH 90 (8.215 seconds):
INFO:root:COST >> 1.3805 +/- 0.0075, % updates: 10.45%
INFO:root:-- EPOCH 91 (8.242 seconds):
INFO:root:COST >> 1.3754 +/- 0.0146, % updates: 10.463%
INFO:root:-- EPOCH 92 (8.135 seconds):
INFO:root:COST >> 1.3691 +/- 0.011, % updates: 10.356%
INFO:root:-- EPOCH 93 (8.234 seconds):
INFO:root:COST >> 1.3691 +/- 0.0152, % updates: 10.353%
INFO:root:-- EPOCH 94 (8.209 seconds):
INFO:root:COST >> 1.3699 +/- 0.0169, % updates: 10.314%
INFO:root:-- EPOCH 95 (8.244 seconds):
INFO:root:COST >> 1.361 +/- 0.0101, % updates: 10.259%
INFO:root:-- EPOCH 96 (8.219 seconds):
INFO:root:COST >> 1.3612 +/- 0.0123, % updates: 10.298%
INFO:root:-- EPOCH 97 (8.256 seconds):
INFO:root:COST >> 1.3627 +/- 0.0122, % updates: 10.254%
INFO:root:-- EPOCH 98 (8.16 seconds):
INFO:root:COST >> 1.3591 +/- 0.02, % updates: 10.214%
INFO:root:-- EPOCH 99 (8.272 seconds):
INFO:root:COST >> 1.3497 +/- 0.0153, % updates: 10.146%
INFO:root:-- EPOCH 100 (8.153 seconds):
INFO:root:COST >> 1.3481 +/- 0.0172, % updates: 10.142%
INFO:root:### MICRO (raw valid):
INFO:root:	-- left   >> mean: 501.27078, median: 135.0, hits@10: 18.7%
INFO:root:	-- right  >> mean: 400.1814, median: 66.0, hits@10: 27.32%
INFO:root:	-- global >> mean: 450.72609, median: 97.0, hits@10: 23.01%
INFO:root:### MACRO (raw valid):
INFO:root:	-- left   >> mean: 188.68068, median: 164.66648, hits@10: 38.65%
INFO:root:	-- right  >> mean: 167.78302, median: 143.16048, hits@10: 46.609%
INFO:root:	-- global >> mean: 178.23185, median: 80.23417, hits@10: 42.629%
INFO:root:### MICRO (filtered valid):
INFO:root:	-- left   >> mean: 373.61592, median: 78.0, hits@10: 26.18%
INFO:root:	-- right  >> mean: 322.4738, median: 49.0, hits@10: 33.276%
INFO:root:	-- global >> mean: 348.04486, median: 63.0, hits@10: 29.728%
INFO:root:### MACRO (filtered valid):
INFO:root:	-- left   >> mean: 160.03819, median: 131.88046, hits@10: 46.026%
INFO:root:	-- right  >> mean: 154.38822, median: 128.04312, hits@10: 51.234%
INFO:root:	-- global >> mean: 157.21321, median: 76.80022, hits@10: 48.63%
INFO:root:### MICRO (raw test):
INFO:root:	-- left   >> mean: 498.053, median: 131.0, hits@10: 19.427%
INFO:root:	-- right  >> mean: 407.82887, median: 69.0, hits@10: 27.245%
INFO:root:	-- global >> mean: 452.94094, median: 96.0, hits@10: 23.336%
INFO:root:### MACRO (raw test):
INFO:root:	-- left   >> mean: 217.74373, median: 183.35432, hits@10: 40.559%
INFO:root:	-- right  >> mean: 165.87213, median: 138.16909, hits@10: 46.545%
INFO:root:	-- global >> mean: 191.80793, median: 91.6384, hits@10: 43.552%
INFO:root:### MICRO (filtered test):
INFO:root:	-- left   >> mean: 373.18722, median: 76.0, hits@10: 26.805%
INFO:root:	-- right  >> mean: 326.30413, median: 50.0, hits@10: 33.099%
INFO:root:	-- global >> mean: 349.74567, median: 62.0, hits@10: 29.952%
INFO:root:### MACRO (filtered test):
INFO:root:	-- left   >> mean: 190.78565, median: 153.11915, hits@10: 47.255%
INFO:root:	-- right  >> mean: 152.8598, median: 123.40635, hits@10: 50.985%
INFO:root:	-- global >> mean: 171.82272, median: 88.14776, hits@10: 49.12%
