INFO:root:Shape for training set: (16296, 483142)
INFO:root:State: {'ndim': '100', 'test_all': '100', 'test_path': 'data/fb15k/FB15k-test.pkl', 'nhid': '100', 'lremb': '0.1', 'seed': '123', 'simfn': 'L2', 'valid_path': 'data/fb15k/FB15k-valid.pkl', 'nbatches': '10', 'lrparam': '0.1', 'decay': '0.999', 'show_hinton_diagrams': 'False', 'no_rescaling': 'True', 'Nrel': '1345', 'ranking_score_right': 'False', 'Nent': '16296', 'Nsyn': '14951', 'method': 'ADAGRAD', 'loss_margin': '1.0', 'C': '1.0', 'epsilon': '1e-06', 'use_db': 'False', 'max_lr': 'None', 'l1_param_weight': 'None', 'filtered': 'True', 'name': 'fb15k_margin/fb15k_XiScalE_366', 'totepochs': '100', 'l2_param_weight': 'None', 'train_path': 'data/fb15k/FB15k-train.pkl', 'op': 'XiScalE'}
INFO:root:Starting the Experiment ..
INFO:root:-- EPOCH 1 (15.308 seconds):
INFO:root:COST >> 1.8303 +/- 0.141, % updates: 100.0%
INFO:root:-- EPOCH 2 (16.903 seconds):
INFO:root:COST >> 1.3801 +/- 0.1006, % updates: 100.0%
INFO:root:-- EPOCH 3 (15.505 seconds):
INFO:root:COST >> 1.0735 +/- 0.075, % updates: 99.997%
INFO:root:-- EPOCH 4 (15.226 seconds):
INFO:root:COST >> 0.8243 +/- 0.0642, % updates: 99.113%
INFO:root:-- EPOCH 5 (15.205 seconds):
INFO:root:COST >> 0.6052 +/- 0.0545, % updates: 86.742%
INFO:root:-- EPOCH 6 (15.128 seconds):
INFO:root:COST >> 0.4423 +/- 0.0341, % updates: 65.352%
INFO:root:-- EPOCH 7 (15.071 seconds):
INFO:root:COST >> 0.3451 +/- 0.0186, % updates: 49.265%
INFO:root:-- EPOCH 8 (15.071 seconds):
INFO:root:COST >> 0.2925 +/- 0.0098, % updates: 39.461%
INFO:root:-- EPOCH 9 (15.148 seconds):
INFO:root:COST >> 0.261 +/- 0.005, % updates: 33.282%
INFO:root:-- EPOCH 10 (15.027 seconds):
INFO:root:COST >> 0.2404 +/- 0.0033, % updates: 29.248%
INFO:root:-- EPOCH 11 (15.042 seconds):
INFO:root:COST >> 0.2251 +/- 0.0028, % updates: 26.395%
INFO:root:-- EPOCH 12 (15.176 seconds):
INFO:root:COST >> 0.2147 +/- 0.0027, % updates: 24.306%
INFO:root:-- EPOCH 13 (15.105 seconds):
INFO:root:COST >> 0.2062 +/- 0.0011, % updates: 22.718%
INFO:root:-- EPOCH 14 (15.065 seconds):
INFO:root:COST >> 0.1996 +/- 0.0015, % updates: 21.495%
INFO:root:-- EPOCH 15 (15.292 seconds):
INFO:root:COST >> 0.1938 +/- 0.0013, % updates: 20.428%
INFO:root:-- EPOCH 16 (15.25 seconds):
INFO:root:COST >> 0.1885 +/- 0.002, % updates: 19.568%
INFO:root:-- EPOCH 17 (15.828 seconds):
INFO:root:COST >> 0.1848 +/- 0.0017, % updates: 18.887%
INFO:root:-- EPOCH 18 (14.974 seconds):
INFO:root:COST >> 0.18 +/- 0.0018, % updates: 18.237%
INFO:root:-- EPOCH 19 (16.413 seconds):
INFO:root:COST >> 0.1764 +/- 0.0016, % updates: 17.731%
INFO:root:-- EPOCH 20 (17.404 seconds):
INFO:root:COST >> 0.1736 +/- 0.0014, % updates: 17.204%
INFO:root:-- EPOCH 21 (14.863 seconds):
INFO:root:COST >> 0.1702 +/- 0.002, % updates: 16.806%
INFO:root:-- EPOCH 22 (14.908 seconds):
INFO:root:COST >> 0.168 +/- 0.0014, % updates: 16.427%
INFO:root:-- EPOCH 23 (15.356 seconds):
INFO:root:COST >> 0.1665 +/- 0.0021, % updates: 16.184%
INFO:root:-- EPOCH 24 (15.52 seconds):
INFO:root:COST >> 0.1629 +/- 0.0017, % updates: 15.812%
INFO:root:-- EPOCH 25 (15.258 seconds):
INFO:root:COST >> 0.1616 +/- 0.0016, % updates: 15.544%
INFO:root:-- EPOCH 26 (15.459 seconds):
INFO:root:COST >> 0.1598 +/- 0.0014, % updates: 15.266%
INFO:root:-- EPOCH 27 (15.032 seconds):
INFO:root:COST >> 0.1572 +/- 0.002, % updates: 15.01%
INFO:root:-- EPOCH 28 (15.253 seconds):
INFO:root:COST >> 0.1557 +/- 0.0012, % updates: 14.719%
INFO:root:-- EPOCH 29 (14.852 seconds):
INFO:root:COST >> 0.1555 +/- 0.002, % updates: 14.628%
INFO:root:-- EPOCH 30 (15.02 seconds):
INFO:root:COST >> 0.1532 +/- 0.0012, % updates: 14.364%
INFO:root:-- EPOCH 31 (15.52 seconds):
INFO:root:COST >> 0.152 +/- 0.0012, % updates: 14.246%
INFO:root:-- EPOCH 32 (15.208 seconds):
INFO:root:COST >> 0.1515 +/- 0.0014, % updates: 14.136%
INFO:root:-- EPOCH 33 (14.909 seconds):
INFO:root:COST >> 0.1498 +/- 0.0013, % updates: 13.969%
INFO:root:-- EPOCH 34 (15.064 seconds):
INFO:root:COST >> 0.1479 +/- 0.0017, % updates: 13.805%
INFO:root:-- EPOCH 35 (15.445 seconds):
INFO:root:COST >> 0.1465 +/- 0.002, % updates: 13.679%
INFO:root:-- EPOCH 36 (15.621 seconds):
INFO:root:COST >> 0.146 +/- 0.0017, % updates: 13.592%
INFO:root:-- EPOCH 37 (15.361 seconds):
INFO:root:COST >> 0.1445 +/- 0.0018, % updates: 13.45%
INFO:root:-- EPOCH 38 (14.824 seconds):
INFO:root:COST >> 0.1432 +/- 0.0012, % updates: 13.328%
INFO:root:-- EPOCH 39 (14.828 seconds):
INFO:root:COST >> 0.1413 +/- 0.0014, % updates: 13.194%
INFO:root:-- EPOCH 40 (14.843 seconds):
INFO:root:COST >> 0.1408 +/- 0.0016, % updates: 13.153%
INFO:root:-- EPOCH 41 (15.054 seconds):
INFO:root:COST >> 0.1397 +/- 0.0013, % updates: 13.053%
INFO:root:-- EPOCH 42 (15.163 seconds):
INFO:root:COST >> 0.139 +/- 0.001, % updates: 13.018%
INFO:root:-- EPOCH 43 (14.925 seconds):
INFO:root:COST >> 0.1376 +/- 0.0013, % updates: 12.857%
INFO:root:-- EPOCH 44 (15.932 seconds):
INFO:root:COST >> 0.1367 +/- 0.0015, % updates: 12.734%
INFO:root:-- EPOCH 45 (16.555 seconds):
INFO:root:COST >> 0.136 +/- 0.0011, % updates: 12.703%
INFO:root:-- EPOCH 46 (14.837 seconds):
INFO:root:COST >> 0.135 +/- 0.0019, % updates: 12.548%
INFO:root:-- EPOCH 47 (14.817 seconds):
INFO:root:COST >> 0.1334 +/- 0.0017, % updates: 12.444%
INFO:root:-- EPOCH 48 (14.93 seconds):
INFO:root:COST >> 0.1335 +/- 0.0014, % updates: 12.366%
INFO:root:-- EPOCH 49 (14.834 seconds):
INFO:root:COST >> 0.1319 +/- 0.0013, % updates: 12.295%
INFO:root:-- EPOCH 50 (14.882 seconds):
INFO:root:COST >> 0.1312 +/- 0.0013, % updates: 12.211%
INFO:root:-- EPOCH 51 (15.546 seconds):
INFO:root:COST >> 0.13 +/- 0.0018, % updates: 12.081%
INFO:root:-- EPOCH 52 (14.905 seconds):
INFO:root:COST >> 0.1293 +/- 0.0017, % updates: 12.016%
INFO:root:-- EPOCH 53 (16.796 seconds):
INFO:root:COST >> 0.1282 +/- 0.0011, % updates: 11.943%
INFO:root:-- EPOCH 54 (17.084 seconds):
INFO:root:COST >> 0.1279 +/- 0.0008, % updates: 11.896%
INFO:root:-- EPOCH 55 (15.448 seconds):
INFO:root:COST >> 0.1263 +/- 0.0018, % updates: 11.726%
INFO:root:-- EPOCH 56 (15.533 seconds):
INFO:root:COST >> 0.1268 +/- 0.0014, % updates: 11.767%
INFO:root:-- EPOCH 57 (15.318 seconds):
INFO:root:COST >> 0.1257 +/- 0.0011, % updates: 11.667%
INFO:root:-- EPOCH 58 (14.971 seconds):
INFO:root:COST >> 0.1252 +/- 0.0019, % updates: 11.653%
INFO:root:-- EPOCH 59 (15.766 seconds):
INFO:root:COST >> 0.1239 +/- 0.0013, % updates: 11.537%
INFO:root:-- EPOCH 60 (15.265 seconds):
INFO:root:COST >> 0.1231 +/- 0.0015, % updates: 11.499%
INFO:root:-- EPOCH 61 (16.642 seconds):
INFO:root:COST >> 0.1224 +/- 0.001, % updates: 11.41%
INFO:root:-- EPOCH 62 (14.678 seconds):
INFO:root:COST >> 0.1218 +/- 0.0014, % updates: 11.376%
INFO:root:-- EPOCH 63 (15.114 seconds):
INFO:root:COST >> 0.1208 +/- 0.0015, % updates: 11.288%
INFO:root:-- EPOCH 64 (15.42 seconds):
INFO:root:COST >> 0.1203 +/- 0.0017, % updates: 11.263%
INFO:root:-- EPOCH 65 (16.353 seconds):
INFO:root:COST >> 0.1197 +/- 0.0011, % updates: 11.183%
INFO:root:-- EPOCH 66 (14.739 seconds):
INFO:root:COST >> 0.1195 +/- 0.0017, % updates: 11.155%
INFO:root:-- EPOCH 67 (14.821 seconds):
INFO:root:COST >> 0.1181 +/- 0.0013, % updates: 11.103%
INFO:root:-- EPOCH 68 (14.698 seconds):
INFO:root:COST >> 0.1171 +/- 0.0014, % updates: 11.035%
INFO:root:-- EPOCH 69 (15.06 seconds):
INFO:root:COST >> 0.1174 +/- 0.0014, % updates: 11.023%
INFO:root:-- EPOCH 70 (14.499 seconds):
INFO:root:COST >> 0.1159 +/- 0.0009, % updates: 10.966%
INFO:root:-- EPOCH 71 (14.456 seconds):
INFO:root:COST >> 0.1159 +/- 0.0011, % updates: 10.937%
INFO:root:-- EPOCH 72 (16.664 seconds):
INFO:root:COST >> 0.1146 +/- 0.0012, % updates: 10.83%
INFO:root:-- EPOCH 73 (15.906 seconds):
INFO:root:COST >> 0.1138 +/- 0.0011, % updates: 10.762%
INFO:root:-- EPOCH 74 (17.476 seconds):
INFO:root:COST >> 0.114 +/- 0.0012, % updates: 10.766%
INFO:root:-- EPOCH 75 (17.497 seconds):
INFO:root:COST >> 0.1133 +/- 0.0015, % updates: 10.711%
INFO:root:-- EPOCH 76 (19.191 seconds):
INFO:root:COST >> 0.112 +/- 0.0015, % updates: 10.657%
INFO:root:-- EPOCH 77 (16.978 seconds):
INFO:root:COST >> 0.1115 +/- 0.0012, % updates: 10.616%
INFO:root:-- EPOCH 78 (14.944 seconds):
INFO:root:COST >> 0.1108 +/- 0.001, % updates: 10.575%
INFO:root:-- EPOCH 79 (18.221 seconds):
INFO:root:COST >> 0.1102 +/- 0.0013, % updates: 10.494%
INFO:root:-- EPOCH 80 (15.96 seconds):
INFO:root:COST >> 0.1097 +/- 0.0017, % updates: 10.438%
INFO:root:-- EPOCH 81 (17.684 seconds):
INFO:root:COST >> 0.1093 +/- 0.0012, % updates: 10.372%
INFO:root:-- EPOCH 82 (18.824 seconds):
INFO:root:COST >> 0.1093 +/- 0.0008, % updates: 10.386%
INFO:root:-- EPOCH 83 (17.995 seconds):
INFO:root:COST >> 0.108 +/- 0.0011, % updates: 10.277%
INFO:root:-- EPOCH 84 (16.342 seconds):
INFO:root:COST >> 0.1073 +/- 0.0016, % updates: 10.209%
INFO:root:-- EPOCH 85 (16.78 seconds):
INFO:root:COST >> 0.1065 +/- 0.0014, % updates: 10.151%
INFO:root:-- EPOCH 86 (15.52 seconds):
INFO:root:COST >> 0.1069 +/- 0.0008, % updates: 10.18%
INFO:root:-- EPOCH 87 (15.31 seconds):
INFO:root:COST >> 0.1056 +/- 0.0007, % updates: 10.092%
INFO:root:-- EPOCH 88 (15.481 seconds):
INFO:root:COST >> 0.106 +/- 0.0011, % updates: 10.118%
INFO:root:-- EPOCH 89 (16.537 seconds):
INFO:root:COST >> 0.105 +/- 0.0016, % updates: 9.975%
INFO:root:-- EPOCH 90 (15.853 seconds):
INFO:root:COST >> 0.104 +/- 0.0006, % updates: 9.921%
INFO:root:-- EPOCH 91 (15.763 seconds):
INFO:root:COST >> 0.104 +/- 0.0009, % updates: 9.916%
INFO:root:-- EPOCH 92 (14.484 seconds):
INFO:root:COST >> 0.1029 +/- 0.0014, % updates: 9.839%
INFO:root:-- EPOCH 93 (14.415 seconds):
INFO:root:COST >> 0.1027 +/- 0.0012, % updates: 9.852%
INFO:root:-- EPOCH 94 (14.558 seconds):
INFO:root:COST >> 0.1027 +/- 0.0013, % updates: 9.794%
INFO:root:-- EPOCH 95 (15.732 seconds):
INFO:root:COST >> 0.1018 +/- 0.0009, % updates: 9.724%
INFO:root:-- EPOCH 96 (17.74 seconds):
INFO:root:COST >> 0.1017 +/- 0.0014, % updates: 9.701%
INFO:root:-- EPOCH 97 (15.398 seconds):
INFO:root:COST >> 0.101 +/- 0.0011, % updates: 9.635%
INFO:root:-- EPOCH 98 (14.311 seconds):
INFO:root:COST >> 0.1007 +/- 0.0017, % updates: 9.596%
INFO:root:-- EPOCH 99 (14.393 seconds):
INFO:root:COST >> 0.0995 +/- 0.0015, % updates: 9.522%
INFO:root:-- EPOCH 100 (15.616 seconds):
INFO:root:COST >> 0.1 +/- 0.0012, % updates: 9.524%
INFO:root:### MICRO (raw valid):
INFO:root:	-- left   >> mean: 320.12718, median: 45.0, hits@10: 27.202%
INFO:root:	-- right  >> mean: 238.39028, median: 26.0, hits@10: 34.948%
INFO:root:	-- global >> mean: 279.25873, median: 34.0, hits@10: 31.075%
INFO:root:### MACRO (raw valid):
INFO:root:	-- left   >> mean: 290.98777, median: 242.3286, hits@10: 46.912%
INFO:root:	-- right  >> mean: 208.88122, median: 160.02074, hits@10: 53.911%
INFO:root:	-- global >> mean: 249.9345, median: 138.87609, hits@10: 50.412%
INFO:root:### MICRO (filtered valid):
INFO:root:	-- left   >> mean: 193.31264, median: 23.0, hits@10: 38.18%
INFO:root:	-- right  >> mean: 160.99632, median: 16.0, hits@10: 44.234%
INFO:root:	-- global >> mean: 177.15448, median: 19.0, hits@10: 41.207%
INFO:root:### MACRO (filtered valid):
INFO:root:	-- left   >> mean: 262.92372, median: 212.7298, hits@10: 56.104%
INFO:root:	-- right  >> mean: 195.51689, median: 145.93286, hits@10: 60.113%
INFO:root:	-- global >> mean: 229.22031, median: 135.4083, hits@10: 58.109%
INFO:root:### MICRO (raw test):
INFO:root:	-- left   >> mean: 317.28469, median: 45.0, hits@10: 27.221%
INFO:root:	-- right  >> mean: 243.04534, median: 27.0, hits@10: 34.526%
INFO:root:	-- global >> mean: 280.16501, median: 35.0, hits@10: 30.874%
INFO:root:### MACRO (raw test):
INFO:root:	-- left   >> mean: 298.52513, median: 260.22268, hits@10: 46.168%
INFO:root:	-- right  >> mean: 307.50302, median: 262.44589, hits@10: 53.065%
INFO:root:	-- global >> mean: 303.01407, median: 196.89126, hits@10: 49.616%
INFO:root:### MICRO (filtered test):
INFO:root:	-- left   >> mean: 191.22282, median: 24.0, hits@10: 38.015%
INFO:root:	-- right  >> mean: 161.75595, median: 16.0, hits@10: 43.744%
INFO:root:	-- global >> mean: 176.48939, median: 20.0, hits@10: 40.88%
INFO:root:### MACRO (filtered test):
INFO:root:	-- left   >> mean: 271.32541, median: 231.28408, hits@10: 54.921%
INFO:root:	-- right  >> mean: 294.46689, median: 248.72841, hits@10: 58.9%
INFO:root:	-- global >> mean: 282.89615, median: 193.49792, hits@10: 56.911%
