INFO:root:Shape for training set: (16296, 483142)
INFO:root:State: {'ndim': '20', 'test_all': '100', 'test_path': 'data/fb15k/FB15k-test.pkl', 'nhid': '20', 'lremb': '0.1', 'seed': '123', 'simfn': 'dot', 'valid_path': 'data/fb15k/FB15k-valid.pkl', 'nbatches': '10', 'lrparam': '0.1', 'decay': '0.999', 'show_hinton_diagrams': 'False', 'no_rescaling': 'True', 'Nrel': '1345', 'ranking_score_right': 'False', 'Nent': '16296', 'Nsyn': '14951', 'method': 'ADAGRAD', 'loss_margin': '1.0', 'C': '1.0', 'epsilon': '1e-06', 'use_db': 'False', 'max_lr': 'None', 'l1_param_weight': 'None', 'filtered': 'True', 'name': 'fb15k_margin/fb15k_XiScalE_369', 'totepochs': '100', 'l2_param_weight': 'None', 'train_path': 'data/fb15k/FB15k-train.pkl', 'op': 'XiScalE'}
INFO:root:Starting the Experiment ..
INFO:root:-- EPOCH 1 (2.971 seconds):
INFO:root:COST >> 1.9626 +/- 0.0508, % updates: 100.0%
INFO:root:-- EPOCH 2 (3.038 seconds):
INFO:root:COST >> 1.2866 +/- 0.2963, % updates: 95.016%
INFO:root:-- EPOCH 3 (3.026 seconds):
INFO:root:COST >> 0.5643 +/- 0.0995, % updates: 58.703%
INFO:root:-- EPOCH 4 (3.009 seconds):
INFO:root:COST >> 0.3485 +/- 0.027, % updates: 36.015%
INFO:root:-- EPOCH 5 (2.996 seconds):
INFO:root:COST >> 0.2663 +/- 0.0134, % updates: 26.69%
INFO:root:-- EPOCH 6 (2.955 seconds):
INFO:root:COST >> 0.2223 +/- 0.0073, % updates: 21.715%
INFO:root:-- EPOCH 7 (2.986 seconds):
INFO:root:COST >> 0.1943 +/- 0.0041, % updates: 18.627%
INFO:root:-- EPOCH 8 (2.973 seconds):
INFO:root:COST >> 0.1747 +/- 0.0021, % updates: 16.48%
INFO:root:-- EPOCH 9 (2.958 seconds):
INFO:root:COST >> 0.1604 +/- 0.0019, % updates: 14.929%
INFO:root:-- EPOCH 10 (3.027 seconds):
INFO:root:COST >> 0.1491 +/- 0.0016, % updates: 13.755%
INFO:root:-- EPOCH 11 (2.999 seconds):
INFO:root:COST >> 0.1402 +/- 0.0015, % updates: 12.874%
INFO:root:-- EPOCH 12 (2.995 seconds):
INFO:root:COST >> 0.1328 +/- 0.0017, % updates: 12.043%
INFO:root:-- EPOCH 13 (3.039 seconds):
INFO:root:COST >> 0.1261 +/- 0.0009, % updates: 11.327%
INFO:root:-- EPOCH 14 (2.922 seconds):
INFO:root:COST >> 0.1205 +/- 0.0015, % updates: 10.751%
INFO:root:-- EPOCH 15 (2.96 seconds):
INFO:root:COST >> 0.116 +/- 0.0011, % updates: 10.259%
INFO:root:-- EPOCH 16 (3.029 seconds):
INFO:root:COST >> 0.1119 +/- 0.002, % updates: 9.809%
INFO:root:-- EPOCH 17 (3.011 seconds):
INFO:root:COST >> 0.1083 +/- 0.0013, % updates: 9.431%
INFO:root:-- EPOCH 18 (2.912 seconds):
INFO:root:COST >> 0.1046 +/- 0.0018, % updates: 9.033%
INFO:root:-- EPOCH 19 (2.947 seconds):
INFO:root:COST >> 0.1015 +/- 0.0013, % updates: 8.695%
INFO:root:-- EPOCH 20 (2.976 seconds):
INFO:root:COST >> 0.0991 +/- 0.0015, % updates: 8.445%
INFO:root:-- EPOCH 21 (2.999 seconds):
INFO:root:COST >> 0.0965 +/- 0.0013, % updates: 8.189%
INFO:root:-- EPOCH 22 (3.017 seconds):
INFO:root:COST >> 0.0941 +/- 0.002, % updates: 7.942%
INFO:root:-- EPOCH 23 (3.006 seconds):
INFO:root:COST >> 0.0919 +/- 0.0014, % updates: 7.714%
INFO:root:-- EPOCH 24 (2.909 seconds):
INFO:root:COST >> 0.0912 +/- 0.0015, % updates: 7.583%
INFO:root:-- EPOCH 25 (3.019 seconds):
INFO:root:COST >> 0.089 +/- 0.0012, % updates: 7.37%
INFO:root:-- EPOCH 26 (2.925 seconds):
INFO:root:COST >> 0.0872 +/- 0.001, % updates: 7.194%
INFO:root:-- EPOCH 27 (3.044 seconds):
INFO:root:COST >> 0.0855 +/- 0.001, % updates: 7.03%
INFO:root:-- EPOCH 28 (2.979 seconds):
INFO:root:COST >> 0.084 +/- 0.0013, % updates: 6.862%
INFO:root:-- EPOCH 29 (2.989 seconds):
INFO:root:COST >> 0.0828 +/- 0.0008, % updates: 6.74%
INFO:root:-- EPOCH 30 (3.023 seconds):
INFO:root:COST >> 0.0815 +/- 0.0011, % updates: 6.636%
INFO:root:-- EPOCH 31 (3.001 seconds):
INFO:root:COST >> 0.0806 +/- 0.001, % updates: 6.472%
INFO:root:-- EPOCH 32 (2.934 seconds):
INFO:root:COST >> 0.0793 +/- 0.0016, % updates: 6.374%
INFO:root:-- EPOCH 33 (3.027 seconds):
INFO:root:COST >> 0.0775 +/- 0.0014, % updates: 6.221%
INFO:root:-- EPOCH 34 (2.996 seconds):
INFO:root:COST >> 0.0775 +/- 0.001, % updates: 6.202%
INFO:root:-- EPOCH 35 (3.025 seconds):
INFO:root:COST >> 0.0764 +/- 0.0011, % updates: 6.068%
INFO:root:-- EPOCH 36 (3.014 seconds):
INFO:root:COST >> 0.0757 +/- 0.001, % updates: 5.964%
INFO:root:-- EPOCH 37 (3.044 seconds):
INFO:root:COST >> 0.0743 +/- 0.0014, % updates: 5.863%
INFO:root:-- EPOCH 38 (3.029 seconds):
INFO:root:COST >> 0.0738 +/- 0.0012, % updates: 5.798%
INFO:root:-- EPOCH 39 (3.03 seconds):
INFO:root:COST >> 0.0726 +/- 0.0008, % updates: 5.721%
INFO:root:-- EPOCH 40 (3.065 seconds):
INFO:root:COST >> 0.0727 +/- 0.0012, % updates: 5.656%
INFO:root:-- EPOCH 41 (2.99 seconds):
INFO:root:COST >> 0.0716 +/- 0.0008, % updates: 5.576%
INFO:root:-- EPOCH 42 (3.019 seconds):
INFO:root:COST >> 0.0713 +/- 0.0013, % updates: 5.532%
INFO:root:-- EPOCH 43 (3.019 seconds):
INFO:root:COST >> 0.0709 +/- 0.0012, % updates: 5.477%
INFO:root:-- EPOCH 44 (3.022 seconds):
INFO:root:COST >> 0.0694 +/- 0.001, % updates: 5.389%
INFO:root:-- EPOCH 45 (3.019 seconds):
INFO:root:COST >> 0.0695 +/- 0.0018, % updates: 5.351%
INFO:root:-- EPOCH 46 (2.953 seconds):
INFO:root:COST >> 0.0684 +/- 0.0011, % updates: 5.271%
INFO:root:-- EPOCH 47 (3.024 seconds):
INFO:root:COST >> 0.0686 +/- 0.0009, % updates: 5.258%
INFO:root:-- EPOCH 48 (3.035 seconds):
INFO:root:COST >> 0.0679 +/- 0.0015, % updates: 5.196%
INFO:root:-- EPOCH 49 (3.01 seconds):
INFO:root:COST >> 0.0666 +/- 0.0011, % updates: 5.1%
INFO:root:-- EPOCH 50 (3.016 seconds):
INFO:root:COST >> 0.066 +/- 0.0011, % updates: 5.054%
INFO:root:-- EPOCH 51 (3.063 seconds):
INFO:root:COST >> 0.0668 +/- 0.0013, % updates: 5.027%
INFO:root:-- EPOCH 52 (3.082 seconds):
INFO:root:COST >> 0.0653 +/- 0.0008, % updates: 4.946%
INFO:root:-- EPOCH 53 (3.016 seconds):
INFO:root:COST >> 0.0655 +/- 0.0015, % updates: 4.904%
INFO:root:-- EPOCH 54 (3.013 seconds):
INFO:root:COST >> 0.0656 +/- 0.0011, % updates: 4.929%
INFO:root:-- EPOCH 55 (3.002 seconds):
INFO:root:COST >> 0.0648 +/- 0.0012, % updates: 4.883%
INFO:root:-- EPOCH 56 (2.974 seconds):
INFO:root:COST >> 0.0643 +/- 0.0013, % updates: 4.813%
INFO:root:-- EPOCH 57 (2.966 seconds):
INFO:root:COST >> 0.0641 +/- 0.0008, % updates: 4.78%
INFO:root:-- EPOCH 58 (2.976 seconds):
INFO:root:COST >> 0.0628 +/- 0.0007, % updates: 4.729%
INFO:root:-- EPOCH 59 (3.004 seconds):
INFO:root:COST >> 0.0625 +/- 0.0009, % updates: 4.689%
INFO:root:-- EPOCH 60 (3.027 seconds):
INFO:root:COST >> 0.0628 +/- 0.0012, % updates: 4.652%
INFO:root:-- EPOCH 61 (3.042 seconds):
INFO:root:COST >> 0.0624 +/- 0.0009, % updates: 4.646%
INFO:root:-- EPOCH 62 (2.953 seconds):
INFO:root:COST >> 0.0614 +/- 0.0008, % updates: 4.574%
INFO:root:-- EPOCH 63 (3.029 seconds):
INFO:root:COST >> 0.0618 +/- 0.0007, % updates: 4.568%
INFO:root:-- EPOCH 64 (3.038 seconds):
INFO:root:COST >> 0.0609 +/- 0.0016, % updates: 4.509%
INFO:root:-- EPOCH 65 (3.043 seconds):
INFO:root:COST >> 0.0608 +/- 0.001, % updates: 4.499%
INFO:root:-- EPOCH 66 (2.877 seconds):
INFO:root:COST >> 0.0608 +/- 0.0006, % updates: 4.478%
INFO:root:-- EPOCH 67 (3.011 seconds):
INFO:root:COST >> 0.0604 +/- 0.0014, % updates: 4.449%
INFO:root:-- EPOCH 68 (3.047 seconds):
INFO:root:COST >> 0.0611 +/- 0.0017, % updates: 4.465%
INFO:root:-- EPOCH 69 (3.018 seconds):
INFO:root:COST >> 0.06 +/- 0.001, % updates: 4.402%
INFO:root:-- EPOCH 70 (3.004 seconds):
INFO:root:COST >> 0.0593 +/- 0.001, % updates: 4.334%
INFO:root:-- EPOCH 71 (3.051 seconds):
INFO:root:COST >> 0.0601 +/- 0.0013, % updates: 4.382%
INFO:root:-- EPOCH 72 (2.983 seconds):
INFO:root:COST >> 0.0592 +/- 0.0013, % updates: 4.311%
INFO:root:-- EPOCH 73 (3.052 seconds):
INFO:root:COST >> 0.0587 +/- 0.0015, % updates: 4.279%
INFO:root:-- EPOCH 74 (2.997 seconds):
INFO:root:COST >> 0.0586 +/- 0.001, % updates: 4.249%
INFO:root:-- EPOCH 75 (3.047 seconds):
INFO:root:COST >> 0.0587 +/- 0.0009, % updates: 4.254%
INFO:root:-- EPOCH 76 (2.974 seconds):
INFO:root:COST >> 0.0582 +/- 0.0013, % updates: 4.21%
INFO:root:-- EPOCH 77 (2.984 seconds):
INFO:root:COST >> 0.0584 +/- 0.0009, % updates: 4.204%
INFO:root:-- EPOCH 78 (2.955 seconds):
INFO:root:COST >> 0.0584 +/- 0.0012, % updates: 4.211%
INFO:root:-- EPOCH 79 (2.955 seconds):
INFO:root:COST >> 0.0576 +/- 0.0006, % updates: 4.13%
INFO:root:-- EPOCH 80 (2.928 seconds):
INFO:root:COST >> 0.0575 +/- 0.0011, % updates: 4.124%
INFO:root:-- EPOCH 81 (2.94 seconds):
INFO:root:COST >> 0.0579 +/- 0.0012, % updates: 4.099%
INFO:root:-- EPOCH 82 (3.046 seconds):
INFO:root:COST >> 0.0574 +/- 0.0009, % updates: 4.108%
INFO:root:-- EPOCH 83 (2.956 seconds):
INFO:root:COST >> 0.0573 +/- 0.0012, % updates: 4.087%
INFO:root:-- EPOCH 84 (2.925 seconds):
INFO:root:COST >> 0.0565 +/- 0.0013, % updates: 4.056%
INFO:root:-- EPOCH 85 (2.96 seconds):
INFO:root:COST >> 0.0569 +/- 0.0014, % updates: 4.041%
INFO:root:-- EPOCH 86 (2.994 seconds):
INFO:root:COST >> 0.0566 +/- 0.0009, % updates: 4.037%
INFO:root:-- EPOCH 87 (3.017 seconds):
INFO:root:COST >> 0.0558 +/- 0.0009, % updates: 3.972%
INFO:root:-- EPOCH 88 (3.051 seconds):
INFO:root:COST >> 0.0562 +/- 0.0012, % updates: 3.99%
INFO:root:-- EPOCH 89 (2.96 seconds):
INFO:root:COST >> 0.0564 +/- 0.0012, % updates: 4.015%
INFO:root:-- EPOCH 90 (3.018 seconds):
INFO:root:COST >> 0.0564 +/- 0.0014, % updates: 3.963%
INFO:root:-- EPOCH 91 (3.018 seconds):
INFO:root:COST >> 0.0553 +/- 0.0007, % updates: 3.925%
INFO:root:-- EPOCH 92 (2.98 seconds):
INFO:root:COST >> 0.0554 +/- 0.0011, % updates: 3.918%
INFO:root:-- EPOCH 93 (2.935 seconds):
INFO:root:COST >> 0.0557 +/- 0.0011, % updates: 3.937%
INFO:root:-- EPOCH 94 (2.894 seconds):
INFO:root:COST >> 0.0553 +/- 0.0008, % updates: 3.903%
INFO:root:-- EPOCH 95 (2.957 seconds):
INFO:root:COST >> 0.0553 +/- 0.0009, % updates: 3.877%
INFO:root:-- EPOCH 96 (2.953 seconds):
INFO:root:COST >> 0.055 +/- 0.001, % updates: 3.884%
INFO:root:-- EPOCH 97 (2.951 seconds):
INFO:root:COST >> 0.0545 +/- 0.001, % updates: 3.832%
INFO:root:-- EPOCH 98 (2.993 seconds):
INFO:root:COST >> 0.055 +/- 0.0013, % updates: 3.845%
INFO:root:-- EPOCH 99 (2.978 seconds):
INFO:root:COST >> 0.0542 +/- 0.001, % updates: 3.805%
INFO:root:-- EPOCH 100 (3.033 seconds):
INFO:root:COST >> 0.0543 +/- 0.0012, % updates: 3.797%
INFO:root:### MICRO (raw valid):
INFO:root:	-- left   >> mean: 295.09292, median: 47.0, hits@10: 25.468%
INFO:root:	-- right  >> mean: 215.85454, median: 30.0, hits@10: 31.556%
INFO:root:	-- global >> mean: 255.47373, median: 37.0, hits@10: 28.512%
INFO:root:### MACRO (raw valid):
INFO:root:	-- left   >> mean: 198.04922, median: 143.56332, hits@10: 38.299%
INFO:root:	-- right  >> mean: 167.18096, median: 118.13483, hits@10: 43.16%
INFO:root:	-- global >> mean: 182.61509, median: 98.59443, hits@10: 40.729%
INFO:root:### MICRO (filtered valid):
INFO:root:	-- left   >> mean: 157.66208, median: 22.0, hits@10: 37.976%
INFO:root:	-- right  >> mean: 132.49092, median: 17.0, hits@10: 41.67%
INFO:root:	-- global >> mean: 145.0765, median: 20.0, hits@10: 39.823%
INFO:root:### MACRO (filtered valid):
INFO:root:	-- left   >> mean: 167.83086, median: 111.86845, hits@10: 46.623%
INFO:root:	-- right  >> mean: 152.91911, median: 103.43177, hits@10: 48.85%
INFO:root:	-- global >> mean: 160.37499, median: 88.95797, hits@10: 47.737%
INFO:root:### MICRO (raw test):
INFO:root:	-- left   >> mean: 291.59065, median: 47.0, hits@10: 25.432%
INFO:root:	-- right  >> mean: 220.58149, median: 31.0, hits@10: 30.925%
INFO:root:	-- global >> mean: 256.08607, median: 38.0, hits@10: 28.179%
INFO:root:### MACRO (raw test):
INFO:root:	-- left   >> mean: 216.7726, median: 161.36941, hits@10: 36.418%
INFO:root:	-- right  >> mean: 193.61333, median: 141.22841, hits@10: 43.624%
INFO:root:	-- global >> mean: 205.19296, median: 119.70031, hits@10: 40.021%
INFO:root:### MICRO (filtered test):
INFO:root:	-- left   >> mean: 156.80796, median: 22.0, hits@10: 37.614%
INFO:root:	-- right  >> mean: 133.15962, median: 18.0, hits@10: 41.288%
INFO:root:	-- global >> mean: 144.98379, median: 20.0, hits@10: 39.451%
INFO:root:### MACRO (filtered test):
INFO:root:	-- left   >> mean: 188.03014, median: 131.02966, hits@10: 44.784%
INFO:root:	-- right  >> mean: 179.83888, median: 127.28096, hits@10: 49.413%
INFO:root:	-- global >> mean: 183.93451, median: 110.51405, hits@10: 47.098%
