INFO:root:Shape for training set: (16296, 483142)
INFO:root:State: {'ndim': '50', 'test_all': '100', 'test_path': 'data/fb15k/FB15k-test.pkl', 'nhid': '50', 'lremb': '0.1', 'seed': '123', 'simfn': 'L2', 'valid_path': 'data/fb15k/FB15k-valid.pkl', 'nbatches': '10', 'lrparam': '0.1', 'decay': '0.999', 'show_hinton_diagrams': 'False', 'no_rescaling': 'True', 'Nrel': '1345', 'ranking_score_right': 'False', 'Nent': '16296', 'Nsyn': '14951', 'method': 'ADAGRAD', 'loss_margin': '10.0', 'C': '1.0', 'epsilon': '1e-06', 'use_db': 'False', 'max_lr': 'None', 'l1_param_weight': 'None', 'filtered': 'True', 'name': 'fb15k_margin/fb15k_XiTransE_338', 'totepochs': '100', 'l2_param_weight': 'None', 'train_path': 'data/fb15k/FB15k-train.pkl', 'op': 'XiTransE'}
INFO:root:Starting the Experiment ..
INFO:root:-- EPOCH 1 (5.463 seconds):
INFO:root:COST >> 19.1294 +/- 0.5347, % updates: 100.0%
INFO:root:-- EPOCH 2 (5.626 seconds):
INFO:root:COST >> 18.1364 +/- 0.0989, % updates: 100.0%
INFO:root:-- EPOCH 3 (5.493 seconds):
INFO:root:COST >> 17.9203 +/- 0.0354, % updates: 100.0%
INFO:root:-- EPOCH 4 (5.508 seconds):
INFO:root:COST >> 17.8273 +/- 0.0171, % updates: 100.0%
INFO:root:-- EPOCH 5 (5.489 seconds):
INFO:root:COST >> 17.7697 +/- 0.0119, % updates: 100.0%
INFO:root:-- EPOCH 6 (5.772 seconds):
INFO:root:COST >> 17.7333 +/- 0.0108, % updates: 100.0%
INFO:root:-- EPOCH 7 (6.315 seconds):
INFO:root:COST >> 17.708 +/- 0.0079, % updates: 100.0%
INFO:root:-- EPOCH 8 (6.066 seconds):
INFO:root:COST >> 17.6866 +/- 0.004, % updates: 100.0%
INFO:root:-- EPOCH 9 (5.39 seconds):
INFO:root:COST >> 17.6722 +/- 0.0052, % updates: 100.0%
INFO:root:-- EPOCH 10 (5.432 seconds):
INFO:root:COST >> 17.659 +/- 0.0056, % updates: 100.0%
INFO:root:-- EPOCH 11 (5.402 seconds):
INFO:root:COST >> 17.6472 +/- 0.0043, % updates: 100.0%
INFO:root:-- EPOCH 12 (5.403 seconds):
INFO:root:COST >> 17.6379 +/- 0.0027, % updates: 100.0%
INFO:root:-- EPOCH 13 (5.414 seconds):
INFO:root:COST >> 17.6306 +/- 0.0032, % updates: 100.0%
INFO:root:-- EPOCH 14 (5.429 seconds):
INFO:root:COST >> 17.623 +/- 0.0029, % updates: 100.0%
INFO:root:-- EPOCH 15 (5.451 seconds):
INFO:root:COST >> 17.6166 +/- 0.0031, % updates: 100.0%
INFO:root:-- EPOCH 16 (5.428 seconds):
INFO:root:COST >> 17.6111 +/- 0.0034, % updates: 100.0%
INFO:root:-- EPOCH 17 (5.426 seconds):
INFO:root:COST >> 17.6052 +/- 0.0046, % updates: 100.0%
INFO:root:-- EPOCH 18 (5.588 seconds):
INFO:root:COST >> 17.6023 +/- 0.0039, % updates: 100.0%
INFO:root:-- EPOCH 19 (5.412 seconds):
INFO:root:COST >> 17.5993 +/- 0.0029, % updates: 100.0%
INFO:root:-- EPOCH 20 (5.48 seconds):
INFO:root:COST >> 17.5935 +/- 0.0051, % updates: 100.0%
INFO:root:-- EPOCH 21 (5.445 seconds):
INFO:root:COST >> 17.5892 +/- 0.0021, % updates: 100.0%
INFO:root:-- EPOCH 22 (5.447 seconds):
INFO:root:COST >> 17.5855 +/- 0.0016, % updates: 100.0%
INFO:root:-- EPOCH 23 (5.41 seconds):
INFO:root:COST >> 17.5821 +/- 0.0028, % updates: 100.0%
INFO:root:-- EPOCH 24 (5.522 seconds):
INFO:root:COST >> 17.5787 +/- 0.0059, % updates: 100.0%
INFO:root:-- EPOCH 25 (5.577 seconds):
INFO:root:COST >> 17.5777 +/- 0.0032, % updates: 100.0%
INFO:root:-- EPOCH 26 (5.498 seconds):
INFO:root:COST >> 17.5743 +/- 0.002, % updates: 100.0%
INFO:root:-- EPOCH 27 (5.378 seconds):
INFO:root:COST >> 17.5717 +/- 0.003, % updates: 100.0%
INFO:root:-- EPOCH 28 (5.358 seconds):
INFO:root:COST >> 17.5708 +/- 0.0027, % updates: 100.0%
INFO:root:-- EPOCH 29 (5.44 seconds):
INFO:root:COST >> 17.5679 +/- 0.0041, % updates: 100.0%
INFO:root:-- EPOCH 30 (5.507 seconds):
INFO:root:COST >> 17.5659 +/- 0.0033, % updates: 100.0%
INFO:root:-- EPOCH 31 (5.532 seconds):
INFO:root:COST >> 17.565 +/- 0.003, % updates: 100.0%
INFO:root:-- EPOCH 32 (5.364 seconds):
INFO:root:COST >> 17.562 +/- 0.003, % updates: 100.0%
INFO:root:-- EPOCH 33 (5.472 seconds):
INFO:root:COST >> 17.5612 +/- 0.0028, % updates: 100.0%
INFO:root:-- EPOCH 34 (5.427 seconds):
INFO:root:COST >> 17.5599 +/- 0.0022, % updates: 100.0%
INFO:root:-- EPOCH 35 (5.514 seconds):
INFO:root:COST >> 17.5578 +/- 0.006, % updates: 100.0%
INFO:root:-- EPOCH 36 (5.467 seconds):
INFO:root:COST >> 17.5562 +/- 0.0029, % updates: 100.0%
INFO:root:-- EPOCH 37 (5.43 seconds):
INFO:root:COST >> 17.5551 +/- 0.0022, % updates: 100.0%
INFO:root:-- EPOCH 38 (5.475 seconds):
INFO:root:COST >> 17.5524 +/- 0.0041, % updates: 100.0%
INFO:root:-- EPOCH 39 (5.438 seconds):
INFO:root:COST >> 17.5506 +/- 0.0033, % updates: 100.0%
INFO:root:-- EPOCH 40 (5.409 seconds):
INFO:root:COST >> 17.5486 +/- 0.0032, % updates: 100.0%
INFO:root:-- EPOCH 41 (5.456 seconds):
INFO:root:COST >> 17.5499 +/- 0.0029, % updates: 100.0%
INFO:root:-- EPOCH 42 (5.494 seconds):
INFO:root:COST >> 17.5464 +/- 0.0045, % updates: 100.0%
INFO:root:-- EPOCH 43 (5.415 seconds):
INFO:root:COST >> 17.546 +/- 0.004, % updates: 100.0%
INFO:root:-- EPOCH 44 (5.468 seconds):
INFO:root:COST >> 17.5455 +/- 0.0041, % updates: 100.0%
INFO:root:-- EPOCH 45 (5.473 seconds):
INFO:root:COST >> 17.5449 +/- 0.003, % updates: 100.0%
INFO:root:-- EPOCH 46 (5.449 seconds):
INFO:root:COST >> 17.5427 +/- 0.0037, % updates: 100.0%
INFO:root:-- EPOCH 47 (5.51 seconds):
INFO:root:COST >> 17.5421 +/- 0.0032, % updates: 100.0%
INFO:root:-- EPOCH 48 (5.529 seconds):
INFO:root:COST >> 17.5417 +/- 0.0027, % updates: 100.0%
INFO:root:-- EPOCH 49 (5.419 seconds):
INFO:root:COST >> 17.5404 +/- 0.005, % updates: 100.0%
INFO:root:-- EPOCH 50 (5.442 seconds):
INFO:root:COST >> 17.5384 +/- 0.0029, % updates: 100.0%
INFO:root:-- EPOCH 51 (5.535 seconds):
INFO:root:COST >> 17.5392 +/- 0.0023, % updates: 100.0%
INFO:root:-- EPOCH 52 (5.501 seconds):
INFO:root:COST >> 17.537 +/- 0.0035, % updates: 100.0%
INFO:root:-- EPOCH 53 (5.445 seconds):
INFO:root:COST >> 17.5382 +/- 0.0038, % updates: 100.0%
INFO:root:-- EPOCH 54 (5.499 seconds):
INFO:root:COST >> 17.5362 +/- 0.003, % updates: 100.0%
INFO:root:-- EPOCH 55 (5.416 seconds):
INFO:root:COST >> 17.5358 +/- 0.002, % updates: 100.0%
INFO:root:-- EPOCH 56 (5.494 seconds):
INFO:root:COST >> 17.5347 +/- 0.0036, % updates: 100.0%
INFO:root:-- EPOCH 57 (5.392 seconds):
INFO:root:COST >> 17.5362 +/- 0.0028, % updates: 100.0%
INFO:root:-- EPOCH 58 (5.471 seconds):
INFO:root:COST >> 17.5319 +/- 0.0029, % updates: 100.0%
INFO:root:-- EPOCH 59 (5.558 seconds):
INFO:root:COST >> 17.5321 +/- 0.0031, % updates: 100.0%
INFO:root:-- EPOCH 60 (5.509 seconds):
INFO:root:COST >> 17.5303 +/- 0.0036, % updates: 100.0%
INFO:root:-- EPOCH 61 (5.406 seconds):
INFO:root:COST >> 17.5309 +/- 0.0039, % updates: 100.0%
INFO:root:-- EPOCH 62 (5.406 seconds):
INFO:root:COST >> 17.531 +/- 0.0032, % updates: 100.0%
INFO:root:-- EPOCH 63 (5.445 seconds):
INFO:root:COST >> 17.5301 +/- 0.0019, % updates: 100.0%
INFO:root:-- EPOCH 64 (5.501 seconds):
INFO:root:COST >> 17.5287 +/- 0.0028, % updates: 100.0%
INFO:root:-- EPOCH 65 (5.46 seconds):
INFO:root:COST >> 17.5296 +/- 0.0033, % updates: 100.0%
INFO:root:-- EPOCH 66 (5.456 seconds):
INFO:root:COST >> 17.5261 +/- 0.0027, % updates: 100.0%
INFO:root:-- EPOCH 67 (5.417 seconds):
INFO:root:COST >> 17.5274 +/- 0.0042, % updates: 100.0%
INFO:root:-- EPOCH 68 (5.307 seconds):
INFO:root:COST >> 17.528 +/- 0.0024, % updates: 100.0%
INFO:root:-- EPOCH 69 (5.559 seconds):
INFO:root:COST >> 17.5271 +/- 0.0028, % updates: 100.0%
INFO:root:-- EPOCH 70 (5.388 seconds):
INFO:root:COST >> 17.5257 +/- 0.0028, % updates: 100.0%
INFO:root:-- EPOCH 71 (5.466 seconds):
INFO:root:COST >> 17.5245 +/- 0.0031, % updates: 100.0%
INFO:root:-- EPOCH 72 (5.678 seconds):
INFO:root:COST >> 17.523 +/- 0.005, % updates: 100.0%
INFO:root:-- EPOCH 73 (5.393 seconds):
INFO:root:COST >> 17.5242 +/- 0.0039, % updates: 100.0%
INFO:root:-- EPOCH 74 (5.464 seconds):
INFO:root:COST >> 17.5239 +/- 0.004, % updates: 100.0%
INFO:root:-- EPOCH 75 (5.49 seconds):
INFO:root:COST >> 17.522 +/- 0.0032, % updates: 100.0%
INFO:root:-- EPOCH 76 (5.473 seconds):
INFO:root:COST >> 17.5244 +/- 0.0024, % updates: 100.0%
INFO:root:-- EPOCH 77 (5.407 seconds):
INFO:root:COST >> 17.5222 +/- 0.0037, % updates: 100.0%
INFO:root:-- EPOCH 78 (5.418 seconds):
INFO:root:COST >> 17.5217 +/- 0.0046, % updates: 100.0%
INFO:root:-- EPOCH 79 (5.415 seconds):
INFO:root:COST >> 17.5208 +/- 0.0049, % updates: 100.0%
INFO:root:-- EPOCH 80 (5.49 seconds):
INFO:root:COST >> 17.5213 +/- 0.0023, % updates: 100.0%
INFO:root:-- EPOCH 81 (5.498 seconds):
INFO:root:COST >> 17.5189 +/- 0.0034, % updates: 100.0%
INFO:root:-- EPOCH 82 (5.579 seconds):
INFO:root:COST >> 17.5199 +/- 0.0036, % updates: 100.0%
INFO:root:-- EPOCH 83 (5.424 seconds):
INFO:root:COST >> 17.5211 +/- 0.0045, % updates: 100.0%
INFO:root:-- EPOCH 84 (5.349 seconds):
INFO:root:COST >> 17.5194 +/- 0.0032, % updates: 100.0%
INFO:root:-- EPOCH 85 (5.435 seconds):
INFO:root:COST >> 17.5201 +/- 0.0039, % updates: 100.0%
INFO:root:-- EPOCH 86 (5.346 seconds):
INFO:root:COST >> 17.5188 +/- 0.0034, % updates: 100.0%
INFO:root:-- EPOCH 87 (5.608 seconds):
INFO:root:COST >> 17.5191 +/- 0.0032, % updates: 100.0%
INFO:root:-- EPOCH 88 (5.447 seconds):
INFO:root:COST >> 17.5189 +/- 0.0036, % updates: 100.0%
INFO:root:-- EPOCH 89 (5.478 seconds):
INFO:root:COST >> 17.5161 +/- 0.0048, % updates: 100.0%
INFO:root:-- EPOCH 90 (5.464 seconds):
INFO:root:COST >> 17.5155 +/- 0.0053, % updates: 100.0%
INFO:root:-- EPOCH 91 (5.421 seconds):
INFO:root:COST >> 17.5163 +/- 0.0033, % updates: 100.0%
INFO:root:-- EPOCH 92 (5.584 seconds):
INFO:root:COST >> 17.5166 +/- 0.0029, % updates: 100.0%
INFO:root:-- EPOCH 93 (5.46 seconds):
INFO:root:COST >> 17.5135 +/- 0.0036, % updates: 100.0%
INFO:root:-- EPOCH 94 (5.465 seconds):
INFO:root:COST >> 17.5152 +/- 0.0022, % updates: 100.0%
INFO:root:-- EPOCH 95 (5.515 seconds):
INFO:root:COST >> 17.5147 +/- 0.0026, % updates: 100.0%
INFO:root:-- EPOCH 96 (5.425 seconds):
INFO:root:COST >> 17.5136 +/- 0.0032, % updates: 100.0%
INFO:root:-- EPOCH 97 (5.39 seconds):
INFO:root:COST >> 17.5131 +/- 0.0031, % updates: 100.0%
INFO:root:-- EPOCH 98 (5.524 seconds):
INFO:root:COST >> 17.5141 +/- 0.0036, % updates: 100.0%
INFO:root:-- EPOCH 99 (5.506 seconds):
INFO:root:COST >> 17.5131 +/- 0.0025, % updates: 100.0%
INFO:root:-- EPOCH 100 (5.385 seconds):
INFO:root:COST >> 17.5134 +/- 0.005, % updates: 100.0%
INFO:root:### MICRO (raw valid):
INFO:root:	-- left   >> mean: 678.30848, median: 195.0, hits@10: 12.646%
INFO:root:	-- right  >> mean: 562.19744, median: 119.0, hits@10: 18.382%
INFO:root:	-- global >> mean: 620.25296, median: 148.0, hits@10: 15.514%
INFO:root:### MACRO (raw valid):
INFO:root:	-- left   >> mean: 529.84473, median: 430.54421, hits@10: 27.589%
INFO:root:	-- right  >> mean: 441.61529, median: 340.56168, hits@10: 33.199%
INFO:root:	-- global >> mean: 485.73001, median: 263.14902, hits@10: 30.394%
INFO:root:### MICRO (filtered valid):
INFO:root:	-- left   >> mean: 565.90248, median: 141.0, hits@10: 16.494%
INFO:root:	-- right  >> mean: 495.48122, median: 104.0, hits@10: 21.646%
INFO:root:	-- global >> mean: 530.69185, median: 118.0, hits@10: 19.07%
INFO:root:### MACRO (filtered valid):
INFO:root:	-- left   >> mean: 504.01052, median: 401.59825, hits@10: 31.459%
INFO:root:	-- right  >> mean: 429.69852, median: 328.006, hits@10: 36.126%
INFO:root:	-- global >> mean: 466.85452, median: 259.87009, hits@10: 33.792%
INFO:root:### MICRO (raw test):
INFO:root:	-- left   >> mean: 680.47497, median: 196.0, hits@10: 12.812%
INFO:root:	-- right  >> mean: 567.95482, median: 120.0, hits@10: 17.824%
INFO:root:	-- global >> mean: 624.21489, median: 151.0, hits@10: 15.318%
INFO:root:### MACRO (raw test):
INFO:root:	-- left   >> mean: 555.99783, median: 463.45994, hits@10: 26.855%
INFO:root:	-- right  >> mean: 547.90855, median: 465.33559, hits@10: 33.592%
INFO:root:	-- global >> mean: 551.95319, median: 329.19459, hits@10: 30.223%
INFO:root:### MICRO (filtered test):
INFO:root:	-- left   >> mean: 569.63266, median: 142.0, hits@10: 16.556%
INFO:root:	-- right  >> mean: 498.25752, median: 106.0, hits@10: 21.137%
INFO:root:	-- global >> mean: 533.94509, median: 120.0, hits@10: 18.847%
INFO:root:### MACRO (filtered test):
INFO:root:	-- left   >> mean: 531.15538, median: 436.27107, hits@10: 30.665%
INFO:root:	-- right  >> mean: 536.40475, median: 452.94277, hits@10: 37.162%
INFO:root:	-- global >> mean: 533.78007, median: 325.94017, hits@10: 33.913%
