INFO:root:Shape for training set: (16296, 483142)
INFO:root:State: {'ndim': '100', 'test_all': '100', 'test_path': 'data/fb15k/FB15k-test.pkl', 'nhid': '100', 'lremb': '0.1', 'seed': '123', 'simfn': 'L1', 'valid_path': 'data/fb15k/FB15k-valid.pkl', 'nbatches': '10', 'lrparam': '0.1', 'decay': '0.999', 'show_hinton_diagrams': 'False', 'no_rescaling': 'True', 'Nrel': '1345', 'ranking_score_right': 'False', 'Nent': '16296', 'Nsyn': '14951', 'method': 'ADAGRAD', 'loss_margin': '1.0', 'C': '1.0', 'epsilon': '1e-06', 'use_db': 'False', 'max_lr': 'None', 'l1_param_weight': 'None', 'filtered': 'True', 'name': 'fb15k_margin/fb15k_XiNScalE_411', 'totepochs': '100', 'l2_param_weight': 'None', 'train_path': 'data/fb15k/FB15k-train.pkl', 'op': 'XiNScalE'}
INFO:root:Starting the Experiment ..
INFO:root:-- EPOCH 1 (30.046 seconds):
INFO:root:COST >> 3.4309 +/- 3.0869, % updates: 32.26%
INFO:root:-- EPOCH 2 (29.586 seconds):
INFO:root:COST >> 0.4023 +/- 0.0357, % updates: 7.896%
INFO:root:-- EPOCH 3 (29.73 seconds):
INFO:root:COST >> 0.2633 +/- 0.0088, % updates: 5.871%
INFO:root:-- EPOCH 4 (29.775 seconds):
INFO:root:COST >> 0.2142 +/- 0.0036, % updates: 5.143%
INFO:root:-- EPOCH 5 (29.662 seconds):
INFO:root:COST >> 0.1873 +/- 0.004, % updates: 4.695%
INFO:root:-- EPOCH 6 (29.548 seconds):
INFO:root:COST >> 0.1666 +/- 0.0028, % updates: 4.381%
INFO:root:-- EPOCH 7 (29.536 seconds):
INFO:root:COST >> 0.1517 +/- 0.0022, % updates: 4.114%
INFO:root:-- EPOCH 8 (29.686 seconds):
INFO:root:COST >> 0.1419 +/- 0.0031, % updates: 3.951%
INFO:root:-- EPOCH 9 (29.826 seconds):
INFO:root:COST >> 0.1316 +/- 0.0031, % updates: 3.784%
INFO:root:-- EPOCH 10 (29.811 seconds):
INFO:root:COST >> 0.1249 +/- 0.002, % updates: 3.673%
INFO:root:-- EPOCH 11 (29.705 seconds):
INFO:root:COST >> 0.1175 +/- 0.0028, % updates: 3.535%
INFO:root:-- EPOCH 12 (29.753 seconds):
INFO:root:COST >> 0.113 +/- 0.0025, % updates: 3.466%
INFO:root:-- EPOCH 13 (29.664 seconds):
INFO:root:COST >> 0.1074 +/- 0.0027, % updates: 3.372%
INFO:root:-- EPOCH 14 (29.794 seconds):
INFO:root:COST >> 0.1033 +/- 0.002, % updates: 3.262%
INFO:root:-- EPOCH 15 (29.664 seconds):
INFO:root:COST >> 0.1002 +/- 0.0034, % updates: 3.231%
INFO:root:-- EPOCH 16 (29.927 seconds):
INFO:root:COST >> 0.096 +/- 0.0018, % updates: 3.14%
INFO:root:-- EPOCH 17 (29.909 seconds):
INFO:root:COST >> 0.0919 +/- 0.0017, % updates: 3.043%
INFO:root:-- EPOCH 18 (29.894 seconds):
INFO:root:COST >> 0.0886 +/- 0.0014, % updates: 2.976%
INFO:root:-- EPOCH 19 (29.709 seconds):
INFO:root:COST >> 0.0869 +/- 0.0024, % updates: 2.938%
INFO:root:-- EPOCH 20 (29.635 seconds):
INFO:root:COST >> 0.084 +/- 0.0025, % updates: 2.881%
INFO:root:-- EPOCH 21 (29.543 seconds):
INFO:root:COST >> 0.0799 +/- 0.0019, % updates: 2.786%
INFO:root:-- EPOCH 22 (29.69 seconds):
INFO:root:COST >> 0.0793 +/- 0.0026, % updates: 2.762%
INFO:root:-- EPOCH 23 (29.685 seconds):
INFO:root:COST >> 0.0768 +/- 0.0015, % updates: 2.706%
INFO:root:-- EPOCH 24 (29.54 seconds):
INFO:root:COST >> 0.0754 +/- 0.0024, % updates: 2.679%
INFO:root:-- EPOCH 25 (29.924 seconds):
INFO:root:COST >> 0.0733 +/- 0.0017, % updates: 2.606%
INFO:root:-- EPOCH 26 (29.769 seconds):
INFO:root:COST >> 0.0727 +/- 0.0022, % updates: 2.597%
INFO:root:-- EPOCH 27 (29.83 seconds):
INFO:root:COST >> 0.0697 +/- 0.0017, % updates: 2.521%
INFO:root:-- EPOCH 28 (29.563 seconds):
INFO:root:COST >> 0.0687 +/- 0.0018, % updates: 2.507%
INFO:root:-- EPOCH 29 (29.654 seconds):
INFO:root:COST >> 0.0673 +/- 0.0019, % updates: 2.488%
INFO:root:-- EPOCH 30 (29.617 seconds):
INFO:root:COST >> 0.0656 +/- 0.0015, % updates: 2.424%
INFO:root:-- EPOCH 31 (29.383 seconds):
INFO:root:COST >> 0.0644 +/- 0.0015, % updates: 2.401%
INFO:root:-- EPOCH 32 (29.674 seconds):
INFO:root:COST >> 0.0653 +/- 0.0011, % updates: 2.42%
INFO:root:-- EPOCH 33 (29.647 seconds):
INFO:root:COST >> 0.0643 +/- 0.001, % updates: 2.391%
INFO:root:-- EPOCH 34 (29.587 seconds):
INFO:root:COST >> 0.0611 +/- 0.0011, % updates: 2.305%
INFO:root:-- EPOCH 35 (29.663 seconds):
INFO:root:COST >> 0.0605 +/- 0.0022, % updates: 2.301%
INFO:root:-- EPOCH 36 (29.78 seconds):
INFO:root:COST >> 0.06 +/- 0.0013, % updates: 2.31%
INFO:root:-- EPOCH 37 (29.6 seconds):
INFO:root:COST >> 0.0589 +/- 0.0022, % updates: 2.262%
INFO:root:-- EPOCH 38 (29.777 seconds):
INFO:root:COST >> 0.0586 +/- 0.0015, % updates: 2.244%
INFO:root:-- EPOCH 39 (29.771 seconds):
INFO:root:COST >> 0.0576 +/- 0.0011, % updates: 2.218%
INFO:root:-- EPOCH 40 (29.76 seconds):
INFO:root:COST >> 0.057 +/- 0.0013, % updates: 2.196%
INFO:root:-- EPOCH 41 (29.786 seconds):
INFO:root:COST >> 0.0562 +/- 0.0012, % updates: 2.18%
INFO:root:-- EPOCH 42 (29.731 seconds):
INFO:root:COST >> 0.0554 +/- 0.0016, % updates: 2.172%
INFO:root:-- EPOCH 43 (29.945 seconds):
INFO:root:COST >> 0.0552 +/- 0.0013, % updates: 2.14%
INFO:root:-- EPOCH 44 (29.856 seconds):
INFO:root:COST >> 0.0538 +/- 0.0013, % updates: 2.103%
INFO:root:-- EPOCH 45 (29.475 seconds):
INFO:root:COST >> 0.0537 +/- 0.0024, % updates: 2.098%
INFO:root:-- EPOCH 46 (29.633 seconds):
INFO:root:COST >> 0.0532 +/- 0.0021, % updates: 2.095%
INFO:root:-- EPOCH 47 (29.642 seconds):
INFO:root:COST >> 0.0517 +/- 0.0013, % updates: 2.058%
INFO:root:-- EPOCH 48 (29.743 seconds):
INFO:root:COST >> 0.0523 +/- 0.0011, % updates: 2.062%
INFO:root:-- EPOCH 49 (29.806 seconds):
INFO:root:COST >> 0.0511 +/- 0.0021, % updates: 2.024%
INFO:root:-- EPOCH 50 (29.92 seconds):
INFO:root:COST >> 0.0507 +/- 0.0015, % updates: 2.021%
INFO:root:-- EPOCH 51 (29.689 seconds):
INFO:root:COST >> 0.0504 +/- 0.0017, % updates: 2.028%
INFO:root:-- EPOCH 52 (29.867 seconds):
INFO:root:COST >> 0.0498 +/- 0.0014, % updates: 1.984%
INFO:root:-- EPOCH 53 (29.542 seconds):
INFO:root:COST >> 0.0496 +/- 0.0016, % updates: 1.974%
INFO:root:-- EPOCH 54 (29.956 seconds):
INFO:root:COST >> 0.0488 +/- 0.0012, % updates: 1.962%
INFO:root:-- EPOCH 55 (29.678 seconds):
INFO:root:COST >> 0.0485 +/- 0.0017, % updates: 1.95%
INFO:root:-- EPOCH 56 (29.739 seconds):
INFO:root:COST >> 0.0482 +/- 0.0015, % updates: 1.935%
INFO:root:-- EPOCH 57 (29.663 seconds):
INFO:root:COST >> 0.0482 +/- 0.0014, % updates: 1.942%
INFO:root:-- EPOCH 58 (29.711 seconds):
INFO:root:COST >> 0.0472 +/- 0.0015, % updates: 1.92%
INFO:root:-- EPOCH 59 (29.784 seconds):
INFO:root:COST >> 0.0466 +/- 0.0019, % updates: 1.901%
INFO:root:-- EPOCH 60 (29.674 seconds):
INFO:root:COST >> 0.0463 +/- 0.0013, % updates: 1.894%
INFO:root:-- EPOCH 61 (29.754 seconds):
INFO:root:COST >> 0.0457 +/- 0.0016, % updates: 1.882%
INFO:root:-- EPOCH 62 (29.636 seconds):
INFO:root:COST >> 0.0465 +/- 0.0014, % updates: 1.879%
INFO:root:-- EPOCH 63 (29.576 seconds):
INFO:root:COST >> 0.0455 +/- 0.0013, % updates: 1.864%
INFO:root:-- EPOCH 64 (29.749 seconds):
INFO:root:COST >> 0.0453 +/- 0.0015, % updates: 1.861%
INFO:root:-- EPOCH 65 (29.808 seconds):
INFO:root:COST >> 0.045 +/- 0.0007, % updates: 1.841%
INFO:root:-- EPOCH 66 (29.773 seconds):
INFO:root:COST >> 0.0452 +/- 0.0015, % updates: 1.846%
INFO:root:-- EPOCH 67 (29.775 seconds):
INFO:root:COST >> 0.0436 +/- 0.0014, % updates: 1.816%
INFO:root:-- EPOCH 68 (29.984 seconds):
INFO:root:COST >> 0.0437 +/- 0.0017, % updates: 1.795%
INFO:root:-- EPOCH 69 (29.735 seconds):
INFO:root:COST >> 0.0439 +/- 0.0016, % updates: 1.82%
INFO:root:-- EPOCH 70 (29.685 seconds):
INFO:root:COST >> 0.0431 +/- 0.0015, % updates: 1.785%
INFO:root:-- EPOCH 71 (29.64 seconds):
INFO:root:COST >> 0.0432 +/- 0.0018, % updates: 1.794%
INFO:root:-- EPOCH 72 (29.851 seconds):
INFO:root:COST >> 0.0436 +/- 0.0015, % updates: 1.798%
INFO:root:-- EPOCH 73 (29.785 seconds):
INFO:root:COST >> 0.043 +/- 0.001, % updates: 1.782%
INFO:root:-- EPOCH 74 (29.627 seconds):
INFO:root:COST >> 0.0425 +/- 0.0014, % updates: 1.77%
INFO:root:-- EPOCH 75 (29.565 seconds):
INFO:root:COST >> 0.043 +/- 0.001, % updates: 1.787%
INFO:root:-- EPOCH 76 (29.58 seconds):
INFO:root:COST >> 0.0423 +/- 0.0017, % updates: 1.773%
INFO:root:-- EPOCH 77 (29.714 seconds):
INFO:root:COST >> 0.0417 +/- 0.0012, % updates: 1.748%
INFO:root:-- EPOCH 78 (29.973 seconds):
INFO:root:COST >> 0.0413 +/- 0.0012, % updates: 1.737%
INFO:root:-- EPOCH 79 (29.873 seconds):
INFO:root:COST >> 0.0413 +/- 0.001, % updates: 1.739%
INFO:root:-- EPOCH 80 (29.531 seconds):
INFO:root:COST >> 0.0418 +/- 0.001, % updates: 1.755%
INFO:root:-- EPOCH 81 (31.725 seconds):
INFO:root:COST >> 0.0411 +/- 0.0016, % updates: 1.729%
INFO:root:-- EPOCH 82 (31.811 seconds):
INFO:root:COST >> 0.0411 +/- 0.0011, % updates: 1.719%
INFO:root:-- EPOCH 83 (31.821 seconds):
INFO:root:COST >> 0.0407 +/- 0.0011, % updates: 1.715%
INFO:root:-- EPOCH 84 (31.825 seconds):
INFO:root:COST >> 0.0406 +/- 0.0011, % updates: 1.713%
INFO:root:-- EPOCH 85 (31.77 seconds):
INFO:root:COST >> 0.0401 +/- 0.0014, % updates: 1.708%
INFO:root:-- EPOCH 86 (31.941 seconds):
INFO:root:COST >> 0.0406 +/- 0.0008, % updates: 1.711%
INFO:root:-- EPOCH 87 (31.749 seconds):
INFO:root:COST >> 0.0396 +/- 0.0009, % updates: 1.685%
INFO:root:-- EPOCH 88 (31.79 seconds):
INFO:root:COST >> 0.0406 +/- 0.0006, % updates: 1.705%
INFO:root:-- EPOCH 89 (31.734 seconds):
INFO:root:COST >> 0.0395 +/- 0.0012, % updates: 1.682%
INFO:root:-- EPOCH 90 (31.805 seconds):
INFO:root:COST >> 0.0392 +/- 0.0013, % updates: 1.671%
INFO:root:-- EPOCH 91 (31.706 seconds):
INFO:root:COST >> 0.0396 +/- 0.0014, % updates: 1.678%
INFO:root:-- EPOCH 92 (31.891 seconds):
INFO:root:COST >> 0.0391 +/- 0.0009, % updates: 1.654%
INFO:root:-- EPOCH 93 (31.614 seconds):
INFO:root:COST >> 0.0387 +/- 0.001, % updates: 1.643%
INFO:root:-- EPOCH 94 (31.85 seconds):
INFO:root:COST >> 0.0392 +/- 0.0012, % updates: 1.658%
INFO:root:-- EPOCH 95 (31.71 seconds):
INFO:root:COST >> 0.0388 +/- 0.0007, % updates: 1.662%
INFO:root:-- EPOCH 96 (31.883 seconds):
INFO:root:COST >> 0.0385 +/- 0.0014, % updates: 1.652%
INFO:root:-- EPOCH 97 (31.813 seconds):
INFO:root:COST >> 0.0387 +/- 0.0013, % updates: 1.651%
INFO:root:-- EPOCH 98 (31.759 seconds):
INFO:root:COST >> 0.0383 +/- 0.0013, % updates: 1.63%
INFO:root:-- EPOCH 99 (31.741 seconds):
INFO:root:COST >> 0.0375 +/- 0.0008, % updates: 1.606%
INFO:root:-- EPOCH 100 (31.735 seconds):
INFO:root:COST >> 0.0378 +/- 0.0005, % updates: 1.615%
INFO:root:### MICRO (raw valid):
INFO:root:	-- left   >> mean: 426.22592, median: 54.0, hits@10: 25.694%
INFO:root:	-- right  >> mean: 290.27498, median: 30.0, hits@10: 33.542%
INFO:root:	-- global >> mean: 358.25045, median: 40.0, hits@10: 29.618%
INFO:root:### MACRO (raw valid):
INFO:root:	-- left   >> mean: 656.38972, median: 545.20142, hits@10: 23.362%
INFO:root:	-- right  >> mean: 579.74155, median: 475.84389, hits@10: 29.448%
INFO:root:	-- global >> mean: 618.06563, median: 411.17085, hits@10: 26.405%
INFO:root:### MICRO (filtered valid):
INFO:root:	-- left   >> mean: 255.05862, median: 27.0, hits@10: 35.342%
INFO:root:	-- right  >> mean: 189.30604, median: 17.0, hits@10: 42.434%
INFO:root:	-- global >> mean: 222.18233, median: 22.0, hits@10: 38.888%
INFO:root:### MACRO (filtered valid):
INFO:root:	-- left   >> mean: 618.14574, median: 502.4476, hits@10: 29.111%
INFO:root:	-- right  >> mean: 562.21094, median: 456.52566, hits@10: 33.55%
INFO:root:	-- global >> mean: 590.17834, median: 404.64847, hits@10: 31.331%
INFO:root:### MICRO (raw test):
INFO:root:	-- left   >> mean: 421.47907, median: 52.0, hits@10: 25.847%
INFO:root:	-- right  >> mean: 296.18691, median: 31.0, hits@10: 33.275%
INFO:root:	-- global >> mean: 358.83299, median: 40.0, hits@10: 29.561%
INFO:root:### MACRO (raw test):
INFO:root:	-- left   >> mean: 763.3247, median: 633.80125, hits@10: 21.949%
INFO:root:	-- right  >> mean: 744.98588, median: 628.36993, hits@10: 30.148%
INFO:root:	-- global >> mean: 754.15529, median: 519.13892, hits@10: 26.048%
INFO:root:### MICRO (filtered test):
INFO:root:	-- left   >> mean: 252.51824, median: 27.0, hits@10: 35.637%
INFO:root:	-- right  >> mean: 189.88646, median: 18.0, hits@10: 42.054%
INFO:root:	-- global >> mean: 221.20235, median: 22.0, hits@10: 38.846%
INFO:root:### MACRO (filtered test):
INFO:root:	-- left   >> mean: 726.68133, median: 592.41831, hits@10: 27.861%
INFO:root:	-- right  >> mean: 728.04294, median: 610.10094, hits@10: 33.906%
INFO:root:	-- global >> mean: 727.36213, median: 512.4719, hits@10: 30.883%
