INFO:root:Shape for training set: (16296, 483142)
INFO:root:State: {'ndim': '50', 'test_all': '100', 'test_path': 'data/fb15k/FB15k-test.pkl', 'nhid': '50', 'lremb': '0.1', 'seed': '123', 'simfn': 'dot', 'valid_path': 'data/fb15k/FB15k-valid.pkl', 'nbatches': '10', 'lrparam': '0.1', 'decay': '0.999', 'show_hinton_diagrams': 'False', 'no_rescaling': 'True', 'Nrel': '1345', 'ranking_score_right': 'False', 'Nent': '16296', 'Nsyn': '14951', 'method': 'ADAGRAD', 'loss_margin': '10.0', 'C': '1.0', 'epsilon': '1e-06', 'use_db': 'False', 'max_lr': 'None', 'l1_param_weight': 'None', 'filtered': 'True', 'name': 'fb15k_margin/fb15k_XiTransE_347', 'totepochs': '100', 'l2_param_weight': 'None', 'train_path': 'data/fb15k/FB15k-train.pkl', 'op': 'XiTransE'}
INFO:root:Starting the Experiment ..
INFO:root:-- EPOCH 1 (4.786 seconds):
INFO:root:COST >> 17.0406 +/- 2.223, % updates: 100.0%
INFO:root:-- EPOCH 2 (4.851 seconds):
INFO:root:COST >> 10.7039 +/- 1.2222, % updates: 97.858%
INFO:root:-- EPOCH 3 (4.721 seconds):
INFO:root:COST >> 7.6136 +/- 0.6173, % updates: 87.591%
INFO:root:-- EPOCH 4 (4.78 seconds):
INFO:root:COST >> 5.8439 +/- 0.3656, % updates: 76.261%
INFO:root:-- EPOCH 5 (4.811 seconds):
INFO:root:COST >> 4.7355 +/- 0.2261, % updates: 65.141%
INFO:root:-- EPOCH 6 (4.829 seconds):
INFO:root:COST >> 4.0552 +/- 0.1538, % updates: 55.581%
INFO:root:-- EPOCH 7 (4.802 seconds):
INFO:root:COST >> 3.6223 +/- 0.0968, % updates: 47.95%
INFO:root:-- EPOCH 8 (4.801 seconds):
INFO:root:COST >> 3.3214 +/- 0.044, % updates: 42.422%
INFO:root:-- EPOCH 9 (4.737 seconds):
INFO:root:COST >> 3.1068 +/- 0.0509, % updates: 38.249%
INFO:root:-- EPOCH 10 (4.739 seconds):
INFO:root:COST >> 2.9475 +/- 0.0329, % updates: 35.22%
INFO:root:-- EPOCH 11 (4.744 seconds):
INFO:root:COST >> 2.8211 +/- 0.0258, % updates: 32.774%
INFO:root:-- EPOCH 12 (4.798 seconds):
INFO:root:COST >> 2.7109 +/- 0.0178, % updates: 30.833%
INFO:root:-- EPOCH 13 (4.802 seconds):
INFO:root:COST >> 2.62 +/- 0.022, % updates: 29.283%
INFO:root:-- EPOCH 14 (4.806 seconds):
INFO:root:COST >> 2.5511 +/- 0.0201, % updates: 27.973%
INFO:root:-- EPOCH 15 (4.803 seconds):
INFO:root:COST >> 2.4794 +/- 0.0156, % updates: 26.854%
INFO:root:-- EPOCH 16 (4.834 seconds):
INFO:root:COST >> 2.425 +/- 0.0176, % updates: 25.904%
INFO:root:-- EPOCH 17 (4.793 seconds):
INFO:root:COST >> 2.3723 +/- 0.0189, % updates: 25.059%
INFO:root:-- EPOCH 18 (4.804 seconds):
INFO:root:COST >> 2.327 +/- 0.0168, % updates: 24.228%
INFO:root:-- EPOCH 19 (4.719 seconds):
INFO:root:COST >> 2.2949 +/- 0.0185, % updates: 23.572%
INFO:root:-- EPOCH 20 (4.82 seconds):
INFO:root:COST >> 2.2453 +/- 0.0222, % updates: 22.884%
INFO:root:-- EPOCH 21 (4.732 seconds):
INFO:root:COST >> 2.2145 +/- 0.0101, % updates: 22.322%
INFO:root:-- EPOCH 22 (4.828 seconds):
INFO:root:COST >> 2.1798 +/- 0.0146, % updates: 21.763%
INFO:root:-- EPOCH 23 (4.721 seconds):
INFO:root:COST >> 2.1506 +/- 0.0241, % updates: 21.306%
INFO:root:-- EPOCH 24 (4.755 seconds):
INFO:root:COST >> 2.1168 +/- 0.0217, % updates: 20.823%
INFO:root:-- EPOCH 25 (4.766 seconds):
INFO:root:COST >> 2.1104 +/- 0.0137, % updates: 20.534%
INFO:root:-- EPOCH 26 (4.74 seconds):
INFO:root:COST >> 2.08 +/- 0.0166, % updates: 20.065%
INFO:root:-- EPOCH 27 (4.76 seconds):
INFO:root:COST >> 2.0602 +/- 0.0182, % updates: 19.76%
INFO:root:-- EPOCH 28 (4.719 seconds):
INFO:root:COST >> 2.0472 +/- 0.0116, % updates: 19.494%
INFO:root:-- EPOCH 29 (5.302 seconds):
INFO:root:COST >> 2.025 +/- 0.0161, % updates: 19.21%
INFO:root:-- EPOCH 30 (4.76 seconds):
INFO:root:COST >> 2.0025 +/- 0.0224, % updates: 18.926%
INFO:root:-- EPOCH 31 (4.843 seconds):
INFO:root:COST >> 1.9908 +/- 0.0164, % updates: 18.734%
INFO:root:-- EPOCH 32 (4.81 seconds):
INFO:root:COST >> 1.973 +/- 0.0144, % updates: 18.457%
INFO:root:-- EPOCH 33 (4.769 seconds):
INFO:root:COST >> 1.9541 +/- 0.0106, % updates: 18.24%
INFO:root:-- EPOCH 34 (4.789 seconds):
INFO:root:COST >> 1.9443 +/- 0.0125, % updates: 18.04%
INFO:root:-- EPOCH 35 (4.84 seconds):
INFO:root:COST >> 1.9302 +/- 0.0266, % updates: 17.814%
INFO:root:-- EPOCH 36 (4.775 seconds):
INFO:root:COST >> 1.9118 +/- 0.0187, % updates: 17.617%
INFO:root:-- EPOCH 37 (4.761 seconds):
INFO:root:COST >> 1.8971 +/- 0.017, % updates: 17.427%
INFO:root:-- EPOCH 38 (4.819 seconds):
INFO:root:COST >> 1.8895 +/- 0.0197, % updates: 17.297%
INFO:root:-- EPOCH 39 (4.761 seconds):
INFO:root:COST >> 1.8735 +/- 0.0178, % updates: 17.11%
INFO:root:-- EPOCH 40 (4.867 seconds):
INFO:root:COST >> 1.8558 +/- 0.0147, % updates: 16.904%
INFO:root:-- EPOCH 41 (4.77 seconds):
INFO:root:COST >> 1.8499 +/- 0.0116, % updates: 16.83%
INFO:root:-- EPOCH 42 (4.855 seconds):
INFO:root:COST >> 1.8443 +/- 0.0131, % updates: 16.663%
INFO:root:-- EPOCH 43 (4.75 seconds):
INFO:root:COST >> 1.8293 +/- 0.0169, % updates: 16.476%
INFO:root:-- EPOCH 44 (4.761 seconds):
INFO:root:COST >> 1.8235 +/- 0.0187, % updates: 16.351%
INFO:root:-- EPOCH 45 (4.764 seconds):
INFO:root:COST >> 1.8081 +/- 0.0169, % updates: 16.216%
INFO:root:-- EPOCH 46 (4.874 seconds):
INFO:root:COST >> 1.7955 +/- 0.0189, % updates: 16.082%
INFO:root:-- EPOCH 47 (4.814 seconds):
INFO:root:COST >> 1.7934 +/- 0.014, % updates: 15.973%
INFO:root:-- EPOCH 48 (4.829 seconds):
INFO:root:COST >> 1.7855 +/- 0.0145, % updates: 15.884%
INFO:root:-- EPOCH 49 (4.808 seconds):
INFO:root:COST >> 1.7732 +/- 0.0227, % updates: 15.755%
INFO:root:-- EPOCH 50 (4.777 seconds):
INFO:root:COST >> 1.7602 +/- 0.0164, % updates: 15.615%
INFO:root:-- EPOCH 51 (4.767 seconds):
INFO:root:COST >> 1.7626 +/- 0.0122, % updates: 15.574%
INFO:root:-- EPOCH 52 (4.76 seconds):
INFO:root:COST >> 1.743 +/- 0.0212, % updates: 15.41%
INFO:root:-- EPOCH 53 (4.713 seconds):
INFO:root:COST >> 1.747 +/- 0.017, % updates: 15.377%
INFO:root:-- EPOCH 54 (4.81 seconds):
INFO:root:COST >> 1.7381 +/- 0.0173, % updates: 15.271%
INFO:root:-- EPOCH 55 (4.815 seconds):
INFO:root:COST >> 1.7333 +/- 0.015, % updates: 15.144%
INFO:root:-- EPOCH 56 (4.742 seconds):
INFO:root:COST >> 1.712 +/- 0.0198, % updates: 15.028%
INFO:root:-- EPOCH 57 (4.72 seconds):
INFO:root:COST >> 1.7184 +/- 0.0149, % updates: 14.972%
INFO:root:-- EPOCH 58 (4.851 seconds):
INFO:root:COST >> 1.7075 +/- 0.0145, % updates: 14.859%
INFO:root:-- EPOCH 59 (4.788 seconds):
INFO:root:COST >> 1.7004 +/- 0.0176, % updates: 14.788%
INFO:root:-- EPOCH 60 (4.828 seconds):
INFO:root:COST >> 1.6906 +/- 0.0149, % updates: 14.68%
INFO:root:-- EPOCH 61 (4.641 seconds):
INFO:root:COST >> 1.6836 +/- 0.02, % updates: 14.571%
INFO:root:-- EPOCH 62 (4.822 seconds):
INFO:root:COST >> 1.6798 +/- 0.0201, % updates: 14.576%
INFO:root:-- EPOCH 63 (4.815 seconds):
INFO:root:COST >> 1.6775 +/- 0.0084, % updates: 14.489%
INFO:root:-- EPOCH 64 (4.792 seconds):
INFO:root:COST >> 1.6641 +/- 0.0159, % updates: 14.353%
INFO:root:-- EPOCH 65 (4.748 seconds):
INFO:root:COST >> 1.6667 +/- 0.0115, % updates: 14.325%
INFO:root:-- EPOCH 66 (4.791 seconds):
INFO:root:COST >> 1.6531 +/- 0.0161, % updates: 14.166%
INFO:root:-- EPOCH 67 (4.809 seconds):
INFO:root:COST >> 1.6499 +/- 0.0136, % updates: 14.16%
INFO:root:-- EPOCH 68 (4.753 seconds):
INFO:root:COST >> 1.652 +/- 0.0129, % updates: 14.117%
INFO:root:-- EPOCH 69 (4.825 seconds):
INFO:root:COST >> 1.6473 +/- 0.0162, % updates: 14.042%
INFO:root:-- EPOCH 70 (4.722 seconds):
INFO:root:COST >> 1.6315 +/- 0.0183, % updates: 13.92%
INFO:root:-- EPOCH 71 (4.98 seconds):
INFO:root:COST >> 1.6348 +/- 0.0119, % updates: 13.861%
INFO:root:-- EPOCH 72 (5.472 seconds):
INFO:root:COST >> 1.6221 +/- 0.0205, % updates: 13.819%
INFO:root:-- EPOCH 73 (5.391 seconds):
INFO:root:COST >> 1.6187 +/- 0.0169, % updates: 13.756%
INFO:root:-- EPOCH 74 (5.491 seconds):
INFO:root:COST >> 1.6187 +/- 0.0132, % updates: 13.725%
INFO:root:-- EPOCH 75 (5.39 seconds):
INFO:root:COST >> 1.6056 +/- 0.0176, % updates: 13.603%
INFO:root:-- EPOCH 76 (5.372 seconds):
INFO:root:COST >> 1.6177 +/- 0.0155, % updates: 13.616%
INFO:root:-- EPOCH 77 (5.49 seconds):
INFO:root:COST >> 1.6018 +/- 0.02, % updates: 13.528%
INFO:root:-- EPOCH 78 (5.422 seconds):
INFO:root:COST >> 1.6001 +/- 0.0131, % updates: 13.447%
INFO:root:-- EPOCH 79 (5.502 seconds):
INFO:root:COST >> 1.5874 +/- 0.023, % updates: 13.388%
INFO:root:-- EPOCH 80 (5.443 seconds):
INFO:root:COST >> 1.5911 +/- 0.0107, % updates: 13.383%
INFO:root:-- EPOCH 81 (5.415 seconds):
INFO:root:COST >> 1.5859 +/- 0.0154, % updates: 13.301%
INFO:root:-- EPOCH 82 (5.444 seconds):
INFO:root:COST >> 1.5861 +/- 0.0149, % updates: 13.213%
INFO:root:-- EPOCH 83 (5.398 seconds):
INFO:root:COST >> 1.586 +/- 0.0158, % updates: 13.234%
INFO:root:-- EPOCH 84 (5.477 seconds):
INFO:root:COST >> 1.5752 +/- 0.0107, % updates: 13.14%
INFO:root:-- EPOCH 85 (5.373 seconds):
INFO:root:COST >> 1.574 +/- 0.0135, % updates: 13.116%
INFO:root:-- EPOCH 86 (5.557 seconds):
INFO:root:COST >> 1.5694 +/- 0.0113, % updates: 13.076%
INFO:root:-- EPOCH 87 (5.405 seconds):
INFO:root:COST >> 1.568 +/- 0.0165, % updates: 12.992%
INFO:root:-- EPOCH 88 (5.647 seconds):
INFO:root:COST >> 1.568 +/- 0.0151, % updates: 13.005%
INFO:root:-- EPOCH 89 (5.469 seconds):
INFO:root:COST >> 1.5537 +/- 0.0195, % updates: 12.893%
INFO:root:-- EPOCH 90 (5.373 seconds):
INFO:root:COST >> 1.5546 +/- 0.0156, % updates: 12.826%
INFO:root:-- EPOCH 91 (5.491 seconds):
INFO:root:COST >> 1.547 +/- 0.0124, % updates: 12.75%
INFO:root:-- EPOCH 92 (5.329 seconds):
INFO:root:COST >> 1.5523 +/- 0.0125, % updates: 12.812%
INFO:root:-- EPOCH 93 (5.487 seconds):
INFO:root:COST >> 1.5372 +/- 0.016, % updates: 12.628%
INFO:root:-- EPOCH 94 (5.408 seconds):
INFO:root:COST >> 1.5366 +/- 0.0091, % updates: 12.63%
INFO:root:-- EPOCH 95 (5.34 seconds):
INFO:root:COST >> 1.5351 +/- 0.0111, % updates: 12.602%
INFO:root:-- EPOCH 96 (5.528 seconds):
INFO:root:COST >> 1.523 +/- 0.0135, % updates: 12.54%
INFO:root:-- EPOCH 97 (5.396 seconds):
INFO:root:COST >> 1.5233 +/- 0.0103, % updates: 12.564%
INFO:root:-- EPOCH 98 (5.509 seconds):
INFO:root:COST >> 1.5263 +/- 0.0168, % updates: 12.496%
INFO:root:-- EPOCH 99 (5.402 seconds):
INFO:root:COST >> 1.5247 +/- 0.0164, % updates: 12.416%
INFO:root:-- EPOCH 100 (5.439 seconds):
INFO:root:COST >> 1.5249 +/- 0.0218, % updates: 12.439%
INFO:root:### MICRO (raw valid):
INFO:root:	-- left   >> mean: 513.30516, median: 140.0, hits@10: 18.528%
INFO:root:	-- right  >> mean: 412.8782, median: 70.0, hits@10: 26.628%
INFO:root:	-- global >> mean: 463.09168, median: 101.0, hits@10: 22.578%
INFO:root:### MACRO (raw valid):
INFO:root:	-- left   >> mean: 224.93233, median: 196.94214, hits@10: 38.352%
INFO:root:	-- right  >> mean: 177.29064, median: 149.84334, hits@10: 44.652%
INFO:root:	-- global >> mean: 201.11148, median: 95.89356, hits@10: 41.502%
INFO:root:### MICRO (filtered valid):
INFO:root:	-- left   >> mean: 388.53064, median: 82.0, hits@10: 25.182%
INFO:root:	-- right  >> mean: 336.2167, median: 52.0, hits@10: 32.2%
INFO:root:	-- global >> mean: 362.37367, median: 66.0, hits@10: 28.691%
INFO:root:### MACRO (filtered valid):
INFO:root:	-- left   >> mean: 196.7774, median: 164.5071, hits@10: 44.497%
INFO:root:	-- right  >> mean: 164.17365, median: 134.79858, hits@10: 49.017%
INFO:root:	-- global >> mean: 180.47552, median: 92.45469, hits@10: 46.757%
INFO:root:### MICRO (raw test):
INFO:root:	-- left   >> mean: 508.80627, median: 137.0, hits@10: 19.016%
INFO:root:	-- right  >> mean: 422.16055, median: 72.0, hits@10: 26.412%
INFO:root:	-- global >> mean: 465.48341, median: 102.0, hits@10: 22.714%
INFO:root:### MACRO (raw test):
INFO:root:	-- left   >> mean: 234.20042, median: 202.33091, hits@10: 38.106%
INFO:root:	-- right  >> mean: 202.65631, median: 173.43548, hits@10: 45.517%
INFO:root:	-- global >> mean: 218.42837, median: 110.97867, hits@10: 41.812%
INFO:root:### MICRO (filtered test):
INFO:root:	-- left   >> mean: 385.9611, median: 81.0, hits@10: 25.612%
INFO:root:	-- right  >> mean: 342.24835, median: 53.0, hits@10: 32.028%
INFO:root:	-- global >> mean: 364.10472, median: 66.0, hits@10: 28.82%
INFO:root:### MACRO (filtered test):
INFO:root:	-- left   >> mean: 207.52242, median: 171.78876, hits@10: 44.328%
INFO:root:	-- right  >> mean: 189.89462, median: 158.82518, hits@10: 49.692%
INFO:root:	-- global >> mean: 198.70852, median: 107.62383, hits@10: 47.01%
