INFO:root:Shape for training set: (16296, 483142)
INFO:root:State: {'ndim': '50', 'test_all': '100', 'test_path': 'data/fb15k/FB15k-test.pkl', 'nhid': '50', 'lremb': '0.1', 'seed': '123', 'simfn': 'L1', 'valid_path': 'data/fb15k/FB15k-valid.pkl', 'nbatches': '10', 'lrparam': '0.1', 'decay': '0.999', 'show_hinton_diagrams': 'False', 'no_rescaling': 'True', 'Nrel': '1345', 'ranking_score_right': 'False', 'Nent': '16296', 'Nsyn': '14951', 'method': 'ADAGRAD', 'loss_margin': '2.0', 'C': '1.0', 'epsilon': '1e-06', 'use_db': 'False', 'max_lr': 'None', 'l1_param_weight': 'None', 'filtered': 'True', 'name': 'fb15k_margin/fb15k_XiNTransE_382', 'totepochs': '100', 'l2_param_weight': 'None', 'train_path': 'data/fb15k/FB15k-train.pkl', 'op': 'XiNTransE'}
INFO:root:Starting the Experiment ..
INFO:root:-- EPOCH 1 (10.137 seconds):
INFO:root:COST >> 2.1853 +/- 1.0453, % updates: 73.809%
INFO:root:-- EPOCH 2 (10.445 seconds):
INFO:root:COST >> 0.5835 +/- 0.0844, % updates: 29.102%
INFO:root:-- EPOCH 3 (10.586 seconds):
INFO:root:COST >> 0.3725 +/- 0.0189, % updates: 20.005%
INFO:root:-- EPOCH 4 (9.792 seconds):
INFO:root:COST >> 0.2925 +/- 0.0042, % updates: 16.141%
INFO:root:-- EPOCH 5 (9.629 seconds):
INFO:root:COST >> 0.2516 +/- 0.0018, % updates: 13.989%
INFO:root:-- EPOCH 6 (9.593 seconds):
INFO:root:COST >> 0.2261 +/- 0.0031, % updates: 12.544%
INFO:root:-- EPOCH 7 (9.663 seconds):
INFO:root:COST >> 0.2092 +/- 0.0031, % updates: 11.537%
INFO:root:-- EPOCH 8 (9.813 seconds):
INFO:root:COST >> 0.1956 +/- 0.0043, % updates: 10.732%
INFO:root:-- EPOCH 9 (11.329 seconds):
INFO:root:COST >> 0.1858 +/- 0.0029, % updates: 10.149%
INFO:root:-- EPOCH 10 (11.572 seconds):
INFO:root:COST >> 0.1782 +/- 0.0031, % updates: 9.69%
INFO:root:-- EPOCH 11 (10.926 seconds):
INFO:root:COST >> 0.173 +/- 0.0036, % updates: 9.351%
INFO:root:-- EPOCH 12 (9.477 seconds):
INFO:root:COST >> 0.1674 +/- 0.0047, % updates: 8.987%
INFO:root:-- EPOCH 13 (9.528 seconds):
INFO:root:COST >> 0.1614 +/- 0.0034, % updates: 8.643%
INFO:root:-- EPOCH 14 (11.615 seconds):
INFO:root:COST >> 0.1584 +/- 0.0028, % updates: 8.457%
INFO:root:-- EPOCH 15 (10.61 seconds):
INFO:root:COST >> 0.1542 +/- 0.0037, % updates: 8.25%
INFO:root:-- EPOCH 16 (11.642 seconds):
INFO:root:COST >> 0.1514 +/- 0.0032, % updates: 8.075%
INFO:root:-- EPOCH 17 (11.59 seconds):
INFO:root:COST >> 0.1493 +/- 0.0035, % updates: 7.934%
INFO:root:-- EPOCH 18 (10.806 seconds):
INFO:root:COST >> 0.1458 +/- 0.0024, % updates: 7.742%
INFO:root:-- EPOCH 19 (12.12 seconds):
INFO:root:COST >> 0.1448 +/- 0.0028, % updates: 7.647%
INFO:root:-- EPOCH 20 (11.62 seconds):
INFO:root:COST >> 0.1416 +/- 0.0037, % updates: 7.45%
INFO:root:-- EPOCH 21 (11.037 seconds):
INFO:root:COST >> 0.1398 +/- 0.0024, % updates: 7.369%
INFO:root:-- EPOCH 22 (9.589 seconds):
INFO:root:COST >> 0.1377 +/- 0.0043, % updates: 7.245%
INFO:root:-- EPOCH 23 (11.118 seconds):
INFO:root:COST >> 0.1368 +/- 0.0047, % updates: 7.14%
INFO:root:-- EPOCH 24 (11.587 seconds):
INFO:root:COST >> 0.1358 +/- 0.0039, % updates: 7.072%
INFO:root:-- EPOCH 25 (9.47 seconds):
INFO:root:COST >> 0.1339 +/- 0.0032, % updates: 7.007%
INFO:root:-- EPOCH 26 (9.329 seconds):
INFO:root:COST >> 0.1341 +/- 0.0034, % updates: 6.933%
INFO:root:-- EPOCH 27 (9.407 seconds):
INFO:root:COST >> 0.1316 +/- 0.0031, % updates: 6.848%
INFO:root:-- EPOCH 28 (9.345 seconds):
INFO:root:COST >> 0.1305 +/- 0.0029, % updates: 6.76%
INFO:root:-- EPOCH 29 (9.528 seconds):
INFO:root:COST >> 0.1285 +/- 0.0024, % updates: 6.663%
INFO:root:-- EPOCH 30 (9.371 seconds):
INFO:root:COST >> 0.1274 +/- 0.0034, % updates: 6.617%
INFO:root:-- EPOCH 31 (10.108 seconds):
INFO:root:COST >> 0.1271 +/- 0.0042, % updates: 6.556%
INFO:root:-- EPOCH 32 (10.262 seconds):
INFO:root:COST >> 0.1253 +/- 0.0032, % updates: 6.469%
INFO:root:-- EPOCH 33 (9.401 seconds):
INFO:root:COST >> 0.1247 +/- 0.0024, % updates: 6.419%
INFO:root:-- EPOCH 34 (9.28 seconds):
INFO:root:COST >> 0.1241 +/- 0.0028, % updates: 6.409%
INFO:root:-- EPOCH 35 (9.293 seconds):
INFO:root:COST >> 0.1241 +/- 0.0034, % updates: 6.355%
INFO:root:-- EPOCH 36 (9.585 seconds):
INFO:root:COST >> 0.1223 +/- 0.0038, % updates: 6.281%
INFO:root:-- EPOCH 37 (11.343 seconds):
INFO:root:COST >> 0.12 +/- 0.0028, % updates: 6.227%
INFO:root:-- EPOCH 38 (10.456 seconds):
INFO:root:COST >> 0.1212 +/- 0.002, % updates: 6.204%
INFO:root:-- EPOCH 39 (9.382 seconds):
INFO:root:COST >> 0.1199 +/- 0.0022, % updates: 6.173%
INFO:root:-- EPOCH 40 (9.719 seconds):
INFO:root:COST >> 0.1191 +/- 0.0022, % updates: 6.073%
INFO:root:-- EPOCH 41 (9.786 seconds):
INFO:root:COST >> 0.1179 +/- 0.0022, % updates: 6.051%
INFO:root:-- EPOCH 42 (9.604 seconds):
INFO:root:COST >> 0.1182 +/- 0.0026, % updates: 6.012%
INFO:root:-- EPOCH 43 (12.46 seconds):
INFO:root:COST >> 0.1172 +/- 0.0032, % updates: 5.988%
INFO:root:-- EPOCH 44 (9.408 seconds):
INFO:root:COST >> 0.1174 +/- 0.0032, % updates: 5.975%
INFO:root:-- EPOCH 45 (10.265 seconds):
INFO:root:COST >> 0.1162 +/- 0.0022, % updates: 5.888%
INFO:root:-- EPOCH 46 (10.278 seconds):
INFO:root:COST >> 0.1157 +/- 0.0022, % updates: 5.867%
INFO:root:-- EPOCH 47 (9.766 seconds):
INFO:root:COST >> 0.1148 +/- 0.0021, % updates: 5.829%
INFO:root:-- EPOCH 48 (10.626 seconds):
INFO:root:COST >> 0.1158 +/- 0.0024, % updates: 5.85%
INFO:root:-- EPOCH 49 (9.531 seconds):
INFO:root:COST >> 0.1134 +/- 0.003, % updates: 5.788%
INFO:root:-- EPOCH 50 (9.209 seconds):
INFO:root:COST >> 0.1131 +/- 0.0036, % updates: 5.777%
INFO:root:-- EPOCH 51 (11.266 seconds):
INFO:root:COST >> 0.1132 +/- 0.0022, % updates: 5.764%
INFO:root:-- EPOCH 52 (10.819 seconds):
INFO:root:COST >> 0.1116 +/- 0.0026, % updates: 5.688%
INFO:root:-- EPOCH 53 (10.636 seconds):
INFO:root:COST >> 0.1128 +/- 0.0029, % updates: 5.684%
INFO:root:-- EPOCH 54 (9.807 seconds):
INFO:root:COST >> 0.1121 +/- 0.0017, % updates: 5.641%
INFO:root:-- EPOCH 55 (9.369 seconds):
INFO:root:COST >> 0.1112 +/- 0.0019, % updates: 5.614%
INFO:root:-- EPOCH 56 (9.476 seconds):
INFO:root:COST >> 0.1099 +/- 0.0034, % updates: 5.536%
INFO:root:-- EPOCH 57 (10.146 seconds):
INFO:root:COST >> 0.1112 +/- 0.0022, % updates: 5.618%
INFO:root:-- EPOCH 58 (10.497 seconds):
INFO:root:COST >> 0.1102 +/- 0.0033, % updates: 5.537%
INFO:root:-- EPOCH 59 (9.44 seconds):
INFO:root:COST >> 0.1098 +/- 0.0027, % updates: 5.509%
INFO:root:-- EPOCH 60 (9.615 seconds):
INFO:root:COST >> 0.1096 +/- 0.002, % updates: 5.517%
INFO:root:-- EPOCH 61 (9.203 seconds):
INFO:root:COST >> 0.1092 +/- 0.0028, % updates: 5.471%
INFO:root:-- EPOCH 62 (9.984 seconds):
INFO:root:COST >> 0.1079 +/- 0.0022, % updates: 5.42%
INFO:root:-- EPOCH 63 (9.43 seconds):
INFO:root:COST >> 0.109 +/- 0.0018, % updates: 5.465%
INFO:root:-- EPOCH 64 (11.308 seconds):
INFO:root:COST >> 0.1071 +/- 0.0029, % updates: 5.376%
INFO:root:-- EPOCH 65 (10.019 seconds):
INFO:root:COST >> 0.1078 +/- 0.0031, % updates: 5.398%
INFO:root:-- EPOCH 66 (12.361 seconds):
INFO:root:COST >> 0.1066 +/- 0.003, % updates: 5.327%
INFO:root:-- EPOCH 67 (9.808 seconds):
INFO:root:COST >> 0.1058 +/- 0.0023, % updates: 5.303%
INFO:root:-- EPOCH 68 (10.0 seconds):
INFO:root:COST >> 0.1068 +/- 0.0025, % updates: 5.355%
INFO:root:-- EPOCH 69 (9.733 seconds):
INFO:root:COST >> 0.1068 +/- 0.0031, % updates: 5.341%
INFO:root:-- EPOCH 70 (9.41 seconds):
INFO:root:COST >> 0.1057 +/- 0.0024, % updates: 5.268%
INFO:root:-- EPOCH 71 (9.547 seconds):
INFO:root:COST >> 0.1054 +/- 0.0015, % updates: 5.28%
INFO:root:-- EPOCH 72 (11.214 seconds):
INFO:root:COST >> 0.1043 +/- 0.0021, % updates: 5.249%
INFO:root:-- EPOCH 73 (10.146 seconds):
INFO:root:COST >> 0.1044 +/- 0.0023, % updates: 5.201%
INFO:root:-- EPOCH 74 (9.6 seconds):
INFO:root:COST >> 0.1048 +/- 0.0019, % updates: 5.21%
INFO:root:-- EPOCH 75 (12.19 seconds):
INFO:root:COST >> 0.1041 +/- 0.0019, % updates: 5.163%
INFO:root:-- EPOCH 76 (9.493 seconds):
INFO:root:COST >> 0.1039 +/- 0.0023, % updates: 5.193%
INFO:root:-- EPOCH 77 (11.765 seconds):
INFO:root:COST >> 0.1029 +/- 0.0023, % updates: 5.138%
INFO:root:-- EPOCH 78 (10.744 seconds):
INFO:root:COST >> 0.1033 +/- 0.0021, % updates: 5.146%
INFO:root:-- EPOCH 79 (9.283 seconds):
INFO:root:COST >> 0.1022 +/- 0.002, % updates: 5.109%
INFO:root:-- EPOCH 80 (9.248 seconds):
INFO:root:COST >> 0.1032 +/- 0.0024, % updates: 5.13%
INFO:root:-- EPOCH 81 (9.309 seconds):
INFO:root:COST >> 0.1022 +/- 0.0016, % updates: 5.053%
INFO:root:-- EPOCH 82 (9.224 seconds):
INFO:root:COST >> 0.102 +/- 0.0014, % updates: 5.093%
INFO:root:-- EPOCH 83 (9.299 seconds):
INFO:root:COST >> 0.1015 +/- 0.0026, % updates: 5.041%
INFO:root:-- EPOCH 84 (9.234 seconds):
INFO:root:COST >> 0.102 +/- 0.0024, % updates: 5.044%
INFO:root:-- EPOCH 85 (9.156 seconds):
INFO:root:COST >> 0.102 +/- 0.002, % updates: 5.07%
INFO:root:-- EPOCH 86 (9.751 seconds):
INFO:root:COST >> 0.1012 +/- 0.0019, % updates: 5.023%
INFO:root:-- EPOCH 87 (9.183 seconds):
INFO:root:COST >> 0.1014 +/- 0.0021, % updates: 4.997%
INFO:root:-- EPOCH 88 (9.2 seconds):
INFO:root:COST >> 0.1011 +/- 0.0018, % updates: 5.019%
INFO:root:-- EPOCH 89 (9.207 seconds):
INFO:root:COST >> 0.1002 +/- 0.0022, % updates: 4.94%
INFO:root:-- EPOCH 90 (9.177 seconds):
INFO:root:COST >> 0.1005 +/- 0.0024, % updates: 4.922%
INFO:root:-- EPOCH 91 (9.261 seconds):
INFO:root:COST >> 0.0996 +/- 0.0021, % updates: 4.924%
INFO:root:-- EPOCH 92 (9.225 seconds):
INFO:root:COST >> 0.1 +/- 0.0016, % updates: 4.94%
INFO:root:-- EPOCH 93 (9.304 seconds):
INFO:root:COST >> 0.0995 +/- 0.0017, % updates: 4.915%
INFO:root:-- EPOCH 94 (8.745 seconds):
INFO:root:COST >> 0.0997 +/- 0.0022, % updates: 4.896%
INFO:root:-- EPOCH 95 (8.772 seconds):
INFO:root:COST >> 0.0994 +/- 0.0028, % updates: 4.889%
INFO:root:-- EPOCH 96 (8.807 seconds):
INFO:root:COST >> 0.0995 +/- 0.0015, % updates: 4.899%
INFO:root:-- EPOCH 97 (8.744 seconds):
INFO:root:COST >> 0.0984 +/- 0.0015, % updates: 4.854%
INFO:root:-- EPOCH 98 (8.969 seconds):
INFO:root:COST >> 0.0992 +/- 0.0024, % updates: 4.86%
INFO:root:-- EPOCH 99 (8.666 seconds):
INFO:root:COST >> 0.0992 +/- 0.0027, % updates: 4.862%
INFO:root:-- EPOCH 100 (8.765 seconds):
INFO:root:COST >> 0.0985 +/- 0.0028, % updates: 4.845%
INFO:root:### MICRO (raw valid):
INFO:root:	-- left   >> mean: 249.20684, median: 20.0, hits@10: 38.884%
INFO:root:	-- right  >> mean: 166.78402, median: 12.0, hits@10: 47.312%
INFO:root:	-- global >> mean: 207.99543, median: 15.0, hits@10: 43.098%
INFO:root:### MACRO (raw valid):
INFO:root:	-- left   >> mean: 142.02995, median: 84.70087, hits@10: 54.65%
INFO:root:	-- right  >> mean: 111.10692, median: 68.83624, hits@10: 61.594%
INFO:root:	-- global >> mean: 126.56843, median: 46.84334, hits@10: 58.122%
INFO:root:### MICRO (filtered valid):
INFO:root:	-- left   >> mean: 110.12744, median: 8.0, hits@10: 55.6%
INFO:root:	-- right  >> mean: 84.35026, median: 5.0, hits@10: 61.556%
INFO:root:	-- global >> mean: 97.23885, median: 6.0, hits@10: 58.578%
INFO:root:### MACRO (filtered valid):
INFO:root:	-- left   >> mean: 110.67889, median: 52.30731, hits@10: 66.488%
INFO:root:	-- right  >> mean: 96.65906, median: 54.70688, hits@10: 69.78%
INFO:root:	-- global >> mean: 103.66897, median: 41.64956, hits@10: 68.134%
INFO:root:### MICRO (raw test):
INFO:root:	-- left   >> mean: 240.9653, median: 19.0, hits@10: 39.348%
INFO:root:	-- right  >> mean: 168.45582, median: 12.0, hits@10: 47.092%
INFO:root:	-- global >> mean: 204.71056, median: 15.0, hits@10: 43.22%
INFO:root:### MACRO (raw test):
INFO:root:	-- left   >> mean: 166.24968, median: 130.81686, hits@10: 54.982%
INFO:root:	-- right  >> mean: 122.44128, median: 92.19563, hits@10: 62.098%
INFO:root:	-- global >> mean: 144.34548, median: 78.60718, hits@10: 58.54%
INFO:root:### MICRO (filtered test):
INFO:root:	-- left   >> mean: 103.98192, median: 7.0, hits@10: 55.88%
INFO:root:	-- right  >> mean: 82.58171, median: 5.0, hits@10: 61.059%
INFO:root:	-- global >> mean: 93.28181, median: 6.0, hits@10: 58.469%
INFO:root:### MACRO (filtered test):
INFO:root:	-- left   >> mean: 136.58593, median: 100.10978, hits@10: 66.099%
INFO:root:	-- right  >> mean: 108.46541, median: 78.26223, hits@10: 69.33%
INFO:root:	-- global >> mean: 122.52567, median: 73.97919, hits@10: 67.714%
