INFO:root:Shape for training set: (40961, 141442)
INFO:root:State: {'ndim': '50', 'test_all': 'None', 'test_path': 'None', 'nhid': '50', 'lremb': '0.001', 'seed': '4', 'simfn': 'L1', 'valid_path': 'None', 'nbatches': '10', 'lrparam': '0.001', 'decay': '0.9', 'show_hinton_diagrams': 'False', 'no_rescaling': 'True', 'Nrel': '18', 'ranking_score_right': 'False', 'Nent': '40961', 'Nsyn': '40943', 'method': 'MOMENTUM', 'loss_margin': '1.0', 'C': '1.0', 'epsilon': '1e-06', 'use_db': 'True', 'max_lr': 'None', 'l1_param_weight': 'None', 'filtered': 'False', 'name': 'wn_50/wn_MOMENTUM_184', 'totepochs': '50', 'l2_param_weight': 'None', 'train_path': 'data/wn/WN-train.pkl', 'op': 'TransE'}
INFO:root:Starting the Experiment ..
INFO:root:-- EPOCH 1 (3.182 seconds):
INFO:root:COST >> 2.0431 +/- 0.1098, % updates: 73.949%
INFO:root:-- EPOCH 2 (3.252 seconds):
INFO:root:COST >> 1.5836 +/- 0.0539, % updates: 59.392%
INFO:root:-- EPOCH 3 (3.181 seconds):
INFO:root:COST >> 1.4106 +/- 0.02, % updates: 53.035%
INFO:root:-- EPOCH 4 (2.711 seconds):
INFO:root:COST >> 1.3507 +/- 0.0266, % updates: 50.167%
INFO:root:-- EPOCH 5 (2.906 seconds):
INFO:root:COST >> 1.2876 +/- 0.0186, % updates: 48.505%
INFO:root:-- EPOCH 6 (3.105 seconds):
INFO:root:COST >> 1.2321 +/- 0.0233, % updates: 47.606%
INFO:root:-- EPOCH 7 (3.179 seconds):
INFO:root:COST >> 1.1998 +/- 0.0313, % updates: 46.669%
INFO:root:-- EPOCH 8 (3.143 seconds):
INFO:root:COST >> 1.1761 +/- 0.0355, % updates: 45.951%
INFO:root:-- EPOCH 9 (3.225 seconds):
INFO:root:COST >> 1.1709 +/- 0.0338, % updates: 45.643%
INFO:root:-- EPOCH 10 (3.152 seconds):
INFO:root:COST >> 1.1587 +/- 0.0333, % updates: 45.269%
INFO:root:-- EPOCH 11 (3.095 seconds):
INFO:root:COST >> 1.1473 +/- 0.0338, % updates: 45.106%
INFO:root:-- EPOCH 12 (3.229 seconds):
INFO:root:COST >> 1.1432 +/- 0.0347, % updates: 44.829%
INFO:root:-- EPOCH 13 (3.144 seconds):
INFO:root:COST >> 1.1389 +/- 0.0399, % updates: 44.616%
INFO:root:-- EPOCH 14 (3.218 seconds):
INFO:root:COST >> 1.1392 +/- 0.0395, % updates: 44.428%
INFO:root:-- EPOCH 15 (3.207 seconds):
INFO:root:COST >> 1.1312 +/- 0.0341, % updates: 44.26%
INFO:root:-- EPOCH 16 (3.221 seconds):
INFO:root:COST >> 1.1254 +/- 0.0287, % updates: 43.857%
INFO:root:-- EPOCH 17 (3.221 seconds):
INFO:root:COST >> 1.1273 +/- 0.0345, % updates: 43.967%
INFO:root:-- EPOCH 18 (3.212 seconds):
INFO:root:COST >> 1.1268 +/- 0.0391, % updates: 43.874%
INFO:root:-- EPOCH 19 (3.167 seconds):
INFO:root:COST >> 1.1239 +/- 0.029, % updates: 43.831%
INFO:root:-- EPOCH 20 (3.126 seconds):
INFO:root:COST >> 1.1192 +/- 0.0374, % updates: 43.54%
INFO:root:-- EPOCH 21 (3.207 seconds):
INFO:root:COST >> 1.1211 +/- 0.037, % updates: 43.559%
INFO:root:-- EPOCH 22 (3.131 seconds):
INFO:root:COST >> 1.1181 +/- 0.0399, % updates: 43.426%
INFO:root:-- EPOCH 23 (3.12 seconds):
INFO:root:COST >> 1.1184 +/- 0.0313, % updates: 43.316%
INFO:root:-- EPOCH 24 (3.138 seconds):
INFO:root:COST >> 1.1205 +/- 0.0345, % updates: 43.335%
INFO:root:-- EPOCH 25 (3.118 seconds):
INFO:root:COST >> 1.1186 +/- 0.0383, % updates: 43.244%
INFO:root:-- EPOCH 26 (3.149 seconds):
INFO:root:COST >> 1.1134 +/- 0.0377, % updates: 43.229%
INFO:root:-- EPOCH 27 (3.102 seconds):
INFO:root:COST >> 1.1198 +/- 0.0351, % updates: 43.238%
INFO:root:-- EPOCH 28 (3.262 seconds):
INFO:root:COST >> 1.1172 +/- 0.0419, % updates: 43.185%
INFO:root:-- EPOCH 29 (3.194 seconds):
INFO:root:COST >> 1.1215 +/- 0.0358, % updates: 43.164%
INFO:root:-- EPOCH 30 (3.212 seconds):
INFO:root:COST >> 1.1225 +/- 0.0374, % updates: 43.126%
INFO:root:-- EPOCH 31 (3.158 seconds):
INFO:root:COST >> 1.1207 +/- 0.0392, % updates: 43.152%
INFO:root:-- EPOCH 32 (3.245 seconds):
INFO:root:COST >> 1.1163 +/- 0.0304, % updates: 43.073%
INFO:root:-- EPOCH 33 (3.174 seconds):
INFO:root:COST >> 1.1141 +/- 0.0374, % updates: 42.947%
INFO:root:-- EPOCH 34 (3.139 seconds):
INFO:root:COST >> 1.1134 +/- 0.0346, % updates: 42.816%
INFO:root:-- EPOCH 35 (3.11 seconds):
INFO:root:COST >> 1.112 +/- 0.0357, % updates: 42.831%
INFO:root:-- EPOCH 36 (3.109 seconds):
INFO:root:COST >> 1.115 +/- 0.0351, % updates: 42.872%
INFO:root:-- EPOCH 37 (3.137 seconds):
INFO:root:COST >> 1.1148 +/- 0.0408, % updates: 42.837%
INFO:root:-- EPOCH 38 (3.16 seconds):
INFO:root:COST >> 1.1146 +/- 0.0378, % updates: 42.863%
INFO:root:-- EPOCH 39 (3.152 seconds):
INFO:root:COST >> 1.1116 +/- 0.0406, % updates: 42.751%
INFO:root:-- EPOCH 40 (3.184 seconds):
INFO:root:COST >> 1.115 +/- 0.0314, % updates: 42.712%
INFO:root:-- EPOCH 41 (3.253 seconds):
INFO:root:COST >> 1.1135 +/- 0.0295, % updates: 42.751%
INFO:root:-- EPOCH 42 (3.12 seconds):
INFO:root:COST >> 1.1115 +/- 0.0396, % updates: 42.553%
INFO:root:-- EPOCH 43 (3.201 seconds):
INFO:root:COST >> 1.1109 +/- 0.0382, % updates: 42.652%
INFO:root:-- EPOCH 44 (3.146 seconds):
INFO:root:COST >> 1.1115 +/- 0.0328, % updates: 42.645%
INFO:root:-- EPOCH 45 (3.143 seconds):
INFO:root:COST >> 1.1176 +/- 0.0335, % updates: 42.686%
INFO:root:-- EPOCH 46 (3.177 seconds):
INFO:root:COST >> 1.114 +/- 0.0374, % updates: 42.629%
INFO:root:-- EPOCH 47 (3.132 seconds):
INFO:root:COST >> 1.1144 +/- 0.0324, % updates: 42.718%
INFO:root:-- EPOCH 48 (3.141 seconds):
INFO:root:COST >> 1.1126 +/- 0.0323, % updates: 42.543%
INFO:root:-- EPOCH 49 (3.107 seconds):
INFO:root:COST >> 1.1129 +/- 0.0349, % updates: 42.56%
INFO:root:-- EPOCH 50 (3.226 seconds):
INFO:root:COST >> 1.1104 +/- 0.0351, % updates: 42.545%
