INFO:root:Shape for training set: (40961, 141442)
INFO:root:State: {'ndim': '50', 'test_all': 'None', 'test_path': 'None', 'nhid': '50', 'lremb': '10.0', 'seed': '9', 'simfn': 'L1', 'valid_path': 'None', 'nbatches': '10', 'lrparam': '10.0', 'decay': '0.5', 'show_hinton_diagrams': 'False', 'no_rescaling': 'True', 'Nrel': '18', 'ranking_score_right': 'False', 'Nent': '40961', 'Nsyn': '40943', 'method': 'MOMENTUM', 'loss_margin': '1.0', 'C': '1.0', 'epsilon': '1e-06', 'use_db': 'True', 'max_lr': 'None', 'l1_param_weight': 'None', 'filtered': 'False', 'name': 'wn_50/wn_MOMENTUM_399', 'totepochs': '50', 'l2_param_weight': 'None', 'train_path': 'data/wn/WN-train.pkl', 'op': 'TransE'}
INFO:root:Starting the Experiment ..
INFO:root:-- EPOCH 1 (3.136 seconds):
INFO:root:COST >> 3.8505 +/- 0.7809, % updates: 60.67%
INFO:root:-- EPOCH 2 (3.205 seconds):
INFO:root:COST >> 4.3779 +/- 0.2245, % updates: 54.288%
INFO:root:-- EPOCH 3 (3.157 seconds):
INFO:root:COST >> 4.37 +/- 0.2311, % updates: 54.236%
INFO:root:-- EPOCH 4 (3.245 seconds):
INFO:root:COST >> 4.3575 +/- 0.2358, % updates: 54.387%
INFO:root:-- EPOCH 5 (3.134 seconds):
INFO:root:COST >> 4.3454 +/- 0.2425, % updates: 53.957%
INFO:root:-- EPOCH 6 (3.289 seconds):
INFO:root:COST >> 4.3445 +/- 0.216, % updates: 54.087%
INFO:root:-- EPOCH 7 (3.3 seconds):
INFO:root:COST >> 4.3651 +/- 0.2291, % updates: 54.21%
INFO:root:-- EPOCH 8 (3.219 seconds):
INFO:root:COST >> 4.3353 +/- 0.2277, % updates: 54.049%
INFO:root:-- EPOCH 9 (3.153 seconds):
INFO:root:COST >> 4.3478 +/- 0.2341, % updates: 54.153%
INFO:root:-- EPOCH 10 (3.14 seconds):
INFO:root:COST >> 4.3488 +/- 0.227, % updates: 54.102%
INFO:root:-- EPOCH 11 (3.186 seconds):
INFO:root:COST >> 4.3676 +/- 0.2154, % updates: 54.153%
INFO:root:-- EPOCH 12 (3.229 seconds):
INFO:root:COST >> 4.3495 +/- 0.2026, % updates: 54.219%
INFO:root:-- EPOCH 13 (3.129 seconds):
INFO:root:COST >> 4.3454 +/- 0.2182, % updates: 54.023%
INFO:root:-- EPOCH 14 (3.191 seconds):
INFO:root:COST >> 4.3472 +/- 0.2108, % updates: 54.222%
INFO:root:-- EPOCH 15 (3.195 seconds):
INFO:root:COST >> 4.3621 +/- 0.2268, % updates: 54.198%
INFO:root:-- EPOCH 16 (3.225 seconds):
INFO:root:COST >> 4.3375 +/- 0.2248, % updates: 54.034%
INFO:root:-- EPOCH 17 (3.117 seconds):
INFO:root:COST >> 4.3541 +/- 0.235, % updates: 54.102%
INFO:root:-- EPOCH 18 (3.193 seconds):
INFO:root:COST >> 4.35 +/- 0.227, % updates: 54.076%
INFO:root:-- EPOCH 19 (3.208 seconds):
INFO:root:COST >> 4.3714 +/- 0.2244, % updates: 54.198%
INFO:root:-- EPOCH 20 (3.232 seconds):
INFO:root:COST >> 4.3604 +/- 0.2389, % updates: 54.214%
INFO:root:-- EPOCH 21 (3.273 seconds):
INFO:root:COST >> 4.3627 +/- 0.2169, % updates: 54.169%
INFO:root:-- EPOCH 22 (3.109 seconds):
INFO:root:COST >> 4.3429 +/- 0.2352, % updates: 54.146%
INFO:root:-- EPOCH 23 (3.1 seconds):
INFO:root:COST >> 4.3583 +/- 0.2397, % updates: 54.19%
INFO:root:-- EPOCH 24 (3.156 seconds):
INFO:root:COST >> 4.3507 +/- 0.2213, % updates: 54.018%
INFO:root:-- EPOCH 25 (3.132 seconds):
INFO:root:COST >> 4.3637 +/- 0.2189, % updates: 54.271%
INFO:root:-- EPOCH 26 (3.238 seconds):
INFO:root:COST >> 4.3525 +/- 0.2605, % updates: 54.137%
INFO:root:-- EPOCH 27 (3.143 seconds):
INFO:root:COST >> 4.3529 +/- 0.2466, % updates: 54.287%
INFO:root:-- EPOCH 28 (3.128 seconds):
INFO:root:COST >> 4.3418 +/- 0.2451, % updates: 54.007%
INFO:root:-- EPOCH 29 (3.154 seconds):
INFO:root:COST >> 4.3558 +/- 0.2311, % updates: 54.258%
INFO:root:-- EPOCH 30 (3.191 seconds):
INFO:root:COST >> 4.3326 +/- 0.2386, % updates: 54.011%
INFO:root:-- EPOCH 31 (3.156 seconds):
INFO:root:COST >> 4.3552 +/- 0.2181, % updates: 54.203%
INFO:root:-- EPOCH 32 (3.126 seconds):
INFO:root:COST >> 4.3476 +/- 0.2417, % updates: 54.126%
INFO:root:-- EPOCH 33 (3.156 seconds):
INFO:root:COST >> 4.3645 +/- 0.2222, % updates: 54.186%
INFO:root:-- EPOCH 34 (3.198 seconds):
INFO:root:COST >> 4.3523 +/- 0.2174, % updates: 54.173%
INFO:root:-- EPOCH 35 (3.212 seconds):
INFO:root:COST >> 4.3454 +/- 0.2012, % updates: 54.208%
INFO:root:-- EPOCH 36 (3.248 seconds):
INFO:root:COST >> 4.3575 +/- 0.2192, % updates: 54.15%
INFO:root:-- EPOCH 37 (3.121 seconds):
INFO:root:COST >> 4.3701 +/- 0.208, % updates: 54.231%
INFO:root:-- EPOCH 38 (3.254 seconds):
INFO:root:COST >> 4.3653 +/- 0.2258, % updates: 54.263%
INFO:root:-- EPOCH 39 (3.176 seconds):
INFO:root:COST >> 4.3503 +/- 0.204, % updates: 54.205%
INFO:root:-- EPOCH 40 (3.181 seconds):
INFO:root:COST >> 4.3751 +/- 0.2047, % updates: 54.294%
INFO:root:-- EPOCH 41 (3.179 seconds):
INFO:root:COST >> 4.3549 +/- 0.2441, % updates: 54.135%
INFO:root:-- EPOCH 42 (2.655 seconds):
INFO:root:COST >> 4.3474 +/- 0.2239, % updates: 54.145%
INFO:root:-- EPOCH 43 (2.457 seconds):
INFO:root:COST >> 4.3596 +/- 0.2136, % updates: 54.054%
INFO:root:-- EPOCH 44 (2.524 seconds):
INFO:root:COST >> 4.3385 +/- 0.2352, % updates: 54.17%
INFO:root:-- EPOCH 45 (2.531 seconds):
INFO:root:COST >> 4.3745 +/- 0.2207, % updates: 54.145%
INFO:root:-- EPOCH 46 (2.531 seconds):
INFO:root:COST >> 4.3617 +/- 0.2264, % updates: 54.169%
INFO:root:-- EPOCH 47 (2.459 seconds):
INFO:root:COST >> 4.3477 +/- 0.2356, % updates: 54.045%
INFO:root:-- EPOCH 48 (2.449 seconds):
INFO:root:COST >> 4.372 +/- 0.24, % updates: 54.174%
INFO:root:-- EPOCH 49 (2.531 seconds):
INFO:root:COST >> 4.3586 +/- 0.2119, % updates: 54.159%
INFO:root:-- EPOCH 50 (2.45 seconds):
INFO:root:COST >> 4.3503 +/- 0.2168, % updates: 54.242%
