INFO:root:Shape for training set: (40961, 141442)
INFO:root:State: {'ndim': '50', 'test_all': 'None', 'test_path': 'None', 'nhid': '50', 'lremb': '0.001', 'seed': '1', 'simfn': 'L1', 'valid_path': 'None', 'nbatches': '10', 'lrparam': '0.001', 'decay': '0.9999', 'show_hinton_diagrams': 'False', 'no_rescaling': 'True', 'Nrel': '18', 'ranking_score_right': 'False', 'Nent': '40961', 'Nsyn': '40943', 'method': 'MOMENTUM', 'loss_margin': '1.0', 'C': '1.0', 'epsilon': '1e-06', 'use_db': 'True', 'max_lr': 'None', 'l1_param_weight': 'None', 'filtered': 'False', 'name': 'wn_50/wn_MOMENTUM_151', 'totepochs': '50', 'l2_param_weight': 'None', 'train_path': 'data/wn/WN-train.pkl', 'op': 'TransE'}
INFO:root:Starting the Experiment ..
INFO:root:-- EPOCH 1 (3.155 seconds):
INFO:root:COST >> 2.0662 +/- 0.1011, % updates: 73.807%
INFO:root:-- EPOCH 2 (3.257 seconds):
INFO:root:COST >> 1.6415 +/- 0.0385, % updates: 57.891%
INFO:root:-- EPOCH 3 (3.153 seconds):
INFO:root:COST >> 1.5144 +/- 0.0392, % updates: 50.387%
INFO:root:-- EPOCH 4 (3.113 seconds):
INFO:root:COST >> 1.5214 +/- 0.0517, % updates: 46.442%
INFO:root:-- EPOCH 5 (3.208 seconds):
INFO:root:COST >> 1.5392 +/- 0.0406, % updates: 44.538%
INFO:root:-- EPOCH 6 (3.176 seconds):
INFO:root:COST >> 1.5427 +/- 0.0368, % updates: 44.114%
INFO:root:-- EPOCH 7 (3.11 seconds):
INFO:root:COST >> 1.5415 +/- 0.0485, % updates: 44.286%
INFO:root:-- EPOCH 8 (3.206 seconds):
INFO:root:COST >> 1.5352 +/- 0.0362, % updates: 44.131%
INFO:root:-- EPOCH 9 (3.268 seconds):
INFO:root:COST >> 1.5249 +/- 0.0422, % updates: 44.003%
INFO:root:-- EPOCH 10 (3.145 seconds):
INFO:root:COST >> 1.5228 +/- 0.0368, % updates: 43.781%
INFO:root:-- EPOCH 11 (3.145 seconds):
INFO:root:COST >> 1.5193 +/- 0.0313, % updates: 43.709%
INFO:root:-- EPOCH 12 (3.226 seconds):
INFO:root:COST >> 1.5134 +/- 0.0365, % updates: 43.583%
INFO:root:-- EPOCH 13 (3.09 seconds):
INFO:root:COST >> 1.5111 +/- 0.0361, % updates: 43.59%
INFO:root:-- EPOCH 14 (3.124 seconds):
INFO:root:COST >> 1.5018 +/- 0.0411, % updates: 43.489%
INFO:root:-- EPOCH 15 (3.212 seconds):
INFO:root:COST >> 1.5028 +/- 0.0377, % updates: 43.714%
INFO:root:-- EPOCH 16 (3.125 seconds):
INFO:root:COST >> 1.504 +/- 0.0366, % updates: 43.751%
INFO:root:-- EPOCH 17 (3.203 seconds):
INFO:root:COST >> 1.5012 +/- 0.0439, % updates: 43.655%
INFO:root:-- EPOCH 18 (3.244 seconds):
INFO:root:COST >> 1.5 +/- 0.0389, % updates: 43.67%
INFO:root:-- EPOCH 19 (3.227 seconds):
INFO:root:COST >> 1.4973 +/- 0.0311, % updates: 43.553%
INFO:root:-- EPOCH 20 (3.2 seconds):
INFO:root:COST >> 1.4966 +/- 0.0441, % updates: 43.584%
INFO:root:-- EPOCH 21 (3.13 seconds):
INFO:root:COST >> 1.5045 +/- 0.0327, % updates: 43.792%
INFO:root:-- EPOCH 22 (3.19 seconds):
INFO:root:COST >> 1.499 +/- 0.0344, % updates: 43.694%
INFO:root:-- EPOCH 23 (3.183 seconds):
INFO:root:COST >> 1.5053 +/- 0.0398, % updates: 43.727%
INFO:root:-- EPOCH 24 (3.225 seconds):
INFO:root:COST >> 1.5027 +/- 0.0371, % updates: 43.712%
INFO:root:-- EPOCH 25 (3.188 seconds):
INFO:root:COST >> 1.5067 +/- 0.0354, % updates: 43.818%
INFO:root:-- EPOCH 26 (3.232 seconds):
INFO:root:COST >> 1.5033 +/- 0.0393, % updates: 43.789%
INFO:root:-- EPOCH 27 (3.206 seconds):
INFO:root:COST >> 1.4979 +/- 0.0338, % updates: 43.612%
INFO:root:-- EPOCH 28 (3.132 seconds):
INFO:root:COST >> 1.4977 +/- 0.0394, % updates: 43.649%
INFO:root:-- EPOCH 29 (3.128 seconds):
INFO:root:COST >> 1.5022 +/- 0.0347, % updates: 43.67%
INFO:root:-- EPOCH 30 (3.227 seconds):
INFO:root:COST >> 1.4958 +/- 0.0414, % updates: 43.709%
INFO:root:-- EPOCH 31 (3.271 seconds):
INFO:root:COST >> 1.4955 +/- 0.0385, % updates: 43.668%
INFO:root:-- EPOCH 32 (3.239 seconds):
INFO:root:COST >> 1.4969 +/- 0.0437, % updates: 43.654%
INFO:root:-- EPOCH 33 (3.225 seconds):
INFO:root:COST >> 1.4939 +/- 0.0481, % updates: 43.608%
INFO:root:-- EPOCH 34 (3.239 seconds):
INFO:root:COST >> 1.4948 +/- 0.0404, % updates: 43.668%
INFO:root:-- EPOCH 35 (3.22 seconds):
INFO:root:COST >> 1.4923 +/- 0.0331, % updates: 43.63%
INFO:root:-- EPOCH 36 (3.216 seconds):
INFO:root:COST >> 1.4958 +/- 0.0361, % updates: 43.81%
INFO:root:-- EPOCH 37 (3.235 seconds):
INFO:root:COST >> 1.4965 +/- 0.0439, % updates: 43.69%
INFO:root:-- EPOCH 38 (3.237 seconds):
INFO:root:COST >> 1.4953 +/- 0.0396, % updates: 43.748%
INFO:root:-- EPOCH 39 (3.19 seconds):
INFO:root:COST >> 1.4955 +/- 0.0422, % updates: 43.778%
INFO:root:-- EPOCH 40 (3.237 seconds):
INFO:root:COST >> 1.4941 +/- 0.0371, % updates: 43.617%
INFO:root:-- EPOCH 41 (3.247 seconds):
INFO:root:COST >> 1.4886 +/- 0.04, % updates: 43.549%
INFO:root:-- EPOCH 42 (3.199 seconds):
INFO:root:COST >> 1.4958 +/- 0.0375, % updates: 43.744%
INFO:root:-- EPOCH 43 (3.198 seconds):
INFO:root:COST >> 1.4947 +/- 0.0442, % updates: 43.778%
INFO:root:-- EPOCH 44 (3.245 seconds):
INFO:root:COST >> 1.4938 +/- 0.0395, % updates: 43.82%
INFO:root:-- EPOCH 45 (3.006 seconds):
INFO:root:COST >> 1.5018 +/- 0.0358, % updates: 43.797%
INFO:root:-- EPOCH 46 (2.713 seconds):
INFO:root:COST >> 1.4988 +/- 0.0385, % updates: 43.77%
INFO:root:-- EPOCH 47 (3.16 seconds):
INFO:root:COST >> 1.5008 +/- 0.0378, % updates: 43.815%
INFO:root:-- EPOCH 48 (3.206 seconds):
INFO:root:COST >> 1.4979 +/- 0.0326, % updates: 43.745%
INFO:root:-- EPOCH 49 (3.226 seconds):
INFO:root:COST >> 1.495 +/- 0.0387, % updates: 43.723%
INFO:root:-- EPOCH 50 (3.172 seconds):
INFO:root:COST >> 1.5021 +/- 0.0374, % updates: 43.847%
