INFO:root:Shape for training set: (40961, 141442)
INFO:root:State: {'ndim': '50', 'test_all': 'None', 'test_path': 'None', 'nhid': '50', 'lremb': '0.0001', 'seed': '9', 'simfn': 'L1', 'valid_path': 'None', 'nbatches': '10', 'lrparam': '0.0001', 'decay': '0.99', 'show_hinton_diagrams': 'False', 'no_rescaling': 'True', 'Nrel': '18', 'ranking_score_right': 'False', 'Nent': '40961', 'Nsyn': '40943', 'method': 'MOMENTUM', 'loss_margin': '1.0', 'C': '1.0', 'epsilon': '1e-06', 'use_db': 'True', 'max_lr': 'None', 'l1_param_weight': 'None', 'filtered': 'False', 'name': 'wn_50/wn_MOMENTUM_129', 'totepochs': '50', 'l2_param_weight': 'None', 'train_path': 'data/wn/WN-train.pkl', 'op': 'TransE'}
INFO:root:Starting the Experiment ..
INFO:root:-- EPOCH 1 (3.191 seconds):
INFO:root:COST >> 2.149 +/- 0.0492, % updates: 80.693%
INFO:root:-- EPOCH 2 (3.255 seconds):
INFO:root:COST >> 1.8981 +/- 0.0702, % updates: 73.442%
INFO:root:-- EPOCH 3 (3.26 seconds):
INFO:root:COST >> 1.5956 +/- 0.0955, % updates: 66.467%
INFO:root:-- EPOCH 4 (3.312 seconds):
INFO:root:COST >> 1.2827 +/- 0.0785, % updates: 58.136%
INFO:root:-- EPOCH 5 (3.281 seconds):
INFO:root:COST >> 1.0063 +/- 0.0676, % updates: 50.107%
INFO:root:-- EPOCH 6 (3.132 seconds):
INFO:root:COST >> 0.789 +/- 0.046, % updates: 42.408%
INFO:root:-- EPOCH 7 (3.28 seconds):
INFO:root:COST >> 0.6445 +/- 0.0274, % updates: 36.511%
INFO:root:-- EPOCH 8 (3.178 seconds):
INFO:root:COST >> 0.5417 +/- 0.0169, % updates: 31.928%
INFO:root:-- EPOCH 9 (3.251 seconds):
INFO:root:COST >> 0.4775 +/- 0.0167, % updates: 28.724%
INFO:root:-- EPOCH 10 (3.264 seconds):
INFO:root:COST >> 0.4167 +/- 0.0099, % updates: 25.768%
INFO:root:-- EPOCH 11 (3.243 seconds):
INFO:root:COST >> 0.3664 +/- 0.0148, % updates: 23.517%
INFO:root:-- EPOCH 12 (3.264 seconds):
INFO:root:COST >> 0.3255 +/- 0.0122, % updates: 21.737%
INFO:root:-- EPOCH 13 (3.182 seconds):
INFO:root:COST >> 0.2944 +/- 0.0111, % updates: 20.303%
INFO:root:-- EPOCH 14 (3.23 seconds):
INFO:root:COST >> 0.2588 +/- 0.0079, % updates: 18.709%
INFO:root:-- EPOCH 15 (3.143 seconds):
INFO:root:COST >> 0.2284 +/- 0.0085, % updates: 17.231%
INFO:root:-- EPOCH 16 (3.224 seconds):
INFO:root:COST >> 0.2029 +/- 0.0069, % updates: 15.936%
INFO:root:-- EPOCH 17 (3.279 seconds):
INFO:root:COST >> 0.1729 +/- 0.0104, % updates: 14.365%
INFO:root:-- EPOCH 18 (3.142 seconds):
INFO:root:COST >> 0.1536 +/- 0.0085, % updates: 13.239%
INFO:root:-- EPOCH 19 (3.186 seconds):
INFO:root:COST >> 0.1324 +/- 0.006, % updates: 12.023%
INFO:root:-- EPOCH 20 (3.258 seconds):
INFO:root:COST >> 0.1147 +/- 0.0059, % updates: 10.659%
INFO:root:-- EPOCH 21 (3.15 seconds):
INFO:root:COST >> 0.1034 +/- 0.007, % updates: 9.971%
INFO:root:-- EPOCH 22 (3.254 seconds):
INFO:root:COST >> 0.0914 +/- 0.0045, % updates: 9.062%
INFO:root:-- EPOCH 23 (3.272 seconds):
INFO:root:COST >> 0.0789 +/- 0.0056, % updates: 8.162%
INFO:root:-- EPOCH 24 (3.216 seconds):
INFO:root:COST >> 0.0699 +/- 0.0035, % updates: 7.352%
INFO:root:-- EPOCH 25 (3.171 seconds):
INFO:root:COST >> 0.0619 +/- 0.0032, % updates: 6.778%
INFO:root:-- EPOCH 26 (3.144 seconds):
INFO:root:COST >> 0.0571 +/- 0.0023, % updates: 6.24%
INFO:root:-- EPOCH 27 (3.16 seconds):
INFO:root:COST >> 0.0499 +/- 0.0017, % updates: 5.723%
INFO:root:-- EPOCH 28 (3.146 seconds):
INFO:root:COST >> 0.0457 +/- 0.0017, % updates: 5.235%
INFO:root:-- EPOCH 29 (3.113 seconds):
INFO:root:COST >> 0.0418 +/- 0.0029, % updates: 4.941%
INFO:root:-- EPOCH 30 (3.133 seconds):
INFO:root:COST >> 0.0378 +/- 0.0026, % updates: 4.503%
INFO:root:-- EPOCH 31 (3.125 seconds):
INFO:root:COST >> 0.0358 +/- 0.0022, % updates: 4.299%
INFO:root:-- EPOCH 32 (3.227 seconds):
INFO:root:COST >> 0.0334 +/- 0.0021, % updates: 4.065%
INFO:root:-- EPOCH 33 (3.219 seconds):
INFO:root:COST >> 0.0317 +/- 0.0016, % updates: 3.86%
INFO:root:-- EPOCH 34 (3.158 seconds):
INFO:root:COST >> 0.0291 +/- 0.0014, % updates: 3.6%
INFO:root:-- EPOCH 35 (3.144 seconds):
INFO:root:COST >> 0.0258 +/- 0.0014, % updates: 3.219%
INFO:root:-- EPOCH 36 (3.178 seconds):
INFO:root:COST >> 0.0247 +/- 0.001, % updates: 3.075%
INFO:root:-- EPOCH 37 (3.157 seconds):
INFO:root:COST >> 0.0236 +/- 0.0018, % updates: 2.931%
INFO:root:-- EPOCH 38 (3.207 seconds):
INFO:root:COST >> 0.022 +/- 0.0011, % updates: 2.784%
INFO:root:-- EPOCH 39 (3.157 seconds):
INFO:root:COST >> 0.0202 +/- 0.0009, % updates: 2.571%
INFO:root:-- EPOCH 40 (3.176 seconds):
INFO:root:COST >> 0.0185 +/- 0.0008, % updates: 2.442%
INFO:root:-- EPOCH 41 (3.164 seconds):
INFO:root:COST >> 0.0184 +/- 0.0009, % updates: 2.337%
INFO:root:-- EPOCH 42 (3.228 seconds):
INFO:root:COST >> 0.0176 +/- 0.0011, % updates: 2.252%
INFO:root:-- EPOCH 43 (3.18 seconds):
INFO:root:COST >> 0.0167 +/- 0.0007, % updates: 2.155%
INFO:root:-- EPOCH 44 (3.141 seconds):
INFO:root:COST >> 0.0166 +/- 0.0013, % updates: 2.089%
INFO:root:-- EPOCH 45 (3.244 seconds):
INFO:root:COST >> 0.0157 +/- 0.0011, % updates: 2.056%
INFO:root:-- EPOCH 46 (2.946 seconds):
INFO:root:COST >> 0.0149 +/- 0.0006, % updates: 1.957%
INFO:root:-- EPOCH 47 (2.85 seconds):
INFO:root:COST >> 0.0142 +/- 0.0012, % updates: 1.844%
INFO:root:-- EPOCH 48 (3.25 seconds):
INFO:root:COST >> 0.0132 +/- 0.0006, % updates: 1.758%
INFO:root:-- EPOCH 49 (3.253 seconds):
INFO:root:COST >> 0.0128 +/- 0.0007, % updates: 1.671%
INFO:root:-- EPOCH 50 (3.198 seconds):
INFO:root:COST >> 0.0126 +/- 0.0006, % updates: 1.626%
