INFO:root:Shape for training set: (40961, 141442)
INFO:root:State: {'ndim': '50', 'test_all': 'None', 'test_path': 'None', 'nhid': '50', 'lremb': '1.0', 'seed': '6', 'simfn': 'L1', 'valid_path': 'None', 'nbatches': '10', 'lrparam': '1.0', 'decay': '0.9', 'show_hinton_diagrams': 'False', 'no_rescaling': 'True', 'Nrel': '18', 'ranking_score_right': 'False', 'Nent': '40961', 'Nsyn': '40943', 'method': 'MOMENTUM', 'loss_margin': '1.0', 'C': '1.0', 'epsilon': '1e-06', 'use_db': 'True', 'max_lr': 'None', 'l1_param_weight': 'None', 'filtered': 'False', 'name': 'wn_50/wn_MOMENTUM_336', 'totepochs': '50', 'l2_param_weight': 'None', 'train_path': 'data/wn/WN-train.pkl', 'op': 'TransE'}
INFO:root:Starting the Experiment ..
INFO:root:-- EPOCH 1 (3.128 seconds):
INFO:root:COST >> 3.3956 +/- 0.5642, % updates: 61.576%
INFO:root:-- EPOCH 2 (3.192 seconds):
INFO:root:COST >> 3.647 +/- 0.4215, % updates: 48.484%
INFO:root:-- EPOCH 3 (3.15 seconds):
INFO:root:COST >> 3.7963 +/- 0.3598, % updates: 48.488%
INFO:root:-- EPOCH 4 (3.241 seconds):
INFO:root:COST >> 3.7971 +/- 0.381, % updates: 48.323%
INFO:root:-- EPOCH 5 (3.273 seconds):
INFO:root:COST >> 3.8109 +/- 0.3753, % updates: 48.244%
INFO:root:-- EPOCH 6 (3.254 seconds):
INFO:root:COST >> 3.8259 +/- 0.3539, % updates: 48.606%
INFO:root:-- EPOCH 7 (3.141 seconds):
INFO:root:COST >> 3.8149 +/- 0.3604, % updates: 48.453%
INFO:root:-- EPOCH 8 (2.617 seconds):
INFO:root:COST >> 3.8262 +/- 0.3699, % updates: 48.472%
INFO:root:-- EPOCH 9 (2.894 seconds):
INFO:root:COST >> 3.811 +/- 0.3881, % updates: 48.36%
INFO:root:-- EPOCH 10 (3.145 seconds):
INFO:root:COST >> 3.8163 +/- 0.3436, % updates: 48.571%
INFO:root:-- EPOCH 11 (3.145 seconds):
INFO:root:COST >> 3.8074 +/- 0.3505, % updates: 48.313%
INFO:root:-- EPOCH 12 (3.135 seconds):
INFO:root:COST >> 3.8083 +/- 0.3566, % updates: 48.312%
INFO:root:-- EPOCH 13 (3.091 seconds):
INFO:root:COST >> 3.8193 +/- 0.3555, % updates: 48.431%
INFO:root:-- EPOCH 14 (3.255 seconds):
INFO:root:COST >> 3.8186 +/- 0.3643, % updates: 48.453%
INFO:root:-- EPOCH 15 (3.154 seconds):
INFO:root:COST >> 3.8246 +/- 0.3558, % updates: 48.581%
INFO:root:-- EPOCH 16 (3.104 seconds):
INFO:root:COST >> 3.8037 +/- 0.3651, % updates: 48.445%
INFO:root:-- EPOCH 17 (3.14 seconds):
INFO:root:COST >> 3.8034 +/- 0.3606, % updates: 48.216%
INFO:root:-- EPOCH 18 (3.249 seconds):
INFO:root:COST >> 3.8106 +/- 0.3634, % updates: 48.429%
INFO:root:-- EPOCH 19 (3.133 seconds):
INFO:root:COST >> 3.8117 +/- 0.3624, % updates: 48.406%
INFO:root:-- EPOCH 20 (3.127 seconds):
INFO:root:COST >> 3.8164 +/- 0.354, % updates: 48.522%
INFO:root:-- EPOCH 21 (3.166 seconds):
INFO:root:COST >> 3.8136 +/- 0.3727, % updates: 48.339%
INFO:root:-- EPOCH 22 (3.272 seconds):
INFO:root:COST >> 3.8233 +/- 0.3459, % updates: 48.552%
INFO:root:-- EPOCH 23 (3.161 seconds):
INFO:root:COST >> 3.8278 +/- 0.3635, % updates: 48.541%
INFO:root:-- EPOCH 24 (3.244 seconds):
INFO:root:COST >> 3.8213 +/- 0.3654, % updates: 48.485%
INFO:root:-- EPOCH 25 (3.246 seconds):
INFO:root:COST >> 3.8048 +/- 0.3773, % updates: 48.279%
INFO:root:-- EPOCH 26 (3.23 seconds):
INFO:root:COST >> 3.8325 +/- 0.3694, % updates: 48.547%
INFO:root:-- EPOCH 27 (3.234 seconds):
INFO:root:COST >> 3.8051 +/- 0.3577, % updates: 48.429%
INFO:root:-- EPOCH 28 (3.152 seconds):
INFO:root:COST >> 3.8059 +/- 0.3594, % updates: 48.276%
INFO:root:-- EPOCH 29 (3.162 seconds):
INFO:root:COST >> 3.8211 +/- 0.3646, % updates: 48.548%
INFO:root:-- EPOCH 30 (3.282 seconds):
INFO:root:COST >> 3.8095 +/- 0.3523, % updates: 48.399%
INFO:root:-- EPOCH 31 (3.257 seconds):
INFO:root:COST >> 3.7956 +/- 0.3773, % updates: 48.321%
INFO:root:-- EPOCH 32 (3.248 seconds):
INFO:root:COST >> 3.8174 +/- 0.3627, % updates: 48.394%
INFO:root:-- EPOCH 33 (3.241 seconds):
INFO:root:COST >> 3.8168 +/- 0.3508, % updates: 48.467%
INFO:root:-- EPOCH 34 (3.256 seconds):
INFO:root:COST >> 3.8101 +/- 0.3648, % updates: 48.455%
INFO:root:-- EPOCH 35 (3.233 seconds):
INFO:root:COST >> 3.8066 +/- 0.365, % updates: 48.318%
INFO:root:-- EPOCH 36 (3.233 seconds):
INFO:root:COST >> 3.804 +/- 0.3723, % updates: 48.417%
INFO:root:-- EPOCH 37 (3.24 seconds):
INFO:root:COST >> 3.8119 +/- 0.3746, % updates: 48.313%
INFO:root:-- EPOCH 38 (3.232 seconds):
INFO:root:COST >> 3.8007 +/- 0.3711, % updates: 48.263%
INFO:root:-- EPOCH 39 (3.213 seconds):
INFO:root:COST >> 3.8215 +/- 0.3548, % updates: 48.464%
INFO:root:-- EPOCH 40 (3.175 seconds):
INFO:root:COST >> 3.8159 +/- 0.3676, % updates: 48.538%
INFO:root:-- EPOCH 41 (3.237 seconds):
INFO:root:COST >> 3.8178 +/- 0.3729, % updates: 48.389%
INFO:root:-- EPOCH 42 (3.146 seconds):
INFO:root:COST >> 3.798 +/- 0.3672, % updates: 48.324%
INFO:root:-- EPOCH 43 (3.209 seconds):
INFO:root:COST >> 3.7938 +/- 0.3641, % updates: 48.119%
INFO:root:-- EPOCH 44 (3.237 seconds):
INFO:root:COST >> 3.8055 +/- 0.3609, % updates: 48.46%
INFO:root:-- EPOCH 45 (3.163 seconds):
INFO:root:COST >> 3.8219 +/- 0.3509, % updates: 48.418%
INFO:root:-- EPOCH 46 (3.135 seconds):
INFO:root:COST >> 3.8091 +/- 0.3822, % updates: 48.333%
INFO:root:-- EPOCH 47 (3.249 seconds):
INFO:root:COST >> 3.8098 +/- 0.3755, % updates: 48.405%
INFO:root:-- EPOCH 48 (3.225 seconds):
INFO:root:COST >> 3.81 +/- 0.3693, % updates: 48.395%
INFO:root:-- EPOCH 49 (3.142 seconds):
INFO:root:COST >> 3.802 +/- 0.363, % updates: 48.456%
INFO:root:-- EPOCH 50 (3.112 seconds):
INFO:root:COST >> 3.8186 +/- 0.3616, % updates: 48.55%
