INFO:root:Shape for training set: (40961, 141442)
INFO:root:State: {'ndim': '50', 'test_all': 'None', 'test_path': 'None', 'nhid': '50', 'lremb': '0.1', 'seed': '1', 'simfn': 'L1', 'valid_path': 'None', 'nbatches': '10', 'lrparam': '0.1', 'decay': '0.5', 'show_hinton_diagrams': 'False', 'no_rescaling': 'True', 'Nrel': '18', 'ranking_score_right': 'False', 'Nent': '40961', 'Nsyn': '40943', 'method': 'MOMENTUM', 'loss_margin': '1.0', 'C': '1.0', 'epsilon': '1e-06', 'use_db': 'True', 'max_lr': 'None', 'l1_param_weight': 'None', 'filtered': 'False', 'name': 'wn_50/wn_MOMENTUM_291', 'totepochs': '50', 'l2_param_weight': 'None', 'train_path': 'data/wn/WN-train.pkl', 'op': 'TransE'}
INFO:root:Starting the Experiment ..
INFO:root:-- EPOCH 1 (3.088 seconds):
INFO:root:COST >> 3.3411 +/- 0.614, % updates: 61.059%
INFO:root:-- EPOCH 2 (3.243 seconds):
INFO:root:COST >> 3.7867 +/- 0.3808, % updates: 49.715%
INFO:root:-- EPOCH 3 (3.267 seconds):
INFO:root:COST >> 3.8464 +/- 0.358, % updates: 49.639%
INFO:root:-- EPOCH 4 (3.245 seconds):
INFO:root:COST >> 3.8479 +/- 0.3675, % updates: 49.503%
INFO:root:-- EPOCH 5 (3.168 seconds):
INFO:root:COST >> 3.8424 +/- 0.37, % updates: 49.438%
INFO:root:-- EPOCH 6 (3.271 seconds):
INFO:root:COST >> 3.8591 +/- 0.3546, % updates: 49.573%
INFO:root:-- EPOCH 7 (3.262 seconds):
INFO:root:COST >> 3.8537 +/- 0.3526, % updates: 49.583%
INFO:root:-- EPOCH 8 (3.239 seconds):
INFO:root:COST >> 3.8477 +/- 0.3619, % updates: 49.497%
INFO:root:-- EPOCH 9 (3.152 seconds):
INFO:root:COST >> 3.8376 +/- 0.3703, % updates: 49.584%
INFO:root:-- EPOCH 10 (3.231 seconds):
INFO:root:COST >> 3.8423 +/- 0.3488, % updates: 49.576%
INFO:root:-- EPOCH 11 (3.23 seconds):
INFO:root:COST >> 3.8447 +/- 0.3652, % updates: 49.538%
INFO:root:-- EPOCH 12 (3.254 seconds):
INFO:root:COST >> 3.8331 +/- 0.3504, % updates: 49.498%
INFO:root:-- EPOCH 13 (3.228 seconds):
INFO:root:COST >> 3.8662 +/- 0.3495, % updates: 49.633%
INFO:root:-- EPOCH 14 (3.24 seconds):
INFO:root:COST >> 3.8503 +/- 0.3636, % updates: 49.488%
INFO:root:-- EPOCH 15 (3.187 seconds):
INFO:root:COST >> 3.847 +/- 0.3536, % updates: 49.568%
INFO:root:-- EPOCH 16 (3.227 seconds):
INFO:root:COST >> 3.8429 +/- 0.3528, % updates: 49.594%
INFO:root:-- EPOCH 17 (3.208 seconds):
INFO:root:COST >> 3.8177 +/- 0.3618, % updates: 49.543%
INFO:root:-- EPOCH 18 (3.149 seconds):
INFO:root:COST >> 3.8397 +/- 0.3584, % updates: 49.494%
INFO:root:-- EPOCH 19 (3.22 seconds):
INFO:root:COST >> 3.8449 +/- 0.3625, % updates: 49.52%
INFO:root:-- EPOCH 20 (3.287 seconds):
INFO:root:COST >> 3.8443 +/- 0.3752, % updates: 49.494%
INFO:root:-- EPOCH 21 (3.133 seconds):
INFO:root:COST >> 3.8256 +/- 0.3536, % updates: 49.388%
INFO:root:-- EPOCH 22 (3.178 seconds):
INFO:root:COST >> 3.82 +/- 0.3587, % updates: 49.34%
INFO:root:-- EPOCH 23 (3.24 seconds):
INFO:root:COST >> 3.8308 +/- 0.3589, % updates: 49.474%
INFO:root:-- EPOCH 24 (3.2 seconds):
INFO:root:COST >> 3.8422 +/- 0.3717, % updates: 49.397%
INFO:root:-- EPOCH 25 (3.141 seconds):
INFO:root:COST >> 3.8422 +/- 0.3434, % updates: 49.542%
INFO:root:-- EPOCH 26 (3.24 seconds):
INFO:root:COST >> 3.8396 +/- 0.3746, % updates: 49.558%
INFO:root:-- EPOCH 27 (3.202 seconds):
INFO:root:COST >> 3.8455 +/- 0.3562, % updates: 49.507%
INFO:root:-- EPOCH 28 (3.198 seconds):
INFO:root:COST >> 3.8378 +/- 0.3774, % updates: 49.309%
INFO:root:-- EPOCH 29 (3.224 seconds):
INFO:root:COST >> 3.8412 +/- 0.372, % updates: 49.578%
INFO:root:-- EPOCH 30 (3.24 seconds):
INFO:root:COST >> 3.8392 +/- 0.3649, % updates: 49.466%
INFO:root:-- EPOCH 31 (3.216 seconds):
INFO:root:COST >> 3.8398 +/- 0.3698, % updates: 49.475%
INFO:root:-- EPOCH 32 (3.261 seconds):
INFO:root:COST >> 3.853 +/- 0.3647, % updates: 49.549%
INFO:root:-- EPOCH 33 (3.171 seconds):
INFO:root:COST >> 3.8508 +/- 0.3736, % updates: 49.521%
INFO:root:-- EPOCH 34 (3.251 seconds):
INFO:root:COST >> 3.8428 +/- 0.3593, % updates: 49.467%
INFO:root:-- EPOCH 35 (3.249 seconds):
INFO:root:COST >> 3.8438 +/- 0.3394, % updates: 49.521%
INFO:root:-- EPOCH 36 (3.243 seconds):
INFO:root:COST >> 3.8335 +/- 0.3651, % updates: 49.508%
INFO:root:-- EPOCH 37 (3.169 seconds):
INFO:root:COST >> 3.8231 +/- 0.382, % updates: 49.477%
INFO:root:-- EPOCH 38 (3.146 seconds):
INFO:root:COST >> 3.8387 +/- 0.3498, % updates: 49.417%
INFO:root:-- EPOCH 39 (3.158 seconds):
INFO:root:COST >> 3.8474 +/- 0.3349, % updates: 49.521%
INFO:root:-- EPOCH 40 (3.205 seconds):
INFO:root:COST >> 3.8475 +/- 0.3638, % updates: 49.549%
INFO:root:-- EPOCH 41 (3.258 seconds):
INFO:root:COST >> 3.8477 +/- 0.3512, % updates: 49.629%
INFO:root:-- EPOCH 42 (3.204 seconds):
INFO:root:COST >> 3.8573 +/- 0.3652, % updates: 49.526%
INFO:root:-- EPOCH 43 (3.144 seconds):
INFO:root:COST >> 3.8556 +/- 0.3475, % updates: 49.496%
INFO:root:-- EPOCH 44 (3.029 seconds):
INFO:root:COST >> 3.8303 +/- 0.3506, % updates: 49.486%
INFO:root:-- EPOCH 45 (2.722 seconds):
INFO:root:COST >> 3.8364 +/- 0.368, % updates: 49.596%
INFO:root:-- EPOCH 46 (3.181 seconds):
INFO:root:COST >> 3.8313 +/- 0.3706, % updates: 49.506%
INFO:root:-- EPOCH 47 (3.202 seconds):
INFO:root:COST >> 3.8554 +/- 0.3569, % updates: 49.599%
INFO:root:-- EPOCH 48 (3.264 seconds):
INFO:root:COST >> 3.8524 +/- 0.3608, % updates: 49.528%
INFO:root:-- EPOCH 49 (3.162 seconds):
INFO:root:COST >> 3.8459 +/- 0.3637, % updates: 49.488%
INFO:root:-- EPOCH 50 (3.215 seconds):
INFO:root:COST >> 3.8604 +/- 0.3544, % updates: 49.554%
