INFO:root:Shape for training set: (40961, 141442)
INFO:root:State: {'ndim': '50', 'test_all': 'None', 'test_path': 'None', 'nhid': '50', 'lremb': '0.1', 'seed': '4', 'simfn': 'L1', 'valid_path': 'None', 'nbatches': '10', 'lrparam': '0.1', 'decay': '0.9', 'show_hinton_diagrams': 'False', 'no_rescaling': 'True', 'Nrel': '18', 'ranking_score_right': 'False', 'Nent': '40961', 'Nsyn': '40943', 'method': 'MOMENTUM', 'loss_margin': '1.0', 'C': '1.0', 'epsilon': '1e-06', 'use_db': 'True', 'max_lr': 'None', 'l1_param_weight': 'None', 'filtered': 'False', 'name': 'wn_50/wn_MOMENTUM_284', 'totepochs': '50', 'l2_param_weight': 'None', 'train_path': 'data/wn/WN-train.pkl', 'op': 'TransE'}
INFO:root:Starting the Experiment ..
INFO:root:-- EPOCH 1 (3.155 seconds):
INFO:root:COST >> 3.2012 +/- 0.5194, % updates: 62.201%
INFO:root:-- EPOCH 2 (3.218 seconds):
INFO:root:COST >> 3.4334 +/- 0.4081, % updates: 48.35%
INFO:root:-- EPOCH 3 (3.129 seconds):
INFO:root:COST >> 3.6077 +/- 0.3833, % updates: 47.927%
INFO:root:-- EPOCH 4 (3.135 seconds):
INFO:root:COST >> 3.6586 +/- 0.3784, % updates: 48.171%
INFO:root:-- EPOCH 5 (3.105 seconds):
INFO:root:COST >> 3.6522 +/- 0.3732, % updates: 47.946%
INFO:root:-- EPOCH 6 (2.675 seconds):
INFO:root:COST >> 3.6418 +/- 0.3777, % updates: 47.934%
INFO:root:-- EPOCH 7 (2.912 seconds):
INFO:root:COST >> 3.644 +/- 0.3639, % updates: 47.932%
INFO:root:-- EPOCH 8 (3.151 seconds):
INFO:root:COST >> 3.6462 +/- 0.3635, % updates: 47.985%
INFO:root:-- EPOCH 9 (3.225 seconds):
INFO:root:COST >> 3.6485 +/- 0.3865, % updates: 47.914%
INFO:root:-- EPOCH 10 (3.139 seconds):
INFO:root:COST >> 3.6491 +/- 0.3658, % updates: 47.895%
INFO:root:-- EPOCH 11 (3.236 seconds):
INFO:root:COST >> 3.6554 +/- 0.3631, % updates: 47.974%
INFO:root:-- EPOCH 12 (3.226 seconds):
INFO:root:COST >> 3.6414 +/- 0.4023, % updates: 47.904%
INFO:root:-- EPOCH 13 (3.159 seconds):
INFO:root:COST >> 3.6419 +/- 0.3768, % updates: 47.98%
INFO:root:-- EPOCH 14 (3.159 seconds):
INFO:root:COST >> 3.6477 +/- 0.3922, % updates: 47.917%
INFO:root:-- EPOCH 15 (3.236 seconds):
INFO:root:COST >> 3.6492 +/- 0.3816, % updates: 47.839%
INFO:root:-- EPOCH 16 (3.253 seconds):
INFO:root:COST >> 3.6509 +/- 0.3766, % updates: 47.858%
INFO:root:-- EPOCH 17 (3.159 seconds):
INFO:root:COST >> 3.6437 +/- 0.3705, % updates: 48.023%
INFO:root:-- EPOCH 18 (3.214 seconds):
INFO:root:COST >> 3.6664 +/- 0.3737, % updates: 48.041%
INFO:root:-- EPOCH 19 (3.216 seconds):
INFO:root:COST >> 3.6553 +/- 0.3683, % updates: 48.017%
INFO:root:-- EPOCH 20 (3.283 seconds):
INFO:root:COST >> 3.6682 +/- 0.3779, % updates: 47.973%
INFO:root:-- EPOCH 21 (3.255 seconds):
INFO:root:COST >> 3.648 +/- 0.3804, % updates: 47.916%
INFO:root:-- EPOCH 22 (3.266 seconds):
INFO:root:COST >> 3.6418 +/- 0.3887, % updates: 47.94%
INFO:root:-- EPOCH 23 (3.235 seconds):
INFO:root:COST >> 3.6588 +/- 0.3763, % updates: 47.909%
INFO:root:-- EPOCH 24 (3.183 seconds):
INFO:root:COST >> 3.6312 +/- 0.3917, % updates: 47.889%
INFO:root:-- EPOCH 25 (3.239 seconds):
INFO:root:COST >> 3.6446 +/- 0.3787, % updates: 48.012%
INFO:root:-- EPOCH 26 (3.285 seconds):
INFO:root:COST >> 3.6449 +/- 0.3884, % updates: 47.979%
INFO:root:-- EPOCH 27 (3.238 seconds):
INFO:root:COST >> 3.6431 +/- 0.3884, % updates: 47.876%
INFO:root:-- EPOCH 28 (3.132 seconds):
INFO:root:COST >> 3.6543 +/- 0.3901, % updates: 47.792%
INFO:root:-- EPOCH 29 (3.139 seconds):
INFO:root:COST >> 3.6459 +/- 0.3709, % updates: 47.794%
INFO:root:-- EPOCH 30 (3.154 seconds):
INFO:root:COST >> 3.6615 +/- 0.3821, % updates: 47.936%
INFO:root:-- EPOCH 31 (3.244 seconds):
INFO:root:COST >> 3.6602 +/- 0.3907, % updates: 47.94%
INFO:root:-- EPOCH 32 (3.233 seconds):
INFO:root:COST >> 3.6606 +/- 0.3523, % updates: 48.009%
INFO:root:-- EPOCH 33 (3.223 seconds):
INFO:root:COST >> 3.6479 +/- 0.3861, % updates: 47.949%
INFO:root:-- EPOCH 34 (3.286 seconds):
INFO:root:COST >> 3.6432 +/- 0.3712, % updates: 47.921%
INFO:root:-- EPOCH 35 (3.164 seconds):
INFO:root:COST >> 3.6648 +/- 0.3812, % updates: 48.044%
INFO:root:-- EPOCH 36 (3.26 seconds):
INFO:root:COST >> 3.6449 +/- 0.3823, % updates: 47.782%
INFO:root:-- EPOCH 37 (3.146 seconds):
INFO:root:COST >> 3.6571 +/- 0.3876, % updates: 47.991%
INFO:root:-- EPOCH 38 (3.203 seconds):
INFO:root:COST >> 3.644 +/- 0.3741, % updates: 47.961%
INFO:root:-- EPOCH 39 (3.142 seconds):
INFO:root:COST >> 3.645 +/- 0.3953, % updates: 47.847%
INFO:root:-- EPOCH 40 (3.261 seconds):
INFO:root:COST >> 3.6345 +/- 0.3649, % updates: 47.863%
INFO:root:-- EPOCH 41 (3.283 seconds):
INFO:root:COST >> 3.6562 +/- 0.385, % updates: 47.939%
INFO:root:-- EPOCH 42 (3.266 seconds):
INFO:root:COST >> 3.6625 +/- 0.3731, % updates: 48.027%
INFO:root:-- EPOCH 43 (3.232 seconds):
INFO:root:COST >> 3.6488 +/- 0.3735, % updates: 47.982%
INFO:root:-- EPOCH 44 (3.176 seconds):
INFO:root:COST >> 3.6374 +/- 0.3824, % updates: 47.895%
INFO:root:-- EPOCH 45 (3.149 seconds):
INFO:root:COST >> 3.6664 +/- 0.3753, % updates: 47.916%
INFO:root:-- EPOCH 46 (3.196 seconds):
INFO:root:COST >> 3.6566 +/- 0.3843, % updates: 47.943%
INFO:root:-- EPOCH 47 (3.13 seconds):
INFO:root:COST >> 3.6672 +/- 0.3619, % updates: 47.948%
INFO:root:-- EPOCH 48 (3.139 seconds):
INFO:root:COST >> 3.6483 +/- 0.3784, % updates: 47.921%
INFO:root:-- EPOCH 49 (3.197 seconds):
INFO:root:COST >> 3.6313 +/- 0.375, % updates: 47.732%
INFO:root:-- EPOCH 50 (3.268 seconds):
INFO:root:COST >> 3.6462 +/- 0.3905, % updates: 47.897%
