INFO:root:Shape for training set: (40961, 141442)
INFO:root:State: {'ndim': '50', 'test_all': 'None', 'test_path': 'None', 'nhid': '50', 'lremb': '0.0001', 'seed': '8', 'simfn': 'L1', 'valid_path': 'None', 'nbatches': '10', 'lrparam': '0.0001', 'decay': '0.5', 'show_hinton_diagrams': 'False', 'no_rescaling': 'True', 'Nrel': '18', 'ranking_score_right': 'False', 'Nent': '40961', 'Nsyn': '40943', 'method': 'MOMENTUM', 'loss_margin': '1.0', 'C': '1.0', 'epsilon': '1e-06', 'use_db': 'True', 'max_lr': 'None', 'l1_param_weight': 'None', 'filtered': 'False', 'name': 'wn_50/wn_MOMENTUM_148', 'totepochs': '50', 'l2_param_weight': 'None', 'train_path': 'data/wn/WN-train.pkl', 'op': 'TransE'}
INFO:root:Starting the Experiment ..
INFO:root:-- EPOCH 1 (3.144 seconds):
INFO:root:COST >> 2.18 +/- 0.0257, % updates: 81.417%
INFO:root:-- EPOCH 2 (3.245 seconds):
INFO:root:COST >> 2.0662 +/- 0.0176, % updates: 79.665%
INFO:root:-- EPOCH 3 (3.162 seconds):
INFO:root:COST >> 1.9805 +/- 0.0189, % updates: 77.779%
INFO:root:-- EPOCH 4 (3.028 seconds):
INFO:root:COST >> 1.9074 +/- 0.0132, % updates: 76.251%
INFO:root:-- EPOCH 5 (2.734 seconds):
INFO:root:COST >> 1.8383 +/- 0.0162, % updates: 75.104%
INFO:root:-- EPOCH 6 (3.209 seconds):
INFO:root:COST >> 1.7788 +/- 0.015, % updates: 73.85%
INFO:root:-- EPOCH 7 (3.199 seconds):
INFO:root:COST >> 1.7181 +/- 0.0108, % updates: 72.624%
INFO:root:-- EPOCH 8 (3.157 seconds):
INFO:root:COST >> 1.6607 +/- 0.0087, % updates: 71.591%
INFO:root:-- EPOCH 9 (3.236 seconds):
INFO:root:COST >> 1.6021 +/- 0.0166, % updates: 70.395%
INFO:root:-- EPOCH 10 (3.209 seconds):
INFO:root:COST >> 1.5559 +/- 0.0128, % updates: 69.432%
INFO:root:-- EPOCH 11 (3.264 seconds):
INFO:root:COST >> 1.5009 +/- 0.0103, % updates: 68.409%
INFO:root:-- EPOCH 12 (3.265 seconds):
INFO:root:COST >> 1.4584 +/- 0.0099, % updates: 67.455%
INFO:root:-- EPOCH 13 (3.255 seconds):
INFO:root:COST >> 1.4085 +/- 0.0105, % updates: 66.306%
INFO:root:-- EPOCH 14 (3.222 seconds):
INFO:root:COST >> 1.3603 +/- 0.0114, % updates: 65.008%
INFO:root:-- EPOCH 15 (3.219 seconds):
INFO:root:COST >> 1.3193 +/- 0.0106, % updates: 64.228%
INFO:root:-- EPOCH 16 (3.148 seconds):
INFO:root:COST >> 1.2794 +/- 0.0086, % updates: 63.314%
INFO:root:-- EPOCH 17 (3.253 seconds):
INFO:root:COST >> 1.241 +/- 0.0106, % updates: 62.353%
INFO:root:-- EPOCH 18 (3.178 seconds):
INFO:root:COST >> 1.2044 +/- 0.0055, % updates: 61.436%
INFO:root:-- EPOCH 19 (3.259 seconds):
INFO:root:COST >> 1.1663 +/- 0.0122, % updates: 60.452%
INFO:root:-- EPOCH 20 (3.141 seconds):
INFO:root:COST >> 1.1326 +/- 0.0096, % updates: 59.455%
INFO:root:-- EPOCH 21 (3.148 seconds):
INFO:root:COST >> 1.1004 +/- 0.0081, % updates: 58.641%
INFO:root:-- EPOCH 22 (3.207 seconds):
INFO:root:COST >> 1.0662 +/- 0.0092, % updates: 57.659%
INFO:root:-- EPOCH 23 (3.182 seconds):
INFO:root:COST >> 1.0343 +/- 0.0057, % updates: 56.946%
INFO:root:-- EPOCH 24 (3.127 seconds):
INFO:root:COST >> 1.0081 +/- 0.012, % updates: 56.087%
INFO:root:-- EPOCH 25 (3.192 seconds):
INFO:root:COST >> 0.9771 +/- 0.0073, % updates: 55.279%
INFO:root:-- EPOCH 26 (3.194 seconds):
INFO:root:COST >> 0.9554 +/- 0.0118, % updates: 54.296%
INFO:root:-- EPOCH 27 (3.192 seconds):
INFO:root:COST >> 0.9259 +/- 0.0072, % updates: 53.496%
INFO:root:-- EPOCH 28 (3.136 seconds):
INFO:root:COST >> 0.8963 +/- 0.0111, % updates: 52.563%
INFO:root:-- EPOCH 29 (3.236 seconds):
INFO:root:COST >> 0.8754 +/- 0.0081, % updates: 51.86%
INFO:root:-- EPOCH 30 (3.242 seconds):
INFO:root:COST >> 0.8533 +/- 0.0081, % updates: 51.2%
INFO:root:-- EPOCH 31 (3.153 seconds):
INFO:root:COST >> 0.8301 +/- 0.0096, % updates: 50.557%
INFO:root:-- EPOCH 32 (3.229 seconds):
INFO:root:COST >> 0.8058 +/- 0.009, % updates: 49.599%
INFO:root:-- EPOCH 33 (3.166 seconds):
INFO:root:COST >> 0.7884 +/- 0.0074, % updates: 48.95%
INFO:root:-- EPOCH 34 (3.149 seconds):
INFO:root:COST >> 0.7645 +/- 0.0056, % updates: 48.134%
INFO:root:-- EPOCH 35 (3.217 seconds):
INFO:root:COST >> 0.7439 +/- 0.0075, % updates: 47.361%
INFO:root:-- EPOCH 36 (3.153 seconds):
INFO:root:COST >> 0.7285 +/- 0.009, % updates: 46.838%
INFO:root:-- EPOCH 37 (3.155 seconds):
INFO:root:COST >> 0.7119 +/- 0.0059, % updates: 46.173%
INFO:root:-- EPOCH 38 (3.246 seconds):
INFO:root:COST >> 0.6878 +/- 0.0053, % updates: 45.251%
INFO:root:-- EPOCH 39 (3.147 seconds):
INFO:root:COST >> 0.6746 +/- 0.0064, % updates: 44.728%
INFO:root:-- EPOCH 40 (3.206 seconds):
INFO:root:COST >> 0.6582 +/- 0.0082, % updates: 44.137%
INFO:root:-- EPOCH 41 (3.231 seconds):
INFO:root:COST >> 0.6437 +/- 0.0064, % updates: 43.487%
INFO:root:-- EPOCH 42 (3.175 seconds):
INFO:root:COST >> 0.6267 +/- 0.0071, % updates: 42.915%
INFO:root:-- EPOCH 43 (3.166 seconds):
INFO:root:COST >> 0.6111 +/- 0.0049, % updates: 42.277%
INFO:root:-- EPOCH 44 (3.186 seconds):
INFO:root:COST >> 0.5968 +/- 0.0079, % updates: 41.569%
INFO:root:-- EPOCH 45 (3.26 seconds):
INFO:root:COST >> 0.5854 +/- 0.0058, % updates: 41.149%
INFO:root:-- EPOCH 46 (3.216 seconds):
INFO:root:COST >> 0.573 +/- 0.0072, % updates: 40.411%
INFO:root:-- EPOCH 47 (3.212 seconds):
INFO:root:COST >> 0.5592 +/- 0.0063, % updates: 40.007%
INFO:root:-- EPOCH 48 (3.29 seconds):
INFO:root:COST >> 0.5445 +/- 0.0045, % updates: 39.405%
INFO:root:-- EPOCH 49 (3.205 seconds):
INFO:root:COST >> 0.5339 +/- 0.0046, % updates: 38.842%
INFO:root:-- EPOCH 50 (3.213 seconds):
INFO:root:COST >> 0.5231 +/- 0.0057, % updates: 38.362%
