INFO:root:Shape for training set: (40961, 141442)
INFO:root:State: {'ndim': '50', 'test_all': 'None', 'test_path': 'None', 'nhid': '50', 'lremb': '1e-06', 'seed': '7', 'simfn': 'L1', 'valid_path': 'None', 'nbatches': '10', 'lrparam': '1e-06', 'decay': '0.9999', 'show_hinton_diagrams': 'False', 'no_rescaling': 'True', 'Nrel': '18', 'ranking_score_right': 'False', 'Nent': '40961', 'Nsyn': '40943', 'method': 'MOMENTUM', 'loss_margin': '1.0', 'C': '1.0', 'epsilon': '1e-06', 'use_db': 'True', 'max_lr': 'None', 'l1_param_weight': 'None', 'filtered': 'False', 'name': 'wn_50/wn_MOMENTUM_7', 'totepochs': '50', 'l2_param_weight': 'None', 'train_path': 'data/wn/WN-train.pkl', 'op': 'TransE'}
INFO:root:Starting the Experiment ..
INFO:root:-- EPOCH 1 (3.341 seconds):
INFO:root:COST >> 2.212 +/- 0.0136, % updates: 81.527%
INFO:root:-- EPOCH 2 (3.386 seconds):
INFO:root:COST >> 2.2013 +/- 0.016, % updates: 81.422%
INFO:root:-- EPOCH 3 (3.397 seconds):
INFO:root:COST >> 2.191 +/- 0.0135, % updates: 81.325%
INFO:root:-- EPOCH 4 (3.48 seconds):
INFO:root:COST >> 2.1626 +/- 0.0135, % updates: 81.277%
INFO:root:-- EPOCH 5 (3.457 seconds):
INFO:root:COST >> 2.1377 +/- 0.0062, % updates: 80.978%
INFO:root:-- EPOCH 6 (3.442 seconds):
INFO:root:COST >> 2.1075 +/- 0.007, % updates: 80.596%
INFO:root:-- EPOCH 7 (3.434 seconds):
INFO:root:COST >> 2.0757 +/- 0.0204, % updates: 80.035%
INFO:root:-- EPOCH 8 (3.494 seconds):
INFO:root:COST >> 2.052 +/- 0.0152, % updates: 79.433%
INFO:root:-- EPOCH 9 (3.317 seconds):
INFO:root:COST >> 2.0305 +/- 0.017, % updates: 78.629%
INFO:root:-- EPOCH 10 (3.449 seconds):
INFO:root:COST >> 2.0056 +/- 0.0133, % updates: 77.753%
INFO:root:-- EPOCH 11 (3.417 seconds):
INFO:root:COST >> 1.9817 +/- 0.0137, % updates: 76.925%
INFO:root:-- EPOCH 12 (3.42 seconds):
INFO:root:COST >> 1.9476 +/- 0.0161, % updates: 76.065%
INFO:root:-- EPOCH 13 (3.528 seconds):
INFO:root:COST >> 1.9166 +/- 0.013, % updates: 74.943%
INFO:root:-- EPOCH 14 (3.472 seconds):
INFO:root:COST >> 1.889 +/- 0.0098, % updates: 74.332%
INFO:root:-- EPOCH 15 (3.463 seconds):
INFO:root:COST >> 1.8533 +/- 0.0063, % updates: 73.428%
INFO:root:-- EPOCH 16 (3.435 seconds):
INFO:root:COST >> 1.8139 +/- 0.0127, % updates: 72.712%
INFO:root:-- EPOCH 17 (3.412 seconds):
INFO:root:COST >> 1.7797 +/- 0.0124, % updates: 71.985%
INFO:root:-- EPOCH 18 (3.398 seconds):
INFO:root:COST >> 1.74 +/- 0.0176, % updates: 71.363%
INFO:root:-- EPOCH 19 (3.438 seconds):
INFO:root:COST >> 1.7047 +/- 0.0174, % updates: 70.669%
INFO:root:-- EPOCH 20 (3.373 seconds):
INFO:root:COST >> 1.6606 +/- 0.0148, % updates: 70.02%
INFO:root:-- EPOCH 21 (3.338 seconds):
INFO:root:COST >> 1.6174 +/- 0.0171, % updates: 69.144%
INFO:root:-- EPOCH 22 (3.32 seconds):
INFO:root:COST >> 1.5765 +/- 0.015, % updates: 68.26%
INFO:root:-- EPOCH 23 (3.342 seconds):
INFO:root:COST >> 1.5349 +/- 0.0172, % updates: 67.47%
INFO:root:-- EPOCH 24 (3.408 seconds):
INFO:root:COST >> 1.4954 +/- 0.0164, % updates: 66.722%
INFO:root:-- EPOCH 25 (3.366 seconds):
INFO:root:COST >> 1.4619 +/- 0.014, % updates: 65.789%
INFO:root:-- EPOCH 26 (3.334 seconds):
INFO:root:COST >> 1.4239 +/- 0.0094, % updates: 64.732%
INFO:root:-- EPOCH 27 (3.345 seconds):
INFO:root:COST >> 1.3773 +/- 0.0166, % updates: 63.66%
INFO:root:-- EPOCH 28 (3.341 seconds):
INFO:root:COST >> 1.3347 +/- 0.0145, % updates: 62.396%
INFO:root:-- EPOCH 29 (3.355 seconds):
INFO:root:COST >> 1.2943 +/- 0.0153, % updates: 61.301%
INFO:root:-- EPOCH 30 (3.413 seconds):
INFO:root:COST >> 1.2517 +/- 0.0183, % updates: 60.176%
INFO:root:-- EPOCH 31 (3.424 seconds):
INFO:root:COST >> 1.2095 +/- 0.0145, % updates: 58.886%
INFO:root:-- EPOCH 32 (3.395 seconds):
INFO:root:COST >> 1.1671 +/- 0.0105, % updates: 57.649%
INFO:root:-- EPOCH 33 (3.356 seconds):
INFO:root:COST >> 1.1332 +/- 0.0112, % updates: 56.589%
INFO:root:-- EPOCH 34 (3.431 seconds):
INFO:root:COST >> 1.0903 +/- 0.0164, % updates: 55.254%
INFO:root:-- EPOCH 35 (3.4 seconds):
INFO:root:COST >> 1.0516 +/- 0.0158, % updates: 54.23%
INFO:root:-- EPOCH 36 (3.392 seconds):
INFO:root:COST >> 1.0131 +/- 0.0131, % updates: 53.098%
INFO:root:-- EPOCH 37 (3.357 seconds):
INFO:root:COST >> 0.9787 +/- 0.0182, % updates: 52.108%
INFO:root:-- EPOCH 38 (3.328 seconds):
INFO:root:COST >> 0.9392 +/- 0.0145, % updates: 50.719%
INFO:root:-- EPOCH 39 (3.321 seconds):
INFO:root:COST >> 0.9074 +/- 0.0135, % updates: 49.542%
INFO:root:-- EPOCH 40 (3.379 seconds):
INFO:root:COST >> 0.8751 +/- 0.011, % updates: 48.32%
INFO:root:-- EPOCH 41 (3.406 seconds):
INFO:root:COST >> 0.836 +/- 0.0176, % updates: 46.859%
INFO:root:-- EPOCH 42 (3.344 seconds):
INFO:root:COST >> 0.8048 +/- 0.0137, % updates: 45.69%
INFO:root:-- EPOCH 43 (3.329 seconds):
INFO:root:COST >> 0.7785 +/- 0.0124, % updates: 44.722%
INFO:root:-- EPOCH 44 (3.362 seconds):
INFO:root:COST >> 0.7515 +/- 0.014, % updates: 43.782%
INFO:root:-- EPOCH 45 (3.419 seconds):
INFO:root:COST >> 0.725 +/- 0.0118, % updates: 42.599%
INFO:root:-- EPOCH 46 (3.435 seconds):
INFO:root:COST >> 0.6946 +/- 0.0066, % updates: 41.299%
INFO:root:-- EPOCH 47 (3.441 seconds):
INFO:root:COST >> 0.674 +/- 0.0074, % updates: 40.31%
INFO:root:-- EPOCH 48 (3.373 seconds):
INFO:root:COST >> 0.6592 +/- 0.0082, % updates: 39.45%
INFO:root:-- EPOCH 49 (3.494 seconds):
INFO:root:COST >> 0.6387 +/- 0.0061, % updates: 38.359%
INFO:root:-- EPOCH 50 (3.282 seconds):
INFO:root:COST >> 0.6133 +/- 0.0088, % updates: 37.194%
