INFO:root:Shape for training set: (40961, 141442)
INFO:root:State: {'ndim': '50', 'test_all': 'None', 'test_path': 'None', 'nhid': '50', 'lremb': '0.0001', 'seed': '5', 'simfn': 'L1', 'valid_path': 'None', 'nbatches': '10', 'lrparam': '0.0001', 'decay': '0.999', 'show_hinton_diagrams': 'False', 'no_rescaling': 'True', 'Nrel': '18', 'ranking_score_right': 'False', 'Nent': '40961', 'Nsyn': '40943', 'method': 'MOMENTUM', 'loss_margin': '1.0', 'C': '1.0', 'epsilon': '1e-06', 'use_db': 'True', 'max_lr': 'None', 'l1_param_weight': 'None', 'filtered': 'False', 'name': 'wn_50/wn_MOMENTUM_115', 'totepochs': '50', 'l2_param_weight': 'None', 'train_path': 'data/wn/WN-train.pkl', 'op': 'TransE'}
INFO:root:Starting the Experiment ..
INFO:root:-- EPOCH 1 (3.173 seconds):
INFO:root:COST >> 2.1463 +/- 0.0533, % updates: 80.539%
INFO:root:-- EPOCH 2 (3.237 seconds):
INFO:root:COST >> 1.9057 +/- 0.067, % updates: 73.013%
INFO:root:-- EPOCH 3 (3.241 seconds):
INFO:root:COST >> 1.6025 +/- 0.0838, % updates: 65.665%
INFO:root:-- EPOCH 4 (3.248 seconds):
INFO:root:COST >> 1.287 +/- 0.0778, % updates: 57.278%
INFO:root:-- EPOCH 5 (3.165 seconds):
INFO:root:COST >> 1.0142 +/- 0.0635, % updates: 49.061%
INFO:root:-- EPOCH 6 (3.172 seconds):
INFO:root:COST >> 0.8202 +/- 0.0476, % updates: 42.15%
INFO:root:-- EPOCH 7 (3.224 seconds):
INFO:root:COST >> 0.714 +/- 0.0303, % updates: 37.343%
INFO:root:-- EPOCH 8 (3.255 seconds):
INFO:root:COST >> 0.6451 +/- 0.0114, % updates: 34.269%
INFO:root:-- EPOCH 9 (3.228 seconds):
INFO:root:COST >> 0.6112 +/- 0.0181, % updates: 32.544%
INFO:root:-- EPOCH 10 (3.25 seconds):
INFO:root:COST >> 0.5899 +/- 0.0087, % updates: 31.918%
INFO:root:-- EPOCH 11 (3.255 seconds):
INFO:root:COST >> 0.578 +/- 0.0117, % updates: 31.344%
INFO:root:-- EPOCH 12 (3.227 seconds):
INFO:root:COST >> 0.5596 +/- 0.0092, % updates: 30.721%
INFO:root:-- EPOCH 13 (3.221 seconds):
INFO:root:COST >> 0.538 +/- 0.016, % updates: 29.969%
INFO:root:-- EPOCH 14 (3.204 seconds):
INFO:root:COST >> 0.524 +/- 0.0066, % updates: 29.972%
INFO:root:-- EPOCH 15 (3.279 seconds):
INFO:root:COST >> 0.4933 +/- 0.0125, % updates: 29.304%
INFO:root:-- EPOCH 16 (3.235 seconds):
INFO:root:COST >> 0.4623 +/- 0.0085, % updates: 28.03%
INFO:root:-- EPOCH 17 (3.224 seconds):
INFO:root:COST >> 0.4397 +/- 0.0115, % updates: 26.929%
INFO:root:-- EPOCH 18 (3.192 seconds):
INFO:root:COST >> 0.4108 +/- 0.007, % updates: 26.28%
INFO:root:-- EPOCH 19 (3.135 seconds):
INFO:root:COST >> 0.3774 +/- 0.012, % updates: 25.023%
INFO:root:-- EPOCH 20 (3.124 seconds):
INFO:root:COST >> 0.3449 +/- 0.0128, % updates: 23.602%
INFO:root:-- EPOCH 21 (3.091 seconds):
INFO:root:COST >> 0.3184 +/- 0.0153, % updates: 22.441%
INFO:root:-- EPOCH 22 (3.079 seconds):
INFO:root:COST >> 0.2752 +/- 0.0095, % updates: 20.414%
INFO:root:-- EPOCH 23 (3.144 seconds):
INFO:root:COST >> 0.2626 +/- 0.012, % updates: 19.967%
INFO:root:-- EPOCH 24 (3.15 seconds):
INFO:root:COST >> 0.2435 +/- 0.0085, % updates: 18.988%
INFO:root:-- EPOCH 25 (3.241 seconds):
INFO:root:COST >> 0.2272 +/- 0.0061, % updates: 18.282%
INFO:root:-- EPOCH 26 (3.134 seconds):
INFO:root:COST >> 0.2153 +/- 0.0076, % updates: 17.698%
INFO:root:-- EPOCH 27 (3.226 seconds):
INFO:root:COST >> 0.195 +/- 0.0074, % updates: 16.553%
INFO:root:-- EPOCH 28 (3.098 seconds):
INFO:root:COST >> 0.1865 +/- 0.0087, % updates: 16.035%
INFO:root:-- EPOCH 29 (3.11 seconds):
INFO:root:COST >> 0.1753 +/- 0.0048, % updates: 15.439%
INFO:root:-- EPOCH 30 (3.225 seconds):
INFO:root:COST >> 0.1656 +/- 0.005, % updates: 14.96%
INFO:root:-- EPOCH 31 (3.205 seconds):
INFO:root:COST >> 0.158 +/- 0.0089, % updates: 14.466%
INFO:root:-- EPOCH 32 (3.208 seconds):
INFO:root:COST >> 0.146 +/- 0.0072, % updates: 13.645%
INFO:root:-- EPOCH 33 (3.142 seconds):
INFO:root:COST >> 0.1377 +/- 0.0107, % updates: 13.296%
INFO:root:-- EPOCH 34 (3.195 seconds):
INFO:root:COST >> 0.133 +/- 0.0026, % updates: 13.024%
INFO:root:-- EPOCH 35 (3.212 seconds):
INFO:root:COST >> 0.1257 +/- 0.0054, % updates: 12.394%
INFO:root:-- EPOCH 36 (3.22 seconds):
INFO:root:COST >> 0.1249 +/- 0.005, % updates: 12.44%
INFO:root:-- EPOCH 37 (3.259 seconds):
INFO:root:COST >> 0.1138 +/- 0.0038, % updates: 11.634%
INFO:root:-- EPOCH 38 (3.242 seconds):
INFO:root:COST >> 0.1126 +/- 0.0101, % updates: 11.507%
INFO:root:-- EPOCH 39 (3.185 seconds):
INFO:root:COST >> 0.1051 +/- 0.0059, % updates: 10.891%
INFO:root:-- EPOCH 40 (3.181 seconds):
INFO:root:COST >> 0.1055 +/- 0.0051, % updates: 10.956%
INFO:root:-- EPOCH 41 (3.182 seconds):
INFO:root:COST >> 0.0975 +/- 0.0042, % updates: 10.294%
INFO:root:-- EPOCH 42 (3.175 seconds):
INFO:root:COST >> 0.099 +/- 0.006, % updates: 10.512%
INFO:root:-- EPOCH 43 (3.19 seconds):
INFO:root:COST >> 0.0964 +/- 0.0034, % updates: 10.215%
INFO:root:-- EPOCH 44 (3.207 seconds):
INFO:root:COST >> 0.0967 +/- 0.0071, % updates: 10.351%
INFO:root:-- EPOCH 45 (3.245 seconds):
INFO:root:COST >> 0.0919 +/- 0.0031, % updates: 9.858%
INFO:root:-- EPOCH 46 (3.215 seconds):
INFO:root:COST >> 0.0903 +/- 0.0025, % updates: 9.787%
INFO:root:-- EPOCH 47 (3.228 seconds):
INFO:root:COST >> 0.0859 +/- 0.0066, % updates: 9.475%
INFO:root:-- EPOCH 48 (3.06 seconds):
INFO:root:COST >> 0.0877 +/- 0.0069, % updates: 9.53%
INFO:root:-- EPOCH 49 (2.676 seconds):
INFO:root:COST >> 0.0813 +/- 0.0054, % updates: 8.985%
INFO:root:-- EPOCH 50 (3.128 seconds):
INFO:root:COST >> 0.0816 +/- 0.0072, % updates: 9.084%
