INFO:root:Shape for training set: (40961, 141442)
INFO:root:State: {'ndim': '50', 'test_all': 'None', 'test_path': 'None', 'nhid': '50', 'lremb': '1.0', 'seed': '1', 'simfn': 'L1', 'valid_path': 'None', 'nbatches': '10', 'lrparam': '1.0', 'decay': '0.9', 'show_hinton_diagrams': 'False', 'no_rescaling': 'True', 'Nrel': '18', 'ranking_score_right': 'False', 'Nent': '40961', 'Nsyn': '40943', 'method': 'MOMENTUM', 'loss_margin': '1.0', 'C': '1.0', 'epsilon': '1e-06', 'use_db': 'True', 'max_lr': 'None', 'l1_param_weight': 'None', 'filtered': 'False', 'name': 'wn_50/wn_MOMENTUM_331', 'totepochs': '50', 'l2_param_weight': 'None', 'train_path': 'data/wn/WN-train.pkl', 'op': 'TransE'}
INFO:root:Starting the Experiment ..
INFO:root:-- EPOCH 1 (3.129 seconds):
INFO:root:COST >> 3.4297 +/- 0.548, % updates: 60.385%
INFO:root:-- EPOCH 2 (3.207 seconds):
INFO:root:COST >> 3.6832 +/- 0.4155, % updates: 48.026%
INFO:root:-- EPOCH 3 (3.143 seconds):
INFO:root:COST >> 3.8195 +/- 0.3779, % updates: 47.799%
INFO:root:-- EPOCH 4 (3.212 seconds):
INFO:root:COST >> 3.8253 +/- 0.3776, % updates: 47.677%
INFO:root:-- EPOCH 5 (3.161 seconds):
INFO:root:COST >> 3.8383 +/- 0.3602, % updates: 47.794%
INFO:root:-- EPOCH 6 (3.219 seconds):
INFO:root:COST >> 3.8432 +/- 0.3534, % updates: 47.803%
INFO:root:-- EPOCH 7 (3.091 seconds):
INFO:root:COST >> 3.8532 +/- 0.3636, % updates: 47.809%
INFO:root:-- EPOCH 8 (3.21 seconds):
INFO:root:COST >> 3.8614 +/- 0.3744, % updates: 47.974%
INFO:root:-- EPOCH 9 (3.218 seconds):
INFO:root:COST >> 3.8336 +/- 0.3675, % updates: 47.729%
INFO:root:-- EPOCH 10 (3.201 seconds):
INFO:root:COST >> 3.8403 +/- 0.347, % updates: 47.875%
INFO:root:-- EPOCH 11 (3.129 seconds):
INFO:root:COST >> 3.8394 +/- 0.3678, % updates: 47.853%
INFO:root:-- EPOCH 12 (3.166 seconds):
INFO:root:COST >> 3.8269 +/- 0.3571, % updates: 48.002%
INFO:root:-- EPOCH 13 (3.191 seconds):
INFO:root:COST >> 3.8544 +/- 0.3619, % updates: 47.839%
INFO:root:-- EPOCH 14 (3.178 seconds):
INFO:root:COST >> 3.8414 +/- 0.3792, % updates: 47.72%
INFO:root:-- EPOCH 15 (3.135 seconds):
INFO:root:COST >> 3.8437 +/- 0.3573, % updates: 47.946%
INFO:root:-- EPOCH 16 (3.233 seconds):
INFO:root:COST >> 3.8279 +/- 0.357, % updates: 47.776%
INFO:root:-- EPOCH 17 (3.24 seconds):
INFO:root:COST >> 3.8191 +/- 0.3652, % updates: 47.803%
INFO:root:-- EPOCH 18 (3.251 seconds):
INFO:root:COST >> 3.8292 +/- 0.3598, % updates: 47.737%
INFO:root:-- EPOCH 19 (3.167 seconds):
INFO:root:COST >> 3.8355 +/- 0.352, % updates: 47.862%
INFO:root:-- EPOCH 20 (3.133 seconds):
INFO:root:COST >> 3.8452 +/- 0.3793, % updates: 47.779%
INFO:root:-- EPOCH 21 (3.221 seconds):
INFO:root:COST >> 3.8172 +/- 0.3529, % updates: 47.689%
INFO:root:-- EPOCH 22 (3.14 seconds):
INFO:root:COST >> 3.8306 +/- 0.3812, % updates: 47.729%
INFO:root:-- EPOCH 23 (3.178 seconds):
INFO:root:COST >> 3.8185 +/- 0.3561, % updates: 47.661%
INFO:root:-- EPOCH 24 (3.165 seconds):
INFO:root:COST >> 3.8472 +/- 0.363, % updates: 47.828%
INFO:root:-- EPOCH 25 (3.11 seconds):
INFO:root:COST >> 3.8377 +/- 0.3479, % updates: 47.832%
INFO:root:-- EPOCH 26 (3.139 seconds):
INFO:root:COST >> 3.8342 +/- 0.3825, % updates: 47.765%
INFO:root:-- EPOCH 27 (3.137 seconds):
INFO:root:COST >> 3.8439 +/- 0.3554, % updates: 47.833%
INFO:root:-- EPOCH 28 (3.136 seconds):
INFO:root:COST >> 3.8438 +/- 0.3736, % updates: 47.698%
INFO:root:-- EPOCH 29 (3.085 seconds):
INFO:root:COST >> 3.8443 +/- 0.3669, % updates: 47.782%
INFO:root:-- EPOCH 30 (3.142 seconds):
INFO:root:COST >> 3.8372 +/- 0.3703, % updates: 47.783%
INFO:root:-- EPOCH 31 (3.204 seconds):
INFO:root:COST >> 3.8329 +/- 0.364, % updates: 47.738%
INFO:root:-- EPOCH 32 (3.165 seconds):
INFO:root:COST >> 3.8459 +/- 0.3575, % updates: 47.935%
INFO:root:-- EPOCH 33 (3.232 seconds):
INFO:root:COST >> 3.8518 +/- 0.3656, % updates: 47.846%
INFO:root:-- EPOCH 34 (3.227 seconds):
INFO:root:COST >> 3.8422 +/- 0.3569, % updates: 47.936%
INFO:root:-- EPOCH 35 (3.176 seconds):
INFO:root:COST >> 3.826 +/- 0.344, % updates: 47.726%
INFO:root:-- EPOCH 36 (3.161 seconds):
INFO:root:COST >> 3.8456 +/- 0.3746, % updates: 47.809%
INFO:root:-- EPOCH 37 (3.23 seconds):
INFO:root:COST >> 3.8444 +/- 0.3749, % updates: 47.905%
INFO:root:-- EPOCH 38 (3.226 seconds):
INFO:root:COST >> 3.8284 +/- 0.3487, % updates: 47.771%
INFO:root:-- EPOCH 39 (3.234 seconds):
INFO:root:COST >> 3.8408 +/- 0.3443, % updates: 47.867%
INFO:root:-- EPOCH 40 (3.219 seconds):
INFO:root:COST >> 3.8481 +/- 0.3651, % updates: 47.896%
INFO:root:-- EPOCH 41 (3.118 seconds):
INFO:root:COST >> 3.8408 +/- 0.3454, % updates: 47.803%
INFO:root:-- EPOCH 42 (3.0 seconds):
INFO:root:COST >> 3.8568 +/- 0.3678, % updates: 47.919%
INFO:root:-- EPOCH 43 (3.398 seconds):
INFO:root:COST >> 3.8395 +/- 0.3576, % updates: 47.696%
INFO:root:-- EPOCH 44 (4.064 seconds):
INFO:root:COST >> 3.845 +/- 0.3575, % updates: 47.803%
INFO:root:-- EPOCH 45 (4.131 seconds):
INFO:root:COST >> 3.8458 +/- 0.3647, % updates: 47.818%
INFO:root:-- EPOCH 46 (4.282 seconds):
INFO:root:COST >> 3.8505 +/- 0.3687, % updates: 47.764%
INFO:root:-- EPOCH 47 (4.403 seconds):
INFO:root:COST >> 3.8434 +/- 0.3613, % updates: 47.868%
INFO:root:-- EPOCH 48 (4.246 seconds):
INFO:root:COST >> 3.8595 +/- 0.3648, % updates: 47.965%
INFO:root:-- EPOCH 49 (4.218 seconds):
INFO:root:COST >> 3.8485 +/- 0.3708, % updates: 47.849%
INFO:root:-- EPOCH 50 (4.333 seconds):
INFO:root:COST >> 3.8468 +/- 0.3646, % updates: 47.843%
