INFO:root:Shape for training set: (40961, 141442)
INFO:root:State: {'ndim': '50', 'test_all': 'None', 'test_path': 'None', 'nhid': '50', 'lremb': '10.0', 'seed': '5', 'simfn': 'L1', 'valid_path': 'None', 'nbatches': '10', 'lrparam': '10.0', 'decay': '0.99', 'show_hinton_diagrams': 'False', 'no_rescaling': 'True', 'Nrel': '18', 'ranking_score_right': 'False', 'Nent': '40961', 'Nsyn': '40943', 'method': 'MOMENTUM', 'loss_margin': '1.0', 'C': '1.0', 'epsilon': '1e-06', 'use_db': 'True', 'max_lr': 'None', 'l1_param_weight': 'None', 'filtered': 'False', 'name': 'wn_50/wn_MOMENTUM_375', 'totepochs': '50', 'l2_param_weight': 'None', 'train_path': 'data/wn/WN-train.pkl', 'op': 'TransE'}
INFO:root:Starting the Experiment ..
INFO:root:-- EPOCH 1 (3.058 seconds):
INFO:root:COST >> 3.3246 +/- 0.5229, % updates: 62.205%
INFO:root:-- EPOCH 2 (3.184 seconds):
INFO:root:COST >> 3.1062 +/- 0.2749, % updates: 47.443%
INFO:root:-- EPOCH 3 (3.18 seconds):
INFO:root:COST >> 2.9877 +/- 0.29, % updates: 45.513%
INFO:root:-- EPOCH 4 (3.177 seconds):
INFO:root:COST >> 2.9586 +/- 0.3004, % updates: 44.705%
INFO:root:-- EPOCH 5 (3.136 seconds):
INFO:root:COST >> 2.9441 +/- 0.3049, % updates: 44.28%
INFO:root:-- EPOCH 6 (3.102 seconds):
INFO:root:COST >> 2.9516 +/- 0.3034, % updates: 44.199%
INFO:root:-- EPOCH 7 (3.172 seconds):
INFO:root:COST >> 2.9601 +/- 0.2927, % updates: 43.954%
INFO:root:-- EPOCH 8 (3.125 seconds):
INFO:root:COST >> 2.9718 +/- 0.29, % updates: 43.744%
INFO:root:-- EPOCH 9 (3.147 seconds):
INFO:root:COST >> 2.9785 +/- 0.2971, % updates: 43.786%
INFO:root:-- EPOCH 10 (3.158 seconds):
INFO:root:COST >> 2.9864 +/- 0.2943, % updates: 43.536%
INFO:root:-- EPOCH 11 (3.17 seconds):
INFO:root:COST >> 3.003 +/- 0.2918, % updates: 43.643%
INFO:root:-- EPOCH 12 (3.207 seconds):
INFO:root:COST >> 3.0022 +/- 0.2951, % updates: 43.523%
INFO:root:-- EPOCH 13 (3.201 seconds):
INFO:root:COST >> 3.0105 +/- 0.2915, % updates: 43.535%
INFO:root:-- EPOCH 14 (3.088 seconds):
INFO:root:COST >> 3.0033 +/- 0.293, % updates: 43.403%
INFO:root:-- EPOCH 15 (3.208 seconds):
INFO:root:COST >> 3.0243 +/- 0.2993, % updates: 43.499%
INFO:root:-- EPOCH 16 (3.122 seconds):
INFO:root:COST >> 3.0344 +/- 0.309, % updates: 43.452%
INFO:root:-- EPOCH 17 (3.105 seconds):
INFO:root:COST >> 3.0328 +/- 0.3054, % updates: 43.463%
INFO:root:-- EPOCH 18 (3.135 seconds):
INFO:root:COST >> 3.033 +/- 0.2994, % updates: 43.476%
INFO:root:-- EPOCH 19 (3.154 seconds):
INFO:root:COST >> 3.0418 +/- 0.3064, % updates: 43.483%
INFO:root:-- EPOCH 20 (3.127 seconds):
INFO:root:COST >> 3.0472 +/- 0.2963, % updates: 43.454%
INFO:root:-- EPOCH 21 (3.196 seconds):
INFO:root:COST >> 3.042 +/- 0.3008, % updates: 43.426%
INFO:root:-- EPOCH 22 (3.07 seconds):
INFO:root:COST >> 3.038 +/- 0.308, % updates: 43.248%
INFO:root:-- EPOCH 23 (3.195 seconds):
INFO:root:COST >> 3.0393 +/- 0.2963, % updates: 43.327%
INFO:root:-- EPOCH 24 (3.102 seconds):
INFO:root:COST >> 3.052 +/- 0.3036, % updates: 43.369%
INFO:root:-- EPOCH 25 (3.146 seconds):
INFO:root:COST >> 3.0383 +/- 0.2997, % updates: 43.255%
INFO:root:-- EPOCH 26 (3.11 seconds):
INFO:root:COST >> 3.042 +/- 0.2844, % updates: 43.386%
INFO:root:-- EPOCH 27 (3.146 seconds):
INFO:root:COST >> 3.0529 +/- 0.304, % updates: 43.412%
INFO:root:-- EPOCH 28 (3.221 seconds):
INFO:root:COST >> 3.0505 +/- 0.2943, % updates: 43.395%
INFO:root:-- EPOCH 29 (3.22 seconds):
INFO:root:COST >> 3.0386 +/- 0.3079, % updates: 43.397%
INFO:root:-- EPOCH 30 (3.125 seconds):
INFO:root:COST >> 3.053 +/- 0.3096, % updates: 43.342%
INFO:root:-- EPOCH 31 (3.111 seconds):
INFO:root:COST >> 3.0476 +/- 0.2928, % updates: 43.249%
INFO:root:-- EPOCH 32 (3.103 seconds):
INFO:root:COST >> 3.0571 +/- 0.3121, % updates: 43.436%
INFO:root:-- EPOCH 33 (3.114 seconds):
INFO:root:COST >> 3.0589 +/- 0.2924, % updates: 43.315%
INFO:root:-- EPOCH 34 (3.127 seconds):
INFO:root:COST >> 3.0484 +/- 0.3011, % updates: 43.196%
INFO:root:-- EPOCH 35 (3.223 seconds):
INFO:root:COST >> 3.0564 +/- 0.3182, % updates: 43.39%
INFO:root:-- EPOCH 36 (3.244 seconds):
INFO:root:COST >> 3.062 +/- 0.3022, % updates: 43.469%
INFO:root:-- EPOCH 37 (3.171 seconds):
INFO:root:COST >> 3.0459 +/- 0.289, % updates: 43.321%
INFO:root:-- EPOCH 38 (3.158 seconds):
INFO:root:COST >> 3.0587 +/- 0.3066, % updates: 43.457%
INFO:root:-- EPOCH 39 (3.192 seconds):
INFO:root:COST >> 3.048 +/- 0.2927, % updates: 43.304%
INFO:root:-- EPOCH 40 (3.117 seconds):
INFO:root:COST >> 3.0551 +/- 0.3075, % updates: 43.36%
INFO:root:-- EPOCH 41 (2.978 seconds):
INFO:root:COST >> 3.0517 +/- 0.302, % updates: 43.379%
INFO:root:-- EPOCH 42 (2.664 seconds):
INFO:root:COST >> 3.0655 +/- 0.3111, % updates: 43.402%
INFO:root:-- EPOCH 43 (3.147 seconds):
INFO:root:COST >> 3.0647 +/- 0.2922, % updates: 43.376%
INFO:root:-- EPOCH 44 (3.19 seconds):
INFO:root:COST >> 3.0636 +/- 0.3032, % updates: 43.382%
INFO:root:-- EPOCH 45 (3.145 seconds):
INFO:root:COST >> 3.0547 +/- 0.3029, % updates: 43.358%
INFO:root:-- EPOCH 46 (3.17 seconds):
INFO:root:COST >> 3.0497 +/- 0.3098, % updates: 43.346%
INFO:root:-- EPOCH 47 (3.096 seconds):
INFO:root:COST >> 3.0523 +/- 0.3104, % updates: 43.353%
INFO:root:-- EPOCH 48 (3.176 seconds):
INFO:root:COST >> 3.05 +/- 0.3169, % updates: 43.4%
INFO:root:-- EPOCH 49 (3.12 seconds):
INFO:root:COST >> 3.0542 +/- 0.3099, % updates: 43.387%
INFO:root:-- EPOCH 50 (3.125 seconds):
INFO:root:COST >> 3.0614 +/- 0.3171, % updates: 43.401%
