INFO:root:Shape for training set: (40961, 141442)
INFO:root:State: {'ndim': '50', 'test_all': 'None', 'test_path': 'None', 'nhid': '50', 'lremb': '10.0', 'seed': '3', 'simfn': 'L1', 'valid_path': 'None', 'nbatches': '10', 'lrparam': '10.0', 'decay': '0.999', 'show_hinton_diagrams': 'False', 'no_rescaling': 'True', 'Nrel': '18', 'ranking_score_right': 'False', 'Nent': '40961', 'Nsyn': '40943', 'method': 'MOMENTUM', 'loss_margin': '1.0', 'C': '1.0', 'epsilon': '1e-06', 'use_db': 'True', 'max_lr': 'None', 'l1_param_weight': 'None', 'filtered': 'False', 'name': 'wn_50/wn_MOMENTUM_363', 'totepochs': '50', 'l2_param_weight': 'None', 'train_path': 'data/wn/WN-train.pkl', 'op': 'TransE'}
INFO:root:Starting the Experiment ..
INFO:root:-- EPOCH 1 (3.154 seconds):
INFO:root:COST >> 3.2699 +/- 0.4864, % updates: 60.702%
INFO:root:-- EPOCH 2 (3.23 seconds):
INFO:root:COST >> 3.0118 +/- 0.2673, % updates: 46.422%
INFO:root:-- EPOCH 3 (3.227 seconds):
INFO:root:COST >> 2.8448 +/- 0.2556, % updates: 44.405%
INFO:root:-- EPOCH 4 (3.088 seconds):
INFO:root:COST >> 2.7812 +/- 0.2526, % updates: 43.781%
INFO:root:-- EPOCH 5 (3.162 seconds):
INFO:root:COST >> 2.7265 +/- 0.2554, % updates: 43.32%
INFO:root:-- EPOCH 6 (3.14 seconds):
INFO:root:COST >> 2.7062 +/- 0.266, % updates: 43.061%
INFO:root:-- EPOCH 7 (3.118 seconds):
INFO:root:COST >> 2.6694 +/- 0.2495, % updates: 42.887%
INFO:root:-- EPOCH 8 (3.17 seconds):
INFO:root:COST >> 2.6531 +/- 0.2563, % updates: 42.852%
INFO:root:-- EPOCH 9 (3.196 seconds):
INFO:root:COST >> 2.6171 +/- 0.2428, % updates: 42.519%
INFO:root:-- EPOCH 10 (3.188 seconds):
INFO:root:COST >> 2.6234 +/- 0.2415, % updates: 42.601%
INFO:root:-- EPOCH 11 (3.28 seconds):
INFO:root:COST >> 2.6016 +/- 0.227, % updates: 42.428%
INFO:root:-- EPOCH 12 (3.273 seconds):
INFO:root:COST >> 2.5918 +/- 0.231, % updates: 42.509%
INFO:root:-- EPOCH 13 (3.226 seconds):
INFO:root:COST >> 2.5763 +/- 0.243, % updates: 42.359%
INFO:root:-- EPOCH 14 (3.255 seconds):
INFO:root:COST >> 2.5675 +/- 0.2315, % updates: 42.309%
INFO:root:-- EPOCH 15 (3.196 seconds):
INFO:root:COST >> 2.566 +/- 0.2354, % updates: 42.256%
INFO:root:-- EPOCH 16 (3.207 seconds):
INFO:root:COST >> 2.5603 +/- 0.2414, % updates: 42.268%
INFO:root:-- EPOCH 17 (3.167 seconds):
INFO:root:COST >> 2.5534 +/- 0.2297, % updates: 42.261%
INFO:root:-- EPOCH 18 (3.128 seconds):
INFO:root:COST >> 2.5475 +/- 0.2459, % updates: 42.15%
INFO:root:-- EPOCH 19 (3.146 seconds):
INFO:root:COST >> 2.5383 +/- 0.2198, % updates: 42.204%
INFO:root:-- EPOCH 20 (3.206 seconds):
INFO:root:COST >> 2.546 +/- 0.2379, % updates: 42.174%
INFO:root:-- EPOCH 21 (3.242 seconds):
INFO:root:COST >> 2.5296 +/- 0.23, % updates: 42.085%
INFO:root:-- EPOCH 22 (3.088 seconds):
INFO:root:COST >> 2.533 +/- 0.2327, % updates: 42.089%
INFO:root:-- EPOCH 23 (3.143 seconds):
INFO:root:COST >> 2.5327 +/- 0.2335, % updates: 42.163%
INFO:root:-- EPOCH 24 (3.227 seconds):
INFO:root:COST >> 2.531 +/- 0.2333, % updates: 42.213%
INFO:root:-- EPOCH 25 (3.252 seconds):
INFO:root:COST >> 2.5253 +/- 0.2423, % updates: 42.185%
INFO:root:-- EPOCH 26 (3.147 seconds):
INFO:root:COST >> 2.5209 +/- 0.246, % updates: 42.038%
INFO:root:-- EPOCH 27 (3.127 seconds):
INFO:root:COST >> 2.5204 +/- 0.2308, % updates: 42.145%
INFO:root:-- EPOCH 28 (3.134 seconds):
INFO:root:COST >> 2.5243 +/- 0.2192, % updates: 42.251%
INFO:root:-- EPOCH 29 (3.227 seconds):
INFO:root:COST >> 2.5257 +/- 0.2307, % updates: 42.155%
INFO:root:-- EPOCH 30 (3.142 seconds):
INFO:root:COST >> 2.5237 +/- 0.2252, % updates: 42.21%
INFO:root:-- EPOCH 31 (3.194 seconds):
INFO:root:COST >> 2.521 +/- 0.2279, % updates: 42.104%
INFO:root:-- EPOCH 32 (3.212 seconds):
INFO:root:COST >> 2.5173 +/- 0.222, % updates: 42.015%
INFO:root:-- EPOCH 33 (3.168 seconds):
INFO:root:COST >> 2.5224 +/- 0.2304, % updates: 42.035%
INFO:root:-- EPOCH 34 (3.226 seconds):
INFO:root:COST >> 2.517 +/- 0.2399, % updates: 42.097%
INFO:root:-- EPOCH 35 (3.096 seconds):
INFO:root:COST >> 2.5129 +/- 0.2285, % updates: 42.179%
INFO:root:-- EPOCH 36 (3.221 seconds):
INFO:root:COST >> 2.5098 +/- 0.2239, % updates: 42.132%
INFO:root:-- EPOCH 37 (3.219 seconds):
INFO:root:COST >> 2.5041 +/- 0.2272, % updates: 42.009%
INFO:root:-- EPOCH 38 (3.206 seconds):
INFO:root:COST >> 2.512 +/- 0.243, % updates: 42.015%
INFO:root:-- EPOCH 39 (3.196 seconds):
INFO:root:COST >> 2.5087 +/- 0.2264, % updates: 42.044%
INFO:root:-- EPOCH 40 (3.207 seconds):
INFO:root:COST >> 2.5016 +/- 0.2391, % updates: 41.935%
INFO:root:-- EPOCH 41 (3.133 seconds):
INFO:root:COST >> 2.5104 +/- 0.2316, % updates: 41.932%
INFO:root:-- EPOCH 42 (2.959 seconds):
INFO:root:COST >> 2.516 +/- 0.2506, % updates: 42.072%
INFO:root:-- EPOCH 43 (2.733 seconds):
INFO:root:COST >> 2.5094 +/- 0.2412, % updates: 42.018%
INFO:root:-- EPOCH 44 (3.184 seconds):
INFO:root:COST >> 2.5176 +/- 0.2218, % updates: 42.108%
INFO:root:-- EPOCH 45 (3.198 seconds):
INFO:root:COST >> 2.4971 +/- 0.2288, % updates: 41.888%
INFO:root:-- EPOCH 46 (3.198 seconds):
INFO:root:COST >> 2.5126 +/- 0.242, % updates: 42.052%
INFO:root:-- EPOCH 47 (3.126 seconds):
INFO:root:COST >> 2.512 +/- 0.2273, % updates: 42.035%
INFO:root:-- EPOCH 48 (3.095 seconds):
INFO:root:COST >> 2.5064 +/- 0.2309, % updates: 41.974%
INFO:root:-- EPOCH 49 (3.205 seconds):
INFO:root:COST >> 2.5072 +/- 0.2427, % updates: 41.951%
INFO:root:-- EPOCH 50 (3.079 seconds):
INFO:root:COST >> 2.5083 +/- 0.2341, % updates: 42.036%
