INFO:root:Shape for training set: (40961, 141442)
INFO:root:State: {'ndim': '50', 'test_all': 'None', 'test_path': 'None', 'nhid': '50', 'lremb': '0.001', 'seed': '8', 'simfn': 'L1', 'valid_path': 'None', 'nbatches': '10', 'lrparam': '0.001', 'decay': '0.999', 'show_hinton_diagrams': 'False', 'no_rescaling': 'True', 'Nrel': '18', 'ranking_score_right': 'False', 'Nent': '40961', 'Nsyn': '40943', 'method': 'MOMENTUM', 'loss_margin': '1.0', 'C': '1.0', 'epsilon': '1e-06', 'use_db': 'True', 'max_lr': 'None', 'l1_param_weight': 'None', 'filtered': 'False', 'name': 'wn_50/wn_MOMENTUM_168', 'totepochs': '50', 'l2_param_weight': 'None', 'train_path': 'data/wn/WN-train.pkl', 'op': 'TransE'}
INFO:root:Starting the Experiment ..
INFO:root:-- EPOCH 1 (3.185 seconds):
INFO:root:COST >> 2.0525 +/- 0.1031, % updates: 73.656%
INFO:root:-- EPOCH 2 (3.282 seconds):
INFO:root:COST >> 1.6098 +/- 0.0344, % updates: 57.938%
INFO:root:-- EPOCH 3 (2.902 seconds):
INFO:root:COST >> 1.474 +/- 0.0237, % updates: 51.194%
INFO:root:-- EPOCH 4 (2.756 seconds):
INFO:root:COST >> 1.4495 +/- 0.0429, % updates: 47.401%
INFO:root:-- EPOCH 5 (3.127 seconds):
INFO:root:COST >> 1.4704 +/- 0.0421, % updates: 45.673%
INFO:root:-- EPOCH 6 (3.209 seconds):
INFO:root:COST >> 1.4705 +/- 0.0373, % updates: 44.751%
INFO:root:-- EPOCH 7 (3.265 seconds):
INFO:root:COST >> 1.4689 +/- 0.0347, % updates: 44.077%
INFO:root:-- EPOCH 8 (3.253 seconds):
INFO:root:COST >> 1.4755 +/- 0.0392, % updates: 44.047%
INFO:root:-- EPOCH 9 (3.232 seconds):
INFO:root:COST >> 1.4809 +/- 0.0326, % updates: 43.783%
INFO:root:-- EPOCH 10 (3.244 seconds):
INFO:root:COST >> 1.4864 +/- 0.0374, % updates: 43.942%
INFO:root:-- EPOCH 11 (3.221 seconds):
INFO:root:COST >> 1.4902 +/- 0.0401, % updates: 43.993%
INFO:root:-- EPOCH 12 (3.236 seconds):
INFO:root:COST >> 1.4816 +/- 0.0344, % updates: 43.828%
INFO:root:-- EPOCH 13 (3.257 seconds):
INFO:root:COST >> 1.4808 +/- 0.0401, % updates: 43.888%
INFO:root:-- EPOCH 14 (3.327 seconds):
INFO:root:COST >> 1.4778 +/- 0.0424, % updates: 43.685%
INFO:root:-- EPOCH 15 (3.303 seconds):
INFO:root:COST >> 1.4787 +/- 0.0363, % updates: 43.774%
INFO:root:-- EPOCH 16 (3.246 seconds):
INFO:root:COST >> 1.4742 +/- 0.0335, % updates: 43.532%
INFO:root:-- EPOCH 17 (3.242 seconds):
INFO:root:COST >> 1.4776 +/- 0.0351, % updates: 43.609%
INFO:root:-- EPOCH 18 (3.274 seconds):
INFO:root:COST >> 1.4826 +/- 0.0454, % updates: 43.703%
INFO:root:-- EPOCH 19 (3.227 seconds):
INFO:root:COST >> 1.487 +/- 0.0384, % updates: 43.635%
INFO:root:-- EPOCH 20 (3.272 seconds):
INFO:root:COST >> 1.4915 +/- 0.0395, % updates: 43.565%
INFO:root:-- EPOCH 21 (3.202 seconds):
INFO:root:COST >> 1.4912 +/- 0.0418, % updates: 43.521%
INFO:root:-- EPOCH 22 (3.167 seconds):
INFO:root:COST >> 1.4979 +/- 0.0422, % updates: 43.66%
INFO:root:-- EPOCH 23 (3.244 seconds):
INFO:root:COST >> 1.4996 +/- 0.0409, % updates: 43.629%
INFO:root:-- EPOCH 24 (3.142 seconds):
INFO:root:COST >> 1.5022 +/- 0.0424, % updates: 43.561%
INFO:root:-- EPOCH 25 (3.23 seconds):
INFO:root:COST >> 1.5046 +/- 0.0374, % updates: 43.611%
INFO:root:-- EPOCH 26 (3.13 seconds):
INFO:root:COST >> 1.5108 +/- 0.0425, % updates: 43.53%
INFO:root:-- EPOCH 27 (3.117 seconds):
INFO:root:COST >> 1.513 +/- 0.0426, % updates: 43.627%
INFO:root:-- EPOCH 28 (3.162 seconds):
INFO:root:COST >> 1.5178 +/- 0.0407, % updates: 43.703%
INFO:root:-- EPOCH 29 (3.147 seconds):
INFO:root:COST >> 1.5235 +/- 0.0355, % updates: 43.599%
INFO:root:-- EPOCH 30 (3.13 seconds):
INFO:root:COST >> 1.5271 +/- 0.0462, % updates: 43.653%
INFO:root:-- EPOCH 31 (3.204 seconds):
INFO:root:COST >> 1.5268 +/- 0.0407, % updates: 43.428%
INFO:root:-- EPOCH 32 (3.269 seconds):
INFO:root:COST >> 1.528 +/- 0.0367, % updates: 43.434%
INFO:root:-- EPOCH 33 (3.272 seconds):
INFO:root:COST >> 1.5326 +/- 0.0382, % updates: 43.362%
INFO:root:-- EPOCH 34 (3.243 seconds):
INFO:root:COST >> 1.5311 +/- 0.0457, % updates: 43.264%
INFO:root:-- EPOCH 35 (3.273 seconds):
INFO:root:COST >> 1.5342 +/- 0.0341, % updates: 43.319%
INFO:root:-- EPOCH 36 (3.271 seconds):
INFO:root:COST >> 1.5355 +/- 0.038, % updates: 43.386%
INFO:root:-- EPOCH 37 (3.156 seconds):
INFO:root:COST >> 1.5383 +/- 0.0409, % updates: 43.324%
INFO:root:-- EPOCH 38 (3.254 seconds):
INFO:root:COST >> 1.5389 +/- 0.0425, % updates: 43.378%
INFO:root:-- EPOCH 39 (3.131 seconds):
INFO:root:COST >> 1.5467 +/- 0.0346, % updates: 43.098%
INFO:root:-- EPOCH 40 (3.103 seconds):
INFO:root:COST >> 1.5514 +/- 0.0425, % updates: 43.272%
INFO:root:-- EPOCH 41 (3.158 seconds):
INFO:root:COST >> 1.5519 +/- 0.0361, % updates: 43.179%
INFO:root:-- EPOCH 42 (3.102 seconds):
INFO:root:COST >> 1.554 +/- 0.0361, % updates: 43.049%
INFO:root:-- EPOCH 43 (3.118 seconds):
INFO:root:COST >> 1.5667 +/- 0.0455, % updates: 43.171%
INFO:root:-- EPOCH 44 (3.218 seconds):
INFO:root:COST >> 1.5702 +/- 0.0413, % updates: 43.173%
INFO:root:-- EPOCH 45 (3.253 seconds):
INFO:root:COST >> 1.5689 +/- 0.0396, % updates: 42.914%
INFO:root:-- EPOCH 46 (3.224 seconds):
INFO:root:COST >> 1.5728 +/- 0.0341, % updates: 43.019%
INFO:root:-- EPOCH 47 (3.175 seconds):
INFO:root:COST >> 1.5803 +/- 0.0455, % updates: 43.044%
INFO:root:-- EPOCH 48 (3.157 seconds):
INFO:root:COST >> 1.579 +/- 0.0479, % updates: 42.939%
INFO:root:-- EPOCH 49 (3.192 seconds):
INFO:root:COST >> 1.5838 +/- 0.0382, % updates: 42.97%
INFO:root:-- EPOCH 50 (3.163 seconds):
INFO:root:COST >> 1.5841 +/- 0.0389, % updates: 42.928%
