INFO:root:Shape for training set: (40961, 141442)
INFO:root:State: {'ndim': '50', 'test_all': 'None', 'test_path': 'None', 'nhid': '50', 'lremb': '0.001', 'seed': '6', 'simfn': 'L1', 'valid_path': 'None', 'nbatches': '10', 'lrparam': '0.001', 'decay': '0.9', 'show_hinton_diagrams': 'False', 'no_rescaling': 'True', 'Nrel': '18', 'ranking_score_right': 'False', 'Nent': '40961', 'Nsyn': '40943', 'method': 'MOMENTUM', 'loss_margin': '1.0', 'C': '1.0', 'epsilon': '1e-06', 'use_db': 'True', 'max_lr': 'None', 'l1_param_weight': 'None', 'filtered': 'False', 'name': 'wn_50/wn_MOMENTUM_186', 'totepochs': '50', 'l2_param_weight': 'None', 'train_path': 'data/wn/WN-train.pkl', 'op': 'TransE'}
INFO:root:Starting the Experiment ..
INFO:root:-- EPOCH 1 (3.235 seconds):
INFO:root:COST >> 2.0617 +/- 0.0997, % updates: 74.379%
INFO:root:-- EPOCH 2 (3.258 seconds):
INFO:root:COST >> 1.6112 +/- 0.0631, % updates: 60.096%
INFO:root:-- EPOCH 3 (3.24 seconds):
INFO:root:COST >> 1.3806 +/- 0.0225, % updates: 53.145%
INFO:root:-- EPOCH 4 (3.016 seconds):
INFO:root:COST >> 1.3082 +/- 0.0187, % updates: 50.611%
INFO:root:-- EPOCH 5 (3.426 seconds):
INFO:root:COST >> 1.2567 +/- 0.0266, % updates: 49.112%
INFO:root:-- EPOCH 6 (4.21 seconds):
INFO:root:COST >> 1.2277 +/- 0.0311, % updates: 48.135%
INFO:root:-- EPOCH 7 (4.207 seconds):
INFO:root:COST >> 1.2034 +/- 0.0331, % updates: 47.211%
INFO:root:-- EPOCH 8 (3.222 seconds):
INFO:root:COST >> 1.1868 +/- 0.0309, % updates: 46.552%
INFO:root:-- EPOCH 9 (3.205 seconds):
INFO:root:COST >> 1.1677 +/- 0.0378, % updates: 45.792%
INFO:root:-- EPOCH 10 (3.277 seconds):
INFO:root:COST >> 1.1634 +/- 0.0372, % updates: 45.497%
INFO:root:-- EPOCH 11 (3.153 seconds):
INFO:root:COST >> 1.1578 +/- 0.0349, % updates: 45.217%
INFO:root:-- EPOCH 12 (3.104 seconds):
INFO:root:COST >> 1.1481 +/- 0.0326, % updates: 44.966%
INFO:root:-- EPOCH 13 (3.122 seconds):
INFO:root:COST >> 1.1409 +/- 0.036, % updates: 44.596%
INFO:root:-- EPOCH 14 (3.162 seconds):
INFO:root:COST >> 1.139 +/- 0.0379, % updates: 44.566%
INFO:root:-- EPOCH 15 (3.114 seconds):
INFO:root:COST >> 1.1313 +/- 0.0349, % updates: 44.276%
INFO:root:-- EPOCH 16 (3.225 seconds):
INFO:root:COST >> 1.1302 +/- 0.0379, % updates: 44.118%
INFO:root:-- EPOCH 17 (3.209 seconds):
INFO:root:COST >> 1.1283 +/- 0.0347, % updates: 43.874%
INFO:root:-- EPOCH 18 (3.18 seconds):
INFO:root:COST >> 1.1264 +/- 0.0343, % updates: 43.802%
INFO:root:-- EPOCH 19 (3.136 seconds):
INFO:root:COST >> 1.129 +/- 0.0357, % updates: 43.8%
INFO:root:-- EPOCH 20 (3.128 seconds):
INFO:root:COST >> 1.1277 +/- 0.0338, % updates: 43.704%
INFO:root:-- EPOCH 21 (3.142 seconds):
INFO:root:COST >> 1.1237 +/- 0.0344, % updates: 43.649%
INFO:root:-- EPOCH 22 (3.143 seconds):
INFO:root:COST >> 1.1267 +/- 0.0327, % updates: 43.632%
INFO:root:-- EPOCH 23 (3.226 seconds):
INFO:root:COST >> 1.1246 +/- 0.0362, % updates: 43.53%
INFO:root:-- EPOCH 24 (3.205 seconds):
INFO:root:COST >> 1.1221 +/- 0.032, % updates: 43.554%
INFO:root:-- EPOCH 25 (3.116 seconds):
INFO:root:COST >> 1.1198 +/- 0.0398, % updates: 43.375%
INFO:root:-- EPOCH 26 (3.211 seconds):
INFO:root:COST >> 1.1215 +/- 0.0386, % updates: 43.419%
INFO:root:-- EPOCH 27 (3.117 seconds):
INFO:root:COST >> 1.1252 +/- 0.0353, % updates: 43.291%
INFO:root:-- EPOCH 28 (3.19 seconds):
INFO:root:COST >> 1.1179 +/- 0.0369, % updates: 43.184%
INFO:root:-- EPOCH 29 (3.216 seconds):
INFO:root:COST >> 1.1183 +/- 0.0392, % updates: 43.206%
INFO:root:-- EPOCH 30 (3.218 seconds):
INFO:root:COST >> 1.1174 +/- 0.0377, % updates: 43.104%
INFO:root:-- EPOCH 31 (3.224 seconds):
INFO:root:COST >> 1.1173 +/- 0.0348, % updates: 42.931%
INFO:root:-- EPOCH 32 (3.241 seconds):
INFO:root:COST >> 1.1192 +/- 0.0407, % updates: 43.03%
INFO:root:-- EPOCH 33 (3.231 seconds):
INFO:root:COST >> 1.1139 +/- 0.0362, % updates: 42.778%
INFO:root:-- EPOCH 34 (3.267 seconds):
INFO:root:COST >> 1.1177 +/- 0.0382, % updates: 42.94%
INFO:root:-- EPOCH 35 (3.146 seconds):
INFO:root:COST >> 1.1146 +/- 0.0336, % updates: 42.961%
INFO:root:-- EPOCH 36 (3.223 seconds):
INFO:root:COST >> 1.1172 +/- 0.0376, % updates: 42.942%
INFO:root:-- EPOCH 37 (3.228 seconds):
INFO:root:COST >> 1.1169 +/- 0.0277, % updates: 42.782%
INFO:root:-- EPOCH 38 (3.163 seconds):
INFO:root:COST >> 1.1173 +/- 0.0294, % updates: 42.792%
INFO:root:-- EPOCH 39 (3.231 seconds):
INFO:root:COST >> 1.1163 +/- 0.0388, % updates: 42.734%
INFO:root:-- EPOCH 40 (3.234 seconds):
INFO:root:COST >> 1.1168 +/- 0.037, % updates: 42.755%
INFO:root:-- EPOCH 41 (3.211 seconds):
INFO:root:COST >> 1.1163 +/- 0.0319, % updates: 42.67%
INFO:root:-- EPOCH 42 (3.159 seconds):
INFO:root:COST >> 1.1111 +/- 0.0369, % updates: 42.664%
INFO:root:-- EPOCH 43 (3.207 seconds):
INFO:root:COST >> 1.1145 +/- 0.0406, % updates: 42.689%
INFO:root:-- EPOCH 44 (3.242 seconds):
INFO:root:COST >> 1.1155 +/- 0.0363, % updates: 42.677%
INFO:root:-- EPOCH 45 (3.272 seconds):
INFO:root:COST >> 1.1185 +/- 0.034, % updates: 42.633%
INFO:root:-- EPOCH 46 (3.081 seconds):
INFO:root:COST >> 1.1134 +/- 0.0319, % updates: 42.65%
INFO:root:-- EPOCH 47 (3.2 seconds):
INFO:root:COST >> 1.1127 +/- 0.0363, % updates: 42.57%
INFO:root:-- EPOCH 48 (3.226 seconds):
INFO:root:COST >> 1.1125 +/- 0.0304, % updates: 42.64%
INFO:root:-- EPOCH 49 (3.192 seconds):
INFO:root:COST >> 1.1126 +/- 0.0328, % updates: 42.493%
INFO:root:-- EPOCH 50 (3.23 seconds):
INFO:root:COST >> 1.1138 +/- 0.037, % updates: 42.583%
