INFO:root:Shape for training set: (40961, 141442)
INFO:root:State: {'ndim': '50', 'test_all': 'None', 'test_path': 'None', 'nhid': '50', 'lremb': '1.0', 'seed': '2', 'simfn': 'L1', 'valid_path': 'None', 'nbatches': '10', 'lrparam': '1.0', 'decay': '0.5', 'show_hinton_diagrams': 'False', 'no_rescaling': 'True', 'Nrel': '18', 'ranking_score_right': 'False', 'Nent': '40961', 'Nsyn': '40943', 'method': 'MOMENTUM', 'loss_margin': '1.0', 'C': '1.0', 'epsilon': '1e-06', 'use_db': 'True', 'max_lr': 'None', 'l1_param_weight': 'None', 'filtered': 'False', 'name': 'wn_50/wn_MOMENTUM_342', 'totepochs': '50', 'l2_param_weight': 'None', 'train_path': 'data/wn/WN-train.pkl', 'op': 'TransE'}
INFO:root:Starting the Experiment ..
INFO:root:-- EPOCH 1 (3.177 seconds):
INFO:root:COST >> 3.8613 +/- 0.8127, % updates: 61.743%
INFO:root:-- EPOCH 2 (3.255 seconds):
INFO:root:COST >> 4.3669 +/- 0.2697, % updates: 55.108%
INFO:root:-- EPOCH 3 (3.226 seconds):
INFO:root:COST >> 4.3514 +/- 0.284, % updates: 55.147%
INFO:root:-- EPOCH 4 (3.223 seconds):
INFO:root:COST >> 4.3728 +/- 0.2687, % updates: 55.239%
INFO:root:-- EPOCH 5 (3.213 seconds):
INFO:root:COST >> 4.3774 +/- 0.2741, % updates: 55.176%
INFO:root:-- EPOCH 6 (3.27 seconds):
INFO:root:COST >> 4.3796 +/- 0.2793, % updates: 55.258%
INFO:root:-- EPOCH 7 (2.687 seconds):
INFO:root:COST >> 4.3466 +/- 0.2485, % updates: 55.029%
INFO:root:-- EPOCH 8 (2.924 seconds):
INFO:root:COST >> 4.3776 +/- 0.2683, % updates: 55.243%
INFO:root:-- EPOCH 9 (3.284 seconds):
INFO:root:COST >> 4.3866 +/- 0.2824, % updates: 55.163%
INFO:root:-- EPOCH 10 (3.136 seconds):
INFO:root:COST >> 4.37 +/- 0.2742, % updates: 55.112%
INFO:root:-- EPOCH 11 (3.236 seconds):
INFO:root:COST >> 4.3646 +/- 0.28, % updates: 55.091%
INFO:root:-- EPOCH 12 (3.139 seconds):
INFO:root:COST >> 4.3598 +/- 0.2617, % updates: 55.101%
INFO:root:-- EPOCH 13 (3.229 seconds):
INFO:root:COST >> 4.3907 +/- 0.2714, % updates: 55.29%
INFO:root:-- EPOCH 14 (3.12 seconds):
INFO:root:COST >> 4.3624 +/- 0.2691, % updates: 55.164%
INFO:root:-- EPOCH 15 (3.205 seconds):
INFO:root:COST >> 4.3902 +/- 0.2635, % updates: 55.28%
INFO:root:-- EPOCH 16 (3.225 seconds):
INFO:root:COST >> 4.3834 +/- 0.2765, % updates: 55.274%
INFO:root:-- EPOCH 17 (3.182 seconds):
INFO:root:COST >> 4.3797 +/- 0.2681, % updates: 55.177%
INFO:root:-- EPOCH 18 (3.208 seconds):
INFO:root:COST >> 4.3756 +/- 0.2716, % updates: 55.147%
INFO:root:-- EPOCH 19 (3.242 seconds):
INFO:root:COST >> 4.3758 +/- 0.2829, % updates: 55.193%
INFO:root:-- EPOCH 20 (3.116 seconds):
INFO:root:COST >> 4.3806 +/- 0.2602, % updates: 55.41%
INFO:root:-- EPOCH 21 (3.134 seconds):
INFO:root:COST >> 4.3833 +/- 0.2672, % updates: 55.147%
INFO:root:-- EPOCH 22 (3.249 seconds):
INFO:root:COST >> 4.3536 +/- 0.2423, % updates: 55.081%
INFO:root:-- EPOCH 23 (3.217 seconds):
INFO:root:COST >> 4.3782 +/- 0.2695, % updates: 55.234%
INFO:root:-- EPOCH 24 (3.169 seconds):
INFO:root:COST >> 4.3557 +/- 0.271, % updates: 55.17%
INFO:root:-- EPOCH 25 (3.241 seconds):
INFO:root:COST >> 4.3811 +/- 0.2675, % updates: 55.069%
INFO:root:-- EPOCH 26 (3.175 seconds):
INFO:root:COST >> 4.3724 +/- 0.2556, % updates: 55.148%
INFO:root:-- EPOCH 27 (3.228 seconds):
INFO:root:COST >> 4.3735 +/- 0.2825, % updates: 55.255%
INFO:root:-- EPOCH 28 (3.25 seconds):
INFO:root:COST >> 4.3737 +/- 0.2811, % updates: 55.135%
INFO:root:-- EPOCH 29 (3.185 seconds):
INFO:root:COST >> 4.3749 +/- 0.2673, % updates: 55.188%
INFO:root:-- EPOCH 30 (3.16 seconds):
INFO:root:COST >> 4.3748 +/- 0.2649, % updates: 55.122%
INFO:root:-- EPOCH 31 (3.217 seconds):
INFO:root:COST >> 4.3627 +/- 0.2739, % updates: 55.146%
INFO:root:-- EPOCH 32 (3.218 seconds):
INFO:root:COST >> 4.3887 +/- 0.2589, % updates: 55.408%
INFO:root:-- EPOCH 33 (3.13 seconds):
INFO:root:COST >> 4.3771 +/- 0.2669, % updates: 55.372%
INFO:root:-- EPOCH 34 (3.226 seconds):
INFO:root:COST >> 4.3594 +/- 0.2679, % updates: 55.18%
INFO:root:-- EPOCH 35 (3.106 seconds):
INFO:root:COST >> 4.3847 +/- 0.268, % updates: 55.158%
INFO:root:-- EPOCH 36 (3.151 seconds):
INFO:root:COST >> 4.3745 +/- 0.265, % updates: 55.176%
INFO:root:-- EPOCH 37 (3.168 seconds):
INFO:root:COST >> 4.3477 +/- 0.2616, % updates: 55.0%
INFO:root:-- EPOCH 38 (3.113 seconds):
INFO:root:COST >> 4.3686 +/- 0.2589, % updates: 55.252%
INFO:root:-- EPOCH 39 (3.137 seconds):
INFO:root:COST >> 4.3754 +/- 0.2632, % updates: 55.203%
INFO:root:-- EPOCH 40 (3.136 seconds):
INFO:root:COST >> 4.3608 +/- 0.2811, % updates: 55.13%
INFO:root:-- EPOCH 41 (3.155 seconds):
INFO:root:COST >> 4.3729 +/- 0.274, % updates: 55.296%
INFO:root:-- EPOCH 42 (3.139 seconds):
INFO:root:COST >> 4.3882 +/- 0.2748, % updates: 55.281%
INFO:root:-- EPOCH 43 (3.238 seconds):
INFO:root:COST >> 4.3671 +/- 0.2848, % updates: 55.153%
INFO:root:-- EPOCH 44 (3.158 seconds):
INFO:root:COST >> 4.3872 +/- 0.2671, % updates: 55.326%
INFO:root:-- EPOCH 45 (3.239 seconds):
INFO:root:COST >> 4.3792 +/- 0.257, % updates: 55.135%
INFO:root:-- EPOCH 46 (3.213 seconds):
INFO:root:COST >> 4.3892 +/- 0.2816, % updates: 55.265%
INFO:root:-- EPOCH 47 (3.162 seconds):
INFO:root:COST >> 4.376 +/- 0.2708, % updates: 55.303%
INFO:root:-- EPOCH 48 (3.16 seconds):
INFO:root:COST >> 4.3976 +/- 0.2622, % updates: 55.418%
INFO:root:-- EPOCH 49 (3.165 seconds):
INFO:root:COST >> 4.376 +/- 0.2559, % updates: 55.233%
INFO:root:-- EPOCH 50 (3.136 seconds):
INFO:root:COST >> 4.3613 +/- 0.2685, % updates: 55.136%
