INFO:root:Shape for training set: (40961, 141442)
INFO:root:State: {'ndim': '50', 'test_all': 'None', 'test_path': 'None', 'nhid': '50', 'lremb': '0.1', 'seed': '1', 'simfn': 'L1', 'valid_path': 'None', 'nbatches': '10', 'lrparam': '0.1', 'decay': '0.99', 'show_hinton_diagrams': 'False', 'no_rescaling': 'True', 'Nrel': '18', 'ranking_score_right': 'False', 'Nent': '40961', 'Nsyn': '40943', 'method': 'MOMENTUM', 'loss_margin': '1.0', 'C': '1.0', 'epsilon': '1e-06', 'use_db': 'True', 'max_lr': 'None', 'l1_param_weight': 'None', 'filtered': 'False', 'name': 'wn_50/wn_MOMENTUM_271', 'totepochs': '50', 'l2_param_weight': 'None', 'train_path': 'data/wn/WN-train.pkl', 'op': 'TransE'}
INFO:root:Starting the Experiment ..
INFO:root:-- EPOCH 1 (3.122 seconds):
INFO:root:COST >> 3.068 +/- 0.4243, % updates: 61.261%
INFO:root:-- EPOCH 2 (3.205 seconds):
INFO:root:COST >> 2.9028 +/- 0.2923, % updates: 46.048%
INFO:root:-- EPOCH 3 (3.123 seconds):
INFO:root:COST >> 2.834 +/- 0.294, % updates: 44.311%
INFO:root:-- EPOCH 4 (3.268 seconds):
INFO:root:COST >> 2.8166 +/- 0.3077, % updates: 43.534%
INFO:root:-- EPOCH 5 (3.238 seconds):
INFO:root:COST >> 2.8246 +/- 0.3016, % updates: 43.246%
INFO:root:-- EPOCH 6 (3.151 seconds):
INFO:root:COST >> 2.8252 +/- 0.2926, % updates: 43.162%
INFO:root:-- EPOCH 7 (3.109 seconds):
INFO:root:COST >> 2.837 +/- 0.2887, % updates: 42.896%
INFO:root:-- EPOCH 8 (3.141 seconds):
INFO:root:COST >> 2.8537 +/- 0.3109, % updates: 42.849%
INFO:root:-- EPOCH 9 (3.176 seconds):
INFO:root:COST >> 2.8579 +/- 0.3047, % updates: 42.671%
INFO:root:-- EPOCH 10 (3.266 seconds):
INFO:root:COST >> 2.876 +/- 0.2852, % updates: 42.672%
INFO:root:-- EPOCH 11 (3.142 seconds):
INFO:root:COST >> 2.8737 +/- 0.2911, % updates: 42.501%
INFO:root:-- EPOCH 12 (3.24 seconds):
INFO:root:COST >> 2.8888 +/- 0.3006, % updates: 42.549%
INFO:root:-- EPOCH 13 (3.209 seconds):
INFO:root:COST >> 2.9011 +/- 0.2962, % updates: 42.56%
INFO:root:-- EPOCH 14 (3.172 seconds):
INFO:root:COST >> 2.9058 +/- 0.3091, % updates: 42.444%
INFO:root:-- EPOCH 15 (3.222 seconds):
INFO:root:COST >> 2.9079 +/- 0.2966, % updates: 42.524%
INFO:root:-- EPOCH 16 (3.135 seconds):
INFO:root:COST >> 2.9244 +/- 0.3015, % updates: 42.491%
INFO:root:-- EPOCH 17 (3.182 seconds):
INFO:root:COST >> 2.9119 +/- 0.303, % updates: 42.358%
INFO:root:-- EPOCH 18 (3.253 seconds):
INFO:root:COST >> 2.9224 +/- 0.2953, % updates: 42.419%
INFO:root:-- EPOCH 19 (3.246 seconds):
INFO:root:COST >> 2.9218 +/- 0.2944, % updates: 42.378%
INFO:root:-- EPOCH 20 (3.216 seconds):
INFO:root:COST >> 2.937 +/- 0.3183, % updates: 42.338%
INFO:root:-- EPOCH 21 (3.212 seconds):
INFO:root:COST >> 2.9209 +/- 0.3027, % updates: 42.277%
INFO:root:-- EPOCH 22 (3.247 seconds):
INFO:root:COST >> 2.9195 +/- 0.3027, % updates: 42.102%
INFO:root:-- EPOCH 23 (3.23 seconds):
INFO:root:COST >> 2.9301 +/- 0.2957, % updates: 42.156%
INFO:root:-- EPOCH 24 (3.264 seconds):
INFO:root:COST >> 2.9531 +/- 0.3062, % updates: 42.564%
INFO:root:-- EPOCH 25 (3.216 seconds):
INFO:root:COST >> 2.9411 +/- 0.2973, % updates: 42.329%
INFO:root:-- EPOCH 26 (3.119 seconds):
INFO:root:COST >> 2.9387 +/- 0.3095, % updates: 42.355%
INFO:root:-- EPOCH 27 (3.182 seconds):
INFO:root:COST >> 2.945 +/- 0.2969, % updates: 42.313%
INFO:root:-- EPOCH 28 (3.208 seconds):
INFO:root:COST >> 2.9414 +/- 0.3124, % updates: 42.314%
INFO:root:-- EPOCH 29 (3.158 seconds):
INFO:root:COST >> 2.9519 +/- 0.3045, % updates: 42.298%
INFO:root:-- EPOCH 30 (3.102 seconds):
INFO:root:COST >> 2.9396 +/- 0.3134, % updates: 42.309%
INFO:root:-- EPOCH 31 (3.192 seconds):
INFO:root:COST >> 2.9431 +/- 0.3165, % updates: 42.346%
INFO:root:-- EPOCH 32 (3.187 seconds):
INFO:root:COST >> 2.9547 +/- 0.311, % updates: 42.335%
INFO:root:-- EPOCH 33 (3.142 seconds):
INFO:root:COST >> 2.9559 +/- 0.3061, % updates: 42.43%
INFO:root:-- EPOCH 34 (3.208 seconds):
INFO:root:COST >> 2.9589 +/- 0.2961, % updates: 42.436%
INFO:root:-- EPOCH 35 (3.213 seconds):
INFO:root:COST >> 2.9458 +/- 0.3014, % updates: 42.413%
INFO:root:-- EPOCH 36 (3.22 seconds):
INFO:root:COST >> 2.9483 +/- 0.3043, % updates: 42.347%
INFO:root:-- EPOCH 37 (3.108 seconds):
INFO:root:COST >> 2.953 +/- 0.3052, % updates: 42.428%
INFO:root:-- EPOCH 38 (3.243 seconds):
INFO:root:COST >> 2.9441 +/- 0.2955, % updates: 42.272%
INFO:root:-- EPOCH 39 (3.121 seconds):
INFO:root:COST >> 2.9495 +/- 0.293, % updates: 42.401%
INFO:root:-- EPOCH 40 (3.224 seconds):
INFO:root:COST >> 2.9563 +/- 0.3014, % updates: 42.354%
INFO:root:-- EPOCH 41 (3.147 seconds):
INFO:root:COST >> 2.9459 +/- 0.2912, % updates: 42.325%
INFO:root:-- EPOCH 42 (3.138 seconds):
INFO:root:COST >> 2.9582 +/- 0.3091, % updates: 42.547%
INFO:root:-- EPOCH 43 (3.144 seconds):
INFO:root:COST >> 2.9541 +/- 0.3079, % updates: 42.294%
INFO:root:-- EPOCH 44 (3.098 seconds):
INFO:root:COST >> 2.9454 +/- 0.2937, % updates: 42.32%
INFO:root:-- EPOCH 45 (3.089 seconds):
INFO:root:COST >> 2.946 +/- 0.3034, % updates: 42.335%
INFO:root:-- EPOCH 46 (3.396 seconds):
INFO:root:COST >> 2.9513 +/- 0.3011, % updates: 42.352%
INFO:root:-- EPOCH 47 (3.985 seconds):
INFO:root:COST >> 2.949 +/- 0.3005, % updates: 42.36%
INFO:root:-- EPOCH 48 (4.104 seconds):
INFO:root:COST >> 2.948 +/- 0.3059, % updates: 42.375%
INFO:root:-- EPOCH 49 (4.056 seconds):
INFO:root:COST >> 2.9478 +/- 0.3067, % updates: 42.339%
INFO:root:-- EPOCH 50 (3.125 seconds):
INFO:root:COST >> 2.9518 +/- 0.2972, % updates: 42.361%
