INFO:root:Shape for training set: (40961, 141442)
INFO:root:State: {'ndim': '50', 'test_all': 'None', 'test_path': 'None', 'nhid': '50', 'lremb': '1e-06', 'seed': '3', 'simfn': 'L1', 'valid_path': 'None', 'nbatches': '10', 'lrparam': '1e-06', 'decay': '0.9999', 'show_hinton_diagrams': 'False', 'no_rescaling': 'True', 'Nrel': '18', 'ranking_score_right': 'False', 'Nent': '40961', 'Nsyn': '40943', 'method': 'MOMENTUM', 'loss_margin': '1.0', 'C': '1.0', 'epsilon': '1e-06', 'use_db': 'True', 'max_lr': 'None', 'l1_param_weight': 'None', 'filtered': 'False', 'name': 'wn_50/wn_MOMENTUM_3', 'totepochs': '50', 'l2_param_weight': 'None', 'train_path': 'data/wn/WN-train.pkl', 'op': 'TransE'}
INFO:root:Starting the Experiment ..
INFO:root:-- EPOCH 1 (3.3 seconds):
INFO:root:COST >> 2.2247 +/- 0.0105, % updates: 81.796%
INFO:root:-- EPOCH 2 (3.399 seconds):
INFO:root:COST >> 2.2135 +/- 0.0141, % updates: 81.763%
INFO:root:-- EPOCH 3 (3.43 seconds):
INFO:root:COST >> 2.1976 +/- 0.0163, % updates: 81.598%
INFO:root:-- EPOCH 4 (3.403 seconds):
INFO:root:COST >> 2.1738 +/- 0.0122, % updates: 81.363%
INFO:root:-- EPOCH 5 (3.445 seconds):
INFO:root:COST >> 2.1486 +/- 0.0155, % updates: 81.028%
INFO:root:-- EPOCH 6 (3.351 seconds):
INFO:root:COST >> 2.1093 +/- 0.0086, % updates: 80.657%
INFO:root:-- EPOCH 7 (3.343 seconds):
INFO:root:COST >> 2.0864 +/- 0.0107, % updates: 80.152%
INFO:root:-- EPOCH 8 (3.414 seconds):
INFO:root:COST >> 2.0569 +/- 0.011, % updates: 79.412%
INFO:root:-- EPOCH 9 (3.461 seconds):
INFO:root:COST >> 2.031 +/- 0.0127, % updates: 78.518%
INFO:root:-- EPOCH 10 (3.44 seconds):
INFO:root:COST >> 2.0049 +/- 0.0198, % updates: 77.942%
INFO:root:-- EPOCH 11 (3.367 seconds):
INFO:root:COST >> 1.9818 +/- 0.0093, % updates: 77.003%
INFO:root:-- EPOCH 12 (3.437 seconds):
INFO:root:COST >> 1.9499 +/- 0.0122, % updates: 76.016%
INFO:root:-- EPOCH 13 (3.362 seconds):
INFO:root:COST >> 1.9208 +/- 0.0189, % updates: 75.253%
INFO:root:-- EPOCH 14 (3.411 seconds):
INFO:root:COST >> 1.8899 +/- 0.0145, % updates: 74.353%
INFO:root:-- EPOCH 15 (3.326 seconds):
INFO:root:COST >> 1.856 +/- 0.016, % updates: 73.543%
INFO:root:-- EPOCH 16 (3.413 seconds):
INFO:root:COST >> 1.8216 +/- 0.0155, % updates: 72.798%
INFO:root:-- EPOCH 17 (3.426 seconds):
INFO:root:COST >> 1.7822 +/- 0.0163, % updates: 72.102%
INFO:root:-- EPOCH 18 (4.191 seconds):
INFO:root:COST >> 1.7451 +/- 0.0136, % updates: 71.333%
INFO:root:-- EPOCH 19 (3.443 seconds):
INFO:root:COST >> 1.7057 +/- 0.0117, % updates: 70.452%
INFO:root:-- EPOCH 20 (3.435 seconds):
INFO:root:COST >> 1.6692 +/- 0.0135, % updates: 69.797%
INFO:root:-- EPOCH 21 (3.344 seconds):
INFO:root:COST >> 1.6329 +/- 0.0111, % updates: 69.149%
INFO:root:-- EPOCH 22 (3.406 seconds):
INFO:root:COST >> 1.5936 +/- 0.0152, % updates: 68.279%
INFO:root:-- EPOCH 23 (3.467 seconds):
INFO:root:COST >> 1.5498 +/- 0.0192, % updates: 67.45%
INFO:root:-- EPOCH 24 (3.395 seconds):
INFO:root:COST >> 1.5046 +/- 0.0216, % updates: 66.303%
INFO:root:-- EPOCH 25 (3.354 seconds):
INFO:root:COST >> 1.462 +/- 0.0144, % updates: 65.194%
INFO:root:-- EPOCH 26 (3.827 seconds):
INFO:root:COST >> 1.4173 +/- 0.0169, % updates: 64.065%
INFO:root:-- EPOCH 27 (3.588 seconds):
INFO:root:COST >> 1.3775 +/- 0.0118, % updates: 63.161%
INFO:root:-- EPOCH 28 (3.37 seconds):
INFO:root:COST >> 1.3445 +/- 0.0133, % updates: 62.046%
INFO:root:-- EPOCH 29 (3.36 seconds):
INFO:root:COST >> 1.3045 +/- 0.0143, % updates: 60.948%
INFO:root:-- EPOCH 30 (3.319 seconds):
INFO:root:COST >> 1.2584 +/- 0.0163, % updates: 59.732%
INFO:root:-- EPOCH 31 (3.347 seconds):
INFO:root:COST >> 1.2178 +/- 0.0115, % updates: 58.789%
INFO:root:-- EPOCH 32 (3.348 seconds):
INFO:root:COST >> 1.1762 +/- 0.0158, % updates: 57.589%
INFO:root:-- EPOCH 33 (3.338 seconds):
INFO:root:COST >> 1.1321 +/- 0.015, % updates: 56.465%
INFO:root:-- EPOCH 34 (3.379 seconds):
INFO:root:COST >> 1.0919 +/- 0.0143, % updates: 55.192%
INFO:root:-- EPOCH 35 (3.752 seconds):
INFO:root:COST >> 1.0572 +/- 0.0136, % updates: 54.077%
INFO:root:-- EPOCH 36 (4.389 seconds):
INFO:root:COST >> 1.0216 +/- 0.0089, % updates: 53.068%
INFO:root:-- EPOCH 37 (4.434 seconds):
INFO:root:COST >> 0.9892 +/- 0.0107, % updates: 51.961%
INFO:root:-- EPOCH 38 (4.46 seconds):
INFO:root:COST >> 0.948 +/- 0.0121, % updates: 50.479%
INFO:root:-- EPOCH 39 (3.893 seconds):
INFO:root:COST >> 0.9064 +/- 0.0122, % updates: 49.138%
INFO:root:-- EPOCH 40 (3.41 seconds):
INFO:root:COST >> 0.8754 +/- 0.0095, % updates: 48.056%
INFO:root:-- EPOCH 41 (3.396 seconds):
INFO:root:COST >> 0.8423 +/- 0.0102, % updates: 46.826%
INFO:root:-- EPOCH 42 (3.284 seconds):
INFO:root:COST >> 0.8203 +/- 0.0092, % updates: 45.792%
INFO:root:-- EPOCH 43 (3.504 seconds):
INFO:root:COST >> 0.7981 +/- 0.0078, % updates: 44.971%
INFO:root:-- EPOCH 44 (3.376 seconds):
INFO:root:COST >> 0.7718 +/- 0.0076, % updates: 43.899%
INFO:root:-- EPOCH 45 (3.464 seconds):
INFO:root:COST >> 0.7417 +/- 0.0102, % updates: 42.57%
INFO:root:-- EPOCH 46 (3.4 seconds):
INFO:root:COST >> 0.7087 +/- 0.0097, % updates: 41.27%
INFO:root:-- EPOCH 47 (3.367 seconds):
INFO:root:COST >> 0.6848 +/- 0.0094, % updates: 40.296%
INFO:root:-- EPOCH 48 (3.434 seconds):
INFO:root:COST >> 0.6647 +/- 0.0066, % updates: 39.36%
INFO:root:-- EPOCH 49 (3.336 seconds):
INFO:root:COST >> 0.6552 +/- 0.0085, % updates: 38.704%
INFO:root:-- EPOCH 50 (3.311 seconds):
INFO:root:COST >> 0.6336 +/- 0.0108, % updates: 37.784%
