INFO:root:Shape for training set: (40961, 141442)
INFO:root:State: {'ndim': '50', 'test_all': 'None', 'test_path': 'None', 'nhid': '50', 'lremb': '0.0001', 'seed': '7', 'simfn': 'L1', 'valid_path': 'None', 'nbatches': '10', 'lrparam': '0.0001', 'decay': '0.5', 'show_hinton_diagrams': 'False', 'no_rescaling': 'True', 'Nrel': '18', 'ranking_score_right': 'False', 'Nent': '40961', 'Nsyn': '40943', 'method': 'MOMENTUM', 'loss_margin': '1.0', 'C': '1.0', 'epsilon': '1e-06', 'use_db': 'True', 'max_lr': 'None', 'l1_param_weight': 'None', 'filtered': 'False', 'name': 'wn_50/wn_MOMENTUM_147', 'totepochs': '50', 'l2_param_weight': 'None', 'train_path': 'data/wn/WN-train.pkl', 'op': 'TransE'}
INFO:root:Starting the Experiment ..
INFO:root:-- EPOCH 1 (3.199 seconds):
INFO:root:COST >> 2.1698 +/- 0.0326, % updates: 81.254%
INFO:root:-- EPOCH 2 (3.282 seconds):
INFO:root:COST >> 2.0613 +/- 0.0242, % updates: 79.479%
INFO:root:-- EPOCH 3 (3.248 seconds):
INFO:root:COST >> 1.9809 +/- 0.0207, % updates: 77.874%
INFO:root:-- EPOCH 4 (3.252 seconds):
INFO:root:COST >> 1.9079 +/- 0.0186, % updates: 76.453%
INFO:root:-- EPOCH 5 (3.214 seconds):
INFO:root:COST >> 1.8424 +/- 0.0111, % updates: 75.242%
INFO:root:-- EPOCH 6 (3.265 seconds):
INFO:root:COST >> 1.7782 +/- 0.0079, % updates: 73.96%
INFO:root:-- EPOCH 7 (3.237 seconds):
INFO:root:COST >> 1.7178 +/- 0.0206, % updates: 72.769%
INFO:root:-- EPOCH 8 (3.264 seconds):
INFO:root:COST >> 1.663 +/- 0.0192, % updates: 71.702%
INFO:root:-- EPOCH 9 (3.272 seconds):
INFO:root:COST >> 1.608 +/- 0.0187, % updates: 70.473%
INFO:root:-- EPOCH 10 (3.297 seconds):
INFO:root:COST >> 1.5542 +/- 0.0137, % updates: 69.463%
INFO:root:-- EPOCH 11 (3.15 seconds):
INFO:root:COST >> 1.5061 +/- 0.0159, % updates: 68.471%
INFO:root:-- EPOCH 12 (3.168 seconds):
INFO:root:COST >> 1.4521 +/- 0.0145, % updates: 67.279%
INFO:root:-- EPOCH 13 (3.254 seconds):
INFO:root:COST >> 1.4061 +/- 0.0115, % updates: 66.142%
INFO:root:-- EPOCH 14 (3.163 seconds):
INFO:root:COST >> 1.366 +/- 0.0101, % updates: 65.464%
INFO:root:-- EPOCH 15 (3.197 seconds):
INFO:root:COST >> 1.3201 +/- 0.0066, % updates: 64.376%
INFO:root:-- EPOCH 16 (3.184 seconds):
INFO:root:COST >> 1.2768 +/- 0.0054, % updates: 63.201%
INFO:root:-- EPOCH 17 (3.173 seconds):
INFO:root:COST >> 1.2399 +/- 0.0064, % updates: 62.39%
INFO:root:-- EPOCH 18 (3.229 seconds):
INFO:root:COST >> 1.2015 +/- 0.0106, % updates: 61.423%
INFO:root:-- EPOCH 19 (3.214 seconds):
INFO:root:COST >> 1.1692 +/- 0.0117, % updates: 60.474%
INFO:root:-- EPOCH 20 (3.212 seconds):
INFO:root:COST >> 1.1298 +/- 0.0079, % updates: 59.596%
INFO:root:-- EPOCH 21 (3.198 seconds):
INFO:root:COST >> 1.0981 +/- 0.0091, % updates: 58.581%
INFO:root:-- EPOCH 22 (3.243 seconds):
INFO:root:COST >> 1.0685 +/- 0.006, % updates: 57.734%
INFO:root:-- EPOCH 23 (3.181 seconds):
INFO:root:COST >> 1.0376 +/- 0.011, % updates: 56.958%
INFO:root:-- EPOCH 24 (3.154 seconds):
INFO:root:COST >> 1.0056 +/- 0.0088, % updates: 56.009%
INFO:root:-- EPOCH 25 (3.165 seconds):
INFO:root:COST >> 0.9771 +/- 0.008, % updates: 55.181%
INFO:root:-- EPOCH 26 (3.158 seconds):
INFO:root:COST >> 0.9515 +/- 0.0071, % updates: 54.338%
INFO:root:-- EPOCH 27 (3.13 seconds):
INFO:root:COST >> 0.9235 +/- 0.008, % updates: 53.53%
INFO:root:-- EPOCH 28 (3.191 seconds):
INFO:root:COST >> 0.898 +/- 0.0093, % updates: 52.663%
INFO:root:-- EPOCH 29 (3.25 seconds):
INFO:root:COST >> 0.8743 +/- 0.0079, % updates: 51.945%
INFO:root:-- EPOCH 30 (3.116 seconds):
INFO:root:COST >> 0.8507 +/- 0.0117, % updates: 51.18%
INFO:root:-- EPOCH 31 (3.224 seconds):
INFO:root:COST >> 0.8279 +/- 0.0055, % updates: 50.46%
INFO:root:-- EPOCH 32 (3.141 seconds):
INFO:root:COST >> 0.8046 +/- 0.0096, % updates: 49.579%
INFO:root:-- EPOCH 33 (3.234 seconds):
INFO:root:COST >> 0.7869 +/- 0.0068, % updates: 49.083%
INFO:root:-- EPOCH 34 (3.116 seconds):
INFO:root:COST >> 0.7632 +/- 0.0089, % updates: 48.143%
INFO:root:-- EPOCH 35 (3.243 seconds):
INFO:root:COST >> 0.7449 +/- 0.0073, % updates: 47.439%
INFO:root:-- EPOCH 36 (3.131 seconds):
INFO:root:COST >> 0.727 +/- 0.0058, % updates: 46.727%
INFO:root:-- EPOCH 37 (3.23 seconds):
INFO:root:COST >> 0.7097 +/- 0.0109, % updates: 46.213%
INFO:root:-- EPOCH 38 (3.13 seconds):
INFO:root:COST >> 0.6876 +/- 0.0057, % updates: 45.341%
INFO:root:-- EPOCH 39 (3.206 seconds):
INFO:root:COST >> 0.6696 +/- 0.0071, % updates: 44.574%
INFO:root:-- EPOCH 40 (3.177 seconds):
INFO:root:COST >> 0.6561 +/- 0.0062, % updates: 44.206%
INFO:root:-- EPOCH 41 (3.238 seconds):
INFO:root:COST >> 0.638 +/- 0.0099, % updates: 43.36%
INFO:root:-- EPOCH 42 (3.186 seconds):
INFO:root:COST >> 0.6241 +/- 0.006, % updates: 42.801%
INFO:root:-- EPOCH 43 (3.265 seconds):
INFO:root:COST >> 0.6089 +/- 0.0075, % updates: 42.139%
INFO:root:-- EPOCH 44 (3.195 seconds):
INFO:root:COST >> 0.5928 +/- 0.0067, % updates: 41.569%
INFO:root:-- EPOCH 45 (2.969 seconds):
INFO:root:COST >> 0.5846 +/- 0.0062, % updates: 41.204%
INFO:root:-- EPOCH 46 (2.655 seconds):
INFO:root:COST >> 0.5657 +/- 0.0067, % updates: 40.321%
INFO:root:-- EPOCH 47 (2.935 seconds):
INFO:root:COST >> 0.5544 +/- 0.0057, % updates: 39.844%
INFO:root:-- EPOCH 48 (3.173 seconds):
INFO:root:COST >> 0.5459 +/- 0.0064, % updates: 39.51%
INFO:root:-- EPOCH 49 (3.184 seconds):
INFO:root:COST >> 0.533 +/- 0.0043, % updates: 38.776%
INFO:root:-- EPOCH 50 (3.273 seconds):
INFO:root:COST >> 0.5203 +/- 0.0053, % updates: 38.39%
