INFO:root:Shape for training set: (40961, 141442)
INFO:root:State: {'ndim': '50', 'test_all': 'None', 'test_path': 'None', 'nhid': '50', 'lremb': '0.01', 'seed': '3', 'simfn': 'L1', 'valid_path': 'None', 'nbatches': '10', 'lrparam': '0.01', 'decay': '0.99', 'show_hinton_diagrams': 'False', 'no_rescaling': 'True', 'Nrel': '18', 'ranking_score_right': 'False', 'Nent': '40961', 'Nsyn': '40943', 'method': 'MOMENTUM', 'loss_margin': '1.0', 'C': '1.0', 'epsilon': '1e-06', 'use_db': 'True', 'max_lr': 'None', 'l1_param_weight': 'None', 'filtered': 'False', 'name': 'wn_50/wn_MOMENTUM_223', 'totepochs': '50', 'l2_param_weight': 'None', 'train_path': 'data/wn/WN-train.pkl', 'op': 'TransE'}
INFO:root:Starting the Experiment ..
INFO:root:-- EPOCH 1 (3.162 seconds):
INFO:root:COST >> 2.2517 +/- 0.154, % updates: 65.364%
INFO:root:-- EPOCH 2 (3.195 seconds):
INFO:root:COST >> 2.2337 +/- 0.233, % updates: 46.233%
INFO:root:-- EPOCH 3 (3.188 seconds):
INFO:root:COST >> 2.2491 +/- 0.193, % updates: 43.002%
INFO:root:-- EPOCH 4 (3.194 seconds):
INFO:root:COST >> 2.2724 +/- 0.1928, % updates: 42.269%
INFO:root:-- EPOCH 5 (3.143 seconds):
INFO:root:COST >> 2.3095 +/- 0.1913, % updates: 41.806%
INFO:root:-- EPOCH 6 (3.126 seconds):
INFO:root:COST >> 2.3359 +/- 0.2072, % updates: 41.509%
INFO:root:-- EPOCH 7 (3.088 seconds):
INFO:root:COST >> 2.3513 +/- 0.1949, % updates: 41.33%
INFO:root:-- EPOCH 8 (3.176 seconds):
INFO:root:COST >> 2.3838 +/- 0.1952, % updates: 41.178%
INFO:root:-- EPOCH 9 (3.213 seconds):
INFO:root:COST >> 2.4041 +/- 0.1919, % updates: 41.12%
INFO:root:-- EPOCH 10 (3.142 seconds):
INFO:root:COST >> 2.4251 +/- 0.1863, % updates: 40.984%
INFO:root:-- EPOCH 11 (3.181 seconds):
INFO:root:COST >> 2.4461 +/- 0.1788, % updates: 40.703%
INFO:root:-- EPOCH 12 (3.204 seconds):
INFO:root:COST >> 2.4627 +/- 0.1803, % updates: 40.863%
INFO:root:-- EPOCH 13 (3.212 seconds):
INFO:root:COST >> 2.4765 +/- 0.2002, % updates: 40.706%
INFO:root:-- EPOCH 14 (3.11 seconds):
INFO:root:COST >> 2.4903 +/- 0.192, % updates: 40.48%
INFO:root:-- EPOCH 15 (3.182 seconds):
INFO:root:COST >> 2.5178 +/- 0.1836, % updates: 40.651%
INFO:root:-- EPOCH 16 (3.239 seconds):
INFO:root:COST >> 2.5207 +/- 0.1933, % updates: 40.621%
INFO:root:-- EPOCH 17 (3.207 seconds):
INFO:root:COST >> 2.5269 +/- 0.1802, % updates: 40.47%
INFO:root:-- EPOCH 18 (3.153 seconds):
INFO:root:COST >> 2.5391 +/- 0.1901, % updates: 40.404%
INFO:root:-- EPOCH 19 (3.191 seconds):
INFO:root:COST >> 2.5508 +/- 0.1851, % updates: 40.397%
INFO:root:-- EPOCH 20 (3.091 seconds):
INFO:root:COST >> 2.554 +/- 0.1978, % updates: 40.329%
INFO:root:-- EPOCH 21 (3.158 seconds):
INFO:root:COST >> 2.5598 +/- 0.1836, % updates: 40.422%
INFO:root:-- EPOCH 22 (3.21 seconds):
INFO:root:COST >> 2.5634 +/- 0.1845, % updates: 40.252%
INFO:root:-- EPOCH 23 (3.151 seconds):
INFO:root:COST >> 2.5735 +/- 0.1779, % updates: 40.404%
INFO:root:-- EPOCH 24 (3.16 seconds):
INFO:root:COST >> 2.5705 +/- 0.1894, % updates: 40.412%
INFO:root:-- EPOCH 25 (3.219 seconds):
INFO:root:COST >> 2.5776 +/- 0.1891, % updates: 40.39%
INFO:root:-- EPOCH 26 (3.221 seconds):
INFO:root:COST >> 2.5863 +/- 0.2019, % updates: 40.424%
INFO:root:-- EPOCH 27 (3.2 seconds):
INFO:root:COST >> 2.5733 +/- 0.1872, % updates: 40.276%
INFO:root:-- EPOCH 28 (3.182 seconds):
INFO:root:COST >> 2.5775 +/- 0.177, % updates: 40.256%
INFO:root:-- EPOCH 29 (3.144 seconds):
INFO:root:COST >> 2.5841 +/- 0.1855, % updates: 40.428%
INFO:root:-- EPOCH 30 (3.21 seconds):
INFO:root:COST >> 2.5884 +/- 0.1754, % updates: 40.486%
INFO:root:-- EPOCH 31 (3.238 seconds):
INFO:root:COST >> 2.5931 +/- 0.179, % updates: 40.404%
INFO:root:-- EPOCH 32 (3.205 seconds):
INFO:root:COST >> 2.5955 +/- 0.1962, % updates: 40.276%
INFO:root:-- EPOCH 33 (3.212 seconds):
INFO:root:COST >> 2.5932 +/- 0.1784, % updates: 40.231%
INFO:root:-- EPOCH 34 (3.251 seconds):
INFO:root:COST >> 2.6003 +/- 0.1915, % updates: 40.446%
INFO:root:-- EPOCH 35 (3.182 seconds):
INFO:root:COST >> 2.5777 +/- 0.1905, % updates: 40.227%
INFO:root:-- EPOCH 36 (3.145 seconds):
INFO:root:COST >> 2.5863 +/- 0.1748, % updates: 40.164%
INFO:root:-- EPOCH 37 (3.199 seconds):
INFO:root:COST >> 2.5863 +/- 0.1889, % updates: 40.238%
INFO:root:-- EPOCH 38 (3.105 seconds):
INFO:root:COST >> 2.5924 +/- 0.2088, % updates: 40.26%
INFO:root:-- EPOCH 39 (3.172 seconds):
INFO:root:COST >> 2.5894 +/- 0.1731, % updates: 40.275%
INFO:root:-- EPOCH 40 (3.184 seconds):
INFO:root:COST >> 2.5758 +/- 0.1782, % updates: 40.203%
INFO:root:-- EPOCH 41 (3.21 seconds):
INFO:root:COST >> 2.5931 +/- 0.182, % updates: 40.194%
INFO:root:-- EPOCH 42 (3.188 seconds):
INFO:root:COST >> 2.6032 +/- 0.2028, % updates: 40.294%
INFO:root:-- EPOCH 43 (3.192 seconds):
INFO:root:COST >> 2.5744 +/- 0.1803, % updates: 40.224%
INFO:root:-- EPOCH 44 (3.047 seconds):
INFO:root:COST >> 2.6063 +/- 0.164, % updates: 40.434%
INFO:root:-- EPOCH 45 (3.029 seconds):
INFO:root:COST >> 2.5801 +/- 0.1886, % updates: 40.278%
INFO:root:-- EPOCH 46 (3.228 seconds):
INFO:root:COST >> 2.5946 +/- 0.1943, % updates: 40.313%
INFO:root:-- EPOCH 47 (3.213 seconds):
INFO:root:COST >> 2.598 +/- 0.1817, % updates: 40.256%
INFO:root:-- EPOCH 48 (3.216 seconds):
INFO:root:COST >> 2.5833 +/- 0.1905, % updates: 40.281%
INFO:root:-- EPOCH 49 (3.202 seconds):
INFO:root:COST >> 2.5861 +/- 0.1784, % updates: 40.212%
INFO:root:-- EPOCH 50 (3.087 seconds):
INFO:root:COST >> 2.5844 +/- 0.1848, % updates: 40.248%
