INFO:root:Shape for training set: (40961, 141442)
INFO:root:State: {'ndim': '50', 'test_all': 'None', 'test_path': 'None', 'nhid': '50', 'lremb': '0.1', 'seed': '7', 'simfn': 'L1', 'valid_path': 'None', 'nbatches': '10', 'lrparam': '0.1', 'decay': '0.9999', 'show_hinton_diagrams': 'False', 'no_rescaling': 'True', 'Nrel': '18', 'ranking_score_right': 'False', 'Nent': '40961', 'Nsyn': '40943', 'method': 'MOMENTUM', 'loss_margin': '1.0', 'C': '1.0', 'epsilon': '1e-06', 'use_db': 'True', 'max_lr': 'None', 'l1_param_weight': 'None', 'filtered': 'False', 'name': 'wn_50/wn_MOMENTUM_257', 'totepochs': '50', 'l2_param_weight': 'None', 'train_path': 'data/wn/WN-train.pkl', 'op': 'TransE'}
INFO:root:Starting the Experiment ..
INFO:root:-- EPOCH 1 (3.111 seconds):
INFO:root:COST >> 3.14 +/- 0.474, % updates: 62.506%
INFO:root:-- EPOCH 2 (3.208 seconds):
INFO:root:COST >> 2.9063 +/- 0.267, % updates: 47.317%
INFO:root:-- EPOCH 3 (3.188 seconds):
INFO:root:COST >> 2.7467 +/- 0.2579, % updates: 45.182%
INFO:root:-- EPOCH 4 (3.236 seconds):
INFO:root:COST >> 2.6717 +/- 0.2493, % updates: 44.362%
INFO:root:-- EPOCH 5 (3.211 seconds):
INFO:root:COST >> 2.6039 +/- 0.2409, % updates: 43.778%
INFO:root:-- EPOCH 6 (3.22 seconds):
INFO:root:COST >> 2.5679 +/- 0.2354, % updates: 43.534%
INFO:root:-- EPOCH 7 (3.133 seconds):
INFO:root:COST >> 2.5345 +/- 0.239, % updates: 43.228%
INFO:root:-- EPOCH 8 (3.137 seconds):
INFO:root:COST >> 2.5117 +/- 0.235, % updates: 43.143%
INFO:root:-- EPOCH 9 (3.22 seconds):
INFO:root:COST >> 2.4862 +/- 0.2479, % updates: 43.08%
INFO:root:-- EPOCH 10 (3.163 seconds):
INFO:root:COST >> 2.4748 +/- 0.2248, % updates: 42.912%
INFO:root:-- EPOCH 11 (3.1 seconds):
INFO:root:COST >> 2.4602 +/- 0.2198, % updates: 42.934%
INFO:root:-- EPOCH 12 (3.213 seconds):
INFO:root:COST >> 2.4385 +/- 0.2285, % updates: 42.843%
INFO:root:-- EPOCH 13 (3.194 seconds):
INFO:root:COST >> 2.4308 +/- 0.2187, % updates: 42.739%
INFO:root:-- EPOCH 14 (3.179 seconds):
INFO:root:COST >> 2.4121 +/- 0.226, % updates: 42.638%
INFO:root:-- EPOCH 15 (3.114 seconds):
INFO:root:COST >> 2.4059 +/- 0.2106, % updates: 42.689%
INFO:root:-- EPOCH 16 (3.203 seconds):
INFO:root:COST >> 2.3998 +/- 0.2239, % updates: 42.548%
INFO:root:-- EPOCH 17 (3.212 seconds):
INFO:root:COST >> 2.3896 +/- 0.2283, % updates: 42.67%
INFO:root:-- EPOCH 18 (3.119 seconds):
INFO:root:COST >> 2.3781 +/- 0.23, % updates: 42.565%
INFO:root:-- EPOCH 19 (3.203 seconds):
INFO:root:COST >> 2.3741 +/- 0.22, % updates: 42.58%
INFO:root:-- EPOCH 20 (3.127 seconds):
INFO:root:COST >> 2.3692 +/- 0.2142, % updates: 42.602%
INFO:root:-- EPOCH 21 (3.174 seconds):
INFO:root:COST >> 2.3604 +/- 0.221, % updates: 42.521%
INFO:root:-- EPOCH 22 (3.179 seconds):
INFO:root:COST >> 2.3506 +/- 0.2267, % updates: 42.509%
INFO:root:-- EPOCH 23 (3.19 seconds):
INFO:root:COST >> 2.347 +/- 0.231, % updates: 42.533%
INFO:root:-- EPOCH 24 (3.238 seconds):
INFO:root:COST >> 2.3504 +/- 0.2116, % updates: 42.556%
INFO:root:-- EPOCH 25 (3.192 seconds):
INFO:root:COST >> 2.3377 +/- 0.2103, % updates: 42.536%
INFO:root:-- EPOCH 26 (3.204 seconds):
INFO:root:COST >> 2.3359 +/- 0.2158, % updates: 42.589%
INFO:root:-- EPOCH 27 (3.134 seconds):
INFO:root:COST >> 2.3316 +/- 0.2224, % updates: 42.554%
INFO:root:-- EPOCH 28 (3.133 seconds):
INFO:root:COST >> 2.3298 +/- 0.2148, % updates: 42.546%
INFO:root:-- EPOCH 29 (3.102 seconds):
INFO:root:COST >> 2.3247 +/- 0.2204, % updates: 42.487%
INFO:root:-- EPOCH 30 (3.164 seconds):
INFO:root:COST >> 2.327 +/- 0.2254, % updates: 42.57%
INFO:root:-- EPOCH 31 (3.112 seconds):
INFO:root:COST >> 2.3145 +/- 0.2161, % updates: 42.583%
INFO:root:-- EPOCH 32 (3.119 seconds):
INFO:root:COST >> 2.3071 +/- 0.212, % updates: 42.585%
INFO:root:-- EPOCH 33 (3.137 seconds):
INFO:root:COST >> 2.3059 +/- 0.1992, % updates: 42.514%
INFO:root:-- EPOCH 34 (3.13 seconds):
INFO:root:COST >> 2.3016 +/- 0.2032, % updates: 42.499%
INFO:root:-- EPOCH 35 (3.178 seconds):
INFO:root:COST >> 2.2986 +/- 0.2088, % updates: 42.574%
INFO:root:-- EPOCH 36 (3.205 seconds):
INFO:root:COST >> 2.3016 +/- 0.2036, % updates: 42.579%
INFO:root:-- EPOCH 37 (3.122 seconds):
INFO:root:COST >> 2.2957 +/- 0.2073, % updates: 42.429%
INFO:root:-- EPOCH 38 (3.15 seconds):
INFO:root:COST >> 2.2882 +/- 0.2045, % updates: 42.435%
INFO:root:-- EPOCH 39 (3.092 seconds):
INFO:root:COST >> 2.2795 +/- 0.2142, % updates: 42.453%
INFO:root:-- EPOCH 40 (3.171 seconds):
INFO:root:COST >> 2.2919 +/- 0.2045, % updates: 42.618%
INFO:root:-- EPOCH 41 (3.196 seconds):
INFO:root:COST >> 2.2818 +/- 0.2055, % updates: 42.49%
INFO:root:-- EPOCH 42 (3.169 seconds):
INFO:root:COST >> 2.2778 +/- 0.2045, % updates: 42.547%
INFO:root:-- EPOCH 43 (3.175 seconds):
INFO:root:COST >> 2.2869 +/- 0.215, % updates: 42.6%
INFO:root:-- EPOCH 44 (3.135 seconds):
INFO:root:COST >> 2.2857 +/- 0.2045, % updates: 42.619%
INFO:root:-- EPOCH 45 (3.214 seconds):
INFO:root:COST >> 2.2756 +/- 0.208, % updates: 42.492%
INFO:root:-- EPOCH 46 (3.141 seconds):
INFO:root:COST >> 2.2757 +/- 0.2059, % updates: 42.499%
INFO:root:-- EPOCH 47 (3.545 seconds):
INFO:root:COST >> 2.2654 +/- 0.2087, % updates: 42.49%
INFO:root:-- EPOCH 48 (3.486 seconds):
INFO:root:COST >> 2.2745 +/- 0.2059, % updates: 42.551%
INFO:root:-- EPOCH 49 (3.216 seconds):
INFO:root:COST >> 2.2711 +/- 0.2116, % updates: 42.564%
INFO:root:-- EPOCH 50 (3.137 seconds):
INFO:root:COST >> 2.263 +/- 0.2136, % updates: 42.433%
