INFO:root:Shape for training set: (40961, 141442)
INFO:root:State: {'ndim': '50', 'test_all': 'None', 'test_path': 'None', 'nhid': '50', 'lremb': '1.0', 'seed': '6', 'simfn': 'L1', 'valid_path': 'None', 'nbatches': '10', 'lrparam': '1.0', 'decay': '0.99', 'show_hinton_diagrams': 'False', 'no_rescaling': 'True', 'Nrel': '18', 'ranking_score_right': 'False', 'Nent': '40961', 'Nsyn': '40943', 'method': 'MOMENTUM', 'loss_margin': '1.0', 'C': '1.0', 'epsilon': '1e-06', 'use_db': 'True', 'max_lr': 'None', 'l1_param_weight': 'None', 'filtered': 'False', 'name': 'wn_50/wn_MOMENTUM_326', 'totepochs': '50', 'l2_param_weight': 'None', 'train_path': 'data/wn/WN-train.pkl', 'op': 'TransE'}
INFO:root:Starting the Experiment ..
INFO:root:-- EPOCH 1 (3.128 seconds):
INFO:root:COST >> 3.2703 +/- 0.4798, % updates: 61.828%
INFO:root:-- EPOCH 2 (3.171 seconds):
INFO:root:COST >> 3.053 +/- 0.2914, % updates: 46.927%
INFO:root:-- EPOCH 3 (3.209 seconds):
INFO:root:COST >> 2.9519 +/- 0.2815, % updates: 45.047%
INFO:root:-- EPOCH 4 (3.196 seconds):
INFO:root:COST >> 2.9156 +/- 0.3023, % updates: 44.265%
INFO:root:-- EPOCH 5 (3.137 seconds):
INFO:root:COST >> 2.9174 +/- 0.3041, % updates: 43.799%
INFO:root:-- EPOCH 6 (3.144 seconds):
INFO:root:COST >> 2.9288 +/- 0.2976, % updates: 43.761%
INFO:root:-- EPOCH 7 (3.166 seconds):
INFO:root:COST >> 2.937 +/- 0.2907, % updates: 43.664%
INFO:root:-- EPOCH 8 (2.62 seconds):
INFO:root:COST >> 2.954 +/- 0.3052, % updates: 43.567%
INFO:root:-- EPOCH 9 (2.954 seconds):
INFO:root:COST >> 2.955 +/- 0.324, % updates: 43.494%
INFO:root:-- EPOCH 10 (3.163 seconds):
INFO:root:COST >> 2.9597 +/- 0.2895, % updates: 43.207%
INFO:root:-- EPOCH 11 (3.238 seconds):
INFO:root:COST >> 2.9577 +/- 0.2836, % updates: 43.103%
INFO:root:-- EPOCH 12 (3.124 seconds):
INFO:root:COST >> 2.975 +/- 0.3001, % updates: 43.1%
INFO:root:-- EPOCH 13 (3.221 seconds):
INFO:root:COST >> 2.9977 +/- 0.2921, % updates: 43.177%
INFO:root:-- EPOCH 14 (3.228 seconds):
INFO:root:COST >> 2.9987 +/- 0.3052, % updates: 43.112%
INFO:root:-- EPOCH 15 (3.228 seconds):
INFO:root:COST >> 2.9991 +/- 0.2969, % updates: 43.201%
INFO:root:-- EPOCH 16 (3.199 seconds):
INFO:root:COST >> 3.0013 +/- 0.3037, % updates: 43.066%
INFO:root:-- EPOCH 17 (3.21 seconds):
INFO:root:COST >> 2.9934 +/- 0.2987, % updates: 42.996%
INFO:root:-- EPOCH 18 (3.195 seconds):
INFO:root:COST >> 3.0081 +/- 0.3051, % updates: 42.939%
INFO:root:-- EPOCH 19 (3.232 seconds):
INFO:root:COST >> 3.0232 +/- 0.2934, % updates: 43.09%
INFO:root:-- EPOCH 20 (3.21 seconds):
INFO:root:COST >> 3.0267 +/- 0.2906, % updates: 43.032%
INFO:root:-- EPOCH 21 (3.193 seconds):
INFO:root:COST >> 3.0244 +/- 0.3061, % updates: 43.069%
INFO:root:-- EPOCH 22 (3.212 seconds):
INFO:root:COST >> 3.0333 +/- 0.2894, % updates: 43.09%
INFO:root:-- EPOCH 23 (3.204 seconds):
INFO:root:COST >> 3.0344 +/- 0.2949, % updates: 43.162%
INFO:root:-- EPOCH 24 (3.099 seconds):
INFO:root:COST >> 3.0355 +/- 0.3046, % updates: 43.082%
INFO:root:-- EPOCH 25 (3.091 seconds):
INFO:root:COST >> 3.0166 +/- 0.3093, % updates: 42.957%
INFO:root:-- EPOCH 26 (3.046 seconds):
INFO:root:COST >> 3.0305 +/- 0.3067, % updates: 43.046%
INFO:root:-- EPOCH 27 (3.107 seconds):
INFO:root:COST >> 3.0284 +/- 0.291, % updates: 43.035%
INFO:root:-- EPOCH 28 (3.079 seconds):
INFO:root:COST >> 3.0298 +/- 0.2966, % updates: 43.146%
INFO:root:-- EPOCH 29 (3.201 seconds):
INFO:root:COST >> 3.027 +/- 0.3045, % updates: 42.985%
INFO:root:-- EPOCH 30 (3.13 seconds):
INFO:root:COST >> 3.02 +/- 0.2954, % updates: 42.979%
INFO:root:-- EPOCH 31 (3.124 seconds):
INFO:root:COST >> 3.0042 +/- 0.311, % updates: 42.856%
INFO:root:-- EPOCH 32 (3.151 seconds):
INFO:root:COST >> 3.0277 +/- 0.3051, % updates: 42.958%
INFO:root:-- EPOCH 33 (3.168 seconds):
INFO:root:COST >> 3.0286 +/- 0.2888, % updates: 42.974%
INFO:root:-- EPOCH 34 (3.091 seconds):
INFO:root:COST >> 3.0293 +/- 0.3043, % updates: 42.95%
INFO:root:-- EPOCH 35 (3.232 seconds):
INFO:root:COST >> 3.02 +/- 0.3054, % updates: 42.928%
INFO:root:-- EPOCH 36 (3.1 seconds):
INFO:root:COST >> 3.0156 +/- 0.3046, % updates: 42.893%
INFO:root:-- EPOCH 37 (3.18 seconds):
INFO:root:COST >> 3.0265 +/- 0.3082, % updates: 43.012%
INFO:root:-- EPOCH 38 (3.091 seconds):
INFO:root:COST >> 3.0288 +/- 0.2939, % updates: 42.974%
INFO:root:-- EPOCH 39 (3.209 seconds):
INFO:root:COST >> 3.0388 +/- 0.298, % updates: 43.01%
INFO:root:-- EPOCH 40 (3.122 seconds):
INFO:root:COST >> 3.0262 +/- 0.3071, % updates: 43.028%
INFO:root:-- EPOCH 41 (3.186 seconds):
INFO:root:COST >> 3.0391 +/- 0.3086, % updates: 42.934%
INFO:root:-- EPOCH 42 (3.075 seconds):
INFO:root:COST >> 3.0192 +/- 0.3039, % updates: 42.948%
INFO:root:-- EPOCH 43 (3.181 seconds):
INFO:root:COST >> 3.0127 +/- 0.3066, % updates: 42.872%
INFO:root:-- EPOCH 44 (3.078 seconds):
INFO:root:COST >> 3.0224 +/- 0.2955, % updates: 42.984%
INFO:root:-- EPOCH 45 (3.212 seconds):
INFO:root:COST >> 3.049 +/- 0.2999, % updates: 43.142%
INFO:root:-- EPOCH 46 (3.11 seconds):
INFO:root:COST >> 3.0248 +/- 0.3063, % updates: 42.968%
INFO:root:-- EPOCH 47 (3.186 seconds):
INFO:root:COST >> 3.0249 +/- 0.2998, % updates: 42.909%
INFO:root:-- EPOCH 48 (3.129 seconds):
INFO:root:COST >> 3.0293 +/- 0.2949, % updates: 43.021%
INFO:root:-- EPOCH 49 (3.14 seconds):
INFO:root:COST >> 3.0246 +/- 0.3016, % updates: 42.995%
INFO:root:-- EPOCH 50 (3.13 seconds):
INFO:root:COST >> 3.0316 +/- 0.3039, % updates: 43.021%
