INFO:root:Shape for training set: (40961, 141442)
INFO:root:State: {'ndim': '50', 'test_all': 'None', 'test_path': 'None', 'nhid': '50', 'lremb': '0.1', 'seed': '7', 'simfn': 'L1', 'valid_path': 'None', 'nbatches': '10', 'lrparam': '0.1', 'decay': '0.99', 'show_hinton_diagrams': 'False', 'no_rescaling': 'True', 'Nrel': '18', 'ranking_score_right': 'False', 'Nent': '40961', 'Nsyn': '40943', 'method': 'MOMENTUM', 'loss_margin': '1.0', 'C': '1.0', 'epsilon': '1e-06', 'use_db': 'True', 'max_lr': 'None', 'l1_param_weight': 'None', 'filtered': 'False', 'name': 'wn_50/wn_MOMENTUM_277', 'totepochs': '50', 'l2_param_weight': 'None', 'train_path': 'data/wn/WN-train.pkl', 'op': 'TransE'}
INFO:root:Starting the Experiment ..
INFO:root:-- EPOCH 1 (3.149 seconds):
INFO:root:COST >> 3.1487 +/- 0.4805, % updates: 62.517%
INFO:root:-- EPOCH 2 (3.215 seconds):
INFO:root:COST >> 2.9656 +/- 0.2891, % updates: 47.391%
INFO:root:-- EPOCH 3 (3.236 seconds):
INFO:root:COST >> 2.8592 +/- 0.2883, % updates: 45.427%
INFO:root:-- EPOCH 4 (3.196 seconds):
INFO:root:COST >> 2.8371 +/- 0.2918, % updates: 44.751%
INFO:root:-- EPOCH 5 (3.207 seconds):
INFO:root:COST >> 2.8134 +/- 0.284, % updates: 44.158%
INFO:root:-- EPOCH 6 (3.227 seconds):
INFO:root:COST >> 2.8136 +/- 0.2875, % updates: 44.046%
INFO:root:-- EPOCH 7 (3.238 seconds):
INFO:root:COST >> 2.8231 +/- 0.2913, % updates: 43.746%
INFO:root:-- EPOCH 8 (3.204 seconds):
INFO:root:COST >> 2.8301 +/- 0.2905, % updates: 43.67%
INFO:root:-- EPOCH 9 (4.285 seconds):
INFO:root:COST >> 2.833 +/- 0.3004, % updates: 43.565%
INFO:root:-- EPOCH 10 (4.322 seconds):
INFO:root:COST >> 2.8483 +/- 0.2846, % updates: 43.54%
INFO:root:-- EPOCH 11 (4.176 seconds):
INFO:root:COST >> 2.8612 +/- 0.2819, % updates: 43.509%
INFO:root:-- EPOCH 12 (4.365 seconds):
INFO:root:COST >> 2.8629 +/- 0.2915, % updates: 43.554%
INFO:root:-- EPOCH 13 (4.164 seconds):
INFO:root:COST >> 2.8666 +/- 0.2906, % updates: 43.364%
INFO:root:-- EPOCH 14 (4.348 seconds):
INFO:root:COST >> 2.8689 +/- 0.2933, % updates: 43.285%
INFO:root:-- EPOCH 15 (4.15 seconds):
INFO:root:COST >> 2.8798 +/- 0.2782, % updates: 43.322%
INFO:root:-- EPOCH 16 (4.256 seconds):
INFO:root:COST >> 2.896 +/- 0.3003, % updates: 43.397%
INFO:root:-- EPOCH 17 (4.124 seconds):
INFO:root:COST >> 2.8935 +/- 0.2977, % updates: 43.312%
INFO:root:-- EPOCH 18 (4.363 seconds):
INFO:root:COST >> 2.8945 +/- 0.3022, % updates: 43.333%
INFO:root:-- EPOCH 19 (4.324 seconds):
INFO:root:COST >> 2.8968 +/- 0.307, % updates: 43.255%
INFO:root:-- EPOCH 20 (4.149 seconds):
INFO:root:COST >> 2.8895 +/- 0.2869, % updates: 43.151%
INFO:root:-- EPOCH 21 (4.293 seconds):
INFO:root:COST >> 2.9053 +/- 0.2985, % updates: 43.29%
INFO:root:-- EPOCH 22 (4.358 seconds):
INFO:root:COST >> 2.8942 +/- 0.2957, % updates: 43.197%
INFO:root:-- EPOCH 23 (4.43 seconds):
INFO:root:COST >> 2.9033 +/- 0.3157, % updates: 43.224%
INFO:root:-- EPOCH 24 (4.519 seconds):
INFO:root:COST >> 2.9138 +/- 0.2833, % updates: 43.3%
INFO:root:-- EPOCH 25 (4.377 seconds):
INFO:root:COST >> 2.9086 +/- 0.2897, % updates: 43.235%
INFO:root:-- EPOCH 26 (4.516 seconds):
INFO:root:COST >> 2.9208 +/- 0.2877, % updates: 43.458%
INFO:root:-- EPOCH 27 (4.214 seconds):
INFO:root:COST >> 2.917 +/- 0.3075, % updates: 43.382%
INFO:root:-- EPOCH 28 (4.168 seconds):
INFO:root:COST >> 2.9122 +/- 0.2961, % updates: 43.159%
INFO:root:-- EPOCH 29 (4.282 seconds):
INFO:root:COST >> 2.9143 +/- 0.2986, % updates: 43.289%
INFO:root:-- EPOCH 30 (4.205 seconds):
INFO:root:COST >> 2.9233 +/- 0.3072, % updates: 43.432%
INFO:root:-- EPOCH 31 (4.319 seconds):
INFO:root:COST >> 2.9091 +/- 0.2895, % updates: 43.309%
INFO:root:-- EPOCH 32 (4.35 seconds):
INFO:root:COST >> 2.903 +/- 0.2872, % updates: 43.298%
INFO:root:-- EPOCH 33 (4.182 seconds):
INFO:root:COST >> 2.9095 +/- 0.2898, % updates: 43.307%
INFO:root:-- EPOCH 34 (4.289 seconds):
INFO:root:COST >> 2.9034 +/- 0.2886, % updates: 43.285%
INFO:root:-- EPOCH 35 (4.345 seconds):
INFO:root:COST >> 2.9076 +/- 0.2898, % updates: 43.374%
INFO:root:-- EPOCH 36 (4.314 seconds):
INFO:root:COST >> 2.9079 +/- 0.2892, % updates: 43.244%
INFO:root:-- EPOCH 37 (4.293 seconds):
INFO:root:COST >> 2.9008 +/- 0.3065, % updates: 43.113%
INFO:root:-- EPOCH 38 (4.106 seconds):
INFO:root:COST >> 2.9079 +/- 0.2941, % updates: 43.237%
INFO:root:-- EPOCH 39 (4.277 seconds):
INFO:root:COST >> 2.899 +/- 0.2909, % updates: 43.167%
INFO:root:-- EPOCH 40 (4.184 seconds):
INFO:root:COST >> 2.9176 +/- 0.2825, % updates: 43.226%
INFO:root:-- EPOCH 41 (4.298 seconds):
INFO:root:COST >> 2.913 +/- 0.2917, % updates: 43.345%
INFO:root:-- EPOCH 42 (4.148 seconds):
INFO:root:COST >> 2.9085 +/- 0.294, % updates: 43.346%
INFO:root:-- EPOCH 43 (4.313 seconds):
INFO:root:COST >> 2.9161 +/- 0.3054, % updates: 43.271%
INFO:root:-- EPOCH 44 (4.103 seconds):
INFO:root:COST >> 2.9215 +/- 0.2887, % updates: 43.272%
INFO:root:-- EPOCH 45 (3.1 seconds):
INFO:root:COST >> 2.9113 +/- 0.2912, % updates: 43.219%
INFO:root:-- EPOCH 46 (2.815 seconds):
INFO:root:COST >> 2.9161 +/- 0.2919, % updates: 43.252%
INFO:root:-- EPOCH 47 (3.216 seconds):
INFO:root:COST >> 2.9097 +/- 0.2974, % updates: 43.248%
INFO:root:-- EPOCH 48 (3.118 seconds):
INFO:root:COST >> 2.9185 +/- 0.2928, % updates: 43.342%
INFO:root:-- EPOCH 49 (3.183 seconds):
INFO:root:COST >> 2.9103 +/- 0.3034, % updates: 43.248%
INFO:root:-- EPOCH 50 (3.223 seconds):
INFO:root:COST >> 2.9071 +/- 0.3048, % updates: 43.25%
