INFO:root:Shape for training set: (40961, 141442)
INFO:root:State: {'ndim': '50', 'test_all': 'None', 'test_path': 'None', 'nhid': '50', 'lremb': '1.0', 'seed': '5', 'simfn': 'L1', 'valid_path': 'None', 'nbatches': '10', 'lrparam': '1.0', 'decay': '0.9', 'show_hinton_diagrams': 'False', 'no_rescaling': 'True', 'Nrel': '18', 'ranking_score_right': 'False', 'Nent': '40961', 'Nsyn': '40943', 'method': 'MOMENTUM', 'loss_margin': '1.0', 'C': '1.0', 'epsilon': '1e-06', 'use_db': 'True', 'max_lr': 'None', 'l1_param_weight': 'None', 'filtered': 'False', 'name': 'wn_50/wn_MOMENTUM_335', 'totepochs': '50', 'l2_param_weight': 'None', 'train_path': 'data/wn/WN-train.pkl', 'op': 'TransE'}
INFO:root:Starting the Experiment ..
INFO:root:-- EPOCH 1 (3.122 seconds):
INFO:root:COST >> 3.4381 +/- 0.6059, % updates: 61.896%
INFO:root:-- EPOCH 2 (3.213 seconds):
INFO:root:COST >> 3.6957 +/- 0.4054, % updates: 48.999%
INFO:root:-- EPOCH 3 (3.103 seconds):
INFO:root:COST >> 3.8127 +/- 0.3771, % updates: 48.702%
INFO:root:-- EPOCH 4 (3.24 seconds):
INFO:root:COST >> 3.8419 +/- 0.3733, % updates: 48.791%
INFO:root:-- EPOCH 5 (3.11 seconds):
INFO:root:COST >> 3.8388 +/- 0.3868, % updates: 48.755%
INFO:root:-- EPOCH 6 (3.212 seconds):
INFO:root:COST >> 3.8456 +/- 0.3717, % updates: 48.893%
INFO:root:-- EPOCH 7 (3.227 seconds):
INFO:root:COST >> 3.8353 +/- 0.3599, % updates: 48.872%
INFO:root:-- EPOCH 8 (3.214 seconds):
INFO:root:COST >> 3.8522 +/- 0.3597, % updates: 48.857%
INFO:root:-- EPOCH 9 (3.187 seconds):
INFO:root:COST >> 3.8436 +/- 0.3707, % updates: 48.983%
INFO:root:-- EPOCH 10 (3.187 seconds):
INFO:root:COST >> 3.8445 +/- 0.3736, % updates: 48.875%
INFO:root:-- EPOCH 11 (3.245 seconds):
INFO:root:COST >> 3.8529 +/- 0.3626, % updates: 48.88%
INFO:root:-- EPOCH 12 (3.216 seconds):
INFO:root:COST >> 3.8483 +/- 0.369, % updates: 48.94%
INFO:root:-- EPOCH 13 (3.165 seconds):
INFO:root:COST >> 3.8362 +/- 0.359, % updates: 48.836%
INFO:root:-- EPOCH 14 (3.17 seconds):
INFO:root:COST >> 3.8275 +/- 0.3634, % updates: 48.779%
INFO:root:-- EPOCH 15 (3.148 seconds):
INFO:root:COST >> 3.8516 +/- 0.3738, % updates: 48.883%
INFO:root:-- EPOCH 16 (3.12 seconds):
INFO:root:COST >> 3.8378 +/- 0.392, % updates: 48.904%
INFO:root:-- EPOCH 17 (3.199 seconds):
INFO:root:COST >> 3.8505 +/- 0.3742, % updates: 48.918%
INFO:root:-- EPOCH 18 (3.108 seconds):
INFO:root:COST >> 3.8278 +/- 0.3694, % updates: 48.749%
INFO:root:-- EPOCH 19 (3.141 seconds):
INFO:root:COST >> 3.848 +/- 0.3753, % updates: 48.922%
INFO:root:-- EPOCH 20 (3.212 seconds):
INFO:root:COST >> 3.8494 +/- 0.3641, % updates: 48.992%
INFO:root:-- EPOCH 21 (3.229 seconds):
INFO:root:COST >> 3.8408 +/- 0.3853, % updates: 48.781%
INFO:root:-- EPOCH 22 (3.151 seconds):
INFO:root:COST >> 3.837 +/- 0.3874, % updates: 48.93%
INFO:root:-- EPOCH 23 (3.163 seconds):
INFO:root:COST >> 3.8264 +/- 0.3591, % updates: 48.75%
INFO:root:-- EPOCH 24 (3.138 seconds):
INFO:root:COST >> 3.8439 +/- 0.3814, % updates: 48.957%
INFO:root:-- EPOCH 25 (3.208 seconds):
INFO:root:COST >> 3.8332 +/- 0.3765, % updates: 48.738%
INFO:root:-- EPOCH 26 (3.127 seconds):
INFO:root:COST >> 3.8309 +/- 0.3542, % updates: 48.884%
INFO:root:-- EPOCH 27 (3.228 seconds):
INFO:root:COST >> 3.8399 +/- 0.3623, % updates: 48.889%
INFO:root:-- EPOCH 28 (3.24 seconds):
INFO:root:COST >> 3.8509 +/- 0.3496, % updates: 48.926%
INFO:root:-- EPOCH 29 (3.226 seconds):
INFO:root:COST >> 3.8254 +/- 0.3711, % updates: 48.808%
INFO:root:-- EPOCH 30 (3.196 seconds):
INFO:root:COST >> 3.8333 +/- 0.3768, % updates: 48.763%
INFO:root:-- EPOCH 31 (3.102 seconds):
INFO:root:COST >> 3.8389 +/- 0.3639, % updates: 48.829%
INFO:root:-- EPOCH 32 (3.249 seconds):
INFO:root:COST >> 3.8418 +/- 0.3839, % updates: 48.94%
INFO:root:-- EPOCH 33 (3.238 seconds):
INFO:root:COST >> 3.8267 +/- 0.375, % updates: 48.845%
INFO:root:-- EPOCH 34 (3.175 seconds):
INFO:root:COST >> 3.8444 +/- 0.368, % updates: 48.745%
INFO:root:-- EPOCH 35 (3.101 seconds):
INFO:root:COST >> 3.8351 +/- 0.3895, % updates: 48.819%
INFO:root:-- EPOCH 36 (3.112 seconds):
INFO:root:COST >> 3.8484 +/- 0.3665, % updates: 48.926%
INFO:root:-- EPOCH 37 (3.126 seconds):
INFO:root:COST >> 3.8345 +/- 0.3587, % updates: 48.714%
INFO:root:-- EPOCH 38 (3.205 seconds):
INFO:root:COST >> 3.8441 +/- 0.3805, % updates: 48.977%
INFO:root:-- EPOCH 39 (3.226 seconds):
INFO:root:COST >> 3.83 +/- 0.3635, % updates: 48.893%
INFO:root:-- EPOCH 40 (3.122 seconds):
INFO:root:COST >> 3.8319 +/- 0.3623, % updates: 48.861%
INFO:root:-- EPOCH 41 (3.13 seconds):
INFO:root:COST >> 3.838 +/- 0.3682, % updates: 48.926%
INFO:root:-- EPOCH 42 (3.048 seconds):
INFO:root:COST >> 3.8506 +/- 0.3744, % updates: 48.884%
INFO:root:-- EPOCH 43 (2.736 seconds):
INFO:root:COST >> 3.8558 +/- 0.3826, % updates: 48.845%
INFO:root:-- EPOCH 44 (3.077 seconds):
INFO:root:COST >> 3.8593 +/- 0.3734, % updates: 48.976%
INFO:root:-- EPOCH 45 (3.139 seconds):
INFO:root:COST >> 3.8449 +/- 0.3809, % updates: 48.944%
INFO:root:-- EPOCH 46 (3.196 seconds):
INFO:root:COST >> 3.8461 +/- 0.3801, % updates: 48.816%
INFO:root:-- EPOCH 47 (3.093 seconds):
INFO:root:COST >> 3.8373 +/- 0.3679, % updates: 48.808%
INFO:root:-- EPOCH 48 (3.081 seconds):
INFO:root:COST >> 3.8343 +/- 0.3825, % updates: 48.808%
INFO:root:-- EPOCH 49 (3.195 seconds):
INFO:root:COST >> 3.8415 +/- 0.389, % updates: 48.84%
INFO:root:-- EPOCH 50 (3.113 seconds):
INFO:root:COST >> 3.8476 +/- 0.3748, % updates: 48.915%
