INFO:root:Shape for training set: (40961, 141442)
INFO:root:State: {'ndim': '50', 'test_all': 'None', 'test_path': 'None', 'nhid': '50', 'lremb': '1.0', 'seed': '5', 'simfn': 'L1', 'valid_path': 'None', 'nbatches': '10', 'lrparam': '1.0', 'decay': '0.9999', 'show_hinton_diagrams': 'False', 'no_rescaling': 'True', 'Nrel': '18', 'ranking_score_right': 'False', 'Nent': '40961', 'Nsyn': '40943', 'method': 'MOMENTUM', 'loss_margin': '1.0', 'C': '1.0', 'epsilon': '1e-06', 'use_db': 'True', 'max_lr': 'None', 'l1_param_weight': 'None', 'filtered': 'False', 'name': 'wn_50/wn_MOMENTUM_305', 'totepochs': '50', 'l2_param_weight': 'None', 'train_path': 'data/wn/WN-train.pkl', 'op': 'TransE'}
INFO:root:Starting the Experiment ..
INFO:root:-- EPOCH 1 (3.106 seconds):
INFO:root:COST >> 3.291 +/- 0.5059, % updates: 62.128%
INFO:root:-- EPOCH 2 (3.212 seconds):
INFO:root:COST >> 3.0189 +/- 0.2528, % updates: 47.192%
INFO:root:-- EPOCH 3 (3.2 seconds):
INFO:root:COST >> 2.8498 +/- 0.2636, % updates: 45.285%
INFO:root:-- EPOCH 4 (3.239 seconds):
INFO:root:COST >> 2.7644 +/- 0.2622, % updates: 44.318%
INFO:root:-- EPOCH 5 (3.205 seconds):
INFO:root:COST >> 2.6962 +/- 0.2544, % updates: 43.702%
INFO:root:-- EPOCH 6 (3.209 seconds):
INFO:root:COST >> 2.6605 +/- 0.2537, % updates: 43.541%
INFO:root:-- EPOCH 7 (3.204 seconds):
INFO:root:COST >> 2.631 +/- 0.2406, % updates: 43.295%
INFO:root:-- EPOCH 8 (3.226 seconds):
INFO:root:COST >> 2.61 +/- 0.241, % updates: 43.13%
INFO:root:-- EPOCH 9 (3.221 seconds):
INFO:root:COST >> 2.5776 +/- 0.235, % updates: 42.961%
INFO:root:-- EPOCH 10 (3.179 seconds):
INFO:root:COST >> 2.5638 +/- 0.2289, % updates: 43.051%
INFO:root:-- EPOCH 11 (3.212 seconds):
INFO:root:COST >> 2.5495 +/- 0.2252, % updates: 42.882%
INFO:root:-- EPOCH 12 (3.112 seconds):
INFO:root:COST >> 2.5283 +/- 0.2343, % updates: 42.745%
INFO:root:-- EPOCH 13 (3.134 seconds):
INFO:root:COST >> 2.5063 +/- 0.2162, % updates: 42.634%
INFO:root:-- EPOCH 14 (3.185 seconds):
INFO:root:COST >> 2.5027 +/- 0.2285, % updates: 42.574%
INFO:root:-- EPOCH 15 (3.198 seconds):
INFO:root:COST >> 2.4992 +/- 0.2356, % updates: 42.675%
INFO:root:-- EPOCH 16 (3.126 seconds):
INFO:root:COST >> 2.4874 +/- 0.2351, % updates: 42.582%
INFO:root:-- EPOCH 17 (3.16 seconds):
INFO:root:COST >> 2.4723 +/- 0.2334, % updates: 42.606%
INFO:root:-- EPOCH 18 (3.118 seconds):
INFO:root:COST >> 2.4609 +/- 0.228, % updates: 42.547%
INFO:root:-- EPOCH 19 (3.214 seconds):
INFO:root:COST >> 2.465 +/- 0.2334, % updates: 42.787%
INFO:root:-- EPOCH 20 (3.139 seconds):
INFO:root:COST >> 2.4527 +/- 0.2193, % updates: 42.504%
INFO:root:-- EPOCH 21 (3.214 seconds):
INFO:root:COST >> 2.4478 +/- 0.2229, % updates: 42.6%
INFO:root:-- EPOCH 22 (3.226 seconds):
INFO:root:COST >> 2.434 +/- 0.2248, % updates: 42.543%
INFO:root:-- EPOCH 23 (3.189 seconds):
INFO:root:COST >> 2.4242 +/- 0.211, % updates: 42.45%
INFO:root:-- EPOCH 24 (3.134 seconds):
INFO:root:COST >> 2.4224 +/- 0.2207, % updates: 42.376%
INFO:root:-- EPOCH 25 (3.126 seconds):
INFO:root:COST >> 2.4146 +/- 0.2168, % updates: 42.364%
INFO:root:-- EPOCH 26 (3.173 seconds):
INFO:root:COST >> 2.4152 +/- 0.2163, % updates: 42.519%
INFO:root:-- EPOCH 27 (3.16 seconds):
INFO:root:COST >> 2.4079 +/- 0.2226, % updates: 42.489%
INFO:root:-- EPOCH 28 (3.121 seconds):
INFO:root:COST >> 2.4082 +/- 0.2156, % updates: 42.539%
INFO:root:-- EPOCH 29 (3.127 seconds):
INFO:root:COST >> 2.3955 +/- 0.2229, % updates: 42.495%
INFO:root:-- EPOCH 30 (3.13 seconds):
INFO:root:COST >> 2.3992 +/- 0.2251, % updates: 42.486%
INFO:root:-- EPOCH 31 (3.111 seconds):
INFO:root:COST >> 2.3889 +/- 0.2107, % updates: 42.368%
INFO:root:-- EPOCH 32 (3.09 seconds):
INFO:root:COST >> 2.4008 +/- 0.2277, % updates: 42.647%
INFO:root:-- EPOCH 33 (3.201 seconds):
INFO:root:COST >> 2.3865 +/- 0.2096, % updates: 42.525%
INFO:root:-- EPOCH 34 (3.15 seconds):
INFO:root:COST >> 2.3807 +/- 0.2138, % updates: 42.454%
INFO:root:-- EPOCH 35 (3.209 seconds):
INFO:root:COST >> 2.3802 +/- 0.2321, % updates: 42.571%
INFO:root:-- EPOCH 36 (3.172 seconds):
INFO:root:COST >> 2.3774 +/- 0.2234, % updates: 42.506%
INFO:root:-- EPOCH 37 (3.188 seconds):
INFO:root:COST >> 2.3647 +/- 0.2137, % updates: 42.389%
INFO:root:-- EPOCH 38 (3.18 seconds):
INFO:root:COST >> 2.3696 +/- 0.2269, % updates: 42.571%
INFO:root:-- EPOCH 39 (3.142 seconds):
INFO:root:COST >> 2.3631 +/- 0.2108, % updates: 42.439%
INFO:root:-- EPOCH 40 (3.116 seconds):
INFO:root:COST >> 2.3665 +/- 0.2219, % updates: 42.501%
INFO:root:-- EPOCH 41 (3.143 seconds):
INFO:root:COST >> 2.3608 +/- 0.2169, % updates: 42.414%
INFO:root:-- EPOCH 42 (3.17 seconds):
INFO:root:COST >> 2.3595 +/- 0.2205, % updates: 42.454%
INFO:root:-- EPOCH 43 (2.89 seconds):
INFO:root:COST >> 2.3615 +/- 0.2072, % updates: 42.484%
INFO:root:-- EPOCH 44 (2.694 seconds):
INFO:root:COST >> 2.3515 +/- 0.2185, % updates: 42.459%
INFO:root:-- EPOCH 45 (3.19 seconds):
INFO:root:COST >> 2.3506 +/- 0.2207, % updates: 42.611%
INFO:root:-- EPOCH 46 (3.094 seconds):
INFO:root:COST >> 2.3502 +/- 0.2258, % updates: 42.477%
INFO:root:-- EPOCH 47 (3.19 seconds):
INFO:root:COST >> 2.3414 +/- 0.2119, % updates: 42.409%
INFO:root:-- EPOCH 48 (3.131 seconds):
INFO:root:COST >> 2.3422 +/- 0.2209, % updates: 42.401%
INFO:root:-- EPOCH 49 (3.255 seconds):
INFO:root:COST >> 2.3493 +/- 0.2199, % updates: 42.546%
INFO:root:-- EPOCH 50 (3.201 seconds):
INFO:root:COST >> 2.3483 +/- 0.2228, % updates: 42.478%
