INFO:root:Shape for training set: (40961, 141442)
INFO:root:State: {'ndim': '50', 'test_all': 'None', 'test_path': 'None', 'nhid': '50', 'lremb': '0.1', 'seed': '6', 'simfn': 'L1', 'valid_path': 'None', 'nbatches': '10', 'lrparam': '0.1', 'decay': '0.5', 'show_hinton_diagrams': 'False', 'no_rescaling': 'True', 'Nrel': '18', 'ranking_score_right': 'False', 'Nent': '40961', 'Nsyn': '40943', 'method': 'MOMENTUM', 'loss_margin': '1.0', 'C': '1.0', 'epsilon': '1e-06', 'use_db': 'True', 'max_lr': 'None', 'l1_param_weight': 'None', 'filtered': 'False', 'name': 'wn_50/wn_MOMENTUM_296', 'totepochs': '50', 'l2_param_weight': 'None', 'train_path': 'data/wn/WN-train.pkl', 'op': 'TransE'}
INFO:root:Starting the Experiment ..
INFO:root:-- EPOCH 1 (3.139 seconds):
INFO:root:COST >> 3.3236 +/- 0.6209, % updates: 61.884%
INFO:root:-- EPOCH 2 (3.231 seconds):
INFO:root:COST >> 3.7977 +/- 0.3935, % updates: 50.036%
INFO:root:-- EPOCH 3 (3.241 seconds):
INFO:root:COST >> 3.8634 +/- 0.3469, % updates: 50.171%
INFO:root:-- EPOCH 4 (3.234 seconds):
INFO:root:COST >> 3.8564 +/- 0.3738, % updates: 50.059%
INFO:root:-- EPOCH 5 (3.136 seconds):
INFO:root:COST >> 3.8616 +/- 0.3703, % updates: 49.958%
INFO:root:-- EPOCH 6 (2.884 seconds):
INFO:root:COST >> 3.8705 +/- 0.3548, % updates: 50.186%
INFO:root:-- EPOCH 7 (2.629 seconds):
INFO:root:COST >> 3.8618 +/- 0.3523, % updates: 50.085%
INFO:root:-- EPOCH 8 (3.117 seconds):
INFO:root:COST >> 3.8731 +/- 0.3747, % updates: 50.096%
INFO:root:-- EPOCH 9 (3.124 seconds):
INFO:root:COST >> 3.8526 +/- 0.3803, % updates: 50.078%
INFO:root:-- EPOCH 10 (3.232 seconds):
INFO:root:COST >> 3.8637 +/- 0.341, % updates: 50.204%
INFO:root:-- EPOCH 11 (3.143 seconds):
INFO:root:COST >> 3.8636 +/- 0.3481, % updates: 50.13%
INFO:root:-- EPOCH 12 (3.153 seconds):
INFO:root:COST >> 3.8551 +/- 0.3411, % updates: 50.002%
INFO:root:-- EPOCH 13 (3.146 seconds):
INFO:root:COST >> 3.8745 +/- 0.3522, % updates: 50.282%
INFO:root:-- EPOCH 14 (3.154 seconds):
INFO:root:COST >> 3.8749 +/- 0.3583, % updates: 50.265%
INFO:root:-- EPOCH 15 (3.133 seconds):
INFO:root:COST >> 3.8748 +/- 0.3441, % updates: 50.277%
INFO:root:-- EPOCH 16 (3.128 seconds):
INFO:root:COST >> 3.8478 +/- 0.3503, % updates: 49.994%
INFO:root:-- EPOCH 17 (3.141 seconds):
INFO:root:COST >> 3.8545 +/- 0.3637, % updates: 50.061%
INFO:root:-- EPOCH 18 (3.079 seconds):
INFO:root:COST >> 3.8569 +/- 0.3658, % updates: 49.995%
INFO:root:-- EPOCH 19 (3.21 seconds):
INFO:root:COST >> 3.8661 +/- 0.3596, % updates: 50.232%
INFO:root:-- EPOCH 20 (3.222 seconds):
INFO:root:COST >> 3.863 +/- 0.3451, % updates: 50.222%
INFO:root:-- EPOCH 21 (3.202 seconds):
INFO:root:COST >> 3.8644 +/- 0.3431, % updates: 50.136%
INFO:root:-- EPOCH 22 (3.206 seconds):
INFO:root:COST >> 3.8715 +/- 0.3369, % updates: 50.174%
INFO:root:-- EPOCH 23 (3.259 seconds):
INFO:root:COST >> 3.8789 +/- 0.3459, % updates: 50.121%
INFO:root:-- EPOCH 24 (3.109 seconds):
INFO:root:COST >> 3.8689 +/- 0.3631, % updates: 50.185%
INFO:root:-- EPOCH 25 (3.212 seconds):
INFO:root:COST >> 3.8613 +/- 0.3686, % updates: 50.101%
INFO:root:-- EPOCH 26 (3.234 seconds):
INFO:root:COST >> 3.8792 +/- 0.3619, % updates: 50.17%
INFO:root:-- EPOCH 27 (3.143 seconds):
INFO:root:COST >> 3.8625 +/- 0.349, % updates: 50.091%
INFO:root:-- EPOCH 28 (3.148 seconds):
INFO:root:COST >> 3.8664 +/- 0.3466, % updates: 50.159%
INFO:root:-- EPOCH 29 (3.241 seconds):
INFO:root:COST >> 3.8693 +/- 0.3718, % updates: 50.042%
INFO:root:-- EPOCH 30 (3.207 seconds):
INFO:root:COST >> 3.8616 +/- 0.3539, % updates: 50.121%
INFO:root:-- EPOCH 31 (3.166 seconds):
INFO:root:COST >> 3.8537 +/- 0.3688, % updates: 50.022%
INFO:root:-- EPOCH 32 (3.127 seconds):
INFO:root:COST >> 3.8671 +/- 0.37, % updates: 50.047%
INFO:root:-- EPOCH 33 (3.199 seconds):
INFO:root:COST >> 3.8647 +/- 0.346, % updates: 50.109%
INFO:root:-- EPOCH 34 (3.206 seconds):
INFO:root:COST >> 3.8643 +/- 0.3666, % updates: 50.074%
INFO:root:-- EPOCH 35 (3.191 seconds):
INFO:root:COST >> 3.8511 +/- 0.3519, % updates: 49.955%
INFO:root:-- EPOCH 36 (3.156 seconds):
INFO:root:COST >> 3.8409 +/- 0.3615, % updates: 50.021%
INFO:root:-- EPOCH 37 (3.202 seconds):
INFO:root:COST >> 3.8731 +/- 0.3697, % updates: 50.075%
INFO:root:-- EPOCH 38 (3.217 seconds):
INFO:root:COST >> 3.8511 +/- 0.372, % updates: 50.01%
INFO:root:-- EPOCH 39 (3.25 seconds):
INFO:root:COST >> 3.874 +/- 0.3399, % updates: 50.157%
INFO:root:-- EPOCH 40 (3.223 seconds):
INFO:root:COST >> 3.8598 +/- 0.3613, % updates: 49.982%
INFO:root:-- EPOCH 41 (3.235 seconds):
INFO:root:COST >> 3.8584 +/- 0.3665, % updates: 50.138%
INFO:root:-- EPOCH 42 (3.167 seconds):
INFO:root:COST >> 3.8498 +/- 0.3584, % updates: 50.024%
INFO:root:-- EPOCH 43 (3.222 seconds):
INFO:root:COST >> 3.8478 +/- 0.3693, % updates: 49.988%
INFO:root:-- EPOCH 44 (3.161 seconds):
INFO:root:COST >> 3.8529 +/- 0.3527, % updates: 50.118%
INFO:root:-- EPOCH 45 (3.159 seconds):
INFO:root:COST >> 3.8862 +/- 0.3501, % updates: 50.304%
INFO:root:-- EPOCH 46 (3.133 seconds):
INFO:root:COST >> 3.8617 +/- 0.3804, % updates: 50.076%
INFO:root:-- EPOCH 47 (3.129 seconds):
INFO:root:COST >> 3.8534 +/- 0.3632, % updates: 50.076%
INFO:root:-- EPOCH 48 (3.117 seconds):
INFO:root:COST >> 3.8601 +/- 0.3604, % updates: 50.061%
INFO:root:-- EPOCH 49 (3.122 seconds):
INFO:root:COST >> 3.8614 +/- 0.3506, % updates: 50.111%
INFO:root:-- EPOCH 50 (3.14 seconds):
INFO:root:COST >> 3.8742 +/- 0.3565, % updates: 50.162%
