INFO:root:Shape for training set: (40961, 141442)
INFO:root:State: {'ndim': '50', 'test_all': 'None', 'test_path': 'None', 'nhid': '50', 'lremb': '0.01', 'seed': '5', 'simfn': 'L1', 'valid_path': 'None', 'nbatches': '10', 'lrparam': '0.01', 'decay': '0.5', 'show_hinton_diagrams': 'False', 'no_rescaling': 'True', 'Nrel': '18', 'ranking_score_right': 'False', 'Nent': '40961', 'Nsyn': '40943', 'method': 'MOMENTUM', 'loss_margin': '1.0', 'C': '1.0', 'epsilon': '1e-06', 'use_db': 'True', 'max_lr': 'None', 'l1_param_weight': 'None', 'filtered': 'False', 'name': 'wn_50/wn_MOMENTUM_245', 'totepochs': '50', 'l2_param_weight': 'None', 'train_path': 'data/wn/WN-train.pkl', 'op': 'TransE'}
INFO:root:Starting the Experiment ..
INFO:root:-- EPOCH 1 (3.139 seconds):
INFO:root:COST >> 2.1351 +/- 0.0985, % updates: 67.304%
INFO:root:-- EPOCH 2 (3.236 seconds):
INFO:root:COST >> 1.8371 +/- 0.1214, % updates: 54.722%
INFO:root:-- EPOCH 3 (3.227 seconds):
INFO:root:COST >> 1.7251 +/- 0.1274, % updates: 50.991%
INFO:root:-- EPOCH 4 (3.196 seconds):
INFO:root:COST >> 1.6915 +/- 0.1329, % updates: 49.234%
INFO:root:-- EPOCH 5 (3.186 seconds):
INFO:root:COST >> 1.6785 +/- 0.1401, % updates: 48.163%
INFO:root:-- EPOCH 6 (3.207 seconds):
INFO:root:COST >> 1.673 +/- 0.1388, % updates: 47.654%
INFO:root:-- EPOCH 7 (3.196 seconds):
INFO:root:COST >> 1.6664 +/- 0.1344, % updates: 47.177%
INFO:root:-- EPOCH 8 (3.12 seconds):
INFO:root:COST >> 1.6655 +/- 0.1319, % updates: 46.874%
INFO:root:-- EPOCH 9 (3.182 seconds):
INFO:root:COST >> 1.6645 +/- 0.1354, % updates: 46.663%
INFO:root:-- EPOCH 10 (3.156 seconds):
INFO:root:COST >> 1.6608 +/- 0.129, % updates: 46.569%
INFO:root:-- EPOCH 11 (3.198 seconds):
INFO:root:COST >> 1.6684 +/- 0.1289, % updates: 46.427%
INFO:root:-- EPOCH 12 (3.105 seconds):
INFO:root:COST >> 1.6616 +/- 0.1361, % updates: 46.237%
INFO:root:-- EPOCH 13 (3.239 seconds):
INFO:root:COST >> 1.6597 +/- 0.1264, % updates: 46.121%
INFO:root:-- EPOCH 14 (3.279 seconds):
INFO:root:COST >> 1.6589 +/- 0.1295, % updates: 46.093%
INFO:root:-- EPOCH 15 (3.183 seconds):
INFO:root:COST >> 1.6595 +/- 0.1345, % updates: 46.028%
INFO:root:-- EPOCH 16 (3.122 seconds):
INFO:root:COST >> 1.6654 +/- 0.1413, % updates: 45.994%
INFO:root:-- EPOCH 17 (3.224 seconds):
INFO:root:COST >> 1.6664 +/- 0.1365, % updates: 46.079%
INFO:root:-- EPOCH 18 (3.106 seconds):
INFO:root:COST >> 1.664 +/- 0.1327, % updates: 45.977%
INFO:root:-- EPOCH 19 (3.242 seconds):
INFO:root:COST >> 1.6693 +/- 0.1455, % updates: 46.006%
INFO:root:-- EPOCH 20 (3.229 seconds):
INFO:root:COST >> 1.6608 +/- 0.1295, % updates: 45.857%
INFO:root:-- EPOCH 21 (3.196 seconds):
INFO:root:COST >> 1.6623 +/- 0.133, % updates: 45.872%
INFO:root:-- EPOCH 22 (3.213 seconds):
INFO:root:COST >> 1.6636 +/- 0.1334, % updates: 45.776%
INFO:root:-- EPOCH 23 (3.222 seconds):
INFO:root:COST >> 1.6543 +/- 0.1276, % updates: 45.833%
INFO:root:-- EPOCH 24 (3.393 seconds):
INFO:root:COST >> 1.6668 +/- 0.1333, % updates: 45.753%
INFO:root:-- EPOCH 25 (4.186 seconds):
INFO:root:COST >> 1.6623 +/- 0.1352, % updates: 45.648%
INFO:root:-- EPOCH 26 (3.914 seconds):
INFO:root:COST >> 1.6636 +/- 0.1251, % updates: 45.831%
INFO:root:-- EPOCH 27 (3.148 seconds):
INFO:root:COST >> 1.664 +/- 0.1321, % updates: 45.78%
INFO:root:-- EPOCH 28 (3.13 seconds):
INFO:root:COST >> 1.6608 +/- 0.1336, % updates: 45.744%
INFO:root:-- EPOCH 29 (3.221 seconds):
INFO:root:COST >> 1.6642 +/- 0.1375, % updates: 45.83%
INFO:root:-- EPOCH 30 (3.136 seconds):
INFO:root:COST >> 1.6656 +/- 0.1377, % updates: 45.741%
INFO:root:-- EPOCH 31 (3.201 seconds):
INFO:root:COST >> 1.6586 +/- 0.1299, % updates: 45.59%
INFO:root:-- EPOCH 32 (3.179 seconds):
INFO:root:COST >> 1.6635 +/- 0.1349, % updates: 45.821%
INFO:root:-- EPOCH 33 (3.209 seconds):
INFO:root:COST >> 1.666 +/- 0.1298, % updates: 45.85%
INFO:root:-- EPOCH 34 (3.266 seconds):
INFO:root:COST >> 1.6587 +/- 0.128, % updates: 45.619%
INFO:root:-- EPOCH 35 (3.277 seconds):
INFO:root:COST >> 1.6665 +/- 0.137, % updates: 45.857%
INFO:root:-- EPOCH 36 (3.15 seconds):
INFO:root:COST >> 1.6678 +/- 0.1337, % updates: 45.839%
INFO:root:-- EPOCH 37 (3.202 seconds):
INFO:root:COST >> 1.6589 +/- 0.1299, % updates: 45.606%
INFO:root:-- EPOCH 38 (3.169 seconds):
INFO:root:COST >> 1.6664 +/- 0.1377, % updates: 45.8%
INFO:root:-- EPOCH 39 (3.251 seconds):
INFO:root:COST >> 1.6618 +/- 0.1336, % updates: 45.712%
INFO:root:-- EPOCH 40 (3.154 seconds):
INFO:root:COST >> 1.6699 +/- 0.1426, % updates: 45.696%
INFO:root:-- EPOCH 41 (3.124 seconds):
INFO:root:COST >> 1.6659 +/- 0.1322, % updates: 45.646%
INFO:root:-- EPOCH 42 (3.22 seconds):
INFO:root:COST >> 1.6645 +/- 0.1382, % updates: 45.666%
INFO:root:-- EPOCH 43 (3.231 seconds):
INFO:root:COST >> 1.664 +/- 0.1259, % updates: 45.779%
INFO:root:-- EPOCH 44 (3.24 seconds):
INFO:root:COST >> 1.6602 +/- 0.1345, % updates: 45.726%
INFO:root:-- EPOCH 45 (2.731 seconds):
INFO:root:COST >> 1.6608 +/- 0.1373, % updates: 45.748%
INFO:root:-- EPOCH 46 (3.063 seconds):
INFO:root:COST >> 1.6627 +/- 0.1396, % updates: 45.634%
INFO:root:-- EPOCH 47 (3.147 seconds):
INFO:root:COST >> 1.6625 +/- 0.1341, % updates: 45.748%
INFO:root:-- EPOCH 48 (3.24 seconds):
INFO:root:COST >> 1.6659 +/- 0.1391, % updates: 45.653%
INFO:root:-- EPOCH 49 (3.237 seconds):
INFO:root:COST >> 1.664 +/- 0.1406, % updates: 45.65%
INFO:root:-- EPOCH 50 (3.196 seconds):
INFO:root:COST >> 1.6649 +/- 0.1401, % updates: 45.617%
