INFO:root:Shape for training set: (40961, 141442)
INFO:root:State: {'ndim': '50', 'test_all': 'None', 'test_path': 'None', 'nhid': '50', 'lremb': '0.01', 'seed': '1', 'simfn': 'L1', 'valid_path': 'None', 'nbatches': '10', 'lrparam': '0.01', 'decay': '0.999', 'show_hinton_diagrams': 'False', 'no_rescaling': 'True', 'Nrel': '18', 'ranking_score_right': 'False', 'Nent': '40961', 'Nsyn': '40943', 'method': 'MOMENTUM', 'loss_margin': '1.0', 'C': '1.0', 'epsilon': '1e-06', 'use_db': 'True', 'max_lr': 'None', 'l1_param_weight': 'None', 'filtered': 'False', 'name': 'wn_50/wn_MOMENTUM_211', 'totepochs': '50', 'l2_param_weight': 'None', 'train_path': 'data/wn/WN-train.pkl', 'op': 'TransE'}
INFO:root:Starting the Experiment ..
INFO:root:-- EPOCH 1 (3.105 seconds):
INFO:root:COST >> 2.2945 +/- 0.1823, % updates: 65.707%
INFO:root:-- EPOCH 2 (3.165 seconds):
INFO:root:COST >> 2.258 +/- 0.2251, % updates: 46.313%
INFO:root:-- EPOCH 3 (3.145 seconds):
INFO:root:COST >> 2.2388 +/- 0.1738, % updates: 43.207%
INFO:root:-- EPOCH 4 (3.24 seconds):
INFO:root:COST >> 2.2199 +/- 0.1774, % updates: 42.317%
INFO:root:-- EPOCH 5 (3.138 seconds):
INFO:root:COST >> 2.211 +/- 0.175, % updates: 42.08%
INFO:root:-- EPOCH 6 (3.174 seconds):
INFO:root:COST >> 2.1986 +/- 0.1706, % updates: 41.996%
INFO:root:-- EPOCH 7 (3.18 seconds):
INFO:root:COST >> 2.1826 +/- 0.1737, % updates: 41.708%
INFO:root:-- EPOCH 8 (3.097 seconds):
INFO:root:COST >> 2.1862 +/- 0.1699, % updates: 41.684%
INFO:root:-- EPOCH 9 (3.189 seconds):
INFO:root:COST >> 2.1576 +/- 0.1636, % updates: 41.534%
INFO:root:-- EPOCH 10 (3.172 seconds):
INFO:root:COST >> 2.1603 +/- 0.1562, % updates: 41.453%
INFO:root:-- EPOCH 11 (3.245 seconds):
INFO:root:COST >> 2.1489 +/- 0.1686, % updates: 41.358%
INFO:root:-- EPOCH 12 (3.242 seconds):
INFO:root:COST >> 2.1577 +/- 0.1626, % updates: 41.404%
INFO:root:-- EPOCH 13 (3.152 seconds):
INFO:root:COST >> 2.1563 +/- 0.1721, % updates: 41.347%
INFO:root:-- EPOCH 14 (3.139 seconds):
INFO:root:COST >> 2.1425 +/- 0.1738, % updates: 41.269%
INFO:root:-- EPOCH 15 (3.201 seconds):
INFO:root:COST >> 2.1459 +/- 0.1664, % updates: 41.3%
INFO:root:-- EPOCH 16 (3.201 seconds):
INFO:root:COST >> 2.1487 +/- 0.1727, % updates: 41.303%
INFO:root:-- EPOCH 17 (3.235 seconds):
INFO:root:COST >> 2.1385 +/- 0.1693, % updates: 41.225%
INFO:root:-- EPOCH 18 (3.091 seconds):
INFO:root:COST >> 2.1439 +/- 0.1668, % updates: 41.266%
INFO:root:-- EPOCH 19 (3.13 seconds):
INFO:root:COST >> 2.1421 +/- 0.165, % updates: 41.194%
INFO:root:-- EPOCH 20 (3.2 seconds):
INFO:root:COST >> 2.1369 +/- 0.183, % updates: 41.168%
INFO:root:-- EPOCH 21 (3.121 seconds):
INFO:root:COST >> 2.1439 +/- 0.1684, % updates: 41.178%
INFO:root:-- EPOCH 22 (3.28 seconds):
INFO:root:COST >> 2.1342 +/- 0.169, % updates: 41.031%
INFO:root:-- EPOCH 23 (3.24 seconds):
INFO:root:COST >> 2.1367 +/- 0.1726, % updates: 41.013%
INFO:root:-- EPOCH 24 (3.238 seconds):
INFO:root:COST >> 2.1491 +/- 0.1665, % updates: 41.25%
INFO:root:-- EPOCH 25 (3.106 seconds):
INFO:root:COST >> 2.1368 +/- 0.1594, % updates: 41.188%
INFO:root:-- EPOCH 26 (3.133 seconds):
INFO:root:COST >> 2.1422 +/- 0.1724, % updates: 41.157%
INFO:root:-- EPOCH 27 (3.229 seconds):
INFO:root:COST >> 2.1381 +/- 0.1645, % updates: 41.096%
INFO:root:-- EPOCH 28 (3.151 seconds):
INFO:root:COST >> 2.1438 +/- 0.18, % updates: 41.078%
INFO:root:-- EPOCH 29 (3.123 seconds):
INFO:root:COST >> 2.1466 +/- 0.1655, % updates: 41.078%
INFO:root:-- EPOCH 30 (3.205 seconds):
INFO:root:COST >> 2.1354 +/- 0.1724, % updates: 40.992%
INFO:root:-- EPOCH 31 (3.24 seconds):
INFO:root:COST >> 2.1364 +/- 0.1588, % updates: 41.031%
INFO:root:-- EPOCH 32 (3.225 seconds):
INFO:root:COST >> 2.1389 +/- 0.1748, % updates: 41.106%
INFO:root:-- EPOCH 33 (3.23 seconds):
INFO:root:COST >> 2.1411 +/- 0.171, % updates: 41.088%
INFO:root:-- EPOCH 34 (3.217 seconds):
INFO:root:COST >> 2.135 +/- 0.1578, % updates: 41.004%
INFO:root:-- EPOCH 35 (3.221 seconds):
INFO:root:COST >> 2.1398 +/- 0.1623, % updates: 40.991%
INFO:root:-- EPOCH 36 (3.228 seconds):
INFO:root:COST >> 2.1431 +/- 0.1657, % updates: 41.09%
INFO:root:-- EPOCH 37 (3.133 seconds):
INFO:root:COST >> 2.1462 +/- 0.1691, % updates: 41.053%
INFO:root:-- EPOCH 38 (3.166 seconds):
INFO:root:COST >> 2.1398 +/- 0.1741, % updates: 41.026%
INFO:root:-- EPOCH 39 (3.218 seconds):
INFO:root:COST >> 2.1544 +/- 0.1805, % updates: 41.071%
INFO:root:-- EPOCH 40 (3.229 seconds):
INFO:root:COST >> 2.1407 +/- 0.1688, % updates: 40.976%
INFO:root:-- EPOCH 41 (3.161 seconds):
INFO:root:COST >> 2.1466 +/- 0.1696, % updates: 41.022%
INFO:root:-- EPOCH 42 (3.22 seconds):
INFO:root:COST >> 2.1521 +/- 0.1761, % updates: 41.077%
INFO:root:-- EPOCH 43 (3.27 seconds):
INFO:root:COST >> 2.1492 +/- 0.1776, % updates: 41.047%
INFO:root:-- EPOCH 44 (2.968 seconds):
INFO:root:COST >> 2.1442 +/- 0.1678, % updates: 40.89%
INFO:root:-- EPOCH 45 (2.734 seconds):
INFO:root:COST >> 2.1528 +/- 0.1723, % updates: 40.945%
INFO:root:-- EPOCH 46 (3.235 seconds):
INFO:root:COST >> 2.1518 +/- 0.1659, % updates: 40.933%
INFO:root:-- EPOCH 47 (3.23 seconds):
INFO:root:COST >> 2.1529 +/- 0.1642, % updates: 40.906%
INFO:root:-- EPOCH 48 (3.143 seconds):
INFO:root:COST >> 2.1562 +/- 0.1656, % updates: 40.98%
INFO:root:-- EPOCH 49 (3.165 seconds):
INFO:root:COST >> 2.1448 +/- 0.1711, % updates: 40.835%
INFO:root:-- EPOCH 50 (3.13 seconds):
INFO:root:COST >> 2.1589 +/- 0.1646, % updates: 40.91%
