INFO:root:Shape for training set: (40961, 141442)
INFO:root:State: {'ndim': '50', 'test_all': 'None', 'test_path': 'None', 'nhid': '50', 'lremb': '0.0001', 'seed': '4', 'simfn': 'L1', 'valid_path': 'None', 'nbatches': '10', 'lrparam': '0.0001', 'decay': '0.9999', 'show_hinton_diagrams': 'False', 'no_rescaling': 'True', 'Nrel': '18', 'ranking_score_right': 'False', 'Nent': '40961', 'Nsyn': '40943', 'method': 'MOMENTUM', 'loss_margin': '1.0', 'C': '1.0', 'epsilon': '1e-06', 'use_db': 'True', 'max_lr': 'None', 'l1_param_weight': 'None', 'filtered': 'False', 'name': 'wn_50/wn_MOMENTUM_104', 'totepochs': '50', 'l2_param_weight': 'None', 'train_path': 'data/wn/WN-train.pkl', 'op': 'TransE'}
INFO:root:Starting the Experiment ..
INFO:root:-- EPOCH 1 (3.117 seconds):
INFO:root:COST >> 2.1563 +/- 0.0472, % updates: 80.507%
INFO:root:-- EPOCH 2 (3.041 seconds):
INFO:root:COST >> 1.9091 +/- 0.0732, % updates: 73.114%
INFO:root:-- EPOCH 3 (2.782 seconds):
INFO:root:COST >> 1.5988 +/- 0.0884, % updates: 65.671%
INFO:root:-- EPOCH 4 (3.264 seconds):
INFO:root:COST >> 1.2949 +/- 0.0757, % updates: 57.362%
INFO:root:-- EPOCH 5 (3.243 seconds):
INFO:root:COST >> 1.0434 +/- 0.0594, % updates: 49.736%
INFO:root:-- EPOCH 6 (3.219 seconds):
INFO:root:COST >> 0.8563 +/- 0.037, % updates: 43.233%
INFO:root:-- EPOCH 7 (3.241 seconds):
INFO:root:COST >> 0.7447 +/- 0.0237, % updates: 37.992%
INFO:root:-- EPOCH 8 (3.252 seconds):
INFO:root:COST >> 0.6773 +/- 0.017, % updates: 35.325%
INFO:root:-- EPOCH 9 (3.222 seconds):
INFO:root:COST >> 0.6528 +/- 0.007, % updates: 33.729%
INFO:root:-- EPOCH 10 (3.207 seconds):
INFO:root:COST >> 0.6359 +/- 0.0073, % updates: 33.065%
INFO:root:-- EPOCH 11 (3.222 seconds):
INFO:root:COST >> 0.6264 +/- 0.0126, % updates: 32.62%
INFO:root:-- EPOCH 12 (3.129 seconds):
INFO:root:COST >> 0.6179 +/- 0.0048, % updates: 32.454%
INFO:root:-- EPOCH 13 (3.264 seconds):
INFO:root:COST >> 0.6 +/- 0.0101, % updates: 32.068%
INFO:root:-- EPOCH 14 (3.277 seconds):
INFO:root:COST >> 0.5935 +/- 0.0166, % updates: 31.923%
INFO:root:-- EPOCH 15 (3.19 seconds):
INFO:root:COST >> 0.5641 +/- 0.0123, % updates: 31.524%
INFO:root:-- EPOCH 16 (3.118 seconds):
INFO:root:COST >> 0.5386 +/- 0.0122, % updates: 30.572%
INFO:root:-- EPOCH 17 (3.255 seconds):
INFO:root:COST >> 0.5086 +/- 0.0178, % updates: 29.3%
INFO:root:-- EPOCH 18 (3.291 seconds):
INFO:root:COST >> 0.4771 +/- 0.0254, % updates: 28.207%
INFO:root:-- EPOCH 19 (3.26 seconds):
INFO:root:COST >> 0.4557 +/- 0.0148, % updates: 27.768%
INFO:root:-- EPOCH 20 (3.302 seconds):
INFO:root:COST >> 0.4195 +/- 0.012, % updates: 25.98%
INFO:root:-- EPOCH 21 (3.232 seconds):
INFO:root:COST >> 0.3949 +/- 0.0124, % updates: 25.516%
INFO:root:-- EPOCH 22 (3.325 seconds):
INFO:root:COST >> 0.3586 +/- 0.0089, % updates: 23.533%
INFO:root:-- EPOCH 23 (3.18 seconds):
INFO:root:COST >> 0.3354 +/- 0.01, % updates: 22.911%
INFO:root:-- EPOCH 24 (3.28 seconds):
INFO:root:COST >> 0.3064 +/- 0.0093, % updates: 21.632%
INFO:root:-- EPOCH 25 (3.249 seconds):
INFO:root:COST >> 0.2908 +/- 0.0101, % updates: 21.1%
INFO:root:-- EPOCH 26 (3.208 seconds):
INFO:root:COST >> 0.2628 +/- 0.0114, % updates: 19.81%
INFO:root:-- EPOCH 27 (3.272 seconds):
INFO:root:COST >> 0.2475 +/- 0.0079, % updates: 19.126%
INFO:root:-- EPOCH 28 (3.277 seconds):
INFO:root:COST >> 0.231 +/- 0.0081, % updates: 18.342%
INFO:root:-- EPOCH 29 (3.26 seconds):
INFO:root:COST >> 0.2212 +/- 0.0076, % updates: 17.936%
INFO:root:-- EPOCH 30 (3.251 seconds):
INFO:root:COST >> 0.2085 +/- 0.0069, % updates: 17.49%
INFO:root:-- EPOCH 31 (3.265 seconds):
INFO:root:COST >> 0.1954 +/- 0.0059, % updates: 16.667%
INFO:root:-- EPOCH 32 (3.249 seconds):
INFO:root:COST >> 0.192 +/- 0.0076, % updates: 16.387%
INFO:root:-- EPOCH 33 (3.152 seconds):
INFO:root:COST >> 0.1867 +/- 0.0111, % updates: 16.303%
INFO:root:-- EPOCH 34 (3.253 seconds):
INFO:root:COST >> 0.1837 +/- 0.0049, % updates: 16.265%
INFO:root:-- EPOCH 35 (3.191 seconds):
INFO:root:COST >> 0.1815 +/- 0.0133, % updates: 16.187%
INFO:root:-- EPOCH 36 (3.265 seconds):
INFO:root:COST >> 0.1717 +/- 0.0122, % updates: 15.752%
INFO:root:-- EPOCH 37 (3.196 seconds):
INFO:root:COST >> 0.1655 +/- 0.007, % updates: 15.29%
INFO:root:-- EPOCH 38 (3.219 seconds):
INFO:root:COST >> 0.1575 +/- 0.0084, % updates: 14.913%
INFO:root:-- EPOCH 39 (3.231 seconds):
INFO:root:COST >> 0.1505 +/- 0.0077, % updates: 14.339%
INFO:root:-- EPOCH 40 (3.238 seconds):
INFO:root:COST >> 0.1505 +/- 0.0096, % updates: 14.386%
INFO:root:-- EPOCH 41 (3.17 seconds):
INFO:root:COST >> 0.143 +/- 0.0112, % updates: 14.076%
INFO:root:-- EPOCH 42 (3.272 seconds):
INFO:root:COST >> 0.1436 +/- 0.0132, % updates: 13.997%
INFO:root:-- EPOCH 43 (3.135 seconds):
INFO:root:COST >> 0.1406 +/- 0.0094, % updates: 14.002%
INFO:root:-- EPOCH 44 (3.141 seconds):
INFO:root:COST >> 0.1383 +/- 0.0114, % updates: 13.639%
INFO:root:-- EPOCH 45 (3.233 seconds):
INFO:root:COST >> 0.133 +/- 0.0101, % updates: 13.535%
INFO:root:-- EPOCH 46 (3.23 seconds):
INFO:root:COST >> 0.1325 +/- 0.0127, % updates: 13.435%
INFO:root:-- EPOCH 47 (3.162 seconds):
INFO:root:COST >> 0.1312 +/- 0.0128, % updates: 13.382%
INFO:root:-- EPOCH 48 (3.218 seconds):
INFO:root:COST >> 0.13 +/- 0.0097, % updates: 13.296%
INFO:root:-- EPOCH 49 (3.15 seconds):
INFO:root:COST >> 0.1252 +/- 0.0038, % updates: 12.943%
INFO:root:-- EPOCH 50 (3.264 seconds):
INFO:root:COST >> 0.1244 +/- 0.0038, % updates: 12.993%
