INFO:root:Shape for training set: (40961, 141442)
INFO:root:State: {'ndim': '50', 'test_all': 'None', 'test_path': 'None', 'nhid': '50', 'lremb': '0.001', 'seed': '5', 'simfn': 'L1', 'valid_path': 'None', 'nbatches': '10', 'lrparam': '0.001', 'decay': '0.9', 'show_hinton_diagrams': 'False', 'no_rescaling': 'True', 'Nrel': '18', 'ranking_score_right': 'False', 'Nent': '40961', 'Nsyn': '40943', 'method': 'MOMENTUM', 'loss_margin': '1.0', 'C': '1.0', 'epsilon': '1e-06', 'use_db': 'True', 'max_lr': 'None', 'l1_param_weight': 'None', 'filtered': 'False', 'name': 'wn_50/wn_MOMENTUM_185', 'totepochs': '50', 'l2_param_weight': 'None', 'train_path': 'data/wn/WN-train.pkl', 'op': 'TransE'}
INFO:root:Starting the Experiment ..
INFO:root:-- EPOCH 1 (3.18 seconds):
INFO:root:COST >> 2.0287 +/- 0.1113, % updates: 74.117%
INFO:root:-- EPOCH 2 (3.279 seconds):
INFO:root:COST >> 1.5503 +/- 0.0594, % updates: 59.04%
INFO:root:-- EPOCH 3 (3.232 seconds):
INFO:root:COST >> 1.3479 +/- 0.0188, % updates: 52.002%
INFO:root:-- EPOCH 4 (3.179 seconds):
INFO:root:COST >> 1.283 +/- 0.0232, % updates: 49.408%
INFO:root:-- EPOCH 5 (3.12 seconds):
INFO:root:COST >> 1.253 +/- 0.0327, % updates: 48.344%
INFO:root:-- EPOCH 6 (3.171 seconds):
INFO:root:COST >> 1.2187 +/- 0.0299, % updates: 47.508%
INFO:root:-- EPOCH 7 (3.212 seconds):
INFO:root:COST >> 1.1924 +/- 0.0294, % updates: 46.678%
INFO:root:-- EPOCH 8 (3.226 seconds):
INFO:root:COST >> 1.1737 +/- 0.0335, % updates: 45.999%
INFO:root:-- EPOCH 9 (3.279 seconds):
INFO:root:COST >> 1.1678 +/- 0.032, % updates: 45.637%
INFO:root:-- EPOCH 10 (3.226 seconds):
INFO:root:COST >> 1.1571 +/- 0.0304, % updates: 45.218%
INFO:root:-- EPOCH 11 (3.212 seconds):
INFO:root:COST >> 1.1546 +/- 0.0344, % updates: 44.873%
INFO:root:-- EPOCH 12 (3.179 seconds):
INFO:root:COST >> 1.1437 +/- 0.0381, % updates: 44.667%
INFO:root:-- EPOCH 13 (3.114 seconds):
INFO:root:COST >> 1.1424 +/- 0.0315, % updates: 44.622%
INFO:root:-- EPOCH 14 (3.146 seconds):
INFO:root:COST >> 1.1387 +/- 0.0354, % updates: 44.262%
INFO:root:-- EPOCH 15 (3.225 seconds):
INFO:root:COST >> 1.1337 +/- 0.0344, % updates: 44.146%
INFO:root:-- EPOCH 16 (3.184 seconds):
INFO:root:COST >> 1.1363 +/- 0.0377, % updates: 44.079%
INFO:root:-- EPOCH 17 (3.271 seconds):
INFO:root:COST >> 1.1312 +/- 0.0416, % updates: 44.007%
INFO:root:-- EPOCH 18 (3.27 seconds):
INFO:root:COST >> 1.1289 +/- 0.0337, % updates: 43.803%
INFO:root:-- EPOCH 19 (3.289 seconds):
INFO:root:COST >> 1.1279 +/- 0.0394, % updates: 43.711%
INFO:root:-- EPOCH 20 (3.268 seconds):
INFO:root:COST >> 1.1248 +/- 0.0324, % updates: 43.606%
INFO:root:-- EPOCH 21 (3.253 seconds):
INFO:root:COST >> 1.1213 +/- 0.0366, % updates: 43.521%
INFO:root:-- EPOCH 22 (3.244 seconds):
INFO:root:COST >> 1.1199 +/- 0.0353, % updates: 43.417%
INFO:root:-- EPOCH 23 (3.131 seconds):
INFO:root:COST >> 1.12 +/- 0.0321, % updates: 43.443%
INFO:root:-- EPOCH 24 (3.179 seconds):
INFO:root:COST >> 1.1232 +/- 0.036, % updates: 43.404%
INFO:root:-- EPOCH 25 (3.256 seconds):
INFO:root:COST >> 1.1189 +/- 0.0329, % updates: 43.166%
INFO:root:-- EPOCH 26 (3.171 seconds):
INFO:root:COST >> 1.1197 +/- 0.0288, % updates: 43.206%
INFO:root:-- EPOCH 27 (3.134 seconds):
INFO:root:COST >> 1.1206 +/- 0.0413, % updates: 43.222%
INFO:root:-- EPOCH 28 (3.25 seconds):
INFO:root:COST >> 1.1179 +/- 0.0344, % updates: 43.149%
INFO:root:-- EPOCH 29 (3.178 seconds):
INFO:root:COST >> 1.119 +/- 0.0334, % updates: 43.177%
INFO:root:-- EPOCH 30 (3.215 seconds):
INFO:root:COST >> 1.1173 +/- 0.0337, % updates: 43.08%
INFO:root:-- EPOCH 31 (3.178 seconds):
INFO:root:COST >> 1.1172 +/- 0.0322, % updates: 42.91%
INFO:root:-- EPOCH 32 (3.182 seconds):
INFO:root:COST >> 1.1155 +/- 0.0387, % updates: 43.043%
INFO:root:-- EPOCH 33 (3.199 seconds):
INFO:root:COST >> 1.1157 +/- 0.0359, % updates: 43.057%
INFO:root:-- EPOCH 34 (3.176 seconds):
INFO:root:COST >> 1.1151 +/- 0.0324, % updates: 42.895%
INFO:root:-- EPOCH 35 (3.143 seconds):
INFO:root:COST >> 1.1176 +/- 0.0388, % updates: 43.034%
INFO:root:-- EPOCH 36 (3.135 seconds):
INFO:root:COST >> 1.1157 +/- 0.0352, % updates: 42.895%
INFO:root:-- EPOCH 37 (3.158 seconds):
INFO:root:COST >> 1.1113 +/- 0.0325, % updates: 42.832%
INFO:root:-- EPOCH 38 (3.216 seconds):
INFO:root:COST >> 1.1149 +/- 0.0365, % updates: 42.833%
INFO:root:-- EPOCH 39 (3.153 seconds):
INFO:root:COST >> 1.1109 +/- 0.0378, % updates: 42.698%
INFO:root:-- EPOCH 40 (3.136 seconds):
INFO:root:COST >> 1.1155 +/- 0.0451, % updates: 42.809%
INFO:root:-- EPOCH 41 (3.257 seconds):
INFO:root:COST >> 1.1127 +/- 0.0309, % updates: 42.741%
INFO:root:-- EPOCH 42 (3.268 seconds):
INFO:root:COST >> 1.1136 +/- 0.0369, % updates: 42.664%
INFO:root:-- EPOCH 43 (3.272 seconds):
INFO:root:COST >> 1.1141 +/- 0.0328, % updates: 42.618%
INFO:root:-- EPOCH 44 (3.252 seconds):
INFO:root:COST >> 1.1102 +/- 0.0331, % updates: 42.633%
INFO:root:-- EPOCH 45 (3.201 seconds):
INFO:root:COST >> 1.1127 +/- 0.0379, % updates: 42.733%
INFO:root:-- EPOCH 46 (2.747 seconds):
INFO:root:COST >> 1.1138 +/- 0.0399, % updates: 42.712%
INFO:root:-- EPOCH 47 (2.902 seconds):
INFO:root:COST >> 1.1104 +/- 0.0359, % updates: 42.645%
INFO:root:-- EPOCH 48 (3.181 seconds):
INFO:root:COST >> 1.1136 +/- 0.0332, % updates: 42.734%
INFO:root:-- EPOCH 49 (3.226 seconds):
INFO:root:COST >> 1.1108 +/- 0.0367, % updates: 42.576%
INFO:root:-- EPOCH 50 (3.143 seconds):
INFO:root:COST >> 1.112 +/- 0.0385, % updates: 42.552%
