INFO:root:Shape for training set: (40961, 141442)
INFO:root:State: {'ndim': '50', 'test_all': 'None', 'test_path': 'None', 'nhid': '50', 'lremb': '1.0', 'seed': '2', 'simfn': 'L1', 'valid_path': 'None', 'nbatches': '10', 'lrparam': '1.0', 'decay': '0.9999', 'show_hinton_diagrams': 'False', 'no_rescaling': 'True', 'Nrel': '18', 'ranking_score_right': 'False', 'Nent': '40961', 'Nsyn': '40943', 'method': 'MOMENTUM', 'loss_margin': '1.0', 'C': '1.0', 'epsilon': '1e-06', 'use_db': 'True', 'max_lr': 'None', 'l1_param_weight': 'None', 'filtered': 'False', 'name': 'wn_50/wn_MOMENTUM_302', 'totepochs': '50', 'l2_param_weight': 'None', 'train_path': 'data/wn/WN-train.pkl', 'op': 'TransE'}
INFO:root:Starting the Experiment ..
INFO:root:-- EPOCH 1 (3.1 seconds):
INFO:root:COST >> 3.3105 +/- 0.4902, % updates: 61.194%
INFO:root:-- EPOCH 2 (3.179 seconds):
INFO:root:COST >> 3.0316 +/- 0.2652, % updates: 47.139%
INFO:root:-- EPOCH 3 (3.097 seconds):
INFO:root:COST >> 2.8524 +/- 0.2684, % updates: 45.057%
INFO:root:-- EPOCH 4 (3.1 seconds):
INFO:root:COST >> 2.7713 +/- 0.2485, % updates: 44.376%
INFO:root:-- EPOCH 5 (3.142 seconds):
INFO:root:COST >> 2.7155 +/- 0.245, % updates: 43.851%
INFO:root:-- EPOCH 6 (3.975 seconds):
INFO:root:COST >> 2.6666 +/- 0.2398, % updates: 43.409%
INFO:root:-- EPOCH 7 (3.548 seconds):
INFO:root:COST >> 2.6312 +/- 0.2363, % updates: 43.316%
INFO:root:-- EPOCH 8 (3.341 seconds):
INFO:root:COST >> 2.6018 +/- 0.254, % updates: 43.012%
INFO:root:-- EPOCH 9 (3.129 seconds):
INFO:root:COST >> 2.5906 +/- 0.2384, % updates: 43.054%
INFO:root:-- EPOCH 10 (3.117 seconds):
INFO:root:COST >> 2.5648 +/- 0.2312, % updates: 42.897%
INFO:root:-- EPOCH 11 (3.206 seconds):
INFO:root:COST >> 2.5545 +/- 0.2377, % updates: 42.893%
INFO:root:-- EPOCH 12 (3.237 seconds):
INFO:root:COST >> 2.5271 +/- 0.2371, % updates: 42.682%
INFO:root:-- EPOCH 13 (3.097 seconds):
INFO:root:COST >> 2.514 +/- 0.234, % updates: 42.78%
INFO:root:-- EPOCH 14 (3.222 seconds):
INFO:root:COST >> 2.5187 +/- 0.2408, % updates: 42.81%
INFO:root:-- EPOCH 15 (3.131 seconds):
INFO:root:COST >> 2.4985 +/- 0.2257, % updates: 42.747%
INFO:root:-- EPOCH 16 (3.221 seconds):
INFO:root:COST >> 2.4863 +/- 0.2303, % updates: 42.675%
INFO:root:-- EPOCH 17 (3.136 seconds):
INFO:root:COST >> 2.4728 +/- 0.2304, % updates: 42.592%
INFO:root:-- EPOCH 18 (3.113 seconds):
INFO:root:COST >> 2.4684 +/- 0.2253, % updates: 42.581%
INFO:root:-- EPOCH 19 (3.117 seconds):
INFO:root:COST >> 2.4705 +/- 0.2357, % updates: 42.632%
INFO:root:-- EPOCH 20 (3.226 seconds):
INFO:root:COST >> 2.4551 +/- 0.2261, % updates: 42.63%
INFO:root:-- EPOCH 21 (3.119 seconds):
INFO:root:COST >> 2.4539 +/- 0.2244, % updates: 42.607%
INFO:root:-- EPOCH 22 (3.171 seconds):
INFO:root:COST >> 2.4341 +/- 0.2058, % updates: 42.52%
INFO:root:-- EPOCH 23 (3.165 seconds):
INFO:root:COST >> 2.4292 +/- 0.2245, % updates: 42.52%
INFO:root:-- EPOCH 24 (3.223 seconds):
INFO:root:COST >> 2.4274 +/- 0.2286, % updates: 42.553%
INFO:root:-- EPOCH 25 (3.223 seconds):
INFO:root:COST >> 2.4196 +/- 0.223, % updates: 42.484%
INFO:root:-- EPOCH 26 (3.208 seconds):
INFO:root:COST >> 2.4101 +/- 0.2151, % updates: 42.5%
INFO:root:-- EPOCH 27 (3.229 seconds):
INFO:root:COST >> 2.4335 +/- 0.2381, % updates: 42.692%
INFO:root:-- EPOCH 28 (3.191 seconds):
INFO:root:COST >> 2.4095 +/- 0.2267, % updates: 42.602%
INFO:root:-- EPOCH 29 (3.189 seconds):
INFO:root:COST >> 2.4066 +/- 0.2186, % updates: 42.535%
INFO:root:-- EPOCH 30 (3.259 seconds):
INFO:root:COST >> 2.4058 +/- 0.2198, % updates: 42.563%
INFO:root:-- EPOCH 31 (3.231 seconds):
INFO:root:COST >> 2.3968 +/- 0.2171, % updates: 42.584%
INFO:root:-- EPOCH 32 (3.25 seconds):
INFO:root:COST >> 2.3982 +/- 0.2164, % updates: 42.518%
INFO:root:-- EPOCH 33 (3.245 seconds):
INFO:root:COST >> 2.3874 +/- 0.2272, % updates: 42.391%
INFO:root:-- EPOCH 34 (3.202 seconds):
INFO:root:COST >> 2.3784 +/- 0.227, % updates: 42.305%
INFO:root:-- EPOCH 35 (3.22 seconds):
INFO:root:COST >> 2.3916 +/- 0.2169, % updates: 42.6%
INFO:root:-- EPOCH 36 (3.263 seconds):
INFO:root:COST >> 2.385 +/- 0.2259, % updates: 42.602%
INFO:root:-- EPOCH 37 (3.117 seconds):
INFO:root:COST >> 2.374 +/- 0.2088, % updates: 42.424%
INFO:root:-- EPOCH 38 (3.178 seconds):
INFO:root:COST >> 2.3795 +/- 0.2136, % updates: 42.54%
INFO:root:-- EPOCH 39 (3.162 seconds):
INFO:root:COST >> 2.3686 +/- 0.2089, % updates: 42.434%
INFO:root:-- EPOCH 40 (3.231 seconds):
INFO:root:COST >> 2.364 +/- 0.2274, % updates: 42.337%
INFO:root:-- EPOCH 41 (3.202 seconds):
INFO:root:COST >> 2.3667 +/- 0.2194, % updates: 42.526%
INFO:root:-- EPOCH 42 (4.357 seconds):
INFO:root:COST >> 2.378 +/- 0.2065, % updates: 42.604%
INFO:root:-- EPOCH 43 (3.283 seconds):
INFO:root:COST >> 2.3563 +/- 0.2268, % updates: 42.407%
INFO:root:-- EPOCH 44 (3.199 seconds):
INFO:root:COST >> 2.3602 +/- 0.2204, % updates: 42.587%
INFO:root:-- EPOCH 45 (3.242 seconds):
INFO:root:COST >> 2.3515 +/- 0.2099, % updates: 42.399%
INFO:root:-- EPOCH 46 (3.199 seconds):
INFO:root:COST >> 2.3555 +/- 0.2143, % updates: 42.403%
INFO:root:-- EPOCH 47 (3.207 seconds):
INFO:root:COST >> 2.3536 +/- 0.2216, % updates: 42.487%
INFO:root:-- EPOCH 48 (3.136 seconds):
INFO:root:COST >> 2.3515 +/- 0.2048, % updates: 42.554%
INFO:root:-- EPOCH 49 (3.207 seconds):
INFO:root:COST >> 2.3452 +/- 0.2112, % updates: 42.403%
INFO:root:-- EPOCH 50 (3.177 seconds):
INFO:root:COST >> 2.3419 +/- 0.2228, % updates: 42.422%
