INFO:root:Shape for training set: (40961, 141442)
INFO:root:State: {'ndim': '50', 'test_all': 'None', 'test_path': 'None', 'nhid': '50', 'lremb': '0.1', 'seed': '3', 'simfn': 'L1', 'valid_path': 'None', 'nbatches': '10', 'lrparam': '0.1', 'decay': '0.9999', 'show_hinton_diagrams': 'False', 'no_rescaling': 'True', 'Nrel': '18', 'ranking_score_right': 'False', 'Nent': '40961', 'Nsyn': '40943', 'method': 'MOMENTUM', 'loss_margin': '1.0', 'C': '1.0', 'epsilon': '1e-06', 'use_db': 'True', 'max_lr': 'None', 'l1_param_weight': 'None', 'filtered': 'False', 'name': 'wn_50/wn_MOMENTUM_253', 'totepochs': '50', 'l2_param_weight': 'None', 'train_path': 'data/wn/WN-train.pkl', 'op': 'TransE'}
INFO:root:Starting the Experiment ..
INFO:root:-- EPOCH 1 (3.132 seconds):
INFO:root:COST >> 3.0077 +/- 0.4318, % updates: 60.642%
INFO:root:-- EPOCH 2 (3.254 seconds):
INFO:root:COST >> 2.844 +/- 0.2598, % updates: 45.674%
INFO:root:-- EPOCH 3 (3.203 seconds):
INFO:root:COST >> 2.7045 +/- 0.244, % updates: 43.779%
INFO:root:-- EPOCH 4 (3.242 seconds):
INFO:root:COST >> 2.6448 +/- 0.2461, % updates: 43.225%
INFO:root:-- EPOCH 5 (3.233 seconds):
INFO:root:COST >> 2.6045 +/- 0.2549, % updates: 42.886%
INFO:root:-- EPOCH 6 (3.109 seconds):
INFO:root:COST >> 2.5824 +/- 0.2494, % updates: 42.644%
INFO:root:-- EPOCH 7 (3.1 seconds):
INFO:root:COST >> 2.5429 +/- 0.2403, % updates: 42.482%
INFO:root:-- EPOCH 8 (3.08 seconds):
INFO:root:COST >> 2.5182 +/- 0.2309, % updates: 42.341%
INFO:root:-- EPOCH 9 (3.134 seconds):
INFO:root:COST >> 2.491 +/- 0.2261, % updates: 42.068%
INFO:root:-- EPOCH 10 (3.129 seconds):
INFO:root:COST >> 2.4923 +/- 0.2259, % updates: 42.152%
INFO:root:-- EPOCH 11 (3.161 seconds):
INFO:root:COST >> 2.4712 +/- 0.2211, % updates: 42.028%
INFO:root:-- EPOCH 12 (3.234 seconds):
INFO:root:COST >> 2.4573 +/- 0.2115, % updates: 42.139%
INFO:root:-- EPOCH 13 (3.24 seconds):
INFO:root:COST >> 2.4407 +/- 0.227, % updates: 42.018%
INFO:root:-- EPOCH 14 (3.26 seconds):
INFO:root:COST >> 2.4286 +/- 0.2271, % updates: 42.063%
INFO:root:-- EPOCH 15 (3.104 seconds):
INFO:root:COST >> 2.4345 +/- 0.214, % updates: 42.119%
INFO:root:-- EPOCH 16 (3.239 seconds):
INFO:root:COST >> 2.425 +/- 0.2223, % updates: 42.022%
INFO:root:-- EPOCH 17 (3.145 seconds):
INFO:root:COST >> 2.4091 +/- 0.2149, % updates: 41.952%
INFO:root:-- EPOCH 18 (3.208 seconds):
INFO:root:COST >> 2.4001 +/- 0.2258, % updates: 41.968%
INFO:root:-- EPOCH 19 (3.156 seconds):
INFO:root:COST >> 2.391 +/- 0.2085, % updates: 41.974%
INFO:root:-- EPOCH 20 (3.261 seconds):
INFO:root:COST >> 2.3883 +/- 0.2169, % updates: 41.891%
INFO:root:-- EPOCH 21 (3.214 seconds):
INFO:root:COST >> 2.3744 +/- 0.2108, % updates: 41.819%
INFO:root:-- EPOCH 22 (3.148 seconds):
INFO:root:COST >> 2.3771 +/- 0.2083, % updates: 41.909%
INFO:root:-- EPOCH 23 (3.195 seconds):
INFO:root:COST >> 2.3724 +/- 0.2071, % updates: 41.891%
INFO:root:-- EPOCH 24 (3.114 seconds):
INFO:root:COST >> 2.3686 +/- 0.2127, % updates: 42.012%
INFO:root:-- EPOCH 25 (3.13 seconds):
INFO:root:COST >> 2.3674 +/- 0.2253, % updates: 41.951%
INFO:root:-- EPOCH 26 (3.181 seconds):
INFO:root:COST >> 2.3542 +/- 0.2195, % updates: 41.763%
INFO:root:-- EPOCH 27 (3.221 seconds):
INFO:root:COST >> 2.3524 +/- 0.2071, % updates: 41.976%
INFO:root:-- EPOCH 28 (3.223 seconds):
INFO:root:COST >> 2.3496 +/- 0.2073, % updates: 42.019%
INFO:root:-- EPOCH 29 (3.209 seconds):
INFO:root:COST >> 2.3561 +/- 0.212, % updates: 42.042%
INFO:root:-- EPOCH 30 (3.154 seconds):
INFO:root:COST >> 2.3433 +/- 0.2041, % updates: 41.981%
INFO:root:-- EPOCH 31 (3.267 seconds):
INFO:root:COST >> 2.3506 +/- 0.2122, % updates: 42.046%
INFO:root:-- EPOCH 32 (3.19 seconds):
INFO:root:COST >> 2.333 +/- 0.2046, % updates: 41.824%
INFO:root:-- EPOCH 33 (3.201 seconds):
INFO:root:COST >> 2.3371 +/- 0.204, % updates: 41.939%
INFO:root:-- EPOCH 34 (3.215 seconds):
INFO:root:COST >> 2.3373 +/- 0.2125, % updates: 42.039%
INFO:root:-- EPOCH 35 (3.199 seconds):
INFO:root:COST >> 2.3247 +/- 0.2008, % updates: 41.927%
INFO:root:-- EPOCH 36 (3.219 seconds):
INFO:root:COST >> 2.3249 +/- 0.2086, % updates: 41.973%
INFO:root:-- EPOCH 37 (3.207 seconds):
INFO:root:COST >> 2.3138 +/- 0.2092, % updates: 41.937%
INFO:root:-- EPOCH 38 (3.201 seconds):
INFO:root:COST >> 2.3151 +/- 0.2237, % updates: 41.882%
INFO:root:-- EPOCH 39 (3.218 seconds):
INFO:root:COST >> 2.311 +/- 0.2029, % updates: 41.979%
INFO:root:-- EPOCH 40 (3.122 seconds):
INFO:root:COST >> 2.307 +/- 0.2107, % updates: 41.836%
INFO:root:-- EPOCH 41 (3.214 seconds):
INFO:root:COST >> 2.3085 +/- 0.207, % updates: 41.895%
INFO:root:-- EPOCH 42 (3.113 seconds):
INFO:root:COST >> 2.3126 +/- 0.2211, % updates: 41.99%
INFO:root:-- EPOCH 43 (3.194 seconds):
INFO:root:COST >> 2.3063 +/- 0.2129, % updates: 41.934%
INFO:root:-- EPOCH 44 (3.077 seconds):
INFO:root:COST >> 2.3097 +/- 0.1962, % updates: 42.055%
INFO:root:-- EPOCH 45 (2.666 seconds):
INFO:root:COST >> 2.2834 +/- 0.1971, % updates: 41.755%
INFO:root:-- EPOCH 46 (2.888 seconds):
INFO:root:COST >> 2.3009 +/- 0.2122, % updates: 41.994%
INFO:root:-- EPOCH 47 (3.157 seconds):
INFO:root:COST >> 2.3047 +/- 0.2029, % updates: 42.034%
INFO:root:-- EPOCH 48 (3.239 seconds):
INFO:root:COST >> 2.2894 +/- 0.2135, % updates: 42.012%
INFO:root:-- EPOCH 49 (3.192 seconds):
INFO:root:COST >> 2.2919 +/- 0.2088, % updates: 41.981%
INFO:root:-- EPOCH 50 (3.207 seconds):
INFO:root:COST >> 2.2932 +/- 0.202, % updates: 42.019%
