INFO:root:Shape for training set: (40961, 141442)
INFO:root:State: {'ndim': '50', 'test_all': 'None', 'test_path': 'None', 'nhid': '50', 'lremb': '0.1', 'seed': '5', 'simfn': 'L1', 'valid_path': 'None', 'nbatches': '10', 'lrparam': '0.1', 'decay': '0.9', 'show_hinton_diagrams': 'False', 'no_rescaling': 'True', 'Nrel': '18', 'ranking_score_right': 'False', 'Nent': '40961', 'Nsyn': '40943', 'method': 'MOMENTUM', 'loss_margin': '1.0', 'C': '1.0', 'epsilon': '1e-06', 'use_db': 'True', 'max_lr': 'None', 'l1_param_weight': 'None', 'filtered': 'False', 'name': 'wn_50/wn_MOMENTUM_285', 'totepochs': '50', 'l2_param_weight': 'None', 'train_path': 'data/wn/WN-train.pkl', 'op': 'TransE'}
INFO:root:Starting the Experiment ..
INFO:root:-- EPOCH 1 (3.211 seconds):
INFO:root:COST >> 3.144 +/- 0.5255, % updates: 61.696%
INFO:root:-- EPOCH 2 (3.24 seconds):
INFO:root:COST >> 3.3935 +/- 0.413, % updates: 47.581%
INFO:root:-- EPOCH 3 (3.216 seconds):
INFO:root:COST >> 3.5685 +/- 0.4061, % updates: 47.197%
INFO:root:-- EPOCH 4 (3.156 seconds):
INFO:root:COST >> 3.6071 +/- 0.3886, % updates: 47.188%
INFO:root:-- EPOCH 5 (3.187 seconds):
INFO:root:COST >> 3.5997 +/- 0.3946, % updates: 47.007%
INFO:root:-- EPOCH 6 (3.215 seconds):
INFO:root:COST >> 3.6158 +/- 0.3951, % updates: 47.216%
INFO:root:-- EPOCH 7 (3.128 seconds):
INFO:root:COST >> 3.6149 +/- 0.3765, % updates: 47.227%
INFO:root:-- EPOCH 8 (3.201 seconds):
INFO:root:COST >> 3.6157 +/- 0.373, % updates: 47.21%
INFO:root:-- EPOCH 9 (3.217 seconds):
INFO:root:COST >> 3.6107 +/- 0.3761, % updates: 47.207%
INFO:root:-- EPOCH 10 (3.189 seconds):
INFO:root:COST >> 3.612 +/- 0.3754, % updates: 47.283%
INFO:root:-- EPOCH 11 (3.244 seconds):
INFO:root:COST >> 3.6193 +/- 0.3768, % updates: 47.185%
INFO:root:-- EPOCH 12 (3.21 seconds):
INFO:root:COST >> 3.6219 +/- 0.3928, % updates: 47.344%
INFO:root:-- EPOCH 13 (3.141 seconds):
INFO:root:COST >> 3.5973 +/- 0.3699, % updates: 47.143%
INFO:root:-- EPOCH 14 (3.12 seconds):
INFO:root:COST >> 3.5934 +/- 0.3705, % updates: 47.183%
INFO:root:-- EPOCH 15 (3.197 seconds):
INFO:root:COST >> 3.609 +/- 0.4034, % updates: 47.233%
INFO:root:-- EPOCH 16 (3.125 seconds):
INFO:root:COST >> 3.6177 +/- 0.3965, % updates: 47.177%
INFO:root:-- EPOCH 17 (3.162 seconds):
INFO:root:COST >> 3.6126 +/- 0.3974, % updates: 47.318%
INFO:root:-- EPOCH 18 (3.147 seconds):
INFO:root:COST >> 3.5999 +/- 0.3723, % updates: 47.072%
INFO:root:-- EPOCH 19 (3.108 seconds):
INFO:root:COST >> 3.6102 +/- 0.3969, % updates: 47.318%
INFO:root:-- EPOCH 20 (3.11 seconds):
INFO:root:COST >> 3.6158 +/- 0.3865, % updates: 47.243%
INFO:root:-- EPOCH 21 (3.192 seconds):
INFO:root:COST >> 3.5935 +/- 0.3915, % updates: 47.055%
INFO:root:-- EPOCH 22 (3.173 seconds):
INFO:root:COST >> 3.6025 +/- 0.3994, % updates: 46.983%
INFO:root:-- EPOCH 23 (3.236 seconds):
INFO:root:COST >> 3.5947 +/- 0.3741, % updates: 47.086%
INFO:root:-- EPOCH 24 (3.192 seconds):
INFO:root:COST >> 3.6131 +/- 0.4009, % updates: 47.307%
INFO:root:-- EPOCH 25 (3.232 seconds):
INFO:root:COST >> 3.597 +/- 0.384, % updates: 47.094%
INFO:root:-- EPOCH 26 (3.145 seconds):
INFO:root:COST >> 3.6107 +/- 0.3747, % updates: 47.391%
INFO:root:-- EPOCH 27 (3.127 seconds):
INFO:root:COST >> 3.6031 +/- 0.3801, % updates: 47.124%
INFO:root:-- EPOCH 28 (3.122 seconds):
INFO:root:COST >> 3.6123 +/- 0.3633, % updates: 47.136%
INFO:root:-- EPOCH 29 (3.239 seconds):
INFO:root:COST >> 3.59 +/- 0.3911, % updates: 47.149%
INFO:root:-- EPOCH 30 (3.117 seconds):
INFO:root:COST >> 3.5973 +/- 0.3872, % updates: 47.139%
INFO:root:-- EPOCH 31 (3.248 seconds):
INFO:root:COST >> 3.6162 +/- 0.3717, % updates: 47.179%
INFO:root:-- EPOCH 32 (3.169 seconds):
INFO:root:COST >> 3.6096 +/- 0.3915, % updates: 47.193%
INFO:root:-- EPOCH 33 (3.112 seconds):
INFO:root:COST >> 3.6 +/- 0.3894, % updates: 47.15%
INFO:root:-- EPOCH 34 (3.183 seconds):
INFO:root:COST >> 3.6116 +/- 0.3767, % updates: 47.203%
INFO:root:-- EPOCH 35 (3.148 seconds):
INFO:root:COST >> 3.6163 +/- 0.404, % updates: 47.233%
INFO:root:-- EPOCH 36 (3.166 seconds):
INFO:root:COST >> 3.6185 +/- 0.3798, % updates: 47.204%
INFO:root:-- EPOCH 37 (3.115 seconds):
INFO:root:COST >> 3.61 +/- 0.3845, % updates: 47.181%
INFO:root:-- EPOCH 38 (3.2 seconds):
INFO:root:COST >> 3.619 +/- 0.3996, % updates: 47.199%
INFO:root:-- EPOCH 39 (3.142 seconds):
INFO:root:COST >> 3.6003 +/- 0.3878, % updates: 47.273%
INFO:root:-- EPOCH 40 (3.205 seconds):
INFO:root:COST >> 3.6043 +/- 0.3913, % updates: 47.118%
INFO:root:-- EPOCH 41 (3.216 seconds):
INFO:root:COST >> 3.6128 +/- 0.3913, % updates: 47.331%
INFO:root:-- EPOCH 42 (3.126 seconds):
INFO:root:COST >> 3.6107 +/- 0.385, % updates: 47.272%
INFO:root:-- EPOCH 43 (3.122 seconds):
INFO:root:COST >> 3.6134 +/- 0.3772, % updates: 47.135%
INFO:root:-- EPOCH 44 (3.075 seconds):
INFO:root:COST >> 3.6217 +/- 0.3904, % updates: 47.22%
INFO:root:-- EPOCH 45 (2.734 seconds):
INFO:root:COST >> 3.6171 +/- 0.395, % updates: 47.272%
INFO:root:-- EPOCH 46 (2.751 seconds):
INFO:root:COST >> 3.6159 +/- 0.3856, % updates: 47.201%
INFO:root:-- EPOCH 47 (3.115 seconds):
INFO:root:COST >> 3.6063 +/- 0.3792, % updates: 47.236%
INFO:root:-- EPOCH 48 (3.097 seconds):
INFO:root:COST >> 3.5998 +/- 0.3994, % updates: 47.262%
INFO:root:-- EPOCH 49 (3.205 seconds):
INFO:root:COST >> 3.6068 +/- 0.3933, % updates: 47.236%
INFO:root:-- EPOCH 50 (3.197 seconds):
INFO:root:COST >> 3.6133 +/- 0.388, % updates: 47.244%
