INFO:root:Shape for training set: (40961, 141442)
INFO:root:State: {'ndim': '50', 'test_all': 'None', 'test_path': 'None', 'nhid': '50', 'lremb': '0.1', 'seed': '9', 'simfn': 'L1', 'valid_path': 'None', 'nbatches': '10', 'lrparam': '0.1', 'decay': '0.5', 'show_hinton_diagrams': 'False', 'no_rescaling': 'True', 'Nrel': '18', 'ranking_score_right': 'False', 'Nent': '40961', 'Nsyn': '40943', 'method': 'MOMENTUM', 'loss_margin': '1.0', 'C': '1.0', 'epsilon': '1e-06', 'use_db': 'True', 'max_lr': 'None', 'l1_param_weight': 'None', 'filtered': 'False', 'name': 'wn_50/wn_MOMENTUM_299', 'totepochs': '50', 'l2_param_weight': 'None', 'train_path': 'data/wn/WN-train.pkl', 'op': 'TransE'}
INFO:root:Starting the Experiment ..
INFO:root:-- EPOCH 1 (3.136 seconds):
INFO:root:COST >> 3.3414 +/- 0.6121, % updates: 60.559%
INFO:root:-- EPOCH 2 (3.264 seconds):
INFO:root:COST >> 3.8438 +/- 0.3699, % updates: 49.83%
INFO:root:-- EPOCH 3 (3.13 seconds):
INFO:root:COST >> 3.8813 +/- 0.3691, % updates: 49.747%
INFO:root:-- EPOCH 4 (3.779 seconds):
INFO:root:COST >> 3.8802 +/- 0.3613, % updates: 49.691%
INFO:root:-- EPOCH 5 (4.35 seconds):
INFO:root:COST >> 3.8885 +/- 0.3679, % updates: 49.72%
INFO:root:-- EPOCH 6 (4.101 seconds):
INFO:root:COST >> 3.8771 +/- 0.3517, % updates: 49.58%
INFO:root:-- EPOCH 7 (4.338 seconds):
INFO:root:COST >> 3.8836 +/- 0.3446, % updates: 49.688%
INFO:root:-- EPOCH 8 (4.161 seconds):
INFO:root:COST >> 3.8918 +/- 0.338, % updates: 49.809%
INFO:root:-- EPOCH 9 (4.19 seconds):
INFO:root:COST >> 3.8642 +/- 0.3466, % updates: 49.633%
INFO:root:-- EPOCH 10 (4.271 seconds):
INFO:root:COST >> 3.8779 +/- 0.3533, % updates: 49.657%
INFO:root:-- EPOCH 11 (4.253 seconds):
INFO:root:COST >> 3.875 +/- 0.3438, % updates: 49.722%
INFO:root:-- EPOCH 12 (4.405 seconds):
INFO:root:COST >> 3.8788 +/- 0.3361, % updates: 49.606%
INFO:root:-- EPOCH 13 (4.534 seconds):
INFO:root:COST >> 3.8769 +/- 0.3494, % updates: 49.771%
INFO:root:-- EPOCH 14 (4.366 seconds):
INFO:root:COST >> 3.8934 +/- 0.3461, % updates: 49.568%
INFO:root:-- EPOCH 15 (4.191 seconds):
INFO:root:COST >> 3.8806 +/- 0.3481, % updates: 49.702%
INFO:root:-- EPOCH 16 (4.49 seconds):
INFO:root:COST >> 3.8695 +/- 0.3453, % updates: 49.571%
INFO:root:-- EPOCH 17 (4.397 seconds):
INFO:root:COST >> 3.89 +/- 0.3539, % updates: 49.601%
INFO:root:-- EPOCH 18 (4.306 seconds):
INFO:root:COST >> 3.8825 +/- 0.3632, % updates: 49.636%
INFO:root:-- EPOCH 19 (4.389 seconds):
INFO:root:COST >> 3.8964 +/- 0.3453, % updates: 49.803%
INFO:root:-- EPOCH 20 (4.141 seconds):
INFO:root:COST >> 3.8701 +/- 0.3377, % updates: 49.701%
INFO:root:-- EPOCH 21 (4.313 seconds):
INFO:root:COST >> 3.884 +/- 0.3484, % updates: 49.604%
INFO:root:-- EPOCH 22 (4.202 seconds):
INFO:root:COST >> 3.8838 +/- 0.3452, % updates: 49.616%
INFO:root:-- EPOCH 23 (4.345 seconds):
INFO:root:COST >> 3.8817 +/- 0.3688, % updates: 49.743%
INFO:root:-- EPOCH 24 (4.259 seconds):
INFO:root:COST >> 3.8654 +/- 0.3453, % updates: 49.462%
INFO:root:-- EPOCH 25 (4.513 seconds):
INFO:root:COST >> 3.8564 +/- 0.3368, % updates: 49.598%
INFO:root:-- EPOCH 26 (4.535 seconds):
INFO:root:COST >> 3.878 +/- 0.3605, % updates: 49.701%
INFO:root:-- EPOCH 27 (4.365 seconds):
INFO:root:COST >> 3.8793 +/- 0.343, % updates: 49.763%
INFO:root:-- EPOCH 28 (4.092 seconds):
INFO:root:COST >> 3.8754 +/- 0.3677, % updates: 49.641%
INFO:root:-- EPOCH 29 (4.346 seconds):
INFO:root:COST >> 3.8648 +/- 0.3533, % updates: 49.595%
INFO:root:-- EPOCH 30 (4.167 seconds):
INFO:root:COST >> 3.8765 +/- 0.3714, % updates: 49.75%
INFO:root:-- EPOCH 31 (4.283 seconds):
INFO:root:COST >> 3.8797 +/- 0.3572, % updates: 49.629%
INFO:root:-- EPOCH 32 (4.258 seconds):
INFO:root:COST >> 3.8709 +/- 0.3538, % updates: 49.748%
INFO:root:-- EPOCH 33 (4.293 seconds):
INFO:root:COST >> 3.8767 +/- 0.3525, % updates: 49.762%
INFO:root:-- EPOCH 34 (4.558 seconds):
INFO:root:COST >> 3.8673 +/- 0.3467, % updates: 49.599%
INFO:root:-- EPOCH 35 (4.336 seconds):
INFO:root:COST >> 3.8833 +/- 0.3512, % updates: 49.641%
INFO:root:-- EPOCH 36 (4.196 seconds):
INFO:root:COST >> 3.8753 +/- 0.3678, % updates: 49.534%
INFO:root:-- EPOCH 37 (4.285 seconds):
INFO:root:COST >> 3.8861 +/- 0.3526, % updates: 49.598%
INFO:root:-- EPOCH 38 (4.297 seconds):
INFO:root:COST >> 3.8808 +/- 0.3643, % updates: 49.792%
INFO:root:-- EPOCH 39 (4.318 seconds):
INFO:root:COST >> 3.8863 +/- 0.3442, % updates: 49.706%
INFO:root:-- EPOCH 40 (4.278 seconds):
INFO:root:COST >> 3.8883 +/- 0.3272, % updates: 49.695%
INFO:root:-- EPOCH 41 (4.207 seconds):
INFO:root:COST >> 3.8734 +/- 0.347, % updates: 49.671%
INFO:root:-- EPOCH 42 (4.215 seconds):
INFO:root:COST >> 3.9024 +/- 0.3456, % updates: 49.644%
INFO:root:-- EPOCH 43 (3.785 seconds):
INFO:root:COST >> 3.878 +/- 0.33, % updates: 49.611%
INFO:root:-- EPOCH 44 (2.749 seconds):
INFO:root:COST >> 3.8556 +/- 0.3544, % updates: 49.61%
INFO:root:-- EPOCH 45 (3.145 seconds):
INFO:root:COST >> 3.872 +/- 0.3391, % updates: 49.573%
INFO:root:-- EPOCH 46 (3.254 seconds):
INFO:root:COST >> 3.8776 +/- 0.3559, % updates: 49.69%
INFO:root:-- EPOCH 47 (3.293 seconds):
INFO:root:COST >> 3.8763 +/- 0.351, % updates: 49.643%
INFO:root:-- EPOCH 48 (3.218 seconds):
INFO:root:COST >> 3.8892 +/- 0.3679, % updates: 49.718%
INFO:root:-- EPOCH 49 (3.209 seconds):
INFO:root:COST >> 3.8704 +/- 0.3581, % updates: 49.49%
INFO:root:-- EPOCH 50 (3.187 seconds):
INFO:root:COST >> 3.8809 +/- 0.3496, % updates: 49.648%
