INFO:root:Shape for training set: (40961, 141442)
INFO:root:State: {'ndim': '50', 'test_all': 'None', 'test_path': 'None', 'nhid': '50', 'lremb': '0.001', 'seed': '3', 'simfn': 'L1', 'valid_path': 'None', 'nbatches': '10', 'lrparam': '0.001', 'decay': '0.99', 'show_hinton_diagrams': 'False', 'no_rescaling': 'True', 'Nrel': '18', 'ranking_score_right': 'False', 'Nent': '40961', 'Nsyn': '40943', 'method': 'MOMENTUM', 'loss_margin': '1.0', 'C': '1.0', 'epsilon': '1e-06', 'use_db': 'True', 'max_lr': 'None', 'l1_param_weight': 'None', 'filtered': 'False', 'name': 'wn_50/wn_MOMENTUM_173', 'totepochs': '50', 'l2_param_weight': 'None', 'train_path': 'data/wn/WN-train.pkl', 'op': 'TransE'}
INFO:root:Starting the Experiment ..
INFO:root:-- EPOCH 1 (3.151 seconds):
INFO:root:COST >> 2.0428 +/- 0.1155, % updates: 73.799%
INFO:root:-- EPOCH 2 (3.277 seconds):
INFO:root:COST >> 1.5934 +/- 0.0398, % updates: 57.729%
INFO:root:-- EPOCH 3 (3.164 seconds):
INFO:root:COST >> 1.469 +/- 0.0371, % updates: 50.691%
INFO:root:-- EPOCH 4 (3.204 seconds):
INFO:root:COST >> 1.4586 +/- 0.0407, % updates: 47.689%
INFO:root:-- EPOCH 5 (3.117 seconds):
INFO:root:COST >> 1.4609 +/- 0.0442, % updates: 45.97%
INFO:root:-- EPOCH 6 (3.2 seconds):
INFO:root:COST >> 1.4726 +/- 0.0446, % updates: 44.982%
INFO:root:-- EPOCH 7 (3.116 seconds):
INFO:root:COST >> 1.4798 +/- 0.0363, % updates: 44.475%
INFO:root:-- EPOCH 8 (3.243 seconds):
INFO:root:COST >> 1.4943 +/- 0.0435, % updates: 44.388%
INFO:root:-- EPOCH 9 (3.203 seconds):
INFO:root:COST >> 1.4993 +/- 0.0366, % updates: 43.906%
INFO:root:-- EPOCH 10 (3.198 seconds):
INFO:root:COST >> 1.5117 +/- 0.044, % updates: 43.825%
INFO:root:-- EPOCH 11 (3.236 seconds):
INFO:root:COST >> 1.5332 +/- 0.0408, % updates: 43.366%
INFO:root:-- EPOCH 12 (3.202 seconds):
INFO:root:COST >> 1.5465 +/- 0.0416, % updates: 43.076%
INFO:root:-- EPOCH 13 (3.23 seconds):
INFO:root:COST >> 1.5555 +/- 0.0423, % updates: 42.647%
INFO:root:-- EPOCH 14 (3.197 seconds):
INFO:root:COST >> 1.5674 +/- 0.0363, % updates: 42.21%
INFO:root:-- EPOCH 15 (3.267 seconds):
INFO:root:COST >> 1.5846 +/- 0.0295, % updates: 42.091%
INFO:root:-- EPOCH 16 (3.212 seconds):
INFO:root:COST >> 1.6086 +/- 0.0416, % updates: 42.038%
INFO:root:-- EPOCH 17 (3.184 seconds):
INFO:root:COST >> 1.6245 +/- 0.0415, % updates: 41.611%
INFO:root:-- EPOCH 18 (3.156 seconds):
INFO:root:COST >> 1.6363 +/- 0.0447, % updates: 41.474%
INFO:root:-- EPOCH 19 (3.115 seconds):
INFO:root:COST >> 1.6453 +/- 0.0406, % updates: 41.217%
INFO:root:-- EPOCH 20 (3.139 seconds):
INFO:root:COST >> 1.6726 +/- 0.0485, % updates: 41.2%
INFO:root:-- EPOCH 21 (3.218 seconds):
INFO:root:COST >> 1.6832 +/- 0.0414, % updates: 41.002%
INFO:root:-- EPOCH 22 (3.233 seconds):
INFO:root:COST >> 1.7066 +/- 0.0353, % updates: 40.707%
INFO:root:-- EPOCH 23 (3.233 seconds):
INFO:root:COST >> 1.7196 +/- 0.0382, % updates: 40.757%
INFO:root:-- EPOCH 24 (3.257 seconds):
INFO:root:COST >> 1.7409 +/- 0.0462, % updates: 40.778%
INFO:root:-- EPOCH 25 (3.215 seconds):
INFO:root:COST >> 1.7528 +/- 0.0331, % updates: 40.429%
INFO:root:-- EPOCH 26 (3.179 seconds):
INFO:root:COST >> 1.7595 +/- 0.0522, % updates: 40.41%
INFO:root:-- EPOCH 27 (3.199 seconds):
INFO:root:COST >> 1.7779 +/- 0.0394, % updates: 40.259%
INFO:root:-- EPOCH 28 (3.238 seconds):
INFO:root:COST >> 1.7935 +/- 0.0273, % updates: 40.087%
INFO:root:-- EPOCH 29 (3.114 seconds):
INFO:root:COST >> 1.8103 +/- 0.0412, % updates: 40.219%
INFO:root:-- EPOCH 30 (3.124 seconds):
INFO:root:COST >> 1.8225 +/- 0.0408, % updates: 40.092%
INFO:root:-- EPOCH 31 (3.129 seconds):
INFO:root:COST >> 1.8354 +/- 0.0397, % updates: 40.08%
INFO:root:-- EPOCH 32 (3.159 seconds):
INFO:root:COST >> 1.8475 +/- 0.0386, % updates: 40.023%
INFO:root:-- EPOCH 33 (3.116 seconds):
INFO:root:COST >> 1.8503 +/- 0.041, % updates: 39.883%
INFO:root:-- EPOCH 34 (3.234 seconds):
INFO:root:COST >> 1.8678 +/- 0.0365, % updates: 39.753%
INFO:root:-- EPOCH 35 (3.258 seconds):
INFO:root:COST >> 1.8783 +/- 0.0328, % updates: 39.742%
INFO:root:-- EPOCH 36 (3.271 seconds):
INFO:root:COST >> 1.8897 +/- 0.0423, % updates: 39.676%
INFO:root:-- EPOCH 37 (3.243 seconds):
INFO:root:COST >> 1.8984 +/- 0.0308, % updates: 39.618%
INFO:root:-- EPOCH 38 (3.191 seconds):
INFO:root:COST >> 1.8963 +/- 0.0444, % updates: 39.542%
INFO:root:-- EPOCH 39 (3.162 seconds):
INFO:root:COST >> 1.9121 +/- 0.0383, % updates: 39.605%
INFO:root:-- EPOCH 40 (3.167 seconds):
INFO:root:COST >> 1.9174 +/- 0.033, % updates: 39.409%
INFO:root:-- EPOCH 41 (3.246 seconds):
INFO:root:COST >> 1.9282 +/- 0.044, % updates: 39.348%
INFO:root:-- EPOCH 42 (3.24 seconds):
INFO:root:COST >> 1.9369 +/- 0.048, % updates: 39.319%
INFO:root:-- EPOCH 43 (3.212 seconds):
INFO:root:COST >> 1.9335 +/- 0.0324, % updates: 39.248%
INFO:root:-- EPOCH 44 (3.103 seconds):
INFO:root:COST >> 1.9469 +/- 0.0304, % updates: 39.337%
INFO:root:-- EPOCH 45 (3.235 seconds):
INFO:root:COST >> 1.9451 +/- 0.0344, % updates: 39.07%
INFO:root:-- EPOCH 46 (3.151 seconds):
INFO:root:COST >> 1.9579 +/- 0.0446, % updates: 39.17%
INFO:root:-- EPOCH 47 (2.83 seconds):
INFO:root:COST >> 1.9703 +/- 0.0334, % updates: 39.287%
INFO:root:-- EPOCH 48 (2.808 seconds):
INFO:root:COST >> 1.9622 +/- 0.0443, % updates: 39.155%
INFO:root:-- EPOCH 49 (3.126 seconds):
INFO:root:COST >> 1.9715 +/- 0.0393, % updates: 39.103%
INFO:root:-- EPOCH 50 (3.211 seconds):
INFO:root:COST >> 1.9761 +/- 0.0411, % updates: 39.048%
