INFO:root:Shape for training set: (40961, 141442)
INFO:root:State: {'ndim': '50', 'test_all': 'None', 'test_path': 'None', 'nhid': '50', 'lremb': '0.1', 'seed': '7', 'simfn': 'L1', 'valid_path': 'None', 'nbatches': '10', 'lrparam': '0.1', 'decay': '0.9', 'show_hinton_diagrams': 'False', 'no_rescaling': 'True', 'Nrel': '18', 'ranking_score_right': 'False', 'Nent': '40961', 'Nsyn': '40943', 'method': 'MOMENTUM', 'loss_margin': '1.0', 'C': '1.0', 'epsilon': '1e-06', 'use_db': 'True', 'max_lr': 'None', 'l1_param_weight': 'None', 'filtered': 'False', 'name': 'wn_50/wn_MOMENTUM_287', 'totepochs': '50', 'l2_param_weight': 'None', 'train_path': 'data/wn/WN-train.pkl', 'op': 'TransE'}
INFO:root:Starting the Experiment ..
INFO:root:-- EPOCH 1 (3.139 seconds):
INFO:root:COST >> 3.2254 +/- 0.542, % updates: 62.283%
INFO:root:-- EPOCH 2 (3.214 seconds):
INFO:root:COST >> 3.4478 +/- 0.4401, % updates: 48.465%
INFO:root:-- EPOCH 3 (3.162 seconds):
INFO:root:COST >> 3.6156 +/- 0.4015, % updates: 48.171%
INFO:root:-- EPOCH 4 (3.257 seconds):
INFO:root:COST >> 3.6578 +/- 0.3877, % updates: 48.057%
INFO:root:-- EPOCH 5 (3.172 seconds):
INFO:root:COST >> 3.6465 +/- 0.3826, % updates: 48.154%
INFO:root:-- EPOCH 6 (3.154 seconds):
INFO:root:COST >> 3.6528 +/- 0.373, % updates: 48.096%
INFO:root:-- EPOCH 7 (3.277 seconds):
INFO:root:COST >> 3.6528 +/- 0.3843, % updates: 48.149%
INFO:root:-- EPOCH 8 (3.222 seconds):
INFO:root:COST >> 3.6437 +/- 0.3869, % updates: 47.923%
INFO:root:-- EPOCH 9 (3.229 seconds):
INFO:root:COST >> 3.6307 +/- 0.3872, % updates: 47.883%
INFO:root:-- EPOCH 10 (3.222 seconds):
INFO:root:COST >> 3.6528 +/- 0.3857, % updates: 48.07%
INFO:root:-- EPOCH 11 (3.174 seconds):
INFO:root:COST >> 3.6579 +/- 0.3676, % updates: 48.067%
INFO:root:-- EPOCH 12 (3.224 seconds):
INFO:root:COST >> 3.6555 +/- 0.3762, % updates: 48.107%
INFO:root:-- EPOCH 13 (3.11 seconds):
INFO:root:COST >> 3.6481 +/- 0.3878, % updates: 48.007%
INFO:root:-- EPOCH 14 (3.226 seconds):
INFO:root:COST >> 3.6425 +/- 0.3722, % updates: 47.969%
INFO:root:-- EPOCH 15 (3.215 seconds):
INFO:root:COST >> 3.6481 +/- 0.3867, % updates: 47.982%
INFO:root:-- EPOCH 16 (3.236 seconds):
INFO:root:COST >> 3.6551 +/- 0.3889, % updates: 47.944%
INFO:root:-- EPOCH 17 (3.27 seconds):
INFO:root:COST >> 3.6575 +/- 0.3607, % updates: 48.109%
INFO:root:-- EPOCH 18 (3.122 seconds):
INFO:root:COST >> 3.6639 +/- 0.3884, % updates: 48.159%
INFO:root:-- EPOCH 19 (3.224 seconds):
INFO:root:COST >> 3.6499 +/- 0.3915, % updates: 47.984%
INFO:root:-- EPOCH 20 (3.13 seconds):
INFO:root:COST >> 3.6453 +/- 0.3777, % updates: 48.016%
INFO:root:-- EPOCH 21 (3.214 seconds):
INFO:root:COST >> 3.6406 +/- 0.384, % updates: 47.974%
INFO:root:-- EPOCH 22 (3.127 seconds):
INFO:root:COST >> 3.6342 +/- 0.3988, % updates: 47.95%
INFO:root:-- EPOCH 23 (3.125 seconds):
INFO:root:COST >> 3.6483 +/- 0.383, % updates: 47.991%
INFO:root:-- EPOCH 24 (3.127 seconds):
INFO:root:COST >> 3.6731 +/- 0.3689, % updates: 48.18%
INFO:root:-- EPOCH 25 (3.207 seconds):
INFO:root:COST >> 3.6652 +/- 0.385, % updates: 48.246%
INFO:root:-- EPOCH 26 (3.14 seconds):
INFO:root:COST >> 3.6653 +/- 0.3837, % updates: 48.067%
INFO:root:-- EPOCH 27 (3.182 seconds):
INFO:root:COST >> 3.6545 +/- 0.3909, % updates: 48.077%
INFO:root:-- EPOCH 28 (3.093 seconds):
INFO:root:COST >> 3.6756 +/- 0.3735, % updates: 48.252%
INFO:root:-- EPOCH 29 (3.13 seconds):
INFO:root:COST >> 3.6525 +/- 0.3771, % updates: 48.143%
INFO:root:-- EPOCH 30 (3.133 seconds):
INFO:root:COST >> 3.6639 +/- 0.3944, % updates: 48.146%
INFO:root:-- EPOCH 31 (3.097 seconds):
INFO:root:COST >> 3.6592 +/- 0.3951, % updates: 48.194%
INFO:root:-- EPOCH 32 (3.127 seconds):
INFO:root:COST >> 3.6541 +/- 0.3865, % updates: 48.193%
INFO:root:-- EPOCH 33 (3.207 seconds):
INFO:root:COST >> 3.6381 +/- 0.3761, % updates: 47.963%
INFO:root:-- EPOCH 34 (3.112 seconds):
INFO:root:COST >> 3.6549 +/- 0.3727, % updates: 48.174%
INFO:root:-- EPOCH 35 (3.217 seconds):
INFO:root:COST >> 3.6503 +/- 0.3826, % updates: 48.097%
INFO:root:-- EPOCH 36 (3.149 seconds):
INFO:root:COST >> 3.6473 +/- 0.372, % updates: 48.039%
INFO:root:-- EPOCH 37 (3.249 seconds):
INFO:root:COST >> 3.6525 +/- 0.3888, % updates: 47.939%
INFO:root:-- EPOCH 38 (3.127 seconds):
INFO:root:COST >> 3.6471 +/- 0.3895, % updates: 48.085%
INFO:root:-- EPOCH 39 (3.12 seconds):
INFO:root:COST >> 3.6527 +/- 0.3771, % updates: 48.057%
INFO:root:-- EPOCH 40 (3.156 seconds):
INFO:root:COST >> 3.6557 +/- 0.3715, % updates: 48.026%
INFO:root:-- EPOCH 41 (3.145 seconds):
INFO:root:COST >> 3.6624 +/- 0.3786, % updates: 48.136%
INFO:root:-- EPOCH 42 (3.127 seconds):
INFO:root:COST >> 3.6514 +/- 0.3782, % updates: 48.103%
INFO:root:-- EPOCH 43 (3.13 seconds):
INFO:root:COST >> 3.6605 +/- 0.3901, % updates: 48.041%
INFO:root:-- EPOCH 44 (3.22 seconds):
INFO:root:COST >> 3.6659 +/- 0.3694, % updates: 48.141%
INFO:root:-- EPOCH 45 (2.883 seconds):
INFO:root:COST >> 3.663 +/- 0.3763, % updates: 48.173%
INFO:root:-- EPOCH 46 (2.745 seconds):
INFO:root:COST >> 3.6575 +/- 0.3821, % updates: 48.073%
INFO:root:-- EPOCH 47 (3.226 seconds):
INFO:root:COST >> 3.6472 +/- 0.3848, % updates: 48.067%
INFO:root:-- EPOCH 48 (3.164 seconds):
INFO:root:COST >> 3.6652 +/- 0.3945, % updates: 48.208%
INFO:root:-- EPOCH 49 (3.222 seconds):
INFO:root:COST >> 3.6658 +/- 0.3839, % updates: 48.056%
INFO:root:-- EPOCH 50 (3.285 seconds):
INFO:root:COST >> 3.6699 +/- 0.4035, % updates: 48.173%
