INFO:root:Shape for training set: (40961, 141442)
INFO:root:State: {'ndim': '50', 'test_all': 'None', 'test_path': 'None', 'nhid': '50', 'lremb': '10.0', 'seed': '0', 'simfn': 'L1', 'valid_path': 'None', 'nbatches': '10', 'lrparam': '10.0', 'decay': '0.9999', 'show_hinton_diagrams': 'False', 'no_rescaling': 'True', 'Nrel': '18', 'ranking_score_right': 'False', 'Nent': '40961', 'Nsyn': '40943', 'method': 'MOMENTUM', 'loss_margin': '1.0', 'C': '1.0', 'epsilon': '1e-06', 'use_db': 'True', 'max_lr': 'None', 'l1_param_weight': 'None', 'filtered': 'False', 'name': 'wn_50/wn_MOMENTUM_350', 'totepochs': '50', 'l2_param_weight': 'None', 'train_path': 'data/wn/WN-train.pkl', 'op': 'TransE'}
INFO:root:Starting the Experiment ..
INFO:root:-- EPOCH 1 (3.161 seconds):
INFO:root:COST >> 3.3071 +/- 0.4877, % updates: 61.931%
INFO:root:-- EPOCH 2 (3.228 seconds):
INFO:root:COST >> 3.0282 +/- 0.2567, % updates: 47.436%
INFO:root:-- EPOCH 3 (3.215 seconds):
INFO:root:COST >> 2.8555 +/- 0.2709, % updates: 45.308%
INFO:root:-- EPOCH 4 (3.218 seconds):
INFO:root:COST >> 2.7605 +/- 0.2688, % updates: 44.259%
INFO:root:-- EPOCH 5 (3.284 seconds):
INFO:root:COST >> 2.7052 +/- 0.2565, % updates: 43.894%
INFO:root:-- EPOCH 6 (3.135 seconds):
INFO:root:COST >> 2.6769 +/- 0.2527, % updates: 43.729%
INFO:root:-- EPOCH 7 (2.746 seconds):
INFO:root:COST >> 2.6344 +/- 0.2529, % updates: 43.38%
INFO:root:-- EPOCH 8 (3.15 seconds):
INFO:root:COST >> 2.6007 +/- 0.244, % updates: 43.16%
INFO:root:-- EPOCH 9 (3.258 seconds):
INFO:root:COST >> 2.6054 +/- 0.2479, % updates: 43.237%
INFO:root:-- EPOCH 10 (3.237 seconds):
INFO:root:COST >> 2.5726 +/- 0.2374, % updates: 42.988%
INFO:root:-- EPOCH 11 (3.209 seconds):
INFO:root:COST >> 2.5446 +/- 0.2338, % updates: 43.017%
INFO:root:-- EPOCH 12 (3.27 seconds):
INFO:root:COST >> 2.5337 +/- 0.2467, % updates: 42.847%
INFO:root:-- EPOCH 13 (3.245 seconds):
INFO:root:COST >> 2.5216 +/- 0.2422, % updates: 42.778%
INFO:root:-- EPOCH 14 (3.202 seconds):
INFO:root:COST >> 2.5072 +/- 0.2421, % updates: 42.858%
INFO:root:-- EPOCH 15 (3.153 seconds):
INFO:root:COST >> 2.4897 +/- 0.2165, % updates: 42.666%
INFO:root:-- EPOCH 16 (3.107 seconds):
INFO:root:COST >> 2.4929 +/- 0.2315, % updates: 42.849%
INFO:root:-- EPOCH 17 (3.128 seconds):
INFO:root:COST >> 2.4819 +/- 0.2334, % updates: 42.747%
INFO:root:-- EPOCH 18 (3.18 seconds):
INFO:root:COST >> 2.4644 +/- 0.2294, % updates: 42.634%
INFO:root:-- EPOCH 19 (3.149 seconds):
INFO:root:COST >> 2.4575 +/- 0.2327, % updates: 42.512%
INFO:root:-- EPOCH 20 (3.157 seconds):
INFO:root:COST >> 2.4446 +/- 0.2468, % updates: 42.587%
INFO:root:-- EPOCH 21 (3.259 seconds):
INFO:root:COST >> 2.4503 +/- 0.2441, % updates: 42.617%
INFO:root:-- EPOCH 22 (3.127 seconds):
INFO:root:COST >> 2.4367 +/- 0.232, % updates: 42.508%
INFO:root:-- EPOCH 23 (3.202 seconds):
INFO:root:COST >> 2.4332 +/- 0.2284, % updates: 42.604%
INFO:root:-- EPOCH 24 (3.108 seconds):
INFO:root:COST >> 2.4264 +/- 0.229, % updates: 42.449%
INFO:root:-- EPOCH 25 (3.186 seconds):
INFO:root:COST >> 2.4255 +/- 0.2227, % updates: 42.587%
INFO:root:-- EPOCH 26 (3.203 seconds):
INFO:root:COST >> 2.4059 +/- 0.218, % updates: 42.488%
INFO:root:-- EPOCH 27 (3.258 seconds):
INFO:root:COST >> 2.4054 +/- 0.2287, % updates: 42.397%
INFO:root:-- EPOCH 28 (3.162 seconds):
INFO:root:COST >> 2.4107 +/- 0.2238, % updates: 42.55%
INFO:root:-- EPOCH 29 (3.205 seconds):
INFO:root:COST >> 2.4099 +/- 0.2151, % updates: 42.588%
INFO:root:-- EPOCH 30 (3.226 seconds):
INFO:root:COST >> 2.4046 +/- 0.2207, % updates: 42.622%
INFO:root:-- EPOCH 31 (3.21 seconds):
INFO:root:COST >> 2.3968 +/- 0.226, % updates: 42.595%
INFO:root:-- EPOCH 32 (3.108 seconds):
INFO:root:COST >> 2.3983 +/- 0.2323, % updates: 42.581%
INFO:root:-- EPOCH 33 (3.252 seconds):
INFO:root:COST >> 2.3918 +/- 0.2202, % updates: 42.543%
INFO:root:-- EPOCH 34 (3.148 seconds):
INFO:root:COST >> 2.3857 +/- 0.2352, % updates: 42.596%
INFO:root:-- EPOCH 35 (3.15 seconds):
INFO:root:COST >> 2.3805 +/- 0.2132, % updates: 42.574%
INFO:root:-- EPOCH 36 (3.136 seconds):
INFO:root:COST >> 2.3804 +/- 0.2174, % updates: 42.488%
INFO:root:-- EPOCH 37 (3.168 seconds):
INFO:root:COST >> 2.3783 +/- 0.2164, % updates: 42.447%
INFO:root:-- EPOCH 38 (3.228 seconds):
INFO:root:COST >> 2.376 +/- 0.2133, % updates: 42.568%
INFO:root:-- EPOCH 39 (3.156 seconds):
INFO:root:COST >> 2.3767 +/- 0.2192, % updates: 42.609%
INFO:root:-- EPOCH 40 (3.219 seconds):
INFO:root:COST >> 2.3749 +/- 0.2139, % updates: 42.667%
INFO:root:-- EPOCH 41 (3.163 seconds):
INFO:root:COST >> 2.3617 +/- 0.2051, % updates: 42.504%
INFO:root:-- EPOCH 42 (3.243 seconds):
INFO:root:COST >> 2.3618 +/- 0.2166, % updates: 42.514%
INFO:root:-- EPOCH 43 (3.23 seconds):
INFO:root:COST >> 2.3674 +/- 0.2203, % updates: 42.545%
INFO:root:-- EPOCH 44 (3.233 seconds):
INFO:root:COST >> 2.3573 +/- 0.2121, % updates: 42.615%
INFO:root:-- EPOCH 45 (3.26 seconds):
INFO:root:COST >> 2.361 +/- 0.2229, % updates: 42.619%
INFO:root:-- EPOCH 46 (3.146 seconds):
INFO:root:COST >> 2.352 +/- 0.2172, % updates: 42.457%
INFO:root:-- EPOCH 47 (3.134 seconds):
INFO:root:COST >> 2.3495 +/- 0.2189, % updates: 42.557%
INFO:root:-- EPOCH 48 (3.126 seconds):
INFO:root:COST >> 2.3498 +/- 0.2103, % updates: 42.457%
INFO:root:-- EPOCH 49 (3.119 seconds):
INFO:root:COST >> 2.3475 +/- 0.2173, % updates: 42.505%
INFO:root:-- EPOCH 50 (3.139 seconds):
INFO:root:COST >> 2.3425 +/- 0.2156, % updates: 42.356%
