INFO:root:Shape for training set: (40961, 141442)
INFO:root:State: {'ndim': '50', 'test_all': 'None', 'test_path': 'None', 'nhid': '50', 'lremb': '0.01', 'seed': '9', 'simfn': 'L1', 'valid_path': 'None', 'nbatches': '10', 'lrparam': '0.01', 'decay': '0.999', 'show_hinton_diagrams': 'False', 'no_rescaling': 'True', 'Nrel': '18', 'ranking_score_right': 'False', 'Nent': '40961', 'Nsyn': '40943', 'method': 'MOMENTUM', 'loss_margin': '1.0', 'C': '1.0', 'epsilon': '1e-06', 'use_db': 'True', 'max_lr': 'None', 'l1_param_weight': 'None', 'filtered': 'False', 'name': 'wn_50/wn_MOMENTUM_219', 'totepochs': '50', 'l2_param_weight': 'None', 'train_path': 'data/wn/WN-train.pkl', 'op': 'TransE'}
INFO:root:Starting the Experiment ..
INFO:root:-- EPOCH 1 (3.129 seconds):
INFO:root:COST >> 2.267 +/- 0.1665, % updates: 66.262%
INFO:root:-- EPOCH 2 (3.26 seconds):
INFO:root:COST >> 2.2325 +/- 0.2251, % updates: 46.972%
INFO:root:-- EPOCH 3 (3.241 seconds):
INFO:root:COST >> 2.22 +/- 0.1763, % updates: 43.578%
INFO:root:-- EPOCH 4 (3.237 seconds):
INFO:root:COST >> 2.1894 +/- 0.1844, % updates: 42.763%
INFO:root:-- EPOCH 5 (3.139 seconds):
INFO:root:COST >> 2.1829 +/- 0.1797, % updates: 42.529%
INFO:root:-- EPOCH 6 (3.173 seconds):
INFO:root:COST >> 2.1721 +/- 0.177, % updates: 42.335%
INFO:root:-- EPOCH 7 (3.148 seconds):
INFO:root:COST >> 2.1498 +/- 0.1703, % updates: 42.121%
INFO:root:-- EPOCH 8 (3.201 seconds):
INFO:root:COST >> 2.1486 +/- 0.1601, % updates: 41.798%
INFO:root:-- EPOCH 9 (3.247 seconds):
INFO:root:COST >> 2.1463 +/- 0.1703, % updates: 41.933%
INFO:root:-- EPOCH 10 (3.183 seconds):
INFO:root:COST >> 2.1414 +/- 0.1676, % updates: 41.882%
INFO:root:-- EPOCH 11 (3.121 seconds):
INFO:root:COST >> 2.132 +/- 0.1704, % updates: 41.684%
INFO:root:-- EPOCH 12 (3.215 seconds):
INFO:root:COST >> 2.125 +/- 0.1634, % updates: 41.78%
INFO:root:-- EPOCH 13 (3.157 seconds):
INFO:root:COST >> 2.1365 +/- 0.1752, % updates: 41.745%
INFO:root:-- EPOCH 14 (3.162 seconds):
INFO:root:COST >> 2.1247 +/- 0.1654, % updates: 41.656%
INFO:root:-- EPOCH 15 (3.249 seconds):
INFO:root:COST >> 2.1171 +/- 0.1691, % updates: 41.591%
INFO:root:-- EPOCH 16 (3.129 seconds):
INFO:root:COST >> 2.1242 +/- 0.1769, % updates: 41.626%
INFO:root:-- EPOCH 17 (3.238 seconds):
INFO:root:COST >> 2.118 +/- 0.1722, % updates: 41.516%
INFO:root:-- EPOCH 18 (3.258 seconds):
INFO:root:COST >> 2.1193 +/- 0.1792, % updates: 41.684%
INFO:root:-- EPOCH 19 (3.243 seconds):
INFO:root:COST >> 2.121 +/- 0.1769, % updates: 41.652%
INFO:root:-- EPOCH 20 (3.138 seconds):
INFO:root:COST >> 2.11 +/- 0.1605, % updates: 41.443%
INFO:root:-- EPOCH 21 (3.222 seconds):
INFO:root:COST >> 2.1189 +/- 0.1546, % updates: 41.63%
INFO:root:-- EPOCH 22 (3.285 seconds):
INFO:root:COST >> 2.1187 +/- 0.1614, % updates: 41.451%
INFO:root:-- EPOCH 23 (3.134 seconds):
INFO:root:COST >> 2.1083 +/- 0.1755, % updates: 41.449%
INFO:root:-- EPOCH 24 (3.179 seconds):
INFO:root:COST >> 2.1072 +/- 0.1712, % updates: 41.328%
INFO:root:-- EPOCH 25 (3.151 seconds):
INFO:root:COST >> 2.1082 +/- 0.1631, % updates: 41.412%
INFO:root:-- EPOCH 26 (3.202 seconds):
INFO:root:COST >> 2.1199 +/- 0.1712, % updates: 41.364%
INFO:root:-- EPOCH 27 (3.122 seconds):
INFO:root:COST >> 2.1114 +/- 0.1571, % updates: 41.409%
INFO:root:-- EPOCH 28 (3.209 seconds):
INFO:root:COST >> 2.1124 +/- 0.1706, % updates: 41.345%
INFO:root:-- EPOCH 29 (3.18 seconds):
INFO:root:COST >> 2.114 +/- 0.1659, % updates: 41.526%
INFO:root:-- EPOCH 30 (3.2 seconds):
INFO:root:COST >> 2.1197 +/- 0.1791, % updates: 41.393%
INFO:root:-- EPOCH 31 (3.265 seconds):
INFO:root:COST >> 2.1108 +/- 0.1731, % updates: 41.298%
INFO:root:-- EPOCH 32 (3.264 seconds):
INFO:root:COST >> 2.1117 +/- 0.1759, % updates: 41.296%
INFO:root:-- EPOCH 33 (3.149 seconds):
INFO:root:COST >> 2.1208 +/- 0.1652, % updates: 41.461%
INFO:root:-- EPOCH 34 (3.214 seconds):
INFO:root:COST >> 2.1221 +/- 0.1722, % updates: 41.429%
INFO:root:-- EPOCH 35 (3.216 seconds):
INFO:root:COST >> 2.1214 +/- 0.1798, % updates: 41.237%
INFO:root:-- EPOCH 36 (3.219 seconds):
INFO:root:COST >> 2.1276 +/- 0.1758, % updates: 41.32%
INFO:root:-- EPOCH 37 (3.154 seconds):
INFO:root:COST >> 2.1301 +/- 0.1652, % updates: 41.447%
INFO:root:-- EPOCH 38 (3.225 seconds):
INFO:root:COST >> 2.1188 +/- 0.1755, % updates: 41.283%
INFO:root:-- EPOCH 39 (3.114 seconds):
INFO:root:COST >> 2.1192 +/- 0.1726, % updates: 41.297%
INFO:root:-- EPOCH 40 (3.219 seconds):
INFO:root:COST >> 2.1219 +/- 0.1729, % updates: 41.214%
INFO:root:-- EPOCH 41 (3.16 seconds):
INFO:root:COST >> 2.1296 +/- 0.1671, % updates: 41.231%
INFO:root:-- EPOCH 42 (3.259 seconds):
INFO:root:COST >> 2.1352 +/- 0.1679, % updates: 41.339%
INFO:root:-- EPOCH 43 (3.254 seconds):
INFO:root:COST >> 2.1256 +/- 0.1673, % updates: 41.151%
INFO:root:-- EPOCH 44 (3.458 seconds):
INFO:root:COST >> 2.1315 +/- 0.1791, % updates: 41.208%
INFO:root:-- EPOCH 45 (3.105 seconds):
INFO:root:COST >> 2.1224 +/- 0.1631, % updates: 41.179%
INFO:root:-- EPOCH 46 (3.189 seconds):
INFO:root:COST >> 2.1361 +/- 0.1664, % updates: 41.341%
INFO:root:-- EPOCH 47 (3.193 seconds):
INFO:root:COST >> 2.13 +/- 0.1689, % updates: 41.111%
INFO:root:-- EPOCH 48 (3.206 seconds):
INFO:root:COST >> 2.1395 +/- 0.1798, % updates: 41.219%
INFO:root:-- EPOCH 49 (3.252 seconds):
INFO:root:COST >> 2.1345 +/- 0.1706, % updates: 41.27%
INFO:root:-- EPOCH 50 (3.246 seconds):
INFO:root:COST >> 2.1384 +/- 0.1668, % updates: 41.207%
