INFO:root:Shape for training set: (40961, 141442)
INFO:root:State: {'ndim': '50', 'test_all': 'None', 'test_path': 'None', 'nhid': '50', 'lremb': '1e-05', 'seed': '5', 'simfn': 'L1', 'valid_path': 'None', 'nbatches': '10', 'lrparam': '1e-05', 'decay': '0.999', 'show_hinton_diagrams': 'False', 'no_rescaling': 'True', 'Nrel': '18', 'ranking_score_right': 'False', 'Nent': '40961', 'Nsyn': '40943', 'method': 'MOMENTUM', 'loss_margin': '1.0', 'C': '1.0', 'epsilon': '1e-06', 'use_db': 'True', 'max_lr': 'None', 'l1_param_weight': 'None', 'filtered': 'False', 'name': 'wn_50/wn_MOMENTUM_65', 'totepochs': '50', 'l2_param_weight': 'None', 'train_path': 'data/wn/WN-train.pkl', 'op': 'TransE'}
INFO:root:Starting the Experiment ..
INFO:root:-- EPOCH 1 (3.348 seconds):
INFO:root:COST >> 2.2098 +/- 0.0125, % updates: 81.711%
INFO:root:-- EPOCH 2 (3.407 seconds):
INFO:root:COST >> 2.1319 +/- 0.0314, % updates: 80.839%
INFO:root:-- EPOCH 3 (3.374 seconds):
INFO:root:COST >> 2.0453 +/- 0.0275, % updates: 78.822%
INFO:root:-- EPOCH 4 (3.361 seconds):
INFO:root:COST >> 1.9658 +/- 0.0183, % updates: 76.175%
INFO:root:-- EPOCH 5 (3.366 seconds):
INFO:root:COST >> 1.8729 +/- 0.0217, % updates: 73.54%
INFO:root:-- EPOCH 6 (3.358 seconds):
INFO:root:COST >> 1.7678 +/- 0.035, % updates: 71.511%
INFO:root:-- EPOCH 7 (3.365 seconds):
INFO:root:COST >> 1.6457 +/- 0.0295, % updates: 69.356%
INFO:root:-- EPOCH 8 (3.434 seconds):
INFO:root:COST >> 1.5234 +/- 0.0307, % updates: 66.583%
INFO:root:-- EPOCH 9 (3.322 seconds):
INFO:root:COST >> 1.4013 +/- 0.0346, % updates: 63.501%
INFO:root:-- EPOCH 10 (3.417 seconds):
INFO:root:COST >> 1.2774 +/- 0.0346, % updates: 59.952%
INFO:root:-- EPOCH 11 (3.332 seconds):
INFO:root:COST >> 1.1646 +/- 0.0307, % updates: 56.795%
INFO:root:-- EPOCH 12 (3.355 seconds):
INFO:root:COST >> 1.0503 +/- 0.0284, % updates: 53.322%
INFO:root:-- EPOCH 13 (3.364 seconds):
INFO:root:COST >> 0.9436 +/- 0.0326, % updates: 49.85%
INFO:root:-- EPOCH 14 (3.348 seconds):
INFO:root:COST >> 0.8433 +/- 0.0284, % updates: 46.404%
INFO:root:-- EPOCH 15 (3.333 seconds):
INFO:root:COST >> 0.7645 +/- 0.0203, % updates: 43.308%
INFO:root:-- EPOCH 16 (3.403 seconds):
INFO:root:COST >> 0.6892 +/- 0.0211, % updates: 40.19%
INFO:root:-- EPOCH 17 (3.354 seconds):
INFO:root:COST >> 0.6309 +/- 0.0137, % updates: 37.3%
INFO:root:-- EPOCH 18 (3.293 seconds):
INFO:root:COST >> 0.5904 +/- 0.0134, % updates: 35.256%
INFO:root:-- EPOCH 19 (3.401 seconds):
INFO:root:COST >> 0.5397 +/- 0.0119, % updates: 32.698%
INFO:root:-- EPOCH 20 (3.336 seconds):
INFO:root:COST >> 0.5065 +/- 0.0125, % updates: 31.077%
INFO:root:-- EPOCH 21 (3.395 seconds):
INFO:root:COST >> 0.4818 +/- 0.0085, % updates: 29.632%
INFO:root:-- EPOCH 22 (3.417 seconds):
INFO:root:COST >> 0.4563 +/- 0.0075, % updates: 28.433%
INFO:root:-- EPOCH 23 (3.402 seconds):
INFO:root:COST >> 0.4361 +/- 0.0059, % updates: 27.07%
INFO:root:-- EPOCH 24 (3.374 seconds):
INFO:root:COST >> 0.4195 +/- 0.0062, % updates: 26.299%
INFO:root:-- EPOCH 25 (3.292 seconds):
INFO:root:COST >> 0.403 +/- 0.0089, % updates: 25.361%
INFO:root:-- EPOCH 26 (3.407 seconds):
INFO:root:COST >> 0.3912 +/- 0.0081, % updates: 24.854%
INFO:root:-- EPOCH 27 (3.301 seconds):
INFO:root:COST >> 0.3819 +/- 0.005, % updates: 24.756%
INFO:root:-- EPOCH 28 (3.289 seconds):
INFO:root:COST >> 0.3728 +/- 0.0072, % updates: 24.333%
INFO:root:-- EPOCH 29 (3.295 seconds):
INFO:root:COST >> 0.3554 +/- 0.0035, % updates: 23.332%
INFO:root:-- EPOCH 30 (3.443 seconds):
INFO:root:COST >> 0.3458 +/- 0.0084, % updates: 22.992%
INFO:root:-- EPOCH 31 (3.426 seconds):
INFO:root:COST >> 0.3368 +/- 0.0043, % updates: 22.849%
INFO:root:-- EPOCH 32 (3.46 seconds):
INFO:root:COST >> 0.3298 +/- 0.0059, % updates: 22.585%
INFO:root:-- EPOCH 33 (3.394 seconds):
INFO:root:COST >> 0.3163 +/- 0.0038, % updates: 21.82%
INFO:root:-- EPOCH 34 (3.413 seconds):
INFO:root:COST >> 0.3141 +/- 0.0066, % updates: 22.184%
INFO:root:-- EPOCH 35 (3.412 seconds):
INFO:root:COST >> 0.3001 +/- 0.0084, % updates: 21.564%
INFO:root:-- EPOCH 36 (3.355 seconds):
INFO:root:COST >> 0.2884 +/- 0.0046, % updates: 21.114%
INFO:root:-- EPOCH 37 (3.363 seconds):
INFO:root:COST >> 0.272 +/- 0.0085, % updates: 20.316%
INFO:root:-- EPOCH 38 (3.35 seconds):
INFO:root:COST >> 0.2713 +/- 0.0035, % updates: 20.315%
INFO:root:-- EPOCH 39 (3.404 seconds):
INFO:root:COST >> 0.259 +/- 0.0105, % updates: 19.649%
INFO:root:-- EPOCH 40 (3.415 seconds):
INFO:root:COST >> 0.2462 +/- 0.0039, % updates: 19.265%
INFO:root:-- EPOCH 41 (3.36 seconds):
INFO:root:COST >> 0.2405 +/- 0.0052, % updates: 19.099%
INFO:root:-- EPOCH 42 (3.389 seconds):
INFO:root:COST >> 0.2274 +/- 0.0046, % updates: 18.252%
INFO:root:-- EPOCH 43 (3.307 seconds):
INFO:root:COST >> 0.2205 +/- 0.0038, % updates: 17.928%
INFO:root:-- EPOCH 44 (3.421 seconds):
INFO:root:COST >> 0.2055 +/- 0.0044, % updates: 17.132%
INFO:root:-- EPOCH 45 (3.339 seconds):
INFO:root:COST >> 0.1971 +/- 0.0031, % updates: 16.851%
INFO:root:-- EPOCH 46 (3.314 seconds):
INFO:root:COST >> 0.1922 +/- 0.0045, % updates: 16.623%
INFO:root:-- EPOCH 47 (3.282 seconds):
INFO:root:COST >> 0.1791 +/- 0.0026, % updates: 15.848%
INFO:root:-- EPOCH 48 (3.355 seconds):
INFO:root:COST >> 0.1741 +/- 0.0029, % updates: 15.391%
INFO:root:-- EPOCH 49 (3.273 seconds):
INFO:root:COST >> 0.1686 +/- 0.0031, % updates: 14.918%
INFO:root:-- EPOCH 50 (2.842 seconds):
INFO:root:COST >> 0.1587 +/- 0.0046, % updates: 14.268%
