INFO:root:Shape for training set: (40961, 141442)
INFO:root:State: {'ndim': '50', 'test_all': 'None', 'test_path': 'None', 'nhid': '50', 'lremb': '0.001', 'seed': '4', 'simfn': 'L1', 'valid_path': 'None', 'nbatches': '10', 'lrparam': '0.001', 'decay': '0.999', 'show_hinton_diagrams': 'False', 'no_rescaling': 'True', 'Nrel': '18', 'ranking_score_right': 'False', 'Nent': '40961', 'Nsyn': '40943', 'method': 'MOMENTUM', 'loss_margin': '1.0', 'C': '1.0', 'epsilon': '1e-06', 'use_db': 'True', 'max_lr': 'None', 'l1_param_weight': 'None', 'filtered': 'False', 'name': 'wn_50/wn_MOMENTUM_164', 'totepochs': '50', 'l2_param_weight': 'None', 'train_path': 'data/wn/WN-train.pkl', 'op': 'TransE'}
INFO:root:Starting the Experiment ..
INFO:root:-- EPOCH 1 (3.123 seconds):
INFO:root:COST >> 2.0451 +/- 0.1083, % updates: 73.42%
INFO:root:-- EPOCH 2 (3.244 seconds):
INFO:root:COST >> 1.608 +/- 0.0361, % updates: 57.647%
INFO:root:-- EPOCH 3 (3.106 seconds):
INFO:root:COST >> 1.4928 +/- 0.0457, % updates: 50.476%
INFO:root:-- EPOCH 4 (2.733 seconds):
INFO:root:COST >> 1.5038 +/- 0.0441, % updates: 47.375%
INFO:root:-- EPOCH 5 (3.134 seconds):
INFO:root:COST >> 1.5074 +/- 0.0412, % updates: 45.752%
INFO:root:-- EPOCH 6 (3.177 seconds):
INFO:root:COST >> 1.5077 +/- 0.0408, % updates: 45.053%
INFO:root:-- EPOCH 7 (3.174 seconds):
INFO:root:COST >> 1.506 +/- 0.0392, % updates: 44.532%
INFO:root:-- EPOCH 8 (3.257 seconds):
INFO:root:COST >> 1.4981 +/- 0.0378, % updates: 44.188%
INFO:root:-- EPOCH 9 (3.113 seconds):
INFO:root:COST >> 1.5036 +/- 0.0396, % updates: 44.151%
INFO:root:-- EPOCH 10 (3.145 seconds):
INFO:root:COST >> 1.5057 +/- 0.0371, % updates: 44.199%
INFO:root:-- EPOCH 11 (3.149 seconds):
INFO:root:COST >> 1.4983 +/- 0.0359, % updates: 43.926%
INFO:root:-- EPOCH 12 (3.232 seconds):
INFO:root:COST >> 1.501 +/- 0.0412, % updates: 43.785%
INFO:root:-- EPOCH 13 (3.194 seconds):
INFO:root:COST >> 1.4961 +/- 0.0451, % updates: 43.764%
INFO:root:-- EPOCH 14 (3.184 seconds):
INFO:root:COST >> 1.4999 +/- 0.038, % updates: 43.629%
INFO:root:-- EPOCH 15 (3.149 seconds):
INFO:root:COST >> 1.4964 +/- 0.038, % updates: 43.64%
INFO:root:-- EPOCH 16 (3.151 seconds):
INFO:root:COST >> 1.4934 +/- 0.0339, % updates: 43.535%
INFO:root:-- EPOCH 17 (3.117 seconds):
INFO:root:COST >> 1.4951 +/- 0.0354, % updates: 43.602%
INFO:root:-- EPOCH 18 (3.148 seconds):
INFO:root:COST >> 1.4978 +/- 0.0441, % updates: 43.532%
INFO:root:-- EPOCH 19 (3.176 seconds):
INFO:root:COST >> 1.4991 +/- 0.029, % updates: 43.584%
INFO:root:-- EPOCH 20 (3.261 seconds):
INFO:root:COST >> 1.5019 +/- 0.0406, % updates: 43.418%
INFO:root:-- EPOCH 21 (3.279 seconds):
INFO:root:COST >> 1.5054 +/- 0.0382, % updates: 43.552%
INFO:root:-- EPOCH 22 (3.176 seconds):
INFO:root:COST >> 1.5073 +/- 0.0447, % updates: 43.553%
INFO:root:-- EPOCH 23 (3.161 seconds):
INFO:root:COST >> 1.5084 +/- 0.0332, % updates: 43.368%
INFO:root:-- EPOCH 24 (3.192 seconds):
INFO:root:COST >> 1.5176 +/- 0.0366, % updates: 43.492%
INFO:root:-- EPOCH 25 (3.148 seconds):
INFO:root:COST >> 1.514 +/- 0.0385, % updates: 43.326%
INFO:root:-- EPOCH 26 (3.284 seconds):
INFO:root:COST >> 1.5145 +/- 0.0429, % updates: 43.323%
INFO:root:-- EPOCH 27 (3.257 seconds):
INFO:root:COST >> 1.5216 +/- 0.04, % updates: 43.358%
INFO:root:-- EPOCH 28 (3.25 seconds):
INFO:root:COST >> 1.5232 +/- 0.0418, % updates: 43.326%
INFO:root:-- EPOCH 29 (3.226 seconds):
INFO:root:COST >> 1.5346 +/- 0.0301, % updates: 43.465%
INFO:root:-- EPOCH 30 (3.152 seconds):
INFO:root:COST >> 1.5322 +/- 0.038, % updates: 43.356%
INFO:root:-- EPOCH 31 (3.17 seconds):
INFO:root:COST >> 1.5369 +/- 0.0396, % updates: 43.335%
INFO:root:-- EPOCH 32 (3.109 seconds):
INFO:root:COST >> 1.5337 +/- 0.0288, % updates: 43.257%
INFO:root:-- EPOCH 33 (3.122 seconds):
INFO:root:COST >> 1.5369 +/- 0.037, % updates: 43.229%
INFO:root:-- EPOCH 34 (3.129 seconds):
INFO:root:COST >> 1.5372 +/- 0.0389, % updates: 43.051%
INFO:root:-- EPOCH 35 (3.136 seconds):
INFO:root:COST >> 1.5398 +/- 0.0368, % updates: 43.039%
INFO:root:-- EPOCH 36 (3.154 seconds):
INFO:root:COST >> 1.5497 +/- 0.0391, % updates: 43.23%
INFO:root:-- EPOCH 37 (3.167 seconds):
INFO:root:COST >> 1.5514 +/- 0.0441, % updates: 43.038%
INFO:root:-- EPOCH 38 (3.234 seconds):
INFO:root:COST >> 1.5481 +/- 0.0348, % updates: 42.977%
INFO:root:-- EPOCH 39 (3.143 seconds):
INFO:root:COST >> 1.5513 +/- 0.0453, % updates: 42.927%
INFO:root:-- EPOCH 40 (3.26 seconds):
INFO:root:COST >> 1.553 +/- 0.0349, % updates: 42.895%
INFO:root:-- EPOCH 41 (3.17 seconds):
INFO:root:COST >> 1.5617 +/- 0.0311, % updates: 42.917%
INFO:root:-- EPOCH 42 (3.244 seconds):
INFO:root:COST >> 1.5643 +/- 0.0421, % updates: 42.854%
INFO:root:-- EPOCH 43 (3.265 seconds):
INFO:root:COST >> 1.5662 +/- 0.0355, % updates: 42.905%
INFO:root:-- EPOCH 44 (3.147 seconds):
INFO:root:COST >> 1.5719 +/- 0.0291, % updates: 42.811%
INFO:root:-- EPOCH 45 (3.161 seconds):
INFO:root:COST >> 1.5824 +/- 0.0341, % updates: 42.805%
INFO:root:-- EPOCH 46 (3.218 seconds):
INFO:root:COST >> 1.5765 +/- 0.031, % updates: 42.791%
INFO:root:-- EPOCH 47 (3.191 seconds):
INFO:root:COST >> 1.5776 +/- 0.0365, % updates: 42.857%
INFO:root:-- EPOCH 48 (3.121 seconds):
INFO:root:COST >> 1.581 +/- 0.0429, % updates: 42.629%
INFO:root:-- EPOCH 49 (3.123 seconds):
INFO:root:COST >> 1.5883 +/- 0.035, % updates: 42.727%
INFO:root:-- EPOCH 50 (3.167 seconds):
INFO:root:COST >> 1.5846 +/- 0.0402, % updates: 42.572%
