INFO:root:Shape for training set: (40961, 141442)
INFO:root:State: {'ndim': '50', 'test_all': 'None', 'test_path': 'None', 'nhid': '50', 'lremb': '0.01', 'seed': '4', 'simfn': 'L1', 'valid_path': 'None', 'nbatches': '10', 'lrparam': '0.01', 'decay': '0.99', 'show_hinton_diagrams': 'False', 'no_rescaling': 'True', 'Nrel': '18', 'ranking_score_right': 'False', 'Nent': '40961', 'Nsyn': '40943', 'method': 'MOMENTUM', 'loss_margin': '1.0', 'C': '1.0', 'epsilon': '1e-06', 'use_db': 'True', 'max_lr': 'None', 'l1_param_weight': 'None', 'filtered': 'False', 'name': 'wn_50/wn_MOMENTUM_224', 'totepochs': '50', 'l2_param_weight': 'None', 'train_path': 'data/wn/WN-train.pkl', 'op': 'TransE'}
INFO:root:Starting the Experiment ..
INFO:root:-- EPOCH 1 (3.191 seconds):
INFO:root:COST >> 2.2839 +/- 0.1617, % updates: 66.532%
INFO:root:-- EPOCH 2 (3.238 seconds):
INFO:root:COST >> 2.2676 +/- 0.235, % updates: 46.914%
INFO:root:-- EPOCH 3 (3.225 seconds):
INFO:root:COST >> 2.2721 +/- 0.1816, % updates: 43.642%
INFO:root:-- EPOCH 4 (3.234 seconds):
INFO:root:COST >> 2.2767 +/- 0.1854, % updates: 42.724%
INFO:root:-- EPOCH 5 (3.238 seconds):
INFO:root:COST >> 2.3079 +/- 0.1926, % updates: 42.428%
INFO:root:-- EPOCH 6 (2.984 seconds):
INFO:root:COST >> 2.3244 +/- 0.1836, % updates: 42.056%
INFO:root:-- EPOCH 7 (2.774 seconds):
INFO:root:COST >> 2.3516 +/- 0.1892, % updates: 41.905%
INFO:root:-- EPOCH 8 (3.046 seconds):
INFO:root:COST >> 2.3633 +/- 0.1942, % updates: 41.738%
INFO:root:-- EPOCH 9 (3.212 seconds):
INFO:root:COST >> 2.3985 +/- 0.199, % updates: 41.547%
INFO:root:-- EPOCH 10 (3.193 seconds):
INFO:root:COST >> 2.4165 +/- 0.1785, % updates: 41.456%
INFO:root:-- EPOCH 11 (3.166 seconds):
INFO:root:COST >> 2.4346 +/- 0.1932, % updates: 41.355%
INFO:root:-- EPOCH 12 (3.275 seconds):
INFO:root:COST >> 2.4469 +/- 0.2033, % updates: 41.248%
INFO:root:-- EPOCH 13 (3.241 seconds):
INFO:root:COST >> 2.4619 +/- 0.1915, % updates: 41.106%
INFO:root:-- EPOCH 14 (3.186 seconds):
INFO:root:COST >> 2.4836 +/- 0.1855, % updates: 41.129%
INFO:root:-- EPOCH 15 (3.183 seconds):
INFO:root:COST >> 2.5003 +/- 0.1876, % updates: 41.151%
INFO:root:-- EPOCH 16 (3.179 seconds):
INFO:root:COST >> 2.5043 +/- 0.1849, % updates: 40.906%
INFO:root:-- EPOCH 17 (3.185 seconds):
INFO:root:COST >> 2.5083 +/- 0.1916, % updates: 41.021%
INFO:root:-- EPOCH 18 (3.146 seconds):
INFO:root:COST >> 2.5172 +/- 0.1981, % updates: 40.872%
INFO:root:-- EPOCH 19 (3.182 seconds):
INFO:root:COST >> 2.5258 +/- 0.1781, % updates: 40.944%
INFO:root:-- EPOCH 20 (3.227 seconds):
INFO:root:COST >> 2.5326 +/- 0.1824, % updates: 40.783%
INFO:root:-- EPOCH 21 (3.23 seconds):
INFO:root:COST >> 2.5411 +/- 0.1924, % updates: 40.849%
INFO:root:-- EPOCH 22 (3.178 seconds):
INFO:root:COST >> 2.5352 +/- 0.1949, % updates: 40.79%
INFO:root:-- EPOCH 23 (3.131 seconds):
INFO:root:COST >> 2.5469 +/- 0.1865, % updates: 40.842%
INFO:root:-- EPOCH 24 (3.215 seconds):
INFO:root:COST >> 2.5599 +/- 0.1776, % updates: 40.824%
INFO:root:-- EPOCH 25 (3.264 seconds):
INFO:root:COST >> 2.5541 +/- 0.1869, % updates: 40.778%
INFO:root:-- EPOCH 26 (3.226 seconds):
INFO:root:COST >> 2.5538 +/- 0.201, % updates: 40.758%
INFO:root:-- EPOCH 27 (3.233 seconds):
INFO:root:COST >> 2.5562 +/- 0.1928, % updates: 40.776%
INFO:root:-- EPOCH 28 (3.231 seconds):
INFO:root:COST >> 2.5606 +/- 0.2047, % updates: 40.853%
INFO:root:-- EPOCH 29 (3.278 seconds):
INFO:root:COST >> 2.5645 +/- 0.1882, % updates: 40.794%
INFO:root:-- EPOCH 30 (3.236 seconds):
INFO:root:COST >> 2.575 +/- 0.1943, % updates: 40.962%
INFO:root:-- EPOCH 31 (3.192 seconds):
INFO:root:COST >> 2.5825 +/- 0.2016, % updates: 40.956%
INFO:root:-- EPOCH 32 (3.188 seconds):
INFO:root:COST >> 2.5694 +/- 0.1646, % updates: 40.873%
INFO:root:-- EPOCH 33 (3.173 seconds):
INFO:root:COST >> 2.5652 +/- 0.1805, % updates: 40.797%
INFO:root:-- EPOCH 34 (3.205 seconds):
INFO:root:COST >> 2.5664 +/- 0.1758, % updates: 40.728%
INFO:root:-- EPOCH 35 (3.13 seconds):
INFO:root:COST >> 2.5631 +/- 0.1835, % updates: 40.793%
INFO:root:-- EPOCH 36 (3.178 seconds):
INFO:root:COST >> 2.5697 +/- 0.1907, % updates: 40.798%
INFO:root:-- EPOCH 37 (3.145 seconds):
INFO:root:COST >> 2.5603 +/- 0.1997, % updates: 40.667%
INFO:root:-- EPOCH 38 (4.095 seconds):
INFO:root:COST >> 2.5674 +/- 0.1944, % updates: 40.75%
INFO:root:-- EPOCH 39 (3.911 seconds):
INFO:root:COST >> 2.5697 +/- 0.2058, % updates: 40.767%
INFO:root:-- EPOCH 40 (3.217 seconds):
INFO:root:COST >> 2.5729 +/- 0.1888, % updates: 40.79%
INFO:root:-- EPOCH 41 (3.196 seconds):
INFO:root:COST >> 2.5706 +/- 0.1727, % updates: 40.832%
INFO:root:-- EPOCH 42 (3.209 seconds):
INFO:root:COST >> 2.5739 +/- 0.1838, % updates: 40.728%
INFO:root:-- EPOCH 43 (3.221 seconds):
INFO:root:COST >> 2.5554 +/- 0.1883, % updates: 40.659%
INFO:root:-- EPOCH 44 (3.109 seconds):
INFO:root:COST >> 2.5668 +/- 0.1925, % updates: 40.787%
INFO:root:-- EPOCH 45 (3.177 seconds):
INFO:root:COST >> 2.5801 +/- 0.1851, % updates: 40.893%
INFO:root:-- EPOCH 46 (3.141 seconds):
INFO:root:COST >> 2.5731 +/- 0.1871, % updates: 40.769%
INFO:root:-- EPOCH 47 (3.127 seconds):
INFO:root:COST >> 2.5755 +/- 0.1849, % updates: 40.859%
INFO:root:-- EPOCH 48 (3.105 seconds):
INFO:root:COST >> 2.5606 +/- 0.1799, % updates: 40.694%
INFO:root:-- EPOCH 49 (3.149 seconds):
INFO:root:COST >> 2.5727 +/- 0.1898, % updates: 40.615%
INFO:root:-- EPOCH 50 (3.202 seconds):
INFO:root:COST >> 2.5599 +/- 0.1848, % updates: 40.744%
