INFO:root:Shape for training set: (40961, 141442)
INFO:root:State: {'ndim': '50', 'test_all': 'None', 'test_path': 'None', 'nhid': '50', 'lremb': '0.1', 'seed': '0', 'simfn': 'L1', 'valid_path': 'None', 'nbatches': '10', 'lrparam': '0.1', 'decay': '0.99', 'show_hinton_diagrams': 'False', 'no_rescaling': 'True', 'Nrel': '18', 'ranking_score_right': 'False', 'Nent': '40961', 'Nsyn': '40943', 'method': 'MOMENTUM', 'loss_margin': '1.0', 'C': '1.0', 'epsilon': '1e-06', 'use_db': 'True', 'max_lr': 'None', 'l1_param_weight': 'None', 'filtered': 'False', 'name': 'wn_50/wn_MOMENTUM_270', 'totepochs': '50', 'l2_param_weight': 'None', 'train_path': 'data/wn/WN-train.pkl', 'op': 'TransE'}
INFO:root:Starting the Experiment ..
INFO:root:-- EPOCH 1 (3.135 seconds):
INFO:root:COST >> 3.0965 +/- 0.447, % updates: 62.052%
INFO:root:-- EPOCH 2 (3.25 seconds):
INFO:root:COST >> 2.9336 +/- 0.2807, % updates: 46.927%
INFO:root:-- EPOCH 3 (3.212 seconds):
INFO:root:COST >> 2.8416 +/- 0.2971, % updates: 44.949%
INFO:root:-- EPOCH 4 (3.215 seconds):
INFO:root:COST >> 2.8149 +/- 0.3013, % updates: 44.217%
INFO:root:-- EPOCH 5 (2.829 seconds):
INFO:root:COST >> 2.8104 +/- 0.2931, % updates: 43.845%
INFO:root:-- EPOCH 6 (2.877 seconds):
INFO:root:COST >> 2.822 +/- 0.3006, % updates: 43.576%
INFO:root:-- EPOCH 7 (3.169 seconds):
INFO:root:COST >> 2.8258 +/- 0.3037, % updates: 43.378%
INFO:root:-- EPOCH 8 (3.103 seconds):
INFO:root:COST >> 2.8278 +/- 0.301, % updates: 43.165%
INFO:root:-- EPOCH 9 (3.135 seconds):
INFO:root:COST >> 2.873 +/- 0.3069, % updates: 43.425%
INFO:root:-- EPOCH 10 (3.213 seconds):
INFO:root:COST >> 2.8726 +/- 0.3005, % updates: 43.235%
INFO:root:-- EPOCH 11 (3.182 seconds):
INFO:root:COST >> 2.8619 +/- 0.2948, % updates: 43.098%
INFO:root:-- EPOCH 12 (3.246 seconds):
INFO:root:COST >> 2.8779 +/- 0.306, % updates: 43.052%
INFO:root:-- EPOCH 13 (3.173 seconds):
INFO:root:COST >> 2.892 +/- 0.3183, % updates: 42.948%
INFO:root:-- EPOCH 14 (3.2 seconds):
INFO:root:COST >> 2.8954 +/- 0.3142, % updates: 43.019%
INFO:root:-- EPOCH 15 (3.212 seconds):
INFO:root:COST >> 2.8911 +/- 0.2848, % updates: 42.862%
INFO:root:-- EPOCH 16 (3.192 seconds):
INFO:root:COST >> 2.9115 +/- 0.3107, % updates: 42.958%
INFO:root:-- EPOCH 17 (3.197 seconds):
INFO:root:COST >> 2.9112 +/- 0.3143, % updates: 42.986%
INFO:root:-- EPOCH 18 (3.19 seconds):
INFO:root:COST >> 2.9104 +/- 0.3048, % updates: 42.903%
INFO:root:-- EPOCH 19 (3.231 seconds):
INFO:root:COST >> 2.9172 +/- 0.3083, % updates: 42.827%
INFO:root:-- EPOCH 20 (3.133 seconds):
INFO:root:COST >> 2.9153 +/- 0.3177, % updates: 42.813%
INFO:root:-- EPOCH 21 (3.118 seconds):
INFO:root:COST >> 2.9196 +/- 0.3202, % updates: 42.798%
INFO:root:-- EPOCH 22 (3.221 seconds):
INFO:root:COST >> 2.9194 +/- 0.3134, % updates: 42.809%
INFO:root:-- EPOCH 23 (3.193 seconds):
INFO:root:COST >> 2.9238 +/- 0.3244, % updates: 42.885%
INFO:root:-- EPOCH 24 (3.179 seconds):
INFO:root:COST >> 2.9271 +/- 0.3116, % updates: 42.857%
INFO:root:-- EPOCH 25 (3.218 seconds):
INFO:root:COST >> 2.9294 +/- 0.3083, % updates: 42.876%
INFO:root:-- EPOCH 26 (3.153 seconds):
INFO:root:COST >> 2.9117 +/- 0.3028, % updates: 42.69%
INFO:root:-- EPOCH 27 (3.219 seconds):
INFO:root:COST >> 2.9236 +/- 0.3176, % updates: 42.665%
INFO:root:-- EPOCH 28 (3.104 seconds):
INFO:root:COST >> 2.9347 +/- 0.3057, % updates: 42.798%
INFO:root:-- EPOCH 29 (3.165 seconds):
INFO:root:COST >> 2.9344 +/- 0.2931, % updates: 42.904%
INFO:root:-- EPOCH 30 (3.237 seconds):
INFO:root:COST >> 2.9243 +/- 0.2976, % updates: 42.833%
INFO:root:-- EPOCH 31 (3.234 seconds):
INFO:root:COST >> 2.9234 +/- 0.3085, % updates: 42.824%
INFO:root:-- EPOCH 32 (3.271 seconds):
INFO:root:COST >> 2.9307 +/- 0.3239, % updates: 42.864%
INFO:root:-- EPOCH 33 (3.26 seconds):
INFO:root:COST >> 2.932 +/- 0.3126, % updates: 42.815%
INFO:root:-- EPOCH 34 (3.159 seconds):
INFO:root:COST >> 2.9305 +/- 0.3188, % updates: 42.964%
INFO:root:-- EPOCH 35 (3.221 seconds):
INFO:root:COST >> 2.9311 +/- 0.3069, % updates: 42.844%
INFO:root:-- EPOCH 36 (3.148 seconds):
INFO:root:COST >> 2.9271 +/- 0.3048, % updates: 42.73%
INFO:root:-- EPOCH 37 (3.217 seconds):
INFO:root:COST >> 2.9332 +/- 0.3069, % updates: 42.74%
INFO:root:-- EPOCH 38 (3.218 seconds):
INFO:root:COST >> 2.9391 +/- 0.3012, % updates: 42.94%
INFO:root:-- EPOCH 39 (3.187 seconds):
INFO:root:COST >> 2.9376 +/- 0.3002, % updates: 42.929%
INFO:root:-- EPOCH 40 (3.22 seconds):
INFO:root:COST >> 2.9466 +/- 0.3118, % updates: 43.1%
INFO:root:-- EPOCH 41 (3.233 seconds):
INFO:root:COST >> 2.9354 +/- 0.3032, % updates: 42.775%
INFO:root:-- EPOCH 42 (3.148 seconds):
INFO:root:COST >> 2.937 +/- 0.306, % updates: 42.851%
INFO:root:-- EPOCH 43 (3.183 seconds):
INFO:root:COST >> 2.9365 +/- 0.3127, % updates: 42.942%
INFO:root:-- EPOCH 44 (3.172 seconds):
INFO:root:COST >> 2.9449 +/- 0.3025, % updates: 43.051%
INFO:root:-- EPOCH 45 (3.235 seconds):
INFO:root:COST >> 2.9348 +/- 0.3037, % updates: 42.779%
INFO:root:-- EPOCH 46 (3.117 seconds):
INFO:root:COST >> 2.9326 +/- 0.3049, % updates: 42.854%
INFO:root:-- EPOCH 47 (3.13 seconds):
INFO:root:COST >> 2.932 +/- 0.3077, % updates: 42.88%
INFO:root:-- EPOCH 48 (3.123 seconds):
INFO:root:COST >> 2.9314 +/- 0.2939, % updates: 42.684%
INFO:root:-- EPOCH 49 (3.181 seconds):
INFO:root:COST >> 2.9327 +/- 0.2991, % updates: 42.788%
INFO:root:-- EPOCH 50 (3.266 seconds):
INFO:root:COST >> 2.9321 +/- 0.2997, % updates: 42.688%
