INFO:root:Shape for training set: (40961, 141442)
INFO:root:State: {'ndim': '50', 'test_all': 'None', 'test_path': 'None', 'nhid': '50', 'lremb': '0.01', 'seed': '5', 'simfn': 'L1', 'valid_path': 'None', 'nbatches': '10', 'lrparam': '0.01', 'decay': '0.999', 'show_hinton_diagrams': 'False', 'no_rescaling': 'True', 'Nrel': '18', 'ranking_score_right': 'False', 'Nent': '40961', 'Nsyn': '40943', 'method': 'MOMENTUM', 'loss_margin': '1.0', 'C': '1.0', 'epsilon': '1e-06', 'use_db': 'True', 'max_lr': 'None', 'l1_param_weight': 'None', 'filtered': 'False', 'name': 'wn_50/wn_MOMENTUM_215', 'totepochs': '50', 'l2_param_weight': 'None', 'train_path': 'data/wn/WN-train.pkl', 'op': 'TransE'}
INFO:root:Starting the Experiment ..
INFO:root:-- EPOCH 1 (3.178 seconds):
INFO:root:COST >> 2.2919 +/- 0.1865, % updates: 65.6%
INFO:root:-- EPOCH 2 (3.246 seconds):
INFO:root:COST >> 2.2811 +/- 0.2072, % updates: 46.35%
INFO:root:-- EPOCH 3 (3.267 seconds):
INFO:root:COST >> 2.2499 +/- 0.1671, % updates: 43.118%
INFO:root:-- EPOCH 4 (3.166 seconds):
INFO:root:COST >> 2.2288 +/- 0.1677, % updates: 42.501%
INFO:root:-- EPOCH 5 (3.205 seconds):
INFO:root:COST >> 2.209 +/- 0.1686, % updates: 42.047%
INFO:root:-- EPOCH 6 (3.281 seconds):
INFO:root:COST >> 2.1919 +/- 0.1669, % updates: 41.91%
INFO:root:-- EPOCH 7 (3.219 seconds):
INFO:root:COST >> 2.1876 +/- 0.169, % updates: 41.714%
INFO:root:-- EPOCH 8 (3.271 seconds):
INFO:root:COST >> 2.1841 +/- 0.1674, % updates: 41.608%
INFO:root:-- EPOCH 9 (3.272 seconds):
INFO:root:COST >> 2.1766 +/- 0.1578, % updates: 41.62%
INFO:root:-- EPOCH 10 (3.221 seconds):
INFO:root:COST >> 2.1595 +/- 0.153, % updates: 41.582%
INFO:root:-- EPOCH 11 (3.121 seconds):
INFO:root:COST >> 2.1739 +/- 0.1697, % updates: 41.53%
INFO:root:-- EPOCH 12 (3.129 seconds):
INFO:root:COST >> 2.1583 +/- 0.1692, % updates: 41.45%
INFO:root:-- EPOCH 13 (3.24 seconds):
INFO:root:COST >> 2.1489 +/- 0.1588, % updates: 41.367%
INFO:root:-- EPOCH 14 (3.209 seconds):
INFO:root:COST >> 2.1505 +/- 0.1613, % updates: 41.336%
INFO:root:-- EPOCH 15 (3.225 seconds):
INFO:root:COST >> 2.1484 +/- 0.1608, % updates: 41.384%
INFO:root:-- EPOCH 16 (3.212 seconds):
INFO:root:COST >> 2.1475 +/- 0.1701, % updates: 41.277%
INFO:root:-- EPOCH 17 (3.201 seconds):
INFO:root:COST >> 2.1513 +/- 0.1692, % updates: 41.386%
INFO:root:-- EPOCH 18 (3.132 seconds):
INFO:root:COST >> 2.14 +/- 0.1722, % updates: 41.236%
INFO:root:-- EPOCH 19 (3.232 seconds):
INFO:root:COST >> 2.1488 +/- 0.1712, % updates: 41.259%
INFO:root:-- EPOCH 20 (3.258 seconds):
INFO:root:COST >> 2.1407 +/- 0.1651, % updates: 41.204%
INFO:root:-- EPOCH 21 (3.206 seconds):
INFO:root:COST >> 2.1358 +/- 0.1613, % updates: 41.077%
INFO:root:-- EPOCH 22 (3.123 seconds):
INFO:root:COST >> 2.1375 +/- 0.1639, % updates: 41.168%
INFO:root:-- EPOCH 23 (3.187 seconds):
INFO:root:COST >> 2.1388 +/- 0.1538, % updates: 41.201%
INFO:root:-- EPOCH 24 (3.094 seconds):
INFO:root:COST >> 2.1387 +/- 0.1655, % updates: 41.133%
INFO:root:-- EPOCH 25 (3.219 seconds):
INFO:root:COST >> 2.1347 +/- 0.1608, % updates: 41.073%
INFO:root:-- EPOCH 26 (3.187 seconds):
INFO:root:COST >> 2.145 +/- 0.1513, % updates: 41.254%
INFO:root:-- EPOCH 27 (3.162 seconds):
INFO:root:COST >> 2.1413 +/- 0.1675, % updates: 41.047%
INFO:root:-- EPOCH 28 (3.171 seconds):
INFO:root:COST >> 2.1412 +/- 0.1679, % updates: 41.079%
INFO:root:-- EPOCH 29 (3.175 seconds):
INFO:root:COST >> 2.1417 +/- 0.1695, % updates: 41.044%
INFO:root:-- EPOCH 30 (3.179 seconds):
INFO:root:COST >> 2.1398 +/- 0.1656, % updates: 41.104%
INFO:root:-- EPOCH 31 (3.171 seconds):
INFO:root:COST >> 2.1362 +/- 0.1595, % updates: 40.902%
INFO:root:-- EPOCH 32 (3.112 seconds):
INFO:root:COST >> 2.1506 +/- 0.1627, % updates: 41.267%
INFO:root:-- EPOCH 33 (3.239 seconds):
INFO:root:COST >> 2.1407 +/- 0.1556, % updates: 41.086%
INFO:root:-- EPOCH 34 (3.228 seconds):
INFO:root:COST >> 2.1362 +/- 0.1588, % updates: 40.965%
INFO:root:-- EPOCH 35 (3.195 seconds):
INFO:root:COST >> 2.1476 +/- 0.1723, % updates: 41.01%
INFO:root:-- EPOCH 36 (3.121 seconds):
INFO:root:COST >> 2.1512 +/- 0.1633, % updates: 41.066%
INFO:root:-- EPOCH 37 (3.127 seconds):
INFO:root:COST >> 2.139 +/- 0.1543, % updates: 40.954%
INFO:root:-- EPOCH 38 (3.112 seconds):
INFO:root:COST >> 2.1556 +/- 0.1649, % updates: 41.087%
INFO:root:-- EPOCH 39 (3.162 seconds):
INFO:root:COST >> 2.1461 +/- 0.171, % updates: 40.919%
INFO:root:-- EPOCH 40 (3.146 seconds):
INFO:root:COST >> 2.1551 +/- 0.1729, % updates: 41.001%
INFO:root:-- EPOCH 41 (3.153 seconds):
INFO:root:COST >> 2.1502 +/- 0.161, % updates: 41.04%
INFO:root:-- EPOCH 42 (3.142 seconds):
INFO:root:COST >> 2.1496 +/- 0.1683, % updates: 40.903%
INFO:root:-- EPOCH 43 (3.121 seconds):
INFO:root:COST >> 2.1554 +/- 0.1556, % updates: 40.878%
INFO:root:-- EPOCH 44 (2.706 seconds):
INFO:root:COST >> 2.1411 +/- 0.1723, % updates: 40.915%
INFO:root:-- EPOCH 45 (2.86 seconds):
INFO:root:COST >> 2.1478 +/- 0.1682, % updates: 40.939%
INFO:root:-- EPOCH 46 (3.198 seconds):
INFO:root:COST >> 2.1541 +/- 0.1736, % updates: 40.982%
INFO:root:-- EPOCH 47 (3.13 seconds):
INFO:root:COST >> 2.1553 +/- 0.1674, % updates: 41.034%
INFO:root:-- EPOCH 48 (3.203 seconds):
INFO:root:COST >> 2.156 +/- 0.1752, % updates: 40.855%
INFO:root:-- EPOCH 49 (3.125 seconds):
INFO:root:COST >> 2.148 +/- 0.1711, % updates: 40.788%
INFO:root:-- EPOCH 50 (3.161 seconds):
INFO:root:COST >> 2.1585 +/- 0.1772, % updates: 40.886%
