INFO:root:Shape for training set: (40961, 141442)
INFO:root:State: {'ndim': '50', 'test_all': 'None', 'test_path': 'None', 'nhid': '50', 'lremb': '0.1', 'seed': '5', 'simfn': 'L1', 'valid_path': 'None', 'nbatches': '10', 'lrparam': '0.1', 'decay': '0.5', 'show_hinton_diagrams': 'False', 'no_rescaling': 'True', 'Nrel': '18', 'ranking_score_right': 'False', 'Nent': '40961', 'Nsyn': '40943', 'method': 'MOMENTUM', 'loss_margin': '1.0', 'C': '1.0', 'epsilon': '1e-06', 'use_db': 'True', 'max_lr': 'None', 'l1_param_weight': 'None', 'filtered': 'False', 'name': 'wn_50/wn_MOMENTUM_295', 'totepochs': '50', 'l2_param_weight': 'None', 'train_path': 'data/wn/WN-train.pkl', 'op': 'TransE'}
INFO:root:Starting the Experiment ..
INFO:root:-- EPOCH 1 (3.144 seconds):
INFO:root:COST >> 3.3299 +/- 0.6434, % updates: 61.738%
INFO:root:-- EPOCH 2 (3.183 seconds):
INFO:root:COST >> 3.8227 +/- 0.3804, % updates: 50.369%
INFO:root:-- EPOCH 3 (3.127 seconds):
INFO:root:COST >> 3.8556 +/- 0.3612, % updates: 50.212%
INFO:root:-- EPOCH 4 (3.275 seconds):
INFO:root:COST >> 3.8621 +/- 0.3693, % updates: 50.135%
INFO:root:-- EPOCH 5 (3.219 seconds):
INFO:root:COST >> 3.8479 +/- 0.3737, % updates: 50.009%
INFO:root:-- EPOCH 6 (3.218 seconds):
INFO:root:COST >> 3.8538 +/- 0.3704, % updates: 50.151%
INFO:root:-- EPOCH 7 (3.215 seconds):
INFO:root:COST >> 3.8554 +/- 0.3564, % updates: 50.112%
INFO:root:-- EPOCH 8 (3.249 seconds):
INFO:root:COST >> 3.8553 +/- 0.3468, % updates: 50.07%
INFO:root:-- EPOCH 9 (3.113 seconds):
INFO:root:COST >> 3.8642 +/- 0.3574, % updates: 50.223%
INFO:root:-- EPOCH 10 (3.242 seconds):
INFO:root:COST >> 3.8617 +/- 0.3607, % updates: 50.194%
INFO:root:-- EPOCH 11 (3.237 seconds):
INFO:root:COST >> 3.8754 +/- 0.352, % updates: 50.261%
INFO:root:-- EPOCH 12 (3.152 seconds):
INFO:root:COST >> 3.8614 +/- 0.3654, % updates: 50.162%
INFO:root:-- EPOCH 13 (3.184 seconds):
INFO:root:COST >> 3.8539 +/- 0.3573, % updates: 50.122%
INFO:root:-- EPOCH 14 (3.121 seconds):
INFO:root:COST >> 3.8525 +/- 0.3516, % updates: 50.262%
INFO:root:-- EPOCH 15 (3.169 seconds):
INFO:root:COST >> 3.8659 +/- 0.3723, % updates: 50.152%
INFO:root:-- EPOCH 16 (3.119 seconds):
INFO:root:COST >> 3.8606 +/- 0.3783, % updates: 50.074%
INFO:root:-- EPOCH 17 (3.202 seconds):
INFO:root:COST >> 3.8663 +/- 0.3689, % updates: 50.083%
INFO:root:-- EPOCH 18 (3.233 seconds):
INFO:root:COST >> 3.8478 +/- 0.3571, % updates: 50.018%
INFO:root:-- EPOCH 19 (3.205 seconds):
INFO:root:COST >> 3.8683 +/- 0.369, % updates: 50.24%
INFO:root:-- EPOCH 20 (3.175 seconds):
INFO:root:COST >> 3.87 +/- 0.3556, % updates: 50.298%
INFO:root:-- EPOCH 21 (3.237 seconds):
INFO:root:COST >> 3.8342 +/- 0.3623, % updates: 49.948%
INFO:root:-- EPOCH 22 (3.264 seconds):
INFO:root:COST >> 3.8642 +/- 0.3827, % updates: 50.15%
INFO:root:-- EPOCH 23 (3.217 seconds):
INFO:root:COST >> 3.8495 +/- 0.3497, % updates: 50.113%
INFO:root:-- EPOCH 24 (3.105 seconds):
INFO:root:COST >> 3.8558 +/- 0.3699, % updates: 50.135%
INFO:root:-- EPOCH 25 (3.193 seconds):
INFO:root:COST >> 3.8483 +/- 0.3686, % updates: 49.95%
INFO:root:-- EPOCH 26 (3.223 seconds):
INFO:root:COST >> 3.8573 +/- 0.3474, % updates: 50.212%
INFO:root:-- EPOCH 27 (3.235 seconds):
INFO:root:COST >> 3.8521 +/- 0.3613, % updates: 50.129%
INFO:root:-- EPOCH 28 (3.129 seconds):
INFO:root:COST >> 3.8571 +/- 0.3338, % updates: 50.236%
INFO:root:-- EPOCH 29 (3.257 seconds):
INFO:root:COST >> 3.8477 +/- 0.3606, % updates: 49.994%
INFO:root:-- EPOCH 30 (3.232 seconds):
INFO:root:COST >> 3.8523 +/- 0.3615, % updates: 49.958%
INFO:root:-- EPOCH 31 (3.233 seconds):
INFO:root:COST >> 3.8585 +/- 0.3564, % updates: 50.222%
INFO:root:-- EPOCH 32 (3.158 seconds):
INFO:root:COST >> 3.8591 +/- 0.3722, % updates: 50.305%
INFO:root:-- EPOCH 33 (3.194 seconds):
INFO:root:COST >> 3.8389 +/- 0.3637, % updates: 49.96%
INFO:root:-- EPOCH 34 (3.116 seconds):
INFO:root:COST >> 3.8615 +/- 0.3507, % updates: 50.062%
INFO:root:-- EPOCH 35 (3.23 seconds):
INFO:root:COST >> 3.8446 +/- 0.3776, % updates: 50.118%
INFO:root:-- EPOCH 36 (3.142 seconds):
INFO:root:COST >> 3.8628 +/- 0.3717, % updates: 50.202%
INFO:root:-- EPOCH 37 (3.164 seconds):
INFO:root:COST >> 3.851 +/- 0.3575, % updates: 49.936%
INFO:root:-- EPOCH 38 (3.142 seconds):
INFO:root:COST >> 3.8634 +/- 0.3711, % updates: 50.203%
INFO:root:-- EPOCH 39 (3.246 seconds):
INFO:root:COST >> 3.8548 +/- 0.3638, % updates: 50.089%
INFO:root:-- EPOCH 40 (3.1 seconds):
INFO:root:COST >> 3.8508 +/- 0.3672, % updates: 50.01%
INFO:root:-- EPOCH 41 (3.196 seconds):
INFO:root:COST >> 3.8593 +/- 0.3588, % updates: 50.046%
INFO:root:-- EPOCH 42 (3.108 seconds):
INFO:root:COST >> 3.854 +/- 0.3649, % updates: 50.097%
INFO:root:-- EPOCH 43 (3.148 seconds):
INFO:root:COST >> 3.8709 +/- 0.3597, % updates: 50.208%
INFO:root:-- EPOCH 44 (2.63 seconds):
INFO:root:COST >> 3.8796 +/- 0.3624, % updates: 50.294%
INFO:root:-- EPOCH 45 (2.924 seconds):
INFO:root:COST >> 3.8637 +/- 0.3681, % updates: 50.249%
INFO:root:-- EPOCH 46 (3.136 seconds):
INFO:root:COST >> 3.855 +/- 0.3602, % updates: 50.072%
INFO:root:-- EPOCH 47 (3.192 seconds):
INFO:root:COST >> 3.8481 +/- 0.3646, % updates: 50.01%
INFO:root:-- EPOCH 48 (3.196 seconds):
INFO:root:COST >> 3.8577 +/- 0.3736, % updates: 50.158%
INFO:root:-- EPOCH 49 (3.208 seconds):
INFO:root:COST >> 3.8673 +/- 0.3705, % updates: 50.22%
INFO:root:-- EPOCH 50 (3.205 seconds):
INFO:root:COST >> 3.8621 +/- 0.3771, % updates: 50.196%
