INFO:root:Shape for training set: (40961, 141442)
INFO:root:State: {'ndim': '50', 'test_all': 'None', 'test_path': 'None', 'nhid': '50', 'lremb': '0.01', 'seed': '2', 'simfn': 'L1', 'valid_path': 'None', 'nbatches': '10', 'lrparam': '0.01', 'decay': '0.99', 'show_hinton_diagrams': 'False', 'no_rescaling': 'True', 'Nrel': '18', 'ranking_score_right': 'False', 'Nent': '40961', 'Nsyn': '40943', 'method': 'MOMENTUM', 'loss_margin': '1.0', 'C': '1.0', 'epsilon': '1e-06', 'use_db': 'True', 'max_lr': 'None', 'l1_param_weight': 'None', 'filtered': 'False', 'name': 'wn_50/wn_MOMENTUM_222', 'totepochs': '50', 'l2_param_weight': 'None', 'train_path': 'data/wn/WN-train.pkl', 'op': 'TransE'}
INFO:root:Starting the Experiment ..
INFO:root:-- EPOCH 1 (3.167 seconds):
INFO:root:COST >> 2.2685 +/- 0.176, % updates: 65.17%
INFO:root:-- EPOCH 2 (3.229 seconds):
INFO:root:COST >> 2.2781 +/- 0.222, % updates: 46.293%
INFO:root:-- EPOCH 3 (3.136 seconds):
INFO:root:COST >> 2.2811 +/- 0.2003, % updates: 43.227%
INFO:root:-- EPOCH 4 (3.145 seconds):
INFO:root:COST >> 2.2948 +/- 0.1932, % updates: 42.58%
INFO:root:-- EPOCH 5 (3.234 seconds):
INFO:root:COST >> 2.3161 +/- 0.1805, % updates: 42.04%
INFO:root:-- EPOCH 6 (3.075 seconds):
INFO:root:COST >> 2.3421 +/- 0.1864, % updates: 41.733%
INFO:root:-- EPOCH 7 (2.755 seconds):
INFO:root:COST >> 2.3622 +/- 0.1912, % updates: 41.517%
INFO:root:-- EPOCH 8 (3.064 seconds):
INFO:root:COST >> 2.3891 +/- 0.1954, % updates: 41.33%
INFO:root:-- EPOCH 9 (3.199 seconds):
INFO:root:COST >> 2.4134 +/- 0.1839, % updates: 41.265%
INFO:root:-- EPOCH 10 (3.183 seconds):
INFO:root:COST >> 2.4361 +/- 0.1943, % updates: 40.998%
INFO:root:-- EPOCH 11 (3.152 seconds):
INFO:root:COST >> 2.451 +/- 0.1839, % updates: 41.011%
INFO:root:-- EPOCH 12 (3.2 seconds):
INFO:root:COST >> 2.4615 +/- 0.1935, % updates: 40.948%
INFO:root:-- EPOCH 13 (3.147 seconds):
INFO:root:COST >> 2.4699 +/- 0.1932, % updates: 40.824%
INFO:root:-- EPOCH 14 (3.255 seconds):
INFO:root:COST >> 2.4929 +/- 0.1888, % updates: 40.752%
INFO:root:-- EPOCH 15 (3.18 seconds):
INFO:root:COST >> 2.5056 +/- 0.1912, % updates: 40.699%
INFO:root:-- EPOCH 16 (3.25 seconds):
INFO:root:COST >> 2.5227 +/- 0.1913, % updates: 40.794%
INFO:root:-- EPOCH 17 (3.197 seconds):
INFO:root:COST >> 2.5345 +/- 0.192, % updates: 40.649%
INFO:root:-- EPOCH 18 (3.194 seconds):
INFO:root:COST >> 2.536 +/- 0.1878, % updates: 40.621%
INFO:root:-- EPOCH 19 (3.259 seconds):
INFO:root:COST >> 2.5455 +/- 0.1828, % updates: 40.584%
INFO:root:-- EPOCH 20 (3.174 seconds):
INFO:root:COST >> 2.5541 +/- 0.199, % updates: 40.527%
INFO:root:-- EPOCH 21 (3.258 seconds):
INFO:root:COST >> 2.5566 +/- 0.1942, % updates: 40.553%
INFO:root:-- EPOCH 22 (3.176 seconds):
INFO:root:COST >> 2.5597 +/- 0.1861, % updates: 40.568%
INFO:root:-- EPOCH 23 (3.12 seconds):
INFO:root:COST >> 2.5647 +/- 0.186, % updates: 40.631%
INFO:root:-- EPOCH 24 (3.165 seconds):
INFO:root:COST >> 2.5611 +/- 0.1817, % updates: 40.576%
INFO:root:-- EPOCH 25 (3.267 seconds):
INFO:root:COST >> 2.5654 +/- 0.1956, % updates: 40.559%
INFO:root:-- EPOCH 26 (3.206 seconds):
INFO:root:COST >> 2.5666 +/- 0.1898, % updates: 40.464%
INFO:root:-- EPOCH 27 (3.216 seconds):
INFO:root:COST >> 2.5774 +/- 0.1958, % updates: 40.527%
INFO:root:-- EPOCH 28 (3.192 seconds):
INFO:root:COST >> 2.5707 +/- 0.186, % updates: 40.483%
INFO:root:-- EPOCH 29 (3.203 seconds):
INFO:root:COST >> 2.5623 +/- 0.1865, % updates: 40.503%
INFO:root:-- EPOCH 30 (3.198 seconds):
INFO:root:COST >> 2.5819 +/- 0.1865, % updates: 40.458%
INFO:root:-- EPOCH 31 (3.242 seconds):
INFO:root:COST >> 2.5695 +/- 0.1776, % updates: 40.417%
INFO:root:-- EPOCH 32 (3.193 seconds):
INFO:root:COST >> 2.5764 +/- 0.1861, % updates: 40.503%
INFO:root:-- EPOCH 33 (3.111 seconds):
INFO:root:COST >> 2.5758 +/- 0.1923, % updates: 40.423%
INFO:root:-- EPOCH 34 (3.179 seconds):
INFO:root:COST >> 2.5656 +/- 0.1927, % updates: 40.371%
INFO:root:-- EPOCH 35 (3.178 seconds):
INFO:root:COST >> 2.5818 +/- 0.1832, % updates: 40.406%
INFO:root:-- EPOCH 36 (3.257 seconds):
INFO:root:COST >> 2.578 +/- 0.1939, % updates: 40.473%
INFO:root:-- EPOCH 37 (3.071 seconds):
INFO:root:COST >> 2.5765 +/- 0.1802, % updates: 40.414%
INFO:root:-- EPOCH 38 (3.191 seconds):
INFO:root:COST >> 2.573 +/- 0.1821, % updates: 40.408%
INFO:root:-- EPOCH 39 (3.11 seconds):
INFO:root:COST >> 2.5713 +/- 0.176, % updates: 40.344%
INFO:root:-- EPOCH 40 (3.225 seconds):
INFO:root:COST >> 2.5767 +/- 0.193, % updates: 40.479%
INFO:root:-- EPOCH 41 (3.118 seconds):
INFO:root:COST >> 2.5785 +/- 0.1859, % updates: 40.535%
INFO:root:-- EPOCH 42 (3.213 seconds):
INFO:root:COST >> 2.5912 +/- 0.1712, % updates: 40.501%
INFO:root:-- EPOCH 43 (3.147 seconds):
INFO:root:COST >> 2.5753 +/- 0.1909, % updates: 40.459%
INFO:root:-- EPOCH 44 (3.229 seconds):
INFO:root:COST >> 2.5778 +/- 0.1744, % updates: 40.383%
INFO:root:-- EPOCH 45 (3.22 seconds):
INFO:root:COST >> 2.5768 +/- 0.181, % updates: 40.283%
INFO:root:-- EPOCH 46 (3.194 seconds):
INFO:root:COST >> 2.5778 +/- 0.1807, % updates: 40.359%
INFO:root:-- EPOCH 47 (3.229 seconds):
INFO:root:COST >> 2.5648 +/- 0.1842, % updates: 40.417%
INFO:root:-- EPOCH 48 (3.208 seconds):
INFO:root:COST >> 2.5882 +/- 0.1896, % updates: 40.451%
INFO:root:-- EPOCH 49 (3.207 seconds):
INFO:root:COST >> 2.5797 +/- 0.1866, % updates: 40.509%
INFO:root:-- EPOCH 50 (3.209 seconds):
INFO:root:COST >> 2.5708 +/- 0.1921, % updates: 40.256%
