INFO:root:Shape for training set: (40961, 141442)
INFO:root:State: {'ndim': '50', 'test_all': 'None', 'test_path': 'None', 'nhid': '50', 'lremb': '1e-06', 'seed': '9', 'simfn': 'L1', 'valid_path': 'None', 'nbatches': '10', 'lrparam': '1e-06', 'decay': '0.99', 'show_hinton_diagrams': 'False', 'no_rescaling': 'True', 'Nrel': '18', 'ranking_score_right': 'False', 'Nent': '40961', 'Nsyn': '40943', 'method': 'MOMENTUM', 'loss_margin': '1.0', 'C': '1.0', 'epsilon': '1e-06', 'use_db': 'True', 'max_lr': 'None', 'l1_param_weight': 'None', 'filtered': 'False', 'name': 'wn_50/wn_MOMENTUM_29', 'totepochs': '50', 'l2_param_weight': 'None', 'train_path': 'data/wn/WN-train.pkl', 'op': 'TransE'}
INFO:root:Starting the Experiment ..
INFO:root:-- EPOCH 1 (3.354 seconds):
INFO:root:COST >> 2.223 +/- 0.0115, % updates: 81.605%
INFO:root:-- EPOCH 2 (3.419 seconds):
INFO:root:COST >> 2.2117 +/- 0.0078, % updates: 81.557%
INFO:root:-- EPOCH 3 (3.434 seconds):
INFO:root:COST >> 2.1911 +/- 0.0142, % updates: 81.427%
INFO:root:-- EPOCH 4 (3.396 seconds):
INFO:root:COST >> 2.1706 +/- 0.0088, % updates: 81.482%
INFO:root:-- EPOCH 5 (3.321 seconds):
INFO:root:COST >> 2.1454 +/- 0.0095, % updates: 81.356%
INFO:root:-- EPOCH 6 (3.469 seconds):
INFO:root:COST >> 2.1169 +/- 0.0094, % updates: 80.952%
INFO:root:-- EPOCH 7 (3.341 seconds):
INFO:root:COST >> 2.0887 +/- 0.0153, % updates: 80.619%
INFO:root:-- EPOCH 8 (3.443 seconds):
INFO:root:COST >> 2.0648 +/- 0.0132, % updates: 80.052%
INFO:root:-- EPOCH 9 (3.372 seconds):
INFO:root:COST >> 2.0448 +/- 0.0104, % updates: 79.586%
INFO:root:-- EPOCH 10 (3.417 seconds):
INFO:root:COST >> 2.0219 +/- 0.0142, % updates: 78.778%
INFO:root:-- EPOCH 11 (3.361 seconds):
INFO:root:COST >> 1.995 +/- 0.0135, % updates: 78.258%
INFO:root:-- EPOCH 12 (3.462 seconds):
INFO:root:COST >> 1.9768 +/- 0.0134, % updates: 77.691%
INFO:root:-- EPOCH 13 (3.381 seconds):
INFO:root:COST >> 1.9485 +/- 0.0094, % updates: 76.962%
INFO:root:-- EPOCH 14 (3.373 seconds):
INFO:root:COST >> 1.9209 +/- 0.0148, % updates: 76.359%
INFO:root:-- EPOCH 15 (3.358 seconds):
INFO:root:COST >> 1.8945 +/- 0.011, % updates: 75.67%
INFO:root:-- EPOCH 16 (3.488 seconds):
INFO:root:COST >> 1.8716 +/- 0.0098, % updates: 75.099%
INFO:root:-- EPOCH 17 (3.435 seconds):
INFO:root:COST >> 1.8475 +/- 0.0117, % updates: 74.578%
INFO:root:-- EPOCH 18 (3.454 seconds):
INFO:root:COST >> 1.8248 +/- 0.0097, % updates: 74.167%
INFO:root:-- EPOCH 19 (3.405 seconds):
INFO:root:COST >> 1.7982 +/- 0.0105, % updates: 73.664%
INFO:root:-- EPOCH 20 (3.423 seconds):
INFO:root:COST >> 1.7647 +/- 0.0128, % updates: 73.288%
INFO:root:-- EPOCH 21 (3.381 seconds):
INFO:root:COST >> 1.7491 +/- 0.0135, % updates: 72.926%
INFO:root:-- EPOCH 22 (3.522 seconds):
INFO:root:COST >> 1.7183 +/- 0.0151, % updates: 72.384%
INFO:root:-- EPOCH 23 (3.41 seconds):
INFO:root:COST >> 1.6952 +/- 0.0143, % updates: 71.956%
INFO:root:-- EPOCH 24 (3.416 seconds):
INFO:root:COST >> 1.6724 +/- 0.0129, % updates: 71.565%
INFO:root:-- EPOCH 25 (3.439 seconds):
INFO:root:COST >> 1.6414 +/- 0.017, % updates: 70.895%
INFO:root:-- EPOCH 26 (3.366 seconds):
INFO:root:COST >> 1.6227 +/- 0.0119, % updates: 70.406%
INFO:root:-- EPOCH 27 (3.48 seconds):
INFO:root:COST >> 1.5954 +/- 0.0128, % updates: 69.853%
INFO:root:-- EPOCH 28 (3.462 seconds):
INFO:root:COST >> 1.572 +/- 0.011, % updates: 69.222%
INFO:root:-- EPOCH 29 (3.449 seconds):
INFO:root:COST >> 1.5491 +/- 0.0102, % updates: 68.749%
INFO:root:-- EPOCH 30 (3.439 seconds):
INFO:root:COST >> 1.5247 +/- 0.0066, % updates: 68.288%
INFO:root:-- EPOCH 31 (3.444 seconds):
INFO:root:COST >> 1.4984 +/- 0.0124, % updates: 67.872%
INFO:root:-- EPOCH 32 (3.394 seconds):
INFO:root:COST >> 1.474 +/- 0.016, % updates: 67.191%
INFO:root:-- EPOCH 33 (3.446 seconds):
INFO:root:COST >> 1.456 +/- 0.009, % updates: 66.817%
INFO:root:-- EPOCH 34 (3.333 seconds):
INFO:root:COST >> 1.4339 +/- 0.0111, % updates: 66.413%
INFO:root:-- EPOCH 35 (3.319 seconds):
INFO:root:COST >> 1.4071 +/- 0.0087, % updates: 65.759%
INFO:root:-- EPOCH 36 (3.571 seconds):
INFO:root:COST >> 1.3867 +/- 0.0063, % updates: 65.299%
INFO:root:-- EPOCH 37 (4.322 seconds):
INFO:root:COST >> 1.3653 +/- 0.0078, % updates: 64.825%
INFO:root:-- EPOCH 38 (3.408 seconds):
INFO:root:COST >> 1.3396 +/- 0.009, % updates: 64.146%
INFO:root:-- EPOCH 39 (3.446 seconds):
INFO:root:COST >> 1.32 +/- 0.0119, % updates: 63.69%
INFO:root:-- EPOCH 40 (3.524 seconds):
INFO:root:COST >> 1.2987 +/- 0.014, % updates: 63.277%
INFO:root:-- EPOCH 41 (3.48 seconds):
INFO:root:COST >> 1.2783 +/- 0.0122, % updates: 62.692%
INFO:root:-- EPOCH 42 (3.461 seconds):
INFO:root:COST >> 1.2611 +/- 0.0097, % updates: 62.292%
INFO:root:-- EPOCH 43 (3.356 seconds):
INFO:root:COST >> 1.2394 +/- 0.0127, % updates: 61.837%
INFO:root:-- EPOCH 44 (3.603 seconds):
INFO:root:COST >> 1.2221 +/- 0.0157, % updates: 61.359%
INFO:root:-- EPOCH 45 (3.461 seconds):
INFO:root:COST >> 1.2033 +/- 0.0101, % updates: 60.899%
INFO:root:-- EPOCH 46 (3.763 seconds):
INFO:root:COST >> 1.182 +/- 0.0091, % updates: 60.369%
INFO:root:-- EPOCH 47 (3.321 seconds):
INFO:root:COST >> 1.165 +/- 0.0107, % updates: 59.853%
INFO:root:-- EPOCH 48 (3.458 seconds):
INFO:root:COST >> 1.1445 +/- 0.0072, % updates: 59.244%
INFO:root:-- EPOCH 49 (3.303 seconds):
INFO:root:COST >> 1.1276 +/- 0.0051, % updates: 58.84%
INFO:root:-- EPOCH 50 (3.061 seconds):
INFO:root:COST >> 1.1102 +/- 0.0086, % updates: 58.375%
