INFO:root:Shape for training set: (40961, 141442)
INFO:root:State: {'ndim': '50', 'test_all': 'None', 'test_path': 'None', 'nhid': '50', 'lremb': '10.0', 'seed': '0', 'simfn': 'L1', 'valid_path': 'None', 'nbatches': '10', 'lrparam': '10.0', 'decay': '0.999', 'show_hinton_diagrams': 'False', 'no_rescaling': 'True', 'Nrel': '18', 'ranking_score_right': 'False', 'Nent': '40961', 'Nsyn': '40943', 'method': 'MOMENTUM', 'loss_margin': '1.0', 'C': '1.0', 'epsilon': '1e-06', 'use_db': 'True', 'max_lr': 'None', 'l1_param_weight': 'None', 'filtered': 'False', 'name': 'wn_50/wn_MOMENTUM_360', 'totepochs': '50', 'l2_param_weight': 'None', 'train_path': 'data/wn/WN-train.pkl', 'op': 'TransE'}
INFO:root:Starting the Experiment ..
INFO:root:-- EPOCH 1 (3.144 seconds):
INFO:root:COST >> 3.3086 +/- 0.4887, % updates: 61.923%
INFO:root:-- EPOCH 2 (3.188 seconds):
INFO:root:COST >> 3.0369 +/- 0.2579, % updates: 47.444%
INFO:root:-- EPOCH 3 (3.084 seconds):
INFO:root:COST >> 2.8681 +/- 0.2718, % updates: 45.372%
INFO:root:-- EPOCH 4 (3.105 seconds):
INFO:root:COST >> 2.7756 +/- 0.2693, % updates: 44.292%
INFO:root:-- EPOCH 5 (3.185 seconds):
INFO:root:COST >> 2.7257 +/- 0.2637, % updates: 43.938%
INFO:root:-- EPOCH 6 (3.204 seconds):
INFO:root:COST >> 2.7006 +/- 0.2611, % updates: 43.674%
INFO:root:-- EPOCH 7 (3.219 seconds):
INFO:root:COST >> 2.6683 +/- 0.2582, % updates: 43.523%
INFO:root:-- EPOCH 8 (2.657 seconds):
INFO:root:COST >> 2.6354 +/- 0.2497, % updates: 43.181%
INFO:root:-- EPOCH 9 (3.121 seconds):
INFO:root:COST >> 2.6366 +/- 0.2505, % updates: 43.21%
INFO:root:-- EPOCH 10 (3.207 seconds):
INFO:root:COST >> 2.6171 +/- 0.2449, % updates: 43.038%
INFO:root:-- EPOCH 11 (3.14 seconds):
INFO:root:COST >> 2.5881 +/- 0.242, % updates: 42.904%
INFO:root:-- EPOCH 12 (3.195 seconds):
INFO:root:COST >> 2.5875 +/- 0.2562, % updates: 42.894%
INFO:root:-- EPOCH 13 (3.084 seconds):
INFO:root:COST >> 2.5772 +/- 0.2541, % updates: 42.886%
INFO:root:-- EPOCH 14 (3.138 seconds):
INFO:root:COST >> 2.5644 +/- 0.2499, % updates: 42.889%
INFO:root:-- EPOCH 15 (3.156 seconds):
INFO:root:COST >> 2.5519 +/- 0.2219, % updates: 42.626%
INFO:root:-- EPOCH 16 (3.251 seconds):
INFO:root:COST >> 2.5573 +/- 0.2444, % updates: 42.741%
INFO:root:-- EPOCH 17 (3.228 seconds):
INFO:root:COST >> 2.5506 +/- 0.2458, % updates: 42.857%
INFO:root:-- EPOCH 18 (3.108 seconds):
INFO:root:COST >> 2.5366 +/- 0.2418, % updates: 42.652%
INFO:root:-- EPOCH 19 (3.08 seconds):
INFO:root:COST >> 2.5291 +/- 0.2478, % updates: 42.536%
INFO:root:-- EPOCH 20 (3.105 seconds):
INFO:root:COST >> 2.5281 +/- 0.257, % updates: 42.523%
INFO:root:-- EPOCH 21 (3.101 seconds):
INFO:root:COST >> 2.5278 +/- 0.2532, % updates: 42.594%
INFO:root:-- EPOCH 22 (3.186 seconds):
INFO:root:COST >> 2.5163 +/- 0.2394, % updates: 42.463%
INFO:root:-- EPOCH 23 (3.095 seconds):
INFO:root:COST >> 2.517 +/- 0.243, % updates: 42.523%
INFO:root:-- EPOCH 24 (3.256 seconds):
INFO:root:COST >> 2.5133 +/- 0.2358, % updates: 42.477%
INFO:root:-- EPOCH 25 (3.101 seconds):
INFO:root:COST >> 2.5183 +/- 0.2334, % updates: 42.504%
INFO:root:-- EPOCH 26 (3.188 seconds):
INFO:root:COST >> 2.4993 +/- 0.2325, % updates: 42.387%
INFO:root:-- EPOCH 27 (3.079 seconds):
INFO:root:COST >> 2.5001 +/- 0.2391, % updates: 42.256%
INFO:root:-- EPOCH 28 (3.191 seconds):
INFO:root:COST >> 2.5134 +/- 0.2349, % updates: 42.573%
INFO:root:-- EPOCH 29 (3.121 seconds):
INFO:root:COST >> 2.5118 +/- 0.2227, % updates: 42.463%
INFO:root:-- EPOCH 30 (3.2 seconds):
INFO:root:COST >> 2.5065 +/- 0.2377, % updates: 42.541%
INFO:root:-- EPOCH 31 (3.228 seconds):
INFO:root:COST >> 2.5059 +/- 0.2436, % updates: 42.486%
INFO:root:-- EPOCH 32 (3.229 seconds):
INFO:root:COST >> 2.5101 +/- 0.2515, % updates: 42.448%
INFO:root:-- EPOCH 33 (3.194 seconds):
INFO:root:COST >> 2.5052 +/- 0.2382, % updates: 42.441%
INFO:root:-- EPOCH 34 (3.206 seconds):
INFO:root:COST >> 2.5123 +/- 0.2452, % updates: 42.611%
INFO:root:-- EPOCH 35 (3.118 seconds):
INFO:root:COST >> 2.502 +/- 0.2311, % updates: 42.472%
INFO:root:-- EPOCH 36 (3.109 seconds):
INFO:root:COST >> 2.5058 +/- 0.233, % updates: 42.505%
INFO:root:-- EPOCH 37 (3.143 seconds):
INFO:root:COST >> 2.4963 +/- 0.2355, % updates: 42.227%
INFO:root:-- EPOCH 38 (3.102 seconds):
INFO:root:COST >> 2.5029 +/- 0.2271, % updates: 42.489%
INFO:root:-- EPOCH 39 (3.189 seconds):
INFO:root:COST >> 2.5082 +/- 0.2253, % updates: 42.492%
INFO:root:-- EPOCH 40 (3.201 seconds):
INFO:root:COST >> 2.5112 +/- 0.2319, % updates: 42.496%
INFO:root:-- EPOCH 41 (3.141 seconds):
INFO:root:COST >> 2.4978 +/- 0.2277, % updates: 42.444%
INFO:root:-- EPOCH 42 (3.115 seconds):
INFO:root:COST >> 2.5035 +/- 0.2411, % updates: 42.42%
INFO:root:-- EPOCH 43 (3.112 seconds):
INFO:root:COST >> 2.5032 +/- 0.2429, % updates: 42.37%
INFO:root:-- EPOCH 44 (3.194 seconds):
INFO:root:COST >> 2.4981 +/- 0.2294, % updates: 42.498%
INFO:root:-- EPOCH 45 (3.151 seconds):
INFO:root:COST >> 2.5073 +/- 0.2353, % updates: 42.588%
INFO:root:-- EPOCH 46 (3.117 seconds):
INFO:root:COST >> 2.4979 +/- 0.2343, % updates: 42.339%
INFO:root:-- EPOCH 47 (3.218 seconds):
INFO:root:COST >> 2.4952 +/- 0.2337, % updates: 42.376%
INFO:root:-- EPOCH 48 (3.225 seconds):
INFO:root:COST >> 2.5011 +/- 0.2305, % updates: 42.358%
INFO:root:-- EPOCH 49 (3.237 seconds):
INFO:root:COST >> 2.5011 +/- 0.2366, % updates: 42.405%
INFO:root:-- EPOCH 50 (3.209 seconds):
INFO:root:COST >> 2.4939 +/- 0.2326, % updates: 42.329%
