INFO:root:Shape for training set: (40961, 141442)
INFO:root:State: {'ndim': '50', 'test_all': 'None', 'test_path': 'None', 'nhid': '50', 'lremb': '0.0001', 'seed': '2', 'simfn': 'L1', 'valid_path': 'None', 'nbatches': '10', 'lrparam': '0.0001', 'decay': '0.9', 'show_hinton_diagrams': 'False', 'no_rescaling': 'True', 'Nrel': '18', 'ranking_score_right': 'False', 'Nent': '40961', 'Nsyn': '40943', 'method': 'MOMENTUM', 'loss_margin': '1.0', 'C': '1.0', 'epsilon': '1e-06', 'use_db': 'True', 'max_lr': 'None', 'l1_param_weight': 'None', 'filtered': 'False', 'name': 'wn_50/wn_MOMENTUM_132', 'totepochs': '50', 'l2_param_weight': 'None', 'train_path': 'data/wn/WN-train.pkl', 'op': 'TransE'}
INFO:root:Starting the Experiment ..
INFO:root:-- EPOCH 1 (3.158 seconds):
INFO:root:COST >> 2.1613 +/- 0.0446, % updates: 80.952%
INFO:root:-- EPOCH 2 (3.263 seconds):
INFO:root:COST >> 1.938 +/- 0.0545, % updates: 75.721%
INFO:root:-- EPOCH 3 (3.245 seconds):
INFO:root:COST >> 1.7095 +/- 0.0529, % updates: 71.317%
INFO:root:-- EPOCH 4 (2.872 seconds):
INFO:root:COST >> 1.495 +/- 0.0478, % updates: 66.888%
INFO:root:-- EPOCH 5 (2.704 seconds):
INFO:root:COST >> 1.3004 +/- 0.0454, % updates: 62.787%
INFO:root:-- EPOCH 6 (3.219 seconds):
INFO:root:COST >> 1.1262 +/- 0.0402, % updates: 58.238%
INFO:root:-- EPOCH 7 (3.149 seconds):
INFO:root:COST >> 0.9776 +/- 0.0266, % updates: 54.132%
INFO:root:-- EPOCH 8 (3.172 seconds):
INFO:root:COST >> 0.8511 +/- 0.0283, % updates: 50.236%
INFO:root:-- EPOCH 9 (3.144 seconds):
INFO:root:COST >> 0.742 +/- 0.0206, % updates: 46.469%
INFO:root:-- EPOCH 10 (3.158 seconds):
INFO:root:COST >> 0.6538 +/- 0.0134, % updates: 43.079%
INFO:root:-- EPOCH 11 (3.185 seconds):
INFO:root:COST >> 0.5757 +/- 0.017, % updates: 39.907%
INFO:root:-- EPOCH 12 (3.151 seconds):
INFO:root:COST >> 0.514 +/- 0.0133, % updates: 37.203%
INFO:root:-- EPOCH 13 (3.18 seconds):
INFO:root:COST >> 0.4597 +/- 0.0139, % updates: 34.463%
INFO:root:-- EPOCH 14 (4.368 seconds):
INFO:root:COST >> 0.4169 +/- 0.0069, % updates: 32.376%
INFO:root:-- EPOCH 15 (3.378 seconds):
INFO:root:COST >> 0.3793 +/- 0.0089, % updates: 30.439%
INFO:root:-- EPOCH 16 (3.298 seconds):
INFO:root:COST >> 0.3491 +/- 0.0098, % updates: 28.618%
INFO:root:-- EPOCH 17 (3.3 seconds):
INFO:root:COST >> 0.3215 +/- 0.0066, % updates: 27.117%
INFO:root:-- EPOCH 18 (3.25 seconds):
INFO:root:COST >> 0.2964 +/- 0.0047, % updates: 25.74%
INFO:root:-- EPOCH 19 (3.264 seconds):
INFO:root:COST >> 0.274 +/- 0.0075, % updates: 24.253%
INFO:root:-- EPOCH 20 (3.118 seconds):
INFO:root:COST >> 0.2537 +/- 0.0041, % updates: 23.02%
INFO:root:-- EPOCH 21 (3.212 seconds):
INFO:root:COST >> 0.2357 +/- 0.0046, % updates: 21.865%
INFO:root:-- EPOCH 22 (3.267 seconds):
INFO:root:COST >> 0.2228 +/- 0.0038, % updates: 20.842%
INFO:root:-- EPOCH 23 (3.17 seconds):
INFO:root:COST >> 0.2099 +/- 0.0037, % updates: 20.019%
INFO:root:-- EPOCH 24 (3.249 seconds):
INFO:root:COST >> 0.1956 +/- 0.0031, % updates: 19.013%
INFO:root:-- EPOCH 25 (3.237 seconds):
INFO:root:COST >> 0.1842 +/- 0.0027, % updates: 18.275%
INFO:root:-- EPOCH 26 (3.294 seconds):
INFO:root:COST >> 0.1765 +/- 0.0032, % updates: 17.717%
INFO:root:-- EPOCH 27 (3.279 seconds):
INFO:root:COST >> 0.1643 +/- 0.0029, % updates: 16.903%
INFO:root:-- EPOCH 28 (3.776 seconds):
INFO:root:COST >> 0.1554 +/- 0.0026, % updates: 16.077%
INFO:root:-- EPOCH 29 (3.276 seconds):
INFO:root:COST >> 0.1494 +/- 0.0027, % updates: 15.582%
INFO:root:-- EPOCH 30 (3.273 seconds):
INFO:root:COST >> 0.1408 +/- 0.0024, % updates: 15.075%
INFO:root:-- EPOCH 31 (3.225 seconds):
INFO:root:COST >> 0.1343 +/- 0.0018, % updates: 14.439%
INFO:root:-- EPOCH 32 (3.223 seconds):
INFO:root:COST >> 0.1285 +/- 0.003, % updates: 14.058%
INFO:root:-- EPOCH 33 (3.235 seconds):
INFO:root:COST >> 0.1231 +/- 0.0021, % updates: 13.623%
INFO:root:-- EPOCH 34 (3.188 seconds):
INFO:root:COST >> 0.1174 +/- 0.0016, % updates: 13.077%
INFO:root:-- EPOCH 35 (3.275 seconds):
INFO:root:COST >> 0.1131 +/- 0.0011, % updates: 12.779%
INFO:root:-- EPOCH 36 (3.265 seconds):
INFO:root:COST >> 0.107 +/- 0.0023, % updates: 12.2%
INFO:root:-- EPOCH 37 (3.191 seconds):
INFO:root:COST >> 0.1022 +/- 0.0036, % updates: 11.818%
INFO:root:-- EPOCH 38 (3.267 seconds):
INFO:root:COST >> 0.0987 +/- 0.0023, % updates: 11.505%
INFO:root:-- EPOCH 39 (3.209 seconds):
INFO:root:COST >> 0.0953 +/- 0.0029, % updates: 11.289%
INFO:root:-- EPOCH 40 (3.254 seconds):
INFO:root:COST >> 0.0913 +/- 0.0024, % updates: 10.899%
INFO:root:-- EPOCH 41 (3.234 seconds):
INFO:root:COST >> 0.0882 +/- 0.0015, % updates: 10.61%
INFO:root:-- EPOCH 42 (3.205 seconds):
INFO:root:COST >> 0.0857 +/- 0.0014, % updates: 10.282%
INFO:root:-- EPOCH 43 (3.161 seconds):
INFO:root:COST >> 0.0821 +/- 0.002, % updates: 10.035%
INFO:root:-- EPOCH 44 (3.14 seconds):
INFO:root:COST >> 0.079 +/- 0.0018, % updates: 9.73%
INFO:root:-- EPOCH 45 (3.16 seconds):
INFO:root:COST >> 0.0774 +/- 0.0024, % updates: 9.5%
INFO:root:-- EPOCH 46 (3.231 seconds):
INFO:root:COST >> 0.0743 +/- 0.0014, % updates: 9.274%
INFO:root:-- EPOCH 47 (3.165 seconds):
INFO:root:COST >> 0.0725 +/- 0.0019, % updates: 9.161%
INFO:root:-- EPOCH 48 (3.212 seconds):
INFO:root:COST >> 0.0692 +/- 0.0016, % updates: 8.797%
INFO:root:-- EPOCH 49 (3.164 seconds):
INFO:root:COST >> 0.0677 +/- 0.0013, % updates: 8.65%
INFO:root:-- EPOCH 50 (3.263 seconds):
INFO:root:COST >> 0.0644 +/- 0.001, % updates: 8.395%
