INFO:root:Shape for training set: (40961, 141442)
INFO:root:State: {'ndim': '50', 'test_all': 'None', 'test_path': 'None', 'nhid': '50', 'lremb': '1.0', 'seed': '0', 'simfn': 'L1', 'valid_path': 'None', 'nbatches': '10', 'lrparam': '1.0', 'decay': '0.99', 'show_hinton_diagrams': 'False', 'no_rescaling': 'True', 'Nrel': '18', 'ranking_score_right': 'False', 'Nent': '40961', 'Nsyn': '40943', 'method': 'MOMENTUM', 'loss_margin': '1.0', 'C': '1.0', 'epsilon': '1e-06', 'use_db': 'True', 'max_lr': 'None', 'l1_param_weight': 'None', 'filtered': 'False', 'name': 'wn_50/wn_MOMENTUM_320', 'totepochs': '50', 'l2_param_weight': 'None', 'train_path': 'data/wn/WN-train.pkl', 'op': 'TransE'}
INFO:root:Starting the Experiment ..
INFO:root:-- EPOCH 1 (3.194 seconds):
INFO:root:COST >> 3.3074 +/- 0.4933, % updates: 61.94%
INFO:root:-- EPOCH 2 (3.23 seconds):
INFO:root:COST >> 3.0895 +/- 0.281, % updates: 47.494%
INFO:root:-- EPOCH 3 (3.224 seconds):
INFO:root:COST >> 2.9759 +/- 0.3027, % updates: 45.592%
INFO:root:-- EPOCH 4 (3.236 seconds):
INFO:root:COST >> 2.9368 +/- 0.3053, % updates: 44.752%
INFO:root:-- EPOCH 5 (3.278 seconds):
INFO:root:COST >> 2.9258 +/- 0.304, % updates: 44.449%
INFO:root:-- EPOCH 6 (3.184 seconds):
INFO:root:COST >> 2.9378 +/- 0.302, % updates: 44.142%
INFO:root:-- EPOCH 7 (2.78 seconds):
INFO:root:COST >> 2.9347 +/- 0.3128, % updates: 44.074%
INFO:root:-- EPOCH 8 (3.047 seconds):
INFO:root:COST >> 2.9327 +/- 0.2982, % updates: 43.719%
INFO:root:-- EPOCH 9 (3.167 seconds):
INFO:root:COST >> 2.9717 +/- 0.3041, % updates: 43.868%
INFO:root:-- EPOCH 10 (3.232 seconds):
INFO:root:COST >> 2.973 +/- 0.2936, % updates: 43.779%
INFO:root:-- EPOCH 11 (3.225 seconds):
INFO:root:COST >> 2.9593 +/- 0.2929, % updates: 43.568%
INFO:root:-- EPOCH 12 (3.219 seconds):
INFO:root:COST >> 2.9816 +/- 0.3085, % updates: 43.492%
INFO:root:-- EPOCH 13 (3.155 seconds):
INFO:root:COST >> 2.9853 +/- 0.3141, % updates: 43.485%
INFO:root:-- EPOCH 14 (3.208 seconds):
INFO:root:COST >> 2.9971 +/- 0.3134, % updates: 43.486%
INFO:root:-- EPOCH 15 (3.135 seconds):
INFO:root:COST >> 2.999 +/- 0.2883, % updates: 43.457%
INFO:root:-- EPOCH 16 (3.146 seconds):
INFO:root:COST >> 3.0154 +/- 0.3099, % updates: 43.672%
INFO:root:-- EPOCH 17 (3.242 seconds):
INFO:root:COST >> 3.0078 +/- 0.309, % updates: 43.479%
INFO:root:-- EPOCH 18 (3.279 seconds):
INFO:root:COST >> 3.0072 +/- 0.3001, % updates: 43.383%
INFO:root:-- EPOCH 19 (3.219 seconds):
INFO:root:COST >> 3.0013 +/- 0.3088, % updates: 43.394%
INFO:root:-- EPOCH 20 (3.222 seconds):
INFO:root:COST >> 3.013 +/- 0.3224, % updates: 43.378%
INFO:root:-- EPOCH 21 (3.222 seconds):
INFO:root:COST >> 3.0181 +/- 0.3144, % updates: 43.337%
INFO:root:-- EPOCH 22 (3.18 seconds):
INFO:root:COST >> 3.0126 +/- 0.3027, % updates: 43.339%
INFO:root:-- EPOCH 23 (3.14 seconds):
INFO:root:COST >> 3.0223 +/- 0.3037, % updates: 43.4%
INFO:root:-- EPOCH 24 (3.094 seconds):
INFO:root:COST >> 3.0133 +/- 0.3051, % updates: 43.219%
INFO:root:-- EPOCH 25 (3.155 seconds):
INFO:root:COST >> 3.0263 +/- 0.2985, % updates: 43.37%
INFO:root:-- EPOCH 26 (3.192 seconds):
INFO:root:COST >> 3.0141 +/- 0.2935, % updates: 43.359%
INFO:root:-- EPOCH 27 (3.25 seconds):
INFO:root:COST >> 3.0138 +/- 0.3111, % updates: 43.219%
INFO:root:-- EPOCH 28 (3.157 seconds):
INFO:root:COST >> 3.0261 +/- 0.3001, % updates: 43.451%
INFO:root:-- EPOCH 29 (3.116 seconds):
INFO:root:COST >> 3.0343 +/- 0.2974, % updates: 43.482%
INFO:root:-- EPOCH 30 (3.206 seconds):
INFO:root:COST >> 3.0298 +/- 0.2945, % updates: 43.404%
INFO:root:-- EPOCH 31 (3.109 seconds):
INFO:root:COST >> 3.0322 +/- 0.3035, % updates: 43.347%
INFO:root:-- EPOCH 32 (3.217 seconds):
INFO:root:COST >> 3.025 +/- 0.3149, % updates: 43.371%
INFO:root:-- EPOCH 33 (3.215 seconds):
INFO:root:COST >> 3.0361 +/- 0.3093, % updates: 43.353%
INFO:root:-- EPOCH 34 (3.199 seconds):
INFO:root:COST >> 3.0233 +/- 0.3194, % updates: 43.416%
INFO:root:-- EPOCH 35 (3.197 seconds):
INFO:root:COST >> 3.0267 +/- 0.295, % updates: 43.371%
INFO:root:-- EPOCH 36 (3.147 seconds):
INFO:root:COST >> 3.032 +/- 0.3056, % updates: 43.38%
INFO:root:-- EPOCH 37 (3.232 seconds):
INFO:root:COST >> 3.029 +/- 0.3019, % updates: 43.352%
INFO:root:-- EPOCH 38 (3.199 seconds):
INFO:root:COST >> 3.0375 +/- 0.3002, % updates: 43.404%
INFO:root:-- EPOCH 39 (3.233 seconds):
INFO:root:COST >> 3.0347 +/- 0.2968, % updates: 43.414%
INFO:root:-- EPOCH 40 (3.115 seconds):
INFO:root:COST >> 3.0447 +/- 0.2938, % updates: 43.458%
INFO:root:-- EPOCH 41 (3.226 seconds):
INFO:root:COST >> 3.0202 +/- 0.2962, % updates: 43.328%
INFO:root:-- EPOCH 42 (3.149 seconds):
INFO:root:COST >> 3.0313 +/- 0.3102, % updates: 43.346%
INFO:root:-- EPOCH 43 (3.171 seconds):
INFO:root:COST >> 3.0301 +/- 0.3111, % updates: 43.471%
INFO:root:-- EPOCH 44 (3.253 seconds):
INFO:root:COST >> 3.0264 +/- 0.2962, % updates: 43.477%
INFO:root:-- EPOCH 45 (3.113 seconds):
INFO:root:COST >> 3.0385 +/- 0.3062, % updates: 43.494%
INFO:root:-- EPOCH 46 (3.242 seconds):
INFO:root:COST >> 3.0344 +/- 0.3151, % updates: 43.493%
INFO:root:-- EPOCH 47 (3.175 seconds):
INFO:root:COST >> 3.0312 +/- 0.3022, % updates: 43.465%
INFO:root:-- EPOCH 48 (3.238 seconds):
INFO:root:COST >> 3.0245 +/- 0.2965, % updates: 43.237%
INFO:root:-- EPOCH 49 (3.116 seconds):
INFO:root:COST >> 3.027 +/- 0.3122, % updates: 43.349%
INFO:root:-- EPOCH 50 (3.142 seconds):
INFO:root:COST >> 3.0274 +/- 0.3023, % updates: 43.272%
