INFO:root:Shape for training set: (40961, 141442)
INFO:root:State: {'ndim': '50', 'test_all': 'None', 'test_path': 'None', 'nhid': '50', 'lremb': '0.01', 'seed': '9', 'simfn': 'L1', 'valid_path': 'None', 'nbatches': '10', 'lrparam': '0.01', 'decay': '0.9', 'show_hinton_diagrams': 'False', 'no_rescaling': 'True', 'Nrel': '18', 'ranking_score_right': 'False', 'Nent': '40961', 'Nsyn': '40943', 'method': 'MOMENTUM', 'loss_margin': '1.0', 'C': '1.0', 'epsilon': '1e-06', 'use_db': 'True', 'max_lr': 'None', 'l1_param_weight': 'None', 'filtered': 'False', 'name': 'wn_50/wn_MOMENTUM_239', 'totepochs': '50', 'l2_param_weight': 'None', 'train_path': 'data/wn/WN-train.pkl', 'op': 'TransE'}
INFO:root:Starting the Experiment ..
INFO:root:-- EPOCH 1 (3.155 seconds):
INFO:root:COST >> 2.2303 +/- 0.1384, % updates: 66.471%
INFO:root:-- EPOCH 2 (3.193 seconds):
INFO:root:COST >> 2.2148 +/- 0.2676, % updates: 47.711%
INFO:root:-- EPOCH 3 (3.147 seconds):
INFO:root:COST >> 2.3225 +/- 0.2543, % updates: 43.933%
INFO:root:-- EPOCH 4 (3.221 seconds):
INFO:root:COST >> 2.4277 +/- 0.2462, % updates: 43.014%
INFO:root:-- EPOCH 5 (3.228 seconds):
INFO:root:COST >> 2.5143 +/- 0.246, % updates: 42.776%
INFO:root:-- EPOCH 6 (3.199 seconds):
INFO:root:COST >> 2.5502 +/- 0.2282, % updates: 42.389%
INFO:root:-- EPOCH 7 (3.2 seconds):
INFO:root:COST >> 2.5669 +/- 0.2177, % updates: 42.233%
INFO:root:-- EPOCH 8 (3.152 seconds):
INFO:root:COST >> 2.5885 +/- 0.2015, % updates: 42.125%
INFO:root:-- EPOCH 9 (3.103 seconds):
INFO:root:COST >> 2.5992 +/- 0.2153, % updates: 41.994%
INFO:root:-- EPOCH 10 (3.23 seconds):
INFO:root:COST >> 2.6096 +/- 0.202, % updates: 42.035%
INFO:root:-- EPOCH 11 (3.101 seconds):
INFO:root:COST >> 2.6019 +/- 0.2134, % updates: 41.899%
INFO:root:-- EPOCH 12 (3.131 seconds):
INFO:root:COST >> 2.6042 +/- 0.2075, % updates: 41.903%
INFO:root:-- EPOCH 13 (3.105 seconds):
INFO:root:COST >> 2.6201 +/- 0.2142, % updates: 42.066%
INFO:root:-- EPOCH 14 (3.114 seconds):
INFO:root:COST >> 2.615 +/- 0.2107, % updates: 41.864%
INFO:root:-- EPOCH 15 (3.118 seconds):
INFO:root:COST >> 2.6162 +/- 0.199, % updates: 41.969%
INFO:root:-- EPOCH 16 (3.153 seconds):
INFO:root:COST >> 2.6211 +/- 0.2174, % updates: 41.833%
INFO:root:-- EPOCH 17 (3.144 seconds):
INFO:root:COST >> 2.6268 +/- 0.2311, % updates: 41.886%
INFO:root:-- EPOCH 18 (3.189 seconds):
INFO:root:COST >> 2.6249 +/- 0.2137, % updates: 41.947%
INFO:root:-- EPOCH 19 (3.197 seconds):
INFO:root:COST >> 2.6273 +/- 0.2181, % updates: 42.017%
INFO:root:-- EPOCH 20 (3.171 seconds):
INFO:root:COST >> 2.6151 +/- 0.2004, % updates: 41.87%
INFO:root:-- EPOCH 21 (3.27 seconds):
INFO:root:COST >> 2.6275 +/- 0.2087, % updates: 41.894%
INFO:root:-- EPOCH 22 (3.221 seconds):
INFO:root:COST >> 2.6289 +/- 0.2072, % updates: 41.769%
INFO:root:-- EPOCH 23 (3.238 seconds):
INFO:root:COST >> 2.6128 +/- 0.2217, % updates: 41.968%
INFO:root:-- EPOCH 24 (3.238 seconds):
INFO:root:COST >> 2.6169 +/- 0.2165, % updates: 41.824%
INFO:root:-- EPOCH 25 (3.137 seconds):
INFO:root:COST >> 2.6216 +/- 0.1931, % updates: 41.88%
INFO:root:-- EPOCH 26 (3.09 seconds):
INFO:root:COST >> 2.631 +/- 0.2147, % updates: 41.884%
INFO:root:-- EPOCH 27 (3.231 seconds):
INFO:root:COST >> 2.6205 +/- 0.1954, % updates: 41.92%
INFO:root:-- EPOCH 28 (3.136 seconds):
INFO:root:COST >> 2.6224 +/- 0.2167, % updates: 41.776%
INFO:root:-- EPOCH 29 (3.207 seconds):
INFO:root:COST >> 2.629 +/- 0.2125, % updates: 41.962%
INFO:root:-- EPOCH 30 (3.225 seconds):
INFO:root:COST >> 2.6182 +/- 0.2156, % updates: 41.764%
INFO:root:-- EPOCH 31 (3.242 seconds):
INFO:root:COST >> 2.6253 +/- 0.2089, % updates: 41.789%
INFO:root:-- EPOCH 32 (3.207 seconds):
INFO:root:COST >> 2.6261 +/- 0.2179, % updates: 41.853%
INFO:root:-- EPOCH 33 (3.128 seconds):
INFO:root:COST >> 2.6269 +/- 0.2085, % updates: 41.885%
INFO:root:-- EPOCH 34 (3.216 seconds):
INFO:root:COST >> 2.6272 +/- 0.2096, % updates: 41.995%
INFO:root:-- EPOCH 35 (3.119 seconds):
INFO:root:COST >> 2.6314 +/- 0.2254, % updates: 41.699%
INFO:root:-- EPOCH 36 (3.21 seconds):
INFO:root:COST >> 2.6294 +/- 0.2219, % updates: 41.872%
INFO:root:-- EPOCH 37 (3.143 seconds):
INFO:root:COST >> 2.6306 +/- 0.2152, % updates: 41.938%
INFO:root:-- EPOCH 38 (3.135 seconds):
INFO:root:COST >> 2.627 +/- 0.2248, % updates: 41.806%
INFO:root:-- EPOCH 39 (3.162 seconds):
INFO:root:COST >> 2.6208 +/- 0.2212, % updates: 41.876%
INFO:root:-- EPOCH 40 (3.205 seconds):
INFO:root:COST >> 2.6224 +/- 0.2179, % updates: 41.813%
INFO:root:-- EPOCH 41 (3.248 seconds):
INFO:root:COST >> 2.6349 +/- 0.2037, % updates: 41.831%
INFO:root:-- EPOCH 42 (3.165 seconds):
INFO:root:COST >> 2.6364 +/- 0.2122, % updates: 41.934%
INFO:root:-- EPOCH 43 (3.224 seconds):
INFO:root:COST >> 2.6241 +/- 0.2094, % updates: 41.889%
INFO:root:-- EPOCH 44 (3.027 seconds):
INFO:root:COST >> 2.6308 +/- 0.2127, % updates: 41.709%
INFO:root:-- EPOCH 45 (2.692 seconds):
INFO:root:COST >> 2.6253 +/- 0.2089, % updates: 41.837%
INFO:root:-- EPOCH 46 (2.99 seconds):
INFO:root:COST >> 2.6386 +/- 0.1957, % updates: 41.953%
INFO:root:-- EPOCH 47 (3.221 seconds):
INFO:root:COST >> 2.6302 +/- 0.2157, % updates: 41.848%
INFO:root:-- EPOCH 48 (3.189 seconds):
INFO:root:COST >> 2.6341 +/- 0.2229, % updates: 41.861%
INFO:root:-- EPOCH 49 (3.187 seconds):
INFO:root:COST >> 2.6322 +/- 0.2138, % updates: 41.807%
INFO:root:-- EPOCH 50 (3.192 seconds):
INFO:root:COST >> 2.6276 +/- 0.2109, % updates: 41.943%
