INFO:root:Shape for training set: (40961, 141442)
INFO:root:State: {'ndim': '50', 'test_all': 'None', 'test_path': 'None', 'nhid': '50', 'lremb': '1e-05', 'seed': '4', 'simfn': 'L1', 'valid_path': 'None', 'nbatches': '10', 'lrparam': '1e-05', 'decay': '0.9', 'show_hinton_diagrams': 'False', 'no_rescaling': 'True', 'Nrel': '18', 'ranking_score_right': 'False', 'Nent': '40961', 'Nsyn': '40943', 'method': 'MOMENTUM', 'loss_margin': '1.0', 'C': '1.0', 'epsilon': '1e-06', 'use_db': 'True', 'max_lr': 'None', 'l1_param_weight': 'None', 'filtered': 'False', 'name': 'wn_50/wn_MOMENTUM_84', 'totepochs': '50', 'l2_param_weight': 'None', 'train_path': 'data/wn/WN-train.pkl', 'op': 'TransE'}
INFO:root:Starting the Experiment ..
INFO:root:-- EPOCH 1 (2.73 seconds):
INFO:root:COST >> 2.2187 +/- 0.0108, % updates: 81.631%
INFO:root:-- EPOCH 2 (2.861 seconds):
INFO:root:COST >> 2.1679 +/- 0.0209, % updates: 81.291%
INFO:root:-- EPOCH 3 (3.209 seconds):
INFO:root:COST >> 2.1106 +/- 0.0173, % updates: 80.55%
INFO:root:-- EPOCH 4 (3.211 seconds):
INFO:root:COST >> 2.0618 +/- 0.0115, % updates: 79.554%
INFO:root:-- EPOCH 5 (3.286 seconds):
INFO:root:COST >> 2.0136 +/- 0.0197, % updates: 78.634%
INFO:root:-- EPOCH 6 (3.256 seconds):
INFO:root:COST >> 1.9805 +/- 0.0148, % updates: 77.781%
INFO:root:-- EPOCH 7 (3.171 seconds):
INFO:root:COST >> 1.935 +/- 0.0142, % updates: 77.032%
INFO:root:-- EPOCH 8 (3.258 seconds):
INFO:root:COST >> 1.9019 +/- 0.0099, % updates: 76.41%
INFO:root:-- EPOCH 9 (3.255 seconds):
INFO:root:COST >> 1.8616 +/- 0.0097, % updates: 75.63%
INFO:root:-- EPOCH 10 (3.282 seconds):
INFO:root:COST >> 1.831 +/- 0.0118, % updates: 75.02%
INFO:root:-- EPOCH 11 (3.291 seconds):
INFO:root:COST >> 1.8 +/- 0.0094, % updates: 74.324%
INFO:root:-- EPOCH 12 (3.261 seconds):
INFO:root:COST >> 1.7631 +/- 0.0195, % updates: 73.721%
INFO:root:-- EPOCH 13 (3.219 seconds):
INFO:root:COST >> 1.7405 +/- 0.0071, % updates: 73.196%
INFO:root:-- EPOCH 14 (3.139 seconds):
INFO:root:COST >> 1.7059 +/- 0.0132, % updates: 72.489%
INFO:root:-- EPOCH 15 (3.225 seconds):
INFO:root:COST >> 1.6764 +/- 0.0093, % updates: 71.858%
INFO:root:-- EPOCH 16 (3.145 seconds):
INFO:root:COST >> 1.6487 +/- 0.0079, % updates: 71.232%
INFO:root:-- EPOCH 17 (3.229 seconds):
INFO:root:COST >> 1.623 +/- 0.0126, % updates: 70.763%
INFO:root:-- EPOCH 18 (3.251 seconds):
INFO:root:COST >> 1.5942 +/- 0.0134, % updates: 70.377%
INFO:root:-- EPOCH 19 (3.186 seconds):
INFO:root:COST >> 1.5683 +/- 0.0106, % updates: 69.623%
INFO:root:-- EPOCH 20 (3.247 seconds):
INFO:root:COST >> 1.546 +/- 0.0094, % updates: 69.096%
INFO:root:-- EPOCH 21 (3.269 seconds):
INFO:root:COST >> 1.5129 +/- 0.0095, % updates: 68.612%
INFO:root:-- EPOCH 22 (3.298 seconds):
INFO:root:COST >> 1.4953 +/- 0.0151, % updates: 68.164%
INFO:root:-- EPOCH 23 (3.177 seconds):
INFO:root:COST >> 1.4656 +/- 0.0094, % updates: 67.516%
INFO:root:-- EPOCH 24 (3.276 seconds):
INFO:root:COST >> 1.4424 +/- 0.0106, % updates: 67.026%
INFO:root:-- EPOCH 25 (4.246 seconds):
INFO:root:COST >> 1.4206 +/- 0.0071, % updates: 66.471%
INFO:root:-- EPOCH 26 (4.247 seconds):
INFO:root:COST >> 1.3943 +/- 0.0124, % updates: 65.941%
INFO:root:-- EPOCH 27 (4.333 seconds):
INFO:root:COST >> 1.3793 +/- 0.0076, % updates: 65.535%
INFO:root:-- EPOCH 28 (4.151 seconds):
INFO:root:COST >> 1.351 +/- 0.0085, % updates: 64.843%
INFO:root:-- EPOCH 29 (4.217 seconds):
INFO:root:COST >> 1.3301 +/- 0.0087, % updates: 64.414%
INFO:root:-- EPOCH 30 (4.278 seconds):
INFO:root:COST >> 1.3115 +/- 0.0091, % updates: 63.885%
INFO:root:-- EPOCH 31 (4.39 seconds):
INFO:root:COST >> 1.2961 +/- 0.0106, % updates: 63.471%
INFO:root:-- EPOCH 32 (4.185 seconds):
INFO:root:COST >> 1.2732 +/- 0.0188, % updates: 63.067%
INFO:root:-- EPOCH 33 (4.231 seconds):
INFO:root:COST >> 1.2516 +/- 0.0074, % updates: 62.528%
INFO:root:-- EPOCH 34 (4.346 seconds):
INFO:root:COST >> 1.2289 +/- 0.0116, % updates: 61.951%
INFO:root:-- EPOCH 35 (4.503 seconds):
INFO:root:COST >> 1.2153 +/- 0.0122, % updates: 61.529%
INFO:root:-- EPOCH 36 (4.478 seconds):
INFO:root:COST >> 1.1984 +/- 0.0096, % updates: 61.12%
INFO:root:-- EPOCH 37 (4.435 seconds):
INFO:root:COST >> 1.1818 +/- 0.0107, % updates: 60.722%
INFO:root:-- EPOCH 38 (4.327 seconds):
INFO:root:COST >> 1.1608 +/- 0.0082, % updates: 60.227%
INFO:root:-- EPOCH 39 (4.238 seconds):
INFO:root:COST >> 1.1403 +/- 0.007, % updates: 59.644%
INFO:root:-- EPOCH 40 (4.168 seconds):
INFO:root:COST >> 1.1248 +/- 0.0073, % updates: 59.125%
INFO:root:-- EPOCH 41 (4.226 seconds):
INFO:root:COST >> 1.1138 +/- 0.0115, % updates: 58.869%
INFO:root:-- EPOCH 42 (4.155 seconds):
INFO:root:COST >> 1.0899 +/- 0.0072, % updates: 58.127%
INFO:root:-- EPOCH 43 (4.223 seconds):
INFO:root:COST >> 1.0745 +/- 0.0076, % updates: 57.835%
INFO:root:-- EPOCH 44 (4.172 seconds):
INFO:root:COST >> 1.061 +/- 0.0102, % updates: 57.498%
INFO:root:-- EPOCH 45 (4.347 seconds):
INFO:root:COST >> 1.0457 +/- 0.0078, % updates: 57.102%
INFO:root:-- EPOCH 46 (4.163 seconds):
INFO:root:COST >> 1.0309 +/- 0.0093, % updates: 56.606%
INFO:root:-- EPOCH 47 (4.263 seconds):
INFO:root:COST >> 1.0167 +/- 0.0077, % updates: 56.155%
INFO:root:-- EPOCH 48 (4.128 seconds):
INFO:root:COST >> 0.9973 +/- 0.008, % updates: 55.574%
INFO:root:-- EPOCH 49 (4.351 seconds):
INFO:root:COST >> 0.9898 +/- 0.0043, % updates: 55.362%
INFO:root:-- EPOCH 50 (4.358 seconds):
INFO:root:COST >> 0.9729 +/- 0.0119, % updates: 54.881%
