INFO:root:Shape for training set: (40961, 141442)
INFO:root:State: {'ndim': '50', 'test_all': 'None', 'test_path': 'None', 'nhid': '50', 'lremb': '10.0', 'seed': '2', 'simfn': 'L1', 'valid_path': 'None', 'nbatches': '10', 'lrparam': '10.0', 'decay': '0.99', 'show_hinton_diagrams': 'False', 'no_rescaling': 'True', 'Nrel': '18', 'ranking_score_right': 'False', 'Nent': '40961', 'Nsyn': '40943', 'method': 'MOMENTUM', 'loss_margin': '1.0', 'C': '1.0', 'epsilon': '1e-06', 'use_db': 'True', 'max_lr': 'None', 'l1_param_weight': 'None', 'filtered': 'False', 'name': 'wn_50/wn_MOMENTUM_372', 'totepochs': '50', 'l2_param_weight': 'None', 'train_path': 'data/wn/WN-train.pkl', 'op': 'TransE'}
INFO:root:Starting the Experiment ..
INFO:root:-- EPOCH 1 (3.967 seconds):
INFO:root:COST >> 3.3463 +/- 0.5082, % updates: 61.203%
INFO:root:-- EPOCH 2 (3.185 seconds):
INFO:root:COST >> 3.1238 +/- 0.2899, % updates: 47.395%
INFO:root:-- EPOCH 3 (3.238 seconds):
INFO:root:COST >> 2.9938 +/- 0.2994, % updates: 45.392%
INFO:root:-- EPOCH 4 (3.236 seconds):
INFO:root:COST >> 2.9705 +/- 0.2871, % updates: 44.827%
INFO:root:-- EPOCH 5 (3.214 seconds):
INFO:root:COST >> 2.9561 +/- 0.2858, % updates: 44.324%
INFO:root:-- EPOCH 6 (3.204 seconds):
INFO:root:COST >> 2.9631 +/- 0.2916, % updates: 44.05%
INFO:root:-- EPOCH 7 (3.227 seconds):
INFO:root:COST >> 2.9511 +/- 0.2834, % updates: 43.825%
INFO:root:-- EPOCH 8 (3.184 seconds):
INFO:root:COST >> 2.9686 +/- 0.3164, % updates: 43.721%
INFO:root:-- EPOCH 9 (2.787 seconds):
INFO:root:COST >> 2.984 +/- 0.2934, % updates: 43.645%
INFO:root:-- EPOCH 10 (2.715 seconds):
INFO:root:COST >> 2.9862 +/- 0.2895, % updates: 43.557%
INFO:root:-- EPOCH 11 (3.171 seconds):
INFO:root:COST >> 3.0075 +/- 0.3003, % updates: 43.618%
INFO:root:-- EPOCH 12 (3.195 seconds):
INFO:root:COST >> 2.9952 +/- 0.2973, % updates: 43.386%
INFO:root:-- EPOCH 13 (3.118 seconds):
INFO:root:COST >> 3.0085 +/- 0.3026, % updates: 43.476%
INFO:root:-- EPOCH 14 (3.109 seconds):
INFO:root:COST >> 3.0165 +/- 0.3055, % updates: 43.365%
INFO:root:-- EPOCH 15 (3.203 seconds):
INFO:root:COST >> 3.0226 +/- 0.2978, % updates: 43.482%
INFO:root:-- EPOCH 16 (3.18 seconds):
INFO:root:COST >> 3.0181 +/- 0.3001, % updates: 43.365%
INFO:root:-- EPOCH 17 (3.101 seconds):
INFO:root:COST >> 3.0255 +/- 0.3072, % updates: 43.347%
INFO:root:-- EPOCH 18 (3.096 seconds):
INFO:root:COST >> 3.0334 +/- 0.2917, % updates: 43.349%
INFO:root:-- EPOCH 19 (3.147 seconds):
INFO:root:COST >> 3.0418 +/- 0.3057, % updates: 43.298%
INFO:root:-- EPOCH 20 (3.114 seconds):
INFO:root:COST >> 3.0349 +/- 0.3055, % updates: 43.348%
INFO:root:-- EPOCH 21 (3.206 seconds):
INFO:root:COST >> 3.0512 +/- 0.299, % updates: 43.393%
INFO:root:-- EPOCH 22 (3.146 seconds):
INFO:root:COST >> 3.039 +/- 0.2775, % updates: 43.308%
INFO:root:-- EPOCH 23 (3.105 seconds):
INFO:root:COST >> 3.0353 +/- 0.2975, % updates: 43.248%
INFO:root:-- EPOCH 24 (3.209 seconds):
INFO:root:COST >> 3.0377 +/- 0.3143, % updates: 43.244%
INFO:root:-- EPOCH 25 (3.136 seconds):
INFO:root:COST >> 3.0452 +/- 0.3019, % updates: 43.314%
INFO:root:-- EPOCH 26 (3.196 seconds):
INFO:root:COST >> 3.0406 +/- 0.2927, % updates: 43.338%
INFO:root:-- EPOCH 27 (3.226 seconds):
INFO:root:COST >> 3.0586 +/- 0.3113, % updates: 43.323%
INFO:root:-- EPOCH 28 (3.235 seconds):
INFO:root:COST >> 3.0535 +/- 0.3093, % updates: 43.379%
INFO:root:-- EPOCH 29 (3.21 seconds):
INFO:root:COST >> 3.0479 +/- 0.3024, % updates: 43.371%
INFO:root:-- EPOCH 30 (3.226 seconds):
INFO:root:COST >> 3.0646 +/- 0.2967, % updates: 43.386%
INFO:root:-- EPOCH 31 (3.161 seconds):
INFO:root:COST >> 3.0511 +/- 0.3109, % updates: 43.334%
INFO:root:-- EPOCH 32 (3.216 seconds):
INFO:root:COST >> 3.0517 +/- 0.3046, % updates: 43.246%
INFO:root:-- EPOCH 33 (3.164 seconds):
INFO:root:COST >> 3.0526 +/- 0.3052, % updates: 43.328%
INFO:root:-- EPOCH 34 (3.227 seconds):
INFO:root:COST >> 3.0441 +/- 0.3101, % updates: 43.199%
INFO:root:-- EPOCH 35 (3.106 seconds):
INFO:root:COST >> 3.0593 +/- 0.2956, % updates: 43.357%
INFO:root:-- EPOCH 36 (3.129 seconds):
INFO:root:COST >> 3.0604 +/- 0.3105, % updates: 43.329%
INFO:root:-- EPOCH 37 (3.193 seconds):
INFO:root:COST >> 3.0484 +/- 0.2958, % updates: 43.167%
INFO:root:-- EPOCH 38 (3.1 seconds):
INFO:root:COST >> 3.0594 +/- 0.2911, % updates: 43.337%
INFO:root:-- EPOCH 39 (3.122 seconds):
INFO:root:COST >> 3.0468 +/- 0.2912, % updates: 43.231%
INFO:root:-- EPOCH 40 (3.189 seconds):
INFO:root:COST >> 3.0459 +/- 0.3191, % updates: 43.254%
INFO:root:-- EPOCH 41 (3.187 seconds):
INFO:root:COST >> 3.052 +/- 0.3069, % updates: 43.299%
INFO:root:-- EPOCH 42 (3.123 seconds):
INFO:root:COST >> 3.079 +/- 0.2906, % updates: 43.495%
INFO:root:-- EPOCH 43 (3.165 seconds):
INFO:root:COST >> 3.0483 +/- 0.3119, % updates: 43.215%
INFO:root:-- EPOCH 44 (3.114 seconds):
INFO:root:COST >> 3.0567 +/- 0.3028, % updates: 43.379%
INFO:root:-- EPOCH 45 (3.159 seconds):
INFO:root:COST >> 3.0535 +/- 0.2776, % updates: 43.162%
INFO:root:-- EPOCH 46 (3.103 seconds):
INFO:root:COST >> 3.0506 +/- 0.3017, % updates: 43.281%
INFO:root:-- EPOCH 47 (3.197 seconds):
INFO:root:COST >> 3.0534 +/- 0.3062, % updates: 43.312%
INFO:root:-- EPOCH 48 (3.206 seconds):
INFO:root:COST >> 3.055 +/- 0.2945, % updates: 43.32%
INFO:root:-- EPOCH 49 (3.128 seconds):
INFO:root:COST >> 3.0497 +/- 0.2916, % updates: 43.24%
INFO:root:-- EPOCH 50 (3.087 seconds):
INFO:root:COST >> 3.0446 +/- 0.3141, % updates: 43.247%
