INFO:root:Shape for training set: (40961, 141442)
INFO:root:State: {'ndim': '50', 'test_all': 'None', 'test_path': 'None', 'nhid': '50', 'lremb': '1e-05', 'seed': '2', 'simfn': 'L1', 'valid_path': 'None', 'nbatches': '10', 'lrparam': '1e-05', 'decay': '0.5', 'show_hinton_diagrams': 'False', 'no_rescaling': 'True', 'Nrel': '18', 'ranking_score_right': 'False', 'Nent': '40961', 'Nsyn': '40943', 'method': 'MOMENTUM', 'loss_margin': '1.0', 'C': '1.0', 'epsilon': '1e-06', 'use_db': 'True', 'max_lr': 'None', 'l1_param_weight': 'None', 'filtered': 'False', 'name': 'wn_50/wn_MOMENTUM_92', 'totepochs': '50', 'l2_param_weight': 'None', 'train_path': 'data/wn/WN-train.pkl', 'op': 'TransE'}
INFO:root:Starting the Experiment ..
INFO:root:-- EPOCH 1 (3.084 seconds):
INFO:root:COST >> 2.2211 +/- 0.009, % updates: 81.57%
INFO:root:-- EPOCH 2 (3.3 seconds):
INFO:root:COST >> 2.2024 +/- 0.0146, % updates: 81.507%
INFO:root:-- EPOCH 3 (3.103 seconds):
INFO:root:COST >> 2.1882 +/- 0.0104, % updates: 81.522%
INFO:root:-- EPOCH 4 (3.149 seconds):
INFO:root:COST >> 2.1715 +/- 0.0135, % updates: 81.369%
INFO:root:-- EPOCH 5 (3.247 seconds):
INFO:root:COST >> 2.1593 +/- 0.0162, % updates: 81.326%
INFO:root:-- EPOCH 6 (3.233 seconds):
INFO:root:COST >> 2.1452 +/- 0.0103, % updates: 81.102%
INFO:root:-- EPOCH 7 (3.268 seconds):
INFO:root:COST >> 2.127 +/- 0.0098, % updates: 80.942%
INFO:root:-- EPOCH 8 (3.278 seconds):
INFO:root:COST >> 2.1235 +/- 0.0099, % updates: 80.919%
INFO:root:-- EPOCH 9 (3.232 seconds):
INFO:root:COST >> 2.1079 +/- 0.0109, % updates: 80.606%
INFO:root:-- EPOCH 10 (3.262 seconds):
INFO:root:COST >> 2.0999 +/- 0.0124, % updates: 80.648%
INFO:root:-- EPOCH 11 (3.257 seconds):
INFO:root:COST >> 2.0817 +/- 0.0094, % updates: 80.209%
INFO:root:-- EPOCH 12 (3.255 seconds):
INFO:root:COST >> 2.0781 +/- 0.0102, % updates: 80.262%
INFO:root:-- EPOCH 13 (3.264 seconds):
INFO:root:COST >> 2.0636 +/- 0.0098, % updates: 79.947%
INFO:root:-- EPOCH 14 (3.198 seconds):
INFO:root:COST >> 2.055 +/- 0.0087, % updates: 79.884%
INFO:root:-- EPOCH 15 (3.28 seconds):
INFO:root:COST >> 2.0487 +/- 0.0121, % updates: 79.666%
INFO:root:-- EPOCH 16 (3.166 seconds):
INFO:root:COST >> 2.0408 +/- 0.0135, % updates: 79.534%
INFO:root:-- EPOCH 17 (3.249 seconds):
INFO:root:COST >> 2.0283 +/- 0.0132, % updates: 79.305%
INFO:root:-- EPOCH 18 (3.275 seconds):
INFO:root:COST >> 2.0222 +/- 0.0158, % updates: 79.128%
INFO:root:-- EPOCH 19 (3.302 seconds):
INFO:root:COST >> 2.0135 +/- 0.0079, % updates: 78.978%
INFO:root:-- EPOCH 20 (3.174 seconds):
INFO:root:COST >> 2.0002 +/- 0.0115, % updates: 78.739%
INFO:root:-- EPOCH 21 (3.251 seconds):
INFO:root:COST >> 1.9939 +/- 0.0119, % updates: 78.597%
INFO:root:-- EPOCH 22 (3.251 seconds):
INFO:root:COST >> 1.9896 +/- 0.0108, % updates: 78.532%
INFO:root:-- EPOCH 23 (3.242 seconds):
INFO:root:COST >> 1.9771 +/- 0.0138, % updates: 78.214%
INFO:root:-- EPOCH 24 (3.172 seconds):
INFO:root:COST >> 1.9674 +/- 0.0102, % updates: 78.071%
INFO:root:-- EPOCH 25 (3.224 seconds):
INFO:root:COST >> 1.9611 +/- 0.0102, % updates: 77.912%
INFO:root:-- EPOCH 26 (3.273 seconds):
INFO:root:COST >> 1.9544 +/- 0.0129, % updates: 77.746%
INFO:root:-- EPOCH 27 (3.193 seconds):
INFO:root:COST >> 1.944 +/- 0.0113, % updates: 77.572%
INFO:root:-- EPOCH 28 (3.194 seconds):
INFO:root:COST >> 1.9391 +/- 0.0102, % updates: 77.438%
INFO:root:-- EPOCH 29 (3.173 seconds):
INFO:root:COST >> 1.9299 +/- 0.0112, % updates: 77.253%
INFO:root:-- EPOCH 30 (3.152 seconds):
INFO:root:COST >> 1.9207 +/- 0.0138, % updates: 77.192%
INFO:root:-- EPOCH 31 (3.184 seconds):
INFO:root:COST >> 1.9135 +/- 0.0097, % updates: 77.025%
INFO:root:-- EPOCH 32 (3.164 seconds):
INFO:root:COST >> 1.9073 +/- 0.0124, % updates: 76.73%
INFO:root:-- EPOCH 33 (3.272 seconds):
INFO:root:COST >> 1.8942 +/- 0.0111, % updates: 76.531%
INFO:root:-- EPOCH 34 (3.248 seconds):
INFO:root:COST >> 1.8917 +/- 0.0088, % updates: 76.464%
INFO:root:-- EPOCH 35 (3.259 seconds):
INFO:root:COST >> 1.8852 +/- 0.0124, % updates: 76.418%
INFO:root:-- EPOCH 36 (3.299 seconds):
INFO:root:COST >> 1.8795 +/- 0.0074, % updates: 76.278%
INFO:root:-- EPOCH 37 (3.247 seconds):
INFO:root:COST >> 1.8684 +/- 0.0156, % updates: 75.943%
INFO:root:-- EPOCH 38 (3.183 seconds):
INFO:root:COST >> 1.8647 +/- 0.0119, % updates: 75.853%
INFO:root:-- EPOCH 39 (3.156 seconds):
INFO:root:COST >> 1.8572 +/- 0.0134, % updates: 75.801%
INFO:root:-- EPOCH 40 (3.172 seconds):
INFO:root:COST >> 1.8484 +/- 0.0104, % updates: 75.542%
INFO:root:-- EPOCH 41 (3.145 seconds):
INFO:root:COST >> 1.8413 +/- 0.0121, % updates: 75.567%
INFO:root:-- EPOCH 42 (3.263 seconds):
INFO:root:COST >> 1.8324 +/- 0.0118, % updates: 75.292%
INFO:root:-- EPOCH 43 (3.245 seconds):
INFO:root:COST >> 1.8287 +/- 0.0133, % updates: 75.206%
INFO:root:-- EPOCH 44 (3.257 seconds):
INFO:root:COST >> 1.8207 +/- 0.0113, % updates: 74.963%
INFO:root:-- EPOCH 45 (3.163 seconds):
INFO:root:COST >> 1.8174 +/- 0.0121, % updates: 75.098%
INFO:root:-- EPOCH 46 (3.146 seconds):
INFO:root:COST >> 1.8126 +/- 0.0124, % updates: 74.841%
INFO:root:-- EPOCH 47 (3.145 seconds):
INFO:root:COST >> 1.8118 +/- 0.0093, % updates: 74.831%
INFO:root:-- EPOCH 48 (3.164 seconds):
INFO:root:COST >> 1.7945 +/- 0.0078, % updates: 74.543%
INFO:root:-- EPOCH 49 (3.215 seconds):
INFO:root:COST >> 1.7948 +/- 0.0127, % updates: 74.574%
INFO:root:-- EPOCH 50 (3.159 seconds):
INFO:root:COST >> 1.7789 +/- 0.0144, % updates: 74.349%
