INFO:root:Shape for training set: (40961, 141442)
INFO:root:State: {'ndim': '50', 'test_all': 'None', 'test_path': 'None', 'nhid': '50', 'lremb': '0.001', 'seed': '3', 'simfn': 'L1', 'valid_path': 'None', 'nbatches': '10', 'lrparam': '0.001', 'decay': '0.5', 'show_hinton_diagrams': 'False', 'no_rescaling': 'True', 'Nrel': '18', 'ranking_score_right': 'False', 'Nent': '40961', 'Nsyn': '40943', 'method': 'MOMENTUM', 'loss_margin': '1.0', 'C': '1.0', 'epsilon': '1e-06', 'use_db': 'True', 'max_lr': 'None', 'l1_param_weight': 'None', 'filtered': 'False', 'name': 'wn_50/wn_MOMENTUM_193', 'totepochs': '50', 'l2_param_weight': 'None', 'train_path': 'data/wn/WN-train.pkl', 'op': 'TransE'}
INFO:root:Starting the Experiment ..
INFO:root:-- EPOCH 1 (3.125 seconds):
INFO:root:COST >> 2.0631 +/- 0.0933, % updates: 76.721%
INFO:root:-- EPOCH 2 (3.229 seconds):
INFO:root:COST >> 1.6668 +/- 0.0519, % updates: 67.959%
INFO:root:-- EPOCH 3 (3.212 seconds):
INFO:root:COST >> 1.3932 +/- 0.0365, % updates: 61.897%
INFO:root:-- EPOCH 4 (3.247 seconds):
INFO:root:COST >> 1.2208 +/- 0.0159, % updates: 57.348%
INFO:root:-- EPOCH 5 (3.138 seconds):
INFO:root:COST >> 1.1264 +/- 0.0191, % updates: 53.772%
INFO:root:-- EPOCH 6 (3.137 seconds):
INFO:root:COST >> 1.0871 +/- 0.0168, % updates: 51.426%
INFO:root:-- EPOCH 7 (3.221 seconds):
INFO:root:COST >> 1.0392 +/- 0.0338, % updates: 49.401%
INFO:root:-- EPOCH 8 (3.111 seconds):
INFO:root:COST >> 1.1027 +/- 0.0437, % updates: 49.5%
INFO:root:-- EPOCH 9 (3.116 seconds):
INFO:root:COST >> 1.1714 +/- 0.0273, % updates: 49.765%
INFO:root:-- EPOCH 10 (3.142 seconds):
INFO:root:COST >> 1.1857 +/- 0.0379, % updates: 49.353%
INFO:root:-- EPOCH 11 (3.124 seconds):
INFO:root:COST >> 1.1699 +/- 0.0152, % updates: 49.18%
INFO:root:-- EPOCH 12 (3.14 seconds):
INFO:root:COST >> 1.147 +/- 0.0165, % updates: 48.786%
INFO:root:-- EPOCH 13 (3.151 seconds):
INFO:root:COST >> 1.1296 +/- 0.0185, % updates: 48.403%
INFO:root:-- EPOCH 14 (3.177 seconds):
INFO:root:COST >> 1.1326 +/- 0.0199, % updates: 48.343%
INFO:root:-- EPOCH 15 (3.128 seconds):
INFO:root:COST >> 1.1155 +/- 0.0128, % updates: 48.335%
INFO:root:-- EPOCH 16 (3.109 seconds):
INFO:root:COST >> 1.0901 +/- 0.0109, % updates: 48.256%
INFO:root:-- EPOCH 17 (3.167 seconds):
INFO:root:COST >> 1.0784 +/- 0.0137, % updates: 48.039%
INFO:root:-- EPOCH 18 (3.192 seconds):
INFO:root:COST >> 1.0604 +/- 0.022, % updates: 47.79%
INFO:root:-- EPOCH 19 (3.257 seconds):
INFO:root:COST >> 1.0596 +/- 0.0229, % updates: 47.483%
INFO:root:-- EPOCH 20 (3.116 seconds):
INFO:root:COST >> 1.0562 +/- 0.0231, % updates: 47.408%
INFO:root:-- EPOCH 21 (3.143 seconds):
INFO:root:COST >> 1.0574 +/- 0.0175, % updates: 47.396%
INFO:root:-- EPOCH 22 (3.145 seconds):
INFO:root:COST >> 1.0455 +/- 0.0166, % updates: 47.54%
INFO:root:-- EPOCH 23 (3.114 seconds):
INFO:root:COST >> 1.0411 +/- 0.0194, % updates: 47.558%
INFO:root:-- EPOCH 24 (3.178 seconds):
INFO:root:COST >> 1.0404 +/- 0.0189, % updates: 47.726%
INFO:root:-- EPOCH 25 (3.234 seconds):
INFO:root:COST >> 1.0348 +/- 0.0242, % updates: 47.206%
INFO:root:-- EPOCH 26 (3.156 seconds):
INFO:root:COST >> 1.0367 +/- 0.0232, % updates: 47.156%
INFO:root:-- EPOCH 27 (3.157 seconds):
INFO:root:COST >> 1.0316 +/- 0.0158, % updates: 47.135%
INFO:root:-- EPOCH 28 (3.129 seconds):
INFO:root:COST >> 1.0285 +/- 0.0135, % updates: 47.306%
INFO:root:-- EPOCH 29 (3.143 seconds):
INFO:root:COST >> 1.0288 +/- 0.0201, % updates: 47.349%
INFO:root:-- EPOCH 30 (3.221 seconds):
INFO:root:COST >> 1.0262 +/- 0.0177, % updates: 47.321%
INFO:root:-- EPOCH 31 (3.22 seconds):
INFO:root:COST >> 1.0235 +/- 0.0238, % updates: 47.344%
INFO:root:-- EPOCH 32 (3.181 seconds):
INFO:root:COST >> 1.0178 +/- 0.0219, % updates: 47.136%
INFO:root:-- EPOCH 33 (3.261 seconds):
INFO:root:COST >> 1.0171 +/- 0.0221, % updates: 47.159%
INFO:root:-- EPOCH 34 (3.274 seconds):
INFO:root:COST >> 1.0123 +/- 0.0166, % updates: 47.069%
INFO:root:-- EPOCH 35 (3.256 seconds):
INFO:root:COST >> 1.0087 +/- 0.0185, % updates: 46.966%
INFO:root:-- EPOCH 36 (3.19 seconds):
INFO:root:COST >> 1.0141 +/- 0.0225, % updates: 47.115%
INFO:root:-- EPOCH 37 (3.22 seconds):
INFO:root:COST >> 1.0131 +/- 0.0217, % updates: 46.84%
INFO:root:-- EPOCH 38 (3.212 seconds):
INFO:root:COST >> 1.0098 +/- 0.0232, % updates: 46.781%
INFO:root:-- EPOCH 39 (3.204 seconds):
INFO:root:COST >> 1.0123 +/- 0.0223, % updates: 46.801%
INFO:root:-- EPOCH 40 (3.162 seconds):
INFO:root:COST >> 1.0164 +/- 0.0209, % updates: 46.978%
INFO:root:-- EPOCH 41 (3.183 seconds):
INFO:root:COST >> 1.0037 +/- 0.0185, % updates: 46.708%
INFO:root:-- EPOCH 42 (3.201 seconds):
INFO:root:COST >> 1.0142 +/- 0.024, % updates: 46.488%
INFO:root:-- EPOCH 43 (3.123 seconds):
INFO:root:COST >> 1.0114 +/- 0.0189, % updates: 46.617%
INFO:root:-- EPOCH 44 (3.126 seconds):
INFO:root:COST >> 1.016 +/- 0.0174, % updates: 46.806%
INFO:root:-- EPOCH 45 (2.737 seconds):
INFO:root:COST >> 1.009 +/- 0.0177, % updates: 46.609%
INFO:root:-- EPOCH 46 (2.902 seconds):
INFO:root:COST >> 1.0092 +/- 0.0255, % updates: 46.651%
INFO:root:-- EPOCH 47 (3.201 seconds):
INFO:root:COST >> 1.0148 +/- 0.0152, % updates: 46.981%
INFO:root:-- EPOCH 48 (3.168 seconds):
INFO:root:COST >> 1.0105 +/- 0.0242, % updates: 46.824%
INFO:root:-- EPOCH 49 (3.157 seconds):
INFO:root:COST >> 1.0095 +/- 0.0219, % updates: 46.844%
INFO:root:-- EPOCH 50 (3.16 seconds):
INFO:root:COST >> 1.0052 +/- 0.0184, % updates: 46.642%
