INFO:root:Shape for training set: (40961, 141442)
INFO:root:State: {'ndim': '50', 'test_all': 'None', 'test_path': 'None', 'nhid': '50', 'lremb': '0.1', 'seed': '0', 'simfn': 'L1', 'valid_path': 'None', 'nbatches': '10', 'lrparam': '0.1', 'decay': '0.9999', 'show_hinton_diagrams': 'False', 'no_rescaling': 'True', 'Nrel': '18', 'ranking_score_right': 'False', 'Nent': '40961', 'Nsyn': '40943', 'method': 'MOMENTUM', 'loss_margin': '1.0', 'C': '1.0', 'epsilon': '1e-06', 'use_db': 'True', 'max_lr': 'None', 'l1_param_weight': 'None', 'filtered': 'False', 'name': 'wn_50/wn_MOMENTUM_250', 'totepochs': '50', 'l2_param_weight': 'None', 'train_path': 'data/wn/WN-train.pkl', 'op': 'TransE'}
INFO:root:Starting the Experiment ..
INFO:root:-- EPOCH 1 (3.214 seconds):
INFO:root:COST >> 3.0877 +/- 0.4399, % updates: 62.076%
INFO:root:-- EPOCH 2 (3.262 seconds):
INFO:root:COST >> 2.8749 +/- 0.2587, % updates: 46.76%
INFO:root:-- EPOCH 3 (3.179 seconds):
INFO:root:COST >> 2.7286 +/- 0.2643, % updates: 44.697%
INFO:root:-- EPOCH 4 (3.277 seconds):
INFO:root:COST >> 2.6501 +/- 0.2626, % updates: 43.824%
INFO:root:-- EPOCH 5 (2.724 seconds):
INFO:root:COST >> 2.6005 +/- 0.2505, % updates: 43.453%
INFO:root:-- EPOCH 6 (2.751 seconds):
INFO:root:COST >> 2.5784 +/- 0.2526, % updates: 43.236%
INFO:root:-- EPOCH 7 (3.236 seconds):
INFO:root:COST >> 2.5424 +/- 0.2501, % updates: 42.933%
INFO:root:-- EPOCH 8 (3.122 seconds):
INFO:root:COST >> 2.5115 +/- 0.2458, % updates: 42.732%
INFO:root:-- EPOCH 9 (3.266 seconds):
INFO:root:COST >> 2.5173 +/- 0.2475, % updates: 42.909%
INFO:root:-- EPOCH 10 (3.222 seconds):
INFO:root:COST >> 2.4894 +/- 0.2398, % updates: 42.756%
INFO:root:-- EPOCH 11 (3.165 seconds):
INFO:root:COST >> 2.4688 +/- 0.2358, % updates: 42.617%
INFO:root:-- EPOCH 12 (3.236 seconds):
INFO:root:COST >> 2.4589 +/- 0.2477, % updates: 42.54%
INFO:root:-- EPOCH 13 (3.164 seconds):
INFO:root:COST >> 2.4456 +/- 0.2459, % updates: 42.397%
INFO:root:-- EPOCH 14 (3.199 seconds):
INFO:root:COST >> 2.4341 +/- 0.2411, % updates: 42.519%
INFO:root:-- EPOCH 15 (3.198 seconds):
INFO:root:COST >> 2.4198 +/- 0.2166, % updates: 42.378%
INFO:root:-- EPOCH 16 (3.234 seconds):
INFO:root:COST >> 2.4237 +/- 0.2381, % updates: 42.471%
INFO:root:-- EPOCH 17 (3.196 seconds):
INFO:root:COST >> 2.4145 +/- 0.2347, % updates: 42.576%
INFO:root:-- EPOCH 18 (3.239 seconds):
INFO:root:COST >> 2.3966 +/- 0.2323, % updates: 42.389%
INFO:root:-- EPOCH 19 (3.245 seconds):
INFO:root:COST >> 2.39 +/- 0.2363, % updates: 42.251%
INFO:root:-- EPOCH 20 (3.206 seconds):
INFO:root:COST >> 2.3874 +/- 0.241, % updates: 42.358%
INFO:root:-- EPOCH 21 (3.158 seconds):
INFO:root:COST >> 2.3826 +/- 0.2362, % updates: 42.323%
INFO:root:-- EPOCH 22 (3.229 seconds):
INFO:root:COST >> 2.3732 +/- 0.2339, % updates: 42.285%
INFO:root:-- EPOCH 23 (3.243 seconds):
INFO:root:COST >> 2.3703 +/- 0.2315, % updates: 42.413%
INFO:root:-- EPOCH 24 (3.23 seconds):
INFO:root:COST >> 2.3608 +/- 0.2292, % updates: 42.267%
INFO:root:-- EPOCH 25 (3.149 seconds):
INFO:root:COST >> 2.363 +/- 0.2224, % updates: 42.37%
INFO:root:-- EPOCH 26 (3.15 seconds):
INFO:root:COST >> 2.3407 +/- 0.2212, % updates: 42.166%
INFO:root:-- EPOCH 27 (3.142 seconds):
INFO:root:COST >> 2.3424 +/- 0.2338, % updates: 42.162%
INFO:root:-- EPOCH 28 (3.21 seconds):
INFO:root:COST >> 2.3485 +/- 0.2247, % updates: 42.373%
INFO:root:-- EPOCH 29 (3.16 seconds):
INFO:root:COST >> 2.3514 +/- 0.2139, % updates: 42.314%
INFO:root:-- EPOCH 30 (3.13 seconds):
INFO:root:COST >> 2.3391 +/- 0.2226, % updates: 42.456%
INFO:root:-- EPOCH 31 (3.121 seconds):
INFO:root:COST >> 2.332 +/- 0.2231, % updates: 42.263%
INFO:root:-- EPOCH 32 (3.229 seconds):
INFO:root:COST >> 2.3375 +/- 0.229, % updates: 42.279%
INFO:root:-- EPOCH 33 (3.259 seconds):
INFO:root:COST >> 2.335 +/- 0.225, % updates: 42.29%
INFO:root:-- EPOCH 34 (3.21 seconds):
INFO:root:COST >> 2.3224 +/- 0.2337, % updates: 42.395%
INFO:root:-- EPOCH 35 (3.232 seconds):
INFO:root:COST >> 2.3197 +/- 0.2129, % updates: 42.314%
INFO:root:-- EPOCH 36 (3.128 seconds):
INFO:root:COST >> 2.319 +/- 0.2191, % updates: 42.274%
INFO:root:-- EPOCH 37 (3.126 seconds):
INFO:root:COST >> 2.3291 +/- 0.2224, % updates: 42.358%
INFO:root:-- EPOCH 38 (3.191 seconds):
INFO:root:COST >> 2.3158 +/- 0.2057, % updates: 42.293%
INFO:root:-- EPOCH 39 (3.258 seconds):
INFO:root:COST >> 2.3158 +/- 0.2152, % updates: 42.434%
INFO:root:-- EPOCH 40 (3.229 seconds):
INFO:root:COST >> 2.3171 +/- 0.2173, % updates: 42.448%
INFO:root:-- EPOCH 41 (3.131 seconds):
INFO:root:COST >> 2.3105 +/- 0.2094, % updates: 42.334%
INFO:root:-- EPOCH 42 (3.147 seconds):
INFO:root:COST >> 2.3045 +/- 0.2153, % updates: 42.406%
INFO:root:-- EPOCH 43 (3.191 seconds):
INFO:root:COST >> 2.3064 +/- 0.2149, % updates: 42.378%
INFO:root:-- EPOCH 44 (3.215 seconds):
INFO:root:COST >> 2.3035 +/- 0.2118, % updates: 42.482%
INFO:root:-- EPOCH 45 (3.215 seconds):
INFO:root:COST >> 2.306 +/- 0.2244, % updates: 42.413%
INFO:root:-- EPOCH 46 (3.13 seconds):
INFO:root:COST >> 2.2948 +/- 0.2137, % updates: 42.305%
INFO:root:-- EPOCH 47 (3.147 seconds):
INFO:root:COST >> 2.2924 +/- 0.2124, % updates: 42.365%
INFO:root:-- EPOCH 48 (3.237 seconds):
INFO:root:COST >> 2.295 +/- 0.2122, % updates: 42.313%
INFO:root:-- EPOCH 49 (3.256 seconds):
INFO:root:COST >> 2.2937 +/- 0.2115, % updates: 42.399%
INFO:root:-- EPOCH 50 (3.198 seconds):
INFO:root:COST >> 2.2874 +/- 0.2145, % updates: 42.28%
