INFO:root:Shape for training set: (40961, 141442)
INFO:root:State: {'ndim': '50', 'test_all': 'None', 'test_path': 'None', 'nhid': '50', 'lremb': '1e-06', 'seed': '5', 'simfn': 'L1', 'valid_path': 'None', 'nbatches': '10', 'lrparam': '1e-06', 'decay': '0.9999', 'show_hinton_diagrams': 'False', 'no_rescaling': 'True', 'Nrel': '18', 'ranking_score_right': 'False', 'Nent': '40961', 'Nsyn': '40943', 'method': 'MOMENTUM', 'loss_margin': '1.0', 'C': '1.0', 'epsilon': '1e-06', 'use_db': 'True', 'max_lr': 'None', 'l1_param_weight': 'None', 'filtered': 'False', 'name': 'wn_50/wn_MOMENTUM_5', 'totepochs': '50', 'l2_param_weight': 'None', 'train_path': 'data/wn/WN-train.pkl', 'op': 'TransE'}
INFO:root:Starting the Experiment ..
INFO:root:-- EPOCH 1 (3.32 seconds):
INFO:root:COST >> 2.2214 +/- 0.0079, % updates: 81.736%
INFO:root:-- EPOCH 2 (3.409 seconds):
INFO:root:COST >> 2.2126 +/- 0.0171, % updates: 81.591%
INFO:root:-- EPOCH 3 (3.47 seconds):
INFO:root:COST >> 2.1954 +/- 0.019, % updates: 81.529%
INFO:root:-- EPOCH 4 (3.321 seconds):
INFO:root:COST >> 2.1643 +/- 0.0098, % updates: 81.32%
INFO:root:-- EPOCH 5 (3.405 seconds):
INFO:root:COST >> 2.1348 +/- 0.0103, % updates: 80.982%
INFO:root:-- EPOCH 6 (3.413 seconds):
INFO:root:COST >> 2.1023 +/- 0.0099, % updates: 80.411%
INFO:root:-- EPOCH 7 (3.468 seconds):
INFO:root:COST >> 2.0767 +/- 0.0064, % updates: 79.824%
INFO:root:-- EPOCH 8 (3.457 seconds):
INFO:root:COST >> 2.0476 +/- 0.0055, % updates: 79.144%
INFO:root:-- EPOCH 9 (3.417 seconds):
INFO:root:COST >> 2.0234 +/- 0.0088, % updates: 78.454%
INFO:root:-- EPOCH 10 (3.379 seconds):
INFO:root:COST >> 1.9974 +/- 0.0198, % updates: 77.532%
INFO:root:-- EPOCH 11 (3.329 seconds):
INFO:root:COST >> 1.9759 +/- 0.0106, % updates: 76.729%
INFO:root:-- EPOCH 12 (3.395 seconds):
INFO:root:COST >> 1.9456 +/- 0.0092, % updates: 75.717%
INFO:root:-- EPOCH 13 (3.425 seconds):
INFO:root:COST >> 1.9194 +/- 0.0143, % updates: 74.942%
INFO:root:-- EPOCH 14 (3.463 seconds):
INFO:root:COST >> 1.89 +/- 0.0094, % updates: 74.226%
INFO:root:-- EPOCH 15 (3.348 seconds):
INFO:root:COST >> 1.8538 +/- 0.0142, % updates: 73.33%
INFO:root:-- EPOCH 16 (3.362 seconds):
INFO:root:COST >> 1.8212 +/- 0.0202, % updates: 72.617%
INFO:root:-- EPOCH 17 (3.33 seconds):
INFO:root:COST >> 1.7811 +/- 0.0169, % updates: 71.985%
INFO:root:-- EPOCH 18 (3.369 seconds):
INFO:root:COST >> 1.7419 +/- 0.0191, % updates: 71.197%
INFO:root:-- EPOCH 19 (3.42 seconds):
INFO:root:COST >> 1.7064 +/- 0.015, % updates: 70.692%
INFO:root:-- EPOCH 20 (3.336 seconds):
INFO:root:COST >> 1.662 +/- 0.0142, % updates: 69.973%
INFO:root:-- EPOCH 21 (3.377 seconds):
INFO:root:COST >> 1.6261 +/- 0.0071, % updates: 69.316%
INFO:root:-- EPOCH 22 (3.415 seconds):
INFO:root:COST >> 1.5804 +/- 0.0119, % updates: 68.425%
INFO:root:-- EPOCH 23 (3.404 seconds):
INFO:root:COST >> 1.5465 +/- 0.0137, % updates: 67.583%
INFO:root:-- EPOCH 24 (3.33 seconds):
INFO:root:COST >> 1.5023 +/- 0.0139, % updates: 66.458%
INFO:root:-- EPOCH 25 (3.367 seconds):
INFO:root:COST >> 1.4612 +/- 0.0115, % updates: 65.416%
INFO:root:-- EPOCH 26 (3.445 seconds):
INFO:root:COST >> 1.4182 +/- 0.0165, % updates: 64.177%
INFO:root:-- EPOCH 27 (3.382 seconds):
INFO:root:COST >> 1.3738 +/- 0.0157, % updates: 63.004%
INFO:root:-- EPOCH 28 (3.42 seconds):
INFO:root:COST >> 1.3364 +/- 0.0099, % updates: 61.962%
INFO:root:-- EPOCH 29 (3.429 seconds):
INFO:root:COST >> 1.292 +/- 0.0139, % updates: 60.706%
INFO:root:-- EPOCH 30 (3.447 seconds):
INFO:root:COST >> 1.2549 +/- 0.0148, % updates: 59.609%
INFO:root:-- EPOCH 31 (3.347 seconds):
INFO:root:COST >> 1.2095 +/- 0.0111, % updates: 58.486%
INFO:root:-- EPOCH 32 (3.411 seconds):
INFO:root:COST >> 1.1718 +/- 0.015, % updates: 57.42%
INFO:root:-- EPOCH 33 (3.417 seconds):
INFO:root:COST >> 1.1335 +/- 0.0149, % updates: 56.299%
INFO:root:-- EPOCH 34 (3.433 seconds):
INFO:root:COST >> 1.1009 +/- 0.0136, % updates: 55.357%
INFO:root:-- EPOCH 35 (3.43 seconds):
INFO:root:COST >> 1.0616 +/- 0.0114, % updates: 54.285%
INFO:root:-- EPOCH 36 (3.403 seconds):
INFO:root:COST >> 1.0232 +/- 0.0113, % updates: 53.19%
INFO:root:-- EPOCH 37 (3.357 seconds):
INFO:root:COST >> 0.9876 +/- 0.013, % updates: 52.173%
INFO:root:-- EPOCH 38 (3.388 seconds):
INFO:root:COST >> 0.946 +/- 0.0138, % updates: 50.769%
INFO:root:-- EPOCH 39 (3.354 seconds):
INFO:root:COST >> 0.9154 +/- 0.0105, % updates: 49.606%
INFO:root:-- EPOCH 40 (3.391 seconds):
INFO:root:COST >> 0.8863 +/- 0.0091, % updates: 48.597%
INFO:root:-- EPOCH 41 (3.375 seconds):
INFO:root:COST >> 0.8434 +/- 0.0141, % updates: 47.026%
INFO:root:-- EPOCH 42 (3.483 seconds):
INFO:root:COST >> 0.8078 +/- 0.0087, % updates: 45.746%
INFO:root:-- EPOCH 43 (3.303 seconds):
INFO:root:COST >> 0.7856 +/- 0.0056, % updates: 44.79%
INFO:root:-- EPOCH 44 (3.427 seconds):
INFO:root:COST >> 0.7647 +/- 0.0112, % updates: 43.865%
INFO:root:-- EPOCH 45 (3.338 seconds):
INFO:root:COST >> 0.7447 +/- 0.0112, % updates: 43.012%
INFO:root:-- EPOCH 46 (3.592 seconds):
INFO:root:COST >> 0.718 +/- 0.0114, % updates: 41.735%
INFO:root:-- EPOCH 47 (3.432 seconds):
INFO:root:COST >> 0.6856 +/- 0.0106, % updates: 40.389%
INFO:root:-- EPOCH 48 (3.401 seconds):
INFO:root:COST >> 0.6567 +/- 0.007, % updates: 39.022%
INFO:root:-- EPOCH 49 (3.389 seconds):
INFO:root:COST >> 0.6274 +/- 0.008, % updates: 37.747%
INFO:root:-- EPOCH 50 (3.241 seconds):
INFO:root:COST >> 0.6121 +/- 0.0068, % updates: 37.08%
