INFO:root:Shape for training set: (40961, 141442)
INFO:root:State: {'ndim': '50', 'test_all': 'None', 'test_path': 'None', 'nhid': '50', 'lremb': '0.0001', 'seed': '7', 'simfn': 'L1', 'valid_path': 'None', 'nbatches': '10', 'lrparam': '0.0001', 'decay': '0.99', 'show_hinton_diagrams': 'False', 'no_rescaling': 'True', 'Nrel': '18', 'ranking_score_right': 'False', 'Nent': '40961', 'Nsyn': '40943', 'method': 'MOMENTUM', 'loss_margin': '1.0', 'C': '1.0', 'epsilon': '1e-06', 'use_db': 'True', 'max_lr': 'None', 'l1_param_weight': 'None', 'filtered': 'False', 'name': 'wn_50/wn_MOMENTUM_127', 'totepochs': '50', 'l2_param_weight': 'None', 'train_path': 'data/wn/WN-train.pkl', 'op': 'TransE'}
INFO:root:Starting the Experiment ..
INFO:root:-- EPOCH 1 (3.134 seconds):
INFO:root:COST >> 2.1447 +/- 0.0526, % updates: 80.538%
INFO:root:-- EPOCH 2 (3.242 seconds):
INFO:root:COST >> 1.8936 +/- 0.0764, % updates: 73.351%
INFO:root:-- EPOCH 3 (3.178 seconds):
INFO:root:COST >> 1.5819 +/- 0.0876, % updates: 66.045%
INFO:root:-- EPOCH 4 (3.231 seconds):
INFO:root:COST >> 1.2696 +/- 0.0831, % updates: 58.187%
INFO:root:-- EPOCH 5 (3.275 seconds):
INFO:root:COST >> 1.0 +/- 0.0629, % updates: 49.933%
INFO:root:-- EPOCH 6 (3.118 seconds):
INFO:root:COST >> 0.785 +/- 0.0426, % updates: 42.294%
INFO:root:-- EPOCH 7 (3.244 seconds):
INFO:root:COST >> 0.6449 +/- 0.0372, % updates: 36.342%
INFO:root:-- EPOCH 8 (3.157 seconds):
INFO:root:COST >> 0.5506 +/- 0.0187, % updates: 32.066%
INFO:root:-- EPOCH 9 (3.159 seconds):
INFO:root:COST >> 0.4821 +/- 0.0193, % updates: 28.634%
INFO:root:-- EPOCH 10 (3.118 seconds):
INFO:root:COST >> 0.4382 +/- 0.01, % updates: 26.947%
INFO:root:-- EPOCH 11 (3.216 seconds):
INFO:root:COST >> 0.3842 +/- 0.0122, % updates: 24.598%
INFO:root:-- EPOCH 12 (3.167 seconds):
INFO:root:COST >> 0.3505 +/- 0.0143, % updates: 22.862%
INFO:root:-- EPOCH 13 (3.234 seconds):
INFO:root:COST >> 0.3161 +/- 0.0102, % updates: 21.535%
INFO:root:-- EPOCH 14 (3.294 seconds):
INFO:root:COST >> 0.2828 +/- 0.0149, % updates: 20.047%
INFO:root:-- EPOCH 15 (3.2 seconds):
INFO:root:COST >> 0.2475 +/- 0.0103, % updates: 18.239%
INFO:root:-- EPOCH 16 (3.234 seconds):
INFO:root:COST >> 0.2183 +/- 0.0129, % updates: 16.849%
INFO:root:-- EPOCH 17 (3.24 seconds):
INFO:root:COST >> 0.1904 +/- 0.0082, % updates: 15.25%
INFO:root:-- EPOCH 18 (3.297 seconds):
INFO:root:COST >> 0.166 +/- 0.0066, % updates: 13.925%
INFO:root:-- EPOCH 19 (3.216 seconds):
INFO:root:COST >> 0.1425 +/- 0.0061, % updates: 12.516%
INFO:root:-- EPOCH 20 (3.187 seconds):
INFO:root:COST >> 0.1261 +/- 0.0075, % updates: 11.587%
INFO:root:-- EPOCH 21 (3.234 seconds):
INFO:root:COST >> 0.1104 +/- 0.0077, % updates: 10.3%
INFO:root:-- EPOCH 22 (3.218 seconds):
INFO:root:COST >> 0.1015 +/- 0.0068, % updates: 9.748%
INFO:root:-- EPOCH 23 (3.253 seconds):
INFO:root:COST >> 0.0904 +/- 0.0031, % updates: 8.982%
INFO:root:-- EPOCH 24 (3.161 seconds):
INFO:root:COST >> 0.0787 +/- 0.0042, % updates: 8.158%
INFO:root:-- EPOCH 25 (3.193 seconds):
INFO:root:COST >> 0.0696 +/- 0.0042, % updates: 7.359%
INFO:root:-- EPOCH 26 (3.248 seconds):
INFO:root:COST >> 0.0637 +/- 0.002, % updates: 6.793%
INFO:root:-- EPOCH 27 (3.117 seconds):
INFO:root:COST >> 0.0589 +/- 0.0021, % updates: 6.593%
INFO:root:-- EPOCH 28 (3.191 seconds):
INFO:root:COST >> 0.0528 +/- 0.0016, % updates: 5.854%
INFO:root:-- EPOCH 29 (3.19 seconds):
INFO:root:COST >> 0.0482 +/- 0.0027, % updates: 5.608%
INFO:root:-- EPOCH 30 (3.166 seconds):
INFO:root:COST >> 0.044 +/- 0.0024, % updates: 5.147%
INFO:root:-- EPOCH 31 (3.257 seconds):
INFO:root:COST >> 0.04 +/- 0.0018, % updates: 4.827%
INFO:root:-- EPOCH 32 (3.184 seconds):
INFO:root:COST >> 0.0368 +/- 0.0016, % updates: 4.391%
INFO:root:-- EPOCH 33 (3.127 seconds):
INFO:root:COST >> 0.0346 +/- 0.003, % updates: 4.236%
INFO:root:-- EPOCH 34 (3.186 seconds):
INFO:root:COST >> 0.0322 +/- 0.0013, % updates: 3.974%
INFO:root:-- EPOCH 35 (3.247 seconds):
INFO:root:COST >> 0.0296 +/- 0.0016, % updates: 3.709%
INFO:root:-- EPOCH 36 (3.236 seconds):
INFO:root:COST >> 0.0284 +/- 0.0009, % updates: 3.59%
INFO:root:-- EPOCH 37 (3.141 seconds):
INFO:root:COST >> 0.0266 +/- 0.0019, % updates: 3.324%
INFO:root:-- EPOCH 38 (3.193 seconds):
INFO:root:COST >> 0.0255 +/- 0.0017, % updates: 3.297%
INFO:root:-- EPOCH 39 (3.222 seconds):
INFO:root:COST >> 0.0232 +/- 0.0013, % updates: 2.959%
INFO:root:-- EPOCH 40 (3.218 seconds):
INFO:root:COST >> 0.022 +/- 0.0019, % updates: 2.833%
INFO:root:-- EPOCH 41 (3.273 seconds):
INFO:root:COST >> 0.0198 +/- 0.0019, % updates: 2.652%
INFO:root:-- EPOCH 42 (3.22 seconds):
INFO:root:COST >> 0.0189 +/- 0.0014, % updates: 2.511%
INFO:root:-- EPOCH 43 (3.207 seconds):
INFO:root:COST >> 0.0186 +/- 0.0007, % updates: 2.416%
INFO:root:-- EPOCH 44 (3.221 seconds):
INFO:root:COST >> 0.0167 +/- 0.0008, % updates: 2.226%
INFO:root:-- EPOCH 45 (3.104 seconds):
INFO:root:COST >> 0.0161 +/- 0.0008, % updates: 2.128%
INFO:root:-- EPOCH 46 (3.152 seconds):
INFO:root:COST >> 0.0154 +/- 0.0009, % updates: 2.066%
INFO:root:-- EPOCH 47 (2.616 seconds):
INFO:root:COST >> 0.0139 +/- 0.0009, % updates: 1.873%
INFO:root:-- EPOCH 48 (2.943 seconds):
INFO:root:COST >> 0.0142 +/- 0.0011, % updates: 1.866%
INFO:root:-- EPOCH 49 (3.215 seconds):
INFO:root:COST >> 0.0132 +/- 0.0007, % updates: 1.798%
INFO:root:-- EPOCH 50 (3.154 seconds):
INFO:root:COST >> 0.0131 +/- 0.0011, % updates: 1.811%
