INFO:root:Shape for training set: (40961, 141442)
INFO:root:State: {'ndim': '50', 'test_all': 'None', 'test_path': 'None', 'nhid': '50', 'lremb': '10.0', 'seed': '6', 'simfn': 'L1', 'valid_path': 'None', 'nbatches': '10', 'lrparam': '10.0', 'decay': '0.999', 'show_hinton_diagrams': 'False', 'no_rescaling': 'True', 'Nrel': '18', 'ranking_score_right': 'False', 'Nent': '40961', 'Nsyn': '40943', 'method': 'MOMENTUM', 'loss_margin': '1.0', 'C': '1.0', 'epsilon': '1e-06', 'use_db': 'True', 'max_lr': 'None', 'l1_param_weight': 'None', 'filtered': 'False', 'name': 'wn_50/wn_MOMENTUM_366', 'totepochs': '50', 'l2_param_weight': 'None', 'train_path': 'data/wn/WN-train.pkl', 'op': 'TransE'}
INFO:root:Starting the Experiment ..
INFO:root:-- EPOCH 1 (3.124 seconds):
INFO:root:COST >> 3.2759 +/- 0.4768, % updates: 61.862%
INFO:root:-- EPOCH 2 (3.177 seconds):
INFO:root:COST >> 3.0032 +/- 0.2674, % updates: 46.844%
INFO:root:-- EPOCH 3 (3.19 seconds):
INFO:root:COST >> 2.8482 +/- 0.2585, % updates: 44.837%
INFO:root:-- EPOCH 4 (3.267 seconds):
INFO:root:COST >> 2.7657 +/- 0.2735, % updates: 44.036%
INFO:root:-- EPOCH 5 (3.159 seconds):
INFO:root:COST >> 2.7186 +/- 0.2653, % updates: 43.534%
INFO:root:-- EPOCH 6 (3.183 seconds):
INFO:root:COST >> 2.6836 +/- 0.2456, % updates: 43.222%
INFO:root:-- EPOCH 7 (3.2 seconds):
INFO:root:COST >> 2.6652 +/- 0.2468, % updates: 43.125%
INFO:root:-- EPOCH 8 (3.136 seconds):
INFO:root:COST >> 2.6478 +/- 0.2572, % updates: 43.03%
INFO:root:-- EPOCH 9 (3.654 seconds):
INFO:root:COST >> 2.6168 +/- 0.2707, % updates: 42.86%
INFO:root:-- EPOCH 10 (4.303 seconds):
INFO:root:COST >> 2.5995 +/- 0.2292, % updates: 42.688%
INFO:root:-- EPOCH 11 (4.148 seconds):
INFO:root:COST >> 2.5867 +/- 0.2307, % updates: 42.531%
INFO:root:-- EPOCH 12 (4.356 seconds):
INFO:root:COST >> 2.5762 +/- 0.2392, % updates: 42.537%
INFO:root:-- EPOCH 13 (4.413 seconds):
INFO:root:COST >> 2.5769 +/- 0.2401, % updates: 42.572%
INFO:root:-- EPOCH 14 (4.183 seconds):
INFO:root:COST >> 2.5653 +/- 0.2413, % updates: 42.547%
INFO:root:-- EPOCH 15 (4.324 seconds):
INFO:root:COST >> 2.5544 +/- 0.2283, % updates: 42.545%
INFO:root:-- EPOCH 16 (3.985 seconds):
INFO:root:COST >> 2.5451 +/- 0.2384, % updates: 42.407%
INFO:root:-- EPOCH 17 (3.198 seconds):
INFO:root:COST >> 2.5334 +/- 0.2368, % updates: 42.318%
INFO:root:-- EPOCH 18 (3.217 seconds):
INFO:root:COST >> 2.5298 +/- 0.2359, % updates: 42.232%
INFO:root:-- EPOCH 19 (3.127 seconds):
INFO:root:COST >> 2.5439 +/- 0.2328, % updates: 42.429%
INFO:root:-- EPOCH 20 (3.148 seconds):
INFO:root:COST >> 2.5386 +/- 0.2308, % updates: 42.378%
INFO:root:-- EPOCH 21 (3.12 seconds):
INFO:root:COST >> 2.5247 +/- 0.2409, % updates: 42.274%
INFO:root:-- EPOCH 22 (3.166 seconds):
INFO:root:COST >> 2.5345 +/- 0.2259, % updates: 42.365%
INFO:root:-- EPOCH 23 (3.117 seconds):
INFO:root:COST >> 2.5302 +/- 0.2357, % updates: 42.462%
INFO:root:-- EPOCH 24 (3.118 seconds):
INFO:root:COST >> 2.52 +/- 0.2323, % updates: 42.307%
INFO:root:-- EPOCH 25 (3.217 seconds):
INFO:root:COST >> 2.5096 +/- 0.2396, % updates: 42.198%
INFO:root:-- EPOCH 26 (3.117 seconds):
INFO:root:COST >> 2.5145 +/- 0.2334, % updates: 42.295%
INFO:root:-- EPOCH 27 (3.16 seconds):
INFO:root:COST >> 2.514 +/- 0.2296, % updates: 42.262%
INFO:root:-- EPOCH 28 (3.202 seconds):
INFO:root:COST >> 2.5074 +/- 0.2249, % updates: 42.238%
INFO:root:-- EPOCH 29 (3.152 seconds):
INFO:root:COST >> 2.5034 +/- 0.2328, % updates: 42.191%
INFO:root:-- EPOCH 30 (3.233 seconds):
INFO:root:COST >> 2.5025 +/- 0.2361, % updates: 42.127%
INFO:root:-- EPOCH 31 (3.117 seconds):
INFO:root:COST >> 2.4949 +/- 0.2343, % updates: 42.182%
INFO:root:-- EPOCH 32 (3.135 seconds):
INFO:root:COST >> 2.5027 +/- 0.2383, % updates: 42.251%
INFO:root:-- EPOCH 33 (3.13 seconds):
INFO:root:COST >> 2.5009 +/- 0.2301, % updates: 42.204%
INFO:root:-- EPOCH 34 (3.138 seconds):
INFO:root:COST >> 2.4956 +/- 0.2309, % updates: 42.079%
INFO:root:-- EPOCH 35 (3.12 seconds):
INFO:root:COST >> 2.486 +/- 0.2308, % updates: 42.028%
INFO:root:-- EPOCH 36 (3.147 seconds):
INFO:root:COST >> 2.4937 +/- 0.2431, % updates: 42.075%
INFO:root:-- EPOCH 37 (3.197 seconds):
INFO:root:COST >> 2.5013 +/- 0.245, % updates: 42.106%
INFO:root:-- EPOCH 38 (3.186 seconds):
INFO:root:COST >> 2.4911 +/- 0.2279, % updates: 42.078%
INFO:root:-- EPOCH 39 (3.118 seconds):
INFO:root:COST >> 2.5038 +/- 0.232, % updates: 42.131%
INFO:root:-- EPOCH 40 (3.113 seconds):
INFO:root:COST >> 2.4962 +/- 0.2291, % updates: 42.154%
INFO:root:-- EPOCH 41 (3.098 seconds):
INFO:root:COST >> 2.5002 +/- 0.2331, % updates: 42.211%
INFO:root:-- EPOCH 42 (3.162 seconds):
INFO:root:COST >> 2.4871 +/- 0.2314, % updates: 42.09%
INFO:root:-- EPOCH 43 (3.19 seconds):
INFO:root:COST >> 2.4876 +/- 0.2413, % updates: 41.985%
INFO:root:-- EPOCH 44 (3.202 seconds):
INFO:root:COST >> 2.4898 +/- 0.2281, % updates: 42.166%
INFO:root:-- EPOCH 45 (3.208 seconds):
INFO:root:COST >> 2.5014 +/- 0.2275, % updates: 42.204%
INFO:root:-- EPOCH 46 (3.215 seconds):
INFO:root:COST >> 2.4961 +/- 0.2292, % updates: 42.064%
INFO:root:-- EPOCH 47 (3.228 seconds):
INFO:root:COST >> 2.4919 +/- 0.2324, % updates: 42.052%
INFO:root:-- EPOCH 48 (3.124 seconds):
INFO:root:COST >> 2.4927 +/- 0.2315, % updates: 42.104%
INFO:root:-- EPOCH 49 (3.107 seconds):
INFO:root:COST >> 2.4938 +/- 0.2285, % updates: 42.097%
INFO:root:-- EPOCH 50 (3.088 seconds):
INFO:root:COST >> 2.4968 +/- 0.2303, % updates: 42.113%
