INFO:root:Shape for training set: (40961, 141442)
INFO:root:State: {'ndim': '50', 'test_all': 'None', 'test_path': 'None', 'nhid': '50', 'lremb': '0.0001', 'seed': '9', 'simfn': 'L1', 'valid_path': 'None', 'nbatches': '10', 'lrparam': '0.0001', 'decay': '0.999', 'show_hinton_diagrams': 'False', 'no_rescaling': 'True', 'Nrel': '18', 'ranking_score_right': 'False', 'Nent': '40961', 'Nsyn': '40943', 'method': 'MOMENTUM', 'loss_margin': '1.0', 'C': '1.0', 'epsilon': '1e-06', 'use_db': 'True', 'max_lr': 'None', 'l1_param_weight': 'None', 'filtered': 'False', 'name': 'wn_50/wn_MOMENTUM_119', 'totepochs': '50', 'l2_param_weight': 'None', 'train_path': 'data/wn/WN-train.pkl', 'op': 'TransE'}
INFO:root:Starting the Experiment ..
INFO:root:-- EPOCH 1 (3.167 seconds):
INFO:root:COST >> 2.1485 +/- 0.0495, % updates: 80.676%
INFO:root:-- EPOCH 2 (3.228 seconds):
INFO:root:COST >> 1.8984 +/- 0.0691, % updates: 73.228%
INFO:root:-- EPOCH 3 (3.266 seconds):
INFO:root:COST >> 1.5859 +/- 0.0897, % updates: 65.895%
INFO:root:-- EPOCH 4 (3.232 seconds):
INFO:root:COST >> 1.2787 +/- 0.0782, % updates: 57.355%
INFO:root:-- EPOCH 5 (3.248 seconds):
INFO:root:COST >> 1.0034 +/- 0.057, % updates: 49.096%
INFO:root:-- EPOCH 6 (3.259 seconds):
INFO:root:COST >> 0.7975 +/- 0.0423, % updates: 41.601%
INFO:root:-- EPOCH 7 (3.214 seconds):
INFO:root:COST >> 0.6888 +/- 0.0283, % updates: 36.956%
INFO:root:-- EPOCH 8 (3.249 seconds):
INFO:root:COST >> 0.6237 +/- 0.0169, % updates: 33.491%
INFO:root:-- EPOCH 9 (3.271 seconds):
INFO:root:COST >> 0.5872 +/- 0.0112, % updates: 31.926%
INFO:root:-- EPOCH 10 (3.245 seconds):
INFO:root:COST >> 0.5659 +/- 0.0143, % updates: 30.975%
INFO:root:-- EPOCH 11 (3.246 seconds):
INFO:root:COST >> 0.5542 +/- 0.0073, % updates: 30.351%
INFO:root:-- EPOCH 12 (3.156 seconds):
INFO:root:COST >> 0.5374 +/- 0.0071, % updates: 30.171%
INFO:root:-- EPOCH 13 (3.264 seconds):
INFO:root:COST >> 0.5216 +/- 0.013, % updates: 29.504%
INFO:root:-- EPOCH 14 (3.17 seconds):
INFO:root:COST >> 0.495 +/- 0.0074, % updates: 28.883%
INFO:root:-- EPOCH 15 (3.223 seconds):
INFO:root:COST >> 0.473 +/- 0.0118, % updates: 28.396%
INFO:root:-- EPOCH 16 (3.148 seconds):
INFO:root:COST >> 0.4381 +/- 0.0122, % updates: 27.093%
INFO:root:-- EPOCH 17 (3.153 seconds):
INFO:root:COST >> 0.4115 +/- 0.0106, % updates: 26.033%
INFO:root:-- EPOCH 18 (3.21 seconds):
INFO:root:COST >> 0.3859 +/- 0.0068, % updates: 25.265%
INFO:root:-- EPOCH 19 (3.17 seconds):
INFO:root:COST >> 0.3481 +/- 0.0159, % updates: 23.503%
INFO:root:-- EPOCH 20 (3.192 seconds):
INFO:root:COST >> 0.3264 +/- 0.0115, % updates: 22.474%
INFO:root:-- EPOCH 21 (3.177 seconds):
INFO:root:COST >> 0.295 +/- 0.0057, % updates: 21.187%
INFO:root:-- EPOCH 22 (3.161 seconds):
INFO:root:COST >> 0.2686 +/- 0.0078, % updates: 19.837%
INFO:root:-- EPOCH 23 (3.147 seconds):
INFO:root:COST >> 0.2471 +/- 0.0114, % updates: 18.813%
INFO:root:-- EPOCH 24 (3.159 seconds):
INFO:root:COST >> 0.2266 +/- 0.012, % updates: 17.821%
INFO:root:-- EPOCH 25 (3.121 seconds):
INFO:root:COST >> 0.2122 +/- 0.0151, % updates: 17.046%
INFO:root:-- EPOCH 26 (3.194 seconds):
INFO:root:COST >> 0.2031 +/- 0.0097, % updates: 16.471%
INFO:root:-- EPOCH 27 (3.211 seconds):
INFO:root:COST >> 0.1889 +/- 0.0082, % updates: 15.812%
INFO:root:-- EPOCH 28 (3.151 seconds):
INFO:root:COST >> 0.178 +/- 0.0084, % updates: 15.176%
INFO:root:-- EPOCH 29 (3.126 seconds):
INFO:root:COST >> 0.1702 +/- 0.01, % updates: 14.711%
INFO:root:-- EPOCH 30 (3.144 seconds):
INFO:root:COST >> 0.1593 +/- 0.0062, % updates: 13.914%
INFO:root:-- EPOCH 31 (3.243 seconds):
INFO:root:COST >> 0.1527 +/- 0.0072, % updates: 13.645%
INFO:root:-- EPOCH 32 (3.164 seconds):
INFO:root:COST >> 0.1375 +/- 0.0078, % updates: 12.647%
INFO:root:-- EPOCH 33 (3.227 seconds):
INFO:root:COST >> 0.1371 +/- 0.0096, % updates: 12.689%
INFO:root:-- EPOCH 34 (3.141 seconds):
INFO:root:COST >> 0.1291 +/- 0.006, % updates: 12.195%
INFO:root:-- EPOCH 35 (3.137 seconds):
INFO:root:COST >> 0.1255 +/- 0.0101, % updates: 11.906%
INFO:root:-- EPOCH 36 (3.169 seconds):
INFO:root:COST >> 0.1198 +/- 0.011, % updates: 11.529%
INFO:root:-- EPOCH 37 (3.15 seconds):
INFO:root:COST >> 0.1122 +/- 0.0063, % updates: 11.095%
INFO:root:-- EPOCH 38 (3.244 seconds):
INFO:root:COST >> 0.1109 +/- 0.0045, % updates: 11.011%
INFO:root:-- EPOCH 39 (3.171 seconds):
INFO:root:COST >> 0.1117 +/- 0.0053, % updates: 11.149%
INFO:root:-- EPOCH 40 (3.19 seconds):
INFO:root:COST >> 0.1047 +/- 0.0062, % updates: 10.638%
INFO:root:-- EPOCH 41 (3.266 seconds):
INFO:root:COST >> 0.106 +/- 0.0081, % updates: 10.77%
INFO:root:-- EPOCH 42 (3.239 seconds):
INFO:root:COST >> 0.1017 +/- 0.0052, % updates: 10.397%
INFO:root:-- EPOCH 43 (3.134 seconds):
INFO:root:COST >> 0.0986 +/- 0.0028, % updates: 10.309%
INFO:root:-- EPOCH 44 (3.136 seconds):
INFO:root:COST >> 0.0998 +/- 0.0043, % updates: 10.34%
INFO:root:-- EPOCH 45 (3.147 seconds):
INFO:root:COST >> 0.0984 +/- 0.0084, % updates: 10.347%
INFO:root:-- EPOCH 46 (3.253 seconds):
INFO:root:COST >> 0.0974 +/- 0.01, % updates: 10.193%
INFO:root:-- EPOCH 47 (3.113 seconds):
INFO:root:COST >> 0.0927 +/- 0.0077, % updates: 9.777%
INFO:root:-- EPOCH 48 (2.775 seconds):
INFO:root:COST >> 0.0922 +/- 0.0062, % updates: 9.897%
INFO:root:-- EPOCH 49 (2.696 seconds):
INFO:root:COST >> 0.0975 +/- 0.0092, % updates: 10.217%
INFO:root:-- EPOCH 50 (3.111 seconds):
INFO:root:COST >> 0.0902 +/- 0.003, % updates: 9.635%
