INFO:root:Shape for training set: (40961, 141442)
INFO:root:State: {'ndim': '50', 'test_all': 'None', 'test_path': 'None', 'nhid': '50', 'lremb': '1.0', 'seed': '4', 'simfn': 'L1', 'valid_path': 'None', 'nbatches': '10', 'lrparam': '1.0', 'decay': '0.9', 'show_hinton_diagrams': 'False', 'no_rescaling': 'True', 'Nrel': '18', 'ranking_score_right': 'False', 'Nent': '40961', 'Nsyn': '40943', 'method': 'MOMENTUM', 'loss_margin': '1.0', 'C': '1.0', 'epsilon': '1e-06', 'use_db': 'True', 'max_lr': 'None', 'l1_param_weight': 'None', 'filtered': 'False', 'name': 'wn_50/wn_MOMENTUM_334', 'totepochs': '50', 'l2_param_weight': 'None', 'train_path': 'data/wn/WN-train.pkl', 'op': 'TransE'}
INFO:root:Starting the Experiment ..
INFO:root:-- EPOCH 1 (3.115 seconds):
INFO:root:COST >> 3.4702 +/- 0.5894, % updates: 61.74%
INFO:root:-- EPOCH 2 (3.177 seconds):
INFO:root:COST >> 3.7198 +/- 0.3933, % updates: 49.561%
INFO:root:-- EPOCH 3 (3.174 seconds):
INFO:root:COST >> 3.853 +/- 0.3551, % updates: 49.313%
INFO:root:-- EPOCH 4 (4.418 seconds):
INFO:root:COST >> 3.8826 +/- 0.368, % updates: 49.424%
INFO:root:-- EPOCH 5 (4.27 seconds):
INFO:root:COST >> 3.8736 +/- 0.3573, % updates: 49.356%
INFO:root:-- EPOCH 6 (3.116 seconds):
INFO:root:COST >> 3.8558 +/- 0.3602, % updates: 49.373%
INFO:root:-- EPOCH 7 (3.154 seconds):
INFO:root:COST >> 3.8661 +/- 0.3531, % updates: 49.314%
INFO:root:-- EPOCH 8 (2.775 seconds):
INFO:root:COST >> 3.8645 +/- 0.334, % updates: 49.334%
INFO:root:-- EPOCH 9 (2.905 seconds):
INFO:root:COST >> 3.8641 +/- 0.3641, % updates: 49.211%
INFO:root:-- EPOCH 10 (3.273 seconds):
INFO:root:COST >> 3.8753 +/- 0.3506, % updates: 49.366%
INFO:root:-- EPOCH 11 (3.19 seconds):
INFO:root:COST >> 3.8768 +/- 0.3411, % updates: 49.436%
INFO:root:-- EPOCH 12 (3.149 seconds):
INFO:root:COST >> 3.8718 +/- 0.3763, % updates: 49.292%
INFO:root:-- EPOCH 13 (3.239 seconds):
INFO:root:COST >> 3.8726 +/- 0.3545, % updates: 49.439%
INFO:root:-- EPOCH 14 (3.123 seconds):
INFO:root:COST >> 3.8792 +/- 0.3663, % updates: 49.388%
INFO:root:-- EPOCH 15 (3.2 seconds):
INFO:root:COST >> 3.8786 +/- 0.3542, % updates: 49.358%
INFO:root:-- EPOCH 16 (3.182 seconds):
INFO:root:COST >> 3.8704 +/- 0.3484, % updates: 49.322%
INFO:root:-- EPOCH 17 (3.222 seconds):
INFO:root:COST >> 3.8648 +/- 0.3422, % updates: 49.48%
INFO:root:-- EPOCH 18 (3.237 seconds):
INFO:root:COST >> 3.8851 +/- 0.3536, % updates: 49.606%
INFO:root:-- EPOCH 19 (3.141 seconds):
INFO:root:COST >> 3.8705 +/- 0.3474, % updates: 49.29%
INFO:root:-- EPOCH 20 (3.214 seconds):
INFO:root:COST >> 3.8826 +/- 0.347, % updates: 49.234%
INFO:root:-- EPOCH 21 (3.122 seconds):
INFO:root:COST >> 3.8782 +/- 0.3445, % updates: 49.478%
INFO:root:-- EPOCH 22 (3.233 seconds):
INFO:root:COST >> 3.8571 +/- 0.3659, % updates: 49.246%
INFO:root:-- EPOCH 23 (3.187 seconds):
INFO:root:COST >> 3.865 +/- 0.3419, % updates: 49.376%
INFO:root:-- EPOCH 24 (3.179 seconds):
INFO:root:COST >> 3.8524 +/- 0.372, % updates: 49.219%
INFO:root:-- EPOCH 25 (3.225 seconds):
INFO:root:COST >> 3.8769 +/- 0.3449, % updates: 49.429%
INFO:root:-- EPOCH 26 (3.215 seconds):
INFO:root:COST >> 3.8724 +/- 0.3573, % updates: 49.445%
INFO:root:-- EPOCH 27 (3.198 seconds):
INFO:root:COST >> 3.8655 +/- 0.3598, % updates: 49.36%
INFO:root:-- EPOCH 28 (3.16 seconds):
INFO:root:COST >> 3.8765 +/- 0.369, % updates: 49.283%
INFO:root:-- EPOCH 29 (3.222 seconds):
INFO:root:COST >> 3.8712 +/- 0.336, % updates: 49.365%
INFO:root:-- EPOCH 30 (3.162 seconds):
INFO:root:COST >> 3.876 +/- 0.3539, % updates: 49.231%
INFO:root:-- EPOCH 31 (3.245 seconds):
INFO:root:COST >> 3.8899 +/- 0.3598, % updates: 49.518%
INFO:root:-- EPOCH 32 (3.174 seconds):
INFO:root:COST >> 3.8862 +/- 0.3337, % updates: 49.426%
INFO:root:-- EPOCH 33 (3.21 seconds):
INFO:root:COST >> 3.8785 +/- 0.362, % updates: 49.348%
INFO:root:-- EPOCH 34 (3.216 seconds):
INFO:root:COST >> 3.8628 +/- 0.343, % updates: 49.341%
INFO:root:-- EPOCH 35 (3.227 seconds):
INFO:root:COST >> 3.8789 +/- 0.3475, % updates: 49.352%
INFO:root:-- EPOCH 36 (3.157 seconds):
INFO:root:COST >> 3.8619 +/- 0.3588, % updates: 49.241%
INFO:root:-- EPOCH 37 (3.136 seconds):
INFO:root:COST >> 3.8804 +/- 0.3593, % updates: 49.306%
INFO:root:-- EPOCH 38 (3.215 seconds):
INFO:root:COST >> 3.8751 +/- 0.3496, % updates: 49.391%
INFO:root:-- EPOCH 39 (3.253 seconds):
INFO:root:COST >> 3.8702 +/- 0.3687, % updates: 49.351%
INFO:root:-- EPOCH 40 (3.128 seconds):
INFO:root:COST >> 3.8514 +/- 0.3353, % updates: 49.307%
INFO:root:-- EPOCH 41 (3.13 seconds):
INFO:root:COST >> 3.8766 +/- 0.3546, % updates: 49.362%
INFO:root:-- EPOCH 42 (3.148 seconds):
INFO:root:COST >> 3.8723 +/- 0.3564, % updates: 49.33%
INFO:root:-- EPOCH 43 (3.279 seconds):
INFO:root:COST >> 3.8589 +/- 0.3519, % updates: 49.388%
INFO:root:-- EPOCH 44 (3.151 seconds):
INFO:root:COST >> 3.8648 +/- 0.357, % updates: 49.354%
INFO:root:-- EPOCH 45 (3.153 seconds):
INFO:root:COST >> 3.8781 +/- 0.3503, % updates: 49.458%
INFO:root:-- EPOCH 46 (3.138 seconds):
INFO:root:COST >> 3.8706 +/- 0.3543, % updates: 49.353%
INFO:root:-- EPOCH 47 (3.141 seconds):
INFO:root:COST >> 3.8822 +/- 0.3333, % updates: 49.426%
INFO:root:-- EPOCH 48 (3.165 seconds):
INFO:root:COST >> 3.8627 +/- 0.3549, % updates: 49.384%
INFO:root:-- EPOCH 49 (3.238 seconds):
INFO:root:COST >> 3.8575 +/- 0.3594, % updates: 49.182%
INFO:root:-- EPOCH 50 (3.177 seconds):
INFO:root:COST >> 3.8592 +/- 0.35, % updates: 49.262%
