INFO:root:Shape for training set: (40961, 141442)
INFO:root:State: {'ndim': '50', 'test_all': 'None', 'test_path': 'None', 'nhid': '50', 'lremb': '1.0', 'seed': '4', 'simfn': 'L1', 'valid_path': 'None', 'nbatches': '10', 'lrparam': '1.0', 'decay': '0.9999', 'show_hinton_diagrams': 'False', 'no_rescaling': 'True', 'Nrel': '18', 'ranking_score_right': 'False', 'Nent': '40961', 'Nsyn': '40943', 'method': 'MOMENTUM', 'loss_margin': '1.0', 'C': '1.0', 'epsilon': '1e-06', 'use_db': 'True', 'max_lr': 'None', 'l1_param_weight': 'None', 'filtered': 'False', 'name': 'wn_50/wn_MOMENTUM_304', 'totepochs': '50', 'l2_param_weight': 'None', 'train_path': 'data/wn/WN-train.pkl', 'op': 'TransE'}
INFO:root:Starting the Experiment ..
INFO:root:-- EPOCH 1 (3.166 seconds):
INFO:root:COST >> 3.3333 +/- 0.4979, % updates: 62.119%
INFO:root:-- EPOCH 2 (3.214 seconds):
INFO:root:COST >> 3.0283 +/- 0.2415, % updates: 47.786%
INFO:root:-- EPOCH 3 (3.23 seconds):
INFO:root:COST >> 2.8676 +/- 0.2406, % updates: 45.797%
INFO:root:-- EPOCH 4 (3.235 seconds):
INFO:root:COST >> 2.7628 +/- 0.2461, % updates: 44.681%
INFO:root:-- EPOCH 5 (3.116 seconds):
INFO:root:COST >> 2.7003 +/- 0.241, % updates: 44.304%
INFO:root:-- EPOCH 6 (3.237 seconds):
INFO:root:COST >> 2.6454 +/- 0.2422, % updates: 43.834%
INFO:root:-- EPOCH 7 (2.937 seconds):
INFO:root:COST >> 2.6115 +/- 0.2259, % updates: 43.562%
INFO:root:-- EPOCH 8 (2.726 seconds):
INFO:root:COST >> 2.5788 +/- 0.2293, % updates: 43.386%
INFO:root:-- EPOCH 9 (3.138 seconds):
INFO:root:COST >> 2.5697 +/- 0.2364, % updates: 43.371%
INFO:root:-- EPOCH 10 (3.21 seconds):
INFO:root:COST >> 2.5396 +/- 0.2246, % updates: 43.264%
INFO:root:-- EPOCH 11 (3.215 seconds):
INFO:root:COST >> 2.5271 +/- 0.2208, % updates: 43.169%
INFO:root:-- EPOCH 12 (3.212 seconds):
INFO:root:COST >> 2.5042 +/- 0.2406, % updates: 43.07%
INFO:root:-- EPOCH 13 (3.214 seconds):
INFO:root:COST >> 2.4884 +/- 0.2228, % updates: 43.028%
INFO:root:-- EPOCH 14 (3.215 seconds):
INFO:root:COST >> 2.4854 +/- 0.2215, % updates: 42.939%
INFO:root:-- EPOCH 15 (3.221 seconds):
INFO:root:COST >> 2.4688 +/- 0.2254, % updates: 42.942%
INFO:root:-- EPOCH 16 (3.133 seconds):
INFO:root:COST >> 2.4579 +/- 0.2173, % updates: 42.798%
INFO:root:-- EPOCH 17 (3.262 seconds):
INFO:root:COST >> 2.4436 +/- 0.224, % updates: 42.841%
INFO:root:-- EPOCH 18 (3.238 seconds):
INFO:root:COST >> 2.4466 +/- 0.2143, % updates: 43.01%
INFO:root:-- EPOCH 19 (3.142 seconds):
INFO:root:COST >> 2.4334 +/- 0.206, % updates: 42.811%
INFO:root:-- EPOCH 20 (3.169 seconds):
INFO:root:COST >> 2.4163 +/- 0.2203, % updates: 42.675%
INFO:root:-- EPOCH 21 (3.186 seconds):
INFO:root:COST >> 2.4208 +/- 0.2226, % updates: 42.744%
INFO:root:-- EPOCH 22 (3.194 seconds):
INFO:root:COST >> 2.4032 +/- 0.2168, % updates: 42.647%
INFO:root:-- EPOCH 23 (3.241 seconds):
INFO:root:COST >> 2.3991 +/- 0.2083, % updates: 42.675%
INFO:root:-- EPOCH 24 (3.265 seconds):
INFO:root:COST >> 2.3849 +/- 0.2163, % updates: 42.658%
INFO:root:-- EPOCH 25 (3.255 seconds):
INFO:root:COST >> 2.3907 +/- 0.2199, % updates: 42.623%
INFO:root:-- EPOCH 26 (3.281 seconds):
INFO:root:COST >> 2.3802 +/- 0.2265, % updates: 42.718%
INFO:root:-- EPOCH 27 (3.101 seconds):
INFO:root:COST >> 2.3801 +/- 0.2093, % updates: 42.679%
INFO:root:-- EPOCH 28 (3.127 seconds):
INFO:root:COST >> 2.3789 +/- 0.2219, % updates: 42.618%
INFO:root:-- EPOCH 29 (3.148 seconds):
INFO:root:COST >> 2.3715 +/- 0.2055, % updates: 42.743%
INFO:root:-- EPOCH 30 (3.262 seconds):
INFO:root:COST >> 2.3677 +/- 0.2087, % updates: 42.649%
INFO:root:-- EPOCH 31 (3.171 seconds):
INFO:root:COST >> 2.3709 +/- 0.216, % updates: 42.661%
INFO:root:-- EPOCH 32 (3.244 seconds):
INFO:root:COST >> 2.3624 +/- 0.1935, % updates: 42.676%
INFO:root:-- EPOCH 33 (3.122 seconds):
INFO:root:COST >> 2.3435 +/- 0.2122, % updates: 42.563%
INFO:root:-- EPOCH 34 (3.214 seconds):
INFO:root:COST >> 2.3436 +/- 0.202, % updates: 42.581%
INFO:root:-- EPOCH 35 (3.21 seconds):
INFO:root:COST >> 2.3489 +/- 0.2117, % updates: 42.614%
INFO:root:-- EPOCH 36 (3.197 seconds):
INFO:root:COST >> 2.3409 +/- 0.2108, % updates: 42.551%
INFO:root:-- EPOCH 37 (3.226 seconds):
INFO:root:COST >> 2.3391 +/- 0.2168, % updates: 42.624%
INFO:root:-- EPOCH 38 (3.244 seconds):
INFO:root:COST >> 2.3361 +/- 0.2078, % updates: 42.743%
INFO:root:-- EPOCH 39 (3.265 seconds):
INFO:root:COST >> 2.3327 +/- 0.2182, % updates: 42.579%
INFO:root:-- EPOCH 40 (3.223 seconds):
INFO:root:COST >> 2.3245 +/- 0.204, % updates: 42.577%
INFO:root:-- EPOCH 41 (3.195 seconds):
INFO:root:COST >> 2.3242 +/- 0.2007, % updates: 42.56%
INFO:root:-- EPOCH 42 (3.165 seconds):
INFO:root:COST >> 2.3302 +/- 0.209, % updates: 42.602%
INFO:root:-- EPOCH 43 (3.149 seconds):
INFO:root:COST >> 2.3138 +/- 0.2026, % updates: 42.545%
INFO:root:-- EPOCH 44 (3.13 seconds):
INFO:root:COST >> 2.3131 +/- 0.2009, % updates: 42.558%
INFO:root:-- EPOCH 45 (3.205 seconds):
INFO:root:COST >> 2.3273 +/- 0.2024, % updates: 42.798%
INFO:root:-- EPOCH 46 (3.253 seconds):
INFO:root:COST >> 2.3118 +/- 0.2068, % updates: 42.563%
INFO:root:-- EPOCH 47 (3.268 seconds):
INFO:root:COST >> 2.3153 +/- 0.1954, % updates: 42.659%
INFO:root:-- EPOCH 48 (3.268 seconds):
INFO:root:COST >> 2.3031 +/- 0.2018, % updates: 42.518%
INFO:root:-- EPOCH 49 (3.199 seconds):
INFO:root:COST >> 2.3044 +/- 0.1977, % updates: 42.522%
INFO:root:-- EPOCH 50 (3.204 seconds):
INFO:root:COST >> 2.299 +/- 0.21, % updates: 42.626%
