INFO:root:Shape for training set: (40961, 141442)
INFO:root:State: {'ndim': '50', 'test_all': 'None', 'test_path': 'None', 'nhid': '50', 'lremb': '0.01', 'seed': '1', 'simfn': 'L1', 'valid_path': 'None', 'nbatches': '10', 'lrparam': '0.01', 'decay': '0.99', 'show_hinton_diagrams': 'False', 'no_rescaling': 'True', 'Nrel': '18', 'ranking_score_right': 'False', 'Nent': '40961', 'Nsyn': '40943', 'method': 'MOMENTUM', 'loss_margin': '1.0', 'C': '1.0', 'epsilon': '1e-06', 'use_db': 'True', 'max_lr': 'None', 'l1_param_weight': 'None', 'filtered': 'False', 'name': 'wn_50/wn_MOMENTUM_221', 'totepochs': '50', 'l2_param_weight': 'None', 'train_path': 'data/wn/WN-train.pkl', 'op': 'TransE'}
INFO:root:Starting the Experiment ..
INFO:root:-- EPOCH 1 (3.151 seconds):
INFO:root:COST >> 2.2899 +/- 0.1779, % updates: 65.777%
INFO:root:-- EPOCH 2 (3.212 seconds):
INFO:root:COST >> 2.2639 +/- 0.2304, % updates: 46.366%
INFO:root:-- EPOCH 3 (3.184 seconds):
INFO:root:COST >> 2.2702 +/- 0.1906, % updates: 43.136%
INFO:root:-- EPOCH 4 (3.143 seconds):
INFO:root:COST >> 2.2845 +/- 0.1979, % updates: 42.325%
INFO:root:-- EPOCH 5 (3.172 seconds):
INFO:root:COST >> 2.3221 +/- 0.1993, % updates: 41.995%
INFO:root:-- EPOCH 6 (3.187 seconds):
INFO:root:COST >> 2.3326 +/- 0.1962, % updates: 41.829%
INFO:root:-- EPOCH 7 (3.215 seconds):
INFO:root:COST >> 2.3544 +/- 0.1982, % updates: 41.525%
INFO:root:-- EPOCH 8 (3.138 seconds):
INFO:root:COST >> 2.3806 +/- 0.1972, % updates: 41.368%
INFO:root:-- EPOCH 9 (3.225 seconds):
INFO:root:COST >> 2.3889 +/- 0.1959, % updates: 41.156%
INFO:root:-- EPOCH 10 (3.161 seconds):
INFO:root:COST >> 2.4243 +/- 0.192, % updates: 41.111%
INFO:root:-- EPOCH 11 (3.155 seconds):
INFO:root:COST >> 2.4205 +/- 0.201, % updates: 40.899%
INFO:root:-- EPOCH 12 (3.18 seconds):
INFO:root:COST >> 2.4575 +/- 0.1932, % updates: 40.896%
INFO:root:-- EPOCH 13 (3.235 seconds):
INFO:root:COST >> 2.4711 +/- 0.1951, % updates: 40.872%
INFO:root:-- EPOCH 14 (3.139 seconds):
INFO:root:COST >> 2.4737 +/- 0.1986, % updates: 40.668%
INFO:root:-- EPOCH 15 (3.194 seconds):
INFO:root:COST >> 2.4946 +/- 0.1923, % updates: 40.716%
INFO:root:-- EPOCH 16 (3.209 seconds):
INFO:root:COST >> 2.5103 +/- 0.193, % updates: 40.712%
INFO:root:-- EPOCH 17 (3.22 seconds):
INFO:root:COST >> 2.5119 +/- 0.1918, % updates: 40.569%
INFO:root:-- EPOCH 18 (3.106 seconds):
INFO:root:COST >> 2.5227 +/- 0.193, % updates: 40.752%
INFO:root:-- EPOCH 19 (3.251 seconds):
INFO:root:COST >> 2.5338 +/- 0.186, % updates: 40.639%
INFO:root:-- EPOCH 20 (3.232 seconds):
INFO:root:COST >> 2.5352 +/- 0.2079, % updates: 40.436%
INFO:root:-- EPOCH 21 (3.217 seconds):
INFO:root:COST >> 2.5429 +/- 0.1939, % updates: 40.604%
INFO:root:-- EPOCH 22 (3.227 seconds):
INFO:root:COST >> 2.5404 +/- 0.1866, % updates: 40.39%
INFO:root:-- EPOCH 23 (3.166 seconds):
INFO:root:COST >> 2.5501 +/- 0.1919, % updates: 40.361%
INFO:root:-- EPOCH 24 (3.122 seconds):
INFO:root:COST >> 2.5638 +/- 0.1924, % updates: 40.623%
INFO:root:-- EPOCH 25 (3.138 seconds):
INFO:root:COST >> 2.5546 +/- 0.1813, % updates: 40.647%
INFO:root:-- EPOCH 26 (3.164 seconds):
INFO:root:COST >> 2.5581 +/- 0.1959, % updates: 40.511%
INFO:root:-- EPOCH 27 (3.142 seconds):
INFO:root:COST >> 2.5611 +/- 0.1911, % updates: 40.466%
INFO:root:-- EPOCH 28 (3.135 seconds):
INFO:root:COST >> 2.5636 +/- 0.1949, % updates: 40.591%
INFO:root:-- EPOCH 29 (3.182 seconds):
INFO:root:COST >> 2.5673 +/- 0.1807, % updates: 40.426%
INFO:root:-- EPOCH 30 (3.174 seconds):
INFO:root:COST >> 2.5548 +/- 0.1945, % updates: 40.398%
INFO:root:-- EPOCH 31 (3.209 seconds):
INFO:root:COST >> 2.5521 +/- 0.1852, % updates: 40.46%
INFO:root:-- EPOCH 32 (3.21 seconds):
INFO:root:COST >> 2.5657 +/- 0.1933, % updates: 40.55%
INFO:root:-- EPOCH 33 (3.2 seconds):
INFO:root:COST >> 2.5599 +/- 0.1921, % updates: 40.483%
INFO:root:-- EPOCH 34 (3.205 seconds):
INFO:root:COST >> 2.5641 +/- 0.1761, % updates: 40.41%
INFO:root:-- EPOCH 35 (3.215 seconds):
INFO:root:COST >> 2.5613 +/- 0.1844, % updates: 40.498%
INFO:root:-- EPOCH 36 (3.172 seconds):
INFO:root:COST >> 2.5648 +/- 0.1791, % updates: 40.392%
INFO:root:-- EPOCH 37 (3.089 seconds):
INFO:root:COST >> 2.5684 +/- 0.1946, % updates: 40.652%
INFO:root:-- EPOCH 38 (3.216 seconds):
INFO:root:COST >> 2.5663 +/- 0.1993, % updates: 40.406%
INFO:root:-- EPOCH 39 (3.18 seconds):
INFO:root:COST >> 2.5754 +/- 0.1959, % updates: 40.573%
INFO:root:-- EPOCH 40 (3.131 seconds):
INFO:root:COST >> 2.5636 +/- 0.1949, % updates: 40.493%
INFO:root:-- EPOCH 41 (3.13 seconds):
INFO:root:COST >> 2.564 +/- 0.1884, % updates: 40.387%
INFO:root:-- EPOCH 42 (3.229 seconds):
INFO:root:COST >> 2.5712 +/- 0.1923, % updates: 40.587%
INFO:root:-- EPOCH 43 (3.112 seconds):
INFO:root:COST >> 2.5639 +/- 0.1951, % updates: 40.529%
INFO:root:-- EPOCH 44 (2.683 seconds):
INFO:root:COST >> 2.5654 +/- 0.2017, % updates: 40.416%
INFO:root:-- EPOCH 45 (2.924 seconds):
INFO:root:COST >> 2.5705 +/- 0.1924, % updates: 40.488%
INFO:root:-- EPOCH 46 (3.13 seconds):
INFO:root:COST >> 2.5703 +/- 0.1776, % updates: 40.419%
INFO:root:-- EPOCH 47 (3.155 seconds):
INFO:root:COST >> 2.5749 +/- 0.1722, % updates: 40.495%
INFO:root:-- EPOCH 48 (3.141 seconds):
INFO:root:COST >> 2.5719 +/- 0.1886, % updates: 40.342%
INFO:root:-- EPOCH 49 (3.195 seconds):
INFO:root:COST >> 2.5628 +/- 0.1891, % updates: 40.558%
INFO:root:-- EPOCH 50 (3.179 seconds):
INFO:root:COST >> 2.5631 +/- 0.1749, % updates: 40.479%
