INFO:root:Shape for training set: (40961, 141442)
INFO:root:State: {'ndim': '50', 'test_all': 'None', 'test_path': 'None', 'nhid': '50', 'lremb': '0.1', 'seed': '4', 'simfn': 'L1', 'valid_path': 'None', 'nbatches': '10', 'lrparam': '0.1', 'decay': '0.99', 'show_hinton_diagrams': 'False', 'no_rescaling': 'True', 'Nrel': '18', 'ranking_score_right': 'False', 'Nent': '40961', 'Nsyn': '40943', 'method': 'MOMENTUM', 'loss_margin': '1.0', 'C': '1.0', 'epsilon': '1e-06', 'use_db': 'True', 'max_lr': 'None', 'l1_param_weight': 'None', 'filtered': 'False', 'name': 'wn_50/wn_MOMENTUM_274', 'totepochs': '50', 'l2_param_weight': 'None', 'train_path': 'data/wn/WN-train.pkl', 'op': 'TransE'}
INFO:root:Starting the Experiment ..
INFO:root:-- EPOCH 1 (3.125 seconds):
INFO:root:COST >> 3.1277 +/- 0.4604, % updates: 62.395%
INFO:root:-- EPOCH 2 (3.159 seconds):
INFO:root:COST >> 2.9611 +/- 0.2674, % updates: 47.363%
INFO:root:-- EPOCH 3 (3.173 seconds):
INFO:root:COST >> 2.8659 +/- 0.2714, % updates: 45.352%
INFO:root:-- EPOCH 4 (3.203 seconds):
INFO:root:COST >> 2.8345 +/- 0.2823, % updates: 44.646%
INFO:root:-- EPOCH 5 (2.685 seconds):
INFO:root:COST >> 2.8265 +/- 0.2794, % updates: 44.194%
INFO:root:-- EPOCH 6 (2.834 seconds):
INFO:root:COST >> 2.8197 +/- 0.2821, % updates: 43.912%
INFO:root:-- EPOCH 7 (3.247 seconds):
INFO:root:COST >> 2.8313 +/- 0.2726, % updates: 43.722%
INFO:root:-- EPOCH 8 (3.159 seconds):
INFO:root:COST >> 2.8244 +/- 0.281, % updates: 43.622%
INFO:root:-- EPOCH 9 (3.252 seconds):
INFO:root:COST >> 2.8478 +/- 0.2983, % updates: 43.497%
INFO:root:-- EPOCH 10 (3.214 seconds):
INFO:root:COST >> 2.8606 +/- 0.2866, % updates: 43.527%
INFO:root:-- EPOCH 11 (3.172 seconds):
INFO:root:COST >> 2.8603 +/- 0.2868, % updates: 43.407%
INFO:root:-- EPOCH 12 (3.246 seconds):
INFO:root:COST >> 2.8658 +/- 0.3111, % updates: 43.364%
INFO:root:-- EPOCH 13 (3.153 seconds):
INFO:root:COST >> 2.8726 +/- 0.2883, % updates: 43.393%
INFO:root:-- EPOCH 14 (3.18 seconds):
INFO:root:COST >> 2.8844 +/- 0.2946, % updates: 43.314%
INFO:root:-- EPOCH 15 (3.207 seconds):
INFO:root:COST >> 2.9005 +/- 0.2958, % updates: 43.222%
INFO:root:-- EPOCH 16 (3.211 seconds):
INFO:root:COST >> 2.8914 +/- 0.2951, % updates: 43.102%
INFO:root:-- EPOCH 17 (3.238 seconds):
INFO:root:COST >> 2.8908 +/- 0.2925, % updates: 43.246%
INFO:root:-- EPOCH 18 (3.216 seconds):
INFO:root:COST >> 2.9104 +/- 0.279, % updates: 43.36%
INFO:root:-- EPOCH 19 (3.156 seconds):
INFO:root:COST >> 2.8998 +/- 0.2791, % updates: 43.183%
INFO:root:-- EPOCH 20 (3.137 seconds):
INFO:root:COST >> 2.9007 +/- 0.2953, % updates: 43.119%
INFO:root:-- EPOCH 21 (3.181 seconds):
INFO:root:COST >> 2.9139 +/- 0.2938, % updates: 43.201%
INFO:root:-- EPOCH 22 (3.233 seconds):
INFO:root:COST >> 2.9018 +/- 0.301, % updates: 43.143%
INFO:root:-- EPOCH 23 (3.223 seconds):
INFO:root:COST >> 2.9068 +/- 0.2787, % updates: 43.08%
INFO:root:-- EPOCH 24 (3.215 seconds):
INFO:root:COST >> 2.9028 +/- 0.2913, % updates: 43.133%
INFO:root:-- EPOCH 25 (3.206 seconds):
INFO:root:COST >> 2.9178 +/- 0.2965, % updates: 43.154%
INFO:root:-- EPOCH 26 (3.244 seconds):
INFO:root:COST >> 2.9149 +/- 0.3045, % updates: 43.132%
INFO:root:-- EPOCH 27 (3.21 seconds):
INFO:root:COST >> 2.9144 +/- 0.2967, % updates: 43.132%
INFO:root:-- EPOCH 28 (3.219 seconds):
INFO:root:COST >> 2.9268 +/- 0.3118, % updates: 43.123%
INFO:root:-- EPOCH 29 (3.169 seconds):
INFO:root:COST >> 2.9126 +/- 0.2913, % updates: 43.129%
INFO:root:-- EPOCH 30 (3.235 seconds):
INFO:root:COST >> 2.9221 +/- 0.2876, % updates: 43.168%
INFO:root:-- EPOCH 31 (3.198 seconds):
INFO:root:COST >> 2.9187 +/- 0.3036, % updates: 43.173%
INFO:root:-- EPOCH 32 (3.213 seconds):
INFO:root:COST >> 2.9265 +/- 0.2776, % updates: 43.098%
INFO:root:-- EPOCH 33 (3.167 seconds):
INFO:root:COST >> 2.9123 +/- 0.299, % updates: 43.052%
INFO:root:-- EPOCH 34 (3.176 seconds):
INFO:root:COST >> 2.9103 +/- 0.291, % updates: 43.081%
INFO:root:-- EPOCH 35 (3.147 seconds):
INFO:root:COST >> 2.9294 +/- 0.295, % updates: 43.187%
INFO:root:-- EPOCH 36 (3.21 seconds):
INFO:root:COST >> 2.91 +/- 0.2955, % updates: 43.063%
INFO:root:-- EPOCH 37 (3.2 seconds):
INFO:root:COST >> 2.9186 +/- 0.3006, % updates: 43.26%
INFO:root:-- EPOCH 38 (3.166 seconds):
INFO:root:COST >> 2.9127 +/- 0.2961, % updates: 43.13%
INFO:root:-- EPOCH 39 (3.174 seconds):
INFO:root:COST >> 2.926 +/- 0.3092, % updates: 43.132%
INFO:root:-- EPOCH 40 (3.214 seconds):
INFO:root:COST >> 2.911 +/- 0.2925, % updates: 43.175%
INFO:root:-- EPOCH 41 (3.172 seconds):
INFO:root:COST >> 2.9141 +/- 0.2823, % updates: 43.076%
INFO:root:-- EPOCH 42 (3.126 seconds):
INFO:root:COST >> 2.9219 +/- 0.2929, % updates: 43.044%
INFO:root:-- EPOCH 43 (3.191 seconds):
INFO:root:COST >> 2.9157 +/- 0.2892, % updates: 43.069%
INFO:root:-- EPOCH 44 (3.18 seconds):
INFO:root:COST >> 2.9066 +/- 0.2987, % updates: 43.007%
INFO:root:-- EPOCH 45 (3.231 seconds):
INFO:root:COST >> 2.9207 +/- 0.2959, % updates: 43.109%
INFO:root:-- EPOCH 46 (3.161 seconds):
INFO:root:COST >> 2.9269 +/- 0.3001, % updates: 43.273%
INFO:root:-- EPOCH 47 (3.155 seconds):
INFO:root:COST >> 2.9255 +/- 0.288, % updates: 43.269%
INFO:root:-- EPOCH 48 (3.183 seconds):
INFO:root:COST >> 2.9134 +/- 0.29, % updates: 43.128%
INFO:root:-- EPOCH 49 (3.156 seconds):
INFO:root:COST >> 2.9097 +/- 0.2951, % updates: 43.056%
INFO:root:-- EPOCH 50 (3.266 seconds):
INFO:root:COST >> 2.9192 +/- 0.2875, % updates: 43.114%
