INFO:root:Shape for training set: (40961, 141442)
INFO:root:State: {'ndim': '50', 'test_all': 'None', 'test_path': 'None', 'nhid': '50', 'lremb': '1e-05', 'seed': '7', 'simfn': 'L1', 'valid_path': 'None', 'nbatches': '10', 'lrparam': '1e-05', 'decay': '0.99', 'show_hinton_diagrams': 'False', 'no_rescaling': 'True', 'Nrel': '18', 'ranking_score_right': 'False', 'Nent': '40961', 'Nsyn': '40943', 'method': 'MOMENTUM', 'loss_margin': '1.0', 'C': '1.0', 'epsilon': '1e-06', 'use_db': 'True', 'max_lr': 'None', 'l1_param_weight': 'None', 'filtered': 'False', 'name': 'wn_50/wn_MOMENTUM_77', 'totepochs': '50', 'l2_param_weight': 'None', 'train_path': 'data/wn/WN-train.pkl', 'op': 'TransE'}
INFO:root:Starting the Experiment ..
INFO:root:-- EPOCH 1 (3.148 seconds):
INFO:root:COST >> 2.2024 +/- 0.0178, % updates: 81.497%
INFO:root:-- EPOCH 2 (3.221 seconds):
INFO:root:COST >> 2.1312 +/- 0.0293, % updates: 80.86%
INFO:root:-- EPOCH 3 (3.206 seconds):
INFO:root:COST >> 2.0519 +/- 0.0276, % updates: 79.265%
INFO:root:-- EPOCH 4 (3.27 seconds):
INFO:root:COST >> 1.9766 +/- 0.0273, % updates: 76.865%
INFO:root:-- EPOCH 5 (3.143 seconds):
INFO:root:COST >> 1.8884 +/- 0.0297, % updates: 74.64%
INFO:root:-- EPOCH 6 (3.245 seconds):
INFO:root:COST >> 1.7829 +/- 0.0266, % updates: 72.664%
INFO:root:-- EPOCH 7 (3.222 seconds):
INFO:root:COST >> 1.6748 +/- 0.0406, % updates: 70.817%
INFO:root:-- EPOCH 8 (3.343 seconds):
INFO:root:COST >> 1.5701 +/- 0.0329, % updates: 68.643%
INFO:root:-- EPOCH 9 (3.249 seconds):
INFO:root:COST >> 1.4596 +/- 0.0369, % updates: 65.985%
INFO:root:-- EPOCH 10 (3.151 seconds):
INFO:root:COST >> 1.3479 +/- 0.0339, % updates: 63.236%
INFO:root:-- EPOCH 11 (3.193 seconds):
INFO:root:COST >> 1.2422 +/- 0.0352, % updates: 60.533%
INFO:root:-- EPOCH 12 (3.243 seconds):
INFO:root:COST >> 1.1288 +/- 0.0292, % updates: 57.652%
INFO:root:-- EPOCH 13 (3.176 seconds):
INFO:root:COST >> 1.0333 +/- 0.0284, % updates: 54.896%
INFO:root:-- EPOCH 14 (3.256 seconds):
INFO:root:COST >> 0.9407 +/- 0.0228, % updates: 52.194%
INFO:root:-- EPOCH 15 (3.158 seconds):
INFO:root:COST >> 0.8514 +/- 0.0244, % updates: 49.194%
INFO:root:-- EPOCH 16 (3.128 seconds):
INFO:root:COST >> 0.7714 +/- 0.0167, % updates: 46.143%
INFO:root:-- EPOCH 17 (3.137 seconds):
INFO:root:COST >> 0.6961 +/- 0.0203, % updates: 43.431%
INFO:root:-- EPOCH 18 (3.176 seconds):
INFO:root:COST >> 0.6347 +/- 0.0194, % updates: 40.886%
INFO:root:-- EPOCH 19 (3.151 seconds):
INFO:root:COST >> 0.5774 +/- 0.0146, % updates: 38.358%
INFO:root:-- EPOCH 20 (3.156 seconds):
INFO:root:COST >> 0.5236 +/- 0.0144, % updates: 35.87%
INFO:root:-- EPOCH 21 (3.282 seconds):
INFO:root:COST >> 0.4791 +/- 0.0101, % updates: 33.583%
INFO:root:-- EPOCH 22 (3.277 seconds):
INFO:root:COST >> 0.4392 +/- 0.0133, % updates: 31.608%
INFO:root:-- EPOCH 23 (3.237 seconds):
INFO:root:COST >> 0.4044 +/- 0.011, % updates: 29.784%
INFO:root:-- EPOCH 24 (3.27 seconds):
INFO:root:COST >> 0.3706 +/- 0.009, % updates: 27.852%
INFO:root:-- EPOCH 25 (3.18 seconds):
INFO:root:COST >> 0.3407 +/- 0.0085, % updates: 26.338%
INFO:root:-- EPOCH 26 (3.266 seconds):
INFO:root:COST >> 0.3181 +/- 0.008, % updates: 24.866%
INFO:root:-- EPOCH 27 (3.21 seconds):
INFO:root:COST >> 0.2944 +/- 0.007, % updates: 23.47%
INFO:root:-- EPOCH 28 (3.152 seconds):
INFO:root:COST >> 0.2737 +/- 0.0047, % updates: 22.153%
INFO:root:-- EPOCH 29 (3.249 seconds):
INFO:root:COST >> 0.255 +/- 0.0053, % updates: 21.101%
INFO:root:-- EPOCH 30 (3.267 seconds):
INFO:root:COST >> 0.2384 +/- 0.0051, % updates: 20.08%
INFO:root:-- EPOCH 31 (3.163 seconds):
INFO:root:COST >> 0.2224 +/- 0.0067, % updates: 19.107%
INFO:root:-- EPOCH 32 (3.279 seconds):
INFO:root:COST >> 0.2089 +/- 0.0046, % updates: 18.174%
INFO:root:-- EPOCH 33 (3.278 seconds):
INFO:root:COST >> 0.1966 +/- 0.0043, % updates: 17.361%
INFO:root:-- EPOCH 34 (3.244 seconds):
INFO:root:COST >> 0.186 +/- 0.0033, % updates: 16.648%
INFO:root:-- EPOCH 35 (3.123 seconds):
INFO:root:COST >> 0.174 +/- 0.0037, % updates: 15.865%
INFO:root:-- EPOCH 36 (3.262 seconds):
INFO:root:COST >> 0.1661 +/- 0.0048, % updates: 15.324%
INFO:root:-- EPOCH 37 (3.148 seconds):
INFO:root:COST >> 0.1552 +/- 0.0044, % updates: 14.552%
INFO:root:-- EPOCH 38 (3.212 seconds):
INFO:root:COST >> 0.1457 +/- 0.0039, % updates: 13.948%
INFO:root:-- EPOCH 39 (3.155 seconds):
INFO:root:COST >> 0.1379 +/- 0.0037, % updates: 13.263%
INFO:root:-- EPOCH 40 (3.145 seconds):
INFO:root:COST >> 0.1304 +/- 0.0034, % updates: 12.883%
INFO:root:-- EPOCH 41 (3.167 seconds):
INFO:root:COST >> 0.1226 +/- 0.0034, % updates: 12.274%
INFO:root:-- EPOCH 42 (3.249 seconds):
INFO:root:COST >> 0.1166 +/- 0.0022, % updates: 11.851%
INFO:root:-- EPOCH 43 (3.227 seconds):
INFO:root:COST >> 0.1105 +/- 0.0023, % updates: 11.373%
INFO:root:-- EPOCH 44 (3.255 seconds):
INFO:root:COST >> 0.1046 +/- 0.0028, % updates: 10.918%
INFO:root:-- EPOCH 45 (3.212 seconds):
INFO:root:COST >> 0.0991 +/- 0.0031, % updates: 10.559%
INFO:root:-- EPOCH 46 (3.239 seconds):
INFO:root:COST >> 0.0943 +/- 0.0023, % updates: 10.17%
INFO:root:-- EPOCH 47 (3.128 seconds):
INFO:root:COST >> 0.0891 +/- 0.0021, % updates: 9.791%
INFO:root:-- EPOCH 48 (3.238 seconds):
INFO:root:COST >> 0.0853 +/- 0.0023, % updates: 9.396%
INFO:root:-- EPOCH 49 (3.151 seconds):
INFO:root:COST >> 0.0824 +/- 0.0026, % updates: 9.204%
INFO:root:-- EPOCH 50 (2.924 seconds):
INFO:root:COST >> 0.0778 +/- 0.0024, % updates: 8.799%
