INFO:root:Shape for training set: (40961, 141442)
INFO:root:State: {'ndim': '50', 'test_all': 'None', 'test_path': 'None', 'nhid': '50', 'lremb': '1.0', 'seed': '8', 'simfn': 'L1', 'valid_path': 'None', 'nbatches': '10', 'lrparam': '1.0', 'decay': '0.9', 'show_hinton_diagrams': 'False', 'no_rescaling': 'True', 'Nrel': '18', 'ranking_score_right': 'False', 'Nent': '40961', 'Nsyn': '40943', 'method': 'MOMENTUM', 'loss_margin': '1.0', 'C': '1.0', 'epsilon': '1e-06', 'use_db': 'True', 'max_lr': 'None', 'l1_param_weight': 'None', 'filtered': 'False', 'name': 'wn_50/wn_MOMENTUM_338', 'totepochs': '50', 'l2_param_weight': 'None', 'train_path': 'data/wn/WN-train.pkl', 'op': 'TransE'}
INFO:root:Starting the Experiment ..
INFO:root:-- EPOCH 1 (3.165 seconds):
INFO:root:COST >> 3.4321 +/- 0.6105, % updates: 61.605%
INFO:root:-- EPOCH 2 (3.216 seconds):
INFO:root:COST >> 3.6924 +/- 0.4165, % updates: 49.21%
INFO:root:-- EPOCH 3 (3.23 seconds):
INFO:root:COST >> 3.8187 +/- 0.3813, % updates: 48.861%
INFO:root:-- EPOCH 4 (3.23 seconds):
INFO:root:COST >> 3.8586 +/- 0.385, % updates: 49.014%
INFO:root:-- EPOCH 5 (3.262 seconds):
INFO:root:COST >> 3.8436 +/- 0.3707, % updates: 48.923%
INFO:root:-- EPOCH 6 (3.232 seconds):
INFO:root:COST >> 3.8552 +/- 0.3833, % updates: 49.096%
INFO:root:-- EPOCH 7 (3.067 seconds):
INFO:root:COST >> 3.8485 +/- 0.3776, % updates: 48.976%
INFO:root:-- EPOCH 8 (2.708 seconds):
INFO:root:COST >> 3.8649 +/- 0.3935, % updates: 49.052%
INFO:root:-- EPOCH 9 (3.003 seconds):
INFO:root:COST >> 3.8587 +/- 0.3725, % updates: 48.959%
INFO:root:-- EPOCH 10 (3.221 seconds):
INFO:root:COST >> 3.8317 +/- 0.3756, % updates: 48.757%
INFO:root:-- EPOCH 11 (3.155 seconds):
INFO:root:COST >> 3.843 +/- 0.3786, % updates: 48.876%
INFO:root:-- EPOCH 12 (3.197 seconds):
INFO:root:COST >> 3.8668 +/- 0.3661, % updates: 48.956%
INFO:root:-- EPOCH 13 (3.228 seconds):
INFO:root:COST >> 3.8452 +/- 0.3802, % updates: 48.87%
INFO:root:-- EPOCH 14 (3.123 seconds):
INFO:root:COST >> 3.8606 +/- 0.3804, % updates: 48.999%
INFO:root:-- EPOCH 15 (3.145 seconds):
INFO:root:COST >> 3.8583 +/- 0.3824, % updates: 48.959%
INFO:root:-- EPOCH 16 (3.277 seconds):
INFO:root:COST >> 3.8572 +/- 0.3838, % updates: 49.071%
INFO:root:-- EPOCH 17 (3.231 seconds):
INFO:root:COST >> 3.8558 +/- 0.385, % updates: 48.874%
INFO:root:-- EPOCH 18 (3.207 seconds):
INFO:root:COST >> 3.8458 +/- 0.3799, % updates: 48.794%
INFO:root:-- EPOCH 19 (3.213 seconds):
INFO:root:COST >> 3.8376 +/- 0.3616, % updates: 48.918%
INFO:root:-- EPOCH 20 (3.13 seconds):
INFO:root:COST >> 3.8448 +/- 0.3766, % updates: 48.861%
INFO:root:-- EPOCH 21 (3.123 seconds):
INFO:root:COST >> 3.8524 +/- 0.3691, % updates: 49.001%
INFO:root:-- EPOCH 22 (3.164 seconds):
INFO:root:COST >> 3.8515 +/- 0.3724, % updates: 48.885%
INFO:root:-- EPOCH 23 (3.113 seconds):
INFO:root:COST >> 3.8347 +/- 0.3591, % updates: 48.773%
INFO:root:-- EPOCH 24 (3.156 seconds):
INFO:root:COST >> 3.8463 +/- 0.3811, % updates: 48.843%
INFO:root:-- EPOCH 25 (3.131 seconds):
INFO:root:COST >> 3.8708 +/- 0.3681, % updates: 49.127%
INFO:root:-- EPOCH 26 (3.253 seconds):
INFO:root:COST >> 3.8369 +/- 0.3702, % updates: 48.837%
INFO:root:-- EPOCH 27 (3.136 seconds):
INFO:root:COST >> 3.8553 +/- 0.3809, % updates: 48.924%
INFO:root:-- EPOCH 28 (3.213 seconds):
INFO:root:COST >> 3.8554 +/- 0.3654, % updates: 49.065%
INFO:root:-- EPOCH 29 (3.231 seconds):
INFO:root:COST >> 3.8364 +/- 0.3663, % updates: 48.722%
INFO:root:-- EPOCH 30 (3.135 seconds):
INFO:root:COST >> 3.8525 +/- 0.363, % updates: 48.966%
INFO:root:-- EPOCH 31 (3.146 seconds):
INFO:root:COST >> 3.8517 +/- 0.3751, % updates: 48.771%
INFO:root:-- EPOCH 32 (3.234 seconds):
INFO:root:COST >> 3.8583 +/- 0.3874, % updates: 49.017%
INFO:root:-- EPOCH 33 (3.237 seconds):
INFO:root:COST >> 3.8484 +/- 0.3926, % updates: 48.868%
INFO:root:-- EPOCH 34 (3.106 seconds):
INFO:root:COST >> 3.8496 +/- 0.3709, % updates: 48.866%
INFO:root:-- EPOCH 35 (3.213 seconds):
INFO:root:COST >> 3.8798 +/- 0.3633, % updates: 49.257%
INFO:root:-- EPOCH 36 (3.12 seconds):
INFO:root:COST >> 3.8414 +/- 0.3737, % updates: 48.91%
INFO:root:-- EPOCH 37 (3.215 seconds):
INFO:root:COST >> 3.8545 +/- 0.3797, % updates: 48.877%
INFO:root:-- EPOCH 38 (3.231 seconds):
INFO:root:COST >> 3.8579 +/- 0.3854, % updates: 48.98%
INFO:root:-- EPOCH 39 (3.15 seconds):
INFO:root:COST >> 3.8455 +/- 0.3782, % updates: 48.786%
INFO:root:-- EPOCH 40 (3.238 seconds):
INFO:root:COST >> 3.8782 +/- 0.3976, % updates: 49.134%
INFO:root:-- EPOCH 41 (3.219 seconds):
INFO:root:COST >> 3.8575 +/- 0.377, % updates: 48.97%
INFO:root:-- EPOCH 42 (3.214 seconds):
INFO:root:COST >> 3.8398 +/- 0.3461, % updates: 48.878%
INFO:root:-- EPOCH 43 (3.201 seconds):
INFO:root:COST >> 3.8494 +/- 0.3788, % updates: 48.925%
INFO:root:-- EPOCH 44 (3.154 seconds):
INFO:root:COST >> 3.8463 +/- 0.385, % updates: 48.897%
INFO:root:-- EPOCH 45 (3.151 seconds):
INFO:root:COST >> 3.8437 +/- 0.3717, % updates: 48.843%
INFO:root:-- EPOCH 46 (3.223 seconds):
INFO:root:COST >> 3.8534 +/- 0.3728, % updates: 48.895%
INFO:root:-- EPOCH 47 (3.174 seconds):
INFO:root:COST >> 3.8482 +/- 0.3878, % updates: 48.738%
INFO:root:-- EPOCH 48 (3.199 seconds):
INFO:root:COST >> 3.8504 +/- 0.3827, % updates: 48.913%
INFO:root:-- EPOCH 49 (3.212 seconds):
INFO:root:COST >> 3.8693 +/- 0.3737, % updates: 48.986%
INFO:root:-- EPOCH 50 (3.208 seconds):
INFO:root:COST >> 3.8451 +/- 0.361, % updates: 48.945%
