INFO:root:Shape for training set: (40961, 141442)
INFO:root:State: {'ndim': '50', 'test_all': 'None', 'test_path': 'None', 'nhid': '50', 'lremb': '0.1', 'seed': '8', 'simfn': 'L1', 'valid_path': 'None', 'nbatches': '10', 'lrparam': '0.1', 'decay': '0.999', 'show_hinton_diagrams': 'False', 'no_rescaling': 'True', 'Nrel': '18', 'ranking_score_right': 'False', 'Nent': '40961', 'Nsyn': '40943', 'method': 'MOMENTUM', 'loss_margin': '1.0', 'C': '1.0', 'epsilon': '1e-06', 'use_db': 'True', 'max_lr': 'None', 'l1_param_weight': 'None', 'filtered': 'False', 'name': 'wn_50/wn_MOMENTUM_268', 'totepochs': '50', 'l2_param_weight': 'None', 'train_path': 'data/wn/WN-train.pkl', 'op': 'TransE'}
INFO:root:Starting the Experiment ..
INFO:root:-- EPOCH 1 (3.141 seconds):
INFO:root:COST >> 3.0507 +/- 0.4537, % updates: 61.522%
INFO:root:-- EPOCH 2 (3.205 seconds):
INFO:root:COST >> 2.8741 +/- 0.2615, % updates: 46.371%
INFO:root:-- EPOCH 3 (3.232 seconds):
INFO:root:COST >> 2.7532 +/- 0.2588, % updates: 44.753%
INFO:root:-- EPOCH 4 (3.147 seconds):
INFO:root:COST >> 2.6768 +/- 0.2566, % updates: 43.863%
INFO:root:-- EPOCH 5 (2.731 seconds):
INFO:root:COST >> 2.6207 +/- 0.2479, % updates: 43.39%
INFO:root:-- EPOCH 6 (2.961 seconds):
INFO:root:COST >> 2.598 +/- 0.2564, % updates: 43.158%
INFO:root:-- EPOCH 7 (3.131 seconds):
INFO:root:COST >> 2.5741 +/- 0.2432, % updates: 42.961%
INFO:root:-- EPOCH 8 (3.215 seconds):
INFO:root:COST >> 2.5467 +/- 0.251, % updates: 42.678%
INFO:root:-- EPOCH 9 (3.238 seconds):
INFO:root:COST >> 2.538 +/- 0.2398, % updates: 42.695%
INFO:root:-- EPOCH 10 (3.111 seconds):
INFO:root:COST >> 2.5179 +/- 0.2326, % updates: 42.452%
INFO:root:-- EPOCH 11 (3.116 seconds):
INFO:root:COST >> 2.5093 +/- 0.2416, % updates: 42.619%
INFO:root:-- EPOCH 12 (3.111 seconds):
INFO:root:COST >> 2.4983 +/- 0.2433, % updates: 42.459%
INFO:root:-- EPOCH 13 (3.111 seconds):
INFO:root:COST >> 2.4954 +/- 0.248, % updates: 42.535%
INFO:root:-- EPOCH 14 (3.109 seconds):
INFO:root:COST >> 2.4814 +/- 0.2426, % updates: 42.498%
INFO:root:-- EPOCH 15 (3.223 seconds):
INFO:root:COST >> 2.4877 +/- 0.2431, % updates: 42.524%
INFO:root:-- EPOCH 16 (3.126 seconds):
INFO:root:COST >> 2.4757 +/- 0.2334, % updates: 42.39%
INFO:root:-- EPOCH 17 (3.195 seconds):
INFO:root:COST >> 2.4716 +/- 0.237, % updates: 42.363%
INFO:root:-- EPOCH 18 (3.215 seconds):
INFO:root:COST >> 2.455 +/- 0.2348, % updates: 42.268%
INFO:root:-- EPOCH 19 (3.168 seconds):
INFO:root:COST >> 2.4562 +/- 0.2426, % updates: 42.358%
INFO:root:-- EPOCH 20 (3.182 seconds):
INFO:root:COST >> 2.4475 +/- 0.2309, % updates: 42.189%
INFO:root:-- EPOCH 21 (3.153 seconds):
INFO:root:COST >> 2.4552 +/- 0.2315, % updates: 42.229%
INFO:root:-- EPOCH 22 (3.146 seconds):
INFO:root:COST >> 2.4472 +/- 0.237, % updates: 42.272%
INFO:root:-- EPOCH 23 (3.171 seconds):
INFO:root:COST >> 2.4502 +/- 0.2331, % updates: 42.186%
INFO:root:-- EPOCH 24 (3.146 seconds):
INFO:root:COST >> 2.44 +/- 0.2399, % updates: 42.303%
INFO:root:-- EPOCH 25 (3.222 seconds):
INFO:root:COST >> 2.4446 +/- 0.2344, % updates: 42.373%
INFO:root:-- EPOCH 26 (3.138 seconds):
INFO:root:COST >> 2.4378 +/- 0.2331, % updates: 42.138%
INFO:root:-- EPOCH 27 (3.231 seconds):
INFO:root:COST >> 2.4451 +/- 0.2387, % updates: 42.105%
INFO:root:-- EPOCH 28 (3.213 seconds):
INFO:root:COST >> 2.4441 +/- 0.2269, % updates: 42.26%
INFO:root:-- EPOCH 29 (3.236 seconds):
INFO:root:COST >> 2.4395 +/- 0.2297, % updates: 42.157%
INFO:root:-- EPOCH 30 (3.233 seconds):
INFO:root:COST >> 2.4444 +/- 0.2422, % updates: 42.268%
INFO:root:-- EPOCH 31 (3.144 seconds):
INFO:root:COST >> 2.4321 +/- 0.2358, % updates: 42.176%
INFO:root:-- EPOCH 32 (3.215 seconds):
INFO:root:COST >> 2.4399 +/- 0.2453, % updates: 42.359%
INFO:root:-- EPOCH 33 (3.249 seconds):
INFO:root:COST >> 2.4262 +/- 0.244, % updates: 42.004%
INFO:root:-- EPOCH 34 (3.116 seconds):
INFO:root:COST >> 2.4314 +/- 0.2434, % updates: 42.238%
INFO:root:-- EPOCH 35 (3.094 seconds):
INFO:root:COST >> 2.4429 +/- 0.2336, % updates: 42.231%
INFO:root:-- EPOCH 36 (3.132 seconds):
INFO:root:COST >> 2.42 +/- 0.2268, % updates: 42.113%
INFO:root:-- EPOCH 37 (3.135 seconds):
INFO:root:COST >> 2.4276 +/- 0.2301, % updates: 41.993%
INFO:root:-- EPOCH 38 (3.074 seconds):
INFO:root:COST >> 2.4293 +/- 0.2236, % updates: 42.151%
INFO:root:-- EPOCH 39 (3.207 seconds):
INFO:root:COST >> 2.4312 +/- 0.2265, % updates: 42.233%
INFO:root:-- EPOCH 40 (3.127 seconds):
INFO:root:COST >> 2.43 +/- 0.2477, % updates: 42.213%
INFO:root:-- EPOCH 41 (3.135 seconds):
INFO:root:COST >> 2.4258 +/- 0.2257, % updates: 42.092%
INFO:root:-- EPOCH 42 (3.136 seconds):
INFO:root:COST >> 2.4208 +/- 0.2211, % updates: 42.119%
INFO:root:-- EPOCH 43 (3.228 seconds):
INFO:root:COST >> 2.4264 +/- 0.2277, % updates: 42.094%
INFO:root:-- EPOCH 44 (3.147 seconds):
INFO:root:COST >> 2.4264 +/- 0.2349, % updates: 42.003%
INFO:root:-- EPOCH 45 (3.233 seconds):
INFO:root:COST >> 2.4306 +/- 0.2279, % updates: 41.98%
INFO:root:-- EPOCH 46 (3.131 seconds):
INFO:root:COST >> 2.416 +/- 0.2337, % updates: 42.037%
INFO:root:-- EPOCH 47 (3.12 seconds):
INFO:root:COST >> 2.4335 +/- 0.2462, % updates: 42.1%
INFO:root:-- EPOCH 48 (3.18 seconds):
INFO:root:COST >> 2.4309 +/- 0.2346, % updates: 42.08%
INFO:root:-- EPOCH 49 (3.148 seconds):
INFO:root:COST >> 2.4357 +/- 0.2369, % updates: 42.21%
INFO:root:-- EPOCH 50 (3.205 seconds):
INFO:root:COST >> 2.426 +/- 0.234, % updates: 42.034%
