INFO:root:Shape for training set: (40961, 141442)
INFO:root:State: {'ndim': '50', 'test_all': 'None', 'test_path': 'None', 'nhid': '50', 'lremb': '1e-05', 'seed': '9', 'simfn': 'L1', 'valid_path': 'None', 'nbatches': '10', 'lrparam': '1e-05', 'decay': '0.999', 'show_hinton_diagrams': 'False', 'no_rescaling': 'True', 'Nrel': '18', 'ranking_score_right': 'False', 'Nent': '40961', 'Nsyn': '40943', 'method': 'MOMENTUM', 'loss_margin': '1.0', 'C': '1.0', 'epsilon': '1e-06', 'use_db': 'True', 'max_lr': 'None', 'l1_param_weight': 'None', 'filtered': 'False', 'name': 'wn_50/wn_MOMENTUM_69', 'totepochs': '50', 'l2_param_weight': 'None', 'train_path': 'data/wn/WN-train.pkl', 'op': 'TransE'}
INFO:root:Starting the Experiment ..
INFO:root:-- EPOCH 1 (3.347 seconds):
INFO:root:COST >> 2.2118 +/- 0.0116, % updates: 81.595%
INFO:root:-- EPOCH 2 (3.384 seconds):
INFO:root:COST >> 2.1294 +/- 0.0236, % updates: 81.022%
INFO:root:-- EPOCH 3 (3.362 seconds):
INFO:root:COST >> 2.039 +/- 0.0238, % updates: 79.128%
INFO:root:-- EPOCH 4 (3.425 seconds):
INFO:root:COST >> 1.9547 +/- 0.0216, % updates: 76.573%
INFO:root:-- EPOCH 5 (3.322 seconds):
INFO:root:COST >> 1.8634 +/- 0.0312, % updates: 73.615%
INFO:root:-- EPOCH 6 (3.367 seconds):
INFO:root:COST >> 1.7544 +/- 0.0269, % updates: 71.282%
INFO:root:-- EPOCH 7 (3.35 seconds):
INFO:root:COST >> 1.6355 +/- 0.0366, % updates: 68.9%
INFO:root:-- EPOCH 8 (3.432 seconds):
INFO:root:COST >> 1.5029 +/- 0.0312, % updates: 66.258%
INFO:root:-- EPOCH 9 (3.313 seconds):
INFO:root:COST >> 1.3899 +/- 0.0378, % updates: 63.441%
INFO:root:-- EPOCH 10 (3.371 seconds):
INFO:root:COST >> 1.255 +/- 0.0335, % updates: 59.835%
INFO:root:-- EPOCH 11 (3.421 seconds):
INFO:root:COST >> 1.1371 +/- 0.0303, % updates: 56.173%
INFO:root:-- EPOCH 12 (3.409 seconds):
INFO:root:COST >> 1.0249 +/- 0.0362, % updates: 52.769%
INFO:root:-- EPOCH 13 (3.317 seconds):
INFO:root:COST >> 0.9183 +/- 0.0276, % updates: 49.413%
INFO:root:-- EPOCH 14 (3.345 seconds):
INFO:root:COST >> 0.8219 +/- 0.0255, % updates: 45.946%
INFO:root:-- EPOCH 15 (3.403 seconds):
INFO:root:COST >> 0.7409 +/- 0.0236, % updates: 42.529%
INFO:root:-- EPOCH 16 (3.279 seconds):
INFO:root:COST >> 0.6672 +/- 0.0166, % updates: 39.161%
INFO:root:-- EPOCH 17 (3.408 seconds):
INFO:root:COST >> 0.6103 +/- 0.0164, % updates: 36.805%
INFO:root:-- EPOCH 18 (3.394 seconds):
INFO:root:COST >> 0.5601 +/- 0.0079, % updates: 34.348%
INFO:root:-- EPOCH 19 (3.394 seconds):
INFO:root:COST >> 0.5267 +/- 0.0126, % updates: 32.29%
INFO:root:-- EPOCH 20 (3.441 seconds):
INFO:root:COST >> 0.4867 +/- 0.0122, % updates: 30.263%
INFO:root:-- EPOCH 21 (3.417 seconds):
INFO:root:COST >> 0.4691 +/- 0.0075, % updates: 29.168%
INFO:root:-- EPOCH 22 (3.347 seconds):
INFO:root:COST >> 0.4464 +/- 0.0075, % updates: 27.846%
INFO:root:-- EPOCH 23 (3.409 seconds):
INFO:root:COST >> 0.4225 +/- 0.0067, % updates: 26.584%
INFO:root:-- EPOCH 24 (3.377 seconds):
INFO:root:COST >> 0.4135 +/- 0.0043, % updates: 26.376%
INFO:root:-- EPOCH 25 (3.398 seconds):
INFO:root:COST >> 0.3977 +/- 0.0087, % updates: 25.405%
INFO:root:-- EPOCH 26 (3.32 seconds):
INFO:root:COST >> 0.3819 +/- 0.0038, % updates: 24.548%
INFO:root:-- EPOCH 27 (3.357 seconds):
INFO:root:COST >> 0.3847 +/- 0.0056, % updates: 24.735%
INFO:root:-- EPOCH 28 (3.341 seconds):
INFO:root:COST >> 0.3624 +/- 0.0068, % updates: 23.774%
INFO:root:-- EPOCH 29 (3.356 seconds):
INFO:root:COST >> 0.3567 +/- 0.0057, % updates: 23.574%
INFO:root:-- EPOCH 30 (3.429 seconds):
INFO:root:COST >> 0.3425 +/- 0.0066, % updates: 23.077%
INFO:root:-- EPOCH 31 (3.273 seconds):
INFO:root:COST >> 0.3354 +/- 0.0056, % updates: 22.849%
INFO:root:-- EPOCH 32 (3.413 seconds):
INFO:root:COST >> 0.3269 +/- 0.0074, % updates: 22.479%
INFO:root:-- EPOCH 33 (3.345 seconds):
INFO:root:COST >> 0.3108 +/- 0.0058, % updates: 21.826%
INFO:root:-- EPOCH 34 (3.403 seconds):
INFO:root:COST >> 0.3078 +/- 0.0039, % updates: 21.973%
INFO:root:-- EPOCH 35 (3.404 seconds):
INFO:root:COST >> 0.29 +/- 0.004, % updates: 21.061%
INFO:root:-- EPOCH 36 (3.391 seconds):
INFO:root:COST >> 0.2845 +/- 0.0053, % updates: 20.813%
INFO:root:-- EPOCH 37 (3.31 seconds):
INFO:root:COST >> 0.268 +/- 0.0063, % updates: 20.182%
INFO:root:-- EPOCH 38 (3.424 seconds):
INFO:root:COST >> 0.259 +/- 0.0043, % updates: 19.95%
INFO:root:-- EPOCH 39 (3.326 seconds):
INFO:root:COST >> 0.2467 +/- 0.0047, % updates: 19.391%
INFO:root:-- EPOCH 40 (3.425 seconds):
INFO:root:COST >> 0.2422 +/- 0.0036, % updates: 18.931%
INFO:root:-- EPOCH 41 (3.397 seconds):
INFO:root:COST >> 0.2315 +/- 0.0061, % updates: 18.461%
INFO:root:-- EPOCH 42 (3.396 seconds):
INFO:root:COST >> 0.2174 +/- 0.0035, % updates: 17.957%
INFO:root:-- EPOCH 43 (3.38 seconds):
INFO:root:COST >> 0.2145 +/- 0.0058, % updates: 17.684%
INFO:root:-- EPOCH 44 (3.344 seconds):
INFO:root:COST >> 0.2015 +/- 0.0058, % updates: 16.932%
INFO:root:-- EPOCH 45 (3.403 seconds):
INFO:root:COST >> 0.1974 +/- 0.0047, % updates: 16.861%
INFO:root:-- EPOCH 46 (3.391 seconds):
INFO:root:COST >> 0.1796 +/- 0.0056, % updates: 15.719%
INFO:root:-- EPOCH 47 (3.298 seconds):
INFO:root:COST >> 0.1742 +/- 0.0036, % updates: 15.373%
INFO:root:-- EPOCH 48 (3.312 seconds):
INFO:root:COST >> 0.1686 +/- 0.0067, % updates: 15.243%
INFO:root:-- EPOCH 49 (3.31 seconds):
INFO:root:COST >> 0.1613 +/- 0.0038, % updates: 14.778%
INFO:root:-- EPOCH 50 (3.219 seconds):
INFO:root:COST >> 0.1517 +/- 0.0048, % updates: 14.094%
