INFO:root:Shape for training set: (40961, 141442)
INFO:root:State: {'ndim': '50', 'test_all': 'None', 'test_path': 'None', 'nhid': '50', 'lremb': '0.0001', 'seed': '9', 'simfn': 'L1', 'valid_path': 'None', 'nbatches': '10', 'lrparam': '0.0001', 'decay': '0.9999', 'show_hinton_diagrams': 'False', 'no_rescaling': 'True', 'Nrel': '18', 'ranking_score_right': 'False', 'Nent': '40961', 'Nsyn': '40943', 'method': 'MOMENTUM', 'loss_margin': '1.0', 'C': '1.0', 'epsilon': '1e-06', 'use_db': 'True', 'max_lr': 'None', 'l1_param_weight': 'None', 'filtered': 'False', 'name': 'wn_50/wn_MOMENTUM_109', 'totepochs': '50', 'l2_param_weight': 'None', 'train_path': 'data/wn/WN-train.pkl', 'op': 'TransE'}
INFO:root:Starting the Experiment ..
INFO:root:-- EPOCH 1 (3.2 seconds):
INFO:root:COST >> 2.1486 +/- 0.0494, % updates: 80.663%
INFO:root:-- EPOCH 2 (3.266 seconds):
INFO:root:COST >> 1.8992 +/- 0.0678, % updates: 73.191%
INFO:root:-- EPOCH 3 (3.193 seconds):
INFO:root:COST >> 1.5863 +/- 0.0895, % updates: 65.814%
INFO:root:-- EPOCH 4 (3.26 seconds):
INFO:root:COST >> 1.2683 +/- 0.0821, % updates: 57.235%
INFO:root:-- EPOCH 5 (3.161 seconds):
INFO:root:COST >> 1.0027 +/- 0.061, % updates: 48.769%
INFO:root:-- EPOCH 6 (3.237 seconds):
INFO:root:COST >> 0.8239 +/- 0.0403, % updates: 42.173%
INFO:root:-- EPOCH 7 (3.242 seconds):
INFO:root:COST >> 0.7126 +/- 0.0218, % updates: 37.562%
INFO:root:-- EPOCH 8 (3.282 seconds):
INFO:root:COST >> 0.6588 +/- 0.0083, % updates: 34.587%
INFO:root:-- EPOCH 9 (3.177 seconds):
INFO:root:COST >> 0.629 +/- 0.0111, % updates: 33.131%
INFO:root:-- EPOCH 10 (3.41 seconds):
INFO:root:COST >> 0.6157 +/- 0.0074, % updates: 32.443%
INFO:root:-- EPOCH 11 (3.173 seconds):
INFO:root:COST >> 0.5979 +/- 0.0092, % updates: 31.674%
INFO:root:-- EPOCH 12 (3.251 seconds):
INFO:root:COST >> 0.5904 +/- 0.0061, % updates: 31.487%
INFO:root:-- EPOCH 13 (3.139 seconds):
INFO:root:COST >> 0.5784 +/- 0.0101, % updates: 31.261%
INFO:root:-- EPOCH 14 (3.263 seconds):
INFO:root:COST >> 0.5516 +/- 0.0125, % updates: 30.821%
INFO:root:-- EPOCH 15 (3.216 seconds):
INFO:root:COST >> 0.5348 +/- 0.0096, % updates: 30.275%
INFO:root:-- EPOCH 16 (3.242 seconds):
INFO:root:COST >> 0.5007 +/- 0.01, % updates: 29.42%
INFO:root:-- EPOCH 17 (3.261 seconds):
INFO:root:COST >> 0.4806 +/- 0.0131, % updates: 28.581%
INFO:root:-- EPOCH 18 (3.206 seconds):
INFO:root:COST >> 0.4463 +/- 0.0121, % updates: 27.17%
INFO:root:-- EPOCH 19 (3.183 seconds):
INFO:root:COST >> 0.4145 +/- 0.0091, % updates: 26.405%
INFO:root:-- EPOCH 20 (3.242 seconds):
INFO:root:COST >> 0.3822 +/- 0.017, % updates: 24.619%
INFO:root:-- EPOCH 21 (3.142 seconds):
INFO:root:COST >> 0.3604 +/- 0.0113, % updates: 24.254%
INFO:root:-- EPOCH 22 (3.271 seconds):
INFO:root:COST >> 0.3381 +/- 0.0057, % updates: 23.211%
INFO:root:-- EPOCH 23 (3.282 seconds):
INFO:root:COST >> 0.3107 +/- 0.0076, % updates: 21.816%
INFO:root:-- EPOCH 24 (3.256 seconds):
INFO:root:COST >> 0.2969 +/- 0.0104, % updates: 21.538%
INFO:root:-- EPOCH 25 (3.271 seconds):
INFO:root:COST >> 0.2752 +/- 0.0124, % updates: 20.36%
INFO:root:-- EPOCH 26 (3.2 seconds):
INFO:root:COST >> 0.2605 +/- 0.0054, % updates: 19.529%
INFO:root:-- EPOCH 27 (3.265 seconds):
INFO:root:COST >> 0.2416 +/- 0.0114, % updates: 18.83%
INFO:root:-- EPOCH 28 (3.143 seconds):
INFO:root:COST >> 0.2303 +/- 0.0099, % updates: 18.18%
INFO:root:-- EPOCH 29 (3.251 seconds):
INFO:root:COST >> 0.2189 +/- 0.0103, % updates: 17.634%
INFO:root:-- EPOCH 30 (3.171 seconds):
INFO:root:COST >> 0.2152 +/- 0.0086, % updates: 17.563%
INFO:root:-- EPOCH 31 (3.231 seconds):
INFO:root:COST >> 0.1996 +/- 0.0081, % updates: 16.705%
INFO:root:-- EPOCH 32 (3.232 seconds):
INFO:root:COST >> 0.191 +/- 0.0054, % updates: 16.203%
INFO:root:-- EPOCH 33 (3.228 seconds):
INFO:root:COST >> 0.1827 +/- 0.0148, % updates: 15.891%
INFO:root:-- EPOCH 34 (3.147 seconds):
INFO:root:COST >> 0.1865 +/- 0.0082, % updates: 16.195%
INFO:root:-- EPOCH 35 (3.181 seconds):
INFO:root:COST >> 0.1744 +/- 0.004, % updates: 15.507%
INFO:root:-- EPOCH 36 (3.252 seconds):
INFO:root:COST >> 0.1655 +/- 0.0089, % updates: 14.936%
INFO:root:-- EPOCH 37 (3.147 seconds):
INFO:root:COST >> 0.1589 +/- 0.0089, % updates: 14.559%
INFO:root:-- EPOCH 38 (3.22 seconds):
INFO:root:COST >> 0.1555 +/- 0.0085, % updates: 14.543%
INFO:root:-- EPOCH 39 (3.156 seconds):
INFO:root:COST >> 0.1535 +/- 0.0067, % updates: 14.432%
INFO:root:-- EPOCH 40 (3.117 seconds):
INFO:root:COST >> 0.1488 +/- 0.0078, % updates: 14.187%
INFO:root:-- EPOCH 41 (3.243 seconds):
INFO:root:COST >> 0.145 +/- 0.0096, % updates: 13.902%
INFO:root:-- EPOCH 42 (3.233 seconds):
INFO:root:COST >> 0.1416 +/- 0.0145, % updates: 13.867%
INFO:root:-- EPOCH 43 (3.167 seconds):
INFO:root:COST >> 0.1422 +/- 0.0062, % updates: 13.943%
INFO:root:-- EPOCH 44 (3.173 seconds):
INFO:root:COST >> 0.1385 +/- 0.0076, % updates: 13.67%
INFO:root:-- EPOCH 45 (3.275 seconds):
INFO:root:COST >> 0.1313 +/- 0.003, % updates: 13.351%
INFO:root:-- EPOCH 46 (3.27 seconds):
INFO:root:COST >> 0.1286 +/- 0.0105, % updates: 12.988%
INFO:root:-- EPOCH 47 (3.243 seconds):
INFO:root:COST >> 0.1304 +/- 0.0101, % updates: 13.268%
INFO:root:-- EPOCH 48 (2.96 seconds):
INFO:root:COST >> 0.1214 +/- 0.0071, % updates: 12.534%
INFO:root:-- EPOCH 49 (2.681 seconds):
INFO:root:COST >> 0.1268 +/- 0.0073, % updates: 12.974%
INFO:root:-- EPOCH 50 (3.081 seconds):
INFO:root:COST >> 0.1314 +/- 0.0133, % updates: 13.494%
