INFO:root:Shape for training set: (40961, 141442)
INFO:root:State: {'ndim': '50', 'test_all': 'None', 'test_path': 'None', 'nhid': '50', 'lremb': '0.01', 'seed': '0', 'simfn': 'L1', 'valid_path': 'None', 'nbatches': '10', 'lrparam': '0.01', 'decay': '0.5', 'show_hinton_diagrams': 'False', 'no_rescaling': 'True', 'Nrel': '18', 'ranking_score_right': 'False', 'Nent': '40961', 'Nsyn': '40943', 'method': 'MOMENTUM', 'loss_margin': '1.0', 'C': '1.0', 'epsilon': '1e-06', 'use_db': 'True', 'max_lr': 'None', 'l1_param_weight': 'None', 'filtered': 'False', 'name': 'wn_50/wn_MOMENTUM_240', 'totepochs': '50', 'l2_param_weight': 'None', 'train_path': 'data/wn/WN-train.pkl', 'op': 'TransE'}
INFO:root:Starting the Experiment ..
INFO:root:-- EPOCH 1 (3.11 seconds):
INFO:root:COST >> 2.1538 +/- 0.089, % updates: 68.398%
INFO:root:-- EPOCH 2 (3.212 seconds):
INFO:root:COST >> 1.8466 +/- 0.123, % updates: 55.967%
INFO:root:-- EPOCH 3 (3.224 seconds):
INFO:root:COST >> 1.7328 +/- 0.1409, % updates: 51.858%
INFO:root:-- EPOCH 4 (3.265 seconds):
INFO:root:COST >> 1.6886 +/- 0.1456, % updates: 49.853%
INFO:root:-- EPOCH 5 (3.013 seconds):
INFO:root:COST >> 1.677 +/- 0.1416, % updates: 48.924%
INFO:root:-- EPOCH 6 (2.663 seconds):
INFO:root:COST >> 1.6702 +/- 0.1376, % updates: 48.226%
INFO:root:-- EPOCH 7 (3.242 seconds):
INFO:root:COST >> 1.6656 +/- 0.144, % updates: 47.716%
INFO:root:-- EPOCH 8 (3.253 seconds):
INFO:root:COST >> 1.6572 +/- 0.1387, % updates: 47.229%
INFO:root:-- EPOCH 9 (3.173 seconds):
INFO:root:COST >> 1.6696 +/- 0.1432, % updates: 47.169%
INFO:root:-- EPOCH 10 (3.194 seconds):
INFO:root:COST >> 1.6658 +/- 0.1407, % updates: 46.96%
INFO:root:-- EPOCH 11 (3.186 seconds):
INFO:root:COST >> 1.6602 +/- 0.1321, % updates: 46.807%
INFO:root:-- EPOCH 12 (3.119 seconds):
INFO:root:COST >> 1.6606 +/- 0.1409, % updates: 46.608%
INFO:root:-- EPOCH 13 (3.266 seconds):
INFO:root:COST >> 1.667 +/- 0.1458, % updates: 46.604%
INFO:root:-- EPOCH 14 (3.145 seconds):
INFO:root:COST >> 1.6602 +/- 0.1432, % updates: 46.495%
INFO:root:-- EPOCH 15 (3.217 seconds):
INFO:root:COST >> 1.653 +/- 0.1289, % updates: 46.316%
INFO:root:-- EPOCH 16 (3.231 seconds):
INFO:root:COST >> 1.6612 +/- 0.1446, % updates: 46.436%
INFO:root:-- EPOCH 17 (3.118 seconds):
INFO:root:COST >> 1.6601 +/- 0.1401, % updates: 46.428%
INFO:root:-- EPOCH 18 (3.197 seconds):
INFO:root:COST >> 1.6543 +/- 0.1352, % updates: 46.256%
INFO:root:-- EPOCH 19 (3.364 seconds):
INFO:root:COST >> 1.6574 +/- 0.1424, % updates: 46.173%
INFO:root:-- EPOCH 20 (4.525 seconds):
INFO:root:COST >> 1.6594 +/- 0.1466, % updates: 46.215%
INFO:root:-- EPOCH 21 (4.361 seconds):
INFO:root:COST >> 1.6598 +/- 0.1457, % updates: 46.169%
INFO:root:-- EPOCH 22 (4.58 seconds):
INFO:root:COST >> 1.6579 +/- 0.1386, % updates: 46.209%
INFO:root:-- EPOCH 23 (4.258 seconds):
INFO:root:COST >> 1.6607 +/- 0.144, % updates: 46.115%
INFO:root:-- EPOCH 24 (4.312 seconds):
INFO:root:COST >> 1.6567 +/- 0.1377, % updates: 46.017%
INFO:root:-- EPOCH 25 (4.231 seconds):
INFO:root:COST >> 1.6619 +/- 0.1366, % updates: 46.157%
INFO:root:-- EPOCH 26 (4.394 seconds):
INFO:root:COST >> 1.6526 +/- 0.1331, % updates: 45.936%
INFO:root:-- EPOCH 27 (4.175 seconds):
INFO:root:COST >> 1.6574 +/- 0.1401, % updates: 45.946%
INFO:root:-- EPOCH 28 (4.25 seconds):
INFO:root:COST >> 1.664 +/- 0.1385, % updates: 46.04%
INFO:root:-- EPOCH 29 (4.512 seconds):
INFO:root:COST >> 1.6614 +/- 0.1283, % updates: 46.041%
INFO:root:-- EPOCH 30 (4.575 seconds):
INFO:root:COST >> 1.665 +/- 0.1361, % updates: 46.08%
INFO:root:-- EPOCH 31 (4.34 seconds):
INFO:root:COST >> 1.6602 +/- 0.1413, % updates: 45.954%
INFO:root:-- EPOCH 32 (4.348 seconds):
INFO:root:COST >> 1.6628 +/- 0.1442, % updates: 45.917%
INFO:root:-- EPOCH 33 (4.23 seconds):
INFO:root:COST >> 1.6597 +/- 0.1375, % updates: 45.854%
INFO:root:-- EPOCH 34 (4.23 seconds):
INFO:root:COST >> 1.6597 +/- 0.1457, % updates: 45.93%
INFO:root:-- EPOCH 35 (4.216 seconds):
INFO:root:COST >> 1.6582 +/- 0.1344, % updates: 46.0%
INFO:root:-- EPOCH 36 (4.246 seconds):
INFO:root:COST >> 1.6625 +/- 0.1332, % updates: 46.178%
INFO:root:-- EPOCH 37 (4.29 seconds):
INFO:root:COST >> 1.6619 +/- 0.1414, % updates: 45.975%
INFO:root:-- EPOCH 38 (4.194 seconds):
INFO:root:COST >> 1.6622 +/- 0.1332, % updates: 45.959%
INFO:root:-- EPOCH 39 (4.242 seconds):
INFO:root:COST >> 1.6633 +/- 0.1314, % updates: 45.98%
INFO:root:-- EPOCH 40 (4.285 seconds):
INFO:root:COST >> 1.663 +/- 0.1333, % updates: 46.009%
INFO:root:-- EPOCH 41 (4.216 seconds):
INFO:root:COST >> 1.6592 +/- 0.1346, % updates: 45.764%
INFO:root:-- EPOCH 42 (4.228 seconds):
INFO:root:COST >> 1.6623 +/- 0.1396, % updates: 45.891%
INFO:root:-- EPOCH 43 (4.206 seconds):
INFO:root:COST >> 1.6641 +/- 0.1352, % updates: 45.951%
INFO:root:-- EPOCH 44 (4.208 seconds):
INFO:root:COST >> 1.6657 +/- 0.1336, % updates: 45.999%
INFO:root:-- EPOCH 45 (4.366 seconds):
INFO:root:COST >> 1.669 +/- 0.1408, % updates: 46.023%
INFO:root:-- EPOCH 46 (4.579 seconds):
INFO:root:COST >> 1.6656 +/- 0.1381, % updates: 45.896%
INFO:root:-- EPOCH 47 (4.364 seconds):
INFO:root:COST >> 1.6607 +/- 0.1311, % updates: 45.785%
INFO:root:-- EPOCH 48 (4.315 seconds):
INFO:root:COST >> 1.6648 +/- 0.1324, % updates: 45.776%
INFO:root:-- EPOCH 49 (4.24 seconds):
INFO:root:COST >> 1.6602 +/- 0.1363, % updates: 45.764%
INFO:root:-- EPOCH 50 (4.498 seconds):
INFO:root:COST >> 1.6628 +/- 0.1395, % updates: 45.733%
