INFO:root:Shape for training set: (40961, 141442)
INFO:root:State: {'ndim': '50', 'test_all': 'None', 'test_path': 'None', 'nhid': '50', 'lremb': '0.01', 'seed': '2', 'simfn': 'L1', 'valid_path': 'None', 'nbatches': '10', 'lrparam': '0.01', 'decay': '0.999', 'show_hinton_diagrams': 'False', 'no_rescaling': 'True', 'Nrel': '18', 'ranking_score_right': 'False', 'Nent': '40961', 'Nsyn': '40943', 'method': 'MOMENTUM', 'loss_margin': '1.0', 'C': '1.0', 'epsilon': '1e-06', 'use_db': 'True', 'max_lr': 'None', 'l1_param_weight': 'None', 'filtered': 'False', 'name': 'wn_50/wn_MOMENTUM_212', 'totepochs': '50', 'l2_param_weight': 'None', 'train_path': 'data/wn/WN-train.pkl', 'op': 'TransE'}
INFO:root:Starting the Experiment ..
INFO:root:-- EPOCH 1 (3.218 seconds):
INFO:root:COST >> 2.2725 +/- 0.1781, % updates: 65.046%
INFO:root:-- EPOCH 2 (3.188 seconds):
INFO:root:COST >> 2.2605 +/- 0.2095, % updates: 46.217%
INFO:root:-- EPOCH 3 (3.208 seconds):
INFO:root:COST >> 2.2375 +/- 0.1801, % updates: 43.259%
INFO:root:-- EPOCH 4 (3.25 seconds):
INFO:root:COST >> 2.2192 +/- 0.1761, % updates: 42.629%
INFO:root:-- EPOCH 5 (3.163 seconds):
INFO:root:COST >> 2.2004 +/- 0.1579, % updates: 42.12%
INFO:root:-- EPOCH 6 (2.708 seconds):
INFO:root:COST >> 2.1874 +/- 0.1624, % updates: 41.864%
INFO:root:-- EPOCH 7 (2.705 seconds):
INFO:root:COST >> 2.1777 +/- 0.1649, % updates: 41.856%
INFO:root:-- EPOCH 8 (3.24 seconds):
INFO:root:COST >> 2.1723 +/- 0.1761, % updates: 41.606%
INFO:root:-- EPOCH 9 (3.213 seconds):
INFO:root:COST >> 2.1701 +/- 0.1585, % updates: 41.672%
INFO:root:-- EPOCH 10 (3.23 seconds):
INFO:root:COST >> 2.1597 +/- 0.1704, % updates: 41.387%
INFO:root:-- EPOCH 11 (3.209 seconds):
INFO:root:COST >> 2.1598 +/- 0.1689, % updates: 41.508%
INFO:root:-- EPOCH 12 (3.223 seconds):
INFO:root:COST >> 2.1508 +/- 0.1706, % updates: 41.468%
INFO:root:-- EPOCH 13 (3.222 seconds):
INFO:root:COST >> 2.1446 +/- 0.1692, % updates: 41.352%
INFO:root:-- EPOCH 14 (3.214 seconds):
INFO:root:COST >> 2.1461 +/- 0.1695, % updates: 41.339%
INFO:root:-- EPOCH 15 (3.232 seconds):
INFO:root:COST >> 2.1458 +/- 0.1662, % updates: 41.424%
INFO:root:-- EPOCH 16 (3.207 seconds):
INFO:root:COST >> 2.1457 +/- 0.1674, % updates: 41.354%
INFO:root:-- EPOCH 17 (3.235 seconds):
INFO:root:COST >> 2.1392 +/- 0.1627, % updates: 41.256%
INFO:root:-- EPOCH 18 (3.13 seconds):
INFO:root:COST >> 2.1469 +/- 0.162, % updates: 41.371%
INFO:root:-- EPOCH 19 (3.254 seconds):
INFO:root:COST >> 2.1436 +/- 0.1685, % updates: 41.189%
INFO:root:-- EPOCH 20 (3.227 seconds):
INFO:root:COST >> 2.1364 +/- 0.1685, % updates: 41.235%
INFO:root:-- EPOCH 21 (3.199 seconds):
INFO:root:COST >> 2.1457 +/- 0.1638, % updates: 41.229%
INFO:root:-- EPOCH 22 (3.254 seconds):
INFO:root:COST >> 2.1374 +/- 0.1621, % updates: 41.261%
INFO:root:-- EPOCH 23 (3.248 seconds):
INFO:root:COST >> 2.1339 +/- 0.1644, % updates: 41.137%
INFO:root:-- EPOCH 24 (3.23 seconds):
INFO:root:COST >> 2.1321 +/- 0.168, % updates: 41.136%
INFO:root:-- EPOCH 25 (3.22 seconds):
INFO:root:COST >> 2.1309 +/- 0.1702, % updates: 41.111%
INFO:root:-- EPOCH 26 (3.114 seconds):
INFO:root:COST >> 2.135 +/- 0.163, % updates: 41.089%
INFO:root:-- EPOCH 27 (3.104 seconds):
INFO:root:COST >> 2.1435 +/- 0.1732, % updates: 41.098%
INFO:root:-- EPOCH 28 (3.214 seconds):
INFO:root:COST >> 2.143 +/- 0.1611, % updates: 41.168%
INFO:root:-- EPOCH 29 (3.221 seconds):
INFO:root:COST >> 2.1371 +/- 0.1677, % updates: 41.143%
INFO:root:-- EPOCH 30 (3.201 seconds):
INFO:root:COST >> 2.1403 +/- 0.1633, % updates: 41.037%
INFO:root:-- EPOCH 31 (3.219 seconds):
INFO:root:COST >> 2.141 +/- 0.1619, % updates: 41.098%
INFO:root:-- EPOCH 32 (3.163 seconds):
INFO:root:COST >> 2.1438 +/- 0.158, % updates: 41.084%
INFO:root:-- EPOCH 33 (3.243 seconds):
INFO:root:COST >> 2.1417 +/- 0.1705, % updates: 41.028%
INFO:root:-- EPOCH 34 (3.158 seconds):
INFO:root:COST >> 2.1425 +/- 0.1714, % updates: 41.037%
INFO:root:-- EPOCH 35 (3.198 seconds):
INFO:root:COST >> 2.1463 +/- 0.1701, % updates: 41.087%
INFO:root:-- EPOCH 36 (3.192 seconds):
INFO:root:COST >> 2.1512 +/- 0.1695, % updates: 41.091%
INFO:root:-- EPOCH 37 (3.178 seconds):
INFO:root:COST >> 2.1419 +/- 0.1656, % updates: 40.935%
INFO:root:-- EPOCH 38 (3.124 seconds):
INFO:root:COST >> 2.1483 +/- 0.1609, % updates: 41.029%
INFO:root:-- EPOCH 39 (3.145 seconds):
INFO:root:COST >> 2.1406 +/- 0.1621, % updates: 40.893%
INFO:root:-- EPOCH 40 (3.171 seconds):
INFO:root:COST >> 2.1497 +/- 0.1781, % updates: 40.881%
INFO:root:-- EPOCH 41 (3.112 seconds):
INFO:root:COST >> 2.1459 +/- 0.1723, % updates: 41.011%
INFO:root:-- EPOCH 42 (3.204 seconds):
INFO:root:COST >> 2.1668 +/- 0.1549, % updates: 41.146%
INFO:root:-- EPOCH 43 (3.198 seconds):
INFO:root:COST >> 2.15 +/- 0.1778, % updates: 40.931%
INFO:root:-- EPOCH 44 (3.203 seconds):
INFO:root:COST >> 2.1555 +/- 0.1655, % updates: 41.021%
INFO:root:-- EPOCH 45 (3.193 seconds):
INFO:root:COST >> 2.1529 +/- 0.151, % updates: 40.886%
INFO:root:-- EPOCH 46 (3.146 seconds):
INFO:root:COST >> 2.1502 +/- 0.1614, % updates: 40.798%
INFO:root:-- EPOCH 47 (3.225 seconds):
INFO:root:COST >> 2.1493 +/- 0.1717, % updates: 40.798%
INFO:root:-- EPOCH 48 (3.15 seconds):
INFO:root:COST >> 2.1554 +/- 0.1726, % updates: 40.88%
INFO:root:-- EPOCH 49 (3.262 seconds):
INFO:root:COST >> 2.1611 +/- 0.164, % updates: 40.901%
INFO:root:-- EPOCH 50 (3.2 seconds):
INFO:root:COST >> 2.1526 +/- 0.1716, % updates: 40.782%
