INFO:root:Shape for training set: (40961, 141442)
INFO:root:State: {'ndim': '50', 'test_all': 'None', 'test_path': 'None', 'nhid': '50', 'lremb': '10.0', 'seed': '5', 'simfn': 'L1', 'valid_path': 'None', 'nbatches': '10', 'lrparam': '10.0', 'decay': '0.9', 'show_hinton_diagrams': 'False', 'no_rescaling': 'True', 'Nrel': '18', 'ranking_score_right': 'False', 'Nent': '40961', 'Nsyn': '40943', 'method': 'MOMENTUM', 'loss_margin': '1.0', 'C': '1.0', 'epsilon': '1e-06', 'use_db': 'True', 'max_lr': 'None', 'l1_param_weight': 'None', 'filtered': 'False', 'name': 'wn_50/wn_MOMENTUM_385', 'totepochs': '50', 'l2_param_weight': 'None', 'train_path': 'data/wn/WN-train.pkl', 'op': 'TransE'}
INFO:root:Starting the Experiment ..
INFO:root:-- EPOCH 1 (3.151 seconds):
INFO:root:COST >> 3.466 +/- 0.6149, % updates: 61.947%
INFO:root:-- EPOCH 2 (3.218 seconds):
INFO:root:COST >> 3.7208 +/- 0.4026, % updates: 49.234%
INFO:root:-- EPOCH 3 (3.224 seconds):
INFO:root:COST >> 3.8486 +/- 0.377, % updates: 49.017%
INFO:root:-- EPOCH 4 (3.218 seconds):
INFO:root:COST >> 3.8711 +/- 0.3693, % updates: 49.081%
INFO:root:-- EPOCH 5 (3.116 seconds):
INFO:root:COST >> 3.8633 +/- 0.3821, % updates: 48.851%
INFO:root:-- EPOCH 6 (3.237 seconds):
INFO:root:COST >> 3.8686 +/- 0.3711, % updates: 49.12%
INFO:root:-- EPOCH 7 (3.118 seconds):
INFO:root:COST >> 3.8551 +/- 0.3536, % updates: 49.006%
INFO:root:-- EPOCH 8 (3.164 seconds):
INFO:root:COST >> 3.8665 +/- 0.3653, % updates: 48.928%
INFO:root:-- EPOCH 9 (3.229 seconds):
INFO:root:COST >> 3.8626 +/- 0.3624, % updates: 49.182%
INFO:root:-- EPOCH 10 (3.249 seconds):
INFO:root:COST >> 3.8714 +/- 0.3638, % updates: 49.084%
INFO:root:-- EPOCH 11 (3.252 seconds):
INFO:root:COST >> 3.8654 +/- 0.3659, % updates: 49.082%
INFO:root:-- EPOCH 12 (3.234 seconds):
INFO:root:COST >> 3.8713 +/- 0.3627, % updates: 49.107%
INFO:root:-- EPOCH 13 (3.242 seconds):
INFO:root:COST >> 3.8694 +/- 0.3614, % updates: 49.035%
INFO:root:-- EPOCH 14 (3.221 seconds):
INFO:root:COST >> 3.8404 +/- 0.3506, % updates: 48.91%
INFO:root:-- EPOCH 15 (3.144 seconds):
INFO:root:COST >> 3.865 +/- 0.372, % updates: 49.172%
INFO:root:-- EPOCH 16 (3.216 seconds):
INFO:root:COST >> 3.8677 +/- 0.3766, % updates: 48.931%
INFO:root:-- EPOCH 17 (3.166 seconds):
INFO:root:COST >> 3.8695 +/- 0.3728, % updates: 49.082%
INFO:root:-- EPOCH 18 (3.188 seconds):
INFO:root:COST >> 3.8512 +/- 0.3649, % updates: 48.956%
INFO:root:-- EPOCH 19 (3.125 seconds):
INFO:root:COST >> 3.8713 +/- 0.368, % updates: 49.122%
INFO:root:-- EPOCH 20 (3.211 seconds):
INFO:root:COST >> 3.8806 +/- 0.3597, % updates: 49.204%
INFO:root:-- EPOCH 21 (3.143 seconds):
INFO:root:COST >> 3.8453 +/- 0.3733, % updates: 48.872%
INFO:root:-- EPOCH 22 (3.11 seconds):
INFO:root:COST >> 3.8546 +/- 0.3811, % updates: 48.958%
INFO:root:-- EPOCH 23 (3.249 seconds):
INFO:root:COST >> 3.8426 +/- 0.3537, % updates: 48.859%
INFO:root:-- EPOCH 24 (3.111 seconds):
INFO:root:COST >> 3.8572 +/- 0.3715, % updates: 48.979%
INFO:root:-- EPOCH 25 (3.21 seconds):
INFO:root:COST >> 3.8521 +/- 0.3648, % updates: 48.936%
INFO:root:-- EPOCH 26 (3.224 seconds):
INFO:root:COST >> 3.8587 +/- 0.3599, % updates: 49.112%
INFO:root:-- EPOCH 27 (3.231 seconds):
INFO:root:COST >> 3.8586 +/- 0.3556, % updates: 49.038%
INFO:root:-- EPOCH 28 (3.24 seconds):
INFO:root:COST >> 3.8766 +/- 0.3507, % updates: 49.071%
INFO:root:-- EPOCH 29 (3.242 seconds):
INFO:root:COST >> 3.8431 +/- 0.3738, % updates: 49.083%
INFO:root:-- EPOCH 30 (3.249 seconds):
INFO:root:COST >> 3.8576 +/- 0.3683, % updates: 49.009%
INFO:root:-- EPOCH 31 (3.135 seconds):
INFO:root:COST >> 3.8607 +/- 0.3664, % updates: 49.067%
INFO:root:-- EPOCH 32 (3.255 seconds):
INFO:root:COST >> 3.8642 +/- 0.3756, % updates: 49.051%
INFO:root:-- EPOCH 33 (3.161 seconds):
INFO:root:COST >> 3.845 +/- 0.3789, % updates: 49.007%
INFO:root:-- EPOCH 34 (3.27 seconds):
INFO:root:COST >> 3.8625 +/- 0.3786, % updates: 48.874%
INFO:root:-- EPOCH 35 (3.257 seconds):
INFO:root:COST >> 3.861 +/- 0.381, % updates: 48.934%
INFO:root:-- EPOCH 36 (3.225 seconds):
INFO:root:COST >> 3.8791 +/- 0.3687, % updates: 49.163%
INFO:root:-- EPOCH 37 (3.178 seconds):
INFO:root:COST >> 3.8523 +/- 0.3703, % updates: 48.949%
INFO:root:-- EPOCH 38 (3.164 seconds):
INFO:root:COST >> 3.8601 +/- 0.3803, % updates: 49.084%
INFO:root:-- EPOCH 39 (3.226 seconds):
INFO:root:COST >> 3.8556 +/- 0.3672, % updates: 49.077%
INFO:root:-- EPOCH 40 (3.141 seconds):
INFO:root:COST >> 3.8641 +/- 0.3674, % updates: 49.039%
INFO:root:-- EPOCH 41 (3.228 seconds):
INFO:root:COST >> 3.8614 +/- 0.3719, % updates: 48.998%
INFO:root:-- EPOCH 42 (3.137 seconds):
INFO:root:COST >> 3.8829 +/- 0.3677, % updates: 49.105%
INFO:root:-- EPOCH 43 (2.883 seconds):
INFO:root:COST >> 3.8755 +/- 0.3787, % updates: 49.002%
INFO:root:-- EPOCH 44 (2.922 seconds):
INFO:root:COST >> 3.8844 +/- 0.3733, % updates: 49.112%
INFO:root:-- EPOCH 45 (3.104 seconds):
INFO:root:COST >> 3.8655 +/- 0.3775, % updates: 49.123%
INFO:root:-- EPOCH 46 (3.135 seconds):
INFO:root:COST >> 3.8713 +/- 0.3842, % updates: 49.065%
INFO:root:-- EPOCH 47 (3.175 seconds):
INFO:root:COST >> 3.8553 +/- 0.3669, % updates: 49.019%
INFO:root:-- EPOCH 48 (3.196 seconds):
INFO:root:COST >> 3.8544 +/- 0.3814, % updates: 49.055%
INFO:root:-- EPOCH 49 (3.165 seconds):
INFO:root:COST >> 3.8596 +/- 0.3777, % updates: 48.954%
INFO:root:-- EPOCH 50 (3.245 seconds):
INFO:root:COST >> 3.876 +/- 0.3719, % updates: 49.123%
