INFO:root:Shape for training set: (40961, 141442)
INFO:root:State: {'ndim': '50', 'test_all': 'None', 'test_path': 'None', 'nhid': '50', 'lremb': '0.01', 'seed': '8', 'simfn': 'L1', 'valid_path': 'None', 'nbatches': '10', 'lrparam': '0.01', 'decay': '0.9', 'show_hinton_diagrams': 'False', 'no_rescaling': 'True', 'Nrel': '18', 'ranking_score_right': 'False', 'Nent': '40961', 'Nsyn': '40943', 'method': 'MOMENTUM', 'loss_margin': '1.0', 'C': '1.0', 'epsilon': '1e-06', 'use_db': 'True', 'max_lr': 'None', 'l1_param_weight': 'None', 'filtered': 'False', 'name': 'wn_50/wn_MOMENTUM_238', 'totepochs': '50', 'l2_param_weight': 'None', 'train_path': 'data/wn/WN-train.pkl', 'op': 'TransE'}
INFO:root:Starting the Experiment ..
INFO:root:-- EPOCH 1 (3.156 seconds):
INFO:root:COST >> 2.233 +/- 0.1561, % updates: 65.136%
INFO:root:-- EPOCH 2 (3.26 seconds):
INFO:root:COST >> 2.2326 +/- 0.2577, % updates: 46.577%
INFO:root:-- EPOCH 3 (3.239 seconds):
INFO:root:COST >> 2.3303 +/- 0.2405, % updates: 43.338%
INFO:root:-- EPOCH 4 (3.181 seconds):
INFO:root:COST >> 2.4362 +/- 0.2357, % updates: 42.5%
INFO:root:-- EPOCH 5 (3.004 seconds):
INFO:root:COST >> 2.5108 +/- 0.2282, % updates: 42.029%
INFO:root:-- EPOCH 6 (2.664 seconds):
INFO:root:COST >> 2.5596 +/- 0.2257, % updates: 41.835%
INFO:root:-- EPOCH 7 (2.984 seconds):
INFO:root:COST >> 2.5657 +/- 0.214, % updates: 41.565%
INFO:root:-- EPOCH 8 (3.232 seconds):
INFO:root:COST >> 2.6021 +/- 0.2132, % updates: 41.565%
INFO:root:-- EPOCH 9 (3.201 seconds):
INFO:root:COST >> 2.5973 +/- 0.1965, % updates: 41.357%
INFO:root:-- EPOCH 10 (3.226 seconds):
INFO:root:COST >> 2.6034 +/- 0.201, % updates: 41.239%
INFO:root:-- EPOCH 11 (3.234 seconds):
INFO:root:COST >> 2.6255 +/- 0.2083, % updates: 41.378%
INFO:root:-- EPOCH 12 (3.226 seconds):
INFO:root:COST >> 2.618 +/- 0.2112, % updates: 41.343%
INFO:root:-- EPOCH 13 (3.237 seconds):
INFO:root:COST >> 2.6333 +/- 0.2198, % updates: 41.505%
INFO:root:-- EPOCH 14 (3.242 seconds):
INFO:root:COST >> 2.6192 +/- 0.2007, % updates: 41.189%
INFO:root:-- EPOCH 15 (3.242 seconds):
INFO:root:COST >> 2.6255 +/- 0.2152, % updates: 41.246%
INFO:root:-- EPOCH 16 (3.119 seconds):
INFO:root:COST >> 2.6263 +/- 0.2039, % updates: 41.232%
INFO:root:-- EPOCH 17 (3.224 seconds):
INFO:root:COST >> 2.6312 +/- 0.2151, % updates: 41.36%
INFO:root:-- EPOCH 18 (3.143 seconds):
INFO:root:COST >> 2.628 +/- 0.2067, % updates: 41.144%
INFO:root:-- EPOCH 19 (3.177 seconds):
INFO:root:COST >> 2.629 +/- 0.2036, % updates: 41.255%
INFO:root:-- EPOCH 20 (3.251 seconds):
INFO:root:COST >> 2.6315 +/- 0.2002, % updates: 41.281%
INFO:root:-- EPOCH 21 (3.222 seconds):
INFO:root:COST >> 2.6281 +/- 0.2015, % updates: 41.186%
INFO:root:-- EPOCH 22 (3.265 seconds):
INFO:root:COST >> 2.6345 +/- 0.2173, % updates: 41.338%
INFO:root:-- EPOCH 23 (3.174 seconds):
INFO:root:COST >> 2.6362 +/- 0.2079, % updates: 41.317%
INFO:root:-- EPOCH 24 (3.205 seconds):
INFO:root:COST >> 2.6257 +/- 0.2157, % updates: 41.208%
INFO:root:-- EPOCH 25 (3.218 seconds):
INFO:root:COST >> 2.6207 +/- 0.1964, % updates: 41.175%
INFO:root:-- EPOCH 26 (3.142 seconds):
INFO:root:COST >> 2.6282 +/- 0.2034, % updates: 41.317%
INFO:root:-- EPOCH 27 (3.117 seconds):
INFO:root:COST >> 2.6379 +/- 0.1965, % updates: 41.242%
INFO:root:-- EPOCH 28 (3.223 seconds):
INFO:root:COST >> 2.641 +/- 0.2042, % updates: 41.341%
INFO:root:-- EPOCH 29 (3.126 seconds):
INFO:root:COST >> 2.639 +/- 0.2035, % updates: 41.211%
INFO:root:-- EPOCH 30 (3.122 seconds):
INFO:root:COST >> 2.6313 +/- 0.2076, % updates: 41.326%
INFO:root:-- EPOCH 31 (3.254 seconds):
INFO:root:COST >> 2.6307 +/- 0.2092, % updates: 41.308%
INFO:root:-- EPOCH 32 (3.221 seconds):
INFO:root:COST >> 2.6284 +/- 0.2077, % updates: 41.271%
INFO:root:-- EPOCH 33 (3.205 seconds):
INFO:root:COST >> 2.6334 +/- 0.2068, % updates: 41.218%
INFO:root:-- EPOCH 34 (3.121 seconds):
INFO:root:COST >> 2.6368 +/- 0.2153, % updates: 41.236%
INFO:root:-- EPOCH 35 (3.19 seconds):
INFO:root:COST >> 2.6424 +/- 0.2087, % updates: 41.23%
INFO:root:-- EPOCH 36 (3.212 seconds):
INFO:root:COST >> 2.628 +/- 0.2049, % updates: 41.298%
INFO:root:-- EPOCH 37 (3.212 seconds):
INFO:root:COST >> 2.6382 +/- 0.1941, % updates: 41.127%
INFO:root:-- EPOCH 38 (3.217 seconds):
INFO:root:COST >> 2.6313 +/- 0.1915, % updates: 41.289%
INFO:root:-- EPOCH 39 (3.242 seconds):
INFO:root:COST >> 2.6346 +/- 0.1978, % updates: 41.194%
INFO:root:-- EPOCH 40 (3.122 seconds):
INFO:root:COST >> 2.6378 +/- 0.2128, % updates: 41.288%
INFO:root:-- EPOCH 41 (3.16 seconds):
INFO:root:COST >> 2.6395 +/- 0.2111, % updates: 41.308%
INFO:root:-- EPOCH 42 (3.218 seconds):
INFO:root:COST >> 2.6338 +/- 0.1952, % updates: 41.293%
INFO:root:-- EPOCH 43 (3.269 seconds):
INFO:root:COST >> 2.6301 +/- 0.2126, % updates: 41.113%
INFO:root:-- EPOCH 44 (3.168 seconds):
INFO:root:COST >> 2.6456 +/- 0.2164, % updates: 41.289%
INFO:root:-- EPOCH 45 (3.222 seconds):
INFO:root:COST >> 2.6404 +/- 0.2072, % updates: 41.103%
INFO:root:-- EPOCH 46 (3.239 seconds):
INFO:root:COST >> 2.6299 +/- 0.2017, % updates: 41.331%
INFO:root:-- EPOCH 47 (3.13 seconds):
INFO:root:COST >> 2.642 +/- 0.2093, % updates: 41.315%
INFO:root:-- EPOCH 48 (3.221 seconds):
INFO:root:COST >> 2.6327 +/- 0.2056, % updates: 41.289%
INFO:root:-- EPOCH 49 (3.145 seconds):
INFO:root:COST >> 2.6386 +/- 0.2176, % updates: 41.432%
INFO:root:-- EPOCH 50 (3.154 seconds):
INFO:root:COST >> 2.6285 +/- 0.2156, % updates: 41.299%
