INFO:root:Shape for training set: (40961, 141442)
INFO:root:State: {'ndim': '50', 'test_all': 'None', 'test_path': 'None', 'nhid': '50', 'lremb': '0.01', 'seed': '6', 'simfn': 'L1', 'valid_path': 'None', 'nbatches': '10', 'lrparam': '0.01', 'decay': '0.5', 'show_hinton_diagrams': 'False', 'no_rescaling': 'True', 'Nrel': '18', 'ranking_score_right': 'False', 'Nent': '40961', 'Nsyn': '40943', 'method': 'MOMENTUM', 'loss_margin': '1.0', 'C': '1.0', 'epsilon': '1e-06', 'use_db': 'True', 'max_lr': 'None', 'l1_param_weight': 'None', 'filtered': 'False', 'name': 'wn_50/wn_MOMENTUM_246', 'totepochs': '50', 'l2_param_weight': 'None', 'train_path': 'data/wn/WN-train.pkl', 'op': 'TransE'}
INFO:root:Starting the Experiment ..
INFO:root:-- EPOCH 1 (3.156 seconds):
INFO:root:COST >> 2.1392 +/- 0.0922, % updates: 67.937%
INFO:root:-- EPOCH 2 (3.242 seconds):
INFO:root:COST >> 1.8379 +/- 0.1253, % updates: 55.063%
INFO:root:-- EPOCH 3 (3.21 seconds):
INFO:root:COST >> 1.729 +/- 0.1334, % updates: 51.215%
INFO:root:-- EPOCH 4 (3.197 seconds):
INFO:root:COST >> 1.6905 +/- 0.143, % updates: 49.299%
INFO:root:-- EPOCH 5 (3.133 seconds):
INFO:root:COST >> 1.6779 +/- 0.1374, % updates: 48.396%
INFO:root:-- EPOCH 6 (2.788 seconds):
INFO:root:COST >> 1.6731 +/- 0.1363, % updates: 47.865%
INFO:root:-- EPOCH 7 (3.064 seconds):
INFO:root:COST >> 1.6727 +/- 0.1304, % updates: 47.441%
INFO:root:-- EPOCH 8 (3.231 seconds):
INFO:root:COST >> 1.6768 +/- 0.1371, % updates: 47.218%
INFO:root:-- EPOCH 9 (3.157 seconds):
INFO:root:COST >> 1.6674 +/- 0.1478, % updates: 46.852%
INFO:root:-- EPOCH 10 (3.212 seconds):
INFO:root:COST >> 1.6629 +/- 0.132, % updates: 46.616%
INFO:root:-- EPOCH 11 (3.149 seconds):
INFO:root:COST >> 1.6621 +/- 0.1259, % updates: 46.438%
INFO:root:-- EPOCH 12 (3.247 seconds):
INFO:root:COST >> 1.6612 +/- 0.1326, % updates: 46.357%
INFO:root:-- EPOCH 13 (3.172 seconds):
INFO:root:COST >> 1.6654 +/- 0.1347, % updates: 46.149%
INFO:root:-- EPOCH 14 (3.253 seconds):
INFO:root:COST >> 1.6653 +/- 0.1359, % updates: 46.239%
INFO:root:-- EPOCH 15 (3.167 seconds):
INFO:root:COST >> 1.6637 +/- 0.1315, % updates: 46.086%
INFO:root:-- EPOCH 16 (3.266 seconds):
INFO:root:COST >> 1.6624 +/- 0.1392, % updates: 46.098%
INFO:root:-- EPOCH 17 (3.254 seconds):
INFO:root:COST >> 1.6633 +/- 0.1361, % updates: 45.992%
INFO:root:-- EPOCH 18 (3.2 seconds):
INFO:root:COST >> 1.6575 +/- 0.1362, % updates: 45.857%
INFO:root:-- EPOCH 19 (3.248 seconds):
INFO:root:COST >> 1.6708 +/- 0.1279, % updates: 46.057%
INFO:root:-- EPOCH 20 (3.233 seconds):
INFO:root:COST >> 1.6624 +/- 0.1286, % updates: 45.984%
INFO:root:-- EPOCH 21 (3.226 seconds):
INFO:root:COST >> 1.6643 +/- 0.136, % updates: 45.865%
INFO:root:-- EPOCH 22 (3.249 seconds):
INFO:root:COST >> 1.6689 +/- 0.1335, % updates: 46.008%
INFO:root:-- EPOCH 23 (3.213 seconds):
INFO:root:COST >> 1.6693 +/- 0.136, % updates: 45.976%
INFO:root:-- EPOCH 24 (3.184 seconds):
INFO:root:COST >> 1.666 +/- 0.1283, % updates: 45.859%
INFO:root:-- EPOCH 25 (3.224 seconds):
INFO:root:COST >> 1.6625 +/- 0.1409, % updates: 45.798%
INFO:root:-- EPOCH 26 (3.249 seconds):
INFO:root:COST >> 1.6664 +/- 0.137, % updates: 45.777%
INFO:root:-- EPOCH 27 (3.267 seconds):
INFO:root:COST >> 1.6663 +/- 0.1318, % updates: 45.83%
INFO:root:-- EPOCH 28 (3.146 seconds):
INFO:root:COST >> 1.663 +/- 0.1273, % updates: 45.854%
INFO:root:-- EPOCH 29 (3.226 seconds):
INFO:root:COST >> 1.6594 +/- 0.1322, % updates: 45.726%
INFO:root:-- EPOCH 30 (3.224 seconds):
INFO:root:COST >> 1.6619 +/- 0.1362, % updates: 45.696%
INFO:root:-- EPOCH 31 (3.241 seconds):
INFO:root:COST >> 1.6574 +/- 0.1345, % updates: 45.556%
INFO:root:-- EPOCH 32 (3.251 seconds):
INFO:root:COST >> 1.6633 +/- 0.1403, % updates: 45.717%
INFO:root:-- EPOCH 33 (4.108 seconds):
INFO:root:COST >> 1.6598 +/- 0.1288, % updates: 45.691%
INFO:root:-- EPOCH 34 (3.188 seconds):
INFO:root:COST >> 1.6637 +/- 0.1316, % updates: 45.707%
INFO:root:-- EPOCH 35 (3.103 seconds):
INFO:root:COST >> 1.6602 +/- 0.1285, % updates: 45.702%
INFO:root:-- EPOCH 36 (3.239 seconds):
INFO:root:COST >> 1.6624 +/- 0.1371, % updates: 45.664%
INFO:root:-- EPOCH 37 (3.156 seconds):
INFO:root:COST >> 1.6676 +/- 0.1348, % updates: 45.824%
INFO:root:-- EPOCH 38 (3.227 seconds):
INFO:root:COST >> 1.6637 +/- 0.1303, % updates: 45.661%
INFO:root:-- EPOCH 39 (3.129 seconds):
INFO:root:COST >> 1.6668 +/- 0.1334, % updates: 45.644%
INFO:root:-- EPOCH 40 (3.221 seconds):
INFO:root:COST >> 1.6637 +/- 0.1286, % updates: 45.703%
INFO:root:-- EPOCH 41 (3.206 seconds):
INFO:root:COST >> 1.668 +/- 0.1332, % updates: 45.658%
INFO:root:-- EPOCH 42 (3.205 seconds):
INFO:root:COST >> 1.6597 +/- 0.1305, % updates: 45.545%
INFO:root:-- EPOCH 43 (3.176 seconds):
INFO:root:COST >> 1.6607 +/- 0.1414, % updates: 45.51%
INFO:root:-- EPOCH 44 (3.244 seconds):
INFO:root:COST >> 1.6603 +/- 0.1331, % updates: 45.644%
INFO:root:-- EPOCH 45 (3.229 seconds):
INFO:root:COST >> 1.6646 +/- 0.1281, % updates: 45.671%
INFO:root:-- EPOCH 46 (3.254 seconds):
INFO:root:COST >> 1.6628 +/- 0.1304, % updates: 45.659%
INFO:root:-- EPOCH 47 (3.239 seconds):
INFO:root:COST >> 1.6573 +/- 0.1312, % updates: 45.519%
INFO:root:-- EPOCH 48 (3.172 seconds):
INFO:root:COST >> 1.6662 +/- 0.1294, % updates: 45.644%
INFO:root:-- EPOCH 49 (3.281 seconds):
INFO:root:COST >> 1.6609 +/- 0.1357, % updates: 45.627%
INFO:root:-- EPOCH 50 (3.258 seconds):
INFO:root:COST >> 1.663 +/- 0.1313, % updates: 45.625%
