INFO:root:Shape for training set: (40961, 141442)
INFO:root:State: {'ndim': '50', 'test_all': 'None', 'test_path': 'None', 'nhid': '50', 'lremb': '1e-05', 'seed': '8', 'simfn': 'L1', 'valid_path': 'None', 'nbatches': '10', 'lrparam': '1e-05', 'decay': '0.5', 'show_hinton_diagrams': 'False', 'no_rescaling': 'True', 'Nrel': '18', 'ranking_score_right': 'False', 'Nent': '40961', 'Nsyn': '40943', 'method': 'MOMENTUM', 'loss_margin': '1.0', 'C': '1.0', 'epsilon': '1e-06', 'use_db': 'True', 'max_lr': 'None', 'l1_param_weight': 'None', 'filtered': 'False', 'name': 'wn_50/wn_MOMENTUM_98', 'totepochs': '50', 'l2_param_weight': 'None', 'train_path': 'data/wn/WN-train.pkl', 'op': 'TransE'}
INFO:root:Starting the Experiment ..
INFO:root:-- EPOCH 1 (3.026 seconds):
INFO:root:COST >> 2.2162 +/- 0.011, % updates: 81.675%
INFO:root:-- EPOCH 2 (3.425 seconds):
INFO:root:COST >> 2.1962 +/- 0.0164, % updates: 81.472%
INFO:root:-- EPOCH 3 (3.751 seconds):
INFO:root:COST >> 2.1823 +/- 0.0091, % updates: 81.41%
INFO:root:-- EPOCH 4 (4.153 seconds):
INFO:root:COST >> 2.1666 +/- 0.0068, % updates: 81.327%
INFO:root:-- EPOCH 5 (4.263 seconds):
INFO:root:COST >> 2.1536 +/- 0.0142, % updates: 81.297%
INFO:root:-- EPOCH 6 (4.516 seconds):
INFO:root:COST >> 2.1425 +/- 0.0127, % updates: 81.192%
INFO:root:-- EPOCH 7 (4.375 seconds):
INFO:root:COST >> 2.1287 +/- 0.0091, % updates: 80.896%
INFO:root:-- EPOCH 8 (4.254 seconds):
INFO:root:COST >> 2.118 +/- 0.0088, % updates: 80.77%
INFO:root:-- EPOCH 9 (4.254 seconds):
INFO:root:COST >> 2.1031 +/- 0.0131, % updates: 80.582%
INFO:root:-- EPOCH 10 (4.261 seconds):
INFO:root:COST >> 2.0979 +/- 0.0169, % updates: 80.351%
INFO:root:-- EPOCH 11 (4.14 seconds):
INFO:root:COST >> 2.0833 +/- 0.0102, % updates: 80.355%
INFO:root:-- EPOCH 12 (4.258 seconds):
INFO:root:COST >> 2.0787 +/- 0.0107, % updates: 80.122%
INFO:root:-- EPOCH 13 (4.413 seconds):
INFO:root:COST >> 2.0657 +/- 0.0104, % updates: 79.913%
INFO:root:-- EPOCH 14 (4.269 seconds):
INFO:root:COST >> 2.0508 +/- 0.0103, % updates: 79.614%
INFO:root:-- EPOCH 15 (4.357 seconds):
INFO:root:COST >> 2.0438 +/- 0.008, % updates: 79.486%
INFO:root:-- EPOCH 16 (4.272 seconds):
INFO:root:COST >> 2.0333 +/- 0.0084, % updates: 79.285%
INFO:root:-- EPOCH 17 (4.121 seconds):
INFO:root:COST >> 2.0282 +/- 0.0133, % updates: 79.178%
INFO:root:-- EPOCH 18 (4.323 seconds):
INFO:root:COST >> 2.0173 +/- 0.0106, % updates: 78.906%
INFO:root:-- EPOCH 19 (4.301 seconds):
INFO:root:COST >> 2.0075 +/- 0.0118, % updates: 78.885%
INFO:root:-- EPOCH 20 (4.215 seconds):
INFO:root:COST >> 2.0015 +/- 0.0141, % updates: 78.495%
INFO:root:-- EPOCH 21 (4.138 seconds):
INFO:root:COST >> 1.9944 +/- 0.0131, % updates: 78.432%
INFO:root:-- EPOCH 22 (4.323 seconds):
INFO:root:COST >> 1.9798 +/- 0.0113, % updates: 78.189%
INFO:root:-- EPOCH 23 (4.339 seconds):
INFO:root:COST >> 1.9759 +/- 0.0081, % updates: 78.14%
INFO:root:-- EPOCH 24 (4.358 seconds):
INFO:root:COST >> 1.9676 +/- 0.0144, % updates: 78.003%
INFO:root:-- EPOCH 25 (4.232 seconds):
INFO:root:COST >> 1.9593 +/- 0.01, % updates: 77.856%
INFO:root:-- EPOCH 26 (4.312 seconds):
INFO:root:COST >> 1.9542 +/- 0.0123, % updates: 77.579%
INFO:root:-- EPOCH 27 (4.174 seconds):
INFO:root:COST >> 1.9458 +/- 0.0076, % updates: 77.426%
INFO:root:-- EPOCH 28 (4.315 seconds):
INFO:root:COST >> 1.9331 +/- 0.0159, % updates: 77.236%
INFO:root:-- EPOCH 29 (4.234 seconds):
INFO:root:COST >> 1.9257 +/- 0.0101, % updates: 76.947%
INFO:root:-- EPOCH 30 (4.522 seconds):
INFO:root:COST >> 1.9225 +/- 0.0107, % updates: 76.949%
INFO:root:-- EPOCH 31 (4.325 seconds):
INFO:root:COST >> 1.9145 +/- 0.0113, % updates: 76.806%
INFO:root:-- EPOCH 32 (4.182 seconds):
INFO:root:COST >> 1.9013 +/- 0.0147, % updates: 76.667%
INFO:root:-- EPOCH 33 (4.223 seconds):
INFO:root:COST >> 1.9047 +/- 0.0083, % updates: 76.624%
INFO:root:-- EPOCH 34 (4.363 seconds):
INFO:root:COST >> 1.8923 +/- 0.0112, % updates: 76.381%
INFO:root:-- EPOCH 35 (4.248 seconds):
INFO:root:COST >> 1.8816 +/- 0.0124, % updates: 76.146%
INFO:root:-- EPOCH 36 (4.308 seconds):
INFO:root:COST >> 1.8801 +/- 0.0098, % updates: 76.139%
INFO:root:-- EPOCH 37 (4.165 seconds):
INFO:root:COST >> 1.8703 +/- 0.0079, % updates: 75.957%
INFO:root:-- EPOCH 38 (4.177 seconds):
INFO:root:COST >> 1.8589 +/- 0.0108, % updates: 75.737%
INFO:root:-- EPOCH 39 (4.169 seconds):
INFO:root:COST >> 1.8577 +/- 0.0095, % updates: 75.707%
INFO:root:-- EPOCH 40 (4.266 seconds):
INFO:root:COST >> 1.8509 +/- 0.0079, % updates: 75.531%
INFO:root:-- EPOCH 41 (4.415 seconds):
INFO:root:COST >> 1.847 +/- 0.013, % updates: 75.354%
INFO:root:-- EPOCH 42 (4.322 seconds):
INFO:root:COST >> 1.8368 +/- 0.0126, % updates: 75.265%
INFO:root:-- EPOCH 43 (4.243 seconds):
INFO:root:COST >> 1.8294 +/- 0.0082, % updates: 75.072%
INFO:root:-- EPOCH 44 (4.214 seconds):
INFO:root:COST >> 1.8204 +/- 0.0122, % updates: 75.091%
INFO:root:-- EPOCH 45 (4.23 seconds):
INFO:root:COST >> 1.8191 +/- 0.0112, % updates: 74.965%
INFO:root:-- EPOCH 46 (4.383 seconds):
INFO:root:COST >> 1.8134 +/- 0.0097, % updates: 74.769%
INFO:root:-- EPOCH 47 (4.34 seconds):
INFO:root:COST >> 1.8064 +/- 0.0117, % updates: 74.656%
INFO:root:-- EPOCH 48 (4.266 seconds):
INFO:root:COST >> 1.7972 +/- 0.0058, % updates: 74.531%
INFO:root:-- EPOCH 49 (4.378 seconds):
INFO:root:COST >> 1.7922 +/- 0.0061, % updates: 74.39%
INFO:root:-- EPOCH 50 (4.34 seconds):
INFO:root:COST >> 1.7877 +/- 0.0095, % updates: 74.17%
