INFO:root:Shape for training set: (40961, 141442)
INFO:root:State: {'ndim': '50', 'test_all': 'None', 'test_path': 'None', 'nhid': '50', 'lremb': '0.001', 'seed': '7', 'simfn': 'L1', 'valid_path': 'None', 'nbatches': '10', 'lrparam': '0.001', 'decay': '0.9999', 'show_hinton_diagrams': 'False', 'no_rescaling': 'True', 'Nrel': '18', 'ranking_score_right': 'False', 'Nent': '40961', 'Nsyn': '40943', 'method': 'MOMENTUM', 'loss_margin': '1.0', 'C': '1.0', 'epsilon': '1e-06', 'use_db': 'True', 'max_lr': 'None', 'l1_param_weight': 'None', 'filtered': 'False', 'name': 'wn_50/wn_MOMENTUM_157', 'totepochs': '50', 'l2_param_weight': 'None', 'train_path': 'data/wn/WN-train.pkl', 'op': 'TransE'}
INFO:root:Starting the Experiment ..
INFO:root:-- EPOCH 1 (3.803 seconds):
INFO:root:COST >> 2.0428 +/- 0.1013, % updates: 73.472%
INFO:root:-- EPOCH 2 (3.25 seconds):
INFO:root:COST >> 1.6131 +/- 0.0441, % updates: 57.928%
INFO:root:-- EPOCH 3 (3.145 seconds):
INFO:root:COST >> 1.4975 +/- 0.0381, % updates: 51.269%
INFO:root:-- EPOCH 4 (3.187 seconds):
INFO:root:COST >> 1.5063 +/- 0.0408, % updates: 47.808%
INFO:root:-- EPOCH 5 (3.165 seconds):
INFO:root:COST >> 1.5146 +/- 0.0438, % updates: 45.939%
INFO:root:-- EPOCH 6 (3.293 seconds):
INFO:root:COST >> 1.5108 +/- 0.0387, % updates: 44.88%
INFO:root:-- EPOCH 7 (3.147 seconds):
INFO:root:COST >> 1.5126 +/- 0.0431, % updates: 44.461%
INFO:root:-- EPOCH 8 (3.146 seconds):
INFO:root:COST >> 1.5076 +/- 0.0344, % updates: 44.349%
INFO:root:-- EPOCH 9 (3.158 seconds):
INFO:root:COST >> 1.5077 +/- 0.0386, % updates: 44.213%
INFO:root:-- EPOCH 10 (3.163 seconds):
INFO:root:COST >> 1.5096 +/- 0.0315, % updates: 44.065%
INFO:root:-- EPOCH 11 (3.223 seconds):
INFO:root:COST >> 1.502 +/- 0.0272, % updates: 43.864%
INFO:root:-- EPOCH 12 (3.25 seconds):
INFO:root:COST >> 1.4952 +/- 0.0308, % updates: 43.877%
INFO:root:-- EPOCH 13 (3.236 seconds):
INFO:root:COST >> 1.4952 +/- 0.0404, % updates: 43.78%
INFO:root:-- EPOCH 14 (3.178 seconds):
INFO:root:COST >> 1.493 +/- 0.0363, % updates: 43.814%
INFO:root:-- EPOCH 15 (3.221 seconds):
INFO:root:COST >> 1.4923 +/- 0.0286, % updates: 43.943%
INFO:root:-- EPOCH 16 (3.162 seconds):
INFO:root:COST >> 1.4931 +/- 0.0364, % updates: 43.976%
INFO:root:-- EPOCH 17 (3.208 seconds):
INFO:root:COST >> 1.4927 +/- 0.043, % updates: 43.923%
INFO:root:-- EPOCH 18 (3.13 seconds):
INFO:root:COST >> 1.4872 +/- 0.0425, % updates: 43.781%
INFO:root:-- EPOCH 19 (3.097 seconds):
INFO:root:COST >> 1.4878 +/- 0.0332, % updates: 43.867%
INFO:root:-- EPOCH 20 (3.201 seconds):
INFO:root:COST >> 1.4922 +/- 0.0421, % updates: 44.043%
INFO:root:-- EPOCH 21 (3.12 seconds):
INFO:root:COST >> 1.4837 +/- 0.0389, % updates: 43.965%
INFO:root:-- EPOCH 22 (3.183 seconds):
INFO:root:COST >> 1.489 +/- 0.0392, % updates: 44.014%
INFO:root:-- EPOCH 23 (3.099 seconds):
INFO:root:COST >> 1.4936 +/- 0.044, % updates: 44.1%
INFO:root:-- EPOCH 24 (3.249 seconds):
INFO:root:COST >> 1.4965 +/- 0.04, % updates: 44.124%
INFO:root:-- EPOCH 25 (3.158 seconds):
INFO:root:COST >> 1.4894 +/- 0.0337, % updates: 44.098%
INFO:root:-- EPOCH 26 (3.116 seconds):
INFO:root:COST >> 1.4956 +/- 0.037, % updates: 44.089%
INFO:root:-- EPOCH 27 (3.121 seconds):
INFO:root:COST >> 1.4917 +/- 0.0388, % updates: 44.094%
INFO:root:-- EPOCH 28 (3.141 seconds):
INFO:root:COST >> 1.4821 +/- 0.0379, % updates: 44.079%
INFO:root:-- EPOCH 29 (3.183 seconds):
INFO:root:COST >> 1.4847 +/- 0.0446, % updates: 44.075%
INFO:root:-- EPOCH 30 (3.158 seconds):
INFO:root:COST >> 1.4899 +/- 0.0455, % updates: 44.171%
INFO:root:-- EPOCH 31 (3.253 seconds):
INFO:root:COST >> 1.4836 +/- 0.0341, % updates: 43.955%
INFO:root:-- EPOCH 32 (3.164 seconds):
INFO:root:COST >> 1.4879 +/- 0.0328, % updates: 44.061%
INFO:root:-- EPOCH 33 (3.178 seconds):
INFO:root:COST >> 1.4874 +/- 0.0356, % updates: 44.184%
INFO:root:-- EPOCH 34 (3.149 seconds):
INFO:root:COST >> 1.4866 +/- 0.0296, % updates: 43.998%
INFO:root:-- EPOCH 35 (3.151 seconds):
INFO:root:COST >> 1.49 +/- 0.0392, % updates: 44.228%
INFO:root:-- EPOCH 36 (3.099 seconds):
INFO:root:COST >> 1.4892 +/- 0.0329, % updates: 44.033%
INFO:root:-- EPOCH 37 (3.154 seconds):
INFO:root:COST >> 1.4845 +/- 0.0346, % updates: 44.067%
INFO:root:-- EPOCH 38 (3.128 seconds):
INFO:root:COST >> 1.4828 +/- 0.0366, % updates: 44.11%
INFO:root:-- EPOCH 39 (3.153 seconds):
INFO:root:COST >> 1.482 +/- 0.0332, % updates: 44.092%
INFO:root:-- EPOCH 40 (3.253 seconds):
INFO:root:COST >> 1.4837 +/- 0.0362, % updates: 44.117%
INFO:root:-- EPOCH 41 (3.191 seconds):
INFO:root:COST >> 1.4879 +/- 0.033, % updates: 44.053%
INFO:root:-- EPOCH 42 (3.155 seconds):
INFO:root:COST >> 1.4872 +/- 0.0304, % updates: 44.116%
INFO:root:-- EPOCH 43 (3.202 seconds):
INFO:root:COST >> 1.4806 +/- 0.0343, % updates: 44.031%
INFO:root:-- EPOCH 44 (3.25 seconds):
INFO:root:COST >> 1.4914 +/- 0.0299, % updates: 44.194%
INFO:root:-- EPOCH 45 (2.896 seconds):
INFO:root:COST >> 1.4796 +/- 0.0309, % updates: 44.104%
INFO:root:-- EPOCH 46 (2.658 seconds):
INFO:root:COST >> 1.4854 +/- 0.0319, % updates: 44.065%
INFO:root:-- EPOCH 47 (3.09 seconds):
INFO:root:COST >> 1.4855 +/- 0.0348, % updates: 44.029%
INFO:root:-- EPOCH 48 (3.22 seconds):
INFO:root:COST >> 1.4866 +/- 0.0342, % updates: 43.995%
INFO:root:-- EPOCH 49 (3.11 seconds):
INFO:root:COST >> 1.4905 +/- 0.0403, % updates: 44.176%
INFO:root:-- EPOCH 50 (3.208 seconds):
INFO:root:COST >> 1.4848 +/- 0.0364, % updates: 44.134%
