INFO:root:Shape for training set: (40961, 141442)
INFO:root:State: {'ndim': '50', 'test_all': 'None', 'test_path': 'None', 'nhid': '50', 'lremb': '1e-06', 'seed': '0', 'simfn': 'L1', 'valid_path': 'None', 'nbatches': '10', 'lrparam': '1e-06', 'decay': '0.9999', 'show_hinton_diagrams': 'False', 'no_rescaling': 'True', 'Nrel': '18', 'ranking_score_right': 'False', 'Nent': '40961', 'Nsyn': '40943', 'method': 'MOMENTUM', 'loss_margin': '1.0', 'C': '1.0', 'epsilon': '1e-06', 'use_db': 'True', 'max_lr': 'None', 'l1_param_weight': 'None', 'filtered': 'False', 'name': 'wn_50/wn_MOMENTUM_0', 'totepochs': '50', 'l2_param_weight': 'None', 'train_path': 'data/wn/WN-train.pkl', 'op': 'TransE'}
INFO:root:Starting the Experiment ..
INFO:root:-- EPOCH 1 (3.539 seconds):
INFO:root:COST >> 2.2367 +/- 0.01, % updates: 81.724%
INFO:root:-- EPOCH 2 (3.388 seconds):
INFO:root:COST >> 2.2241 +/- 0.0191, % updates: 81.624%
INFO:root:-- EPOCH 3 (3.73 seconds):
INFO:root:COST >> 2.2026 +/- 0.0132, % updates: 81.6%
INFO:root:-- EPOCH 4 (4.367 seconds):
INFO:root:COST >> 2.1799 +/- 0.0139, % updates: 81.51%
INFO:root:-- EPOCH 5 (4.163 seconds):
INFO:root:COST >> 2.1405 +/- 0.0106, % updates: 81.189%
INFO:root:-- EPOCH 6 (4.025 seconds):
INFO:root:COST >> 2.1128 +/- 0.0133, % updates: 80.775%
INFO:root:-- EPOCH 7 (4.064 seconds):
INFO:root:COST >> 2.08 +/- 0.009, % updates: 80.13%
INFO:root:-- EPOCH 8 (4.462 seconds):
INFO:root:COST >> 2.0548 +/- 0.0228, % updates: 79.557%
INFO:root:-- EPOCH 9 (3.919 seconds):
INFO:root:COST >> 2.036 +/- 0.0092, % updates: 78.758%
INFO:root:-- EPOCH 10 (3.539 seconds):
INFO:root:COST >> 2.0092 +/- 0.0113, % updates: 78.057%
INFO:root:-- EPOCH 11 (3.381 seconds):
INFO:root:COST >> 1.9846 +/- 0.0109, % updates: 77.142%
INFO:root:-- EPOCH 12 (3.445 seconds):
INFO:root:COST >> 1.9559 +/- 0.0139, % updates: 76.152%
INFO:root:-- EPOCH 13 (3.834 seconds):
INFO:root:COST >> 1.9278 +/- 0.0149, % updates: 75.413%
INFO:root:-- EPOCH 14 (3.403 seconds):
INFO:root:COST >> 1.8921 +/- 0.0141, % updates: 74.471%
INFO:root:-- EPOCH 15 (3.527 seconds):
INFO:root:COST >> 1.8657 +/- 0.0129, % updates: 73.827%
INFO:root:-- EPOCH 16 (3.428 seconds):
INFO:root:COST >> 1.8252 +/- 0.0102, % updates: 72.95%
INFO:root:-- EPOCH 17 (3.512 seconds):
INFO:root:COST >> 1.79 +/- 0.0167, % updates: 72.29%
INFO:root:-- EPOCH 18 (3.706 seconds):
INFO:root:COST >> 1.7505 +/- 0.0111, % updates: 71.542%
INFO:root:-- EPOCH 19 (3.599 seconds):
INFO:root:COST >> 1.7103 +/- 0.0168, % updates: 70.894%
INFO:root:-- EPOCH 20 (3.779 seconds):
INFO:root:COST >> 1.6612 +/- 0.0098, % updates: 70.072%
INFO:root:-- EPOCH 21 (3.46 seconds):
INFO:root:COST >> 1.6222 +/- 0.0174, % updates: 69.27%
INFO:root:-- EPOCH 22 (3.447 seconds):
INFO:root:COST >> 1.5877 +/- 0.0118, % updates: 68.505%
INFO:root:-- EPOCH 23 (3.45 seconds):
INFO:root:COST >> 1.5472 +/- 0.0193, % updates: 67.577%
INFO:root:-- EPOCH 24 (3.339 seconds):
INFO:root:COST >> 1.5025 +/- 0.0142, % updates: 66.768%
INFO:root:-- EPOCH 25 (3.356 seconds):
INFO:root:COST >> 1.4607 +/- 0.0232, % updates: 65.742%
INFO:root:-- EPOCH 26 (3.381 seconds):
INFO:root:COST >> 1.4197 +/- 0.0182, % updates: 64.614%
INFO:root:-- EPOCH 27 (3.592 seconds):
INFO:root:COST >> 1.3725 +/- 0.0202, % updates: 63.505%
INFO:root:-- EPOCH 28 (3.666 seconds):
INFO:root:COST >> 1.3288 +/- 0.0112, % updates: 62.336%
INFO:root:-- EPOCH 29 (3.419 seconds):
INFO:root:COST >> 1.2948 +/- 0.0156, % updates: 61.229%
INFO:root:-- EPOCH 30 (3.581 seconds):
INFO:root:COST >> 1.2503 +/- 0.0081, % updates: 59.946%
INFO:root:-- EPOCH 31 (3.389 seconds):
INFO:root:COST >> 1.2168 +/- 0.0141, % updates: 58.993%
INFO:root:-- EPOCH 32 (3.442 seconds):
INFO:root:COST >> 1.1749 +/- 0.0157, % updates: 57.948%
INFO:root:-- EPOCH 33 (3.457 seconds):
INFO:root:COST >> 1.1363 +/- 0.0176, % updates: 56.689%
INFO:root:-- EPOCH 34 (3.434 seconds):
INFO:root:COST >> 1.0931 +/- 0.0117, % updates: 55.558%
INFO:root:-- EPOCH 35 (3.329 seconds):
INFO:root:COST >> 1.0565 +/- 0.0182, % updates: 54.282%
INFO:root:-- EPOCH 36 (3.478 seconds):
INFO:root:COST >> 1.0166 +/- 0.0172, % updates: 53.173%
INFO:root:-- EPOCH 37 (3.488 seconds):
INFO:root:COST >> 0.9766 +/- 0.0148, % updates: 51.887%
INFO:root:-- EPOCH 38 (3.448 seconds):
INFO:root:COST >> 0.9394 +/- 0.0083, % updates: 50.682%
INFO:root:-- EPOCH 39 (3.447 seconds):
INFO:root:COST >> 0.9107 +/- 0.0143, % updates: 49.598%
INFO:root:-- EPOCH 40 (3.528 seconds):
INFO:root:COST >> 0.8801 +/- 0.0144, % updates: 48.512%
INFO:root:-- EPOCH 41 (3.456 seconds):
INFO:root:COST >> 0.8483 +/- 0.0123, % updates: 47.147%
INFO:root:-- EPOCH 42 (3.47 seconds):
INFO:root:COST >> 0.8146 +/- 0.0109, % updates: 45.977%
INFO:root:-- EPOCH 43 (3.397 seconds):
INFO:root:COST >> 0.7851 +/- 0.013, % updates: 44.824%
INFO:root:-- EPOCH 44 (3.447 seconds):
INFO:root:COST >> 0.7572 +/- 0.0089, % updates: 43.615%
INFO:root:-- EPOCH 45 (3.411 seconds):
INFO:root:COST >> 0.7307 +/- 0.012, % updates: 42.56%
INFO:root:-- EPOCH 46 (3.437 seconds):
INFO:root:COST >> 0.708 +/- 0.0121, % updates: 41.42%
INFO:root:-- EPOCH 47 (3.416 seconds):
INFO:root:COST >> 0.6864 +/- 0.0094, % updates: 40.55%
INFO:root:-- EPOCH 48 (3.464 seconds):
INFO:root:COST >> 0.6649 +/- 0.0062, % updates: 39.541%
INFO:root:-- EPOCH 49 (3.447 seconds):
INFO:root:COST >> 0.6434 +/- 0.009, % updates: 38.528%
INFO:root:-- EPOCH 50 (3.351 seconds):
INFO:root:COST >> 0.6172 +/- 0.009, % updates: 37.323%
