INFO:root:Shape for training set: (40961, 141442)
INFO:root:State: {'ndim': '50', 'test_all': 'None', 'test_path': 'None', 'nhid': '50', 'lremb': '1e-06', 'seed': '7', 'simfn': 'L1', 'valid_path': 'None', 'nbatches': '10', 'lrparam': '1e-06', 'decay': '0.5', 'show_hinton_diagrams': 'False', 'no_rescaling': 'True', 'Nrel': '18', 'ranking_score_right': 'False', 'Nent': '40961', 'Nsyn': '40943', 'method': 'MOMENTUM', 'loss_margin': '1.0', 'C': '1.0', 'epsilon': '1e-06', 'use_db': 'True', 'max_lr': 'None', 'l1_param_weight': 'None', 'filtered': 'False', 'name': 'wn_50/wn_MOMENTUM_47', 'totepochs': '50', 'l2_param_weight': 'None', 'train_path': 'data/wn/WN-train.pkl', 'op': 'TransE'}
INFO:root:Starting the Experiment ..
INFO:root:-- EPOCH 1 (3.379 seconds):
INFO:root:COST >> 2.2127 +/- 0.0134, % updates: 81.536%
INFO:root:-- EPOCH 2 (3.486 seconds):
INFO:root:COST >> 2.2095 +/- 0.015, % updates: 81.423%
INFO:root:-- EPOCH 3 (3.383 seconds):
INFO:root:COST >> 2.2151 +/- 0.0095, % updates: 81.425%
INFO:root:-- EPOCH 4 (3.48 seconds):
INFO:root:COST >> 2.2082 +/- 0.0079, % updates: 81.504%
INFO:root:-- EPOCH 5 (3.35 seconds):
INFO:root:COST >> 2.2096 +/- 0.0102, % updates: 81.49%
INFO:root:-- EPOCH 6 (3.455 seconds):
INFO:root:COST >> 2.208 +/- 0.009, % updates: 81.484%
INFO:root:-- EPOCH 7 (3.411 seconds):
INFO:root:COST >> 2.2035 +/- 0.0133, % updates: 81.478%
INFO:root:-- EPOCH 8 (3.449 seconds):
INFO:root:COST >> 2.2005 +/- 0.0084, % updates: 81.433%
INFO:root:-- EPOCH 9 (3.414 seconds):
INFO:root:COST >> 2.2008 +/- 0.0201, % updates: 81.445%
INFO:root:-- EPOCH 10 (3.441 seconds):
INFO:root:COST >> 2.2022 +/- 0.0103, % updates: 81.445%
INFO:root:-- EPOCH 11 (3.345 seconds):
INFO:root:COST >> 2.1984 +/- 0.0127, % updates: 81.529%
INFO:root:-- EPOCH 12 (3.438 seconds):
INFO:root:COST >> 2.1922 +/- 0.0137, % updates: 81.281%
INFO:root:-- EPOCH 13 (3.416 seconds):
INFO:root:COST >> 2.1919 +/- 0.0113, % updates: 81.312%
INFO:root:-- EPOCH 14 (3.475 seconds):
INFO:root:COST >> 2.1939 +/- 0.0111, % updates: 81.472%
INFO:root:-- EPOCH 15 (3.429 seconds):
INFO:root:COST >> 2.1905 +/- 0.0111, % updates: 81.388%
INFO:root:-- EPOCH 16 (3.497 seconds):
INFO:root:COST >> 2.1843 +/- 0.0094, % updates: 81.298%
INFO:root:-- EPOCH 17 (3.419 seconds):
INFO:root:COST >> 2.1883 +/- 0.0114, % updates: 81.42%
INFO:root:-- EPOCH 18 (3.425 seconds):
INFO:root:COST >> 2.1833 +/- 0.0057, % updates: 81.458%
INFO:root:-- EPOCH 19 (3.354 seconds):
INFO:root:COST >> 2.1843 +/- 0.0116, % updates: 81.339%
INFO:root:-- EPOCH 20 (3.448 seconds):
INFO:root:COST >> 2.183 +/- 0.0121, % updates: 81.355%
INFO:root:-- EPOCH 21 (3.374 seconds):
INFO:root:COST >> 2.1776 +/- 0.0149, % updates: 81.393%
INFO:root:-- EPOCH 22 (3.443 seconds):
INFO:root:COST >> 2.1778 +/- 0.0096, % updates: 81.262%
INFO:root:-- EPOCH 23 (3.392 seconds):
INFO:root:COST >> 2.1812 +/- 0.0106, % updates: 81.411%
INFO:root:-- EPOCH 24 (3.469 seconds):
INFO:root:COST >> 2.1742 +/- 0.0116, % updates: 81.339%
INFO:root:-- EPOCH 25 (3.454 seconds):
INFO:root:COST >> 2.1719 +/- 0.0091, % updates: 81.282%
INFO:root:-- EPOCH 26 (3.405 seconds):
INFO:root:COST >> 2.1708 +/- 0.0172, % updates: 81.248%
INFO:root:-- EPOCH 27 (3.382 seconds):
INFO:root:COST >> 2.1724 +/- 0.0112, % updates: 81.329%
INFO:root:-- EPOCH 28 (3.388 seconds):
INFO:root:COST >> 2.1699 +/- 0.0144, % updates: 81.298%
INFO:root:-- EPOCH 29 (3.372 seconds):
INFO:root:COST >> 2.1648 +/- 0.0099, % updates: 81.225%
INFO:root:-- EPOCH 30 (3.376 seconds):
INFO:root:COST >> 2.166 +/- 0.0108, % updates: 81.255%
INFO:root:-- EPOCH 31 (3.382 seconds):
INFO:root:COST >> 2.1652 +/- 0.0121, % updates: 81.235%
INFO:root:-- EPOCH 32 (3.433 seconds):
INFO:root:COST >> 2.1636 +/- 0.0138, % updates: 81.153%
INFO:root:-- EPOCH 33 (3.406 seconds):
INFO:root:COST >> 2.1643 +/- 0.0119, % updates: 81.252%
INFO:root:-- EPOCH 34 (3.482 seconds):
INFO:root:COST >> 2.1574 +/- 0.0168, % updates: 81.099%
INFO:root:-- EPOCH 35 (3.467 seconds):
INFO:root:COST >> 2.1581 +/- 0.0094, % updates: 81.194%
INFO:root:-- EPOCH 36 (3.457 seconds):
INFO:root:COST >> 2.1562 +/- 0.0148, % updates: 81.247%
INFO:root:-- EPOCH 37 (3.499 seconds):
INFO:root:COST >> 2.1562 +/- 0.0109, % updates: 81.223%
INFO:root:-- EPOCH 38 (3.44 seconds):
INFO:root:COST >> 2.1487 +/- 0.0115, % updates: 81.057%
INFO:root:-- EPOCH 39 (3.412 seconds):
INFO:root:COST >> 2.1495 +/- 0.0152, % updates: 81.087%
INFO:root:-- EPOCH 40 (3.467 seconds):
INFO:root:COST >> 2.1517 +/- 0.0157, % updates: 81.118%
INFO:root:-- EPOCH 41 (3.38 seconds):
INFO:root:COST >> 2.1434 +/- 0.0164, % updates: 81.018%
INFO:root:-- EPOCH 42 (3.456 seconds):
INFO:root:COST >> 2.1489 +/- 0.0159, % updates: 81.106%
INFO:root:-- EPOCH 43 (3.396 seconds):
INFO:root:COST >> 2.1473 +/- 0.012, % updates: 80.947%
INFO:root:-- EPOCH 44 (3.369 seconds):
INFO:root:COST >> 2.1447 +/- 0.0104, % updates: 81.078%
INFO:root:-- EPOCH 45 (3.435 seconds):
INFO:root:COST >> 2.1445 +/- 0.0077, % updates: 81.078%
INFO:root:-- EPOCH 46 (3.445 seconds):
INFO:root:COST >> 2.1407 +/- 0.0137, % updates: 80.972%
INFO:root:-- EPOCH 47 (3.315 seconds):
INFO:root:COST >> 2.1407 +/- 0.0086, % updates: 81.023%
INFO:root:-- EPOCH 48 (3.27 seconds):
INFO:root:COST >> 2.144 +/- 0.018, % updates: 81.1%
INFO:root:-- EPOCH 49 (2.945 seconds):
INFO:root:COST >> 2.1407 +/- 0.0097, % updates: 80.945%
INFO:root:-- EPOCH 50 (3.289 seconds):
INFO:root:COST >> 2.1393 +/- 0.0084, % updates: 80.979%
