INFO:root:Shape for training set: (40961, 141442)
INFO:root:State: {'ndim': '50', 'test_all': 'None', 'test_path': 'None', 'nhid': '50', 'lremb': '1e-05', 'seed': '9', 'simfn': 'L1', 'valid_path': 'None', 'nbatches': '10', 'lrparam': '1e-05', 'decay': '0.9', 'show_hinton_diagrams': 'False', 'no_rescaling': 'True', 'Nrel': '18', 'ranking_score_right': 'False', 'Nent': '40961', 'Nsyn': '40943', 'method': 'MOMENTUM', 'loss_margin': '1.0', 'C': '1.0', 'epsilon': '1e-06', 'use_db': 'True', 'max_lr': 'None', 'l1_param_weight': 'None', 'filtered': 'False', 'name': 'wn_50/wn_MOMENTUM_89', 'totepochs': '50', 'l2_param_weight': 'None', 'train_path': 'data/wn/WN-train.pkl', 'op': 'TransE'}
INFO:root:Starting the Experiment ..
INFO:root:-- EPOCH 1 (3.139 seconds):
INFO:root:COST >> 2.2139 +/- 0.011, % updates: 81.614%
INFO:root:-- EPOCH 2 (3.245 seconds):
INFO:root:COST >> 2.1572 +/- 0.0144, % updates: 81.289%
INFO:root:-- EPOCH 3 (3.157 seconds):
INFO:root:COST >> 2.0959 +/- 0.0172, % updates: 80.537%
INFO:root:-- EPOCH 4 (3.167 seconds):
INFO:root:COST >> 2.0481 +/- 0.0104, % updates: 79.69%
INFO:root:-- EPOCH 5 (3.135 seconds):
INFO:root:COST >> 2.0084 +/- 0.0148, % updates: 78.766%
INFO:root:-- EPOCH 6 (3.245 seconds):
INFO:root:COST >> 1.9658 +/- 0.0114, % updates: 77.704%
INFO:root:-- EPOCH 7 (3.137 seconds):
INFO:root:COST >> 1.9252 +/- 0.0144, % updates: 77.002%
INFO:root:-- EPOCH 8 (3.272 seconds):
INFO:root:COST >> 1.8885 +/- 0.0122, % updates: 76.162%
INFO:root:-- EPOCH 9 (3.174 seconds):
INFO:root:COST >> 1.8587 +/- 0.0122, % updates: 75.622%
INFO:root:-- EPOCH 10 (3.251 seconds):
INFO:root:COST >> 1.8243 +/- 0.0133, % updates: 74.911%
INFO:root:-- EPOCH 11 (3.251 seconds):
INFO:root:COST >> 1.7874 +/- 0.013, % updates: 74.268%
INFO:root:-- EPOCH 12 (3.266 seconds):
INFO:root:COST >> 1.761 +/- 0.0107, % updates: 73.687%
INFO:root:-- EPOCH 13 (3.139 seconds):
INFO:root:COST >> 1.7276 +/- 0.0093, % updates: 72.993%
INFO:root:-- EPOCH 14 (3.226 seconds):
INFO:root:COST >> 1.695 +/- 0.0149, % updates: 72.42%
INFO:root:-- EPOCH 15 (3.136 seconds):
INFO:root:COST >> 1.6644 +/- 0.0124, % updates: 71.704%
INFO:root:-- EPOCH 16 (3.234 seconds):
INFO:root:COST >> 1.6383 +/- 0.0086, % updates: 71.169%
INFO:root:-- EPOCH 17 (3.236 seconds):
INFO:root:COST >> 1.6106 +/- 0.0085, % updates: 70.746%
INFO:root:-- EPOCH 18 (3.277 seconds):
INFO:root:COST >> 1.5862 +/- 0.0093, % updates: 70.242%
INFO:root:-- EPOCH 19 (3.254 seconds):
INFO:root:COST >> 1.5593 +/- 0.0095, % updates: 69.498%
INFO:root:-- EPOCH 20 (3.298 seconds):
INFO:root:COST >> 1.5247 +/- 0.0134, % updates: 68.901%
INFO:root:-- EPOCH 21 (3.285 seconds):
INFO:root:COST >> 1.5092 +/- 0.0119, % updates: 68.606%
INFO:root:-- EPOCH 22 (3.173 seconds):
INFO:root:COST >> 1.4796 +/- 0.0133, % updates: 67.886%
INFO:root:-- EPOCH 23 (3.223 seconds):
INFO:root:COST >> 1.4575 +/- 0.0118, % updates: 67.38%
INFO:root:-- EPOCH 24 (3.141 seconds):
INFO:root:COST >> 1.4346 +/- 0.0109, % updates: 66.976%
INFO:root:-- EPOCH 25 (3.188 seconds):
INFO:root:COST >> 1.4048 +/- 0.0152, % updates: 66.348%
INFO:root:-- EPOCH 26 (3.207 seconds):
INFO:root:COST >> 1.3901 +/- 0.0113, % updates: 65.905%
INFO:root:-- EPOCH 27 (3.143 seconds):
INFO:root:COST >> 1.3642 +/- 0.0098, % updates: 65.347%
INFO:root:-- EPOCH 28 (3.162 seconds):
INFO:root:COST >> 1.3435 +/- 0.0092, % updates: 64.757%
INFO:root:-- EPOCH 29 (3.174 seconds):
INFO:root:COST >> 1.3223 +/- 0.0091, % updates: 64.295%
INFO:root:-- EPOCH 30 (3.15 seconds):
INFO:root:COST >> 1.3002 +/- 0.0054, % updates: 63.806%
INFO:root:-- EPOCH 31 (3.224 seconds):
INFO:root:COST >> 1.2767 +/- 0.011, % updates: 63.35%
INFO:root:-- EPOCH 32 (3.123 seconds):
INFO:root:COST >> 1.2565 +/- 0.0141, % updates: 62.788%
INFO:root:-- EPOCH 33 (3.233 seconds):
INFO:root:COST >> 1.2426 +/- 0.0075, % updates: 62.389%
INFO:root:-- EPOCH 34 (3.239 seconds):
INFO:root:COST >> 1.2219 +/- 0.0084, % updates: 61.944%
INFO:root:-- EPOCH 35 (3.241 seconds):
INFO:root:COST >> 1.1995 +/- 0.0071, % updates: 61.287%
INFO:root:-- EPOCH 36 (3.219 seconds):
INFO:root:COST >> 1.1829 +/- 0.0067, % updates: 60.822%
INFO:root:-- EPOCH 37 (3.242 seconds):
INFO:root:COST >> 1.1664 +/- 0.0073, % updates: 60.446%
INFO:root:-- EPOCH 38 (3.165 seconds):
INFO:root:COST >> 1.1451 +/- 0.0066, % updates: 59.822%
INFO:root:-- EPOCH 39 (3.264 seconds):
INFO:root:COST >> 1.1282 +/- 0.0101, % updates: 59.35%
INFO:root:-- EPOCH 40 (3.249 seconds):
INFO:root:COST >> 1.1103 +/- 0.0124, % updates: 59.059%
INFO:root:-- EPOCH 41 (3.261 seconds):
INFO:root:COST >> 1.0946 +/- 0.0106, % updates: 58.558%
INFO:root:-- EPOCH 42 (3.247 seconds):
INFO:root:COST >> 1.0802 +/- 0.008, % updates: 58.191%
INFO:root:-- EPOCH 43 (3.257 seconds):
INFO:root:COST >> 1.0633 +/- 0.0093, % updates: 57.739%
INFO:root:-- EPOCH 44 (3.159 seconds):
INFO:root:COST >> 1.0492 +/- 0.0134, % updates: 57.245%
INFO:root:-- EPOCH 45 (3.252 seconds):
INFO:root:COST >> 1.0344 +/- 0.0079, % updates: 56.808%
INFO:root:-- EPOCH 46 (3.236 seconds):
INFO:root:COST >> 1.0176 +/- 0.0069, % updates: 56.489%
INFO:root:-- EPOCH 47 (3.151 seconds):
INFO:root:COST >> 1.0035 +/- 0.0086, % updates: 55.974%
INFO:root:-- EPOCH 48 (3.172 seconds):
INFO:root:COST >> 0.9873 +/- 0.0066, % updates: 55.399%
INFO:root:-- EPOCH 49 (3.002 seconds):
INFO:root:COST >> 0.9734 +/- 0.0039, % updates: 55.021%
INFO:root:-- EPOCH 50 (2.842 seconds):
INFO:root:COST >> 0.9602 +/- 0.0074, % updates: 54.605%
