INFO:root:Shape for training set: (40961, 141442)
INFO:root:State: {'ndim': '50', 'test_all': 'None', 'test_path': 'None', 'nhid': '50', 'lremb': '0.1', 'seed': '4', 'simfn': 'L1', 'valid_path': 'None', 'nbatches': '10', 'lrparam': '0.1', 'decay': '0.5', 'show_hinton_diagrams': 'False', 'no_rescaling': 'True', 'Nrel': '18', 'ranking_score_right': 'False', 'Nent': '40961', 'Nsyn': '40943', 'method': 'MOMENTUM', 'loss_margin': '1.0', 'C': '1.0', 'epsilon': '1e-06', 'use_db': 'True', 'max_lr': 'None', 'l1_param_weight': 'None', 'filtered': 'False', 'name': 'wn_50/wn_MOMENTUM_294', 'totepochs': '50', 'l2_param_weight': 'None', 'train_path': 'data/wn/WN-train.pkl', 'op': 'TransE'}
INFO:root:Starting the Experiment ..
INFO:root:-- EPOCH 1 (3.161 seconds):
INFO:root:COST >> 3.3789 +/- 0.6383, % updates: 61.93%
INFO:root:-- EPOCH 2 (3.226 seconds):
INFO:root:COST >> 3.862 +/- 0.3655, % updates: 50.894%
INFO:root:-- EPOCH 3 (3.15 seconds):
INFO:root:COST >> 3.9138 +/- 0.3388, % updates: 50.733%
INFO:root:-- EPOCH 4 (3.21 seconds):
INFO:root:COST >> 3.9227 +/- 0.3585, % updates: 50.737%
INFO:root:-- EPOCH 5 (3.142 seconds):
INFO:root:COST >> 3.9158 +/- 0.3548, % updates: 50.787%
INFO:root:-- EPOCH 6 (2.798 seconds):
INFO:root:COST >> 3.9038 +/- 0.3576, % updates: 50.76%
INFO:root:-- EPOCH 7 (2.766 seconds):
INFO:root:COST >> 3.9114 +/- 0.3489, % updates: 50.718%
INFO:root:-- EPOCH 8 (3.258 seconds):
INFO:root:COST >> 3.9222 +/- 0.3377, % updates: 50.757%
INFO:root:-- EPOCH 9 (3.169 seconds):
INFO:root:COST >> 3.9233 +/- 0.3657, % updates: 50.636%
INFO:root:-- EPOCH 10 (3.203 seconds):
INFO:root:COST >> 3.9324 +/- 0.3543, % updates: 50.663%
INFO:root:-- EPOCH 11 (3.112 seconds):
INFO:root:COST >> 3.9333 +/- 0.3589, % updates: 50.801%
INFO:root:-- EPOCH 12 (3.174 seconds):
INFO:root:COST >> 3.9194 +/- 0.3724, % updates: 50.718%
INFO:root:-- EPOCH 13 (3.111 seconds):
INFO:root:COST >> 3.9042 +/- 0.3462, % updates: 50.687%
INFO:root:-- EPOCH 14 (3.2 seconds):
INFO:root:COST >> 3.9385 +/- 0.3555, % updates: 50.944%
INFO:root:-- EPOCH 15 (3.17 seconds):
INFO:root:COST >> 3.9101 +/- 0.3543, % updates: 50.609%
INFO:root:-- EPOCH 16 (3.222 seconds):
INFO:root:COST >> 3.9112 +/- 0.3507, % updates: 50.581%
INFO:root:-- EPOCH 17 (3.148 seconds):
INFO:root:COST >> 3.9148 +/- 0.3391, % updates: 50.847%
INFO:root:-- EPOCH 18 (3.179 seconds):
INFO:root:COST >> 3.9323 +/- 0.3472, % updates: 50.939%
INFO:root:-- EPOCH 19 (3.121 seconds):
INFO:root:COST >> 3.9173 +/- 0.353, % updates: 50.682%
INFO:root:-- EPOCH 20 (3.108 seconds):
INFO:root:COST >> 3.9341 +/- 0.3717, % updates: 50.754%
INFO:root:-- EPOCH 21 (3.09 seconds):
INFO:root:COST >> 3.9097 +/- 0.355, % updates: 50.728%
INFO:root:-- EPOCH 22 (3.14 seconds):
INFO:root:COST >> 3.9132 +/- 0.3616, % updates: 50.661%
INFO:root:-- EPOCH 23 (3.142 seconds):
INFO:root:COST >> 3.9149 +/- 0.3467, % updates: 50.675%
INFO:root:-- EPOCH 24 (3.154 seconds):
INFO:root:COST >> 3.8939 +/- 0.3727, % updates: 50.588%
INFO:root:-- EPOCH 25 (3.113 seconds):
INFO:root:COST >> 3.9123 +/- 0.3493, % updates: 50.753%
INFO:root:-- EPOCH 26 (3.241 seconds):
INFO:root:COST >> 3.9309 +/- 0.3646, % updates: 50.922%
INFO:root:-- EPOCH 27 (3.139 seconds):
INFO:root:COST >> 3.9195 +/- 0.3447, % updates: 50.76%
INFO:root:-- EPOCH 28 (3.106 seconds):
INFO:root:COST >> 3.9166 +/- 0.3613, % updates: 50.664%
INFO:root:-- EPOCH 29 (3.124 seconds):
INFO:root:COST >> 3.916 +/- 0.3292, % updates: 50.672%
INFO:root:-- EPOCH 30 (3.18 seconds):
INFO:root:COST >> 3.9182 +/- 0.3507, % updates: 50.735%
INFO:root:-- EPOCH 31 (3.116 seconds):
INFO:root:COST >> 3.9285 +/- 0.3525, % updates: 50.735%
INFO:root:-- EPOCH 32 (3.218 seconds):
INFO:root:COST >> 3.9267 +/- 0.3302, % updates: 50.859%
INFO:root:-- EPOCH 33 (3.251 seconds):
INFO:root:COST >> 3.9161 +/- 0.3649, % updates: 50.496%
INFO:root:-- EPOCH 34 (3.18 seconds):
INFO:root:COST >> 3.9062 +/- 0.3548, % updates: 50.617%
INFO:root:-- EPOCH 35 (3.13 seconds):
INFO:root:COST >> 3.9262 +/- 0.3571, % updates: 50.871%
INFO:root:-- EPOCH 36 (3.099 seconds):
INFO:root:COST >> 3.9113 +/- 0.3629, % updates: 50.606%
INFO:root:-- EPOCH 37 (3.129 seconds):
INFO:root:COST >> 3.924 +/- 0.3556, % updates: 50.755%
INFO:root:-- EPOCH 38 (3.197 seconds):
INFO:root:COST >> 3.921 +/- 0.3535, % updates: 50.762%
INFO:root:-- EPOCH 39 (3.113 seconds):
INFO:root:COST >> 3.9114 +/- 0.3712, % updates: 50.659%
INFO:root:-- EPOCH 40 (3.21 seconds):
INFO:root:COST >> 3.8953 +/- 0.3399, % updates: 50.713%
INFO:root:-- EPOCH 41 (3.161 seconds):
INFO:root:COST >> 3.9177 +/- 0.3563, % updates: 50.707%
INFO:root:-- EPOCH 42 (3.263 seconds):
INFO:root:COST >> 3.9175 +/- 0.3577, % updates: 50.703%
INFO:root:-- EPOCH 43 (3.122 seconds):
INFO:root:COST >> 3.9121 +/- 0.3524, % updates: 50.717%
INFO:root:-- EPOCH 44 (3.197 seconds):
INFO:root:COST >> 3.9151 +/- 0.3528, % updates: 50.641%
INFO:root:-- EPOCH 45 (3.132 seconds):
INFO:root:COST >> 3.9265 +/- 0.349, % updates: 50.947%
INFO:root:-- EPOCH 46 (3.259 seconds):
INFO:root:COST >> 3.9309 +/- 0.3549, % updates: 50.761%
INFO:root:-- EPOCH 47 (3.212 seconds):
INFO:root:COST >> 3.9343 +/- 0.3423, % updates: 50.812%
INFO:root:-- EPOCH 48 (3.225 seconds):
INFO:root:COST >> 3.9199 +/- 0.3552, % updates: 50.772%
INFO:root:-- EPOCH 49 (3.272 seconds):
INFO:root:COST >> 3.9006 +/- 0.3528, % updates: 50.539%
INFO:root:-- EPOCH 50 (3.182 seconds):
INFO:root:COST >> 3.9006 +/- 0.3509, % updates: 50.716%
