INFO:root:Shape for training set: (40961, 141442)
INFO:root:State: {'ndim': '50', 'test_all': 'None', 'test_path': 'None', 'nhid': '50', 'lremb': '10.0', 'seed': '3', 'simfn': 'L1', 'valid_path': 'None', 'nbatches': '10', 'lrparam': '10.0', 'decay': '0.9', 'show_hinton_diagrams': 'False', 'no_rescaling': 'True', 'Nrel': '18', 'ranking_score_right': 'False', 'Nent': '40961', 'Nsyn': '40943', 'method': 'MOMENTUM', 'loss_margin': '1.0', 'C': '1.0', 'epsilon': '1e-06', 'use_db': 'True', 'max_lr': 'None', 'l1_param_weight': 'None', 'filtered': 'False', 'name': 'wn_50/wn_MOMENTUM_383', 'totepochs': '50', 'l2_param_weight': 'None', 'train_path': 'data/wn/WN-train.pkl', 'op': 'TransE'}
INFO:root:Starting the Experiment ..
INFO:root:-- EPOCH 1 (3.142 seconds):
INFO:root:COST >> 3.4238 +/- 0.5865, % updates: 60.448%
INFO:root:-- EPOCH 2 (3.221 seconds):
INFO:root:COST >> 3.6913 +/- 0.4109, % updates: 48.298%
INFO:root:-- EPOCH 3 (3.102 seconds):
INFO:root:COST >> 3.8131 +/- 0.3735, % updates: 48.002%
INFO:root:-- EPOCH 4 (3.091 seconds):
INFO:root:COST >> 3.8445 +/- 0.3454, % updates: 47.977%
INFO:root:-- EPOCH 5 (3.212 seconds):
INFO:root:COST >> 3.8354 +/- 0.3563, % updates: 47.932%
INFO:root:-- EPOCH 6 (3.189 seconds):
INFO:root:COST >> 3.8574 +/- 0.3698, % updates: 48.126%
INFO:root:-- EPOCH 7 (3.172 seconds):
INFO:root:COST >> 3.8542 +/- 0.3772, % updates: 48.254%
INFO:root:-- EPOCH 8 (3.195 seconds):
INFO:root:COST >> 3.842 +/- 0.3588, % updates: 48.131%
INFO:root:-- EPOCH 9 (3.141 seconds):
INFO:root:COST >> 3.8359 +/- 0.3575, % updates: 47.971%
INFO:root:-- EPOCH 10 (3.213 seconds):
INFO:root:COST >> 3.8573 +/- 0.3694, % updates: 48.215%
INFO:root:-- EPOCH 11 (3.235 seconds):
INFO:root:COST >> 3.8427 +/- 0.3527, % updates: 47.982%
INFO:root:-- EPOCH 12 (3.139 seconds):
INFO:root:COST >> 3.8456 +/- 0.3393, % updates: 48.106%
INFO:root:-- EPOCH 13 (3.121 seconds):
INFO:root:COST >> 3.8262 +/- 0.3754, % updates: 47.913%
INFO:root:-- EPOCH 14 (3.215 seconds):
INFO:root:COST >> 3.8516 +/- 0.3537, % updates: 48.195%
INFO:root:-- EPOCH 15 (3.241 seconds):
INFO:root:COST >> 3.8433 +/- 0.3694, % updates: 48.086%
INFO:root:-- EPOCH 16 (3.225 seconds):
INFO:root:COST >> 3.8501 +/- 0.3598, % updates: 48.118%
INFO:root:-- EPOCH 17 (3.211 seconds):
INFO:root:COST >> 3.85 +/- 0.343, % updates: 48.095%
INFO:root:-- EPOCH 18 (3.237 seconds):
INFO:root:COST >> 3.8446 +/- 0.3545, % updates: 47.949%
INFO:root:-- EPOCH 19 (3.121 seconds):
INFO:root:COST >> 3.8481 +/- 0.3398, % updates: 48.023%
INFO:root:-- EPOCH 20 (3.135 seconds):
INFO:root:COST >> 3.8432 +/- 0.3733, % updates: 47.973%
INFO:root:-- EPOCH 21 (3.157 seconds):
INFO:root:COST >> 3.8393 +/- 0.3538, % updates: 48.031%
INFO:root:-- EPOCH 22 (3.138 seconds):
INFO:root:COST >> 3.8419 +/- 0.3487, % updates: 47.937%
INFO:root:-- EPOCH 23 (3.138 seconds):
INFO:root:COST >> 3.8498 +/- 0.3494, % updates: 48.101%
INFO:root:-- EPOCH 24 (3.128 seconds):
INFO:root:COST >> 3.8582 +/- 0.3617, % updates: 48.083%
INFO:root:-- EPOCH 25 (3.154 seconds):
INFO:root:COST >> 3.8556 +/- 0.3681, % updates: 47.93%
INFO:root:-- EPOCH 26 (3.159 seconds):
INFO:root:COST >> 3.8423 +/- 0.3586, % updates: 48.062%
INFO:root:-- EPOCH 27 (3.225 seconds):
INFO:root:COST >> 3.8441 +/- 0.348, % updates: 48.025%
INFO:root:-- EPOCH 28 (3.104 seconds):
INFO:root:COST >> 3.8548 +/- 0.3482, % updates: 48.13%
INFO:root:-- EPOCH 29 (3.239 seconds):
INFO:root:COST >> 3.8588 +/- 0.351, % updates: 48.162%
INFO:root:-- EPOCH 30 (3.116 seconds):
INFO:root:COST >> 3.8672 +/- 0.3575, % updates: 48.308%
INFO:root:-- EPOCH 31 (3.204 seconds):
INFO:root:COST >> 3.8537 +/- 0.3613, % updates: 48.176%
INFO:root:-- EPOCH 32 (3.228 seconds):
INFO:root:COST >> 3.8389 +/- 0.3378, % updates: 48.121%
INFO:root:-- EPOCH 33 (3.243 seconds):
INFO:root:COST >> 3.8604 +/- 0.3629, % updates: 48.228%
INFO:root:-- EPOCH 34 (3.223 seconds):
INFO:root:COST >> 3.8561 +/- 0.3486, % updates: 48.036%
INFO:root:-- EPOCH 35 (3.216 seconds):
INFO:root:COST >> 3.8381 +/- 0.3476, % updates: 47.924%
INFO:root:-- EPOCH 36 (3.217 seconds):
INFO:root:COST >> 3.8605 +/- 0.3476, % updates: 48.086%
INFO:root:-- EPOCH 37 (3.202 seconds):
INFO:root:COST >> 3.8421 +/- 0.3483, % updates: 47.981%
INFO:root:-- EPOCH 38 (3.095 seconds):
INFO:root:COST >> 3.8503 +/- 0.3625, % updates: 48.139%
INFO:root:-- EPOCH 39 (3.244 seconds):
INFO:root:COST >> 3.832 +/- 0.3549, % updates: 47.928%
INFO:root:-- EPOCH 40 (3.127 seconds):
INFO:root:COST >> 3.8451 +/- 0.3584, % updates: 48.149%
INFO:root:-- EPOCH 41 (3.131 seconds):
INFO:root:COST >> 3.8517 +/- 0.3603, % updates: 47.991%
INFO:root:-- EPOCH 42 (3.131 seconds):
INFO:root:COST >> 3.8581 +/- 0.3779, % updates: 48.201%
INFO:root:-- EPOCH 43 (2.978 seconds):
INFO:root:COST >> 3.8393 +/- 0.3643, % updates: 48.063%
INFO:root:-- EPOCH 44 (2.836 seconds):
INFO:root:COST >> 3.8494 +/- 0.35, % updates: 48.158%
INFO:root:-- EPOCH 45 (3.231 seconds):
INFO:root:COST >> 3.8364 +/- 0.3524, % updates: 47.972%
INFO:root:-- EPOCH 46 (3.198 seconds):
INFO:root:COST >> 3.8463 +/- 0.3819, % updates: 48.127%
INFO:root:-- EPOCH 47 (3.246 seconds):
INFO:root:COST >> 3.8559 +/- 0.3527, % updates: 48.142%
INFO:root:-- EPOCH 48 (3.217 seconds):
INFO:root:COST >> 3.8342 +/- 0.3513, % updates: 48.024%
INFO:root:-- EPOCH 49 (3.216 seconds):
INFO:root:COST >> 3.8522 +/- 0.3748, % updates: 48.022%
INFO:root:-- EPOCH 50 (3.202 seconds):
INFO:root:COST >> 3.8618 +/- 0.3561, % updates: 48.245%
