INFO:root:Shape for training set: (40961, 141442)
INFO:root:State: {'ndim': '50', 'test_all': 'None', 'test_path': 'None', 'nhid': '50', 'lremb': '0.1', 'seed': '8', 'simfn': 'L1', 'valid_path': 'None', 'nbatches': '10', 'lrparam': '0.1', 'decay': '0.9999', 'show_hinton_diagrams': 'False', 'no_rescaling': 'True', 'Nrel': '18', 'ranking_score_right': 'False', 'Nent': '40961', 'Nsyn': '40943', 'method': 'MOMENTUM', 'loss_margin': '1.0', 'C': '1.0', 'epsilon': '1e-06', 'use_db': 'True', 'max_lr': 'None', 'l1_param_weight': 'None', 'filtered': 'False', 'name': 'wn_50/wn_MOMENTUM_258', 'totepochs': '50', 'l2_param_weight': 'None', 'train_path': 'data/wn/WN-train.pkl', 'op': 'TransE'}
INFO:root:Starting the Experiment ..
INFO:root:-- EPOCH 1 (3.538 seconds):
INFO:root:COST >> 3.0497 +/- 0.4529, % updates: 61.524%
INFO:root:-- EPOCH 2 (3.226 seconds):
INFO:root:COST >> 2.8697 +/- 0.2602, % updates: 46.349%
INFO:root:-- EPOCH 3 (3.198 seconds):
INFO:root:COST >> 2.744 +/- 0.2575, % updates: 44.742%
INFO:root:-- EPOCH 4 (2.707 seconds):
INFO:root:COST >> 2.6622 +/- 0.2534, % updates: 43.889%
INFO:root:-- EPOCH 5 (2.703 seconds):
INFO:root:COST >> 2.6016 +/- 0.245, % updates: 43.344%
INFO:root:-- EPOCH 6 (3.131 seconds):
INFO:root:COST >> 2.5727 +/- 0.2529, % updates: 43.065%
INFO:root:-- EPOCH 7 (3.087 seconds):
INFO:root:COST >> 2.5484 +/- 0.2401, % updates: 42.946%
INFO:root:-- EPOCH 8 (3.212 seconds):
INFO:root:COST >> 2.52 +/- 0.2449, % updates: 42.748%
INFO:root:-- EPOCH 9 (3.113 seconds):
INFO:root:COST >> 2.4989 +/- 0.2429, % updates: 42.636%
INFO:root:-- EPOCH 10 (3.229 seconds):
INFO:root:COST >> 2.4788 +/- 0.223, % updates: 42.513%
INFO:root:-- EPOCH 11 (3.175 seconds):
INFO:root:COST >> 2.4686 +/- 0.2297, % updates: 42.501%
INFO:root:-- EPOCH 12 (3.191 seconds):
INFO:root:COST >> 2.4506 +/- 0.2329, % updates: 42.449%
INFO:root:-- EPOCH 13 (3.204 seconds):
INFO:root:COST >> 2.4427 +/- 0.2405, % updates: 42.562%
INFO:root:-- EPOCH 14 (3.085 seconds):
INFO:root:COST >> 2.4268 +/- 0.2324, % updates: 42.428%
INFO:root:-- EPOCH 15 (3.127 seconds):
INFO:root:COST >> 2.4252 +/- 0.2315, % updates: 42.412%
INFO:root:-- EPOCH 16 (3.106 seconds):
INFO:root:COST >> 2.4088 +/- 0.2243, % updates: 42.32%
INFO:root:-- EPOCH 17 (3.166 seconds):
INFO:root:COST >> 2.4025 +/- 0.2299, % updates: 42.412%
INFO:root:-- EPOCH 18 (3.112 seconds):
INFO:root:COST >> 2.3845 +/- 0.2281, % updates: 42.287%
INFO:root:-- EPOCH 19 (3.222 seconds):
INFO:root:COST >> 2.3817 +/- 0.2227, % updates: 42.29%
INFO:root:-- EPOCH 20 (3.211 seconds):
INFO:root:COST >> 2.3755 +/- 0.2223, % updates: 42.235%
INFO:root:-- EPOCH 21 (3.136 seconds):
INFO:root:COST >> 2.3765 +/- 0.2221, % updates: 42.312%
INFO:root:-- EPOCH 22 (3.193 seconds):
INFO:root:COST >> 2.3665 +/- 0.2229, % updates: 42.294%
INFO:root:-- EPOCH 23 (3.179 seconds):
INFO:root:COST >> 2.364 +/- 0.2127, % updates: 42.229%
INFO:root:-- EPOCH 24 (3.244 seconds):
INFO:root:COST >> 2.358 +/- 0.2361, % updates: 42.418%
INFO:root:-- EPOCH 25 (3.122 seconds):
INFO:root:COST >> 2.3535 +/- 0.2143, % updates: 42.408%
INFO:root:-- EPOCH 26 (3.207 seconds):
INFO:root:COST >> 2.3492 +/- 0.2156, % updates: 42.292%
INFO:root:-- EPOCH 27 (3.238 seconds):
INFO:root:COST >> 2.3545 +/- 0.223, % updates: 42.292%
INFO:root:-- EPOCH 28 (3.184 seconds):
INFO:root:COST >> 2.351 +/- 0.2118, % updates: 42.471%
INFO:root:-- EPOCH 29 (3.158 seconds):
INFO:root:COST >> 2.3399 +/- 0.2183, % updates: 42.231%
INFO:root:-- EPOCH 30 (3.159 seconds):
INFO:root:COST >> 2.3405 +/- 0.226, % updates: 42.265%
INFO:root:-- EPOCH 31 (3.232 seconds):
INFO:root:COST >> 2.3269 +/- 0.2248, % updates: 42.326%
INFO:root:-- EPOCH 32 (3.2 seconds):
INFO:root:COST >> 2.3317 +/- 0.2326, % updates: 42.34%
INFO:root:-- EPOCH 33 (3.135 seconds):
INFO:root:COST >> 2.3205 +/- 0.2308, % updates: 42.179%
INFO:root:-- EPOCH 34 (3.137 seconds):
INFO:root:COST >> 2.3211 +/- 0.2198, % updates: 42.286%
INFO:root:-- EPOCH 35 (3.124 seconds):
INFO:root:COST >> 2.3298 +/- 0.2215, % updates: 42.432%
INFO:root:-- EPOCH 36 (3.152 seconds):
INFO:root:COST >> 2.306 +/- 0.2124, % updates: 42.271%
INFO:root:-- EPOCH 37 (3.269 seconds):
INFO:root:COST >> 2.3143 +/- 0.2116, % updates: 42.194%
INFO:root:-- EPOCH 38 (3.178 seconds):
INFO:root:COST >> 2.3137 +/- 0.2151, % updates: 42.304%
INFO:root:-- EPOCH 39 (3.135 seconds):
INFO:root:COST >> 2.306 +/- 0.2147, % updates: 42.414%
INFO:root:-- EPOCH 40 (3.151 seconds):
INFO:root:COST >> 2.3103 +/- 0.2329, % updates: 42.417%
INFO:root:-- EPOCH 41 (3.149 seconds):
INFO:root:COST >> 2.2989 +/- 0.2098, % updates: 42.274%
INFO:root:-- EPOCH 42 (3.09 seconds):
INFO:root:COST >> 2.2954 +/- 0.2082, % updates: 42.318%
INFO:root:-- EPOCH 43 (3.165 seconds):
INFO:root:COST >> 2.2956 +/- 0.2097, % updates: 42.224%
INFO:root:-- EPOCH 44 (3.144 seconds):
INFO:root:COST >> 2.2943 +/- 0.2203, % updates: 42.238%
INFO:root:-- EPOCH 45 (3.225 seconds):
INFO:root:COST >> 2.2984 +/- 0.2095, % updates: 42.258%
INFO:root:-- EPOCH 46 (3.118 seconds):
INFO:root:COST >> 2.2796 +/- 0.2106, % updates: 42.189%
INFO:root:-- EPOCH 47 (3.139 seconds):
INFO:root:COST >> 2.2892 +/- 0.228, % updates: 42.267%
INFO:root:-- EPOCH 48 (3.098 seconds):
INFO:root:COST >> 2.2936 +/- 0.2133, % updates: 42.332%
INFO:root:-- EPOCH 49 (3.121 seconds):
INFO:root:COST >> 2.2895 +/- 0.221, % updates: 42.395%
INFO:root:-- EPOCH 50 (3.219 seconds):
INFO:root:COST >> 2.2726 +/- 0.2181, % updates: 42.221%
