INFO:root:Shape for training set: (40961, 141442)
INFO:root:State: {'ndim': '50', 'test_all': 'None', 'test_path': 'None', 'nhid': '50', 'lremb': '0.0001', 'seed': '3', 'simfn': 'L1', 'valid_path': 'None', 'nbatches': '10', 'lrparam': '0.0001', 'decay': '0.5', 'show_hinton_diagrams': 'False', 'no_rescaling': 'True', 'Nrel': '18', 'ranking_score_right': 'False', 'Nent': '40961', 'Nsyn': '40943', 'method': 'MOMENTUM', 'loss_margin': '1.0', 'C': '1.0', 'epsilon': '1e-06', 'use_db': 'True', 'max_lr': 'None', 'l1_param_weight': 'None', 'filtered': 'False', 'name': 'wn_50/wn_MOMENTUM_143', 'totepochs': '50', 'l2_param_weight': 'None', 'train_path': 'data/wn/WN-train.pkl', 'op': 'TransE'}
INFO:root:Starting the Experiment ..
INFO:root:-- EPOCH 1 (3.171 seconds):
INFO:root:COST >> 2.1846 +/- 0.0255, % updates: 81.517%
INFO:root:-- EPOCH 2 (3.204 seconds):
INFO:root:COST >> 2.073 +/- 0.0196, % updates: 79.9%
INFO:root:-- EPOCH 3 (3.213 seconds):
INFO:root:COST >> 1.9868 +/- 0.0236, % updates: 78.08%
INFO:root:-- EPOCH 4 (3.266 seconds):
INFO:root:COST >> 1.915 +/- 0.011, % updates: 76.587%
INFO:root:-- EPOCH 5 (3.269 seconds):
INFO:root:COST >> 1.8474 +/- 0.0161, % updates: 75.355%
INFO:root:-- EPOCH 6 (3.253 seconds):
INFO:root:COST >> 1.7741 +/- 0.0123, % updates: 74.055%
INFO:root:-- EPOCH 7 (3.282 seconds):
INFO:root:COST >> 1.7169 +/- 0.0083, % updates: 72.913%
INFO:root:-- EPOCH 8 (3.286 seconds):
INFO:root:COST >> 1.6569 +/- 0.0099, % updates: 71.731%
INFO:root:-- EPOCH 9 (3.239 seconds):
INFO:root:COST >> 1.6044 +/- 0.0146, % updates: 70.494%
INFO:root:-- EPOCH 10 (3.156 seconds):
INFO:root:COST >> 1.5517 +/- 0.0166, % updates: 69.584%
INFO:root:-- EPOCH 11 (3.238 seconds):
INFO:root:COST >> 1.5038 +/- 0.0103, % updates: 68.507%
INFO:root:-- EPOCH 12 (3.19 seconds):
INFO:root:COST >> 1.454 +/- 0.0085, % updates: 67.359%
INFO:root:-- EPOCH 13 (3.271 seconds):
INFO:root:COST >> 1.4055 +/- 0.0136, % updates: 66.386%
INFO:root:-- EPOCH 14 (3.199 seconds):
INFO:root:COST >> 1.3641 +/- 0.0093, % updates: 65.37%
INFO:root:-- EPOCH 15 (3.217 seconds):
INFO:root:COST >> 1.3219 +/- 0.0125, % updates: 64.366%
INFO:root:-- EPOCH 16 (3.252 seconds):
INFO:root:COST >> 1.2787 +/- 0.0064, % updates: 63.33%
INFO:root:-- EPOCH 17 (3.306 seconds):
INFO:root:COST >> 1.2396 +/- 0.0128, % updates: 62.348%
INFO:root:-- EPOCH 18 (3.216 seconds):
INFO:root:COST >> 1.2033 +/- 0.0082, % updates: 61.484%
INFO:root:-- EPOCH 19 (3.23 seconds):
INFO:root:COST >> 1.1685 +/- 0.0074, % updates: 60.525%
INFO:root:-- EPOCH 20 (3.232 seconds):
INFO:root:COST >> 1.1349 +/- 0.0097, % updates: 59.729%
INFO:root:-- EPOCH 21 (3.242 seconds):
INFO:root:COST >> 1.0996 +/- 0.0071, % updates: 58.76%
INFO:root:-- EPOCH 22 (3.259 seconds):
INFO:root:COST >> 1.0664 +/- 0.01, % updates: 57.861%
INFO:root:-- EPOCH 23 (3.249 seconds):
INFO:root:COST >> 1.0352 +/- 0.0131, % updates: 56.957%
INFO:root:-- EPOCH 24 (3.249 seconds):
INFO:root:COST >> 1.0051 +/- 0.0125, % updates: 56.062%
INFO:root:-- EPOCH 25 (3.177 seconds):
INFO:root:COST >> 0.9753 +/- 0.006, % updates: 55.106%
INFO:root:-- EPOCH 26 (3.279 seconds):
INFO:root:COST >> 0.9513 +/- 0.0092, % updates: 54.446%
INFO:root:-- EPOCH 27 (3.144 seconds):
INFO:root:COST >> 0.922 +/- 0.0058, % updates: 53.563%
INFO:root:-- EPOCH 28 (3.282 seconds):
INFO:root:COST >> 0.9019 +/- 0.0071, % updates: 52.891%
INFO:root:-- EPOCH 29 (3.198 seconds):
INFO:root:COST >> 0.8768 +/- 0.009, % updates: 52.06%
INFO:root:-- EPOCH 30 (3.207 seconds):
INFO:root:COST >> 0.8491 +/- 0.0089, % updates: 51.186%
INFO:root:-- EPOCH 31 (3.178 seconds):
INFO:root:COST >> 0.8282 +/- 0.0039, % updates: 50.493%
INFO:root:-- EPOCH 32 (3.187 seconds):
INFO:root:COST >> 0.8087 +/- 0.0085, % updates: 49.691%
INFO:root:-- EPOCH 33 (3.241 seconds):
INFO:root:COST >> 0.7865 +/- 0.0054, % updates: 49.018%
INFO:root:-- EPOCH 34 (3.13 seconds):
INFO:root:COST >> 0.7633 +/- 0.009, % updates: 48.148%
INFO:root:-- EPOCH 35 (3.218 seconds):
INFO:root:COST >> 0.7465 +/- 0.0072, % updates: 47.535%
INFO:root:-- EPOCH 36 (3.127 seconds):
INFO:root:COST >> 0.7271 +/- 0.0041, % updates: 46.964%
INFO:root:-- EPOCH 37 (3.18 seconds):
INFO:root:COST >> 0.7085 +/- 0.0056, % updates: 46.137%
INFO:root:-- EPOCH 38 (3.229 seconds):
INFO:root:COST >> 0.6879 +/- 0.0054, % updates: 45.499%
INFO:root:-- EPOCH 39 (3.257 seconds):
INFO:root:COST >> 0.6725 +/- 0.0046, % updates: 44.788%
INFO:root:-- EPOCH 40 (3.243 seconds):
INFO:root:COST >> 0.659 +/- 0.0039, % updates: 44.163%
INFO:root:-- EPOCH 41 (3.226 seconds):
INFO:root:COST >> 0.6418 +/- 0.0052, % updates: 43.485%
INFO:root:-- EPOCH 42 (3.154 seconds):
INFO:root:COST >> 0.6257 +/- 0.004, % updates: 42.822%
INFO:root:-- EPOCH 43 (3.222 seconds):
INFO:root:COST >> 0.6131 +/- 0.0061, % updates: 42.317%
INFO:root:-- EPOCH 44 (2.922 seconds):
INFO:root:COST >> 0.598 +/- 0.0065, % updates: 41.685%
INFO:root:-- EPOCH 45 (2.766 seconds):
INFO:root:COST >> 0.5845 +/- 0.0057, % updates: 41.169%
INFO:root:-- EPOCH 46 (3.188 seconds):
INFO:root:COST >> 0.5721 +/- 0.0048, % updates: 40.451%
INFO:root:-- EPOCH 47 (3.168 seconds):
INFO:root:COST >> 0.5585 +/- 0.0039, % updates: 40.04%
INFO:root:-- EPOCH 48 (3.228 seconds):
INFO:root:COST >> 0.5445 +/- 0.0041, % updates: 39.437%
INFO:root:-- EPOCH 49 (3.146 seconds):
INFO:root:COST >> 0.5359 +/- 0.006, % updates: 38.92%
INFO:root:-- EPOCH 50 (3.133 seconds):
INFO:root:COST >> 0.5203 +/- 0.0071, % updates: 38.225%
