INFO:root:Shape for training set: (40961, 141442)
INFO:root:State: {'ndim': '50', 'test_all': 'None', 'test_path': 'None', 'nhid': '50', 'lremb': '1e-06', 'seed': '1', 'simfn': 'L1', 'valid_path': 'None', 'nbatches': '10', 'lrparam': '1e-06', 'decay': '0.9999', 'show_hinton_diagrams': 'False', 'no_rescaling': 'True', 'Nrel': '18', 'ranking_score_right': 'False', 'Nent': '40961', 'Nsyn': '40943', 'method': 'MOMENTUM', 'loss_margin': '1.0', 'C': '1.0', 'epsilon': '1e-06', 'use_db': 'True', 'max_lr': 'None', 'l1_param_weight': 'None', 'filtered': 'False', 'name': 'wn_50/wn_MOMENTUM_1', 'totepochs': '50', 'l2_param_weight': 'None', 'train_path': 'data/wn/WN-train.pkl', 'op': 'TransE'}
INFO:root:Starting the Experiment ..
INFO:root:-- EPOCH 1 (3.575 seconds):
INFO:root:COST >> 2.2293 +/- 0.0094, % updates: 81.535%
INFO:root:-- EPOCH 2 (3.368 seconds):
INFO:root:COST >> 2.2224 +/- 0.0139, % updates: 81.537%
INFO:root:-- EPOCH 3 (4.246 seconds):
INFO:root:COST >> 2.2036 +/- 0.0174, % updates: 81.608%
INFO:root:-- EPOCH 4 (3.947 seconds):
INFO:root:COST >> 2.1784 +/- 0.0106, % updates: 81.349%
INFO:root:-- EPOCH 5 (3.756 seconds):
INFO:root:COST >> 2.1471 +/- 0.0136, % updates: 81.192%
INFO:root:-- EPOCH 6 (4.367 seconds):
INFO:root:COST >> 2.1184 +/- 0.0134, % updates: 80.956%
INFO:root:-- EPOCH 7 (4.322 seconds):
INFO:root:COST >> 2.0929 +/- 0.0191, % updates: 80.324%
INFO:root:-- EPOCH 8 (4.428 seconds):
INFO:root:COST >> 2.0671 +/- 0.0122, % updates: 79.797%
INFO:root:-- EPOCH 9 (3.686 seconds):
INFO:root:COST >> 2.0472 +/- 0.0164, % updates: 79.136%
INFO:root:-- EPOCH 10 (3.546 seconds):
INFO:root:COST >> 2.0181 +/- 0.0144, % updates: 78.264%
INFO:root:-- EPOCH 11 (3.359 seconds):
INFO:root:COST >> 1.9935 +/- 0.0109, % updates: 77.326%
INFO:root:-- EPOCH 12 (3.482 seconds):
INFO:root:COST >> 1.9579 +/- 0.0125, % updates: 76.234%
INFO:root:-- EPOCH 13 (3.87 seconds):
INFO:root:COST >> 1.9303 +/- 0.0163, % updates: 75.358%
INFO:root:-- EPOCH 14 (3.423 seconds):
INFO:root:COST >> 1.8972 +/- 0.0119, % updates: 74.504%
INFO:root:-- EPOCH 15 (3.412 seconds):
INFO:root:COST >> 1.8666 +/- 0.0185, % updates: 73.729%
INFO:root:-- EPOCH 16 (3.335 seconds):
INFO:root:COST >> 1.8278 +/- 0.0095, % updates: 72.725%
INFO:root:-- EPOCH 17 (3.509 seconds):
INFO:root:COST >> 1.7938 +/- 0.0178, % updates: 72.185%
INFO:root:-- EPOCH 18 (3.651 seconds):
INFO:root:COST >> 1.7598 +/- 0.0117, % updates: 71.446%
INFO:root:-- EPOCH 19 (3.435 seconds):
INFO:root:COST >> 1.7219 +/- 0.0187, % updates: 70.76%
INFO:root:-- EPOCH 20 (3.662 seconds):
INFO:root:COST >> 1.682 +/- 0.0124, % updates: 70.116%
INFO:root:-- EPOCH 21 (3.347 seconds):
INFO:root:COST >> 1.6395 +/- 0.0199, % updates: 69.202%
INFO:root:-- EPOCH 22 (3.336 seconds):
INFO:root:COST >> 1.594 +/- 0.0227, % updates: 68.347%
INFO:root:-- EPOCH 23 (3.448 seconds):
INFO:root:COST >> 1.5621 +/- 0.0152, % updates: 67.733%
INFO:root:-- EPOCH 24 (3.426 seconds):
INFO:root:COST >> 1.5238 +/- 0.0192, % updates: 66.92%
INFO:root:-- EPOCH 25 (3.344 seconds):
INFO:root:COST >> 1.4828 +/- 0.0159, % updates: 65.858%
INFO:root:-- EPOCH 26 (3.412 seconds):
INFO:root:COST >> 1.4423 +/- 0.0112, % updates: 64.91%
INFO:root:-- EPOCH 27 (3.455 seconds):
INFO:root:COST >> 1.3987 +/- 0.0192, % updates: 63.752%
INFO:root:-- EPOCH 28 (3.717 seconds):
INFO:root:COST >> 1.3543 +/- 0.0159, % updates: 62.534%
INFO:root:-- EPOCH 29 (3.447 seconds):
INFO:root:COST >> 1.3116 +/- 0.0186, % updates: 61.328%
INFO:root:-- EPOCH 30 (3.608 seconds):
INFO:root:COST >> 1.2703 +/- 0.0132, % updates: 60.29%
INFO:root:-- EPOCH 31 (3.422 seconds):
INFO:root:COST >> 1.2268 +/- 0.0184, % updates: 58.934%
INFO:root:-- EPOCH 32 (3.37 seconds):
INFO:root:COST >> 1.193 +/- 0.011, % updates: 57.99%
INFO:root:-- EPOCH 33 (3.423 seconds):
INFO:root:COST >> 1.1496 +/- 0.0124, % updates: 56.873%
INFO:root:-- EPOCH 34 (3.37 seconds):
INFO:root:COST >> 1.1113 +/- 0.0141, % updates: 55.813%
INFO:root:-- EPOCH 35 (3.475 seconds):
INFO:root:COST >> 1.0669 +/- 0.0106, % updates: 54.542%
INFO:root:-- EPOCH 36 (3.338 seconds):
INFO:root:COST >> 1.0299 +/- 0.0125, % updates: 53.425%
INFO:root:-- EPOCH 37 (3.355 seconds):
INFO:root:COST >> 1.0023 +/- 0.011, % updates: 52.606%
INFO:root:-- EPOCH 38 (3.316 seconds):
INFO:root:COST >> 0.9644 +/- 0.011, % updates: 51.375%
INFO:root:-- EPOCH 39 (3.409 seconds):
INFO:root:COST >> 0.9261 +/- 0.0101, % updates: 49.958%
INFO:root:-- EPOCH 40 (3.363 seconds):
INFO:root:COST >> 0.8889 +/- 0.0076, % updates: 48.557%
INFO:root:-- EPOCH 41 (3.443 seconds):
INFO:root:COST >> 0.8685 +/- 0.0093, % updates: 47.611%
INFO:root:-- EPOCH 42 (3.42 seconds):
INFO:root:COST >> 0.84 +/- 0.0075, % updates: 46.544%
INFO:root:-- EPOCH 43 (3.45 seconds):
INFO:root:COST >> 0.8054 +/- 0.0141, % updates: 45.096%
INFO:root:-- EPOCH 44 (3.377 seconds):
INFO:root:COST >> 0.7721 +/- 0.0122, % updates: 43.755%
INFO:root:-- EPOCH 45 (3.507 seconds):
INFO:root:COST >> 0.7476 +/- 0.0053, % updates: 42.642%
INFO:root:-- EPOCH 46 (3.358 seconds):
INFO:root:COST >> 0.7276 +/- 0.0115, % updates: 41.892%
INFO:root:-- EPOCH 47 (3.446 seconds):
INFO:root:COST >> 0.7053 +/- 0.0127, % updates: 40.876%
INFO:root:-- EPOCH 48 (3.417 seconds):
INFO:root:COST >> 0.6783 +/- 0.0088, % updates: 39.565%
INFO:root:-- EPOCH 49 (3.446 seconds):
INFO:root:COST >> 0.6542 +/- 0.0089, % updates: 38.68%
INFO:root:-- EPOCH 50 (3.378 seconds):
INFO:root:COST >> 0.6365 +/- 0.0046, % updates: 37.797%
