INFO:root:Shape for training set: (40961, 141442)
INFO:root:State: {'ndim': '50', 'test_all': 'None', 'test_path': 'None', 'nhid': '50', 'lremb': '10.0', 'seed': '7', 'simfn': 'L1', 'valid_path': 'None', 'nbatches': '10', 'lrparam': '10.0', 'decay': '0.999', 'show_hinton_diagrams': 'False', 'no_rescaling': 'True', 'Nrel': '18', 'ranking_score_right': 'False', 'Nent': '40961', 'Nsyn': '40943', 'method': 'MOMENTUM', 'loss_margin': '1.0', 'C': '1.0', 'epsilon': '1e-06', 'use_db': 'True', 'max_lr': 'None', 'l1_param_weight': 'None', 'filtered': 'False', 'name': 'wn_50/wn_MOMENTUM_367', 'totepochs': '50', 'l2_param_weight': 'None', 'train_path': 'data/wn/WN-train.pkl', 'op': 'TransE'}
INFO:root:Starting the Experiment ..
INFO:root:-- EPOCH 1 (4.116 seconds):
INFO:root:COST >> 3.3432 +/- 0.5108, % updates: 62.091%
INFO:root:-- EPOCH 2 (4.343 seconds):
INFO:root:COST >> 3.047 +/- 0.2676, % updates: 47.693%
INFO:root:-- EPOCH 3 (4.393 seconds):
INFO:root:COST >> 2.8778 +/- 0.2574, % updates: 45.624%
INFO:root:-- EPOCH 4 (4.351 seconds):
INFO:root:COST >> 2.7935 +/- 0.2599, % updates: 44.65%
INFO:root:-- EPOCH 5 (4.154 seconds):
INFO:root:COST >> 2.7299 +/- 0.2512, % updates: 44.144%
INFO:root:-- EPOCH 6 (4.294 seconds):
INFO:root:COST >> 2.6925 +/- 0.2445, % updates: 43.798%
INFO:root:-- EPOCH 7 (4.092 seconds):
INFO:root:COST >> 2.653 +/- 0.2372, % updates: 43.423%
INFO:root:-- EPOCH 8 (3.198 seconds):
INFO:root:COST >> 2.6332 +/- 0.2456, % updates: 43.411%
INFO:root:-- EPOCH 9 (3.155 seconds):
INFO:root:COST >> 2.6123 +/- 0.2529, % updates: 43.307%
INFO:root:-- EPOCH 10 (3.171 seconds):
INFO:root:COST >> 2.5923 +/- 0.2337, % updates: 43.091%
INFO:root:-- EPOCH 11 (3.13 seconds):
INFO:root:COST >> 2.5852 +/- 0.2313, % updates: 43.077%
INFO:root:-- EPOCH 12 (3.204 seconds):
INFO:root:COST >> 2.5676 +/- 0.2397, % updates: 42.994%
INFO:root:-- EPOCH 13 (3.21 seconds):
INFO:root:COST >> 2.5669 +/- 0.2295, % updates: 42.952%
INFO:root:-- EPOCH 14 (3.218 seconds):
INFO:root:COST >> 2.5435 +/- 0.2295, % updates: 42.884%
INFO:root:-- EPOCH 15 (3.133 seconds):
INFO:root:COST >> 2.5462 +/- 0.2148, % updates: 42.886%
INFO:root:-- EPOCH 16 (3.134 seconds):
INFO:root:COST >> 2.5469 +/- 0.2383, % updates: 42.955%
INFO:root:-- EPOCH 17 (3.209 seconds):
INFO:root:COST >> 2.5298 +/- 0.2333, % updates: 42.744%
INFO:root:-- EPOCH 18 (3.225 seconds):
INFO:root:COST >> 2.5124 +/- 0.238, % updates: 42.641%
INFO:root:-- EPOCH 19 (3.202 seconds):
INFO:root:COST >> 2.518 +/- 0.2359, % updates: 42.815%
INFO:root:-- EPOCH 20 (3.235 seconds):
INFO:root:COST >> 2.5086 +/- 0.2246, % updates: 42.61%
INFO:root:-- EPOCH 21 (3.25 seconds):
INFO:root:COST >> 2.5077 +/- 0.2361, % updates: 42.71%
INFO:root:-- EPOCH 22 (3.24 seconds):
INFO:root:COST >> 2.4965 +/- 0.2389, % updates: 42.57%
INFO:root:-- EPOCH 23 (3.19 seconds):
INFO:root:COST >> 2.5009 +/- 0.2458, % updates: 42.656%
INFO:root:-- EPOCH 24 (3.231 seconds):
INFO:root:COST >> 2.5039 +/- 0.2212, % updates: 42.629%
INFO:root:-- EPOCH 25 (3.255 seconds):
INFO:root:COST >> 2.4942 +/- 0.2305, % updates: 42.697%
INFO:root:-- EPOCH 26 (3.181 seconds):
INFO:root:COST >> 2.4995 +/- 0.2256, % updates: 42.683%
INFO:root:-- EPOCH 27 (3.139 seconds):
INFO:root:COST >> 2.496 +/- 0.2381, % updates: 42.645%
INFO:root:-- EPOCH 28 (3.121 seconds):
INFO:root:COST >> 2.4937 +/- 0.2292, % updates: 42.583%
INFO:root:-- EPOCH 29 (3.199 seconds):
INFO:root:COST >> 2.4924 +/- 0.233, % updates: 42.598%
INFO:root:-- EPOCH 30 (3.14 seconds):
INFO:root:COST >> 2.4935 +/- 0.244, % updates: 42.734%
INFO:root:-- EPOCH 31 (3.185 seconds):
INFO:root:COST >> 2.4861 +/- 0.2322, % updates: 42.574%
INFO:root:-- EPOCH 32 (3.2 seconds):
INFO:root:COST >> 2.4802 +/- 0.2287, % updates: 42.592%
INFO:root:-- EPOCH 33 (3.235 seconds):
INFO:root:COST >> 2.4788 +/- 0.2197, % updates: 42.642%
INFO:root:-- EPOCH 34 (3.227 seconds):
INFO:root:COST >> 2.4782 +/- 0.2227, % updates: 42.58%
INFO:root:-- EPOCH 35 (3.195 seconds):
INFO:root:COST >> 2.4743 +/- 0.2231, % updates: 42.588%
INFO:root:-- EPOCH 36 (3.218 seconds):
INFO:root:COST >> 2.4809 +/- 0.2243, % updates: 42.539%
INFO:root:-- EPOCH 37 (3.203 seconds):
INFO:root:COST >> 2.4703 +/- 0.2286, % updates: 42.446%
INFO:root:-- EPOCH 38 (3.214 seconds):
INFO:root:COST >> 2.4691 +/- 0.2226, % updates: 42.449%
INFO:root:-- EPOCH 39 (3.233 seconds):
INFO:root:COST >> 2.4623 +/- 0.232, % updates: 42.403%
INFO:root:-- EPOCH 40 (3.239 seconds):
INFO:root:COST >> 2.4796 +/- 0.2155, % updates: 42.493%
INFO:root:-- EPOCH 41 (3.163 seconds):
INFO:root:COST >> 2.4762 +/- 0.217, % updates: 42.435%
INFO:root:-- EPOCH 42 (2.672 seconds):
INFO:root:COST >> 2.4734 +/- 0.2226, % updates: 42.588%
INFO:root:-- EPOCH 43 (2.937 seconds):
INFO:root:COST >> 2.4834 +/- 0.2311, % updates: 42.64%
INFO:root:-- EPOCH 44 (3.218 seconds):
INFO:root:COST >> 2.482 +/- 0.2168, % updates: 42.575%
INFO:root:-- EPOCH 45 (3.147 seconds):
INFO:root:COST >> 2.4673 +/- 0.2222, % updates: 42.346%
INFO:root:-- EPOCH 46 (3.153 seconds):
INFO:root:COST >> 2.4824 +/- 0.2253, % updates: 42.554%
INFO:root:-- EPOCH 47 (3.202 seconds):
INFO:root:COST >> 2.4731 +/- 0.2304, % updates: 42.523%
INFO:root:-- EPOCH 48 (3.212 seconds):
INFO:root:COST >> 2.4791 +/- 0.226, % updates: 42.508%
INFO:root:-- EPOCH 49 (3.698 seconds):
INFO:root:COST >> 2.4813 +/- 0.2313, % updates: 42.589%
INFO:root:-- EPOCH 50 (3.227 seconds):
INFO:root:COST >> 2.4701 +/- 0.2322, % updates: 42.49%
