INFO:root:Shape for training set: (40961, 141442)
INFO:root:State: {'ndim': '50', 'test_all': 'None', 'test_path': 'None', 'nhid': '50', 'lremb': '1e-05', 'seed': '8', 'simfn': 'L1', 'valid_path': 'None', 'nbatches': '10', 'lrparam': '1e-05', 'decay': '0.99', 'show_hinton_diagrams': 'False', 'no_rescaling': 'True', 'Nrel': '18', 'ranking_score_right': 'False', 'Nent': '40961', 'Nsyn': '40943', 'method': 'MOMENTUM', 'loss_margin': '1.0', 'C': '1.0', 'epsilon': '1e-06', 'use_db': 'True', 'max_lr': 'None', 'l1_param_weight': 'None', 'filtered': 'False', 'name': 'wn_50/wn_MOMENTUM_78', 'totepochs': '50', 'l2_param_weight': 'None', 'train_path': 'data/wn/WN-train.pkl', 'op': 'TransE'}
INFO:root:Starting the Experiment ..
INFO:root:-- EPOCH 1 (2.836 seconds):
INFO:root:COST >> 2.2105 +/- 0.0115, % updates: 81.667%
INFO:root:-- EPOCH 2 (3.267 seconds):
INFO:root:COST >> 2.1386 +/- 0.0219, % updates: 80.953%
INFO:root:-- EPOCH 3 (3.181 seconds):
INFO:root:COST >> 2.0529 +/- 0.0251, % updates: 79.344%
INFO:root:-- EPOCH 4 (3.171 seconds):
INFO:root:COST >> 1.9757 +/- 0.0211, % updates: 76.771%
INFO:root:-- EPOCH 5 (3.189 seconds):
INFO:root:COST >> 1.8849 +/- 0.0269, % updates: 74.362%
INFO:root:-- EPOCH 6 (3.188 seconds):
INFO:root:COST >> 1.7862 +/- 0.03, % updates: 72.406%
INFO:root:-- EPOCH 7 (3.228 seconds):
INFO:root:COST >> 1.6822 +/- 0.0275, % updates: 70.553%
INFO:root:-- EPOCH 8 (3.229 seconds):
INFO:root:COST >> 1.5761 +/- 0.0251, % updates: 68.277%
INFO:root:-- EPOCH 9 (3.266 seconds):
INFO:root:COST >> 1.4593 +/- 0.0367, % updates: 65.481%
INFO:root:-- EPOCH 10 (3.152 seconds):
INFO:root:COST >> 1.3595 +/- 0.0262, % updates: 63.127%
INFO:root:-- EPOCH 11 (3.222 seconds):
INFO:root:COST >> 1.25 +/- 0.0275, % updates: 60.536%
INFO:root:-- EPOCH 12 (3.164 seconds):
INFO:root:COST >> 1.1487 +/- 0.0259, % updates: 57.812%
INFO:root:-- EPOCH 13 (3.25 seconds):
INFO:root:COST >> 1.054 +/- 0.0269, % updates: 55.056%
INFO:root:-- EPOCH 14 (3.248 seconds):
INFO:root:COST >> 0.9532 +/- 0.0242, % updates: 51.764%
INFO:root:-- EPOCH 15 (3.19 seconds):
INFO:root:COST >> 0.8712 +/- 0.0246, % updates: 49.263%
INFO:root:-- EPOCH 16 (3.271 seconds):
INFO:root:COST >> 0.7915 +/- 0.0198, % updates: 46.438%
INFO:root:-- EPOCH 17 (3.179 seconds):
INFO:root:COST >> 0.7216 +/- 0.0188, % updates: 43.69%
INFO:root:-- EPOCH 18 (3.145 seconds):
INFO:root:COST >> 0.6558 +/- 0.0151, % updates: 41.244%
INFO:root:-- EPOCH 19 (3.178 seconds):
INFO:root:COST >> 0.5998 +/- 0.0192, % updates: 38.62%
INFO:root:-- EPOCH 20 (3.121 seconds):
INFO:root:COST >> 0.5484 +/- 0.016, % updates: 36.265%
INFO:root:-- EPOCH 21 (3.235 seconds):
INFO:root:COST >> 0.5001 +/- 0.0102, % updates: 34.167%
INFO:root:-- EPOCH 22 (3.135 seconds):
INFO:root:COST >> 0.462 +/- 0.0119, % updates: 32.175%
INFO:root:-- EPOCH 23 (3.125 seconds):
INFO:root:COST >> 0.4237 +/- 0.0095, % updates: 30.149%
INFO:root:-- EPOCH 24 (3.297 seconds):
INFO:root:COST >> 0.3953 +/- 0.0099, % updates: 28.65%
INFO:root:-- EPOCH 25 (3.141 seconds):
INFO:root:COST >> 0.3646 +/- 0.0096, % updates: 26.99%
INFO:root:-- EPOCH 26 (3.253 seconds):
INFO:root:COST >> 0.3395 +/- 0.0096, % updates: 25.444%
INFO:root:-- EPOCH 27 (3.159 seconds):
INFO:root:COST >> 0.3158 +/- 0.0069, % updates: 24.167%
INFO:root:-- EPOCH 28 (3.261 seconds):
INFO:root:COST >> 0.2931 +/- 0.0064, % updates: 22.877%
INFO:root:-- EPOCH 29 (3.292 seconds):
INFO:root:COST >> 0.2764 +/- 0.0088, % updates: 21.82%
INFO:root:-- EPOCH 30 (3.217 seconds):
INFO:root:COST >> 0.2589 +/- 0.0044, % updates: 20.881%
INFO:root:-- EPOCH 31 (3.264 seconds):
INFO:root:COST >> 0.2431 +/- 0.0054, % updates: 19.863%
INFO:root:-- EPOCH 32 (3.181 seconds):
INFO:root:COST >> 0.2269 +/- 0.0084, % updates: 18.868%
INFO:root:-- EPOCH 33 (3.268 seconds):
INFO:root:COST >> 0.2139 +/- 0.0043, % updates: 18.217%
INFO:root:-- EPOCH 34 (3.257 seconds):
INFO:root:COST >> 0.2022 +/- 0.0043, % updates: 17.371%
INFO:root:-- EPOCH 35 (3.148 seconds):
INFO:root:COST >> 0.1897 +/- 0.0047, % updates: 16.574%
INFO:root:-- EPOCH 36 (3.241 seconds):
INFO:root:COST >> 0.1793 +/- 0.005, % updates: 15.923%
INFO:root:-- EPOCH 37 (3.204 seconds):
INFO:root:COST >> 0.1708 +/- 0.003, % updates: 15.394%
INFO:root:-- EPOCH 38 (3.257 seconds):
INFO:root:COST >> 0.1608 +/- 0.0038, % updates: 14.63%
INFO:root:-- EPOCH 39 (3.143 seconds):
INFO:root:COST >> 0.1519 +/- 0.0034, % updates: 14.1%
INFO:root:-- EPOCH 40 (3.169 seconds):
INFO:root:COST >> 0.1439 +/- 0.003, % updates: 13.576%
INFO:root:-- EPOCH 41 (3.272 seconds):
INFO:root:COST >> 0.1361 +/- 0.0038, % updates: 13.051%
INFO:root:-- EPOCH 42 (3.247 seconds):
INFO:root:COST >> 0.1289 +/- 0.0022, % updates: 12.555%
INFO:root:-- EPOCH 43 (3.12 seconds):
INFO:root:COST >> 0.1223 +/- 0.0025, % updates: 12.016%
INFO:root:-- EPOCH 44 (3.252 seconds):
INFO:root:COST >> 0.1172 +/- 0.0028, % updates: 11.672%
INFO:root:-- EPOCH 45 (3.146 seconds):
INFO:root:COST >> 0.1118 +/- 0.0021, % updates: 11.334%
INFO:root:-- EPOCH 46 (3.213 seconds):
INFO:root:COST >> 0.1057 +/- 0.0042, % updates: 10.842%
INFO:root:-- EPOCH 47 (3.21 seconds):
INFO:root:COST >> 0.1019 +/- 0.0031, % updates: 10.64%
INFO:root:-- EPOCH 48 (3.175 seconds):
INFO:root:COST >> 0.0964 +/- 0.0024, % updates: 10.138%
INFO:root:-- EPOCH 49 (3.17 seconds):
INFO:root:COST >> 0.0926 +/- 0.0027, % updates: 9.869%
INFO:root:-- EPOCH 50 (3.16 seconds):
INFO:root:COST >> 0.0879 +/- 0.0028, % updates: 9.47%
