INFO:root:Shape for training set: (40961, 141442)
INFO:root:State: {'ndim': '50', 'test_all': 'None', 'test_path': 'None', 'nhid': '50', 'lremb': '10.0', 'seed': '9', 'simfn': 'L1', 'valid_path': 'None', 'nbatches': '10', 'lrparam': '10.0', 'decay': '0.9', 'show_hinton_diagrams': 'False', 'no_rescaling': 'True', 'Nrel': '18', 'ranking_score_right': 'False', 'Nent': '40961', 'Nsyn': '40943', 'method': 'MOMENTUM', 'loss_margin': '1.0', 'C': '1.0', 'epsilon': '1e-06', 'use_db': 'True', 'max_lr': 'None', 'l1_param_weight': 'None', 'filtered': 'False', 'name': 'wn_50/wn_MOMENTUM_389', 'totepochs': '50', 'l2_param_weight': 'None', 'train_path': 'data/wn/WN-train.pkl', 'op': 'TransE'}
INFO:root:Starting the Experiment ..
INFO:root:-- EPOCH 1 (3.12 seconds):
INFO:root:COST >> 3.451 +/- 0.5627, % updates: 60.132%
INFO:root:-- EPOCH 2 (3.195 seconds):
INFO:root:COST >> 3.7321 +/- 0.3923, % updates: 48.19%
INFO:root:-- EPOCH 3 (3.283 seconds):
INFO:root:COST >> 3.8509 +/- 0.3623, % updates: 48.176%
INFO:root:-- EPOCH 4 (3.159 seconds):
INFO:root:COST >> 3.8575 +/- 0.3557, % updates: 48.003%
INFO:root:-- EPOCH 5 (3.174 seconds):
INFO:root:COST >> 3.8775 +/- 0.3575, % updates: 48.106%
INFO:root:-- EPOCH 6 (3.171 seconds):
INFO:root:COST >> 3.8672 +/- 0.3474, % updates: 47.909%
INFO:root:-- EPOCH 7 (3.185 seconds):
INFO:root:COST >> 3.8711 +/- 0.3364, % updates: 48.082%
INFO:root:-- EPOCH 8 (3.188 seconds):
INFO:root:COST >> 3.8603 +/- 0.3218, % updates: 48.1%
INFO:root:-- EPOCH 9 (3.239 seconds):
INFO:root:COST >> 3.8721 +/- 0.3665, % updates: 48.027%
INFO:root:-- EPOCH 10 (3.261 seconds):
INFO:root:COST >> 3.8533 +/- 0.3597, % updates: 47.987%
INFO:root:-- EPOCH 11 (3.135 seconds):
INFO:root:COST >> 3.8706 +/- 0.3406, % updates: 48.002%
INFO:root:-- EPOCH 12 (3.258 seconds):
INFO:root:COST >> 3.8503 +/- 0.3277, % updates: 47.968%
INFO:root:-- EPOCH 13 (3.153 seconds):
INFO:root:COST >> 3.8675 +/- 0.3418, % updates: 48.033%
INFO:root:-- EPOCH 14 (3.127 seconds):
INFO:root:COST >> 3.8745 +/- 0.3258, % updates: 48.061%
INFO:root:-- EPOCH 15 (3.243 seconds):
INFO:root:COST >> 3.8684 +/- 0.3456, % updates: 48.143%
INFO:root:-- EPOCH 16 (3.131 seconds):
INFO:root:COST >> 3.8556 +/- 0.3359, % updates: 47.986%
INFO:root:-- EPOCH 17 (3.167 seconds):
INFO:root:COST >> 3.8701 +/- 0.3431, % updates: 47.961%
INFO:root:-- EPOCH 18 (3.22 seconds):
INFO:root:COST >> 3.8709 +/- 0.3404, % updates: 48.106%
INFO:root:-- EPOCH 19 (3.187 seconds):
INFO:root:COST >> 3.873 +/- 0.3407, % updates: 48.121%
INFO:root:-- EPOCH 20 (3.189 seconds):
INFO:root:COST >> 3.8608 +/- 0.3429, % updates: 48.125%
INFO:root:-- EPOCH 21 (3.181 seconds):
INFO:root:COST >> 3.8605 +/- 0.3382, % updates: 47.966%
INFO:root:-- EPOCH 22 (3.249 seconds):
INFO:root:COST >> 3.8614 +/- 0.3403, % updates: 48.011%
INFO:root:-- EPOCH 23 (3.14 seconds):
INFO:root:COST >> 3.8712 +/- 0.3688, % updates: 47.998%
INFO:root:-- EPOCH 24 (3.141 seconds):
INFO:root:COST >> 3.8596 +/- 0.3429, % updates: 47.944%
INFO:root:-- EPOCH 25 (3.162 seconds):
INFO:root:COST >> 3.851 +/- 0.3314, % updates: 47.969%
INFO:root:-- EPOCH 26 (3.193 seconds):
INFO:root:COST >> 3.8631 +/- 0.3632, % updates: 47.999%
INFO:root:-- EPOCH 27 (3.222 seconds):
INFO:root:COST >> 3.8632 +/- 0.3354, % updates: 48.055%
INFO:root:-- EPOCH 28 (3.229 seconds):
INFO:root:COST >> 3.864 +/- 0.3645, % updates: 47.944%
INFO:root:-- EPOCH 29 (3.206 seconds):
INFO:root:COST >> 3.8699 +/- 0.3585, % updates: 48.016%
INFO:root:-- EPOCH 30 (3.181 seconds):
INFO:root:COST >> 3.8439 +/- 0.3694, % updates: 47.927%
INFO:root:-- EPOCH 31 (3.209 seconds):
INFO:root:COST >> 3.8576 +/- 0.3487, % updates: 47.972%
INFO:root:-- EPOCH 32 (3.16 seconds):
INFO:root:COST >> 3.861 +/- 0.3586, % updates: 48.02%
INFO:root:-- EPOCH 33 (3.088 seconds):
INFO:root:COST >> 3.8652 +/- 0.3413, % updates: 48.089%
INFO:root:-- EPOCH 34 (3.233 seconds):
INFO:root:COST >> 3.8648 +/- 0.3404, % updates: 48.206%
INFO:root:-- EPOCH 35 (3.119 seconds):
INFO:root:COST >> 3.8767 +/- 0.3365, % updates: 48.076%
INFO:root:-- EPOCH 36 (3.147 seconds):
INFO:root:COST >> 3.8627 +/- 0.3525, % updates: 48.033%
INFO:root:-- EPOCH 37 (3.134 seconds):
INFO:root:COST >> 3.8724 +/- 0.343, % updates: 47.987%
INFO:root:-- EPOCH 38 (3.247 seconds):
INFO:root:COST >> 3.8694 +/- 0.3474, % updates: 48.146%
INFO:root:-- EPOCH 39 (3.266 seconds):
INFO:root:COST >> 3.8714 +/- 0.3337, % updates: 48.077%
INFO:root:-- EPOCH 40 (3.182 seconds):
INFO:root:COST >> 3.8732 +/- 0.3362, % updates: 48.115%
INFO:root:-- EPOCH 41 (3.282 seconds):
INFO:root:COST >> 3.8738 +/- 0.3392, % updates: 48.039%
INFO:root:-- EPOCH 42 (3.025 seconds):
INFO:root:COST >> 3.8751 +/- 0.3479, % updates: 48.192%
INFO:root:-- EPOCH 43 (2.706 seconds):
INFO:root:COST >> 3.8657 +/- 0.3296, % updates: 47.928%
INFO:root:-- EPOCH 44 (2.947 seconds):
INFO:root:COST >> 3.8429 +/- 0.3456, % updates: 47.97%
INFO:root:-- EPOCH 45 (3.245 seconds):
INFO:root:COST >> 3.8745 +/- 0.3403, % updates: 48.107%
INFO:root:-- EPOCH 46 (3.11 seconds):
INFO:root:COST >> 3.8793 +/- 0.3522, % updates: 48.129%
INFO:root:-- EPOCH 47 (3.229 seconds):
INFO:root:COST >> 3.8548 +/- 0.3501, % updates: 47.88%
INFO:root:-- EPOCH 48 (3.147 seconds):
INFO:root:COST >> 3.8845 +/- 0.3575, % updates: 48.1%
INFO:root:-- EPOCH 49 (3.203 seconds):
INFO:root:COST >> 3.8611 +/- 0.3578, % updates: 47.895%
INFO:root:-- EPOCH 50 (3.226 seconds):
INFO:root:COST >> 3.8646 +/- 0.35, % updates: 48.076%
