INFO:root:Shape for training set: (40961, 141442)
INFO:root:State: {'ndim': '50', 'test_all': 'None', 'test_path': 'None', 'nhid': '50', 'lremb': '0.001', 'seed': '0', 'simfn': 'L1', 'valid_path': 'None', 'nbatches': '10', 'lrparam': '0.001', 'decay': '0.999', 'show_hinton_diagrams': 'False', 'no_rescaling': 'True', 'Nrel': '18', 'ranking_score_right': 'False', 'Nent': '40961', 'Nsyn': '40943', 'method': 'MOMENTUM', 'loss_margin': '1.0', 'C': '1.0', 'epsilon': '1e-06', 'use_db': 'True', 'max_lr': 'None', 'l1_param_weight': 'None', 'filtered': 'False', 'name': 'wn_50/wn_MOMENTUM_160', 'totepochs': '50', 'l2_param_weight': 'None', 'train_path': 'data/wn/WN-train.pkl', 'op': 'TransE'}
INFO:root:Starting the Experiment ..
INFO:root:-- EPOCH 1 (3.155 seconds):
INFO:root:COST >> 2.0589 +/- 0.1034, % updates: 73.934%
INFO:root:-- EPOCH 2 (3.27 seconds):
INFO:root:COST >> 1.6055 +/- 0.0381, % updates: 57.785%
INFO:root:-- EPOCH 3 (3.16 seconds):
INFO:root:COST >> 1.4899 +/- 0.0459, % updates: 50.966%
INFO:root:-- EPOCH 4 (2.816 seconds):
INFO:root:COST >> 1.4941 +/- 0.0402, % updates: 47.652%
INFO:root:-- EPOCH 5 (2.737 seconds):
INFO:root:COST >> 1.4995 +/- 0.0422, % updates: 45.421%
INFO:root:-- EPOCH 6 (3.18 seconds):
INFO:root:COST >> 1.5018 +/- 0.03, % updates: 44.508%
INFO:root:-- EPOCH 7 (3.12 seconds):
INFO:root:COST >> 1.5073 +/- 0.0435, % updates: 44.299%
INFO:root:-- EPOCH 8 (3.112 seconds):
INFO:root:COST >> 1.4923 +/- 0.0382, % updates: 43.781%
INFO:root:-- EPOCH 9 (3.246 seconds):
INFO:root:COST >> 1.4992 +/- 0.0365, % updates: 43.921%
INFO:root:-- EPOCH 10 (3.198 seconds):
INFO:root:COST >> 1.5023 +/- 0.0324, % updates: 43.979%
INFO:root:-- EPOCH 11 (3.234 seconds):
INFO:root:COST >> 1.4933 +/- 0.0339, % updates: 43.777%
INFO:root:-- EPOCH 12 (3.181 seconds):
INFO:root:COST >> 1.4861 +/- 0.0406, % updates: 43.702%
INFO:root:-- EPOCH 13 (3.148 seconds):
INFO:root:COST >> 1.4949 +/- 0.0466, % updates: 43.544%
INFO:root:-- EPOCH 14 (3.227 seconds):
INFO:root:COST >> 1.4873 +/- 0.04, % updates: 43.452%
INFO:root:-- EPOCH 15 (3.16 seconds):
INFO:root:COST >> 1.4825 +/- 0.042, % updates: 43.318%
INFO:root:-- EPOCH 16 (3.191 seconds):
INFO:root:COST >> 1.4853 +/- 0.0375, % updates: 43.422%
INFO:root:-- EPOCH 17 (3.169 seconds):
INFO:root:COST >> 1.4976 +/- 0.0445, % updates: 43.504%
INFO:root:-- EPOCH 18 (3.246 seconds):
INFO:root:COST >> 1.4868 +/- 0.0445, % updates: 43.259%
INFO:root:-- EPOCH 19 (3.277 seconds):
INFO:root:COST >> 1.5005 +/- 0.0427, % updates: 43.383%
INFO:root:-- EPOCH 20 (3.168 seconds):
INFO:root:COST >> 1.4912 +/- 0.041, % updates: 43.353%
INFO:root:-- EPOCH 21 (3.143 seconds):
INFO:root:COST >> 1.4935 +/- 0.0404, % updates: 43.203%
INFO:root:-- EPOCH 22 (3.114 seconds):
INFO:root:COST >> 1.4946 +/- 0.0376, % updates: 43.207%
INFO:root:-- EPOCH 23 (3.207 seconds):
INFO:root:COST >> 1.4983 +/- 0.037, % updates: 43.15%
INFO:root:-- EPOCH 24 (3.154 seconds):
INFO:root:COST >> 1.4975 +/- 0.0361, % updates: 43.132%
INFO:root:-- EPOCH 25 (3.183 seconds):
INFO:root:COST >> 1.5071 +/- 0.0317, % updates: 43.116%
INFO:root:-- EPOCH 26 (3.173 seconds):
INFO:root:COST >> 1.5044 +/- 0.037, % updates: 43.084%
INFO:root:-- EPOCH 27 (3.266 seconds):
INFO:root:COST >> 1.5093 +/- 0.0423, % updates: 42.979%
INFO:root:-- EPOCH 28 (3.232 seconds):
INFO:root:COST >> 1.5139 +/- 0.0399, % updates: 43.017%
INFO:root:-- EPOCH 29 (3.24 seconds):
INFO:root:COST >> 1.5218 +/- 0.041, % updates: 43.105%
INFO:root:-- EPOCH 30 (3.143 seconds):
INFO:root:COST >> 1.5244 +/- 0.0402, % updates: 43.122%
INFO:root:-- EPOCH 31 (3.145 seconds):
INFO:root:COST >> 1.5212 +/- 0.0362, % updates: 43.122%
INFO:root:-- EPOCH 32 (3.141 seconds):
INFO:root:COST >> 1.5263 +/- 0.0461, % updates: 43.211%
INFO:root:-- EPOCH 33 (3.276 seconds):
INFO:root:COST >> 1.5317 +/- 0.0456, % updates: 43.247%
INFO:root:-- EPOCH 34 (3.268 seconds):
INFO:root:COST >> 1.5373 +/- 0.0453, % updates: 43.243%
INFO:root:-- EPOCH 35 (3.283 seconds):
INFO:root:COST >> 1.5386 +/- 0.0365, % updates: 43.045%
INFO:root:-- EPOCH 36 (3.126 seconds):
INFO:root:COST >> 1.5445 +/- 0.0301, % updates: 43.15%
INFO:root:-- EPOCH 37 (3.141 seconds):
INFO:root:COST >> 1.5414 +/- 0.0368, % updates: 42.935%
INFO:root:-- EPOCH 38 (3.142 seconds):
INFO:root:COST >> 1.5478 +/- 0.0351, % updates: 42.993%
INFO:root:-- EPOCH 39 (3.168 seconds):
INFO:root:COST >> 1.5514 +/- 0.0332, % updates: 42.997%
INFO:root:-- EPOCH 40 (3.111 seconds):
INFO:root:COST >> 1.5537 +/- 0.0334, % updates: 43.004%
INFO:root:-- EPOCH 41 (3.265 seconds):
INFO:root:COST >> 1.5551 +/- 0.0362, % updates: 42.755%
INFO:root:-- EPOCH 42 (3.265 seconds):
INFO:root:COST >> 1.56 +/- 0.0466, % updates: 42.735%
INFO:root:-- EPOCH 43 (3.115 seconds):
INFO:root:COST >> 1.5584 +/- 0.0335, % updates: 42.71%
INFO:root:-- EPOCH 44 (3.127 seconds):
INFO:root:COST >> 1.5647 +/- 0.0308, % updates: 42.843%
INFO:root:-- EPOCH 45 (3.202 seconds):
INFO:root:COST >> 1.5635 +/- 0.0345, % updates: 42.816%
INFO:root:-- EPOCH 46 (3.123 seconds):
INFO:root:COST >> 1.5656 +/- 0.0411, % updates: 42.541%
INFO:root:-- EPOCH 47 (3.121 seconds):
INFO:root:COST >> 1.5695 +/- 0.0361, % updates: 42.581%
INFO:root:-- EPOCH 48 (3.166 seconds):
INFO:root:COST >> 1.5729 +/- 0.0369, % updates: 42.492%
INFO:root:-- EPOCH 49 (3.234 seconds):
INFO:root:COST >> 1.5799 +/- 0.0384, % updates: 42.557%
INFO:root:-- EPOCH 50 (3.237 seconds):
INFO:root:COST >> 1.5795 +/- 0.0411, % updates: 42.492%
