INFO:root:Shape for training set: (40961, 141442)
INFO:root:State: {'ndim': '50', 'test_all': 'None', 'test_path': 'None', 'nhid': '50', 'lremb': '1e-05', 'seed': '4', 'simfn': 'L1', 'valid_path': 'None', 'nbatches': '10', 'lrparam': '1e-05', 'decay': '0.9999', 'show_hinton_diagrams': 'False', 'no_rescaling': 'True', 'Nrel': '18', 'ranking_score_right': 'False', 'Nent': '40961', 'Nsyn': '40943', 'method': 'MOMENTUM', 'loss_margin': '1.0', 'C': '1.0', 'epsilon': '1e-06', 'use_db': 'True', 'max_lr': 'None', 'l1_param_weight': 'None', 'filtered': 'False', 'name': 'wn_50/wn_MOMENTUM_54', 'totepochs': '50', 'l2_param_weight': 'None', 'train_path': 'data/wn/WN-train.pkl', 'op': 'TransE'}
INFO:root:Starting the Experiment ..
INFO:root:-- EPOCH 1 (3.112 seconds):
INFO:root:COST >> 2.2167 +/- 0.0114, % updates: 81.612%
INFO:root:-- EPOCH 2 (2.893 seconds):
INFO:root:COST >> 2.1417 +/- 0.0288, % updates: 81.022%
INFO:root:-- EPOCH 3 (3.275 seconds):
INFO:root:COST >> 2.0547 +/- 0.0243, % updates: 79.049%
INFO:root:-- EPOCH 4 (3.422 seconds):
INFO:root:COST >> 1.9695 +/- 0.0249, % updates: 76.337%
INFO:root:-- EPOCH 5 (3.45 seconds):
INFO:root:COST >> 1.8675 +/- 0.0346, % updates: 73.522%
INFO:root:-- EPOCH 6 (3.358 seconds):
INFO:root:COST >> 1.7655 +/- 0.0325, % updates: 71.285%
INFO:root:-- EPOCH 7 (3.434 seconds):
INFO:root:COST >> 1.6387 +/- 0.0362, % updates: 69.035%
INFO:root:-- EPOCH 8 (3.345 seconds):
INFO:root:COST >> 1.5132 +/- 0.0364, % updates: 66.187%
INFO:root:-- EPOCH 9 (3.335 seconds):
INFO:root:COST >> 1.382 +/- 0.0281, % updates: 62.675%
INFO:root:-- EPOCH 10 (3.333 seconds):
INFO:root:COST >> 1.2602 +/- 0.0375, % updates: 59.26%
INFO:root:-- EPOCH 11 (3.435 seconds):
INFO:root:COST >> 1.1368 +/- 0.0308, % updates: 56.133%
INFO:root:-- EPOCH 12 (3.445 seconds):
INFO:root:COST >> 1.0247 +/- 0.0293, % updates: 52.391%
INFO:root:-- EPOCH 13 (3.442 seconds):
INFO:root:COST >> 0.9168 +/- 0.0352, % updates: 48.783%
INFO:root:-- EPOCH 14 (3.42 seconds):
INFO:root:COST >> 0.8219 +/- 0.0191, % updates: 45.415%
INFO:root:-- EPOCH 15 (3.425 seconds):
INFO:root:COST >> 0.7446 +/- 0.0263, % updates: 42.073%
INFO:root:-- EPOCH 16 (3.43 seconds):
INFO:root:COST >> 0.677 +/- 0.016, % updates: 39.055%
INFO:root:-- EPOCH 17 (3.343 seconds):
INFO:root:COST >> 0.6175 +/- 0.0164, % updates: 36.292%
INFO:root:-- EPOCH 18 (3.385 seconds):
INFO:root:COST >> 0.5766 +/- 0.0146, % updates: 33.979%
INFO:root:-- EPOCH 19 (3.382 seconds):
INFO:root:COST >> 0.5345 +/- 0.0099, % updates: 31.655%
INFO:root:-- EPOCH 20 (3.398 seconds):
INFO:root:COST >> 0.5135 +/- 0.0108, % updates: 30.781%
INFO:root:-- EPOCH 21 (3.425 seconds):
INFO:root:COST >> 0.4862 +/- 0.0106, % updates: 29.044%
INFO:root:-- EPOCH 22 (3.33 seconds):
INFO:root:COST >> 0.4616 +/- 0.0062, % updates: 27.931%
INFO:root:-- EPOCH 23 (3.419 seconds):
INFO:root:COST >> 0.4561 +/- 0.0075, % updates: 27.396%
INFO:root:-- EPOCH 24 (3.398 seconds):
INFO:root:COST >> 0.4409 +/- 0.0084, % updates: 26.509%
INFO:root:-- EPOCH 25 (3.432 seconds):
INFO:root:COST >> 0.4298 +/- 0.0062, % updates: 25.923%
INFO:root:-- EPOCH 26 (3.336 seconds):
INFO:root:COST >> 0.4251 +/- 0.0034, % updates: 26.238%
INFO:root:-- EPOCH 27 (3.421 seconds):
INFO:root:COST >> 0.4205 +/- 0.0047, % updates: 25.865%
INFO:root:-- EPOCH 28 (3.39 seconds):
INFO:root:COST >> 0.4123 +/- 0.0043, % updates: 25.223%
INFO:root:-- EPOCH 29 (3.381 seconds):
INFO:root:COST >> 0.3974 +/- 0.0075, % updates: 24.792%
INFO:root:-- EPOCH 30 (3.394 seconds):
INFO:root:COST >> 0.3937 +/- 0.0049, % updates: 24.958%
INFO:root:-- EPOCH 31 (3.457 seconds):
INFO:root:COST >> 0.3882 +/- 0.0032, % updates: 24.459%
INFO:root:-- EPOCH 32 (3.327 seconds):
INFO:root:COST >> 0.378 +/- 0.0047, % updates: 24.283%
INFO:root:-- EPOCH 33 (3.388 seconds):
INFO:root:COST >> 0.3794 +/- 0.0078, % updates: 24.914%
INFO:root:-- EPOCH 34 (3.327 seconds):
INFO:root:COST >> 0.3606 +/- 0.0059, % updates: 24.033%
INFO:root:-- EPOCH 35 (3.359 seconds):
INFO:root:COST >> 0.3567 +/- 0.0042, % updates: 23.723%
INFO:root:-- EPOCH 36 (3.352 seconds):
INFO:root:COST >> 0.3502 +/- 0.0065, % updates: 23.699%
INFO:root:-- EPOCH 37 (3.412 seconds):
INFO:root:COST >> 0.3362 +/- 0.005, % updates: 23.207%
INFO:root:-- EPOCH 38 (3.347 seconds):
INFO:root:COST >> 0.335 +/- 0.0027, % updates: 23.309%
INFO:root:-- EPOCH 39 (3.384 seconds):
INFO:root:COST >> 0.3228 +/- 0.0051, % updates: 23.052%
INFO:root:-- EPOCH 40 (3.312 seconds):
INFO:root:COST >> 0.318 +/- 0.0047, % updates: 22.57%
INFO:root:-- EPOCH 41 (3.419 seconds):
INFO:root:COST >> 0.3136 +/- 0.0047, % updates: 22.135%
INFO:root:-- EPOCH 42 (3.392 seconds):
INFO:root:COST >> 0.2882 +/- 0.0084, % updates: 21.253%
INFO:root:-- EPOCH 43 (3.399 seconds):
INFO:root:COST >> 0.2848 +/- 0.0052, % updates: 21.39%
INFO:root:-- EPOCH 44 (3.392 seconds):
INFO:root:COST >> 0.2738 +/- 0.0032, % updates: 20.954%
INFO:root:-- EPOCH 45 (3.422 seconds):
INFO:root:COST >> 0.2642 +/- 0.0068, % updates: 20.363%
INFO:root:-- EPOCH 46 (3.352 seconds):
INFO:root:COST >> 0.2501 +/- 0.0024, % updates: 19.676%
INFO:root:-- EPOCH 47 (3.425 seconds):
INFO:root:COST >> 0.2448 +/- 0.0052, % updates: 19.326%
INFO:root:-- EPOCH 48 (3.327 seconds):
INFO:root:COST >> 0.226 +/- 0.006, % updates: 18.423%
INFO:root:-- EPOCH 49 (3.286 seconds):
INFO:root:COST >> 0.2351 +/- 0.0037, % updates: 18.927%
INFO:root:-- EPOCH 50 (3.328 seconds):
INFO:root:COST >> 0.2103 +/- 0.0065, % updates: 17.413%
