INFO:root:Shape for training set: (40961, 141442)
INFO:root:State: {'ndim': '50', 'test_all': 'None', 'test_path': 'None', 'nhid': '50', 'lremb': '10.0', 'seed': '4', 'simfn': 'L1', 'valid_path': 'None', 'nbatches': '10', 'lrparam': '10.0', 'decay': '0.999', 'show_hinton_diagrams': 'False', 'no_rescaling': 'True', 'Nrel': '18', 'ranking_score_right': 'False', 'Nent': '40961', 'Nsyn': '40943', 'method': 'MOMENTUM', 'loss_margin': '1.0', 'C': '1.0', 'epsilon': '1e-06', 'use_db': 'True', 'max_lr': 'None', 'l1_param_weight': 'None', 'filtered': 'False', 'name': 'wn_50/wn_MOMENTUM_364', 'totepochs': '50', 'l2_param_weight': 'None', 'train_path': 'data/wn/WN-train.pkl', 'op': 'TransE'}
INFO:root:Starting the Experiment ..
INFO:root:-- EPOCH 1 (3.099 seconds):
INFO:root:COST >> 3.3487 +/- 0.5016, % updates: 62.097%
INFO:root:-- EPOCH 2 (3.209 seconds):
INFO:root:COST >> 3.0493 +/- 0.2411, % updates: 47.857%
INFO:root:-- EPOCH 3 (3.119 seconds):
INFO:root:COST >> 2.8887 +/- 0.2381, % updates: 45.842%
INFO:root:-- EPOCH 4 (3.213 seconds):
INFO:root:COST >> 2.7902 +/- 0.2505, % updates: 44.849%
INFO:root:-- EPOCH 5 (3.218 seconds):
INFO:root:COST >> 2.7324 +/- 0.2457, % updates: 44.311%
INFO:root:-- EPOCH 6 (3.158 seconds):
INFO:root:COST >> 2.6842 +/- 0.2449, % updates: 44.007%
INFO:root:-- EPOCH 7 (3.225 seconds):
INFO:root:COST >> 2.6496 +/- 0.23, % updates: 43.7%
INFO:root:-- EPOCH 8 (2.638 seconds):
INFO:root:COST >> 2.6245 +/- 0.2325, % updates: 43.608%
INFO:root:-- EPOCH 9 (2.991 seconds):
INFO:root:COST >> 2.615 +/- 0.241, % updates: 43.386%
INFO:root:-- EPOCH 10 (3.103 seconds):
INFO:root:COST >> 2.5887 +/- 0.2327, % updates: 43.394%
INFO:root:-- EPOCH 11 (3.121 seconds):
INFO:root:COST >> 2.5788 +/- 0.2317, % updates: 43.159%
INFO:root:-- EPOCH 12 (3.201 seconds):
INFO:root:COST >> 2.5598 +/- 0.249, % updates: 43.09%
INFO:root:-- EPOCH 13 (3.13 seconds):
INFO:root:COST >> 2.5511 +/- 0.2353, % updates: 43.101%
INFO:root:-- EPOCH 14 (3.189 seconds):
INFO:root:COST >> 2.5449 +/- 0.2341, % updates: 43.025%
INFO:root:-- EPOCH 15 (3.163 seconds):
INFO:root:COST >> 2.5314 +/- 0.2372, % updates: 42.964%
INFO:root:-- EPOCH 16 (3.249 seconds):
INFO:root:COST >> 2.5241 +/- 0.2263, % updates: 42.898%
INFO:root:-- EPOCH 17 (3.156 seconds):
INFO:root:COST >> 2.5201 +/- 0.2342, % updates: 42.943%
INFO:root:-- EPOCH 18 (3.211 seconds):
INFO:root:COST >> 2.5214 +/- 0.2186, % updates: 43.048%
INFO:root:-- EPOCH 19 (3.213 seconds):
INFO:root:COST >> 2.51 +/- 0.2156, % updates: 42.874%
INFO:root:-- EPOCH 20 (3.204 seconds):
INFO:root:COST >> 2.4981 +/- 0.2297, % updates: 42.742%
INFO:root:-- EPOCH 21 (3.198 seconds):
INFO:root:COST >> 2.4996 +/- 0.2277, % updates: 42.806%
INFO:root:-- EPOCH 22 (3.145 seconds):
INFO:root:COST >> 2.4886 +/- 0.2345, % updates: 42.621%
INFO:root:-- EPOCH 23 (3.098 seconds):
INFO:root:COST >> 2.4861 +/- 0.219, % updates: 42.639%
INFO:root:-- EPOCH 24 (3.076 seconds):
INFO:root:COST >> 2.4784 +/- 0.2239, % updates: 42.75%
INFO:root:-- EPOCH 25 (3.124 seconds):
INFO:root:COST >> 2.4837 +/- 0.2232, % updates: 42.681%
INFO:root:-- EPOCH 26 (3.168 seconds):
INFO:root:COST >> 2.4811 +/- 0.2349, % updates: 42.625%
INFO:root:-- EPOCH 27 (3.153 seconds):
INFO:root:COST >> 2.4798 +/- 0.2229, % updates: 42.621%
INFO:root:-- EPOCH 28 (3.175 seconds):
INFO:root:COST >> 2.4791 +/- 0.2359, % updates: 42.639%
INFO:root:-- EPOCH 29 (3.252 seconds):
INFO:root:COST >> 2.4821 +/- 0.2196, % updates: 42.68%
INFO:root:-- EPOCH 30 (3.126 seconds):
INFO:root:COST >> 2.4799 +/- 0.2198, % updates: 42.563%
INFO:root:-- EPOCH 31 (3.089 seconds):
INFO:root:COST >> 2.4857 +/- 0.2346, % updates: 42.776%
INFO:root:-- EPOCH 32 (3.116 seconds):
INFO:root:COST >> 2.4794 +/- 0.2058, % updates: 42.72%
INFO:root:-- EPOCH 33 (3.112 seconds):
INFO:root:COST >> 2.4671 +/- 0.2255, % updates: 42.568%
INFO:root:-- EPOCH 34 (3.222 seconds):
INFO:root:COST >> 2.4638 +/- 0.2204, % updates: 42.539%
INFO:root:-- EPOCH 35 (3.145 seconds):
INFO:root:COST >> 2.4726 +/- 0.2259, % updates: 42.604%
INFO:root:-- EPOCH 36 (3.253 seconds):
INFO:root:COST >> 2.4699 +/- 0.2258, % updates: 42.481%
INFO:root:-- EPOCH 37 (3.249 seconds):
INFO:root:COST >> 2.4671 +/- 0.2276, % updates: 42.613%
INFO:root:-- EPOCH 38 (3.132 seconds):
INFO:root:COST >> 2.4602 +/- 0.2258, % updates: 42.578%
INFO:root:-- EPOCH 39 (3.281 seconds):
INFO:root:COST >> 2.4691 +/- 0.2385, % updates: 42.507%
INFO:root:-- EPOCH 40 (3.228 seconds):
INFO:root:COST >> 2.458 +/- 0.2188, % updates: 42.514%
INFO:root:-- EPOCH 41 (3.11 seconds):
INFO:root:COST >> 2.4636 +/- 0.2163, % updates: 42.436%
INFO:root:-- EPOCH 42 (3.185 seconds):
INFO:root:COST >> 2.4678 +/- 0.2207, % updates: 42.527%
INFO:root:-- EPOCH 43 (3.216 seconds):
INFO:root:COST >> 2.4548 +/- 0.219, % updates: 42.476%
INFO:root:-- EPOCH 44 (3.185 seconds):
INFO:root:COST >> 2.4595 +/- 0.2184, % updates: 42.517%
INFO:root:-- EPOCH 45 (3.145 seconds):
INFO:root:COST >> 2.4737 +/- 0.2162, % updates: 42.668%
INFO:root:-- EPOCH 46 (3.146 seconds):
INFO:root:COST >> 2.4594 +/- 0.2267, % updates: 42.481%
INFO:root:-- EPOCH 47 (3.213 seconds):
INFO:root:COST >> 2.4674 +/- 0.2083, % updates: 42.614%
INFO:root:-- EPOCH 48 (3.126 seconds):
INFO:root:COST >> 2.4503 +/- 0.2211, % updates: 42.409%
INFO:root:-- EPOCH 49 (3.137 seconds):
INFO:root:COST >> 2.455 +/- 0.2194, % updates: 42.397%
INFO:root:-- EPOCH 50 (3.202 seconds):
INFO:root:COST >> 2.4531 +/- 0.2236, % updates: 42.466%
