INFO:root:Shape for training set: (16296, 483142)
INFO:root:State: {'ndim': '50', 'test_all': 'None', 'test_path': 'None', 'nhid': '50', 'lremb': '1.0', 'seed': '1', 'simfn': 'L1', 'valid_path': 'None', 'nbatches': '10', 'lrparam': '1.0', 'decay': '0.5', 'show_hinton_diagrams': 'False', 'no_rescaling': 'True', 'Nrel': '1345', 'ranking_score_right': 'False', 'Nent': '16296', 'Nsyn': '14951', 'method': 'MOMENTUM', 'loss_margin': '1.0', 'C': '1.0', 'epsilon': '1e-06', 'use_db': 'True', 'max_lr': 'None', 'l1_param_weight': 'None', 'filtered': 'False', 'name': 'fb15k_50/fb15k_MOMENTUM_341', 'totepochs': '50', 'l2_param_weight': 'None', 'train_path': 'data/fb15k/FB15k-train.pkl', 'op': 'TransE'}
INFO:root:Starting the Experiment ..
INFO:root:-- EPOCH 1 (5.875 seconds):
INFO:root:COST >> 1.6601 +/- 0.6275, % updates: 49.456%
INFO:root:-- EPOCH 2 (5.902 seconds):
INFO:root:COST >> 1.3621 +/- 0.0406, % updates: 41.042%
INFO:root:-- EPOCH 3 (5.835 seconds):
INFO:root:COST >> 1.3602 +/- 0.0397, % updates: 41.074%
INFO:root:-- EPOCH 4 (5.908 seconds):
INFO:root:COST >> 1.3623 +/- 0.0409, % updates: 41.124%
INFO:root:-- EPOCH 5 (5.865 seconds):
INFO:root:COST >> 1.365 +/- 0.0393, % updates: 41.117%
INFO:root:-- EPOCH 6 (5.857 seconds):
INFO:root:COST >> 1.3655 +/- 0.0414, % updates: 41.151%
INFO:root:-- EPOCH 7 (5.913 seconds):
INFO:root:COST >> 1.3637 +/- 0.0374, % updates: 41.174%
INFO:root:-- EPOCH 8 (5.869 seconds):
INFO:root:COST >> 1.3688 +/- 0.0368, % updates: 41.209%
INFO:root:-- EPOCH 9 (5.855 seconds):
INFO:root:COST >> 1.3679 +/- 0.0355, % updates: 41.159%
INFO:root:-- EPOCH 10 (5.905 seconds):
INFO:root:COST >> 1.362 +/- 0.0336, % updates: 41.056%
INFO:root:-- EPOCH 11 (5.862 seconds):
INFO:root:COST >> 1.3639 +/- 0.0355, % updates: 41.135%
INFO:root:-- EPOCH 12 (5.818 seconds):
INFO:root:COST >> 1.3677 +/- 0.0342, % updates: 41.121%
INFO:root:-- EPOCH 13 (5.875 seconds):
INFO:root:COST >> 1.368 +/- 0.0362, % updates: 41.195%
INFO:root:-- EPOCH 14 (5.908 seconds):
INFO:root:COST >> 1.3675 +/- 0.0375, % updates: 41.125%
INFO:root:-- EPOCH 15 (5.891 seconds):
INFO:root:COST >> 1.3603 +/- 0.0398, % updates: 41.024%
INFO:root:-- EPOCH 16 (5.914 seconds):
INFO:root:COST >> 1.3676 +/- 0.037, % updates: 41.201%
INFO:root:-- EPOCH 17 (5.885 seconds):
INFO:root:COST >> 1.3657 +/- 0.038, % updates: 41.126%
INFO:root:-- EPOCH 18 (6.015 seconds):
INFO:root:COST >> 1.3664 +/- 0.0381, % updates: 41.205%
INFO:root:-- EPOCH 19 (6.187 seconds):
INFO:root:COST >> 1.3626 +/- 0.0383, % updates: 41.108%
INFO:root:-- EPOCH 20 (6.265 seconds):
INFO:root:COST >> 1.3661 +/- 0.0403, % updates: 41.133%
INFO:root:-- EPOCH 21 (6.307 seconds):
INFO:root:COST >> 1.3615 +/- 0.0438, % updates: 41.077%
INFO:root:-- EPOCH 22 (6.242 seconds):
INFO:root:COST >> 1.3627 +/- 0.0347, % updates: 41.156%
INFO:root:-- EPOCH 23 (6.938 seconds):
INFO:root:COST >> 1.3634 +/- 0.0414, % updates: 41.062%
INFO:root:-- EPOCH 24 (6.357 seconds):
INFO:root:COST >> 1.3637 +/- 0.0354, % updates: 41.099%
INFO:root:-- EPOCH 25 (6.286 seconds):
INFO:root:COST >> 1.3649 +/- 0.0409, % updates: 41.103%
INFO:root:-- EPOCH 26 (5.941 seconds):
INFO:root:COST >> 1.36 +/- 0.0333, % updates: 41.017%
INFO:root:-- EPOCH 27 (6.392 seconds):
INFO:root:COST >> 1.3613 +/- 0.0378, % updates: 41.071%
INFO:root:-- EPOCH 28 (5.982 seconds):
INFO:root:COST >> 1.3625 +/- 0.035, % updates: 41.101%
INFO:root:-- EPOCH 29 (5.912 seconds):
INFO:root:COST >> 1.3641 +/- 0.0357, % updates: 41.146%
INFO:root:-- EPOCH 30 (5.928 seconds):
INFO:root:COST >> 1.3632 +/- 0.0383, % updates: 41.147%
INFO:root:-- EPOCH 31 (5.908 seconds):
INFO:root:COST >> 1.3621 +/- 0.0366, % updates: 41.132%
INFO:root:-- EPOCH 32 (6.156 seconds):
INFO:root:COST >> 1.3607 +/- 0.0353, % updates: 41.009%
INFO:root:-- EPOCH 33 (7.58 seconds):
INFO:root:COST >> 1.3658 +/- 0.0344, % updates: 41.128%
INFO:root:-- EPOCH 34 (7.688 seconds):
INFO:root:COST >> 1.3626 +/- 0.037, % updates: 41.164%
INFO:root:-- EPOCH 35 (6.371 seconds):
INFO:root:COST >> 1.362 +/- 0.0382, % updates: 41.111%
INFO:root:-- EPOCH 36 (6.221 seconds):
INFO:root:COST >> 1.3626 +/- 0.0369, % updates: 41.084%
INFO:root:-- EPOCH 37 (6.869 seconds):
INFO:root:COST >> 1.3584 +/- 0.0373, % updates: 41.041%
INFO:root:-- EPOCH 38 (6.306 seconds):
INFO:root:COST >> 1.3649 +/- 0.0365, % updates: 41.119%
INFO:root:-- EPOCH 39 (5.898 seconds):
INFO:root:COST >> 1.3599 +/- 0.0361, % updates: 41.075%
INFO:root:-- EPOCH 40 (5.861 seconds):
INFO:root:COST >> 1.3639 +/- 0.0343, % updates: 41.041%
INFO:root:-- EPOCH 41 (5.135 seconds):
INFO:root:COST >> 1.3679 +/- 0.0297, % updates: 41.125%
INFO:root:-- EPOCH 42 (5.891 seconds):
INFO:root:COST >> 1.3638 +/- 0.0375, % updates: 41.082%
INFO:root:-- EPOCH 43 (6.181 seconds):
INFO:root:COST >> 1.3649 +/- 0.0383, % updates: 41.065%
INFO:root:-- EPOCH 44 (6.048 seconds):
INFO:root:COST >> 1.3668 +/- 0.0395, % updates: 41.155%
INFO:root:-- EPOCH 45 (6.935 seconds):
INFO:root:COST >> 1.3648 +/- 0.0348, % updates: 41.214%
INFO:root:-- EPOCH 46 (14.243 seconds):
INFO:root:COST >> 1.3615 +/- 0.0374, % updates: 41.083%
INFO:root:-- EPOCH 47 (6.309 seconds):
INFO:root:COST >> 1.3653 +/- 0.032, % updates: 41.108%
INFO:root:-- EPOCH 48 (6.671 seconds):
INFO:root:COST >> 1.3604 +/- 0.0364, % updates: 41.042%
INFO:root:-- EPOCH 49 (6.843 seconds):
INFO:root:COST >> 1.3653 +/- 0.0384, % updates: 41.134%
INFO:root:-- EPOCH 50 (5.955 seconds):
INFO:root:COST >> 1.3665 +/- 0.0372, % updates: 41.136%
