INFO:root:Shape for training set: (16296, 483142)
INFO:root:State: {'ndim': '50', 'test_all': 'None', 'test_path': 'None', 'nhid': '50', 'lremb': '10.0', 'seed': '5', 'simfn': 'L1', 'valid_path': 'None', 'nbatches': '10', 'lrparam': '10.0', 'decay': '0.99', 'show_hinton_diagrams': 'False', 'no_rescaling': 'True', 'Nrel': '1345', 'ranking_score_right': 'False', 'Nent': '16296', 'Nsyn': '14951', 'method': 'MOMENTUM', 'loss_margin': '1.0', 'C': '1.0', 'epsilon': '1e-06', 'use_db': 'True', 'max_lr': 'None', 'l1_param_weight': 'None', 'filtered': 'False', 'name': 'fb15k_50/fb15k_MOMENTUM_375', 'totepochs': '50', 'l2_param_weight': 'None', 'train_path': 'data/fb15k/FB15k-train.pkl', 'op': 'TransE'}
INFO:root:Starting the Experiment ..
INFO:root:-- EPOCH 1 (5.895 seconds):
INFO:root:COST >> 1.4741 +/- 0.7632, % updates: 47.364%
INFO:root:-- EPOCH 2 (5.856 seconds):
INFO:root:COST >> 0.7815 +/- 0.0179, % updates: 30.01%
INFO:root:-- EPOCH 3 (5.875 seconds):
INFO:root:COST >> 0.6931 +/- 0.0258, % updates: 28.038%
INFO:root:-- EPOCH 4 (5.872 seconds):
INFO:root:COST >> 0.655 +/- 0.0281, % updates: 27.13%
INFO:root:-- EPOCH 5 (5.84 seconds):
INFO:root:COST >> 0.632 +/- 0.0285, % updates: 26.675%
INFO:root:-- EPOCH 6 (5.889 seconds):
INFO:root:COST >> 0.6164 +/- 0.0286, % updates: 26.423%
INFO:root:-- EPOCH 7 (5.9 seconds):
INFO:root:COST >> 0.6044 +/- 0.0296, % updates: 26.187%
INFO:root:-- EPOCH 8 (5.875 seconds):
INFO:root:COST >> 0.5989 +/- 0.0286, % updates: 26.039%
INFO:root:-- EPOCH 9 (5.881 seconds):
INFO:root:COST >> 0.595 +/- 0.0258, % updates: 26.05%
INFO:root:-- EPOCH 10 (5.882 seconds):
INFO:root:COST >> 0.592 +/- 0.0254, % updates: 25.979%
INFO:root:-- EPOCH 11 (5.872 seconds):
INFO:root:COST >> 0.5857 +/- 0.0241, % updates: 25.917%
INFO:root:-- EPOCH 12 (5.869 seconds):
INFO:root:COST >> 0.5819 +/- 0.0254, % updates: 25.838%
INFO:root:-- EPOCH 13 (5.863 seconds):
INFO:root:COST >> 0.5803 +/- 0.0261, % updates: 25.792%
INFO:root:-- EPOCH 14 (5.825 seconds):
INFO:root:COST >> 0.5794 +/- 0.027, % updates: 25.797%
INFO:root:-- EPOCH 15 (5.85 seconds):
INFO:root:COST >> 0.5797 +/- 0.0251, % updates: 25.767%
INFO:root:-- EPOCH 16 (5.886 seconds):
INFO:root:COST >> 0.5769 +/- 0.0255, % updates: 25.782%
INFO:root:-- EPOCH 17 (5.804 seconds):
INFO:root:COST >> 0.5771 +/- 0.025, % updates: 25.822%
INFO:root:-- EPOCH 18 (5.833 seconds):
INFO:root:COST >> 0.5771 +/- 0.0258, % updates: 25.734%
INFO:root:-- EPOCH 19 (5.775 seconds):
INFO:root:COST >> 0.5734 +/- 0.022, % updates: 25.734%
INFO:root:-- EPOCH 20 (5.891 seconds):
INFO:root:COST >> 0.5752 +/- 0.0239, % updates: 25.756%
INFO:root:-- EPOCH 21 (5.828 seconds):
INFO:root:COST >> 0.5733 +/- 0.0271, % updates: 25.713%
INFO:root:-- EPOCH 22 (5.839 seconds):
INFO:root:COST >> 0.5734 +/- 0.0276, % updates: 25.711%
INFO:root:-- EPOCH 23 (5.846 seconds):
INFO:root:COST >> 0.5718 +/- 0.0259, % updates: 25.593%
INFO:root:-- EPOCH 24 (5.933 seconds):
INFO:root:COST >> 0.5733 +/- 0.0264, % updates: 25.719%
INFO:root:-- EPOCH 25 (5.877 seconds):
INFO:root:COST >> 0.5752 +/- 0.022, % updates: 25.8%
INFO:root:-- EPOCH 26 (5.956 seconds):
INFO:root:COST >> 0.5747 +/- 0.0274, % updates: 25.785%
INFO:root:-- EPOCH 27 (5.905 seconds):
INFO:root:COST >> 0.5734 +/- 0.026, % updates: 25.707%
INFO:root:-- EPOCH 28 (5.909 seconds):
INFO:root:COST >> 0.572 +/- 0.0258, % updates: 25.692%
INFO:root:-- EPOCH 29 (5.9 seconds):
INFO:root:COST >> 0.5716 +/- 0.0275, % updates: 25.71%
INFO:root:-- EPOCH 30 (5.804 seconds):
INFO:root:COST >> 0.5706 +/- 0.0276, % updates: 25.694%
INFO:root:-- EPOCH 31 (5.982 seconds):
INFO:root:COST >> 0.573 +/- 0.0256, % updates: 25.718%
INFO:root:-- EPOCH 32 (5.911 seconds):
INFO:root:COST >> 0.5747 +/- 0.0235, % updates: 25.712%
INFO:root:-- EPOCH 33 (5.879 seconds):
INFO:root:COST >> 0.5704 +/- 0.0245, % updates: 25.659%
INFO:root:-- EPOCH 34 (5.901 seconds):
INFO:root:COST >> 0.5714 +/- 0.0249, % updates: 25.693%
INFO:root:-- EPOCH 35 (5.827 seconds):
INFO:root:COST >> 0.5715 +/- 0.025, % updates: 25.632%
INFO:root:-- EPOCH 36 (5.893 seconds):
INFO:root:COST >> 0.5727 +/- 0.0278, % updates: 25.718%
INFO:root:-- EPOCH 37 (5.928 seconds):
INFO:root:COST >> 0.5718 +/- 0.0236, % updates: 25.779%
INFO:root:-- EPOCH 38 (5.901 seconds):
INFO:root:COST >> 0.5705 +/- 0.0229, % updates: 25.724%
INFO:root:-- EPOCH 39 (5.881 seconds):
INFO:root:COST >> 0.5722 +/- 0.0245, % updates: 25.756%
INFO:root:-- EPOCH 40 (5.894 seconds):
INFO:root:COST >> 0.5728 +/- 0.0269, % updates: 25.737%
INFO:root:-- EPOCH 41 (5.912 seconds):
INFO:root:COST >> 0.5715 +/- 0.0263, % updates: 25.699%
INFO:root:-- EPOCH 42 (5.874 seconds):
INFO:root:COST >> 0.5711 +/- 0.0239, % updates: 25.699%
INFO:root:-- EPOCH 43 (5.869 seconds):
INFO:root:COST >> 0.5695 +/- 0.0259, % updates: 25.646%
INFO:root:-- EPOCH 44 (5.891 seconds):
INFO:root:COST >> 0.571 +/- 0.0281, % updates: 25.711%
INFO:root:-- EPOCH 45 (5.895 seconds):
INFO:root:COST >> 0.5718 +/- 0.0241, % updates: 25.693%
INFO:root:-- EPOCH 46 (5.814 seconds):
INFO:root:COST >> 0.5714 +/- 0.0258, % updates: 25.679%
INFO:root:-- EPOCH 47 (5.836 seconds):
INFO:root:COST >> 0.5716 +/- 0.0254, % updates: 25.703%
INFO:root:-- EPOCH 48 (5.887 seconds):
INFO:root:COST >> 0.5712 +/- 0.0245, % updates: 25.706%
INFO:root:-- EPOCH 49 (5.63 seconds):
INFO:root:COST >> 0.5708 +/- 0.0288, % updates: 25.65%
INFO:root:-- EPOCH 50 (5.411 seconds):
INFO:root:COST >> 0.5709 +/- 0.0233, % updates: 25.749%
