INFO:root:Shape for training set: (16296, 483142)
INFO:root:State: {'ndim': '50', 'test_all': 'None', 'test_path': 'None', 'nhid': '50', 'lremb': '0.01', 'seed': '7', 'simfn': 'L1', 'valid_path': 'None', 'nbatches': '10', 'lrparam': '0.01', 'decay': '0.999', 'show_hinton_diagrams': 'False', 'no_rescaling': 'True', 'Nrel': '1345', 'ranking_score_right': 'False', 'Nent': '16296', 'Nsyn': '14951', 'method': 'MOMENTUM', 'loss_margin': '1.0', 'C': '1.0', 'epsilon': '1e-06', 'use_db': 'True', 'max_lr': 'None', 'l1_param_weight': 'None', 'filtered': 'False', 'name': 'fb15k_50/fb15k_MOMENTUM_217', 'totepochs': '50', 'l2_param_weight': 'None', 'train_path': 'data/fb15k/FB15k-train.pkl', 'op': 'TransE'}
INFO:root:Starting the Experiment ..
INFO:root:-- EPOCH 1 (5.708 seconds):
INFO:root:COST >> 1.3165 +/- 0.6153, % updates: 47.718%
INFO:root:-- EPOCH 2 (5.64 seconds):
INFO:root:COST >> 0.5828 +/- 0.0111, % updates: 23.996%
INFO:root:-- EPOCH 3 (5.644 seconds):
INFO:root:COST >> 0.495 +/- 0.0104, % updates: 21.061%
INFO:root:-- EPOCH 4 (5.642 seconds):
INFO:root:COST >> 0.4624 +/- 0.015, % updates: 19.956%
INFO:root:-- EPOCH 5 (5.672 seconds):
INFO:root:COST >> 0.4457 +/- 0.0193, % updates: 19.399%
INFO:root:-- EPOCH 6 (5.758 seconds):
INFO:root:COST >> 0.4396 +/- 0.0157, % updates: 19.167%
INFO:root:-- EPOCH 7 (5.633 seconds):
INFO:root:COST >> 0.431 +/- 0.014, % updates: 18.934%
INFO:root:-- EPOCH 8 (5.594 seconds):
INFO:root:COST >> 0.4263 +/- 0.0135, % updates: 18.785%
INFO:root:-- EPOCH 9 (5.573 seconds):
INFO:root:COST >> 0.4209 +/- 0.0158, % updates: 18.564%
INFO:root:-- EPOCH 10 (5.949 seconds):
INFO:root:COST >> 0.4144 +/- 0.0137, % updates: 18.445%
INFO:root:-- EPOCH 11 (5.602 seconds):
INFO:root:COST >> 0.4114 +/- 0.0129, % updates: 18.299%
INFO:root:-- EPOCH 12 (5.638 seconds):
INFO:root:COST >> 0.4099 +/- 0.013, % updates: 18.247%
INFO:root:-- EPOCH 13 (6.623 seconds):
INFO:root:COST >> 0.4074 +/- 0.0129, % updates: 18.213%
INFO:root:-- EPOCH 14 (6.161 seconds):
INFO:root:COST >> 0.4042 +/- 0.0129, % updates: 18.115%
INFO:root:-- EPOCH 15 (5.578 seconds):
INFO:root:COST >> 0.403 +/- 0.0104, % updates: 18.089%
INFO:root:-- EPOCH 16 (5.551 seconds):
INFO:root:COST >> 0.3995 +/- 0.0119, % updates: 18.006%
INFO:root:-- EPOCH 17 (5.551 seconds):
INFO:root:COST >> 0.3987 +/- 0.0124, % updates: 17.943%
INFO:root:-- EPOCH 18 (5.528 seconds):
INFO:root:COST >> 0.3984 +/- 0.0142, % updates: 17.973%
INFO:root:-- EPOCH 19 (5.626 seconds):
INFO:root:COST >> 0.3965 +/- 0.0112, % updates: 17.938%
INFO:root:-- EPOCH 20 (5.574 seconds):
INFO:root:COST >> 0.3955 +/- 0.0099, % updates: 17.885%
INFO:root:-- EPOCH 21 (5.591 seconds):
INFO:root:COST >> 0.3932 +/- 0.0123, % updates: 17.882%
INFO:root:-- EPOCH 22 (5.667 seconds):
INFO:root:COST >> 0.3926 +/- 0.0116, % updates: 17.843%
INFO:root:-- EPOCH 23 (5.563 seconds):
INFO:root:COST >> 0.3922 +/- 0.0125, % updates: 17.832%
INFO:root:-- EPOCH 24 (5.601 seconds):
INFO:root:COST >> 0.39 +/- 0.0139, % updates: 17.784%
INFO:root:-- EPOCH 25 (5.598 seconds):
INFO:root:COST >> 0.3909 +/- 0.0089, % updates: 17.808%
INFO:root:-- EPOCH 26 (5.563 seconds):
INFO:root:COST >> 0.3885 +/- 0.0114, % updates: 17.76%
INFO:root:-- EPOCH 27 (5.546 seconds):
INFO:root:COST >> 0.3875 +/- 0.0106, % updates: 17.73%
INFO:root:-- EPOCH 28 (5.585 seconds):
INFO:root:COST >> 0.3871 +/- 0.0118, % updates: 17.747%
INFO:root:-- EPOCH 29 (5.515 seconds):
INFO:root:COST >> 0.3897 +/- 0.0108, % updates: 17.801%
INFO:root:-- EPOCH 30 (5.624 seconds):
INFO:root:COST >> 0.386 +/- 0.0105, % updates: 17.732%
INFO:root:-- EPOCH 31 (5.561 seconds):
INFO:root:COST >> 0.3857 +/- 0.0121, % updates: 17.739%
INFO:root:-- EPOCH 32 (5.602 seconds):
INFO:root:COST >> 0.387 +/- 0.0104, % updates: 17.722%
INFO:root:-- EPOCH 33 (5.552 seconds):
INFO:root:COST >> 0.3855 +/- 0.0118, % updates: 17.726%
INFO:root:-- EPOCH 34 (5.603 seconds):
INFO:root:COST >> 0.3832 +/- 0.0116, % updates: 17.683%
INFO:root:-- EPOCH 35 (5.542 seconds):
INFO:root:COST >> 0.3848 +/- 0.009, % updates: 17.75%
INFO:root:-- EPOCH 36 (5.596 seconds):
INFO:root:COST >> 0.3834 +/- 0.0133, % updates: 17.676%
INFO:root:-- EPOCH 37 (5.653 seconds):
INFO:root:COST >> 0.382 +/- 0.0092, % updates: 17.681%
INFO:root:-- EPOCH 38 (5.624 seconds):
INFO:root:COST >> 0.3817 +/- 0.0135, % updates: 17.633%
INFO:root:-- EPOCH 39 (6.112 seconds):
INFO:root:COST >> 0.383 +/- 0.0113, % updates: 17.665%
INFO:root:-- EPOCH 40 (5.589 seconds):
INFO:root:COST >> 0.3828 +/- 0.0103, % updates: 17.644%
INFO:root:-- EPOCH 41 (5.626 seconds):
INFO:root:COST >> 0.3808 +/- 0.0128, % updates: 17.602%
INFO:root:-- EPOCH 42 (5.604 seconds):
INFO:root:COST >> 0.3818 +/- 0.0102, % updates: 17.658%
INFO:root:-- EPOCH 43 (5.621 seconds):
INFO:root:COST >> 0.381 +/- 0.0102, % updates: 17.602%
INFO:root:-- EPOCH 44 (5.595 seconds):
INFO:root:COST >> 0.3801 +/- 0.0129, % updates: 17.605%
INFO:root:-- EPOCH 45 (5.571 seconds):
INFO:root:COST >> 0.378 +/- 0.0091, % updates: 17.569%
INFO:root:-- EPOCH 46 (5.565 seconds):
INFO:root:COST >> 0.3798 +/- 0.0115, % updates: 17.663%
INFO:root:-- EPOCH 47 (5.58 seconds):
INFO:root:COST >> 0.3798 +/- 0.0094, % updates: 17.562%
INFO:root:-- EPOCH 48 (5.038 seconds):
INFO:root:COST >> 0.3789 +/- 0.0098, % updates: 17.579%
INFO:root:-- EPOCH 49 (5.608 seconds):
INFO:root:COST >> 0.3781 +/- 0.011, % updates: 17.615%
INFO:root:-- EPOCH 50 (5.625 seconds):
INFO:root:COST >> 0.3763 +/- 0.0129, % updates: 17.551%
