INFO:root:Shape for training set: (16296, 483142)
INFO:root:State: {'ndim': '50', 'test_all': 'None', 'test_path': 'None', 'nhid': '50', 'lremb': '1.0', 'seed': '4', 'simfn': 'L1', 'valid_path': 'None', 'nbatches': '10', 'lrparam': '1.0', 'decay': '0.9', 'show_hinton_diagrams': 'False', 'no_rescaling': 'True', 'Nrel': '1345', 'ranking_score_right': 'False', 'Nent': '16296', 'Nsyn': '14951', 'method': 'MOMENTUM', 'loss_margin': '1.0', 'C': '1.0', 'epsilon': '1e-06', 'use_db': 'True', 'max_lr': 'None', 'l1_param_weight': 'None', 'filtered': 'False', 'name': 'fb15k_50/fb15k_MOMENTUM_334', 'totepochs': '50', 'l2_param_weight': 'None', 'train_path': 'data/fb15k/FB15k-train.pkl', 'op': 'TransE'}
INFO:root:Starting the Experiment ..
INFO:root:-- EPOCH 1 (5.967 seconds):
INFO:root:COST >> 1.5012 +/- 0.7305, % updates: 47.309%
INFO:root:-- EPOCH 2 (5.993 seconds):
INFO:root:COST >> 0.9238 +/- 0.044, % updates: 32.384%
INFO:root:-- EPOCH 3 (5.965 seconds):
INFO:root:COST >> 0.9093 +/- 0.051, % updates: 32.037%
INFO:root:-- EPOCH 4 (6.031 seconds):
INFO:root:COST >> 0.9114 +/- 0.0535, % updates: 32.131%
INFO:root:-- EPOCH 5 (6.052 seconds):
INFO:root:COST >> 0.9109 +/- 0.0552, % updates: 32.131%
INFO:root:-- EPOCH 6 (5.997 seconds):
INFO:root:COST >> 0.9104 +/- 0.0574, % updates: 32.07%
INFO:root:-- EPOCH 7 (5.937 seconds):
INFO:root:COST >> 0.9132 +/- 0.0509, % updates: 32.102%
INFO:root:-- EPOCH 8 (6.029 seconds):
INFO:root:COST >> 0.9109 +/- 0.0515, % updates: 32.146%
INFO:root:-- EPOCH 9 (5.997 seconds):
INFO:root:COST >> 0.911 +/- 0.0555, % updates: 32.132%
INFO:root:-- EPOCH 10 (5.994 seconds):
INFO:root:COST >> 0.909 +/- 0.0493, % updates: 32.026%
INFO:root:-- EPOCH 11 (5.782 seconds):
INFO:root:COST >> 0.91 +/- 0.0535, % updates: 32.15%
INFO:root:-- EPOCH 12 (5.901 seconds):
INFO:root:COST >> 0.9138 +/- 0.0574, % updates: 32.123%
INFO:root:-- EPOCH 13 (6.007 seconds):
INFO:root:COST >> 0.9134 +/- 0.0548, % updates: 32.168%
INFO:root:-- EPOCH 14 (5.952 seconds):
INFO:root:COST >> 0.91 +/- 0.0519, % updates: 32.096%
INFO:root:-- EPOCH 15 (6.073 seconds):
INFO:root:COST >> 0.9102 +/- 0.0572, % updates: 32.13%
INFO:root:-- EPOCH 16 (5.953 seconds):
INFO:root:COST >> 0.9132 +/- 0.0544, % updates: 32.139%
INFO:root:-- EPOCH 17 (5.986 seconds):
INFO:root:COST >> 0.9112 +/- 0.053, % updates: 32.127%
INFO:root:-- EPOCH 18 (6.028 seconds):
INFO:root:COST >> 0.9112 +/- 0.058, % updates: 32.122%
INFO:root:-- EPOCH 19 (6.035 seconds):
INFO:root:COST >> 0.9124 +/- 0.052, % updates: 32.128%
INFO:root:-- EPOCH 20 (5.974 seconds):
INFO:root:COST >> 0.9114 +/- 0.055, % updates: 32.18%
INFO:root:-- EPOCH 21 (5.966 seconds):
INFO:root:COST >> 0.9104 +/- 0.0527, % updates: 32.138%
INFO:root:-- EPOCH 22 (6.038 seconds):
INFO:root:COST >> 0.9113 +/- 0.053, % updates: 32.035%
INFO:root:-- EPOCH 23 (5.977 seconds):
INFO:root:COST >> 0.9083 +/- 0.0547, % updates: 32.104%
INFO:root:-- EPOCH 24 (6.036 seconds):
INFO:root:COST >> 0.9126 +/- 0.0515, % updates: 32.138%
INFO:root:-- EPOCH 25 (6.011 seconds):
INFO:root:COST >> 0.9088 +/- 0.0546, % updates: 32.096%
INFO:root:-- EPOCH 26 (5.961 seconds):
INFO:root:COST >> 0.9121 +/- 0.0549, % updates: 32.13%
INFO:root:-- EPOCH 27 (6.034 seconds):
INFO:root:COST >> 0.9115 +/- 0.0567, % updates: 32.088%
INFO:root:-- EPOCH 28 (5.983 seconds):
INFO:root:COST >> 0.9099 +/- 0.0571, % updates: 32.129%
INFO:root:-- EPOCH 29 (6.028 seconds):
INFO:root:COST >> 0.9099 +/- 0.056, % updates: 32.06%
INFO:root:-- EPOCH 30 (6.05 seconds):
INFO:root:COST >> 0.9095 +/- 0.0585, % updates: 32.137%
INFO:root:-- EPOCH 31 (6.022 seconds):
INFO:root:COST >> 0.9117 +/- 0.0517, % updates: 32.119%
INFO:root:-- EPOCH 32 (6.025 seconds):
INFO:root:COST >> 0.9097 +/- 0.0538, % updates: 32.119%
INFO:root:-- EPOCH 33 (5.982 seconds):
INFO:root:COST >> 0.908 +/- 0.0544, % updates: 32.105%
INFO:root:-- EPOCH 34 (6.054 seconds):
INFO:root:COST >> 0.9093 +/- 0.0557, % updates: 32.06%
INFO:root:-- EPOCH 35 (6.035 seconds):
INFO:root:COST >> 0.9116 +/- 0.0566, % updates: 32.159%
INFO:root:-- EPOCH 36 (6.0 seconds):
INFO:root:COST >> 0.9096 +/- 0.0527, % updates: 32.104%
INFO:root:-- EPOCH 37 (5.957 seconds):
INFO:root:COST >> 0.9122 +/- 0.0519, % updates: 32.142%
INFO:root:-- EPOCH 38 (5.95 seconds):
INFO:root:COST >> 0.9106 +/- 0.054, % updates: 32.091%
INFO:root:-- EPOCH 39 (6.004 seconds):
INFO:root:COST >> 0.9102 +/- 0.0558, % updates: 32.092%
INFO:root:-- EPOCH 40 (5.953 seconds):
INFO:root:COST >> 0.9126 +/- 0.0512, % updates: 32.184%
INFO:root:-- EPOCH 41 (5.994 seconds):
INFO:root:COST >> 0.9121 +/- 0.0608, % updates: 32.102%
INFO:root:-- EPOCH 42 (6.063 seconds):
INFO:root:COST >> 0.911 +/- 0.0551, % updates: 32.123%
INFO:root:-- EPOCH 43 (7.586 seconds):
INFO:root:COST >> 0.9127 +/- 0.0543, % updates: 32.103%
INFO:root:-- EPOCH 44 (7.585 seconds):
INFO:root:COST >> 0.9132 +/- 0.0544, % updates: 32.157%
INFO:root:-- EPOCH 45 (8.076 seconds):
INFO:root:COST >> 0.912 +/- 0.0519, % updates: 32.126%
INFO:root:-- EPOCH 46 (7.634 seconds):
INFO:root:COST >> 0.9118 +/- 0.0563, % updates: 32.114%
INFO:root:-- EPOCH 47 (7.491 seconds):
INFO:root:COST >> 0.9126 +/- 0.0504, % updates: 32.199%
INFO:root:-- EPOCH 48 (7.458 seconds):
INFO:root:COST >> 0.9122 +/- 0.0564, % updates: 32.122%
INFO:root:-- EPOCH 49 (6.745 seconds):
INFO:root:COST >> 0.9099 +/- 0.0554, % updates: 32.166%
INFO:root:-- EPOCH 50 (5.916 seconds):
INFO:root:COST >> 0.9112 +/- 0.0553, % updates: 32.102%
