INFO:root:Shape for training set: (16296, 483142)
INFO:root:State: {'ndim': '50', 'test_all': 'None', 'test_path': 'None', 'nhid': '50', 'lremb': '1e-05', 'seed': '5', 'simfn': 'L1', 'valid_path': 'None', 'nbatches': '10', 'lrparam': '1e-05', 'decay': '0.9999', 'show_hinton_diagrams': 'False', 'no_rescaling': 'True', 'Nrel': '1345', 'ranking_score_right': 'False', 'Nent': '16296', 'Nsyn': '14951', 'method': 'MOMENTUM', 'loss_margin': '1.0', 'C': '1.0', 'epsilon': '1e-06', 'use_db': 'True', 'max_lr': 'None', 'l1_param_weight': 'None', 'filtered': 'False', 'name': 'fb15k_50/fb15k_MOMENTUM_55', 'totepochs': '50', 'l2_param_weight': 'None', 'train_path': 'data/fb15k/FB15k-train.pkl', 'op': 'TransE'}
INFO:root:Starting the Experiment ..
INFO:root:-- EPOCH 1 (7.06 seconds):
INFO:root:COST >> 2.1536 +/- 0.0538, % updates: 80.247%
INFO:root:-- EPOCH 2 (7.317 seconds):
INFO:root:COST >> 1.9455 +/- 0.0469, % updates: 75.294%
INFO:root:-- EPOCH 3 (6.775 seconds):
INFO:root:COST >> 1.813 +/- 0.0402, % updates: 71.804%
INFO:root:-- EPOCH 4 (6.634 seconds):
INFO:root:COST >> 1.6268 +/- 0.0542, % updates: 65.96%
INFO:root:-- EPOCH 5 (6.721 seconds):
INFO:root:COST >> 1.4417 +/- 0.0459, % updates: 59.884%
INFO:root:-- EPOCH 6 (6.575 seconds):
INFO:root:COST >> 1.2765 +/- 0.0459, % updates: 54.452%
INFO:root:-- EPOCH 7 (6.992 seconds):
INFO:root:COST >> 1.1271 +/- 0.0408, % updates: 49.621%
INFO:root:-- EPOCH 8 (7.271 seconds):
INFO:root:COST >> 0.9762 +/- 0.0412, % updates: 44.627%
INFO:root:-- EPOCH 9 (6.868 seconds):
INFO:root:COST >> 0.8318 +/- 0.0407, % updates: 39.417%
INFO:root:-- EPOCH 10 (6.277 seconds):
INFO:root:COST >> 0.7087 +/- 0.0318, % updates: 34.46%
INFO:root:-- EPOCH 11 (6.315 seconds):
INFO:root:COST >> 0.6025 +/- 0.0276, % updates: 30.088%
INFO:root:-- EPOCH 12 (6.623 seconds):
INFO:root:COST >> 0.5204 +/- 0.0203, % updates: 26.515%
INFO:root:-- EPOCH 13 (6.857 seconds):
INFO:root:COST >> 0.4582 +/- 0.0131, % updates: 23.687%
INFO:root:-- EPOCH 14 (6.862 seconds):
INFO:root:COST >> 0.4109 +/- 0.0139, % updates: 21.453%
INFO:root:-- EPOCH 15 (6.809 seconds):
INFO:root:COST >> 0.3734 +/- 0.0079, % updates: 19.577%
INFO:root:-- EPOCH 16 (6.449 seconds):
INFO:root:COST >> 0.3461 +/- 0.0089, % updates: 18.21%
INFO:root:-- EPOCH 17 (6.424 seconds):
INFO:root:COST >> 0.3219 +/- 0.0061, % updates: 16.97%
INFO:root:-- EPOCH 18 (6.575 seconds):
INFO:root:COST >> 0.3049 +/- 0.0044, % updates: 16.047%
INFO:root:-- EPOCH 19 (6.625 seconds):
INFO:root:COST >> 0.2889 +/- 0.006, % updates: 15.253%
INFO:root:-- EPOCH 20 (6.768 seconds):
INFO:root:COST >> 0.2775 +/- 0.0053, % updates: 14.597%
INFO:root:-- EPOCH 21 (7.023 seconds):
INFO:root:COST >> 0.2626 +/- 0.0032, % updates: 13.912%
INFO:root:-- EPOCH 22 (6.653 seconds):
INFO:root:COST >> 0.2516 +/- 0.0029, % updates: 13.323%
INFO:root:-- EPOCH 23 (6.735 seconds):
INFO:root:COST >> 0.2418 +/- 0.0022, % updates: 12.812%
INFO:root:-- EPOCH 24 (6.69 seconds):
INFO:root:COST >> 0.2321 +/- 0.0033, % updates: 12.333%
INFO:root:-- EPOCH 25 (6.214 seconds):
INFO:root:COST >> 0.2241 +/- 0.0047, % updates: 11.952%
INFO:root:-- EPOCH 26 (6.61 seconds):
INFO:root:COST >> 0.2169 +/- 0.0032, % updates: 11.563%
INFO:root:-- EPOCH 27 (6.883 seconds):
INFO:root:COST >> 0.211 +/- 0.0024, % updates: 11.218%
INFO:root:-- EPOCH 28 (6.727 seconds):
INFO:root:COST >> 0.2041 +/- 0.0031, % updates: 10.969%
INFO:root:-- EPOCH 29 (6.512 seconds):
INFO:root:COST >> 0.1973 +/- 0.0026, % updates: 10.555%
INFO:root:-- EPOCH 30 (6.355 seconds):
INFO:root:COST >> 0.1916 +/- 0.0025, % updates: 10.333%
INFO:root:-- EPOCH 31 (6.406 seconds):
INFO:root:COST >> 0.1848 +/- 0.0028, % updates: 10.028%
INFO:root:-- EPOCH 32 (6.274 seconds):
INFO:root:COST >> 0.1805 +/- 0.0036, % updates: 9.826%
INFO:root:-- EPOCH 33 (7.321 seconds):
INFO:root:COST >> 0.1754 +/- 0.0025, % updates: 9.612%
INFO:root:-- EPOCH 34 (6.963 seconds):
INFO:root:COST >> 0.1707 +/- 0.0022, % updates: 9.359%
INFO:root:-- EPOCH 35 (6.719 seconds):
INFO:root:COST >> 0.1666 +/- 0.0023, % updates: 9.106%
INFO:root:-- EPOCH 36 (6.577 seconds):
INFO:root:COST >> 0.1648 +/- 0.0026, % updates: 9.031%
INFO:root:-- EPOCH 37 (6.682 seconds):
INFO:root:COST >> 0.1612 +/- 0.0027, % updates: 8.895%
INFO:root:-- EPOCH 38 (6.669 seconds):
INFO:root:COST >> 0.1559 +/- 0.0029, % updates: 8.686%
INFO:root:-- EPOCH 39 (6.678 seconds):
INFO:root:COST >> 0.1535 +/- 0.0027, % updates: 8.538%
INFO:root:-- EPOCH 40 (6.618 seconds):
INFO:root:COST >> 0.1507 +/- 0.0022, % updates: 8.404%
INFO:root:-- EPOCH 41 (6.652 seconds):
INFO:root:COST >> 0.1469 +/- 0.0023, % updates: 8.21%
INFO:root:-- EPOCH 42 (6.752 seconds):
INFO:root:COST >> 0.1449 +/- 0.0008, % updates: 8.117%
INFO:root:-- EPOCH 43 (6.688 seconds):
INFO:root:COST >> 0.1428 +/- 0.0024, % updates: 8.036%
INFO:root:-- EPOCH 44 (6.483 seconds):
INFO:root:COST >> 0.1406 +/- 0.0014, % updates: 7.864%
INFO:root:-- EPOCH 45 (6.052 seconds):
INFO:root:COST >> 0.1374 +/- 0.0026, % updates: 7.786%
INFO:root:-- EPOCH 46 (6.437 seconds):
INFO:root:COST >> 0.1358 +/- 0.0022, % updates: 7.671%
INFO:root:-- EPOCH 47 (6.876 seconds):
INFO:root:COST >> 0.1333 +/- 0.0016, % updates: 7.6%
INFO:root:-- EPOCH 48 (6.381 seconds):
INFO:root:COST >> 0.1318 +/- 0.0023, % updates: 7.52%
INFO:root:-- EPOCH 49 (6.111 seconds):
INFO:root:COST >> 0.1296 +/- 0.0016, % updates: 7.428%
INFO:root:-- EPOCH 50 (6.24 seconds):
INFO:root:COST >> 0.1288 +/- 0.0012, % updates: 7.391%
