INFO:root:Shape for training set: (16296, 483142)
INFO:root:State: {'ndim': '50', 'test_all': 'None', 'test_path': 'None', 'nhid': '50', 'lremb': '0.0001', 'seed': '2', 'simfn': 'L1', 'valid_path': 'None', 'nbatches': '10', 'lrparam': '0.0001', 'decay': '0.5', 'show_hinton_diagrams': 'False', 'no_rescaling': 'True', 'Nrel': '1345', 'ranking_score_right': 'False', 'Nent': '16296', 'Nsyn': '14951', 'method': 'MOMENTUM', 'loss_margin': '1.0', 'C': '1.0', 'epsilon': '1e-06', 'use_db': 'True', 'max_lr': 'None', 'l1_param_weight': 'None', 'filtered': 'False', 'name': 'fb15k_50/fb15k_MOMENTUM_142', 'totepochs': '50', 'l2_param_weight': 'None', 'train_path': 'data/fb15k/FB15k-train.pkl', 'op': 'TransE'}
INFO:root:Starting the Experiment ..
INFO:root:-- EPOCH 1 (5.655 seconds):
INFO:root:COST >> 2.022 +/- 0.1077, % updates: 77.076%
INFO:root:-- EPOCH 2 (5.668 seconds):
INFO:root:COST >> 1.769 +/- 0.0407, % updates: 70.754%
INFO:root:-- EPOCH 3 (5.632 seconds):
INFO:root:COST >> 1.6092 +/- 0.0327, % updates: 66.586%
INFO:root:-- EPOCH 4 (5.633 seconds):
INFO:root:COST >> 1.4804 +/- 0.0274, % updates: 63.114%
INFO:root:-- EPOCH 5 (5.674 seconds):
INFO:root:COST >> 1.3679 +/- 0.0263, % updates: 59.997%
INFO:root:-- EPOCH 6 (5.674 seconds):
INFO:root:COST >> 1.2616 +/- 0.0228, % updates: 57.051%
INFO:root:-- EPOCH 7 (5.648 seconds):
INFO:root:COST >> 1.1679 +/- 0.0236, % updates: 54.283%
INFO:root:-- EPOCH 8 (5.635 seconds):
INFO:root:COST >> 1.0775 +/- 0.0201, % updates: 51.582%
INFO:root:-- EPOCH 9 (5.66 seconds):
INFO:root:COST >> 0.992 +/- 0.021, % updates: 48.946%
INFO:root:-- EPOCH 10 (6.209 seconds):
INFO:root:COST >> 0.9147 +/- 0.0172, % updates: 46.398%
INFO:root:-- EPOCH 11 (5.641 seconds):
INFO:root:COST >> 0.8424 +/- 0.0157, % updates: 43.883%
INFO:root:-- EPOCH 12 (5.632 seconds):
INFO:root:COST >> 0.7737 +/- 0.0146, % updates: 41.42%
INFO:root:-- EPOCH 13 (5.604 seconds):
INFO:root:COST >> 0.7144 +/- 0.0118, % updates: 39.166%
INFO:root:-- EPOCH 14 (5.585 seconds):
INFO:root:COST >> 0.6614 +/- 0.0134, % updates: 37.031%
INFO:root:-- EPOCH 15 (5.654 seconds):
INFO:root:COST >> 0.6128 +/- 0.012, % updates: 35.026%
INFO:root:-- EPOCH 16 (5.632 seconds):
INFO:root:COST >> 0.5677 +/- 0.0091, % updates: 33.169%
INFO:root:-- EPOCH 17 (5.58 seconds):
INFO:root:COST >> 0.5313 +/- 0.0084, % updates: 31.514%
INFO:root:-- EPOCH 18 (5.648 seconds):
INFO:root:COST >> 0.4971 +/- 0.0082, % updates: 29.929%
INFO:root:-- EPOCH 19 (5.568 seconds):
INFO:root:COST >> 0.4651 +/- 0.0079, % updates: 28.526%
INFO:root:-- EPOCH 20 (5.697 seconds):
INFO:root:COST >> 0.4395 +/- 0.0053, % updates: 27.235%
INFO:root:-- EPOCH 21 (5.581 seconds):
INFO:root:COST >> 0.4153 +/- 0.0055, % updates: 26.047%
INFO:root:-- EPOCH 22 (5.628 seconds):
INFO:root:COST >> 0.3936 +/- 0.0061, % updates: 24.964%
INFO:root:-- EPOCH 23 (5.589 seconds):
INFO:root:COST >> 0.3725 +/- 0.0043, % updates: 23.963%
INFO:root:-- EPOCH 24 (5.616 seconds):
INFO:root:COST >> 0.3545 +/- 0.0045, % updates: 23.009%
INFO:root:-- EPOCH 25 (5.805 seconds):
INFO:root:COST >> 0.3403 +/- 0.0034, % updates: 22.175%
INFO:root:-- EPOCH 26 (5.604 seconds):
INFO:root:COST >> 0.3232 +/- 0.0031, % updates: 21.3%
INFO:root:-- EPOCH 27 (5.629 seconds):
INFO:root:COST >> 0.3109 +/- 0.0037, % updates: 20.609%
INFO:root:-- EPOCH 28 (6.676 seconds):
INFO:root:COST >> 0.2984 +/- 0.0033, % updates: 19.958%
INFO:root:-- EPOCH 29 (6.291 seconds):
INFO:root:COST >> 0.2881 +/- 0.0023, % updates: 19.325%
INFO:root:-- EPOCH 30 (5.596 seconds):
INFO:root:COST >> 0.2777 +/- 0.0024, % updates: 18.76%
INFO:root:-- EPOCH 31 (5.544 seconds):
INFO:root:COST >> 0.2675 +/- 0.0016, % updates: 18.182%
INFO:root:-- EPOCH 32 (5.59 seconds):
INFO:root:COST >> 0.2585 +/- 0.0025, % updates: 17.715%
INFO:root:-- EPOCH 33 (5.624 seconds):
INFO:root:COST >> 0.2513 +/- 0.0024, % updates: 17.228%
INFO:root:-- EPOCH 34 (5.617 seconds):
INFO:root:COST >> 0.2434 +/- 0.0028, % updates: 16.758%
INFO:root:-- EPOCH 35 (5.603 seconds):
INFO:root:COST >> 0.2342 +/- 0.0021, % updates: 16.343%
INFO:root:-- EPOCH 36 (5.632 seconds):
INFO:root:COST >> 0.2295 +/- 0.003, % updates: 15.922%
INFO:root:-- EPOCH 37 (5.633 seconds):
INFO:root:COST >> 0.2231 +/- 0.0034, % updates: 15.599%
INFO:root:-- EPOCH 38 (5.595 seconds):
INFO:root:COST >> 0.2179 +/- 0.002, % updates: 15.225%
INFO:root:-- EPOCH 39 (5.552 seconds):
INFO:root:COST >> 0.2123 +/- 0.0017, % updates: 14.893%
INFO:root:-- EPOCH 40 (5.648 seconds):
INFO:root:COST >> 0.2062 +/- 0.0024, % updates: 14.553%
INFO:root:-- EPOCH 41 (5.61 seconds):
INFO:root:COST >> 0.2026 +/- 0.0026, % updates: 14.317%
INFO:root:-- EPOCH 42 (5.588 seconds):
INFO:root:COST >> 0.1984 +/- 0.0017, % updates: 14.047%
INFO:root:-- EPOCH 43 (5.6 seconds):
INFO:root:COST >> 0.1938 +/- 0.0014, % updates: 13.751%
INFO:root:-- EPOCH 44 (5.574 seconds):
INFO:root:COST >> 0.1896 +/- 0.0013, % updates: 13.492%
INFO:root:-- EPOCH 45 (5.623 seconds):
INFO:root:COST >> 0.1848 +/- 0.0023, % updates: 13.223%
INFO:root:-- EPOCH 46 (5.569 seconds):
INFO:root:COST >> 0.1818 +/- 0.0023, % updates: 13.022%
INFO:root:-- EPOCH 47 (5.57 seconds):
INFO:root:COST >> 0.1781 +/- 0.002, % updates: 12.806%
INFO:root:-- EPOCH 48 (5.54 seconds):
INFO:root:COST >> 0.1759 +/- 0.0027, % updates: 12.62%
INFO:root:-- EPOCH 49 (5.615 seconds):
INFO:root:COST >> 0.1722 +/- 0.0026, % updates: 12.406%
INFO:root:-- EPOCH 50 (5.531 seconds):
INFO:root:COST >> 0.1689 +/- 0.002, % updates: 12.179%
