INFO:root:Shape for training set: (16296, 483142)
INFO:root:State: {'ndim': '50', 'test_all': 'None', 'test_path': 'None', 'nhid': '50', 'lremb': '1.0', 'seed': '7', 'simfn': 'L1', 'valid_path': 'None', 'nbatches': '10', 'lrparam': '1.0', 'decay': '0.999', 'show_hinton_diagrams': 'False', 'no_rescaling': 'True', 'Nrel': '1345', 'ranking_score_right': 'False', 'Nent': '16296', 'Nsyn': '14951', 'method': 'MOMENTUM', 'loss_margin': '1.0', 'C': '1.0', 'epsilon': '1e-06', 'use_db': 'True', 'max_lr': 'None', 'l1_param_weight': 'None', 'filtered': 'False', 'name': 'fb15k_50/fb15k_MOMENTUM_317', 'totepochs': '50', 'l2_param_weight': 'None', 'train_path': 'data/fb15k/FB15k-train.pkl', 'op': 'TransE'}
INFO:root:Starting the Experiment ..
INFO:root:-- EPOCH 1 (6.997 seconds):
INFO:root:COST >> 1.4569 +/- 0.7435, % updates: 47.099%
INFO:root:-- EPOCH 2 (6.772 seconds):
INFO:root:COST >> 0.7658 +/- 0.0108, % updates: 29.875%
INFO:root:-- EPOCH 3 (6.107 seconds):
INFO:root:COST >> 0.67 +/- 0.0199, % updates: 27.595%
INFO:root:-- EPOCH 4 (6.008 seconds):
INFO:root:COST >> 0.6225 +/- 0.0225, % updates: 26.626%
INFO:root:-- EPOCH 5 (6.142 seconds):
INFO:root:COST >> 0.5962 +/- 0.0261, % updates: 25.984%
INFO:root:-- EPOCH 6 (7.355 seconds):
INFO:root:COST >> 0.5771 +/- 0.0212, % updates: 25.635%
INFO:root:-- EPOCH 7 (6.3 seconds):
INFO:root:COST >> 0.5625 +/- 0.0204, % updates: 25.331%
INFO:root:-- EPOCH 8 (6.652 seconds):
INFO:root:COST >> 0.5528 +/- 0.0192, % updates: 25.18%
INFO:root:-- EPOCH 9 (6.411 seconds):
INFO:root:COST >> 0.5432 +/- 0.0192, % updates: 25.021%
INFO:root:-- EPOCH 10 (6.445 seconds):
INFO:root:COST >> 0.5354 +/- 0.018, % updates: 24.841%
INFO:root:-- EPOCH 11 (6.153 seconds):
INFO:root:COST >> 0.5291 +/- 0.0173, % updates: 24.684%
INFO:root:-- EPOCH 12 (6.097 seconds):
INFO:root:COST >> 0.5247 +/- 0.0175, % updates: 24.645%
INFO:root:-- EPOCH 13 (6.606 seconds):
INFO:root:COST >> 0.5217 +/- 0.0172, % updates: 24.568%
INFO:root:-- EPOCH 14 (5.961 seconds):
INFO:root:COST >> 0.5155 +/- 0.0175, % updates: 24.497%
INFO:root:-- EPOCH 15 (6.054 seconds):
INFO:root:COST >> 0.5149 +/- 0.0133, % updates: 24.497%
INFO:root:-- EPOCH 16 (6.039 seconds):
INFO:root:COST >> 0.5101 +/- 0.0157, % updates: 24.338%
INFO:root:-- EPOCH 17 (6.167 seconds):
INFO:root:COST >> 0.5067 +/- 0.0164, % updates: 24.378%
INFO:root:-- EPOCH 18 (6.305 seconds):
INFO:root:COST >> 0.5042 +/- 0.0167, % updates: 24.319%
INFO:root:-- EPOCH 19 (6.161 seconds):
INFO:root:COST >> 0.5016 +/- 0.0152, % updates: 24.301%
INFO:root:-- EPOCH 20 (6.167 seconds):
INFO:root:COST >> 0.5001 +/- 0.0135, % updates: 24.233%
INFO:root:-- EPOCH 21 (6.103 seconds):
INFO:root:COST >> 0.4984 +/- 0.0155, % updates: 24.212%
INFO:root:-- EPOCH 22 (6.281 seconds):
INFO:root:COST >> 0.4971 +/- 0.0139, % updates: 24.242%
INFO:root:-- EPOCH 23 (6.156 seconds):
INFO:root:COST >> 0.4952 +/- 0.0143, % updates: 24.178%
INFO:root:-- EPOCH 24 (6.281 seconds):
INFO:root:COST >> 0.4924 +/- 0.0164, % updates: 24.132%
INFO:root:-- EPOCH 25 (6.289 seconds):
INFO:root:COST >> 0.4929 +/- 0.0105, % updates: 24.145%
INFO:root:-- EPOCH 26 (6.302 seconds):
INFO:root:COST >> 0.4897 +/- 0.0152, % updates: 24.097%
INFO:root:-- EPOCH 27 (6.0 seconds):
INFO:root:COST >> 0.4886 +/- 0.0125, % updates: 24.057%
INFO:root:-- EPOCH 28 (6.051 seconds):
INFO:root:COST >> 0.4884 +/- 0.014, % updates: 24.077%
INFO:root:-- EPOCH 29 (6.399 seconds):
INFO:root:COST >> 0.4894 +/- 0.0124, % updates: 24.099%
INFO:root:-- EPOCH 30 (6.475 seconds):
INFO:root:COST >> 0.4876 +/- 0.0133, % updates: 24.1%
INFO:root:-- EPOCH 31 (7.426 seconds):
INFO:root:COST >> 0.4854 +/- 0.0145, % updates: 24.035%
INFO:root:-- EPOCH 32 (7.711 seconds):
INFO:root:COST >> 0.4839 +/- 0.0117, % updates: 24.034%
INFO:root:-- EPOCH 33 (6.705 seconds):
INFO:root:COST >> 0.4833 +/- 0.0142, % updates: 24.019%
INFO:root:-- EPOCH 34 (6.43 seconds):
INFO:root:COST >> 0.4812 +/- 0.0131, % updates: 23.954%
INFO:root:-- EPOCH 35 (6.206 seconds):
INFO:root:COST >> 0.4826 +/- 0.0119, % updates: 24.0%
INFO:root:-- EPOCH 36 (7.233 seconds):
INFO:root:COST >> 0.4814 +/- 0.0138, % updates: 23.957%
INFO:root:-- EPOCH 37 (6.626 seconds):
INFO:root:COST >> 0.4796 +/- 0.0083, % updates: 24.023%
INFO:root:-- EPOCH 38 (6.484 seconds):
INFO:root:COST >> 0.4785 +/- 0.0138, % updates: 23.955%
INFO:root:-- EPOCH 39 (7.076 seconds):
INFO:root:COST >> 0.4774 +/- 0.0135, % updates: 23.929%
INFO:root:-- EPOCH 40 (6.864 seconds):
INFO:root:COST >> 0.4794 +/- 0.0115, % updates: 23.933%
INFO:root:-- EPOCH 41 (6.247 seconds):
INFO:root:COST >> 0.4779 +/- 0.0147, % updates: 23.96%
INFO:root:-- EPOCH 42 (7.426 seconds):
INFO:root:COST >> 0.4777 +/- 0.0116, % updates: 23.93%
INFO:root:-- EPOCH 43 (7.005 seconds):
INFO:root:COST >> 0.4764 +/- 0.0133, % updates: 23.851%
INFO:root:-- EPOCH 44 (6.093 seconds):
INFO:root:COST >> 0.4758 +/- 0.0139, % updates: 23.914%
INFO:root:-- EPOCH 45 (6.854 seconds):
INFO:root:COST >> 0.4761 +/- 0.0106, % updates: 23.913%
INFO:root:-- EPOCH 46 (6.3 seconds):
INFO:root:COST >> 0.4766 +/- 0.0139, % updates: 23.919%
INFO:root:-- EPOCH 47 (6.075 seconds):
INFO:root:COST >> 0.4751 +/- 0.0114, % updates: 23.942%
INFO:root:-- EPOCH 48 (5.703 seconds):
INFO:root:COST >> 0.4735 +/- 0.011, % updates: 23.881%
INFO:root:-- EPOCH 49 (6.096 seconds):
INFO:root:COST >> 0.4742 +/- 0.0112, % updates: 23.896%
INFO:root:-- EPOCH 50 (6.711 seconds):
INFO:root:COST >> 0.4724 +/- 0.0137, % updates: 23.876%
