INFO:root:Shape for training set: (16296, 483142)
INFO:root:State: {'ndim': '50', 'test_all': 'None', 'test_path': 'None', 'nhid': '50', 'lremb': '1.0', 'seed': '3', 'simfn': 'L1', 'valid_path': 'None', 'nbatches': '10', 'lrparam': '1.0', 'decay': '0.9999', 'show_hinton_diagrams': 'False', 'no_rescaling': 'True', 'Nrel': '1345', 'ranking_score_right': 'False', 'Nent': '16296', 'Nsyn': '14951', 'method': 'MOMENTUM', 'loss_margin': '1.0', 'C': '1.0', 'epsilon': '1e-06', 'use_db': 'True', 'max_lr': 'None', 'l1_param_weight': 'None', 'filtered': 'False', 'name': 'fb15k_50/fb15k_MOMENTUM_303', 'totepochs': '50', 'l2_param_weight': 'None', 'train_path': 'data/fb15k/FB15k-train.pkl', 'op': 'TransE'}
INFO:root:Starting the Experiment ..
INFO:root:-- EPOCH 1 (6.999 seconds):
INFO:root:COST >> 1.4664 +/- 0.7659, % updates: 47.101%
INFO:root:-- EPOCH 2 (5.882 seconds):
INFO:root:COST >> 0.7681 +/- 0.01, % updates: 29.958%
INFO:root:-- EPOCH 3 (6.674 seconds):
INFO:root:COST >> 0.6692 +/- 0.0168, % updates: 27.738%
INFO:root:-- EPOCH 4 (6.314 seconds):
INFO:root:COST >> 0.6249 +/- 0.0215, % updates: 26.835%
INFO:root:-- EPOCH 5 (7.123 seconds):
INFO:root:COST >> 0.5928 +/- 0.021, % updates: 26.197%
INFO:root:-- EPOCH 6 (7.121 seconds):
INFO:root:COST >> 0.5724 +/- 0.0227, % updates: 25.802%
INFO:root:-- EPOCH 7 (7.143 seconds):
INFO:root:COST >> 0.5581 +/- 0.0198, % updates: 25.547%
INFO:root:-- EPOCH 8 (7.162 seconds):
INFO:root:COST >> 0.5472 +/- 0.0194, % updates: 25.317%
INFO:root:-- EPOCH 9 (7.085 seconds):
INFO:root:COST >> 0.5367 +/- 0.0213, % updates: 25.152%
INFO:root:-- EPOCH 10 (7.181 seconds):
INFO:root:COST >> 0.5288 +/- 0.0184, % updates: 24.957%
INFO:root:-- EPOCH 11 (7.144 seconds):
INFO:root:COST >> 0.5234 +/- 0.0187, % updates: 24.858%
INFO:root:-- EPOCH 12 (7.154 seconds):
INFO:root:COST >> 0.5182 +/- 0.0163, % updates: 24.754%
INFO:root:-- EPOCH 13 (7.137 seconds):
INFO:root:COST >> 0.5123 +/- 0.0202, % updates: 24.71%
INFO:root:-- EPOCH 14 (7.165 seconds):
INFO:root:COST >> 0.5088 +/- 0.0148, % updates: 24.624%
INFO:root:-- EPOCH 15 (7.149 seconds):
INFO:root:COST >> 0.5056 +/- 0.0148, % updates: 24.596%
INFO:root:-- EPOCH 16 (7.117 seconds):
INFO:root:COST >> 0.5027 +/- 0.0175, % updates: 24.559%
INFO:root:-- EPOCH 17 (7.155 seconds):
INFO:root:COST >> 0.4992 +/- 0.013, % updates: 24.503%
INFO:root:-- EPOCH 18 (7.157 seconds):
INFO:root:COST >> 0.4968 +/- 0.016, % updates: 24.432%
INFO:root:-- EPOCH 19 (7.145 seconds):
INFO:root:COST >> 0.4945 +/- 0.013, % updates: 24.493%
INFO:root:-- EPOCH 20 (7.15 seconds):
INFO:root:COST >> 0.4921 +/- 0.0137, % updates: 24.382%
INFO:root:-- EPOCH 21 (7.081 seconds):
INFO:root:COST >> 0.4915 +/- 0.0165, % updates: 24.388%
INFO:root:-- EPOCH 22 (5.886 seconds):
INFO:root:COST >> 0.4867 +/- 0.0149, % updates: 24.328%
INFO:root:-- EPOCH 23 (5.887 seconds):
INFO:root:COST >> 0.4863 +/- 0.0138, % updates: 24.321%
INFO:root:-- EPOCH 24 (5.884 seconds):
INFO:root:COST >> 0.4829 +/- 0.0128, % updates: 24.235%
INFO:root:-- EPOCH 25 (5.858 seconds):
INFO:root:COST >> 0.483 +/- 0.0141, % updates: 24.282%
INFO:root:-- EPOCH 26 (5.878 seconds):
INFO:root:COST >> 0.4798 +/- 0.0134, % updates: 24.217%
INFO:root:-- EPOCH 27 (5.919 seconds):
INFO:root:COST >> 0.4798 +/- 0.0134, % updates: 24.218%
INFO:root:-- EPOCH 28 (5.839 seconds):
INFO:root:COST >> 0.4769 +/- 0.0127, % updates: 24.174%
INFO:root:-- EPOCH 29 (5.852 seconds):
INFO:root:COST >> 0.4757 +/- 0.0124, % updates: 24.148%
INFO:root:-- EPOCH 30 (5.912 seconds):
INFO:root:COST >> 0.4746 +/- 0.011, % updates: 24.19%
INFO:root:-- EPOCH 31 (5.926 seconds):
INFO:root:COST >> 0.4749 +/- 0.012, % updates: 24.146%
INFO:root:-- EPOCH 32 (5.991 seconds):
INFO:root:COST >> 0.4725 +/- 0.0095, % updates: 24.16%
INFO:root:-- EPOCH 33 (5.968 seconds):
INFO:root:COST >> 0.4729 +/- 0.0118, % updates: 24.1%
INFO:root:-- EPOCH 34 (5.854 seconds):
INFO:root:COST >> 0.4711 +/- 0.0132, % updates: 24.13%
INFO:root:-- EPOCH 35 (6.264 seconds):
INFO:root:COST >> 0.4699 +/- 0.0141, % updates: 24.109%
INFO:root:-- EPOCH 36 (5.829 seconds):
INFO:root:COST >> 0.4703 +/- 0.0112, % updates: 24.116%
INFO:root:-- EPOCH 37 (5.839 seconds):
INFO:root:COST >> 0.469 +/- 0.0124, % updates: 24.066%
INFO:root:-- EPOCH 38 (5.916 seconds):
INFO:root:COST >> 0.4667 +/- 0.0116, % updates: 24.049%
INFO:root:-- EPOCH 39 (6.397 seconds):
INFO:root:COST >> 0.4682 +/- 0.0125, % updates: 24.085%
INFO:root:-- EPOCH 40 (5.91 seconds):
INFO:root:COST >> 0.4662 +/- 0.0111, % updates: 24.075%
INFO:root:-- EPOCH 41 (5.925 seconds):
INFO:root:COST >> 0.4639 +/- 0.0125, % updates: 23.991%
INFO:root:-- EPOCH 42 (5.868 seconds):
INFO:root:COST >> 0.4638 +/- 0.0096, % updates: 24.0%
INFO:root:-- EPOCH 43 (5.855 seconds):
INFO:root:COST >> 0.4628 +/- 0.0123, % updates: 24.032%
INFO:root:-- EPOCH 44 (5.863 seconds):
INFO:root:COST >> 0.4614 +/- 0.0115, % updates: 23.93%
INFO:root:-- EPOCH 45 (5.898 seconds):
INFO:root:COST >> 0.4627 +/- 0.0096, % updates: 24.012%
INFO:root:-- EPOCH 46 (5.883 seconds):
INFO:root:COST >> 0.462 +/- 0.0115, % updates: 23.989%
INFO:root:-- EPOCH 47 (6.738 seconds):
INFO:root:COST >> 0.4602 +/- 0.0091, % updates: 23.879%
INFO:root:-- EPOCH 48 (5.184 seconds):
INFO:root:COST >> 0.461 +/- 0.0129, % updates: 23.961%
INFO:root:-- EPOCH 49 (5.897 seconds):
INFO:root:COST >> 0.4592 +/- 0.0134, % updates: 23.971%
INFO:root:-- EPOCH 50 (5.871 seconds):
INFO:root:COST >> 0.4591 +/- 0.0124, % updates: 23.954%
