INFO:root:Shape for training set: (16296, 483142)
INFO:root:State: {'ndim': '50', 'test_all': 'None', 'test_path': 'None', 'nhid': '50', 'lremb': '10.0', 'seed': '6', 'simfn': 'L1', 'valid_path': 'None', 'nbatches': '10', 'lrparam': '10.0', 'decay': '0.9999', 'show_hinton_diagrams': 'False', 'no_rescaling': 'True', 'Nrel': '1345', 'ranking_score_right': 'False', 'Nent': '16296', 'Nsyn': '14951', 'method': 'MOMENTUM', 'loss_margin': '1.0', 'C': '1.0', 'epsilon': '1e-06', 'use_db': 'True', 'max_lr': 'None', 'l1_param_weight': 'None', 'filtered': 'False', 'name': 'fb15k_50/fb15k_MOMENTUM_356', 'totepochs': '50', 'l2_param_weight': 'None', 'train_path': 'data/fb15k/FB15k-train.pkl', 'op': 'TransE'}
INFO:root:Starting the Experiment ..
INFO:root:-- EPOCH 1 (8.46 seconds):
INFO:root:COST >> 1.4756 +/- 0.7553, % updates: 47.244%
INFO:root:-- EPOCH 2 (7.861 seconds):
INFO:root:COST >> 0.7824 +/- 0.0142, % updates: 30.078%
INFO:root:-- EPOCH 3 (7.507 seconds):
INFO:root:COST >> 0.6849 +/- 0.0204, % updates: 27.982%
INFO:root:-- EPOCH 4 (6.585 seconds):
INFO:root:COST >> 0.6366 +/- 0.0228, % updates: 26.995%
INFO:root:-- EPOCH 5 (7.259 seconds):
INFO:root:COST >> 0.6076 +/- 0.023, % updates: 26.345%
INFO:root:-- EPOCH 6 (8.3 seconds):
INFO:root:COST >> 0.5887 +/- 0.0231, % updates: 26.029%
INFO:root:-- EPOCH 7 (8.211 seconds):
INFO:root:COST >> 0.5734 +/- 0.0199, % updates: 25.761%
INFO:root:-- EPOCH 8 (8.092 seconds):
INFO:root:COST >> 0.5613 +/- 0.0204, % updates: 25.577%
INFO:root:-- EPOCH 9 (8.361 seconds):
INFO:root:COST >> 0.5529 +/- 0.0218, % updates: 25.431%
INFO:root:-- EPOCH 10 (8.318 seconds):
INFO:root:COST >> 0.5448 +/- 0.0174, % updates: 25.278%
INFO:root:-- EPOCH 11 (8.35 seconds):
INFO:root:COST >> 0.5367 +/- 0.0181, % updates: 25.149%
INFO:root:-- EPOCH 12 (8.358 seconds):
INFO:root:COST >> 0.5297 +/- 0.0146, % updates: 25.002%
INFO:root:-- EPOCH 13 (7.908 seconds):
INFO:root:COST >> 0.5261 +/- 0.0181, % updates: 24.923%
INFO:root:-- EPOCH 14 (8.216 seconds):
INFO:root:COST >> 0.5214 +/- 0.0156, % updates: 24.934%
INFO:root:-- EPOCH 15 (7.983 seconds):
INFO:root:COST >> 0.5177 +/- 0.0177, % updates: 24.828%
INFO:root:-- EPOCH 16 (8.121 seconds):
INFO:root:COST >> 0.5154 +/- 0.0169, % updates: 24.814%
INFO:root:-- EPOCH 17 (8.144 seconds):
INFO:root:COST >> 0.5116 +/- 0.017, % updates: 24.783%
INFO:root:-- EPOCH 18 (8.321 seconds):
INFO:root:COST >> 0.5088 +/- 0.017, % updates: 24.707%
INFO:root:-- EPOCH 19 (8.207 seconds):
INFO:root:COST >> 0.5047 +/- 0.0142, % updates: 24.659%
INFO:root:-- EPOCH 20 (7.914 seconds):
INFO:root:COST >> 0.5025 +/- 0.0145, % updates: 24.62%
INFO:root:-- EPOCH 21 (8.482 seconds):
INFO:root:COST >> 0.5019 +/- 0.0136, % updates: 24.631%
INFO:root:-- EPOCH 22 (8.314 seconds):
INFO:root:COST >> 0.499 +/- 0.0142, % updates: 24.553%
INFO:root:-- EPOCH 23 (8.172 seconds):
INFO:root:COST >> 0.496 +/- 0.0141, % updates: 24.507%
INFO:root:-- EPOCH 24 (8.437 seconds):
INFO:root:COST >> 0.4946 +/- 0.0121, % updates: 24.505%
INFO:root:-- EPOCH 25 (8.506 seconds):
INFO:root:COST >> 0.4923 +/- 0.0139, % updates: 24.485%
INFO:root:-- EPOCH 26 (7.139 seconds):
INFO:root:COST >> 0.4905 +/- 0.012, % updates: 24.449%
INFO:root:-- EPOCH 27 (7.502 seconds):
INFO:root:COST >> 0.4884 +/- 0.0136, % updates: 24.378%
INFO:root:-- EPOCH 28 (7.8 seconds):
INFO:root:COST >> 0.4885 +/- 0.015, % updates: 24.418%
INFO:root:-- EPOCH 29 (7.646 seconds):
INFO:root:COST >> 0.4867 +/- 0.0156, % updates: 24.393%
INFO:root:-- EPOCH 30 (7.71 seconds):
INFO:root:COST >> 0.4853 +/- 0.012, % updates: 24.403%
INFO:root:-- EPOCH 31 (7.73 seconds):
INFO:root:COST >> 0.4851 +/- 0.0108, % updates: 24.397%
INFO:root:-- EPOCH 32 (7.321 seconds):
INFO:root:COST >> 0.4844 +/- 0.0119, % updates: 24.4%
INFO:root:-- EPOCH 33 (7.748 seconds):
INFO:root:COST >> 0.4818 +/- 0.0136, % updates: 24.282%
INFO:root:-- EPOCH 34 (7.544 seconds):
INFO:root:COST >> 0.4827 +/- 0.0128, % updates: 24.449%
INFO:root:-- EPOCH 35 (7.917 seconds):
INFO:root:COST >> 0.4808 +/- 0.0112, % updates: 24.376%
INFO:root:-- EPOCH 36 (7.793 seconds):
INFO:root:COST >> 0.4785 +/- 0.0123, % updates: 24.292%
INFO:root:-- EPOCH 37 (8.126 seconds):
INFO:root:COST >> 0.4797 +/- 0.0115, % updates: 24.265%
INFO:root:-- EPOCH 38 (8.179 seconds):
INFO:root:COST >> 0.4773 +/- 0.011, % updates: 24.292%
INFO:root:-- EPOCH 39 (8.067 seconds):
INFO:root:COST >> 0.4771 +/- 0.0108, % updates: 24.336%
INFO:root:-- EPOCH 40 (8.55 seconds):
INFO:root:COST >> 0.4766 +/- 0.0129, % updates: 24.275%
INFO:root:-- EPOCH 41 (8.449 seconds):
INFO:root:COST >> 0.4751 +/- 0.0103, % updates: 24.24%
INFO:root:-- EPOCH 42 (8.822 seconds):
INFO:root:COST >> 0.4744 +/- 0.0113, % updates: 24.268%
INFO:root:-- EPOCH 43 (8.21 seconds):
INFO:root:COST >> 0.4736 +/- 0.0133, % updates: 24.256%
INFO:root:-- EPOCH 44 (8.874 seconds):
INFO:root:COST >> 0.4731 +/- 0.011, % updates: 24.279%
INFO:root:-- EPOCH 45 (8.606 seconds):
INFO:root:COST >> 0.4721 +/- 0.0118, % updates: 24.232%
INFO:root:-- EPOCH 46 (8.496 seconds):
INFO:root:COST >> 0.4721 +/- 0.0084, % updates: 24.226%
INFO:root:-- EPOCH 47 (7.367 seconds):
INFO:root:COST >> 0.4705 +/- 0.0098, % updates: 24.208%
INFO:root:-- EPOCH 48 (7.667 seconds):
INFO:root:COST >> 0.4708 +/- 0.0123, % updates: 24.246%
INFO:root:-- EPOCH 49 (7.392 seconds):
INFO:root:COST >> 0.4707 +/- 0.0114, % updates: 24.264%
INFO:root:-- EPOCH 50 (7.461 seconds):
INFO:root:COST >> 0.4705 +/- 0.0112, % updates: 24.238%
