INFO:root:Shape for training set: (16296, 483142)
INFO:root:State: {'ndim': '50', 'test_all': 'None', 'test_path': 'None', 'nhid': '50', 'lremb': '1e-06', 'seed': '9', 'simfn': 'L1', 'valid_path': 'None', 'nbatches': '10', 'lrparam': '1e-06', 'decay': '0.9', 'show_hinton_diagrams': 'False', 'no_rescaling': 'True', 'Nrel': '1345', 'ranking_score_right': 'False', 'Nent': '16296', 'Nsyn': '14951', 'method': 'MOMENTUM', 'loss_margin': '1.0', 'C': '1.0', 'epsilon': '1e-06', 'use_db': 'True', 'max_lr': 'None', 'l1_param_weight': 'None', 'filtered': 'False', 'name': 'fb15k_50/fb15k_MOMENTUM_39', 'totepochs': '50', 'l2_param_weight': 'None', 'train_path': 'data/fb15k/FB15k-train.pkl', 'op': 'TransE'}
INFO:root:Starting the Experiment ..
INFO:root:-- EPOCH 1 (6.242 seconds):
INFO:root:COST >> 2.2025 +/- 0.0078, % updates: 81.088%
INFO:root:-- EPOCH 2 (6.131 seconds):
INFO:root:COST >> 2.172 +/- 0.0115, % updates: 80.534%
INFO:root:-- EPOCH 3 (6.012 seconds):
INFO:root:COST >> 2.1359 +/- 0.0115, % updates: 79.926%
INFO:root:-- EPOCH 4 (6.031 seconds):
INFO:root:COST >> 2.0985 +/- 0.0105, % updates: 79.183%
INFO:root:-- EPOCH 5 (5.96 seconds):
INFO:root:COST >> 2.0743 +/- 0.0061, % updates: 78.553%
INFO:root:-- EPOCH 6 (6.106 seconds):
INFO:root:COST >> 2.0481 +/- 0.007, % updates: 77.978%
INFO:root:-- EPOCH 7 (6.108 seconds):
INFO:root:COST >> 2.0272 +/- 0.0095, % updates: 77.485%
INFO:root:-- EPOCH 8 (6.211 seconds):
INFO:root:COST >> 2.0064 +/- 0.0119, % updates: 77.033%
INFO:root:-- EPOCH 9 (6.375 seconds):
INFO:root:COST >> 1.9886 +/- 0.006, % updates: 76.652%
INFO:root:-- EPOCH 10 (6.01 seconds):
INFO:root:COST >> 1.9703 +/- 0.0088, % updates: 76.224%
INFO:root:-- EPOCH 11 (6.037 seconds):
INFO:root:COST >> 1.9562 +/- 0.0061, % updates: 75.798%
INFO:root:-- EPOCH 12 (6.045 seconds):
INFO:root:COST >> 1.9391 +/- 0.0073, % updates: 75.458%
INFO:root:-- EPOCH 13 (6.451 seconds):
INFO:root:COST >> 1.9276 +/- 0.0062, % updates: 75.059%
INFO:root:-- EPOCH 14 (6.835 seconds):
INFO:root:COST >> 1.9111 +/- 0.0089, % updates: 74.74%
INFO:root:-- EPOCH 15 (7.173 seconds):
INFO:root:COST >> 1.8982 +/- 0.008, % updates: 74.479%
INFO:root:-- EPOCH 16 (7.258 seconds):
INFO:root:COST >> 1.8847 +/- 0.0058, % updates: 74.033%
INFO:root:-- EPOCH 17 (7.182 seconds):
INFO:root:COST >> 1.8753 +/- 0.0075, % updates: 73.811%
INFO:root:-- EPOCH 18 (6.419 seconds):
INFO:root:COST >> 1.8608 +/- 0.0085, % updates: 73.428%
INFO:root:-- EPOCH 19 (6.021 seconds):
INFO:root:COST >> 1.8533 +/- 0.006, % updates: 73.18%
INFO:root:-- EPOCH 20 (6.048 seconds):
INFO:root:COST >> 1.8388 +/- 0.0061, % updates: 72.846%
INFO:root:-- EPOCH 21 (6.308 seconds):
INFO:root:COST >> 1.8284 +/- 0.0033, % updates: 72.635%
INFO:root:-- EPOCH 22 (6.698 seconds):
INFO:root:COST >> 1.8165 +/- 0.0083, % updates: 72.322%
INFO:root:-- EPOCH 23 (6.703 seconds):
INFO:root:COST >> 1.8086 +/- 0.0058, % updates: 72.131%
INFO:root:-- EPOCH 24 (6.766 seconds):
INFO:root:COST >> 1.7993 +/- 0.0085, % updates: 71.817%
INFO:root:-- EPOCH 25 (6.384 seconds):
INFO:root:COST >> 1.7891 +/- 0.0062, % updates: 71.589%
INFO:root:-- EPOCH 26 (6.023 seconds):
INFO:root:COST >> 1.7807 +/- 0.0078, % updates: 71.342%
INFO:root:-- EPOCH 27 (6.211 seconds):
INFO:root:COST >> 1.7707 +/- 0.0059, % updates: 71.068%
INFO:root:-- EPOCH 28 (6.462 seconds):
INFO:root:COST >> 1.7573 +/- 0.0064, % updates: 70.827%
INFO:root:-- EPOCH 29 (7.343 seconds):
INFO:root:COST >> 1.7516 +/- 0.0052, % updates: 70.577%
INFO:root:-- EPOCH 30 (6.632 seconds):
INFO:root:COST >> 1.7421 +/- 0.0065, % updates: 70.322%
INFO:root:-- EPOCH 31 (7.458 seconds):
INFO:root:COST >> 1.7347 +/- 0.0044, % updates: 70.134%
INFO:root:-- EPOCH 32 (6.375 seconds):
INFO:root:COST >> 1.7255 +/- 0.0063, % updates: 69.872%
INFO:root:-- EPOCH 33 (6.083 seconds):
INFO:root:COST >> 1.7149 +/- 0.0069, % updates: 69.719%
INFO:root:-- EPOCH 34 (6.44 seconds):
INFO:root:COST >> 1.7086 +/- 0.0062, % updates: 69.507%
INFO:root:-- EPOCH 35 (6.983 seconds):
INFO:root:COST >> 1.699 +/- 0.0073, % updates: 69.274%
INFO:root:-- EPOCH 36 (6.824 seconds):
INFO:root:COST >> 1.6929 +/- 0.0062, % updates: 69.132%
INFO:root:-- EPOCH 37 (6.833 seconds):
INFO:root:COST >> 1.6825 +/- 0.0054, % updates: 68.869%
INFO:root:-- EPOCH 38 (7.121 seconds):
INFO:root:COST >> 1.675 +/- 0.0036, % updates: 68.61%
INFO:root:-- EPOCH 39 (6.759 seconds):
INFO:root:COST >> 1.6662 +/- 0.0042, % updates: 68.403%
INFO:root:-- EPOCH 40 (6.322 seconds):
INFO:root:COST >> 1.6581 +/- 0.0059, % updates: 68.151%
INFO:root:-- EPOCH 41 (6.962 seconds):
INFO:root:COST >> 1.6522 +/- 0.0067, % updates: 68.064%
INFO:root:-- EPOCH 42 (6.253 seconds):
INFO:root:COST >> 1.6461 +/- 0.0067, % updates: 67.808%
INFO:root:-- EPOCH 43 (6.773 seconds):
INFO:root:COST >> 1.6406 +/- 0.0079, % updates: 67.668%
INFO:root:-- EPOCH 44 (6.735 seconds):
INFO:root:COST >> 1.6298 +/- 0.0054, % updates: 67.463%
INFO:root:-- EPOCH 45 (6.843 seconds):
INFO:root:COST >> 1.6222 +/- 0.0051, % updates: 67.199%
INFO:root:-- EPOCH 46 (6.719 seconds):
INFO:root:COST >> 1.6157 +/- 0.0035, % updates: 67.031%
INFO:root:-- EPOCH 47 (6.666 seconds):
INFO:root:COST >> 1.6074 +/- 0.003, % updates: 66.824%
INFO:root:-- EPOCH 48 (6.812 seconds):
INFO:root:COST >> 1.5991 +/- 0.0047, % updates: 66.493%
INFO:root:-- EPOCH 49 (6.414 seconds):
INFO:root:COST >> 1.5941 +/- 0.0069, % updates: 66.402%
INFO:root:-- EPOCH 50 (6.021 seconds):
INFO:root:COST >> 1.584 +/- 0.0065, % updates: 66.299%
