INFO:root:Shape for training set: (16296, 483142)
INFO:root:State: {'ndim': '50', 'test_all': 'None', 'test_path': 'None', 'nhid': '50', 'lremb': '0.1', 'seed': '1', 'simfn': 'L1', 'valid_path': 'None', 'nbatches': '10', 'lrparam': '0.1', 'decay': '0.9', 'show_hinton_diagrams': 'False', 'no_rescaling': 'True', 'Nrel': '1345', 'ranking_score_right': 'False', 'Nent': '16296', 'Nsyn': '14951', 'method': 'MOMENTUM', 'loss_margin': '1.0', 'C': '1.0', 'epsilon': '1e-06', 'use_db': 'True', 'max_lr': 'None', 'l1_param_weight': 'None', 'filtered': 'False', 'name': 'fb15k_50/fb15k_MOMENTUM_281', 'totepochs': '50', 'l2_param_weight': 'None', 'train_path': 'data/fb15k/FB15k-train.pkl', 'op': 'TransE'}
INFO:root:Starting the Experiment ..
INFO:root:-- EPOCH 1 (5.628 seconds):
INFO:root:COST >> 1.4759 +/- 0.7045, % updates: 47.566%
INFO:root:-- EPOCH 2 (5.65 seconds):
INFO:root:COST >> 0.9033 +/- 0.0527, % updates: 32.017%
INFO:root:-- EPOCH 3 (5.605 seconds):
INFO:root:COST >> 0.8939 +/- 0.0551, % updates: 31.725%
INFO:root:-- EPOCH 4 (5.54 seconds):
INFO:root:COST >> 0.8928 +/- 0.0583, % updates: 31.778%
INFO:root:-- EPOCH 5 (5.623 seconds):
INFO:root:COST >> 0.8931 +/- 0.0539, % updates: 31.782%
INFO:root:-- EPOCH 6 (5.566 seconds):
INFO:root:COST >> 0.8962 +/- 0.0569, % updates: 31.799%
INFO:root:-- EPOCH 7 (5.567 seconds):
INFO:root:COST >> 0.8923 +/- 0.0566, % updates: 31.726%
INFO:root:-- EPOCH 8 (5.611 seconds):
INFO:root:COST >> 0.8944 +/- 0.0585, % updates: 31.797%
INFO:root:-- EPOCH 9 (5.593 seconds):
INFO:root:COST >> 0.8961 +/- 0.0593, % updates: 31.813%
INFO:root:-- EPOCH 10 (5.587 seconds):
INFO:root:COST >> 0.8911 +/- 0.0572, % updates: 31.762%
INFO:root:-- EPOCH 11 (5.668 seconds):
INFO:root:COST >> 0.8929 +/- 0.0548, % updates: 31.723%
INFO:root:-- EPOCH 12 (5.603 seconds):
INFO:root:COST >> 0.894 +/- 0.055, % updates: 31.803%
INFO:root:-- EPOCH 13 (5.648 seconds):
INFO:root:COST >> 0.8934 +/- 0.0603, % updates: 31.759%
INFO:root:-- EPOCH 14 (5.559 seconds):
INFO:root:COST >> 0.8955 +/- 0.0561, % updates: 31.81%
INFO:root:-- EPOCH 15 (5.601 seconds):
INFO:root:COST >> 0.8934 +/- 0.0571, % updates: 31.757%
INFO:root:-- EPOCH 16 (5.568 seconds):
INFO:root:COST >> 0.8954 +/- 0.0571, % updates: 31.804%
INFO:root:-- EPOCH 17 (5.604 seconds):
INFO:root:COST >> 0.8908 +/- 0.0568, % updates: 31.693%
INFO:root:-- EPOCH 18 (5.606 seconds):
INFO:root:COST >> 0.8964 +/- 0.0563, % updates: 31.835%
INFO:root:-- EPOCH 19 (6.265 seconds):
INFO:root:COST >> 0.8923 +/- 0.0561, % updates: 31.754%
INFO:root:-- EPOCH 20 (5.753 seconds):
INFO:root:COST >> 0.8936 +/- 0.059, % updates: 31.745%
INFO:root:-- EPOCH 21 (5.634 seconds):
INFO:root:COST >> 0.8933 +/- 0.0562, % updates: 31.779%
INFO:root:-- EPOCH 22 (5.693 seconds):
INFO:root:COST >> 0.893 +/- 0.0557, % updates: 31.759%
INFO:root:-- EPOCH 23 (5.663 seconds):
INFO:root:COST >> 0.8932 +/- 0.0567, % updates: 31.717%
INFO:root:-- EPOCH 24 (5.566 seconds):
INFO:root:COST >> 0.8909 +/- 0.0568, % updates: 31.742%
INFO:root:-- EPOCH 25 (5.652 seconds):
INFO:root:COST >> 0.8968 +/- 0.06, % updates: 31.813%
INFO:root:-- EPOCH 26 (5.603 seconds):
INFO:root:COST >> 0.8914 +/- 0.0574, % updates: 31.731%
INFO:root:-- EPOCH 27 (5.524 seconds):
INFO:root:COST >> 0.8896 +/- 0.0584, % updates: 31.723%
INFO:root:-- EPOCH 28 (5.576 seconds):
INFO:root:COST >> 0.8921 +/- 0.0553, % updates: 31.767%
INFO:root:-- EPOCH 29 (5.542 seconds):
INFO:root:COST >> 0.8943 +/- 0.0544, % updates: 31.755%
INFO:root:-- EPOCH 30 (5.596 seconds):
INFO:root:COST >> 0.8948 +/- 0.0615, % updates: 31.748%
INFO:root:-- EPOCH 31 (5.633 seconds):
INFO:root:COST >> 0.8921 +/- 0.0563, % updates: 31.776%
INFO:root:-- EPOCH 32 (5.559 seconds):
INFO:root:COST >> 0.8882 +/- 0.0568, % updates: 31.657%
INFO:root:-- EPOCH 33 (5.653 seconds):
INFO:root:COST >> 0.8919 +/- 0.0545, % updates: 31.747%
INFO:root:-- EPOCH 34 (5.58 seconds):
INFO:root:COST >> 0.8945 +/- 0.0526, % updates: 31.809%
INFO:root:-- EPOCH 35 (5.642 seconds):
INFO:root:COST >> 0.8936 +/- 0.0591, % updates: 31.783%
INFO:root:-- EPOCH 36 (5.634 seconds):
INFO:root:COST >> 0.8926 +/- 0.0583, % updates: 31.715%
INFO:root:-- EPOCH 37 (5.65 seconds):
INFO:root:COST >> 0.8915 +/- 0.0566, % updates: 31.641%
INFO:root:-- EPOCH 38 (5.634 seconds):
INFO:root:COST >> 0.8948 +/- 0.0573, % updates: 31.846%
INFO:root:-- EPOCH 39 (5.659 seconds):
INFO:root:COST >> 0.8915 +/- 0.0569, % updates: 31.713%
INFO:root:-- EPOCH 40 (5.625 seconds):
INFO:root:COST >> 0.896 +/- 0.055, % updates: 31.749%
INFO:root:-- EPOCH 41 (5.602 seconds):
INFO:root:COST >> 0.8959 +/- 0.052, % updates: 31.79%
INFO:root:-- EPOCH 42 (5.687 seconds):
INFO:root:COST >> 0.8931 +/- 0.0561, % updates: 31.763%
INFO:root:-- EPOCH 43 (5.627 seconds):
INFO:root:COST >> 0.891 +/- 0.0564, % updates: 31.714%
INFO:root:-- EPOCH 44 (5.613 seconds):
INFO:root:COST >> 0.8937 +/- 0.0571, % updates: 31.801%
INFO:root:-- EPOCH 45 (5.635 seconds):
INFO:root:COST >> 0.8949 +/- 0.0566, % updates: 31.798%
INFO:root:-- EPOCH 46 (5.673 seconds):
INFO:root:COST >> 0.8913 +/- 0.0553, % updates: 31.702%
INFO:root:-- EPOCH 47 (5.604 seconds):
INFO:root:COST >> 0.8945 +/- 0.054, % updates: 31.779%
INFO:root:-- EPOCH 48 (5.023 seconds):
INFO:root:COST >> 0.8905 +/- 0.0569, % updates: 31.662%
INFO:root:-- EPOCH 49 (5.635 seconds):
INFO:root:COST >> 0.8937 +/- 0.0575, % updates: 31.722%
INFO:root:-- EPOCH 50 (5.573 seconds):
INFO:root:COST >> 0.8915 +/- 0.0542, % updates: 31.741%
