INFO:root:Shape for training set: (16296, 483142)
INFO:root:State: {'ndim': '50', 'test_all': 'None', 'test_path': 'None', 'nhid': '50', 'lremb': '1.0', 'seed': '5', 'simfn': 'L1', 'valid_path': 'None', 'nbatches': '10', 'lrparam': '1.0', 'decay': '0.9999', 'show_hinton_diagrams': 'False', 'no_rescaling': 'True', 'Nrel': '1345', 'ranking_score_right': 'False', 'Nent': '16296', 'Nsyn': '14951', 'method': 'MOMENTUM', 'loss_margin': '1.0', 'C': '1.0', 'epsilon': '1e-06', 'use_db': 'True', 'max_lr': 'None', 'l1_param_weight': 'None', 'filtered': 'False', 'name': 'fb15k_50/fb15k_MOMENTUM_305', 'totepochs': '50', 'l2_param_weight': 'None', 'train_path': 'data/fb15k/FB15k-train.pkl', 'op': 'TransE'}
INFO:root:Starting the Experiment ..
INFO:root:-- EPOCH 1 (6.308 seconds):
INFO:root:COST >> 1.4742 +/- 0.7628, % updates: 47.475%
INFO:root:-- EPOCH 2 (6.846 seconds):
INFO:root:COST >> 0.7749 +/- 0.0152, % updates: 30.02%
INFO:root:-- EPOCH 3 (7.574 seconds):
INFO:root:COST >> 0.6756 +/- 0.0215, % updates: 27.872%
INFO:root:-- EPOCH 4 (7.145 seconds):
INFO:root:COST >> 0.63 +/- 0.0234, % updates: 26.812%
INFO:root:-- EPOCH 5 (7.4 seconds):
INFO:root:COST >> 0.6 +/- 0.0224, % updates: 26.22%
INFO:root:-- EPOCH 6 (7.539 seconds):
INFO:root:COST >> 0.5797 +/- 0.0228, % updates: 25.814%
INFO:root:-- EPOCH 7 (6.175 seconds):
INFO:root:COST >> 0.564 +/- 0.0222, % updates: 25.511%
INFO:root:-- EPOCH 8 (6.403 seconds):
INFO:root:COST >> 0.5536 +/- 0.0218, % updates: 25.282%
INFO:root:-- EPOCH 9 (6.069 seconds):
INFO:root:COST >> 0.5451 +/- 0.0182, % updates: 25.189%
INFO:root:-- EPOCH 10 (6.078 seconds):
INFO:root:COST >> 0.5373 +/- 0.0177, % updates: 25.04%
INFO:root:-- EPOCH 11 (5.97 seconds):
INFO:root:COST >> 0.5301 +/- 0.0161, % updates: 24.927%
INFO:root:-- EPOCH 12 (6.152 seconds):
INFO:root:COST >> 0.5231 +/- 0.0166, % updates: 24.809%
INFO:root:-- EPOCH 13 (6.094 seconds):
INFO:root:COST >> 0.5179 +/- 0.0178, % updates: 24.736%
INFO:root:-- EPOCH 14 (5.98 seconds):
INFO:root:COST >> 0.5141 +/- 0.0172, % updates: 24.659%
INFO:root:-- EPOCH 15 (6.025 seconds):
INFO:root:COST >> 0.5115 +/- 0.0148, % updates: 24.591%
INFO:root:-- EPOCH 16 (6.929 seconds):
INFO:root:COST >> 0.5074 +/- 0.0158, % updates: 24.556%
INFO:root:-- EPOCH 17 (7.059 seconds):
INFO:root:COST >> 0.5041 +/- 0.0157, % updates: 24.548%
INFO:root:-- EPOCH 18 (6.211 seconds):
INFO:root:COST >> 0.5022 +/- 0.0156, % updates: 24.426%
INFO:root:-- EPOCH 19 (6.089 seconds):
INFO:root:COST >> 0.4975 +/- 0.0111, % updates: 24.421%
INFO:root:-- EPOCH 20 (5.971 seconds):
INFO:root:COST >> 0.4971 +/- 0.0131, % updates: 24.359%
INFO:root:-- EPOCH 21 (5.961 seconds):
INFO:root:COST >> 0.4931 +/- 0.0166, % updates: 24.345%
INFO:root:-- EPOCH 22 (6.303 seconds):
INFO:root:COST >> 0.4921 +/- 0.0163, % updates: 24.352%
INFO:root:-- EPOCH 23 (6.367 seconds):
INFO:root:COST >> 0.4895 +/- 0.0145, % updates: 24.178%
INFO:root:-- EPOCH 24 (6.108 seconds):
INFO:root:COST >> 0.4888 +/- 0.0152, % updates: 24.294%
INFO:root:-- EPOCH 25 (6.009 seconds):
INFO:root:COST >> 0.4892 +/- 0.0107, % updates: 24.337%
INFO:root:-- EPOCH 26 (5.856 seconds):
INFO:root:COST >> 0.4859 +/- 0.0141, % updates: 24.266%
INFO:root:-- EPOCH 27 (5.938 seconds):
INFO:root:COST >> 0.4846 +/- 0.0131, % updates: 24.249%
INFO:root:-- EPOCH 28 (5.869 seconds):
INFO:root:COST >> 0.483 +/- 0.0141, % updates: 24.203%
INFO:root:-- EPOCH 29 (5.909 seconds):
INFO:root:COST >> 0.4806 +/- 0.0137, % updates: 24.176%
INFO:root:-- EPOCH 30 (5.954 seconds):
INFO:root:COST >> 0.4795 +/- 0.0149, % updates: 24.173%
INFO:root:-- EPOCH 31 (6.05 seconds):
INFO:root:COST >> 0.4791 +/- 0.0139, % updates: 24.191%
INFO:root:-- EPOCH 32 (5.927 seconds):
INFO:root:COST >> 0.4799 +/- 0.0105, % updates: 24.177%
INFO:root:-- EPOCH 33 (5.919 seconds):
INFO:root:COST >> 0.476 +/- 0.0129, % updates: 24.091%
INFO:root:-- EPOCH 34 (5.986 seconds):
INFO:root:COST >> 0.4747 +/- 0.0115, % updates: 24.097%
INFO:root:-- EPOCH 35 (6.015 seconds):
INFO:root:COST >> 0.4752 +/- 0.0124, % updates: 24.086%
INFO:root:-- EPOCH 36 (6.168 seconds):
INFO:root:COST >> 0.4759 +/- 0.0143, % updates: 24.15%
INFO:root:-- EPOCH 37 (6.194 seconds):
INFO:root:COST >> 0.4731 +/- 0.0104, % updates: 24.111%
INFO:root:-- EPOCH 38 (6.139 seconds):
INFO:root:COST >> 0.4714 +/- 0.01, % updates: 24.081%
INFO:root:-- EPOCH 39 (7.232 seconds):
INFO:root:COST >> 0.473 +/- 0.0112, % updates: 24.132%
INFO:root:-- EPOCH 40 (6.988 seconds):
INFO:root:COST >> 0.4722 +/- 0.0129, % updates: 24.123%
INFO:root:-- EPOCH 41 (6.566 seconds):
INFO:root:COST >> 0.47 +/- 0.0129, % updates: 24.053%
INFO:root:-- EPOCH 42 (7.969 seconds):
INFO:root:COST >> 0.4694 +/- 0.0101, % updates: 24.047%
INFO:root:-- EPOCH 43 (7.253 seconds):
INFO:root:COST >> 0.468 +/- 0.0115, % updates: 24.009%
INFO:root:-- EPOCH 44 (6.292 seconds):
INFO:root:COST >> 0.4674 +/- 0.0129, % updates: 24.013%
INFO:root:-- EPOCH 45 (6.742 seconds):
INFO:root:COST >> 0.4667 +/- 0.0099, % updates: 24.019%
INFO:root:-- EPOCH 46 (6.071 seconds):
INFO:root:COST >> 0.4662 +/- 0.0106, % updates: 23.974%
INFO:root:-- EPOCH 47 (6.268 seconds):
INFO:root:COST >> 0.4663 +/- 0.0102, % updates: 24.021%
INFO:root:-- EPOCH 48 (5.696 seconds):
INFO:root:COST >> 0.4649 +/- 0.0108, % updates: 23.98%
INFO:root:-- EPOCH 49 (6.224 seconds):
INFO:root:COST >> 0.4642 +/- 0.0134, % updates: 23.975%
INFO:root:-- EPOCH 50 (6.257 seconds):
INFO:root:COST >> 0.4644 +/- 0.0082, % updates: 24.033%
