INFO:root:Shape for training set: (16296, 483142)
INFO:root:State: {'ndim': '50', 'test_all': 'None', 'test_path': 'None', 'nhid': '50', 'lremb': '0.1', 'seed': '6', 'simfn': 'L1', 'valid_path': 'None', 'nbatches': '10', 'lrparam': '0.1', 'decay': '0.999', 'show_hinton_diagrams': 'False', 'no_rescaling': 'True', 'Nrel': '1345', 'ranking_score_right': 'False', 'Nent': '16296', 'Nsyn': '14951', 'method': 'MOMENTUM', 'loss_margin': '1.0', 'C': '1.0', 'epsilon': '1e-06', 'use_db': 'True', 'max_lr': 'None', 'l1_param_weight': 'None', 'filtered': 'False', 'name': 'fb15k_50/fb15k_MOMENTUM_266', 'totepochs': '50', 'l2_param_weight': 'None', 'train_path': 'data/fb15k/FB15k-train.pkl', 'op': 'TransE'}
INFO:root:Starting the Experiment ..
INFO:root:-- EPOCH 1 (5.598 seconds):
INFO:root:COST >> 1.4647 +/- 0.738, % updates: 47.778%
INFO:root:-- EPOCH 2 (5.394 seconds):
INFO:root:COST >> 0.765 +/- 0.0133, % updates: 29.772%
INFO:root:-- EPOCH 3 (5.05 seconds):
INFO:root:COST >> 0.6705 +/- 0.024, % updates: 27.583%
INFO:root:-- EPOCH 4 (6.128 seconds):
INFO:root:COST >> 0.6273 +/- 0.0235, % updates: 26.66%
INFO:root:-- EPOCH 5 (5.601 seconds):
INFO:root:COST >> 0.5986 +/- 0.024, % updates: 26.044%
INFO:root:-- EPOCH 6 (5.625 seconds):
INFO:root:COST >> 0.5821 +/- 0.0224, % updates: 25.727%
INFO:root:-- EPOCH 7 (5.618 seconds):
INFO:root:COST >> 0.5654 +/- 0.0208, % updates: 25.428%
INFO:root:-- EPOCH 8 (6.776 seconds):
INFO:root:COST >> 0.5564 +/- 0.0196, % updates: 25.244%
INFO:root:-- EPOCH 9 (6.89 seconds):
INFO:root:COST >> 0.5468 +/- 0.0218, % updates: 25.045%
INFO:root:-- EPOCH 10 (6.353 seconds):
INFO:root:COST >> 0.5411 +/- 0.0175, % updates: 24.94%
INFO:root:-- EPOCH 11 (5.67 seconds):
INFO:root:COST >> 0.5339 +/- 0.019, % updates: 24.81%
INFO:root:-- EPOCH 12 (5.687 seconds):
INFO:root:COST >> 0.5283 +/- 0.0151, % updates: 24.752%
INFO:root:-- EPOCH 13 (5.626 seconds):
INFO:root:COST >> 0.5242 +/- 0.0178, % updates: 24.561%
INFO:root:-- EPOCH 14 (5.674 seconds):
INFO:root:COST >> 0.5205 +/- 0.0161, % updates: 24.613%
INFO:root:-- EPOCH 15 (5.684 seconds):
INFO:root:COST >> 0.5162 +/- 0.0198, % updates: 24.542%
INFO:root:-- EPOCH 16 (5.593 seconds):
INFO:root:COST >> 0.5135 +/- 0.0175, % updates: 24.488%
INFO:root:-- EPOCH 17 (5.679 seconds):
INFO:root:COST >> 0.511 +/- 0.0188, % updates: 24.416%
INFO:root:-- EPOCH 18 (5.683 seconds):
INFO:root:COST >> 0.5073 +/- 0.0176, % updates: 24.39%
INFO:root:-- EPOCH 19 (5.846 seconds):
INFO:root:COST >> 0.5043 +/- 0.0154, % updates: 24.336%
INFO:root:-- EPOCH 20 (5.593 seconds):
INFO:root:COST >> 0.5019 +/- 0.0158, % updates: 24.273%
INFO:root:-- EPOCH 21 (5.572 seconds):
INFO:root:COST >> 0.5017 +/- 0.0154, % updates: 24.307%
INFO:root:-- EPOCH 22 (5.561 seconds):
INFO:root:COST >> 0.4996 +/- 0.0164, % updates: 24.295%
INFO:root:-- EPOCH 23 (5.581 seconds):
INFO:root:COST >> 0.4979 +/- 0.0157, % updates: 24.241%
INFO:root:-- EPOCH 24 (5.64 seconds):
INFO:root:COST >> 0.4974 +/- 0.0129, % updates: 24.191%
INFO:root:-- EPOCH 25 (5.602 seconds):
INFO:root:COST >> 0.4945 +/- 0.0155, % updates: 24.187%
INFO:root:-- EPOCH 26 (5.605 seconds):
INFO:root:COST >> 0.4925 +/- 0.0123, % updates: 24.097%
INFO:root:-- EPOCH 27 (5.572 seconds):
INFO:root:COST >> 0.4907 +/- 0.0147, % updates: 24.075%
INFO:root:-- EPOCH 28 (5.606 seconds):
INFO:root:COST >> 0.4914 +/- 0.0148, % updates: 24.15%
INFO:root:-- EPOCH 29 (5.601 seconds):
INFO:root:COST >> 0.4895 +/- 0.016, % updates: 24.062%
INFO:root:-- EPOCH 30 (5.625 seconds):
INFO:root:COST >> 0.4883 +/- 0.0129, % updates: 24.117%
INFO:root:-- EPOCH 31 (5.628 seconds):
INFO:root:COST >> 0.4888 +/- 0.0125, % updates: 24.106%
INFO:root:-- EPOCH 32 (5.607 seconds):
INFO:root:COST >> 0.4875 +/- 0.0136, % updates: 24.057%
INFO:root:-- EPOCH 33 (5.57 seconds):
INFO:root:COST >> 0.4851 +/- 0.0147, % updates: 24.01%
INFO:root:-- EPOCH 34 (5.567 seconds):
INFO:root:COST >> 0.486 +/- 0.0144, % updates: 24.12%
INFO:root:-- EPOCH 35 (5.839 seconds):
INFO:root:COST >> 0.4853 +/- 0.0117, % updates: 24.064%
INFO:root:-- EPOCH 36 (5.65 seconds):
INFO:root:COST >> 0.4819 +/- 0.0138, % updates: 23.969%
INFO:root:-- EPOCH 37 (5.626 seconds):
INFO:root:COST >> 0.4836 +/- 0.0135, % updates: 23.98%
INFO:root:-- EPOCH 38 (5.599 seconds):
INFO:root:COST >> 0.4825 +/- 0.0124, % updates: 24.003%
INFO:root:-- EPOCH 39 (5.618 seconds):
INFO:root:COST >> 0.4814 +/- 0.0131, % updates: 24.038%
INFO:root:-- EPOCH 40 (5.634 seconds):
INFO:root:COST >> 0.4807 +/- 0.0141, % updates: 24.027%
INFO:root:-- EPOCH 41 (5.607 seconds):
INFO:root:COST >> 0.4813 +/- 0.0121, % updates: 24.002%
INFO:root:-- EPOCH 42 (5.602 seconds):
INFO:root:COST >> 0.4793 +/- 0.0146, % updates: 23.953%
INFO:root:-- EPOCH 43 (5.578 seconds):
INFO:root:COST >> 0.4786 +/- 0.0138, % updates: 23.953%
INFO:root:-- EPOCH 44 (5.65 seconds):
INFO:root:COST >> 0.4779 +/- 0.0119, % updates: 23.933%
INFO:root:-- EPOCH 45 (5.622 seconds):
INFO:root:COST >> 0.4788 +/- 0.014, % updates: 24.016%
INFO:root:-- EPOCH 46 (5.61 seconds):
INFO:root:COST >> 0.4783 +/- 0.0089, % updates: 24.008%
INFO:root:-- EPOCH 47 (5.612 seconds):
INFO:root:COST >> 0.4762 +/- 0.0115, % updates: 23.911%
INFO:root:-- EPOCH 48 (5.611 seconds):
INFO:root:COST >> 0.4761 +/- 0.0144, % updates: 23.951%
INFO:root:-- EPOCH 49 (5.596 seconds):
INFO:root:COST >> 0.4763 +/- 0.0126, % updates: 23.942%
INFO:root:-- EPOCH 50 (5.601 seconds):
INFO:root:COST >> 0.4767 +/- 0.0128, % updates: 23.981%
