INFO:root:Shape for training set: (16296, 483142)
INFO:root:State: {'ndim': '50', 'test_all': 'None', 'test_path': 'None', 'nhid': '50', 'lremb': '1.0', 'seed': '6', 'simfn': 'L1', 'valid_path': 'None', 'nbatches': '10', 'lrparam': '1.0', 'decay': '0.99', 'show_hinton_diagrams': 'False', 'no_rescaling': 'True', 'Nrel': '1345', 'ranking_score_right': 'False', 'Nent': '16296', 'Nsyn': '14951', 'method': 'MOMENTUM', 'loss_margin': '1.0', 'C': '1.0', 'epsilon': '1e-06', 'use_db': 'True', 'max_lr': 'None', 'l1_param_weight': 'None', 'filtered': 'False', 'name': 'fb15k_50/fb15k_MOMENTUM_326', 'totepochs': '50', 'l2_param_weight': 'None', 'train_path': 'data/fb15k/FB15k-train.pkl', 'op': 'TransE'}
INFO:root:Starting the Experiment ..
INFO:root:-- EPOCH 1 (7.714 seconds):
INFO:root:COST >> 1.4744 +/- 0.7552, % updates: 47.125%
INFO:root:-- EPOCH 2 (7.741 seconds):
INFO:root:COST >> 0.7896 +/- 0.0174, % updates: 30.106%
INFO:root:-- EPOCH 3 (7.608 seconds):
INFO:root:COST >> 0.701 +/- 0.0259, % updates: 28.126%
INFO:root:-- EPOCH 4 (8.11 seconds):
INFO:root:COST >> 0.6595 +/- 0.0275, % updates: 27.271%
INFO:root:-- EPOCH 5 (8.109 seconds):
INFO:root:COST >> 0.6368 +/- 0.0292, % updates: 26.816%
INFO:root:-- EPOCH 6 (7.034 seconds):
INFO:root:COST >> 0.6231 +/- 0.029, % updates: 26.595%
INFO:root:-- EPOCH 7 (6.836 seconds):
INFO:root:COST >> 0.6135 +/- 0.0273, % updates: 26.431%
INFO:root:-- EPOCH 8 (6.942 seconds):
INFO:root:COST >> 0.6052 +/- 0.0284, % updates: 26.246%
INFO:root:-- EPOCH 9 (6.902 seconds):
INFO:root:COST >> 0.6011 +/- 0.0295, % updates: 26.195%
INFO:root:-- EPOCH 10 (6.894 seconds):
INFO:root:COST >> 0.5967 +/- 0.0258, % updates: 26.167%
INFO:root:-- EPOCH 11 (6.824 seconds):
INFO:root:COST >> 0.5916 +/- 0.0273, % updates: 26.122%
INFO:root:-- EPOCH 12 (7.089 seconds):
INFO:root:COST >> 0.588 +/- 0.0227, % updates: 26.002%
INFO:root:-- EPOCH 13 (6.996 seconds):
INFO:root:COST >> 0.5873 +/- 0.0279, % updates: 26.018%
INFO:root:-- EPOCH 14 (7.067 seconds):
INFO:root:COST >> 0.5855 +/- 0.0252, % updates: 26.032%
INFO:root:-- EPOCH 15 (6.829 seconds):
INFO:root:COST >> 0.5842 +/- 0.0272, % updates: 25.975%
INFO:root:-- EPOCH 16 (7.109 seconds):
INFO:root:COST >> 0.5835 +/- 0.0265, % updates: 25.98%
INFO:root:-- EPOCH 17 (7.355 seconds):
INFO:root:COST >> 0.5827 +/- 0.0268, % updates: 25.976%
INFO:root:-- EPOCH 18 (7.078 seconds):
INFO:root:COST >> 0.5819 +/- 0.0272, % updates: 25.948%
INFO:root:-- EPOCH 19 (7.037 seconds):
INFO:root:COST >> 0.5798 +/- 0.0253, % updates: 25.922%
INFO:root:-- EPOCH 20 (7.138 seconds):
INFO:root:COST >> 0.579 +/- 0.0251, % updates: 25.895%
INFO:root:-- EPOCH 21 (7.692 seconds):
INFO:root:COST >> 0.5798 +/- 0.0244, % updates: 25.939%
INFO:root:-- EPOCH 22 (8.257 seconds):
INFO:root:COST >> 0.5796 +/- 0.0257, % updates: 25.905%
INFO:root:-- EPOCH 23 (8.197 seconds):
INFO:root:COST >> 0.5785 +/- 0.0244, % updates: 25.901%
INFO:root:-- EPOCH 24 (8.049 seconds):
INFO:root:COST >> 0.578 +/- 0.0224, % updates: 25.905%
INFO:root:-- EPOCH 25 (8.127 seconds):
INFO:root:COST >> 0.5773 +/- 0.0252, % updates: 25.915%
INFO:root:-- EPOCH 26 (7.436 seconds):
INFO:root:COST >> 0.5768 +/- 0.0229, % updates: 25.822%
INFO:root:-- EPOCH 27 (5.753 seconds):
INFO:root:COST >> 0.5752 +/- 0.0253, % updates: 25.819%
INFO:root:-- EPOCH 28 (5.961 seconds):
INFO:root:COST >> 0.5775 +/- 0.0288, % updates: 25.904%
INFO:root:-- EPOCH 29 (6.395 seconds):
INFO:root:COST >> 0.5759 +/- 0.0273, % updates: 25.858%
INFO:root:-- EPOCH 30 (6.563 seconds):
INFO:root:COST >> 0.5776 +/- 0.024, % updates: 25.936%
INFO:root:-- EPOCH 31 (6.562 seconds):
INFO:root:COST >> 0.5773 +/- 0.0236, % updates: 25.874%
INFO:root:-- EPOCH 32 (6.656 seconds):
INFO:root:COST >> 0.5776 +/- 0.0243, % updates: 25.88%
INFO:root:-- EPOCH 33 (7.069 seconds):
INFO:root:COST >> 0.576 +/- 0.0272, % updates: 25.862%
INFO:root:-- EPOCH 34 (6.848 seconds):
INFO:root:COST >> 0.5776 +/- 0.0262, % updates: 25.928%
INFO:root:-- EPOCH 35 (6.66 seconds):
INFO:root:COST >> 0.5769 +/- 0.0232, % updates: 25.916%
INFO:root:-- EPOCH 36 (6.6 seconds):
INFO:root:COST >> 0.5752 +/- 0.0251, % updates: 25.878%
INFO:root:-- EPOCH 37 (6.818 seconds):
INFO:root:COST >> 0.5767 +/- 0.0241, % updates: 25.859%
INFO:root:-- EPOCH 38 (6.546 seconds):
INFO:root:COST >> 0.576 +/- 0.0241, % updates: 25.891%
INFO:root:-- EPOCH 39 (6.796 seconds):
INFO:root:COST >> 0.5761 +/- 0.0242, % updates: 25.88%
INFO:root:-- EPOCH 40 (6.826 seconds):
INFO:root:COST >> 0.576 +/- 0.0272, % updates: 25.876%
INFO:root:-- EPOCH 41 (6.873 seconds):
INFO:root:COST >> 0.5757 +/- 0.0234, % updates: 25.859%
INFO:root:-- EPOCH 42 (7.037 seconds):
INFO:root:COST >> 0.5761 +/- 0.0249, % updates: 25.865%
INFO:root:-- EPOCH 43 (7.216 seconds):
INFO:root:COST >> 0.5769 +/- 0.0279, % updates: 25.874%
INFO:root:-- EPOCH 44 (7.126 seconds):
INFO:root:COST >> 0.5759 +/- 0.0235, % updates: 25.878%
INFO:root:-- EPOCH 45 (6.858 seconds):
INFO:root:COST >> 0.5771 +/- 0.0267, % updates: 25.89%
INFO:root:-- EPOCH 46 (7.298 seconds):
INFO:root:COST >> 0.5754 +/- 0.0221, % updates: 25.937%
INFO:root:-- EPOCH 47 (6.819 seconds):
INFO:root:COST >> 0.576 +/- 0.0243, % updates: 25.841%
INFO:root:-- EPOCH 48 (7.027 seconds):
INFO:root:COST >> 0.576 +/- 0.0265, % updates: 25.921%
INFO:root:-- EPOCH 49 (6.875 seconds):
INFO:root:COST >> 0.5762 +/- 0.0257, % updates: 25.88%
INFO:root:-- EPOCH 50 (6.875 seconds):
INFO:root:COST >> 0.5767 +/- 0.0244, % updates: 25.885%
