INFO:root:Shape for training set: (16296, 483142)
INFO:root:State: {'ndim': '50', 'test_all': 'None', 'test_path': 'None', 'nhid': '50', 'lremb': '1e-06', 'seed': '9', 'simfn': 'L1', 'valid_path': 'None', 'nbatches': '10', 'lrparam': '1e-06', 'decay': '0.5', 'show_hinton_diagrams': 'False', 'no_rescaling': 'True', 'Nrel': '1345', 'ranking_score_right': 'False', 'Nent': '16296', 'Nsyn': '14951', 'method': 'MOMENTUM', 'loss_margin': '1.0', 'C': '1.0', 'epsilon': '1e-06', 'use_db': 'True', 'max_lr': 'None', 'l1_param_weight': 'None', 'filtered': 'False', 'name': 'fb15k_50/fb15k_MOMENTUM_49', 'totepochs': '50', 'l2_param_weight': 'None', 'train_path': 'data/fb15k/FB15k-train.pkl', 'op': 'TransE'}
INFO:root:Starting the Experiment ..
INFO:root:-- EPOCH 1 (6.168 seconds):
INFO:root:COST >> 2.2055 +/- 0.0073, % updates: 81.132%
INFO:root:-- EPOCH 2 (6.09 seconds):
INFO:root:COST >> 2.1947 +/- 0.0064, % updates: 80.92%
INFO:root:-- EPOCH 3 (6.016 seconds):
INFO:root:COST >> 2.1852 +/- 0.007, % updates: 80.857%
INFO:root:-- EPOCH 4 (6.038 seconds):
INFO:root:COST >> 2.1716 +/- 0.007, % updates: 80.671%
INFO:root:-- EPOCH 5 (6.062 seconds):
INFO:root:COST >> 2.1673 +/- 0.0051, % updates: 80.498%
INFO:root:-- EPOCH 6 (6.083 seconds):
INFO:root:COST >> 2.1569 +/- 0.005, % updates: 80.348%
INFO:root:-- EPOCH 7 (6.055 seconds):
INFO:root:COST >> 2.1505 +/- 0.0086, % updates: 80.176%
INFO:root:-- EPOCH 8 (5.967 seconds):
INFO:root:COST >> 2.142 +/- 0.0079, % updates: 80.058%
INFO:root:-- EPOCH 9 (6.067 seconds):
INFO:root:COST >> 2.1355 +/- 0.0058, % updates: 79.944%
INFO:root:-- EPOCH 10 (6.025 seconds):
INFO:root:COST >> 2.1278 +/- 0.007, % updates: 79.771%
INFO:root:-- EPOCH 11 (6.111 seconds):
INFO:root:COST >> 2.1231 +/- 0.0056, % updates: 79.635%
INFO:root:-- EPOCH 12 (6.03 seconds):
INFO:root:COST >> 2.1143 +/- 0.0054, % updates: 79.528%
INFO:root:-- EPOCH 13 (6.0 seconds):
INFO:root:COST >> 2.112 +/- 0.0051, % updates: 79.377%
INFO:root:-- EPOCH 14 (6.075 seconds):
INFO:root:COST >> 2.1026 +/- 0.0085, % updates: 79.275%
INFO:root:-- EPOCH 15 (6.064 seconds):
INFO:root:COST >> 2.0971 +/- 0.0088, % updates: 79.188%
INFO:root:-- EPOCH 16 (6.026 seconds):
INFO:root:COST >> 2.0902 +/- 0.0045, % updates: 78.949%
INFO:root:-- EPOCH 17 (6.06 seconds):
INFO:root:COST >> 2.0884 +/- 0.0075, % updates: 78.929%
INFO:root:-- EPOCH 18 (6.044 seconds):
INFO:root:COST >> 2.0795 +/- 0.0077, % updates: 78.789%
INFO:root:-- EPOCH 19 (6.029 seconds):
INFO:root:COST >> 2.0791 +/- 0.006, % updates: 78.685%
INFO:root:-- EPOCH 20 (6.409 seconds):
INFO:root:COST >> 2.0692 +/- 0.0068, % updates: 78.523%
INFO:root:-- EPOCH 21 (7.14 seconds):
INFO:root:COST >> 2.0653 +/- 0.0033, % updates: 78.474%
INFO:root:-- EPOCH 22 (5.986 seconds):
INFO:root:COST >> 2.0584 +/- 0.0077, % updates: 78.322%
INFO:root:-- EPOCH 23 (6.016 seconds):
INFO:root:COST >> 2.057 +/- 0.0052, % updates: 78.3%
INFO:root:-- EPOCH 24 (6.006 seconds):
INFO:root:COST >> 2.0524 +/- 0.0073, % updates: 78.148%
INFO:root:-- EPOCH 25 (5.965 seconds):
INFO:root:COST >> 2.0468 +/- 0.0059, % updates: 78.026%
INFO:root:-- EPOCH 26 (6.067 seconds):
INFO:root:COST >> 2.044 +/- 0.0073, % updates: 77.943%
INFO:root:-- EPOCH 27 (6.01 seconds):
INFO:root:COST >> 2.0385 +/- 0.006, % updates: 77.774%
INFO:root:-- EPOCH 28 (6.015 seconds):
INFO:root:COST >> 2.0306 +/- 0.0065, % updates: 77.715%
INFO:root:-- EPOCH 29 (6.004 seconds):
INFO:root:COST >> 2.0289 +/- 0.0058, % updates: 77.601%
INFO:root:-- EPOCH 30 (6.037 seconds):
INFO:root:COST >> 2.0244 +/- 0.0058, % updates: 77.467%
INFO:root:-- EPOCH 31 (6.12 seconds):
INFO:root:COST >> 2.0215 +/- 0.0053, % updates: 77.417%
INFO:root:-- EPOCH 32 (5.963 seconds):
INFO:root:COST >> 2.0173 +/- 0.0062, % updates: 77.342%
INFO:root:-- EPOCH 33 (6.0 seconds):
INFO:root:COST >> 2.0122 +/- 0.0089, % updates: 77.24%
INFO:root:-- EPOCH 34 (6.015 seconds):
INFO:root:COST >> 2.0095 +/- 0.0067, % updates: 77.245%
INFO:root:-- EPOCH 35 (6.013 seconds):
INFO:root:COST >> 2.005 +/- 0.0075, % updates: 77.098%
INFO:root:-- EPOCH 36 (6.02 seconds):
INFO:root:COST >> 2.0026 +/- 0.0077, % updates: 77.036%
INFO:root:-- EPOCH 37 (6.018 seconds):
INFO:root:COST >> 1.9964 +/- 0.0058, % updates: 76.961%
INFO:root:-- EPOCH 38 (6.002 seconds):
INFO:root:COST >> 1.9933 +/- 0.005, % updates: 76.804%
INFO:root:-- EPOCH 39 (6.013 seconds):
INFO:root:COST >> 1.9884 +/- 0.0037, % updates: 76.724%
INFO:root:-- EPOCH 40 (5.97 seconds):
INFO:root:COST >> 1.9849 +/- 0.0061, % updates: 76.623%
INFO:root:-- EPOCH 41 (6.034 seconds):
INFO:root:COST >> 1.9829 +/- 0.0089, % updates: 76.626%
INFO:root:-- EPOCH 42 (6.053 seconds):
INFO:root:COST >> 1.9804 +/- 0.0059, % updates: 76.484%
INFO:root:-- EPOCH 43 (6.011 seconds):
INFO:root:COST >> 1.9796 +/- 0.0081, % updates: 76.407%
INFO:root:-- EPOCH 44 (6.021 seconds):
INFO:root:COST >> 1.9713 +/- 0.0049, % updates: 76.33%
INFO:root:-- EPOCH 45 (5.996 seconds):
INFO:root:COST >> 1.9701 +/- 0.0034, % updates: 76.245%
INFO:root:-- EPOCH 46 (5.936 seconds):
INFO:root:COST >> 1.9666 +/- 0.0037, % updates: 76.188%
INFO:root:-- EPOCH 47 (6.095 seconds):
INFO:root:COST >> 1.963 +/- 0.0039, % updates: 76.071%
INFO:root:-- EPOCH 48 (5.992 seconds):
INFO:root:COST >> 1.9567 +/- 0.0058, % updates: 75.911%
INFO:root:-- EPOCH 49 (6.007 seconds):
INFO:root:COST >> 1.9579 +/- 0.006, % updates: 75.916%
INFO:root:-- EPOCH 50 (6.05 seconds):
INFO:root:COST >> 1.9513 +/- 0.0054, % updates: 75.834%
