INFO:root:Shape for training set: (16296, 483142)
INFO:root:State: {'ndim': '50', 'test_all': 'None', 'test_path': 'None', 'nhid': '50', 'lremb': '10.0', 'seed': '6', 'simfn': 'L1', 'valid_path': 'None', 'nbatches': '10', 'lrparam': '10.0', 'decay': '0.9', 'show_hinton_diagrams': 'False', 'no_rescaling': 'True', 'Nrel': '1345', 'ranking_score_right': 'False', 'Nent': '16296', 'Nsyn': '14951', 'method': 'MOMENTUM', 'loss_margin': '1.0', 'C': '1.0', 'epsilon': '1e-06', 'use_db': 'True', 'max_lr': 'None', 'l1_param_weight': 'None', 'filtered': 'False', 'name': 'fb15k_50/fb15k_MOMENTUM_386', 'totepochs': '50', 'l2_param_weight': 'None', 'train_path': 'data/fb15k/FB15k-train.pkl', 'op': 'TransE'}
INFO:root:Starting the Experiment ..
INFO:root:-- EPOCH 1 (5.946 seconds):
INFO:root:COST >> 1.4873 +/- 0.7466, % updates: 46.709%
INFO:root:-- EPOCH 2 (6.265 seconds):
INFO:root:COST >> 0.9235 +/- 0.0498, % updates: 32.014%
INFO:root:-- EPOCH 3 (6.806 seconds):
INFO:root:COST >> 0.9108 +/- 0.0546, % updates: 31.684%
INFO:root:-- EPOCH 4 (6.95 seconds):
INFO:root:COST >> 0.9138 +/- 0.0544, % updates: 31.832%
INFO:root:-- EPOCH 5 (6.337 seconds):
INFO:root:COST >> 0.9103 +/- 0.0547, % updates: 31.772%
INFO:root:-- EPOCH 6 (6.814 seconds):
INFO:root:COST >> 0.9087 +/- 0.0532, % updates: 31.779%
INFO:root:-- EPOCH 7 (6.064 seconds):
INFO:root:COST >> 0.9112 +/- 0.0548, % updates: 31.749%
INFO:root:-- EPOCH 8 (6.295 seconds):
INFO:root:COST >> 0.9123 +/- 0.0556, % updates: 31.785%
INFO:root:-- EPOCH 9 (7.166 seconds):
INFO:root:COST >> 0.9101 +/- 0.0578, % updates: 31.846%
INFO:root:-- EPOCH 10 (6.996 seconds):
INFO:root:COST >> 0.9119 +/- 0.0514, % updates: 31.791%
INFO:root:-- EPOCH 11 (6.689 seconds):
INFO:root:COST >> 0.9107 +/- 0.0547, % updates: 31.836%
INFO:root:-- EPOCH 12 (6.928 seconds):
INFO:root:COST >> 0.9082 +/- 0.0517, % updates: 31.735%
INFO:root:-- EPOCH 13 (7.786 seconds):
INFO:root:COST >> 0.91 +/- 0.0544, % updates: 31.782%
INFO:root:-- EPOCH 14 (7.653 seconds):
INFO:root:COST >> 0.9133 +/- 0.0534, % updates: 31.781%
INFO:root:-- EPOCH 15 (6.298 seconds):
INFO:root:COST >> 0.9126 +/- 0.0568, % updates: 31.778%
INFO:root:-- EPOCH 16 (6.151 seconds):
INFO:root:COST >> 0.9115 +/- 0.0542, % updates: 31.784%
INFO:root:-- EPOCH 17 (5.994 seconds):
INFO:root:COST >> 0.9125 +/- 0.056, % updates: 31.785%
INFO:root:-- EPOCH 18 (6.011 seconds):
INFO:root:COST >> 0.9118 +/- 0.0538, % updates: 31.8%
INFO:root:-- EPOCH 19 (6.004 seconds):
INFO:root:COST >> 0.9087 +/- 0.0521, % updates: 31.82%
INFO:root:-- EPOCH 20 (5.965 seconds):
INFO:root:COST >> 0.9099 +/- 0.0497, % updates: 31.737%
INFO:root:-- EPOCH 21 (5.998 seconds):
INFO:root:COST >> 0.9104 +/- 0.0529, % updates: 31.756%
INFO:root:-- EPOCH 22 (5.975 seconds):
INFO:root:COST >> 0.9111 +/- 0.0537, % updates: 31.742%
INFO:root:-- EPOCH 23 (5.983 seconds):
INFO:root:COST >> 0.9111 +/- 0.052, % updates: 31.811%
INFO:root:-- EPOCH 24 (5.917 seconds):
INFO:root:COST >> 0.9106 +/- 0.0496, % updates: 31.787%
INFO:root:-- EPOCH 25 (5.895 seconds):
INFO:root:COST >> 0.9109 +/- 0.0527, % updates: 31.798%
INFO:root:-- EPOCH 26 (6.089 seconds):
INFO:root:COST >> 0.9104 +/- 0.0479, % updates: 31.807%
INFO:root:-- EPOCH 27 (5.971 seconds):
INFO:root:COST >> 0.9078 +/- 0.0548, % updates: 31.681%
INFO:root:-- EPOCH 28 (5.95 seconds):
INFO:root:COST >> 0.9109 +/- 0.0568, % updates: 31.803%
INFO:root:-- EPOCH 29 (5.96 seconds):
INFO:root:COST >> 0.9094 +/- 0.0568, % updates: 31.762%
INFO:root:-- EPOCH 30 (5.919 seconds):
INFO:root:COST >> 0.9126 +/- 0.0546, % updates: 31.821%
INFO:root:-- EPOCH 31 (5.955 seconds):
INFO:root:COST >> 0.9097 +/- 0.0527, % updates: 31.802%
INFO:root:-- EPOCH 32 (6.064 seconds):
INFO:root:COST >> 0.9141 +/- 0.0523, % updates: 31.798%
INFO:root:-- EPOCH 33 (5.855 seconds):
INFO:root:COST >> 0.9067 +/- 0.0568, % updates: 31.737%
INFO:root:-- EPOCH 34 (5.992 seconds):
INFO:root:COST >> 0.9128 +/- 0.0541, % updates: 31.884%
INFO:root:-- EPOCH 35 (5.846 seconds):
INFO:root:COST >> 0.9134 +/- 0.0492, % updates: 31.809%
INFO:root:-- EPOCH 36 (6.002 seconds):
INFO:root:COST >> 0.9052 +/- 0.0548, % updates: 31.712%
INFO:root:-- EPOCH 37 (5.996 seconds):
INFO:root:COST >> 0.9108 +/- 0.0549, % updates: 31.713%
INFO:root:-- EPOCH 38 (5.994 seconds):
INFO:root:COST >> 0.9088 +/- 0.0541, % updates: 31.785%
INFO:root:-- EPOCH 39 (5.991 seconds):
INFO:root:COST >> 0.9105 +/- 0.0533, % updates: 31.801%
INFO:root:-- EPOCH 40 (5.967 seconds):
INFO:root:COST >> 0.9106 +/- 0.0548, % updates: 31.745%
INFO:root:-- EPOCH 41 (5.981 seconds):
INFO:root:COST >> 0.9115 +/- 0.0522, % updates: 31.81%
INFO:root:-- EPOCH 42 (6.342 seconds):
INFO:root:COST >> 0.9118 +/- 0.0548, % updates: 31.822%
INFO:root:-- EPOCH 43 (7.303 seconds):
INFO:root:COST >> 0.9125 +/- 0.0568, % updates: 31.808%
INFO:root:-- EPOCH 44 (7.265 seconds):
INFO:root:COST >> 0.9093 +/- 0.0517, % updates: 31.771%
INFO:root:-- EPOCH 45 (5.976 seconds):
INFO:root:COST >> 0.9132 +/- 0.0542, % updates: 31.807%
INFO:root:-- EPOCH 46 (5.965 seconds):
INFO:root:COST >> 0.9106 +/- 0.0494, % updates: 31.812%
INFO:root:-- EPOCH 47 (6.028 seconds):
INFO:root:COST >> 0.9113 +/- 0.0564, % updates: 31.768%
INFO:root:-- EPOCH 48 (5.869 seconds):
INFO:root:COST >> 0.9115 +/- 0.0582, % updates: 31.817%
INFO:root:-- EPOCH 49 (6.043 seconds):
INFO:root:COST >> 0.9114 +/- 0.0553, % updates: 31.803%
INFO:root:-- EPOCH 50 (6.057 seconds):
INFO:root:COST >> 0.9115 +/- 0.054, % updates: 31.772%
