INFO:root:Shape for training set: (16296, 483142)
INFO:root:State: {'ndim': '50', 'test_all': 'None', 'test_path': 'None', 'nhid': '50', 'lremb': '1.0', 'seed': '6', 'simfn': 'L1', 'valid_path': 'None', 'nbatches': '10', 'lrparam': '1.0', 'decay': '0.999', 'show_hinton_diagrams': 'False', 'no_rescaling': 'True', 'Nrel': '1345', 'ranking_score_right': 'False', 'Nent': '16296', 'Nsyn': '14951', 'method': 'MOMENTUM', 'loss_margin': '1.0', 'C': '1.0', 'epsilon': '1e-06', 'use_db': 'True', 'max_lr': 'None', 'l1_param_weight': 'None', 'filtered': 'False', 'name': 'fb15k_50/fb15k_MOMENTUM_316', 'totepochs': '50', 'l2_param_weight': 'None', 'train_path': 'data/fb15k/FB15k-train.pkl', 'op': 'TransE'}
INFO:root:Starting the Experiment ..
INFO:root:-- EPOCH 1 (6.309 seconds):
INFO:root:COST >> 1.474 +/- 0.7556, % updates: 47.192%
INFO:root:-- EPOCH 2 (5.867 seconds):
INFO:root:COST >> 0.7808 +/- 0.0155, % updates: 30.035%
INFO:root:-- EPOCH 3 (6.861 seconds):
INFO:root:COST >> 0.6846 +/- 0.0216, % updates: 27.917%
INFO:root:-- EPOCH 4 (6.927 seconds):
INFO:root:COST >> 0.6368 +/- 0.0236, % updates: 26.963%
INFO:root:-- EPOCH 5 (6.184 seconds):
INFO:root:COST >> 0.6084 +/- 0.0237, % updates: 26.372%
INFO:root:-- EPOCH 6 (5.97 seconds):
INFO:root:COST >> 0.5902 +/- 0.0234, % updates: 26.055%
INFO:root:-- EPOCH 7 (6.173 seconds):
INFO:root:COST >> 0.5748 +/- 0.0206, % updates: 25.757%
INFO:root:-- EPOCH 8 (6.505 seconds):
INFO:root:COST >> 0.5631 +/- 0.0206, % updates: 25.575%
INFO:root:-- EPOCH 9 (6.728 seconds):
INFO:root:COST >> 0.5555 +/- 0.0213, % updates: 25.448%
INFO:root:-- EPOCH 10 (6.638 seconds):
INFO:root:COST >> 0.548 +/- 0.0178, % updates: 25.306%
INFO:root:-- EPOCH 11 (6.332 seconds):
INFO:root:COST >> 0.5398 +/- 0.0183, % updates: 25.21%
INFO:root:-- EPOCH 12 (6.369 seconds):
INFO:root:COST >> 0.5335 +/- 0.0152, % updates: 25.078%
INFO:root:-- EPOCH 13 (6.179 seconds):
INFO:root:COST >> 0.5301 +/- 0.02, % updates: 25.011%
INFO:root:-- EPOCH 14 (6.056 seconds):
INFO:root:COST >> 0.5256 +/- 0.0164, % updates: 24.982%
INFO:root:-- EPOCH 15 (6.63 seconds):
INFO:root:COST >> 0.5229 +/- 0.018, % updates: 24.913%
INFO:root:-- EPOCH 16 (6.005 seconds):
INFO:root:COST >> 0.52 +/- 0.0181, % updates: 24.902%
INFO:root:-- EPOCH 17 (6.045 seconds):
INFO:root:COST >> 0.5162 +/- 0.0182, % updates: 24.854%
INFO:root:-- EPOCH 18 (6.016 seconds):
INFO:root:COST >> 0.5141 +/- 0.0176, % updates: 24.795%
INFO:root:-- EPOCH 19 (6.17 seconds):
INFO:root:COST >> 0.5099 +/- 0.0149, % updates: 24.715%
INFO:root:-- EPOCH 20 (6.116 seconds):
INFO:root:COST >> 0.5081 +/- 0.0151, % updates: 24.711%
INFO:root:-- EPOCH 21 (6.157 seconds):
INFO:root:COST >> 0.5075 +/- 0.0151, % updates: 24.715%
INFO:root:-- EPOCH 22 (6.172 seconds):
INFO:root:COST >> 0.5046 +/- 0.015, % updates: 24.645%
INFO:root:-- EPOCH 23 (6.143 seconds):
INFO:root:COST >> 0.5022 +/- 0.0152, % updates: 24.593%
INFO:root:-- EPOCH 24 (6.286 seconds):
INFO:root:COST >> 0.5009 +/- 0.0127, % updates: 24.585%
INFO:root:-- EPOCH 25 (5.965 seconds):
INFO:root:COST >> 0.4985 +/- 0.0152, % updates: 24.574%
INFO:root:-- EPOCH 26 (6.373 seconds):
INFO:root:COST >> 0.497 +/- 0.0128, % updates: 24.496%
INFO:root:-- EPOCH 27 (6.104 seconds):
INFO:root:COST >> 0.4952 +/- 0.0149, % updates: 24.484%
INFO:root:-- EPOCH 28 (6.208 seconds):
INFO:root:COST >> 0.4955 +/- 0.0165, % updates: 24.511%
INFO:root:-- EPOCH 29 (6.213 seconds):
INFO:root:COST >> 0.4935 +/- 0.0163, % updates: 24.451%
INFO:root:-- EPOCH 30 (5.958 seconds):
INFO:root:COST >> 0.4931 +/- 0.013, % updates: 24.486%
INFO:root:-- EPOCH 31 (6.11 seconds):
INFO:root:COST >> 0.4928 +/- 0.0124, % updates: 24.491%
INFO:root:-- EPOCH 32 (6.159 seconds):
INFO:root:COST >> 0.4927 +/- 0.0126, % updates: 24.494%
INFO:root:-- EPOCH 33 (6.801 seconds):
INFO:root:COST >> 0.4899 +/- 0.0146, % updates: 24.459%
INFO:root:-- EPOCH 34 (7.043 seconds):
INFO:root:COST >> 0.4904 +/- 0.0143, % updates: 24.574%
INFO:root:-- EPOCH 35 (7.256 seconds):
INFO:root:COST >> 0.4892 +/- 0.0119, % updates: 24.478%
INFO:root:-- EPOCH 36 (6.225 seconds):
INFO:root:COST >> 0.4865 +/- 0.0137, % updates: 24.416%
INFO:root:-- EPOCH 37 (6.338 seconds):
INFO:root:COST >> 0.4881 +/- 0.0129, % updates: 24.395%
INFO:root:-- EPOCH 38 (6.863 seconds):
INFO:root:COST >> 0.4865 +/- 0.0126, % updates: 24.427%
INFO:root:-- EPOCH 39 (7.461 seconds):
INFO:root:COST >> 0.4851 +/- 0.0121, % updates: 24.45%
INFO:root:-- EPOCH 40 (6.913 seconds):
INFO:root:COST >> 0.4854 +/- 0.0145, % updates: 24.421%
INFO:root:-- EPOCH 41 (6.4 seconds):
INFO:root:COST >> 0.4844 +/- 0.0115, % updates: 24.385%
INFO:root:-- EPOCH 42 (6.858 seconds):
INFO:root:COST >> 0.4835 +/- 0.0126, % updates: 24.41%
INFO:root:-- EPOCH 43 (6.426 seconds):
INFO:root:COST >> 0.483 +/- 0.0147, % updates: 24.398%
INFO:root:-- EPOCH 44 (6.613 seconds):
INFO:root:COST >> 0.4826 +/- 0.0119, % updates: 24.394%
INFO:root:-- EPOCH 45 (7.004 seconds):
INFO:root:COST >> 0.4818 +/- 0.0133, % updates: 24.339%
INFO:root:-- EPOCH 46 (6.364 seconds):
INFO:root:COST >> 0.4816 +/- 0.0099, % updates: 24.374%
INFO:root:-- EPOCH 47 (6.097 seconds):
INFO:root:COST >> 0.4802 +/- 0.0118, % updates: 24.343%
INFO:root:-- EPOCH 48 (6.767 seconds):
INFO:root:COST >> 0.4803 +/- 0.0142, % updates: 24.348%
INFO:root:-- EPOCH 49 (6.058 seconds):
INFO:root:COST >> 0.4803 +/- 0.0129, % updates: 24.345%
INFO:root:-- EPOCH 50 (6.27 seconds):
INFO:root:COST >> 0.4807 +/- 0.013, % updates: 24.364%
