INFO:root:Shape for training set: (16296, 483142)
INFO:root:State: {'ndim': '50', 'test_all': 'None', 'test_path': 'None', 'nhid': '50', 'lremb': '1e-06', 'seed': '7', 'simfn': 'L1', 'valid_path': 'None', 'nbatches': '10', 'lrparam': '1e-06', 'decay': '0.9999', 'show_hinton_diagrams': 'False', 'no_rescaling': 'True', 'Nrel': '1345', 'ranking_score_right': 'False', 'Nent': '16296', 'Nsyn': '14951', 'method': 'MOMENTUM', 'loss_margin': '1.0', 'C': '1.0', 'epsilon': '1e-06', 'use_db': 'True', 'max_lr': 'None', 'l1_param_weight': 'None', 'filtered': 'False', 'name': 'fb15k_50/fb15k_MOMENTUM_7', 'totepochs': '50', 'l2_param_weight': 'None', 'train_path': 'data/fb15k/FB15k-train.pkl', 'op': 'TransE'}
INFO:root:Starting the Experiment ..
INFO:root:-- EPOCH 1 (7.048 seconds):
INFO:root:COST >> 2.2051 +/- 0.011, % updates: 81.157%
INFO:root:-- EPOCH 2 (6.4 seconds):
INFO:root:COST >> 2.1602 +/- 0.0206, % updates: 80.483%
INFO:root:-- EPOCH 3 (6.486 seconds):
INFO:root:COST >> 2.082 +/- 0.0226, % updates: 78.803%
INFO:root:-- EPOCH 4 (6.26 seconds):
INFO:root:COST >> 2.0104 +/- 0.0224, % updates: 76.942%
INFO:root:-- EPOCH 5 (6.456 seconds):
INFO:root:COST >> 1.9456 +/- 0.017, % updates: 75.42%
INFO:root:-- EPOCH 6 (7.137 seconds):
INFO:root:COST >> 1.9048 +/- 0.0126, % updates: 74.118%
INFO:root:-- EPOCH 7 (6.41 seconds):
INFO:root:COST >> 1.8619 +/- 0.0095, % updates: 72.905%
INFO:root:-- EPOCH 8 (6.658 seconds):
INFO:root:COST >> 1.8224 +/- 0.0137, % updates: 71.773%
INFO:root:-- EPOCH 9 (7.395 seconds):
INFO:root:COST >> 1.7691 +/- 0.0211, % updates: 70.377%
INFO:root:-- EPOCH 10 (6.519 seconds):
INFO:root:COST >> 1.7035 +/- 0.019, % updates: 68.52%
INFO:root:-- EPOCH 11 (6.387 seconds):
INFO:root:COST >> 1.6449 +/- 0.0187, % updates: 66.595%
INFO:root:-- EPOCH 12 (6.75 seconds):
INFO:root:COST >> 1.5888 +/- 0.0209, % updates: 64.826%
INFO:root:-- EPOCH 13 (7.724 seconds):
INFO:root:COST >> 1.5289 +/- 0.0189, % updates: 62.87%
INFO:root:-- EPOCH 14 (7.452 seconds):
INFO:root:COST >> 1.4636 +/- 0.0187, % updates: 60.78%
INFO:root:-- EPOCH 15 (7.523 seconds):
INFO:root:COST >> 1.4078 +/- 0.015, % updates: 58.848%
INFO:root:-- EPOCH 16 (7.235 seconds):
INFO:root:COST >> 1.3531 +/- 0.0146, % updates: 57.072%
INFO:root:-- EPOCH 17 (8.671 seconds):
INFO:root:COST >> 1.3046 +/- 0.0139, % updates: 55.469%
INFO:root:-- EPOCH 18 (8.303 seconds):
INFO:root:COST >> 1.2565 +/- 0.017, % updates: 53.933%
INFO:root:-- EPOCH 19 (7.46 seconds):
INFO:root:COST >> 1.2081 +/- 0.0133, % updates: 52.367%
INFO:root:-- EPOCH 20 (7.425 seconds):
INFO:root:COST >> 1.1634 +/- 0.0132, % updates: 50.88%
INFO:root:-- EPOCH 21 (7.288 seconds):
INFO:root:COST >> 1.113 +/- 0.0158, % updates: 49.281%
INFO:root:-- EPOCH 22 (7.385 seconds):
INFO:root:COST >> 1.0648 +/- 0.013, % updates: 47.657%
INFO:root:-- EPOCH 23 (7.143 seconds):
INFO:root:COST >> 1.0148 +/- 0.014, % updates: 45.995%
INFO:root:-- EPOCH 24 (6.162 seconds):
INFO:root:COST >> 0.9659 +/- 0.0146, % updates: 44.217%
INFO:root:-- EPOCH 25 (7.008 seconds):
INFO:root:COST >> 0.918 +/- 0.0134, % updates: 42.564%
INFO:root:-- EPOCH 26 (6.598 seconds):
INFO:root:COST >> 0.8711 +/- 0.0139, % updates: 40.923%
INFO:root:-- EPOCH 27 (6.626 seconds):
INFO:root:COST >> 0.8274 +/- 0.0129, % updates: 39.192%
INFO:root:-- EPOCH 28 (7.336 seconds):
INFO:root:COST >> 0.7862 +/- 0.0139, % updates: 37.543%
INFO:root:-- EPOCH 29 (6.469 seconds):
INFO:root:COST >> 0.7462 +/- 0.0101, % updates: 36.027%
INFO:root:-- EPOCH 30 (6.764 seconds):
INFO:root:COST >> 0.708 +/- 0.0133, % updates: 34.509%
INFO:root:-- EPOCH 31 (6.073 seconds):
INFO:root:COST >> 0.6723 +/- 0.012, % updates: 33.083%
INFO:root:-- EPOCH 32 (7.343 seconds):
INFO:root:COST >> 0.6382 +/- 0.0075, % updates: 31.678%
INFO:root:-- EPOCH 33 (6.495 seconds):
INFO:root:COST >> 0.6058 +/- 0.0109, % updates: 30.266%
INFO:root:-- EPOCH 34 (6.051 seconds):
INFO:root:COST >> 0.577 +/- 0.0085, % updates: 28.982%
INFO:root:-- EPOCH 35 (6.691 seconds):
INFO:root:COST >> 0.5494 +/- 0.0093, % updates: 27.787%
INFO:root:-- EPOCH 36 (6.48 seconds):
INFO:root:COST >> 0.5247 +/- 0.0072, % updates: 26.714%
INFO:root:-- EPOCH 37 (6.384 seconds):
INFO:root:COST >> 0.5025 +/- 0.0078, % updates: 25.62%
INFO:root:-- EPOCH 38 (5.92 seconds):
INFO:root:COST >> 0.4787 +/- 0.006, % updates: 24.632%
INFO:root:-- EPOCH 39 (5.982 seconds):
INFO:root:COST >> 0.4612 +/- 0.0067, % updates: 23.765%
INFO:root:-- EPOCH 40 (5.974 seconds):
INFO:root:COST >> 0.4422 +/- 0.0067, % updates: 22.849%
INFO:root:-- EPOCH 41 (6.379 seconds):
INFO:root:COST >> 0.4278 +/- 0.0042, % updates: 22.227%
INFO:root:-- EPOCH 42 (6.082 seconds):
INFO:root:COST >> 0.4141 +/- 0.0055, % updates: 21.508%
INFO:root:-- EPOCH 43 (5.98 seconds):
INFO:root:COST >> 0.3993 +/- 0.0047, % updates: 20.818%
INFO:root:-- EPOCH 44 (6.009 seconds):
INFO:root:COST >> 0.3881 +/- 0.0039, % updates: 20.301%
INFO:root:-- EPOCH 45 (6.779 seconds):
INFO:root:COST >> 0.376 +/- 0.0036, % updates: 19.754%
INFO:root:-- EPOCH 46 (7.47 seconds):
INFO:root:COST >> 0.3672 +/- 0.0032, % updates: 19.287%
INFO:root:-- EPOCH 47 (7.538 seconds):
INFO:root:COST >> 0.3587 +/- 0.0045, % updates: 18.819%
INFO:root:-- EPOCH 48 (6.644 seconds):
INFO:root:COST >> 0.349 +/- 0.0028, % updates: 18.366%
INFO:root:-- EPOCH 49 (6.028 seconds):
INFO:root:COST >> 0.3418 +/- 0.0054, % updates: 17.969%
INFO:root:-- EPOCH 50 (6.29 seconds):
INFO:root:COST >> 0.3341 +/- 0.0021, % updates: 17.593%
