INFO:root:Shape for training set: (16296, 483142)
INFO:root:State: {'ndim': '50', 'test_all': 'None', 'test_path': 'None', 'nhid': '50', 'lremb': '0.001', 'seed': '6', 'simfn': 'L1', 'valid_path': 'None', 'nbatches': '10', 'lrparam': '0.001', 'decay': '0.9', 'show_hinton_diagrams': 'False', 'no_rescaling': 'True', 'Nrel': '1345', 'ranking_score_right': 'False', 'Nent': '16296', 'Nsyn': '14951', 'method': 'MOMENTUM', 'loss_margin': '1.0', 'C': '1.0', 'epsilon': '1e-06', 'use_db': 'True', 'max_lr': 'None', 'l1_param_weight': 'None', 'filtered': 'False', 'name': 'fb15k_50/fb15k_MOMENTUM_186', 'totepochs': '50', 'l2_param_weight': 'None', 'train_path': 'data/fb15k/FB15k-train.pkl', 'op': 'TransE'}
INFO:root:Starting the Experiment ..
INFO:root:-- EPOCH 1 (5.711 seconds):
INFO:root:COST >> 1.553 +/- 0.3747, % updates: 61.278%
INFO:root:-- EPOCH 2 (5.596 seconds):
INFO:root:COST >> 0.539 +/- 0.1372, % updates: 26.214%
INFO:root:-- EPOCH 3 (5.32 seconds):
INFO:root:COST >> 0.2933 +/- 0.0123, % updates: 14.725%
INFO:root:-- EPOCH 4 (5.602 seconds):
INFO:root:COST >> 0.2465 +/- 0.0059, % updates: 11.97%
INFO:root:-- EPOCH 5 (5.572 seconds):
INFO:root:COST >> 0.2192 +/- 0.0036, % updates: 10.714%
INFO:root:-- EPOCH 6 (5.616 seconds):
INFO:root:COST >> 0.2048 +/- 0.0032, % updates: 10.007%
INFO:root:-- EPOCH 7 (5.645 seconds):
INFO:root:COST >> 0.197 +/- 0.0035, % updates: 9.541%
INFO:root:-- EPOCH 8 (5.579 seconds):
INFO:root:COST >> 0.1909 +/- 0.0022, % updates: 9.292%
INFO:root:-- EPOCH 9 (5.567 seconds):
INFO:root:COST >> 0.1868 +/- 0.0049, % updates: 9.061%
INFO:root:-- EPOCH 10 (5.61 seconds):
INFO:root:COST >> 0.1839 +/- 0.0042, % updates: 8.887%
INFO:root:-- EPOCH 11 (5.614 seconds):
INFO:root:COST >> 0.1797 +/- 0.0031, % updates: 8.752%
INFO:root:-- EPOCH 12 (5.532 seconds):
INFO:root:COST >> 0.1756 +/- 0.0037, % updates: 8.559%
INFO:root:-- EPOCH 13 (5.564 seconds):
INFO:root:COST >> 0.173 +/- 0.0042, % updates: 8.457%
INFO:root:-- EPOCH 14 (5.582 seconds):
INFO:root:COST >> 0.1729 +/- 0.0032, % updates: 8.385%
INFO:root:-- EPOCH 15 (5.542 seconds):
INFO:root:COST >> 0.17 +/- 0.0035, % updates: 8.279%
INFO:root:-- EPOCH 16 (5.585 seconds):
INFO:root:COST >> 0.1693 +/- 0.0039, % updates: 8.272%
INFO:root:-- EPOCH 17 (5.582 seconds):
INFO:root:COST >> 0.1673 +/- 0.0044, % updates: 8.129%
INFO:root:-- EPOCH 18 (5.527 seconds):
INFO:root:COST >> 0.1668 +/- 0.0033, % updates: 8.129%
INFO:root:-- EPOCH 19 (5.625 seconds):
INFO:root:COST >> 0.1641 +/- 0.0031, % updates: 8.02%
INFO:root:-- EPOCH 20 (5.602 seconds):
INFO:root:COST >> 0.1644 +/- 0.0045, % updates: 7.989%
INFO:root:-- EPOCH 21 (5.595 seconds):
INFO:root:COST >> 0.1625 +/- 0.0047, % updates: 7.955%
INFO:root:-- EPOCH 22 (5.588 seconds):
INFO:root:COST >> 0.162 +/- 0.0037, % updates: 7.904%
INFO:root:-- EPOCH 23 (5.569 seconds):
INFO:root:COST >> 0.1605 +/- 0.0041, % updates: 7.852%
INFO:root:-- EPOCH 24 (5.59 seconds):
INFO:root:COST >> 0.1578 +/- 0.003, % updates: 7.805%
INFO:root:-- EPOCH 25 (5.579 seconds):
INFO:root:COST >> 0.1585 +/- 0.0035, % updates: 7.779%
INFO:root:-- EPOCH 26 (5.551 seconds):
INFO:root:COST >> 0.1585 +/- 0.0038, % updates: 7.747%
INFO:root:-- EPOCH 27 (5.584 seconds):
INFO:root:COST >> 0.1574 +/- 0.0024, % updates: 7.695%
INFO:root:-- EPOCH 28 (5.566 seconds):
INFO:root:COST >> 0.1575 +/- 0.0064, % updates: 7.663%
INFO:root:-- EPOCH 29 (5.627 seconds):
INFO:root:COST >> 0.1569 +/- 0.0054, % updates: 7.667%
INFO:root:-- EPOCH 30 (5.524 seconds):
INFO:root:COST >> 0.1563 +/- 0.0038, % updates: 7.633%
INFO:root:-- EPOCH 31 (5.611 seconds):
INFO:root:COST >> 0.1563 +/- 0.004, % updates: 7.601%
INFO:root:-- EPOCH 32 (5.548 seconds):
INFO:root:COST >> 0.1553 +/- 0.0025, % updates: 7.59%
INFO:root:-- EPOCH 33 (5.6 seconds):
INFO:root:COST >> 0.1546 +/- 0.0043, % updates: 7.553%
INFO:root:-- EPOCH 34 (5.597 seconds):
INFO:root:COST >> 0.1543 +/- 0.0033, % updates: 7.58%
INFO:root:-- EPOCH 35 (5.56 seconds):
INFO:root:COST >> 0.1535 +/- 0.0031, % updates: 7.576%
INFO:root:-- EPOCH 36 (5.595 seconds):
INFO:root:COST >> 0.1536 +/- 0.0038, % updates: 7.503%
INFO:root:-- EPOCH 37 (5.655 seconds):
INFO:root:COST >> 0.1526 +/- 0.0038, % updates: 7.499%
INFO:root:-- EPOCH 38 (5.605 seconds):
INFO:root:COST >> 0.1519 +/- 0.0036, % updates: 7.457%
INFO:root:-- EPOCH 39 (5.535 seconds):
INFO:root:COST >> 0.1516 +/- 0.0033, % updates: 7.433%
INFO:root:-- EPOCH 40 (5.615 seconds):
INFO:root:COST >> 0.1521 +/- 0.0024, % updates: 7.42%
INFO:root:-- EPOCH 41 (5.618 seconds):
INFO:root:COST >> 0.1504 +/- 0.0033, % updates: 7.444%
INFO:root:-- EPOCH 42 (5.534 seconds):
INFO:root:COST >> 0.1496 +/- 0.0041, % updates: 7.384%
INFO:root:-- EPOCH 43 (5.64 seconds):
INFO:root:COST >> 0.1504 +/- 0.0052, % updates: 7.384%
INFO:root:-- EPOCH 44 (5.558 seconds):
INFO:root:COST >> 0.1495 +/- 0.0037, % updates: 7.348%
INFO:root:-- EPOCH 45 (5.641 seconds):
INFO:root:COST >> 0.1493 +/- 0.0037, % updates: 7.335%
INFO:root:-- EPOCH 46 (5.626 seconds):
INFO:root:COST >> 0.1496 +/- 0.0027, % updates: 7.369%
INFO:root:-- EPOCH 47 (5.636 seconds):
INFO:root:COST >> 0.1483 +/- 0.0026, % updates: 7.323%
INFO:root:-- EPOCH 48 (5.569 seconds):
INFO:root:COST >> 0.149 +/- 0.0045, % updates: 7.315%
INFO:root:-- EPOCH 49 (5.609 seconds):
INFO:root:COST >> 0.1477 +/- 0.0037, % updates: 7.331%
INFO:root:-- EPOCH 50 (5.562 seconds):
INFO:root:COST >> 0.1477 +/- 0.0032, % updates: 7.303%
