INFO:root:Shape for training set: (16296, 483142)
INFO:root:State: {'ndim': '50', 'test_all': 'None', 'test_path': 'None', 'nhid': '50', 'lremb': '0.1', 'seed': '3', 'simfn': 'L1', 'valid_path': 'None', 'nbatches': '10', 'lrparam': '0.1', 'decay': '0.9999', 'show_hinton_diagrams': 'False', 'no_rescaling': 'True', 'Nrel': '1345', 'ranking_score_right': 'False', 'Nent': '16296', 'Nsyn': '14951', 'method': 'MOMENTUM', 'loss_margin': '1.0', 'C': '1.0', 'epsilon': '1e-06', 'use_db': 'True', 'max_lr': 'None', 'l1_param_weight': 'None', 'filtered': 'False', 'name': 'fb15k_50/fb15k_MOMENTUM_253', 'totepochs': '50', 'l2_param_weight': 'None', 'train_path': 'data/fb15k/FB15k-train.pkl', 'op': 'TransE'}
INFO:root:Starting the Experiment ..
INFO:root:-- EPOCH 1 (5.624 seconds):
INFO:root:COST >> 1.4563 +/- 0.753, % updates: 47.589%
INFO:root:-- EPOCH 2 (5.628 seconds):
INFO:root:COST >> 0.7516 +/- 0.009, % updates: 29.74%
INFO:root:-- EPOCH 3 (5.623 seconds):
INFO:root:COST >> 0.6519 +/- 0.0184, % updates: 27.455%
INFO:root:-- EPOCH 4 (5.591 seconds):
INFO:root:COST >> 0.6087 +/- 0.0206, % updates: 26.471%
INFO:root:-- EPOCH 5 (5.607 seconds):
INFO:root:COST >> 0.5769 +/- 0.0197, % updates: 25.813%
INFO:root:-- EPOCH 6 (5.643 seconds):
INFO:root:COST >> 0.5585 +/- 0.0207, % updates: 25.368%
INFO:root:-- EPOCH 7 (5.632 seconds):
INFO:root:COST >> 0.5447 +/- 0.0182, % updates: 25.06%
INFO:root:-- EPOCH 8 (5.539 seconds):
INFO:root:COST >> 0.5329 +/- 0.0182, % updates: 24.887%
INFO:root:-- EPOCH 9 (5.618 seconds):
INFO:root:COST >> 0.5234 +/- 0.0211, % updates: 24.645%
INFO:root:-- EPOCH 10 (5.6 seconds):
INFO:root:COST >> 0.5158 +/- 0.0175, % updates: 24.539%
INFO:root:-- EPOCH 11 (5.644 seconds):
INFO:root:COST >> 0.5115 +/- 0.019, % updates: 24.413%
INFO:root:-- EPOCH 12 (5.579 seconds):
INFO:root:COST >> 0.5054 +/- 0.0157, % updates: 24.302%
INFO:root:-- EPOCH 13 (5.638 seconds):
INFO:root:COST >> 0.4995 +/- 0.0194, % updates: 24.233%
INFO:root:-- EPOCH 14 (5.543 seconds):
INFO:root:COST >> 0.4957 +/- 0.0141, % updates: 24.125%
INFO:root:-- EPOCH 15 (5.55 seconds):
INFO:root:COST >> 0.4932 +/- 0.015, % updates: 24.095%
INFO:root:-- EPOCH 16 (5.618 seconds):
INFO:root:COST >> 0.4884 +/- 0.0162, % updates: 24.045%
INFO:root:-- EPOCH 17 (5.589 seconds):
INFO:root:COST >> 0.4856 +/- 0.0128, % updates: 24.003%
INFO:root:-- EPOCH 18 (5.532 seconds):
INFO:root:COST >> 0.4838 +/- 0.0157, % updates: 23.936%
INFO:root:-- EPOCH 19 (5.664 seconds):
INFO:root:COST >> 0.4813 +/- 0.0128, % updates: 23.938%
INFO:root:-- EPOCH 20 (5.602 seconds):
INFO:root:COST >> 0.4791 +/- 0.0134, % updates: 23.867%
INFO:root:-- EPOCH 21 (5.657 seconds):
INFO:root:COST >> 0.478 +/- 0.016, % updates: 23.822%
INFO:root:-- EPOCH 22 (5.585 seconds):
INFO:root:COST >> 0.4741 +/- 0.0159, % updates: 23.802%
INFO:root:-- EPOCH 23 (5.587 seconds):
INFO:root:COST >> 0.4743 +/- 0.0133, % updates: 23.795%
INFO:root:-- EPOCH 24 (5.591 seconds):
INFO:root:COST >> 0.4704 +/- 0.0128, % updates: 23.702%
INFO:root:-- EPOCH 25 (5.62 seconds):
INFO:root:COST >> 0.471 +/- 0.0144, % updates: 23.733%
INFO:root:-- EPOCH 26 (5.645 seconds):
INFO:root:COST >> 0.4676 +/- 0.013, % updates: 23.731%
INFO:root:-- EPOCH 27 (5.597 seconds):
INFO:root:COST >> 0.4671 +/- 0.0135, % updates: 23.683%
INFO:root:-- EPOCH 28 (5.621 seconds):
INFO:root:COST >> 0.4663 +/- 0.0127, % updates: 23.686%
INFO:root:-- EPOCH 29 (5.566 seconds):
INFO:root:COST >> 0.4638 +/- 0.0125, % updates: 23.616%
INFO:root:-- EPOCH 30 (5.608 seconds):
INFO:root:COST >> 0.4634 +/- 0.0111, % updates: 23.649%
INFO:root:-- EPOCH 31 (5.546 seconds):
INFO:root:COST >> 0.4632 +/- 0.0119, % updates: 23.622%
INFO:root:-- EPOCH 32 (5.609 seconds):
INFO:root:COST >> 0.4604 +/- 0.0104, % updates: 23.612%
INFO:root:-- EPOCH 33 (5.599 seconds):
INFO:root:COST >> 0.4608 +/- 0.0111, % updates: 23.511%
INFO:root:-- EPOCH 34 (5.581 seconds):
INFO:root:COST >> 0.4589 +/- 0.0135, % updates: 23.551%
INFO:root:-- EPOCH 35 (5.528 seconds):
INFO:root:COST >> 0.4577 +/- 0.0123, % updates: 23.529%
INFO:root:-- EPOCH 36 (5.612 seconds):
INFO:root:COST >> 0.4582 +/- 0.011, % updates: 23.544%
INFO:root:-- EPOCH 37 (5.566 seconds):
INFO:root:COST >> 0.4567 +/- 0.0126, % updates: 23.498%
INFO:root:-- EPOCH 38 (5.597 seconds):
INFO:root:COST >> 0.4549 +/- 0.0108, % updates: 23.438%
INFO:root:-- EPOCH 39 (5.628 seconds):
INFO:root:COST >> 0.4566 +/- 0.0113, % updates: 23.548%
INFO:root:-- EPOCH 40 (5.525 seconds):
INFO:root:COST >> 0.4543 +/- 0.012, % updates: 23.496%
INFO:root:-- EPOCH 41 (5.616 seconds):
INFO:root:COST >> 0.4522 +/- 0.0123, % updates: 23.426%
INFO:root:-- EPOCH 42 (5.549 seconds):
INFO:root:COST >> 0.4532 +/- 0.0102, % updates: 23.456%
INFO:root:-- EPOCH 43 (5.623 seconds):
INFO:root:COST >> 0.4517 +/- 0.012, % updates: 23.468%
INFO:root:-- EPOCH 44 (5.565 seconds):
INFO:root:COST >> 0.4504 +/- 0.0109, % updates: 23.364%
INFO:root:-- EPOCH 45 (5.651 seconds):
INFO:root:COST >> 0.4527 +/- 0.0091, % updates: 23.485%
INFO:root:-- EPOCH 46 (5.633 seconds):
INFO:root:COST >> 0.4515 +/- 0.0102, % updates: 23.464%
INFO:root:-- EPOCH 47 (5.549 seconds):
INFO:root:COST >> 0.4498 +/- 0.0078, % updates: 23.377%
INFO:root:-- EPOCH 48 (5.065 seconds):
INFO:root:COST >> 0.4505 +/- 0.0128, % updates: 23.45%
INFO:root:-- EPOCH 49 (5.665 seconds):
INFO:root:COST >> 0.4488 +/- 0.0127, % updates: 23.383%
INFO:root:-- EPOCH 50 (5.563 seconds):
INFO:root:COST >> 0.4486 +/- 0.0118, % updates: 23.454%
