INFO:root:Shape for training set: (16296, 483142)
INFO:root:State: {'ndim': '50', 'test_all': 'None', 'test_path': 'None', 'nhid': '50', 'lremb': '10.0', 'seed': '9', 'simfn': 'L1', 'valid_path': 'None', 'nbatches': '10', 'lrparam': '10.0', 'decay': '0.99', 'show_hinton_diagrams': 'False', 'no_rescaling': 'True', 'Nrel': '1345', 'ranking_score_right': 'False', 'Nent': '16296', 'Nsyn': '14951', 'method': 'MOMENTUM', 'loss_margin': '1.0', 'C': '1.0', 'epsilon': '1e-06', 'use_db': 'True', 'max_lr': 'None', 'l1_param_weight': 'None', 'filtered': 'False', 'name': 'fb15k_50/fb15k_MOMENTUM_379', 'totepochs': '50', 'l2_param_weight': 'None', 'train_path': 'data/fb15k/FB15k-train.pkl', 'op': 'TransE'}
INFO:root:Starting the Experiment ..
INFO:root:-- EPOCH 1 (6.147 seconds):
INFO:root:COST >> 1.4925 +/- 0.732, % updates: 47.621%
INFO:root:-- EPOCH 2 (6.142 seconds):
INFO:root:COST >> 0.8072 +/- 0.0129, % updates: 30.796%
INFO:root:-- EPOCH 3 (6.469 seconds):
INFO:root:COST >> 0.7153 +/- 0.0271, % updates: 28.75%
INFO:root:-- EPOCH 4 (6.184 seconds):
INFO:root:COST >> 0.6742 +/- 0.0277, % updates: 27.894%
INFO:root:-- EPOCH 5 (6.081 seconds):
INFO:root:COST >> 0.6524 +/- 0.0302, % updates: 27.38%
INFO:root:-- EPOCH 6 (5.897 seconds):
INFO:root:COST >> 0.6343 +/- 0.0287, % updates: 27.149%
INFO:root:-- EPOCH 7 (5.905 seconds):
INFO:root:COST >> 0.6249 +/- 0.028, % updates: 26.912%
INFO:root:-- EPOCH 8 (5.882 seconds):
INFO:root:COST >> 0.6187 +/- 0.0274, % updates: 26.826%
INFO:root:-- EPOCH 9 (6.26 seconds):
INFO:root:COST >> 0.6113 +/- 0.0274, % updates: 26.633%
INFO:root:-- EPOCH 10 (6.368 seconds):
INFO:root:COST >> 0.6048 +/- 0.0284, % updates: 26.606%
INFO:root:-- EPOCH 11 (7.223 seconds):
INFO:root:COST >> 0.6052 +/- 0.0263, % updates: 26.651%
INFO:root:-- EPOCH 12 (6.709 seconds):
INFO:root:COST >> 0.603 +/- 0.0267, % updates: 26.55%
INFO:root:-- EPOCH 13 (6.796 seconds):
INFO:root:COST >> 0.5989 +/- 0.0269, % updates: 26.515%
INFO:root:-- EPOCH 14 (6.794 seconds):
INFO:root:COST >> 0.5973 +/- 0.0254, % updates: 26.497%
INFO:root:-- EPOCH 15 (6.26 seconds):
INFO:root:COST >> 0.5962 +/- 0.0257, % updates: 26.502%
INFO:root:-- EPOCH 16 (6.223 seconds):
INFO:root:COST >> 0.5936 +/- 0.0249, % updates: 26.434%
INFO:root:-- EPOCH 17 (6.259 seconds):
INFO:root:COST >> 0.5929 +/- 0.0253, % updates: 26.456%
INFO:root:-- EPOCH 18 (6.218 seconds):
INFO:root:COST >> 0.5924 +/- 0.026, % updates: 26.461%
INFO:root:-- EPOCH 19 (6.225 seconds):
INFO:root:COST >> 0.5915 +/- 0.0246, % updates: 26.424%
INFO:root:-- EPOCH 20 (6.156 seconds):
INFO:root:COST >> 0.5921 +/- 0.0269, % updates: 26.397%
INFO:root:-- EPOCH 21 (6.86 seconds):
INFO:root:COST >> 0.5927 +/- 0.0252, % updates: 26.446%
INFO:root:-- EPOCH 22 (7.303 seconds):
INFO:root:COST >> 0.5905 +/- 0.0247, % updates: 26.408%
INFO:root:-- EPOCH 23 (8.609 seconds):
INFO:root:COST >> 0.5911 +/- 0.0272, % updates: 26.406%
INFO:root:-- EPOCH 24 (8.268 seconds):
INFO:root:COST >> 0.5898 +/- 0.0247, % updates: 26.413%
INFO:root:-- EPOCH 25 (6.412 seconds):
INFO:root:COST >> 0.5903 +/- 0.0253, % updates: 26.437%
INFO:root:-- EPOCH 26 (5.919 seconds):
INFO:root:COST >> 0.5885 +/- 0.0244, % updates: 26.35%
INFO:root:-- EPOCH 27 (5.87 seconds):
INFO:root:COST >> 0.5881 +/- 0.0284, % updates: 26.355%
INFO:root:-- EPOCH 28 (6.139 seconds):
INFO:root:COST >> 0.5875 +/- 0.0256, % updates: 26.36%
INFO:root:-- EPOCH 29 (6.967 seconds):
INFO:root:COST >> 0.5884 +/- 0.0264, % updates: 26.394%
INFO:root:-- EPOCH 30 (6.672 seconds):
INFO:root:COST >> 0.5887 +/- 0.0244, % updates: 26.417%
INFO:root:-- EPOCH 31 (6.994 seconds):
INFO:root:COST >> 0.5884 +/- 0.0242, % updates: 26.441%
INFO:root:-- EPOCH 32 (6.515 seconds):
INFO:root:COST >> 0.5863 +/- 0.0247, % updates: 26.312%
INFO:root:-- EPOCH 33 (6.099 seconds):
INFO:root:COST >> 0.5896 +/- 0.0244, % updates: 26.436%
INFO:root:-- EPOCH 34 (6.167 seconds):
INFO:root:COST >> 0.5878 +/- 0.0267, % updates: 26.391%
INFO:root:-- EPOCH 35 (6.006 seconds):
INFO:root:COST >> 0.5864 +/- 0.0243, % updates: 26.353%
INFO:root:-- EPOCH 36 (5.976 seconds):
INFO:root:COST >> 0.587 +/- 0.0255, % updates: 26.354%
INFO:root:-- EPOCH 37 (6.036 seconds):
INFO:root:COST >> 0.5874 +/- 0.0246, % updates: 26.381%
INFO:root:-- EPOCH 38 (5.936 seconds):
INFO:root:COST >> 0.5901 +/- 0.0242, % updates: 26.441%
INFO:root:-- EPOCH 39 (5.964 seconds):
INFO:root:COST >> 0.5887 +/- 0.0246, % updates: 26.354%
INFO:root:-- EPOCH 40 (6.666 seconds):
INFO:root:COST >> 0.5889 +/- 0.0292, % updates: 26.371%
INFO:root:-- EPOCH 41 (6.798 seconds):
INFO:root:COST >> 0.5879 +/- 0.0279, % updates: 26.362%
INFO:root:-- EPOCH 42 (6.08 seconds):
INFO:root:COST >> 0.5876 +/- 0.0257, % updates: 26.375%
INFO:root:-- EPOCH 43 (6.463 seconds):
INFO:root:COST >> 0.5871 +/- 0.0259, % updates: 26.328%
INFO:root:-- EPOCH 44 (5.894 seconds):
INFO:root:COST >> 0.5895 +/- 0.0234, % updates: 26.443%
INFO:root:-- EPOCH 45 (6.371 seconds):
INFO:root:COST >> 0.5871 +/- 0.0255, % updates: 26.38%
INFO:root:-- EPOCH 46 (5.931 seconds):
INFO:root:COST >> 0.5878 +/- 0.0292, % updates: 26.415%
INFO:root:-- EPOCH 47 (5.751 seconds):
INFO:root:COST >> 0.5894 +/- 0.0263, % updates: 26.403%
INFO:root:-- EPOCH 48 (5.772 seconds):
INFO:root:COST >> 0.5863 +/- 0.0291, % updates: 26.332%
INFO:root:-- EPOCH 49 (5.316 seconds):
INFO:root:COST >> 0.5888 +/- 0.0242, % updates: 26.393%
INFO:root:-- EPOCH 50 (5.936 seconds):
INFO:root:COST >> 0.589 +/- 0.0266, % updates: 26.426%
