INFO:root:Shape for training set: (16296, 483142)
INFO:root:State: {'ndim': '50', 'test_all': 'None', 'test_path': 'None', 'nhid': '50', 'lremb': '0.01', 'seed': '9', 'simfn': 'L1', 'valid_path': 'None', 'nbatches': '10', 'lrparam': '0.01', 'decay': '0.9', 'show_hinton_diagrams': 'False', 'no_rescaling': 'True', 'Nrel': '1345', 'ranking_score_right': 'False', 'Nent': '16296', 'Nsyn': '14951', 'method': 'MOMENTUM', 'loss_margin': '1.0', 'C': '1.0', 'epsilon': '1e-06', 'use_db': 'True', 'max_lr': 'None', 'l1_param_weight': 'None', 'filtered': 'False', 'name': 'fb15k_50/fb15k_MOMENTUM_239', 'totepochs': '50', 'l2_param_weight': 'None', 'train_path': 'data/fb15k/FB15k-train.pkl', 'op': 'TransE'}
INFO:root:Starting the Experiment ..
INFO:root:-- EPOCH 1 (5.675 seconds):
INFO:root:COST >> 1.329 +/- 0.6192, % updates: 47.973%
INFO:root:-- EPOCH 2 (5.62 seconds):
INFO:root:COST >> 0.5941 +/- 0.0076, % updates: 23.589%
INFO:root:-- EPOCH 3 (5.623 seconds):
INFO:root:COST >> 0.5524 +/- 0.0354, % updates: 21.373%
INFO:root:-- EPOCH 4 (5.557 seconds):
INFO:root:COST >> 0.5686 +/- 0.0383, % updates: 21.48%
INFO:root:-- EPOCH 5 (5.543 seconds):
INFO:root:COST >> 0.5744 +/- 0.0349, % updates: 21.512%
INFO:root:-- EPOCH 6 (6.0 seconds):
INFO:root:COST >> 0.5786 +/- 0.0359, % updates: 21.535%
INFO:root:-- EPOCH 7 (5.687 seconds):
INFO:root:COST >> 0.581 +/- 0.0369, % updates: 21.592%
INFO:root:-- EPOCH 8 (5.637 seconds):
INFO:root:COST >> 0.5827 +/- 0.0346, % updates: 21.553%
INFO:root:-- EPOCH 9 (5.558 seconds):
INFO:root:COST >> 0.5823 +/- 0.0373, % updates: 21.528%
INFO:root:-- EPOCH 10 (5.591 seconds):
INFO:root:COST >> 0.5806 +/- 0.0372, % updates: 21.496%
INFO:root:-- EPOCH 11 (5.605 seconds):
INFO:root:COST >> 0.5813 +/- 0.0357, % updates: 21.514%
INFO:root:-- EPOCH 12 (5.573 seconds):
INFO:root:COST >> 0.5827 +/- 0.0355, % updates: 21.539%
INFO:root:-- EPOCH 13 (5.642 seconds):
INFO:root:COST >> 0.5821 +/- 0.0385, % updates: 21.513%
INFO:root:-- EPOCH 14 (5.641 seconds):
INFO:root:COST >> 0.5827 +/- 0.0362, % updates: 21.445%
INFO:root:-- EPOCH 15 (5.596 seconds):
INFO:root:COST >> 0.5828 +/- 0.0344, % updates: 21.523%
INFO:root:-- EPOCH 16 (5.646 seconds):
INFO:root:COST >> 0.5839 +/- 0.0349, % updates: 21.486%
INFO:root:-- EPOCH 17 (5.589 seconds):
INFO:root:COST >> 0.5796 +/- 0.0348, % updates: 21.421%
INFO:root:-- EPOCH 18 (5.614 seconds):
INFO:root:COST >> 0.5822 +/- 0.0352, % updates: 21.493%
INFO:root:-- EPOCH 19 (5.575 seconds):
INFO:root:COST >> 0.5795 +/- 0.0341, % updates: 21.507%
INFO:root:-- EPOCH 20 (5.588 seconds):
INFO:root:COST >> 0.5836 +/- 0.0356, % updates: 21.557%
INFO:root:-- EPOCH 21 (5.623 seconds):
INFO:root:COST >> 0.5862 +/- 0.0356, % updates: 21.606%
INFO:root:-- EPOCH 22 (5.554 seconds):
INFO:root:COST >> 0.5859 +/- 0.0354, % updates: 21.649%
INFO:root:-- EPOCH 23 (5.66 seconds):
INFO:root:COST >> 0.5861 +/- 0.0354, % updates: 21.653%
INFO:root:-- EPOCH 24 (5.594 seconds):
INFO:root:COST >> 0.5873 +/- 0.0392, % updates: 21.704%
INFO:root:-- EPOCH 25 (5.598 seconds):
INFO:root:COST >> 0.5893 +/- 0.0373, % updates: 21.716%
INFO:root:-- EPOCH 26 (5.589 seconds):
INFO:root:COST >> 0.5903 +/- 0.0361, % updates: 21.73%
INFO:root:-- EPOCH 27 (5.616 seconds):
INFO:root:COST >> 0.5882 +/- 0.0384, % updates: 21.718%
INFO:root:-- EPOCH 28 (5.641 seconds):
INFO:root:COST >> 0.5874 +/- 0.0372, % updates: 21.676%
INFO:root:-- EPOCH 29 (5.617 seconds):
INFO:root:COST >> 0.5901 +/- 0.0348, % updates: 21.725%
INFO:root:-- EPOCH 30 (5.594 seconds):
INFO:root:COST >> 0.5898 +/- 0.0358, % updates: 21.761%
INFO:root:-- EPOCH 31 (5.588 seconds):
INFO:root:COST >> 0.5913 +/- 0.0338, % updates: 21.73%
INFO:root:-- EPOCH 32 (5.562 seconds):
INFO:root:COST >> 0.5897 +/- 0.0348, % updates: 21.699%
INFO:root:-- EPOCH 33 (5.571 seconds):
INFO:root:COST >> 0.5903 +/- 0.0342, % updates: 21.806%
INFO:root:-- EPOCH 34 (5.585 seconds):
INFO:root:COST >> 0.5924 +/- 0.0359, % updates: 21.72%
INFO:root:-- EPOCH 35 (5.638 seconds):
INFO:root:COST >> 0.5893 +/- 0.0378, % updates: 21.701%
INFO:root:-- EPOCH 36 (5.607 seconds):
INFO:root:COST >> 0.5889 +/- 0.0364, % updates: 21.703%
INFO:root:-- EPOCH 37 (5.621 seconds):
INFO:root:COST >> 0.5923 +/- 0.0337, % updates: 21.758%
INFO:root:-- EPOCH 38 (5.626 seconds):
INFO:root:COST >> 0.5905 +/- 0.0351, % updates: 21.786%
INFO:root:-- EPOCH 39 (5.556 seconds):
INFO:root:COST >> 0.5903 +/- 0.0369, % updates: 21.773%
INFO:root:-- EPOCH 40 (5.676 seconds):
INFO:root:COST >> 0.5891 +/- 0.0385, % updates: 21.718%
INFO:root:-- EPOCH 41 (5.554 seconds):
INFO:root:COST >> 0.5913 +/- 0.0386, % updates: 21.724%
INFO:root:-- EPOCH 42 (5.61 seconds):
INFO:root:COST >> 0.5915 +/- 0.0373, % updates: 21.764%
INFO:root:-- EPOCH 43 (5.554 seconds):
INFO:root:COST >> 0.5893 +/- 0.0349, % updates: 21.707%
INFO:root:-- EPOCH 44 (5.654 seconds):
INFO:root:COST >> 0.5913 +/- 0.0353, % updates: 21.679%
INFO:root:-- EPOCH 45 (5.598 seconds):
INFO:root:COST >> 0.5901 +/- 0.0356, % updates: 21.719%
INFO:root:-- EPOCH 46 (5.586 seconds):
INFO:root:COST >> 0.5921 +/- 0.0397, % updates: 21.761%
INFO:root:-- EPOCH 47 (5.567 seconds):
INFO:root:COST >> 0.5925 +/- 0.0374, % updates: 21.759%
INFO:root:-- EPOCH 48 (5.102 seconds):
INFO:root:COST >> 0.588 +/- 0.0366, % updates: 21.702%
INFO:root:-- EPOCH 49 (5.593 seconds):
INFO:root:COST >> 0.5909 +/- 0.0361, % updates: 21.708%
INFO:root:-- EPOCH 50 (5.616 seconds):
INFO:root:COST >> 0.5901 +/- 0.0342, % updates: 21.673%
