INFO:root:Shape for training set: (16296, 483142)
INFO:root:State: {'ndim': '50', 'test_all': 'None', 'test_path': 'None', 'nhid': '50', 'lremb': '0.1', 'seed': '7', 'simfn': 'L1', 'valid_path': 'None', 'nbatches': '10', 'lrparam': '0.1', 'decay': '0.9', 'show_hinton_diagrams': 'False', 'no_rescaling': 'True', 'Nrel': '1345', 'ranking_score_right': 'False', 'Nent': '16296', 'Nsyn': '14951', 'method': 'MOMENTUM', 'loss_margin': '1.0', 'C': '1.0', 'epsilon': '1e-06', 'use_db': 'True', 'max_lr': 'None', 'l1_param_weight': 'None', 'filtered': 'False', 'name': 'fb15k_50/fb15k_MOMENTUM_287', 'totepochs': '50', 'l2_param_weight': 'None', 'train_path': 'data/fb15k/FB15k-train.pkl', 'op': 'TransE'}
INFO:root:Starting the Experiment ..
INFO:root:-- EPOCH 1 (5.637 seconds):
INFO:root:COST >> 1.444 +/- 0.7284, % updates: 46.702%
INFO:root:-- EPOCH 2 (5.592 seconds):
INFO:root:COST >> 0.8633 +/- 0.0464, % updates: 30.871%
INFO:root:-- EPOCH 3 (5.637 seconds):
INFO:root:COST >> 0.8591 +/- 0.0524, % updates: 30.668%
INFO:root:-- EPOCH 4 (5.632 seconds):
INFO:root:COST >> 0.8562 +/- 0.0528, % updates: 30.615%
INFO:root:-- EPOCH 5 (5.606 seconds):
INFO:root:COST >> 0.8568 +/- 0.0554, % updates: 30.722%
INFO:root:-- EPOCH 6 (5.614 seconds):
INFO:root:COST >> 0.8569 +/- 0.0521, % updates: 30.691%
INFO:root:-- EPOCH 7 (5.593 seconds):
INFO:root:COST >> 0.8573 +/- 0.0543, % updates: 30.718%
INFO:root:-- EPOCH 8 (5.593 seconds):
INFO:root:COST >> 0.8595 +/- 0.0532, % updates: 30.68%
INFO:root:-- EPOCH 9 (5.653 seconds):
INFO:root:COST >> 0.8567 +/- 0.0514, % updates: 30.72%
INFO:root:-- EPOCH 10 (5.617 seconds):
INFO:root:COST >> 0.8565 +/- 0.0525, % updates: 30.71%
INFO:root:-- EPOCH 11 (5.583 seconds):
INFO:root:COST >> 0.855 +/- 0.0514, % updates: 30.601%
INFO:root:-- EPOCH 12 (5.602 seconds):
INFO:root:COST >> 0.8569 +/- 0.053, % updates: 30.678%
INFO:root:-- EPOCH 13 (5.635 seconds):
INFO:root:COST >> 0.8576 +/- 0.0524, % updates: 30.697%
INFO:root:-- EPOCH 14 (5.628 seconds):
INFO:root:COST >> 0.8573 +/- 0.054, % updates: 30.703%
INFO:root:-- EPOCH 15 (5.627 seconds):
INFO:root:COST >> 0.8593 +/- 0.0475, % updates: 30.745%
INFO:root:-- EPOCH 16 (5.641 seconds):
INFO:root:COST >> 0.8572 +/- 0.0527, % updates: 30.656%
INFO:root:-- EPOCH 17 (5.618 seconds):
INFO:root:COST >> 0.8592 +/- 0.0531, % updates: 30.668%
INFO:root:-- EPOCH 18 (5.622 seconds):
INFO:root:COST >> 0.8543 +/- 0.0571, % updates: 30.6%
INFO:root:-- EPOCH 19 (5.609 seconds):
INFO:root:COST >> 0.8572 +/- 0.0546, % updates: 30.666%
INFO:root:-- EPOCH 20 (5.619 seconds):
INFO:root:COST >> 0.8578 +/- 0.052, % updates: 30.698%
INFO:root:-- EPOCH 21 (5.6 seconds):
INFO:root:COST >> 0.857 +/- 0.0539, % updates: 30.637%
INFO:root:-- EPOCH 22 (5.599 seconds):
INFO:root:COST >> 0.8585 +/- 0.0526, % updates: 30.756%
INFO:root:-- EPOCH 23 (6.206 seconds):
INFO:root:COST >> 0.857 +/- 0.051, % updates: 30.68%
INFO:root:-- EPOCH 24 (5.699 seconds):
INFO:root:COST >> 0.8554 +/- 0.0549, % updates: 30.693%
INFO:root:-- EPOCH 25 (5.581 seconds):
INFO:root:COST >> 0.8608 +/- 0.0495, % updates: 30.728%
INFO:root:-- EPOCH 26 (5.612 seconds):
INFO:root:COST >> 0.857 +/- 0.0529, % updates: 30.655%
INFO:root:-- EPOCH 27 (5.623 seconds):
INFO:root:COST >> 0.8549 +/- 0.0515, % updates: 30.624%
INFO:root:-- EPOCH 28 (5.61 seconds):
INFO:root:COST >> 0.855 +/- 0.0547, % updates: 30.628%
INFO:root:-- EPOCH 29 (5.633 seconds):
INFO:root:COST >> 0.8596 +/- 0.0511, % updates: 30.694%
INFO:root:-- EPOCH 30 (5.562 seconds):
INFO:root:COST >> 0.8577 +/- 0.0504, % updates: 30.694%
INFO:root:-- EPOCH 31 (5.581 seconds):
INFO:root:COST >> 0.8546 +/- 0.0561, % updates: 30.594%
INFO:root:-- EPOCH 32 (5.624 seconds):
INFO:root:COST >> 0.8581 +/- 0.0509, % updates: 30.674%
INFO:root:-- EPOCH 33 (5.624 seconds):
INFO:root:COST >> 0.8555 +/- 0.053, % updates: 30.659%
INFO:root:-- EPOCH 34 (5.646 seconds):
INFO:root:COST >> 0.8535 +/- 0.0509, % updates: 30.647%
INFO:root:-- EPOCH 35 (5.646 seconds):
INFO:root:COST >> 0.8578 +/- 0.0516, % updates: 30.702%
INFO:root:-- EPOCH 36 (5.613 seconds):
INFO:root:COST >> 0.855 +/- 0.0546, % updates: 30.637%
INFO:root:-- EPOCH 37 (5.609 seconds):
INFO:root:COST >> 0.8568 +/- 0.0449, % updates: 30.743%
INFO:root:-- EPOCH 38 (5.626 seconds):
INFO:root:COST >> 0.853 +/- 0.0523, % updates: 30.63%
INFO:root:-- EPOCH 39 (5.691 seconds):
INFO:root:COST >> 0.8547 +/- 0.0529, % updates: 30.594%
INFO:root:-- EPOCH 40 (5.621 seconds):
INFO:root:COST >> 0.8542 +/- 0.0529, % updates: 30.631%
INFO:root:-- EPOCH 41 (5.58 seconds):
INFO:root:COST >> 0.8583 +/- 0.053, % updates: 30.704%
INFO:root:-- EPOCH 42 (5.631 seconds):
INFO:root:COST >> 0.8553 +/- 0.0518, % updates: 30.63%
INFO:root:-- EPOCH 43 (5.645 seconds):
INFO:root:COST >> 0.8571 +/- 0.0548, % updates: 30.67%
INFO:root:-- EPOCH 44 (5.658 seconds):
INFO:root:COST >> 0.8555 +/- 0.0562, % updates: 30.72%
INFO:root:-- EPOCH 45 (5.632 seconds):
INFO:root:COST >> 0.8541 +/- 0.0502, % updates: 30.604%
INFO:root:-- EPOCH 46 (5.592 seconds):
INFO:root:COST >> 0.8591 +/- 0.0555, % updates: 30.72%
INFO:root:-- EPOCH 47 (5.448 seconds):
INFO:root:COST >> 0.859 +/- 0.0516, % updates: 30.663%
INFO:root:-- EPOCH 48 (4.993 seconds):
INFO:root:COST >> 0.8556 +/- 0.053, % updates: 30.671%
INFO:root:-- EPOCH 49 (5.641 seconds):
INFO:root:COST >> 0.8563 +/- 0.0535, % updates: 30.646%
INFO:root:-- EPOCH 50 (6.536 seconds):
INFO:root:COST >> 0.8561 +/- 0.0572, % updates: 30.674%
