INFO:root:Shape for training set: (16296, 483142)
INFO:root:State: {'ndim': '50', 'test_all': 'None', 'test_path': 'None', 'nhid': '50', 'lremb': '0.0001', 'seed': '6', 'simfn': 'L1', 'valid_path': 'None', 'nbatches': '10', 'lrparam': '0.0001', 'decay': '0.5', 'show_hinton_diagrams': 'False', 'no_rescaling': 'True', 'Nrel': '1345', 'ranking_score_right': 'False', 'Nent': '16296', 'Nsyn': '14951', 'method': 'MOMENTUM', 'loss_margin': '1.0', 'C': '1.0', 'epsilon': '1e-06', 'use_db': 'True', 'max_lr': 'None', 'l1_param_weight': 'None', 'filtered': 'False', 'name': 'fb15k_50/fb15k_MOMENTUM_146', 'totepochs': '50', 'l2_param_weight': 'None', 'train_path': 'data/fb15k/FB15k-train.pkl', 'op': 'TransE'}
INFO:root:Starting the Experiment ..
INFO:root:-- EPOCH 1 (5.718 seconds):
INFO:root:COST >> 2.0272 +/- 0.0926, % updates: 77.163%
INFO:root:-- EPOCH 2 (5.683 seconds):
INFO:root:COST >> 1.7788 +/- 0.0433, % updates: 71.137%
INFO:root:-- EPOCH 3 (5.667 seconds):
INFO:root:COST >> 1.6164 +/- 0.0323, % updates: 66.873%
INFO:root:-- EPOCH 4 (6.727 seconds):
INFO:root:COST >> 1.4841 +/- 0.0244, % updates: 63.302%
INFO:root:-- EPOCH 5 (5.733 seconds):
INFO:root:COST >> 1.3654 +/- 0.0236, % updates: 60.101%
INFO:root:-- EPOCH 6 (5.607 seconds):
INFO:root:COST >> 1.2613 +/- 0.0263, % updates: 57.11%
INFO:root:-- EPOCH 7 (5.639 seconds):
INFO:root:COST >> 1.1617 +/- 0.0233, % updates: 54.26%
INFO:root:-- EPOCH 8 (6.236 seconds):
INFO:root:COST >> 1.073 +/- 0.0213, % updates: 51.542%
INFO:root:-- EPOCH 9 (5.643 seconds):
INFO:root:COST >> 0.9872 +/- 0.0194, % updates: 48.788%
INFO:root:-- EPOCH 10 (5.585 seconds):
INFO:root:COST >> 0.9049 +/- 0.0187, % updates: 46.135%
INFO:root:-- EPOCH 11 (7.008 seconds):
INFO:root:COST >> 0.8345 +/- 0.0165, % updates: 43.671%
INFO:root:-- EPOCH 12 (5.7 seconds):
INFO:root:COST >> 0.7668 +/- 0.0145, % updates: 41.146%
INFO:root:-- EPOCH 13 (5.642 seconds):
INFO:root:COST >> 0.7099 +/- 0.0125, % updates: 39.005%
INFO:root:-- EPOCH 14 (5.67 seconds):
INFO:root:COST >> 0.6573 +/- 0.0131, % updates: 36.907%
INFO:root:-- EPOCH 15 (5.589 seconds):
INFO:root:COST >> 0.6097 +/- 0.0104, % updates: 35.008%
INFO:root:-- EPOCH 16 (5.65 seconds):
INFO:root:COST >> 0.5683 +/- 0.0109, % updates: 33.108%
INFO:root:-- EPOCH 17 (5.64 seconds):
INFO:root:COST >> 0.5311 +/- 0.0097, % updates: 31.535%
INFO:root:-- EPOCH 18 (5.717 seconds):
INFO:root:COST >> 0.4969 +/- 0.0066, % updates: 29.996%
INFO:root:-- EPOCH 19 (5.623 seconds):
INFO:root:COST >> 0.467 +/- 0.0078, % updates: 28.571%
INFO:root:-- EPOCH 20 (5.604 seconds):
INFO:root:COST >> 0.4413 +/- 0.0062, % updates: 27.346%
INFO:root:-- EPOCH 21 (6.996 seconds):
INFO:root:COST >> 0.4167 +/- 0.0054, % updates: 26.126%
INFO:root:-- EPOCH 22 (6.426 seconds):
INFO:root:COST >> 0.3956 +/- 0.0047, % updates: 25.083%
INFO:root:-- EPOCH 23 (5.612 seconds):
INFO:root:COST >> 0.375 +/- 0.0048, % updates: 24.071%
INFO:root:-- EPOCH 24 (5.642 seconds):
INFO:root:COST >> 0.3574 +/- 0.0045, % updates: 23.114%
INFO:root:-- EPOCH 25 (5.617 seconds):
INFO:root:COST >> 0.3416 +/- 0.0038, % updates: 22.274%
INFO:root:-- EPOCH 26 (5.617 seconds):
INFO:root:COST >> 0.3265 +/- 0.003, % updates: 21.526%
INFO:root:-- EPOCH 27 (5.574 seconds):
INFO:root:COST >> 0.3139 +/- 0.0042, % updates: 20.752%
INFO:root:-- EPOCH 28 (5.563 seconds):
INFO:root:COST >> 0.2999 +/- 0.0032, % updates: 20.07%
INFO:root:-- EPOCH 29 (5.621 seconds):
INFO:root:COST >> 0.2896 +/- 0.0018, % updates: 19.477%
INFO:root:-- EPOCH 30 (5.646 seconds):
INFO:root:COST >> 0.279 +/- 0.0033, % updates: 18.907%
INFO:root:-- EPOCH 31 (5.602 seconds):
INFO:root:COST >> 0.2696 +/- 0.0024, % updates: 18.319%
INFO:root:-- EPOCH 32 (5.627 seconds):
INFO:root:COST >> 0.2603 +/- 0.0029, % updates: 17.771%
INFO:root:-- EPOCH 33 (5.581 seconds):
INFO:root:COST >> 0.2522 +/- 0.0019, % updates: 17.327%
INFO:root:-- EPOCH 34 (5.64 seconds):
INFO:root:COST >> 0.2453 +/- 0.0032, % updates: 16.943%
INFO:root:-- EPOCH 35 (5.579 seconds):
INFO:root:COST >> 0.2392 +/- 0.0015, % updates: 16.507%
INFO:root:-- EPOCH 36 (5.618 seconds):
INFO:root:COST >> 0.2308 +/- 0.0021, % updates: 16.093%
INFO:root:-- EPOCH 37 (5.64 seconds):
INFO:root:COST >> 0.2256 +/- 0.0022, % updates: 15.754%
INFO:root:-- EPOCH 38 (5.601 seconds):
INFO:root:COST >> 0.2186 +/- 0.0017, % updates: 15.3%
INFO:root:-- EPOCH 39 (5.669 seconds):
INFO:root:COST >> 0.2135 +/- 0.002, % updates: 15.015%
INFO:root:-- EPOCH 40 (5.602 seconds):
INFO:root:COST >> 0.2092 +/- 0.0019, % updates: 14.753%
INFO:root:-- EPOCH 41 (5.607 seconds):
INFO:root:COST >> 0.2047 +/- 0.0009, % updates: 14.449%
INFO:root:-- EPOCH 42 (5.588 seconds):
INFO:root:COST >> 0.1994 +/- 0.0013, % updates: 14.158%
INFO:root:-- EPOCH 43 (5.646 seconds):
INFO:root:COST >> 0.1948 +/- 0.0017, % updates: 13.857%
INFO:root:-- EPOCH 44 (5.598 seconds):
INFO:root:COST >> 0.19 +/- 0.0023, % updates: 13.564%
INFO:root:-- EPOCH 45 (5.588 seconds):
INFO:root:COST >> 0.1868 +/- 0.0016, % updates: 13.377%
INFO:root:-- EPOCH 46 (5.627 seconds):
INFO:root:COST >> 0.1832 +/- 0.0019, % updates: 13.103%
INFO:root:-- EPOCH 47 (5.641 seconds):
INFO:root:COST >> 0.1798 +/- 0.0013, % updates: 12.927%
INFO:root:-- EPOCH 48 (5.592 seconds):
INFO:root:COST >> 0.1762 +/- 0.0019, % updates: 12.677%
INFO:root:-- EPOCH 49 (5.604 seconds):
INFO:root:COST >> 0.1739 +/- 0.0022, % updates: 12.531%
INFO:root:-- EPOCH 50 (5.571 seconds):
INFO:root:COST >> 0.1702 +/- 0.0024, % updates: 12.264%
