INFO:root:Shape for training set: (16296, 483142)
INFO:root:State: {'ndim': '50', 'test_all': 'None', 'test_path': 'None', 'nhid': '50', 'lremb': '0.1', 'seed': '0', 'simfn': 'L1', 'valid_path': 'None', 'nbatches': '10', 'lrparam': '0.1', 'decay': '0.999', 'show_hinton_diagrams': 'False', 'no_rescaling': 'True', 'Nrel': '1345', 'ranking_score_right': 'False', 'Nent': '16296', 'Nsyn': '14951', 'method': 'MOMENTUM', 'loss_margin': '1.0', 'C': '1.0', 'epsilon': '1e-06', 'use_db': 'True', 'max_lr': 'None', 'l1_param_weight': 'None', 'filtered': 'False', 'name': 'fb15k_50/fb15k_MOMENTUM_260', 'totepochs': '50', 'l2_param_weight': 'None', 'train_path': 'data/fb15k/FB15k-train.pkl', 'op': 'TransE'}
INFO:root:Starting the Experiment ..
INFO:root:-- EPOCH 1 (5.578 seconds):
INFO:root:COST >> 1.478 +/- 0.7145, % updates: 48.215%
INFO:root:-- EPOCH 2 (5.569 seconds):
INFO:root:COST >> 0.7844 +/- 0.0141, % updates: 30.566%
INFO:root:-- EPOCH 3 (4.855 seconds):
INFO:root:COST >> 0.6835 +/- 0.02, % updates: 28.265%
INFO:root:-- EPOCH 4 (5.53 seconds):
INFO:root:COST >> 0.6377 +/- 0.0228, % updates: 27.242%
INFO:root:-- EPOCH 5 (5.544 seconds):
INFO:root:COST >> 0.6085 +/- 0.0229, % updates: 26.679%
INFO:root:-- EPOCH 6 (5.586 seconds):
INFO:root:COST >> 0.5891 +/- 0.0197, % updates: 26.301%
INFO:root:-- EPOCH 7 (5.584 seconds):
INFO:root:COST >> 0.5736 +/- 0.0229, % updates: 25.995%
INFO:root:-- EPOCH 8 (5.635 seconds):
INFO:root:COST >> 0.5632 +/- 0.0216, % updates: 25.711%
INFO:root:-- EPOCH 9 (5.625 seconds):
INFO:root:COST >> 0.5538 +/- 0.0168, % updates: 25.64%
INFO:root:-- EPOCH 10 (5.612 seconds):
INFO:root:COST >> 0.5461 +/- 0.0194, % updates: 25.425%
INFO:root:-- EPOCH 11 (5.611 seconds):
INFO:root:COST >> 0.5406 +/- 0.0187, % updates: 25.347%
INFO:root:-- EPOCH 12 (5.582 seconds):
INFO:root:COST >> 0.5354 +/- 0.0185, % updates: 25.313%
INFO:root:-- EPOCH 13 (5.594 seconds):
INFO:root:COST >> 0.5295 +/- 0.0182, % updates: 25.194%
INFO:root:-- EPOCH 14 (5.648 seconds):
INFO:root:COST >> 0.5254 +/- 0.0162, % updates: 25.172%
INFO:root:-- EPOCH 15 (5.538 seconds):
INFO:root:COST >> 0.5221 +/- 0.0169, % updates: 25.01%
INFO:root:-- EPOCH 16 (5.659 seconds):
INFO:root:COST >> 0.5179 +/- 0.0171, % updates: 25.041%
INFO:root:-- EPOCH 17 (5.535 seconds):
INFO:root:COST >> 0.5155 +/- 0.0139, % updates: 24.953%
INFO:root:-- EPOCH 18 (5.607 seconds):
INFO:root:COST >> 0.5132 +/- 0.0147, % updates: 24.89%
INFO:root:-- EPOCH 19 (5.632 seconds):
INFO:root:COST >> 0.5117 +/- 0.0156, % updates: 24.881%
INFO:root:-- EPOCH 20 (5.65 seconds):
INFO:root:COST >> 0.5088 +/- 0.0149, % updates: 24.876%
INFO:root:-- EPOCH 21 (5.537 seconds):
INFO:root:COST >> 0.5082 +/- 0.0151, % updates: 24.814%
INFO:root:-- EPOCH 22 (5.6 seconds):
INFO:root:COST >> 0.5041 +/- 0.0153, % updates: 24.754%
INFO:root:-- EPOCH 23 (5.618 seconds):
INFO:root:COST >> 0.5032 +/- 0.0153, % updates: 24.764%
INFO:root:-- EPOCH 24 (5.609 seconds):
INFO:root:COST >> 0.5001 +/- 0.0155, % updates: 24.716%
INFO:root:-- EPOCH 25 (5.562 seconds):
INFO:root:COST >> 0.4999 +/- 0.0133, % updates: 24.743%
INFO:root:-- EPOCH 26 (5.617 seconds):
INFO:root:COST >> 0.4983 +/- 0.013, % updates: 24.703%
INFO:root:-- EPOCH 27 (5.595 seconds):
INFO:root:COST >> 0.4959 +/- 0.0146, % updates: 24.664%
INFO:root:-- EPOCH 28 (5.625 seconds):
INFO:root:COST >> 0.4948 +/- 0.0158, % updates: 24.648%
INFO:root:-- EPOCH 29 (5.645 seconds):
INFO:root:COST >> 0.4935 +/- 0.0126, % updates: 24.614%
INFO:root:-- EPOCH 30 (5.558 seconds):
INFO:root:COST >> 0.4932 +/- 0.0139, % updates: 24.618%
INFO:root:-- EPOCH 31 (5.589 seconds):
INFO:root:COST >> 0.491 +/- 0.0141, % updates: 24.608%
INFO:root:-- EPOCH 32 (5.659 seconds):
INFO:root:COST >> 0.4927 +/- 0.014, % updates: 24.659%
INFO:root:-- EPOCH 33 (5.582 seconds):
INFO:root:COST >> 0.4902 +/- 0.0142, % updates: 24.566%
INFO:root:-- EPOCH 34 (5.648 seconds):
INFO:root:COST >> 0.4905 +/- 0.014, % updates: 24.654%
INFO:root:-- EPOCH 35 (5.606 seconds):
INFO:root:COST >> 0.4886 +/- 0.0137, % updates: 24.571%
INFO:root:-- EPOCH 36 (5.636 seconds):
INFO:root:COST >> 0.4875 +/- 0.0154, % updates: 24.57%
INFO:root:-- EPOCH 37 (5.583 seconds):
INFO:root:COST >> 0.4865 +/- 0.0116, % updates: 24.525%
INFO:root:-- EPOCH 38 (5.634 seconds):
INFO:root:COST >> 0.4855 +/- 0.0146, % updates: 24.521%
INFO:root:-- EPOCH 39 (5.593 seconds):
INFO:root:COST >> 0.4866 +/- 0.0122, % updates: 24.579%
INFO:root:-- EPOCH 40 (5.546 seconds):
INFO:root:COST >> 0.4837 +/- 0.0119, % updates: 24.485%
INFO:root:-- EPOCH 41 (5.635 seconds):
INFO:root:COST >> 0.4845 +/- 0.0123, % updates: 24.513%
INFO:root:-- EPOCH 42 (5.568 seconds):
INFO:root:COST >> 0.4862 +/- 0.0134, % updates: 24.563%
INFO:root:-- EPOCH 43 (5.6 seconds):
INFO:root:COST >> 0.483 +/- 0.0135, % updates: 24.554%
INFO:root:-- EPOCH 44 (5.646 seconds):
INFO:root:COST >> 0.4815 +/- 0.0116, % updates: 24.491%
INFO:root:-- EPOCH 45 (5.631 seconds):
INFO:root:COST >> 0.4817 +/- 0.014, % updates: 24.464%
INFO:root:-- EPOCH 46 (5.616 seconds):
INFO:root:COST >> 0.4821 +/- 0.0127, % updates: 24.488%
INFO:root:-- EPOCH 47 (5.604 seconds):
INFO:root:COST >> 0.4824 +/- 0.0107, % updates: 24.487%
INFO:root:-- EPOCH 48 (5.633 seconds):
INFO:root:COST >> 0.4814 +/- 0.0115, % updates: 24.441%
INFO:root:-- EPOCH 49 (5.546 seconds):
INFO:root:COST >> 0.4805 +/- 0.0108, % updates: 24.471%
INFO:root:-- EPOCH 50 (5.634 seconds):
INFO:root:COST >> 0.4793 +/- 0.0112, % updates: 24.439%
