INFO:root:Shape for training set: (16296, 483142)
INFO:root:State: {'ndim': '50', 'test_all': 'None', 'test_path': 'None', 'nhid': '50', 'lremb': '1e-06', 'seed': '8', 'simfn': 'L1', 'valid_path': 'None', 'nbatches': '10', 'lrparam': '1e-06', 'decay': '0.5', 'show_hinton_diagrams': 'False', 'no_rescaling': 'True', 'Nrel': '1345', 'ranking_score_right': 'False', 'Nent': '16296', 'Nsyn': '14951', 'method': 'MOMENTUM', 'loss_margin': '1.0', 'C': '1.0', 'epsilon': '1e-06', 'use_db': 'True', 'max_lr': 'None', 'l1_param_weight': 'None', 'filtered': 'False', 'name': 'fb15k_50/fb15k_MOMENTUM_48', 'totepochs': '50', 'l2_param_weight': 'None', 'train_path': 'data/fb15k/FB15k-train.pkl', 'op': 'TransE'}
INFO:root:Starting the Experiment ..
INFO:root:-- EPOCH 1 (5.873 seconds):
INFO:root:COST >> 2.1991 +/- 0.007, % updates: 81.139%
INFO:root:-- EPOCH 2 (6.07 seconds):
INFO:root:COST >> 2.19 +/- 0.0041, % updates: 81.027%
INFO:root:-- EPOCH 3 (6.04 seconds):
INFO:root:COST >> 2.1802 +/- 0.0071, % updates: 80.854%
INFO:root:-- EPOCH 4 (6.064 seconds):
INFO:root:COST >> 2.1711 +/- 0.007, % updates: 80.699%
INFO:root:-- EPOCH 5 (6.092 seconds):
INFO:root:COST >> 2.1625 +/- 0.0054, % updates: 80.582%
INFO:root:-- EPOCH 6 (6.184 seconds):
INFO:root:COST >> 2.1527 +/- 0.0052, % updates: 80.376%
INFO:root:-- EPOCH 7 (5.968 seconds):
INFO:root:COST >> 2.1462 +/- 0.0088, % updates: 80.224%
INFO:root:-- EPOCH 8 (6.099 seconds):
INFO:root:COST >> 2.1377 +/- 0.0053, % updates: 80.089%
INFO:root:-- EPOCH 9 (6.084 seconds):
INFO:root:COST >> 2.131 +/- 0.0063, % updates: 79.932%
INFO:root:-- EPOCH 10 (6.118 seconds):
INFO:root:COST >> 2.1235 +/- 0.0063, % updates: 79.778%
INFO:root:-- EPOCH 11 (6.224 seconds):
INFO:root:COST >> 2.1167 +/- 0.0058, % updates: 79.655%
INFO:root:-- EPOCH 12 (5.979 seconds):
INFO:root:COST >> 2.1083 +/- 0.0075, % updates: 79.437%
INFO:root:-- EPOCH 13 (6.083 seconds):
INFO:root:COST >> 2.1035 +/- 0.0058, % updates: 79.347%
INFO:root:-- EPOCH 14 (6.075 seconds):
INFO:root:COST >> 2.0944 +/- 0.0043, % updates: 79.168%
INFO:root:-- EPOCH 15 (6.084 seconds):
INFO:root:COST >> 2.0902 +/- 0.0095, % updates: 79.056%
INFO:root:-- EPOCH 16 (6.056 seconds):
INFO:root:COST >> 2.0853 +/- 0.0073, % updates: 78.974%
INFO:root:-- EPOCH 17 (6.021 seconds):
INFO:root:COST >> 2.0807 +/- 0.0094, % updates: 78.871%
INFO:root:-- EPOCH 18 (6.084 seconds):
INFO:root:COST >> 2.074 +/- 0.0057, % updates: 78.698%
INFO:root:-- EPOCH 19 (6.047 seconds):
INFO:root:COST >> 2.0697 +/- 0.0064, % updates: 78.607%
INFO:root:-- EPOCH 20 (6.338 seconds):
INFO:root:COST >> 2.0655 +/- 0.0057, % updates: 78.51%
INFO:root:-- EPOCH 21 (7.325 seconds):
INFO:root:COST >> 2.0598 +/- 0.0061, % updates: 78.359%
INFO:root:-- EPOCH 22 (6.125 seconds):
INFO:root:COST >> 2.055 +/- 0.0068, % updates: 78.268%
INFO:root:-- EPOCH 23 (6.051 seconds):
INFO:root:COST >> 2.0496 +/- 0.0056, % updates: 78.125%
INFO:root:-- EPOCH 24 (6.089 seconds):
INFO:root:COST >> 2.0472 +/- 0.0089, % updates: 78.042%
INFO:root:-- EPOCH 25 (6.087 seconds):
INFO:root:COST >> 2.0439 +/- 0.0035, % updates: 77.959%
INFO:root:-- EPOCH 26 (6.141 seconds):
INFO:root:COST >> 2.0374 +/- 0.0056, % updates: 77.815%
INFO:root:-- EPOCH 27 (6.092 seconds):
INFO:root:COST >> 2.0346 +/- 0.0043, % updates: 77.744%
INFO:root:-- EPOCH 28 (6.044 seconds):
INFO:root:COST >> 2.0313 +/- 0.0056, % updates: 77.701%
INFO:root:-- EPOCH 29 (6.045 seconds):
INFO:root:COST >> 2.0272 +/- 0.0051, % updates: 77.587%
INFO:root:-- EPOCH 30 (6.009 seconds):
INFO:root:COST >> 2.0246 +/- 0.0068, % updates: 77.497%
INFO:root:-- EPOCH 31 (6.008 seconds):
INFO:root:COST >> 2.0197 +/- 0.0061, % updates: 77.371%
INFO:root:-- EPOCH 32 (6.079 seconds):
INFO:root:COST >> 2.0141 +/- 0.0072, % updates: 77.308%
INFO:root:-- EPOCH 33 (6.135 seconds):
INFO:root:COST >> 2.0087 +/- 0.0077, % updates: 77.223%
INFO:root:-- EPOCH 34 (6.069 seconds):
INFO:root:COST >> 2.0052 +/- 0.0033, % updates: 77.147%
INFO:root:-- EPOCH 35 (6.045 seconds):
INFO:root:COST >> 2.0012 +/- 0.0066, % updates: 77.035%
INFO:root:-- EPOCH 36 (6.162 seconds):
INFO:root:COST >> 1.9971 +/- 0.0057, % updates: 76.957%
INFO:root:-- EPOCH 37 (6.048 seconds):
INFO:root:COST >> 1.995 +/- 0.0041, % updates: 76.86%
INFO:root:-- EPOCH 38 (6.05 seconds):
INFO:root:COST >> 1.9917 +/- 0.0064, % updates: 76.775%
INFO:root:-- EPOCH 39 (6.033 seconds):
INFO:root:COST >> 1.9875 +/- 0.0059, % updates: 76.694%
INFO:root:-- EPOCH 40 (6.053 seconds):
INFO:root:COST >> 1.9843 +/- 0.0042, % updates: 76.565%
INFO:root:-- EPOCH 41 (6.076 seconds):
INFO:root:COST >> 1.9811 +/- 0.0058, % updates: 76.588%
INFO:root:-- EPOCH 42 (6.042 seconds):
INFO:root:COST >> 1.9771 +/- 0.0064, % updates: 76.476%
INFO:root:-- EPOCH 43 (6.041 seconds):
INFO:root:COST >> 1.975 +/- 0.0046, % updates: 76.388%
INFO:root:-- EPOCH 44 (5.996 seconds):
INFO:root:COST >> 1.9718 +/- 0.0076, % updates: 76.325%
INFO:root:-- EPOCH 45 (6.026 seconds):
INFO:root:COST >> 1.9673 +/- 0.006, % updates: 76.189%
INFO:root:-- EPOCH 46 (6.006 seconds):
INFO:root:COST >> 1.9651 +/- 0.0057, % updates: 76.159%
INFO:root:-- EPOCH 47 (6.083 seconds):
INFO:root:COST >> 1.9608 +/- 0.0058, % updates: 76.108%
INFO:root:-- EPOCH 48 (6.075 seconds):
INFO:root:COST >> 1.958 +/- 0.0046, % updates: 76.056%
INFO:root:-- EPOCH 49 (6.031 seconds):
INFO:root:COST >> 1.9557 +/- 0.006, % updates: 75.951%
INFO:root:-- EPOCH 50 (6.022 seconds):
INFO:root:COST >> 1.9536 +/- 0.0064, % updates: 75.847%
