INFO:root:Shape for training set: (16296, 483142)
INFO:root:State: {'ndim': '50', 'test_all': 'None', 'test_path': 'None', 'nhid': '50', 'lremb': '0.01', 'seed': '2', 'simfn': 'L1', 'valid_path': 'None', 'nbatches': '10', 'lrparam': '0.01', 'decay': '0.9999', 'show_hinton_diagrams': 'False', 'no_rescaling': 'True', 'Nrel': '1345', 'ranking_score_right': 'False', 'Nent': '16296', 'Nsyn': '14951', 'method': 'MOMENTUM', 'loss_margin': '1.0', 'C': '1.0', 'epsilon': '1e-06', 'use_db': 'True', 'max_lr': 'None', 'l1_param_weight': 'None', 'filtered': 'False', 'name': 'fb15k_50/fb15k_MOMENTUM_202', 'totepochs': '50', 'l2_param_weight': 'None', 'train_path': 'data/fb15k/FB15k-train.pkl', 'op': 'TransE'}
INFO:root:Starting the Experiment ..
INFO:root:-- EPOCH 1 (5.678 seconds):
INFO:root:COST >> 1.3397 +/- 0.6276, % updates: 48.305%
INFO:root:-- EPOCH 2 (5.645 seconds):
INFO:root:COST >> 0.591 +/- 0.0129, % updates: 24.255%
INFO:root:-- EPOCH 3 (5.204 seconds):
INFO:root:COST >> 0.4979 +/- 0.012, % updates: 21.224%
INFO:root:-- EPOCH 4 (7.009 seconds):
INFO:root:COST >> 0.4619 +/- 0.0149, % updates: 20.079%
INFO:root:-- EPOCH 5 (6.986 seconds):
INFO:root:COST >> 0.4438 +/- 0.014, % updates: 19.508%
INFO:root:-- EPOCH 6 (7.009 seconds):
INFO:root:COST >> 0.4337 +/- 0.0152, % updates: 19.192%
INFO:root:-- EPOCH 7 (7.112 seconds):
INFO:root:COST >> 0.4262 +/- 0.0132, % updates: 18.952%
INFO:root:-- EPOCH 8 (7.128 seconds):
INFO:root:COST >> 0.4201 +/- 0.0142, % updates: 18.791%
INFO:root:-- EPOCH 9 (7.202 seconds):
INFO:root:COST >> 0.4148 +/- 0.0151, % updates: 18.619%
INFO:root:-- EPOCH 10 (7.137 seconds):
INFO:root:COST >> 0.4094 +/- 0.014, % updates: 18.46%
INFO:root:-- EPOCH 11 (6.345 seconds):
INFO:root:COST >> 0.4064 +/- 0.0129, % updates: 18.397%
INFO:root:-- EPOCH 12 (5.617 seconds):
INFO:root:COST >> 0.402 +/- 0.0113, % updates: 18.3%
INFO:root:-- EPOCH 13 (5.605 seconds):
INFO:root:COST >> 0.3999 +/- 0.0127, % updates: 18.233%
INFO:root:-- EPOCH 14 (5.583 seconds):
INFO:root:COST >> 0.3968 +/- 0.0121, % updates: 18.153%
INFO:root:-- EPOCH 15 (5.577 seconds):
INFO:root:COST >> 0.3958 +/- 0.0132, % updates: 18.097%
INFO:root:-- EPOCH 16 (5.606 seconds):
INFO:root:COST >> 0.3927 +/- 0.0139, % updates: 17.988%
INFO:root:-- EPOCH 17 (5.586 seconds):
INFO:root:COST >> 0.3904 +/- 0.0118, % updates: 18.011%
INFO:root:-- EPOCH 18 (5.519 seconds):
INFO:root:COST >> 0.3883 +/- 0.0115, % updates: 17.912%
INFO:root:-- EPOCH 19 (5.627 seconds):
INFO:root:COST >> 0.3888 +/- 0.0115, % updates: 17.963%
INFO:root:-- EPOCH 20 (5.602 seconds):
INFO:root:COST >> 0.3873 +/- 0.009, % updates: 17.917%
INFO:root:-- EPOCH 21 (5.597 seconds):
INFO:root:COST >> 0.3841 +/- 0.0105, % updates: 17.833%
INFO:root:-- EPOCH 22 (5.584 seconds):
INFO:root:COST >> 0.3844 +/- 0.0115, % updates: 17.812%
INFO:root:-- EPOCH 23 (5.581 seconds):
INFO:root:COST >> 0.3826 +/- 0.0124, % updates: 17.749%
INFO:root:-- EPOCH 24 (5.605 seconds):
INFO:root:COST >> 0.3812 +/- 0.0098, % updates: 17.751%
INFO:root:-- EPOCH 25 (5.597 seconds):
INFO:root:COST >> 0.38 +/- 0.0115, % updates: 17.764%
INFO:root:-- EPOCH 26 (5.581 seconds):
INFO:root:COST >> 0.3792 +/- 0.0085, % updates: 17.737%
INFO:root:-- EPOCH 27 (5.594 seconds):
INFO:root:COST >> 0.3778 +/- 0.0097, % updates: 17.689%
INFO:root:-- EPOCH 28 (5.583 seconds):
INFO:root:COST >> 0.3779 +/- 0.0081, % updates: 17.703%
INFO:root:-- EPOCH 29 (5.583 seconds):
INFO:root:COST >> 0.3766 +/- 0.011, % updates: 17.642%
INFO:root:-- EPOCH 30 (5.541 seconds):
INFO:root:COST >> 0.3761 +/- 0.0118, % updates: 17.689%
INFO:root:-- EPOCH 31 (5.542 seconds):
INFO:root:COST >> 0.3746 +/- 0.0107, % updates: 17.61%
INFO:root:-- EPOCH 32 (5.581 seconds):
INFO:root:COST >> 0.373 +/- 0.0088, % updates: 17.62%
INFO:root:-- EPOCH 33 (5.583 seconds):
INFO:root:COST >> 0.3742 +/- 0.0102, % updates: 17.658%
INFO:root:-- EPOCH 34 (5.582 seconds):
INFO:root:COST >> 0.3729 +/- 0.0101, % updates: 17.66%
INFO:root:-- EPOCH 35 (5.576 seconds):
INFO:root:COST >> 0.3723 +/- 0.0113, % updates: 17.6%
INFO:root:-- EPOCH 36 (5.696 seconds):
INFO:root:COST >> 0.3725 +/- 0.0091, % updates: 17.625%
INFO:root:-- EPOCH 37 (5.548 seconds):
INFO:root:COST >> 0.3717 +/- 0.0111, % updates: 17.608%
INFO:root:-- EPOCH 38 (5.601 seconds):
INFO:root:COST >> 0.3711 +/- 0.0084, % updates: 17.594%
INFO:root:-- EPOCH 39 (5.599 seconds):
INFO:root:COST >> 0.3707 +/- 0.0116, % updates: 17.605%
INFO:root:-- EPOCH 40 (5.617 seconds):
INFO:root:COST >> 0.3694 +/- 0.0109, % updates: 17.549%
INFO:root:-- EPOCH 41 (5.568 seconds):
INFO:root:COST >> 0.3686 +/- 0.01, % updates: 17.58%
INFO:root:-- EPOCH 42 (5.589 seconds):
INFO:root:COST >> 0.3693 +/- 0.01, % updates: 17.577%
INFO:root:-- EPOCH 43 (6.376 seconds):
INFO:root:COST >> 0.3692 +/- 0.0084, % updates: 17.597%
INFO:root:-- EPOCH 44 (7.203 seconds):
INFO:root:COST >> 0.3687 +/- 0.0112, % updates: 17.574%
INFO:root:-- EPOCH 45 (6.105 seconds):
INFO:root:COST >> 0.3673 +/- 0.0094, % updates: 17.565%
INFO:root:-- EPOCH 46 (5.632 seconds):
INFO:root:COST >> 0.3673 +/- 0.0113, % updates: 17.537%
INFO:root:-- EPOCH 47 (5.625 seconds):
INFO:root:COST >> 0.3658 +/- 0.0089, % updates: 17.518%
INFO:root:-- EPOCH 48 (5.577 seconds):
INFO:root:COST >> 0.3653 +/- 0.0094, % updates: 17.534%
INFO:root:-- EPOCH 49 (5.563 seconds):
INFO:root:COST >> 0.3656 +/- 0.0103, % updates: 17.537%
INFO:root:-- EPOCH 50 (5.615 seconds):
INFO:root:COST >> 0.3654 +/- 0.0103, % updates: 17.539%
