INFO:root:Shape for training set: (16296, 483142)
INFO:root:State: {'ndim': '50', 'test_all': 'None', 'test_path': 'None', 'nhid': '50', 'lremb': '0.001', 'seed': '8', 'simfn': 'L1', 'valid_path': 'None', 'nbatches': '10', 'lrparam': '0.001', 'decay': '0.99', 'show_hinton_diagrams': 'False', 'no_rescaling': 'True', 'Nrel': '1345', 'ranking_score_right': 'False', 'Nent': '16296', 'Nsyn': '14951', 'method': 'MOMENTUM', 'loss_margin': '1.0', 'C': '1.0', 'epsilon': '1e-06', 'use_db': 'True', 'max_lr': 'None', 'l1_param_weight': 'None', 'filtered': 'False', 'name': 'fb15k_50/fb15k_MOMENTUM_178', 'totepochs': '50', 'l2_param_weight': 'None', 'train_path': 'data/fb15k/FB15k-train.pkl', 'op': 'TransE'}
INFO:root:Starting the Experiment ..
INFO:root:-- EPOCH 1 (5.666 seconds):
INFO:root:COST >> 1.5518 +/- 0.377, % updates: 61.04%
INFO:root:-- EPOCH 2 (5.566 seconds):
INFO:root:COST >> 0.592 +/- 0.12, % updates: 27.736%
INFO:root:-- EPOCH 3 (4.93 seconds):
INFO:root:COST >> 0.3656 +/- 0.0142, % updates: 17.683%
INFO:root:-- EPOCH 4 (5.643 seconds):
INFO:root:COST >> 0.3094 +/- 0.0068, % updates: 15.096%
INFO:root:-- EPOCH 5 (5.585 seconds):
INFO:root:COST >> 0.2923 +/- 0.0049, % updates: 13.957%
INFO:root:-- EPOCH 6 (5.615 seconds):
INFO:root:COST >> 0.2777 +/- 0.0042, % updates: 13.263%
INFO:root:-- EPOCH 7 (5.604 seconds):
INFO:root:COST >> 0.2723 +/- 0.0048, % updates: 12.913%
INFO:root:-- EPOCH 8 (5.578 seconds):
INFO:root:COST >> 0.2655 +/- 0.0043, % updates: 12.553%
INFO:root:-- EPOCH 9 (5.602 seconds):
INFO:root:COST >> 0.2629 +/- 0.0073, % updates: 12.347%
INFO:root:-- EPOCH 10 (5.628 seconds):
INFO:root:COST >> 0.2597 +/- 0.0064, % updates: 12.139%
INFO:root:-- EPOCH 11 (5.596 seconds):
INFO:root:COST >> 0.2597 +/- 0.0074, % updates: 12.059%
INFO:root:-- EPOCH 12 (5.58 seconds):
INFO:root:COST >> 0.2592 +/- 0.0055, % updates: 11.978%
INFO:root:-- EPOCH 13 (5.623 seconds):
INFO:root:COST >> 0.2587 +/- 0.0055, % updates: 11.919%
INFO:root:-- EPOCH 14 (5.528 seconds):
INFO:root:COST >> 0.2596 +/- 0.0058, % updates: 11.897%
INFO:root:-- EPOCH 15 (5.607 seconds):
INFO:root:COST >> 0.2615 +/- 0.0048, % updates: 11.839%
INFO:root:-- EPOCH 16 (5.532 seconds):
INFO:root:COST >> 0.262 +/- 0.008, % updates: 11.839%
INFO:root:-- EPOCH 17 (5.548 seconds):
INFO:root:COST >> 0.2616 +/- 0.0055, % updates: 11.756%
INFO:root:-- EPOCH 18 (5.566 seconds):
INFO:root:COST >> 0.2634 +/- 0.0055, % updates: 11.74%
INFO:root:-- EPOCH 19 (5.64 seconds):
INFO:root:COST >> 0.2648 +/- 0.0069, % updates: 11.77%
INFO:root:-- EPOCH 20 (5.675 seconds):
INFO:root:COST >> 0.2666 +/- 0.0056, % updates: 11.783%
INFO:root:-- EPOCH 21 (5.596 seconds):
INFO:root:COST >> 0.2659 +/- 0.007, % updates: 11.736%
INFO:root:-- EPOCH 22 (5.64 seconds):
INFO:root:COST >> 0.2666 +/- 0.0075, % updates: 11.757%
INFO:root:-- EPOCH 23 (5.551 seconds):
INFO:root:COST >> 0.2688 +/- 0.0066, % updates: 11.777%
INFO:root:-- EPOCH 24 (5.563 seconds):
INFO:root:COST >> 0.2704 +/- 0.0054, % updates: 11.805%
INFO:root:-- EPOCH 25 (5.597 seconds):
INFO:root:COST >> 0.2721 +/- 0.0081, % updates: 11.863%
INFO:root:-- EPOCH 26 (5.568 seconds):
INFO:root:COST >> 0.2735 +/- 0.008, % updates: 11.881%
INFO:root:-- EPOCH 27 (5.568 seconds):
INFO:root:COST >> 0.2732 +/- 0.0058, % updates: 11.877%
INFO:root:-- EPOCH 28 (5.602 seconds):
INFO:root:COST >> 0.2767 +/- 0.0049, % updates: 11.939%
INFO:root:-- EPOCH 29 (5.54 seconds):
INFO:root:COST >> 0.2765 +/- 0.0058, % updates: 11.947%
INFO:root:-- EPOCH 30 (5.539 seconds):
INFO:root:COST >> 0.2775 +/- 0.0074, % updates: 11.968%
INFO:root:-- EPOCH 31 (5.589 seconds):
INFO:root:COST >> 0.2791 +/- 0.0065, % updates: 11.955%
INFO:root:-- EPOCH 32 (5.6 seconds):
INFO:root:COST >> 0.2799 +/- 0.0059, % updates: 12.072%
INFO:root:-- EPOCH 33 (5.648 seconds):
INFO:root:COST >> 0.2833 +/- 0.0055, % updates: 12.104%
INFO:root:-- EPOCH 34 (5.602 seconds):
INFO:root:COST >> 0.2823 +/- 0.0062, % updates: 12.103%
INFO:root:-- EPOCH 35 (5.569 seconds):
INFO:root:COST >> 0.2845 +/- 0.007, % updates: 12.217%
INFO:root:-- EPOCH 36 (5.585 seconds):
INFO:root:COST >> 0.2877 +/- 0.0078, % updates: 12.326%
INFO:root:-- EPOCH 37 (5.592 seconds):
INFO:root:COST >> 0.2895 +/- 0.0065, % updates: 12.439%
INFO:root:-- EPOCH 38 (5.601 seconds):
INFO:root:COST >> 0.2917 +/- 0.0087, % updates: 12.476%
INFO:root:-- EPOCH 39 (5.627 seconds):
INFO:root:COST >> 0.2949 +/- 0.0074, % updates: 12.585%
INFO:root:-- EPOCH 40 (5.646 seconds):
INFO:root:COST >> 0.2971 +/- 0.0089, % updates: 12.686%
INFO:root:-- EPOCH 41 (5.619 seconds):
INFO:root:COST >> 0.3007 +/- 0.0086, % updates: 12.754%
INFO:root:-- EPOCH 42 (5.605 seconds):
INFO:root:COST >> 0.3011 +/- 0.0088, % updates: 12.781%
INFO:root:-- EPOCH 43 (5.625 seconds):
INFO:root:COST >> 0.3016 +/- 0.0085, % updates: 12.756%
INFO:root:-- EPOCH 44 (5.757 seconds):
INFO:root:COST >> 0.302 +/- 0.0066, % updates: 12.801%
INFO:root:-- EPOCH 45 (6.934 seconds):
INFO:root:COST >> 0.3027 +/- 0.0058, % updates: 12.872%
INFO:root:-- EPOCH 46 (6.914 seconds):
INFO:root:COST >> 0.308 +/- 0.0075, % updates: 13.045%
INFO:root:-- EPOCH 47 (6.941 seconds):
INFO:root:COST >> 0.3136 +/- 0.0121, % updates: 13.246%
INFO:root:-- EPOCH 48 (6.793 seconds):
INFO:root:COST >> 0.3212 +/- 0.0097, % updates: 13.432%
INFO:root:-- EPOCH 49 (5.615 seconds):
INFO:root:COST >> 0.323 +/- 0.0075, % updates: 13.483%
INFO:root:-- EPOCH 50 (5.589 seconds):
INFO:root:COST >> 0.3232 +/- 0.0061, % updates: 13.496%
