INFO:root:Shape for training set: (16296, 483142)
INFO:root:State: {'ndim': '50', 'test_all': 'None', 'test_path': 'None', 'nhid': '50', 'lremb': '1e-05', 'seed': '8', 'simfn': 'L1', 'valid_path': 'None', 'nbatches': '10', 'lrparam': '1e-05', 'decay': '0.999', 'show_hinton_diagrams': 'False', 'no_rescaling': 'True', 'Nrel': '1345', 'ranking_score_right': 'False', 'Nent': '16296', 'Nsyn': '14951', 'method': 'MOMENTUM', 'loss_margin': '1.0', 'C': '1.0', 'epsilon': '1e-06', 'use_db': 'True', 'max_lr': 'None', 'l1_param_weight': 'None', 'filtered': 'False', 'name': 'fb15k_50/fb15k_MOMENTUM_68', 'totepochs': '50', 'l2_param_weight': 'None', 'train_path': 'data/fb15k/FB15k-train.pkl', 'op': 'TransE'}
INFO:root:Starting the Experiment ..
INFO:root:-- EPOCH 1 (5.765 seconds):
INFO:root:COST >> 2.1358 +/- 0.0548, % updates: 79.874%
INFO:root:-- EPOCH 2 (6.003 seconds):
INFO:root:COST >> 1.9359 +/- 0.0457, % updates: 75.133%
INFO:root:-- EPOCH 3 (5.948 seconds):
INFO:root:COST >> 1.7895 +/- 0.0444, % updates: 71.081%
INFO:root:-- EPOCH 4 (6.017 seconds):
INFO:root:COST >> 1.627 +/- 0.0485, % updates: 65.93%
INFO:root:-- EPOCH 5 (5.801 seconds):
INFO:root:COST >> 1.4339 +/- 0.0519, % updates: 59.66%
INFO:root:-- EPOCH 6 (5.944 seconds):
INFO:root:COST >> 1.2719 +/- 0.0429, % updates: 54.258%
INFO:root:-- EPOCH 7 (5.957 seconds):
INFO:root:COST >> 1.1251 +/- 0.0418, % updates: 49.633%
INFO:root:-- EPOCH 8 (5.967 seconds):
INFO:root:COST >> 0.9786 +/- 0.0426, % updates: 44.703%
INFO:root:-- EPOCH 9 (5.955 seconds):
INFO:root:COST >> 0.8385 +/- 0.038, % updates: 39.544%
INFO:root:-- EPOCH 10 (5.977 seconds):
INFO:root:COST >> 0.7094 +/- 0.0342, % updates: 34.531%
INFO:root:-- EPOCH 11 (5.955 seconds):
INFO:root:COST >> 0.6047 +/- 0.0267, % updates: 30.152%
INFO:root:-- EPOCH 12 (5.92 seconds):
INFO:root:COST >> 0.5202 +/- 0.0215, % updates: 26.477%
INFO:root:-- EPOCH 13 (5.863 seconds):
INFO:root:COST >> 0.4554 +/- 0.0149, % updates: 23.572%
INFO:root:-- EPOCH 14 (5.983 seconds):
INFO:root:COST >> 0.4067 +/- 0.0126, % updates: 21.217%
INFO:root:-- EPOCH 15 (5.931 seconds):
INFO:root:COST >> 0.3675 +/- 0.0096, % updates: 19.342%
INFO:root:-- EPOCH 16 (5.93 seconds):
INFO:root:COST >> 0.3377 +/- 0.0094, % updates: 17.84%
INFO:root:-- EPOCH 17 (5.898 seconds):
INFO:root:COST >> 0.3152 +/- 0.0071, % updates: 16.622%
INFO:root:-- EPOCH 18 (5.905 seconds):
INFO:root:COST >> 0.2946 +/- 0.0061, % updates: 15.61%
INFO:root:-- EPOCH 19 (5.858 seconds):
INFO:root:COST >> 0.2797 +/- 0.0055, % updates: 14.78%
INFO:root:-- EPOCH 20 (5.885 seconds):
INFO:root:COST >> 0.2666 +/- 0.0031, % updates: 14.131%
INFO:root:-- EPOCH 21 (5.925 seconds):
INFO:root:COST >> 0.2538 +/- 0.0036, % updates: 13.553%
INFO:root:-- EPOCH 22 (5.873 seconds):
INFO:root:COST >> 0.2426 +/- 0.0031, % updates: 12.947%
INFO:root:-- EPOCH 23 (5.92 seconds):
INFO:root:COST >> 0.2343 +/- 0.0032, % updates: 12.54%
INFO:root:-- EPOCH 24 (5.923 seconds):
INFO:root:COST >> 0.2253 +/- 0.0041, % updates: 12.127%
INFO:root:-- EPOCH 25 (6.294 seconds):
INFO:root:COST >> 0.2177 +/- 0.0033, % updates: 11.724%
INFO:root:-- EPOCH 26 (7.31 seconds):
INFO:root:COST >> 0.2081 +/- 0.0043, % updates: 11.219%
INFO:root:-- EPOCH 27 (6.613 seconds):
INFO:root:COST >> 0.202 +/- 0.0021, % updates: 10.895%
INFO:root:-- EPOCH 28 (5.825 seconds):
INFO:root:COST >> 0.196 +/- 0.0025, % updates: 10.617%
INFO:root:-- EPOCH 29 (5.861 seconds):
INFO:root:COST >> 0.1895 +/- 0.0022, % updates: 10.312%
INFO:root:-- EPOCH 30 (5.91 seconds):
INFO:root:COST >> 0.1855 +/- 0.0022, % updates: 10.079%
INFO:root:-- EPOCH 31 (5.885 seconds):
INFO:root:COST >> 0.1777 +/- 0.0027, % updates: 9.725%
INFO:root:-- EPOCH 32 (5.921 seconds):
INFO:root:COST >> 0.1735 +/- 0.0031, % updates: 9.53%
INFO:root:-- EPOCH 33 (5.904 seconds):
INFO:root:COST >> 0.169 +/- 0.0013, % updates: 9.322%
INFO:root:-- EPOCH 34 (5.915 seconds):
INFO:root:COST >> 0.1634 +/- 0.0018, % updates: 9.046%
INFO:root:-- EPOCH 35 (6.037 seconds):
INFO:root:COST >> 0.1593 +/- 0.0022, % updates: 8.833%
INFO:root:-- EPOCH 36 (5.912 seconds):
INFO:root:COST >> 0.1555 +/- 0.0022, % updates: 8.692%
INFO:root:-- EPOCH 37 (5.849 seconds):
INFO:root:COST >> 0.1525 +/- 0.0016, % updates: 8.514%
INFO:root:-- EPOCH 38 (5.886 seconds):
INFO:root:COST >> 0.1486 +/- 0.0022, % updates: 8.37%
INFO:root:-- EPOCH 39 (5.949 seconds):
INFO:root:COST >> 0.1444 +/- 0.0015, % updates: 8.157%
INFO:root:-- EPOCH 40 (5.946 seconds):
INFO:root:COST >> 0.1432 +/- 0.0013, % updates: 8.082%
INFO:root:-- EPOCH 41 (5.888 seconds):
INFO:root:COST >> 0.1394 +/- 0.0019, % updates: 7.902%
INFO:root:-- EPOCH 42 (5.862 seconds):
INFO:root:COST >> 0.1373 +/- 0.0007, % updates: 7.819%
INFO:root:-- EPOCH 43 (5.796 seconds):
INFO:root:COST >> 0.1345 +/- 0.0018, % updates: 7.67%
INFO:root:-- EPOCH 44 (5.807 seconds):
INFO:root:COST >> 0.1317 +/- 0.0019, % updates: 7.536%
INFO:root:-- EPOCH 45 (5.912 seconds):
INFO:root:COST >> 0.1291 +/- 0.0019, % updates: 7.421%
INFO:root:-- EPOCH 46 (5.923 seconds):
INFO:root:COST >> 0.1281 +/- 0.0017, % updates: 7.405%
INFO:root:-- EPOCH 47 (5.861 seconds):
INFO:root:COST >> 0.1266 +/- 0.0017, % updates: 7.285%
INFO:root:-- EPOCH 48 (5.867 seconds):
INFO:root:COST >> 0.1223 +/- 0.0017, % updates: 7.08%
INFO:root:-- EPOCH 49 (5.97 seconds):
INFO:root:COST >> 0.1207 +/- 0.0014, % updates: 7.007%
INFO:root:-- EPOCH 50 (6.213 seconds):
INFO:root:COST >> 0.1188 +/- 0.0023, % updates: 6.89%
