INFO:root:Shape for training set: (16296, 483142)
INFO:root:State: {'ndim': '50', 'test_all': 'None', 'test_path': 'None', 'nhid': '50', 'lremb': '0.0001', 'seed': '9', 'simfn': 'L1', 'valid_path': 'None', 'nbatches': '10', 'lrparam': '0.0001', 'decay': '0.9999', 'show_hinton_diagrams': 'False', 'no_rescaling': 'True', 'Nrel': '1345', 'ranking_score_right': 'False', 'Nent': '16296', 'Nsyn': '14951', 'method': 'MOMENTUM', 'loss_margin': '1.0', 'C': '1.0', 'epsilon': '1e-06', 'use_db': 'True', 'max_lr': 'None', 'l1_param_weight': 'None', 'filtered': 'False', 'name': 'fb15k_50/fb15k_MOMENTUM_109', 'totepochs': '50', 'l2_param_weight': 'None', 'train_path': 'data/fb15k/FB15k-train.pkl', 'op': 'TransE'}
INFO:root:Starting the Experiment ..
INFO:root:-- EPOCH 1 (5.96 seconds):
INFO:root:COST >> 1.9674 +/- 0.1432, % updates: 75.368%
INFO:root:-- EPOCH 2 (5.915 seconds):
INFO:root:COST >> 1.4281 +/- 0.133, % updates: 58.892%
INFO:root:-- EPOCH 3 (5.884 seconds):
INFO:root:COST >> 0.9764 +/- 0.1147, % updates: 43.685%
INFO:root:-- EPOCH 4 (6.686 seconds):
INFO:root:COST >> 0.6293 +/- 0.0691, % updates: 30.686%
INFO:root:-- EPOCH 5 (7.031 seconds):
INFO:root:COST >> 0.4436 +/- 0.0324, % updates: 22.571%
INFO:root:-- EPOCH 6 (5.897 seconds):
INFO:root:COST >> 0.3519 +/- 0.0149, % updates: 18.343%
INFO:root:-- EPOCH 7 (5.871 seconds):
INFO:root:COST >> 0.2993 +/- 0.0111, % updates: 15.776%
INFO:root:-- EPOCH 8 (5.877 seconds):
INFO:root:COST >> 0.2606 +/- 0.008, % updates: 13.91%
INFO:root:-- EPOCH 9 (5.862 seconds):
INFO:root:COST >> 0.2321 +/- 0.0072, % updates: 12.515%
INFO:root:-- EPOCH 10 (5.797 seconds):
INFO:root:COST >> 0.2111 +/- 0.0068, % updates: 11.427%
INFO:root:-- EPOCH 11 (5.804 seconds):
INFO:root:COST >> 0.1928 +/- 0.0032, % updates: 10.559%
INFO:root:-- EPOCH 12 (5.831 seconds):
INFO:root:COST >> 0.1803 +/- 0.0038, % updates: 9.947%
INFO:root:-- EPOCH 13 (5.878 seconds):
INFO:root:COST >> 0.1702 +/- 0.0031, % updates: 9.466%
INFO:root:-- EPOCH 14 (5.759 seconds):
INFO:root:COST >> 0.1605 +/- 0.003, % updates: 9.011%
INFO:root:-- EPOCH 15 (5.829 seconds):
INFO:root:COST >> 0.1537 +/- 0.0036, % updates: 8.676%
INFO:root:-- EPOCH 16 (5.871 seconds):
INFO:root:COST >> 0.1459 +/- 0.0024, % updates: 8.34%
INFO:root:-- EPOCH 17 (5.878 seconds):
INFO:root:COST >> 0.1422 +/- 0.0028, % updates: 8.141%
INFO:root:-- EPOCH 18 (5.855 seconds):
INFO:root:COST >> 0.1384 +/- 0.0017, % updates: 7.982%
INFO:root:-- EPOCH 19 (5.878 seconds):
INFO:root:COST >> 0.1357 +/- 0.0021, % updates: 7.84%
INFO:root:-- EPOCH 20 (5.835 seconds):
INFO:root:COST >> 0.1313 +/- 0.0023, % updates: 7.66%
INFO:root:-- EPOCH 21 (5.894 seconds):
INFO:root:COST >> 0.1303 +/- 0.0021, % updates: 7.578%
INFO:root:-- EPOCH 22 (5.882 seconds):
INFO:root:COST >> 0.1278 +/- 0.002, % updates: 7.49%
INFO:root:-- EPOCH 23 (5.836 seconds):
INFO:root:COST >> 0.1254 +/- 0.0014, % updates: 7.354%
INFO:root:-- EPOCH 24 (5.838 seconds):
INFO:root:COST >> 0.1244 +/- 0.0015, % updates: 7.319%
INFO:root:-- EPOCH 25 (5.847 seconds):
INFO:root:COST >> 0.1218 +/- 0.0014, % updates: 7.183%
INFO:root:-- EPOCH 26 (5.877 seconds):
INFO:root:COST >> 0.1202 +/- 0.003, % updates: 7.12%
INFO:root:-- EPOCH 27 (5.834 seconds):
INFO:root:COST >> 0.1187 +/- 0.0021, % updates: 7.063%
INFO:root:-- EPOCH 28 (5.873 seconds):
INFO:root:COST >> 0.1167 +/- 0.0017, % updates: 6.967%
INFO:root:-- EPOCH 29 (5.803 seconds):
INFO:root:COST >> 0.1166 +/- 0.0014, % updates: 6.949%
INFO:root:-- EPOCH 30 (5.885 seconds):
INFO:root:COST >> 0.116 +/- 0.0018, % updates: 6.94%
INFO:root:-- EPOCH 31 (5.783 seconds):
INFO:root:COST >> 0.1156 +/- 0.002, % updates: 6.92%
INFO:root:-- EPOCH 32 (5.847 seconds):
INFO:root:COST >> 0.1135 +/- 0.0012, % updates: 6.819%
INFO:root:-- EPOCH 33 (5.807 seconds):
INFO:root:COST >> 0.114 +/- 0.0016, % updates: 6.805%
INFO:root:-- EPOCH 34 (5.843 seconds):
INFO:root:COST >> 0.1133 +/- 0.0013, % updates: 6.852%
INFO:root:-- EPOCH 35 (5.791 seconds):
INFO:root:COST >> 0.1125 +/- 0.0011, % updates: 6.799%
INFO:root:-- EPOCH 36 (5.864 seconds):
INFO:root:COST >> 0.1113 +/- 0.0018, % updates: 6.759%
INFO:root:-- EPOCH 37 (5.871 seconds):
INFO:root:COST >> 0.1102 +/- 0.0017, % updates: 6.712%
INFO:root:-- EPOCH 38 (5.792 seconds):
INFO:root:COST >> 0.1104 +/- 0.0018, % updates: 6.692%
INFO:root:-- EPOCH 39 (5.823 seconds):
INFO:root:COST >> 0.11 +/- 0.0014, % updates: 6.7%
INFO:root:-- EPOCH 40 (5.801 seconds):
INFO:root:COST >> 0.1088 +/- 0.0013, % updates: 6.656%
INFO:root:-- EPOCH 41 (5.821 seconds):
INFO:root:COST >> 0.1077 +/- 0.0024, % updates: 6.576%
INFO:root:-- EPOCH 42 (5.897 seconds):
INFO:root:COST >> 0.1079 +/- 0.0015, % updates: 6.564%
INFO:root:-- EPOCH 43 (6.3 seconds):
INFO:root:COST >> 0.1075 +/- 0.0017, % updates: 6.576%
INFO:root:-- EPOCH 44 (5.841 seconds):
INFO:root:COST >> 0.1076 +/- 0.0017, % updates: 6.558%
INFO:root:-- EPOCH 45 (5.866 seconds):
INFO:root:COST >> 0.1075 +/- 0.0016, % updates: 6.606%
INFO:root:-- EPOCH 46 (5.918 seconds):
INFO:root:COST >> 0.1078 +/- 0.0021, % updates: 6.627%
INFO:root:-- EPOCH 47 (5.875 seconds):
INFO:root:COST >> 0.1071 +/- 0.0014, % updates: 6.593%
INFO:root:-- EPOCH 48 (5.832 seconds):
INFO:root:COST >> 0.1059 +/- 0.001, % updates: 6.547%
INFO:root:-- EPOCH 49 (5.852 seconds):
INFO:root:COST >> 0.1065 +/- 0.0017, % updates: 6.603%
INFO:root:-- EPOCH 50 (5.817 seconds):
INFO:root:COST >> 0.1068 +/- 0.0024, % updates: 6.611%
