INFO:root:Shape for training set: (16296, 483142)
INFO:root:State: {'ndim': '50', 'test_all': 'None', 'test_path': 'None', 'nhid': '50', 'lremb': '1.0', 'seed': '4', 'simfn': 'L1', 'valid_path': 'None', 'nbatches': '10', 'lrparam': '1.0', 'decay': '0.99', 'show_hinton_diagrams': 'False', 'no_rescaling': 'True', 'Nrel': '1345', 'ranking_score_right': 'False', 'Nent': '16296', 'Nsyn': '14951', 'method': 'MOMENTUM', 'loss_margin': '1.0', 'C': '1.0', 'epsilon': '1e-06', 'use_db': 'True', 'max_lr': 'None', 'l1_param_weight': 'None', 'filtered': 'False', 'name': 'fb15k_50/fb15k_MOMENTUM_324', 'totepochs': '50', 'l2_param_weight': 'None', 'train_path': 'data/fb15k/FB15k-train.pkl', 'op': 'TransE'}
INFO:root:Starting the Experiment ..
INFO:root:-- EPOCH 1 (7.263 seconds):
INFO:root:COST >> 1.4901 +/- 0.739, % updates: 47.786%
INFO:root:-- EPOCH 2 (8.419 seconds):
INFO:root:COST >> 0.7939 +/- 0.0102, % updates: 30.582%
INFO:root:-- EPOCH 3 (8.522 seconds):
INFO:root:COST >> 0.6989 +/- 0.0239, % updates: 28.456%
INFO:root:-- EPOCH 4 (7.866 seconds):
INFO:root:COST >> 0.6616 +/- 0.0268, % updates: 27.557%
INFO:root:-- EPOCH 5 (7.497 seconds):
INFO:root:COST >> 0.6372 +/- 0.0275, % updates: 27.057%
INFO:root:-- EPOCH 6 (7.736 seconds):
INFO:root:COST >> 0.6247 +/- 0.0299, % updates: 26.855%
INFO:root:-- EPOCH 7 (7.914 seconds):
INFO:root:COST >> 0.6144 +/- 0.0237, % updates: 26.609%
INFO:root:-- EPOCH 8 (8.241 seconds):
INFO:root:COST >> 0.6077 +/- 0.0262, % updates: 26.513%
INFO:root:-- EPOCH 9 (7.885 seconds):
INFO:root:COST >> 0.6004 +/- 0.0276, % updates: 26.439%
INFO:root:-- EPOCH 10 (8.17 seconds):
INFO:root:COST >> 0.5958 +/- 0.0239, % updates: 26.297%
INFO:root:-- EPOCH 11 (7.737 seconds):
INFO:root:COST >> 0.5951 +/- 0.0281, % updates: 26.309%
INFO:root:-- EPOCH 12 (7.348 seconds):
INFO:root:COST >> 0.5924 +/- 0.0282, % updates: 26.314%
INFO:root:-- EPOCH 13 (6.721 seconds):
INFO:root:COST >> 0.5902 +/- 0.0263, % updates: 26.233%
INFO:root:-- EPOCH 14 (6.923 seconds):
INFO:root:COST >> 0.588 +/- 0.0261, % updates: 26.214%
INFO:root:-- EPOCH 15 (6.914 seconds):
INFO:root:COST >> 0.5862 +/- 0.0286, % updates: 26.172%
INFO:root:-- EPOCH 16 (7.128 seconds):
INFO:root:COST >> 0.5871 +/- 0.0247, % updates: 26.205%
INFO:root:-- EPOCH 17 (7.626 seconds):
INFO:root:COST >> 0.5838 +/- 0.0252, % updates: 26.096%
INFO:root:-- EPOCH 18 (7.549 seconds):
INFO:root:COST >> 0.5838 +/- 0.0283, % updates: 26.114%
INFO:root:-- EPOCH 19 (7.087 seconds):
INFO:root:COST >> 0.5836 +/- 0.025, % updates: 26.189%
INFO:root:-- EPOCH 20 (6.906 seconds):
INFO:root:COST >> 0.5832 +/- 0.0278, % updates: 26.162%
INFO:root:-- EPOCH 21 (7.283 seconds):
INFO:root:COST >> 0.5814 +/- 0.0259, % updates: 26.14%
INFO:root:-- EPOCH 22 (7.427 seconds):
INFO:root:COST >> 0.5826 +/- 0.0236, % updates: 26.107%
INFO:root:-- EPOCH 23 (7.185 seconds):
INFO:root:COST >> 0.5794 +/- 0.0269, % updates: 26.11%
INFO:root:-- EPOCH 24 (7.165 seconds):
INFO:root:COST >> 0.5802 +/- 0.0225, % updates: 26.121%
INFO:root:-- EPOCH 25 (7.087 seconds):
INFO:root:COST >> 0.5786 +/- 0.0262, % updates: 26.121%
INFO:root:-- EPOCH 26 (6.769 seconds):
INFO:root:COST >> 0.5797 +/- 0.0262, % updates: 26.132%
INFO:root:-- EPOCH 27 (7.027 seconds):
INFO:root:COST >> 0.5792 +/- 0.0273, % updates: 26.059%
INFO:root:-- EPOCH 28 (7.277 seconds):
INFO:root:COST >> 0.5785 +/- 0.0249, % updates: 26.046%
INFO:root:-- EPOCH 29 (7.0 seconds):
INFO:root:COST >> 0.5786 +/- 0.028, % updates: 26.144%
INFO:root:-- EPOCH 30 (7.209 seconds):
INFO:root:COST >> 0.577 +/- 0.0264, % updates: 26.04%
INFO:root:-- EPOCH 31 (6.736 seconds):
INFO:root:COST >> 0.5806 +/- 0.0238, % updates: 26.102%
INFO:root:-- EPOCH 32 (6.698 seconds):
INFO:root:COST >> 0.5788 +/- 0.0255, % updates: 26.08%
INFO:root:-- EPOCH 33 (6.736 seconds):
INFO:root:COST >> 0.5779 +/- 0.0258, % updates: 26.067%
INFO:root:-- EPOCH 34 (7.468 seconds):
INFO:root:COST >> 0.5782 +/- 0.0281, % updates: 26.071%
INFO:root:-- EPOCH 35 (7.519 seconds):
INFO:root:COST >> 0.5792 +/- 0.0272, % updates: 26.115%
INFO:root:-- EPOCH 36 (7.8 seconds):
INFO:root:COST >> 0.5786 +/- 0.0247, % updates: 26.117%
INFO:root:-- EPOCH 37 (7.817 seconds):
INFO:root:COST >> 0.579 +/- 0.0243, % updates: 26.104%
INFO:root:-- EPOCH 38 (6.809 seconds):
INFO:root:COST >> 0.5792 +/- 0.0246, % updates: 26.12%
INFO:root:-- EPOCH 39 (7.652 seconds):
INFO:root:COST >> 0.5784 +/- 0.0262, % updates: 26.107%
INFO:root:-- EPOCH 40 (8.004 seconds):
INFO:root:COST >> 0.5788 +/- 0.0234, % updates: 26.105%
INFO:root:-- EPOCH 41 (7.893 seconds):
INFO:root:COST >> 0.5786 +/- 0.0268, % updates: 26.079%
INFO:root:-- EPOCH 42 (7.908 seconds):
INFO:root:COST >> 0.5793 +/- 0.0268, % updates: 26.069%
INFO:root:-- EPOCH 43 (7.926 seconds):
INFO:root:COST >> 0.5803 +/- 0.025, % updates: 26.09%
INFO:root:-- EPOCH 44 (7.912 seconds):
INFO:root:COST >> 0.5813 +/- 0.0248, % updates: 26.14%
INFO:root:-- EPOCH 45 (8.144 seconds):
INFO:root:COST >> 0.579 +/- 0.0243, % updates: 26.111%
INFO:root:-- EPOCH 46 (7.907 seconds):
INFO:root:COST >> 0.579 +/- 0.0264, % updates: 26.067%
INFO:root:-- EPOCH 47 (7.94 seconds):
INFO:root:COST >> 0.5792 +/- 0.0237, % updates: 26.107%
INFO:root:-- EPOCH 48 (7.3 seconds):
INFO:root:COST >> 0.5793 +/- 0.0268, % updates: 26.1%
INFO:root:-- EPOCH 49 (7.117 seconds):
INFO:root:COST >> 0.5783 +/- 0.0258, % updates: 26.048%
INFO:root:-- EPOCH 50 (7.379 seconds):
INFO:root:COST >> 0.5791 +/- 0.0245, % updates: 26.094%
