INFO:root:Shape for training set: (16296, 483142)
INFO:root:State: {'ndim': '50', 'test_all': 'None', 'test_path': 'None', 'nhid': '50', 'lremb': '0.001', 'seed': '8', 'simfn': 'L1', 'valid_path': 'None', 'nbatches': '10', 'lrparam': '0.001', 'decay': '0.9999', 'show_hinton_diagrams': 'False', 'no_rescaling': 'True', 'Nrel': '1345', 'ranking_score_right': 'False', 'Nent': '16296', 'Nsyn': '14951', 'method': 'MOMENTUM', 'loss_margin': '1.0', 'C': '1.0', 'epsilon': '1e-06', 'use_db': 'True', 'max_lr': 'None', 'l1_param_weight': 'None', 'filtered': 'False', 'name': 'fb15k_50/fb15k_MOMENTUM_158', 'totepochs': '50', 'l2_param_weight': 'None', 'train_path': 'data/fb15k/FB15k-train.pkl', 'op': 'TransE'}
INFO:root:Starting the Experiment ..
INFO:root:-- EPOCH 1 (5.69 seconds):
INFO:root:COST >> 1.5513 +/- 0.3776, % updates: 61.016%
INFO:root:-- EPOCH 2 (5.126 seconds):
INFO:root:COST >> 0.5998 +/- 0.115, % updates: 28.007%
INFO:root:-- EPOCH 3 (5.625 seconds):
INFO:root:COST >> 0.3681 +/- 0.0182, % updates: 18.057%
INFO:root:-- EPOCH 4 (5.62 seconds):
INFO:root:COST >> 0.3202 +/- 0.0045, % updates: 15.611%
INFO:root:-- EPOCH 5 (5.592 seconds):
INFO:root:COST >> 0.3023 +/- 0.0033, % updates: 14.605%
INFO:root:-- EPOCH 6 (5.628 seconds):
INFO:root:COST >> 0.2857 +/- 0.0036, % updates: 13.869%
INFO:root:-- EPOCH 7 (5.573 seconds):
INFO:root:COST >> 0.2779 +/- 0.0047, % updates: 13.568%
INFO:root:-- EPOCH 8 (5.591 seconds):
INFO:root:COST >> 0.2703 +/- 0.0034, % updates: 13.321%
INFO:root:-- EPOCH 9 (5.595 seconds):
INFO:root:COST >> 0.2665 +/- 0.0064, % updates: 13.145%
INFO:root:-- EPOCH 10 (5.612 seconds):
INFO:root:COST >> 0.2643 +/- 0.0045, % updates: 13.059%
INFO:root:-- EPOCH 11 (5.538 seconds):
INFO:root:COST >> 0.2636 +/- 0.0061, % updates: 13.067%
INFO:root:-- EPOCH 12 (5.578 seconds):
INFO:root:COST >> 0.2624 +/- 0.0059, % updates: 13.012%
INFO:root:-- EPOCH 13 (5.555 seconds):
INFO:root:COST >> 0.2628 +/- 0.0047, % updates: 13.107%
INFO:root:-- EPOCH 14 (5.533 seconds):
INFO:root:COST >> 0.2712 +/- 0.0074, % updates: 13.433%
INFO:root:-- EPOCH 15 (5.573 seconds):
INFO:root:COST >> 0.2768 +/- 0.005, % updates: 13.588%
INFO:root:-- EPOCH 16 (5.58 seconds):
INFO:root:COST >> 0.2783 +/- 0.0067, % updates: 13.628%
INFO:root:-- EPOCH 17 (5.589 seconds):
INFO:root:COST >> 0.2782 +/- 0.0044, % updates: 13.613%
INFO:root:-- EPOCH 18 (5.536 seconds):
INFO:root:COST >> 0.279 +/- 0.0048, % updates: 13.592%
INFO:root:-- EPOCH 19 (5.609 seconds):
INFO:root:COST >> 0.279 +/- 0.0054, % updates: 13.605%
INFO:root:-- EPOCH 20 (5.63 seconds):
INFO:root:COST >> 0.2803 +/- 0.0052, % updates: 13.665%
INFO:root:-- EPOCH 21 (5.647 seconds):
INFO:root:COST >> 0.2798 +/- 0.0057, % updates: 13.669%
INFO:root:-- EPOCH 22 (5.559 seconds):
INFO:root:COST >> 0.2799 +/- 0.0064, % updates: 13.614%
INFO:root:-- EPOCH 23 (5.585 seconds):
INFO:root:COST >> 0.2824 +/- 0.0058, % updates: 13.704%
INFO:root:-- EPOCH 24 (5.56 seconds):
INFO:root:COST >> 0.2812 +/- 0.0049, % updates: 13.671%
INFO:root:-- EPOCH 25 (5.634 seconds):
INFO:root:COST >> 0.2807 +/- 0.0063, % updates: 13.7%
INFO:root:-- EPOCH 26 (5.583 seconds):
INFO:root:COST >> 0.2815 +/- 0.0064, % updates: 13.664%
INFO:root:-- EPOCH 27 (6.613 seconds):
INFO:root:COST >> 0.282 +/- 0.0055, % updates: 13.711%
INFO:root:-- EPOCH 28 (5.583 seconds):
INFO:root:COST >> 0.2834 +/- 0.0045, % updates: 13.693%
INFO:root:-- EPOCH 29 (5.555 seconds):
INFO:root:COST >> 0.2838 +/- 0.0046, % updates: 13.8%
INFO:root:-- EPOCH 30 (5.644 seconds):
INFO:root:COST >> 0.2851 +/- 0.0075, % updates: 13.879%
INFO:root:-- EPOCH 31 (5.609 seconds):
INFO:root:COST >> 0.2875 +/- 0.0062, % updates: 13.951%
INFO:root:-- EPOCH 32 (5.599 seconds):
INFO:root:COST >> 0.2948 +/- 0.0082, % updates: 14.219%
INFO:root:-- EPOCH 33 (5.594 seconds):
INFO:root:COST >> 0.2974 +/- 0.0051, % updates: 14.253%
INFO:root:-- EPOCH 34 (5.591 seconds):
INFO:root:COST >> 0.2955 +/- 0.0063, % updates: 14.198%
INFO:root:-- EPOCH 35 (5.541 seconds):
INFO:root:COST >> 0.2967 +/- 0.0065, % updates: 14.271%
INFO:root:-- EPOCH 36 (5.551 seconds):
INFO:root:COST >> 0.2971 +/- 0.0055, % updates: 14.312%
INFO:root:-- EPOCH 37 (5.593 seconds):
INFO:root:COST >> 0.2969 +/- 0.0057, % updates: 14.262%
INFO:root:-- EPOCH 38 (5.554 seconds):
INFO:root:COST >> 0.2978 +/- 0.0075, % updates: 14.319%
INFO:root:-- EPOCH 39 (5.629 seconds):
INFO:root:COST >> 0.2972 +/- 0.0069, % updates: 14.273%
INFO:root:-- EPOCH 40 (5.553 seconds):
INFO:root:COST >> 0.2972 +/- 0.007, % updates: 14.283%
INFO:root:-- EPOCH 41 (5.616 seconds):
INFO:root:COST >> 0.2983 +/- 0.0058, % updates: 14.298%
INFO:root:-- EPOCH 42 (5.569 seconds):
INFO:root:COST >> 0.2981 +/- 0.0064, % updates: 14.335%
INFO:root:-- EPOCH 43 (5.633 seconds):
INFO:root:COST >> 0.2987 +/- 0.0059, % updates: 14.331%
INFO:root:-- EPOCH 44 (5.553 seconds):
INFO:root:COST >> 0.2983 +/- 0.0061, % updates: 14.271%
INFO:root:-- EPOCH 45 (5.619 seconds):
INFO:root:COST >> 0.299 +/- 0.0042, % updates: 14.358%
INFO:root:-- EPOCH 46 (5.582 seconds):
INFO:root:COST >> 0.3021 +/- 0.0059, % updates: 14.442%
INFO:root:-- EPOCH 47 (5.605 seconds):
INFO:root:COST >> 0.3035 +/- 0.0064, % updates: 14.458%
INFO:root:-- EPOCH 48 (5.586 seconds):
INFO:root:COST >> 0.3037 +/- 0.0062, % updates: 14.457%
INFO:root:-- EPOCH 49 (5.533 seconds):
INFO:root:COST >> 0.3032 +/- 0.0056, % updates: 14.436%
INFO:root:-- EPOCH 50 (5.617 seconds):
INFO:root:COST >> 0.3036 +/- 0.0058, % updates: 14.426%
