INFO:root:Shape for training set: (16296, 483142)
INFO:root:State: {'ndim': '50', 'test_all': 'None', 'test_path': 'None', 'nhid': '50', 'lremb': '1.0', 'seed': '3', 'simfn': 'L1', 'valid_path': 'None', 'nbatches': '10', 'lrparam': '1.0', 'decay': '0.5', 'show_hinton_diagrams': 'False', 'no_rescaling': 'True', 'Nrel': '1345', 'ranking_score_right': 'False', 'Nent': '16296', 'Nsyn': '14951', 'method': 'MOMENTUM', 'loss_margin': '1.0', 'C': '1.0', 'epsilon': '1e-06', 'use_db': 'True', 'max_lr': 'None', 'l1_param_weight': 'None', 'filtered': 'False', 'name': 'fb15k_50/fb15k_MOMENTUM_343', 'totepochs': '50', 'l2_param_weight': 'None', 'train_path': 'data/fb15k/FB15k-train.pkl', 'op': 'TransE'}
INFO:root:Starting the Experiment ..
INFO:root:-- EPOCH 1 (6.756 seconds):
INFO:root:COST >> 1.6351 +/- 0.6747, % updates: 48.726%
INFO:root:-- EPOCH 2 (6.201 seconds):
INFO:root:COST >> 1.3257 +/- 0.0342, % updates: 40.31%
INFO:root:-- EPOCH 3 (6.033 seconds):
INFO:root:COST >> 1.3271 +/- 0.0306, % updates: 40.253%
INFO:root:-- EPOCH 4 (7.021 seconds):
INFO:root:COST >> 1.3307 +/- 0.0325, % updates: 40.338%
INFO:root:-- EPOCH 5 (6.802 seconds):
INFO:root:COST >> 1.3288 +/- 0.0311, % updates: 40.397%
INFO:root:-- EPOCH 6 (6.607 seconds):
INFO:root:COST >> 1.319 +/- 0.0351, % updates: 40.279%
INFO:root:-- EPOCH 7 (6.633 seconds):
INFO:root:COST >> 1.3307 +/- 0.034, % updates: 40.339%
INFO:root:-- EPOCH 8 (6.614 seconds):
INFO:root:COST >> 1.3262 +/- 0.0339, % updates: 40.338%
INFO:root:-- EPOCH 9 (6.409 seconds):
INFO:root:COST >> 1.3248 +/- 0.0405, % updates: 40.319%
INFO:root:-- EPOCH 10 (6.259 seconds):
INFO:root:COST >> 1.3256 +/- 0.0323, % updates: 40.335%
INFO:root:-- EPOCH 11 (6.555 seconds):
INFO:root:COST >> 1.324 +/- 0.0389, % updates: 40.319%
INFO:root:-- EPOCH 12 (9.393 seconds):
INFO:root:COST >> 1.3259 +/- 0.0332, % updates: 40.319%
INFO:root:-- EPOCH 13 (14.423 seconds):
INFO:root:COST >> 1.3259 +/- 0.0433, % updates: 40.322%
INFO:root:-- EPOCH 14 (11.294 seconds):
INFO:root:COST >> 1.329 +/- 0.0323, % updates: 40.361%
INFO:root:-- EPOCH 15 (8.031 seconds):
INFO:root:COST >> 1.3238 +/- 0.0333, % updates: 40.313%
INFO:root:-- EPOCH 16 (6.776 seconds):
INFO:root:COST >> 1.3273 +/- 0.0358, % updates: 40.34%
INFO:root:-- EPOCH 17 (7.071 seconds):
INFO:root:COST >> 1.3264 +/- 0.0361, % updates: 40.376%
INFO:root:-- EPOCH 18 (6.597 seconds):
INFO:root:COST >> 1.3285 +/- 0.0363, % updates: 40.344%
INFO:root:-- EPOCH 19 (6.302 seconds):
INFO:root:COST >> 1.3265 +/- 0.0351, % updates: 40.406%
INFO:root:-- EPOCH 20 (6.377 seconds):
INFO:root:COST >> 1.3296 +/- 0.0369, % updates: 40.46%
INFO:root:-- EPOCH 21 (6.45 seconds):
INFO:root:COST >> 1.3333 +/- 0.0322, % updates: 40.321%
INFO:root:-- EPOCH 22 (6.538 seconds):
INFO:root:COST >> 1.3304 +/- 0.0295, % updates: 40.382%
INFO:root:-- EPOCH 23 (6.356 seconds):
INFO:root:COST >> 1.3271 +/- 0.0384, % updates: 40.419%
INFO:root:-- EPOCH 24 (6.386 seconds):
INFO:root:COST >> 1.3232 +/- 0.0296, % updates: 40.347%
INFO:root:-- EPOCH 25 (6.346 seconds):
INFO:root:COST >> 1.329 +/- 0.0348, % updates: 40.411%
INFO:root:-- EPOCH 26 (6.292 seconds):
INFO:root:COST >> 1.3256 +/- 0.0396, % updates: 40.354%
INFO:root:-- EPOCH 27 (6.317 seconds):
INFO:root:COST >> 1.329 +/- 0.0367, % updates: 40.298%
INFO:root:-- EPOCH 28 (6.36 seconds):
INFO:root:COST >> 1.3254 +/- 0.0366, % updates: 40.336%
INFO:root:-- EPOCH 29 (6.354 seconds):
INFO:root:COST >> 1.3287 +/- 0.0363, % updates: 40.454%
INFO:root:-- EPOCH 30 (6.267 seconds):
INFO:root:COST >> 1.3267 +/- 0.0332, % updates: 40.31%
INFO:root:-- EPOCH 31 (6.338 seconds):
INFO:root:COST >> 1.3268 +/- 0.0329, % updates: 40.296%
INFO:root:-- EPOCH 32 (6.323 seconds):
INFO:root:COST >> 1.3277 +/- 0.0286, % updates: 40.41%
INFO:root:-- EPOCH 33 (6.335 seconds):
INFO:root:COST >> 1.3228 +/- 0.0387, % updates: 40.348%
INFO:root:-- EPOCH 34 (6.314 seconds):
INFO:root:COST >> 1.3272 +/- 0.0339, % updates: 40.284%
INFO:root:-- EPOCH 35 (6.39 seconds):
INFO:root:COST >> 1.3232 +/- 0.0374, % updates: 40.402%
INFO:root:-- EPOCH 36 (6.338 seconds):
INFO:root:COST >> 1.3284 +/- 0.0332, % updates: 40.381%
INFO:root:-- EPOCH 37 (6.245 seconds):
INFO:root:COST >> 1.3285 +/- 0.0399, % updates: 40.337%
INFO:root:-- EPOCH 38 (6.245 seconds):
INFO:root:COST >> 1.3268 +/- 0.0379, % updates: 40.326%
INFO:root:-- EPOCH 39 (6.342 seconds):
INFO:root:COST >> 1.3241 +/- 0.038, % updates: 40.301%
INFO:root:-- EPOCH 40 (6.667 seconds):
INFO:root:COST >> 1.3275 +/- 0.0332, % updates: 40.348%
INFO:root:-- EPOCH 41 (5.55 seconds):
INFO:root:COST >> 1.3216 +/- 0.0302, % updates: 40.294%
INFO:root:-- EPOCH 42 (6.124 seconds):
INFO:root:COST >> 1.323 +/- 0.0323, % updates: 40.317%
INFO:root:-- EPOCH 43 (6.243 seconds):
INFO:root:COST >> 1.3285 +/- 0.0376, % updates: 40.386%
INFO:root:-- EPOCH 44 (6.552 seconds):
INFO:root:COST >> 1.3226 +/- 0.0369, % updates: 40.298%
INFO:root:-- EPOCH 45 (6.172 seconds):
INFO:root:COST >> 1.3288 +/- 0.0375, % updates: 40.355%
INFO:root:-- EPOCH 46 (6.39 seconds):
INFO:root:COST >> 1.3271 +/- 0.0427, % updates: 40.363%
INFO:root:-- EPOCH 47 (6.291 seconds):
INFO:root:COST >> 1.3232 +/- 0.0329, % updates: 40.219%
INFO:root:-- EPOCH 48 (6.38 seconds):
INFO:root:COST >> 1.3273 +/- 0.0355, % updates: 40.281%
INFO:root:-- EPOCH 49 (6.276 seconds):
INFO:root:COST >> 1.3285 +/- 0.0358, % updates: 40.348%
INFO:root:-- EPOCH 50 (6.311 seconds):
INFO:root:COST >> 1.3235 +/- 0.0412, % updates: 40.38%
