INFO:root:Shape for training set: (16296, 483142)
INFO:root:State: {'ndim': '50', 'test_all': 'None', 'test_path': 'None', 'nhid': '50', 'lremb': '1.0', 'seed': '0', 'simfn': 'L1', 'valid_path': 'None', 'nbatches': '10', 'lrparam': '1.0', 'decay': '0.5', 'show_hinton_diagrams': 'False', 'no_rescaling': 'True', 'Nrel': '1345', 'ranking_score_right': 'False', 'Nent': '16296', 'Nsyn': '14951', 'method': 'MOMENTUM', 'loss_margin': '1.0', 'C': '1.0', 'epsilon': '1e-06', 'use_db': 'True', 'max_lr': 'None', 'l1_param_weight': 'None', 'filtered': 'False', 'name': 'fb15k_50/fb15k_MOMENTUM_340', 'totepochs': '50', 'l2_param_weight': 'None', 'train_path': 'data/fb15k/FB15k-train.pkl', 'op': 'TransE'}
INFO:root:Starting the Experiment ..
INFO:root:-- EPOCH 1 (7.21 seconds):
INFO:root:COST >> 1.6594 +/- 0.6373, % updates: 49.303%
INFO:root:-- EPOCH 2 (5.986 seconds):
INFO:root:COST >> 1.3612 +/- 0.0409, % updates: 40.848%
INFO:root:-- EPOCH 3 (5.88 seconds):
INFO:root:COST >> 1.3615 +/- 0.0388, % updates: 40.827%
INFO:root:-- EPOCH 4 (5.84 seconds):
INFO:root:COST >> 1.3628 +/- 0.036, % updates: 40.828%
INFO:root:-- EPOCH 5 (5.946 seconds):
INFO:root:COST >> 1.3611 +/- 0.0362, % updates: 40.903%
INFO:root:-- EPOCH 6 (5.848 seconds):
INFO:root:COST >> 1.3658 +/- 0.0343, % updates: 40.92%
INFO:root:-- EPOCH 7 (5.917 seconds):
INFO:root:COST >> 1.3662 +/- 0.0406, % updates: 40.942%
INFO:root:-- EPOCH 8 (5.875 seconds):
INFO:root:COST >> 1.3668 +/- 0.0322, % updates: 40.959%
INFO:root:-- EPOCH 9 (5.886 seconds):
INFO:root:COST >> 1.3663 +/- 0.0331, % updates: 40.955%
INFO:root:-- EPOCH 10 (5.612 seconds):
INFO:root:COST >> 1.3637 +/- 0.0331, % updates: 40.927%
INFO:root:-- EPOCH 11 (5.513 seconds):
INFO:root:COST >> 1.3642 +/- 0.0368, % updates: 40.886%
INFO:root:-- EPOCH 12 (5.878 seconds):
INFO:root:COST >> 1.3666 +/- 0.0358, % updates: 41.047%
INFO:root:-- EPOCH 13 (5.908 seconds):
INFO:root:COST >> 1.3625 +/- 0.0395, % updates: 40.899%
INFO:root:-- EPOCH 14 (5.868 seconds):
INFO:root:COST >> 1.3693 +/- 0.0354, % updates: 41.0%
INFO:root:-- EPOCH 15 (5.914 seconds):
INFO:root:COST >> 1.3653 +/- 0.0341, % updates: 40.953%
INFO:root:-- EPOCH 16 (5.929 seconds):
INFO:root:COST >> 1.3631 +/- 0.0332, % updates: 40.972%
INFO:root:-- EPOCH 17 (5.921 seconds):
INFO:root:COST >> 1.3631 +/- 0.0355, % updates: 40.899%
INFO:root:-- EPOCH 18 (5.864 seconds):
INFO:root:COST >> 1.3605 +/- 0.0324, % updates: 40.92%
INFO:root:-- EPOCH 19 (5.86 seconds):
INFO:root:COST >> 1.3647 +/- 0.0351, % updates: 40.946%
INFO:root:-- EPOCH 20 (5.923 seconds):
INFO:root:COST >> 1.3618 +/- 0.037, % updates: 40.957%
INFO:root:-- EPOCH 21 (5.915 seconds):
INFO:root:COST >> 1.3653 +/- 0.034, % updates: 40.96%
INFO:root:-- EPOCH 22 (5.924 seconds):
INFO:root:COST >> 1.3637 +/- 0.0352, % updates: 40.982%
INFO:root:-- EPOCH 23 (5.879 seconds):
INFO:root:COST >> 1.3628 +/- 0.0344, % updates: 40.902%
INFO:root:-- EPOCH 24 (5.875 seconds):
INFO:root:COST >> 1.3647 +/- 0.0343, % updates: 40.936%
INFO:root:-- EPOCH 25 (5.888 seconds):
INFO:root:COST >> 1.3654 +/- 0.0332, % updates: 40.949%
INFO:root:-- EPOCH 26 (5.849 seconds):
INFO:root:COST >> 1.3641 +/- 0.0356, % updates: 40.929%
INFO:root:-- EPOCH 27 (5.878 seconds):
INFO:root:COST >> 1.3662 +/- 0.0399, % updates: 40.979%
INFO:root:-- EPOCH 28 (5.95 seconds):
INFO:root:COST >> 1.3656 +/- 0.0405, % updates: 40.978%
INFO:root:-- EPOCH 29 (6.407 seconds):
INFO:root:COST >> 1.3669 +/- 0.0383, % updates: 40.951%
INFO:root:-- EPOCH 30 (6.317 seconds):
INFO:root:COST >> 1.3627 +/- 0.0377, % updates: 40.91%
INFO:root:-- EPOCH 31 (6.259 seconds):
INFO:root:COST >> 1.3639 +/- 0.0358, % updates: 40.953%
INFO:root:-- EPOCH 32 (6.253 seconds):
INFO:root:COST >> 1.3653 +/- 0.037, % updates: 40.941%
INFO:root:-- EPOCH 33 (7.103 seconds):
INFO:root:COST >> 1.3667 +/- 0.0393, % updates: 40.899%
INFO:root:-- EPOCH 34 (6.422 seconds):
INFO:root:COST >> 1.365 +/- 0.0339, % updates: 40.954%
INFO:root:-- EPOCH 35 (6.296 seconds):
INFO:root:COST >> 1.3648 +/- 0.0382, % updates: 40.92%
INFO:root:-- EPOCH 36 (6.038 seconds):
INFO:root:COST >> 1.3623 +/- 0.0416, % updates: 40.828%
INFO:root:-- EPOCH 37 (6.247 seconds):
INFO:root:COST >> 1.3606 +/- 0.0325, % updates: 40.9%
INFO:root:-- EPOCH 38 (5.991 seconds):
INFO:root:COST >> 1.3631 +/- 0.0392, % updates: 40.973%
INFO:root:-- EPOCH 39 (5.924 seconds):
INFO:root:COST >> 1.3654 +/- 0.0362, % updates: 40.957%
INFO:root:-- EPOCH 40 (5.925 seconds):
INFO:root:COST >> 1.3665 +/- 0.035, % updates: 40.973%
INFO:root:-- EPOCH 41 (5.887 seconds):
INFO:root:COST >> 1.364 +/- 0.0356, % updates: 40.945%
INFO:root:-- EPOCH 42 (6.108 seconds):
INFO:root:COST >> 1.3638 +/- 0.0342, % updates: 40.937%
INFO:root:-- EPOCH 43 (7.808 seconds):
INFO:root:COST >> 1.366 +/- 0.0351, % updates: 40.941%
INFO:root:-- EPOCH 44 (7.464 seconds):
INFO:root:COST >> 1.3641 +/- 0.0319, % updates: 41.013%
INFO:root:-- EPOCH 45 (7.003 seconds):
INFO:root:COST >> 1.3684 +/- 0.0369, % updates: 40.983%
INFO:root:-- EPOCH 46 (6.212 seconds):
INFO:root:COST >> 1.3662 +/- 0.0417, % updates: 40.969%
INFO:root:-- EPOCH 47 (7.179 seconds):
INFO:root:COST >> 1.3705 +/- 0.0363, % updates: 40.977%
INFO:root:-- EPOCH 48 (6.176 seconds):
INFO:root:COST >> 1.3647 +/- 0.0396, % updates: 40.927%
INFO:root:-- EPOCH 49 (5.845 seconds):
INFO:root:COST >> 1.3644 +/- 0.0357, % updates: 40.987%
INFO:root:-- EPOCH 50 (5.853 seconds):
INFO:root:COST >> 1.3669 +/- 0.037, % updates: 41.016%
