INFO:root:Shape for training set: (16296, 483142)
INFO:root:State: {'ndim': '50', 'test_all': 'None', 'test_path': 'None', 'nhid': '50', 'lremb': '1e-06', 'seed': '1', 'simfn': 'L1', 'valid_path': 'None', 'nbatches': '10', 'lrparam': '1e-06', 'decay': '0.999', 'show_hinton_diagrams': 'False', 'no_rescaling': 'True', 'Nrel': '1345', 'ranking_score_right': 'False', 'Nent': '16296', 'Nsyn': '14951', 'method': 'MOMENTUM', 'loss_margin': '1.0', 'C': '1.0', 'epsilon': '1e-06', 'use_db': 'True', 'max_lr': 'None', 'l1_param_weight': 'None', 'filtered': 'False', 'name': 'fb15k_50/fb15k_MOMENTUM_11', 'totepochs': '50', 'l2_param_weight': 'None', 'train_path': 'data/fb15k/FB15k-train.pkl', 'op': 'TransE'}
INFO:root:Starting the Experiment ..
INFO:root:-- EPOCH 1 (6.255 seconds):
INFO:root:COST >> 2.2051 +/- 0.0086, % updates: 81.185%
INFO:root:-- EPOCH 2 (6.462 seconds):
INFO:root:COST >> 2.1606 +/- 0.0191, % updates: 80.527%
INFO:root:-- EPOCH 3 (6.683 seconds):
INFO:root:COST >> 2.088 +/- 0.0173, % updates: 78.976%
INFO:root:-- EPOCH 4 (8.566 seconds):
INFO:root:COST >> 2.0161 +/- 0.0225, % updates: 77.204%
INFO:root:-- EPOCH 5 (7.044 seconds):
INFO:root:COST >> 1.9493 +/- 0.0132, % updates: 75.577%
INFO:root:-- EPOCH 6 (6.547 seconds):
INFO:root:COST >> 1.9009 +/- 0.0131, % updates: 74.197%
INFO:root:-- EPOCH 7 (5.963 seconds):
INFO:root:COST >> 1.8642 +/- 0.01, % updates: 73.046%
INFO:root:-- EPOCH 8 (6.15 seconds):
INFO:root:COST >> 1.8314 +/- 0.0117, % updates: 72.127%
INFO:root:-- EPOCH 9 (6.006 seconds):
INFO:root:COST >> 1.7875 +/- 0.0173, % updates: 71.008%
INFO:root:-- EPOCH 10 (6.021 seconds):
INFO:root:COST >> 1.7331 +/- 0.0209, % updates: 69.553%
INFO:root:-- EPOCH 11 (5.915 seconds):
INFO:root:COST >> 1.6699 +/- 0.0203, % updates: 67.589%
INFO:root:-- EPOCH 12 (6.128 seconds):
INFO:root:COST >> 1.6051 +/- 0.0172, % updates: 65.643%
INFO:root:-- EPOCH 13 (6.651 seconds):
INFO:root:COST >> 1.5404 +/- 0.0191, % updates: 63.567%
INFO:root:-- EPOCH 14 (7.096 seconds):
INFO:root:COST >> 1.4835 +/- 0.0161, % updates: 61.501%
INFO:root:-- EPOCH 15 (6.633 seconds):
INFO:root:COST >> 1.4272 +/- 0.0159, % updates: 59.586%
INFO:root:-- EPOCH 16 (7.085 seconds):
INFO:root:COST >> 1.3793 +/- 0.0152, % updates: 57.953%
INFO:root:-- EPOCH 17 (7.162 seconds):
INFO:root:COST >> 1.3287 +/- 0.0142, % updates: 56.273%
INFO:root:-- EPOCH 18 (6.252 seconds):
INFO:root:COST >> 1.2817 +/- 0.0114, % updates: 54.734%
INFO:root:-- EPOCH 19 (7.061 seconds):
INFO:root:COST >> 1.2377 +/- 0.0132, % updates: 53.278%
INFO:root:-- EPOCH 20 (7.561 seconds):
INFO:root:COST >> 1.1933 +/- 0.0132, % updates: 51.836%
INFO:root:-- EPOCH 21 (7.179 seconds):
INFO:root:COST >> 1.1484 +/- 0.0116, % updates: 50.42%
INFO:root:-- EPOCH 22 (6.629 seconds):
INFO:root:COST >> 1.1016 +/- 0.0122, % updates: 48.892%
INFO:root:-- EPOCH 23 (6.59 seconds):
INFO:root:COST >> 1.0553 +/- 0.0154, % updates: 47.344%
INFO:root:-- EPOCH 24 (7.796 seconds):
INFO:root:COST >> 1.0105 +/- 0.014, % updates: 45.784%
INFO:root:-- EPOCH 25 (7.169 seconds):
INFO:root:COST >> 0.9663 +/- 0.0182, % updates: 44.275%
INFO:root:-- EPOCH 26 (6.644 seconds):
INFO:root:COST >> 0.9212 +/- 0.0159, % updates: 42.682%
INFO:root:-- EPOCH 27 (7.711 seconds):
INFO:root:COST >> 0.8786 +/- 0.0119, % updates: 41.158%
INFO:root:-- EPOCH 28 (8.367 seconds):
INFO:root:COST >> 0.8343 +/- 0.0116, % updates: 39.61%
INFO:root:-- EPOCH 29 (6.72 seconds):
INFO:root:COST >> 0.7964 +/- 0.0116, % updates: 38.132%
INFO:root:-- EPOCH 30 (7.238 seconds):
INFO:root:COST >> 0.756 +/- 0.0111, % updates: 36.559%
INFO:root:-- EPOCH 31 (7.726 seconds):
INFO:root:COST >> 0.7154 +/- 0.0115, % updates: 34.985%
INFO:root:-- EPOCH 32 (7.395 seconds):
INFO:root:COST >> 0.681 +/- 0.0112, % updates: 33.539%
INFO:root:-- EPOCH 33 (6.529 seconds):
INFO:root:COST >> 0.645 +/- 0.011, % updates: 32.19%
INFO:root:-- EPOCH 34 (6.69 seconds):
INFO:root:COST >> 0.6155 +/- 0.0106, % updates: 30.882%
INFO:root:-- EPOCH 35 (7.427 seconds):
INFO:root:COST >> 0.5846 +/- 0.011, % updates: 29.628%
INFO:root:-- EPOCH 36 (8.15 seconds):
INFO:root:COST >> 0.5578 +/- 0.0089, % updates: 28.456%
INFO:root:-- EPOCH 37 (6.33 seconds):
INFO:root:COST >> 0.5316 +/- 0.007, % updates: 27.287%
INFO:root:-- EPOCH 38 (5.877 seconds):
INFO:root:COST >> 0.5075 +/- 0.0067, % updates: 26.218%
INFO:root:-- EPOCH 39 (6.544 seconds):
INFO:root:COST >> 0.484 +/- 0.006, % updates: 25.217%
INFO:root:-- EPOCH 40 (6.612 seconds):
INFO:root:COST >> 0.4648 +/- 0.0063, % updates: 24.308%
INFO:root:-- EPOCH 41 (7.855 seconds):
INFO:root:COST >> 0.446 +/- 0.0063, % updates: 23.379%
INFO:root:-- EPOCH 42 (7.751 seconds):
INFO:root:COST >> 0.4278 +/- 0.0058, % updates: 22.57%
INFO:root:-- EPOCH 43 (6.035 seconds):
INFO:root:COST >> 0.4103 +/- 0.006, % updates: 21.73%
INFO:root:-- EPOCH 44 (6.031 seconds):
INFO:root:COST >> 0.3955 +/- 0.0056, % updates: 21.054%
INFO:root:-- EPOCH 45 (6.101 seconds):
INFO:root:COST >> 0.3797 +/- 0.0051, % updates: 20.286%
INFO:root:-- EPOCH 46 (6.414 seconds):
INFO:root:COST >> 0.3666 +/- 0.0042, % updates: 19.626%
INFO:root:-- EPOCH 47 (6.694 seconds):
INFO:root:COST >> 0.3543 +/- 0.0046, % updates: 18.981%
INFO:root:-- EPOCH 48 (7.235 seconds):
INFO:root:COST >> 0.3436 +/- 0.0047, % updates: 18.496%
INFO:root:-- EPOCH 49 (7.19 seconds):
INFO:root:COST >> 0.3316 +/- 0.0029, % updates: 17.909%
INFO:root:-- EPOCH 50 (6.094 seconds):
INFO:root:COST >> 0.3225 +/- 0.0045, % updates: 17.433%
