INFO:root:Shape for training set: (16296, 483142)
INFO:root:State: {'ndim': '50', 'test_all': 'None', 'test_path': 'None', 'nhid': '50', 'lremb': '10.0', 'seed': '2', 'simfn': 'L1', 'valid_path': 'None', 'nbatches': '10', 'lrparam': '10.0', 'decay': '0.99', 'show_hinton_diagrams': 'False', 'no_rescaling': 'True', 'Nrel': '1345', 'ranking_score_right': 'False', 'Nent': '16296', 'Nsyn': '14951', 'method': 'MOMENTUM', 'loss_margin': '1.0', 'C': '1.0', 'epsilon': '1e-06', 'use_db': 'True', 'max_lr': 'None', 'l1_param_weight': 'None', 'filtered': 'False', 'name': 'fb15k_50/fb15k_MOMENTUM_372', 'totepochs': '50', 'l2_param_weight': 'None', 'train_path': 'data/fb15k/FB15k-train.pkl', 'op': 'TransE'}
INFO:root:Starting the Experiment ..
INFO:root:-- EPOCH 1 (5.931 seconds):
INFO:root:COST >> 1.4816 +/- 0.7702, % updates: 47.151%
INFO:root:-- EPOCH 2 (5.26 seconds):
INFO:root:COST >> 0.7888 +/- 0.0186, % updates: 30.011%
INFO:root:-- EPOCH 3 (5.941 seconds):
INFO:root:COST >> 0.6953 +/- 0.0257, % updates: 27.919%
INFO:root:-- EPOCH 4 (5.934 seconds):
INFO:root:COST >> 0.6523 +/- 0.0269, % updates: 27.099%
INFO:root:-- EPOCH 5 (5.875 seconds):
INFO:root:COST >> 0.6291 +/- 0.028, % updates: 26.62%
INFO:root:-- EPOCH 6 (5.875 seconds):
INFO:root:COST >> 0.6156 +/- 0.028, % updates: 26.308%
INFO:root:-- EPOCH 7 (5.861 seconds):
INFO:root:COST >> 0.6038 +/- 0.0253, % updates: 26.105%
INFO:root:-- EPOCH 8 (6.21 seconds):
INFO:root:COST >> 0.5963 +/- 0.0252, % updates: 26.01%
INFO:root:-- EPOCH 9 (7.32 seconds):
INFO:root:COST >> 0.5908 +/- 0.0282, % updates: 25.896%
INFO:root:-- EPOCH 10 (7.214 seconds):
INFO:root:COST >> 0.5866 +/- 0.0286, % updates: 25.857%
INFO:root:-- EPOCH 11 (7.235 seconds):
INFO:root:COST >> 0.5849 +/- 0.0249, % updates: 25.879%
INFO:root:-- EPOCH 12 (6.349 seconds):
INFO:root:COST >> 0.5815 +/- 0.0264, % updates: 25.813%
INFO:root:-- EPOCH 13 (6.118 seconds):
INFO:root:COST >> 0.5783 +/- 0.026, % updates: 25.77%
INFO:root:-- EPOCH 14 (5.895 seconds):
INFO:root:COST >> 0.5776 +/- 0.0242, % updates: 25.78%
INFO:root:-- EPOCH 15 (6.368 seconds):
INFO:root:COST >> 0.5774 +/- 0.0265, % updates: 25.71%
INFO:root:-- EPOCH 16 (6.825 seconds):
INFO:root:COST >> 0.574 +/- 0.0285, % updates: 25.683%
INFO:root:-- EPOCH 17 (6.622 seconds):
INFO:root:COST >> 0.5738 +/- 0.0243, % updates: 25.677%
INFO:root:-- EPOCH 18 (7.085 seconds):
INFO:root:COST >> 0.5709 +/- 0.0242, % updates: 25.65%
INFO:root:-- EPOCH 19 (5.939 seconds):
INFO:root:COST >> 0.5737 +/- 0.0255, % updates: 25.678%
INFO:root:-- EPOCH 20 (5.926 seconds):
INFO:root:COST >> 0.5739 +/- 0.0219, % updates: 25.737%
INFO:root:-- EPOCH 21 (6.368 seconds):
INFO:root:COST >> 0.5736 +/- 0.0236, % updates: 25.691%
INFO:root:-- EPOCH 22 (5.941 seconds):
INFO:root:COST >> 0.5718 +/- 0.0262, % updates: 25.592%
INFO:root:-- EPOCH 23 (5.873 seconds):
INFO:root:COST >> 0.5701 +/- 0.0274, % updates: 25.604%
INFO:root:-- EPOCH 24 (5.828 seconds):
INFO:root:COST >> 0.5711 +/- 0.0244, % updates: 25.622%
INFO:root:-- EPOCH 25 (5.896 seconds):
INFO:root:COST >> 0.5684 +/- 0.0273, % updates: 25.656%
INFO:root:-- EPOCH 26 (5.885 seconds):
INFO:root:COST >> 0.5688 +/- 0.0234, % updates: 25.617%
INFO:root:-- EPOCH 27 (5.891 seconds):
INFO:root:COST >> 0.5704 +/- 0.0248, % updates: 25.635%
INFO:root:-- EPOCH 28 (5.873 seconds):
INFO:root:COST >> 0.5704 +/- 0.0221, % updates: 25.672%
INFO:root:-- EPOCH 29 (5.882 seconds):
INFO:root:COST >> 0.5703 +/- 0.0255, % updates: 25.648%
INFO:root:-- EPOCH 30 (5.869 seconds):
INFO:root:COST >> 0.5685 +/- 0.0251, % updates: 25.589%
INFO:root:-- EPOCH 31 (5.873 seconds):
INFO:root:COST >> 0.5686 +/- 0.0256, % updates: 25.568%
INFO:root:-- EPOCH 32 (5.885 seconds):
INFO:root:COST >> 0.5684 +/- 0.0225, % updates: 25.61%
INFO:root:-- EPOCH 33 (5.87 seconds):
INFO:root:COST >> 0.5688 +/- 0.0243, % updates: 25.636%
INFO:root:-- EPOCH 34 (5.826 seconds):
INFO:root:COST >> 0.5689 +/- 0.0262, % updates: 25.63%
INFO:root:-- EPOCH 35 (5.897 seconds):
INFO:root:COST >> 0.5688 +/- 0.0253, % updates: 25.653%
INFO:root:-- EPOCH 36 (5.925 seconds):
INFO:root:COST >> 0.5686 +/- 0.0233, % updates: 25.612%
INFO:root:-- EPOCH 37 (5.933 seconds):
INFO:root:COST >> 0.5688 +/- 0.0269, % updates: 25.614%
INFO:root:-- EPOCH 38 (5.895 seconds):
INFO:root:COST >> 0.5693 +/- 0.0218, % updates: 25.678%
INFO:root:-- EPOCH 39 (5.906 seconds):
INFO:root:COST >> 0.5691 +/- 0.0255, % updates: 25.612%
INFO:root:-- EPOCH 40 (5.906 seconds):
INFO:root:COST >> 0.57 +/- 0.0257, % updates: 25.619%
INFO:root:-- EPOCH 41 (5.886 seconds):
INFO:root:COST >> 0.5715 +/- 0.0253, % updates: 25.687%
INFO:root:-- EPOCH 42 (5.884 seconds):
INFO:root:COST >> 0.5686 +/- 0.022, % updates: 25.651%
INFO:root:-- EPOCH 43 (5.857 seconds):
INFO:root:COST >> 0.5699 +/- 0.0252, % updates: 25.637%
INFO:root:-- EPOCH 44 (5.951 seconds):
INFO:root:COST >> 0.5684 +/- 0.0277, % updates: 25.601%
INFO:root:-- EPOCH 45 (5.826 seconds):
INFO:root:COST >> 0.5701 +/- 0.0254, % updates: 25.633%
INFO:root:-- EPOCH 46 (5.899 seconds):
INFO:root:COST >> 0.5683 +/- 0.0256, % updates: 25.588%
INFO:root:-- EPOCH 47 (5.912 seconds):
INFO:root:COST >> 0.5697 +/- 0.0226, % updates: 25.614%
INFO:root:-- EPOCH 48 (5.894 seconds):
INFO:root:COST >> 0.5693 +/- 0.0236, % updates: 25.573%
INFO:root:-- EPOCH 49 (5.902 seconds):
INFO:root:COST >> 0.5698 +/- 0.0264, % updates: 25.678%
INFO:root:-- EPOCH 50 (5.87 seconds):
INFO:root:COST >> 0.5688 +/- 0.0253, % updates: 25.601%
