INFO:root:Shape for training set: (16296, 483142)
INFO:root:State: {'ndim': '50', 'test_all': 'None', 'test_path': 'None', 'nhid': '50', 'lremb': '0.1', 'seed': '8', 'simfn': 'L1', 'valid_path': 'None', 'nbatches': '10', 'lrparam': '0.1', 'decay': '0.5', 'show_hinton_diagrams': 'False', 'no_rescaling': 'True', 'Nrel': '1345', 'ranking_score_right': 'False', 'Nent': '16296', 'Nsyn': '14951', 'method': 'MOMENTUM', 'loss_margin': '1.0', 'C': '1.0', 'epsilon': '1e-06', 'use_db': 'True', 'max_lr': 'None', 'l1_param_weight': 'None', 'filtered': 'False', 'name': 'fb15k_50/fb15k_MOMENTUM_298', 'totepochs': '50', 'l2_param_weight': 'None', 'train_path': 'data/fb15k/FB15k-train.pkl', 'op': 'TransE'}
INFO:root:Starting the Experiment ..
INFO:root:-- EPOCH 1 (5.704 seconds):
INFO:root:COST >> 1.5531 +/- 0.6674, % updates: 47.837%
INFO:root:-- EPOCH 2 (5.716 seconds):
INFO:root:COST >> 1.1806 +/- 0.0385, % updates: 37.357%
INFO:root:-- EPOCH 3 (5.158 seconds):
INFO:root:COST >> 1.1829 +/- 0.0372, % updates: 37.42%
INFO:root:-- EPOCH 4 (5.679 seconds):
INFO:root:COST >> 1.1814 +/- 0.0454, % updates: 37.395%
INFO:root:-- EPOCH 5 (5.639 seconds):
INFO:root:COST >> 1.1811 +/- 0.0467, % updates: 37.404%
INFO:root:-- EPOCH 6 (5.653 seconds):
INFO:root:COST >> 1.1797 +/- 0.0423, % updates: 37.306%
INFO:root:-- EPOCH 7 (5.62 seconds):
INFO:root:COST >> 1.1817 +/- 0.0465, % updates: 37.347%
INFO:root:-- EPOCH 8 (6.469 seconds):
INFO:root:COST >> 1.1765 +/- 0.0432, % updates: 37.259%
INFO:root:-- EPOCH 9 (6.049 seconds):
INFO:root:COST >> 1.1789 +/- 0.0446, % updates: 37.276%
INFO:root:-- EPOCH 10 (5.646 seconds):
INFO:root:COST >> 1.1811 +/- 0.049, % updates: 37.384%
INFO:root:-- EPOCH 11 (5.661 seconds):
INFO:root:COST >> 1.1804 +/- 0.0415, % updates: 37.312%
INFO:root:-- EPOCH 12 (5.559 seconds):
INFO:root:COST >> 1.1796 +/- 0.0449, % updates: 37.299%
INFO:root:-- EPOCH 13 (5.609 seconds):
INFO:root:COST >> 1.183 +/- 0.0482, % updates: 37.328%
INFO:root:-- EPOCH 14 (5.563 seconds):
INFO:root:COST >> 1.1796 +/- 0.0419, % updates: 37.198%
INFO:root:-- EPOCH 15 (5.631 seconds):
INFO:root:COST >> 1.1766 +/- 0.0373, % updates: 37.213%
INFO:root:-- EPOCH 16 (5.643 seconds):
INFO:root:COST >> 1.1773 +/- 0.0378, % updates: 37.263%
INFO:root:-- EPOCH 17 (5.647 seconds):
INFO:root:COST >> 1.1747 +/- 0.042, % updates: 37.198%
INFO:root:-- EPOCH 18 (5.682 seconds):
INFO:root:COST >> 1.1724 +/- 0.0426, % updates: 37.152%
INFO:root:-- EPOCH 19 (5.664 seconds):
INFO:root:COST >> 1.1772 +/- 0.041, % updates: 37.262%
INFO:root:-- EPOCH 20 (5.654 seconds):
INFO:root:COST >> 1.1738 +/- 0.0469, % updates: 37.125%
INFO:root:-- EPOCH 21 (5.558 seconds):
INFO:root:COST >> 1.1737 +/- 0.0455, % updates: 37.174%
INFO:root:-- EPOCH 22 (5.671 seconds):
INFO:root:COST >> 1.1701 +/- 0.0406, % updates: 37.115%
INFO:root:-- EPOCH 23 (5.614 seconds):
INFO:root:COST >> 1.1725 +/- 0.0441, % updates: 37.138%
INFO:root:-- EPOCH 24 (5.666 seconds):
INFO:root:COST >> 1.1735 +/- 0.0424, % updates: 37.154%
INFO:root:-- EPOCH 25 (5.633 seconds):
INFO:root:COST >> 1.1776 +/- 0.0445, % updates: 37.183%
INFO:root:-- EPOCH 26 (5.728 seconds):
INFO:root:COST >> 1.1725 +/- 0.0435, % updates: 37.193%
INFO:root:-- EPOCH 27 (6.131 seconds):
INFO:root:COST >> 1.1728 +/- 0.0479, % updates: 37.078%
INFO:root:-- EPOCH 28 (6.751 seconds):
INFO:root:COST >> 1.169 +/- 0.0422, % updates: 37.064%
INFO:root:-- EPOCH 29 (6.364 seconds):
INFO:root:COST >> 1.1724 +/- 0.04, % updates: 37.141%
INFO:root:-- EPOCH 30 (6.113 seconds):
INFO:root:COST >> 1.1715 +/- 0.0462, % updates: 37.057%
INFO:root:-- EPOCH 31 (5.988 seconds):
INFO:root:COST >> 1.1765 +/- 0.0436, % updates: 37.18%
INFO:root:-- EPOCH 32 (5.999 seconds):
INFO:root:COST >> 1.1745 +/- 0.0462, % updates: 37.134%
INFO:root:-- EPOCH 33 (6.061 seconds):
INFO:root:COST >> 1.1718 +/- 0.0389, % updates: 37.067%
INFO:root:-- EPOCH 34 (6.69 seconds):
INFO:root:COST >> 1.1718 +/- 0.0459, % updates: 37.082%
INFO:root:-- EPOCH 35 (7.172 seconds):
INFO:root:COST >> 1.1756 +/- 0.043, % updates: 37.149%
INFO:root:-- EPOCH 36 (6.604 seconds):
INFO:root:COST >> 1.1727 +/- 0.0402, % updates: 37.112%
INFO:root:-- EPOCH 37 (5.879 seconds):
INFO:root:COST >> 1.1693 +/- 0.0416, % updates: 37.013%
INFO:root:-- EPOCH 38 (5.938 seconds):
INFO:root:COST >> 1.172 +/- 0.0452, % updates: 37.123%
INFO:root:-- EPOCH 39 (5.911 seconds):
INFO:root:COST >> 1.1695 +/- 0.0457, % updates: 37.102%
INFO:root:-- EPOCH 40 (5.999 seconds):
INFO:root:COST >> 1.171 +/- 0.043, % updates: 36.997%
INFO:root:-- EPOCH 41 (5.996 seconds):
INFO:root:COST >> 1.1759 +/- 0.0411, % updates: 37.12%
INFO:root:-- EPOCH 42 (5.999 seconds):
INFO:root:COST >> 1.1708 +/- 0.0438, % updates: 37.022%
INFO:root:-- EPOCH 43 (5.972 seconds):
INFO:root:COST >> 1.172 +/- 0.0417, % updates: 37.062%
INFO:root:-- EPOCH 44 (5.918 seconds):
INFO:root:COST >> 1.1734 +/- 0.0442, % updates: 37.107%
INFO:root:-- EPOCH 45 (5.929 seconds):
INFO:root:COST >> 1.1696 +/- 0.0454, % updates: 37.041%
INFO:root:-- EPOCH 46 (5.892 seconds):
INFO:root:COST >> 1.1706 +/- 0.0448, % updates: 37.047%
INFO:root:-- EPOCH 47 (5.903 seconds):
INFO:root:COST >> 1.1746 +/- 0.0466, % updates: 37.126%
INFO:root:-- EPOCH 48 (5.912 seconds):
INFO:root:COST >> 1.1719 +/- 0.0403, % updates: 37.077%
INFO:root:-- EPOCH 49 (5.876 seconds):
INFO:root:COST >> 1.17 +/- 0.0425, % updates: 37.04%
INFO:root:-- EPOCH 50 (5.906 seconds):
INFO:root:COST >> 1.1686 +/- 0.0399, % updates: 37.024%
