INFO:root:Shape for training set: (16296, 483142)
INFO:root:State: {'ndim': '50', 'test_all': 'None', 'test_path': 'None', 'nhid': '50', 'lremb': '1e-05', 'seed': '7', 'simfn': 'L1', 'valid_path': 'None', 'nbatches': '10', 'lrparam': '1e-05', 'decay': '0.99', 'show_hinton_diagrams': 'False', 'no_rescaling': 'True', 'Nrel': '1345', 'ranking_score_right': 'False', 'Nent': '16296', 'Nsyn': '14951', 'method': 'MOMENTUM', 'loss_margin': '1.0', 'C': '1.0', 'epsilon': '1e-06', 'use_db': 'True', 'max_lr': 'None', 'l1_param_weight': 'None', 'filtered': 'False', 'name': 'fb15k_50/fb15k_MOMENTUM_77', 'totepochs': '50', 'l2_param_weight': 'None', 'train_path': 'data/fb15k/FB15k-train.pkl', 'op': 'TransE'}
INFO:root:Starting the Experiment ..
INFO:root:-- EPOCH 1 (5.948 seconds):
INFO:root:COST >> 2.1461 +/- 0.0532, % updates: 80.042%
INFO:root:-- EPOCH 2 (6.029 seconds):
INFO:root:COST >> 1.9486 +/- 0.0455, % updates: 75.304%
INFO:root:-- EPOCH 3 (5.986 seconds):
INFO:root:COST >> 1.8019 +/- 0.0457, % updates: 71.271%
INFO:root:-- EPOCH 4 (5.997 seconds):
INFO:root:COST >> 1.6309 +/- 0.0455, % updates: 66.219%
INFO:root:-- EPOCH 5 (6.0 seconds):
INFO:root:COST >> 1.4574 +/- 0.0438, % updates: 60.723%
INFO:root:-- EPOCH 6 (5.942 seconds):
INFO:root:COST >> 1.3033 +/- 0.0404, % updates: 55.566%
INFO:root:-- EPOCH 7 (5.943 seconds):
INFO:root:COST >> 1.157 +/- 0.0393, % updates: 50.98%
INFO:root:-- EPOCH 8 (6.028 seconds):
INFO:root:COST >> 1.0174 +/- 0.0383, % updates: 46.42%
INFO:root:-- EPOCH 9 (5.992 seconds):
INFO:root:COST >> 0.8821 +/- 0.0371, % updates: 41.803%
INFO:root:-- EPOCH 10 (5.969 seconds):
INFO:root:COST >> 0.7548 +/- 0.0329, % updates: 37.004%
INFO:root:-- EPOCH 11 (6.035 seconds):
INFO:root:COST >> 0.6442 +/- 0.0312, % updates: 32.607%
INFO:root:-- EPOCH 12 (6.042 seconds):
INFO:root:COST >> 0.5511 +/- 0.0263, % updates: 28.586%
INFO:root:-- EPOCH 13 (5.89 seconds):
INFO:root:COST >> 0.4731 +/- 0.0201, % updates: 25.121%
INFO:root:-- EPOCH 14 (5.991 seconds):
INFO:root:COST >> 0.4096 +/- 0.0158, % updates: 22.094%
INFO:root:-- EPOCH 15 (5.998 seconds):
INFO:root:COST >> 0.3604 +/- 0.0124, % updates: 19.598%
INFO:root:-- EPOCH 16 (5.984 seconds):
INFO:root:COST >> 0.3195 +/- 0.0107, % updates: 17.568%
INFO:root:-- EPOCH 17 (5.874 seconds):
INFO:root:COST >> 0.2883 +/- 0.0083, % updates: 15.951%
INFO:root:-- EPOCH 18 (5.945 seconds):
INFO:root:COST >> 0.2631 +/- 0.0083, % updates: 14.597%
INFO:root:-- EPOCH 19 (5.977 seconds):
INFO:root:COST >> 0.2402 +/- 0.0069, % updates: 13.419%
INFO:root:-- EPOCH 20 (5.972 seconds):
INFO:root:COST >> 0.2224 +/- 0.0049, % updates: 12.497%
INFO:root:-- EPOCH 21 (5.919 seconds):
INFO:root:COST >> 0.2071 +/- 0.0055, % updates: 11.688%
INFO:root:-- EPOCH 22 (5.896 seconds):
INFO:root:COST >> 0.1933 +/- 0.0036, % updates: 10.963%
INFO:root:-- EPOCH 23 (5.948 seconds):
INFO:root:COST >> 0.182 +/- 0.0036, % updates: 10.363%
INFO:root:-- EPOCH 24 (5.965 seconds):
INFO:root:COST >> 0.1719 +/- 0.0028, % updates: 9.8%
INFO:root:-- EPOCH 25 (5.989 seconds):
INFO:root:COST >> 0.1644 +/- 0.0033, % updates: 9.385%
INFO:root:-- EPOCH 26 (5.97 seconds):
INFO:root:COST >> 0.1567 +/- 0.0016, % updates: 8.991%
INFO:root:-- EPOCH 27 (5.953 seconds):
INFO:root:COST >> 0.149 +/- 0.0025, % updates: 8.619%
INFO:root:-- EPOCH 28 (5.998 seconds):
INFO:root:COST >> 0.143 +/- 0.0017, % updates: 8.296%
INFO:root:-- EPOCH 29 (5.908 seconds):
INFO:root:COST >> 0.1375 +/- 0.0024, % updates: 8.027%
INFO:root:-- EPOCH 30 (5.928 seconds):
INFO:root:COST >> 0.1317 +/- 0.0023, % updates: 7.726%
INFO:root:-- EPOCH 31 (6.104 seconds):
INFO:root:COST >> 0.1275 +/- 0.0022, % updates: 7.534%
INFO:root:-- EPOCH 32 (5.895 seconds):
INFO:root:COST >> 0.1236 +/- 0.0015, % updates: 7.328%
INFO:root:-- EPOCH 33 (6.162 seconds):
INFO:root:COST >> 0.1191 +/- 0.0027, % updates: 7.101%
INFO:root:-- EPOCH 34 (6.438 seconds):
INFO:root:COST >> 0.1156 +/- 0.0019, % updates: 6.934%
INFO:root:-- EPOCH 35 (5.946 seconds):
INFO:root:COST >> 0.1134 +/- 0.0017, % updates: 6.783%
INFO:root:-- EPOCH 36 (5.902 seconds):
INFO:root:COST >> 0.1097 +/- 0.0024, % updates: 6.627%
INFO:root:-- EPOCH 37 (5.91 seconds):
INFO:root:COST >> 0.1068 +/- 0.002, % updates: 6.442%
INFO:root:-- EPOCH 38 (5.94 seconds):
INFO:root:COST >> 0.1038 +/- 0.0025, % updates: 6.323%
INFO:root:-- EPOCH 39 (5.971 seconds):
INFO:root:COST >> 0.102 +/- 0.0015, % updates: 6.223%
INFO:root:-- EPOCH 40 (5.874 seconds):
INFO:root:COST >> 0.1 +/- 0.0016, % updates: 6.138%
INFO:root:-- EPOCH 41 (5.933 seconds):
INFO:root:COST >> 0.0976 +/- 0.001, % updates: 6.027%
INFO:root:-- EPOCH 42 (5.905 seconds):
INFO:root:COST >> 0.0952 +/- 0.0017, % updates: 5.915%
INFO:root:-- EPOCH 43 (5.884 seconds):
INFO:root:COST >> 0.0936 +/- 0.001, % updates: 5.812%
INFO:root:-- EPOCH 44 (5.919 seconds):
INFO:root:COST >> 0.0922 +/- 0.002, % updates: 5.742%
INFO:root:-- EPOCH 45 (5.938 seconds):
INFO:root:COST >> 0.0899 +/- 0.0016, % updates: 5.634%
INFO:root:-- EPOCH 46 (5.937 seconds):
INFO:root:COST >> 0.0887 +/- 0.0011, % updates: 5.589%
INFO:root:-- EPOCH 47 (5.882 seconds):
INFO:root:COST >> 0.0877 +/- 0.0017, % updates: 5.528%
INFO:root:-- EPOCH 48 (5.889 seconds):
INFO:root:COST >> 0.0861 +/- 0.0011, % updates: 5.398%
INFO:root:-- EPOCH 49 (5.846 seconds):
INFO:root:COST >> 0.0849 +/- 0.0014, % updates: 5.361%
INFO:root:-- EPOCH 50 (5.272 seconds):
INFO:root:COST >> 0.0836 +/- 0.0013, % updates: 5.306%
