INFO:root:Shape for training set: (16296, 483142)
INFO:root:State: {'ndim': '50', 'test_all': 'None', 'test_path': 'None', 'nhid': '50', 'lremb': '0.1', 'seed': '0', 'simfn': 'L1', 'valid_path': 'None', 'nbatches': '10', 'lrparam': '0.1', 'decay': '0.5', 'show_hinton_diagrams': 'False', 'no_rescaling': 'True', 'Nrel': '1345', 'ranking_score_right': 'False', 'Nent': '16296', 'Nsyn': '14951', 'method': 'MOMENTUM', 'loss_margin': '1.0', 'C': '1.0', 'epsilon': '1e-06', 'use_db': 'True', 'max_lr': 'None', 'l1_param_weight': 'None', 'filtered': 'False', 'name': 'fb15k_50/fb15k_MOMENTUM_290', 'totepochs': '50', 'l2_param_weight': 'None', 'train_path': 'data/fb15k/FB15k-train.pkl', 'op': 'TransE'}
INFO:root:Starting the Experiment ..
INFO:root:-- EPOCH 1 (5.645 seconds):
INFO:root:COST >> 1.5647 +/- 0.6603, % updates: 48.268%
INFO:root:-- EPOCH 2 (5.663 seconds):
INFO:root:COST >> 1.2068 +/- 0.0473, % updates: 38.113%
INFO:root:-- EPOCH 3 (5.004 seconds):
INFO:root:COST >> 1.2073 +/- 0.0443, % updates: 38.085%
INFO:root:-- EPOCH 4 (5.582 seconds):
INFO:root:COST >> 1.2052 +/- 0.0444, % updates: 38.044%
INFO:root:-- EPOCH 5 (5.599 seconds):
INFO:root:COST >> 1.2064 +/- 0.0437, % updates: 38.043%
INFO:root:-- EPOCH 6 (5.616 seconds):
INFO:root:COST >> 1.2016 +/- 0.0411, % updates: 37.92%
INFO:root:-- EPOCH 7 (5.594 seconds):
INFO:root:COST >> 1.2018 +/- 0.0465, % updates: 38.02%
INFO:root:-- EPOCH 8 (5.618 seconds):
INFO:root:COST >> 1.2023 +/- 0.0442, % updates: 37.884%
INFO:root:-- EPOCH 9 (5.628 seconds):
INFO:root:COST >> 1.2045 +/- 0.0388, % updates: 37.965%
INFO:root:-- EPOCH 10 (5.576 seconds):
INFO:root:COST >> 1.2024 +/- 0.0438, % updates: 37.927%
INFO:root:-- EPOCH 11 (5.597 seconds):
INFO:root:COST >> 1.2015 +/- 0.0439, % updates: 37.885%
INFO:root:-- EPOCH 12 (5.583 seconds):
INFO:root:COST >> 1.2023 +/- 0.0396, % updates: 37.91%
INFO:root:-- EPOCH 13 (5.577 seconds):
INFO:root:COST >> 1.2007 +/- 0.0451, % updates: 37.9%
INFO:root:-- EPOCH 14 (5.617 seconds):
INFO:root:COST >> 1.2038 +/- 0.0416, % updates: 37.942%
INFO:root:-- EPOCH 15 (5.613 seconds):
INFO:root:COST >> 1.2004 +/- 0.042, % updates: 37.892%
INFO:root:-- EPOCH 16 (5.605 seconds):
INFO:root:COST >> 1.202 +/- 0.047, % updates: 37.9%
INFO:root:-- EPOCH 17 (5.575 seconds):
INFO:root:COST >> 1.2033 +/- 0.0454, % updates: 37.908%
INFO:root:-- EPOCH 18 (5.592 seconds):
INFO:root:COST >> 1.196 +/- 0.0426, % updates: 37.816%
INFO:root:-- EPOCH 19 (5.626 seconds):
INFO:root:COST >> 1.1981 +/- 0.0437, % updates: 37.801%
INFO:root:-- EPOCH 20 (6.742 seconds):
INFO:root:COST >> 1.1978 +/- 0.042, % updates: 37.793%
INFO:root:-- EPOCH 21 (7.323 seconds):
INFO:root:COST >> 1.1978 +/- 0.0439, % updates: 37.799%
INFO:root:-- EPOCH 22 (7.772 seconds):
INFO:root:COST >> 1.1976 +/- 0.0394, % updates: 37.799%
INFO:root:-- EPOCH 23 (7.24 seconds):
INFO:root:COST >> 1.1968 +/- 0.0436, % updates: 37.758%
INFO:root:-- EPOCH 24 (7.111 seconds):
INFO:root:COST >> 1.1981 +/- 0.0445, % updates: 37.755%
INFO:root:-- EPOCH 25 (5.555 seconds):
INFO:root:COST >> 1.1947 +/- 0.0424, % updates: 37.79%
INFO:root:-- EPOCH 26 (5.619 seconds):
INFO:root:COST >> 1.1973 +/- 0.0403, % updates: 37.828%
INFO:root:-- EPOCH 27 (5.604 seconds):
INFO:root:COST >> 1.1948 +/- 0.048, % updates: 37.812%
INFO:root:-- EPOCH 28 (5.616 seconds):
INFO:root:COST >> 1.1934 +/- 0.0487, % updates: 37.744%
INFO:root:-- EPOCH 29 (5.641 seconds):
INFO:root:COST >> 1.1956 +/- 0.0473, % updates: 37.82%
INFO:root:-- EPOCH 30 (5.717 seconds):
INFO:root:COST >> 1.1961 +/- 0.0455, % updates: 37.739%
INFO:root:-- EPOCH 31 (5.635 seconds):
INFO:root:COST >> 1.1945 +/- 0.0459, % updates: 37.742%
INFO:root:-- EPOCH 32 (5.611 seconds):
INFO:root:COST >> 1.1958 +/- 0.0453, % updates: 37.783%
INFO:root:-- EPOCH 33 (5.603 seconds):
INFO:root:COST >> 1.1943 +/- 0.0465, % updates: 37.708%
INFO:root:-- EPOCH 34 (5.645 seconds):
INFO:root:COST >> 1.1955 +/- 0.045, % updates: 37.745%
INFO:root:-- EPOCH 35 (5.626 seconds):
INFO:root:COST >> 1.1926 +/- 0.0492, % updates: 37.727%
INFO:root:-- EPOCH 36 (5.585 seconds):
INFO:root:COST >> 1.1954 +/- 0.0479, % updates: 37.7%
INFO:root:-- EPOCH 37 (5.586 seconds):
INFO:root:COST >> 1.1925 +/- 0.0418, % updates: 37.659%
INFO:root:-- EPOCH 38 (5.567 seconds):
INFO:root:COST >> 1.1956 +/- 0.0497, % updates: 37.761%
INFO:root:-- EPOCH 39 (5.607 seconds):
INFO:root:COST >> 1.1965 +/- 0.0417, % updates: 37.75%
INFO:root:-- EPOCH 40 (5.625 seconds):
INFO:root:COST >> 1.1948 +/- 0.0426, % updates: 37.745%
INFO:root:-- EPOCH 41 (5.579 seconds):
INFO:root:COST >> 1.1938 +/- 0.0442, % updates: 37.674%
INFO:root:-- EPOCH 42 (5.601 seconds):
INFO:root:COST >> 1.196 +/- 0.0404, % updates: 37.695%
INFO:root:-- EPOCH 43 (5.563 seconds):
INFO:root:COST >> 1.195 +/- 0.0457, % updates: 37.783%
INFO:root:-- EPOCH 44 (5.65 seconds):
INFO:root:COST >> 1.1941 +/- 0.038, % updates: 37.694%
INFO:root:-- EPOCH 45 (5.599 seconds):
INFO:root:COST >> 1.1958 +/- 0.0488, % updates: 37.815%
INFO:root:-- EPOCH 46 (5.609 seconds):
INFO:root:COST >> 1.1914 +/- 0.0426, % updates: 37.706%
INFO:root:-- EPOCH 47 (5.579 seconds):
INFO:root:COST >> 1.1958 +/- 0.0437, % updates: 37.793%
INFO:root:-- EPOCH 48 (5.616 seconds):
INFO:root:COST >> 1.1902 +/- 0.0454, % updates: 37.642%
INFO:root:-- EPOCH 49 (5.651 seconds):
INFO:root:COST >> 1.1952 +/- 0.0444, % updates: 37.705%
INFO:root:-- EPOCH 50 (5.641 seconds):
INFO:root:COST >> 1.1918 +/- 0.044, % updates: 37.689%
