INFO:root:Shape for training set: (16296, 483142)
INFO:root:State: {'ndim': '50', 'test_all': 'None', 'test_path': 'None', 'nhid': '50', 'lremb': '0.001', 'seed': '0', 'simfn': 'L1', 'valid_path': 'None', 'nbatches': '10', 'lrparam': '0.001', 'decay': '0.99', 'show_hinton_diagrams': 'False', 'no_rescaling': 'True', 'Nrel': '1345', 'ranking_score_right': 'False', 'Nent': '16296', 'Nsyn': '14951', 'method': 'MOMENTUM', 'loss_margin': '1.0', 'C': '1.0', 'epsilon': '1e-06', 'use_db': 'True', 'max_lr': 'None', 'l1_param_weight': 'None', 'filtered': 'False', 'name': 'fb15k_50/fb15k_MOMENTUM_170', 'totepochs': '50', 'l2_param_weight': 'None', 'train_path': 'data/fb15k/FB15k-train.pkl', 'op': 'TransE'}
INFO:root:Starting the Experiment ..
INFO:root:-- EPOCH 1 (5.714 seconds):
INFO:root:COST >> 1.5485 +/- 0.3759, % updates: 60.805%
INFO:root:-- EPOCH 2 (5.322 seconds):
INFO:root:COST >> 0.5934 +/- 0.1179, % updates: 27.811%
INFO:root:-- EPOCH 3 (5.189 seconds):
INFO:root:COST >> 0.36 +/- 0.0194, % updates: 17.737%
INFO:root:-- EPOCH 4 (5.606 seconds):
INFO:root:COST >> 0.3056 +/- 0.0059, % updates: 14.888%
INFO:root:-- EPOCH 5 (5.509 seconds):
INFO:root:COST >> 0.2855 +/- 0.0043, % updates: 13.854%
INFO:root:-- EPOCH 6 (5.62 seconds):
INFO:root:COST >> 0.2809 +/- 0.0031, % updates: 13.366%
INFO:root:-- EPOCH 7 (5.644 seconds):
INFO:root:COST >> 0.2709 +/- 0.005, % updates: 12.948%
INFO:root:-- EPOCH 8 (6.348 seconds):
INFO:root:COST >> 0.2661 +/- 0.0028, % updates: 12.635%
INFO:root:-- EPOCH 9 (5.593 seconds):
INFO:root:COST >> 0.2624 +/- 0.0049, % updates: 12.423%
INFO:root:-- EPOCH 10 (5.595 seconds):
INFO:root:COST >> 0.2602 +/- 0.0053, % updates: 12.239%
INFO:root:-- EPOCH 11 (5.608 seconds):
INFO:root:COST >> 0.2596 +/- 0.0063, % updates: 12.147%
INFO:root:-- EPOCH 12 (5.615 seconds):
INFO:root:COST >> 0.2596 +/- 0.0065, % updates: 12.08%
INFO:root:-- EPOCH 13 (5.574 seconds):
INFO:root:COST >> 0.2598 +/- 0.0057, % updates: 12.033%
INFO:root:-- EPOCH 14 (5.517 seconds):
INFO:root:COST >> 0.26 +/- 0.006, % updates: 11.911%
INFO:root:-- EPOCH 15 (5.584 seconds):
INFO:root:COST >> 0.2606 +/- 0.0056, % updates: 11.864%
INFO:root:-- EPOCH 16 (5.598 seconds):
INFO:root:COST >> 0.261 +/- 0.0067, % updates: 11.886%
INFO:root:-- EPOCH 17 (5.619 seconds):
INFO:root:COST >> 0.263 +/- 0.0059, % updates: 11.849%
INFO:root:-- EPOCH 18 (5.63 seconds):
INFO:root:COST >> 0.2647 +/- 0.0067, % updates: 11.889%
INFO:root:-- EPOCH 19 (5.569 seconds):
INFO:root:COST >> 0.2659 +/- 0.006, % updates: 11.83%
INFO:root:-- EPOCH 20 (5.594 seconds):
INFO:root:COST >> 0.2664 +/- 0.0056, % updates: 11.78%
INFO:root:-- EPOCH 21 (5.985 seconds):
INFO:root:COST >> 0.2673 +/- 0.0056, % updates: 11.831%
INFO:root:-- EPOCH 22 (5.617 seconds):
INFO:root:COST >> 0.2682 +/- 0.0072, % updates: 11.842%
INFO:root:-- EPOCH 23 (5.569 seconds):
INFO:root:COST >> 0.2714 +/- 0.0056, % updates: 11.919%
INFO:root:-- EPOCH 24 (5.632 seconds):
INFO:root:COST >> 0.2717 +/- 0.006, % updates: 11.906%
INFO:root:-- EPOCH 25 (5.739 seconds):
INFO:root:COST >> 0.2733 +/- 0.0047, % updates: 11.964%
INFO:root:-- EPOCH 26 (5.58 seconds):
INFO:root:COST >> 0.2753 +/- 0.0061, % updates: 12.014%
INFO:root:-- EPOCH 27 (5.579 seconds):
INFO:root:COST >> 0.276 +/- 0.0062, % updates: 12.044%
INFO:root:-- EPOCH 28 (5.554 seconds):
INFO:root:COST >> 0.2764 +/- 0.0075, % updates: 12.056%
INFO:root:-- EPOCH 29 (5.574 seconds):
INFO:root:COST >> 0.2799 +/- 0.0071, % updates: 12.119%
INFO:root:-- EPOCH 30 (5.532 seconds):
INFO:root:COST >> 0.2828 +/- 0.006, % updates: 12.253%
INFO:root:-- EPOCH 31 (5.67 seconds):
INFO:root:COST >> 0.2847 +/- 0.0075, % updates: 12.248%
INFO:root:-- EPOCH 32 (5.584 seconds):
INFO:root:COST >> 0.2855 +/- 0.0075, % updates: 12.252%
INFO:root:-- EPOCH 33 (5.589 seconds):
INFO:root:COST >> 0.2858 +/- 0.0064, % updates: 12.24%
INFO:root:-- EPOCH 34 (5.597 seconds):
INFO:root:COST >> 0.2856 +/- 0.0075, % updates: 12.281%
INFO:root:-- EPOCH 35 (5.582 seconds):
INFO:root:COST >> 0.2879 +/- 0.0053, % updates: 12.332%
INFO:root:-- EPOCH 36 (5.58 seconds):
INFO:root:COST >> 0.2891 +/- 0.0073, % updates: 12.434%
INFO:root:-- EPOCH 37 (5.64 seconds):
INFO:root:COST >> 0.2908 +/- 0.0064, % updates: 12.561%
INFO:root:-- EPOCH 38 (5.549 seconds):
INFO:root:COST >> 0.2915 +/- 0.0079, % updates: 12.606%
INFO:root:-- EPOCH 39 (5.548 seconds):
INFO:root:COST >> 0.2965 +/- 0.0059, % updates: 12.82%
INFO:root:-- EPOCH 40 (5.64 seconds):
INFO:root:COST >> 0.3036 +/- 0.0083, % updates: 12.894%
INFO:root:-- EPOCH 41 (5.631 seconds):
INFO:root:COST >> 0.3061 +/- 0.0083, % updates: 12.977%
INFO:root:-- EPOCH 42 (5.57 seconds):
INFO:root:COST >> 0.308 +/- 0.0076, % updates: 13.054%
INFO:root:-- EPOCH 43 (5.595 seconds):
INFO:root:COST >> 0.3063 +/- 0.0083, % updates: 12.97%
INFO:root:-- EPOCH 44 (5.578 seconds):
INFO:root:COST >> 0.3075 +/- 0.0077, % updates: 13.014%
INFO:root:-- EPOCH 45 (5.548 seconds):
INFO:root:COST >> 0.3079 +/- 0.0087, % updates: 13.053%
INFO:root:-- EPOCH 46 (5.582 seconds):
INFO:root:COST >> 0.3092 +/- 0.0072, % updates: 13.073%
INFO:root:-- EPOCH 47 (5.558 seconds):
INFO:root:COST >> 0.311 +/- 0.007, % updates: 13.198%
INFO:root:-- EPOCH 48 (5.776 seconds):
INFO:root:COST >> 0.3115 +/- 0.0059, % updates: 13.202%
INFO:root:-- EPOCH 49 (5.553 seconds):
INFO:root:COST >> 0.3123 +/- 0.0078, % updates: 13.248%
INFO:root:-- EPOCH 50 (5.575 seconds):
INFO:root:COST >> 0.3134 +/- 0.008, % updates: 13.267%
