INFO:root:Shape for training set: (16296, 483142)
INFO:root:State: {'ndim': '50', 'test_all': 'None', 'test_path': 'None', 'nhid': '50', 'lremb': '0.1', 'seed': '5', 'simfn': 'L1', 'valid_path': 'None', 'nbatches': '10', 'lrparam': '0.1', 'decay': '0.9999', 'show_hinton_diagrams': 'False', 'no_rescaling': 'True', 'Nrel': '1345', 'ranking_score_right': 'False', 'Nent': '16296', 'Nsyn': '14951', 'method': 'MOMENTUM', 'loss_margin': '1.0', 'C': '1.0', 'epsilon': '1e-06', 'use_db': 'True', 'max_lr': 'None', 'l1_param_weight': 'None', 'filtered': 'False', 'name': 'fb15k_50/fb15k_MOMENTUM_255', 'totepochs': '50', 'l2_param_weight': 'None', 'train_path': 'data/fb15k/FB15k-train.pkl', 'op': 'TransE'}
INFO:root:Starting the Experiment ..
INFO:root:-- EPOCH 1 (5.682 seconds):
INFO:root:COST >> 1.4593 +/- 0.7509, % updates: 47.61%
INFO:root:-- EPOCH 2 (5.602 seconds):
INFO:root:COST >> 0.7569 +/- 0.014, % updates: 29.518%
INFO:root:-- EPOCH 3 (5.581 seconds):
INFO:root:COST >> 0.6618 +/- 0.0216, % updates: 27.277%
INFO:root:-- EPOCH 4 (5.626 seconds):
INFO:root:COST >> 0.6184 +/- 0.0238, % updates: 26.252%
INFO:root:-- EPOCH 5 (5.634 seconds):
INFO:root:COST >> 0.5892 +/- 0.0213, % updates: 25.629%
INFO:root:-- EPOCH 6 (5.601 seconds):
INFO:root:COST >> 0.5693 +/- 0.0227, % updates: 25.207%
INFO:root:-- EPOCH 7 (5.619 seconds):
INFO:root:COST >> 0.5541 +/- 0.0222, % updates: 24.898%
INFO:root:-- EPOCH 8 (5.635 seconds):
INFO:root:COST >> 0.5441 +/- 0.0212, % updates: 24.722%
INFO:root:-- EPOCH 9 (5.597 seconds):
INFO:root:COST >> 0.5358 +/- 0.0181, % updates: 24.581%
INFO:root:-- EPOCH 10 (5.593 seconds):
INFO:root:COST >> 0.5282 +/- 0.0168, % updates: 24.39%
INFO:root:-- EPOCH 11 (5.596 seconds):
INFO:root:COST >> 0.5222 +/- 0.0152, % updates: 24.335%
INFO:root:-- EPOCH 12 (5.578 seconds):
INFO:root:COST >> 0.5149 +/- 0.0163, % updates: 24.217%
INFO:root:-- EPOCH 13 (5.58 seconds):
INFO:root:COST >> 0.5095 +/- 0.0168, % updates: 24.113%
INFO:root:-- EPOCH 14 (5.592 seconds):
INFO:root:COST >> 0.5083 +/- 0.0179, % updates: 24.108%
INFO:root:-- EPOCH 15 (5.534 seconds):
INFO:root:COST >> 0.5048 +/- 0.0138, % updates: 24.021%
INFO:root:-- EPOCH 16 (5.623 seconds):
INFO:root:COST >> 0.4992 +/- 0.0163, % updates: 23.923%
INFO:root:-- EPOCH 17 (5.533 seconds):
INFO:root:COST >> 0.4969 +/- 0.0147, % updates: 23.971%
INFO:root:-- EPOCH 18 (5.606 seconds):
INFO:root:COST >> 0.493 +/- 0.0153, % updates: 23.82%
INFO:root:-- EPOCH 19 (5.521 seconds):
INFO:root:COST >> 0.4903 +/- 0.012, % updates: 23.864%
INFO:root:-- EPOCH 20 (5.551 seconds):
INFO:root:COST >> 0.4907 +/- 0.0127, % updates: 23.834%
INFO:root:-- EPOCH 21 (5.59 seconds):
INFO:root:COST >> 0.4858 +/- 0.0152, % updates: 23.74%
INFO:root:-- EPOCH 22 (5.608 seconds):
INFO:root:COST >> 0.4853 +/- 0.0167, % updates: 23.778%
INFO:root:-- EPOCH 23 (5.573 seconds):
INFO:root:COST >> 0.4826 +/- 0.0145, % updates: 23.657%
INFO:root:-- EPOCH 24 (5.621 seconds):
INFO:root:COST >> 0.4808 +/- 0.0146, % updates: 23.66%
INFO:root:-- EPOCH 25 (5.591 seconds):
INFO:root:COST >> 0.4811 +/- 0.0108, % updates: 23.722%
INFO:root:-- EPOCH 26 (5.614 seconds):
INFO:root:COST >> 0.4788 +/- 0.014, % updates: 23.641%
INFO:root:-- EPOCH 27 (5.561 seconds):
INFO:root:COST >> 0.4779 +/- 0.0128, % updates: 23.679%
INFO:root:-- EPOCH 28 (5.643 seconds):
INFO:root:COST >> 0.4751 +/- 0.0135, % updates: 23.637%
INFO:root:-- EPOCH 29 (5.596 seconds):
INFO:root:COST >> 0.4742 +/- 0.0133, % updates: 23.579%
INFO:root:-- EPOCH 30 (5.585 seconds):
INFO:root:COST >> 0.473 +/- 0.0141, % updates: 23.626%
INFO:root:-- EPOCH 31 (5.513 seconds):
INFO:root:COST >> 0.4719 +/- 0.0139, % updates: 23.597%
INFO:root:-- EPOCH 32 (5.636 seconds):
INFO:root:COST >> 0.4725 +/- 0.0104, % updates: 23.535%
INFO:root:-- EPOCH 33 (5.593 seconds):
INFO:root:COST >> 0.4689 +/- 0.0121, % updates: 23.477%
INFO:root:-- EPOCH 34 (5.599 seconds):
INFO:root:COST >> 0.4693 +/- 0.0103, % updates: 23.537%
INFO:root:-- EPOCH 35 (5.56 seconds):
INFO:root:COST >> 0.4685 +/- 0.0124, % updates: 23.487%
INFO:root:-- EPOCH 36 (5.625 seconds):
INFO:root:COST >> 0.4689 +/- 0.0131, % updates: 23.505%
INFO:root:-- EPOCH 37 (5.594 seconds):
INFO:root:COST >> 0.466 +/- 0.0104, % updates: 23.481%
INFO:root:-- EPOCH 38 (5.621 seconds):
INFO:root:COST >> 0.4645 +/- 0.0098, % updates: 23.468%
INFO:root:-- EPOCH 39 (5.608 seconds):
INFO:root:COST >> 0.4655 +/- 0.012, % updates: 23.529%
INFO:root:-- EPOCH 40 (5.612 seconds):
INFO:root:COST >> 0.4663 +/- 0.0127, % updates: 23.575%
INFO:root:-- EPOCH 41 (5.601 seconds):
INFO:root:COST >> 0.4627 +/- 0.0139, % updates: 23.453%
INFO:root:-- EPOCH 42 (5.558 seconds):
INFO:root:COST >> 0.4625 +/- 0.0109, % updates: 23.44%
INFO:root:-- EPOCH 43 (6.696 seconds):
INFO:root:COST >> 0.461 +/- 0.0116, % updates: 23.399%
INFO:root:-- EPOCH 44 (6.935 seconds):
INFO:root:COST >> 0.4606 +/- 0.0129, % updates: 23.393%
INFO:root:-- EPOCH 45 (6.878 seconds):
INFO:root:COST >> 0.4597 +/- 0.0099, % updates: 23.4%
INFO:root:-- EPOCH 46 (6.92 seconds):
INFO:root:COST >> 0.4595 +/- 0.0116, % updates: 23.373%
INFO:root:-- EPOCH 47 (7.017 seconds):
INFO:root:COST >> 0.4587 +/- 0.0094, % updates: 23.388%
INFO:root:-- EPOCH 48 (5.038 seconds):
INFO:root:COST >> 0.4594 +/- 0.0113, % updates: 23.393%
INFO:root:-- EPOCH 49 (5.545 seconds):
INFO:root:COST >> 0.457 +/- 0.0136, % updates: 23.333%
INFO:root:-- EPOCH 50 (5.557 seconds):
INFO:root:COST >> 0.4567 +/- 0.009, % updates: 23.377%
