INFO:root:Shape for training set: (16296, 483142)
INFO:root:State: {'ndim': '50', 'test_all': 'None', 'test_path': 'None', 'nhid': '50', 'lremb': '1e-06', 'seed': '4', 'simfn': 'L1', 'valid_path': 'None', 'nbatches': '10', 'lrparam': '1e-06', 'decay': '0.5', 'show_hinton_diagrams': 'False', 'no_rescaling': 'True', 'Nrel': '1345', 'ranking_score_right': 'False', 'Nent': '16296', 'Nsyn': '14951', 'method': 'MOMENTUM', 'loss_margin': '1.0', 'C': '1.0', 'epsilon': '1e-06', 'use_db': 'True', 'max_lr': 'None', 'l1_param_weight': 'None', 'filtered': 'False', 'name': 'fb15k_50/fb15k_MOMENTUM_44', 'totepochs': '50', 'l2_param_weight': 'None', 'train_path': 'data/fb15k/FB15k-train.pkl', 'op': 'TransE'}
INFO:root:Starting the Experiment ..
INFO:root:-- EPOCH 1 (5.934 seconds):
INFO:root:COST >> 2.2208 +/- 0.0046, % updates: 81.378%
INFO:root:-- EPOCH 2 (6.024 seconds):
INFO:root:COST >> 2.2109 +/- 0.0055, % updates: 81.25%
INFO:root:-- EPOCH 3 (6.275 seconds):
INFO:root:COST >> 2.2028 +/- 0.0063, % updates: 81.246%
INFO:root:-- EPOCH 4 (7.904 seconds):
INFO:root:COST >> 2.1913 +/- 0.0075, % updates: 81.022%
INFO:root:-- EPOCH 5 (6.298 seconds):
INFO:root:COST >> 2.1806 +/- 0.0078, % updates: 80.875%
INFO:root:-- EPOCH 6 (5.975 seconds):
INFO:root:COST >> 2.1739 +/- 0.0048, % updates: 80.808%
INFO:root:-- EPOCH 7 (6.066 seconds):
INFO:root:COST >> 2.1633 +/- 0.0037, % updates: 80.651%
INFO:root:-- EPOCH 8 (6.199 seconds):
INFO:root:COST >> 2.1543 +/- 0.005, % updates: 80.549%
INFO:root:-- EPOCH 9 (6.064 seconds):
INFO:root:COST >> 2.1455 +/- 0.0076, % updates: 80.357%
INFO:root:-- EPOCH 10 (6.444 seconds):
INFO:root:COST >> 2.1373 +/- 0.0064, % updates: 80.209%
INFO:root:-- EPOCH 11 (6.385 seconds):
INFO:root:COST >> 2.1282 +/- 0.0041, % updates: 80.0%
INFO:root:-- EPOCH 12 (6.774 seconds):
INFO:root:COST >> 2.121 +/- 0.0076, % updates: 79.885%
INFO:root:-- EPOCH 13 (7.818 seconds):
INFO:root:COST >> 2.1118 +/- 0.0061, % updates: 79.765%
INFO:root:-- EPOCH 14 (7.448 seconds):
INFO:root:COST >> 2.1085 +/- 0.0061, % updates: 79.583%
INFO:root:-- EPOCH 15 (7.315 seconds):
INFO:root:COST >> 2.099 +/- 0.008, % updates: 79.507%
INFO:root:-- EPOCH 16 (7.025 seconds):
INFO:root:COST >> 2.0955 +/- 0.0049, % updates: 79.321%
INFO:root:-- EPOCH 17 (6.369 seconds):
INFO:root:COST >> 2.089 +/- 0.0099, % updates: 79.218%
INFO:root:-- EPOCH 18 (6.171 seconds):
INFO:root:COST >> 2.0856 +/- 0.0068, % updates: 79.092%
INFO:root:-- EPOCH 19 (6.005 seconds):
INFO:root:COST >> 2.0783 +/- 0.0036, % updates: 78.969%
INFO:root:-- EPOCH 20 (5.983 seconds):
INFO:root:COST >> 2.0715 +/- 0.0062, % updates: 78.822%
INFO:root:-- EPOCH 21 (6.115 seconds):
INFO:root:COST >> 2.0697 +/- 0.0055, % updates: 78.736%
INFO:root:-- EPOCH 22 (6.095 seconds):
INFO:root:COST >> 2.0639 +/- 0.0068, % updates: 78.622%
INFO:root:-- EPOCH 23 (6.017 seconds):
INFO:root:COST >> 2.0581 +/- 0.0031, % updates: 78.453%
INFO:root:-- EPOCH 24 (6.0 seconds):
INFO:root:COST >> 2.053 +/- 0.0067, % updates: 78.365%
INFO:root:-- EPOCH 25 (6.036 seconds):
INFO:root:COST >> 2.0483 +/- 0.005, % updates: 78.281%
INFO:root:-- EPOCH 26 (5.982 seconds):
INFO:root:COST >> 2.0428 +/- 0.0071, % updates: 78.206%
INFO:root:-- EPOCH 27 (6.098 seconds):
INFO:root:COST >> 2.0406 +/- 0.0097, % updates: 78.093%
INFO:root:-- EPOCH 28 (6.027 seconds):
INFO:root:COST >> 2.0347 +/- 0.0076, % updates: 77.882%
INFO:root:-- EPOCH 29 (6.057 seconds):
INFO:root:COST >> 2.0337 +/- 0.0048, % updates: 77.832%
INFO:root:-- EPOCH 30 (6.053 seconds):
INFO:root:COST >> 2.0287 +/- 0.0079, % updates: 77.802%
INFO:root:-- EPOCH 31 (7.332 seconds):
INFO:root:COST >> 2.0239 +/- 0.0035, % updates: 77.653%
INFO:root:-- EPOCH 32 (6.751 seconds):
INFO:root:COST >> 2.0178 +/- 0.0071, % updates: 77.604%
INFO:root:-- EPOCH 33 (6.011 seconds):
INFO:root:COST >> 2.0134 +/- 0.0056, % updates: 77.429%
INFO:root:-- EPOCH 34 (6.051 seconds):
INFO:root:COST >> 2.0096 +/- 0.0041, % updates: 77.422%
INFO:root:-- EPOCH 35 (6.05 seconds):
INFO:root:COST >> 2.0066 +/- 0.0058, % updates: 77.296%
INFO:root:-- EPOCH 36 (6.025 seconds):
INFO:root:COST >> 2.0043 +/- 0.0078, % updates: 77.258%
INFO:root:-- EPOCH 37 (6.108 seconds):
INFO:root:COST >> 2.0018 +/- 0.0051, % updates: 77.148%
INFO:root:-- EPOCH 38 (6.006 seconds):
INFO:root:COST >> 1.9974 +/- 0.0065, % updates: 77.086%
INFO:root:-- EPOCH 39 (6.085 seconds):
INFO:root:COST >> 1.9955 +/- 0.0035, % updates: 76.965%
INFO:root:-- EPOCH 40 (6.023 seconds):
INFO:root:COST >> 1.9865 +/- 0.0038, % updates: 76.819%
INFO:root:-- EPOCH 41 (6.001 seconds):
INFO:root:COST >> 1.9852 +/- 0.0045, % updates: 76.767%
INFO:root:-- EPOCH 42 (6.057 seconds):
INFO:root:COST >> 1.9809 +/- 0.005, % updates: 76.654%
INFO:root:-- EPOCH 43 (5.986 seconds):
INFO:root:COST >> 1.9793 +/- 0.0049, % updates: 76.683%
INFO:root:-- EPOCH 44 (6.014 seconds):
INFO:root:COST >> 1.9748 +/- 0.0059, % updates: 76.501%
INFO:root:-- EPOCH 45 (6.045 seconds):
INFO:root:COST >> 1.9751 +/- 0.0054, % updates: 76.531%
INFO:root:-- EPOCH 46 (5.971 seconds):
INFO:root:COST >> 1.9684 +/- 0.0068, % updates: 76.418%
INFO:root:-- EPOCH 47 (6.259 seconds):
INFO:root:COST >> 1.9663 +/- 0.0074, % updates: 76.397%
INFO:root:-- EPOCH 48 (5.954 seconds):
INFO:root:COST >> 1.9612 +/- 0.0078, % updates: 76.191%
INFO:root:-- EPOCH 49 (6.021 seconds):
INFO:root:COST >> 1.9586 +/- 0.0045, % updates: 76.114%
INFO:root:-- EPOCH 50 (6.008 seconds):
INFO:root:COST >> 1.9554 +/- 0.0063, % updates: 76.052%
