INFO:root:Shape for training set: (16296, 483142)
INFO:root:State: {'ndim': '50', 'test_all': 'None', 'test_path': 'None', 'nhid': '50', 'lremb': '0.01', 'seed': '4', 'simfn': 'L1', 'valid_path': 'None', 'nbatches': '10', 'lrparam': '0.01', 'decay': '0.9999', 'show_hinton_diagrams': 'False', 'no_rescaling': 'True', 'Nrel': '1345', 'ranking_score_right': 'False', 'Nent': '16296', 'Nsyn': '14951', 'method': 'MOMENTUM', 'loss_margin': '1.0', 'C': '1.0', 'epsilon': '1e-06', 'use_db': 'True', 'max_lr': 'None', 'l1_param_weight': 'None', 'filtered': 'False', 'name': 'fb15k_50/fb15k_MOMENTUM_204', 'totepochs': '50', 'l2_param_weight': 'None', 'train_path': 'data/fb15k/FB15k-train.pkl', 'op': 'TransE'}
INFO:root:Starting the Experiment ..
INFO:root:-- EPOCH 1 (5.866 seconds):
INFO:root:COST >> 1.3491 +/- 0.623, % updates: 48.729%
INFO:root:-- EPOCH 2 (5.57 seconds):
INFO:root:COST >> 0.5809 +/- 0.0182, % updates: 24.476%
INFO:root:-- EPOCH 3 (4.988 seconds):
INFO:root:COST >> 0.488 +/- 0.0095, % updates: 21.214%
INFO:root:-- EPOCH 4 (5.474 seconds):
INFO:root:COST >> 0.4551 +/- 0.0132, % updates: 20.064%
INFO:root:-- EPOCH 5 (5.551 seconds):
INFO:root:COST >> 0.4404 +/- 0.0165, % updates: 19.573%
INFO:root:-- EPOCH 6 (5.587 seconds):
INFO:root:COST >> 0.4312 +/- 0.0155, % updates: 19.222%
INFO:root:-- EPOCH 7 (5.587 seconds):
INFO:root:COST >> 0.4242 +/- 0.0125, % updates: 18.922%
INFO:root:-- EPOCH 8 (5.507 seconds):
INFO:root:COST >> 0.4168 +/- 0.0147, % updates: 18.732%
INFO:root:-- EPOCH 9 (5.492 seconds):
INFO:root:COST >> 0.4107 +/- 0.0139, % updates: 18.544%
INFO:root:-- EPOCH 10 (5.609 seconds):
INFO:root:COST >> 0.4065 +/- 0.0106, % updates: 18.414%
INFO:root:-- EPOCH 11 (5.53 seconds):
INFO:root:COST >> 0.4029 +/- 0.014, % updates: 18.282%
INFO:root:-- EPOCH 12 (5.593 seconds):
INFO:root:COST >> 0.4004 +/- 0.0132, % updates: 18.19%
INFO:root:-- EPOCH 13 (5.616 seconds):
INFO:root:COST >> 0.3965 +/- 0.0124, % updates: 18.082%
INFO:root:-- EPOCH 14 (5.574 seconds):
INFO:root:COST >> 0.3942 +/- 0.0121, % updates: 17.973%
INFO:root:-- EPOCH 15 (5.54 seconds):
INFO:root:COST >> 0.3927 +/- 0.0139, % updates: 17.961%
INFO:root:-- EPOCH 16 (5.576 seconds):
INFO:root:COST >> 0.3918 +/- 0.0112, % updates: 17.978%
INFO:root:-- EPOCH 17 (5.631 seconds):
INFO:root:COST >> 0.3879 +/- 0.0104, % updates: 17.879%
INFO:root:-- EPOCH 18 (5.605 seconds):
INFO:root:COST >> 0.3867 +/- 0.0124, % updates: 17.854%
INFO:root:-- EPOCH 19 (5.563 seconds):
INFO:root:COST >> 0.3866 +/- 0.0109, % updates: 17.835%
INFO:root:-- EPOCH 20 (5.525 seconds):
INFO:root:COST >> 0.385 +/- 0.0126, % updates: 17.785%
INFO:root:-- EPOCH 21 (5.583 seconds):
INFO:root:COST >> 0.3829 +/- 0.0099, % updates: 17.741%
INFO:root:-- EPOCH 22 (5.596 seconds):
INFO:root:COST >> 0.3833 +/- 0.0099, % updates: 17.71%
INFO:root:-- EPOCH 23 (5.613 seconds):
INFO:root:COST >> 0.3801 +/- 0.0117, % updates: 17.698%
INFO:root:-- EPOCH 24 (5.617 seconds):
INFO:root:COST >> 0.3783 +/- 0.0092, % updates: 17.609%
INFO:root:-- EPOCH 25 (5.556 seconds):
INFO:root:COST >> 0.3794 +/- 0.0108, % updates: 17.602%
INFO:root:-- EPOCH 26 (5.562 seconds):
INFO:root:COST >> 0.378 +/- 0.0104, % updates: 17.626%
INFO:root:-- EPOCH 27 (5.63 seconds):
INFO:root:COST >> 0.3758 +/- 0.0106, % updates: 17.591%
INFO:root:-- EPOCH 28 (5.628 seconds):
INFO:root:COST >> 0.3759 +/- 0.0093, % updates: 17.536%
INFO:root:-- EPOCH 29 (5.573 seconds):
INFO:root:COST >> 0.3763 +/- 0.0116, % updates: 17.623%
INFO:root:-- EPOCH 30 (6.031 seconds):
INFO:root:COST >> 0.373 +/- 0.0098, % updates: 17.45%
INFO:root:-- EPOCH 31 (6.424 seconds):
INFO:root:COST >> 0.374 +/- 0.0092, % updates: 17.515%
INFO:root:-- EPOCH 32 (5.501 seconds):
INFO:root:COST >> 0.3749 +/- 0.0103, % updates: 17.588%
INFO:root:-- EPOCH 33 (5.557 seconds):
INFO:root:COST >> 0.3711 +/- 0.0105, % updates: 17.484%
INFO:root:-- EPOCH 34 (5.58 seconds):
INFO:root:COST >> 0.3719 +/- 0.011, % updates: 17.435%
INFO:root:-- EPOCH 35 (5.489 seconds):
INFO:root:COST >> 0.372 +/- 0.0113, % updates: 17.482%
INFO:root:-- EPOCH 36 (5.578 seconds):
INFO:root:COST >> 0.3702 +/- 0.0084, % updates: 17.4%
INFO:root:-- EPOCH 37 (5.6 seconds):
INFO:root:COST >> 0.3704 +/- 0.0097, % updates: 17.474%
INFO:root:-- EPOCH 38 (5.584 seconds):
INFO:root:COST >> 0.3704 +/- 0.0094, % updates: 17.518%
INFO:root:-- EPOCH 39 (5.547 seconds):
INFO:root:COST >> 0.3704 +/- 0.0098, % updates: 17.462%
INFO:root:-- EPOCH 40 (5.613 seconds):
INFO:root:COST >> 0.3686 +/- 0.0096, % updates: 17.476%
INFO:root:-- EPOCH 41 (5.54 seconds):
INFO:root:COST >> 0.3683 +/- 0.0098, % updates: 17.458%
INFO:root:-- EPOCH 42 (5.607 seconds):
INFO:root:COST >> 0.3677 +/- 0.0107, % updates: 17.416%
INFO:root:-- EPOCH 43 (5.518 seconds):
INFO:root:COST >> 0.3687 +/- 0.0102, % updates: 17.491%
INFO:root:-- EPOCH 44 (5.589 seconds):
INFO:root:COST >> 0.3675 +/- 0.0092, % updates: 17.442%
INFO:root:-- EPOCH 45 (5.579 seconds):
INFO:root:COST >> 0.3674 +/- 0.0083, % updates: 17.403%
INFO:root:-- EPOCH 46 (5.654 seconds):
INFO:root:COST >> 0.3661 +/- 0.0105, % updates: 17.373%
INFO:root:-- EPOCH 47 (5.538 seconds):
INFO:root:COST >> 0.3656 +/- 0.009, % updates: 17.415%
INFO:root:-- EPOCH 48 (5.604 seconds):
INFO:root:COST >> 0.3672 +/- 0.0101, % updates: 17.411%
INFO:root:-- EPOCH 49 (5.66 seconds):
INFO:root:COST >> 0.366 +/- 0.0087, % updates: 17.412%
INFO:root:-- EPOCH 50 (5.65 seconds):
INFO:root:COST >> 0.3647 +/- 0.009, % updates: 17.368%
