INFO:root:Shape for training set: (16296, 483142)
INFO:root:State: {'ndim': '50', 'test_all': 'None', 'test_path': 'None', 'nhid': '50', 'lremb': '0.001', 'seed': '4', 'simfn': 'L1', 'valid_path': 'None', 'nbatches': '10', 'lrparam': '0.001', 'decay': '0.999', 'show_hinton_diagrams': 'False', 'no_rescaling': 'True', 'Nrel': '1345', 'ranking_score_right': 'False', 'Nent': '16296', 'Nsyn': '14951', 'method': 'MOMENTUM', 'loss_margin': '1.0', 'C': '1.0', 'epsilon': '1e-06', 'use_db': 'True', 'max_lr': 'None', 'l1_param_weight': 'None', 'filtered': 'False', 'name': 'fb15k_50/fb15k_MOMENTUM_164', 'totepochs': '50', 'l2_param_weight': 'None', 'train_path': 'data/fb15k/FB15k-train.pkl', 'op': 'TransE'}
INFO:root:Starting the Experiment ..
INFO:root:-- EPOCH 1 (5.672 seconds):
INFO:root:COST >> 1.5505 +/- 0.3892, % updates: 61.051%
INFO:root:-- EPOCH 2 (4.836 seconds):
INFO:root:COST >> 0.5801 +/- 0.1134, % updates: 27.339%
INFO:root:-- EPOCH 3 (5.594 seconds):
INFO:root:COST >> 0.3674 +/- 0.0147, % updates: 17.817%
INFO:root:-- EPOCH 4 (5.561 seconds):
INFO:root:COST >> 0.3188 +/- 0.005, % updates: 15.438%
INFO:root:-- EPOCH 5 (5.61 seconds):
INFO:root:COST >> 0.2984 +/- 0.0032, % updates: 14.37%
INFO:root:-- EPOCH 6 (5.585 seconds):
INFO:root:COST >> 0.2866 +/- 0.0044, % updates: 13.822%
INFO:root:-- EPOCH 7 (5.607 seconds):
INFO:root:COST >> 0.2777 +/- 0.0037, % updates: 13.483%
INFO:root:-- EPOCH 8 (5.608 seconds):
INFO:root:COST >> 0.2739 +/- 0.0048, % updates: 13.286%
INFO:root:-- EPOCH 9 (5.617 seconds):
INFO:root:COST >> 0.2686 +/- 0.0055, % updates: 13.122%
INFO:root:-- EPOCH 10 (5.581 seconds):
INFO:root:COST >> 0.2714 +/- 0.0084, % updates: 13.26%
INFO:root:-- EPOCH 11 (5.552 seconds):
INFO:root:COST >> 0.281 +/- 0.0063, % updates: 13.516%
INFO:root:-- EPOCH 12 (5.614 seconds):
INFO:root:COST >> 0.2808 +/- 0.0038, % updates: 13.595%
INFO:root:-- EPOCH 13 (5.578 seconds):
INFO:root:COST >> 0.2799 +/- 0.0065, % updates: 13.542%
INFO:root:-- EPOCH 14 (5.6 seconds):
INFO:root:COST >> 0.281 +/- 0.0068, % updates: 13.555%
INFO:root:-- EPOCH 15 (5.554 seconds):
INFO:root:COST >> 0.2885 +/- 0.0098, % updates: 13.813%
INFO:root:-- EPOCH 16 (5.599 seconds):
INFO:root:COST >> 0.2905 +/- 0.005, % updates: 13.823%
INFO:root:-- EPOCH 17 (5.551 seconds):
INFO:root:COST >> 0.2897 +/- 0.0044, % updates: 13.784%
INFO:root:-- EPOCH 18 (5.524 seconds):
INFO:root:COST >> 0.2901 +/- 0.007, % updates: 13.767%
INFO:root:-- EPOCH 19 (5.549 seconds):
INFO:root:COST >> 0.2915 +/- 0.0056, % updates: 13.831%
INFO:root:-- EPOCH 20 (5.507 seconds):
INFO:root:COST >> 0.2904 +/- 0.0066, % updates: 13.785%
INFO:root:-- EPOCH 21 (5.56 seconds):
INFO:root:COST >> 0.2919 +/- 0.0069, % updates: 13.821%
INFO:root:-- EPOCH 22 (5.55 seconds):
INFO:root:COST >> 0.2921 +/- 0.006, % updates: 13.814%
INFO:root:-- EPOCH 23 (5.562 seconds):
INFO:root:COST >> 0.2909 +/- 0.006, % updates: 13.809%
INFO:root:-- EPOCH 24 (5.558 seconds):
INFO:root:COST >> 0.2901 +/- 0.0062, % updates: 13.762%
INFO:root:-- EPOCH 25 (5.543 seconds):
INFO:root:COST >> 0.2928 +/- 0.0061, % updates: 13.808%
INFO:root:-- EPOCH 26 (5.622 seconds):
INFO:root:COST >> 0.2936 +/- 0.0065, % updates: 13.857%
INFO:root:-- EPOCH 27 (5.592 seconds):
INFO:root:COST >> 0.2939 +/- 0.0067, % updates: 13.856%
INFO:root:-- EPOCH 28 (5.582 seconds):
INFO:root:COST >> 0.296 +/- 0.0058, % updates: 13.934%
INFO:root:-- EPOCH 29 (5.553 seconds):
INFO:root:COST >> 0.2962 +/- 0.0076, % updates: 13.909%
INFO:root:-- EPOCH 30 (5.613 seconds):
INFO:root:COST >> 0.2953 +/- 0.0073, % updates: 13.843%
INFO:root:-- EPOCH 31 (5.549 seconds):
INFO:root:COST >> 0.2963 +/- 0.0049, % updates: 13.87%
INFO:root:-- EPOCH 32 (5.568 seconds):
INFO:root:COST >> 0.2984 +/- 0.0063, % updates: 13.926%
INFO:root:-- EPOCH 33 (5.507 seconds):
INFO:root:COST >> 0.2962 +/- 0.0059, % updates: 13.901%
INFO:root:-- EPOCH 34 (5.567 seconds):
INFO:root:COST >> 0.2977 +/- 0.0074, % updates: 13.91%
INFO:root:-- EPOCH 35 (5.516 seconds):
INFO:root:COST >> 0.2986 +/- 0.0056, % updates: 13.939%
INFO:root:-- EPOCH 36 (5.556 seconds):
INFO:root:COST >> 0.299 +/- 0.0071, % updates: 13.929%
INFO:root:-- EPOCH 37 (5.559 seconds):
INFO:root:COST >> 0.3014 +/- 0.0065, % updates: 14.036%
INFO:root:-- EPOCH 38 (5.595 seconds):
INFO:root:COST >> 0.2996 +/- 0.005, % updates: 13.996%
INFO:root:-- EPOCH 39 (5.598 seconds):
INFO:root:COST >> 0.3002 +/- 0.0068, % updates: 13.994%
INFO:root:-- EPOCH 40 (5.604 seconds):
INFO:root:COST >> 0.2994 +/- 0.0064, % updates: 13.984%
INFO:root:-- EPOCH 41 (5.583 seconds):
INFO:root:COST >> 0.301 +/- 0.0066, % updates: 14.019%
INFO:root:-- EPOCH 42 (5.572 seconds):
INFO:root:COST >> 0.3026 +/- 0.0083, % updates: 14.038%
INFO:root:-- EPOCH 43 (5.522 seconds):
INFO:root:COST >> 0.3054 +/- 0.0072, % updates: 14.101%
INFO:root:-- EPOCH 44 (5.574 seconds):
INFO:root:COST >> 0.3068 +/- 0.0068, % updates: 14.124%
INFO:root:-- EPOCH 45 (5.591 seconds):
INFO:root:COST >> 0.306 +/- 0.0059, % updates: 14.114%
INFO:root:-- EPOCH 46 (5.612 seconds):
INFO:root:COST >> 0.307 +/- 0.0076, % updates: 14.109%
INFO:root:-- EPOCH 47 (5.624 seconds):
INFO:root:COST >> 0.3083 +/- 0.0062, % updates: 14.153%
INFO:root:-- EPOCH 48 (5.572 seconds):
INFO:root:COST >> 0.3081 +/- 0.0061, % updates: 14.145%
INFO:root:-- EPOCH 49 (5.603 seconds):
INFO:root:COST >> 0.3094 +/- 0.0066, % updates: 14.159%
INFO:root:-- EPOCH 50 (5.558 seconds):
INFO:root:COST >> 0.3081 +/- 0.0048, % updates: 14.13%
