INFO:root:Shape for training set: (16296, 483142)
INFO:root:State: {'ndim': '50', 'test_all': 'None', 'test_path': 'None', 'nhid': '50', 'lremb': '0.1', 'seed': '2', 'simfn': 'L1', 'valid_path': 'None', 'nbatches': '10', 'lrparam': '0.1', 'decay': '0.99', 'show_hinton_diagrams': 'False', 'no_rescaling': 'True', 'Nrel': '1345', 'ranking_score_right': 'False', 'Nent': '16296', 'Nsyn': '14951', 'method': 'MOMENTUM', 'loss_margin': '1.0', 'C': '1.0', 'epsilon': '1e-06', 'use_db': 'True', 'max_lr': 'None', 'l1_param_weight': 'None', 'filtered': 'False', 'name': 'fb15k_50/fb15k_MOMENTUM_272', 'totepochs': '50', 'l2_param_weight': 'None', 'train_path': 'data/fb15k/FB15k-train.pkl', 'op': 'TransE'}
INFO:root:Starting the Experiment ..
INFO:root:-- EPOCH 1 (5.619 seconds):
INFO:root:COST >> 1.472 +/- 0.7517, % updates: 47.816%
INFO:root:-- EPOCH 2 (5.52 seconds):
INFO:root:COST >> 0.769 +/- 0.0158, % updates: 29.866%
INFO:root:-- EPOCH 3 (5.226 seconds):
INFO:root:COST >> 0.6763 +/- 0.0248, % updates: 27.706%
INFO:root:-- EPOCH 4 (5.622 seconds):
INFO:root:COST >> 0.6363 +/- 0.0278, % updates: 26.832%
INFO:root:-- EPOCH 5 (5.642 seconds):
INFO:root:COST >> 0.613 +/- 0.0263, % updates: 26.309%
INFO:root:-- EPOCH 6 (5.646 seconds):
INFO:root:COST >> 0.5998 +/- 0.027, % updates: 26.018%
INFO:root:-- EPOCH 7 (5.604 seconds):
INFO:root:COST >> 0.5873 +/- 0.0232, % updates: 25.742%
INFO:root:-- EPOCH 8 (5.57 seconds):
INFO:root:COST >> 0.5794 +/- 0.0248, % updates: 25.596%
INFO:root:-- EPOCH 9 (5.552 seconds):
INFO:root:COST >> 0.5755 +/- 0.0273, % updates: 25.516%
INFO:root:-- EPOCH 10 (5.558 seconds):
INFO:root:COST >> 0.5711 +/- 0.028, % updates: 25.489%
INFO:root:-- EPOCH 11 (5.601 seconds):
INFO:root:COST >> 0.5697 +/- 0.0246, % updates: 25.526%
INFO:root:-- EPOCH 12 (5.565 seconds):
INFO:root:COST >> 0.5677 +/- 0.0248, % updates: 25.489%
INFO:root:-- EPOCH 13 (5.602 seconds):
INFO:root:COST >> 0.5638 +/- 0.0249, % updates: 25.358%
INFO:root:-- EPOCH 14 (5.56 seconds):
INFO:root:COST >> 0.5631 +/- 0.0242, % updates: 25.408%
INFO:root:-- EPOCH 15 (5.554 seconds):
INFO:root:COST >> 0.5641 +/- 0.0263, % updates: 25.44%
INFO:root:-- EPOCH 16 (5.607 seconds):
INFO:root:COST >> 0.5597 +/- 0.0265, % updates: 25.283%
INFO:root:-- EPOCH 17 (5.601 seconds):
INFO:root:COST >> 0.56 +/- 0.0238, % updates: 25.347%
INFO:root:-- EPOCH 18 (5.621 seconds):
INFO:root:COST >> 0.5583 +/- 0.0245, % updates: 25.34%
INFO:root:-- EPOCH 19 (5.638 seconds):
INFO:root:COST >> 0.5603 +/- 0.0254, % updates: 25.345%
INFO:root:-- EPOCH 20 (5.575 seconds):
INFO:root:COST >> 0.5592 +/- 0.021, % updates: 25.339%
INFO:root:-- EPOCH 21 (5.61 seconds):
INFO:root:COST >> 0.5586 +/- 0.0245, % updates: 25.354%
INFO:root:-- EPOCH 22 (5.664 seconds):
INFO:root:COST >> 0.5573 +/- 0.0284, % updates: 25.255%
INFO:root:-- EPOCH 23 (5.633 seconds):
INFO:root:COST >> 0.5582 +/- 0.0259, % updates: 25.324%
INFO:root:-- EPOCH 24 (6.008 seconds):
INFO:root:COST >> 0.5562 +/- 0.0252, % updates: 25.246%
INFO:root:-- EPOCH 25 (6.858 seconds):
INFO:root:COST >> 0.5552 +/- 0.0255, % updates: 25.312%
INFO:root:-- EPOCH 26 (6.848 seconds):
INFO:root:COST >> 0.5553 +/- 0.0234, % updates: 25.221%
INFO:root:-- EPOCH 27 (6.934 seconds):
INFO:root:COST >> 0.5559 +/- 0.0247, % updates: 25.262%
INFO:root:-- EPOCH 28 (6.97 seconds):
INFO:root:COST >> 0.5567 +/- 0.0218, % updates: 25.323%
INFO:root:-- EPOCH 29 (6.904 seconds):
INFO:root:COST >> 0.5551 +/- 0.0272, % updates: 25.248%
INFO:root:-- EPOCH 30 (6.898 seconds):
INFO:root:COST >> 0.5546 +/- 0.0245, % updates: 25.253%
INFO:root:-- EPOCH 31 (5.967 seconds):
INFO:root:COST >> 0.5547 +/- 0.0251, % updates: 25.314%
INFO:root:-- EPOCH 32 (5.79 seconds):
INFO:root:COST >> 0.5549 +/- 0.0218, % updates: 25.224%
INFO:root:-- EPOCH 33 (5.733 seconds):
INFO:root:COST >> 0.5548 +/- 0.0244, % updates: 25.275%
INFO:root:-- EPOCH 34 (5.553 seconds):
INFO:root:COST >> 0.5558 +/- 0.0244, % updates: 25.315%
INFO:root:-- EPOCH 35 (5.633 seconds):
INFO:root:COST >> 0.5552 +/- 0.0252, % updates: 25.253%
INFO:root:-- EPOCH 36 (5.611 seconds):
INFO:root:COST >> 0.5544 +/- 0.0231, % updates: 25.244%
INFO:root:-- EPOCH 37 (5.556 seconds):
INFO:root:COST >> 0.5552 +/- 0.0261, % updates: 25.261%
INFO:root:-- EPOCH 38 (5.595 seconds):
INFO:root:COST >> 0.5559 +/- 0.0225, % updates: 25.229%
INFO:root:-- EPOCH 39 (5.605 seconds):
INFO:root:COST >> 0.555 +/- 0.0262, % updates: 25.212%
INFO:root:-- EPOCH 40 (5.641 seconds):
INFO:root:COST >> 0.5563 +/- 0.0269, % updates: 25.313%
INFO:root:-- EPOCH 41 (5.619 seconds):
INFO:root:COST >> 0.5558 +/- 0.0242, % updates: 25.254%
INFO:root:-- EPOCH 42 (5.61 seconds):
INFO:root:COST >> 0.5568 +/- 0.023, % updates: 25.271%
INFO:root:-- EPOCH 43 (5.555 seconds):
INFO:root:COST >> 0.5556 +/- 0.0248, % updates: 25.318%
INFO:root:-- EPOCH 44 (5.596 seconds):
INFO:root:COST >> 0.5554 +/- 0.0267, % updates: 25.264%
INFO:root:-- EPOCH 45 (5.914 seconds):
INFO:root:COST >> 0.5565 +/- 0.0265, % updates: 25.264%
INFO:root:-- EPOCH 46 (5.632 seconds):
INFO:root:COST >> 0.5553 +/- 0.0257, % updates: 25.273%
INFO:root:-- EPOCH 47 (5.6 seconds):
INFO:root:COST >> 0.5557 +/- 0.0226, % updates: 25.291%
INFO:root:-- EPOCH 48 (5.555 seconds):
INFO:root:COST >> 0.5565 +/- 0.0241, % updates: 25.286%
INFO:root:-- EPOCH 49 (5.61 seconds):
INFO:root:COST >> 0.5566 +/- 0.0262, % updates: 25.334%
INFO:root:-- EPOCH 50 (5.577 seconds):
INFO:root:COST >> 0.555 +/- 0.0255, % updates: 25.251%
