INFO:root:Shape for training set: (16296, 483142)
INFO:root:State: {'ndim': '50', 'test_all': 'None', 'test_path': 'None', 'nhid': '50', 'lremb': '1.0', 'seed': '2', 'simfn': 'L1', 'valid_path': 'None', 'nbatches': '10', 'lrparam': '1.0', 'decay': '0.9', 'show_hinton_diagrams': 'False', 'no_rescaling': 'True', 'Nrel': '1345', 'ranking_score_right': 'False', 'Nent': '16296', 'Nsyn': '14951', 'method': 'MOMENTUM', 'loss_margin': '1.0', 'C': '1.0', 'epsilon': '1e-06', 'use_db': 'True', 'max_lr': 'None', 'l1_param_weight': 'None', 'filtered': 'False', 'name': 'fb15k_50/fb15k_MOMENTUM_332', 'totepochs': '50', 'l2_param_weight': 'None', 'train_path': 'data/fb15k/FB15k-train.pkl', 'op': 'TransE'}
INFO:root:Starting the Experiment ..
INFO:root:-- EPOCH 1 (6.282 seconds):
INFO:root:COST >> 1.4933 +/- 0.761, % updates: 46.746%
INFO:root:-- EPOCH 2 (5.839 seconds):
INFO:root:COST >> 0.9208 +/- 0.0512, % updates: 31.761%
INFO:root:-- EPOCH 3 (5.897 seconds):
INFO:root:COST >> 0.9092 +/- 0.0532, % updates: 31.535%
INFO:root:-- EPOCH 4 (5.857 seconds):
INFO:root:COST >> 0.9057 +/- 0.0537, % updates: 31.583%
INFO:root:-- EPOCH 5 (5.881 seconds):
INFO:root:COST >> 0.9044 +/- 0.0527, % updates: 31.506%
INFO:root:-- EPOCH 6 (5.877 seconds):
INFO:root:COST >> 0.9057 +/- 0.0543, % updates: 31.539%
INFO:root:-- EPOCH 7 (5.879 seconds):
INFO:root:COST >> 0.9046 +/- 0.0516, % updates: 31.495%
INFO:root:-- EPOCH 8 (5.894 seconds):
INFO:root:COST >> 0.903 +/- 0.0495, % updates: 31.477%
INFO:root:-- EPOCH 9 (5.922 seconds):
INFO:root:COST >> 0.9036 +/- 0.0559, % updates: 31.487%
INFO:root:-- EPOCH 10 (5.887 seconds):
INFO:root:COST >> 0.9045 +/- 0.0558, % updates: 31.481%
INFO:root:-- EPOCH 11 (5.245 seconds):
INFO:root:COST >> 0.9061 +/- 0.0537, % updates: 31.548%
INFO:root:-- EPOCH 12 (6.096 seconds):
INFO:root:COST >> 0.9073 +/- 0.0548, % updates: 31.553%
INFO:root:-- EPOCH 13 (6.032 seconds):
INFO:root:COST >> 0.9055 +/- 0.0524, % updates: 31.557%
INFO:root:-- EPOCH 14 (5.887 seconds):
INFO:root:COST >> 0.9075 +/- 0.0507, % updates: 31.566%
INFO:root:-- EPOCH 15 (5.938 seconds):
INFO:root:COST >> 0.9082 +/- 0.0556, % updates: 31.568%
INFO:root:-- EPOCH 16 (5.904 seconds):
INFO:root:COST >> 0.9039 +/- 0.0567, % updates: 31.531%
INFO:root:-- EPOCH 17 (6.223 seconds):
INFO:root:COST >> 0.906 +/- 0.054, % updates: 31.567%
INFO:root:-- EPOCH 18 (5.998 seconds):
INFO:root:COST >> 0.9006 +/- 0.0523, % updates: 31.506%
INFO:root:-- EPOCH 19 (6.035 seconds):
INFO:root:COST >> 0.9071 +/- 0.0547, % updates: 31.528%
INFO:root:-- EPOCH 20 (6.264 seconds):
INFO:root:COST >> 0.9051 +/- 0.0491, % updates: 31.561%
INFO:root:-- EPOCH 21 (6.085 seconds):
INFO:root:COST >> 0.9094 +/- 0.052, % updates: 31.624%
INFO:root:-- EPOCH 22 (5.937 seconds):
INFO:root:COST >> 0.9056 +/- 0.0557, % updates: 31.553%
INFO:root:-- EPOCH 23 (6.006 seconds):
INFO:root:COST >> 0.9061 +/- 0.0543, % updates: 31.535%
INFO:root:-- EPOCH 24 (5.985 seconds):
INFO:root:COST >> 0.9038 +/- 0.051, % updates: 31.516%
INFO:root:-- EPOCH 25 (6.002 seconds):
INFO:root:COST >> 0.9033 +/- 0.0561, % updates: 31.541%
INFO:root:-- EPOCH 26 (5.951 seconds):
INFO:root:COST >> 0.9045 +/- 0.0505, % updates: 31.543%
INFO:root:-- EPOCH 27 (5.993 seconds):
INFO:root:COST >> 0.9075 +/- 0.0518, % updates: 31.54%
INFO:root:-- EPOCH 28 (5.996 seconds):
INFO:root:COST >> 0.9075 +/- 0.0512, % updates: 31.578%
INFO:root:-- EPOCH 29 (6.004 seconds):
INFO:root:COST >> 0.9065 +/- 0.0558, % updates: 31.499%
INFO:root:-- EPOCH 30 (6.005 seconds):
INFO:root:COST >> 0.9031 +/- 0.0544, % updates: 31.464%
INFO:root:-- EPOCH 31 (5.991 seconds):
INFO:root:COST >> 0.9055 +/- 0.0565, % updates: 31.49%
INFO:root:-- EPOCH 32 (5.998 seconds):
INFO:root:COST >> 0.9055 +/- 0.0509, % updates: 31.488%
INFO:root:-- EPOCH 33 (5.982 seconds):
INFO:root:COST >> 0.9054 +/- 0.0533, % updates: 31.573%
INFO:root:-- EPOCH 34 (5.995 seconds):
INFO:root:COST >> 0.9068 +/- 0.0537, % updates: 31.602%
INFO:root:-- EPOCH 35 (6.005 seconds):
INFO:root:COST >> 0.9043 +/- 0.0532, % updates: 31.543%
INFO:root:-- EPOCH 36 (5.974 seconds):
INFO:root:COST >> 0.906 +/- 0.0521, % updates: 31.593%
INFO:root:-- EPOCH 37 (6.003 seconds):
INFO:root:COST >> 0.9077 +/- 0.0587, % updates: 31.548%
INFO:root:-- EPOCH 38 (5.986 seconds):
INFO:root:COST >> 0.9064 +/- 0.0497, % updates: 31.535%
INFO:root:-- EPOCH 39 (5.946 seconds):
INFO:root:COST >> 0.9059 +/- 0.0553, % updates: 31.595%
INFO:root:-- EPOCH 40 (5.995 seconds):
INFO:root:COST >> 0.9075 +/- 0.0565, % updates: 31.542%
INFO:root:-- EPOCH 41 (6.021 seconds):
INFO:root:COST >> 0.9081 +/- 0.054, % updates: 31.544%
INFO:root:-- EPOCH 42 (5.969 seconds):
INFO:root:COST >> 0.9089 +/- 0.0512, % updates: 31.579%
INFO:root:-- EPOCH 43 (6.02 seconds):
INFO:root:COST >> 0.9046 +/- 0.0514, % updates: 31.547%
INFO:root:-- EPOCH 44 (5.911 seconds):
INFO:root:COST >> 0.9062 +/- 0.0561, % updates: 31.538%
INFO:root:-- EPOCH 45 (6.031 seconds):
INFO:root:COST >> 0.9079 +/- 0.0534, % updates: 31.504%
INFO:root:-- EPOCH 46 (5.945 seconds):
INFO:root:COST >> 0.9044 +/- 0.0535, % updates: 31.472%
INFO:root:-- EPOCH 47 (6.004 seconds):
INFO:root:COST >> 0.909 +/- 0.0511, % updates: 31.547%
INFO:root:-- EPOCH 48 (6.058 seconds):
INFO:root:COST >> 0.9066 +/- 0.051, % updates: 31.527%
INFO:root:-- EPOCH 49 (5.916 seconds):
INFO:root:COST >> 0.9054 +/- 0.0576, % updates: 31.574%
INFO:root:-- EPOCH 50 (5.998 seconds):
INFO:root:COST >> 0.904 +/- 0.055, % updates: 31.512%
