INFO:root:Shape for training set: (16296, 483142)
INFO:root:State: {'ndim': '50', 'test_all': 'None', 'test_path': 'None', 'nhid': '50', 'lremb': '0.0001', 'seed': '5', 'simfn': 'L1', 'valid_path': 'None', 'nbatches': '10', 'lrparam': '0.0001', 'decay': '0.99', 'show_hinton_diagrams': 'False', 'no_rescaling': 'True', 'Nrel': '1345', 'ranking_score_right': 'False', 'Nent': '16296', 'Nsyn': '14951', 'method': 'MOMENTUM', 'loss_margin': '1.0', 'C': '1.0', 'epsilon': '1e-06', 'use_db': 'True', 'max_lr': 'None', 'l1_param_weight': 'None', 'filtered': 'False', 'name': 'fb15k_50/fb15k_MOMENTUM_125', 'totepochs': '50', 'l2_param_weight': 'None', 'train_path': 'data/fb15k/FB15k-train.pkl', 'op': 'TransE'}
INFO:root:Starting the Experiment ..
INFO:root:-- EPOCH 1 (5.667 seconds):
INFO:root:COST >> 1.978 +/- 0.1414, % updates: 75.702%
INFO:root:-- EPOCH 2 (5.662 seconds):
INFO:root:COST >> 1.4449 +/- 0.1374, % updates: 59.534%
INFO:root:-- EPOCH 3 (5.612 seconds):
INFO:root:COST >> 0.9773 +/- 0.1185, % updates: 44.219%
INFO:root:-- EPOCH 4 (5.608 seconds):
INFO:root:COST >> 0.6079 +/- 0.0753, % updates: 30.241%
INFO:root:-- EPOCH 5 (5.586 seconds):
INFO:root:COST >> 0.4069 +/- 0.0352, % updates: 21.212%
INFO:root:-- EPOCH 6 (5.624 seconds):
INFO:root:COST >> 0.3101 +/- 0.0176, % updates: 16.406%
INFO:root:-- EPOCH 7 (5.588 seconds):
INFO:root:COST >> 0.2557 +/- 0.012, % updates: 13.635%
INFO:root:-- EPOCH 8 (5.602 seconds):
INFO:root:COST >> 0.2222 +/- 0.007, % updates: 11.976%
INFO:root:-- EPOCH 9 (5.586 seconds):
INFO:root:COST >> 0.196 +/- 0.0051, % updates: 10.627%
INFO:root:-- EPOCH 10 (5.618 seconds):
INFO:root:COST >> 0.1783 +/- 0.0044, % updates: 9.718%
INFO:root:-- EPOCH 11 (5.585 seconds):
INFO:root:COST >> 0.1626 +/- 0.0044, % updates: 8.967%
INFO:root:-- EPOCH 12 (5.583 seconds):
INFO:root:COST >> 0.1514 +/- 0.0028, % updates: 8.41%
INFO:root:-- EPOCH 13 (5.599 seconds):
INFO:root:COST >> 0.1424 +/- 0.0025, % updates: 7.938%
INFO:root:-- EPOCH 14 (5.606 seconds):
INFO:root:COST >> 0.1348 +/- 0.0026, % updates: 7.57%
INFO:root:-- EPOCH 15 (5.585 seconds):
INFO:root:COST >> 0.1279 +/- 0.0009, % updates: 7.224%
INFO:root:-- EPOCH 16 (5.583 seconds):
INFO:root:COST >> 0.1227 +/- 0.0025, % updates: 6.939%
INFO:root:-- EPOCH 17 (5.588 seconds):
INFO:root:COST >> 0.118 +/- 0.0025, % updates: 6.69%
INFO:root:-- EPOCH 18 (5.552 seconds):
INFO:root:COST >> 0.1146 +/- 0.0015, % updates: 6.513%
INFO:root:-- EPOCH 19 (5.606 seconds):
INFO:root:COST >> 0.111 +/- 0.0017, % updates: 6.333%
INFO:root:-- EPOCH 20 (5.568 seconds):
INFO:root:COST >> 0.1091 +/- 0.0023, % updates: 6.198%
INFO:root:-- EPOCH 21 (5.592 seconds):
INFO:root:COST >> 0.1049 +/- 0.0021, % updates: 5.994%
INFO:root:-- EPOCH 22 (5.606 seconds):
INFO:root:COST >> 0.1026 +/- 0.0018, % updates: 5.898%
INFO:root:-- EPOCH 23 (5.542 seconds):
INFO:root:COST >> 0.1011 +/- 0.0016, % updates: 5.825%
INFO:root:-- EPOCH 24 (5.586 seconds):
INFO:root:COST >> 0.099 +/- 0.0014, % updates: 5.683%
INFO:root:-- EPOCH 25 (5.596 seconds):
INFO:root:COST >> 0.0978 +/- 0.0018, % updates: 5.627%
INFO:root:-- EPOCH 26 (5.594 seconds):
INFO:root:COST >> 0.096 +/- 0.0009, % updates: 5.567%
INFO:root:-- EPOCH 27 (5.538 seconds):
INFO:root:COST >> 0.0963 +/- 0.0011, % updates: 5.559%
INFO:root:-- EPOCH 28 (5.567 seconds):
INFO:root:COST >> 0.0941 +/- 0.0018, % updates: 5.457%
INFO:root:-- EPOCH 29 (5.558 seconds):
INFO:root:COST >> 0.0924 +/- 0.0017, % updates: 5.368%
INFO:root:-- EPOCH 30 (5.6 seconds):
INFO:root:COST >> 0.0912 +/- 0.0011, % updates: 5.321%
INFO:root:-- EPOCH 31 (5.586 seconds):
INFO:root:COST >> 0.089 +/- 0.0019, % updates: 5.275%
INFO:root:-- EPOCH 32 (5.594 seconds):
INFO:root:COST >> 0.0889 +/- 0.0014, % updates: 5.221%
INFO:root:-- EPOCH 33 (5.562 seconds):
INFO:root:COST >> 0.088 +/- 0.0013, % updates: 5.206%
INFO:root:-- EPOCH 34 (5.567 seconds):
INFO:root:COST >> 0.0867 +/- 0.0012, % updates: 5.133%
INFO:root:-- EPOCH 35 (5.568 seconds):
INFO:root:COST >> 0.0869 +/- 0.0013, % updates: 5.13%
INFO:root:-- EPOCH 36 (5.573 seconds):
INFO:root:COST >> 0.0867 +/- 0.0015, % updates: 5.123%
INFO:root:-- EPOCH 37 (5.599 seconds):
INFO:root:COST >> 0.0858 +/- 0.0009, % updates: 5.084%
INFO:root:-- EPOCH 38 (5.532 seconds):
INFO:root:COST >> 0.0846 +/- 0.0015, % updates: 5.018%
INFO:root:-- EPOCH 39 (5.639 seconds):
INFO:root:COST >> 0.0844 +/- 0.0017, % updates: 5.014%
INFO:root:-- EPOCH 40 (5.548 seconds):
INFO:root:COST >> 0.083 +/- 0.0012, % updates: 4.973%
INFO:root:-- EPOCH 41 (5.623 seconds):
INFO:root:COST >> 0.0824 +/- 0.0018, % updates: 4.94%
INFO:root:-- EPOCH 42 (5.562 seconds):
INFO:root:COST >> 0.0815 +/- 0.0016, % updates: 4.904%
INFO:root:-- EPOCH 43 (5.588 seconds):
INFO:root:COST >> 0.0819 +/- 0.0015, % updates: 4.898%
INFO:root:-- EPOCH 44 (5.533 seconds):
INFO:root:COST >> 0.0811 +/- 0.0014, % updates: 4.859%
INFO:root:-- EPOCH 45 (5.577 seconds):
INFO:root:COST >> 0.0799 +/- 0.0016, % updates: 4.812%
INFO:root:-- EPOCH 46 (5.625 seconds):
INFO:root:COST >> 0.0801 +/- 0.0015, % updates: 4.811%
INFO:root:-- EPOCH 47 (5.535 seconds):
INFO:root:COST >> 0.0793 +/- 0.0017, % updates: 4.799%
INFO:root:-- EPOCH 48 (5.623 seconds):
INFO:root:COST >> 0.0789 +/- 0.0016, % updates: 4.787%
INFO:root:-- EPOCH 49 (5.553 seconds):
INFO:root:COST >> 0.0785 +/- 0.001, % updates: 4.76%
INFO:root:-- EPOCH 50 (5.591 seconds):
INFO:root:COST >> 0.0783 +/- 0.0019, % updates: 4.767%
