INFO:root:Shape for training set: (16296, 483142)
INFO:root:State: {'ndim': '50', 'test_all': 'None', 'test_path': 'None', 'nhid': '50', 'lremb': '10.0', 'seed': '5', 'simfn': 'L1', 'valid_path': 'None', 'nbatches': '10', 'lrparam': '10.0', 'decay': '0.9999', 'show_hinton_diagrams': 'False', 'no_rescaling': 'True', 'Nrel': '1345', 'ranking_score_right': 'False', 'Nent': '16296', 'Nsyn': '14951', 'method': 'MOMENTUM', 'loss_margin': '1.0', 'C': '1.0', 'epsilon': '1e-06', 'use_db': 'True', 'max_lr': 'None', 'l1_param_weight': 'None', 'filtered': 'False', 'name': 'fb15k_50/fb15k_MOMENTUM_355', 'totepochs': '50', 'l2_param_weight': 'None', 'train_path': 'data/fb15k/FB15k-train.pkl', 'op': 'TransE'}
INFO:root:Starting the Experiment ..
INFO:root:-- EPOCH 1 (7.162 seconds):
INFO:root:COST >> 1.474 +/- 0.7635, % updates: 47.442%
INFO:root:-- EPOCH 2 (6.794 seconds):
INFO:root:COST >> 0.7727 +/- 0.0144, % updates: 29.959%
INFO:root:-- EPOCH 3 (6.785 seconds):
INFO:root:COST >> 0.6763 +/- 0.0211, % updates: 27.84%
INFO:root:-- EPOCH 4 (6.986 seconds):
INFO:root:COST >> 0.6312 +/- 0.023, % updates: 26.819%
INFO:root:-- EPOCH 5 (6.78 seconds):
INFO:root:COST >> 0.6005 +/- 0.0228, % updates: 26.18%
INFO:root:-- EPOCH 6 (6.929 seconds):
INFO:root:COST >> 0.5799 +/- 0.0222, % updates: 25.825%
INFO:root:-- EPOCH 7 (7.131 seconds):
INFO:root:COST >> 0.5643 +/- 0.022, % updates: 25.508%
INFO:root:-- EPOCH 8 (7.234 seconds):
INFO:root:COST >> 0.5535 +/- 0.0214, % updates: 25.272%
INFO:root:-- EPOCH 9 (7.36 seconds):
INFO:root:COST >> 0.5458 +/- 0.0178, % updates: 25.185%
INFO:root:-- EPOCH 10 (7.497 seconds):
INFO:root:COST >> 0.5377 +/- 0.018, % updates: 25.048%
INFO:root:-- EPOCH 11 (7.43 seconds):
INFO:root:COST >> 0.5302 +/- 0.0159, % updates: 24.939%
INFO:root:-- EPOCH 12 (7.353 seconds):
INFO:root:COST >> 0.5233 +/- 0.0161, % updates: 24.801%
INFO:root:-- EPOCH 13 (7.352 seconds):
INFO:root:COST >> 0.5185 +/- 0.0176, % updates: 24.709%
INFO:root:-- EPOCH 14 (7.331 seconds):
INFO:root:COST >> 0.5143 +/- 0.0175, % updates: 24.634%
INFO:root:-- EPOCH 15 (7.074 seconds):
INFO:root:COST >> 0.5118 +/- 0.0146, % updates: 24.573%
INFO:root:-- EPOCH 16 (7.254 seconds):
INFO:root:COST >> 0.508 +/- 0.0158, % updates: 24.561%
INFO:root:-- EPOCH 17 (7.027 seconds):
INFO:root:COST >> 0.5044 +/- 0.0154, % updates: 24.54%
INFO:root:-- EPOCH 18 (6.997 seconds):
INFO:root:COST >> 0.5021 +/- 0.0151, % updates: 24.454%
INFO:root:-- EPOCH 19 (7.065 seconds):
INFO:root:COST >> 0.4974 +/- 0.0114, % updates: 24.399%
INFO:root:-- EPOCH 20 (7.405 seconds):
INFO:root:COST >> 0.4971 +/- 0.0136, % updates: 24.373%
INFO:root:-- EPOCH 21 (7.326 seconds):
INFO:root:COST >> 0.4935 +/- 0.0156, % updates: 24.37%
INFO:root:-- EPOCH 22 (6.983 seconds):
INFO:root:COST >> 0.4917 +/- 0.016, % updates: 24.318%
INFO:root:-- EPOCH 23 (7.427 seconds):
INFO:root:COST >> 0.4893 +/- 0.0147, % updates: 24.18%
INFO:root:-- EPOCH 24 (7.183 seconds):
INFO:root:COST >> 0.4888 +/- 0.0152, % updates: 24.262%
INFO:root:-- EPOCH 25 (7.057 seconds):
INFO:root:COST >> 0.4892 +/- 0.0107, % updates: 24.319%
INFO:root:-- EPOCH 26 (7.313 seconds):
INFO:root:COST >> 0.4854 +/- 0.0138, % updates: 24.226%
INFO:root:-- EPOCH 27 (7.143 seconds):
INFO:root:COST >> 0.4848 +/- 0.0134, % updates: 24.234%
INFO:root:-- EPOCH 28 (7.266 seconds):
INFO:root:COST >> 0.4829 +/- 0.014, % updates: 24.203%
INFO:root:-- EPOCH 29 (7.263 seconds):
INFO:root:COST >> 0.4808 +/- 0.0135, % updates: 24.227%
INFO:root:-- EPOCH 30 (7.492 seconds):
INFO:root:COST >> 0.4795 +/- 0.0154, % updates: 24.164%
INFO:root:-- EPOCH 31 (7.439 seconds):
INFO:root:COST >> 0.479 +/- 0.0137, % updates: 24.163%
INFO:root:-- EPOCH 32 (7.029 seconds):
INFO:root:COST >> 0.4799 +/- 0.0104, % updates: 24.171%
INFO:root:-- EPOCH 33 (7.107 seconds):
INFO:root:COST >> 0.4759 +/- 0.0127, % updates: 24.084%
INFO:root:-- EPOCH 34 (7.278 seconds):
INFO:root:COST >> 0.4748 +/- 0.0117, % updates: 24.052%
INFO:root:-- EPOCH 35 (7.229 seconds):
INFO:root:COST >> 0.4752 +/- 0.0127, % updates: 24.091%
INFO:root:-- EPOCH 36 (6.709 seconds):
INFO:root:COST >> 0.4757 +/- 0.0143, % updates: 24.102%
INFO:root:-- EPOCH 37 (7.016 seconds):
INFO:root:COST >> 0.4734 +/- 0.0103, % updates: 24.14%
INFO:root:-- EPOCH 38 (7.524 seconds):
INFO:root:COST >> 0.4717 +/- 0.0097, % updates: 24.084%
INFO:root:-- EPOCH 39 (6.955 seconds):
INFO:root:COST >> 0.4728 +/- 0.0115, % updates: 24.13%
INFO:root:-- EPOCH 40 (6.965 seconds):
INFO:root:COST >> 0.4727 +/- 0.0136, % updates: 24.152%
INFO:root:-- EPOCH 41 (6.819 seconds):
INFO:root:COST >> 0.4697 +/- 0.0131, % updates: 24.046%
INFO:root:-- EPOCH 42 (6.867 seconds):
INFO:root:COST >> 0.4699 +/- 0.0101, % updates: 24.062%
INFO:root:-- EPOCH 43 (6.875 seconds):
INFO:root:COST >> 0.4675 +/- 0.0111, % updates: 23.988%
INFO:root:-- EPOCH 44 (6.912 seconds):
INFO:root:COST >> 0.4674 +/- 0.0132, % updates: 23.965%
INFO:root:-- EPOCH 45 (6.911 seconds):
INFO:root:COST >> 0.4668 +/- 0.0104, % updates: 24.007%
INFO:root:-- EPOCH 46 (6.916 seconds):
INFO:root:COST >> 0.466 +/- 0.0107, % updates: 23.98%
INFO:root:-- EPOCH 47 (6.375 seconds):
INFO:root:COST >> 0.4661 +/- 0.0102, % updates: 24.003%
INFO:root:-- EPOCH 48 (6.942 seconds):
INFO:root:COST >> 0.4653 +/- 0.0113, % updates: 24.006%
INFO:root:-- EPOCH 49 (7.248 seconds):
INFO:root:COST >> 0.4648 +/- 0.0132, % updates: 23.974%
INFO:root:-- EPOCH 50 (7.058 seconds):
INFO:root:COST >> 0.4644 +/- 0.0081, % updates: 24.015%
