INFO:root:Shape for training set: (16296, 483142)
INFO:root:State: {'ndim': '50', 'test_all': 'None', 'test_path': 'None', 'nhid': '50', 'lremb': '1.0', 'seed': '5', 'simfn': 'L1', 'valid_path': 'None', 'nbatches': '10', 'lrparam': '1.0', 'decay': '0.5', 'show_hinton_diagrams': 'False', 'no_rescaling': 'True', 'Nrel': '1345', 'ranking_score_right': 'False', 'Nent': '16296', 'Nsyn': '14951', 'method': 'MOMENTUM', 'loss_margin': '1.0', 'C': '1.0', 'epsilon': '1e-06', 'use_db': 'True', 'max_lr': 'None', 'l1_param_weight': 'None', 'filtered': 'False', 'name': 'fb15k_50/fb15k_MOMENTUM_345', 'totepochs': '50', 'l2_param_weight': 'None', 'train_path': 'data/fb15k/FB15k-train.pkl', 'op': 'TransE'}
INFO:root:Starting the Experiment ..
INFO:root:-- EPOCH 1 (6.653 seconds):
INFO:root:COST >> 1.6404 +/- 0.672, % updates: 49.155%
INFO:root:-- EPOCH 2 (6.669 seconds):
INFO:root:COST >> 1.3256 +/- 0.0398, % updates: 40.712%
INFO:root:-- EPOCH 3 (6.914 seconds):
INFO:root:COST >> 1.3303 +/- 0.0314, % updates: 40.757%
INFO:root:-- EPOCH 4 (6.742 seconds):
INFO:root:COST >> 1.3332 +/- 0.0366, % updates: 40.864%
INFO:root:-- EPOCH 5 (6.443 seconds):
INFO:root:COST >> 1.3272 +/- 0.0421, % updates: 40.681%
INFO:root:-- EPOCH 6 (6.757 seconds):
INFO:root:COST >> 1.3333 +/- 0.0326, % updates: 40.818%
INFO:root:-- EPOCH 7 (6.735 seconds):
INFO:root:COST >> 1.3264 +/- 0.0349, % updates: 40.72%
INFO:root:-- EPOCH 8 (6.793 seconds):
INFO:root:COST >> 1.3261 +/- 0.0354, % updates: 40.738%
INFO:root:-- EPOCH 9 (6.898 seconds):
INFO:root:COST >> 1.3319 +/- 0.0314, % updates: 40.79%
INFO:root:-- EPOCH 10 (6.643 seconds):
INFO:root:COST >> 1.3283 +/- 0.0374, % updates: 40.638%
INFO:root:-- EPOCH 11 (6.105 seconds):
INFO:root:COST >> 1.3303 +/- 0.039, % updates: 40.771%
INFO:root:-- EPOCH 12 (6.005 seconds):
INFO:root:COST >> 1.3313 +/- 0.0348, % updates: 40.724%
INFO:root:-- EPOCH 13 (6.26 seconds):
INFO:root:COST >> 1.3278 +/- 0.0379, % updates: 40.689%
INFO:root:-- EPOCH 14 (9.002 seconds):
INFO:root:COST >> 1.3308 +/- 0.0365, % updates: 40.72%
INFO:root:-- EPOCH 15 (7.287 seconds):
INFO:root:COST >> 1.3303 +/- 0.039, % updates: 40.755%
INFO:root:-- EPOCH 16 (6.504 seconds):
INFO:root:COST >> 1.3269 +/- 0.0354, % updates: 40.691%
INFO:root:-- EPOCH 17 (7.311 seconds):
INFO:root:COST >> 1.329 +/- 0.0372, % updates: 40.726%
INFO:root:-- EPOCH 18 (6.528 seconds):
INFO:root:COST >> 1.3288 +/- 0.0365, % updates: 40.825%
INFO:root:-- EPOCH 19 (5.987 seconds):
INFO:root:COST >> 1.3306 +/- 0.0339, % updates: 40.802%
INFO:root:-- EPOCH 20 (6.065 seconds):
INFO:root:COST >> 1.3299 +/- 0.0347, % updates: 40.742%
INFO:root:-- EPOCH 21 (6.164 seconds):
INFO:root:COST >> 1.3332 +/- 0.0349, % updates: 40.749%
INFO:root:-- EPOCH 22 (6.141 seconds):
INFO:root:COST >> 1.3294 +/- 0.0407, % updates: 40.718%
INFO:root:-- EPOCH 23 (6.147 seconds):
INFO:root:COST >> 1.3279 +/- 0.0337, % updates: 40.648%
INFO:root:-- EPOCH 24 (6.567 seconds):
INFO:root:COST >> 1.3328 +/- 0.0337, % updates: 40.797%
INFO:root:-- EPOCH 25 (6.332 seconds):
INFO:root:COST >> 1.3335 +/- 0.0315, % updates: 40.786%
INFO:root:-- EPOCH 26 (6.383 seconds):
INFO:root:COST >> 1.331 +/- 0.0355, % updates: 40.812%
INFO:root:-- EPOCH 27 (6.048 seconds):
INFO:root:COST >> 1.3335 +/- 0.0392, % updates: 40.74%
INFO:root:-- EPOCH 28 (6.313 seconds):
INFO:root:COST >> 1.3318 +/- 0.0361, % updates: 40.743%
INFO:root:-- EPOCH 29 (6.555 seconds):
INFO:root:COST >> 1.3278 +/- 0.0367, % updates: 40.733%
INFO:root:-- EPOCH 30 (6.242 seconds):
INFO:root:COST >> 1.3257 +/- 0.0377, % updates: 40.732%
INFO:root:-- EPOCH 31 (6.323 seconds):
INFO:root:COST >> 1.335 +/- 0.0388, % updates: 40.797%
INFO:root:-- EPOCH 32 (6.851 seconds):
INFO:root:COST >> 1.3329 +/- 0.038, % updates: 40.854%
INFO:root:-- EPOCH 33 (6.855 seconds):
INFO:root:COST >> 1.3298 +/- 0.0391, % updates: 40.818%
INFO:root:-- EPOCH 34 (6.485 seconds):
INFO:root:COST >> 1.3278 +/- 0.0381, % updates: 40.717%
INFO:root:-- EPOCH 35 (6.683 seconds):
INFO:root:COST >> 1.3332 +/- 0.0307, % updates: 40.821%
INFO:root:-- EPOCH 36 (6.74 seconds):
INFO:root:COST >> 1.3302 +/- 0.0384, % updates: 40.705%
INFO:root:-- EPOCH 37 (6.741 seconds):
INFO:root:COST >> 1.3317 +/- 0.0396, % updates: 40.805%
INFO:root:-- EPOCH 38 (6.678 seconds):
INFO:root:COST >> 1.3303 +/- 0.0344, % updates: 40.792%
INFO:root:-- EPOCH 39 (6.698 seconds):
INFO:root:COST >> 1.3274 +/- 0.0399, % updates: 40.714%
INFO:root:-- EPOCH 40 (6.744 seconds):
INFO:root:COST >> 1.333 +/- 0.0339, % updates: 40.804%
INFO:root:-- EPOCH 41 (5.833 seconds):
INFO:root:COST >> 1.3304 +/- 0.0369, % updates: 40.772%
INFO:root:-- EPOCH 42 (6.77 seconds):
INFO:root:COST >> 1.3293 +/- 0.0348, % updates: 40.761%
INFO:root:-- EPOCH 43 (6.801 seconds):
INFO:root:COST >> 1.33 +/- 0.0389, % updates: 40.782%
INFO:root:-- EPOCH 44 (6.698 seconds):
INFO:root:COST >> 1.3282 +/- 0.0392, % updates: 40.748%
INFO:root:-- EPOCH 45 (6.733 seconds):
INFO:root:COST >> 1.3269 +/- 0.0349, % updates: 40.701%
INFO:root:-- EPOCH 46 (6.795 seconds):
INFO:root:COST >> 1.3277 +/- 0.031, % updates: 40.74%
INFO:root:-- EPOCH 47 (6.692 seconds):
INFO:root:COST >> 1.3307 +/- 0.0335, % updates: 40.75%
INFO:root:-- EPOCH 48 (6.711 seconds):
INFO:root:COST >> 1.3309 +/- 0.0364, % updates: 40.779%
INFO:root:-- EPOCH 49 (6.632 seconds):
INFO:root:COST >> 1.3312 +/- 0.037, % updates: 40.811%
INFO:root:-- EPOCH 50 (6.522 seconds):
INFO:root:COST >> 1.3291 +/- 0.0341, % updates: 40.756%
