INFO:root:Shape for training set: (16296, 483142)
INFO:root:State: {'ndim': '50', 'test_all': 'None', 'test_path': 'None', 'nhid': '50', 'lremb': '1e-06', 'seed': '1', 'simfn': 'L1', 'valid_path': 'None', 'nbatches': '10', 'lrparam': '1e-06', 'decay': '0.9', 'show_hinton_diagrams': 'False', 'no_rescaling': 'True', 'Nrel': '1345', 'ranking_score_right': 'False', 'Nent': '16296', 'Nsyn': '14951', 'method': 'MOMENTUM', 'loss_margin': '1.0', 'C': '1.0', 'epsilon': '1e-06', 'use_db': 'True', 'max_lr': 'None', 'l1_param_weight': 'None', 'filtered': 'False', 'name': 'fb15k_50/fb15k_MOMENTUM_31', 'totepochs': '50', 'l2_param_weight': 'None', 'train_path': 'data/fb15k/FB15k-train.pkl', 'op': 'TransE'}
INFO:root:Starting the Experiment ..
INFO:root:-- EPOCH 1 (6.961 seconds):
INFO:root:COST >> 2.2064 +/- 0.0079, % updates: 81.201%
INFO:root:-- EPOCH 2 (6.945 seconds):
INFO:root:COST >> 2.178 +/- 0.0115, % updates: 80.849%
INFO:root:-- EPOCH 3 (7.149 seconds):
INFO:root:COST >> 2.1414 +/- 0.0066, % updates: 80.205%
INFO:root:-- EPOCH 4 (7.811 seconds):
INFO:root:COST >> 2.1104 +/- 0.0112, % updates: 79.529%
INFO:root:-- EPOCH 5 (6.816 seconds):
INFO:root:COST >> 2.08 +/- 0.0061, % updates: 78.882%
INFO:root:-- EPOCH 6 (6.95 seconds):
INFO:root:COST >> 2.0539 +/- 0.0087, % updates: 78.312%
INFO:root:-- EPOCH 7 (6.35 seconds):
INFO:root:COST >> 2.0322 +/- 0.0095, % updates: 77.805%
INFO:root:-- EPOCH 8 (6.275 seconds):
INFO:root:COST >> 2.0141 +/- 0.0075, % updates: 77.325%
INFO:root:-- EPOCH 9 (7.027 seconds):
INFO:root:COST >> 1.9939 +/- 0.0112, % updates: 76.893%
INFO:root:-- EPOCH 10 (7.728 seconds):
INFO:root:COST >> 1.9787 +/- 0.0073, % updates: 76.504%
INFO:root:-- EPOCH 11 (7.117 seconds):
INFO:root:COST >> 1.9649 +/- 0.008, % updates: 76.166%
INFO:root:-- EPOCH 12 (7.878 seconds):
INFO:root:COST >> 1.9472 +/- 0.0081, % updates: 75.775%
INFO:root:-- EPOCH 13 (6.956 seconds):
INFO:root:COST >> 1.9332 +/- 0.0079, % updates: 75.408%
INFO:root:-- EPOCH 14 (7.277 seconds):
INFO:root:COST >> 1.9225 +/- 0.0086, % updates: 75.057%
INFO:root:-- EPOCH 15 (6.946 seconds):
INFO:root:COST >> 1.9071 +/- 0.0095, % updates: 74.717%
INFO:root:-- EPOCH 16 (6.495 seconds):
INFO:root:COST >> 1.8955 +/- 0.0088, % updates: 74.414%
INFO:root:-- EPOCH 17 (6.694 seconds):
INFO:root:COST >> 1.8815 +/- 0.0069, % updates: 74.072%
INFO:root:-- EPOCH 18 (5.966 seconds):
INFO:root:COST >> 1.8699 +/- 0.0067, % updates: 73.827%
INFO:root:-- EPOCH 19 (6.15 seconds):
INFO:root:COST >> 1.8585 +/- 0.0067, % updates: 73.51%
INFO:root:-- EPOCH 20 (7.597 seconds):
INFO:root:COST >> 1.8476 +/- 0.0047, % updates: 73.245%
INFO:root:-- EPOCH 21 (7.382 seconds):
INFO:root:COST >> 1.8363 +/- 0.0079, % updates: 72.932%
INFO:root:-- EPOCH 22 (6.045 seconds):
INFO:root:COST >> 1.8244 +/- 0.0051, % updates: 72.688%
INFO:root:-- EPOCH 23 (6.031 seconds):
INFO:root:COST >> 1.8161 +/- 0.0052, % updates: 72.444%
INFO:root:-- EPOCH 24 (6.111 seconds):
INFO:root:COST >> 1.8048 +/- 0.007, % updates: 72.103%
INFO:root:-- EPOCH 25 (6.055 seconds):
INFO:root:COST >> 1.7956 +/- 0.0066, % updates: 71.86%
INFO:root:-- EPOCH 26 (6.04 seconds):
INFO:root:COST >> 1.7835 +/- 0.008, % updates: 71.642%
INFO:root:-- EPOCH 27 (6.793 seconds):
INFO:root:COST >> 1.7745 +/- 0.0048, % updates: 71.324%
INFO:root:-- EPOCH 28 (6.65 seconds):
INFO:root:COST >> 1.7671 +/- 0.0054, % updates: 71.21%
INFO:root:-- EPOCH 29 (6.236 seconds):
INFO:root:COST >> 1.7598 +/- 0.0049, % updates: 70.984%
INFO:root:-- EPOCH 30 (6.075 seconds):
INFO:root:COST >> 1.7497 +/- 0.0071, % updates: 70.779%
INFO:root:-- EPOCH 31 (7.442 seconds):
INFO:root:COST >> 1.7407 +/- 0.0075, % updates: 70.466%
INFO:root:-- EPOCH 32 (7.179 seconds):
INFO:root:COST >> 1.733 +/- 0.0069, % updates: 70.276%
INFO:root:-- EPOCH 33 (6.877 seconds):
INFO:root:COST >> 1.722 +/- 0.0062, % updates: 70.076%
INFO:root:-- EPOCH 34 (6.535 seconds):
INFO:root:COST >> 1.7145 +/- 0.0034, % updates: 69.797%
INFO:root:-- EPOCH 35 (7.105 seconds):
INFO:root:COST >> 1.7061 +/- 0.0062, % updates: 69.588%
INFO:root:-- EPOCH 36 (6.169 seconds):
INFO:root:COST >> 1.6963 +/- 0.0084, % updates: 69.276%
INFO:root:-- EPOCH 37 (7.283 seconds):
INFO:root:COST >> 1.6893 +/- 0.0061, % updates: 69.111%
INFO:root:-- EPOCH 38 (6.805 seconds):
INFO:root:COST >> 1.6821 +/- 0.0078, % updates: 68.978%
INFO:root:-- EPOCH 39 (6.459 seconds):
INFO:root:COST >> 1.6746 +/- 0.0045, % updates: 68.737%
INFO:root:-- EPOCH 40 (6.312 seconds):
INFO:root:COST >> 1.6647 +/- 0.0061, % updates: 68.485%
INFO:root:-- EPOCH 41 (6.348 seconds):
INFO:root:COST >> 1.6594 +/- 0.0038, % updates: 68.29%
INFO:root:-- EPOCH 42 (6.249 seconds):
INFO:root:COST >> 1.6478 +/- 0.0063, % updates: 68.02%
INFO:root:-- EPOCH 43 (6.686 seconds):
INFO:root:COST >> 1.6429 +/- 0.0056, % updates: 67.9%
INFO:root:-- EPOCH 44 (6.165 seconds):
INFO:root:COST >> 1.637 +/- 0.0066, % updates: 67.742%
INFO:root:-- EPOCH 45 (6.111 seconds):
INFO:root:COST >> 1.6267 +/- 0.0038, % updates: 67.434%
INFO:root:-- EPOCH 46 (6.391 seconds):
INFO:root:COST >> 1.6191 +/- 0.0056, % updates: 67.287%
INFO:root:-- EPOCH 47 (6.408 seconds):
INFO:root:COST >> 1.6139 +/- 0.0044, % updates: 67.084%
INFO:root:-- EPOCH 48 (6.872 seconds):
INFO:root:COST >> 1.607 +/- 0.0055, % updates: 66.953%
INFO:root:-- EPOCH 49 (6.422 seconds):
INFO:root:COST >> 1.5975 +/- 0.0061, % updates: 66.679%
INFO:root:-- EPOCH 50 (6.176 seconds):
INFO:root:COST >> 1.5914 +/- 0.0041, % updates: 66.549%
