INFO:root:Shape for training set: (16296, 483142)
INFO:root:State: {'ndim': '50', 'test_all': 'None', 'test_path': 'None', 'nhid': '50', 'lremb': '1e-05', 'seed': '2', 'simfn': 'L1', 'valid_path': 'None', 'nbatches': '10', 'lrparam': '1e-05', 'decay': '0.5', 'show_hinton_diagrams': 'False', 'no_rescaling': 'True', 'Nrel': '1345', 'ranking_score_right': 'False', 'Nent': '16296', 'Nsyn': '14951', 'method': 'MOMENTUM', 'loss_margin': '1.0', 'C': '1.0', 'epsilon': '1e-06', 'use_db': 'True', 'max_lr': 'None', 'l1_param_weight': 'None', 'filtered': 'False', 'name': 'fb15k_50/fb15k_MOMENTUM_92', 'totepochs': '50', 'l2_param_weight': 'None', 'train_path': 'data/fb15k/FB15k-train.pkl', 'op': 'TransE'}
INFO:root:Starting the Experiment ..
INFO:root:-- EPOCH 1 (5.212 seconds):
INFO:root:COST >> 2.1849 +/- 0.028, % updates: 81.002%
INFO:root:-- EPOCH 2 (6.111 seconds):
INFO:root:COST >> 2.1003 +/- 0.0165, % updates: 79.369%
INFO:root:-- EPOCH 3 (6.076 seconds):
INFO:root:COST >> 2.0435 +/- 0.0131, % updates: 78.065%
INFO:root:-- EPOCH 4 (7.057 seconds):
INFO:root:COST >> 2.0045 +/- 0.0111, % updates: 77.101%
INFO:root:-- EPOCH 5 (6.936 seconds):
INFO:root:COST >> 1.9711 +/- 0.0128, % updates: 76.208%
INFO:root:-- EPOCH 6 (7.191 seconds):
INFO:root:COST >> 1.9359 +/- 0.0098, % updates: 75.382%
INFO:root:-- EPOCH 7 (6.705 seconds):
INFO:root:COST >> 1.9123 +/- 0.0082, % updates: 74.689%
INFO:root:-- EPOCH 8 (5.991 seconds):
INFO:root:COST >> 1.8855 +/- 0.0086, % updates: 74.071%
INFO:root:-- EPOCH 9 (5.958 seconds):
INFO:root:COST >> 1.8611 +/- 0.0115, % updates: 73.431%
INFO:root:-- EPOCH 10 (5.932 seconds):
INFO:root:COST >> 1.8399 +/- 0.0077, % updates: 72.857%
INFO:root:-- EPOCH 11 (5.981 seconds):
INFO:root:COST >> 1.8195 +/- 0.0065, % updates: 72.381%
INFO:root:-- EPOCH 12 (6.369 seconds):
INFO:root:COST >> 1.798 +/- 0.0064, % updates: 71.822%
INFO:root:-- EPOCH 13 (6.305 seconds):
INFO:root:COST >> 1.7808 +/- 0.0061, % updates: 71.36%
INFO:root:-- EPOCH 14 (7.34 seconds):
INFO:root:COST >> 1.7623 +/- 0.0093, % updates: 70.854%
INFO:root:-- EPOCH 15 (6.628 seconds):
INFO:root:COST >> 1.7442 +/- 0.0092, % updates: 70.412%
INFO:root:-- EPOCH 16 (6.012 seconds):
INFO:root:COST >> 1.7256 +/- 0.0089, % updates: 69.964%
INFO:root:-- EPOCH 17 (6.044 seconds):
INFO:root:COST >> 1.7117 +/- 0.0068, % updates: 69.561%
INFO:root:-- EPOCH 18 (5.98 seconds):
INFO:root:COST >> 1.695 +/- 0.0075, % updates: 69.117%
INFO:root:-- EPOCH 19 (6.839 seconds):
INFO:root:COST >> 1.6775 +/- 0.0053, % updates: 68.586%
INFO:root:-- EPOCH 20 (7.138 seconds):
INFO:root:COST >> 1.6622 +/- 0.0045, % updates: 68.251%
INFO:root:-- EPOCH 21 (6.659 seconds):
INFO:root:COST >> 1.6478 +/- 0.0073, % updates: 67.816%
INFO:root:-- EPOCH 22 (6.385 seconds):
INFO:root:COST >> 1.6311 +/- 0.0053, % updates: 67.401%
INFO:root:-- EPOCH 23 (5.997 seconds):
INFO:root:COST >> 1.6165 +/- 0.0052, % updates: 67.079%
INFO:root:-- EPOCH 24 (6.861 seconds):
INFO:root:COST >> 1.6046 +/- 0.0053, % updates: 66.691%
INFO:root:-- EPOCH 25 (6.326 seconds):
INFO:root:COST >> 1.5911 +/- 0.0048, % updates: 66.277%
INFO:root:-- EPOCH 26 (6.852 seconds):
INFO:root:COST >> 1.573 +/- 0.0057, % updates: 65.851%
INFO:root:-- EPOCH 27 (6.461 seconds):
INFO:root:COST >> 1.5622 +/- 0.0082, % updates: 65.524%
INFO:root:-- EPOCH 28 (6.236 seconds):
INFO:root:COST >> 1.5484 +/- 0.0051, % updates: 65.161%
INFO:root:-- EPOCH 29 (6.266 seconds):
INFO:root:COST >> 1.5353 +/- 0.0027, % updates: 64.856%
INFO:root:-- EPOCH 30 (6.351 seconds):
INFO:root:COST >> 1.5214 +/- 0.0056, % updates: 64.431%
INFO:root:-- EPOCH 31 (6.167 seconds):
INFO:root:COST >> 1.5095 +/- 0.0032, % updates: 64.1%
INFO:root:-- EPOCH 32 (6.412 seconds):
INFO:root:COST >> 1.4962 +/- 0.0055, % updates: 63.844%
INFO:root:-- EPOCH 33 (6.437 seconds):
INFO:root:COST >> 1.4844 +/- 0.0062, % updates: 63.48%
INFO:root:-- EPOCH 34 (6.205 seconds):
INFO:root:COST >> 1.4702 +/- 0.0076, % updates: 63.143%
INFO:root:-- EPOCH 35 (6.084 seconds):
INFO:root:COST >> 1.4591 +/- 0.0049, % updates: 62.801%
INFO:root:-- EPOCH 36 (6.609 seconds):
INFO:root:COST >> 1.445 +/- 0.0049, % updates: 62.411%
INFO:root:-- EPOCH 37 (6.439 seconds):
INFO:root:COST >> 1.4358 +/- 0.0054, % updates: 62.142%
INFO:root:-- EPOCH 38 (6.778 seconds):
INFO:root:COST >> 1.4247 +/- 0.0059, % updates: 61.812%
INFO:root:-- EPOCH 39 (6.696 seconds):
INFO:root:COST >> 1.4129 +/- 0.0035, % updates: 61.425%
INFO:root:-- EPOCH 40 (6.093 seconds):
INFO:root:COST >> 1.3999 +/- 0.0045, % updates: 61.151%
INFO:root:-- EPOCH 41 (5.923 seconds):
INFO:root:COST >> 1.3931 +/- 0.0074, % updates: 60.888%
INFO:root:-- EPOCH 42 (5.904 seconds):
INFO:root:COST >> 1.3811 +/- 0.0067, % updates: 60.569%
INFO:root:-- EPOCH 43 (5.891 seconds):
INFO:root:COST >> 1.3705 +/- 0.0069, % updates: 60.302%
INFO:root:-- EPOCH 44 (5.91 seconds):
INFO:root:COST >> 1.3609 +/- 0.0032, % updates: 60.002%
INFO:root:-- EPOCH 45 (5.95 seconds):
INFO:root:COST >> 1.3474 +/- 0.0074, % updates: 59.7%
INFO:root:-- EPOCH 46 (5.921 seconds):
INFO:root:COST >> 1.3384 +/- 0.0046, % updates: 59.371%
INFO:root:-- EPOCH 47 (5.914 seconds):
INFO:root:COST >> 1.3271 +/- 0.0071, % updates: 59.117%
INFO:root:-- EPOCH 48 (5.937 seconds):
INFO:root:COST >> 1.3165 +/- 0.0059, % updates: 58.761%
INFO:root:-- EPOCH 49 (5.885 seconds):
INFO:root:COST >> 1.3064 +/- 0.0054, % updates: 58.515%
INFO:root:-- EPOCH 50 (5.919 seconds):
INFO:root:COST >> 1.2945 +/- 0.0048, % updates: 58.225%
