INFO:root:Shape for training set: (16296, 483142)
INFO:root:State: {'ndim': '50', 'test_all': 'None', 'test_path': 'None', 'nhid': '50', 'lremb': '1e-05', 'seed': '5', 'simfn': 'L1', 'valid_path': 'None', 'nbatches': '10', 'lrparam': '1e-05', 'decay': '0.5', 'show_hinton_diagrams': 'False', 'no_rescaling': 'True', 'Nrel': '1345', 'ranking_score_right': 'False', 'Nent': '16296', 'Nsyn': '14951', 'method': 'MOMENTUM', 'loss_margin': '1.0', 'C': '1.0', 'epsilon': '1e-06', 'use_db': 'True', 'max_lr': 'None', 'l1_param_weight': 'None', 'filtered': 'False', 'name': 'fb15k_50/fb15k_MOMENTUM_95', 'totepochs': '50', 'l2_param_weight': 'None', 'train_path': 'data/fb15k/FB15k-train.pkl', 'op': 'TransE'}
INFO:root:Starting the Experiment ..
INFO:root:-- EPOCH 1 (5.944 seconds):
INFO:root:COST >> 2.1868 +/- 0.0239, % updates: 80.981%
INFO:root:-- EPOCH 2 (5.898 seconds):
INFO:root:COST >> 2.1149 +/- 0.0177, % updates: 79.632%
INFO:root:-- EPOCH 3 (5.911 seconds):
INFO:root:COST >> 2.0633 +/- 0.0109, % updates: 78.353%
INFO:root:-- EPOCH 4 (5.929 seconds):
INFO:root:COST >> 2.0192 +/- 0.0097, % updates: 77.4%
INFO:root:-- EPOCH 5 (5.949 seconds):
INFO:root:COST >> 1.9847 +/- 0.0076, % updates: 76.504%
INFO:root:-- EPOCH 6 (5.91 seconds):
INFO:root:COST >> 1.9517 +/- 0.0099, % updates: 75.761%
INFO:root:-- EPOCH 7 (5.901 seconds):
INFO:root:COST >> 1.923 +/- 0.0067, % updates: 75.032%
INFO:root:-- EPOCH 8 (5.841 seconds):
INFO:root:COST >> 1.8965 +/- 0.0095, % updates: 74.434%
INFO:root:-- EPOCH 9 (5.935 seconds):
INFO:root:COST >> 1.8732 +/- 0.0092, % updates: 73.805%
INFO:root:-- EPOCH 10 (5.987 seconds):
INFO:root:COST >> 1.8515 +/- 0.0064, % updates: 73.289%
INFO:root:-- EPOCH 11 (5.978 seconds):
INFO:root:COST >> 1.8296 +/- 0.0094, % updates: 72.682%
INFO:root:-- EPOCH 12 (5.957 seconds):
INFO:root:COST >> 1.8104 +/- 0.009, % updates: 72.17%
INFO:root:-- EPOCH 13 (5.908 seconds):
INFO:root:COST >> 1.7919 +/- 0.0067, % updates: 71.719%
INFO:root:-- EPOCH 14 (5.94 seconds):
INFO:root:COST >> 1.772 +/- 0.0077, % updates: 71.184%
INFO:root:-- EPOCH 15 (5.927 seconds):
INFO:root:COST >> 1.7531 +/- 0.0094, % updates: 70.708%
INFO:root:-- EPOCH 16 (5.936 seconds):
INFO:root:COST >> 1.7358 +/- 0.0059, % updates: 70.316%
INFO:root:-- EPOCH 17 (5.945 seconds):
INFO:root:COST >> 1.7215 +/- 0.0055, % updates: 69.93%
INFO:root:-- EPOCH 18 (6.022 seconds):
INFO:root:COST >> 1.7055 +/- 0.0065, % updates: 69.448%
INFO:root:-- EPOCH 19 (5.865 seconds):
INFO:root:COST >> 1.6867 +/- 0.0053, % updates: 69.056%
INFO:root:-- EPOCH 20 (5.975 seconds):
INFO:root:COST >> 1.6722 +/- 0.0073, % updates: 68.614%
INFO:root:-- EPOCH 21 (5.944 seconds):
INFO:root:COST >> 1.6553 +/- 0.0046, % updates: 68.19%
INFO:root:-- EPOCH 22 (5.953 seconds):
INFO:root:COST >> 1.6403 +/- 0.0066, % updates: 67.757%
INFO:root:-- EPOCH 23 (5.932 seconds):
INFO:root:COST >> 1.625 +/- 0.0069, % updates: 67.396%
INFO:root:-- EPOCH 24 (5.967 seconds):
INFO:root:COST >> 1.6119 +/- 0.0074, % updates: 66.999%
INFO:root:-- EPOCH 25 (5.916 seconds):
INFO:root:COST >> 1.5932 +/- 0.0041, % updates: 66.614%
INFO:root:-- EPOCH 26 (5.926 seconds):
INFO:root:COST >> 1.5835 +/- 0.006, % updates: 66.205%
INFO:root:-- EPOCH 27 (5.953 seconds):
INFO:root:COST >> 1.5693 +/- 0.0055, % updates: 65.914%
INFO:root:-- EPOCH 28 (5.937 seconds):
INFO:root:COST >> 1.5552 +/- 0.0044, % updates: 65.538%
INFO:root:-- EPOCH 29 (5.927 seconds):
INFO:root:COST >> 1.5407 +/- 0.0049, % updates: 65.148%
INFO:root:-- EPOCH 30 (5.898 seconds):
INFO:root:COST >> 1.5296 +/- 0.0076, % updates: 64.741%
INFO:root:-- EPOCH 31 (5.957 seconds):
INFO:root:COST >> 1.5151 +/- 0.0067, % updates: 64.385%
INFO:root:-- EPOCH 32 (5.912 seconds):
INFO:root:COST >> 1.5047 +/- 0.0051, % updates: 64.187%
INFO:root:-- EPOCH 33 (5.943 seconds):
INFO:root:COST >> 1.4908 +/- 0.0058, % updates: 63.723%
INFO:root:-- EPOCH 34 (5.967 seconds):
INFO:root:COST >> 1.4795 +/- 0.0048, % updates: 63.439%
INFO:root:-- EPOCH 35 (5.916 seconds):
INFO:root:COST >> 1.468 +/- 0.0047, % updates: 63.15%
INFO:root:-- EPOCH 36 (5.893 seconds):
INFO:root:COST >> 1.4574 +/- 0.0047, % updates: 62.842%
INFO:root:-- EPOCH 37 (5.976 seconds):
INFO:root:COST >> 1.4435 +/- 0.0058, % updates: 62.456%
INFO:root:-- EPOCH 38 (5.968 seconds):
INFO:root:COST >> 1.4327 +/- 0.0091, % updates: 62.127%
INFO:root:-- EPOCH 39 (5.961 seconds):
INFO:root:COST >> 1.4207 +/- 0.0059, % updates: 61.772%
INFO:root:-- EPOCH 40 (5.968 seconds):
INFO:root:COST >> 1.4121 +/- 0.006, % updates: 61.59%
INFO:root:-- EPOCH 41 (5.903 seconds):
INFO:root:COST >> 1.3964 +/- 0.0075, % updates: 61.219%
INFO:root:-- EPOCH 42 (5.893 seconds):
INFO:root:COST >> 1.3882 +/- 0.0051, % updates: 60.896%
INFO:root:-- EPOCH 43 (5.904 seconds):
INFO:root:COST >> 1.3781 +/- 0.0054, % updates: 60.638%
INFO:root:-- EPOCH 44 (5.927 seconds):
INFO:root:COST >> 1.3659 +/- 0.0027, % updates: 60.232%
INFO:root:-- EPOCH 45 (5.898 seconds):
INFO:root:COST >> 1.3553 +/- 0.0067, % updates: 60.053%
INFO:root:-- EPOCH 46 (5.851 seconds):
INFO:root:COST >> 1.3424 +/- 0.0059, % updates: 59.689%
INFO:root:-- EPOCH 47 (5.936 seconds):
INFO:root:COST >> 1.3339 +/- 0.0034, % updates: 59.403%
INFO:root:-- EPOCH 48 (5.885 seconds):
INFO:root:COST >> 1.3258 +/- 0.0058, % updates: 59.2%
INFO:root:-- EPOCH 49 (5.949 seconds):
INFO:root:COST >> 1.3142 +/- 0.0029, % updates: 58.793%
INFO:root:-- EPOCH 50 (5.233 seconds):
INFO:root:COST >> 1.3026 +/- 0.0034, % updates: 58.569%
