INFO:root:Shape for training set: (16296, 483142)
INFO:root:State: {'ndim': '50', 'test_all': 'None', 'test_path': 'None', 'nhid': '50', 'lremb': '1e-05', 'seed': '0', 'simfn': 'L1', 'valid_path': 'None', 'nbatches': '10', 'lrparam': '1e-05', 'decay': '0.9999', 'show_hinton_diagrams': 'False', 'no_rescaling': 'True', 'Nrel': '1345', 'ranking_score_right': 'False', 'Nent': '16296', 'Nsyn': '14951', 'method': 'MOMENTUM', 'loss_margin': '1.0', 'C': '1.0', 'epsilon': '1e-06', 'use_db': 'True', 'max_lr': 'None', 'l1_param_weight': 'None', 'filtered': 'False', 'name': 'fb15k_50/fb15k_MOMENTUM_50', 'totepochs': '50', 'l2_param_weight': 'None', 'train_path': 'data/fb15k/FB15k-train.pkl', 'op': 'TransE'}
INFO:root:Starting the Experiment ..
INFO:root:-- EPOCH 1 (6.105 seconds):
INFO:root:COST >> 2.1328 +/- 0.0561, % updates: 79.75%
INFO:root:-- EPOCH 2 (6.07 seconds):
INFO:root:COST >> 1.9329 +/- 0.0479, % updates: 74.746%
INFO:root:-- EPOCH 3 (6.018 seconds):
INFO:root:COST >> 1.7945 +/- 0.0429, % updates: 70.933%
INFO:root:-- EPOCH 4 (6.044 seconds):
INFO:root:COST >> 1.6196 +/- 0.05, % updates: 65.845%
INFO:root:-- EPOCH 5 (6.049 seconds):
INFO:root:COST >> 1.4272 +/- 0.05, % updates: 59.539%
INFO:root:-- EPOCH 6 (6.104 seconds):
INFO:root:COST >> 1.2649 +/- 0.0428, % updates: 54.13%
INFO:root:-- EPOCH 7 (5.986 seconds):
INFO:root:COST >> 1.1166 +/- 0.0432, % updates: 49.296%
INFO:root:-- EPOCH 8 (6.029 seconds):
INFO:root:COST >> 0.9685 +/- 0.0407, % updates: 44.259%
INFO:root:-- EPOCH 9 (5.991 seconds):
INFO:root:COST >> 0.8271 +/- 0.0393, % updates: 39.162%
INFO:root:-- EPOCH 10 (6.026 seconds):
INFO:root:COST >> 0.702 +/- 0.0329, % updates: 34.198%
INFO:root:-- EPOCH 11 (5.972 seconds):
INFO:root:COST >> 0.5969 +/- 0.0284, % updates: 29.771%
INFO:root:-- EPOCH 12 (6.045 seconds):
INFO:root:COST >> 0.5149 +/- 0.0206, % updates: 26.258%
INFO:root:-- EPOCH 13 (5.965 seconds):
INFO:root:COST >> 0.4541 +/- 0.0161, % updates: 23.46%
INFO:root:-- EPOCH 14 (5.979 seconds):
INFO:root:COST >> 0.4066 +/- 0.0132, % updates: 21.166%
INFO:root:-- EPOCH 15 (6.033 seconds):
INFO:root:COST >> 0.3723 +/- 0.009, % updates: 19.511%
INFO:root:-- EPOCH 16 (5.982 seconds):
INFO:root:COST >> 0.3444 +/- 0.0079, % updates: 18.179%
INFO:root:-- EPOCH 17 (6.146 seconds):
INFO:root:COST >> 0.3236 +/- 0.0085, % updates: 17.11%
INFO:root:-- EPOCH 18 (6.024 seconds):
INFO:root:COST >> 0.306 +/- 0.0045, % updates: 16.161%
INFO:root:-- EPOCH 19 (6.243 seconds):
INFO:root:COST >> 0.2888 +/- 0.0052, % updates: 15.346%
INFO:root:-- EPOCH 20 (6.061 seconds):
INFO:root:COST >> 0.2767 +/- 0.0048, % updates: 14.684%
INFO:root:-- EPOCH 21 (5.991 seconds):
INFO:root:COST >> 0.2642 +/- 0.0028, % updates: 14.064%
INFO:root:-- EPOCH 22 (6.313 seconds):
INFO:root:COST >> 0.253 +/- 0.0022, % updates: 13.442%
INFO:root:-- EPOCH 23 (6.286 seconds):
INFO:root:COST >> 0.2407 +/- 0.0039, % updates: 12.898%
INFO:root:-- EPOCH 24 (6.117 seconds):
INFO:root:COST >> 0.2329 +/- 0.0035, % updates: 12.482%
INFO:root:-- EPOCH 25 (6.332 seconds):
INFO:root:COST >> 0.2261 +/- 0.0041, % updates: 12.138%
INFO:root:-- EPOCH 26 (6.11 seconds):
INFO:root:COST >> 0.218 +/- 0.0032, % updates: 11.742%
INFO:root:-- EPOCH 27 (6.083 seconds):
INFO:root:COST >> 0.2101 +/- 0.0032, % updates: 11.314%
INFO:root:-- EPOCH 28 (6.132 seconds):
INFO:root:COST >> 0.2038 +/- 0.0026, % updates: 10.981%
INFO:root:-- EPOCH 29 (6.135 seconds):
INFO:root:COST >> 0.1971 +/- 0.0026, % updates: 10.673%
INFO:root:-- EPOCH 30 (6.073 seconds):
INFO:root:COST >> 0.1934 +/- 0.0025, % updates: 10.434%
INFO:root:-- EPOCH 31 (7.273 seconds):
INFO:root:COST >> 0.1863 +/- 0.003, % updates: 10.153%
INFO:root:-- EPOCH 32 (8.004 seconds):
INFO:root:COST >> 0.1805 +/- 0.0013, % updates: 9.892%
INFO:root:-- EPOCH 33 (6.299 seconds):
INFO:root:COST >> 0.1768 +/- 0.0007, % updates: 9.713%
INFO:root:-- EPOCH 34 (6.5 seconds):
INFO:root:COST >> 0.1727 +/- 0.0025, % updates: 9.517%
INFO:root:-- EPOCH 35 (6.397 seconds):
INFO:root:COST >> 0.168 +/- 0.0019, % updates: 9.312%
INFO:root:-- EPOCH 36 (6.884 seconds):
INFO:root:COST >> 0.1642 +/- 0.0024, % updates: 9.116%
INFO:root:-- EPOCH 37 (6.74 seconds):
INFO:root:COST >> 0.1586 +/- 0.0028, % updates: 8.831%
INFO:root:-- EPOCH 38 (6.547 seconds):
INFO:root:COST >> 0.1562 +/- 0.0028, % updates: 8.706%
INFO:root:-- EPOCH 39 (6.391 seconds):
INFO:root:COST >> 0.1548 +/- 0.0017, % updates: 8.643%
INFO:root:-- EPOCH 40 (6.387 seconds):
INFO:root:COST >> 0.1503 +/- 0.0019, % updates: 8.406%
INFO:root:-- EPOCH 41 (6.446 seconds):
INFO:root:COST >> 0.1485 +/- 0.0024, % updates: 8.339%
INFO:root:-- EPOCH 42 (6.391 seconds):
INFO:root:COST >> 0.1462 +/- 0.0024, % updates: 8.252%
INFO:root:-- EPOCH 43 (6.338 seconds):
INFO:root:COST >> 0.1438 +/- 0.0026, % updates: 8.101%
INFO:root:-- EPOCH 44 (6.491 seconds):
INFO:root:COST >> 0.1404 +/- 0.0022, % updates: 7.966%
INFO:root:-- EPOCH 45 (6.418 seconds):
INFO:root:COST >> 0.1382 +/- 0.0024, % updates: 7.877%
INFO:root:-- EPOCH 46 (6.648 seconds):
INFO:root:COST >> 0.1365 +/- 0.002, % updates: 7.75%
INFO:root:-- EPOCH 47 (7.685 seconds):
INFO:root:COST >> 0.1352 +/- 0.0013, % updates: 7.706%
INFO:root:-- EPOCH 48 (6.318 seconds):
INFO:root:COST >> 0.132 +/- 0.0015, % updates: 7.541%
INFO:root:-- EPOCH 49 (5.95 seconds):
INFO:root:COST >> 0.1311 +/- 0.0026, % updates: 7.481%
INFO:root:-- EPOCH 50 (5.908 seconds):
INFO:root:COST >> 0.1291 +/- 0.0022, % updates: 7.417%
