INFO:root:Shape for training set: (16296, 483142)
INFO:root:State: {'ndim': '50', 'test_all': 'None', 'test_path': 'None', 'nhid': '50', 'lremb': '0.1', 'seed': '4', 'simfn': 'L1', 'valid_path': 'None', 'nbatches': '10', 'lrparam': '0.1', 'decay': '0.999', 'show_hinton_diagrams': 'False', 'no_rescaling': 'True', 'Nrel': '1345', 'ranking_score_right': 'False', 'Nent': '16296', 'Nsyn': '14951', 'method': 'MOMENTUM', 'loss_margin': '1.0', 'C': '1.0', 'epsilon': '1e-06', 'use_db': 'True', 'max_lr': 'None', 'l1_param_weight': 'None', 'filtered': 'False', 'name': 'fb15k_50/fb15k_MOMENTUM_264', 'totepochs': '50', 'l2_param_weight': 'None', 'train_path': 'data/fb15k/FB15k-train.pkl', 'op': 'TransE'}
INFO:root:Starting the Experiment ..
INFO:root:-- EPOCH 1 (5.63 seconds):
INFO:root:COST >> 1.4766 +/- 0.7254, % updates: 48.316%
INFO:root:-- EPOCH 2 (5.504 seconds):
INFO:root:COST >> 0.7679 +/- 0.0061, % updates: 30.341%
INFO:root:-- EPOCH 3 (5.324 seconds):
INFO:root:COST >> 0.6652 +/- 0.0188, % updates: 27.949%
INFO:root:-- EPOCH 4 (5.602 seconds):
INFO:root:COST >> 0.6206 +/- 0.0221, % updates: 26.891%
INFO:root:-- EPOCH 5 (5.616 seconds):
INFO:root:COST >> 0.5923 +/- 0.0218, % updates: 26.274%
INFO:root:-- EPOCH 6 (5.6 seconds):
INFO:root:COST >> 0.5742 +/- 0.0225, % updates: 25.875%
INFO:root:-- EPOCH 7 (5.632 seconds):
INFO:root:COST >> 0.5613 +/- 0.0181, % updates: 25.569%
INFO:root:-- EPOCH 8 (5.591 seconds):
INFO:root:COST >> 0.5507 +/- 0.0201, % updates: 25.348%
INFO:root:-- EPOCH 9 (5.535 seconds):
INFO:root:COST >> 0.5386 +/- 0.0205, % updates: 25.111%
INFO:root:-- EPOCH 10 (5.606 seconds):
INFO:root:COST >> 0.5318 +/- 0.0161, % updates: 24.956%
INFO:root:-- EPOCH 11 (5.615 seconds):
INFO:root:COST >> 0.5285 +/- 0.0198, % updates: 24.927%
INFO:root:-- EPOCH 12 (5.658 seconds):
INFO:root:COST >> 0.5231 +/- 0.019, % updates: 24.878%
INFO:root:-- EPOCH 13 (5.597 seconds):
INFO:root:COST >> 0.5176 +/- 0.0178, % updates: 24.737%
INFO:root:-- EPOCH 14 (5.63 seconds):
INFO:root:COST >> 0.5143 +/- 0.0168, % updates: 24.675%
INFO:root:-- EPOCH 15 (6.518 seconds):
INFO:root:COST >> 0.5114 +/- 0.0193, % updates: 24.598%
INFO:root:-- EPOCH 16 (6.859 seconds):
INFO:root:COST >> 0.5096 +/- 0.0163, % updates: 24.612%
INFO:root:-- EPOCH 17 (6.781 seconds):
INFO:root:COST >> 0.5034 +/- 0.0147, % updates: 24.418%
INFO:root:-- EPOCH 18 (6.863 seconds):
INFO:root:COST >> 0.5036 +/- 0.0176, % updates: 24.464%
INFO:root:-- EPOCH 19 (6.828 seconds):
INFO:root:COST >> 0.5017 +/- 0.0147, % updates: 24.477%
INFO:root:-- EPOCH 20 (6.777 seconds):
INFO:root:COST >> 0.4982 +/- 0.0166, % updates: 24.421%
INFO:root:-- EPOCH 21 (6.204 seconds):
INFO:root:COST >> 0.4964 +/- 0.0146, % updates: 24.385%
INFO:root:-- EPOCH 22 (5.577 seconds):
INFO:root:COST >> 0.496 +/- 0.0136, % updates: 24.342%
INFO:root:-- EPOCH 23 (5.642 seconds):
INFO:root:COST >> 0.4916 +/- 0.016, % updates: 24.356%
INFO:root:-- EPOCH 24 (5.603 seconds):
INFO:root:COST >> 0.4908 +/- 0.0131, % updates: 24.293%
INFO:root:-- EPOCH 25 (5.576 seconds):
INFO:root:COST >> 0.4905 +/- 0.0161, % updates: 24.28%
INFO:root:-- EPOCH 26 (5.635 seconds):
INFO:root:COST >> 0.4884 +/- 0.0157, % updates: 24.237%
INFO:root:-- EPOCH 27 (5.547 seconds):
INFO:root:COST >> 0.4868 +/- 0.015, % updates: 24.208%
INFO:root:-- EPOCH 28 (5.583 seconds):
INFO:root:COST >> 0.4852 +/- 0.0134, % updates: 24.195%
INFO:root:-- EPOCH 29 (5.596 seconds):
INFO:root:COST >> 0.4856 +/- 0.0165, % updates: 24.206%
INFO:root:-- EPOCH 30 (5.582 seconds):
INFO:root:COST >> 0.4817 +/- 0.0148, % updates: 24.126%
INFO:root:-- EPOCH 31 (5.603 seconds):
INFO:root:COST >> 0.4827 +/- 0.0113, % updates: 24.134%
INFO:root:-- EPOCH 32 (5.539 seconds):
INFO:root:COST >> 0.4826 +/- 0.0145, % updates: 24.184%
INFO:root:-- EPOCH 33 (5.651 seconds):
INFO:root:COST >> 0.48 +/- 0.0136, % updates: 24.083%
INFO:root:-- EPOCH 34 (5.597 seconds):
INFO:root:COST >> 0.4788 +/- 0.0147, % updates: 24.054%
INFO:root:-- EPOCH 35 (5.635 seconds):
INFO:root:COST >> 0.4799 +/- 0.0149, % updates: 24.109%
INFO:root:-- EPOCH 36 (5.518 seconds):
INFO:root:COST >> 0.4784 +/- 0.013, % updates: 24.044%
INFO:root:-- EPOCH 37 (5.608 seconds):
INFO:root:COST >> 0.479 +/- 0.0127, % updates: 24.135%
INFO:root:-- EPOCH 38 (5.539 seconds):
INFO:root:COST >> 0.477 +/- 0.013, % updates: 24.109%
INFO:root:-- EPOCH 39 (5.568 seconds):
INFO:root:COST >> 0.4775 +/- 0.0137, % updates: 24.061%
INFO:root:-- EPOCH 40 (5.595 seconds):
INFO:root:COST >> 0.4764 +/- 0.0128, % updates: 24.147%
INFO:root:-- EPOCH 41 (5.621 seconds):
INFO:root:COST >> 0.4767 +/- 0.0142, % updates: 24.149%
INFO:root:-- EPOCH 42 (5.583 seconds):
INFO:root:COST >> 0.476 +/- 0.0139, % updates: 24.099%
INFO:root:-- EPOCH 43 (5.658 seconds):
INFO:root:COST >> 0.4764 +/- 0.0125, % updates: 24.118%
INFO:root:-- EPOCH 44 (5.593 seconds):
INFO:root:COST >> 0.4757 +/- 0.0127, % updates: 24.081%
INFO:root:-- EPOCH 45 (5.631 seconds):
INFO:root:COST >> 0.4745 +/- 0.0118, % updates: 24.069%
INFO:root:-- EPOCH 46 (5.57 seconds):
INFO:root:COST >> 0.4731 +/- 0.0145, % updates: 24.065%
INFO:root:-- EPOCH 47 (5.611 seconds):
INFO:root:COST >> 0.4727 +/- 0.0115, % updates: 24.047%
INFO:root:-- EPOCH 48 (5.575 seconds):
INFO:root:COST >> 0.4727 +/- 0.0134, % updates: 24.029%
INFO:root:-- EPOCH 49 (5.547 seconds):
INFO:root:COST >> 0.4719 +/- 0.0131, % updates: 24.024%
INFO:root:-- EPOCH 50 (5.623 seconds):
INFO:root:COST >> 0.4719 +/- 0.0108, % updates: 24.0%
