INFO:root:Shape for training set: (16296, 483142)
INFO:root:State: {'ndim': '50', 'test_all': 'None', 'test_path': 'None', 'nhid': '50', 'lremb': '1.0', 'seed': '0', 'simfn': 'L1', 'valid_path': 'None', 'nbatches': '10', 'lrparam': '1.0', 'decay': '0.9999', 'show_hinton_diagrams': 'False', 'no_rescaling': 'True', 'Nrel': '1345', 'ranking_score_right': 'False', 'Nent': '16296', 'Nsyn': '14951', 'method': 'MOMENTUM', 'loss_margin': '1.0', 'C': '1.0', 'epsilon': '1e-06', 'use_db': 'True', 'max_lr': 'None', 'l1_param_weight': 'None', 'filtered': 'False', 'name': 'fb15k_50/fb15k_MOMENTUM_300', 'totepochs': '50', 'l2_param_weight': 'None', 'train_path': 'data/fb15k/FB15k-train.pkl', 'op': 'TransE'}
INFO:root:Starting the Experiment ..
INFO:root:-- EPOCH 1 (5.968 seconds):
INFO:root:COST >> 1.4856 +/- 0.731, % updates: 47.708%
INFO:root:-- EPOCH 2 (5.945 seconds):
INFO:root:COST >> 0.7984 +/- 0.0141, % updates: 30.676%
INFO:root:-- EPOCH 3 (5.022 seconds):
INFO:root:COST >> 0.6949 +/- 0.0209, % updates: 28.428%
INFO:root:-- EPOCH 4 (5.872 seconds):
INFO:root:COST >> 0.6456 +/- 0.0211, % updates: 27.376%
INFO:root:-- EPOCH 5 (5.886 seconds):
INFO:root:COST >> 0.6153 +/- 0.0236, % updates: 26.796%
INFO:root:-- EPOCH 6 (5.906 seconds):
INFO:root:COST >> 0.5954 +/- 0.0192, % updates: 26.424%
INFO:root:-- EPOCH 7 (5.924 seconds):
INFO:root:COST >> 0.5779 +/- 0.0229, % updates: 26.143%
INFO:root:-- EPOCH 8 (5.922 seconds):
INFO:root:COST >> 0.5669 +/- 0.0198, % updates: 25.935%
INFO:root:-- EPOCH 9 (5.939 seconds):
INFO:root:COST >> 0.5575 +/- 0.0153, % updates: 25.812%
INFO:root:-- EPOCH 10 (5.955 seconds):
INFO:root:COST >> 0.5475 +/- 0.0186, % updates: 25.562%
INFO:root:-- EPOCH 11 (5.906 seconds):
INFO:root:COST >> 0.5426 +/- 0.019, % updates: 25.486%
INFO:root:-- EPOCH 12 (5.836 seconds):
INFO:root:COST >> 0.5367 +/- 0.0181, % updates: 25.408%
INFO:root:-- EPOCH 13 (6.27 seconds):
INFO:root:COST >> 0.5309 +/- 0.018, % updates: 25.328%
INFO:root:-- EPOCH 14 (6.049 seconds):
INFO:root:COST >> 0.5258 +/- 0.0153, % updates: 25.258%
INFO:root:-- EPOCH 15 (6.165 seconds):
INFO:root:COST >> 0.5205 +/- 0.0166, % updates: 25.18%
INFO:root:-- EPOCH 16 (5.996 seconds):
INFO:root:COST >> 0.517 +/- 0.0158, % updates: 25.107%
INFO:root:-- EPOCH 17 (5.971 seconds):
INFO:root:COST >> 0.5146 +/- 0.0128, % updates: 25.082%
INFO:root:-- EPOCH 18 (6.125 seconds):
INFO:root:COST >> 0.5117 +/- 0.0141, % updates: 25.039%
INFO:root:-- EPOCH 19 (5.906 seconds):
INFO:root:COST >> 0.5097 +/- 0.0144, % updates: 24.961%
INFO:root:-- EPOCH 20 (5.879 seconds):
INFO:root:COST >> 0.5061 +/- 0.0144, % updates: 24.943%
INFO:root:-- EPOCH 21 (5.871 seconds):
INFO:root:COST >> 0.5045 +/- 0.013, % updates: 24.931%
INFO:root:-- EPOCH 22 (5.908 seconds):
INFO:root:COST >> 0.5022 +/- 0.0141, % updates: 24.918%
INFO:root:-- EPOCH 23 (5.848 seconds):
INFO:root:COST >> 0.5001 +/- 0.0137, % updates: 24.873%
INFO:root:-- EPOCH 24 (5.891 seconds):
INFO:root:COST >> 0.4987 +/- 0.0133, % updates: 24.839%
INFO:root:-- EPOCH 25 (5.896 seconds):
INFO:root:COST >> 0.4968 +/- 0.0137, % updates: 24.886%
INFO:root:-- EPOCH 26 (5.846 seconds):
INFO:root:COST >> 0.4941 +/- 0.0107, % updates: 24.778%
INFO:root:-- EPOCH 27 (5.913 seconds):
INFO:root:COST >> 0.4923 +/- 0.0144, % updates: 24.764%
INFO:root:-- EPOCH 28 (5.848 seconds):
INFO:root:COST >> 0.4912 +/- 0.0138, % updates: 24.753%
INFO:root:-- EPOCH 29 (5.887 seconds):
INFO:root:COST >> 0.4899 +/- 0.0139, % updates: 24.732%
INFO:root:-- EPOCH 30 (5.872 seconds):
INFO:root:COST >> 0.4891 +/- 0.012, % updates: 24.728%
INFO:root:-- EPOCH 31 (5.915 seconds):
INFO:root:COST >> 0.4859 +/- 0.0133, % updates: 24.684%
INFO:root:-- EPOCH 32 (5.882 seconds):
INFO:root:COST >> 0.4884 +/- 0.0121, % updates: 24.759%
INFO:root:-- EPOCH 33 (5.888 seconds):
INFO:root:COST >> 0.4859 +/- 0.0139, % updates: 24.714%
INFO:root:-- EPOCH 34 (5.918 seconds):
INFO:root:COST >> 0.4846 +/- 0.0119, % updates: 24.659%
INFO:root:-- EPOCH 35 (5.905 seconds):
INFO:root:COST >> 0.4837 +/- 0.013, % updates: 24.631%
INFO:root:-- EPOCH 36 (5.873 seconds):
INFO:root:COST >> 0.4815 +/- 0.0136, % updates: 24.69%
INFO:root:-- EPOCH 37 (5.928 seconds):
INFO:root:COST >> 0.4801 +/- 0.011, % updates: 24.58%
INFO:root:-- EPOCH 38 (5.883 seconds):
INFO:root:COST >> 0.4806 +/- 0.013, % updates: 24.634%
INFO:root:-- EPOCH 39 (5.906 seconds):
INFO:root:COST >> 0.4811 +/- 0.0118, % updates: 24.668%
INFO:root:-- EPOCH 40 (5.868 seconds):
INFO:root:COST >> 0.4774 +/- 0.0108, % updates: 24.535%
INFO:root:-- EPOCH 41 (5.927 seconds):
INFO:root:COST >> 0.4785 +/- 0.0116, % updates: 24.578%
INFO:root:-- EPOCH 42 (5.854 seconds):
INFO:root:COST >> 0.4793 +/- 0.0117, % updates: 24.659%
INFO:root:-- EPOCH 43 (5.898 seconds):
INFO:root:COST >> 0.4766 +/- 0.012, % updates: 24.572%
INFO:root:-- EPOCH 44 (5.848 seconds):
INFO:root:COST >> 0.4754 +/- 0.0103, % updates: 24.567%
INFO:root:-- EPOCH 45 (5.886 seconds):
INFO:root:COST >> 0.4754 +/- 0.0114, % updates: 24.592%
INFO:root:-- EPOCH 46 (5.917 seconds):
INFO:root:COST >> 0.4754 +/- 0.0105, % updates: 24.573%
INFO:root:-- EPOCH 47 (5.899 seconds):
INFO:root:COST >> 0.4748 +/- 0.01, % updates: 24.569%
INFO:root:-- EPOCH 48 (5.91 seconds):
INFO:root:COST >> 0.4744 +/- 0.0097, % updates: 24.589%
INFO:root:-- EPOCH 49 (5.857 seconds):
INFO:root:COST >> 0.4727 +/- 0.009, % updates: 24.597%
INFO:root:-- EPOCH 50 (5.871 seconds):
INFO:root:COST >> 0.4725 +/- 0.0094, % updates: 24.556%
