INFO:root:Shape for training set: (16296, 483142)
INFO:root:State: {'ndim': '50', 'test_all': 'None', 'test_path': 'None', 'nhid': '50', 'lremb': '0.1', 'seed': '0', 'simfn': 'L1', 'valid_path': 'None', 'nbatches': '10', 'lrparam': '0.1', 'decay': '0.99', 'show_hinton_diagrams': 'False', 'no_rescaling': 'True', 'Nrel': '1345', 'ranking_score_right': 'False', 'Nent': '16296', 'Nsyn': '14951', 'method': 'MOMENTUM', 'loss_margin': '1.0', 'C': '1.0', 'epsilon': '1e-06', 'use_db': 'True', 'max_lr': 'None', 'l1_param_weight': 'None', 'filtered': 'False', 'name': 'fb15k_50/fb15k_MOMENTUM_270', 'totepochs': '50', 'l2_param_weight': 'None', 'train_path': 'data/fb15k/FB15k-train.pkl', 'op': 'TransE'}
INFO:root:Starting the Experiment ..
INFO:root:-- EPOCH 1 (5.638 seconds):
INFO:root:COST >> 1.4768 +/- 0.7151, % updates: 48.118%
INFO:root:-- EPOCH 2 (5.573 seconds):
INFO:root:COST >> 0.7885 +/- 0.0174, % updates: 30.535%
INFO:root:-- EPOCH 3 (5.058 seconds):
INFO:root:COST >> 0.6965 +/- 0.0252, % updates: 28.355%
INFO:root:-- EPOCH 4 (6.227 seconds):
INFO:root:COST >> 0.6587 +/- 0.0268, % updates: 27.498%
INFO:root:-- EPOCH 5 (6.616 seconds):
INFO:root:COST >> 0.6347 +/- 0.0287, % updates: 27.036%
INFO:root:-- EPOCH 6 (5.617 seconds):
INFO:root:COST >> 0.6209 +/- 0.0251, % updates: 26.767%
INFO:root:-- EPOCH 7 (5.635 seconds):
INFO:root:COST >> 0.6095 +/- 0.0289, % updates: 26.583%
INFO:root:-- EPOCH 8 (6.292 seconds):
INFO:root:COST >> 0.603 +/- 0.0285, % updates: 26.335%
INFO:root:-- EPOCH 9 (6.09 seconds):
INFO:root:COST >> 0.5969 +/- 0.0228, % updates: 26.384%
INFO:root:-- EPOCH 10 (5.585 seconds):
INFO:root:COST >> 0.5918 +/- 0.0263, % updates: 26.189%
INFO:root:-- EPOCH 11 (5.584 seconds):
INFO:root:COST >> 0.5907 +/- 0.0272, % updates: 26.21%
INFO:root:-- EPOCH 12 (5.664 seconds):
INFO:root:COST >> 0.5881 +/- 0.0255, % updates: 26.196%
INFO:root:-- EPOCH 13 (5.637 seconds):
INFO:root:COST >> 0.5843 +/- 0.0282, % updates: 26.123%
INFO:root:-- EPOCH 14 (5.628 seconds):
INFO:root:COST >> 0.5841 +/- 0.0242, % updates: 26.143%
INFO:root:-- EPOCH 15 (5.639 seconds):
INFO:root:COST >> 0.5824 +/- 0.0253, % updates: 26.094%
INFO:root:-- EPOCH 16 (5.565 seconds):
INFO:root:COST >> 0.58 +/- 0.0261, % updates: 26.054%
INFO:root:-- EPOCH 17 (5.593 seconds):
INFO:root:COST >> 0.5802 +/- 0.0236, % updates: 26.049%
INFO:root:-- EPOCH 18 (5.621 seconds):
INFO:root:COST >> 0.5781 +/- 0.0246, % updates: 26.0%
INFO:root:-- EPOCH 19 (5.584 seconds):
INFO:root:COST >> 0.5798 +/- 0.0246, % updates: 26.025%
INFO:root:-- EPOCH 20 (5.66 seconds):
INFO:root:COST >> 0.578 +/- 0.0256, % updates: 26.034%
INFO:root:-- EPOCH 21 (5.578 seconds):
INFO:root:COST >> 0.5788 +/- 0.0257, % updates: 26.029%
INFO:root:-- EPOCH 22 (5.572 seconds):
INFO:root:COST >> 0.5773 +/- 0.0259, % updates: 25.999%
INFO:root:-- EPOCH 23 (5.601 seconds):
INFO:root:COST >> 0.5773 +/- 0.0248, % updates: 25.986%
INFO:root:-- EPOCH 24 (5.559 seconds):
INFO:root:COST >> 0.5763 +/- 0.026, % updates: 25.94%
INFO:root:-- EPOCH 25 (5.628 seconds):
INFO:root:COST >> 0.5761 +/- 0.0236, % updates: 26.032%
INFO:root:-- EPOCH 26 (5.556 seconds):
INFO:root:COST >> 0.5765 +/- 0.0239, % updates: 26.006%
INFO:root:-- EPOCH 27 (5.581 seconds):
INFO:root:COST >> 0.5743 +/- 0.026, % updates: 25.977%
INFO:root:-- EPOCH 28 (5.547 seconds):
INFO:root:COST >> 0.574 +/- 0.027, % updates: 25.962%
INFO:root:-- EPOCH 29 (5.624 seconds):
INFO:root:COST >> 0.5754 +/- 0.0253, % updates: 25.986%
INFO:root:-- EPOCH 30 (5.586 seconds):
INFO:root:COST >> 0.5759 +/- 0.0256, % updates: 26.009%
INFO:root:-- EPOCH 31 (5.638 seconds):
INFO:root:COST >> 0.574 +/- 0.0268, % updates: 26.025%
INFO:root:-- EPOCH 32 (6.572 seconds):
INFO:root:COST >> 0.5776 +/- 0.0244, % updates: 26.072%
INFO:root:-- EPOCH 33 (5.554 seconds):
INFO:root:COST >> 0.5747 +/- 0.0274, % updates: 25.944%
INFO:root:-- EPOCH 34 (5.607 seconds):
INFO:root:COST >> 0.5762 +/- 0.0266, % updates: 26.048%
INFO:root:-- EPOCH 35 (5.524 seconds):
INFO:root:COST >> 0.5748 +/- 0.0249, % updates: 26.026%
INFO:root:-- EPOCH 36 (5.621 seconds):
INFO:root:COST >> 0.5752 +/- 0.0271, % updates: 26.044%
INFO:root:-- EPOCH 37 (5.578 seconds):
INFO:root:COST >> 0.5738 +/- 0.0226, % updates: 25.926%
INFO:root:-- EPOCH 38 (5.597 seconds):
INFO:root:COST >> 0.5738 +/- 0.0275, % updates: 25.944%
INFO:root:-- EPOCH 39 (6.25 seconds):
INFO:root:COST >> 0.5773 +/- 0.0236, % updates: 26.073%
INFO:root:-- EPOCH 40 (5.628 seconds):
INFO:root:COST >> 0.5729 +/- 0.024, % updates: 25.904%
INFO:root:-- EPOCH 41 (5.564 seconds):
INFO:root:COST >> 0.5741 +/- 0.0253, % updates: 25.94%
INFO:root:-- EPOCH 42 (5.595 seconds):
INFO:root:COST >> 0.5774 +/- 0.0259, % updates: 26.011%
INFO:root:-- EPOCH 43 (5.575 seconds):
INFO:root:COST >> 0.5742 +/- 0.0259, % updates: 26.017%
INFO:root:-- EPOCH 44 (5.646 seconds):
INFO:root:COST >> 0.5739 +/- 0.0221, % updates: 25.973%
INFO:root:-- EPOCH 45 (5.534 seconds):
INFO:root:COST >> 0.5747 +/- 0.0265, % updates: 25.952%
INFO:root:-- EPOCH 46 (5.644 seconds):
INFO:root:COST >> 0.5743 +/- 0.0257, % updates: 25.984%
INFO:root:-- EPOCH 47 (5.626 seconds):
INFO:root:COST >> 0.5769 +/- 0.0236, % updates: 26.009%
INFO:root:-- EPOCH 48 (5.55 seconds):
INFO:root:COST >> 0.5756 +/- 0.0234, % updates: 25.966%
INFO:root:-- EPOCH 49 (5.604 seconds):
INFO:root:COST >> 0.5752 +/- 0.0243, % updates: 26.008%
INFO:root:-- EPOCH 50 (5.525 seconds):
INFO:root:COST >> 0.5748 +/- 0.0233, % updates: 25.978%
