INFO:root:Shape for training set: (16296, 483142)
INFO:root:State: {'ndim': '50', 'test_all': 'None', 'test_path': 'None', 'nhid': '50', 'lremb': '0.01', 'seed': '6', 'simfn': 'L1', 'valid_path': 'None', 'nbatches': '10', 'lrparam': '0.01', 'decay': '0.9', 'show_hinton_diagrams': 'False', 'no_rescaling': 'True', 'Nrel': '1345', 'ranking_score_right': 'False', 'Nent': '16296', 'Nsyn': '14951', 'method': 'MOMENTUM', 'loss_margin': '1.0', 'C': '1.0', 'epsilon': '1e-06', 'use_db': 'True', 'max_lr': 'None', 'l1_param_weight': 'None', 'filtered': 'False', 'name': 'fb15k_50/fb15k_MOMENTUM_236', 'totepochs': '50', 'l2_param_weight': 'None', 'train_path': 'data/fb15k/FB15k-train.pkl', 'op': 'TransE'}
INFO:root:Starting the Experiment ..
INFO:root:-- EPOCH 1 (5.641 seconds):
INFO:root:COST >> 1.3004 +/- 0.6354, % updates: 47.125%
INFO:root:-- EPOCH 2 (5.586 seconds):
INFO:root:COST >> 0.5719 +/- 0.0091, % updates: 22.71%
INFO:root:-- EPOCH 3 (4.746 seconds):
INFO:root:COST >> 0.5401 +/- 0.0345, % updates: 20.811%
INFO:root:-- EPOCH 4 (5.587 seconds):
INFO:root:COST >> 0.5538 +/- 0.0352, % updates: 20.796%
INFO:root:-- EPOCH 5 (5.85 seconds):
INFO:root:COST >> 0.5592 +/- 0.0347, % updates: 20.864%
INFO:root:-- EPOCH 6 (5.972 seconds):
INFO:root:COST >> 0.565 +/- 0.0363, % updates: 20.879%
INFO:root:-- EPOCH 7 (5.617 seconds):
INFO:root:COST >> 0.5642 +/- 0.0347, % updates: 20.755%
INFO:root:-- EPOCH 8 (5.6 seconds):
INFO:root:COST >> 0.567 +/- 0.033, % updates: 20.833%
INFO:root:-- EPOCH 9 (5.572 seconds):
INFO:root:COST >> 0.5668 +/- 0.0376, % updates: 20.916%
INFO:root:-- EPOCH 10 (5.562 seconds):
INFO:root:COST >> 0.5676 +/- 0.0313, % updates: 20.819%
INFO:root:-- EPOCH 11 (5.579 seconds):
INFO:root:COST >> 0.569 +/- 0.0343, % updates: 20.796%
INFO:root:-- EPOCH 12 (5.543 seconds):
INFO:root:COST >> 0.5663 +/- 0.0332, % updates: 20.832%
INFO:root:-- EPOCH 13 (5.624 seconds):
INFO:root:COST >> 0.5651 +/- 0.0332, % updates: 20.78%
INFO:root:-- EPOCH 14 (5.606 seconds):
INFO:root:COST >> 0.568 +/- 0.0325, % updates: 20.861%
INFO:root:-- EPOCH 15 (5.666 seconds):
INFO:root:COST >> 0.5633 +/- 0.034, % updates: 20.727%
INFO:root:-- EPOCH 16 (5.601 seconds):
INFO:root:COST >> 0.5682 +/- 0.0363, % updates: 20.818%
INFO:root:-- EPOCH 17 (5.622 seconds):
INFO:root:COST >> 0.5668 +/- 0.0354, % updates: 20.794%
INFO:root:-- EPOCH 18 (5.594 seconds):
INFO:root:COST >> 0.5708 +/- 0.0358, % updates: 20.884%
INFO:root:-- EPOCH 19 (5.645 seconds):
INFO:root:COST >> 0.5694 +/- 0.0333, % updates: 20.839%
INFO:root:-- EPOCH 20 (5.597 seconds):
INFO:root:COST >> 0.5695 +/- 0.0345, % updates: 20.915%
INFO:root:-- EPOCH 21 (5.577 seconds):
INFO:root:COST >> 0.5711 +/- 0.0356, % updates: 20.894%
INFO:root:-- EPOCH 22 (5.637 seconds):
INFO:root:COST >> 0.569 +/- 0.0356, % updates: 20.861%
INFO:root:-- EPOCH 23 (5.57 seconds):
INFO:root:COST >> 0.5707 +/- 0.0345, % updates: 20.935%
INFO:root:-- EPOCH 24 (5.6 seconds):
INFO:root:COST >> 0.5729 +/- 0.0306, % updates: 20.95%
INFO:root:-- EPOCH 25 (5.603 seconds):
INFO:root:COST >> 0.5734 +/- 0.0355, % updates: 20.957%
INFO:root:-- EPOCH 26 (5.588 seconds):
INFO:root:COST >> 0.5737 +/- 0.0308, % updates: 20.96%
INFO:root:-- EPOCH 27 (5.536 seconds):
INFO:root:COST >> 0.5722 +/- 0.0349, % updates: 20.911%
INFO:root:-- EPOCH 28 (5.54 seconds):
INFO:root:COST >> 0.5729 +/- 0.0365, % updates: 20.981%
INFO:root:-- EPOCH 29 (5.583 seconds):
INFO:root:COST >> 0.5728 +/- 0.0367, % updates: 20.91%
INFO:root:-- EPOCH 30 (5.587 seconds):
INFO:root:COST >> 0.5723 +/- 0.0354, % updates: 20.922%
INFO:root:-- EPOCH 31 (5.596 seconds):
INFO:root:COST >> 0.5731 +/- 0.0323, % updates: 20.982%
INFO:root:-- EPOCH 32 (5.599 seconds):
INFO:root:COST >> 0.5766 +/- 0.0353, % updates: 20.995%
INFO:root:-- EPOCH 33 (6.019 seconds):
INFO:root:COST >> 0.5759 +/- 0.0363, % updates: 21.13%
INFO:root:-- EPOCH 34 (5.613 seconds):
INFO:root:COST >> 0.5754 +/- 0.0329, % updates: 21.07%
INFO:root:-- EPOCH 35 (5.656 seconds):
INFO:root:COST >> 0.5749 +/- 0.0335, % updates: 21.025%
INFO:root:-- EPOCH 36 (5.649 seconds):
INFO:root:COST >> 0.5735 +/- 0.0342, % updates: 20.965%
INFO:root:-- EPOCH 37 (5.621 seconds):
INFO:root:COST >> 0.5762 +/- 0.0371, % updates: 20.956%
INFO:root:-- EPOCH 38 (5.593 seconds):
INFO:root:COST >> 0.5761 +/- 0.0317, % updates: 21.068%
INFO:root:-- EPOCH 39 (5.608 seconds):
INFO:root:COST >> 0.5742 +/- 0.0342, % updates: 20.985%
INFO:root:-- EPOCH 40 (5.594 seconds):
INFO:root:COST >> 0.5745 +/- 0.0355, % updates: 21.046%
INFO:root:-- EPOCH 41 (5.624 seconds):
INFO:root:COST >> 0.5763 +/- 0.034, % updates: 21.041%
INFO:root:-- EPOCH 42 (5.602 seconds):
INFO:root:COST >> 0.5727 +/- 0.0329, % updates: 20.971%
INFO:root:-- EPOCH 43 (5.622 seconds):
INFO:root:COST >> 0.575 +/- 0.0324, % updates: 21.005%
INFO:root:-- EPOCH 44 (5.611 seconds):
INFO:root:COST >> 0.577 +/- 0.0369, % updates: 21.042%
INFO:root:-- EPOCH 45 (5.632 seconds):
INFO:root:COST >> 0.5747 +/- 0.0368, % updates: 21.049%
INFO:root:-- EPOCH 46 (5.552 seconds):
INFO:root:COST >> 0.575 +/- 0.0312, % updates: 21.008%
INFO:root:-- EPOCH 47 (5.601 seconds):
INFO:root:COST >> 0.573 +/- 0.0301, % updates: 20.969%
INFO:root:-- EPOCH 48 (5.641 seconds):
INFO:root:COST >> 0.5732 +/- 0.0382, % updates: 20.947%
INFO:root:-- EPOCH 49 (5.612 seconds):
INFO:root:COST >> 0.5755 +/- 0.0365, % updates: 21.058%
INFO:root:-- EPOCH 50 (5.61 seconds):
INFO:root:COST >> 0.5758 +/- 0.0322, % updates: 21.015%
