INFO:root:Shape for training set: (16296, 483142)
INFO:root:State: {'ndim': '50', 'test_all': 'None', 'test_path': 'None', 'nhid': '50', 'lremb': '0.0001', 'seed': '0', 'simfn': 'L1', 'valid_path': 'None', 'nbatches': '10', 'lrparam': '0.0001', 'decay': '0.9', 'show_hinton_diagrams': 'False', 'no_rescaling': 'True', 'Nrel': '1345', 'ranking_score_right': 'False', 'Nent': '16296', 'Nsyn': '14951', 'method': 'MOMENTUM', 'loss_margin': '1.0', 'C': '1.0', 'epsilon': '1e-06', 'use_db': 'True', 'max_lr': 'None', 'l1_param_weight': 'None', 'filtered': 'False', 'name': 'fb15k_50/fb15k_MOMENTUM_130', 'totepochs': '50', 'l2_param_weight': 'None', 'train_path': 'data/fb15k/FB15k-train.pkl', 'op': 'TransE'}
INFO:root:Starting the Experiment ..
INFO:root:-- EPOCH 1 (5.689 seconds):
INFO:root:COST >> 1.967 +/- 0.1352, % updates: 75.312%
INFO:root:-- EPOCH 2 (5.654 seconds):
INFO:root:COST >> 1.5107 +/- 0.1109, % updates: 62.335%
INFO:root:-- EPOCH 3 (5.593 seconds):
INFO:root:COST >> 1.1255 +/- 0.0901, % updates: 50.595%
INFO:root:-- EPOCH 4 (5.626 seconds):
INFO:root:COST >> 0.8142 +/- 0.0733, % updates: 40.297%
INFO:root:-- EPOCH 5 (5.634 seconds):
INFO:root:COST >> 0.5761 +/- 0.051, % updates: 31.147%
INFO:root:-- EPOCH 6 (5.654 seconds):
INFO:root:COST >> 0.4212 +/- 0.0299, % updates: 24.287%
INFO:root:-- EPOCH 7 (5.607 seconds):
INFO:root:COST >> 0.3268 +/- 0.0188, % updates: 19.709%
INFO:root:-- EPOCH 8 (5.611 seconds):
INFO:root:COST >> 0.2683 +/- 0.0129, % updates: 16.698%
INFO:root:-- EPOCH 9 (5.548 seconds):
INFO:root:COST >> 0.2284 +/- 0.0081, % updates: 14.626%
INFO:root:-- EPOCH 10 (5.578 seconds):
INFO:root:COST >> 0.2009 +/- 0.0062, % updates: 13.112%
INFO:root:-- EPOCH 11 (5.594 seconds):
INFO:root:COST >> 0.1802 +/- 0.0049, % updates: 11.963%
INFO:root:-- EPOCH 12 (5.603 seconds):
INFO:root:COST >> 0.1649 +/- 0.0027, % updates: 11.084%
INFO:root:-- EPOCH 13 (5.635 seconds):
INFO:root:COST >> 0.1527 +/- 0.0031, % updates: 10.368%
INFO:root:-- EPOCH 14 (5.585 seconds):
INFO:root:COST >> 0.1419 +/- 0.0035, % updates: 9.764%
INFO:root:-- EPOCH 15 (5.598 seconds):
INFO:root:COST >> 0.1355 +/- 0.0026, % updates: 9.32%
INFO:root:-- EPOCH 16 (5.565 seconds):
INFO:root:COST >> 0.1281 +/- 0.0019, % updates: 8.874%
INFO:root:-- EPOCH 17 (5.539 seconds):
INFO:root:COST >> 0.122 +/- 0.0022, % updates: 8.512%
INFO:root:-- EPOCH 18 (5.62 seconds):
INFO:root:COST >> 0.1176 +/- 0.0013, % updates: 8.222%
INFO:root:-- EPOCH 19 (5.572 seconds):
INFO:root:COST >> 0.1122 +/- 0.0015, % updates: 7.917%
INFO:root:-- EPOCH 20 (5.618 seconds):
INFO:root:COST >> 0.1097 +/- 0.0019, % updates: 7.682%
INFO:root:-- EPOCH 21 (5.52 seconds):
INFO:root:COST >> 0.1064 +/- 0.001, % updates: 7.524%
INFO:root:-- EPOCH 22 (5.607 seconds):
INFO:root:COST >> 0.1033 +/- 0.0014, % updates: 7.295%
INFO:root:-- EPOCH 23 (5.595 seconds):
INFO:root:COST >> 0.0998 +/- 0.002, % updates: 7.081%
INFO:root:-- EPOCH 24 (5.588 seconds):
INFO:root:COST >> 0.0971 +/- 0.0012, % updates: 6.9%
INFO:root:-- EPOCH 25 (5.584 seconds):
INFO:root:COST >> 0.0955 +/- 0.0011, % updates: 6.791%
INFO:root:-- EPOCH 26 (5.617 seconds):
INFO:root:COST >> 0.0928 +/- 0.0012, % updates: 6.645%
INFO:root:-- EPOCH 27 (5.541 seconds):
INFO:root:COST >> 0.0912 +/- 0.0011, % updates: 6.538%
INFO:root:-- EPOCH 28 (5.631 seconds):
INFO:root:COST >> 0.0895 +/- 0.0012, % updates: 6.414%
INFO:root:-- EPOCH 29 (5.594 seconds):
INFO:root:COST >> 0.0875 +/- 0.0013, % updates: 6.282%
INFO:root:-- EPOCH 30 (5.592 seconds):
INFO:root:COST >> 0.0868 +/- 0.0015, % updates: 6.211%
INFO:root:-- EPOCH 31 (5.587 seconds):
INFO:root:COST >> 0.0849 +/- 0.0009, % updates: 6.067%
INFO:root:-- EPOCH 32 (5.586 seconds):
INFO:root:COST >> 0.0835 +/- 0.0013, % updates: 6.017%
INFO:root:-- EPOCH 33 (5.561 seconds):
INFO:root:COST >> 0.0825 +/- 0.0008, % updates: 5.937%
INFO:root:-- EPOCH 34 (5.603 seconds):
INFO:root:COST >> 0.0812 +/- 0.001, % updates: 5.847%
INFO:root:-- EPOCH 35 (5.564 seconds):
INFO:root:COST >> 0.0798 +/- 0.0011, % updates: 5.763%
INFO:root:-- EPOCH 36 (5.584 seconds):
INFO:root:COST >> 0.079 +/- 0.0015, % updates: 5.691%
INFO:root:-- EPOCH 37 (5.572 seconds):
INFO:root:COST >> 0.0766 +/- 0.0015, % updates: 5.567%
INFO:root:-- EPOCH 38 (5.628 seconds):
INFO:root:COST >> 0.0762 +/- 0.001, % updates: 5.537%
INFO:root:-- EPOCH 39 (5.605 seconds):
INFO:root:COST >> 0.0757 +/- 0.001, % updates: 5.486%
INFO:root:-- EPOCH 40 (5.609 seconds):
INFO:root:COST >> 0.0744 +/- 0.0011, % updates: 5.379%
INFO:root:-- EPOCH 41 (5.575 seconds):
INFO:root:COST >> 0.0736 +/- 0.0015, % updates: 5.361%
INFO:root:-- EPOCH 42 (5.624 seconds):
INFO:root:COST >> 0.0739 +/- 0.0015, % updates: 5.319%
INFO:root:-- EPOCH 43 (5.56 seconds):
INFO:root:COST >> 0.0723 +/- 0.0014, % updates: 5.257%
INFO:root:-- EPOCH 44 (5.563 seconds):
INFO:root:COST >> 0.0719 +/- 0.0006, % updates: 5.216%
INFO:root:-- EPOCH 45 (5.622 seconds):
INFO:root:COST >> 0.0706 +/- 0.0015, % updates: 5.147%
INFO:root:-- EPOCH 46 (5.613 seconds):
INFO:root:COST >> 0.0693 +/- 0.0007, % updates: 5.071%
INFO:root:-- EPOCH 47 (5.573 seconds):
INFO:root:COST >> 0.0692 +/- 0.0011, % updates: 5.048%
INFO:root:-- EPOCH 48 (5.578 seconds):
INFO:root:COST >> 0.0687 +/- 0.0008, % updates: 5.009%
INFO:root:-- EPOCH 49 (5.535 seconds):
INFO:root:COST >> 0.0681 +/- 0.0012, % updates: 4.981%
INFO:root:-- EPOCH 50 (5.546 seconds):
INFO:root:COST >> 0.0677 +/- 0.0007, % updates: 4.924%
