INFO:root:Shape for training set: (16296, 483142)
INFO:root:State: {'ndim': '50', 'test_all': 'None', 'test_path': 'None', 'nhid': '50', 'lremb': '10.0', 'seed': '7', 'simfn': 'L1', 'valid_path': 'None', 'nbatches': '10', 'lrparam': '10.0', 'decay': '0.9999', 'show_hinton_diagrams': 'False', 'no_rescaling': 'True', 'Nrel': '1345', 'ranking_score_right': 'False', 'Nent': '16296', 'Nsyn': '14951', 'method': 'MOMENTUM', 'loss_margin': '1.0', 'C': '1.0', 'epsilon': '1e-06', 'use_db': 'True', 'max_lr': 'None', 'l1_param_weight': 'None', 'filtered': 'False', 'name': 'fb15k_50/fb15k_MOMENTUM_357', 'totepochs': '50', 'l2_param_weight': 'None', 'train_path': 'data/fb15k/FB15k-train.pkl', 'op': 'TransE'}
INFO:root:Starting the Experiment ..
INFO:root:-- EPOCH 1 (8.711 seconds):
INFO:root:COST >> 1.4572 +/- 0.7438, % updates: 47.078%
INFO:root:-- EPOCH 2 (8.076 seconds):
INFO:root:COST >> 0.7637 +/- 0.0108, % updates: 29.792%
INFO:root:-- EPOCH 3 (7.527 seconds):
INFO:root:COST >> 0.6686 +/- 0.0198, % updates: 27.558%
INFO:root:-- EPOCH 4 (7.211 seconds):
INFO:root:COST >> 0.6207 +/- 0.0218, % updates: 26.556%
INFO:root:-- EPOCH 5 (7.068 seconds):
INFO:root:COST >> 0.5935 +/- 0.0238, % updates: 25.954%
INFO:root:-- EPOCH 6 (7.313 seconds):
INFO:root:COST >> 0.5738 +/- 0.021, % updates: 25.536%
INFO:root:-- EPOCH 7 (7.338 seconds):
INFO:root:COST >> 0.5587 +/- 0.0192, % updates: 25.238%
INFO:root:-- EPOCH 8 (7.528 seconds):
INFO:root:COST >> 0.5485 +/- 0.0192, % updates: 25.056%
INFO:root:-- EPOCH 9 (7.119 seconds):
INFO:root:COST >> 0.5394 +/- 0.019, % updates: 24.894%
INFO:root:-- EPOCH 10 (6.973 seconds):
INFO:root:COST >> 0.5307 +/- 0.0172, % updates: 24.762%
INFO:root:-- EPOCH 11 (7.425 seconds):
INFO:root:COST >> 0.524 +/- 0.0164, % updates: 24.544%
INFO:root:-- EPOCH 12 (7.247 seconds):
INFO:root:COST >> 0.5193 +/- 0.0164, % updates: 24.496%
INFO:root:-- EPOCH 13 (7.359 seconds):
INFO:root:COST >> 0.5154 +/- 0.0166, % updates: 24.429%
INFO:root:-- EPOCH 14 (7.196 seconds):
INFO:root:COST >> 0.5099 +/- 0.0166, % updates: 24.353%
INFO:root:-- EPOCH 15 (7.346 seconds):
INFO:root:COST >> 0.5082 +/- 0.0117, % updates: 24.309%
INFO:root:-- EPOCH 16 (7.421 seconds):
INFO:root:COST >> 0.5035 +/- 0.0151, % updates: 24.213%
INFO:root:-- EPOCH 17 (7.881 seconds):
INFO:root:COST >> 0.4995 +/- 0.0155, % updates: 24.197%
INFO:root:-- EPOCH 18 (7.969 seconds):
INFO:root:COST >> 0.4972 +/- 0.0165, % updates: 24.109%
INFO:root:-- EPOCH 19 (7.536 seconds):
INFO:root:COST >> 0.4944 +/- 0.0141, % updates: 24.075%
INFO:root:-- EPOCH 20 (7.355 seconds):
INFO:root:COST >> 0.4927 +/- 0.0129, % updates: 24.09%
INFO:root:-- EPOCH 21 (7.575 seconds):
INFO:root:COST >> 0.4908 +/- 0.0142, % updates: 24.083%
INFO:root:-- EPOCH 22 (7.52 seconds):
INFO:root:COST >> 0.4894 +/- 0.0128, % updates: 24.074%
INFO:root:-- EPOCH 23 (7.573 seconds):
INFO:root:COST >> 0.4871 +/- 0.0138, % updates: 23.979%
INFO:root:-- EPOCH 24 (8.409 seconds):
INFO:root:COST >> 0.4837 +/- 0.0151, % updates: 23.923%
INFO:root:-- EPOCH 25 (8.88 seconds):
INFO:root:COST >> 0.4839 +/- 0.0093, % updates: 23.959%
INFO:root:-- EPOCH 26 (8.401 seconds):
INFO:root:COST >> 0.481 +/- 0.015, % updates: 23.922%
INFO:root:-- EPOCH 27 (8.424 seconds):
INFO:root:COST >> 0.4799 +/- 0.0121, % updates: 23.87%
INFO:root:-- EPOCH 28 (8.218 seconds):
INFO:root:COST >> 0.48 +/- 0.0126, % updates: 23.873%
INFO:root:-- EPOCH 29 (8.675 seconds):
INFO:root:COST >> 0.4799 +/- 0.0104, % updates: 23.892%
INFO:root:-- EPOCH 30 (8.837 seconds):
INFO:root:COST >> 0.4779 +/- 0.0119, % updates: 23.909%
INFO:root:-- EPOCH 31 (8.117 seconds):
INFO:root:COST >> 0.4758 +/- 0.013, % updates: 23.858%
INFO:root:-- EPOCH 32 (7.413 seconds):
INFO:root:COST >> 0.4741 +/- 0.0103, % updates: 23.786%
INFO:root:-- EPOCH 33 (7.576 seconds):
INFO:root:COST >> 0.4738 +/- 0.0125, % updates: 23.846%
INFO:root:-- EPOCH 34 (7.92 seconds):
INFO:root:COST >> 0.471 +/- 0.0118, % updates: 23.768%
INFO:root:-- EPOCH 35 (7.371 seconds):
INFO:root:COST >> 0.4722 +/- 0.0106, % updates: 23.782%
INFO:root:-- EPOCH 36 (6.957 seconds):
INFO:root:COST >> 0.4714 +/- 0.0124, % updates: 23.756%
INFO:root:-- EPOCH 37 (7.456 seconds):
INFO:root:COST >> 0.469 +/- 0.0074, % updates: 23.781%
INFO:root:-- EPOCH 38 (7.279 seconds):
INFO:root:COST >> 0.4676 +/- 0.0128, % updates: 23.727%
INFO:root:-- EPOCH 39 (7.103 seconds):
INFO:root:COST >> 0.4673 +/- 0.0119, % updates: 23.728%
INFO:root:-- EPOCH 40 (7.391 seconds):
INFO:root:COST >> 0.4679 +/- 0.0105, % updates: 23.73%
INFO:root:-- EPOCH 41 (7.586 seconds):
INFO:root:COST >> 0.467 +/- 0.0132, % updates: 23.75%
INFO:root:-- EPOCH 42 (7.377 seconds):
INFO:root:COST >> 0.466 +/- 0.0108, % updates: 23.701%
INFO:root:-- EPOCH 43 (7.142 seconds):
INFO:root:COST >> 0.4655 +/- 0.0118, % updates: 23.647%
INFO:root:-- EPOCH 44 (7.486 seconds):
INFO:root:COST >> 0.4641 +/- 0.0126, % updates: 23.705%
INFO:root:-- EPOCH 45 (7.872 seconds):
INFO:root:COST >> 0.4642 +/- 0.0091, % updates: 23.68%
INFO:root:-- EPOCH 46 (8.18 seconds):
INFO:root:COST >> 0.4643 +/- 0.0117, % updates: 23.661%
INFO:root:-- EPOCH 47 (8.389 seconds):
INFO:root:COST >> 0.4639 +/- 0.0097, % updates: 23.684%
INFO:root:-- EPOCH 48 (8.55 seconds):
INFO:root:COST >> 0.4618 +/- 0.0099, % updates: 23.689%
INFO:root:-- EPOCH 49 (7.581 seconds):
INFO:root:COST >> 0.4627 +/- 0.0094, % updates: 23.677%
INFO:root:-- EPOCH 50 (8.142 seconds):
INFO:root:COST >> 0.4599 +/- 0.0122, % updates: 23.643%
