INFO:root:Shape for training set: (16296, 483142)
INFO:root:State: {'ndim': '50', 'test_all': 'None', 'test_path': 'None', 'nhid': '50', 'lremb': '1e-05', 'seed': '7', 'simfn': 'L1', 'valid_path': 'None', 'nbatches': '10', 'lrparam': '1e-05', 'decay': '0.9999', 'show_hinton_diagrams': 'False', 'no_rescaling': 'True', 'Nrel': '1345', 'ranking_score_right': 'False', 'Nent': '16296', 'Nsyn': '14951', 'method': 'MOMENTUM', 'loss_margin': '1.0', 'C': '1.0', 'epsilon': '1e-06', 'use_db': 'True', 'max_lr': 'None', 'l1_param_weight': 'None', 'filtered': 'False', 'name': 'fb15k_50/fb15k_MOMENTUM_57', 'totepochs': '50', 'l2_param_weight': 'None', 'train_path': 'data/fb15k/FB15k-train.pkl', 'op': 'TransE'}
INFO:root:Starting the Experiment ..
INFO:root:-- EPOCH 1 (6.721 seconds):
INFO:root:COST >> 2.1451 +/- 0.0542, % updates: 80.017%
INFO:root:-- EPOCH 2 (6.525 seconds):
INFO:root:COST >> 1.9448 +/- 0.0454, % updates: 75.178%
INFO:root:-- EPOCH 3 (7.461 seconds):
INFO:root:COST >> 1.7957 +/- 0.049, % updates: 71.072%
INFO:root:-- EPOCH 4 (7.301 seconds):
INFO:root:COST >> 1.613 +/- 0.0505, % updates: 65.586%
INFO:root:-- EPOCH 5 (6.835 seconds):
INFO:root:COST >> 1.4249 +/- 0.0449, % updates: 59.421%
INFO:root:-- EPOCH 6 (7.285 seconds):
INFO:root:COST >> 1.2681 +/- 0.0423, % updates: 54.169%
INFO:root:-- EPOCH 7 (6.406 seconds):
INFO:root:COST >> 1.1132 +/- 0.0424, % updates: 49.151%
INFO:root:-- EPOCH 8 (6.692 seconds):
INFO:root:COST >> 0.9618 +/- 0.0411, % updates: 44.012%
INFO:root:-- EPOCH 9 (6.159 seconds):
INFO:root:COST >> 0.82 +/- 0.0368, % updates: 38.901%
INFO:root:-- EPOCH 10 (6.277 seconds):
INFO:root:COST >> 0.6948 +/- 0.0306, % updates: 33.956%
INFO:root:-- EPOCH 11 (6.647 seconds):
INFO:root:COST >> 0.5946 +/- 0.028, % updates: 29.724%
INFO:root:-- EPOCH 12 (6.583 seconds):
INFO:root:COST >> 0.5144 +/- 0.022, % updates: 26.142%
INFO:root:-- EPOCH 13 (6.64 seconds):
INFO:root:COST >> 0.4522 +/- 0.017, % updates: 23.33%
INFO:root:-- EPOCH 14 (6.402 seconds):
INFO:root:COST >> 0.4059 +/- 0.0108, % updates: 21.127%
INFO:root:-- EPOCH 15 (6.455 seconds):
INFO:root:COST >> 0.3734 +/- 0.0079, % updates: 19.408%
INFO:root:-- EPOCH 16 (6.883 seconds):
INFO:root:COST >> 0.3451 +/- 0.0079, % updates: 18.052%
INFO:root:-- EPOCH 17 (6.319 seconds):
INFO:root:COST >> 0.325 +/- 0.007, % updates: 17.052%
INFO:root:-- EPOCH 18 (5.941 seconds):
INFO:root:COST >> 0.307 +/- 0.0062, % updates: 16.124%
INFO:root:-- EPOCH 19 (5.923 seconds):
INFO:root:COST >> 0.2899 +/- 0.0055, % updates: 15.267%
INFO:root:-- EPOCH 20 (6.006 seconds):
INFO:root:COST >> 0.2763 +/- 0.0045, % updates: 14.541%
INFO:root:-- EPOCH 21 (5.902 seconds):
INFO:root:COST >> 0.2641 +/- 0.0047, % updates: 13.944%
INFO:root:-- EPOCH 22 (5.9 seconds):
INFO:root:COST >> 0.2522 +/- 0.0037, % updates: 13.327%
INFO:root:-- EPOCH 23 (5.887 seconds):
INFO:root:COST >> 0.2414 +/- 0.003, % updates: 12.854%
INFO:root:-- EPOCH 24 (5.878 seconds):
INFO:root:COST >> 0.2325 +/- 0.0028, % updates: 12.375%
INFO:root:-- EPOCH 25 (5.919 seconds):
INFO:root:COST >> 0.2256 +/- 0.0035, % updates: 11.993%
INFO:root:-- EPOCH 26 (5.944 seconds):
INFO:root:COST >> 0.2177 +/- 0.0011, % updates: 11.602%
INFO:root:-- EPOCH 27 (5.927 seconds):
INFO:root:COST >> 0.2104 +/- 0.0022, % updates: 11.286%
INFO:root:-- EPOCH 28 (5.9 seconds):
INFO:root:COST >> 0.2038 +/- 0.0022, % updates: 10.953%
INFO:root:-- EPOCH 29 (5.942 seconds):
INFO:root:COST >> 0.1968 +/- 0.0031, % updates: 10.601%
INFO:root:-- EPOCH 30 (5.9 seconds):
INFO:root:COST >> 0.1906 +/- 0.0025, % updates: 10.293%
INFO:root:-- EPOCH 31 (5.917 seconds):
INFO:root:COST >> 0.1859 +/- 0.0023, % updates: 10.09%
INFO:root:-- EPOCH 32 (5.91 seconds):
INFO:root:COST >> 0.1803 +/- 0.0018, % updates: 9.836%
INFO:root:-- EPOCH 33 (5.911 seconds):
INFO:root:COST >> 0.1757 +/- 0.0032, % updates: 9.62%
INFO:root:-- EPOCH 34 (5.876 seconds):
INFO:root:COST >> 0.1714 +/- 0.0024, % updates: 9.445%
INFO:root:-- EPOCH 35 (5.933 seconds):
INFO:root:COST >> 0.168 +/- 0.0029, % updates: 9.228%
INFO:root:-- EPOCH 36 (5.946 seconds):
INFO:root:COST >> 0.1631 +/- 0.0027, % updates: 9.008%
INFO:root:-- EPOCH 37 (5.908 seconds):
INFO:root:COST >> 0.1596 +/- 0.0025, % updates: 8.847%
INFO:root:-- EPOCH 38 (5.946 seconds):
INFO:root:COST >> 0.1554 +/- 0.0023, % updates: 8.67%
INFO:root:-- EPOCH 39 (5.917 seconds):
INFO:root:COST >> 0.153 +/- 0.0019, % updates: 8.521%
INFO:root:-- EPOCH 40 (5.923 seconds):
INFO:root:COST >> 0.1503 +/- 0.0023, % updates: 8.447%
INFO:root:-- EPOCH 41 (5.92 seconds):
INFO:root:COST >> 0.1481 +/- 0.0019, % updates: 8.311%
INFO:root:-- EPOCH 42 (5.864 seconds):
INFO:root:COST >> 0.1457 +/- 0.0015, % updates: 8.221%
INFO:root:-- EPOCH 43 (5.925 seconds):
INFO:root:COST >> 0.1423 +/- 0.0015, % updates: 8.024%
INFO:root:-- EPOCH 44 (5.888 seconds):
INFO:root:COST >> 0.141 +/- 0.0024, % updates: 7.93%
INFO:root:-- EPOCH 45 (5.921 seconds):
INFO:root:COST >> 0.1379 +/- 0.0024, % updates: 7.79%
INFO:root:-- EPOCH 46 (5.92 seconds):
INFO:root:COST >> 0.1364 +/- 0.0017, % updates: 7.744%
INFO:root:-- EPOCH 47 (5.915 seconds):
INFO:root:COST >> 0.1349 +/- 0.0014, % updates: 7.727%
INFO:root:-- EPOCH 48 (5.943 seconds):
INFO:root:COST >> 0.1332 +/- 0.0019, % updates: 7.607%
INFO:root:-- EPOCH 49 (5.923 seconds):
INFO:root:COST >> 0.131 +/- 0.002, % updates: 7.503%
INFO:root:-- EPOCH 50 (5.849 seconds):
INFO:root:COST >> 0.1291 +/- 0.0014, % updates: 7.393%
