INFO:root:Shape for training set: (16296, 483142)
INFO:root:State: {'ndim': '50', 'test_all': 'None', 'test_path': 'None', 'nhid': '50', 'lremb': '0.001', 'seed': '0', 'simfn': 'L1', 'valid_path': 'None', 'nbatches': '10', 'lrparam': '0.001', 'decay': '0.9', 'show_hinton_diagrams': 'False', 'no_rescaling': 'True', 'Nrel': '1345', 'ranking_score_right': 'False', 'Nent': '16296', 'Nsyn': '14951', 'method': 'MOMENTUM', 'loss_margin': '1.0', 'C': '1.0', 'epsilon': '1e-06', 'use_db': 'True', 'max_lr': 'None', 'l1_param_weight': 'None', 'filtered': 'False', 'name': 'fb15k_50/fb15k_MOMENTUM_180', 'totepochs': '50', 'l2_param_weight': 'None', 'train_path': 'data/fb15k/FB15k-train.pkl', 'op': 'TransE'}
INFO:root:Starting the Experiment ..
INFO:root:-- EPOCH 1 (5.624 seconds):
INFO:root:COST >> 1.552 +/- 0.373, % updates: 61.122%
INFO:root:-- EPOCH 2 (5.565 seconds):
INFO:root:COST >> 0.5395 +/- 0.141, % updates: 26.206%
INFO:root:-- EPOCH 3 (5.078 seconds):
INFO:root:COST >> 0.2681 +/- 0.0214, % updates: 14.173%
INFO:root:-- EPOCH 4 (5.592 seconds):
INFO:root:COST >> 0.2356 +/- 0.0032, % updates: 11.756%
INFO:root:-- EPOCH 5 (5.643 seconds):
INFO:root:COST >> 0.218 +/- 0.0025, % updates: 10.589%
INFO:root:-- EPOCH 6 (5.565 seconds):
INFO:root:COST >> 0.2067 +/- 0.0037, % updates: 9.932%
INFO:root:-- EPOCH 7 (5.582 seconds):
INFO:root:COST >> 0.1965 +/- 0.0033, % updates: 9.526%
INFO:root:-- EPOCH 8 (5.625 seconds):
INFO:root:COST >> 0.1917 +/- 0.003, % updates: 9.276%
INFO:root:-- EPOCH 9 (5.586 seconds):
INFO:root:COST >> 0.1879 +/- 0.0035, % updates: 9.111%
INFO:root:-- EPOCH 10 (5.613 seconds):
INFO:root:COST >> 0.1841 +/- 0.0032, % updates: 8.906%
INFO:root:-- EPOCH 11 (5.636 seconds):
INFO:root:COST >> 0.1809 +/- 0.0033, % updates: 8.772%
INFO:root:-- EPOCH 12 (5.614 seconds):
INFO:root:COST >> 0.1796 +/- 0.003, % updates: 8.691%
INFO:root:-- EPOCH 13 (5.878 seconds):
INFO:root:COST >> 0.1767 +/- 0.0034, % updates: 8.544%
INFO:root:-- EPOCH 14 (5.614 seconds):
INFO:root:COST >> 0.1737 +/- 0.0032, % updates: 8.415%
INFO:root:-- EPOCH 15 (5.66 seconds):
INFO:root:COST >> 0.1732 +/- 0.0033, % updates: 8.39%
INFO:root:-- EPOCH 16 (5.55 seconds):
INFO:root:COST >> 0.1705 +/- 0.0033, % updates: 8.299%
INFO:root:-- EPOCH 17 (5.613 seconds):
INFO:root:COST >> 0.1698 +/- 0.0051, % updates: 8.23%
INFO:root:-- EPOCH 18 (5.577 seconds):
INFO:root:COST >> 0.1684 +/- 0.0032, % updates: 8.15%
INFO:root:-- EPOCH 19 (5.613 seconds):
INFO:root:COST >> 0.1676 +/- 0.0039, % updates: 8.092%
INFO:root:-- EPOCH 20 (5.603 seconds):
INFO:root:COST >> 0.1663 +/- 0.0038, % updates: 8.079%
INFO:root:-- EPOCH 21 (5.696 seconds):
INFO:root:COST >> 0.165 +/- 0.0042, % updates: 8.047%
INFO:root:-- EPOCH 22 (5.613 seconds):
INFO:root:COST >> 0.1651 +/- 0.0041, % updates: 7.995%
INFO:root:-- EPOCH 23 (5.674 seconds):
INFO:root:COST >> 0.1635 +/- 0.004, % updates: 7.949%
INFO:root:-- EPOCH 24 (5.623 seconds):
INFO:root:COST >> 0.1616 +/- 0.0048, % updates: 7.906%
INFO:root:-- EPOCH 25 (5.674 seconds):
INFO:root:COST >> 0.1606 +/- 0.0025, % updates: 7.859%
INFO:root:-- EPOCH 26 (5.641 seconds):
INFO:root:COST >> 0.1603 +/- 0.0037, % updates: 7.837%
INFO:root:-- EPOCH 27 (5.563 seconds):
INFO:root:COST >> 0.1595 +/- 0.0044, % updates: 7.78%
INFO:root:-- EPOCH 28 (5.593 seconds):
INFO:root:COST >> 0.1583 +/- 0.0033, % updates: 7.729%
INFO:root:-- EPOCH 29 (5.556 seconds):
INFO:root:COST >> 0.1574 +/- 0.0048, % updates: 7.697%
INFO:root:-- EPOCH 30 (5.598 seconds):
INFO:root:COST >> 0.1583 +/- 0.0036, % updates: 7.727%
INFO:root:-- EPOCH 31 (5.58 seconds):
INFO:root:COST >> 0.157 +/- 0.0043, % updates: 7.667%
INFO:root:-- EPOCH 32 (5.56 seconds):
INFO:root:COST >> 0.158 +/- 0.0045, % updates: 7.687%
INFO:root:-- EPOCH 33 (5.624 seconds):
INFO:root:COST >> 0.1559 +/- 0.004, % updates: 7.645%
INFO:root:-- EPOCH 34 (5.635 seconds):
INFO:root:COST >> 0.1557 +/- 0.0045, % updates: 7.589%
INFO:root:-- EPOCH 35 (5.588 seconds):
INFO:root:COST >> 0.1559 +/- 0.0024, % updates: 7.574%
INFO:root:-- EPOCH 36 (5.617 seconds):
INFO:root:COST >> 0.1558 +/- 0.0034, % updates: 7.574%
INFO:root:-- EPOCH 37 (5.581 seconds):
INFO:root:COST >> 0.1527 +/- 0.0048, % updates: 7.487%
INFO:root:-- EPOCH 38 (5.6 seconds):
INFO:root:COST >> 0.1532 +/- 0.0035, % updates: 7.52%
INFO:root:-- EPOCH 39 (5.679 seconds):
INFO:root:COST >> 0.153 +/- 0.0041, % updates: 7.484%
INFO:root:-- EPOCH 40 (5.584 seconds):
INFO:root:COST >> 0.1524 +/- 0.0049, % updates: 7.435%
INFO:root:-- EPOCH 41 (5.587 seconds):
INFO:root:COST >> 0.1532 +/- 0.0036, % updates: 7.477%
INFO:root:-- EPOCH 42 (6.615 seconds):
INFO:root:COST >> 0.1528 +/- 0.0038, % updates: 7.473%
INFO:root:-- EPOCH 43 (6.306 seconds):
INFO:root:COST >> 0.1514 +/- 0.0047, % updates: 7.443%
INFO:root:-- EPOCH 44 (6.899 seconds):
INFO:root:COST >> 0.1512 +/- 0.0033, % updates: 7.428%
INFO:root:-- EPOCH 45 (6.873 seconds):
INFO:root:COST >> 0.1501 +/- 0.0051, % updates: 7.42%
INFO:root:-- EPOCH 46 (6.899 seconds):
INFO:root:COST >> 0.1507 +/- 0.0025, % updates: 7.394%
INFO:root:-- EPOCH 47 (6.321 seconds):
INFO:root:COST >> 0.1501 +/- 0.0038, % updates: 7.371%
INFO:root:-- EPOCH 48 (5.621 seconds):
INFO:root:COST >> 0.1498 +/- 0.0039, % updates: 7.358%
INFO:root:-- EPOCH 49 (5.581 seconds):
INFO:root:COST >> 0.1502 +/- 0.0038, % updates: 7.371%
INFO:root:-- EPOCH 50 (6.356 seconds):
INFO:root:COST >> 0.1498 +/- 0.003, % updates: 7.347%
