INFO:root:Shape for training set: (16296, 483142)
INFO:root:State: {'ndim': '50', 'test_all': 'None', 'test_path': 'None', 'nhid': '50', 'lremb': '1e-05', 'seed': '3', 'simfn': 'L1', 'valid_path': 'None', 'nbatches': '10', 'lrparam': '1e-05', 'decay': '0.5', 'show_hinton_diagrams': 'False', 'no_rescaling': 'True', 'Nrel': '1345', 'ranking_score_right': 'False', 'Nent': '16296', 'Nsyn': '14951', 'method': 'MOMENTUM', 'loss_margin': '1.0', 'C': '1.0', 'epsilon': '1e-06', 'use_db': 'True', 'max_lr': 'None', 'l1_param_weight': 'None', 'filtered': 'False', 'name': 'fb15k_50/fb15k_MOMENTUM_93', 'totepochs': '50', 'l2_param_weight': 'None', 'train_path': 'data/fb15k/FB15k-train.pkl', 'op': 'TransE'}
INFO:root:Starting the Experiment ..
INFO:root:-- EPOCH 1 (6.108 seconds):
INFO:root:COST >> 2.1761 +/- 0.0259, % updates: 80.646%
INFO:root:-- EPOCH 2 (6.18 seconds):
INFO:root:COST >> 2.1076 +/- 0.0175, % updates: 79.363%
INFO:root:-- EPOCH 3 (6.688 seconds):
INFO:root:COST >> 2.0536 +/- 0.0133, % updates: 78.219%
INFO:root:-- EPOCH 4 (6.485 seconds):
INFO:root:COST >> 2.0152 +/- 0.0077, % updates: 77.289%
INFO:root:-- EPOCH 5 (6.697 seconds):
INFO:root:COST >> 1.979 +/- 0.0114, % updates: 76.509%
INFO:root:-- EPOCH 6 (6.802 seconds):
INFO:root:COST >> 1.9479 +/- 0.0064, % updates: 75.666%
INFO:root:-- EPOCH 7 (5.985 seconds):
INFO:root:COST >> 1.9191 +/- 0.0078, % updates: 75.019%
INFO:root:-- EPOCH 8 (5.97 seconds):
INFO:root:COST >> 1.8969 +/- 0.0088, % updates: 74.37%
INFO:root:-- EPOCH 9 (5.963 seconds):
INFO:root:COST >> 1.8715 +/- 0.0089, % updates: 73.855%
INFO:root:-- EPOCH 10 (5.894 seconds):
INFO:root:COST >> 1.8472 +/- 0.0042, % updates: 73.18%
INFO:root:-- EPOCH 11 (6.309 seconds):
INFO:root:COST >> 1.829 +/- 0.0086, % updates: 72.689%
INFO:root:-- EPOCH 12 (6.413 seconds):
INFO:root:COST >> 1.8075 +/- 0.0067, % updates: 72.184%
INFO:root:-- EPOCH 13 (7.193 seconds):
INFO:root:COST >> 1.7883 +/- 0.0054, % updates: 71.627%
INFO:root:-- EPOCH 14 (6.766 seconds):
INFO:root:COST >> 1.7749 +/- 0.0071, % updates: 71.24%
INFO:root:-- EPOCH 15 (6.177 seconds):
INFO:root:COST >> 1.755 +/- 0.0108, % updates: 70.731%
INFO:root:-- EPOCH 16 (6.02 seconds):
INFO:root:COST >> 1.7369 +/- 0.0071, % updates: 70.362%
INFO:root:-- EPOCH 17 (6.153 seconds):
INFO:root:COST >> 1.7179 +/- 0.008, % updates: 69.887%
INFO:root:-- EPOCH 18 (6.94 seconds):
INFO:root:COST >> 1.7014 +/- 0.0073, % updates: 69.369%
INFO:root:-- EPOCH 19 (6.217 seconds):
INFO:root:COST >> 1.6876 +/- 0.0051, % updates: 69.026%
INFO:root:-- EPOCH 20 (6.467 seconds):
INFO:root:COST >> 1.6698 +/- 0.0077, % updates: 68.574%
INFO:root:-- EPOCH 21 (7.075 seconds):
INFO:root:COST >> 1.6579 +/- 0.0056, % updates: 68.194%
INFO:root:-- EPOCH 22 (6.03 seconds):
INFO:root:COST >> 1.6386 +/- 0.0075, % updates: 67.73%
INFO:root:-- EPOCH 23 (6.814 seconds):
INFO:root:COST >> 1.6237 +/- 0.008, % updates: 67.34%
INFO:root:-- EPOCH 24 (7.065 seconds):
INFO:root:COST >> 1.611 +/- 0.0064, % updates: 66.993%
INFO:root:-- EPOCH 25 (6.167 seconds):
INFO:root:COST >> 1.5962 +/- 0.0063, % updates: 66.611%
INFO:root:-- EPOCH 26 (6.73 seconds):
INFO:root:COST >> 1.5804 +/- 0.0045, % updates: 66.212%
INFO:root:-- EPOCH 27 (6.444 seconds):
INFO:root:COST >> 1.567 +/- 0.0045, % updates: 65.855%
INFO:root:-- EPOCH 28 (6.212 seconds):
INFO:root:COST >> 1.5542 +/- 0.0076, % updates: 65.509%
INFO:root:-- EPOCH 29 (6.275 seconds):
INFO:root:COST >> 1.5413 +/- 0.0044, % updates: 65.24%
INFO:root:-- EPOCH 30 (6.314 seconds):
INFO:root:COST >> 1.5268 +/- 0.0082, % updates: 64.78%
INFO:root:-- EPOCH 31 (6.381 seconds):
INFO:root:COST >> 1.5165 +/- 0.0081, % updates: 64.497%
INFO:root:-- EPOCH 32 (6.324 seconds):
INFO:root:COST >> 1.5009 +/- 0.0075, % updates: 64.079%
INFO:root:-- EPOCH 33 (6.228 seconds):
INFO:root:COST >> 1.4876 +/- 0.0036, % updates: 63.735%
INFO:root:-- EPOCH 34 (6.146 seconds):
INFO:root:COST >> 1.4765 +/- 0.0056, % updates: 63.365%
INFO:root:-- EPOCH 35 (6.508 seconds):
INFO:root:COST >> 1.4633 +/- 0.006, % updates: 63.025%
INFO:root:-- EPOCH 36 (7.0 seconds):
INFO:root:COST >> 1.4516 +/- 0.0054, % updates: 62.732%
INFO:root:-- EPOCH 37 (7.081 seconds):
INFO:root:COST >> 1.4406 +/- 0.0063, % updates: 62.496%
INFO:root:-- EPOCH 38 (6.33 seconds):
INFO:root:COST >> 1.4277 +/- 0.0062, % updates: 62.109%
INFO:root:-- EPOCH 39 (6.351 seconds):
INFO:root:COST >> 1.4176 +/- 0.0053, % updates: 61.748%
INFO:root:-- EPOCH 40 (5.924 seconds):
INFO:root:COST >> 1.4039 +/- 0.0049, % updates: 61.447%
INFO:root:-- EPOCH 41 (5.977 seconds):
INFO:root:COST >> 1.3937 +/- 0.0058, % updates: 61.132%
INFO:root:-- EPOCH 42 (5.963 seconds):
INFO:root:COST >> 1.3798 +/- 0.0082, % updates: 60.769%
INFO:root:-- EPOCH 43 (5.952 seconds):
INFO:root:COST >> 1.3722 +/- 0.0065, % updates: 60.548%
INFO:root:-- EPOCH 44 (5.947 seconds):
INFO:root:COST >> 1.3579 +/- 0.0065, % updates: 60.162%
INFO:root:-- EPOCH 45 (5.953 seconds):
INFO:root:COST >> 1.3483 +/- 0.0067, % updates: 59.912%
INFO:root:-- EPOCH 46 (5.927 seconds):
INFO:root:COST >> 1.3373 +/- 0.0066, % updates: 59.628%
INFO:root:-- EPOCH 47 (5.929 seconds):
INFO:root:COST >> 1.3284 +/- 0.0058, % updates: 59.308%
INFO:root:-- EPOCH 48 (5.949 seconds):
INFO:root:COST >> 1.317 +/- 0.0045, % updates: 59.014%
INFO:root:-- EPOCH 49 (5.857 seconds):
INFO:root:COST >> 1.3052 +/- 0.0079, % updates: 58.635%
INFO:root:-- EPOCH 50 (5.285 seconds):
INFO:root:COST >> 1.2962 +/- 0.0069, % updates: 58.423%
