INFO:root:Shape for training set: (16296, 483142)
INFO:root:State: {'ndim': '50', 'test_all': 'None', 'test_path': 'None', 'nhid': '50', 'lremb': '0.0001', 'seed': '8', 'simfn': 'L1', 'valid_path': 'None', 'nbatches': '10', 'lrparam': '0.0001', 'decay': '0.9', 'show_hinton_diagrams': 'False', 'no_rescaling': 'True', 'Nrel': '1345', 'ranking_score_right': 'False', 'Nent': '16296', 'Nsyn': '14951', 'method': 'MOMENTUM', 'loss_margin': '1.0', 'C': '1.0', 'epsilon': '1e-06', 'use_db': 'True', 'max_lr': 'None', 'l1_param_weight': 'None', 'filtered': 'False', 'name': 'fb15k_50/fb15k_MOMENTUM_138', 'totepochs': '50', 'l2_param_weight': 'None', 'train_path': 'data/fb15k/FB15k-train.pkl', 'op': 'TransE'}
INFO:root:Starting the Experiment ..
INFO:root:-- EPOCH 1 (5.672 seconds):
INFO:root:COST >> 1.9683 +/- 0.1368, % updates: 75.545%
INFO:root:-- EPOCH 2 (5.65 seconds):
INFO:root:COST >> 1.5137 +/- 0.1111, % updates: 62.44%
INFO:root:-- EPOCH 3 (5.636 seconds):
INFO:root:COST >> 1.1362 +/- 0.0894, % updates: 50.785%
INFO:root:-- EPOCH 4 (5.588 seconds):
INFO:root:COST >> 0.8259 +/- 0.0734, % updates: 40.705%
INFO:root:-- EPOCH 5 (5.641 seconds):
INFO:root:COST >> 0.587 +/- 0.0499, % updates: 31.716%
INFO:root:-- EPOCH 6 (5.589 seconds):
INFO:root:COST >> 0.4282 +/- 0.0307, % updates: 24.688%
INFO:root:-- EPOCH 7 (5.601 seconds):
INFO:root:COST >> 0.3312 +/- 0.0174, % updates: 19.969%
INFO:root:-- EPOCH 8 (5.612 seconds):
INFO:root:COST >> 0.2706 +/- 0.0127, % updates: 16.832%
INFO:root:-- EPOCH 9 (5.558 seconds):
INFO:root:COST >> 0.2297 +/- 0.0075, % updates: 14.718%
INFO:root:-- EPOCH 10 (5.641 seconds):
INFO:root:COST >> 0.2024 +/- 0.0069, % updates: 13.22%
INFO:root:-- EPOCH 11 (5.628 seconds):
INFO:root:COST >> 0.1821 +/- 0.0039, % updates: 12.061%
INFO:root:-- EPOCH 12 (5.59 seconds):
INFO:root:COST >> 0.1664 +/- 0.0032, % updates: 11.172%
INFO:root:-- EPOCH 13 (5.603 seconds):
INFO:root:COST >> 0.1543 +/- 0.0023, % updates: 10.458%
INFO:root:-- EPOCH 14 (5.607 seconds):
INFO:root:COST >> 0.1449 +/- 0.0022, % updates: 9.911%
INFO:root:-- EPOCH 15 (5.549 seconds):
INFO:root:COST >> 0.1357 +/- 0.0023, % updates: 9.408%
INFO:root:-- EPOCH 16 (5.61 seconds):
INFO:root:COST >> 0.1299 +/- 0.0019, % updates: 8.965%
INFO:root:-- EPOCH 17 (5.582 seconds):
INFO:root:COST >> 0.1231 +/- 0.0016, % updates: 8.582%
INFO:root:-- EPOCH 18 (5.617 seconds):
INFO:root:COST >> 0.1179 +/- 0.0027, % updates: 8.25%
INFO:root:-- EPOCH 19 (5.625 seconds):
INFO:root:COST >> 0.1132 +/- 0.0018, % updates: 7.977%
INFO:root:-- EPOCH 20 (5.611 seconds):
INFO:root:COST >> 0.1114 +/- 0.0012, % updates: 7.804%
INFO:root:-- EPOCH 21 (5.56 seconds):
INFO:root:COST >> 0.1069 +/- 0.0015, % updates: 7.548%
INFO:root:-- EPOCH 22 (5.635 seconds):
INFO:root:COST >> 0.1036 +/- 0.0008, % updates: 7.335%
INFO:root:-- EPOCH 23 (5.61 seconds):
INFO:root:COST >> 0.1014 +/- 0.001, % updates: 7.19%
INFO:root:-- EPOCH 24 (5.553 seconds):
INFO:root:COST >> 0.0982 +/- 0.0019, % updates: 6.986%
INFO:root:-- EPOCH 25 (5.617 seconds):
INFO:root:COST >> 0.0965 +/- 0.0021, % updates: 6.849%
INFO:root:-- EPOCH 26 (5.581 seconds):
INFO:root:COST >> 0.0935 +/- 0.0014, % updates: 6.659%
INFO:root:-- EPOCH 27 (5.573 seconds):
INFO:root:COST >> 0.0923 +/- 0.001, % updates: 6.564%
INFO:root:-- EPOCH 28 (5.57 seconds):
INFO:root:COST >> 0.091 +/- 0.0018, % updates: 6.47%
INFO:root:-- EPOCH 29 (5.613 seconds):
INFO:root:COST >> 0.089 +/- 0.001, % updates: 6.352%
INFO:root:-- EPOCH 30 (5.616 seconds):
INFO:root:COST >> 0.0879 +/- 0.0011, % updates: 6.273%
INFO:root:-- EPOCH 31 (5.58 seconds):
INFO:root:COST >> 0.0856 +/- 0.0016, % updates: 6.13%
INFO:root:-- EPOCH 32 (5.543 seconds):
INFO:root:COST >> 0.0848 +/- 0.0016, % updates: 6.083%
INFO:root:-- EPOCH 33 (5.619 seconds):
INFO:root:COST >> 0.0835 +/- 0.0012, % updates: 5.99%
INFO:root:-- EPOCH 34 (5.574 seconds):
INFO:root:COST >> 0.0815 +/- 0.0016, % updates: 5.89%
INFO:root:-- EPOCH 35 (5.656 seconds):
INFO:root:COST >> 0.0804 +/- 0.0009, % updates: 5.802%
INFO:root:-- EPOCH 36 (5.623 seconds):
INFO:root:COST >> 0.0796 +/- 0.0013, % updates: 5.732%
INFO:root:-- EPOCH 37 (5.607 seconds):
INFO:root:COST >> 0.0782 +/- 0.0013, % updates: 5.677%
INFO:root:-- EPOCH 38 (5.562 seconds):
INFO:root:COST >> 0.0773 +/- 0.0011, % updates: 5.596%
INFO:root:-- EPOCH 39 (5.616 seconds):
INFO:root:COST >> 0.0763 +/- 0.0009, % updates: 5.514%
INFO:root:-- EPOCH 40 (5.633 seconds):
INFO:root:COST >> 0.0756 +/- 0.001, % updates: 5.506%
INFO:root:-- EPOCH 41 (5.592 seconds):
INFO:root:COST >> 0.0747 +/- 0.0014, % updates: 5.431%
INFO:root:-- EPOCH 42 (5.585 seconds):
INFO:root:COST >> 0.0738 +/- 0.001, % updates: 5.333%
INFO:root:-- EPOCH 43 (5.574 seconds):
INFO:root:COST >> 0.0732 +/- 0.001, % updates: 5.322%
INFO:root:-- EPOCH 44 (5.55 seconds):
INFO:root:COST >> 0.072 +/- 0.0009, % updates: 5.24%
INFO:root:-- EPOCH 45 (5.627 seconds):
INFO:root:COST >> 0.072 +/- 0.0009, % updates: 5.2%
INFO:root:-- EPOCH 46 (6.393 seconds):
INFO:root:COST >> 0.0715 +/- 0.0017, % updates: 5.192%
INFO:root:-- EPOCH 47 (7.04 seconds):
INFO:root:COST >> 0.0704 +/- 0.0009, % updates: 5.113%
INFO:root:-- EPOCH 48 (7.195 seconds):
INFO:root:COST >> 0.0699 +/- 0.0008, % updates: 5.085%
INFO:root:-- EPOCH 49 (5.698 seconds):
INFO:root:COST >> 0.0684 +/- 0.0014, % updates: 5.01%
INFO:root:-- EPOCH 50 (5.611 seconds):
INFO:root:COST >> 0.0681 +/- 0.001, % updates: 4.978%
