INFO:root:Shape for training set: (16296, 483142)
INFO:root:State: {'ndim': '50', 'test_all': 'None', 'test_path': 'None', 'nhid': '50', 'lremb': '0.1', 'seed': '0', 'simfn': 'L1', 'valid_path': 'None', 'nbatches': '10', 'lrparam': '0.1', 'decay': '0.9', 'show_hinton_diagrams': 'False', 'no_rescaling': 'True', 'Nrel': '1345', 'ranking_score_right': 'False', 'Nent': '16296', 'Nsyn': '14951', 'method': 'MOMENTUM', 'loss_margin': '1.0', 'C': '1.0', 'epsilon': '1e-06', 'use_db': 'True', 'max_lr': 'None', 'l1_param_weight': 'None', 'filtered': 'False', 'name': 'fb15k_50/fb15k_MOMENTUM_280', 'totepochs': '50', 'l2_param_weight': 'None', 'train_path': 'data/fb15k/FB15k-train.pkl', 'op': 'TransE'}
INFO:root:Starting the Experiment ..
INFO:root:-- EPOCH 1 (6.962 seconds):
INFO:root:COST >> 1.4795 +/- 0.7115, % updates: 47.605%
INFO:root:-- EPOCH 2 (6.513 seconds):
INFO:root:COST >> 0.8969 +/- 0.0489, % updates: 31.911%
INFO:root:-- EPOCH 3 (4.907 seconds):
INFO:root:COST >> 0.8846 +/- 0.0531, % updates: 31.602%
INFO:root:-- EPOCH 4 (5.593 seconds):
INFO:root:COST >> 0.8868 +/- 0.0555, % updates: 31.727%
INFO:root:-- EPOCH 5 (5.619 seconds):
INFO:root:COST >> 0.8868 +/- 0.0578, % updates: 31.698%
INFO:root:-- EPOCH 6 (5.603 seconds):
INFO:root:COST >> 0.8851 +/- 0.0512, % updates: 31.681%
INFO:root:-- EPOCH 7 (5.64 seconds):
INFO:root:COST >> 0.8846 +/- 0.0587, % updates: 31.692%
INFO:root:-- EPOCH 8 (5.636 seconds):
INFO:root:COST >> 0.8871 +/- 0.0568, % updates: 31.671%
INFO:root:-- EPOCH 9 (5.613 seconds):
INFO:root:COST >> 0.8856 +/- 0.0522, % updates: 31.688%
INFO:root:-- EPOCH 10 (5.589 seconds):
INFO:root:COST >> 0.8834 +/- 0.0563, % updates: 31.636%
INFO:root:-- EPOCH 11 (5.6 seconds):
INFO:root:COST >> 0.8859 +/- 0.0558, % updates: 31.683%
INFO:root:-- EPOCH 12 (5.634 seconds):
INFO:root:COST >> 0.8858 +/- 0.0532, % updates: 31.692%
INFO:root:-- EPOCH 13 (5.597 seconds):
INFO:root:COST >> 0.8846 +/- 0.0581, % updates: 31.619%
INFO:root:-- EPOCH 14 (5.554 seconds):
INFO:root:COST >> 0.8856 +/- 0.0514, % updates: 31.696%
INFO:root:-- EPOCH 15 (5.624 seconds):
INFO:root:COST >> 0.8851 +/- 0.0541, % updates: 31.676%
INFO:root:-- EPOCH 16 (5.596 seconds):
INFO:root:COST >> 0.8846 +/- 0.055, % updates: 31.643%
INFO:root:-- EPOCH 17 (5.601 seconds):
INFO:root:COST >> 0.888 +/- 0.0558, % updates: 31.65%
INFO:root:-- EPOCH 18 (5.603 seconds):
INFO:root:COST >> 0.8829 +/- 0.0556, % updates: 31.647%
INFO:root:-- EPOCH 19 (5.634 seconds):
INFO:root:COST >> 0.8865 +/- 0.0531, % updates: 31.658%
INFO:root:-- EPOCH 20 (5.58 seconds):
INFO:root:COST >> 0.8861 +/- 0.0559, % updates: 31.705%
INFO:root:-- EPOCH 21 (5.561 seconds):
INFO:root:COST >> 0.8846 +/- 0.0556, % updates: 31.668%
INFO:root:-- EPOCH 22 (6.099 seconds):
INFO:root:COST >> 0.8868 +/- 0.0566, % updates: 31.729%
INFO:root:-- EPOCH 23 (5.684 seconds):
INFO:root:COST >> 0.8847 +/- 0.0533, % updates: 31.675%
INFO:root:-- EPOCH 24 (5.598 seconds):
INFO:root:COST >> 0.8859 +/- 0.0557, % updates: 31.642%
INFO:root:-- EPOCH 25 (5.572 seconds):
INFO:root:COST >> 0.8846 +/- 0.0548, % updates: 31.682%
INFO:root:-- EPOCH 26 (5.613 seconds):
INFO:root:COST >> 0.886 +/- 0.0519, % updates: 31.662%
INFO:root:-- EPOCH 27 (5.635 seconds):
INFO:root:COST >> 0.885 +/- 0.0563, % updates: 31.651%
INFO:root:-- EPOCH 28 (5.562 seconds):
INFO:root:COST >> 0.8831 +/- 0.0585, % updates: 31.669%
INFO:root:-- EPOCH 29 (5.633 seconds):
INFO:root:COST >> 0.8849 +/- 0.0566, % updates: 31.704%
INFO:root:-- EPOCH 30 (5.645 seconds):
INFO:root:COST >> 0.8838 +/- 0.054, % updates: 31.642%
INFO:root:-- EPOCH 31 (5.634 seconds):
INFO:root:COST >> 0.8846 +/- 0.0571, % updates: 31.7%
INFO:root:-- EPOCH 32 (5.608 seconds):
INFO:root:COST >> 0.8866 +/- 0.0567, % updates: 31.69%
INFO:root:-- EPOCH 33 (5.606 seconds):
INFO:root:COST >> 0.8851 +/- 0.0599, % updates: 31.645%
INFO:root:-- EPOCH 34 (5.589 seconds):
INFO:root:COST >> 0.886 +/- 0.0572, % updates: 31.673%
INFO:root:-- EPOCH 35 (5.625 seconds):
INFO:root:COST >> 0.8862 +/- 0.0576, % updates: 31.69%
INFO:root:-- EPOCH 36 (5.605 seconds):
INFO:root:COST >> 0.8847 +/- 0.0572, % updates: 31.645%
INFO:root:-- EPOCH 37 (5.616 seconds):
INFO:root:COST >> 0.8854 +/- 0.0509, % updates: 31.574%
INFO:root:-- EPOCH 38 (5.577 seconds):
INFO:root:COST >> 0.8846 +/- 0.0577, % updates: 31.69%
INFO:root:-- EPOCH 39 (5.629 seconds):
INFO:root:COST >> 0.8853 +/- 0.0543, % updates: 31.682%
INFO:root:-- EPOCH 40 (5.599 seconds):
INFO:root:COST >> 0.8847 +/- 0.0531, % updates: 31.632%
INFO:root:-- EPOCH 41 (5.548 seconds):
INFO:root:COST >> 0.8837 +/- 0.056, % updates: 31.645%
INFO:root:-- EPOCH 42 (5.603 seconds):
INFO:root:COST >> 0.8884 +/- 0.0541, % updates: 31.698%
INFO:root:-- EPOCH 43 (5.608 seconds):
INFO:root:COST >> 0.8864 +/- 0.0534, % updates: 31.707%
INFO:root:-- EPOCH 44 (5.619 seconds):
INFO:root:COST >> 0.8842 +/- 0.053, % updates: 31.624%
INFO:root:-- EPOCH 45 (5.574 seconds):
INFO:root:COST >> 0.885 +/- 0.059, % updates: 31.686%
INFO:root:-- EPOCH 46 (5.601 seconds):
INFO:root:COST >> 0.8856 +/- 0.0553, % updates: 31.708%
INFO:root:-- EPOCH 47 (5.567 seconds):
INFO:root:COST >> 0.8869 +/- 0.0544, % updates: 31.667%
INFO:root:-- EPOCH 48 (5.62 seconds):
INFO:root:COST >> 0.8838 +/- 0.0547, % updates: 31.634%
INFO:root:-- EPOCH 49 (5.566 seconds):
INFO:root:COST >> 0.8865 +/- 0.0528, % updates: 31.715%
INFO:root:-- EPOCH 50 (5.597 seconds):
INFO:root:COST >> 0.8845 +/- 0.0537, % updates: 31.661%
