INFO:root:Shape for training set: (16296, 483142)
INFO:root:State: {'ndim': '50', 'test_all': 'None', 'test_path': 'None', 'nhid': '50', 'lremb': '1.0', 'seed': '8', 'simfn': 'L1', 'valid_path': 'None', 'nbatches': '10', 'lrparam': '1.0', 'decay': '0.9', 'show_hinton_diagrams': 'False', 'no_rescaling': 'True', 'Nrel': '1345', 'ranking_score_right': 'False', 'Nent': '16296', 'Nsyn': '14951', 'method': 'MOMENTUM', 'loss_margin': '1.0', 'C': '1.0', 'epsilon': '1e-06', 'use_db': 'True', 'max_lr': 'None', 'l1_param_weight': 'None', 'filtered': 'False', 'name': 'fb15k_50/fb15k_MOMENTUM_338', 'totepochs': '50', 'l2_param_weight': 'None', 'train_path': 'data/fb15k/FB15k-train.pkl', 'op': 'TransE'}
INFO:root:Starting the Experiment ..
INFO:root:-- EPOCH 1 (5.898 seconds):
INFO:root:COST >> 1.4951 +/- 0.7253, % updates: 46.976%
INFO:root:-- EPOCH 2 (5.844 seconds):
INFO:root:COST >> 0.9241 +/- 0.0476, % updates: 32.068%
INFO:root:-- EPOCH 3 (5.861 seconds):
INFO:root:COST >> 0.9162 +/- 0.0509, % updates: 31.973%
INFO:root:-- EPOCH 4 (5.906 seconds):
INFO:root:COST >> 0.9151 +/- 0.0529, % updates: 31.961%
INFO:root:-- EPOCH 5 (5.845 seconds):
INFO:root:COST >> 0.9162 +/- 0.0521, % updates: 32.062%
INFO:root:-- EPOCH 6 (5.885 seconds):
INFO:root:COST >> 0.9157 +/- 0.0521, % updates: 32.083%
INFO:root:-- EPOCH 7 (5.861 seconds):
INFO:root:COST >> 0.915 +/- 0.0521, % updates: 32.08%
INFO:root:-- EPOCH 8 (5.908 seconds):
INFO:root:COST >> 0.9161 +/- 0.0531, % updates: 32.025%
INFO:root:-- EPOCH 9 (5.866 seconds):
INFO:root:COST >> 0.9145 +/- 0.0568, % updates: 31.997%
INFO:root:-- EPOCH 10 (5.445 seconds):
INFO:root:COST >> 0.918 +/- 0.0551, % updates: 32.087%
INFO:root:-- EPOCH 11 (5.681 seconds):
INFO:root:COST >> 0.9133 +/- 0.0528, % updates: 32.001%
INFO:root:-- EPOCH 12 (5.839 seconds):
INFO:root:COST >> 0.9173 +/- 0.0552, % updates: 32.013%
INFO:root:-- EPOCH 13 (5.824 seconds):
INFO:root:COST >> 0.9155 +/- 0.0554, % updates: 32.012%
INFO:root:-- EPOCH 14 (5.873 seconds):
INFO:root:COST >> 0.9151 +/- 0.0521, % updates: 32.066%
INFO:root:-- EPOCH 15 (5.894 seconds):
INFO:root:COST >> 0.9155 +/- 0.0471, % updates: 32.064%
INFO:root:-- EPOCH 16 (5.852 seconds):
INFO:root:COST >> 0.9159 +/- 0.0521, % updates: 31.991%
INFO:root:-- EPOCH 17 (5.869 seconds):
INFO:root:COST >> 0.9154 +/- 0.0513, % updates: 32.04%
INFO:root:-- EPOCH 18 (5.909 seconds):
INFO:root:COST >> 0.9157 +/- 0.0529, % updates: 32.024%
INFO:root:-- EPOCH 19 (5.893 seconds):
INFO:root:COST >> 0.9171 +/- 0.0536, % updates: 32.05%
INFO:root:-- EPOCH 20 (5.861 seconds):
INFO:root:COST >> 0.9154 +/- 0.0566, % updates: 31.985%
INFO:root:-- EPOCH 21 (5.916 seconds):
INFO:root:COST >> 0.9152 +/- 0.0553, % updates: 32.076%
INFO:root:-- EPOCH 22 (5.792 seconds):
INFO:root:COST >> 0.9123 +/- 0.0514, % updates: 31.944%
INFO:root:-- EPOCH 23 (5.859 seconds):
INFO:root:COST >> 0.9173 +/- 0.055, % updates: 32.047%
INFO:root:-- EPOCH 24 (5.852 seconds):
INFO:root:COST >> 0.9167 +/- 0.0541, % updates: 32.01%
INFO:root:-- EPOCH 25 (5.905 seconds):
INFO:root:COST >> 0.9172 +/- 0.0555, % updates: 32.083%
INFO:root:-- EPOCH 26 (5.924 seconds):
INFO:root:COST >> 0.9119 +/- 0.0546, % updates: 32.033%
INFO:root:-- EPOCH 27 (5.859 seconds):
INFO:root:COST >> 0.9145 +/- 0.0554, % updates: 31.969%
INFO:root:-- EPOCH 28 (5.887 seconds):
INFO:root:COST >> 0.9138 +/- 0.0517, % updates: 31.971%
INFO:root:-- EPOCH 29 (5.903 seconds):
INFO:root:COST >> 0.9134 +/- 0.0504, % updates: 32.04%
INFO:root:-- EPOCH 30 (5.88 seconds):
INFO:root:COST >> 0.9155 +/- 0.0555, % updates: 32.047%
INFO:root:-- EPOCH 31 (5.834 seconds):
INFO:root:COST >> 0.9146 +/- 0.0546, % updates: 31.989%
INFO:root:-- EPOCH 32 (5.899 seconds):
INFO:root:COST >> 0.9153 +/- 0.0574, % updates: 32.036%
INFO:root:-- EPOCH 33 (5.855 seconds):
INFO:root:COST >> 0.913 +/- 0.0511, % updates: 32.015%
INFO:root:-- EPOCH 34 (5.785 seconds):
INFO:root:COST >> 0.9139 +/- 0.0557, % updates: 32.021%
INFO:root:-- EPOCH 35 (5.903 seconds):
INFO:root:COST >> 0.9158 +/- 0.056, % updates: 32.027%
INFO:root:-- EPOCH 36 (5.904 seconds):
INFO:root:COST >> 0.918 +/- 0.0516, % updates: 32.103%
INFO:root:-- EPOCH 37 (5.889 seconds):
INFO:root:COST >> 0.913 +/- 0.0502, % updates: 31.987%
INFO:root:-- EPOCH 38 (5.847 seconds):
INFO:root:COST >> 0.9154 +/- 0.0567, % updates: 31.977%
INFO:root:-- EPOCH 39 (5.808 seconds):
INFO:root:COST >> 0.9154 +/- 0.0544, % updates: 32.021%
INFO:root:-- EPOCH 40 (5.785 seconds):
INFO:root:COST >> 0.9137 +/- 0.0547, % updates: 31.992%
INFO:root:-- EPOCH 41 (5.836 seconds):
INFO:root:COST >> 0.9177 +/- 0.0532, % updates: 32.117%
INFO:root:-- EPOCH 42 (5.882 seconds):
INFO:root:COST >> 0.9171 +/- 0.0546, % updates: 31.986%
INFO:root:-- EPOCH 43 (5.863 seconds):
INFO:root:COST >> 0.9165 +/- 0.0526, % updates: 32.047%
INFO:root:-- EPOCH 44 (5.881 seconds):
INFO:root:COST >> 0.9171 +/- 0.0552, % updates: 32.043%
INFO:root:-- EPOCH 45 (5.877 seconds):
INFO:root:COST >> 0.9148 +/- 0.0529, % updates: 31.989%
INFO:root:-- EPOCH 46 (5.876 seconds):
INFO:root:COST >> 0.9184 +/- 0.0539, % updates: 32.059%
INFO:root:-- EPOCH 47 (5.934 seconds):
INFO:root:COST >> 0.9135 +/- 0.0574, % updates: 31.991%
INFO:root:-- EPOCH 48 (5.926 seconds):
INFO:root:COST >> 0.9164 +/- 0.0494, % updates: 32.041%
INFO:root:-- EPOCH 49 (5.888 seconds):
INFO:root:COST >> 0.9139 +/- 0.0534, % updates: 32.042%
INFO:root:-- EPOCH 50 (5.86 seconds):
INFO:root:COST >> 0.9136 +/- 0.052, % updates: 31.988%
