INFO:root:Shape for training set: (16296, 483142)
INFO:root:State: {'ndim': '50', 'test_all': 'None', 'test_path': 'None', 'nhid': '50', 'lremb': '10.0', 'seed': '8', 'simfn': 'L1', 'valid_path': 'None', 'nbatches': '10', 'lrparam': '10.0', 'decay': '0.999', 'show_hinton_diagrams': 'False', 'no_rescaling': 'True', 'Nrel': '1345', 'ranking_score_right': 'False', 'Nent': '16296', 'Nsyn': '14951', 'method': 'MOMENTUM', 'loss_margin': '1.0', 'C': '1.0', 'epsilon': '1e-06', 'use_db': 'True', 'max_lr': 'None', 'l1_param_weight': 'None', 'filtered': 'False', 'name': 'fb15k_50/fb15k_MOMENTUM_368', 'totepochs': '50', 'l2_param_weight': 'None', 'train_path': 'data/fb15k/FB15k-train.pkl', 'op': 'TransE'}
INFO:root:Starting the Experiment ..
INFO:root:-- EPOCH 1 (5.991 seconds):
INFO:root:COST >> 1.483 +/- 0.7351, % updates: 47.427%
INFO:root:-- EPOCH 2 (5.302 seconds):
INFO:root:COST >> 0.7898 +/- 0.0108, % updates: 30.332%
INFO:root:-- EPOCH 3 (5.98 seconds):
INFO:root:COST >> 0.6906 +/- 0.0201, % updates: 28.25%
INFO:root:-- EPOCH 4 (6.102 seconds):
INFO:root:COST >> 0.6429 +/- 0.0216, % updates: 27.272%
INFO:root:-- EPOCH 5 (6.1 seconds):
INFO:root:COST >> 0.6126 +/- 0.0205, % updates: 26.671%
INFO:root:-- EPOCH 6 (5.947 seconds):
INFO:root:COST >> 0.5918 +/- 0.0208, % updates: 26.262%
INFO:root:-- EPOCH 7 (6.408 seconds):
INFO:root:COST >> 0.5768 +/- 0.0192, % updates: 26.02%
INFO:root:-- EPOCH 8 (5.994 seconds):
INFO:root:COST >> 0.5652 +/- 0.0201, % updates: 25.753%
INFO:root:-- EPOCH 9 (5.859 seconds):
INFO:root:COST >> 0.5554 +/- 0.0223, % updates: 25.626%
INFO:root:-- EPOCH 10 (5.92 seconds):
INFO:root:COST >> 0.5498 +/- 0.0202, % updates: 25.544%
INFO:root:-- EPOCH 11 (6.219 seconds):
INFO:root:COST >> 0.5416 +/- 0.0195, % updates: 25.343%
INFO:root:-- EPOCH 12 (5.917 seconds):
INFO:root:COST >> 0.5372 +/- 0.017, % updates: 25.28%
INFO:root:-- EPOCH 13 (6.075 seconds):
INFO:root:COST >> 0.5306 +/- 0.0191, % updates: 25.187%
INFO:root:-- EPOCH 14 (5.958 seconds):
INFO:root:COST >> 0.5272 +/- 0.0129, % updates: 25.093%
INFO:root:-- EPOCH 15 (6.044 seconds):
INFO:root:COST >> 0.5226 +/- 0.013, % updates: 25.075%
INFO:root:-- EPOCH 16 (6.184 seconds):
INFO:root:COST >> 0.5197 +/- 0.0156, % updates: 24.975%
INFO:root:-- EPOCH 17 (6.089 seconds):
INFO:root:COST >> 0.5177 +/- 0.014, % updates: 24.955%
INFO:root:-- EPOCH 18 (6.234 seconds):
INFO:root:COST >> 0.5144 +/- 0.0132, % updates: 24.928%
INFO:root:-- EPOCH 19 (6.121 seconds):
INFO:root:COST >> 0.5118 +/- 0.016, % updates: 24.878%
INFO:root:-- EPOCH 20 (6.426 seconds):
INFO:root:COST >> 0.5112 +/- 0.0171, % updates: 24.853%
INFO:root:-- EPOCH 21 (6.294 seconds):
INFO:root:COST >> 0.5067 +/- 0.0159, % updates: 24.86%
INFO:root:-- EPOCH 22 (6.187 seconds):
INFO:root:COST >> 0.5056 +/- 0.0142, % updates: 24.767%
INFO:root:-- EPOCH 23 (6.392 seconds):
INFO:root:COST >> 0.5047 +/- 0.0148, % updates: 24.766%
INFO:root:-- EPOCH 24 (6.037 seconds):
INFO:root:COST >> 0.5025 +/- 0.0135, % updates: 24.77%
INFO:root:-- EPOCH 25 (5.943 seconds):
INFO:root:COST >> 0.5012 +/- 0.0151, % updates: 24.789%
INFO:root:-- EPOCH 26 (6.689 seconds):
INFO:root:COST >> 0.4988 +/- 0.0148, % updates: 24.71%
INFO:root:-- EPOCH 27 (10.84 seconds):
INFO:root:COST >> 0.4966 +/- 0.0134, % updates: 24.692%
INFO:root:-- EPOCH 28 (8.452 seconds):
INFO:root:COST >> 0.4965 +/- 0.0134, % updates: 24.635%
INFO:root:-- EPOCH 29 (7.504 seconds):
INFO:root:COST >> 0.4961 +/- 0.0115, % updates: 24.648%
INFO:root:-- EPOCH 30 (7.23 seconds):
INFO:root:COST >> 0.4953 +/- 0.0157, % updates: 24.679%
INFO:root:-- EPOCH 31 (9.017 seconds):
INFO:root:COST >> 0.4931 +/- 0.0168, % updates: 24.597%
INFO:root:-- EPOCH 32 (6.654 seconds):
INFO:root:COST >> 0.4929 +/- 0.0152, % updates: 24.636%
INFO:root:-- EPOCH 33 (6.341 seconds):
INFO:root:COST >> 0.4911 +/- 0.0111, % updates: 24.593%
INFO:root:-- EPOCH 34 (6.26 seconds):
INFO:root:COST >> 0.4906 +/- 0.0131, % updates: 24.575%
INFO:root:-- EPOCH 35 (6.438 seconds):
INFO:root:COST >> 0.49 +/- 0.015, % updates: 24.59%
INFO:root:-- EPOCH 36 (6.423 seconds):
INFO:root:COST >> 0.4898 +/- 0.0124, % updates: 24.59%
INFO:root:-- EPOCH 37 (5.969 seconds):
INFO:root:COST >> 0.489 +/- 0.0133, % updates: 24.529%
INFO:root:-- EPOCH 38 (7.319 seconds):
INFO:root:COST >> 0.4883 +/- 0.0152, % updates: 24.503%
INFO:root:-- EPOCH 39 (6.541 seconds):
INFO:root:COST >> 0.4869 +/- 0.0138, % updates: 24.547%
INFO:root:-- EPOCH 40 (6.088 seconds):
INFO:root:COST >> 0.4856 +/- 0.0132, % updates: 24.503%
INFO:root:-- EPOCH 41 (7.606 seconds):
INFO:root:COST >> 0.4867 +/- 0.0128, % updates: 24.558%
INFO:root:-- EPOCH 42 (6.692 seconds):
INFO:root:COST >> 0.4856 +/- 0.0146, % updates: 24.545%
INFO:root:-- EPOCH 43 (6.283 seconds):
INFO:root:COST >> 0.4851 +/- 0.0125, % updates: 24.524%
INFO:root:-- EPOCH 44 (6.836 seconds):
INFO:root:COST >> 0.4839 +/- 0.0122, % updates: 24.5%
INFO:root:-- EPOCH 45 (6.866 seconds):
INFO:root:COST >> 0.4832 +/- 0.0107, % updates: 24.498%
INFO:root:-- EPOCH 46 (6.187 seconds):
INFO:root:COST >> 0.4828 +/- 0.0126, % updates: 24.47%
INFO:root:-- EPOCH 47 (5.873 seconds):
INFO:root:COST >> 0.4823 +/- 0.0124, % updates: 24.515%
INFO:root:-- EPOCH 48 (6.235 seconds):
INFO:root:COST >> 0.4823 +/- 0.0105, % updates: 24.491%
INFO:root:-- EPOCH 49 (5.999 seconds):
INFO:root:COST >> 0.4815 +/- 0.0121, % updates: 24.481%
INFO:root:-- EPOCH 50 (6.936 seconds):
INFO:root:COST >> 0.4813 +/- 0.0119, % updates: 24.432%
