INFO:root:Shape for training set: (16296, 483142)
INFO:root:State: {'ndim': '50', 'test_all': 'None', 'test_path': 'None', 'nhid': '50', 'lremb': '0.001', 'seed': '2', 'simfn': 'L1', 'valid_path': 'None', 'nbatches': '10', 'lrparam': '0.001', 'decay': '0.9999', 'show_hinton_diagrams': 'False', 'no_rescaling': 'True', 'Nrel': '1345', 'ranking_score_right': 'False', 'Nent': '16296', 'Nsyn': '14951', 'method': 'MOMENTUM', 'loss_margin': '1.0', 'C': '1.0', 'epsilon': '1e-06', 'use_db': 'True', 'max_lr': 'None', 'l1_param_weight': 'None', 'filtered': 'False', 'name': 'fb15k_50/fb15k_MOMENTUM_152', 'totepochs': '50', 'l2_param_weight': 'None', 'train_path': 'data/fb15k/FB15k-train.pkl', 'op': 'TransE'}
INFO:root:Starting the Experiment ..
INFO:root:-- EPOCH 1 (5.648 seconds):
INFO:root:COST >> 1.5483 +/- 0.387, % updates: 60.835%
INFO:root:-- EPOCH 2 (5.703 seconds):
INFO:root:COST >> 0.5952 +/- 0.1093, % updates: 27.732%
INFO:root:-- EPOCH 3 (6.299 seconds):
INFO:root:COST >> 0.3753 +/- 0.0157, % updates: 18.136%
INFO:root:-- EPOCH 4 (5.549 seconds):
INFO:root:COST >> 0.3219 +/- 0.0031, % updates: 15.488%
INFO:root:-- EPOCH 5 (5.602 seconds):
INFO:root:COST >> 0.3044 +/- 0.0044, % updates: 14.619%
INFO:root:-- EPOCH 6 (5.565 seconds):
INFO:root:COST >> 0.2904 +/- 0.0026, % updates: 13.977%
INFO:root:-- EPOCH 7 (5.538 seconds):
INFO:root:COST >> 0.2804 +/- 0.0041, % updates: 13.586%
INFO:root:-- EPOCH 8 (5.543 seconds):
INFO:root:COST >> 0.2727 +/- 0.0047, % updates: 13.344%
INFO:root:-- EPOCH 9 (5.579 seconds):
INFO:root:COST >> 0.2703 +/- 0.005, % updates: 13.255%
INFO:root:-- EPOCH 10 (5.577 seconds):
INFO:root:COST >> 0.2684 +/- 0.0048, % updates: 13.177%
INFO:root:-- EPOCH 11 (5.587 seconds):
INFO:root:COST >> 0.2663 +/- 0.0039, % updates: 13.163%
INFO:root:-- EPOCH 12 (5.554 seconds):
INFO:root:COST >> 0.2657 +/- 0.0062, % updates: 13.197%
INFO:root:-- EPOCH 13 (5.586 seconds):
INFO:root:COST >> 0.2693 +/- 0.0066, % updates: 13.403%
INFO:root:-- EPOCH 14 (5.551 seconds):
INFO:root:COST >> 0.2888 +/- 0.0108, % updates: 14.045%
INFO:root:-- EPOCH 15 (5.545 seconds):
INFO:root:COST >> 0.296 +/- 0.0058, % updates: 14.214%
INFO:root:-- EPOCH 16 (5.581 seconds):
INFO:root:COST >> 0.2949 +/- 0.0073, % updates: 14.127%
INFO:root:-- EPOCH 17 (5.555 seconds):
INFO:root:COST >> 0.2942 +/- 0.0043, % updates: 14.126%
INFO:root:-- EPOCH 18 (5.53 seconds):
INFO:root:COST >> 0.2934 +/- 0.007, % updates: 14.086%
INFO:root:-- EPOCH 19 (5.565 seconds):
INFO:root:COST >> 0.2938 +/- 0.0054, % updates: 14.124%
INFO:root:-- EPOCH 20 (5.526 seconds):
INFO:root:COST >> 0.2956 +/- 0.0037, % updates: 14.196%
INFO:root:-- EPOCH 21 (5.573 seconds):
INFO:root:COST >> 0.2938 +/- 0.0057, % updates: 14.095%
INFO:root:-- EPOCH 22 (5.551 seconds):
INFO:root:COST >> 0.2944 +/- 0.007, % updates: 14.116%
INFO:root:-- EPOCH 23 (5.607 seconds):
INFO:root:COST >> 0.2934 +/- 0.0056, % updates: 14.078%
INFO:root:-- EPOCH 24 (5.551 seconds):
INFO:root:COST >> 0.2941 +/- 0.0056, % updates: 14.066%
INFO:root:-- EPOCH 25 (5.589 seconds):
INFO:root:COST >> 0.2943 +/- 0.0075, % updates: 14.132%
INFO:root:-- EPOCH 26 (5.576 seconds):
INFO:root:COST >> 0.2959 +/- 0.0069, % updates: 14.131%
INFO:root:-- EPOCH 27 (5.585 seconds):
INFO:root:COST >> 0.2974 +/- 0.0058, % updates: 14.137%
INFO:root:-- EPOCH 28 (5.511 seconds):
INFO:root:COST >> 0.2981 +/- 0.0041, % updates: 14.195%
INFO:root:-- EPOCH 29 (5.603 seconds):
INFO:root:COST >> 0.2965 +/- 0.0064, % updates: 14.197%
INFO:root:-- EPOCH 30 (5.617 seconds):
INFO:root:COST >> 0.2974 +/- 0.0054, % updates: 14.192%
INFO:root:-- EPOCH 31 (5.546 seconds):
INFO:root:COST >> 0.2965 +/- 0.0054, % updates: 14.15%
INFO:root:-- EPOCH 32 (5.56 seconds):
INFO:root:COST >> 0.2965 +/- 0.0046, % updates: 14.149%
INFO:root:-- EPOCH 33 (5.584 seconds):
INFO:root:COST >> 0.2985 +/- 0.0049, % updates: 14.191%
INFO:root:-- EPOCH 34 (5.578 seconds):
INFO:root:COST >> 0.2988 +/- 0.006, % updates: 14.218%
INFO:root:-- EPOCH 35 (5.576 seconds):
INFO:root:COST >> 0.2991 +/- 0.006, % updates: 14.268%
INFO:root:-- EPOCH 36 (5.651 seconds):
INFO:root:COST >> 0.2991 +/- 0.0052, % updates: 14.231%
INFO:root:-- EPOCH 37 (5.632 seconds):
INFO:root:COST >> 0.2989 +/- 0.0053, % updates: 14.267%
INFO:root:-- EPOCH 38 (5.711 seconds):
INFO:root:COST >> 0.3006 +/- 0.0049, % updates: 14.319%
INFO:root:-- EPOCH 39 (5.632 seconds):
INFO:root:COST >> 0.3005 +/- 0.0066, % updates: 14.34%
INFO:root:-- EPOCH 40 (5.528 seconds):
INFO:root:COST >> 0.3018 +/- 0.0089, % updates: 14.366%
INFO:root:-- EPOCH 41 (5.594 seconds):
INFO:root:COST >> 0.3008 +/- 0.0062, % updates: 14.385%
INFO:root:-- EPOCH 42 (5.529 seconds):
INFO:root:COST >> 0.3012 +/- 0.0052, % updates: 14.395%
INFO:root:-- EPOCH 43 (5.61 seconds):
INFO:root:COST >> 0.302 +/- 0.0057, % updates: 14.387%
INFO:root:-- EPOCH 44 (5.562 seconds):
INFO:root:COST >> 0.3025 +/- 0.0063, % updates: 14.42%
INFO:root:-- EPOCH 45 (5.754 seconds):
INFO:root:COST >> 0.3022 +/- 0.0059, % updates: 14.462%
INFO:root:-- EPOCH 46 (7.067 seconds):
INFO:root:COST >> 0.305 +/- 0.008, % updates: 14.505%
INFO:root:-- EPOCH 47 (5.602 seconds):
INFO:root:COST >> 0.3066 +/- 0.0073, % updates: 14.539%
INFO:root:-- EPOCH 48 (5.556 seconds):
INFO:root:COST >> 0.3068 +/- 0.0053, % updates: 14.56%
INFO:root:-- EPOCH 49 (5.593 seconds):
INFO:root:COST >> 0.3077 +/- 0.0071, % updates: 14.553%
INFO:root:-- EPOCH 50 (6.667 seconds):
INFO:root:COST >> 0.3075 +/- 0.007, % updates: 14.556%
