INFO:root:Shape for training set: (16296, 483142)
INFO:root:State: {'ndim': '50', 'test_all': 'None', 'test_path': 'None', 'nhid': '50', 'lremb': '1e-06', 'seed': '4', 'simfn': 'L1', 'valid_path': 'None', 'nbatches': '10', 'lrparam': '1e-06', 'decay': '0.99', 'show_hinton_diagrams': 'False', 'no_rescaling': 'True', 'Nrel': '1345', 'ranking_score_right': 'False', 'Nent': '16296', 'Nsyn': '14951', 'method': 'MOMENTUM', 'loss_margin': '1.0', 'C': '1.0', 'epsilon': '1e-06', 'use_db': 'True', 'max_lr': 'None', 'l1_param_weight': 'None', 'filtered': 'False', 'name': 'fb15k_50/fb15k_MOMENTUM_24', 'totepochs': '50', 'l2_param_weight': 'None', 'train_path': 'data/fb15k/FB15k-train.pkl', 'op': 'TransE'}
INFO:root:Starting the Experiment ..
INFO:root:-- EPOCH 1 (5.955 seconds):
INFO:root:COST >> 2.216 +/- 0.0067, % updates: 81.332%
INFO:root:-- EPOCH 2 (5.982 seconds):
INFO:root:COST >> 2.1657 +/- 0.0199, % updates: 80.64%
INFO:root:-- EPOCH 3 (5.964 seconds):
INFO:root:COST >> 2.0915 +/- 0.0225, % updates: 79.16%
INFO:root:-- EPOCH 4 (5.968 seconds):
INFO:root:COST >> 2.0219 +/- 0.0199, % updates: 77.355%
INFO:root:-- EPOCH 5 (5.936 seconds):
INFO:root:COST >> 1.9628 +/- 0.0188, % updates: 75.936%
INFO:root:-- EPOCH 6 (5.909 seconds):
INFO:root:COST >> 1.915 +/- 0.0141, % updates: 74.829%
INFO:root:-- EPOCH 7 (6.242 seconds):
INFO:root:COST >> 1.8754 +/- 0.0084, % updates: 73.804%
INFO:root:-- EPOCH 8 (7.369 seconds):
INFO:root:COST >> 1.8361 +/- 0.0129, % updates: 72.614%
INFO:root:-- EPOCH 9 (6.421 seconds):
INFO:root:COST >> 1.7938 +/- 0.0135, % updates: 71.376%
INFO:root:-- EPOCH 10 (5.952 seconds):
INFO:root:COST >> 1.7478 +/- 0.0139, % updates: 70.136%
INFO:root:-- EPOCH 11 (5.952 seconds):
INFO:root:COST >> 1.7039 +/- 0.0121, % updates: 68.788%
INFO:root:-- EPOCH 12 (5.903 seconds):
INFO:root:COST >> 1.6599 +/- 0.0132, % updates: 67.438%
INFO:root:-- EPOCH 13 (5.994 seconds):
INFO:root:COST >> 1.6147 +/- 0.0122, % updates: 66.288%
INFO:root:-- EPOCH 14 (5.942 seconds):
INFO:root:COST >> 1.5708 +/- 0.013, % updates: 65.028%
INFO:root:-- EPOCH 15 (5.905 seconds):
INFO:root:COST >> 1.5229 +/- 0.0192, % updates: 63.628%
INFO:root:-- EPOCH 16 (5.945 seconds):
INFO:root:COST >> 1.477 +/- 0.0132, % updates: 62.164%
INFO:root:-- EPOCH 17 (5.951 seconds):
INFO:root:COST >> 1.4329 +/- 0.0146, % updates: 60.709%
INFO:root:-- EPOCH 18 (5.955 seconds):
INFO:root:COST >> 1.3923 +/- 0.0118, % updates: 59.397%
INFO:root:-- EPOCH 19 (5.94 seconds):
INFO:root:COST >> 1.3521 +/- 0.0104, % updates: 58.146%
INFO:root:-- EPOCH 20 (5.925 seconds):
INFO:root:COST >> 1.3116 +/- 0.0117, % updates: 56.955%
INFO:root:-- EPOCH 21 (5.953 seconds):
INFO:root:COST >> 1.2757 +/- 0.01, % updates: 55.804%
INFO:root:-- EPOCH 22 (5.915 seconds):
INFO:root:COST >> 1.2366 +/- 0.0128, % updates: 54.615%
INFO:root:-- EPOCH 23 (5.911 seconds):
INFO:root:COST >> 1.1991 +/- 0.0126, % updates: 53.429%
INFO:root:-- EPOCH 24 (5.92 seconds):
INFO:root:COST >> 1.1618 +/- 0.0093, % updates: 52.292%
INFO:root:-- EPOCH 25 (5.94 seconds):
INFO:root:COST >> 1.1271 +/- 0.0107, % updates: 51.182%
INFO:root:-- EPOCH 26 (5.942 seconds):
INFO:root:COST >> 1.0913 +/- 0.0083, % updates: 50.064%
INFO:root:-- EPOCH 27 (5.96 seconds):
INFO:root:COST >> 1.0558 +/- 0.013, % updates: 48.966%
INFO:root:-- EPOCH 28 (5.917 seconds):
INFO:root:COST >> 1.0213 +/- 0.0094, % updates: 47.94%
INFO:root:-- EPOCH 29 (5.896 seconds):
INFO:root:COST >> 0.9928 +/- 0.0126, % updates: 46.964%
INFO:root:-- EPOCH 30 (5.99 seconds):
INFO:root:COST >> 0.959 +/- 0.0112, % updates: 45.897%
INFO:root:-- EPOCH 31 (5.917 seconds):
INFO:root:COST >> 0.9271 +/- 0.0116, % updates: 44.777%
INFO:root:-- EPOCH 32 (5.98 seconds):
INFO:root:COST >> 0.8965 +/- 0.0078, % updates: 43.74%
INFO:root:-- EPOCH 33 (5.932 seconds):
INFO:root:COST >> 0.863 +/- 0.0097, % updates: 42.659%
INFO:root:-- EPOCH 34 (5.941 seconds):
INFO:root:COST >> 0.8358 +/- 0.0101, % updates: 41.705%
INFO:root:-- EPOCH 35 (5.906 seconds):
INFO:root:COST >> 0.8053 +/- 0.0084, % updates: 40.613%
INFO:root:-- EPOCH 36 (5.921 seconds):
INFO:root:COST >> 0.7784 +/- 0.0072, % updates: 39.634%
INFO:root:-- EPOCH 37 (5.982 seconds):
INFO:root:COST >> 0.7517 +/- 0.0088, % updates: 38.65%
INFO:root:-- EPOCH 38 (5.906 seconds):
INFO:root:COST >> 0.7232 +/- 0.0085, % updates: 37.596%
INFO:root:-- EPOCH 39 (5.977 seconds):
INFO:root:COST >> 0.6975 +/- 0.008, % updates: 36.57%
INFO:root:-- EPOCH 40 (5.915 seconds):
INFO:root:COST >> 0.6718 +/- 0.0087, % updates: 35.5%
INFO:root:-- EPOCH 41 (5.863 seconds):
INFO:root:COST >> 0.6507 +/- 0.0093, % updates: 34.69%
INFO:root:-- EPOCH 42 (5.941 seconds):
INFO:root:COST >> 0.6275 +/- 0.009, % updates: 33.752%
INFO:root:-- EPOCH 43 (5.93 seconds):
INFO:root:COST >> 0.605 +/- 0.0088, % updates: 32.879%
INFO:root:-- EPOCH 44 (5.935 seconds):
INFO:root:COST >> 0.583 +/- 0.0066, % updates: 31.971%
INFO:root:-- EPOCH 45 (5.901 seconds):
INFO:root:COST >> 0.5649 +/- 0.0075, % updates: 31.194%
INFO:root:-- EPOCH 46 (5.908 seconds):
INFO:root:COST >> 0.5444 +/- 0.0067, % updates: 30.308%
INFO:root:-- EPOCH 47 (5.915 seconds):
INFO:root:COST >> 0.527 +/- 0.0059, % updates: 29.546%
INFO:root:-- EPOCH 48 (5.877 seconds):
INFO:root:COST >> 0.5097 +/- 0.006, % updates: 28.783%
INFO:root:-- EPOCH 49 (5.878 seconds):
INFO:root:COST >> 0.4913 +/- 0.0047, % updates: 27.988%
INFO:root:-- EPOCH 50 (5.937 seconds):
INFO:root:COST >> 0.4767 +/- 0.0059, % updates: 27.259%
