INFO:root:Shape for training set: (16296, 483142)
INFO:root:State: {'ndim': '50', 'test_all': 'None', 'test_path': 'None', 'nhid': '50', 'lremb': '1e-05', 'seed': '3', 'simfn': 'L1', 'valid_path': 'None', 'nbatches': '10', 'lrparam': '1e-05', 'decay': '0.999', 'show_hinton_diagrams': 'False', 'no_rescaling': 'True', 'Nrel': '1345', 'ranking_score_right': 'False', 'Nent': '16296', 'Nsyn': '14951', 'method': 'MOMENTUM', 'loss_margin': '1.0', 'C': '1.0', 'epsilon': '1e-06', 'use_db': 'True', 'max_lr': 'None', 'l1_param_weight': 'None', 'filtered': 'False', 'name': 'fb15k_50/fb15k_MOMENTUM_63', 'totepochs': '50', 'l2_param_weight': 'None', 'train_path': 'data/fb15k/FB15k-train.pkl', 'op': 'TransE'}
INFO:root:Starting the Experiment ..
INFO:root:-- EPOCH 1 (5.994 seconds):
INFO:root:COST >> 2.1439 +/- 0.056, % updates: 79.932%
INFO:root:-- EPOCH 2 (6.342 seconds):
INFO:root:COST >> 1.9479 +/- 0.0466, % updates: 75.347%
INFO:root:-- EPOCH 3 (5.992 seconds):
INFO:root:COST >> 1.8039 +/- 0.0411, % updates: 71.475%
INFO:root:-- EPOCH 4 (5.935 seconds):
INFO:root:COST >> 1.6319 +/- 0.0483, % updates: 66.152%
INFO:root:-- EPOCH 5 (5.987 seconds):
INFO:root:COST >> 1.4406 +/- 0.0485, % updates: 60.005%
INFO:root:-- EPOCH 6 (5.973 seconds):
INFO:root:COST >> 1.2757 +/- 0.0404, % updates: 54.469%
INFO:root:-- EPOCH 7 (6.05 seconds):
INFO:root:COST >> 1.1315 +/- 0.042, % updates: 49.676%
INFO:root:-- EPOCH 8 (5.943 seconds):
INFO:root:COST >> 0.984 +/- 0.0396, % updates: 44.703%
INFO:root:-- EPOCH 9 (5.966 seconds):
INFO:root:COST >> 0.8411 +/- 0.0378, % updates: 39.593%
INFO:root:-- EPOCH 10 (5.888 seconds):
INFO:root:COST >> 0.7131 +/- 0.0324, % updates: 34.576%
INFO:root:-- EPOCH 11 (5.865 seconds):
INFO:root:COST >> 0.6089 +/- 0.0246, % updates: 30.267%
INFO:root:-- EPOCH 12 (5.886 seconds):
INFO:root:COST >> 0.5253 +/- 0.0209, % updates: 26.579%
INFO:root:-- EPOCH 13 (5.86 seconds):
INFO:root:COST >> 0.4605 +/- 0.0142, % updates: 23.712%
INFO:root:-- EPOCH 14 (5.92 seconds):
INFO:root:COST >> 0.4145 +/- 0.0114, % updates: 21.543%
INFO:root:-- EPOCH 15 (6.031 seconds):
INFO:root:COST >> 0.3771 +/- 0.0118, % updates: 19.704%
INFO:root:-- EPOCH 16 (5.891 seconds):
INFO:root:COST >> 0.3472 +/- 0.007, % updates: 18.205%
INFO:root:-- EPOCH 17 (5.939 seconds):
INFO:root:COST >> 0.3226 +/- 0.0077, % updates: 16.988%
INFO:root:-- EPOCH 18 (5.966 seconds):
INFO:root:COST >> 0.3037 +/- 0.005, % updates: 16.059%
INFO:root:-- EPOCH 19 (5.862 seconds):
INFO:root:COST >> 0.287 +/- 0.005, % updates: 15.23%
INFO:root:-- EPOCH 20 (5.889 seconds):
INFO:root:COST >> 0.2724 +/- 0.0038, % updates: 14.464%
INFO:root:-- EPOCH 21 (5.941 seconds):
INFO:root:COST >> 0.2603 +/- 0.0041, % updates: 13.776%
INFO:root:-- EPOCH 22 (5.881 seconds):
INFO:root:COST >> 0.2465 +/- 0.004, % updates: 13.164%
INFO:root:-- EPOCH 23 (6.419 seconds):
INFO:root:COST >> 0.2377 +/- 0.0041, % updates: 12.688%
INFO:root:-- EPOCH 24 (5.865 seconds):
INFO:root:COST >> 0.2288 +/- 0.0025, % updates: 12.228%
INFO:root:-- EPOCH 25 (5.878 seconds):
INFO:root:COST >> 0.2198 +/- 0.0022, % updates: 11.783%
INFO:root:-- EPOCH 26 (5.942 seconds):
INFO:root:COST >> 0.2112 +/- 0.0019, % updates: 11.385%
INFO:root:-- EPOCH 27 (5.893 seconds):
INFO:root:COST >> 0.2035 +/- 0.0035, % updates: 10.99%
INFO:root:-- EPOCH 28 (5.915 seconds):
INFO:root:COST >> 0.1955 +/- 0.0029, % updates: 10.632%
INFO:root:-- EPOCH 29 (5.934 seconds):
INFO:root:COST >> 0.1901 +/- 0.0028, % updates: 10.357%
INFO:root:-- EPOCH 30 (5.862 seconds):
INFO:root:COST >> 0.1841 +/- 0.0024, % updates: 10.052%
INFO:root:-- EPOCH 31 (5.922 seconds):
INFO:root:COST >> 0.1792 +/- 0.0028, % updates: 9.778%
INFO:root:-- EPOCH 32 (5.832 seconds):
INFO:root:COST >> 0.174 +/- 0.0028, % updates: 9.54%
INFO:root:-- EPOCH 33 (5.939 seconds):
INFO:root:COST >> 0.1686 +/- 0.0037, % updates: 9.267%
INFO:root:-- EPOCH 34 (5.906 seconds):
INFO:root:COST >> 0.1657 +/- 0.0017, % updates: 9.13%
INFO:root:-- EPOCH 35 (5.879 seconds):
INFO:root:COST >> 0.1602 +/- 0.002, % updates: 8.895%
INFO:root:-- EPOCH 36 (5.935 seconds):
INFO:root:COST >> 0.1571 +/- 0.0026, % updates: 8.712%
INFO:root:-- EPOCH 37 (5.915 seconds):
INFO:root:COST >> 0.1527 +/- 0.0017, % updates: 8.52%
INFO:root:-- EPOCH 38 (5.928 seconds):
INFO:root:COST >> 0.1488 +/- 0.0018, % updates: 8.353%
INFO:root:-- EPOCH 39 (6.294 seconds):
INFO:root:COST >> 0.1456 +/- 0.0015, % updates: 8.204%
INFO:root:-- EPOCH 40 (5.939 seconds):
INFO:root:COST >> 0.1426 +/- 0.0012, % updates: 8.081%
INFO:root:-- EPOCH 41 (5.888 seconds):
INFO:root:COST >> 0.1386 +/- 0.0024, % updates: 7.857%
INFO:root:-- EPOCH 42 (5.846 seconds):
INFO:root:COST >> 0.1374 +/- 0.0025, % updates: 7.762%
INFO:root:-- EPOCH 43 (5.917 seconds):
INFO:root:COST >> 0.1341 +/- 0.002, % updates: 7.641%
INFO:root:-- EPOCH 44 (5.871 seconds):
INFO:root:COST >> 0.1324 +/- 0.0011, % updates: 7.546%
INFO:root:-- EPOCH 45 (5.911 seconds):
INFO:root:COST >> 0.1315 +/- 0.002, % updates: 7.47%
INFO:root:-- EPOCH 46 (5.864 seconds):
INFO:root:COST >> 0.1279 +/- 0.0016, % updates: 7.337%
INFO:root:-- EPOCH 47 (5.889 seconds):
INFO:root:COST >> 0.1252 +/- 0.0017, % updates: 7.189%
INFO:root:-- EPOCH 48 (5.854 seconds):
INFO:root:COST >> 0.1248 +/- 0.0025, % updates: 7.146%
INFO:root:-- EPOCH 49 (5.923 seconds):
INFO:root:COST >> 0.1232 +/- 0.0014, % updates: 7.061%
INFO:root:-- EPOCH 50 (5.818 seconds):
INFO:root:COST >> 0.1206 +/- 0.0016, % updates: 6.999%
