INFO:root:Shape for training set: (16296, 483142)
INFO:root:State: {'ndim': '50', 'test_all': 'None', 'test_path': 'None', 'nhid': '50', 'lremb': '0.1', 'seed': '1', 'simfn': 'L1', 'valid_path': 'None', 'nbatches': '10', 'lrparam': '0.1', 'decay': '0.5', 'show_hinton_diagrams': 'False', 'no_rescaling': 'True', 'Nrel': '1345', 'ranking_score_right': 'False', 'Nent': '16296', 'Nsyn': '14951', 'method': 'MOMENTUM', 'loss_margin': '1.0', 'C': '1.0', 'epsilon': '1e-06', 'use_db': 'True', 'max_lr': 'None', 'l1_param_weight': 'None', 'filtered': 'False', 'name': 'fb15k_50/fb15k_MOMENTUM_291', 'totepochs': '50', 'l2_param_weight': 'None', 'train_path': 'data/fb15k/FB15k-train.pkl', 'op': 'TransE'}
INFO:root:Starting the Experiment ..
INFO:root:-- EPOCH 1 (5.634 seconds):
INFO:root:COST >> 1.5606 +/- 0.6535, % updates: 48.187%
INFO:root:-- EPOCH 2 (5.606 seconds):
INFO:root:COST >> 1.2078 +/- 0.0457, % updates: 38.089%
INFO:root:-- EPOCH 3 (5.615 seconds):
INFO:root:COST >> 1.2043 +/- 0.0428, % updates: 37.948%
INFO:root:-- EPOCH 4 (5.611 seconds):
INFO:root:COST >> 1.2012 +/- 0.0476, % updates: 37.872%
INFO:root:-- EPOCH 5 (5.58 seconds):
INFO:root:COST >> 1.2034 +/- 0.044, % updates: 37.869%
INFO:root:-- EPOCH 6 (5.621 seconds):
INFO:root:COST >> 1.202 +/- 0.0471, % updates: 37.813%
INFO:root:-- EPOCH 7 (5.622 seconds):
INFO:root:COST >> 1.2004 +/- 0.0465, % updates: 37.777%
INFO:root:-- EPOCH 8 (5.561 seconds):
INFO:root:COST >> 1.2009 +/- 0.0424, % updates: 37.781%
INFO:root:-- EPOCH 9 (5.61 seconds):
INFO:root:COST >> 1.2015 +/- 0.0483, % updates: 37.854%
INFO:root:-- EPOCH 10 (5.593 seconds):
INFO:root:COST >> 1.1961 +/- 0.0451, % updates: 37.701%
INFO:root:-- EPOCH 11 (5.626 seconds):
INFO:root:COST >> 1.1971 +/- 0.0414, % updates: 37.76%
INFO:root:-- EPOCH 12 (5.617 seconds):
INFO:root:COST >> 1.1999 +/- 0.0453, % updates: 37.794%
INFO:root:-- EPOCH 13 (5.637 seconds):
INFO:root:COST >> 1.196 +/- 0.0448, % updates: 37.592%
INFO:root:-- EPOCH 14 (5.634 seconds):
INFO:root:COST >> 1.1958 +/- 0.0436, % updates: 37.744%
INFO:root:-- EPOCH 15 (5.553 seconds):
INFO:root:COST >> 1.1942 +/- 0.0459, % updates: 37.714%
INFO:root:-- EPOCH 16 (5.599 seconds):
INFO:root:COST >> 1.1961 +/- 0.047, % updates: 37.671%
INFO:root:-- EPOCH 17 (6.745 seconds):
INFO:root:COST >> 1.1947 +/- 0.0435, % updates: 37.622%
INFO:root:-- EPOCH 18 (7.326 seconds):
INFO:root:COST >> 1.1993 +/- 0.0441, % updates: 37.761%
INFO:root:-- EPOCH 19 (7.755 seconds):
INFO:root:COST >> 1.1926 +/- 0.0463, % updates: 37.608%
INFO:root:-- EPOCH 20 (7.222 seconds):
INFO:root:COST >> 1.1962 +/- 0.0467, % updates: 37.712%
INFO:root:-- EPOCH 21 (7.134 seconds):
INFO:root:COST >> 1.192 +/- 0.0459, % updates: 37.661%
INFO:root:-- EPOCH 22 (5.605 seconds):
INFO:root:COST >> 1.194 +/- 0.0463, % updates: 37.605%
INFO:root:-- EPOCH 23 (5.571 seconds):
INFO:root:COST >> 1.1922 +/- 0.0468, % updates: 37.57%
INFO:root:-- EPOCH 24 (5.593 seconds):
INFO:root:COST >> 1.1883 +/- 0.0417, % updates: 37.522%
INFO:root:-- EPOCH 25 (5.59 seconds):
INFO:root:COST >> 1.1926 +/- 0.0482, % updates: 37.629%
INFO:root:-- EPOCH 26 (5.63 seconds):
INFO:root:COST >> 1.1895 +/- 0.0385, % updates: 37.565%
INFO:root:-- EPOCH 27 (5.683 seconds):
INFO:root:COST >> 1.19 +/- 0.0457, % updates: 37.565%
INFO:root:-- EPOCH 28 (5.614 seconds):
INFO:root:COST >> 1.1913 +/- 0.045, % updates: 37.611%
INFO:root:-- EPOCH 29 (5.663 seconds):
INFO:root:COST >> 1.1946 +/- 0.0429, % updates: 37.608%
INFO:root:-- EPOCH 30 (5.638 seconds):
INFO:root:COST >> 1.1909 +/- 0.0511, % updates: 37.574%
INFO:root:-- EPOCH 31 (5.595 seconds):
INFO:root:COST >> 1.1902 +/- 0.0442, % updates: 37.543%
INFO:root:-- EPOCH 32 (5.616 seconds):
INFO:root:COST >> 1.1881 +/- 0.043, % updates: 37.455%
INFO:root:-- EPOCH 33 (5.612 seconds):
INFO:root:COST >> 1.1893 +/- 0.0404, % updates: 37.548%
INFO:root:-- EPOCH 34 (5.586 seconds):
INFO:root:COST >> 1.1907 +/- 0.0415, % updates: 37.537%
INFO:root:-- EPOCH 35 (5.605 seconds):
INFO:root:COST >> 1.1902 +/- 0.0456, % updates: 37.55%
INFO:root:-- EPOCH 36 (5.607 seconds):
INFO:root:COST >> 1.1942 +/- 0.047, % updates: 37.556%
INFO:root:-- EPOCH 37 (5.559 seconds):
INFO:root:COST >> 1.1867 +/- 0.0416, % updates: 37.504%
INFO:root:-- EPOCH 38 (5.571 seconds):
INFO:root:COST >> 1.1883 +/- 0.0445, % updates: 37.547%
INFO:root:-- EPOCH 39 (5.623 seconds):
INFO:root:COST >> 1.1894 +/- 0.0415, % updates: 37.534%
INFO:root:-- EPOCH 40 (5.634 seconds):
INFO:root:COST >> 1.1912 +/- 0.0403, % updates: 37.533%
INFO:root:-- EPOCH 41 (5.658 seconds):
INFO:root:COST >> 1.1922 +/- 0.0413, % updates: 37.571%
INFO:root:-- EPOCH 42 (5.659 seconds):
INFO:root:COST >> 1.1897 +/- 0.045, % updates: 37.501%
INFO:root:-- EPOCH 43 (5.624 seconds):
INFO:root:COST >> 1.1882 +/- 0.0478, % updates: 37.507%
INFO:root:-- EPOCH 44 (5.622 seconds):
INFO:root:COST >> 1.1939 +/- 0.0443, % updates: 37.602%
INFO:root:-- EPOCH 45 (5.6 seconds):
INFO:root:COST >> 1.1895 +/- 0.0438, % updates: 37.535%
INFO:root:-- EPOCH 46 (5.531 seconds):
INFO:root:COST >> 1.1882 +/- 0.0496, % updates: 37.488%
INFO:root:-- EPOCH 47 (5.593 seconds):
INFO:root:COST >> 1.19 +/- 0.0389, % updates: 37.536%
INFO:root:-- EPOCH 48 (5.193 seconds):
INFO:root:COST >> 1.1852 +/- 0.0463, % updates: 37.469%
INFO:root:-- EPOCH 49 (5.58 seconds):
INFO:root:COST >> 1.1935 +/- 0.0446, % updates: 37.516%
INFO:root:-- EPOCH 50 (5.614 seconds):
INFO:root:COST >> 1.1905 +/- 0.0421, % updates: 37.55%
