INFO:root:Shape for training set: (16296, 483142)
INFO:root:State: {'ndim': '50', 'test_all': 'None', 'test_path': 'None', 'nhid': '50', 'lremb': '1e-06', 'seed': '0', 'simfn': 'L1', 'valid_path': 'None', 'nbatches': '10', 'lrparam': '1e-06', 'decay': '0.999', 'show_hinton_diagrams': 'False', 'no_rescaling': 'True', 'Nrel': '1345', 'ranking_score_right': 'False', 'Nent': '16296', 'Nsyn': '14951', 'method': 'MOMENTUM', 'loss_margin': '1.0', 'C': '1.0', 'epsilon': '1e-06', 'use_db': 'True', 'max_lr': 'None', 'l1_param_weight': 'None', 'filtered': 'False', 'name': 'fb15k_50/fb15k_MOMENTUM_10', 'totepochs': '50', 'l2_param_weight': 'None', 'train_path': 'data/fb15k/FB15k-train.pkl', 'op': 'TransE'}
INFO:root:Starting the Experiment ..
INFO:root:-- EPOCH 1 (6.943 seconds):
INFO:root:COST >> 2.1916 +/- 0.0101, % updates: 80.938%
INFO:root:-- EPOCH 2 (5.829 seconds):
INFO:root:COST >> 2.1485 +/- 0.0235, % updates: 80.204%
INFO:root:-- EPOCH 3 (6.354 seconds):
INFO:root:COST >> 2.0731 +/- 0.0231, % updates: 78.474%
INFO:root:-- EPOCH 4 (6.45 seconds):
INFO:root:COST >> 2.0018 +/- 0.0192, % updates: 76.621%
INFO:root:-- EPOCH 5 (7.219 seconds):
INFO:root:COST >> 1.9368 +/- 0.0177, % updates: 74.917%
INFO:root:-- EPOCH 6 (8.3 seconds):
INFO:root:COST >> 1.8858 +/- 0.0103, % updates: 73.593%
INFO:root:-- EPOCH 7 (7.378 seconds):
INFO:root:COST >> 1.8556 +/- 0.0148, % updates: 72.748%
INFO:root:-- EPOCH 8 (6.315 seconds):
INFO:root:COST >> 1.8191 +/- 0.0135, % updates: 71.568%
INFO:root:-- EPOCH 9 (5.954 seconds):
INFO:root:COST >> 1.7702 +/- 0.0188, % updates: 70.237%
INFO:root:-- EPOCH 10 (6.21 seconds):
INFO:root:COST >> 1.714 +/- 0.0159, % updates: 68.829%
INFO:root:-- EPOCH 11 (5.918 seconds):
INFO:root:COST >> 1.6573 +/- 0.017, % updates: 67.051%
INFO:root:-- EPOCH 12 (5.966 seconds):
INFO:root:COST >> 1.6015 +/- 0.0173, % updates: 65.327%
INFO:root:-- EPOCH 13 (5.924 seconds):
INFO:root:COST >> 1.5384 +/- 0.0193, % updates: 63.456%
INFO:root:-- EPOCH 14 (6.291 seconds):
INFO:root:COST >> 1.4751 +/- 0.0209, % updates: 61.382%
INFO:root:-- EPOCH 15 (6.785 seconds):
INFO:root:COST >> 1.4155 +/- 0.0164, % updates: 59.289%
INFO:root:-- EPOCH 16 (6.633 seconds):
INFO:root:COST >> 1.3662 +/- 0.0179, % updates: 57.564%
INFO:root:-- EPOCH 17 (7.044 seconds):
INFO:root:COST >> 1.3152 +/- 0.0175, % updates: 55.87%
INFO:root:-- EPOCH 18 (7.042 seconds):
INFO:root:COST >> 1.2668 +/- 0.0131, % updates: 54.285%
INFO:root:-- EPOCH 19 (6.924 seconds):
INFO:root:COST >> 1.2197 +/- 0.014, % updates: 52.798%
INFO:root:-- EPOCH 20 (6.503 seconds):
INFO:root:COST >> 1.172 +/- 0.0128, % updates: 51.279%
INFO:root:-- EPOCH 21 (7.356 seconds):
INFO:root:COST >> 1.1263 +/- 0.0152, % updates: 49.812%
INFO:root:-- EPOCH 22 (7.822 seconds):
INFO:root:COST >> 1.0797 +/- 0.0141, % updates: 48.263%
INFO:root:-- EPOCH 23 (7.246 seconds):
INFO:root:COST >> 1.0327 +/- 0.0153, % updates: 46.7%
INFO:root:-- EPOCH 24 (6.848 seconds):
INFO:root:COST >> 0.9854 +/- 0.0131, % updates: 45.126%
INFO:root:-- EPOCH 25 (7.132 seconds):
INFO:root:COST >> 0.9413 +/- 0.0163, % updates: 43.554%
INFO:root:-- EPOCH 26 (8.554 seconds):
INFO:root:COST >> 0.8956 +/- 0.014, % updates: 42.032%
INFO:root:-- EPOCH 27 (7.146 seconds):
INFO:root:COST >> 0.8522 +/- 0.0126, % updates: 40.279%
INFO:root:-- EPOCH 28 (6.618 seconds):
INFO:root:COST >> 0.8102 +/- 0.0122, % updates: 38.748%
INFO:root:-- EPOCH 29 (8.013 seconds):
INFO:root:COST >> 0.7682 +/- 0.0111, % updates: 37.13%
INFO:root:-- EPOCH 30 (7.346 seconds):
INFO:root:COST >> 0.73 +/- 0.0087, % updates: 35.62%
INFO:root:-- EPOCH 31 (6.439 seconds):
INFO:root:COST >> 0.6914 +/- 0.0111, % updates: 34.08%
INFO:root:-- EPOCH 32 (7.134 seconds):
INFO:root:COST >> 0.6562 +/- 0.0103, % updates: 32.558%
INFO:root:-- EPOCH 33 (7.854 seconds):
INFO:root:COST >> 0.6224 +/- 0.0081, % updates: 31.14%
INFO:root:-- EPOCH 34 (7.274 seconds):
INFO:root:COST >> 0.5921 +/- 0.0092, % updates: 29.849%
INFO:root:-- EPOCH 35 (7.015 seconds):
INFO:root:COST >> 0.5609 +/- 0.01, % updates: 28.533%
INFO:root:-- EPOCH 36 (6.924 seconds):
INFO:root:COST >> 0.535 +/- 0.0075, % updates: 27.383%
INFO:root:-- EPOCH 37 (7.785 seconds):
INFO:root:COST >> 0.5096 +/- 0.0086, % updates: 26.267%
INFO:root:-- EPOCH 38 (7.08 seconds):
INFO:root:COST >> 0.4861 +/- 0.0089, % updates: 25.197%
INFO:root:-- EPOCH 39 (6.246 seconds):
INFO:root:COST >> 0.4659 +/- 0.0073, % updates: 24.175%
INFO:root:-- EPOCH 40 (5.944 seconds):
INFO:root:COST >> 0.4465 +/- 0.0072, % updates: 23.293%
INFO:root:-- EPOCH 41 (6.529 seconds):
INFO:root:COST >> 0.4279 +/- 0.0052, % updates: 22.481%
INFO:root:-- EPOCH 42 (7.242 seconds):
INFO:root:COST >> 0.4118 +/- 0.0052, % updates: 21.65%
INFO:root:-- EPOCH 43 (8.128 seconds):
INFO:root:COST >> 0.3964 +/- 0.0062, % updates: 20.927%
INFO:root:-- EPOCH 44 (6.431 seconds):
INFO:root:COST >> 0.3806 +/- 0.0043, % updates: 20.204%
INFO:root:-- EPOCH 45 (6.051 seconds):
INFO:root:COST >> 0.3684 +/- 0.0045, % updates: 19.566%
INFO:root:-- EPOCH 46 (6.075 seconds):
INFO:root:COST >> 0.3554 +/- 0.0051, % updates: 18.99%
INFO:root:-- EPOCH 47 (6.038 seconds):
INFO:root:COST >> 0.3458 +/- 0.0029, % updates: 18.438%
INFO:root:-- EPOCH 48 (6.46 seconds):
INFO:root:COST >> 0.3351 +/- 0.0038, % updates: 17.952%
INFO:root:-- EPOCH 49 (6.926 seconds):
INFO:root:COST >> 0.3256 +/- 0.0039, % updates: 17.47%
INFO:root:-- EPOCH 50 (7.774 seconds):
INFO:root:COST >> 0.3154 +/- 0.0032, % updates: 16.924%
