INFO:root:Shape for training set: (16296, 483142)
INFO:root:State: {'ndim': '50', 'test_all': 'None', 'test_path': 'None', 'nhid': '50', 'lremb': '0.001', 'seed': '4', 'simfn': 'L1', 'valid_path': 'None', 'nbatches': '10', 'lrparam': '0.001', 'decay': '0.9', 'show_hinton_diagrams': 'False', 'no_rescaling': 'True', 'Nrel': '1345', 'ranking_score_right': 'False', 'Nent': '16296', 'Nsyn': '14951', 'method': 'MOMENTUM', 'loss_margin': '1.0', 'C': '1.0', 'epsilon': '1e-06', 'use_db': 'True', 'max_lr': 'None', 'l1_param_weight': 'None', 'filtered': 'False', 'name': 'fb15k_50/fb15k_MOMENTUM_184', 'totepochs': '50', 'l2_param_weight': 'None', 'train_path': 'data/fb15k/FB15k-train.pkl', 'op': 'TransE'}
INFO:root:Starting the Experiment ..
INFO:root:-- EPOCH 1 (5.618 seconds):
INFO:root:COST >> 1.553 +/- 0.3872, % updates: 61.322%
INFO:root:-- EPOCH 2 (5.528 seconds):
INFO:root:COST >> 0.5183 +/- 0.139, % updates: 25.345%
INFO:root:-- EPOCH 3 (5.505 seconds):
INFO:root:COST >> 0.2641 +/- 0.0193, % updates: 13.774%
INFO:root:-- EPOCH 4 (5.525 seconds):
INFO:root:COST >> 0.2368 +/- 0.0043, % updates: 11.754%
INFO:root:-- EPOCH 5 (5.563 seconds):
INFO:root:COST >> 0.2169 +/- 0.0045, % updates: 10.63%
INFO:root:-- EPOCH 6 (5.594 seconds):
INFO:root:COST >> 0.2037 +/- 0.0029, % updates: 9.959%
INFO:root:-- EPOCH 7 (5.574 seconds):
INFO:root:COST >> 0.1958 +/- 0.0031, % updates: 9.516%
INFO:root:-- EPOCH 8 (5.533 seconds):
INFO:root:COST >> 0.1903 +/- 0.0028, % updates: 9.209%
INFO:root:-- EPOCH 9 (5.593 seconds):
INFO:root:COST >> 0.1857 +/- 0.0033, % updates: 8.988%
INFO:root:-- EPOCH 10 (5.544 seconds):
INFO:root:COST >> 0.1821 +/- 0.0032, % updates: 8.805%
INFO:root:-- EPOCH 11 (5.601 seconds):
INFO:root:COST >> 0.1786 +/- 0.0032, % updates: 8.655%
INFO:root:-- EPOCH 12 (5.56 seconds):
INFO:root:COST >> 0.1779 +/- 0.0038, % updates: 8.584%
INFO:root:-- EPOCH 13 (5.602 seconds):
INFO:root:COST >> 0.1746 +/- 0.0038, % updates: 8.416%
INFO:root:-- EPOCH 14 (5.559 seconds):
INFO:root:COST >> 0.1736 +/- 0.004, % updates: 8.374%
INFO:root:-- EPOCH 15 (5.595 seconds):
INFO:root:COST >> 0.1719 +/- 0.0057, % updates: 8.284%
INFO:root:-- EPOCH 16 (5.609 seconds):
INFO:root:COST >> 0.1725 +/- 0.0034, % updates: 8.282%
INFO:root:-- EPOCH 17 (5.595 seconds):
INFO:root:COST >> 0.1685 +/- 0.0035, % updates: 8.132%
INFO:root:-- EPOCH 18 (5.625 seconds):
INFO:root:COST >> 0.1673 +/- 0.004, % updates: 8.07%
INFO:root:-- EPOCH 19 (5.603 seconds):
INFO:root:COST >> 0.1663 +/- 0.0035, % updates: 8.055%
INFO:root:-- EPOCH 20 (5.557 seconds):
INFO:root:COST >> 0.1656 +/- 0.0046, % updates: 7.981%
INFO:root:-- EPOCH 21 (5.572 seconds):
INFO:root:COST >> 0.1646 +/- 0.0046, % updates: 7.933%
INFO:root:-- EPOCH 22 (5.564 seconds):
INFO:root:COST >> 0.1635 +/- 0.0028, % updates: 7.906%
INFO:root:-- EPOCH 23 (5.582 seconds):
INFO:root:COST >> 0.1625 +/- 0.0043, % updates: 7.87%
INFO:root:-- EPOCH 24 (5.575 seconds):
INFO:root:COST >> 0.1612 +/- 0.0036, % updates: 7.826%
INFO:root:-- EPOCH 25 (5.565 seconds):
INFO:root:COST >> 0.162 +/- 0.0029, % updates: 7.808%
INFO:root:-- EPOCH 26 (5.571 seconds):
INFO:root:COST >> 0.1603 +/- 0.0042, % updates: 7.768%
INFO:root:-- EPOCH 27 (5.581 seconds):
INFO:root:COST >> 0.1589 +/- 0.004, % updates: 7.704%
INFO:root:-- EPOCH 28 (5.547 seconds):
INFO:root:COST >> 0.1596 +/- 0.0035, % updates: 7.733%
INFO:root:-- EPOCH 29 (5.551 seconds):
INFO:root:COST >> 0.1591 +/- 0.0043, % updates: 7.715%
INFO:root:-- EPOCH 30 (5.635 seconds):
INFO:root:COST >> 0.1566 +/- 0.0044, % updates: 7.612%
INFO:root:-- EPOCH 31 (5.565 seconds):
INFO:root:COST >> 0.1572 +/- 0.0035, % updates: 7.59%
INFO:root:-- EPOCH 32 (5.594 seconds):
INFO:root:COST >> 0.1572 +/- 0.0042, % updates: 7.607%
INFO:root:-- EPOCH 33 (5.56 seconds):
INFO:root:COST >> 0.1545 +/- 0.0039, % updates: 7.565%
INFO:root:-- EPOCH 34 (5.663 seconds):
INFO:root:COST >> 0.156 +/- 0.0038, % updates: 7.574%
INFO:root:-- EPOCH 35 (5.552 seconds):
INFO:root:COST >> 0.1549 +/- 0.0037, % updates: 7.527%
INFO:root:-- EPOCH 36 (5.603 seconds):
INFO:root:COST >> 0.1543 +/- 0.0049, % updates: 7.5%
INFO:root:-- EPOCH 37 (5.601 seconds):
INFO:root:COST >> 0.1559 +/- 0.0045, % updates: 7.551%
INFO:root:-- EPOCH 38 (5.618 seconds):
INFO:root:COST >> 0.1539 +/- 0.0036, % updates: 7.494%
INFO:root:-- EPOCH 39 (5.591 seconds):
INFO:root:COST >> 0.153 +/- 0.0053, % updates: 7.462%
INFO:root:-- EPOCH 40 (5.622 seconds):
INFO:root:COST >> 0.1523 +/- 0.0035, % updates: 7.434%
INFO:root:-- EPOCH 41 (5.574 seconds):
INFO:root:COST >> 0.1525 +/- 0.0041, % updates: 7.437%
INFO:root:-- EPOCH 42 (5.552 seconds):
INFO:root:COST >> 0.1521 +/- 0.0038, % updates: 7.422%
INFO:root:-- EPOCH 43 (5.59 seconds):
INFO:root:COST >> 0.1523 +/- 0.0041, % updates: 7.457%
INFO:root:-- EPOCH 44 (5.599 seconds):
INFO:root:COST >> 0.1522 +/- 0.0046, % updates: 7.416%
INFO:root:-- EPOCH 45 (5.605 seconds):
INFO:root:COST >> 0.1506 +/- 0.0034, % updates: 7.358%
INFO:root:-- EPOCH 46 (5.623 seconds):
INFO:root:COST >> 0.1498 +/- 0.0039, % updates: 7.342%
INFO:root:-- EPOCH 47 (5.591 seconds):
INFO:root:COST >> 0.15 +/- 0.0041, % updates: 7.319%
INFO:root:-- EPOCH 48 (5.555 seconds):
INFO:root:COST >> 0.1503 +/- 0.0043, % updates: 7.345%
INFO:root:-- EPOCH 49 (5.606 seconds):
INFO:root:COST >> 0.151 +/- 0.0033, % updates: 7.362%
INFO:root:-- EPOCH 50 (5.583 seconds):
INFO:root:COST >> 0.1491 +/- 0.0025, % updates: 7.303%
