INFO:root:Shape for training set: (16296, 483142)
INFO:root:State: {'ndim': '50', 'test_all': 'None', 'test_path': 'None', 'nhid': '50', 'lremb': '0.0001', 'seed': '8', 'simfn': 'L1', 'valid_path': 'None', 'nbatches': '10', 'lrparam': '0.0001', 'decay': '0.5', 'show_hinton_diagrams': 'False', 'no_rescaling': 'True', 'Nrel': '1345', 'ranking_score_right': 'False', 'Nent': '16296', 'Nsyn': '14951', 'method': 'MOMENTUM', 'loss_margin': '1.0', 'C': '1.0', 'epsilon': '1e-06', 'use_db': 'True', 'max_lr': 'None', 'l1_param_weight': 'None', 'filtered': 'False', 'name': 'fb15k_50/fb15k_MOMENTUM_148', 'totepochs': '50', 'l2_param_weight': 'None', 'train_path': 'data/fb15k/FB15k-train.pkl', 'op': 'TransE'}
INFO:root:Starting the Experiment ..
INFO:root:-- EPOCH 1 (4.489 seconds):
INFO:root:COST >> 2.0182 +/- 0.101, % updates: 77.066%
INFO:root:-- EPOCH 2 (4.99 seconds):
INFO:root:COST >> 1.769 +/- 0.0431, % updates: 70.91%
INFO:root:-- EPOCH 3 (5.695 seconds):
INFO:root:COST >> 1.6115 +/- 0.034, % updates: 66.732%
INFO:root:-- EPOCH 4 (5.633 seconds):
INFO:root:COST >> 1.4816 +/- 0.0263, % updates: 63.197%
INFO:root:-- EPOCH 5 (5.706 seconds):
INFO:root:COST >> 1.368 +/- 0.0233, % updates: 60.032%
INFO:root:-- EPOCH 6 (5.693 seconds):
INFO:root:COST >> 1.2646 +/- 0.0219, % updates: 57.113%
INFO:root:-- EPOCH 7 (5.635 seconds):
INFO:root:COST >> 1.1711 +/- 0.02, % updates: 54.448%
INFO:root:-- EPOCH 8 (5.665 seconds):
INFO:root:COST >> 1.0821 +/- 0.0214, % updates: 51.771%
INFO:root:-- EPOCH 9 (5.688 seconds):
INFO:root:COST >> 0.9987 +/- 0.018, % updates: 49.094%
INFO:root:-- EPOCH 10 (5.68 seconds):
INFO:root:COST >> 0.9185 +/- 0.0149, % updates: 46.542%
INFO:root:-- EPOCH 11 (5.615 seconds):
INFO:root:COST >> 0.8464 +/- 0.017, % updates: 44.032%
INFO:root:-- EPOCH 12 (5.639 seconds):
INFO:root:COST >> 0.7806 +/- 0.0156, % updates: 41.629%
INFO:root:-- EPOCH 13 (5.655 seconds):
INFO:root:COST >> 0.7196 +/- 0.0115, % updates: 39.393%
INFO:root:-- EPOCH 14 (5.662 seconds):
INFO:root:COST >> 0.666 +/- 0.0119, % updates: 37.264%
INFO:root:-- EPOCH 15 (5.683 seconds):
INFO:root:COST >> 0.6158 +/- 0.0133, % updates: 35.217%
INFO:root:-- EPOCH 16 (5.647 seconds):
INFO:root:COST >> 0.5727 +/- 0.0098, % updates: 33.356%
INFO:root:-- EPOCH 17 (5.701 seconds):
INFO:root:COST >> 0.5343 +/- 0.0084, % updates: 31.686%
INFO:root:-- EPOCH 18 (5.647 seconds):
INFO:root:COST >> 0.4997 +/- 0.0065, % updates: 30.105%
INFO:root:-- EPOCH 19 (5.621 seconds):
INFO:root:COST >> 0.4701 +/- 0.0066, % updates: 28.722%
INFO:root:-- EPOCH 20 (5.657 seconds):
INFO:root:COST >> 0.4437 +/- 0.0047, % updates: 27.421%
INFO:root:-- EPOCH 21 (5.562 seconds):
INFO:root:COST >> 0.4193 +/- 0.0064, % updates: 26.223%
INFO:root:-- EPOCH 22 (5.57 seconds):
INFO:root:COST >> 0.3954 +/- 0.0051, % updates: 25.051%
INFO:root:-- EPOCH 23 (5.596 seconds):
INFO:root:COST >> 0.3767 +/- 0.0032, % updates: 24.146%
INFO:root:-- EPOCH 24 (5.67 seconds):
INFO:root:COST >> 0.3593 +/- 0.005, % updates: 23.175%
INFO:root:-- EPOCH 25 (5.617 seconds):
INFO:root:COST >> 0.3434 +/- 0.004, % updates: 22.405%
INFO:root:-- EPOCH 26 (5.602 seconds):
INFO:root:COST >> 0.327 +/- 0.0038, % updates: 21.471%
INFO:root:-- EPOCH 27 (5.673 seconds):
INFO:root:COST >> 0.3146 +/- 0.0033, % updates: 20.801%
INFO:root:-- EPOCH 28 (5.628 seconds):
INFO:root:COST >> 0.3027 +/- 0.0042, % updates: 20.117%
INFO:root:-- EPOCH 29 (5.614 seconds):
INFO:root:COST >> 0.2917 +/- 0.003, % updates: 19.532%
INFO:root:-- EPOCH 30 (5.639 seconds):
INFO:root:COST >> 0.2821 +/- 0.0027, % updates: 18.91%
INFO:root:-- EPOCH 31 (5.616 seconds):
INFO:root:COST >> 0.2708 +/- 0.0027, % updates: 18.347%
INFO:root:-- EPOCH 32 (5.615 seconds):
INFO:root:COST >> 0.263 +/- 0.0032, % updates: 17.88%
INFO:root:-- EPOCH 33 (5.58 seconds):
INFO:root:COST >> 0.2537 +/- 0.0014, % updates: 17.333%
INFO:root:-- EPOCH 34 (5.631 seconds):
INFO:root:COST >> 0.2454 +/- 0.0028, % updates: 16.908%
INFO:root:-- EPOCH 35 (5.623 seconds):
INFO:root:COST >> 0.2387 +/- 0.0018, % updates: 16.48%
INFO:root:-- EPOCH 36 (5.63 seconds):
INFO:root:COST >> 0.2326 +/- 0.0019, % updates: 16.11%
INFO:root:-- EPOCH 37 (5.596 seconds):
INFO:root:COST >> 0.2259 +/- 0.0029, % updates: 15.766%
INFO:root:-- EPOCH 38 (5.636 seconds):
INFO:root:COST >> 0.2201 +/- 0.002, % updates: 15.354%
INFO:root:-- EPOCH 39 (5.562 seconds):
INFO:root:COST >> 0.2142 +/- 0.0023, % updates: 15.058%
INFO:root:-- EPOCH 40 (5.631 seconds):
INFO:root:COST >> 0.2103 +/- 0.003, % updates: 14.784%
INFO:root:-- EPOCH 41 (5.827 seconds):
INFO:root:COST >> 0.2048 +/- 0.0018, % updates: 14.471%
INFO:root:-- EPOCH 42 (5.61 seconds):
INFO:root:COST >> 0.1995 +/- 0.0015, % updates: 14.178%
INFO:root:-- EPOCH 43 (5.551 seconds):
INFO:root:COST >> 0.1957 +/- 0.0018, % updates: 13.876%
INFO:root:-- EPOCH 44 (5.644 seconds):
INFO:root:COST >> 0.1922 +/- 0.0013, % updates: 13.667%
INFO:root:-- EPOCH 45 (5.632 seconds):
INFO:root:COST >> 0.1883 +/- 0.0017, % updates: 13.389%
INFO:root:-- EPOCH 46 (5.608 seconds):
INFO:root:COST >> 0.186 +/- 0.0017, % updates: 13.234%
INFO:root:-- EPOCH 47 (5.619 seconds):
INFO:root:COST >> 0.181 +/- 0.0014, % updates: 12.953%
INFO:root:-- EPOCH 48 (5.62 seconds):
INFO:root:COST >> 0.1775 +/- 0.002, % updates: 12.739%
INFO:root:-- EPOCH 49 (5.573 seconds):
INFO:root:COST >> 0.1743 +/- 0.0024, % updates: 12.562%
INFO:root:-- EPOCH 50 (5.617 seconds):
INFO:root:COST >> 0.1713 +/- 0.0014, % updates: 12.352%
