INFO:root:Shape for training set: (16296, 483142)
INFO:root:State: {'ndim': '50', 'test_all': 'None', 'test_path': 'None', 'nhid': '50', 'lremb': '0.001', 'seed': '7', 'simfn': 'L1', 'valid_path': 'None', 'nbatches': '10', 'lrparam': '0.001', 'decay': '0.99', 'show_hinton_diagrams': 'False', 'no_rescaling': 'True', 'Nrel': '1345', 'ranking_score_right': 'False', 'Nent': '16296', 'Nsyn': '14951', 'method': 'MOMENTUM', 'loss_margin': '1.0', 'C': '1.0', 'epsilon': '1e-06', 'use_db': 'True', 'max_lr': 'None', 'l1_param_weight': 'None', 'filtered': 'False', 'name': 'fb15k_50/fb15k_MOMENTUM_177', 'totepochs': '50', 'l2_param_weight': 'None', 'train_path': 'data/fb15k/FB15k-train.pkl', 'op': 'TransE'}
INFO:root:Starting the Experiment ..
INFO:root:-- EPOCH 1 (6.653 seconds):
INFO:root:COST >> 1.5416 +/- 0.3791, % updates: 60.672%
INFO:root:-- EPOCH 2 (5.729 seconds):
INFO:root:COST >> 0.5903 +/- 0.1127, % updates: 27.625%
INFO:root:-- EPOCH 3 (5.631 seconds):
INFO:root:COST >> 0.3617 +/- 0.0176, % updates: 17.6%
INFO:root:-- EPOCH 4 (5.596 seconds):
INFO:root:COST >> 0.3126 +/- 0.0027, % updates: 14.985%
INFO:root:-- EPOCH 5 (5.625 seconds):
INFO:root:COST >> 0.2908 +/- 0.0048, % updates: 13.926%
INFO:root:-- EPOCH 6 (5.641 seconds):
INFO:root:COST >> 0.281 +/- 0.0041, % updates: 13.349%
INFO:root:-- EPOCH 7 (5.597 seconds):
INFO:root:COST >> 0.2723 +/- 0.0057, % updates: 12.905%
INFO:root:-- EPOCH 8 (5.607 seconds):
INFO:root:COST >> 0.2679 +/- 0.0042, % updates: 12.617%
INFO:root:-- EPOCH 9 (5.595 seconds):
INFO:root:COST >> 0.2641 +/- 0.0068, % updates: 12.398%
INFO:root:-- EPOCH 10 (5.637 seconds):
INFO:root:COST >> 0.2611 +/- 0.0053, % updates: 12.218%
INFO:root:-- EPOCH 11 (5.623 seconds):
INFO:root:COST >> 0.2614 +/- 0.0047, % updates: 12.09%
INFO:root:-- EPOCH 12 (5.601 seconds):
INFO:root:COST >> 0.262 +/- 0.0038, % updates: 12.0%
INFO:root:-- EPOCH 13 (5.527 seconds):
INFO:root:COST >> 0.262 +/- 0.0047, % updates: 11.928%
INFO:root:-- EPOCH 14 (5.578 seconds):
INFO:root:COST >> 0.264 +/- 0.0059, % updates: 11.937%
INFO:root:-- EPOCH 15 (5.547 seconds):
INFO:root:COST >> 0.2643 +/- 0.0062, % updates: 11.917%
INFO:root:-- EPOCH 16 (5.566 seconds):
INFO:root:COST >> 0.2649 +/- 0.0051, % updates: 11.871%
INFO:root:-- EPOCH 17 (5.57 seconds):
INFO:root:COST >> 0.266 +/- 0.0058, % updates: 11.82%
INFO:root:-- EPOCH 18 (5.549 seconds):
INFO:root:COST >> 0.2668 +/- 0.0062, % updates: 11.78%
INFO:root:-- EPOCH 19 (5.53 seconds):
INFO:root:COST >> 0.2665 +/- 0.0051, % updates: 11.773%
INFO:root:-- EPOCH 20 (5.594 seconds):
INFO:root:COST >> 0.2682 +/- 0.005, % updates: 11.737%
INFO:root:-- EPOCH 21 (5.589 seconds):
INFO:root:COST >> 0.2688 +/- 0.0077, % updates: 11.746%
INFO:root:-- EPOCH 22 (5.548 seconds):
INFO:root:COST >> 0.2713 +/- 0.0034, % updates: 11.821%
INFO:root:-- EPOCH 23 (5.496 seconds):
INFO:root:COST >> 0.2719 +/- 0.0065, % updates: 11.886%
INFO:root:-- EPOCH 24 (5.598 seconds):
INFO:root:COST >> 0.2733 +/- 0.0084, % updates: 11.853%
INFO:root:-- EPOCH 25 (5.578 seconds):
INFO:root:COST >> 0.2761 +/- 0.0056, % updates: 11.991%
INFO:root:-- EPOCH 26 (5.602 seconds):
INFO:root:COST >> 0.2783 +/- 0.0084, % updates: 12.095%
INFO:root:-- EPOCH 27 (5.556 seconds):
INFO:root:COST >> 0.2877 +/- 0.0109, % updates: 12.394%
INFO:root:-- EPOCH 28 (5.512 seconds):
INFO:root:COST >> 0.2951 +/- 0.0074, % updates: 12.544%
INFO:root:-- EPOCH 29 (5.636 seconds):
INFO:root:COST >> 0.2967 +/- 0.0054, % updates: 12.572%
INFO:root:-- EPOCH 30 (5.607 seconds):
INFO:root:COST >> 0.2972 +/- 0.0061, % updates: 12.577%
INFO:root:-- EPOCH 31 (5.606 seconds):
INFO:root:COST >> 0.2989 +/- 0.008, % updates: 12.634%
INFO:root:-- EPOCH 32 (5.504 seconds):
INFO:root:COST >> 0.3015 +/- 0.0061, % updates: 12.645%
INFO:root:-- EPOCH 33 (5.583 seconds):
INFO:root:COST >> 0.302 +/- 0.0071, % updates: 12.731%
INFO:root:-- EPOCH 34 (5.557 seconds):
INFO:root:COST >> 0.3012 +/- 0.0071, % updates: 12.705%
INFO:root:-- EPOCH 35 (5.594 seconds):
INFO:root:COST >> 0.304 +/- 0.0066, % updates: 12.782%
INFO:root:-- EPOCH 36 (6.687 seconds):
INFO:root:COST >> 0.3039 +/- 0.0093, % updates: 12.86%
INFO:root:-- EPOCH 37 (5.654 seconds):
INFO:root:COST >> 0.3052 +/- 0.0052, % updates: 12.801%
INFO:root:-- EPOCH 38 (5.585 seconds):
INFO:root:COST >> 0.3036 +/- 0.009, % updates: 12.765%
INFO:root:-- EPOCH 39 (5.586 seconds):
INFO:root:COST >> 0.3063 +/- 0.0061, % updates: 12.873%
INFO:root:-- EPOCH 40 (5.592 seconds):
INFO:root:COST >> 0.307 +/- 0.007, % updates: 12.886%
INFO:root:-- EPOCH 41 (5.575 seconds):
INFO:root:COST >> 0.3074 +/- 0.0073, % updates: 12.908%
INFO:root:-- EPOCH 42 (5.564 seconds):
INFO:root:COST >> 0.3089 +/- 0.0064, % updates: 12.946%
INFO:root:-- EPOCH 43 (5.601 seconds):
INFO:root:COST >> 0.3093 +/- 0.0068, % updates: 12.966%
INFO:root:-- EPOCH 44 (5.635 seconds):
INFO:root:COST >> 0.3087 +/- 0.0089, % updates: 12.978%
INFO:root:-- EPOCH 45 (5.616 seconds):
INFO:root:COST >> 0.3104 +/- 0.0062, % updates: 13.04%
INFO:root:-- EPOCH 46 (5.542 seconds):
INFO:root:COST >> 0.3113 +/- 0.0076, % updates: 13.109%
INFO:root:-- EPOCH 47 (5.557 seconds):
INFO:root:COST >> 0.3132 +/- 0.0058, % updates: 13.098%
INFO:root:-- EPOCH 48 (5.065 seconds):
INFO:root:COST >> 0.3129 +/- 0.0064, % updates: 13.11%
INFO:root:-- EPOCH 49 (5.422 seconds):
INFO:root:COST >> 0.3159 +/- 0.0084, % updates: 13.287%
INFO:root:-- EPOCH 50 (5.499 seconds):
INFO:root:COST >> 0.3221 +/- 0.0104, % updates: 13.37%
