INFO:root:Shape for training set: (16296, 483142)
INFO:root:State: {'ndim': '50', 'test_all': 'None', 'test_path': 'None', 'nhid': '50', 'lremb': '0.1', 'seed': '1', 'simfn': 'L1', 'valid_path': 'None', 'nbatches': '10', 'lrparam': '0.1', 'decay': '0.99', 'show_hinton_diagrams': 'False', 'no_rescaling': 'True', 'Nrel': '1345', 'ranking_score_right': 'False', 'Nent': '16296', 'Nsyn': '14951', 'method': 'MOMENTUM', 'loss_margin': '1.0', 'C': '1.0', 'epsilon': '1e-06', 'use_db': 'True', 'max_lr': 'None', 'l1_param_weight': 'None', 'filtered': 'False', 'name': 'fb15k_50/fb15k_MOMENTUM_271', 'totepochs': '50', 'l2_param_weight': 'None', 'train_path': 'data/fb15k/FB15k-train.pkl', 'op': 'TransE'}
INFO:root:Starting the Experiment ..
INFO:root:-- EPOCH 1 (5.646 seconds):
INFO:root:COST >> 1.4724 +/- 0.7087, % updates: 48.096%
INFO:root:-- EPOCH 2 (6.827 seconds):
INFO:root:COST >> 0.7964 +/- 0.0201, % updates: 30.643%
INFO:root:-- EPOCH 3 (5.864 seconds):
INFO:root:COST >> 0.7029 +/- 0.0253, % updates: 28.523%
INFO:root:-- EPOCH 4 (5.584 seconds):
INFO:root:COST >> 0.6642 +/- 0.0293, % updates: 27.627%
INFO:root:-- EPOCH 5 (5.636 seconds):
INFO:root:COST >> 0.639 +/- 0.0279, % updates: 27.116%
INFO:root:-- EPOCH 6 (6.794 seconds):
INFO:root:COST >> 0.6263 +/- 0.0295, % updates: 26.902%
INFO:root:-- EPOCH 7 (5.602 seconds):
INFO:root:COST >> 0.6131 +/- 0.0275, % updates: 26.642%
INFO:root:-- EPOCH 8 (5.63 seconds):
INFO:root:COST >> 0.6073 +/- 0.0313, % updates: 26.53%
INFO:root:-- EPOCH 9 (5.64 seconds):
INFO:root:COST >> 0.6025 +/- 0.0305, % updates: 26.457%
INFO:root:-- EPOCH 10 (5.566 seconds):
INFO:root:COST >> 0.5975 +/- 0.027, % updates: 26.378%
INFO:root:-- EPOCH 11 (5.571 seconds):
INFO:root:COST >> 0.5937 +/- 0.0256, % updates: 26.325%
INFO:root:-- EPOCH 12 (5.572 seconds):
INFO:root:COST >> 0.5917 +/- 0.026, % updates: 26.321%
INFO:root:-- EPOCH 13 (5.577 seconds):
INFO:root:COST >> 0.5903 +/- 0.0292, % updates: 26.269%
INFO:root:-- EPOCH 14 (5.681 seconds):
INFO:root:COST >> 0.5881 +/- 0.0261, % updates: 26.252%
INFO:root:-- EPOCH 15 (5.637 seconds):
INFO:root:COST >> 0.5868 +/- 0.0271, % updates: 26.268%
INFO:root:-- EPOCH 16 (5.628 seconds):
INFO:root:COST >> 0.5866 +/- 0.0259, % updates: 26.218%
INFO:root:-- EPOCH 17 (5.606 seconds):
INFO:root:COST >> 0.5826 +/- 0.0252, % updates: 26.149%
INFO:root:-- EPOCH 18 (5.628 seconds):
INFO:root:COST >> 0.5849 +/- 0.0255, % updates: 26.206%
INFO:root:-- EPOCH 19 (5.604 seconds):
INFO:root:COST >> 0.5823 +/- 0.0251, % updates: 26.158%
INFO:root:-- EPOCH 20 (5.586 seconds):
INFO:root:COST >> 0.5815 +/- 0.0288, % updates: 26.188%
INFO:root:-- EPOCH 21 (5.646 seconds):
INFO:root:COST >> 0.5814 +/- 0.0249, % updates: 26.159%
INFO:root:-- EPOCH 22 (5.573 seconds):
INFO:root:COST >> 0.5819 +/- 0.025, % updates: 26.202%
INFO:root:-- EPOCH 23 (5.632 seconds):
INFO:root:COST >> 0.5808 +/- 0.0256, % updates: 26.124%
INFO:root:-- EPOCH 24 (5.634 seconds):
INFO:root:COST >> 0.5795 +/- 0.0244, % updates: 26.13%
INFO:root:-- EPOCH 25 (5.668 seconds):
INFO:root:COST >> 0.5829 +/- 0.0273, % updates: 26.207%
INFO:root:-- EPOCH 26 (5.644 seconds):
INFO:root:COST >> 0.5784 +/- 0.0257, % updates: 26.098%
INFO:root:-- EPOCH 27 (5.624 seconds):
INFO:root:COST >> 0.5792 +/- 0.0272, % updates: 26.167%
INFO:root:-- EPOCH 28 (5.592 seconds):
INFO:root:COST >> 0.5797 +/- 0.0245, % updates: 26.117%
INFO:root:-- EPOCH 29 (6.007 seconds):
INFO:root:COST >> 0.5802 +/- 0.0262, % updates: 26.165%
INFO:root:-- EPOCH 30 (6.036 seconds):
INFO:root:COST >> 0.5813 +/- 0.0278, % updates: 26.179%
INFO:root:-- EPOCH 31 (5.579 seconds):
INFO:root:COST >> 0.5804 +/- 0.0253, % updates: 26.145%
INFO:root:-- EPOCH 32 (5.665 seconds):
INFO:root:COST >> 0.5785 +/- 0.0253, % updates: 26.127%
INFO:root:-- EPOCH 33 (5.553 seconds):
INFO:root:COST >> 0.5786 +/- 0.024, % updates: 26.122%
INFO:root:-- EPOCH 34 (5.625 seconds):
INFO:root:COST >> 0.5795 +/- 0.024, % updates: 26.18%
INFO:root:-- EPOCH 35 (5.621 seconds):
INFO:root:COST >> 0.5783 +/- 0.0276, % updates: 26.141%
INFO:root:-- EPOCH 36 (5.993 seconds):
INFO:root:COST >> 0.5797 +/- 0.0263, % updates: 26.161%
INFO:root:-- EPOCH 37 (5.776 seconds):
INFO:root:COST >> 0.5814 +/- 0.0253, % updates: 26.206%
INFO:root:-- EPOCH 38 (5.63 seconds):
INFO:root:COST >> 0.5788 +/- 0.0247, % updates: 26.142%
INFO:root:-- EPOCH 39 (5.641 seconds):
INFO:root:COST >> 0.5787 +/- 0.0253, % updates: 26.146%
INFO:root:-- EPOCH 40 (5.599 seconds):
INFO:root:COST >> 0.5799 +/- 0.0263, % updates: 26.092%
INFO:root:-- EPOCH 41 (5.602 seconds):
INFO:root:COST >> 0.5803 +/- 0.0237, % updates: 26.149%
INFO:root:-- EPOCH 42 (5.636 seconds):
INFO:root:COST >> 0.58 +/- 0.0254, % updates: 26.18%
INFO:root:-- EPOCH 43 (5.626 seconds):
INFO:root:COST >> 0.5781 +/- 0.0254, % updates: 26.107%
INFO:root:-- EPOCH 44 (5.589 seconds):
INFO:root:COST >> 0.5807 +/- 0.0256, % updates: 26.187%
INFO:root:-- EPOCH 45 (5.65 seconds):
INFO:root:COST >> 0.5786 +/- 0.0275, % updates: 26.113%
INFO:root:-- EPOCH 46 (5.629 seconds):
INFO:root:COST >> 0.5795 +/- 0.0254, % updates: 26.11%
INFO:root:-- EPOCH 47 (5.627 seconds):
INFO:root:COST >> 0.58 +/- 0.0251, % updates: 26.162%
INFO:root:-- EPOCH 48 (5.212 seconds):
INFO:root:COST >> 0.5774 +/- 0.0257, % updates: 26.078%
INFO:root:-- EPOCH 49 (5.449 seconds):
INFO:root:COST >> 0.5796 +/- 0.0259, % updates: 26.16%
INFO:root:-- EPOCH 50 (5.653 seconds):
INFO:root:COST >> 0.578 +/- 0.0247, % updates: 26.117%
