INFO:root:Shape for training set: (16296, 483142)
INFO:root:State: {'ndim': '50', 'test_all': 'None', 'test_path': 'None', 'nhid': '50', 'lremb': '1.0', 'seed': '8', 'simfn': 'L1', 'valid_path': 'None', 'nbatches': '10', 'lrparam': '1.0', 'decay': '0.999', 'show_hinton_diagrams': 'False', 'no_rescaling': 'True', 'Nrel': '1345', 'ranking_score_right': 'False', 'Nent': '16296', 'Nsyn': '14951', 'method': 'MOMENTUM', 'loss_margin': '1.0', 'C': '1.0', 'epsilon': '1e-06', 'use_db': 'True', 'max_lr': 'None', 'l1_param_weight': 'None', 'filtered': 'False', 'name': 'fb15k_50/fb15k_MOMENTUM_318', 'totepochs': '50', 'l2_param_weight': 'None', 'train_path': 'data/fb15k/FB15k-train.pkl', 'op': 'TransE'}
INFO:root:Starting the Experiment ..
INFO:root:-- EPOCH 1 (6.211 seconds):
INFO:root:COST >> 1.4834 +/- 0.7341, % updates: 47.476%
INFO:root:-- EPOCH 2 (6.721 seconds):
INFO:root:COST >> 0.7875 +/- 0.0107, % updates: 30.338%
INFO:root:-- EPOCH 3 (5.223 seconds):
INFO:root:COST >> 0.6891 +/- 0.0211, % updates: 28.246%
INFO:root:-- EPOCH 4 (6.054 seconds):
INFO:root:COST >> 0.6424 +/- 0.0218, % updates: 27.259%
INFO:root:-- EPOCH 5 (6.438 seconds):
INFO:root:COST >> 0.6131 +/- 0.0215, % updates: 26.734%
INFO:root:-- EPOCH 6 (6.399 seconds):
INFO:root:COST >> 0.5927 +/- 0.0215, % updates: 26.313%
INFO:root:-- EPOCH 7 (6.639 seconds):
INFO:root:COST >> 0.5776 +/- 0.0187, % updates: 26.073%
INFO:root:-- EPOCH 8 (6.77 seconds):
INFO:root:COST >> 0.5653 +/- 0.0205, % updates: 25.793%
INFO:root:-- EPOCH 9 (7.034 seconds):
INFO:root:COST >> 0.5556 +/- 0.022, % updates: 25.616%
INFO:root:-- EPOCH 10 (6.947 seconds):
INFO:root:COST >> 0.55 +/- 0.0202, % updates: 25.543%
INFO:root:-- EPOCH 11 (6.939 seconds):
INFO:root:COST >> 0.5417 +/- 0.0186, % updates: 25.357%
INFO:root:-- EPOCH 12 (6.918 seconds):
INFO:root:COST >> 0.5377 +/- 0.0164, % updates: 25.321%
INFO:root:-- EPOCH 13 (6.882 seconds):
INFO:root:COST >> 0.5314 +/- 0.019, % updates: 25.193%
INFO:root:-- EPOCH 14 (6.856 seconds):
INFO:root:COST >> 0.5281 +/- 0.0132, % updates: 25.154%
INFO:root:-- EPOCH 15 (6.705 seconds):
INFO:root:COST >> 0.5235 +/- 0.0128, % updates: 25.096%
INFO:root:-- EPOCH 16 (7.438 seconds):
INFO:root:COST >> 0.5207 +/- 0.0146, % updates: 25.006%
INFO:root:-- EPOCH 17 (6.054 seconds):
INFO:root:COST >> 0.5184 +/- 0.014, % updates: 24.963%
INFO:root:-- EPOCH 18 (5.999 seconds):
INFO:root:COST >> 0.515 +/- 0.013, % updates: 24.96%
INFO:root:-- EPOCH 19 (6.068 seconds):
INFO:root:COST >> 0.5125 +/- 0.0157, % updates: 24.937%
INFO:root:-- EPOCH 20 (6.193 seconds):
INFO:root:COST >> 0.5112 +/- 0.0176, % updates: 24.885%
INFO:root:-- EPOCH 21 (7.162 seconds):
INFO:root:COST >> 0.5082 +/- 0.0165, % updates: 24.878%
INFO:root:-- EPOCH 22 (7.526 seconds):
INFO:root:COST >> 0.5057 +/- 0.0144, % updates: 24.796%
INFO:root:-- EPOCH 23 (6.736 seconds):
INFO:root:COST >> 0.5052 +/- 0.0146, % updates: 24.789%
INFO:root:-- EPOCH 24 (6.495 seconds):
INFO:root:COST >> 0.5032 +/- 0.0138, % updates: 24.791%
INFO:root:-- EPOCH 25 (6.422 seconds):
INFO:root:COST >> 0.5019 +/- 0.015, % updates: 24.806%
INFO:root:-- EPOCH 26 (6.721 seconds):
INFO:root:COST >> 0.499 +/- 0.0146, % updates: 24.732%
INFO:root:-- EPOCH 27 (6.493 seconds):
INFO:root:COST >> 0.4973 +/- 0.0131, % updates: 24.662%
INFO:root:-- EPOCH 28 (6.43 seconds):
INFO:root:COST >> 0.4972 +/- 0.0133, % updates: 24.669%
INFO:root:-- EPOCH 29 (6.46 seconds):
INFO:root:COST >> 0.4963 +/- 0.012, % updates: 24.682%
INFO:root:-- EPOCH 30 (6.29 seconds):
INFO:root:COST >> 0.4967 +/- 0.0157, % updates: 24.685%
INFO:root:-- EPOCH 31 (6.446 seconds):
INFO:root:COST >> 0.4937 +/- 0.0163, % updates: 24.607%
INFO:root:-- EPOCH 32 (5.998 seconds):
INFO:root:COST >> 0.4935 +/- 0.0154, % updates: 24.68%
INFO:root:-- EPOCH 33 (6.394 seconds):
INFO:root:COST >> 0.4919 +/- 0.0115, % updates: 24.627%
INFO:root:-- EPOCH 34 (6.999 seconds):
INFO:root:COST >> 0.4913 +/- 0.0131, % updates: 24.628%
INFO:root:-- EPOCH 35 (6.974 seconds):
INFO:root:COST >> 0.4911 +/- 0.0158, % updates: 24.617%
INFO:root:-- EPOCH 36 (6.895 seconds):
INFO:root:COST >> 0.4904 +/- 0.0119, % updates: 24.63%
INFO:root:-- EPOCH 37 (6.848 seconds):
INFO:root:COST >> 0.4895 +/- 0.0132, % updates: 24.549%
INFO:root:-- EPOCH 38 (6.916 seconds):
INFO:root:COST >> 0.4892 +/- 0.0149, % updates: 24.568%
INFO:root:-- EPOCH 39 (6.919 seconds):
INFO:root:COST >> 0.4877 +/- 0.0134, % updates: 24.554%
INFO:root:-- EPOCH 40 (6.847 seconds):
INFO:root:COST >> 0.4858 +/- 0.0122, % updates: 24.527%
INFO:root:-- EPOCH 41 (7.11 seconds):
INFO:root:COST >> 0.4873 +/- 0.013, % updates: 24.568%
INFO:root:-- EPOCH 42 (6.879 seconds):
INFO:root:COST >> 0.4858 +/- 0.0142, % updates: 24.547%
INFO:root:-- EPOCH 43 (6.826 seconds):
INFO:root:COST >> 0.4861 +/- 0.0122, % updates: 24.568%
INFO:root:-- EPOCH 44 (6.848 seconds):
INFO:root:COST >> 0.4845 +/- 0.0125, % updates: 24.5%
INFO:root:-- EPOCH 45 (6.855 seconds):
INFO:root:COST >> 0.4837 +/- 0.0109, % updates: 24.545%
INFO:root:-- EPOCH 46 (6.716 seconds):
INFO:root:COST >> 0.4834 +/- 0.0124, % updates: 24.507%
INFO:root:-- EPOCH 47 (6.602 seconds):
INFO:root:COST >> 0.4831 +/- 0.0126, % updates: 24.546%
INFO:root:-- EPOCH 48 (5.924 seconds):
INFO:root:COST >> 0.4831 +/- 0.0107, % updates: 24.524%
INFO:root:-- EPOCH 49 (6.179 seconds):
INFO:root:COST >> 0.4817 +/- 0.0127, % updates: 24.53%
INFO:root:-- EPOCH 50 (5.863 seconds):
INFO:root:COST >> 0.4812 +/- 0.0118, % updates: 24.48%
