INFO:root:Shape for training set: (16296, 483142)
INFO:root:State: {'ndim': '50', 'test_all': 'None', 'test_path': 'None', 'nhid': '50', 'lremb': '0.0001', 'seed': '5', 'simfn': 'L1', 'valid_path': 'None', 'nbatches': '10', 'lrparam': '0.0001', 'decay': '0.999', 'show_hinton_diagrams': 'False', 'no_rescaling': 'True', 'Nrel': '1345', 'ranking_score_right': 'False', 'Nent': '16296', 'Nsyn': '14951', 'method': 'MOMENTUM', 'loss_margin': '1.0', 'C': '1.0', 'epsilon': '1e-06', 'use_db': 'True', 'max_lr': 'None', 'l1_param_weight': 'None', 'filtered': 'False', 'name': 'fb15k_50/fb15k_MOMENTUM_115', 'totepochs': '50', 'l2_param_weight': 'None', 'train_path': 'data/fb15k/FB15k-train.pkl', 'op': 'TransE'}
INFO:root:Starting the Experiment ..
INFO:root:-- EPOCH 1 (5.948 seconds):
INFO:root:COST >> 1.9778 +/- 0.1415, % updates: 75.683%
INFO:root:-- EPOCH 2 (5.942 seconds):
INFO:root:COST >> 1.4388 +/- 0.1389, % updates: 59.272%
INFO:root:-- EPOCH 3 (5.944 seconds):
INFO:root:COST >> 0.966 +/- 0.1194, % updates: 43.672%
INFO:root:-- EPOCH 4 (5.929 seconds):
INFO:root:COST >> 0.6047 +/- 0.0713, % updates: 29.914%
INFO:root:-- EPOCH 5 (5.871 seconds):
INFO:root:COST >> 0.4215 +/- 0.0312, % updates: 21.742%
INFO:root:-- EPOCH 6 (5.899 seconds):
INFO:root:COST >> 0.3344 +/- 0.0153, % updates: 17.428%
INFO:root:-- EPOCH 7 (5.918 seconds):
INFO:root:COST >> 0.2842 +/- 0.0121, % updates: 14.905%
INFO:root:-- EPOCH 8 (5.864 seconds):
INFO:root:COST >> 0.2498 +/- 0.0074, % updates: 13.268%
INFO:root:-- EPOCH 9 (5.849 seconds):
INFO:root:COST >> 0.2228 +/- 0.0056, % updates: 11.936%
INFO:root:-- EPOCH 10 (5.846 seconds):
INFO:root:COST >> 0.202 +/- 0.0059, % updates: 10.921%
INFO:root:-- EPOCH 11 (5.839 seconds):
INFO:root:COST >> 0.1862 +/- 0.0042, % updates: 10.162%
INFO:root:-- EPOCH 12 (5.868 seconds):
INFO:root:COST >> 0.1732 +/- 0.0031, % updates: 9.529%
INFO:root:-- EPOCH 13 (5.834 seconds):
INFO:root:COST >> 0.1644 +/- 0.0027, % updates: 9.08%
INFO:root:-- EPOCH 14 (5.811 seconds):
INFO:root:COST >> 0.156 +/- 0.0028, % updates: 8.713%
INFO:root:-- EPOCH 15 (6.135 seconds):
INFO:root:COST >> 0.1497 +/- 0.0016, % updates: 8.383%
INFO:root:-- EPOCH 16 (5.83 seconds):
INFO:root:COST >> 0.144 +/- 0.0022, % updates: 8.113%
INFO:root:-- EPOCH 17 (5.892 seconds):
INFO:root:COST >> 0.1387 +/- 0.0023, % updates: 7.858%
INFO:root:-- EPOCH 18 (5.872 seconds):
INFO:root:COST >> 0.1358 +/- 0.0012, % updates: 7.682%
INFO:root:-- EPOCH 19 (5.83 seconds):
INFO:root:COST >> 0.1322 +/- 0.0019, % updates: 7.542%
INFO:root:-- EPOCH 20 (5.82 seconds):
INFO:root:COST >> 0.1302 +/- 0.0024, % updates: 7.436%
INFO:root:-- EPOCH 21 (5.974 seconds):
INFO:root:COST >> 0.1263 +/- 0.0023, % updates: 7.251%
INFO:root:-- EPOCH 22 (6.412 seconds):
INFO:root:COST >> 0.1245 +/- 0.0017, % updates: 7.197%
INFO:root:-- EPOCH 23 (5.859 seconds):
INFO:root:COST >> 0.1226 +/- 0.0014, % updates: 7.084%
INFO:root:-- EPOCH 24 (5.831 seconds):
INFO:root:COST >> 0.1204 +/- 0.0017, % updates: 7.008%
INFO:root:-- EPOCH 25 (5.859 seconds):
INFO:root:COST >> 0.1196 +/- 0.0021, % updates: 6.96%
INFO:root:-- EPOCH 26 (5.884 seconds):
INFO:root:COST >> 0.1181 +/- 0.0016, % updates: 6.877%
INFO:root:-- EPOCH 27 (5.83 seconds):
INFO:root:COST >> 0.1183 +/- 0.0014, % updates: 6.905%
INFO:root:-- EPOCH 28 (5.85 seconds):
INFO:root:COST >> 0.1159 +/- 0.0018, % updates: 6.766%
INFO:root:-- EPOCH 29 (5.796 seconds):
INFO:root:COST >> 0.1152 +/- 0.0018, % updates: 6.759%
INFO:root:-- EPOCH 30 (5.813 seconds):
INFO:root:COST >> 0.1142 +/- 0.0016, % updates: 6.718%
INFO:root:-- EPOCH 31 (5.889 seconds):
INFO:root:COST >> 0.1127 +/- 0.0021, % updates: 6.69%
INFO:root:-- EPOCH 32 (5.901 seconds):
INFO:root:COST >> 0.1116 +/- 0.0015, % updates: 6.612%
INFO:root:-- EPOCH 33 (5.835 seconds):
INFO:root:COST >> 0.111 +/- 0.0009, % updates: 6.593%
INFO:root:-- EPOCH 34 (5.985 seconds):
INFO:root:COST >> 0.1105 +/- 0.0016, % updates: 6.543%
INFO:root:-- EPOCH 35 (5.844 seconds):
INFO:root:COST >> 0.1105 +/- 0.002, % updates: 6.504%
INFO:root:-- EPOCH 36 (5.853 seconds):
INFO:root:COST >> 0.111 +/- 0.0019, % updates: 6.568%
INFO:root:-- EPOCH 37 (5.827 seconds):
INFO:root:COST >> 0.1097 +/- 0.0012, % updates: 6.516%
INFO:root:-- EPOCH 38 (5.813 seconds):
INFO:root:COST >> 0.108 +/- 0.002, % updates: 6.437%
INFO:root:-- EPOCH 39 (5.877 seconds):
INFO:root:COST >> 0.1085 +/- 0.0014, % updates: 6.442%
INFO:root:-- EPOCH 40 (5.852 seconds):
INFO:root:COST >> 0.1074 +/- 0.0015, % updates: 6.407%
INFO:root:-- EPOCH 41 (5.868 seconds):
INFO:root:COST >> 0.1068 +/- 0.0019, % updates: 6.381%
INFO:root:-- EPOCH 42 (5.879 seconds):
INFO:root:COST >> 0.1065 +/- 0.0013, % updates: 6.374%
INFO:root:-- EPOCH 43 (5.934 seconds):
INFO:root:COST >> 0.1067 +/- 0.002, % updates: 6.354%
INFO:root:-- EPOCH 44 (5.833 seconds):
INFO:root:COST >> 0.1064 +/- 0.0014, % updates: 6.333%
INFO:root:-- EPOCH 45 (5.813 seconds):
INFO:root:COST >> 0.1051 +/- 0.0023, % updates: 6.301%
INFO:root:-- EPOCH 46 (5.832 seconds):
INFO:root:COST >> 0.1058 +/- 0.0019, % updates: 6.287%
INFO:root:-- EPOCH 47 (5.875 seconds):
INFO:root:COST >> 0.1043 +/- 0.0016, % updates: 6.303%
INFO:root:-- EPOCH 48 (5.819 seconds):
INFO:root:COST >> 0.1047 +/- 0.0019, % updates: 6.304%
INFO:root:-- EPOCH 49 (5.887 seconds):
INFO:root:COST >> 0.1034 +/- 0.0013, % updates: 6.222%
INFO:root:-- EPOCH 50 (5.826 seconds):
INFO:root:COST >> 0.104 +/- 0.0011, % updates: 6.244%
