INFO:root:Shape for training set: (16296, 483142)
INFO:root:State: {'ndim': '50', 'test_all': 'None', 'test_path': 'None', 'nhid': '50', 'lremb': '1e-06', 'seed': '2', 'simfn': 'L1', 'valid_path': 'None', 'nbatches': '10', 'lrparam': '1e-06', 'decay': '0.5', 'show_hinton_diagrams': 'False', 'no_rescaling': 'True', 'Nrel': '1345', 'ranking_score_right': 'False', 'Nent': '16296', 'Nsyn': '14951', 'method': 'MOMENTUM', 'loss_margin': '1.0', 'C': '1.0', 'epsilon': '1e-06', 'use_db': 'True', 'max_lr': 'None', 'l1_param_weight': 'None', 'filtered': 'False', 'name': 'fb15k_50/fb15k_MOMENTUM_42', 'totepochs': '50', 'l2_param_weight': 'None', 'train_path': 'data/fb15k/FB15k-train.pkl', 'op': 'TransE'}
INFO:root:Starting the Experiment ..
INFO:root:-- EPOCH 1 (6.742 seconds):
INFO:root:COST >> 2.2202 +/- 0.0075, % updates: 81.486%
INFO:root:-- EPOCH 2 (6.436 seconds):
INFO:root:COST >> 2.2073 +/- 0.0054, % updates: 81.319%
INFO:root:-- EPOCH 3 (6.277 seconds):
INFO:root:COST >> 2.1937 +/- 0.0061, % updates: 81.17%
INFO:root:-- EPOCH 4 (6.073 seconds):
INFO:root:COST >> 2.1864 +/- 0.0073, % updates: 81.078%
INFO:root:-- EPOCH 5 (7.472 seconds):
INFO:root:COST >> 2.1767 +/- 0.0104, % updates: 80.885%
INFO:root:-- EPOCH 6 (6.845 seconds):
INFO:root:COST >> 2.1629 +/- 0.0076, % updates: 80.709%
INFO:root:-- EPOCH 7 (6.055 seconds):
INFO:root:COST >> 2.1563 +/- 0.0075, % updates: 80.558%
INFO:root:-- EPOCH 8 (6.11 seconds):
INFO:root:COST >> 2.1467 +/- 0.0075, % updates: 80.417%
INFO:root:-- EPOCH 9 (6.091 seconds):
INFO:root:COST >> 2.1364 +/- 0.0102, % updates: 80.214%
INFO:root:-- EPOCH 10 (6.072 seconds):
INFO:root:COST >> 2.1297 +/- 0.0057, % updates: 80.052%
INFO:root:-- EPOCH 11 (6.089 seconds):
INFO:root:COST >> 2.1225 +/- 0.0062, % updates: 79.915%
INFO:root:-- EPOCH 12 (6.02 seconds):
INFO:root:COST >> 2.1128 +/- 0.0055, % updates: 79.707%
INFO:root:-- EPOCH 13 (6.134 seconds):
INFO:root:COST >> 2.1066 +/- 0.0066, % updates: 79.53%
INFO:root:-- EPOCH 14 (6.108 seconds):
INFO:root:COST >> 2.1017 +/- 0.0081, % updates: 79.449%
INFO:root:-- EPOCH 15 (6.393 seconds):
INFO:root:COST >> 2.0947 +/- 0.0095, % updates: 79.288%
INFO:root:-- EPOCH 16 (6.495 seconds):
INFO:root:COST >> 2.0876 +/- 0.0076, % updates: 79.192%
INFO:root:-- EPOCH 17 (6.659 seconds):
INFO:root:COST >> 2.0846 +/- 0.0076, % updates: 78.989%
INFO:root:-- EPOCH 18 (7.835 seconds):
INFO:root:COST >> 2.0786 +/- 0.0064, % updates: 78.897%
INFO:root:-- EPOCH 19 (7.146 seconds):
INFO:root:COST >> 2.0699 +/- 0.0036, % updates: 78.708%
INFO:root:-- EPOCH 20 (6.368 seconds):
INFO:root:COST >> 2.0667 +/- 0.0044, % updates: 78.591%
INFO:root:-- EPOCH 21 (7.071 seconds):
INFO:root:COST >> 2.0628 +/- 0.0067, % updates: 78.53%
INFO:root:-- EPOCH 22 (6.385 seconds):
INFO:root:COST >> 2.0568 +/- 0.005, % updates: 78.356%
INFO:root:-- EPOCH 23 (6.934 seconds):
INFO:root:COST >> 2.0498 +/- 0.0063, % updates: 78.301%
INFO:root:-- EPOCH 24 (5.95 seconds):
INFO:root:COST >> 2.049 +/- 0.0062, % updates: 78.164%
INFO:root:-- EPOCH 25 (6.333 seconds):
INFO:root:COST >> 2.0447 +/- 0.0053, % updates: 78.065%
INFO:root:-- EPOCH 26 (6.2 seconds):
INFO:root:COST >> 2.0353 +/- 0.0068, % updates: 77.928%
INFO:root:-- EPOCH 27 (6.091 seconds):
INFO:root:COST >> 2.0334 +/- 0.0077, % updates: 77.822%
INFO:root:-- EPOCH 28 (5.97 seconds):
INFO:root:COST >> 2.0295 +/- 0.0046, % updates: 77.741%
INFO:root:-- EPOCH 29 (6.024 seconds):
INFO:root:COST >> 2.0244 +/- 0.0051, % updates: 77.581%
INFO:root:-- EPOCH 30 (6.197 seconds):
INFO:root:COST >> 2.0199 +/- 0.0061, % updates: 77.489%
INFO:root:-- EPOCH 31 (6.795 seconds):
INFO:root:COST >> 2.0171 +/- 0.004, % updates: 77.397%
INFO:root:-- EPOCH 32 (6.425 seconds):
INFO:root:COST >> 2.0122 +/- 0.0061, % updates: 77.411%
INFO:root:-- EPOCH 33 (6.57 seconds):
INFO:root:COST >> 2.0103 +/- 0.0077, % updates: 77.247%
INFO:root:-- EPOCH 34 (6.338 seconds):
INFO:root:COST >> 2.0031 +/- 0.0059, % updates: 77.089%
INFO:root:-- EPOCH 35 (6.744 seconds):
INFO:root:COST >> 2.0008 +/- 0.0047, % updates: 77.004%
INFO:root:-- EPOCH 36 (6.101 seconds):
INFO:root:COST >> 1.9945 +/- 0.003, % updates: 76.905%
INFO:root:-- EPOCH 37 (6.027 seconds):
INFO:root:COST >> 1.9934 +/- 0.0056, % updates: 76.848%
INFO:root:-- EPOCH 38 (6.061 seconds):
INFO:root:COST >> 1.9893 +/- 0.0076, % updates: 76.771%
INFO:root:-- EPOCH 39 (6.038 seconds):
INFO:root:COST >> 1.9857 +/- 0.0069, % updates: 76.638%
INFO:root:-- EPOCH 40 (5.991 seconds):
INFO:root:COST >> 1.9811 +/- 0.0058, % updates: 76.578%
INFO:root:-- EPOCH 41 (6.06 seconds):
INFO:root:COST >> 1.9805 +/- 0.0058, % updates: 76.445%
INFO:root:-- EPOCH 42 (5.967 seconds):
INFO:root:COST >> 1.9776 +/- 0.0079, % updates: 76.448%
INFO:root:-- EPOCH 43 (6.015 seconds):
INFO:root:COST >> 1.9734 +/- 0.0082, % updates: 76.315%
INFO:root:-- EPOCH 44 (6.028 seconds):
INFO:root:COST >> 1.9725 +/- 0.0039, % updates: 76.26%
INFO:root:-- EPOCH 45 (5.979 seconds):
INFO:root:COST >> 1.9662 +/- 0.0078, % updates: 76.101%
INFO:root:-- EPOCH 46 (6.003 seconds):
INFO:root:COST >> 1.9655 +/- 0.0059, % updates: 76.03%
INFO:root:-- EPOCH 47 (5.953 seconds):
INFO:root:COST >> 1.9597 +/- 0.0071, % updates: 76.005%
INFO:root:-- EPOCH 48 (5.956 seconds):
INFO:root:COST >> 1.9561 +/- 0.0046, % updates: 75.936%
INFO:root:-- EPOCH 49 (6.046 seconds):
INFO:root:COST >> 1.9545 +/- 0.0066, % updates: 75.894%
INFO:root:-- EPOCH 50 (5.99 seconds):
INFO:root:COST >> 1.95 +/- 0.0061, % updates: 75.755%
