INFO:root:Shape for training set: (16296, 483142)
INFO:root:State: {'ndim': '50', 'test_all': 'None', 'test_path': 'None', 'nhid': '50', 'lremb': '0.01', 'seed': '5', 'simfn': 'L1', 'valid_path': 'None', 'nbatches': '10', 'lrparam': '0.01', 'decay': '0.999', 'show_hinton_diagrams': 'False', 'no_rescaling': 'True', 'Nrel': '1345', 'ranking_score_right': 'False', 'Nent': '16296', 'Nsyn': '14951', 'method': 'MOMENTUM', 'loss_margin': '1.0', 'C': '1.0', 'epsilon': '1e-06', 'use_db': 'True', 'max_lr': 'None', 'l1_param_weight': 'None', 'filtered': 'False', 'name': 'fb15k_50/fb15k_MOMENTUM_215', 'totepochs': '50', 'l2_param_weight': 'None', 'train_path': 'data/fb15k/FB15k-train.pkl', 'op': 'TransE'}
INFO:root:Starting the Experiment ..
INFO:root:-- EPOCH 1 (5.679 seconds):
INFO:root:COST >> 1.3466 +/- 0.6224, % updates: 48.866%
INFO:root:-- EPOCH 2 (5.649 seconds):
INFO:root:COST >> 0.5821 +/- 0.0109, % updates: 24.383%
INFO:root:-- EPOCH 3 (5.605 seconds):
INFO:root:COST >> 0.4907 +/- 0.0125, % updates: 21.237%
INFO:root:-- EPOCH 4 (5.609 seconds):
INFO:root:COST >> 0.4607 +/- 0.0164, % updates: 20.172%
INFO:root:-- EPOCH 5 (5.68 seconds):
INFO:root:COST >> 0.4452 +/- 0.0167, % updates: 19.55%
INFO:root:-- EPOCH 6 (5.631 seconds):
INFO:root:COST >> 0.4359 +/- 0.0153, % updates: 19.232%
INFO:root:-- EPOCH 7 (5.604 seconds):
INFO:root:COST >> 0.4281 +/- 0.0148, % updates: 18.909%
INFO:root:-- EPOCH 8 (5.62 seconds):
INFO:root:COST >> 0.4233 +/- 0.0156, % updates: 18.728%
INFO:root:-- EPOCH 9 (5.531 seconds):
INFO:root:COST >> 0.4183 +/- 0.0129, % updates: 18.598%
INFO:root:-- EPOCH 10 (5.653 seconds):
INFO:root:COST >> 0.4152 +/- 0.014, % updates: 18.471%
INFO:root:-- EPOCH 11 (5.543 seconds):
INFO:root:COST >> 0.4108 +/- 0.0112, % updates: 18.364%
INFO:root:-- EPOCH 12 (5.612 seconds):
INFO:root:COST >> 0.4069 +/- 0.0124, % updates: 18.265%
INFO:root:-- EPOCH 13 (5.596 seconds):
INFO:root:COST >> 0.4052 +/- 0.0131, % updates: 18.231%
INFO:root:-- EPOCH 14 (5.595 seconds):
INFO:root:COST >> 0.4023 +/- 0.0146, % updates: 18.147%
INFO:root:-- EPOCH 15 (5.58 seconds):
INFO:root:COST >> 0.4009 +/- 0.013, % updates: 18.121%
INFO:root:-- EPOCH 16 (5.633 seconds):
INFO:root:COST >> 0.3989 +/- 0.0124, % updates: 18.046%
INFO:root:-- EPOCH 17 (5.618 seconds):
INFO:root:COST >> 0.397 +/- 0.0122, % updates: 17.987%
INFO:root:-- EPOCH 18 (5.657 seconds):
INFO:root:COST >> 0.3964 +/- 0.0122, % updates: 17.955%
INFO:root:-- EPOCH 19 (5.544 seconds):
INFO:root:COST >> 0.3952 +/- 0.0096, % updates: 17.92%
INFO:root:-- EPOCH 20 (5.617 seconds):
INFO:root:COST >> 0.3941 +/- 0.011, % updates: 17.932%
INFO:root:-- EPOCH 21 (5.608 seconds):
INFO:root:COST >> 0.3911 +/- 0.0122, % updates: 17.866%
INFO:root:-- EPOCH 22 (5.56 seconds):
INFO:root:COST >> 0.3919 +/- 0.0143, % updates: 17.859%
INFO:root:-- EPOCH 23 (5.584 seconds):
INFO:root:COST >> 0.3901 +/- 0.0122, % updates: 17.814%
INFO:root:-- EPOCH 24 (5.595 seconds):
INFO:root:COST >> 0.3884 +/- 0.0121, % updates: 17.765%
INFO:root:-- EPOCH 25 (5.606 seconds):
INFO:root:COST >> 0.3893 +/- 0.0094, % updates: 17.841%
INFO:root:-- EPOCH 26 (5.56 seconds):
INFO:root:COST >> 0.3872 +/- 0.0132, % updates: 17.744%
INFO:root:-- EPOCH 27 (5.571 seconds):
INFO:root:COST >> 0.3886 +/- 0.0106, % updates: 17.813%
INFO:root:-- EPOCH 28 (5.591 seconds):
INFO:root:COST >> 0.386 +/- 0.0118, % updates: 17.745%
INFO:root:-- EPOCH 29 (5.641 seconds):
INFO:root:COST >> 0.3866 +/- 0.012, % updates: 17.776%
INFO:root:-- EPOCH 30 (5.614 seconds):
INFO:root:COST >> 0.386 +/- 0.0134, % updates: 17.772%
INFO:root:-- EPOCH 31 (5.559 seconds):
INFO:root:COST >> 0.3834 +/- 0.0128, % updates: 17.754%
INFO:root:-- EPOCH 32 (5.588 seconds):
INFO:root:COST >> 0.3839 +/- 0.0083, % updates: 17.664%
INFO:root:-- EPOCH 33 (5.889 seconds):
INFO:root:COST >> 0.3829 +/- 0.0111, % updates: 17.729%
INFO:root:-- EPOCH 34 (5.616 seconds):
INFO:root:COST >> 0.3829 +/- 0.01, % updates: 17.723%
INFO:root:-- EPOCH 35 (5.551 seconds):
INFO:root:COST >> 0.3822 +/- 0.0112, % updates: 17.661%
INFO:root:-- EPOCH 36 (5.611 seconds):
INFO:root:COST >> 0.3839 +/- 0.0121, % updates: 17.71%
INFO:root:-- EPOCH 37 (5.548 seconds):
INFO:root:COST >> 0.3818 +/- 0.0098, % updates: 17.697%
INFO:root:-- EPOCH 38 (5.59 seconds):
INFO:root:COST >> 0.3802 +/- 0.0083, % updates: 17.644%
INFO:root:-- EPOCH 39 (5.567 seconds):
INFO:root:COST >> 0.3824 +/- 0.0102, % updates: 17.756%
INFO:root:-- EPOCH 40 (5.626 seconds):
INFO:root:COST >> 0.3812 +/- 0.0103, % updates: 17.717%
INFO:root:-- EPOCH 41 (5.564 seconds):
INFO:root:COST >> 0.3801 +/- 0.0128, % updates: 17.618%
INFO:root:-- EPOCH 42 (5.565 seconds):
INFO:root:COST >> 0.3793 +/- 0.0101, % updates: 17.638%
INFO:root:-- EPOCH 43 (5.591 seconds):
INFO:root:COST >> 0.3785 +/- 0.0102, % updates: 17.638%
INFO:root:-- EPOCH 44 (5.612 seconds):
INFO:root:COST >> 0.3795 +/- 0.0123, % updates: 17.59%
INFO:root:-- EPOCH 45 (5.528 seconds):
INFO:root:COST >> 0.3789 +/- 0.01, % updates: 17.608%
INFO:root:-- EPOCH 46 (5.6 seconds):
INFO:root:COST >> 0.3779 +/- 0.0098, % updates: 17.645%
INFO:root:-- EPOCH 47 (5.536 seconds):
INFO:root:COST >> 0.3772 +/- 0.0103, % updates: 17.581%
INFO:root:-- EPOCH 48 (5.02 seconds):
INFO:root:COST >> 0.3776 +/- 0.0104, % updates: 17.622%
INFO:root:-- EPOCH 49 (5.541 seconds):
INFO:root:COST >> 0.377 +/- 0.0125, % updates: 17.599%
INFO:root:-- EPOCH 50 (5.595 seconds):
INFO:root:COST >> 0.3777 +/- 0.0089, % updates: 17.612%
