INFO:root:Shape for training set: (16296, 483142)
INFO:root:State: {'ndim': '50', 'test_all': 'None', 'test_path': 'None', 'nhid': '50', 'lremb': '0.001', 'seed': '4', 'simfn': 'L1', 'valid_path': 'None', 'nbatches': '10', 'lrparam': '0.001', 'decay': '0.5', 'show_hinton_diagrams': 'False', 'no_rescaling': 'True', 'Nrel': '1345', 'ranking_score_right': 'False', 'Nent': '16296', 'Nsyn': '14951', 'method': 'MOMENTUM', 'loss_margin': '1.0', 'C': '1.0', 'epsilon': '1e-06', 'use_db': 'True', 'max_lr': 'None', 'l1_param_weight': 'None', 'filtered': 'False', 'name': 'fb15k_50/fb15k_MOMENTUM_194', 'totepochs': '50', 'l2_param_weight': 'None', 'train_path': 'data/fb15k/FB15k-train.pkl', 'op': 'TransE'}
INFO:root:Starting the Experiment ..
INFO:root:-- EPOCH 1 (5.697 seconds):
INFO:root:COST >> 1.6356 +/- 0.3155, % updates: 64.933%
INFO:root:-- EPOCH 2 (6.812 seconds):
INFO:root:COST >> 0.7893 +/- 0.1423, % updates: 39.029%
INFO:root:-- EPOCH 3 (5.09 seconds):
INFO:root:COST >> 0.417 +/- 0.0478, % updates: 24.106%
INFO:root:-- EPOCH 4 (5.634 seconds):
INFO:root:COST >> 0.288 +/- 0.0179, % updates: 17.688%
INFO:root:-- EPOCH 5 (5.616 seconds):
INFO:root:COST >> 0.2239 +/- 0.0132, % updates: 14.3%
INFO:root:-- EPOCH 6 (5.607 seconds):
INFO:root:COST >> 0.1785 +/- 0.0039, % updates: 11.76%
INFO:root:-- EPOCH 7 (5.596 seconds):
INFO:root:COST >> 0.1563 +/- 0.0032, % updates: 10.419%
INFO:root:-- EPOCH 8 (5.579 seconds):
INFO:root:COST >> 0.1405 +/- 0.0016, % updates: 9.453%
INFO:root:-- EPOCH 9 (5.641 seconds):
INFO:root:COST >> 0.1284 +/- 0.0018, % updates: 8.657%
INFO:root:-- EPOCH 10 (5.611 seconds):
INFO:root:COST >> 0.12 +/- 0.0015, % updates: 8.187%
INFO:root:-- EPOCH 11 (5.604 seconds):
INFO:root:COST >> 0.1134 +/- 0.0017, % updates: 7.721%
INFO:root:-- EPOCH 12 (5.578 seconds):
INFO:root:COST >> 0.1073 +/- 0.0011, % updates: 7.333%
INFO:root:-- EPOCH 13 (5.585 seconds):
INFO:root:COST >> 0.1025 +/- 0.001, % updates: 7.04%
INFO:root:-- EPOCH 14 (5.652 seconds):
INFO:root:COST >> 0.0989 +/- 0.0014, % updates: 6.763%
INFO:root:-- EPOCH 15 (5.655 seconds):
INFO:root:COST >> 0.0957 +/- 0.0011, % updates: 6.594%
INFO:root:-- EPOCH 16 (5.593 seconds):
INFO:root:COST >> 0.0927 +/- 0.0021, % updates: 6.348%
INFO:root:-- EPOCH 17 (5.64 seconds):
INFO:root:COST >> 0.0886 +/- 0.0008, % updates: 6.135%
INFO:root:-- EPOCH 18 (5.586 seconds):
INFO:root:COST >> 0.0867 +/- 0.001, % updates: 6.009%
INFO:root:-- EPOCH 19 (5.604 seconds):
INFO:root:COST >> 0.0846 +/- 0.001, % updates: 5.874%
INFO:root:-- EPOCH 20 (5.609 seconds):
INFO:root:COST >> 0.0819 +/- 0.0009, % updates: 5.717%
INFO:root:-- EPOCH 21 (5.584 seconds):
INFO:root:COST >> 0.0805 +/- 0.0014, % updates: 5.592%
INFO:root:-- EPOCH 22 (5.589 seconds):
INFO:root:COST >> 0.0786 +/- 0.0012, % updates: 5.526%
INFO:root:-- EPOCH 23 (5.541 seconds):
INFO:root:COST >> 0.0771 +/- 0.0017, % updates: 5.383%
INFO:root:-- EPOCH 24 (5.599 seconds):
INFO:root:COST >> 0.0757 +/- 0.001, % updates: 5.28%
INFO:root:-- EPOCH 25 (5.603 seconds):
INFO:root:COST >> 0.0749 +/- 0.0013, % updates: 5.219%
INFO:root:-- EPOCH 26 (5.574 seconds):
INFO:root:COST >> 0.073 +/- 0.0008, % updates: 5.132%
INFO:root:-- EPOCH 27 (5.572 seconds):
INFO:root:COST >> 0.0715 +/- 0.0013, % updates: 5.003%
INFO:root:-- EPOCH 28 (5.604 seconds):
INFO:root:COST >> 0.0702 +/- 0.0014, % updates: 4.93%
INFO:root:-- EPOCH 29 (5.99 seconds):
INFO:root:COST >> 0.0704 +/- 0.0016, % updates: 4.926%
INFO:root:-- EPOCH 30 (5.966 seconds):
INFO:root:COST >> 0.0681 +/- 0.0015, % updates: 4.818%
INFO:root:-- EPOCH 31 (5.612 seconds):
INFO:root:COST >> 0.0679 +/- 0.001, % updates: 4.775%
INFO:root:-- EPOCH 32 (5.599 seconds):
INFO:root:COST >> 0.0669 +/- 0.0017, % updates: 4.727%
INFO:root:-- EPOCH 33 (5.571 seconds):
INFO:root:COST >> 0.0656 +/- 0.0013, % updates: 4.617%
INFO:root:-- EPOCH 34 (5.59 seconds):
INFO:root:COST >> 0.0654 +/- 0.0012, % updates: 4.624%
INFO:root:-- EPOCH 35 (5.619 seconds):
INFO:root:COST >> 0.0651 +/- 0.0008, % updates: 4.597%
INFO:root:-- EPOCH 36 (5.556 seconds):
INFO:root:COST >> 0.0639 +/- 0.0012, % updates: 4.516%
INFO:root:-- EPOCH 37 (5.594 seconds):
INFO:root:COST >> 0.0645 +/- 0.0012, % updates: 4.533%
INFO:root:-- EPOCH 38 (5.577 seconds):
INFO:root:COST >> 0.063 +/- 0.001, % updates: 4.463%
INFO:root:-- EPOCH 39 (5.58 seconds):
INFO:root:COST >> 0.062 +/- 0.0014, % updates: 4.372%
INFO:root:-- EPOCH 40 (5.693 seconds):
INFO:root:COST >> 0.0614 +/- 0.0011, % updates: 4.357%
INFO:root:-- EPOCH 41 (5.589 seconds):
INFO:root:COST >> 0.0607 +/- 0.0018, % updates: 4.291%
INFO:root:-- EPOCH 42 (5.615 seconds):
INFO:root:COST >> 0.0601 +/- 0.0016, % updates: 4.286%
INFO:root:-- EPOCH 43 (5.612 seconds):
INFO:root:COST >> 0.0605 +/- 0.0017, % updates: 4.284%
INFO:root:-- EPOCH 44 (5.616 seconds):
INFO:root:COST >> 0.059 +/- 0.0015, % updates: 4.19%
INFO:root:-- EPOCH 45 (5.604 seconds):
INFO:root:COST >> 0.0585 +/- 0.0011, % updates: 4.177%
INFO:root:-- EPOCH 46 (5.588 seconds):
INFO:root:COST >> 0.0579 +/- 0.0008, % updates: 4.119%
INFO:root:-- EPOCH 47 (5.565 seconds):
INFO:root:COST >> 0.0581 +/- 0.0015, % updates: 4.115%
INFO:root:-- EPOCH 48 (5.611 seconds):
INFO:root:COST >> 0.0578 +/- 0.0012, % updates: 4.094%
INFO:root:-- EPOCH 49 (5.59 seconds):
INFO:root:COST >> 0.0576 +/- 0.001, % updates: 4.073%
INFO:root:-- EPOCH 50 (5.592 seconds):
INFO:root:COST >> 0.0563 +/- 0.0009, % updates: 3.999%
