INFO:root:Shape for training set: (16296, 483142)
INFO:root:State: {'ndim': '50', 'test_all': 'None', 'test_path': 'None', 'nhid': '50', 'lremb': '10.0', 'seed': '1', 'simfn': 'L1', 'valid_path': 'None', 'nbatches': '10', 'lrparam': '10.0', 'decay': '0.9999', 'show_hinton_diagrams': 'False', 'no_rescaling': 'True', 'Nrel': '1345', 'ranking_score_right': 'False', 'Nent': '16296', 'Nsyn': '14951', 'method': 'MOMENTUM', 'loss_margin': '1.0', 'C': '1.0', 'epsilon': '1e-06', 'use_db': 'True', 'max_lr': 'None', 'l1_param_weight': 'None', 'filtered': 'False', 'name': 'fb15k_50/fb15k_MOMENTUM_351', 'totepochs': '50', 'l2_param_weight': 'None', 'train_path': 'data/fb15k/FB15k-train.pkl', 'op': 'TransE'}
INFO:root:Starting the Experiment ..
INFO:root:-- EPOCH 1 (7.446 seconds):
INFO:root:COST >> 1.488 +/- 0.7209, % updates: 47.824%
INFO:root:-- EPOCH 2 (7.187 seconds):
INFO:root:COST >> 0.8061 +/- 0.0153, % updates: 30.95%
INFO:root:-- EPOCH 3 (7.003 seconds):
INFO:root:COST >> 0.7012 +/- 0.0215, % updates: 28.694%
INFO:root:-- EPOCH 4 (6.783 seconds):
INFO:root:COST >> 0.6538 +/- 0.0243, % updates: 27.715%
INFO:root:-- EPOCH 5 (6.873 seconds):
INFO:root:COST >> 0.6243 +/- 0.0237, % updates: 27.123%
INFO:root:-- EPOCH 6 (6.861 seconds):
INFO:root:COST >> 0.6024 +/- 0.022, % updates: 26.739%
INFO:root:-- EPOCH 7 (7.003 seconds):
INFO:root:COST >> 0.5864 +/- 0.0211, % updates: 26.502%
INFO:root:-- EPOCH 8 (6.893 seconds):
INFO:root:COST >> 0.5751 +/- 0.0233, % updates: 26.298%
INFO:root:-- EPOCH 9 (8.191 seconds):
INFO:root:COST >> 0.5654 +/- 0.0213, % updates: 26.075%
INFO:root:-- EPOCH 10 (6.889 seconds):
INFO:root:COST >> 0.5546 +/- 0.0185, % updates: 25.964%
INFO:root:-- EPOCH 11 (7.023 seconds):
INFO:root:COST >> 0.5481 +/- 0.0177, % updates: 25.823%
INFO:root:-- EPOCH 12 (7.243 seconds):
INFO:root:COST >> 0.5439 +/- 0.0177, % updates: 25.764%
INFO:root:-- EPOCH 13 (6.995 seconds):
INFO:root:COST >> 0.539 +/- 0.0184, % updates: 25.735%
INFO:root:-- EPOCH 14 (7.798 seconds):
INFO:root:COST >> 0.5329 +/- 0.0175, % updates: 25.639%
INFO:root:-- EPOCH 15 (8.191 seconds):
INFO:root:COST >> 0.5296 +/- 0.0177, % updates: 25.564%
INFO:root:-- EPOCH 16 (7.918 seconds):
INFO:root:COST >> 0.528 +/- 0.0164, % updates: 25.55%
INFO:root:-- EPOCH 17 (8.341 seconds):
INFO:root:COST >> 0.5214 +/- 0.0161, % updates: 25.435%
INFO:root:-- EPOCH 18 (8.233 seconds):
INFO:root:COST >> 0.5216 +/- 0.0139, % updates: 25.466%
INFO:root:-- EPOCH 19 (8.118 seconds):
INFO:root:COST >> 0.5173 +/- 0.0156, % updates: 25.382%
INFO:root:-- EPOCH 20 (8.549 seconds):
INFO:root:COST >> 0.5146 +/- 0.0167, % updates: 25.423%
INFO:root:-- EPOCH 21 (7.864 seconds):
INFO:root:COST >> 0.5117 +/- 0.014, % updates: 25.315%
INFO:root:-- EPOCH 22 (7.861 seconds):
INFO:root:COST >> 0.5102 +/- 0.013, % updates: 25.314%
INFO:root:-- EPOCH 23 (7.093 seconds):
INFO:root:COST >> 0.5083 +/- 0.0141, % updates: 25.275%
INFO:root:-- EPOCH 24 (6.903 seconds):
INFO:root:COST >> 0.505 +/- 0.0129, % updates: 25.227%
INFO:root:-- EPOCH 25 (6.988 seconds):
INFO:root:COST >> 0.5055 +/- 0.0132, % updates: 25.256%
INFO:root:-- EPOCH 26 (6.58 seconds):
INFO:root:COST >> 0.5009 +/- 0.0142, % updates: 25.173%
INFO:root:-- EPOCH 27 (6.764 seconds):
INFO:root:COST >> 0.4994 +/- 0.0145, % updates: 25.156%
INFO:root:-- EPOCH 28 (6.793 seconds):
INFO:root:COST >> 0.5004 +/- 0.0131, % updates: 25.141%
INFO:root:-- EPOCH 29 (6.82 seconds):
INFO:root:COST >> 0.498 +/- 0.013, % updates: 25.153%
INFO:root:-- EPOCH 30 (6.876 seconds):
INFO:root:COST >> 0.4979 +/- 0.0143, % updates: 25.149%
INFO:root:-- EPOCH 31 (7.039 seconds):
INFO:root:COST >> 0.4957 +/- 0.0119, % updates: 25.135%
INFO:root:-- EPOCH 32 (6.777 seconds):
INFO:root:COST >> 0.4937 +/- 0.0127, % updates: 25.11%
INFO:root:-- EPOCH 33 (6.521 seconds):
INFO:root:COST >> 0.493 +/- 0.0121, % updates: 25.058%
INFO:root:-- EPOCH 34 (6.573 seconds):
INFO:root:COST >> 0.4934 +/- 0.0126, % updates: 25.098%
INFO:root:-- EPOCH 35 (7.192 seconds):
INFO:root:COST >> 0.4901 +/- 0.0133, % updates: 25.045%
INFO:root:-- EPOCH 36 (7.062 seconds):
INFO:root:COST >> 0.4908 +/- 0.0129, % updates: 25.068%
INFO:root:-- EPOCH 37 (7.425 seconds):
INFO:root:COST >> 0.4911 +/- 0.012, % updates: 25.072%
INFO:root:-- EPOCH 38 (7.437 seconds):
INFO:root:COST >> 0.4887 +/- 0.0106, % updates: 25.082%
INFO:root:-- EPOCH 39 (7.268 seconds):
INFO:root:COST >> 0.4866 +/- 0.0104, % updates: 25.022%
INFO:root:-- EPOCH 40 (7.622 seconds):
INFO:root:COST >> 0.4879 +/- 0.0127, % updates: 25.051%
INFO:root:-- EPOCH 41 (7.417 seconds):
INFO:root:COST >> 0.4866 +/- 0.0096, % updates: 25.014%
INFO:root:-- EPOCH 42 (7.986 seconds):
INFO:root:COST >> 0.4856 +/- 0.012, % updates: 24.987%
INFO:root:-- EPOCH 43 (7.429 seconds):
INFO:root:COST >> 0.4844 +/- 0.0105, % updates: 24.962%
INFO:root:-- EPOCH 44 (7.484 seconds):
INFO:root:COST >> 0.484 +/- 0.0122, % updates: 25.044%
INFO:root:-- EPOCH 45 (6.421 seconds):
INFO:root:COST >> 0.4822 +/- 0.0123, % updates: 24.926%
INFO:root:-- EPOCH 46 (7.23 seconds):
INFO:root:COST >> 0.4822 +/- 0.0102, % updates: 24.95%
INFO:root:-- EPOCH 47 (7.41 seconds):
INFO:root:COST >> 0.4824 +/- 0.0094, % updates: 24.963%
INFO:root:-- EPOCH 48 (7.407 seconds):
INFO:root:COST >> 0.4813 +/- 0.0122, % updates: 24.912%
INFO:root:-- EPOCH 49 (7.305 seconds):
INFO:root:COST >> 0.4811 +/- 0.0106, % updates: 24.927%
INFO:root:-- EPOCH 50 (7.44 seconds):
INFO:root:COST >> 0.4803 +/- 0.0092, % updates: 24.924%
