INFO:root:Shape for training set: (16296, 483142)
INFO:root:State: {'ndim': '50', 'test_all': 'None', 'test_path': 'None', 'nhid': '50', 'lremb': '1.0', 'seed': '1', 'simfn': 'L1', 'valid_path': 'None', 'nbatches': '10', 'lrparam': '1.0', 'decay': '0.9', 'show_hinton_diagrams': 'False', 'no_rescaling': 'True', 'Nrel': '1345', 'ranking_score_right': 'False', 'Nent': '16296', 'Nsyn': '14951', 'method': 'MOMENTUM', 'loss_margin': '1.0', 'C': '1.0', 'epsilon': '1e-06', 'use_db': 'True', 'max_lr': 'None', 'l1_param_weight': 'None', 'filtered': 'False', 'name': 'fb15k_50/fb15k_MOMENTUM_331', 'totepochs': '50', 'l2_param_weight': 'None', 'train_path': 'data/fb15k/FB15k-train.pkl', 'op': 'TransE'}
INFO:root:Starting the Experiment ..
INFO:root:-- EPOCH 1 (6.229 seconds):
INFO:root:COST >> 1.4962 +/- 0.7134, % updates: 47.247%
INFO:root:-- EPOCH 2 (6.344 seconds):
INFO:root:COST >> 0.9416 +/- 0.0508, % updates: 32.714%
INFO:root:-- EPOCH 3 (6.273 seconds):
INFO:root:COST >> 0.9259 +/- 0.0554, % updates: 32.361%
INFO:root:-- EPOCH 4 (6.318 seconds):
INFO:root:COST >> 0.9264 +/- 0.0561, % updates: 32.371%
INFO:root:-- EPOCH 5 (5.951 seconds):
INFO:root:COST >> 0.9283 +/- 0.0554, % updates: 32.438%
INFO:root:-- EPOCH 6 (5.923 seconds):
INFO:root:COST >> 0.9311 +/- 0.0551, % updates: 32.434%
INFO:root:-- EPOCH 7 (6.311 seconds):
INFO:root:COST >> 0.9275 +/- 0.0562, % updates: 32.429%
INFO:root:-- EPOCH 8 (6.323 seconds):
INFO:root:COST >> 0.9281 +/- 0.0575, % updates: 32.448%
INFO:root:-- EPOCH 9 (6.131 seconds):
INFO:root:COST >> 0.9313 +/- 0.0568, % updates: 32.48%
INFO:root:-- EPOCH 10 (5.954 seconds):
INFO:root:COST >> 0.9268 +/- 0.0577, % updates: 32.38%
INFO:root:-- EPOCH 11 (5.953 seconds):
INFO:root:COST >> 0.9279 +/- 0.0517, % updates: 32.446%
INFO:root:-- EPOCH 12 (5.903 seconds):
INFO:root:COST >> 0.9294 +/- 0.0556, % updates: 32.461%
INFO:root:-- EPOCH 13 (5.878 seconds):
INFO:root:COST >> 0.9285 +/- 0.0565, % updates: 32.452%
INFO:root:-- EPOCH 14 (5.909 seconds):
INFO:root:COST >> 0.9303 +/- 0.056, % updates: 32.475%
INFO:root:-- EPOCH 15 (5.94 seconds):
INFO:root:COST >> 0.9257 +/- 0.0599, % updates: 32.385%
INFO:root:-- EPOCH 16 (5.904 seconds):
INFO:root:COST >> 0.9292 +/- 0.0573, % updates: 32.404%
INFO:root:-- EPOCH 17 (5.913 seconds):
INFO:root:COST >> 0.9264 +/- 0.0563, % updates: 32.338%
INFO:root:-- EPOCH 18 (5.883 seconds):
INFO:root:COST >> 0.9326 +/- 0.0546, % updates: 32.479%
INFO:root:-- EPOCH 19 (5.957 seconds):
INFO:root:COST >> 0.9262 +/- 0.0578, % updates: 32.436%
INFO:root:-- EPOCH 20 (5.955 seconds):
INFO:root:COST >> 0.9301 +/- 0.059, % updates: 32.369%
INFO:root:-- EPOCH 21 (5.912 seconds):
INFO:root:COST >> 0.9283 +/- 0.0548, % updates: 32.417%
INFO:root:-- EPOCH 22 (5.9 seconds):
INFO:root:COST >> 0.9285 +/- 0.0549, % updates: 32.377%
INFO:root:-- EPOCH 23 (5.91 seconds):
INFO:root:COST >> 0.9286 +/- 0.0571, % updates: 32.385%
INFO:root:-- EPOCH 24 (5.884 seconds):
INFO:root:COST >> 0.9272 +/- 0.0557, % updates: 32.383%
INFO:root:-- EPOCH 25 (5.912 seconds):
INFO:root:COST >> 0.9305 +/- 0.0586, % updates: 32.403%
INFO:root:-- EPOCH 26 (5.884 seconds):
INFO:root:COST >> 0.926 +/- 0.0555, % updates: 32.356%
INFO:root:-- EPOCH 27 (5.899 seconds):
INFO:root:COST >> 0.9255 +/- 0.057, % updates: 32.393%
INFO:root:-- EPOCH 28 (5.944 seconds):
INFO:root:COST >> 0.9283 +/- 0.0561, % updates: 32.428%
INFO:root:-- EPOCH 29 (5.923 seconds):
INFO:root:COST >> 0.9301 +/- 0.0573, % updates: 32.371%
INFO:root:-- EPOCH 30 (5.943 seconds):
INFO:root:COST >> 0.9308 +/- 0.0608, % updates: 32.469%
INFO:root:-- EPOCH 31 (5.966 seconds):
INFO:root:COST >> 0.9266 +/- 0.0551, % updates: 32.396%
INFO:root:-- EPOCH 32 (6.002 seconds):
INFO:root:COST >> 0.9248 +/- 0.0556, % updates: 32.373%
INFO:root:-- EPOCH 33 (5.98 seconds):
INFO:root:COST >> 0.927 +/- 0.054, % updates: 32.38%
INFO:root:-- EPOCH 34 (5.887 seconds):
INFO:root:COST >> 0.9286 +/- 0.0527, % updates: 32.406%
INFO:root:-- EPOCH 35 (5.917 seconds):
INFO:root:COST >> 0.9287 +/- 0.0569, % updates: 32.432%
INFO:root:-- EPOCH 36 (5.949 seconds):
INFO:root:COST >> 0.9282 +/- 0.0607, % updates: 32.398%
INFO:root:-- EPOCH 37 (5.88 seconds):
INFO:root:COST >> 0.9259 +/- 0.0572, % updates: 32.318%
INFO:root:-- EPOCH 38 (5.89 seconds):
INFO:root:COST >> 0.9326 +/- 0.0577, % updates: 32.472%
INFO:root:-- EPOCH 39 (5.879 seconds):
INFO:root:COST >> 0.925 +/- 0.0547, % updates: 32.388%
INFO:root:-- EPOCH 40 (5.469 seconds):
INFO:root:COST >> 0.9277 +/- 0.0532, % updates: 32.38%
INFO:root:-- EPOCH 41 (6.204 seconds):
INFO:root:COST >> 0.9307 +/- 0.0517, % updates: 32.449%
INFO:root:-- EPOCH 42 (5.895 seconds):
INFO:root:COST >> 0.929 +/- 0.0553, % updates: 32.367%
INFO:root:-- EPOCH 43 (5.973 seconds):
INFO:root:COST >> 0.9275 +/- 0.0563, % updates: 32.336%
INFO:root:-- EPOCH 44 (5.903 seconds):
INFO:root:COST >> 0.9269 +/- 0.0562, % updates: 32.39%
INFO:root:-- EPOCH 45 (5.895 seconds):
INFO:root:COST >> 0.9269 +/- 0.0559, % updates: 32.425%
INFO:root:-- EPOCH 46 (5.942 seconds):
INFO:root:COST >> 0.9256 +/- 0.059, % updates: 32.374%
INFO:root:-- EPOCH 47 (5.952 seconds):
INFO:root:COST >> 0.9298 +/- 0.0494, % updates: 32.446%
INFO:root:-- EPOCH 48 (5.873 seconds):
INFO:root:COST >> 0.9256 +/- 0.0554, % updates: 32.311%
INFO:root:-- EPOCH 49 (5.976 seconds):
INFO:root:COST >> 0.928 +/- 0.0566, % updates: 32.359%
INFO:root:-- EPOCH 50 (5.894 seconds):
INFO:root:COST >> 0.9295 +/- 0.0535, % updates: 32.44%
