INFO:root:Shape for training set: (16296, 483142)
INFO:root:State: {'ndim': '50', 'test_all': 'None', 'test_path': 'None', 'nhid': '50', 'lremb': '1e-06', 'seed': '5', 'simfn': 'L1', 'valid_path': 'None', 'nbatches': '10', 'lrparam': '1e-06', 'decay': '0.999', 'show_hinton_diagrams': 'False', 'no_rescaling': 'True', 'Nrel': '1345', 'ranking_score_right': 'False', 'Nent': '16296', 'Nsyn': '14951', 'method': 'MOMENTUM', 'loss_margin': '1.0', 'C': '1.0', 'epsilon': '1e-06', 'use_db': 'True', 'max_lr': 'None', 'l1_param_weight': 'None', 'filtered': 'False', 'name': 'fb15k_50/fb15k_MOMENTUM_15', 'totepochs': '50', 'l2_param_weight': 'None', 'train_path': 'data/fb15k/FB15k-train.pkl', 'op': 'TransE'}
INFO:root:Starting the Experiment ..
INFO:root:-- EPOCH 1 (7.152 seconds):
INFO:root:COST >> 2.2121 +/- 0.0105, % updates: 81.39%
INFO:root:-- EPOCH 2 (8.105 seconds):
INFO:root:COST >> 2.1674 +/- 0.0199, % updates: 80.685%
INFO:root:-- EPOCH 3 (6.955 seconds):
INFO:root:COST >> 2.0948 +/- 0.0206, % updates: 78.98%
INFO:root:-- EPOCH 4 (6.214 seconds):
INFO:root:COST >> 2.0172 +/- 0.0199, % updates: 77.103%
INFO:root:-- EPOCH 5 (8.72 seconds):
INFO:root:COST >> 1.9519 +/- 0.0163, % updates: 75.358%
INFO:root:-- EPOCH 6 (6.413 seconds):
INFO:root:COST >> 1.8994 +/- 0.0127, % updates: 74.152%
INFO:root:-- EPOCH 7 (6.609 seconds):
INFO:root:COST >> 1.8663 +/- 0.0076, % updates: 73.349%
INFO:root:-- EPOCH 8 (6.039 seconds):
INFO:root:COST >> 1.8327 +/- 0.0148, % updates: 72.462%
INFO:root:-- EPOCH 9 (6.258 seconds):
INFO:root:COST >> 1.7868 +/- 0.0188, % updates: 71.13%
INFO:root:-- EPOCH 10 (6.092 seconds):
INFO:root:COST >> 1.724 +/- 0.0172, % updates: 69.327%
INFO:root:-- EPOCH 11 (7.082 seconds):
INFO:root:COST >> 1.6643 +/- 0.0169, % updates: 67.211%
INFO:root:-- EPOCH 12 (8.741 seconds):
INFO:root:COST >> 1.6056 +/- 0.0191, % updates: 65.419%
INFO:root:-- EPOCH 13 (7.231 seconds):
INFO:root:COST >> 1.5445 +/- 0.0166, % updates: 63.519%
INFO:root:-- EPOCH 14 (7.033 seconds):
INFO:root:COST >> 1.4831 +/- 0.0172, % updates: 61.459%
INFO:root:-- EPOCH 15 (6.534 seconds):
INFO:root:COST >> 1.4292 +/- 0.0171, % updates: 59.611%
INFO:root:-- EPOCH 16 (6.646 seconds):
INFO:root:COST >> 1.3767 +/- 0.0146, % updates: 57.896%
INFO:root:-- EPOCH 17 (7.13 seconds):
INFO:root:COST >> 1.3266 +/- 0.0144, % updates: 56.238%
INFO:root:-- EPOCH 18 (6.771 seconds):
INFO:root:COST >> 1.2786 +/- 0.0127, % updates: 54.66%
INFO:root:-- EPOCH 19 (6.363 seconds):
INFO:root:COST >> 1.2311 +/- 0.016, % updates: 53.145%
INFO:root:-- EPOCH 20 (7.379 seconds):
INFO:root:COST >> 1.1865 +/- 0.0148, % updates: 51.701%
INFO:root:-- EPOCH 21 (6.573 seconds):
INFO:root:COST >> 1.1381 +/- 0.0144, % updates: 50.19%
INFO:root:-- EPOCH 22 (5.909 seconds):
INFO:root:COST >> 1.0924 +/- 0.014, % updates: 48.714%
INFO:root:-- EPOCH 23 (6.544 seconds):
INFO:root:COST >> 1.0465 +/- 0.0117, % updates: 47.106%
INFO:root:-- EPOCH 24 (8.764 seconds):
INFO:root:COST >> 0.9984 +/- 0.0161, % updates: 45.585%
INFO:root:-- EPOCH 25 (6.836 seconds):
INFO:root:COST >> 0.9512 +/- 0.0135, % updates: 43.955%
INFO:root:-- EPOCH 26 (6.454 seconds):
INFO:root:COST >> 0.9078 +/- 0.0148, % updates: 42.395%
INFO:root:-- EPOCH 27 (6.68 seconds):
INFO:root:COST >> 0.8613 +/- 0.0125, % updates: 40.72%
INFO:root:-- EPOCH 28 (6.709 seconds):
INFO:root:COST >> 0.8177 +/- 0.0128, % updates: 39.153%
INFO:root:-- EPOCH 29 (6.412 seconds):
INFO:root:COST >> 0.7752 +/- 0.014, % updates: 37.485%
INFO:root:-- EPOCH 30 (6.717 seconds):
INFO:root:COST >> 0.7381 +/- 0.0126, % updates: 35.999%
INFO:root:-- EPOCH 31 (7.062 seconds):
INFO:root:COST >> 0.6984 +/- 0.0108, % updates: 34.443%
INFO:root:-- EPOCH 32 (8.904 seconds):
INFO:root:COST >> 0.663 +/- 0.0122, % updates: 32.965%
INFO:root:-- EPOCH 33 (7.237 seconds):
INFO:root:COST >> 0.6269 +/- 0.0083, % updates: 31.484%
INFO:root:-- EPOCH 34 (9.077 seconds):
INFO:root:COST >> 0.5973 +/- 0.0109, % updates: 30.193%
INFO:root:-- EPOCH 35 (7.233 seconds):
INFO:root:COST >> 0.566 +/- 0.0099, % updates: 28.919%
INFO:root:-- EPOCH 36 (7.015 seconds):
INFO:root:COST >> 0.5412 +/- 0.009, % updates: 27.744%
INFO:root:-- EPOCH 37 (7.739 seconds):
INFO:root:COST >> 0.5156 +/- 0.0098, % updates: 26.616%
INFO:root:-- EPOCH 38 (8.848 seconds):
INFO:root:COST >> 0.4905 +/- 0.0065, % updates: 25.491%
INFO:root:-- EPOCH 39 (6.595 seconds):
INFO:root:COST >> 0.4685 +/- 0.0076, % updates: 24.433%
INFO:root:-- EPOCH 40 (9.002 seconds):
INFO:root:COST >> 0.4492 +/- 0.0078, % updates: 23.557%
INFO:root:-- EPOCH 41 (6.243 seconds):
INFO:root:COST >> 0.4307 +/- 0.0073, % updates: 22.701%
INFO:root:-- EPOCH 42 (6.237 seconds):
INFO:root:COST >> 0.4126 +/- 0.0057, % updates: 21.799%
INFO:root:-- EPOCH 43 (6.006 seconds):
INFO:root:COST >> 0.3983 +/- 0.0068, % updates: 21.159%
INFO:root:-- EPOCH 44 (5.956 seconds):
INFO:root:COST >> 0.3851 +/- 0.0039, % updates: 20.368%
INFO:root:-- EPOCH 45 (6.223 seconds):
INFO:root:COST >> 0.3709 +/- 0.0053, % updates: 19.767%
INFO:root:-- EPOCH 46 (6.848 seconds):
INFO:root:COST >> 0.3584 +/- 0.0042, % updates: 19.1%
INFO:root:-- EPOCH 47 (7.399 seconds):
INFO:root:COST >> 0.347 +/- 0.0025, % updates: 18.553%
INFO:root:-- EPOCH 48 (6.371 seconds):
INFO:root:COST >> 0.3364 +/- 0.0032, % updates: 17.961%
INFO:root:-- EPOCH 49 (7.635 seconds):
INFO:root:COST >> 0.326 +/- 0.0038, % updates: 17.456%
INFO:root:-- EPOCH 50 (6.796 seconds):
INFO:root:COST >> 0.3186 +/- 0.0032, % updates: 17.082%
