INFO:root:Shape for training set: (16296, 483142)
INFO:root:State: {'ndim': '50', 'test_all': 'None', 'test_path': 'None', 'nhid': '50', 'lremb': '0.001', 'seed': '5', 'simfn': 'L1', 'valid_path': 'None', 'nbatches': '10', 'lrparam': '0.001', 'decay': '0.99', 'show_hinton_diagrams': 'False', 'no_rescaling': 'True', 'Nrel': '1345', 'ranking_score_right': 'False', 'Nent': '16296', 'Nsyn': '14951', 'method': 'MOMENTUM', 'loss_margin': '1.0', 'C': '1.0', 'epsilon': '1e-06', 'use_db': 'True', 'max_lr': 'None', 'l1_param_weight': 'None', 'filtered': 'False', 'name': 'fb15k_50/fb15k_MOMENTUM_175', 'totepochs': '50', 'l2_param_weight': 'None', 'train_path': 'data/fb15k/FB15k-train.pkl', 'op': 'TransE'}
INFO:root:Starting the Experiment ..
INFO:root:-- EPOCH 1 (5.676 seconds):
INFO:root:COST >> 1.5598 +/- 0.3822, % updates: 61.31%
INFO:root:-- EPOCH 2 (5.634 seconds):
INFO:root:COST >> 0.5881 +/- 0.1178, % updates: 27.857%
INFO:root:-- EPOCH 3 (5.683 seconds):
INFO:root:COST >> 0.3534 +/- 0.0219, % updates: 17.498%
INFO:root:-- EPOCH 4 (5.579 seconds):
INFO:root:COST >> 0.3005 +/- 0.0039, % updates: 14.681%
INFO:root:-- EPOCH 5 (5.614 seconds):
INFO:root:COST >> 0.2876 +/- 0.0028, % updates: 13.794%
INFO:root:-- EPOCH 6 (5.612 seconds):
INFO:root:COST >> 0.2768 +/- 0.0051, % updates: 13.195%
INFO:root:-- EPOCH 7 (5.602 seconds):
INFO:root:COST >> 0.2706 +/- 0.0049, % updates: 12.82%
INFO:root:-- EPOCH 8 (5.596 seconds):
INFO:root:COST >> 0.2649 +/- 0.0055, % updates: 12.522%
INFO:root:-- EPOCH 9 (5.532 seconds):
INFO:root:COST >> 0.261 +/- 0.0045, % updates: 12.297%
INFO:root:-- EPOCH 10 (5.574 seconds):
INFO:root:COST >> 0.2595 +/- 0.006, % updates: 12.131%
INFO:root:-- EPOCH 11 (5.622 seconds):
INFO:root:COST >> 0.2582 +/- 0.0037, % updates: 12.004%
INFO:root:-- EPOCH 12 (5.596 seconds):
INFO:root:COST >> 0.2577 +/- 0.0064, % updates: 11.918%
INFO:root:-- EPOCH 13 (5.609 seconds):
INFO:root:COST >> 0.2594 +/- 0.0071, % updates: 11.915%
INFO:root:-- EPOCH 14 (5.646 seconds):
INFO:root:COST >> 0.2607 +/- 0.0067, % updates: 11.839%
INFO:root:-- EPOCH 15 (5.581 seconds):
INFO:root:COST >> 0.2608 +/- 0.0064, % updates: 11.82%
INFO:root:-- EPOCH 16 (5.618 seconds):
INFO:root:COST >> 0.2618 +/- 0.0061, % updates: 11.784%
INFO:root:-- EPOCH 17 (5.514 seconds):
INFO:root:COST >> 0.2609 +/- 0.0058, % updates: 11.727%
INFO:root:-- EPOCH 18 (5.64 seconds):
INFO:root:COST >> 0.2645 +/- 0.0065, % updates: 11.781%
INFO:root:-- EPOCH 19 (5.635 seconds):
INFO:root:COST >> 0.2646 +/- 0.0054, % updates: 11.72%
INFO:root:-- EPOCH 20 (5.531 seconds):
INFO:root:COST >> 0.2686 +/- 0.0063, % updates: 11.843%
INFO:root:-- EPOCH 21 (5.61 seconds):
INFO:root:COST >> 0.2685 +/- 0.0073, % updates: 11.803%
INFO:root:-- EPOCH 22 (5.598 seconds):
INFO:root:COST >> 0.2707 +/- 0.0076, % updates: 11.846%
INFO:root:-- EPOCH 23 (5.561 seconds):
INFO:root:COST >> 0.2713 +/- 0.0076, % updates: 11.859%
INFO:root:-- EPOCH 24 (5.644 seconds):
INFO:root:COST >> 0.2735 +/- 0.0081, % updates: 11.857%
INFO:root:-- EPOCH 25 (5.622 seconds):
INFO:root:COST >> 0.2742 +/- 0.0055, % updates: 11.898%
INFO:root:-- EPOCH 26 (5.605 seconds):
INFO:root:COST >> 0.2767 +/- 0.0077, % updates: 11.935%
INFO:root:-- EPOCH 27 (5.57 seconds):
INFO:root:COST >> 0.2778 +/- 0.0057, % updates: 11.982%
INFO:root:-- EPOCH 28 (5.573 seconds):
INFO:root:COST >> 0.2795 +/- 0.0073, % updates: 12.022%
INFO:root:-- EPOCH 29 (5.573 seconds):
INFO:root:COST >> 0.2801 +/- 0.0076, % updates: 12.023%
INFO:root:-- EPOCH 30 (5.57 seconds):
INFO:root:COST >> 0.2821 +/- 0.0076, % updates: 12.071%
INFO:root:-- EPOCH 31 (5.525 seconds):
INFO:root:COST >> 0.2798 +/- 0.0074, % updates: 12.011%
INFO:root:-- EPOCH 32 (5.845 seconds):
INFO:root:COST >> 0.2845 +/- 0.0049, % updates: 12.106%
INFO:root:-- EPOCH 33 (5.567 seconds):
INFO:root:COST >> 0.2844 +/- 0.0072, % updates: 12.171%
INFO:root:-- EPOCH 34 (5.587 seconds):
INFO:root:COST >> 0.2889 +/- 0.0077, % updates: 12.397%
INFO:root:-- EPOCH 35 (5.621 seconds):
INFO:root:COST >> 0.2947 +/- 0.0091, % updates: 12.578%
INFO:root:-- EPOCH 36 (5.511 seconds):
INFO:root:COST >> 0.3036 +/- 0.0082, % updates: 12.76%
INFO:root:-- EPOCH 37 (5.554 seconds):
INFO:root:COST >> 0.3036 +/- 0.0047, % updates: 12.774%
INFO:root:-- EPOCH 38 (5.549 seconds):
INFO:root:COST >> 0.3033 +/- 0.0055, % updates: 12.783%
INFO:root:-- EPOCH 39 (5.668 seconds):
INFO:root:COST >> 0.3043 +/- 0.0058, % updates: 12.846%
INFO:root:-- EPOCH 40 (5.475 seconds):
INFO:root:COST >> 0.3043 +/- 0.0076, % updates: 12.828%
INFO:root:-- EPOCH 41 (5.539 seconds):
INFO:root:COST >> 0.305 +/- 0.007, % updates: 12.814%
INFO:root:-- EPOCH 42 (5.567 seconds):
INFO:root:COST >> 0.3063 +/- 0.0071, % updates: 12.84%
INFO:root:-- EPOCH 43 (5.57 seconds):
INFO:root:COST >> 0.3067 +/- 0.0061, % updates: 12.807%
INFO:root:-- EPOCH 44 (5.593 seconds):
INFO:root:COST >> 0.3095 +/- 0.0073, % updates: 12.898%
INFO:root:-- EPOCH 45 (5.538 seconds):
INFO:root:COST >> 0.3088 +/- 0.0057, % updates: 12.863%
INFO:root:-- EPOCH 46 (5.576 seconds):
INFO:root:COST >> 0.3106 +/- 0.0069, % updates: 12.898%
INFO:root:-- EPOCH 47 (6.416 seconds):
INFO:root:COST >> 0.3094 +/- 0.0084, % updates: 12.873%
INFO:root:-- EPOCH 48 (5.25 seconds):
INFO:root:COST >> 0.3097 +/- 0.006, % updates: 12.9%
INFO:root:-- EPOCH 49 (5.492 seconds):
INFO:root:COST >> 0.3099 +/- 0.0085, % updates: 12.869%
INFO:root:-- EPOCH 50 (5.607 seconds):
INFO:root:COST >> 0.31 +/- 0.006, % updates: 12.922%
