INFO:root:Shape for training set: (16296, 483142)
INFO:root:State: {'ndim': '50', 'test_all': 'None', 'test_path': 'None', 'nhid': '50', 'lremb': '0.001', 'seed': '3', 'simfn': 'L1', 'valid_path': 'None', 'nbatches': '10', 'lrparam': '0.001', 'decay': '0.9', 'show_hinton_diagrams': 'False', 'no_rescaling': 'True', 'Nrel': '1345', 'ranking_score_right': 'False', 'Nent': '16296', 'Nsyn': '14951', 'method': 'MOMENTUM', 'loss_margin': '1.0', 'C': '1.0', 'epsilon': '1e-06', 'use_db': 'True', 'max_lr': 'None', 'l1_param_weight': 'None', 'filtered': 'False', 'name': 'fb15k_50/fb15k_MOMENTUM_183', 'totepochs': '50', 'l2_param_weight': 'None', 'train_path': 'data/fb15k/FB15k-train.pkl', 'op': 'TransE'}
INFO:root:Starting the Experiment ..
INFO:root:-- EPOCH 1 (5.687 seconds):
INFO:root:COST >> 1.5606 +/- 0.3817, % updates: 61.348%
INFO:root:-- EPOCH 2 (5.643 seconds):
INFO:root:COST >> 0.537 +/- 0.1385, % updates: 26.065%
INFO:root:-- EPOCH 3 (5.606 seconds):
INFO:root:COST >> 0.2689 +/- 0.0171, % updates: 14.137%
INFO:root:-- EPOCH 4 (5.573 seconds):
INFO:root:COST >> 0.2372 +/- 0.0072, % updates: 11.757%
INFO:root:-- EPOCH 5 (5.586 seconds):
INFO:root:COST >> 0.2145 +/- 0.0021, % updates: 10.517%
INFO:root:-- EPOCH 6 (5.539 seconds):
INFO:root:COST >> 0.2033 +/- 0.0036, % updates: 9.866%
INFO:root:-- EPOCH 7 (5.728 seconds):
INFO:root:COST >> 0.1953 +/- 0.0026, % updates: 9.439%
INFO:root:-- EPOCH 8 (5.554 seconds):
INFO:root:COST >> 0.189 +/- 0.0041, % updates: 9.209%
INFO:root:-- EPOCH 9 (5.601 seconds):
INFO:root:COST >> 0.1848 +/- 0.0056, % updates: 8.936%
INFO:root:-- EPOCH 10 (5.602 seconds):
INFO:root:COST >> 0.182 +/- 0.0028, % updates: 8.846%
INFO:root:-- EPOCH 11 (5.615 seconds):
INFO:root:COST >> 0.1797 +/- 0.0043, % updates: 8.658%
INFO:root:-- EPOCH 12 (5.638 seconds):
INFO:root:COST >> 0.1771 +/- 0.003, % updates: 8.562%
INFO:root:-- EPOCH 13 (5.592 seconds):
INFO:root:COST >> 0.1749 +/- 0.0047, % updates: 8.462%
INFO:root:-- EPOCH 14 (5.619 seconds):
INFO:root:COST >> 0.1732 +/- 0.0031, % updates: 8.361%
INFO:root:-- EPOCH 15 (5.591 seconds):
INFO:root:COST >> 0.1715 +/- 0.0037, % updates: 8.293%
INFO:root:-- EPOCH 16 (5.565 seconds):
INFO:root:COST >> 0.1708 +/- 0.0032, % updates: 8.257%
INFO:root:-- EPOCH 17 (5.64 seconds):
INFO:root:COST >> 0.1689 +/- 0.004, % updates: 8.177%
INFO:root:-- EPOCH 18 (5.603 seconds):
INFO:root:COST >> 0.1676 +/- 0.0046, % updates: 8.108%
INFO:root:-- EPOCH 19 (5.584 seconds):
INFO:root:COST >> 0.166 +/- 0.0027, % updates: 8.072%
INFO:root:-- EPOCH 20 (5.63 seconds):
INFO:root:COST >> 0.1645 +/- 0.0045, % updates: 7.972%
INFO:root:-- EPOCH 21 (5.571 seconds):
INFO:root:COST >> 0.1657 +/- 0.0046, % updates: 8.007%
INFO:root:-- EPOCH 22 (5.656 seconds):
INFO:root:COST >> 0.1633 +/- 0.0042, % updates: 7.916%
INFO:root:-- EPOCH 23 (5.569 seconds):
INFO:root:COST >> 0.1633 +/- 0.0026, % updates: 7.929%
INFO:root:-- EPOCH 24 (5.525 seconds):
INFO:root:COST >> 0.1619 +/- 0.0029, % updates: 7.856%
INFO:root:-- EPOCH 25 (5.606 seconds):
INFO:root:COST >> 0.1615 +/- 0.0045, % updates: 7.84%
INFO:root:-- EPOCH 26 (5.606 seconds):
INFO:root:COST >> 0.159 +/- 0.0041, % updates: 7.733%
INFO:root:-- EPOCH 27 (5.592 seconds):
INFO:root:COST >> 0.1596 +/- 0.0033, % updates: 7.776%
INFO:root:-- EPOCH 28 (5.637 seconds):
INFO:root:COST >> 0.1578 +/- 0.0036, % updates: 7.723%
INFO:root:-- EPOCH 29 (5.544 seconds):
INFO:root:COST >> 0.1581 +/- 0.0045, % updates: 7.668%
INFO:root:-- EPOCH 30 (5.629 seconds):
INFO:root:COST >> 0.1584 +/- 0.0033, % updates: 7.674%
INFO:root:-- EPOCH 31 (5.592 seconds):
INFO:root:COST >> 0.1565 +/- 0.0037, % updates: 7.677%
INFO:root:-- EPOCH 32 (5.596 seconds):
INFO:root:COST >> 0.1572 +/- 0.004, % updates: 7.671%
INFO:root:-- EPOCH 33 (5.613 seconds):
INFO:root:COST >> 0.1568 +/- 0.0034, % updates: 7.621%
INFO:root:-- EPOCH 34 (5.582 seconds):
INFO:root:COST >> 0.1556 +/- 0.0042, % updates: 7.64%
INFO:root:-- EPOCH 35 (5.634 seconds):
INFO:root:COST >> 0.1551 +/- 0.0039, % updates: 7.555%
INFO:root:-- EPOCH 36 (5.579 seconds):
INFO:root:COST >> 0.1541 +/- 0.0025, % updates: 7.542%
INFO:root:-- EPOCH 37 (5.638 seconds):
INFO:root:COST >> 0.1539 +/- 0.0038, % updates: 7.547%
INFO:root:-- EPOCH 38 (5.613 seconds):
INFO:root:COST >> 0.1527 +/- 0.0047, % updates: 7.472%
INFO:root:-- EPOCH 39 (5.573 seconds):
INFO:root:COST >> 0.153 +/- 0.0048, % updates: 7.468%
INFO:root:-- EPOCH 40 (5.616 seconds):
INFO:root:COST >> 0.1521 +/- 0.0035, % updates: 7.478%
INFO:root:-- EPOCH 41 (5.579 seconds):
INFO:root:COST >> 0.1512 +/- 0.0048, % updates: 7.388%
INFO:root:-- EPOCH 42 (5.582 seconds):
INFO:root:COST >> 0.1515 +/- 0.0033, % updates: 7.432%
INFO:root:-- EPOCH 43 (5.578 seconds):
INFO:root:COST >> 0.1509 +/- 0.0039, % updates: 7.407%
INFO:root:-- EPOCH 44 (5.613 seconds):
INFO:root:COST >> 0.1506 +/- 0.0045, % updates: 7.386%
INFO:root:-- EPOCH 45 (5.534 seconds):
INFO:root:COST >> 0.1521 +/- 0.0044, % updates: 7.429%
INFO:root:-- EPOCH 46 (5.619 seconds):
INFO:root:COST >> 0.1492 +/- 0.0034, % updates: 7.357%
INFO:root:-- EPOCH 47 (5.605 seconds):
INFO:root:COST >> 0.1498 +/- 0.0034, % updates: 7.346%
INFO:root:-- EPOCH 48 (5.238 seconds):
INFO:root:COST >> 0.15 +/- 0.0043, % updates: 7.384%
INFO:root:-- EPOCH 49 (5.458 seconds):
INFO:root:COST >> 0.1486 +/- 0.0035, % updates: 7.33%
INFO:root:-- EPOCH 50 (5.656 seconds):
INFO:root:COST >> 0.149 +/- 0.0032, % updates: 7.323%
