INFO:root:Shape for training set: (40961, 141442)
INFO:root:State: {'ndim': '20', 'test_all': '100', 'test_path': 'data/wn/WN-test.pkl', 'nhid': '20', 'lremb': '0.1', 'seed': '123', 'simfn': 'L2', 'valid_path': 'data/wn/WN-valid.pkl', 'nbatches': '10', 'lrparam': '0.1', 'decay': '0.999', 'show_hinton_diagrams': 'False', 'no_rescaling': 'True', 'Nrel': '18', 'ranking_score_right': 'False', 'max_lr': 'None', 'Nsyn': '40943', 'method': 'ADAGRAD', 'loss_margin': '2.0', 'C': '1.0', 'epsilon': '1e-06', 'use_db': 'False', 'Nent': '40961', 'l1_param_weight': 'None', 'name': 'wn_qualitative/fb_TransE_8', 'totepochs': '100', 'l2_param_weight': 'None', 'train_path': 'data/wn/WN-train.pkl', 'op': 'TransE'}
INFO:root:Starting the Experiment ..
INFO:root:-- EPOCH 1 (2.41 seconds):
INFO:root:COST >> 3.7047 +/- 0.177, % updates: 100.0%
INFO:root:-- EPOCH 2 (2.413 seconds):
INFO:root:COST >> 3.1025 +/- 0.042, % updates: 100.0%
INFO:root:-- EPOCH 3 (2.396 seconds):
INFO:root:COST >> 2.8275 +/- 0.0128, % updates: 100.0%
INFO:root:-- EPOCH 4 (2.421 seconds):
INFO:root:COST >> 2.6457 +/- 0.0046, % updates: 100.0%
INFO:root:-- EPOCH 5 (2.433 seconds):
INFO:root:COST >> 2.5159 +/- 0.0069, % updates: 100.0%
INFO:root:-- EPOCH 6 (2.528 seconds):
INFO:root:COST >> 2.4164 +/- 0.0089, % updates: 100.0%
INFO:root:-- EPOCH 7 (2.574 seconds):
INFO:root:COST >> 2.3357 +/- 0.0119, % updates: 100.0%
INFO:root:-- EPOCH 8 (2.382 seconds):
INFO:root:COST >> 2.2705 +/- 0.0124, % updates: 100.0%
INFO:root:-- EPOCH 9 (2.58 seconds):
INFO:root:COST >> 2.2169 +/- 0.0127, % updates: 100.0%
INFO:root:-- EPOCH 10 (2.442 seconds):
INFO:root:COST >> 2.174 +/- 0.0147, % updates: 100.0%
INFO:root:-- EPOCH 11 (2.512 seconds):
INFO:root:COST >> 2.1346 +/- 0.0141, % updates: 100.0%
INFO:root:-- EPOCH 12 (2.538 seconds):
INFO:root:COST >> 2.1043 +/- 0.0121, % updates: 100.0%
INFO:root:-- EPOCH 13 (2.59 seconds):
INFO:root:COST >> 2.0751 +/- 0.0125, % updates: 100.0%
INFO:root:-- EPOCH 14 (2.588 seconds):
INFO:root:COST >> 2.0514 +/- 0.0132, % updates: 100.0%
INFO:root:-- EPOCH 15 (2.431 seconds):
INFO:root:COST >> 2.0296 +/- 0.0122, % updates: 100.0%
INFO:root:-- EPOCH 16 (2.535 seconds):
INFO:root:COST >> 2.0103 +/- 0.0127, % updates: 100.0%
INFO:root:-- EPOCH 17 (2.399 seconds):
INFO:root:COST >> 1.9934 +/- 0.0117, % updates: 100.0%
INFO:root:-- EPOCH 18 (2.602 seconds):
INFO:root:COST >> 1.9775 +/- 0.0126, % updates: 100.0%
INFO:root:-- EPOCH 19 (2.5 seconds):
INFO:root:COST >> 1.9621 +/- 0.0096, % updates: 100.0%
INFO:root:-- EPOCH 20 (2.757 seconds):
INFO:root:COST >> 1.9505 +/- 0.014, % updates: 100.0%
INFO:root:-- EPOCH 21 (2.384 seconds):
INFO:root:COST >> 1.9387 +/- 0.0115, % updates: 100.0%
INFO:root:-- EPOCH 22 (2.538 seconds):
INFO:root:COST >> 1.9271 +/- 0.0121, % updates: 100.0%
INFO:root:-- EPOCH 23 (2.493 seconds):
INFO:root:COST >> 1.9177 +/- 0.0116, % updates: 100.0%
INFO:root:-- EPOCH 24 (2.335 seconds):
INFO:root:COST >> 1.9068 +/- 0.0105, % updates: 100.0%
INFO:root:-- EPOCH 25 (2.433 seconds):
INFO:root:COST >> 1.8988 +/- 0.0094, % updates: 100.0%
INFO:root:-- EPOCH 26 (2.221 seconds):
INFO:root:COST >> 1.8898 +/- 0.0098, % updates: 100.0%
INFO:root:-- EPOCH 27 (2.506 seconds):
INFO:root:COST >> 1.8834 +/- 0.0136, % updates: 100.0%
INFO:root:-- EPOCH 28 (2.282 seconds):
INFO:root:COST >> 1.8763 +/- 0.0136, % updates: 100.0%
INFO:root:-- EPOCH 29 (2.519 seconds):
INFO:root:COST >> 1.8691 +/- 0.0085, % updates: 100.0%
INFO:root:-- EPOCH 30 (2.436 seconds):
INFO:root:COST >> 1.8615 +/- 0.0102, % updates: 100.0%
INFO:root:-- EPOCH 31 (2.482 seconds):
INFO:root:COST >> 1.8546 +/- 0.0115, % updates: 100.0%
INFO:root:-- EPOCH 32 (2.56 seconds):
INFO:root:COST >> 1.849 +/- 0.0103, % updates: 100.0%
INFO:root:-- EPOCH 33 (2.206 seconds):
INFO:root:COST >> 1.8447 +/- 0.0094, % updates: 100.0%
INFO:root:-- EPOCH 34 (2.539 seconds):
INFO:root:COST >> 1.8371 +/- 0.0103, % updates: 100.0%
INFO:root:-- EPOCH 35 (2.297 seconds):
INFO:root:COST >> 1.8316 +/- 0.0084, % updates: 100.0%
INFO:root:-- EPOCH 36 (2.466 seconds):
INFO:root:COST >> 1.8278 +/- 0.0118, % updates: 100.0%
INFO:root:-- EPOCH 37 (2.362 seconds):
INFO:root:COST >> 1.8222 +/- 0.0098, % updates: 100.0%
INFO:root:-- EPOCH 38 (2.28 seconds):
INFO:root:COST >> 1.8168 +/- 0.0125, % updates: 100.0%
INFO:root:-- EPOCH 39 (2.524 seconds):
INFO:root:COST >> 1.813 +/- 0.0116, % updates: 100.0%
INFO:root:-- EPOCH 40 (2.269 seconds):
INFO:root:COST >> 1.8087 +/- 0.0103, % updates: 100.0%
INFO:root:-- EPOCH 41 (2.562 seconds):
INFO:root:COST >> 1.806 +/- 0.0081, % updates: 100.0%
INFO:root:-- EPOCH 42 (2.334 seconds):
INFO:root:COST >> 1.8002 +/- 0.0098, % updates: 100.0%
INFO:root:-- EPOCH 43 (2.619 seconds):
INFO:root:COST >> 1.7978 +/- 0.0075, % updates: 100.0%
INFO:root:-- EPOCH 44 (2.494 seconds):
INFO:root:COST >> 1.7938 +/- 0.0123, % updates: 100.0%
INFO:root:-- EPOCH 45 (2.3 seconds):
INFO:root:COST >> 1.7892 +/- 0.0114, % updates: 100.0%
INFO:root:-- EPOCH 46 (2.52 seconds):
INFO:root:COST >> 1.7872 +/- 0.0107, % updates: 100.0%
INFO:root:-- EPOCH 47 (2.196 seconds):
INFO:root:COST >> 1.7832 +/- 0.0062, % updates: 100.0%
INFO:root:-- EPOCH 48 (2.498 seconds):
INFO:root:COST >> 1.7809 +/- 0.0078, % updates: 100.0%
INFO:root:-- EPOCH 49 (2.305 seconds):
INFO:root:COST >> 1.7765 +/- 0.0087, % updates: 100.0%
INFO:root:-- EPOCH 50 (2.447 seconds):
INFO:root:COST >> 1.7743 +/- 0.0086, % updates: 100.0%
INFO:root:-- EPOCH 51 (2.564 seconds):
INFO:root:COST >> 1.7708 +/- 0.0068, % updates: 100.0%
INFO:root:-- EPOCH 52 (2.347 seconds):
INFO:root:COST >> 1.7668 +/- 0.0089, % updates: 100.0%
INFO:root:-- EPOCH 53 (2.549 seconds):
INFO:root:COST >> 1.7654 +/- 0.0101, % updates: 100.0%
INFO:root:-- EPOCH 54 (2.243 seconds):
INFO:root:COST >> 1.7623 +/- 0.0091, % updates: 100.0%
INFO:root:-- EPOCH 55 (2.597 seconds):
INFO:root:COST >> 1.7605 +/- 0.0097, % updates: 100.0%
INFO:root:-- EPOCH 56 (2.397 seconds):
INFO:root:COST >> 1.7562 +/- 0.0091, % updates: 100.0%
INFO:root:-- EPOCH 57 (2.377 seconds):
INFO:root:COST >> 1.755 +/- 0.0055, % updates: 100.0%
INFO:root:-- EPOCH 58 (2.504 seconds):
INFO:root:COST >> 1.7527 +/- 0.0079, % updates: 100.0%
INFO:root:-- EPOCH 59 (2.575 seconds):
INFO:root:COST >> 1.7508 +/- 0.0097, % updates: 100.0%
INFO:root:-- EPOCH 60 (2.806 seconds):
INFO:root:COST >> 1.746 +/- 0.009, % updates: 100.0%
INFO:root:-- EPOCH 61 (2.485 seconds):
INFO:root:COST >> 1.7446 +/- 0.0084, % updates: 100.0%
INFO:root:-- EPOCH 62 (2.666 seconds):
INFO:root:COST >> 1.744 +/- 0.0088, % updates: 100.0%
INFO:root:-- EPOCH 63 (2.496 seconds):
INFO:root:COST >> 1.7417 +/- 0.0075, % updates: 100.0%
INFO:root:-- EPOCH 64 (2.679 seconds):
INFO:root:COST >> 1.7393 +/- 0.0074, % updates: 100.0%
INFO:root:-- EPOCH 65 (2.594 seconds):
INFO:root:COST >> 1.7369 +/- 0.0073, % updates: 100.0%
INFO:root:-- EPOCH 66 (2.641 seconds):
INFO:root:COST >> 1.734 +/- 0.01, % updates: 100.0%
INFO:root:-- EPOCH 67 (2.637 seconds):
INFO:root:COST >> 1.7332 +/- 0.0084, % updates: 100.0%
INFO:root:-- EPOCH 68 (2.635 seconds):
INFO:root:COST >> 1.7304 +/- 0.0091, % updates: 100.0%
INFO:root:-- EPOCH 69 (2.883 seconds):
INFO:root:COST >> 1.7299 +/- 0.0057, % updates: 100.0%
INFO:root:-- EPOCH 70 (2.723 seconds):
INFO:root:COST >> 1.7274 +/- 0.008, % updates: 100.0%
INFO:root:-- EPOCH 71 (2.839 seconds):
INFO:root:COST >> 1.7249 +/- 0.0083, % updates: 100.0%
INFO:root:-- EPOCH 72 (2.627 seconds):
INFO:root:COST >> 1.7231 +/- 0.0067, % updates: 100.0%
INFO:root:-- EPOCH 73 (2.874 seconds):
INFO:root:COST >> 1.7211 +/- 0.0087, % updates: 100.0%
INFO:root:-- EPOCH 74 (2.528 seconds):
INFO:root:COST >> 1.7197 +/- 0.0077, % updates: 100.0%
INFO:root:-- EPOCH 75 (2.804 seconds):
INFO:root:COST >> 1.7173 +/- 0.0059, % updates: 100.0%
INFO:root:-- EPOCH 76 (2.542 seconds):
INFO:root:COST >> 1.7162 +/- 0.0067, % updates: 100.0%
INFO:root:-- EPOCH 77 (2.76 seconds):
INFO:root:COST >> 1.7144 +/- 0.0067, % updates: 100.0%
INFO:root:-- EPOCH 78 (2.601 seconds):
INFO:root:COST >> 1.7146 +/- 0.0095, % updates: 100.0%
INFO:root:-- EPOCH 79 (2.898 seconds):
INFO:root:COST >> 1.7122 +/- 0.0092, % updates: 100.0%
INFO:root:-- EPOCH 80 (2.641 seconds):
INFO:root:COST >> 1.7089 +/- 0.0095, % updates: 100.0%
INFO:root:-- EPOCH 81 (2.71 seconds):
INFO:root:COST >> 1.7096 +/- 0.0068, % updates: 100.0%
INFO:root:-- EPOCH 82 (2.579 seconds):
INFO:root:COST >> 1.7093 +/- 0.0084, % updates: 100.0%
INFO:root:-- EPOCH 83 (2.645 seconds):
INFO:root:COST >> 1.7052 +/- 0.0072, % updates: 100.0%
INFO:root:-- EPOCH 84 (2.526 seconds):
INFO:root:COST >> 1.7046 +/- 0.0096, % updates: 100.0%
INFO:root:-- EPOCH 85 (2.649 seconds):
INFO:root:COST >> 1.7037 +/- 0.0062, % updates: 100.0%
INFO:root:-- EPOCH 86 (2.586 seconds):
INFO:root:COST >> 1.7019 +/- 0.0052, % updates: 100.0%
INFO:root:-- EPOCH 87 (2.55 seconds):
INFO:root:COST >> 1.7017 +/- 0.0068, % updates: 100.0%
INFO:root:-- EPOCH 88 (2.668 seconds):
INFO:root:COST >> 1.6984 +/- 0.0085, % updates: 100.0%
INFO:root:-- EPOCH 89 (2.435 seconds):
INFO:root:COST >> 1.699 +/- 0.0092, % updates: 100.0%
INFO:root:-- EPOCH 90 (2.713 seconds):
INFO:root:COST >> 1.6973 +/- 0.0076, % updates: 100.0%
INFO:root:-- EPOCH 91 (2.412 seconds):
INFO:root:COST >> 1.6961 +/- 0.0093, % updates: 100.0%
INFO:root:-- EPOCH 92 (2.78 seconds):
INFO:root:COST >> 1.6959 +/- 0.0045, % updates: 100.0%
INFO:root:-- EPOCH 93 (2.517 seconds):
INFO:root:COST >> 1.6949 +/- 0.0055, % updates: 100.0%
INFO:root:-- EPOCH 94 (2.697 seconds):
INFO:root:COST >> 1.6908 +/- 0.0076, % updates: 100.0%
INFO:root:-- EPOCH 95 (2.35 seconds):
INFO:root:COST >> 1.6931 +/- 0.0085, % updates: 100.0%
INFO:root:-- EPOCH 96 (2.498 seconds):
INFO:root:COST >> 1.6903 +/- 0.0088, % updates: 100.0%
INFO:root:-- EPOCH 97 (2.322 seconds):
INFO:root:COST >> 1.6891 +/- 0.0064, % updates: 100.0%
INFO:root:-- EPOCH 98 (2.543 seconds):
INFO:root:COST >> 1.6901 +/- 0.0076, % updates: 100.0%
INFO:root:-- EPOCH 99 (2.343 seconds):
INFO:root:COST >> 1.687 +/- 0.0077, % updates: 100.0%
INFO:root:-- EPOCH 100 (2.415 seconds):
INFO:root:COST >> 1.6868 +/- 0.0066, % updates: 100.0%
INFO:root:### MICRO (raw valid):
INFO:root:	-- left   >> mean: 2045.9756, median: 48.0, hits@10: 32.3%
INFO:root:	-- right  >> mean: 2021.7834, median: 49.0, hits@10: 32.18%
INFO:root:	-- global >> mean: 2033.8795, median: 49.0, hits@10: 32.24%
INFO:root:### MACRO (raw valid):
INFO:root:	-- left   >> mean: 2398.89935, median: 445.41667, hits@10: 33.396%
INFO:root:	-- right  >> mean: 2046.36667, median: 299.61111, hits@10: 33.479%
INFO:root:	-- global >> mean: 2222.63301, median: 89.77778, hits@10: 33.437%
INFO:root:### MICRO (raw test):
INFO:root:	-- left   >> mean: 1860.5456, median: 47.0, hits@10: 31.54%
INFO:root:	-- right  >> mean: 1923.966, median: 45.0, hits@10: 32.66%
INFO:root:	-- global >> mean: 1892.2558, median: 46.0, hits@10: 32.1%
INFO:root:### MACRO (raw test):
INFO:root:	-- left   >> mean: 2701.92604, median: 507.16667, hits@10: 29.673%
INFO:root:	-- right  >> mean: 2929.59436, median: 784.55556, hits@10: 29.808%
INFO:root:	-- global >> mean: 2815.7602, median: 405.25, hits@10: 29.74%
