INFO:root:Shape for training set: (40961, 141442)
INFO:root:State: {'ndim': '50', 'test_all': '100', 'test_path': 'data/wn/WN-test.pkl', 'nhid': '50', 'lremb': '0.1', 'seed': '123', 'simfn': 'L2', 'valid_path': 'data/wn/WN-valid.pkl', 'nbatches': '10', 'lrparam': '0.1', 'decay': '0.999', 'show_hinton_diagrams': 'False', 'no_rescaling': 'True', 'Nrel': '18', 'ranking_score_right': 'False', 'max_lr': 'None', 'Nsyn': '40943', 'method': 'ADAGRAD', 'loss_margin': '1.0', 'C': '1.0', 'epsilon': '1e-06', 'use_db': 'False', 'Nent': '40961', 'l1_param_weight': 'None', 'name': 'wn_qualitative/fb_TransE_7', 'totepochs': '100', 'l2_param_weight': 'None', 'train_path': 'data/wn/WN-train.pkl', 'op': 'TransE'}
INFO:root:Starting the Experiment ..
INFO:root:-- EPOCH 1 (5.487 seconds):
INFO:root:COST >> 1.6049 +/- 0.2285, % updates: 96.975%
INFO:root:-- EPOCH 2 (5.576 seconds):
INFO:root:COST >> 0.9437 +/- 0.0349, % updates: 89.575%
INFO:root:-- EPOCH 3 (5.69 seconds):
INFO:root:COST >> 0.6633 +/- 0.009, % updates: 82.121%
INFO:root:-- EPOCH 4 (5.8 seconds):
INFO:root:COST >> 0.5057 +/- 0.0081, % updates: 74.835%
INFO:root:-- EPOCH 5 (6.157 seconds):
INFO:root:COST >> 0.4108 +/- 0.0141, % updates: 68.358%
INFO:root:-- EPOCH 6 (5.712 seconds):
INFO:root:COST >> 0.3508 +/- 0.0138, % updates: 63.281%
INFO:root:-- EPOCH 7 (5.969 seconds):
INFO:root:COST >> 0.3095 +/- 0.0144, % updates: 59.326%
INFO:root:-- EPOCH 8 (5.803 seconds):
INFO:root:COST >> 0.2797 +/- 0.0142, % updates: 56.266%
INFO:root:-- EPOCH 9 (5.778 seconds):
INFO:root:COST >> 0.2579 +/- 0.0129, % updates: 53.771%
INFO:root:-- EPOCH 10 (5.518 seconds):
INFO:root:COST >> 0.2404 +/- 0.0116, % updates: 51.807%
INFO:root:-- EPOCH 11 (5.785 seconds):
INFO:root:COST >> 0.227 +/- 0.0139, % updates: 50.023%
INFO:root:-- EPOCH 12 (5.597 seconds):
INFO:root:COST >> 0.2153 +/- 0.0118, % updates: 48.722%
INFO:root:-- EPOCH 13 (5.742 seconds):
INFO:root:COST >> 0.2048 +/- 0.0116, % updates: 47.259%
INFO:root:-- EPOCH 14 (5.645 seconds):
INFO:root:COST >> 0.1967 +/- 0.0127, % updates: 46.184%
INFO:root:-- EPOCH 15 (5.907 seconds):
INFO:root:COST >> 0.1893 +/- 0.0102, % updates: 45.268%
INFO:root:-- EPOCH 16 (5.828 seconds):
INFO:root:COST >> 0.1831 +/- 0.0099, % updates: 44.464%
INFO:root:-- EPOCH 17 (6.018 seconds):
INFO:root:COST >> 0.1766 +/- 0.0098, % updates: 43.585%
INFO:root:-- EPOCH 18 (5.633 seconds):
INFO:root:COST >> 0.1715 +/- 0.0097, % updates: 42.819%
INFO:root:-- EPOCH 19 (5.943 seconds):
INFO:root:COST >> 0.1673 +/- 0.0099, % updates: 42.154%
INFO:root:-- EPOCH 20 (6.118 seconds):
INFO:root:COST >> 0.163 +/- 0.0097, % updates: 41.599%
INFO:root:-- EPOCH 21 (6.056 seconds):
INFO:root:COST >> 0.1594 +/- 0.0088, % updates: 40.975%
INFO:root:-- EPOCH 22 (5.949 seconds):
INFO:root:COST >> 0.1558 +/- 0.0074, % updates: 40.494%
INFO:root:-- EPOCH 23 (5.9 seconds):
INFO:root:COST >> 0.1531 +/- 0.0096, % updates: 40.013%
INFO:root:-- EPOCH 24 (6.05 seconds):
INFO:root:COST >> 0.1492 +/- 0.0081, % updates: 39.44%
INFO:root:-- EPOCH 25 (5.921 seconds):
INFO:root:COST >> 0.147 +/- 0.0087, % updates: 39.13%
INFO:root:-- EPOCH 26 (6.079 seconds):
INFO:root:COST >> 0.1437 +/- 0.0084, % updates: 38.638%
INFO:root:-- EPOCH 27 (5.787 seconds):
INFO:root:COST >> 0.1413 +/- 0.0078, % updates: 38.162%
INFO:root:-- EPOCH 28 (6.071 seconds):
INFO:root:COST >> 0.1394 +/- 0.0072, % updates: 37.953%
INFO:root:-- EPOCH 29 (5.888 seconds):
INFO:root:COST >> 0.1379 +/- 0.0068, % updates: 37.571%
INFO:root:-- EPOCH 30 (6.112 seconds):
INFO:root:COST >> 0.1352 +/- 0.0074, % updates: 37.216%
INFO:root:-- EPOCH 31 (5.865 seconds):
INFO:root:COST >> 0.134 +/- 0.0067, % updates: 36.854%
INFO:root:-- EPOCH 32 (6.067 seconds):
INFO:root:COST >> 0.1328 +/- 0.0073, % updates: 36.598%
INFO:root:-- EPOCH 33 (5.856 seconds):
INFO:root:COST >> 0.1306 +/- 0.0078, % updates: 36.264%
INFO:root:-- EPOCH 34 (6.025 seconds):
INFO:root:COST >> 0.129 +/- 0.0056, % updates: 36.067%
INFO:root:-- EPOCH 35 (5.888 seconds):
INFO:root:COST >> 0.1285 +/- 0.0062, % updates: 35.967%
INFO:root:-- EPOCH 36 (6.031 seconds):
INFO:root:COST >> 0.1267 +/- 0.0053, % updates: 35.511%
INFO:root:-- EPOCH 37 (5.821 seconds):
INFO:root:COST >> 0.1253 +/- 0.006, % updates: 35.371%
INFO:root:-- EPOCH 38 (5.786 seconds):
INFO:root:COST >> 0.1245 +/- 0.0068, % updates: 35.087%
INFO:root:-- EPOCH 39 (5.999 seconds):
INFO:root:COST >> 0.1236 +/- 0.0065, % updates: 34.85%
INFO:root:-- EPOCH 40 (5.841 seconds):
INFO:root:COST >> 0.1222 +/- 0.0055, % updates: 34.695%
INFO:root:-- EPOCH 41 (5.951 seconds):
INFO:root:COST >> 0.1209 +/- 0.0057, % updates: 34.375%
INFO:root:-- EPOCH 42 (5.891 seconds):
INFO:root:COST >> 0.1204 +/- 0.0055, % updates: 34.288%
INFO:root:-- EPOCH 43 (6.074 seconds):
INFO:root:COST >> 0.1195 +/- 0.0064, % updates: 34.125%
INFO:root:-- EPOCH 44 (5.921 seconds):
INFO:root:COST >> 0.1189 +/- 0.0071, % updates: 34.047%
INFO:root:-- EPOCH 45 (6.083 seconds):
INFO:root:COST >> 0.118 +/- 0.005, % updates: 33.89%
INFO:root:-- EPOCH 46 (5.819 seconds):
INFO:root:COST >> 0.1176 +/- 0.0053, % updates: 33.626%
INFO:root:-- EPOCH 47 (5.965 seconds):
INFO:root:COST >> 0.1164 +/- 0.005, % updates: 33.475%
INFO:root:-- EPOCH 48 (5.762 seconds):
INFO:root:COST >> 0.116 +/- 0.005, % updates: 33.354%
INFO:root:-- EPOCH 49 (5.94 seconds):
INFO:root:COST >> 0.1147 +/- 0.0054, % updates: 33.17%
INFO:root:-- EPOCH 50 (5.837 seconds):
INFO:root:COST >> 0.1144 +/- 0.0055, % updates: 33.004%
INFO:root:-- EPOCH 51 (6.004 seconds):
INFO:root:COST >> 0.1143 +/- 0.0055, % updates: 32.96%
INFO:root:-- EPOCH 52 (5.704 seconds):
INFO:root:COST >> 0.1132 +/- 0.0053, % updates: 32.735%
INFO:root:-- EPOCH 53 (5.905 seconds):
INFO:root:COST >> 0.1131 +/- 0.0055, % updates: 32.692%
INFO:root:-- EPOCH 54 (5.664 seconds):
INFO:root:COST >> 0.112 +/- 0.005, % updates: 32.527%
INFO:root:-- EPOCH 55 (5.856 seconds):
INFO:root:COST >> 0.1125 +/- 0.005, % updates: 32.528%
INFO:root:-- EPOCH 56 (6.05 seconds):
INFO:root:COST >> 0.1122 +/- 0.0046, % updates: 32.452%
INFO:root:-- EPOCH 57 (5.828 seconds):
INFO:root:COST >> 0.1106 +/- 0.0046, % updates: 32.334%
INFO:root:-- EPOCH 58 (5.666 seconds):
INFO:root:COST >> 0.1107 +/- 0.0049, % updates: 32.248%
INFO:root:-- EPOCH 59 (5.693 seconds):
INFO:root:COST >> 0.1102 +/- 0.0052, % updates: 32.089%
INFO:root:-- EPOCH 60 (5.911 seconds):
INFO:root:COST >> 0.1095 +/- 0.005, % updates: 31.992%
INFO:root:-- EPOCH 61 (5.742 seconds):
INFO:root:COST >> 0.1089 +/- 0.0044, % updates: 31.956%
INFO:root:-- EPOCH 62 (5.657 seconds):
INFO:root:COST >> 0.1085 +/- 0.0042, % updates: 31.812%
INFO:root:-- EPOCH 63 (5.656 seconds):
INFO:root:COST >> 0.109 +/- 0.0054, % updates: 31.631%
INFO:root:-- EPOCH 64 (5.718 seconds):
INFO:root:COST >> 0.1083 +/- 0.005, % updates: 31.642%
INFO:root:-- EPOCH 65 (5.581 seconds):
INFO:root:COST >> 0.1071 +/- 0.0049, % updates: 31.504%
INFO:root:-- EPOCH 66 (5.847 seconds):
INFO:root:COST >> 0.1075 +/- 0.0053, % updates: 31.576%
INFO:root:-- EPOCH 67 (5.775 seconds):
INFO:root:COST >> 0.1072 +/- 0.0042, % updates: 31.513%
INFO:root:-- EPOCH 68 (5.693 seconds):
INFO:root:COST >> 0.1067 +/- 0.0041, % updates: 31.213%
INFO:root:-- EPOCH 69 (5.904 seconds):
INFO:root:COST >> 0.1064 +/- 0.0047, % updates: 31.3%
INFO:root:-- EPOCH 70 (5.838 seconds):
INFO:root:COST >> 0.1061 +/- 0.004, % updates: 31.236%
INFO:root:-- EPOCH 71 (5.654 seconds):
INFO:root:COST >> 0.1061 +/- 0.0044, % updates: 31.302%
INFO:root:-- EPOCH 72 (5.511 seconds):
INFO:root:COST >> 0.1057 +/- 0.0045, % updates: 31.066%
INFO:root:-- EPOCH 73 (5.701 seconds):
INFO:root:COST >> 0.1055 +/- 0.0041, % updates: 31.16%
INFO:root:-- EPOCH 74 (5.606 seconds):
INFO:root:COST >> 0.1051 +/- 0.0045, % updates: 30.976%
INFO:root:-- EPOCH 75 (4.91 seconds):
INFO:root:COST >> 0.1046 +/- 0.0037, % updates: 30.911%
INFO:root:-- EPOCH 76 (4.729 seconds):
INFO:root:COST >> 0.1047 +/- 0.0041, % updates: 30.847%
INFO:root:-- EPOCH 77 (4.88 seconds):
INFO:root:COST >> 0.1049 +/- 0.0045, % updates: 30.828%
INFO:root:-- EPOCH 78 (5.262 seconds):
INFO:root:COST >> 0.104 +/- 0.0043, % updates: 30.813%
INFO:root:-- EPOCH 79 (5.875 seconds):
INFO:root:COST >> 0.1042 +/- 0.0051, % updates: 30.735%
INFO:root:-- EPOCH 80 (5.336 seconds):
INFO:root:COST >> 0.1034 +/- 0.0036, % updates: 30.719%
INFO:root:-- EPOCH 81 (5.183 seconds):
INFO:root:COST >> 0.1031 +/- 0.0041, % updates: 30.702%
INFO:root:-- EPOCH 82 (5.211 seconds):
INFO:root:COST >> 0.1034 +/- 0.0048, % updates: 30.734%
INFO:root:-- EPOCH 83 (5.372 seconds):
INFO:root:COST >> 0.103 +/- 0.0045, % updates: 30.463%
INFO:root:-- EPOCH 84 (5.296 seconds):
INFO:root:COST >> 0.1034 +/- 0.0037, % updates: 30.648%
INFO:root:-- EPOCH 85 (5.431 seconds):
INFO:root:COST >> 0.1026 +/- 0.0046, % updates: 30.453%
INFO:root:-- EPOCH 86 (5.253 seconds):
INFO:root:COST >> 0.1024 +/- 0.0029, % updates: 30.443%
INFO:root:-- EPOCH 87 (5.201 seconds):
INFO:root:COST >> 0.1024 +/- 0.0044, % updates: 30.396%
INFO:root:-- EPOCH 88 (5.311 seconds):
INFO:root:COST >> 0.1025 +/- 0.0038, % updates: 30.328%
INFO:root:-- EPOCH 89 (5.327 seconds):
INFO:root:COST >> 0.102 +/- 0.002, % updates: 30.313%
INFO:root:-- EPOCH 90 (5.272 seconds):
INFO:root:COST >> 0.1024 +/- 0.0046, % updates: 30.305%
INFO:root:-- EPOCH 91 (5.181 seconds):
INFO:root:COST >> 0.1018 +/- 0.0033, % updates: 30.246%
INFO:root:-- EPOCH 92 (5.268 seconds):
INFO:root:COST >> 0.102 +/- 0.005, % updates: 30.215%
INFO:root:-- EPOCH 93 (5.192 seconds):
INFO:root:COST >> 0.1011 +/- 0.0038, % updates: 30.134%
INFO:root:-- EPOCH 94 (5.045 seconds):
INFO:root:COST >> 0.1011 +/- 0.0041, % updates: 30.14%
INFO:root:-- EPOCH 95 (5.112 seconds):
INFO:root:COST >> 0.1013 +/- 0.0046, % updates: 30.141%
INFO:root:-- EPOCH 96 (5.078 seconds):
INFO:root:COST >> 0.1014 +/- 0.0034, % updates: 30.13%
INFO:root:-- EPOCH 97 (5.128 seconds):
INFO:root:COST >> 0.1014 +/- 0.004, % updates: 30.111%
INFO:root:-- EPOCH 98 (5.145 seconds):
INFO:root:COST >> 0.1002 +/- 0.0041, % updates: 29.977%
INFO:root:-- EPOCH 99 (5.111 seconds):
INFO:root:COST >> 0.1002 +/- 0.0045, % updates: 30.03%
INFO:root:-- EPOCH 100 (5.007 seconds):
INFO:root:COST >> 0.1008 +/- 0.0045, % updates: 30.151%
INFO:root:### MICRO (raw valid):
INFO:root:	-- left   >> mean: 211.1714, median: 6.0, hits@10: 60.96%
INFO:root:	-- right  >> mean: 214.073, median: 7.0, hits@10: 59.92%
INFO:root:	-- global >> mean: 212.6222, median: 7.0, hits@10: 60.44%
INFO:root:### MACRO (raw valid):
INFO:root:	-- left   >> mean: 446.88496, median: 53.30556, hits@10: 59.282%
INFO:root:	-- right  >> mean: 435.57367, median: 41.44444, hits@10: 59.437%
INFO:root:	-- global >> mean: 441.22931, median: 10.36111, hits@10: 59.36%
INFO:root:### MICRO (raw test):
INFO:root:	-- left   >> mean: 165.5036, median: 7.0, hits@10: 60.28%
INFO:root:	-- right  >> mean: 172.9022, median: 7.0, hits@10: 60.62%
INFO:root:	-- global >> mean: 169.2029, median: 7.0, hits@10: 60.45%
INFO:root:### MACRO (raw test):
INFO:root:	-- left   >> mean: 285.59226, median: 47.38889, hits@10: 59.38%
INFO:root:	-- right  >> mean: 363.19611, median: 41.08333, hits@10: 57.065%
INFO:root:	-- global >> mean: 324.39419, median: 9.08333, hits@10: 58.222%
