INFO:root:Shape for training set: (40961, 141442)
INFO:root:State: {'ndim': '20', 'test_all': '100', 'test_path': 'data/wn/WN-test.pkl', 'nhid': '20', 'lremb': '0.1', 'seed': '123', 'simfn': 'L1', 'valid_path': 'data/wn/WN-valid.pkl', 'nbatches': '10', 'lrparam': '0.1', 'decay': '0.999', 'show_hinton_diagrams': 'False', 'no_rescaling': 'True', 'Nrel': '18', 'ranking_score_right': 'False', 'max_lr': 'None', 'Nsyn': '40943', 'method': 'ADAGRAD', 'loss_margin': '1.0', 'C': '1.0', 'epsilon': '1e-06', 'use_db': 'False', 'Nent': '40961', 'l1_param_weight': 'None', 'name': 'wn_qualitative/fb_TransE_0', 'totepochs': '100', 'l2_param_weight': 'None', 'train_path': 'data/wn/WN-train.pkl', 'op': 'TransE'}
INFO:root:Starting the Experiment ..
INFO:root:-- EPOCH 1 (2.077 seconds):
INFO:root:COST >> 1.6573 +/- 0.3338, % updates: 70.632%
INFO:root:-- EPOCH 2 (2.199 seconds):
INFO:root:COST >> 0.6125 +/- 0.0481, % updates: 41.068%
INFO:root:-- EPOCH 3 (2.303 seconds):
INFO:root:COST >> 0.3462 +/- 0.0106, % updates: 28.528%
INFO:root:-- EPOCH 4 (1.868 seconds):
INFO:root:COST >> 0.234 +/- 0.0031, % updates: 21.843%
INFO:root:-- EPOCH 5 (1.809 seconds):
INFO:root:COST >> 0.177 +/- 0.0038, % updates: 17.933%
INFO:root:-- EPOCH 6 (1.485 seconds):
INFO:root:COST >> 0.1398 +/- 0.002, % updates: 15.225%
INFO:root:-- EPOCH 7 (1.584 seconds):
INFO:root:COST >> 0.1158 +/- 0.0023, % updates: 13.26%
INFO:root:-- EPOCH 8 (1.904 seconds):
INFO:root:COST >> 0.0993 +/- 0.0013, % updates: 11.704%
INFO:root:-- EPOCH 9 (2.077 seconds):
INFO:root:COST >> 0.0855 +/- 0.0017, % updates: 10.529%
INFO:root:-- EPOCH 10 (2.236 seconds):
INFO:root:COST >> 0.0763 +/- 0.0023, % updates: 9.66%
INFO:root:-- EPOCH 11 (2.124 seconds):
INFO:root:COST >> 0.0694 +/- 0.002, % updates: 8.876%
INFO:root:-- EPOCH 12 (2.22 seconds):
INFO:root:COST >> 0.0628 +/- 0.0015, % updates: 8.246%
INFO:root:-- EPOCH 13 (2.067 seconds):
INFO:root:COST >> 0.0572 +/- 0.0019, % updates: 7.722%
INFO:root:-- EPOCH 14 (2.292 seconds):
INFO:root:COST >> 0.0533 +/- 0.0016, % updates: 7.246%
INFO:root:-- EPOCH 15 (2.003 seconds):
INFO:root:COST >> 0.0496 +/- 0.0009, % updates: 6.815%
INFO:root:-- EPOCH 16 (2.065 seconds):
INFO:root:COST >> 0.0461 +/- 0.0014, % updates: 6.386%
INFO:root:-- EPOCH 17 (1.687 seconds):
INFO:root:COST >> 0.0439 +/- 0.001, % updates: 6.159%
INFO:root:-- EPOCH 18 (1.584 seconds):
INFO:root:COST >> 0.0413 +/- 0.0014, % updates: 5.869%
INFO:root:-- EPOCH 19 (1.616 seconds):
INFO:root:COST >> 0.0387 +/- 0.0013, % updates: 5.622%
INFO:root:-- EPOCH 20 (1.479 seconds):
INFO:root:COST >> 0.0371 +/- 0.0011, % updates: 5.376%
INFO:root:-- EPOCH 21 (1.636 seconds):
INFO:root:COST >> 0.0352 +/- 0.0014, % updates: 5.121%
INFO:root:-- EPOCH 22 (1.708 seconds):
INFO:root:COST >> 0.0331 +/- 0.0009, % updates: 4.905%
INFO:root:-- EPOCH 23 (1.749 seconds):
INFO:root:COST >> 0.0317 +/- 0.0015, % updates: 4.818%
INFO:root:-- EPOCH 24 (1.965 seconds):
INFO:root:COST >> 0.0298 +/- 0.0015, % updates: 4.532%
INFO:root:-- EPOCH 25 (1.618 seconds):
INFO:root:COST >> 0.0297 +/- 0.001, % updates: 4.473%
INFO:root:-- EPOCH 26 (1.766 seconds):
INFO:root:COST >> 0.0287 +/- 0.0014, % updates: 4.328%
INFO:root:-- EPOCH 27 (1.912 seconds):
INFO:root:COST >> 0.0269 +/- 0.0013, % updates: 4.135%
INFO:root:-- EPOCH 28 (1.887 seconds):
INFO:root:COST >> 0.0265 +/- 0.0006, % updates: 4.096%
INFO:root:-- EPOCH 29 (2.168 seconds):
INFO:root:COST >> 0.0251 +/- 0.0009, % updates: 3.963%
INFO:root:-- EPOCH 30 (1.751 seconds):
INFO:root:COST >> 0.0246 +/- 0.001, % updates: 3.794%
INFO:root:-- EPOCH 31 (1.471 seconds):
INFO:root:COST >> 0.0235 +/- 0.0009, % updates: 3.711%
INFO:root:-- EPOCH 32 (1.59 seconds):
INFO:root:COST >> 0.0233 +/- 0.0009, % updates: 3.624%
INFO:root:-- EPOCH 33 (1.567 seconds):
INFO:root:COST >> 0.0229 +/- 0.0009, % updates: 3.647%
INFO:root:-- EPOCH 34 (1.404 seconds):
INFO:root:COST >> 0.0219 +/- 0.0007, % updates: 3.46%
INFO:root:-- EPOCH 35 (1.584 seconds):
INFO:root:COST >> 0.0213 +/- 0.0011, % updates: 3.406%
INFO:root:-- EPOCH 36 (1.981 seconds):
INFO:root:COST >> 0.0211 +/- 0.0008, % updates: 3.361%
INFO:root:-- EPOCH 37 (2.173 seconds):
INFO:root:COST >> 0.0199 +/- 0.0005, % updates: 3.213%
INFO:root:-- EPOCH 38 (2.075 seconds):
INFO:root:COST >> 0.0202 +/- 0.0008, % updates: 3.221%
INFO:root:-- EPOCH 39 (2.262 seconds):
INFO:root:COST >> 0.0191 +/- 0.001, % updates: 3.113%
INFO:root:-- EPOCH 40 (2.065 seconds):
INFO:root:COST >> 0.0185 +/- 0.0009, % updates: 3.03%
INFO:root:-- EPOCH 41 (2.189 seconds):
INFO:root:COST >> 0.0182 +/- 0.0006, % updates: 2.953%
INFO:root:-- EPOCH 42 (2.146 seconds):
INFO:root:COST >> 0.018 +/- 0.0008, % updates: 2.94%
INFO:root:-- EPOCH 43 (2.112 seconds):
INFO:root:COST >> 0.0176 +/- 0.0006, % updates: 2.836%
INFO:root:-- EPOCH 44 (2.318 seconds):
INFO:root:COST >> 0.0176 +/- 0.001, % updates: 2.85%
INFO:root:-- EPOCH 45 (2.043 seconds):
INFO:root:COST >> 0.0172 +/- 0.001, % updates: 2.814%
INFO:root:-- EPOCH 46 (2.193 seconds):
INFO:root:COST >> 0.017 +/- 0.0008, % updates: 2.765%
INFO:root:-- EPOCH 47 (2.222 seconds):
INFO:root:COST >> 0.0168 +/- 0.0007, % updates: 2.728%
INFO:root:-- EPOCH 48 (2.054 seconds):
INFO:root:COST >> 0.0161 +/- 0.0007, % updates: 2.651%
INFO:root:-- EPOCH 49 (1.794 seconds):
INFO:root:COST >> 0.0156 +/- 0.0008, % updates: 2.592%
INFO:root:-- EPOCH 50 (1.922 seconds):
INFO:root:COST >> 0.0158 +/- 0.0008, % updates: 2.584%
INFO:root:-- EPOCH 51 (1.882 seconds):
INFO:root:COST >> 0.0153 +/- 0.0007, % updates: 2.501%
INFO:root:-- EPOCH 52 (1.615 seconds):
INFO:root:COST >> 0.0147 +/- 0.0007, % updates: 2.448%
INFO:root:-- EPOCH 53 (1.464 seconds):
INFO:root:COST >> 0.0146 +/- 0.0007, % updates: 2.474%
INFO:root:-- EPOCH 54 (1.497 seconds):
INFO:root:COST >> 0.0147 +/- 0.0007, % updates: 2.446%
INFO:root:-- EPOCH 55 (1.569 seconds):
INFO:root:COST >> 0.0146 +/- 0.0005, % updates: 2.429%
INFO:root:-- EPOCH 56 (1.577 seconds):
INFO:root:COST >> 0.0139 +/- 0.0006, % updates: 2.347%
INFO:root:-- EPOCH 57 (1.616 seconds):
INFO:root:COST >> 0.0139 +/- 0.0009, % updates: 2.335%
INFO:root:-- EPOCH 58 (1.672 seconds):
INFO:root:COST >> 0.014 +/- 0.0009, % updates: 2.293%
INFO:root:-- EPOCH 59 (2.14 seconds):
INFO:root:COST >> 0.0132 +/- 0.0011, % updates: 2.224%
INFO:root:-- EPOCH 60 (2.39 seconds):
INFO:root:COST >> 0.0137 +/- 0.0008, % updates: 2.306%
INFO:root:-- EPOCH 61 (2.03 seconds):
INFO:root:COST >> 0.013 +/- 0.0006, % updates: 2.194%
INFO:root:-- EPOCH 62 (2.071 seconds):
INFO:root:COST >> 0.0127 +/- 0.0006, % updates: 2.137%
INFO:root:-- EPOCH 63 (2.149 seconds):
INFO:root:COST >> 0.013 +/- 0.0006, % updates: 2.159%
INFO:root:-- EPOCH 64 (2.252 seconds):
INFO:root:COST >> 0.0125 +/- 0.0006, % updates: 2.104%
INFO:root:-- EPOCH 65 (2.144 seconds):
INFO:root:COST >> 0.0125 +/- 0.0005, % updates: 2.148%
INFO:root:-- EPOCH 66 (2.358 seconds):
INFO:root:COST >> 0.0123 +/- 0.0006, % updates: 2.131%
INFO:root:-- EPOCH 67 (2.201 seconds):
INFO:root:COST >> 0.012 +/- 0.0006, % updates: 2.056%
INFO:root:-- EPOCH 68 (2.318 seconds):
INFO:root:COST >> 0.0118 +/- 0.0004, % updates: 1.986%
INFO:root:-- EPOCH 69 (2.248 seconds):
INFO:root:COST >> 0.0119 +/- 0.0008, % updates: 2.009%
INFO:root:-- EPOCH 70 (2.306 seconds):
INFO:root:COST >> 0.0119 +/- 0.0008, % updates: 2.006%
INFO:root:-- EPOCH 71 (2.016 seconds):
INFO:root:COST >> 0.0118 +/- 0.0006, % updates: 1.999%
INFO:root:-- EPOCH 72 (1.924 seconds):
INFO:root:COST >> 0.0113 +/- 0.0006, % updates: 1.925%
INFO:root:-- EPOCH 73 (1.734 seconds):
INFO:root:COST >> 0.0117 +/- 0.0005, % updates: 1.955%
INFO:root:-- EPOCH 74 (1.743 seconds):
INFO:root:COST >> 0.0108 +/- 0.0006, % updates: 1.871%
INFO:root:-- EPOCH 75 (2.198 seconds):
INFO:root:COST >> 0.011 +/- 0.0007, % updates: 1.87%
INFO:root:-- EPOCH 76 (1.59 seconds):
INFO:root:COST >> 0.0111 +/- 0.0004, % updates: 1.89%
INFO:root:-- EPOCH 77 (2.104 seconds):
INFO:root:COST >> 0.0109 +/- 0.0008, % updates: 1.837%
INFO:root:-- EPOCH 78 (2.25 seconds):
INFO:root:COST >> 0.0108 +/- 0.0006, % updates: 1.85%
INFO:root:-- EPOCH 79 (1.926 seconds):
INFO:root:COST >> 0.0106 +/- 0.0007, % updates: 1.781%
INFO:root:-- EPOCH 80 (2.27 seconds):
INFO:root:COST >> 0.0106 +/- 0.0005, % updates: 1.777%
INFO:root:-- EPOCH 81 (1.375 seconds):
INFO:root:COST >> 0.0106 +/- 0.0007, % updates: 1.782%
INFO:root:-- EPOCH 82 (1.634 seconds):
INFO:root:COST >> 0.0103 +/- 0.0004, % updates: 1.8%
INFO:root:-- EPOCH 83 (1.656 seconds):
INFO:root:COST >> 0.0102 +/- 0.0007, % updates: 1.741%
INFO:root:-- EPOCH 84 (1.405 seconds):
INFO:root:COST >> 0.01 +/- 0.0006, % updates: 1.728%
INFO:root:-- EPOCH 85 (1.589 seconds):
INFO:root:COST >> 0.0099 +/- 0.0005, % updates: 1.739%
INFO:root:-- EPOCH 86 (1.59 seconds):
INFO:root:COST >> 0.0101 +/- 0.0008, % updates: 1.71%
INFO:root:-- EPOCH 87 (1.435 seconds):
INFO:root:COST >> 0.0102 +/- 0.0005, % updates: 1.72%
INFO:root:-- EPOCH 88 (1.702 seconds):
INFO:root:COST >> 0.01 +/- 0.0003, % updates: 1.742%
INFO:root:-- EPOCH 89 (2.169 seconds):
INFO:root:COST >> 0.0097 +/- 0.0005, % updates: 1.67%
INFO:root:-- EPOCH 90 (2.29 seconds):
INFO:root:COST >> 0.0095 +/- 0.0005, % updates: 1.648%
INFO:root:-- EPOCH 91 (2.298 seconds):
INFO:root:COST >> 0.0096 +/- 0.0006, % updates: 1.659%
INFO:root:-- EPOCH 92 (2.295 seconds):
INFO:root:COST >> 0.0094 +/- 0.0004, % updates: 1.636%
INFO:root:-- EPOCH 93 (2.217 seconds):
INFO:root:COST >> 0.0094 +/- 0.0005, % updates: 1.591%
INFO:root:-- EPOCH 94 (2.187 seconds):
INFO:root:COST >> 0.0094 +/- 0.0006, % updates: 1.645%
INFO:root:-- EPOCH 95 (2.35 seconds):
INFO:root:COST >> 0.0091 +/- 0.0006, % updates: 1.588%
INFO:root:-- EPOCH 96 (2.087 seconds):
INFO:root:COST >> 0.0087 +/- 0.0005, % updates: 1.547%
INFO:root:-- EPOCH 97 (2.303 seconds):
INFO:root:COST >> 0.009 +/- 0.0008, % updates: 1.566%
INFO:root:-- EPOCH 98 (2.017 seconds):
INFO:root:COST >> 0.0091 +/- 0.0003, % updates: 1.539%
INFO:root:-- EPOCH 99 (2.265 seconds):
INFO:root:COST >> 0.009 +/- 0.0004, % updates: 1.525%
INFO:root:-- EPOCH 100 (2.087 seconds):
INFO:root:COST >> 0.0089 +/- 0.0006, % updates: 1.522%
INFO:root:### MICRO (raw valid):
INFO:root:	-- left   >> mean: 751.8002, median: 11.0, hits@10: 49.02%
INFO:root:	-- right  >> mean: 752.2132, median: 12.0, hits@10: 47.56%
INFO:root:	-- global >> mean: 752.0067, median: 11.0, hits@10: 48.29%
INFO:root:### MACRO (raw valid):
INFO:root:	-- left   >> mean: 844.3835, median: 36.80556, hits@10: 46.235%
INFO:root:	-- right  >> mean: 833.26397, median: 30.72222, hits@10: 46.339%
INFO:root:	-- global >> mean: 838.82374, median: 18.61111, hits@10: 46.287%
INFO:root:### MICRO (raw test):
INFO:root:	-- left   >> mean: 680.9566, median: 12.0, hits@10: 47.1%
INFO:root:	-- right  >> mean: 689.3102, median: 11.0, hits@10: 48.54%
INFO:root:	-- global >> mean: 685.1334, median: 11.0, hits@10: 47.82%
INFO:root:### MACRO (raw test):
INFO:root:	-- left   >> mean: 780.87134, median: 30.27778, hits@10: 44.407%
INFO:root:	-- right  >> mean: 934.73835, median: 45.25, hits@10: 45.692%
INFO:root:	-- global >> mean: 857.80484, median: 14.72222, hits@10: 45.05%
