INFO:root:Shape for training set: (40961, 141442)
INFO:root:State: {'ndim': '50', 'test_all': '100', 'test_path': 'data/wn/WN-test.pkl', 'nhid': '50', 'lremb': '0.1', 'seed': '123', 'simfn': 'L1', 'valid_path': 'data/wn/WN-valid.pkl', 'nbatches': '10', 'lrparam': '0.1', 'decay': '0.999', 'show_hinton_diagrams': 'False', 'no_rescaling': 'True', 'Nrel': '18', 'ranking_score_right': 'False', 'max_lr': 'None', 'Nsyn': '40943', 'method': 'ADAGRAD', 'loss_margin': '10.0', 'C': '1.0', 'epsilon': '1e-06', 'use_db': 'False', 'Nent': '40961', 'l1_param_weight': 'None', 'name': 'wn_qualitative/fb_TransE_5', 'totepochs': '100', 'l2_param_weight': 'None', 'train_path': 'data/wn/WN-train.pkl', 'op': 'TransE'}
INFO:root:Starting the Experiment ..
INFO:root:-- EPOCH 1 (5.072 seconds):
INFO:root:COST >> 18.0247 +/- 1.2472, % updates: 99.998%
INFO:root:-- EPOCH 2 (5.112 seconds):
INFO:root:COST >> 14.3227 +/- 0.2457, % updates: 99.831%
INFO:root:-- EPOCH 3 (5.044 seconds):
INFO:root:COST >> 12.7005 +/- 0.0592, % updates: 99.389%
INFO:root:-- EPOCH 4 (5.133 seconds):
INFO:root:COST >> 11.7394 +/- 0.0472, % updates: 99.0%
INFO:root:-- EPOCH 5 (5.262 seconds):
INFO:root:COST >> 11.0911 +/- 0.0637, % updates: 98.673%
INFO:root:-- EPOCH 6 (5.22 seconds):
INFO:root:COST >> 10.6314 +/- 0.0453, % updates: 98.446%
INFO:root:-- EPOCH 7 (5.073 seconds):
INFO:root:COST >> 10.2673 +/- 0.0738, % updates: 98.268%
INFO:root:-- EPOCH 8 (4.96 seconds):
INFO:root:COST >> 9.9622 +/- 0.0771, % updates: 98.198%
INFO:root:-- EPOCH 9 (4.595 seconds):
INFO:root:COST >> 9.7029 +/- 0.0775, % updates: 98.082%
INFO:root:-- EPOCH 10 (4.471 seconds):
INFO:root:COST >> 9.4951 +/- 0.0566, % updates: 97.996%
INFO:root:-- EPOCH 11 (4.679 seconds):
INFO:root:COST >> 9.3358 +/- 0.0863, % updates: 98.02%
INFO:root:-- EPOCH 12 (4.406 seconds):
INFO:root:COST >> 9.1693 +/- 0.0816, % updates: 97.955%
INFO:root:-- EPOCH 13 (4.467 seconds):
INFO:root:COST >> 9.0339 +/- 0.0743, % updates: 97.983%
INFO:root:-- EPOCH 14 (4.373 seconds):
INFO:root:COST >> 8.9055 +/- 0.0791, % updates: 97.942%
INFO:root:-- EPOCH 15 (3.488 seconds):
INFO:root:COST >> 8.7938 +/- 0.0793, % updates: 97.903%
INFO:root:-- EPOCH 16 (3.961 seconds):
INFO:root:COST >> 8.6893 +/- 0.0669, % updates: 97.92%
INFO:root:-- EPOCH 17 (4.421 seconds):
INFO:root:COST >> 8.6112 +/- 0.0671, % updates: 97.966%
INFO:root:-- EPOCH 18 (4.383 seconds):
INFO:root:COST >> 8.5168 +/- 0.0578, % updates: 97.944%
INFO:root:-- EPOCH 19 (4.41 seconds):
INFO:root:COST >> 8.4446 +/- 0.0875, % updates: 97.951%
INFO:root:-- EPOCH 20 (4.46 seconds):
INFO:root:COST >> 8.3612 +/- 0.0657, % updates: 97.942%
INFO:root:-- EPOCH 21 (3.922 seconds):
INFO:root:COST >> 8.2964 +/- 0.069, % updates: 97.934%
INFO:root:-- EPOCH 22 (4.601 seconds):
INFO:root:COST >> 8.2369 +/- 0.0604, % updates: 97.936%
INFO:root:-- EPOCH 23 (4.682 seconds):
INFO:root:COST >> 8.1723 +/- 0.0601, % updates: 97.964%
INFO:root:-- EPOCH 24 (4.777 seconds):
INFO:root:COST >> 8.114 +/- 0.0658, % updates: 97.939%
INFO:root:-- EPOCH 25 (4.378 seconds):
INFO:root:COST >> 8.0716 +/- 0.0641, % updates: 97.964%
INFO:root:-- EPOCH 26 (4.471 seconds):
INFO:root:COST >> 8.0089 +/- 0.0691, % updates: 97.927%
INFO:root:-- EPOCH 27 (4.52 seconds):
INFO:root:COST >> 7.957 +/- 0.0621, % updates: 97.93%
INFO:root:-- EPOCH 28 (4.545 seconds):
INFO:root:COST >> 7.9234 +/- 0.0642, % updates: 97.993%
INFO:root:-- EPOCH 29 (4.404 seconds):
INFO:root:COST >> 7.8811 +/- 0.0491, % updates: 97.91%
INFO:root:-- EPOCH 30 (4.017 seconds):
INFO:root:COST >> 7.8362 +/- 0.0699, % updates: 97.939%
INFO:root:-- EPOCH 31 (3.97 seconds):
INFO:root:COST >> 7.7916 +/- 0.0505, % updates: 97.919%
INFO:root:-- EPOCH 32 (3.976 seconds):
INFO:root:COST >> 7.7598 +/- 0.054, % updates: 97.957%
INFO:root:-- EPOCH 33 (4.665 seconds):
INFO:root:COST >> 7.7144 +/- 0.0536, % updates: 97.925%
INFO:root:-- EPOCH 34 (3.874 seconds):
INFO:root:COST >> 7.672 +/- 0.0339, % updates: 97.892%
INFO:root:-- EPOCH 35 (3.581 seconds):
INFO:root:COST >> 7.6558 +/- 0.0564, % updates: 97.873%
INFO:root:-- EPOCH 36 (3.868 seconds):
INFO:root:COST >> 7.6144 +/- 0.0625, % updates: 97.915%
INFO:root:-- EPOCH 37 (3.918 seconds):
INFO:root:COST >> 7.5857 +/- 0.047, % updates: 97.91%
INFO:root:-- EPOCH 38 (3.847 seconds):
INFO:root:COST >> 7.5526 +/- 0.0637, % updates: 97.911%
INFO:root:-- EPOCH 39 (4.124 seconds):
INFO:root:COST >> 7.5212 +/- 0.0669, % updates: 97.853%
INFO:root:-- EPOCH 40 (4.34 seconds):
INFO:root:COST >> 7.4947 +/- 0.0665, % updates: 97.82%
INFO:root:-- EPOCH 41 (4.505 seconds):
INFO:root:COST >> 7.4613 +/- 0.0507, % updates: 97.826%
INFO:root:-- EPOCH 42 (6.692 seconds):
INFO:root:COST >> 7.4302 +/- 0.0381, % updates: 97.782%
INFO:root:-- EPOCH 43 (7.968 seconds):
INFO:root:COST >> 7.4173 +/- 0.0621, % updates: 97.808%
INFO:root:-- EPOCH 44 (5.629 seconds):
INFO:root:COST >> 7.4046 +/- 0.0629, % updates: 97.774%
INFO:root:-- EPOCH 45 (4.659 seconds):
INFO:root:COST >> 7.368 +/- 0.0505, % updates: 97.765%
INFO:root:-- EPOCH 46 (4.616 seconds):
INFO:root:COST >> 7.3413 +/- 0.0481, % updates: 97.769%
INFO:root:-- EPOCH 47 (4.578 seconds):
INFO:root:COST >> 7.3131 +/- 0.0449, % updates: 97.761%
INFO:root:-- EPOCH 48 (5.508 seconds):
INFO:root:COST >> 7.2999 +/- 0.0432, % updates: 97.707%
INFO:root:-- EPOCH 49 (4.168 seconds):
INFO:root:COST >> 7.2765 +/- 0.0442, % updates: 97.694%
INFO:root:-- EPOCH 50 (4.369 seconds):
INFO:root:COST >> 7.2487 +/- 0.0452, % updates: 97.681%
INFO:root:-- EPOCH 51 (3.862 seconds):
INFO:root:COST >> 7.2396 +/- 0.0525, % updates: 97.682%
INFO:root:-- EPOCH 52 (4.433 seconds):
INFO:root:COST >> 7.224 +/- 0.0513, % updates: 97.638%
INFO:root:-- EPOCH 53 (3.55 seconds):
INFO:root:COST >> 7.1968 +/- 0.0501, % updates: 97.631%
INFO:root:-- EPOCH 54 (3.335 seconds):
INFO:root:COST >> 7.1721 +/- 0.0434, % updates: 97.574%
INFO:root:-- EPOCH 55 (4.6 seconds):
INFO:root:COST >> 7.1689 +/- 0.0495, % updates: 97.601%
INFO:root:-- EPOCH 56 (4.897 seconds):
INFO:root:COST >> 7.1315 +/- 0.0412, % updates: 97.464%
INFO:root:-- EPOCH 57 (4.296 seconds):
INFO:root:COST >> 7.1126 +/- 0.0488, % updates: 97.549%
INFO:root:-- EPOCH 58 (4.532 seconds):
INFO:root:COST >> 7.1062 +/- 0.0511, % updates: 97.499%
INFO:root:-- EPOCH 59 (4.42 seconds):
INFO:root:COST >> 7.0893 +/- 0.0563, % updates: 97.419%
INFO:root:-- EPOCH 60 (3.838 seconds):
INFO:root:COST >> 7.0713 +/- 0.0623, % updates: 97.473%
INFO:root:-- EPOCH 61 (3.673 seconds):
INFO:root:COST >> 7.0579 +/- 0.0536, % updates: 97.465%
INFO:root:-- EPOCH 62 (3.791 seconds):
INFO:root:COST >> 7.045 +/- 0.0514, % updates: 97.498%
INFO:root:-- EPOCH 63 (4.015 seconds):
INFO:root:COST >> 7.0281 +/- 0.0524, % updates: 97.442%
INFO:root:-- EPOCH 64 (4.353 seconds):
INFO:root:COST >> 7.018 +/- 0.0618, % updates: 97.373%
INFO:root:-- EPOCH 65 (4.735 seconds):
INFO:root:COST >> 6.9902 +/- 0.0527, % updates: 97.44%
INFO:root:-- EPOCH 66 (4.005 seconds):
INFO:root:COST >> 6.9848 +/- 0.0707, % updates: 97.43%
INFO:root:-- EPOCH 67 (4.139 seconds):
INFO:root:COST >> 6.9831 +/- 0.0501, % updates: 97.395%
INFO:root:-- EPOCH 68 (4.503 seconds):
INFO:root:COST >> 6.9501 +/- 0.0505, % updates: 97.323%
INFO:root:-- EPOCH 69 (4.603 seconds):
INFO:root:COST >> 6.9323 +/- 0.0426, % updates: 97.303%
INFO:root:-- EPOCH 70 (4.156 seconds):
INFO:root:COST >> 6.9313 +/- 0.0543, % updates: 97.295%
INFO:root:-- EPOCH 71 (4.171 seconds):
INFO:root:COST >> 6.9143 +/- 0.038, % updates: 97.283%
INFO:root:-- EPOCH 72 (4.463 seconds):
INFO:root:COST >> 6.9015 +/- 0.0363, % updates: 97.31%
INFO:root:-- EPOCH 73 (4.74 seconds):
INFO:root:COST >> 6.9048 +/- 0.0462, % updates: 97.267%
INFO:root:-- EPOCH 74 (4.653 seconds):
INFO:root:COST >> 6.8818 +/- 0.045, % updates: 97.222%
INFO:root:-- EPOCH 75 (4.604 seconds):
INFO:root:COST >> 6.8698 +/- 0.0338, % updates: 97.16%
INFO:root:-- EPOCH 76 (4.518 seconds):
INFO:root:COST >> 6.8576 +/- 0.0471, % updates: 97.179%
INFO:root:-- EPOCH 77 (4.387 seconds):
INFO:root:COST >> 6.8485 +/- 0.048, % updates: 97.178%
INFO:root:-- EPOCH 78 (4.673 seconds):
INFO:root:COST >> 6.8318 +/- 0.0511, % updates: 97.11%
INFO:root:-- EPOCH 79 (4.662 seconds):
INFO:root:COST >> 6.8188 +/- 0.0526, % updates: 97.087%
INFO:root:-- EPOCH 80 (5.026 seconds):
INFO:root:COST >> 6.811 +/- 0.0323, % updates: 97.078%
INFO:root:-- EPOCH 81 (4.836 seconds):
INFO:root:COST >> 6.8098 +/- 0.0384, % updates: 97.101%
INFO:root:-- EPOCH 82 (3.863 seconds):
INFO:root:COST >> 6.8032 +/- 0.0479, % updates: 97.109%
INFO:root:-- EPOCH 83 (3.901 seconds):
INFO:root:COST >> 6.7794 +/- 0.0534, % updates: 96.974%
INFO:root:-- EPOCH 84 (3.441 seconds):
INFO:root:COST >> 6.7882 +/- 0.0479, % updates: 97.072%
INFO:root:-- EPOCH 85 (3.628 seconds):
INFO:root:COST >> 6.7747 +/- 0.0488, % updates: 97.091%
INFO:root:-- EPOCH 86 (3.612 seconds):
INFO:root:COST >> 6.7531 +/- 0.0383, % updates: 97.089%
INFO:root:-- EPOCH 87 (3.421 seconds):
INFO:root:COST >> 6.7429 +/- 0.0519, % updates: 96.963%
INFO:root:-- EPOCH 88 (3.621 seconds):
INFO:root:COST >> 6.7512 +/- 0.0356, % updates: 96.986%
INFO:root:-- EPOCH 89 (3.43 seconds):
INFO:root:COST >> 6.7241 +/- 0.0365, % updates: 96.905%
INFO:root:-- EPOCH 90 (3.339 seconds):
INFO:root:COST >> 6.7254 +/- 0.0522, % updates: 96.948%
INFO:root:-- EPOCH 91 (3.563 seconds):
INFO:root:COST >> 6.7132 +/- 0.0349, % updates: 96.984%
INFO:root:-- EPOCH 92 (4.212 seconds):
INFO:root:COST >> 6.7014 +/- 0.0448, % updates: 96.923%
INFO:root:-- EPOCH 93 (3.965 seconds):
INFO:root:COST >> 6.7007 +/- 0.0264, % updates: 96.913%
INFO:root:-- EPOCH 94 (3.712 seconds):
INFO:root:COST >> 6.6884 +/- 0.0364, % updates: 96.893%
INFO:root:-- EPOCH 95 (3.689 seconds):
INFO:root:COST >> 6.6822 +/- 0.045, % updates: 96.886%
INFO:root:-- EPOCH 96 (3.813 seconds):
INFO:root:COST >> 6.669 +/- 0.0291, % updates: 96.852%
INFO:root:-- EPOCH 97 (3.902 seconds):
INFO:root:COST >> 6.6776 +/- 0.0484, % updates: 96.877%
INFO:root:-- EPOCH 98 (4.535 seconds):
INFO:root:COST >> 6.6424 +/- 0.0503, % updates: 96.854%
INFO:root:-- EPOCH 99 (4.484 seconds):
INFO:root:COST >> 6.6463 +/- 0.0517, % updates: 96.792%
INFO:root:-- EPOCH 100 (4.482 seconds):
INFO:root:COST >> 6.6413 +/- 0.0518, % updates: 96.813%
INFO:root:### MICRO (raw valid):
INFO:root:	-- left   >> mean: 813.5108, median: 17.0, hits@10: 43.28%
INFO:root:	-- right  >> mean: 869.6792, median: 18.0, hits@10: 43.56%
INFO:root:	-- global >> mean: 841.595, median: 18.0, hits@10: 43.42%
INFO:root:### MACRO (raw valid):
INFO:root:	-- left   >> mean: 930.47825, median: 153.97222, hits@10: 43.479%
INFO:root:	-- right  >> mean: 935.38861, median: 159.16667, hits@10: 43.56%
INFO:root:	-- global >> mean: 932.93343, median: 35.66667, hits@10: 43.52%
INFO:root:### MICRO (raw test):
INFO:root:	-- left   >> mean: 806.8288, median: 17.0, hits@10: 43.84%
INFO:root:	-- right  >> mean: 768.0784, median: 16.0, hits@10: 44.4%
INFO:root:	-- global >> mean: 787.4536, median: 16.0, hits@10: 44.12%
INFO:root:### MACRO (raw test):
INFO:root:	-- left   >> mean: 883.90426, median: 168.80556, hits@10: 41.753%
INFO:root:	-- right  >> mean: 894.07766, median: 175.52778, hits@10: 39.522%
INFO:root:	-- global >> mean: 888.99096, median: 35.69444, hits@10: 40.637%
