INFO:root:Shape for training set: (40961, 141442)
INFO:root:State: {'ndim': '20', 'test_all': 'None', 'test_path': 'None', 'nhid': '50', 'lremb': '1e-06', 'seed': '8', 'simfn': 'L1', 'valid_path': 'None', 'nbatches': '10', 'lrparam': '1e-06', 'decay': '0.999', 'show_hinton_diagrams': 'False', 'no_rescaling': 'True', 'Nrel': '18', 'ranking_score_right': 'False', 'Nent': '40961', 'Nsyn': '40943', 'method': 'ADAGRAD', 'loss_margin': '1.0', 'C': '1.0', 'epsilon': '1e-06', 'use_db': 'True', 'max_lr': 'None', 'l1_param_weight': 'None', 'filtered': 'False', 'name': 'wn_opt/wn_ADAGRAD_8', 'totepochs': '100', 'l2_param_weight': 'None', 'train_path': 'data/wn/WN-train.pkl', 'op': 'TransE'}
INFO:root:Starting the Experiment ..
INFO:root:-- EPOCH 1 (1.234 seconds):
INFO:root:COST >> 2.2181 +/- 0.0161, % updates: 81.565%
INFO:root:-- EPOCH 2 (1.541 seconds):
INFO:root:COST >> 2.2151 +/- 0.0146, % updates: 81.447%
INFO:root:-- EPOCH 3 (1.81 seconds):
INFO:root:COST >> 2.2203 +/- 0.0113, % updates: 81.55%
INFO:root:-- EPOCH 4 (2.266 seconds):
INFO:root:COST >> 2.2164 +/- 0.0136, % updates: 81.595%
INFO:root:-- EPOCH 5 (1.907 seconds):
INFO:root:COST >> 2.2209 +/- 0.0166, % updates: 81.489%
INFO:root:-- EPOCH 6 (1.656 seconds):
INFO:root:COST >> 2.2207 +/- 0.0121, % updates: 81.558%
INFO:root:-- EPOCH 7 (1.513 seconds):
INFO:root:COST >> 2.2219 +/- 0.0137, % updates: 81.596%
INFO:root:-- EPOCH 8 (1.556 seconds):
INFO:root:COST >> 2.2188 +/- 0.0105, % updates: 81.641%
INFO:root:-- EPOCH 9 (1.517 seconds):
INFO:root:COST >> 2.219 +/- 0.0094, % updates: 81.548%
INFO:root:-- EPOCH 10 (1.63 seconds):
INFO:root:COST >> 2.2207 +/- 0.0134, % updates: 81.567%
INFO:root:-- EPOCH 11 (1.641 seconds):
INFO:root:COST >> 2.2172 +/- 0.014, % updates: 81.523%
INFO:root:-- EPOCH 12 (1.661 seconds):
INFO:root:COST >> 2.2152 +/- 0.0117, % updates: 81.506%
INFO:root:-- EPOCH 13 (1.576 seconds):
INFO:root:COST >> 2.2176 +/- 0.0089, % updates: 81.511%
INFO:root:-- EPOCH 14 (1.725 seconds):
INFO:root:COST >> 2.2171 +/- 0.0098, % updates: 81.531%
INFO:root:-- EPOCH 15 (1.566 seconds):
INFO:root:COST >> 2.2226 +/- 0.0124, % updates: 81.54%
INFO:root:-- EPOCH 16 (1.748 seconds):
INFO:root:COST >> 2.2189 +/- 0.0143, % updates: 81.537%
INFO:root:-- EPOCH 17 (1.676 seconds):
INFO:root:COST >> 2.2128 +/- 0.0131, % updates: 81.395%
INFO:root:-- EPOCH 18 (1.724 seconds):
INFO:root:COST >> 2.2138 +/- 0.0099, % updates: 81.466%
INFO:root:-- EPOCH 19 (1.766 seconds):
INFO:root:COST >> 2.2219 +/- 0.0095, % updates: 81.614%
INFO:root:-- EPOCH 20 (1.598 seconds):
INFO:root:COST >> 2.2175 +/- 0.0117, % updates: 81.452%
INFO:root:-- EPOCH 21 (1.57 seconds):
INFO:root:COST >> 2.2232 +/- 0.016, % updates: 81.522%
INFO:root:-- EPOCH 22 (1.669 seconds):
INFO:root:COST >> 2.2228 +/- 0.0062, % updates: 81.648%
INFO:root:-- EPOCH 23 (1.663 seconds):
INFO:root:COST >> 2.218 +/- 0.0169, % updates: 81.508%
INFO:root:-- EPOCH 24 (1.569 seconds):
INFO:root:COST >> 2.225 +/- 0.0115, % updates: 81.478%
INFO:root:-- EPOCH 25 (1.553 seconds):
INFO:root:COST >> 2.216 +/- 0.0082, % updates: 81.458%
INFO:root:-- EPOCH 26 (1.522 seconds):
INFO:root:COST >> 2.2171 +/- 0.0183, % updates: 81.51%
INFO:root:-- EPOCH 27 (1.509 seconds):
INFO:root:COST >> 2.2208 +/- 0.0156, % updates: 81.475%
INFO:root:-- EPOCH 28 (1.526 seconds):
INFO:root:COST >> 2.2178 +/- 0.0103, % updates: 81.522%
INFO:root:-- EPOCH 29 (1.604 seconds):
INFO:root:COST >> 2.2202 +/- 0.0118, % updates: 81.691%
INFO:root:-- EPOCH 30 (1.594 seconds):
INFO:root:COST >> 2.2192 +/- 0.015, % updates: 81.606%
INFO:root:-- EPOCH 31 (1.545 seconds):
INFO:root:COST >> 2.2161 +/- 0.0131, % updates: 81.428%
INFO:root:-- EPOCH 32 (1.505 seconds):
INFO:root:COST >> 2.2166 +/- 0.0127, % updates: 81.48%
INFO:root:-- EPOCH 33 (1.541 seconds):
INFO:root:COST >> 2.2232 +/- 0.0051, % updates: 81.619%
INFO:root:-- EPOCH 34 (1.541 seconds):
INFO:root:COST >> 2.2195 +/- 0.0118, % updates: 81.591%
INFO:root:-- EPOCH 35 (1.567 seconds):
INFO:root:COST >> 2.2182 +/- 0.0088, % updates: 81.383%
INFO:root:-- EPOCH 36 (1.912 seconds):
INFO:root:COST >> 2.2202 +/- 0.0127, % updates: 81.49%
INFO:root:-- EPOCH 37 (1.571 seconds):
INFO:root:COST >> 2.2217 +/- 0.0099, % updates: 81.589%
INFO:root:-- EPOCH 38 (1.498 seconds):
INFO:root:COST >> 2.2179 +/- 0.0112, % updates: 81.653%
INFO:root:-- EPOCH 39 (1.504 seconds):
INFO:root:COST >> 2.2201 +/- 0.0096, % updates: 81.647%
INFO:root:-- EPOCH 40 (1.5 seconds):
INFO:root:COST >> 2.2189 +/- 0.01, % updates: 81.61%
INFO:root:-- EPOCH 41 (1.522 seconds):
INFO:root:COST >> 2.2166 +/- 0.0158, % updates: 81.511%
INFO:root:-- EPOCH 42 (1.506 seconds):
INFO:root:COST >> 2.225 +/- 0.0086, % updates: 81.514%
INFO:root:-- EPOCH 43 (1.515 seconds):
INFO:root:COST >> 2.2227 +/- 0.0133, % updates: 81.543%
INFO:root:-- EPOCH 44 (1.523 seconds):
INFO:root:COST >> 2.2166 +/- 0.0095, % updates: 81.467%
INFO:root:-- EPOCH 45 (1.49 seconds):
INFO:root:COST >> 2.2198 +/- 0.0078, % updates: 81.497%
INFO:root:-- EPOCH 46 (1.662 seconds):
INFO:root:COST >> 2.2198 +/- 0.0099, % updates: 81.538%
INFO:root:-- EPOCH 47 (1.493 seconds):
INFO:root:COST >> 2.2192 +/- 0.0127, % updates: 81.573%
INFO:root:-- EPOCH 48 (1.482 seconds):
INFO:root:COST >> 2.2204 +/- 0.0134, % updates: 81.571%
INFO:root:-- EPOCH 49 (1.529 seconds):
INFO:root:COST >> 2.2157 +/- 0.0105, % updates: 81.5%
INFO:root:-- EPOCH 50 (1.552 seconds):
INFO:root:COST >> 2.2162 +/- 0.0111, % updates: 81.575%
INFO:root:-- EPOCH 51 (1.539 seconds):
INFO:root:COST >> 2.2209 +/- 0.0105, % updates: 81.476%
INFO:root:-- EPOCH 52 (1.501 seconds):
INFO:root:COST >> 2.215 +/- 0.0081, % updates: 81.61%
INFO:root:-- EPOCH 53 (1.533 seconds):
INFO:root:COST >> 2.2231 +/- 0.0108, % updates: 81.591%
INFO:root:-- EPOCH 54 (1.577 seconds):
INFO:root:COST >> 2.2179 +/- 0.0124, % updates: 81.525%
INFO:root:-- EPOCH 55 (1.547 seconds):
INFO:root:COST >> 2.2225 +/- 0.0088, % updates: 81.568%
INFO:root:-- EPOCH 56 (1.521 seconds):
INFO:root:COST >> 2.217 +/- 0.0108, % updates: 81.563%
INFO:root:-- EPOCH 57 (1.512 seconds):
INFO:root:COST >> 2.2218 +/- 0.01, % updates: 81.486%
INFO:root:-- EPOCH 58 (1.544 seconds):
INFO:root:COST >> 2.2207 +/- 0.0103, % updates: 81.472%
INFO:root:-- EPOCH 59 (1.54 seconds):
INFO:root:COST >> 2.2179 +/- 0.0095, % updates: 81.589%
INFO:root:-- EPOCH 60 (1.615 seconds):
INFO:root:COST >> 2.2209 +/- 0.0093, % updates: 81.523%
INFO:root:-- EPOCH 61 (1.489 seconds):
INFO:root:COST >> 2.219 +/- 0.0149, % updates: 81.547%
INFO:root:-- EPOCH 62 (1.511 seconds):
INFO:root:COST >> 2.2238 +/- 0.0153, % updates: 81.661%
INFO:root:-- EPOCH 63 (1.502 seconds):
INFO:root:COST >> 2.2209 +/- 0.0073, % updates: 81.475%
INFO:root:-- EPOCH 64 (1.504 seconds):
INFO:root:COST >> 2.2159 +/- 0.0108, % updates: 81.503%
INFO:root:-- EPOCH 65 (1.527 seconds):
INFO:root:COST >> 2.2226 +/- 0.0093, % updates: 81.594%
INFO:root:-- EPOCH 66 (1.63 seconds):
INFO:root:COST >> 2.2198 +/- 0.0152, % updates: 81.428%
INFO:root:-- EPOCH 67 (1.471 seconds):
INFO:root:COST >> 2.2192 +/- 0.0087, % updates: 81.53%
INFO:root:-- EPOCH 68 (1.527 seconds):
INFO:root:COST >> 2.2183 +/- 0.0132, % updates: 81.568%
INFO:root:-- EPOCH 69 (1.564 seconds):
INFO:root:COST >> 2.2223 +/- 0.0123, % updates: 81.57%
INFO:root:-- EPOCH 70 (1.531 seconds):
INFO:root:COST >> 2.2154 +/- 0.0124, % updates: 81.489%
INFO:root:-- EPOCH 71 (1.527 seconds):
INFO:root:COST >> 2.2168 +/- 0.014, % updates: 81.652%
INFO:root:-- EPOCH 72 (1.501 seconds):
INFO:root:COST >> 2.2204 +/- 0.0124, % updates: 81.537%
INFO:root:-- EPOCH 73 (1.55 seconds):
INFO:root:COST >> 2.2178 +/- 0.0123, % updates: 81.64%
INFO:root:-- EPOCH 74 (1.527 seconds):
INFO:root:COST >> 2.2143 +/- 0.0106, % updates: 81.536%
INFO:root:-- EPOCH 75 (1.554 seconds):
INFO:root:COST >> 2.2181 +/- 0.0135, % updates: 81.541%
INFO:root:-- EPOCH 76 (1.536 seconds):
INFO:root:COST >> 2.2194 +/- 0.0106, % updates: 81.438%
INFO:root:-- EPOCH 77 (1.555 seconds):
INFO:root:COST >> 2.2157 +/- 0.0111, % updates: 81.462%
INFO:root:-- EPOCH 78 (1.577 seconds):
INFO:root:COST >> 2.2147 +/- 0.0147, % updates: 81.488%
INFO:root:-- EPOCH 79 (1.558 seconds):
INFO:root:COST >> 2.2188 +/- 0.0091, % updates: 81.545%
INFO:root:-- EPOCH 80 (1.595 seconds):
INFO:root:COST >> 2.2197 +/- 0.0072, % updates: 81.492%
INFO:root:-- EPOCH 81 (1.584 seconds):
INFO:root:COST >> 2.2192 +/- 0.0085, % updates: 81.584%
INFO:root:-- EPOCH 82 (1.551 seconds):
INFO:root:COST >> 2.2175 +/- 0.0089, % updates: 81.612%
INFO:root:-- EPOCH 83 (1.519 seconds):
INFO:root:COST >> 2.2185 +/- 0.0153, % updates: 81.491%
INFO:root:-- EPOCH 84 (1.522 seconds):
INFO:root:COST >> 2.2168 +/- 0.0118, % updates: 81.574%
INFO:root:-- EPOCH 85 (1.535 seconds):
INFO:root:COST >> 2.2189 +/- 0.0084, % updates: 81.551%
INFO:root:-- EPOCH 86 (1.623 seconds):
INFO:root:COST >> 2.2178 +/- 0.0087, % updates: 81.402%
INFO:root:-- EPOCH 87 (1.52 seconds):
INFO:root:COST >> 2.2187 +/- 0.0101, % updates: 81.564%
INFO:root:-- EPOCH 88 (1.548 seconds):
INFO:root:COST >> 2.2204 +/- 0.0153, % updates: 81.554%
INFO:root:-- EPOCH 89 (1.556 seconds):
INFO:root:COST >> 2.2191 +/- 0.0171, % updates: 81.564%
INFO:root:-- EPOCH 90 (1.552 seconds):
INFO:root:COST >> 2.2192 +/- 0.011, % updates: 81.48%
INFO:root:-- EPOCH 91 (1.527 seconds):
INFO:root:COST >> 2.2169 +/- 0.0147, % updates: 81.613%
INFO:root:-- EPOCH 92 (1.511 seconds):
INFO:root:COST >> 2.2173 +/- 0.0135, % updates: 81.525%
INFO:root:-- EPOCH 93 (1.586 seconds):
INFO:root:COST >> 2.2171 +/- 0.0109, % updates: 81.515%
INFO:root:-- EPOCH 94 (1.532 seconds):
INFO:root:COST >> 2.2189 +/- 0.0088, % updates: 81.519%
INFO:root:-- EPOCH 95 (1.534 seconds):
INFO:root:COST >> 2.2189 +/- 0.0071, % updates: 81.585%
INFO:root:-- EPOCH 96 (1.552 seconds):
INFO:root:COST >> 2.2195 +/- 0.0143, % updates: 81.505%
INFO:root:-- EPOCH 97 (1.589 seconds):
INFO:root:COST >> 2.2185 +/- 0.0098, % updates: 81.541%
INFO:root:-- EPOCH 98 (1.513 seconds):
INFO:root:COST >> 2.217 +/- 0.0149, % updates: 81.557%
INFO:root:-- EPOCH 99 (1.52 seconds):
INFO:root:COST >> 2.2216 +/- 0.0105, % updates: 81.553%
INFO:root:-- EPOCH 100 (1.583 seconds):
INFO:root:COST >> 2.2159 +/- 0.0129, % updates: 81.576%
