INFO:root:Shape for training set: (40961, 141442)
INFO:root:State: {'ndim': '20', 'test_all': 'None', 'test_path': 'None', 'nhid': '50', 'lremb': '1.0', 'seed': '5', 'simfn': 'L1', 'valid_path': 'None', 'nbatches': '10', 'lrparam': '1.0', 'decay': '0.999', 'show_hinton_diagrams': 'False', 'no_rescaling': 'True', 'Nrel': '18', 'ranking_score_right': 'False', 'Nent': '40961', 'Nsyn': '40943', 'method': 'ADADELTA', 'loss_margin': '1.0', 'C': '1.0', 'epsilon': '0.001', 'use_db': 'True', 'max_lr': 'None', 'l1_param_weight': 'None', 'filtered': 'False', 'name': 'wn_opt/wn_ADADELTA_65', 'totepochs': '100', 'l2_param_weight': 'None', 'train_path': 'data/wn/WN-train.pkl', 'op': 'TransE'}
INFO:root:Starting the Experiment ..
INFO:root:-- EPOCH 1 (1.673 seconds):
INFO:root:COST >> 2.7663 +/- 0.2774, % updates: 64.957%
INFO:root:-- EPOCH 2 (1.634 seconds):
INFO:root:COST >> 3.2196 +/- 0.2412, % updates: 61.139%
INFO:root:-- EPOCH 3 (1.71 seconds):
INFO:root:COST >> 3.2319 +/- 0.1875, % updates: 60.243%
INFO:root:-- EPOCH 4 (1.694 seconds):
INFO:root:COST >> 3.1998 +/- 0.1734, % updates: 59.96%
INFO:root:-- EPOCH 5 (1.75 seconds):
INFO:root:COST >> 3.2332 +/- 0.1912, % updates: 60.064%
INFO:root:-- EPOCH 6 (1.726 seconds):
INFO:root:COST >> 3.2941 +/- 0.2127, % updates: 61.04%
INFO:root:-- EPOCH 7 (1.847 seconds):
INFO:root:COST >> 3.3118 +/- 0.1985, % updates: 60.635%
INFO:root:-- EPOCH 8 (1.691 seconds):
INFO:root:COST >> 3.3061 +/- 0.2076, % updates: 60.371%
INFO:root:-- EPOCH 9 (1.69 seconds):
INFO:root:COST >> 3.3157 +/- 0.2084, % updates: 60.018%
INFO:root:-- EPOCH 10 (1.761 seconds):
INFO:root:COST >> 3.3165 +/- 0.202, % updates: 59.904%
INFO:root:-- EPOCH 11 (1.717 seconds):
INFO:root:COST >> 3.306 +/- 0.2055, % updates: 60.129%
INFO:root:-- EPOCH 12 (1.866 seconds):
INFO:root:COST >> 3.3352 +/- 0.2178, % updates: 61.06%
INFO:root:-- EPOCH 13 (1.617 seconds):
INFO:root:COST >> 3.3485 +/- 0.2187, % updates: 61.529%
INFO:root:-- EPOCH 14 (1.675 seconds):
INFO:root:COST >> 3.3495 +/- 0.2042, % updates: 61.532%
INFO:root:-- EPOCH 15 (1.653 seconds):
INFO:root:COST >> 3.357 +/- 0.2274, % updates: 61.774%
INFO:root:-- EPOCH 16 (1.717 seconds):
INFO:root:COST >> 3.3613 +/- 0.2126, % updates: 61.812%
INFO:root:-- EPOCH 17 (1.752 seconds):
INFO:root:COST >> 3.3507 +/- 0.2016, % updates: 61.678%
INFO:root:-- EPOCH 18 (1.697 seconds):
INFO:root:COST >> 3.3636 +/- 0.2061, % updates: 61.988%
INFO:root:-- EPOCH 19 (1.706 seconds):
INFO:root:COST >> 3.3573 +/- 0.2153, % updates: 61.643%
INFO:root:-- EPOCH 20 (1.702 seconds):
INFO:root:COST >> 3.3596 +/- 0.2093, % updates: 61.726%
INFO:root:-- EPOCH 21 (1.752 seconds):
INFO:root:COST >> 3.3698 +/- 0.2073, % updates: 61.48%
INFO:root:-- EPOCH 22 (1.711 seconds):
INFO:root:COST >> 3.3435 +/- 0.2083, % updates: 61.371%
INFO:root:-- EPOCH 23 (1.676 seconds):
INFO:root:COST >> 3.3475 +/- 0.2218, % updates: 61.344%
INFO:root:-- EPOCH 24 (1.876 seconds):
INFO:root:COST >> 3.3492 +/- 0.2173, % updates: 61.278%
INFO:root:-- EPOCH 25 (2.017 seconds):
INFO:root:COST >> 3.3556 +/- 0.2089, % updates: 61.365%
INFO:root:-- EPOCH 26 (1.825 seconds):
INFO:root:COST >> 3.358 +/- 0.2211, % updates: 61.502%
INFO:root:-- EPOCH 27 (1.715 seconds):
INFO:root:COST >> 3.3626 +/- 0.2143, % updates: 61.599%
INFO:root:-- EPOCH 28 (1.715 seconds):
INFO:root:COST >> 3.3542 +/- 0.203, % updates: 61.419%
INFO:root:-- EPOCH 29 (1.669 seconds):
INFO:root:COST >> 3.4048 +/- 0.2423, % updates: 61.941%
INFO:root:-- EPOCH 30 (1.656 seconds):
INFO:root:COST >> 3.3573 +/- 0.1979, % updates: 61.674%
INFO:root:-- EPOCH 31 (1.864 seconds):
INFO:root:COST >> 3.3529 +/- 0.2262, % updates: 61.729%
INFO:root:-- EPOCH 32 (1.671 seconds):
INFO:root:COST >> 3.3511 +/- 0.2086, % updates: 61.631%
INFO:root:-- EPOCH 33 (1.7 seconds):
INFO:root:COST >> 3.3659 +/- 0.2096, % updates: 61.856%
INFO:root:-- EPOCH 34 (1.687 seconds):
INFO:root:COST >> 3.3594 +/- 0.2143, % updates: 61.978%
INFO:root:-- EPOCH 35 (1.721 seconds):
INFO:root:COST >> 3.3582 +/- 0.201, % updates: 61.781%
INFO:root:-- EPOCH 36 (1.752 seconds):
INFO:root:COST >> 3.3457 +/- 0.2208, % updates: 61.877%
INFO:root:-- EPOCH 37 (1.691 seconds):
INFO:root:COST >> 3.351 +/- 0.2207, % updates: 61.956%
INFO:root:-- EPOCH 38 (1.679 seconds):
INFO:root:COST >> 3.3455 +/- 0.2073, % updates: 61.813%
INFO:root:-- EPOCH 39 (1.652 seconds):
INFO:root:COST >> 3.3682 +/- 0.2184, % updates: 61.999%
INFO:root:-- EPOCH 40 (1.685 seconds):
INFO:root:COST >> 3.3447 +/- 0.225, % updates: 61.884%
INFO:root:-- EPOCH 41 (1.655 seconds):
INFO:root:COST >> 3.3431 +/- 0.2239, % updates: 61.89%
INFO:root:-- EPOCH 42 (1.65 seconds):
INFO:root:COST >> 3.3416 +/- 0.2223, % updates: 61.92%
INFO:root:-- EPOCH 43 (1.693 seconds):
INFO:root:COST >> 3.3427 +/- 0.2153, % updates: 61.737%
INFO:root:-- EPOCH 44 (1.656 seconds):
INFO:root:COST >> 3.3501 +/- 0.2153, % updates: 61.921%
INFO:root:-- EPOCH 45 (1.764 seconds):
INFO:root:COST >> 3.3358 +/- 0.2107, % updates: 61.713%
INFO:root:-- EPOCH 46 (1.671 seconds):
INFO:root:COST >> 3.3324 +/- 0.2098, % updates: 61.755%
INFO:root:-- EPOCH 47 (1.975 seconds):
INFO:root:COST >> 3.3362 +/- 0.215, % updates: 61.661%
INFO:root:-- EPOCH 48 (1.871 seconds):
INFO:root:COST >> 3.3379 +/- 0.2115, % updates: 61.664%
INFO:root:-- EPOCH 49 (1.604 seconds):
INFO:root:COST >> 3.3279 +/- 0.2213, % updates: 61.505%
INFO:root:-- EPOCH 50 (1.626 seconds):
INFO:root:COST >> 3.3377 +/- 0.2134, % updates: 61.578%
INFO:root:-- EPOCH 51 (1.652 seconds):
INFO:root:COST >> 3.3261 +/- 0.2248, % updates: 61.431%
INFO:root:-- EPOCH 52 (1.674 seconds):
INFO:root:COST >> 3.3367 +/- 0.2067, % updates: 61.539%
INFO:root:-- EPOCH 53 (1.651 seconds):
INFO:root:COST >> 3.3359 +/- 0.2287, % updates: 61.582%
INFO:root:-- EPOCH 54 (1.627 seconds):
INFO:root:COST >> 3.3418 +/- 0.2263, % updates: 61.555%
INFO:root:-- EPOCH 55 (1.808 seconds):
INFO:root:COST >> 3.3186 +/- 0.2064, % updates: 61.489%
INFO:root:-- EPOCH 56 (1.731 seconds):
INFO:root:COST >> 3.3349 +/- 0.2183, % updates: 61.5%
INFO:root:-- EPOCH 57 (1.644 seconds):
INFO:root:COST >> 3.3296 +/- 0.2081, % updates: 61.581%
INFO:root:-- EPOCH 58 (1.99 seconds):
INFO:root:COST >> 3.3377 +/- 0.2189, % updates: 61.494%
INFO:root:-- EPOCH 59 (1.648 seconds):
INFO:root:COST >> 3.3317 +/- 0.2173, % updates: 61.489%
INFO:root:-- EPOCH 60 (1.596 seconds):
INFO:root:COST >> 3.3416 +/- 0.2171, % updates: 61.626%
INFO:root:-- EPOCH 61 (1.647 seconds):
INFO:root:COST >> 3.3445 +/- 0.2224, % updates: 61.748%
INFO:root:-- EPOCH 62 (1.654 seconds):
INFO:root:COST >> 3.3376 +/- 0.218, % updates: 61.573%
INFO:root:-- EPOCH 63 (1.647 seconds):
INFO:root:COST >> 3.342 +/- 0.2156, % updates: 61.746%
INFO:root:-- EPOCH 64 (1.598 seconds):
INFO:root:COST >> 3.3348 +/- 0.2077, % updates: 61.587%
INFO:root:-- EPOCH 65 (1.609 seconds):
INFO:root:COST >> 3.3346 +/- 0.2131, % updates: 61.546%
INFO:root:-- EPOCH 66 (1.62 seconds):
INFO:root:COST >> 3.3403 +/- 0.1962, % updates: 61.548%
INFO:root:-- EPOCH 67 (1.645 seconds):
INFO:root:COST >> 3.337 +/- 0.2109, % updates: 61.584%
INFO:root:-- EPOCH 68 (1.629 seconds):
INFO:root:COST >> 3.3386 +/- 0.2129, % updates: 61.529%
INFO:root:-- EPOCH 69 (1.703 seconds):
INFO:root:COST >> 3.3318 +/- 0.2268, % updates: 61.447%
INFO:root:-- EPOCH 70 (1.694 seconds):
INFO:root:COST >> 3.3406 +/- 0.2145, % updates: 61.627%
INFO:root:-- EPOCH 71 (1.795 seconds):
INFO:root:COST >> 3.3375 +/- 0.2109, % updates: 61.506%
INFO:root:-- EPOCH 72 (1.782 seconds):
INFO:root:COST >> 3.3219 +/- 0.2035, % updates: 61.365%
INFO:root:-- EPOCH 73 (1.769 seconds):
INFO:root:COST >> 3.3391 +/- 0.2202, % updates: 61.569%
INFO:root:-- EPOCH 74 (2.015 seconds):
INFO:root:COST >> 3.343 +/- 0.2024, % updates: 61.613%
INFO:root:-- EPOCH 75 (1.833 seconds):
INFO:root:COST >> 3.3317 +/- 0.2324, % updates: 61.547%
INFO:root:-- EPOCH 76 (1.856 seconds):
INFO:root:COST >> 3.3188 +/- 0.2162, % updates: 61.338%
INFO:root:-- EPOCH 77 (1.986 seconds):
INFO:root:COST >> 3.3306 +/- 0.2106, % updates: 61.467%
INFO:root:-- EPOCH 78 (1.959 seconds):
INFO:root:COST >> 3.3326 +/- 0.2065, % updates: 61.568%
INFO:root:-- EPOCH 79 (1.936 seconds):
INFO:root:COST >> 3.3357 +/- 0.2149, % updates: 61.52%
INFO:root:-- EPOCH 80 (2.063 seconds):
INFO:root:COST >> 3.3233 +/- 0.2155, % updates: 61.472%
INFO:root:-- EPOCH 81 (1.774 seconds):
INFO:root:COST >> 3.3495 +/- 0.2144, % updates: 61.652%
INFO:root:-- EPOCH 82 (1.681 seconds):
INFO:root:COST >> 3.3387 +/- 0.2158, % updates: 61.629%
INFO:root:-- EPOCH 83 (1.797 seconds):
INFO:root:COST >> 3.3358 +/- 0.2012, % updates: 61.476%
INFO:root:-- EPOCH 84 (1.857 seconds):
INFO:root:COST >> 3.337 +/- 0.2074, % updates: 61.583%
INFO:root:-- EPOCH 85 (2.056 seconds):
INFO:root:COST >> 3.3454 +/- 0.2153, % updates: 61.629%
INFO:root:-- EPOCH 86 (2.01 seconds):
INFO:root:COST >> 3.3424 +/- 0.2202, % updates: 61.78%
INFO:root:-- EPOCH 87 (1.973 seconds):
INFO:root:COST >> 3.3327 +/- 0.2013, % updates: 61.529%
INFO:root:-- EPOCH 88 (2.032 seconds):
INFO:root:COST >> 3.3326 +/- 0.2075, % updates: 61.495%
INFO:root:-- EPOCH 89 (2.043 seconds):
INFO:root:COST >> 3.331 +/- 0.2097, % updates: 61.549%
INFO:root:-- EPOCH 90 (1.666 seconds):
INFO:root:COST >> 3.3358 +/- 0.21, % updates: 61.524%
INFO:root:-- EPOCH 91 (1.979 seconds):
INFO:root:COST >> 3.3356 +/- 0.2053, % updates: 61.627%
INFO:root:-- EPOCH 92 (2.166 seconds):
INFO:root:COST >> 3.3185 +/- 0.2161, % updates: 61.358%
INFO:root:-- EPOCH 93 (2.182 seconds):
INFO:root:COST >> 3.3448 +/- 0.2044, % updates: 61.605%
INFO:root:-- EPOCH 94 (2.139 seconds):
INFO:root:COST >> 3.3324 +/- 0.2146, % updates: 61.432%
INFO:root:-- EPOCH 95 (1.97 seconds):
INFO:root:COST >> 3.3303 +/- 0.2131, % updates: 61.538%
INFO:root:-- EPOCH 96 (1.813 seconds):
INFO:root:COST >> 3.3331 +/- 0.2071, % updates: 61.469%
INFO:root:-- EPOCH 97 (1.718 seconds):
INFO:root:COST >> 3.3276 +/- 0.2127, % updates: 61.578%
INFO:root:-- EPOCH 98 (1.622 seconds):
INFO:root:COST >> 3.3301 +/- 0.2094, % updates: 61.465%
INFO:root:-- EPOCH 99 (1.649 seconds):
INFO:root:COST >> 3.3322 +/- 0.2081, % updates: 61.439%
INFO:root:-- EPOCH 100 (1.358 seconds):
INFO:root:COST >> 3.3244 +/- 0.2177, % updates: 61.532%
