INFO:root:Shape for training set: (40961, 141442)
INFO:root:State: {'ndim': '20', 'test_all': 'None', 'test_path': 'None', 'nhid': '50', 'lremb': '1.0', 'seed': '8', 'simfn': 'L1', 'valid_path': 'None', 'nbatches': '10', 'lrparam': '1.0', 'decay': '0.99', 'show_hinton_diagrams': 'False', 'no_rescaling': 'True', 'Nrel': '18', 'ranking_score_right': 'False', 'Nent': '40961', 'Nsyn': '40943', 'method': 'ADADELTA', 'loss_margin': '1.0', 'C': '1.0', 'epsilon': '0.001', 'use_db': 'True', 'max_lr': 'None', 'l1_param_weight': 'None', 'filtered': 'False', 'name': 'wn_opt/wn_ADADELTA_78', 'totepochs': '100', 'l2_param_weight': 'None', 'train_path': 'data/wn/WN-train.pkl', 'op': 'TransE'}
INFO:root:Starting the Experiment ..
INFO:root:-- EPOCH 1 (1.611 seconds):
INFO:root:COST >> 2.0517 +/- 0.0744, % updates: 69.17%
INFO:root:-- EPOCH 2 (1.557 seconds):
INFO:root:COST >> 1.8777 +/- 0.0567, % updates: 61.465%
INFO:root:-- EPOCH 3 (1.573 seconds):
INFO:root:COST >> 1.845 +/- 0.0626, % updates: 60.187%
INFO:root:-- EPOCH 4 (1.589 seconds):
INFO:root:COST >> 1.8174 +/- 0.0663, % updates: 60.091%
INFO:root:-- EPOCH 5 (1.872 seconds):
INFO:root:COST >> 1.7988 +/- 0.0617, % updates: 60.631%
INFO:root:-- EPOCH 6 (2.082 seconds):
INFO:root:COST >> 1.7973 +/- 0.0839, % updates: 59.975%
INFO:root:-- EPOCH 7 (2.278 seconds):
INFO:root:COST >> 1.8298 +/- 0.0692, % updates: 59.318%
INFO:root:-- EPOCH 8 (2.262 seconds):
INFO:root:COST >> 1.8017 +/- 0.068, % updates: 59.811%
INFO:root:-- EPOCH 9 (2.034 seconds):
INFO:root:COST >> 1.8151 +/- 0.0764, % updates: 58.937%
INFO:root:-- EPOCH 10 (2.181 seconds):
INFO:root:COST >> 1.8341 +/- 0.0922, % updates: 58.675%
INFO:root:-- EPOCH 11 (2.321 seconds):
INFO:root:COST >> 1.8392 +/- 0.0738, % updates: 58.999%
INFO:root:-- EPOCH 12 (2.29 seconds):
INFO:root:COST >> 1.8415 +/- 0.1014, % updates: 58.859%
INFO:root:-- EPOCH 13 (2.315 seconds):
INFO:root:COST >> 1.8077 +/- 0.0904, % updates: 59.046%
INFO:root:-- EPOCH 14 (1.924 seconds):
INFO:root:COST >> 1.8065 +/- 0.0912, % updates: 59.127%
INFO:root:-- EPOCH 15 (1.976 seconds):
INFO:root:COST >> 1.82 +/- 0.1054, % updates: 58.745%
INFO:root:-- EPOCH 16 (1.607 seconds):
INFO:root:COST >> 1.7962 +/- 0.0841, % updates: 58.51%
INFO:root:-- EPOCH 17 (1.568 seconds):
INFO:root:COST >> 1.795 +/- 0.0806, % updates: 58.949%
INFO:root:-- EPOCH 18 (1.602 seconds):
INFO:root:COST >> 1.8269 +/- 0.0872, % updates: 59.079%
INFO:root:-- EPOCH 19 (1.598 seconds):
INFO:root:COST >> 1.8389 +/- 0.0997, % updates: 59.13%
INFO:root:-- EPOCH 20 (1.581 seconds):
INFO:root:COST >> 1.8553 +/- 0.1029, % updates: 58.995%
INFO:root:-- EPOCH 21 (1.608 seconds):
INFO:root:COST >> 1.8141 +/- 0.1022, % updates: 58.949%
INFO:root:-- EPOCH 22 (1.613 seconds):
INFO:root:COST >> 1.815 +/- 0.0973, % updates: 59.477%
INFO:root:-- EPOCH 23 (1.584 seconds):
INFO:root:COST >> 1.8005 +/- 0.0937, % updates: 59.163%
INFO:root:-- EPOCH 24 (1.553 seconds):
INFO:root:COST >> 1.792 +/- 0.107, % updates: 59.409%
INFO:root:-- EPOCH 25 (1.676 seconds):
INFO:root:COST >> 1.796 +/- 0.0873, % updates: 59.318%
INFO:root:-- EPOCH 26 (1.67 seconds):
INFO:root:COST >> 1.8002 +/- 0.0799, % updates: 59.498%
INFO:root:-- EPOCH 27 (1.572 seconds):
INFO:root:COST >> 1.7554 +/- 0.0788, % updates: 58.787%
INFO:root:-- EPOCH 28 (1.61 seconds):
INFO:root:COST >> 1.7852 +/- 0.094, % updates: 58.624%
INFO:root:-- EPOCH 29 (1.631 seconds):
INFO:root:COST >> 1.7645 +/- 0.0724, % updates: 58.676%
INFO:root:-- EPOCH 30 (1.786 seconds):
INFO:root:COST >> 1.7594 +/- 0.076, % updates: 58.823%
INFO:root:-- EPOCH 31 (1.847 seconds):
INFO:root:COST >> 1.7179 +/- 0.0754, % updates: 59.186%
INFO:root:-- EPOCH 32 (1.581 seconds):
INFO:root:COST >> 1.7358 +/- 0.0901, % updates: 59.264%
INFO:root:-- EPOCH 33 (1.788 seconds):
INFO:root:COST >> 1.7283 +/- 0.0905, % updates: 59.56%
INFO:root:-- EPOCH 34 (1.746 seconds):
INFO:root:COST >> 1.7281 +/- 0.0978, % updates: 59.055%
INFO:root:-- EPOCH 35 (1.581 seconds):
INFO:root:COST >> 1.7441 +/- 0.0688, % updates: 59.244%
INFO:root:-- EPOCH 36 (1.602 seconds):
INFO:root:COST >> 1.7089 +/- 0.0896, % updates: 59.472%
INFO:root:-- EPOCH 37 (1.952 seconds):
INFO:root:COST >> 1.7323 +/- 0.067, % updates: 59.526%
INFO:root:-- EPOCH 38 (2.051 seconds):
INFO:root:COST >> 1.7232 +/- 0.0805, % updates: 59.811%
INFO:root:-- EPOCH 39 (2.057 seconds):
INFO:root:COST >> 1.7146 +/- 0.0605, % updates: 59.605%
INFO:root:-- EPOCH 40 (1.949 seconds):
INFO:root:COST >> 1.7026 +/- 0.0853, % updates: 60.067%
INFO:root:-- EPOCH 41 (2.145 seconds):
INFO:root:COST >> 1.7074 +/- 0.0722, % updates: 59.99%
INFO:root:-- EPOCH 42 (2.156 seconds):
INFO:root:COST >> 1.7145 +/- 0.081, % updates: 59.775%
INFO:root:-- EPOCH 43 (1.841 seconds):
INFO:root:COST >> 1.7113 +/- 0.0868, % updates: 59.837%
INFO:root:-- EPOCH 44 (1.588 seconds):
INFO:root:COST >> 1.7259 +/- 0.0866, % updates: 59.727%
INFO:root:-- EPOCH 45 (1.593 seconds):
INFO:root:COST >> 1.7416 +/- 0.0704, % updates: 59.25%
INFO:root:-- EPOCH 46 (1.58 seconds):
INFO:root:COST >> 1.7528 +/- 0.0867, % updates: 59.357%
INFO:root:-- EPOCH 47 (1.588 seconds):
INFO:root:COST >> 1.742 +/- 0.0729, % updates: 58.926%
INFO:root:-- EPOCH 48 (1.696 seconds):
INFO:root:COST >> 1.7193 +/- 0.0892, % updates: 58.962%
INFO:root:-- EPOCH 49 (1.612 seconds):
INFO:root:COST >> 1.731 +/- 0.0698, % updates: 58.944%
INFO:root:-- EPOCH 50 (1.797 seconds):
INFO:root:COST >> 1.7328 +/- 0.0775, % updates: 59.092%
INFO:root:-- EPOCH 51 (1.94 seconds):
INFO:root:COST >> 1.6986 +/- 0.0593, % updates: 59.198%
INFO:root:-- EPOCH 52 (1.996 seconds):
INFO:root:COST >> 1.6896 +/- 0.0682, % updates: 59.664%
INFO:root:-- EPOCH 53 (2.068 seconds):
INFO:root:COST >> 1.6879 +/- 0.0829, % updates: 60.041%
INFO:root:-- EPOCH 54 (1.963 seconds):
INFO:root:COST >> 1.6629 +/- 0.0528, % updates: 60.364%
INFO:root:-- EPOCH 55 (1.799 seconds):
INFO:root:COST >> 1.6612 +/- 0.0601, % updates: 60.242%
INFO:root:-- EPOCH 56 (2.038 seconds):
INFO:root:COST >> 1.6621 +/- 0.069, % updates: 60.212%
INFO:root:-- EPOCH 57 (2.322 seconds):
INFO:root:COST >> 1.657 +/- 0.0649, % updates: 60.366%
INFO:root:-- EPOCH 58 (2.266 seconds):
INFO:root:COST >> 1.6553 +/- 0.0706, % updates: 60.588%
INFO:root:-- EPOCH 59 (2.29 seconds):
INFO:root:COST >> 1.6642 +/- 0.0667, % updates: 60.256%
INFO:root:-- EPOCH 60 (2.271 seconds):
INFO:root:COST >> 1.663 +/- 0.0811, % updates: 60.061%
INFO:root:-- EPOCH 61 (1.952 seconds):
INFO:root:COST >> 1.6957 +/- 0.0905, % updates: 60.255%
INFO:root:-- EPOCH 62 (2.193 seconds):
INFO:root:COST >> 1.68 +/- 0.0716, % updates: 60.402%
INFO:root:-- EPOCH 63 (2.17 seconds):
INFO:root:COST >> 1.6285 +/- 0.0522, % updates: 60.456%
INFO:root:-- EPOCH 64 (2.098 seconds):
INFO:root:COST >> 1.6359 +/- 0.0837, % updates: 60.292%
INFO:root:-- EPOCH 65 (2.341 seconds):
INFO:root:COST >> 1.6533 +/- 0.0757, % updates: 59.829%
INFO:root:-- EPOCH 66 (2.466 seconds):
INFO:root:COST >> 1.7135 +/- 0.0735, % updates: 59.843%
INFO:root:-- EPOCH 67 (2.524 seconds):
INFO:root:COST >> 1.6971 +/- 0.0642, % updates: 59.738%
INFO:root:-- EPOCH 68 (2.189 seconds):
INFO:root:COST >> 1.6766 +/- 0.069, % updates: 59.653%
INFO:root:-- EPOCH 69 (1.769 seconds):
INFO:root:COST >> 1.6639 +/- 0.0599, % updates: 59.948%
INFO:root:-- EPOCH 70 (1.818 seconds):
INFO:root:COST >> 1.682 +/- 0.0874, % updates: 60.183%
INFO:root:-- EPOCH 71 (2.239 seconds):
INFO:root:COST >> 1.6678 +/- 0.069, % updates: 60.098%
INFO:root:-- EPOCH 72 (2.101 seconds):
INFO:root:COST >> 1.6709 +/- 0.0753, % updates: 59.606%
INFO:root:-- EPOCH 73 (2.301 seconds):
INFO:root:COST >> 1.6892 +/- 0.0655, % updates: 59.858%
INFO:root:-- EPOCH 74 (2.317 seconds):
INFO:root:COST >> 1.6247 +/- 0.06, % updates: 59.791%
INFO:root:-- EPOCH 75 (1.876 seconds):
INFO:root:COST >> 1.6124 +/- 0.0642, % updates: 59.587%
INFO:root:-- EPOCH 76 (1.998 seconds):
INFO:root:COST >> 1.6276 +/- 0.0564, % updates: 59.421%
INFO:root:-- EPOCH 77 (2.066 seconds):
INFO:root:COST >> 1.6339 +/- 0.0855, % updates: 59.723%
INFO:root:-- EPOCH 78 (1.885 seconds):
INFO:root:COST >> 1.6827 +/- 0.0794, % updates: 59.989%
INFO:root:-- EPOCH 79 (1.834 seconds):
INFO:root:COST >> 1.6613 +/- 0.071, % updates: 59.227%
INFO:root:-- EPOCH 80 (1.994 seconds):
INFO:root:COST >> 1.6474 +/- 0.0623, % updates: 59.652%
INFO:root:-- EPOCH 81 (1.978 seconds):
INFO:root:COST >> 1.665 +/- 0.0826, % updates: 60.068%
INFO:root:-- EPOCH 82 (2.142 seconds):
INFO:root:COST >> 1.6126 +/- 0.0454, % updates: 59.719%
INFO:root:-- EPOCH 83 (1.834 seconds):
INFO:root:COST >> 1.6338 +/- 0.0738, % updates: 59.639%
INFO:root:-- EPOCH 84 (2.203 seconds):
INFO:root:COST >> 1.6589 +/- 0.0721, % updates: 60.134%
INFO:root:-- EPOCH 85 (2.318 seconds):
INFO:root:COST >> 1.6416 +/- 0.0581, % updates: 60.053%
INFO:root:-- EPOCH 86 (1.642 seconds):
INFO:root:COST >> 1.698 +/- 0.1005, % updates: 59.957%
INFO:root:-- EPOCH 87 (1.614 seconds):
INFO:root:COST >> 1.6964 +/- 0.0601, % updates: 60.034%
INFO:root:-- EPOCH 88 (1.672 seconds):
INFO:root:COST >> 1.6875 +/- 0.0738, % updates: 59.583%
INFO:root:-- EPOCH 89 (1.72 seconds):
INFO:root:COST >> 1.6444 +/- 0.0483, % updates: 59.805%
INFO:root:-- EPOCH 90 (1.739 seconds):
INFO:root:COST >> 1.6237 +/- 0.0539, % updates: 59.56%
INFO:root:-- EPOCH 91 (1.719 seconds):
INFO:root:COST >> 1.6053 +/- 0.0601, % updates: 59.757%
INFO:root:-- EPOCH 92 (1.693 seconds):
INFO:root:COST >> 1.6533 +/- 0.1052, % updates: 60.041%
INFO:root:-- EPOCH 93 (1.811 seconds):
INFO:root:COST >> 1.6408 +/- 0.0637, % updates: 59.911%
INFO:root:-- EPOCH 94 (1.707 seconds):
INFO:root:COST >> 1.6596 +/- 0.0839, % updates: 59.707%
INFO:root:-- EPOCH 95 (1.78 seconds):
INFO:root:COST >> 1.6714 +/- 0.0562, % updates: 59.33%
INFO:root:-- EPOCH 96 (2.267 seconds):
INFO:root:COST >> 1.6063 +/- 0.0586, % updates: 60.004%
INFO:root:-- EPOCH 97 (1.817 seconds):
INFO:root:COST >> 1.59 +/- 0.0745, % updates: 60.044%
INFO:root:-- EPOCH 98 (1.681 seconds):
INFO:root:COST >> 1.6465 +/- 0.0595, % updates: 59.92%
INFO:root:-- EPOCH 99 (1.522 seconds):
INFO:root:COST >> 1.6597 +/- 0.0515, % updates: 60.312%
INFO:root:-- EPOCH 100 (1.817 seconds):
INFO:root:COST >> 1.6595 +/- 0.0763, % updates: 60.01%
