INFO:root:Shape for training set: (40961, 141442)
INFO:root:State: {'ndim': '20', 'test_all': 'None', 'test_path': 'None', 'nhid': '50', 'lremb': '0.001', 'seed': '2', 'simfn': 'L1', 'valid_path': 'None', 'nbatches': '10', 'lrparam': '0.001', 'decay': '0.999', 'show_hinton_diagrams': 'False', 'no_rescaling': 'True', 'Nrel': '18', 'ranking_score_right': 'False', 'Nent': '40961', 'Nsyn': '40943', 'method': 'ADAGRAD', 'loss_margin': '1.0', 'C': '1.0', 'epsilon': '1e-06', 'use_db': 'True', 'max_lr': 'None', 'l1_param_weight': 'None', 'filtered': 'False', 'name': 'wn_opt/wn_ADAGRAD_32', 'totepochs': '100', 'l2_param_weight': 'None', 'train_path': 'data/wn/WN-train.pkl', 'op': 'TransE'}
INFO:root:Starting the Experiment ..
INFO:root:-- EPOCH 1 (1.498 seconds):
INFO:root:COST >> 2.2117 +/- 0.0121, % updates: 81.627%
INFO:root:-- EPOCH 2 (1.537 seconds):
INFO:root:COST >> 2.1886 +/- 0.0084, % updates: 81.275%
INFO:root:-- EPOCH 3 (1.502 seconds):
INFO:root:COST >> 2.1723 +/- 0.0095, % updates: 81.027%
INFO:root:-- EPOCH 4 (1.503 seconds):
INFO:root:COST >> 2.1713 +/- 0.0185, % updates: 80.939%
INFO:root:-- EPOCH 5 (1.486 seconds):
INFO:root:COST >> 2.1598 +/- 0.0166, % updates: 80.814%
INFO:root:-- EPOCH 6 (1.509 seconds):
INFO:root:COST >> 2.1498 +/- 0.0142, % updates: 80.848%
INFO:root:-- EPOCH 7 (1.49 seconds):
INFO:root:COST >> 2.1401 +/- 0.0096, % updates: 80.646%
INFO:root:-- EPOCH 8 (1.492 seconds):
INFO:root:COST >> 2.1375 +/- 0.0133, % updates: 80.616%
INFO:root:-- EPOCH 9 (1.623 seconds):
INFO:root:COST >> 2.1331 +/- 0.013, % updates: 80.608%
INFO:root:-- EPOCH 10 (1.503 seconds):
INFO:root:COST >> 2.1238 +/- 0.0088, % updates: 80.487%
INFO:root:-- EPOCH 11 (1.495 seconds):
INFO:root:COST >> 2.1194 +/- 0.0123, % updates: 80.337%
INFO:root:-- EPOCH 12 (1.53 seconds):
INFO:root:COST >> 2.1185 +/- 0.0133, % updates: 80.357%
INFO:root:-- EPOCH 13 (1.499 seconds):
INFO:root:COST >> 2.1121 +/- 0.0128, % updates: 80.191%
INFO:root:-- EPOCH 14 (1.512 seconds):
INFO:root:COST >> 2.1079 +/- 0.011, % updates: 80.148%
INFO:root:-- EPOCH 15 (1.508 seconds):
INFO:root:COST >> 2.0997 +/- 0.0149, % updates: 80.06%
INFO:root:-- EPOCH 16 (1.494 seconds):
INFO:root:COST >> 2.0992 +/- 0.0072, % updates: 80.112%
INFO:root:-- EPOCH 17 (1.499 seconds):
INFO:root:COST >> 2.0941 +/- 0.0141, % updates: 80.111%
INFO:root:-- EPOCH 18 (1.518 seconds):
INFO:root:COST >> 2.0886 +/- 0.0112, % updates: 80.037%
INFO:root:-- EPOCH 19 (1.502 seconds):
INFO:root:COST >> 2.0891 +/- 0.0112, % updates: 79.92%
INFO:root:-- EPOCH 20 (1.51 seconds):
INFO:root:COST >> 2.0829 +/- 0.0089, % updates: 80.008%
INFO:root:-- EPOCH 21 (1.764 seconds):
INFO:root:COST >> 2.0797 +/- 0.0097, % updates: 79.894%
INFO:root:-- EPOCH 22 (1.629 seconds):
INFO:root:COST >> 2.074 +/- 0.0082, % updates: 79.856%
INFO:root:-- EPOCH 23 (1.647 seconds):
INFO:root:COST >> 2.071 +/- 0.0133, % updates: 79.703%
INFO:root:-- EPOCH 24 (1.733 seconds):
INFO:root:COST >> 2.0681 +/- 0.0144, % updates: 79.699%
INFO:root:-- EPOCH 25 (1.814 seconds):
INFO:root:COST >> 2.0651 +/- 0.0125, % updates: 79.593%
INFO:root:-- EPOCH 26 (1.78 seconds):
INFO:root:COST >> 2.0655 +/- 0.0108, % updates: 79.643%
INFO:root:-- EPOCH 27 (1.967 seconds):
INFO:root:COST >> 2.0626 +/- 0.0078, % updates: 79.557%
INFO:root:-- EPOCH 28 (1.782 seconds):
INFO:root:COST >> 2.0604 +/- 0.008, % updates: 79.568%
INFO:root:-- EPOCH 29 (1.75 seconds):
INFO:root:COST >> 2.0541 +/- 0.0092, % updates: 79.457%
INFO:root:-- EPOCH 30 (1.783 seconds):
INFO:root:COST >> 2.0488 +/- 0.0143, % updates: 79.497%
INFO:root:-- EPOCH 31 (2.13 seconds):
INFO:root:COST >> 2.0506 +/- 0.0063, % updates: 79.332%
INFO:root:-- EPOCH 32 (2.3 seconds):
INFO:root:COST >> 2.0466 +/- 0.0188, % updates: 79.369%
INFO:root:-- EPOCH 33 (1.751 seconds):
INFO:root:COST >> 2.0441 +/- 0.0103, % updates: 79.285%
INFO:root:-- EPOCH 34 (1.556 seconds):
INFO:root:COST >> 2.0391 +/- 0.0078, % updates: 79.332%
INFO:root:-- EPOCH 35 (1.779 seconds):
INFO:root:COST >> 2.0338 +/- 0.012, % updates: 79.292%
INFO:root:-- EPOCH 36 (2.313 seconds):
INFO:root:COST >> 2.0361 +/- 0.0164, % updates: 79.206%
INFO:root:-- EPOCH 37 (2.3 seconds):
INFO:root:COST >> 2.0303 +/- 0.0107, % updates: 79.214%
INFO:root:-- EPOCH 38 (1.783 seconds):
INFO:root:COST >> 2.0317 +/- 0.0163, % updates: 79.151%
INFO:root:-- EPOCH 39 (1.7 seconds):
INFO:root:COST >> 2.0291 +/- 0.0121, % updates: 79.122%
INFO:root:-- EPOCH 40 (1.779 seconds):
INFO:root:COST >> 2.0271 +/- 0.0139, % updates: 79.146%
INFO:root:-- EPOCH 41 (1.796 seconds):
INFO:root:COST >> 2.0248 +/- 0.0138, % updates: 79.088%
INFO:root:-- EPOCH 42 (1.681 seconds):
INFO:root:COST >> 2.0194 +/- 0.0088, % updates: 78.998%
INFO:root:-- EPOCH 43 (1.78 seconds):
INFO:root:COST >> 2.0125 +/- 0.0069, % updates: 78.952%
INFO:root:-- EPOCH 44 (1.823 seconds):
INFO:root:COST >> 2.0121 +/- 0.0084, % updates: 78.89%
INFO:root:-- EPOCH 45 (1.649 seconds):
INFO:root:COST >> 2.0124 +/- 0.0161, % updates: 78.92%
INFO:root:-- EPOCH 46 (1.648 seconds):
INFO:root:COST >> 2.0108 +/- 0.0102, % updates: 78.901%
INFO:root:-- EPOCH 47 (1.53 seconds):
INFO:root:COST >> 2.0093 +/- 0.0137, % updates: 78.882%
INFO:root:-- EPOCH 48 (1.571 seconds):
INFO:root:COST >> 2.0094 +/- 0.0105, % updates: 78.878%
INFO:root:-- EPOCH 49 (1.74 seconds):
INFO:root:COST >> 1.9971 +/- 0.0104, % updates: 78.771%
INFO:root:-- EPOCH 50 (1.846 seconds):
INFO:root:COST >> 2.0039 +/- 0.0136, % updates: 78.827%
INFO:root:-- EPOCH 51 (1.615 seconds):
INFO:root:COST >> 2.0013 +/- 0.0122, % updates: 78.809%
INFO:root:-- EPOCH 52 (1.578 seconds):
INFO:root:COST >> 1.9941 +/- 0.0093, % updates: 78.634%
INFO:root:-- EPOCH 53 (1.587 seconds):
INFO:root:COST >> 1.994 +/- 0.0121, % updates: 78.661%
INFO:root:-- EPOCH 54 (1.533 seconds):
INFO:root:COST >> 1.9926 +/- 0.0086, % updates: 78.684%
INFO:root:-- EPOCH 55 (1.547 seconds):
INFO:root:COST >> 1.9876 +/- 0.0147, % updates: 78.463%
INFO:root:-- EPOCH 56 (1.533 seconds):
INFO:root:COST >> 1.9894 +/- 0.0114, % updates: 78.595%
INFO:root:-- EPOCH 57 (1.509 seconds):
INFO:root:COST >> 1.9878 +/- 0.0063, % updates: 78.622%
INFO:root:-- EPOCH 58 (1.597 seconds):
INFO:root:COST >> 1.9857 +/- 0.0172, % updates: 78.498%
INFO:root:-- EPOCH 59 (1.559 seconds):
INFO:root:COST >> 1.9845 +/- 0.0122, % updates: 78.427%
INFO:root:-- EPOCH 60 (1.576 seconds):
INFO:root:COST >> 1.9768 +/- 0.0106, % updates: 78.434%
INFO:root:-- EPOCH 61 (1.517 seconds):
INFO:root:COST >> 1.9807 +/- 0.0141, % updates: 78.425%
INFO:root:-- EPOCH 62 (1.519 seconds):
INFO:root:COST >> 1.9802 +/- 0.0127, % updates: 78.567%
INFO:root:-- EPOCH 63 (1.532 seconds):
INFO:root:COST >> 1.9776 +/- 0.0127, % updates: 78.435%
INFO:root:-- EPOCH 64 (1.548 seconds):
INFO:root:COST >> 1.9699 +/- 0.0119, % updates: 78.259%
INFO:root:-- EPOCH 65 (1.645 seconds):
INFO:root:COST >> 1.9724 +/- 0.0107, % updates: 78.336%
INFO:root:-- EPOCH 66 (1.932 seconds):
INFO:root:COST >> 1.9692 +/- 0.014, % updates: 78.209%
INFO:root:-- EPOCH 67 (1.917 seconds):
INFO:root:COST >> 1.9684 +/- 0.0145, % updates: 78.178%
INFO:root:-- EPOCH 68 (1.909 seconds):
INFO:root:COST >> 1.9683 +/- 0.0149, % updates: 78.309%
INFO:root:-- EPOCH 69 (1.911 seconds):
INFO:root:COST >> 1.9636 +/- 0.0118, % updates: 78.229%
INFO:root:-- EPOCH 70 (1.882 seconds):
INFO:root:COST >> 1.9576 +/- 0.0103, % updates: 78.082%
INFO:root:-- EPOCH 71 (1.542 seconds):
INFO:root:COST >> 1.9633 +/- 0.0113, % updates: 78.266%
INFO:root:-- EPOCH 72 (1.631 seconds):
INFO:root:COST >> 1.9585 +/- 0.011, % updates: 78.048%
INFO:root:-- EPOCH 73 (1.594 seconds):
INFO:root:COST >> 1.9549 +/- 0.0089, % updates: 78.049%
INFO:root:-- EPOCH 74 (1.763 seconds):
INFO:root:COST >> 1.9561 +/- 0.0109, % updates: 78.134%
INFO:root:-- EPOCH 75 (1.817 seconds):
INFO:root:COST >> 1.9546 +/- 0.0105, % updates: 78.025%
INFO:root:-- EPOCH 76 (1.535 seconds):
INFO:root:COST >> 1.9449 +/- 0.0147, % updates: 77.853%
INFO:root:-- EPOCH 77 (1.609 seconds):
INFO:root:COST >> 1.95 +/- 0.01, % updates: 78.004%
INFO:root:-- EPOCH 78 (1.722 seconds):
INFO:root:COST >> 1.947 +/- 0.0157, % updates: 77.906%
INFO:root:-- EPOCH 79 (1.498 seconds):
INFO:root:COST >> 1.944 +/- 0.0081, % updates: 77.875%
INFO:root:-- EPOCH 80 (1.497 seconds):
INFO:root:COST >> 1.944 +/- 0.0103, % updates: 77.852%
INFO:root:-- EPOCH 81 (1.58 seconds):
INFO:root:COST >> 1.9389 +/- 0.0149, % updates: 77.818%
INFO:root:-- EPOCH 82 (1.556 seconds):
INFO:root:COST >> 1.9399 +/- 0.0154, % updates: 77.781%
INFO:root:-- EPOCH 83 (1.573 seconds):
INFO:root:COST >> 1.9363 +/- 0.0109, % updates: 77.659%
INFO:root:-- EPOCH 84 (1.816 seconds):
INFO:root:COST >> 1.9393 +/- 0.0113, % updates: 77.831%
INFO:root:-- EPOCH 85 (1.711 seconds):
INFO:root:COST >> 1.9361 +/- 0.0095, % updates: 77.876%
INFO:root:-- EPOCH 86 (1.565 seconds):
INFO:root:COST >> 1.9323 +/- 0.0106, % updates: 77.59%
INFO:root:-- EPOCH 87 (1.611 seconds):
INFO:root:COST >> 1.9228 +/- 0.0092, % updates: 77.661%
INFO:root:-- EPOCH 88 (1.778 seconds):
INFO:root:COST >> 1.9272 +/- 0.0112, % updates: 77.501%
INFO:root:-- EPOCH 89 (1.728 seconds):
INFO:root:COST >> 1.9284 +/- 0.0106, % updates: 77.678%
INFO:root:-- EPOCH 90 (1.621 seconds):
INFO:root:COST >> 1.929 +/- 0.0105, % updates: 77.599%
INFO:root:-- EPOCH 91 (1.622 seconds):
INFO:root:COST >> 1.925 +/- 0.0115, % updates: 77.672%
INFO:root:-- EPOCH 92 (1.714 seconds):
INFO:root:COST >> 1.9196 +/- 0.0107, % updates: 77.398%
INFO:root:-- EPOCH 93 (1.702 seconds):
INFO:root:COST >> 1.9206 +/- 0.0081, % updates: 77.564%
INFO:root:-- EPOCH 94 (1.526 seconds):
INFO:root:COST >> 1.9198 +/- 0.0078, % updates: 77.642%
INFO:root:-- EPOCH 95 (2.088 seconds):
INFO:root:COST >> 1.9181 +/- 0.0073, % updates: 77.471%
INFO:root:-- EPOCH 96 (2.128 seconds):
INFO:root:COST >> 1.9205 +/- 0.012, % updates: 77.592%
INFO:root:-- EPOCH 97 (1.747 seconds):
INFO:root:COST >> 1.9165 +/- 0.0102, % updates: 77.478%
INFO:root:-- EPOCH 98 (1.923 seconds):
INFO:root:COST >> 1.9104 +/- 0.0097, % updates: 77.391%
INFO:root:-- EPOCH 99 (2.035 seconds):
INFO:root:COST >> 1.9145 +/- 0.0097, % updates: 77.423%
INFO:root:-- EPOCH 100 (2.093 seconds):
INFO:root:COST >> 1.9106 +/- 0.0054, % updates: 77.371%
