INFO:root:Shape for training set: (40961, 141442)
INFO:root:State: {'ndim': '20', 'test_all': 'None', 'test_path': 'None', 'nhid': '50', 'lremb': '1.0', 'seed': '7', 'simfn': 'L1', 'valid_path': 'None', 'nbatches': '10', 'lrparam': '1.0', 'decay': '0.5', 'show_hinton_diagrams': 'False', 'no_rescaling': 'True', 'Nrel': '18', 'ranking_score_right': 'False', 'Nent': '40961', 'Nsyn': '40943', 'method': 'ADADELTA', 'loss_margin': '1.0', 'C': '1.0', 'epsilon': '0.001', 'use_db': 'True', 'max_lr': 'None', 'l1_param_weight': 'None', 'filtered': 'False', 'name': 'wn_opt/wn_ADADELTA_97', 'totepochs': '100', 'l2_param_weight': 'None', 'train_path': 'data/wn/WN-train.pkl', 'op': 'TransE'}
INFO:root:Starting the Experiment ..
INFO:root:-- EPOCH 1 (1.591 seconds):
INFO:root:COST >> 1.7948 +/- 0.2997, % updates: 73.817%
INFO:root:-- EPOCH 2 (1.545 seconds):
INFO:root:COST >> 0.7612 +/- 0.0668, % updates: 46.135%
INFO:root:-- EPOCH 3 (1.548 seconds):
INFO:root:COST >> 0.4173 +/- 0.0109, % updates: 31.681%
INFO:root:-- EPOCH 4 (1.566 seconds):
INFO:root:COST >> 0.2717 +/- 0.0059, % updates: 23.715%
INFO:root:-- EPOCH 5 (1.557 seconds):
INFO:root:COST >> 0.2024 +/- 0.0067, % updates: 19.219%
INFO:root:-- EPOCH 6 (1.552 seconds):
INFO:root:COST >> 0.1577 +/- 0.0064, % updates: 15.889%
INFO:root:-- EPOCH 7 (1.532 seconds):
INFO:root:COST >> 0.1312 +/- 0.0056, % updates: 13.873%
INFO:root:-- EPOCH 8 (1.534 seconds):
INFO:root:COST >> 0.1109 +/- 0.0068, % updates: 12.173%
INFO:root:-- EPOCH 9 (1.53 seconds):
INFO:root:COST >> 0.0923 +/- 0.004, % updates: 10.607%
INFO:root:-- EPOCH 10 (1.506 seconds):
INFO:root:COST >> 0.0815 +/- 0.0045, % updates: 9.599%
INFO:root:-- EPOCH 11 (1.527 seconds):
INFO:root:COST >> 0.0737 +/- 0.0038, % updates: 8.783%
INFO:root:-- EPOCH 12 (1.568 seconds):
INFO:root:COST >> 0.0665 +/- 0.0028, % updates: 8.202%
INFO:root:-- EPOCH 13 (1.55 seconds):
INFO:root:COST >> 0.0587 +/- 0.0034, % updates: 7.375%
INFO:root:-- EPOCH 14 (1.488 seconds):
INFO:root:COST >> 0.0559 +/- 0.0033, % updates: 7.026%
INFO:root:-- EPOCH 15 (1.541 seconds):
INFO:root:COST >> 0.0537 +/- 0.003, % updates: 6.791%
INFO:root:-- EPOCH 16 (1.555 seconds):
INFO:root:COST >> 0.0498 +/- 0.0025, % updates: 6.402%
INFO:root:-- EPOCH 17 (1.57 seconds):
INFO:root:COST >> 0.0457 +/- 0.0022, % updates: 5.896%
INFO:root:-- EPOCH 18 (1.537 seconds):
INFO:root:COST >> 0.0427 +/- 0.0027, % updates: 5.608%
INFO:root:-- EPOCH 19 (1.538 seconds):
INFO:root:COST >> 0.0396 +/- 0.0022, % updates: 5.301%
INFO:root:-- EPOCH 20 (1.549 seconds):
INFO:root:COST >> 0.0377 +/- 0.0017, % updates: 5.097%
INFO:root:-- EPOCH 21 (1.555 seconds):
INFO:root:COST >> 0.0364 +/- 0.002, % updates: 4.95%
INFO:root:-- EPOCH 22 (1.533 seconds):
INFO:root:COST >> 0.0347 +/- 0.002, % updates: 4.754%
INFO:root:-- EPOCH 23 (1.512 seconds):
INFO:root:COST >> 0.0335 +/- 0.0024, % updates: 4.58%
INFO:root:-- EPOCH 24 (1.538 seconds):
INFO:root:COST >> 0.0319 +/- 0.0024, % updates: 4.437%
INFO:root:-- EPOCH 25 (1.563 seconds):
INFO:root:COST >> 0.0308 +/- 0.0019, % updates: 4.258%
INFO:root:-- EPOCH 26 (1.523 seconds):
INFO:root:COST >> 0.0296 +/- 0.0024, % updates: 4.085%
INFO:root:-- EPOCH 27 (1.526 seconds):
INFO:root:COST >> 0.0297 +/- 0.0012, % updates: 4.142%
INFO:root:-- EPOCH 28 (1.563 seconds):
INFO:root:COST >> 0.0286 +/- 0.0012, % updates: 3.982%
INFO:root:-- EPOCH 29 (1.514 seconds):
INFO:root:COST >> 0.0271 +/- 0.0018, % updates: 3.751%
INFO:root:-- EPOCH 30 (1.558 seconds):
INFO:root:COST >> 0.0264 +/- 0.0013, % updates: 3.755%
INFO:root:-- EPOCH 31 (1.543 seconds):
INFO:root:COST >> 0.0268 +/- 0.0018, % updates: 3.764%
INFO:root:-- EPOCH 32 (1.523 seconds):
INFO:root:COST >> 0.0252 +/- 0.0013, % updates: 3.673%
INFO:root:-- EPOCH 33 (1.532 seconds):
INFO:root:COST >> 0.0244 +/- 0.0012, % updates: 3.468%
INFO:root:-- EPOCH 34 (1.536 seconds):
INFO:root:COST >> 0.0244 +/- 0.0017, % updates: 3.526%
INFO:root:-- EPOCH 35 (1.563 seconds):
INFO:root:COST >> 0.0239 +/- 0.0013, % updates: 3.41%
INFO:root:-- EPOCH 36 (1.551 seconds):
INFO:root:COST >> 0.0232 +/- 0.0016, % updates: 3.378%
INFO:root:-- EPOCH 37 (1.55 seconds):
INFO:root:COST >> 0.0227 +/- 0.0013, % updates: 3.276%
INFO:root:-- EPOCH 38 (1.592 seconds):
INFO:root:COST >> 0.0207 +/- 0.001, % updates: 3.047%
INFO:root:-- EPOCH 39 (1.545 seconds):
INFO:root:COST >> 0.0212 +/- 0.0015, % updates: 3.104%
INFO:root:-- EPOCH 40 (1.56 seconds):
INFO:root:COST >> 0.021 +/- 0.0013, % updates: 3.065%
INFO:root:-- EPOCH 41 (1.579 seconds):
INFO:root:COST >> 0.0209 +/- 0.0012, % updates: 3.018%
INFO:root:-- EPOCH 42 (1.542 seconds):
INFO:root:COST >> 0.0206 +/- 0.0009, % updates: 2.969%
INFO:root:-- EPOCH 43 (1.54 seconds):
INFO:root:COST >> 0.02 +/- 0.0013, % updates: 2.907%
INFO:root:-- EPOCH 44 (1.501 seconds):
INFO:root:COST >> 0.0194 +/- 0.0012, % updates: 2.857%
INFO:root:-- EPOCH 45 (1.53 seconds):
INFO:root:COST >> 0.0187 +/- 0.0008, % updates: 2.771%
INFO:root:-- EPOCH 46 (1.53 seconds):
INFO:root:COST >> 0.0184 +/- 0.001, % updates: 2.705%
INFO:root:-- EPOCH 47 (1.516 seconds):
INFO:root:COST >> 0.0186 +/- 0.0012, % updates: 2.731%
INFO:root:-- EPOCH 48 (1.541 seconds):
INFO:root:COST >> 0.0188 +/- 0.0013, % updates: 2.715%
INFO:root:-- EPOCH 49 (1.525 seconds):
INFO:root:COST >> 0.0182 +/- 0.001, % updates: 2.684%
INFO:root:-- EPOCH 50 (1.556 seconds):
INFO:root:COST >> 0.0184 +/- 0.0007, % updates: 2.645%
INFO:root:-- EPOCH 51 (1.559 seconds):
INFO:root:COST >> 0.0184 +/- 0.001, % updates: 2.665%
INFO:root:-- EPOCH 52 (1.539 seconds):
INFO:root:COST >> 0.0178 +/- 0.0012, % updates: 2.609%
INFO:root:-- EPOCH 53 (1.557 seconds):
INFO:root:COST >> 0.0174 +/- 0.0011, % updates: 2.533%
INFO:root:-- EPOCH 54 (1.528 seconds):
INFO:root:COST >> 0.0173 +/- 0.0011, % updates: 2.54%
INFO:root:-- EPOCH 55 (1.515 seconds):
INFO:root:COST >> 0.0178 +/- 0.0008, % updates: 2.574%
INFO:root:-- EPOCH 56 (1.558 seconds):
INFO:root:COST >> 0.0169 +/- 0.0011, % updates: 2.494%
INFO:root:-- EPOCH 57 (1.573 seconds):
INFO:root:COST >> 0.0163 +/- 0.001, % updates: 2.439%
INFO:root:-- EPOCH 58 (1.532 seconds):
INFO:root:COST >> 0.0167 +/- 0.0006, % updates: 2.456%
INFO:root:-- EPOCH 59 (1.547 seconds):
INFO:root:COST >> 0.0163 +/- 0.0008, % updates: 2.436%
INFO:root:-- EPOCH 60 (1.562 seconds):
INFO:root:COST >> 0.0162 +/- 0.0009, % updates: 2.38%
INFO:root:-- EPOCH 61 (1.605 seconds):
INFO:root:COST >> 0.016 +/- 0.0013, % updates: 2.331%
INFO:root:-- EPOCH 62 (1.569 seconds):
INFO:root:COST >> 0.0158 +/- 0.0009, % updates: 2.347%
INFO:root:-- EPOCH 63 (1.55 seconds):
INFO:root:COST >> 0.0155 +/- 0.0009, % updates: 2.327%
INFO:root:-- EPOCH 64 (1.561 seconds):
INFO:root:COST >> 0.015 +/- 0.0012, % updates: 2.242%
INFO:root:-- EPOCH 65 (1.505 seconds):
INFO:root:COST >> 0.0153 +/- 0.0006, % updates: 2.219%
INFO:root:-- EPOCH 66 (1.526 seconds):
INFO:root:COST >> 0.0146 +/- 0.0004, % updates: 2.236%
INFO:root:-- EPOCH 67 (1.518 seconds):
INFO:root:COST >> 0.0151 +/- 0.0008, % updates: 2.255%
INFO:root:-- EPOCH 68 (1.525 seconds):
INFO:root:COST >> 0.015 +/- 0.0014, % updates: 2.253%
INFO:root:-- EPOCH 69 (1.534 seconds):
INFO:root:COST >> 0.0149 +/- 0.0011, % updates: 2.197%
INFO:root:-- EPOCH 70 (1.503 seconds):
INFO:root:COST >> 0.0143 +/- 0.0011, % updates: 2.142%
INFO:root:-- EPOCH 71 (1.565 seconds):
INFO:root:COST >> 0.0141 +/- 0.0009, % updates: 2.144%
INFO:root:-- EPOCH 72 (1.543 seconds):
INFO:root:COST >> 0.0144 +/- 0.0009, % updates: 2.113%
INFO:root:-- EPOCH 73 (1.574 seconds):
INFO:root:COST >> 0.0141 +/- 0.0009, % updates: 2.092%
INFO:root:-- EPOCH 74 (1.595 seconds):
INFO:root:COST >> 0.0144 +/- 0.0008, % updates: 2.104%
INFO:root:-- EPOCH 75 (1.558 seconds):
INFO:root:COST >> 0.014 +/- 0.001, % updates: 2.116%
INFO:root:-- EPOCH 76 (1.528 seconds):
INFO:root:COST >> 0.0136 +/- 0.0008, % updates: 2.045%
INFO:root:-- EPOCH 77 (1.542 seconds):
INFO:root:COST >> 0.0136 +/- 0.0009, % updates: 2.071%
INFO:root:-- EPOCH 78 (1.55 seconds):
INFO:root:COST >> 0.0135 +/- 0.0008, % updates: 2.008%
INFO:root:-- EPOCH 79 (1.575 seconds):
INFO:root:COST >> 0.0143 +/- 0.001, % updates: 2.111%
INFO:root:-- EPOCH 80 (1.527 seconds):
INFO:root:COST >> 0.0133 +/- 0.001, % updates: 2.014%
INFO:root:-- EPOCH 81 (1.548 seconds):
INFO:root:COST >> 0.0132 +/- 0.0006, % updates: 1.967%
INFO:root:-- EPOCH 82 (1.51 seconds):
INFO:root:COST >> 0.0132 +/- 0.0011, % updates: 1.986%
INFO:root:-- EPOCH 83 (1.524 seconds):
INFO:root:COST >> 0.0132 +/- 0.0011, % updates: 1.976%
INFO:root:-- EPOCH 84 (1.534 seconds):
INFO:root:COST >> 0.0126 +/- 0.0007, % updates: 1.915%
INFO:root:-- EPOCH 85 (1.561 seconds):
INFO:root:COST >> 0.0136 +/- 0.0008, % updates: 2.042%
INFO:root:-- EPOCH 86 (1.559 seconds):
INFO:root:COST >> 0.0127 +/- 0.001, % updates: 1.928%
INFO:root:-- EPOCH 87 (1.556 seconds):
INFO:root:COST >> 0.0128 +/- 0.0004, % updates: 1.947%
INFO:root:-- EPOCH 88 (1.523 seconds):
INFO:root:COST >> 0.0136 +/- 0.0011, % updates: 2.029%
INFO:root:-- EPOCH 89 (1.511 seconds):
INFO:root:COST >> 0.0126 +/- 0.0012, % updates: 1.885%
INFO:root:-- EPOCH 90 (1.527 seconds):
INFO:root:COST >> 0.013 +/- 0.0005, % updates: 1.934%
INFO:root:-- EPOCH 91 (1.531 seconds):
INFO:root:COST >> 0.0125 +/- 0.0003, % updates: 1.905%
INFO:root:-- EPOCH 92 (1.559 seconds):
INFO:root:COST >> 0.0124 +/- 0.001, % updates: 1.883%
INFO:root:-- EPOCH 93 (1.548 seconds):
INFO:root:COST >> 0.013 +/- 0.0011, % updates: 1.924%
INFO:root:-- EPOCH 94 (1.544 seconds):
INFO:root:COST >> 0.0128 +/- 0.0008, % updates: 1.914%
INFO:root:-- EPOCH 95 (1.551 seconds):
INFO:root:COST >> 0.0132 +/- 0.0009, % updates: 1.953%
INFO:root:-- EPOCH 96 (1.557 seconds):
INFO:root:COST >> 0.0129 +/- 0.0007, % updates: 1.866%
INFO:root:-- EPOCH 97 (1.562 seconds):
INFO:root:COST >> 0.0123 +/- 0.0007, % updates: 1.838%
INFO:root:-- EPOCH 98 (1.546 seconds):
INFO:root:COST >> 0.0123 +/- 0.001, % updates: 1.835%
INFO:root:-- EPOCH 99 (1.58 seconds):
INFO:root:COST >> 0.0124 +/- 0.001, % updates: 1.845%
INFO:root:-- EPOCH 100 (1.526 seconds):
INFO:root:COST >> 0.0121 +/- 0.0013, % updates: 1.829%
