INFO:root:Shape for training set: (40961, 141442)
INFO:root:State: {'ndim': '20', 'test_all': 'None', 'test_path': 'None', 'nhid': '50', 'lremb': '1.0', 'seed': '1', 'simfn': 'L1', 'valid_path': 'None', 'nbatches': '10', 'lrparam': '1.0', 'decay': '0.9', 'show_hinton_diagrams': 'False', 'no_rescaling': 'True', 'Nrel': '18', 'ranking_score_right': 'False', 'Nent': '40961', 'Nsyn': '40943', 'method': 'ADADELTA', 'loss_margin': '1.0', 'C': '1.0', 'epsilon': '0.001', 'use_db': 'True', 'max_lr': 'None', 'l1_param_weight': 'None', 'filtered': 'False', 'name': 'wn_opt/wn_ADADELTA_81', 'totepochs': '100', 'l2_param_weight': 'None', 'train_path': 'data/wn/WN-train.pkl', 'op': 'TransE'}
INFO:root:Starting the Experiment ..
INFO:root:-- EPOCH 1 (1.697 seconds):
INFO:root:COST >> 1.6046 +/- 0.3554, % updates: 68.045%
INFO:root:-- EPOCH 2 (1.624 seconds):
INFO:root:COST >> 0.6878 +/- 0.0398, % updates: 41.932%
INFO:root:-- EPOCH 3 (1.666 seconds):
INFO:root:COST >> 0.4397 +/- 0.0187, % updates: 31.39%
INFO:root:-- EPOCH 4 (1.686 seconds):
INFO:root:COST >> 0.3289 +/- 0.0145, % updates: 25.88%
INFO:root:-- EPOCH 5 (1.711 seconds):
INFO:root:COST >> 0.2216 +/- 0.0081, % updates: 19.585%
INFO:root:-- EPOCH 6 (2.218 seconds):
INFO:root:COST >> 0.1578 +/- 0.0076, % updates: 15.243%
INFO:root:-- EPOCH 7 (2.402 seconds):
INFO:root:COST >> 0.1273 +/- 0.008, % updates: 12.975%
INFO:root:-- EPOCH 8 (1.638 seconds):
INFO:root:COST >> 0.116 +/- 0.0108, % updates: 12.06%
INFO:root:-- EPOCH 9 (1.807 seconds):
INFO:root:COST >> 0.1092 +/- 0.0074, % updates: 11.541%
INFO:root:-- EPOCH 10 (2.174 seconds):
INFO:root:COST >> 0.1051 +/- 0.0083, % updates: 11.145%
INFO:root:-- EPOCH 11 (2.087 seconds):
INFO:root:COST >> 0.1009 +/- 0.0098, % updates: 10.831%
INFO:root:-- EPOCH 12 (1.614 seconds):
INFO:root:COST >> 0.0982 +/- 0.009, % updates: 10.474%
INFO:root:-- EPOCH 13 (1.605 seconds):
INFO:root:COST >> 0.0954 +/- 0.01, % updates: 10.256%
INFO:root:-- EPOCH 14 (1.604 seconds):
INFO:root:COST >> 0.0939 +/- 0.009, % updates: 10.183%
INFO:root:-- EPOCH 15 (1.787 seconds):
INFO:root:COST >> 0.0962 +/- 0.0099, % updates: 10.39%
INFO:root:-- EPOCH 16 (2.128 seconds):
INFO:root:COST >> 0.1015 +/- 0.0085, % updates: 10.76%
INFO:root:-- EPOCH 17 (2.218 seconds):
INFO:root:COST >> 0.099 +/- 0.0057, % updates: 10.477%
INFO:root:-- EPOCH 18 (2.24 seconds):
INFO:root:COST >> 0.0903 +/- 0.0049, % updates: 9.825%
INFO:root:-- EPOCH 19 (2.09 seconds):
INFO:root:COST >> 0.0836 +/- 0.0063, % updates: 9.146%
INFO:root:-- EPOCH 20 (2.17 seconds):
INFO:root:COST >> 0.0826 +/- 0.0052, % updates: 9.145%
INFO:root:-- EPOCH 21 (2.03 seconds):
INFO:root:COST >> 0.0851 +/- 0.0084, % updates: 9.315%
INFO:root:-- EPOCH 22 (2.03 seconds):
INFO:root:COST >> 0.0823 +/- 0.0038, % updates: 8.976%
INFO:root:-- EPOCH 23 (2.001 seconds):
INFO:root:COST >> 0.0811 +/- 0.0059, % updates: 8.964%
INFO:root:-- EPOCH 24 (2.012 seconds):
INFO:root:COST >> 0.0743 +/- 0.0065, % updates: 8.329%
INFO:root:-- EPOCH 25 (2.251 seconds):
INFO:root:COST >> 0.0781 +/- 0.0059, % updates: 8.68%
INFO:root:-- EPOCH 26 (2.049 seconds):
INFO:root:COST >> 0.0755 +/- 0.0065, % updates: 8.448%
INFO:root:-- EPOCH 27 (2.054 seconds):
INFO:root:COST >> 0.0862 +/- 0.0128, % updates: 9.278%
INFO:root:-- EPOCH 28 (3.425 seconds):
INFO:root:COST >> 0.2494 +/- 0.1255, % updates: 18.541%
INFO:root:-- EPOCH 29 (2.098 seconds):
INFO:root:COST >> 0.1687 +/- 0.0273, % updates: 14.469%
INFO:root:-- EPOCH 30 (1.775 seconds):
INFO:root:COST >> 0.1573 +/- 0.0123, % updates: 13.727%
INFO:root:-- EPOCH 31 (1.539 seconds):
INFO:root:COST >> 0.0877 +/- 0.0049, % updates: 9.413%
INFO:root:-- EPOCH 32 (1.576 seconds):
INFO:root:COST >> 0.068 +/- 0.0042, % updates: 7.735%
INFO:root:-- EPOCH 33 (1.887 seconds):
INFO:root:COST >> 0.0631 +/- 0.0032, % updates: 7.283%
INFO:root:-- EPOCH 34 (2.051 seconds):
INFO:root:COST >> 0.0604 +/- 0.0043, % updates: 7.039%
INFO:root:-- EPOCH 35 (1.842 seconds):
INFO:root:COST >> 0.061 +/- 0.0049, % updates: 7.093%
INFO:root:-- EPOCH 36 (1.71 seconds):
INFO:root:COST >> 0.0622 +/- 0.0053, % updates: 7.168%
INFO:root:-- EPOCH 37 (1.752 seconds):
INFO:root:COST >> 0.0633 +/- 0.0049, % updates: 7.266%
INFO:root:-- EPOCH 38 (1.803 seconds):
INFO:root:COST >> 0.0643 +/- 0.0062, % updates: 7.366%
INFO:root:-- EPOCH 39 (1.78 seconds):
INFO:root:COST >> 0.0678 +/- 0.0078, % updates: 7.662%
INFO:root:-- EPOCH 40 (1.713 seconds):
INFO:root:COST >> 0.0804 +/- 0.0149, % updates: 8.742%
INFO:root:-- EPOCH 41 (1.723 seconds):
INFO:root:COST >> 0.2268 +/- 0.0992, % updates: 17.535%
INFO:root:-- EPOCH 42 (1.563 seconds):
INFO:root:COST >> 0.1397 +/- 0.0359, % updates: 12.661%
INFO:root:-- EPOCH 43 (1.551 seconds):
INFO:root:COST >> 0.1813 +/- 0.0157, % updates: 14.592%
INFO:root:-- EPOCH 44 (2.138 seconds):
INFO:root:COST >> 0.1043 +/- 0.0234, % updates: 10.489%
INFO:root:-- EPOCH 45 (1.996 seconds):
INFO:root:COST >> 0.0668 +/- 0.0037, % updates: 7.571%
INFO:root:-- EPOCH 46 (1.609 seconds):
INFO:root:COST >> 0.0594 +/- 0.0031, % updates: 6.96%
INFO:root:-- EPOCH 47 (1.542 seconds):
INFO:root:COST >> 0.0587 +/- 0.0036, % updates: 6.778%
INFO:root:-- EPOCH 48 (2.15 seconds):
INFO:root:COST >> 0.0581 +/- 0.0052, % updates: 6.779%
INFO:root:-- EPOCH 49 (2.107 seconds):
INFO:root:COST >> 0.0577 +/- 0.0049, % updates: 6.692%
INFO:root:-- EPOCH 50 (1.971 seconds):
INFO:root:COST >> 0.0598 +/- 0.0055, % updates: 6.94%
INFO:root:-- EPOCH 51 (2.056 seconds):
INFO:root:COST >> 0.0617 +/- 0.0056, % updates: 7.159%
INFO:root:-- EPOCH 52 (1.986 seconds):
INFO:root:COST >> 0.0669 +/- 0.0047, % updates: 7.551%
INFO:root:-- EPOCH 53 (2.364 seconds):
INFO:root:COST >> 0.0659 +/- 0.0044, % updates: 7.427%
INFO:root:-- EPOCH 54 (1.952 seconds):
INFO:root:COST >> 0.0669 +/- 0.0041, % updates: 7.612%
INFO:root:-- EPOCH 55 (2.014 seconds):
INFO:root:COST >> 0.0705 +/- 0.0079, % updates: 7.945%
INFO:root:-- EPOCH 56 (2.188 seconds):
INFO:root:COST >> 0.27 +/- 0.1505, % updates: 19.118%
INFO:root:-- EPOCH 57 (2.038 seconds):
INFO:root:COST >> 0.168 +/- 0.0289, % updates: 14.414%
INFO:root:-- EPOCH 58 (1.673 seconds):
INFO:root:COST >> 0.0732 +/- 0.0026, % updates: 8.216%
INFO:root:-- EPOCH 59 (1.747 seconds):
INFO:root:COST >> 0.062 +/- 0.003, % updates: 7.093%
INFO:root:-- EPOCH 60 (2.299 seconds):
INFO:root:COST >> 0.0559 +/- 0.0039, % updates: 6.495%
INFO:root:-- EPOCH 61 (2.591 seconds):
INFO:root:COST >> 0.0528 +/- 0.0029, % updates: 6.235%
INFO:root:-- EPOCH 62 (2.48 seconds):
INFO:root:COST >> 0.0535 +/- 0.0042, % updates: 6.315%
INFO:root:-- EPOCH 63 (2.175 seconds):
INFO:root:COST >> 0.0529 +/- 0.0032, % updates: 6.247%
INFO:root:-- EPOCH 64 (2.205 seconds):
INFO:root:COST >> 0.055 +/- 0.0056, % updates: 6.425%
INFO:root:-- EPOCH 65 (2.177 seconds):
INFO:root:COST >> 0.0574 +/- 0.0042, % updates: 6.617%
INFO:root:-- EPOCH 66 (1171.242 seconds):
INFO:root:COST >> 0.0576 +/- 0.0054, % updates: 6.705%
INFO:root:-- EPOCH 67 (1.61 seconds):
INFO:root:COST >> 0.0634 +/- 0.005, % updates: 7.253%
INFO:root:-- EPOCH 68 (1.922 seconds):
INFO:root:COST >> 0.0617 +/- 0.0037, % updates: 7.125%
INFO:root:-- EPOCH 69 (1.592 seconds):
INFO:root:COST >> 0.1986 +/- 0.1453, % updates: 14.568%
INFO:root:-- EPOCH 70 (1.548 seconds):
INFO:root:COST >> 0.1669 +/- 0.0288, % updates: 14.285%
INFO:root:-- EPOCH 71 (1.851 seconds):
INFO:root:COST >> 0.1275 +/- 0.0405, % updates: 11.515%
INFO:root:-- EPOCH 72 (1.85 seconds):
INFO:root:COST >> 0.0629 +/- 0.0023, % updates: 7.175%
INFO:root:-- EPOCH 73 (1.998 seconds):
INFO:root:COST >> 0.0553 +/- 0.0028, % updates: 6.499%
INFO:root:-- EPOCH 74 (1.767 seconds):
INFO:root:COST >> 0.0533 +/- 0.0027, % updates: 6.236%
INFO:root:-- EPOCH 75 (1.752 seconds):
INFO:root:COST >> 0.0506 +/- 0.0035, % updates: 6.019%
INFO:root:-- EPOCH 76 (1.747 seconds):
INFO:root:COST >> 0.0503 +/- 0.0046, % updates: 6.015%
INFO:root:-- EPOCH 77 (1.93 seconds):
INFO:root:COST >> 0.0534 +/- 0.0057, % updates: 6.205%
INFO:root:-- EPOCH 78 (1.701 seconds):
INFO:root:COST >> 0.0552 +/- 0.0036, % updates: 6.452%
INFO:root:-- EPOCH 79 (1.658 seconds):
INFO:root:COST >> 0.0568 +/- 0.0043, % updates: 6.617%
INFO:root:-- EPOCH 80 (1.783 seconds):
INFO:root:COST >> 0.059 +/- 0.0053, % updates: 6.828%
INFO:root:-- EPOCH 81 (2.556 seconds):
INFO:root:COST >> 0.0584 +/- 0.0047, % updates: 6.742%
INFO:root:-- EPOCH 82 (2.736 seconds):
INFO:root:COST >> 0.0612 +/- 0.0049, % updates: 7.102%
INFO:root:-- EPOCH 83 (2.714 seconds):
INFO:root:COST >> 0.1048 +/- 0.0784, % updates: 9.881%
INFO:root:-- EPOCH 84 (2.389 seconds):
INFO:root:COST >> 0.2162 +/- 0.1427, % updates: 16.241%
INFO:root:-- EPOCH 85 (2.037 seconds):
INFO:root:COST >> 0.1725 +/- 0.0153, % updates: 13.945%
INFO:root:-- EPOCH 86 (2.307 seconds):
INFO:root:COST >> 0.0997 +/- 0.0212, % updates: 10.022%
INFO:root:-- EPOCH 87 (1.805 seconds):
INFO:root:COST >> 0.0596 +/- 0.0031, % updates: 6.891%
INFO:root:-- EPOCH 88 (2.149 seconds):
INFO:root:COST >> 0.0543 +/- 0.0033, % updates: 6.38%
INFO:root:-- EPOCH 89 (2.226 seconds):
INFO:root:COST >> 0.0513 +/- 0.0037, % updates: 6.015%
INFO:root:-- EPOCH 90 (2.185 seconds):
INFO:root:COST >> 0.0513 +/- 0.0033, % updates: 5.96%
INFO:root:-- EPOCH 91 (2.268 seconds):
INFO:root:COST >> 0.0517 +/- 0.0047, % updates: 6.024%
INFO:root:-- EPOCH 92 (2.052 seconds):
INFO:root:COST >> 0.0539 +/- 0.0034, % updates: 6.288%
INFO:root:-- EPOCH 93 (1.981 seconds):
INFO:root:COST >> 0.0542 +/- 0.0047, % updates: 6.345%
INFO:root:-- EPOCH 94 (2.56 seconds):
INFO:root:COST >> 0.0549 +/- 0.003, % updates: 6.405%
INFO:root:-- EPOCH 95 (2.549 seconds):
INFO:root:COST >> 0.056 +/- 0.0032, % updates: 6.489%
INFO:root:-- EPOCH 96 (2.197 seconds):
INFO:root:COST >> 0.054 +/- 0.0046, % updates: 6.337%
INFO:root:-- EPOCH 97 (1.676 seconds):
INFO:root:COST >> 0.056 +/- 0.0058, % updates: 6.499%
INFO:root:-- EPOCH 98 (1.756 seconds):
INFO:root:COST >> 0.0617 +/- 0.0075, % updates: 7.083%
INFO:root:-- EPOCH 99 (1.609 seconds):
INFO:root:COST >> 0.259 +/- 0.1062, % updates: 18.405%
INFO:root:-- EPOCH 100 (1.583 seconds):
INFO:root:COST >> 0.2135 +/- 0.011, % updates: 16.408%
