INFO:root:Shape for training set: (40961, 141442)
INFO:root:State: {'ndim': '20', 'test_all': 'None', 'test_path': 'None', 'nhid': '50', 'lremb': '10.0', 'seed': '6', 'simfn': 'L1', 'valid_path': 'None', 'nbatches': '10', 'lrparam': '10.0', 'decay': '0.999', 'show_hinton_diagrams': 'False', 'no_rescaling': 'True', 'Nrel': '18', 'ranking_score_right': 'False', 'Nent': '40961', 'Nsyn': '40943', 'method': 'ADAGRAD', 'loss_margin': '1.0', 'C': '1.0', 'epsilon': '1e-06', 'use_db': 'True', 'max_lr': 'None', 'l1_param_weight': 'None', 'filtered': 'False', 'name': 'wn_opt/wn_ADAGRAD_76', 'totepochs': '100', 'l2_param_weight': 'None', 'train_path': 'data/wn/WN-train.pkl', 'op': 'TransE'}
INFO:root:Starting the Experiment ..
INFO:root:-- EPOCH 1 (1.418 seconds):
INFO:root:COST >> 3.1603 +/- 0.418, % updates: 66.018%
INFO:root:-- EPOCH 2 (1.392 seconds):
INFO:root:COST >> 3.3681 +/- 0.14, % updates: 61.233%
INFO:root:-- EPOCH 3 (1.751 seconds):
INFO:root:COST >> 3.3662 +/- 0.1378, % updates: 60.811%
INFO:root:-- EPOCH 4 (1.833 seconds):
INFO:root:COST >> 3.3583 +/- 0.1466, % updates: 60.742%
INFO:root:-- EPOCH 5 (1.757 seconds):
INFO:root:COST >> 3.3679 +/- 0.1471, % updates: 60.775%
INFO:root:-- EPOCH 6 (1.849 seconds):
INFO:root:COST >> 3.36 +/- 0.1564, % updates: 60.472%
INFO:root:-- EPOCH 7 (1.784 seconds):
INFO:root:COST >> 3.3471 +/- 0.1448, % updates: 60.324%
INFO:root:-- EPOCH 8 (1.956 seconds):
INFO:root:COST >> 3.3475 +/- 0.16, % updates: 60.255%
INFO:root:-- EPOCH 9 (1.859 seconds):
INFO:root:COST >> 3.3512 +/- 0.157, % updates: 60.239%
INFO:root:-- EPOCH 10 (1.812 seconds):
INFO:root:COST >> 3.3414 +/- 0.1642, % updates: 60.247%
INFO:root:-- EPOCH 11 (1.773 seconds):
INFO:root:COST >> 3.3286 +/- 0.1579, % updates: 59.89%
INFO:root:-- EPOCH 12 (1.791 seconds):
INFO:root:COST >> 3.3469 +/- 0.1579, % updates: 60.125%
INFO:root:-- EPOCH 13 (1.757 seconds):
INFO:root:COST >> 3.3376 +/- 0.1422, % updates: 59.968%
INFO:root:-- EPOCH 14 (1.757 seconds):
INFO:root:COST >> 3.3204 +/- 0.1515, % updates: 59.674%
INFO:root:-- EPOCH 15 (1.84 seconds):
INFO:root:COST >> 3.3319 +/- 0.1619, % updates: 59.726%
INFO:root:-- EPOCH 16 (1.77 seconds):
INFO:root:COST >> 3.3229 +/- 0.161, % updates: 59.685%
INFO:root:-- EPOCH 17 (1.718 seconds):
INFO:root:COST >> 3.3205 +/- 0.1631, % updates: 59.526%
INFO:root:-- EPOCH 18 (1.779 seconds):
INFO:root:COST >> 3.3376 +/- 0.1562, % updates: 59.665%
INFO:root:-- EPOCH 19 (1.724 seconds):
INFO:root:COST >> 3.3141 +/- 0.1668, % updates: 59.451%
INFO:root:-- EPOCH 20 (1.755 seconds):
INFO:root:COST >> 3.3147 +/- 0.1631, % updates: 59.449%
INFO:root:-- EPOCH 21 (1.844 seconds):
INFO:root:COST >> 3.2998 +/- 0.147, % updates: 59.302%
INFO:root:-- EPOCH 22 (1.971 seconds):
INFO:root:COST >> 3.3158 +/- 0.1691, % updates: 59.428%
INFO:root:-- EPOCH 23 (1.721 seconds):
INFO:root:COST >> 3.3065 +/- 0.1688, % updates: 59.306%
INFO:root:-- EPOCH 24 (1.477 seconds):
INFO:root:COST >> 3.3051 +/- 0.1679, % updates: 59.186%
INFO:root:-- EPOCH 25 (1.548 seconds):
INFO:root:COST >> 3.2975 +/- 0.1634, % updates: 59.217%
INFO:root:-- EPOCH 26 (1.733 seconds):
INFO:root:COST >> 3.3014 +/- 0.1685, % updates: 59.061%
INFO:root:-- EPOCH 27 (1.757 seconds):
INFO:root:COST >> 3.3135 +/- 0.1691, % updates: 59.129%
INFO:root:-- EPOCH 28 (1.67 seconds):
INFO:root:COST >> 3.2952 +/- 0.1675, % updates: 58.985%
INFO:root:-- EPOCH 29 (2.086 seconds):
INFO:root:COST >> 3.2981 +/- 0.1656, % updates: 59.002%
INFO:root:-- EPOCH 30 (1.995 seconds):
INFO:root:COST >> 3.3116 +/- 0.1748, % updates: 59.162%
INFO:root:-- EPOCH 31 (1.834 seconds):
INFO:root:COST >> 3.2811 +/- 0.1815, % updates: 58.814%
INFO:root:-- EPOCH 32 (1.806 seconds):
INFO:root:COST >> 3.2831 +/- 0.1697, % updates: 58.841%
INFO:root:-- EPOCH 33 (1.891 seconds):
INFO:root:COST >> 3.3011 +/- 0.1711, % updates: 58.765%
INFO:root:-- EPOCH 34 (1.952 seconds):
INFO:root:COST >> 3.2932 +/- 0.1814, % updates: 58.798%
INFO:root:-- EPOCH 35 (2.046 seconds):
INFO:root:COST >> 3.2989 +/- 0.1778, % updates: 58.813%
INFO:root:-- EPOCH 36 (1.874 seconds):
INFO:root:COST >> 3.2753 +/- 0.1827, % updates: 58.523%
INFO:root:-- EPOCH 37 (1.786 seconds):
INFO:root:COST >> 3.2834 +/- 0.1738, % updates: 58.629%
INFO:root:-- EPOCH 38 (1.983 seconds):
INFO:root:COST >> 3.2901 +/- 0.174, % updates: 58.547%
INFO:root:-- EPOCH 39 (1.909 seconds):
INFO:root:COST >> 3.2754 +/- 0.1815, % updates: 58.512%
INFO:root:-- EPOCH 40 (1.902 seconds):
INFO:root:COST >> 3.2764 +/- 0.174, % updates: 58.535%
INFO:root:-- EPOCH 41 (2.03 seconds):
INFO:root:COST >> 3.2961 +/- 0.1675, % updates: 58.621%
INFO:root:-- EPOCH 42 (2.188 seconds):
INFO:root:COST >> 3.296 +/- 0.1763, % updates: 58.446%
INFO:root:-- EPOCH 43 (2.143 seconds):
INFO:root:COST >> 3.2591 +/- 0.1767, % updates: 58.279%
INFO:root:-- EPOCH 44 (1.954 seconds):
INFO:root:COST >> 3.2829 +/- 0.1839, % updates: 58.535%
INFO:root:-- EPOCH 45 (2.07 seconds):
INFO:root:COST >> 3.2749 +/- 0.1827, % updates: 58.253%
INFO:root:-- EPOCH 46 (1.849 seconds):
INFO:root:COST >> 3.2662 +/- 0.1875, % updates: 58.335%
INFO:root:-- EPOCH 47 (1.788 seconds):
INFO:root:COST >> 3.2691 +/- 0.1869, % updates: 58.16%
INFO:root:-- EPOCH 48 (1.657 seconds):
INFO:root:COST >> 3.2709 +/- 0.177, % updates: 58.358%
INFO:root:-- EPOCH 49 (1.48 seconds):
INFO:root:COST >> 3.2728 +/- 0.1935, % updates: 58.329%
INFO:root:-- EPOCH 50 (1.576 seconds):
INFO:root:COST >> 3.2624 +/- 0.1828, % updates: 58.217%
INFO:root:-- EPOCH 51 (1.537 seconds):
INFO:root:COST >> 3.266 +/- 0.178, % updates: 58.111%
INFO:root:-- EPOCH 52 (1.466 seconds):
INFO:root:COST >> 3.263 +/- 0.1926, % updates: 58.159%
INFO:root:-- EPOCH 53 (1.481 seconds):
INFO:root:COST >> 3.2658 +/- 0.1805, % updates: 58.033%
INFO:root:-- EPOCH 54 (1.486 seconds):
INFO:root:COST >> 3.2649 +/- 0.1883, % updates: 57.925%
INFO:root:-- EPOCH 55 (1.474 seconds):
INFO:root:COST >> 3.2783 +/- 0.1807, % updates: 58.19%
INFO:root:-- EPOCH 56 (1.523 seconds):
INFO:root:COST >> 3.2485 +/- 0.1758, % updates: 57.96%
INFO:root:-- EPOCH 57 (1.487 seconds):
INFO:root:COST >> 3.2482 +/- 0.1763, % updates: 57.945%
INFO:root:-- EPOCH 58 (1.498 seconds):
INFO:root:COST >> 3.2516 +/- 0.1847, % updates: 57.996%
INFO:root:-- EPOCH 59 (1.54 seconds):
INFO:root:COST >> 3.2572 +/- 0.1841, % updates: 57.858%
INFO:root:-- EPOCH 60 (1.942 seconds):
INFO:root:COST >> 3.2549 +/- 0.1767, % updates: 57.796%
INFO:root:-- EPOCH 61 (2.286 seconds):
INFO:root:COST >> 3.2531 +/- 0.1902, % updates: 57.867%
INFO:root:-- EPOCH 62 (1.846 seconds):
INFO:root:COST >> 3.2463 +/- 0.2079, % updates: 57.74%
INFO:root:-- EPOCH 63 (1.705 seconds):
INFO:root:COST >> 3.2449 +/- 0.1858, % updates: 57.853%
INFO:root:-- EPOCH 64 (2.062 seconds):
INFO:root:COST >> 3.2505 +/- 0.1796, % updates: 57.779%
INFO:root:-- EPOCH 65 (1.535 seconds):
INFO:root:COST >> 3.2424 +/- 0.1871, % updates: 57.676%
INFO:root:-- EPOCH 66 (1.524 seconds):
INFO:root:COST >> 3.2396 +/- 0.191, % updates: 57.749%
INFO:root:-- EPOCH 67 (1.479 seconds):
INFO:root:COST >> 3.2457 +/- 0.1846, % updates: 57.708%
INFO:root:-- EPOCH 68 (1.54 seconds):
INFO:root:COST >> 3.2264 +/- 0.1967, % updates: 57.565%
INFO:root:-- EPOCH 69 (1.5 seconds):
INFO:root:COST >> 3.2336 +/- 0.1848, % updates: 57.45%
INFO:root:-- EPOCH 70 (1.61 seconds):
INFO:root:COST >> 3.2382 +/- 0.1894, % updates: 57.665%
INFO:root:-- EPOCH 71 (1.846 seconds):
INFO:root:COST >> 3.2477 +/- 0.1943, % updates: 57.682%
INFO:root:-- EPOCH 72 (2.158 seconds):
INFO:root:COST >> 3.2259 +/- 0.1929, % updates: 57.581%
INFO:root:-- EPOCH 73 (1.859 seconds):
INFO:root:COST >> 3.2162 +/- 0.1882, % updates: 57.376%
INFO:root:-- EPOCH 74 (1.558 seconds):
INFO:root:COST >> 3.2273 +/- 0.1813, % updates: 57.478%
INFO:root:-- EPOCH 75 (1.564 seconds):
INFO:root:COST >> 3.2259 +/- 0.1855, % updates: 57.361%
INFO:root:-- EPOCH 76 (1.865 seconds):
INFO:root:COST >> 3.2258 +/- 0.1922, % updates: 57.567%
INFO:root:-- EPOCH 77 (2.032 seconds):
INFO:root:COST >> 3.2171 +/- 0.1963, % updates: 57.487%
INFO:root:-- EPOCH 78 (2.076 seconds):
INFO:root:COST >> 3.225 +/- 0.2048, % updates: 57.551%
INFO:root:-- EPOCH 79 (1.985 seconds):
INFO:root:COST >> 3.2204 +/- 0.1926, % updates: 57.535%
INFO:root:-- EPOCH 80 (1.946 seconds):
INFO:root:COST >> 3.2177 +/- 0.2066, % updates: 57.405%
INFO:root:-- EPOCH 81 (1.938 seconds):
INFO:root:COST >> 3.2178 +/- 0.1985, % updates: 57.382%
INFO:root:-- EPOCH 82 (2.048 seconds):
INFO:root:COST >> 3.2207 +/- 0.1949, % updates: 57.342%
INFO:root:-- EPOCH 83 (1.916 seconds):
INFO:root:COST >> 3.2119 +/- 0.194, % updates: 57.275%
INFO:root:-- EPOCH 84 (1.948 seconds):
INFO:root:COST >> 3.2092 +/- 0.1966, % updates: 57.225%
INFO:root:-- EPOCH 85 (1.958 seconds):
INFO:root:COST >> 3.2152 +/- 0.1987, % updates: 57.25%
INFO:root:-- EPOCH 86 (1.98 seconds):
INFO:root:COST >> 3.2052 +/- 0.2068, % updates: 57.164%
INFO:root:-- EPOCH 87 (1.956 seconds):
INFO:root:COST >> 3.2076 +/- 0.2084, % updates: 57.196%
INFO:root:-- EPOCH 88 (1.947 seconds):
INFO:root:COST >> 3.1973 +/- 0.2074, % updates: 57.171%
INFO:root:-- EPOCH 89 (1.925 seconds):
INFO:root:COST >> 3.2082 +/- 0.1869, % updates: 57.27%
INFO:root:-- EPOCH 90 (1.935 seconds):
INFO:root:COST >> 3.1968 +/- 0.1999, % updates: 57.144%
INFO:root:-- EPOCH 91 (1.969 seconds):
INFO:root:COST >> 3.1963 +/- 0.2002, % updates: 57.117%
INFO:root:-- EPOCH 92 (1.985 seconds):
INFO:root:COST >> 3.1916 +/- 0.1968, % updates: 57.048%
INFO:root:-- EPOCH 93 (2.075 seconds):
INFO:root:COST >> 3.1912 +/- 0.2033, % updates: 57.021%
INFO:root:-- EPOCH 94 (2.101 seconds):
INFO:root:COST >> 3.1917 +/- 0.2174, % updates: 56.884%
INFO:root:-- EPOCH 95 (1.993 seconds):
INFO:root:COST >> 3.2021 +/- 0.2105, % updates: 57.097%
INFO:root:-- EPOCH 96 (2.141 seconds):
INFO:root:COST >> 3.1893 +/- 0.1979, % updates: 57.071%
INFO:root:-- EPOCH 97 (1.934 seconds):
INFO:root:COST >> 3.1866 +/- 0.2089, % updates: 56.932%
INFO:root:-- EPOCH 98 (2.145 seconds):
INFO:root:COST >> 3.1811 +/- 0.2109, % updates: 56.979%
INFO:root:-- EPOCH 99 (2.046 seconds):
INFO:root:COST >> 3.1933 +/- 0.1959, % updates: 57.095%
INFO:root:-- EPOCH 100 (2.015 seconds):
INFO:root:COST >> 3.1885 +/- 0.1846, % updates: 56.981%
