INFO:root:Shape for training set: (40961, 141442)
INFO:root:State: {'ndim': '20', 'test_all': 'None', 'test_path': 'None', 'nhid': '50', 'lremb': '1.0', 'seed': '7', 'simfn': 'L1', 'valid_path': 'None', 'nbatches': '10', 'lrparam': '1.0', 'decay': '0.5', 'show_hinton_diagrams': 'False', 'no_rescaling': 'True', 'Nrel': '18', 'ranking_score_right': 'False', 'Nent': '40961', 'Nsyn': '40943', 'method': 'ADADELTA', 'loss_margin': '1.0', 'C': '1.0', 'epsilon': '1e-06', 'use_db': 'True', 'max_lr': 'None', 'l1_param_weight': 'None', 'filtered': 'False', 'name': 'wn_opt/wn_ADADELTA_47', 'totepochs': '100', 'l2_param_weight': 'None', 'train_path': 'data/wn/WN-train.pkl', 'op': 'TransE'}
INFO:root:Starting the Experiment ..
INFO:root:-- EPOCH 1 (1.576 seconds):
INFO:root:COST >> 2.2124 +/- 0.0145, % updates: 81.591%
INFO:root:-- EPOCH 2 (1.791 seconds):
INFO:root:COST >> 2.1474 +/- 0.0119, % updates: 80.745%
INFO:root:-- EPOCH 3 (1.591 seconds):
INFO:root:COST >> 2.0785 +/- 0.0105, % updates: 79.948%
INFO:root:-- EPOCH 4 (1.539 seconds):
INFO:root:COST >> 2.0084 +/- 0.0165, % updates: 79.025%
INFO:root:-- EPOCH 5 (1.557 seconds):
INFO:root:COST >> 1.9393 +/- 0.0182, % updates: 77.857%
INFO:root:-- EPOCH 6 (1.585 seconds):
INFO:root:COST >> 1.8711 +/- 0.0115, % updates: 76.675%
INFO:root:-- EPOCH 7 (1.591 seconds):
INFO:root:COST >> 1.8032 +/- 0.0157, % updates: 75.626%
INFO:root:-- EPOCH 8 (1.587 seconds):
INFO:root:COST >> 1.7385 +/- 0.0159, % updates: 74.301%
INFO:root:-- EPOCH 9 (1.578 seconds):
INFO:root:COST >> 1.6748 +/- 0.011, % updates: 73.084%
INFO:root:-- EPOCH 10 (1.595 seconds):
INFO:root:COST >> 1.6068 +/- 0.0128, % updates: 71.704%
INFO:root:-- EPOCH 11 (1.564 seconds):
INFO:root:COST >> 1.546 +/- 0.0092, % updates: 70.359%
INFO:root:-- EPOCH 12 (1.559 seconds):
INFO:root:COST >> 1.4861 +/- 0.0162, % updates: 69.037%
INFO:root:-- EPOCH 13 (1.599 seconds):
INFO:root:COST >> 1.4308 +/- 0.0117, % updates: 67.588%
INFO:root:-- EPOCH 14 (1.535 seconds):
INFO:root:COST >> 1.3718 +/- 0.0083, % updates: 66.402%
INFO:root:-- EPOCH 15 (1.518 seconds):
INFO:root:COST >> 1.3192 +/- 0.0078, % updates: 65.01%
INFO:root:-- EPOCH 16 (1.562 seconds):
INFO:root:COST >> 1.2665 +/- 0.0092, % updates: 63.738%
INFO:root:-- EPOCH 17 (1.546 seconds):
INFO:root:COST >> 1.2157 +/- 0.0113, % updates: 62.279%
INFO:root:-- EPOCH 18 (1.594 seconds):
INFO:root:COST >> 1.1697 +/- 0.0084, % updates: 60.988%
INFO:root:-- EPOCH 19 (1.612 seconds):
INFO:root:COST >> 1.1209 +/- 0.0088, % updates: 59.643%
INFO:root:-- EPOCH 20 (1.575 seconds):
INFO:root:COST >> 1.073 +/- 0.0077, % updates: 58.413%
INFO:root:-- EPOCH 21 (1.522 seconds):
INFO:root:COST >> 1.0307 +/- 0.0101, % updates: 56.962%
INFO:root:-- EPOCH 22 (1.62 seconds):
INFO:root:COST >> 0.9938 +/- 0.0089, % updates: 55.887%
INFO:root:-- EPOCH 23 (1.644 seconds):
INFO:root:COST >> 0.952 +/- 0.0093, % updates: 54.567%
INFO:root:-- EPOCH 24 (1.615 seconds):
INFO:root:COST >> 0.9175 +/- 0.0064, % updates: 53.359%
INFO:root:-- EPOCH 25 (1.581 seconds):
INFO:root:COST >> 0.8801 +/- 0.0066, % updates: 52.154%
INFO:root:-- EPOCH 26 (1.578 seconds):
INFO:root:COST >> 0.8481 +/- 0.0076, % updates: 51.213%
INFO:root:-- EPOCH 27 (1.556 seconds):
INFO:root:COST >> 0.8177 +/- 0.0054, % updates: 50.023%
INFO:root:-- EPOCH 28 (1.591 seconds):
INFO:root:COST >> 0.7854 +/- 0.0072, % updates: 48.931%
INFO:root:-- EPOCH 29 (1.59 seconds):
INFO:root:COST >> 0.7574 +/- 0.0049, % updates: 47.884%
INFO:root:-- EPOCH 30 (1.618 seconds):
INFO:root:COST >> 0.7286 +/- 0.0071, % updates: 46.811%
INFO:root:-- EPOCH 31 (1.568 seconds):
INFO:root:COST >> 0.702 +/- 0.0075, % updates: 45.771%
INFO:root:-- EPOCH 32 (1.581 seconds):
INFO:root:COST >> 0.6743 +/- 0.0042, % updates: 44.754%
INFO:root:-- EPOCH 33 (1.554 seconds):
INFO:root:COST >> 0.6501 +/- 0.0065, % updates: 43.755%
INFO:root:-- EPOCH 34 (1.608 seconds):
INFO:root:COST >> 0.6292 +/- 0.0083, % updates: 42.882%
INFO:root:-- EPOCH 35 (1.563 seconds):
INFO:root:COST >> 0.6052 +/- 0.0087, % updates: 41.819%
INFO:root:-- EPOCH 36 (1.569 seconds):
INFO:root:COST >> 0.5847 +/- 0.0034, % updates: 41.0%
INFO:root:-- EPOCH 37 (1.552 seconds):
INFO:root:COST >> 0.5656 +/- 0.0068, % updates: 40.111%
INFO:root:-- EPOCH 38 (1.567 seconds):
INFO:root:COST >> 0.5436 +/- 0.0057, % updates: 39.302%
INFO:root:-- EPOCH 39 (1.593 seconds):
INFO:root:COST >> 0.5302 +/- 0.0052, % updates: 38.521%
INFO:root:-- EPOCH 40 (1.545 seconds):
INFO:root:COST >> 0.5099 +/- 0.0064, % updates: 37.557%
INFO:root:-- EPOCH 41 (1.567 seconds):
INFO:root:COST >> 0.4919 +/- 0.0053, % updates: 36.854%
INFO:root:-- EPOCH 42 (1.562 seconds):
INFO:root:COST >> 0.4767 +/- 0.005, % updates: 36.055%
INFO:root:-- EPOCH 43 (1.751 seconds):
INFO:root:COST >> 0.4585 +/- 0.0045, % updates: 35.278%
INFO:root:-- EPOCH 44 (1.624 seconds):
INFO:root:COST >> 0.4448 +/- 0.0052, % updates: 34.542%
INFO:root:-- EPOCH 45 (1.545 seconds):
INFO:root:COST >> 0.4313 +/- 0.0049, % updates: 33.892%
INFO:root:-- EPOCH 46 (1.594 seconds):
INFO:root:COST >> 0.4199 +/- 0.0053, % updates: 33.276%
INFO:root:-- EPOCH 47 (1.552 seconds):
INFO:root:COST >> 0.403 +/- 0.0048, % updates: 32.474%
INFO:root:-- EPOCH 48 (1.542 seconds):
INFO:root:COST >> 0.3935 +/- 0.0031, % updates: 31.973%
INFO:root:-- EPOCH 49 (1.565 seconds):
INFO:root:COST >> 0.3826 +/- 0.0047, % updates: 31.326%
INFO:root:-- EPOCH 50 (1.542 seconds):
INFO:root:COST >> 0.3717 +/- 0.004, % updates: 30.767%
INFO:root:-- EPOCH 51 (1.56 seconds):
INFO:root:COST >> 0.3621 +/- 0.0045, % updates: 30.204%
INFO:root:-- EPOCH 52 (1.543 seconds):
INFO:root:COST >> 0.3496 +/- 0.0036, % updates: 29.464%
INFO:root:-- EPOCH 53 (1.621 seconds):
INFO:root:COST >> 0.3443 +/- 0.0037, % updates: 29.06%
INFO:root:-- EPOCH 54 (1.538 seconds):
INFO:root:COST >> 0.3327 +/- 0.0039, % updates: 28.591%
INFO:root:-- EPOCH 55 (1.539 seconds):
INFO:root:COST >> 0.321 +/- 0.0037, % updates: 27.897%
INFO:root:-- EPOCH 56 (1.542 seconds):
INFO:root:COST >> 0.3149 +/- 0.0045, % updates: 27.599%
INFO:root:-- EPOCH 57 (1.56 seconds):
INFO:root:COST >> 0.3073 +/- 0.0039, % updates: 26.987%
INFO:root:-- EPOCH 58 (1.562 seconds):
INFO:root:COST >> 0.298 +/- 0.0043, % updates: 26.479%
INFO:root:-- EPOCH 59 (1.554 seconds):
INFO:root:COST >> 0.291 +/- 0.0026, % updates: 25.998%
INFO:root:-- EPOCH 60 (1.546 seconds):
INFO:root:COST >> 0.2856 +/- 0.0042, % updates: 25.647%
INFO:root:-- EPOCH 61 (1.558 seconds):
INFO:root:COST >> 0.2778 +/- 0.0032, % updates: 25.264%
INFO:root:-- EPOCH 62 (1.569 seconds):
INFO:root:COST >> 0.2712 +/- 0.0033, % updates: 24.805%
INFO:root:-- EPOCH 63 (1.567 seconds):
INFO:root:COST >> 0.2641 +/- 0.0033, % updates: 24.454%
INFO:root:-- EPOCH 64 (1.558 seconds):
INFO:root:COST >> 0.2583 +/- 0.0033, % updates: 23.955%
INFO:root:-- EPOCH 65 (1.584 seconds):
INFO:root:COST >> 0.2538 +/- 0.0029, % updates: 23.763%
INFO:root:-- EPOCH 66 (1.557 seconds):
INFO:root:COST >> 0.247 +/- 0.0039, % updates: 23.274%
INFO:root:-- EPOCH 67 (1.557 seconds):
INFO:root:COST >> 0.2401 +/- 0.0028, % updates: 22.791%
INFO:root:-- EPOCH 68 (1.537 seconds):
INFO:root:COST >> 0.236 +/- 0.0028, % updates: 22.496%
INFO:root:-- EPOCH 69 (1.556 seconds):
INFO:root:COST >> 0.2321 +/- 0.0038, % updates: 22.221%
INFO:root:-- EPOCH 70 (1.57 seconds):
INFO:root:COST >> 0.2257 +/- 0.0042, % updates: 21.945%
INFO:root:-- EPOCH 71 (1.556 seconds):
INFO:root:COST >> 0.2215 +/- 0.0034, % updates: 21.592%
INFO:root:-- EPOCH 72 (1.563 seconds):
INFO:root:COST >> 0.2185 +/- 0.0032, % updates: 21.304%
INFO:root:-- EPOCH 73 (1.576 seconds):
INFO:root:COST >> 0.2132 +/- 0.0026, % updates: 20.939%
INFO:root:-- EPOCH 74 (1.6 seconds):
INFO:root:COST >> 0.2087 +/- 0.0037, % updates: 20.69%
INFO:root:-- EPOCH 75 (1.555 seconds):
INFO:root:COST >> 0.2039 +/- 0.0023, % updates: 20.357%
INFO:root:-- EPOCH 76 (1.574 seconds):
INFO:root:COST >> 0.1984 +/- 0.003, % updates: 19.943%
INFO:root:-- EPOCH 77 (1.589 seconds):
INFO:root:COST >> 0.1968 +/- 0.0023, % updates: 19.937%
INFO:root:-- EPOCH 78 (1.558 seconds):
INFO:root:COST >> 0.1919 +/- 0.0027, % updates: 19.478%
INFO:root:-- EPOCH 79 (1.601 seconds):
INFO:root:COST >> 0.1895 +/- 0.003, % updates: 19.297%
INFO:root:-- EPOCH 80 (1.588 seconds):
INFO:root:COST >> 0.1854 +/- 0.0026, % updates: 19.005%
INFO:root:-- EPOCH 81 (1.557 seconds):
INFO:root:COST >> 0.1809 +/- 0.0025, % updates: 18.625%
INFO:root:-- EPOCH 82 (1.583 seconds):
INFO:root:COST >> 0.1789 +/- 0.0014, % updates: 18.491%
INFO:root:-- EPOCH 83 (1.539 seconds):
INFO:root:COST >> 0.1749 +/- 0.0032, % updates: 18.313%
INFO:root:-- EPOCH 84 (1.533 seconds):
INFO:root:COST >> 0.1715 +/- 0.004, % updates: 18.072%
INFO:root:-- EPOCH 85 (1.538 seconds):
INFO:root:COST >> 0.1689 +/- 0.0015, % updates: 17.8%
INFO:root:-- EPOCH 86 (1.553 seconds):
INFO:root:COST >> 0.1674 +/- 0.0025, % updates: 17.635%
INFO:root:-- EPOCH 87 (1.529 seconds):
INFO:root:COST >> 0.163 +/- 0.0022, % updates: 17.422%
INFO:root:-- EPOCH 88 (1.529 seconds):
INFO:root:COST >> 0.161 +/- 0.0029, % updates: 17.207%
INFO:root:-- EPOCH 89 (1.517 seconds):
INFO:root:COST >> 0.1584 +/- 0.0021, % updates: 17.044%
INFO:root:-- EPOCH 90 (1.549 seconds):
INFO:root:COST >> 0.1568 +/- 0.0033, % updates: 16.897%
INFO:root:-- EPOCH 91 (1.537 seconds):
INFO:root:COST >> 0.1536 +/- 0.0028, % updates: 16.604%
INFO:root:-- EPOCH 92 (1.529 seconds):
INFO:root:COST >> 0.1511 +/- 0.0018, % updates: 16.407%
INFO:root:-- EPOCH 93 (1.56 seconds):
INFO:root:COST >> 0.1479 +/- 0.003, % updates: 16.213%
INFO:root:-- EPOCH 94 (1.568 seconds):
INFO:root:COST >> 0.146 +/- 0.0032, % updates: 15.94%
INFO:root:-- EPOCH 95 (1.546 seconds):
INFO:root:COST >> 0.1438 +/- 0.0023, % updates: 15.851%
INFO:root:-- EPOCH 96 (1.549 seconds):
INFO:root:COST >> 0.1399 +/- 0.0023, % updates: 15.565%
INFO:root:-- EPOCH 97 (1.453 seconds):
INFO:root:COST >> 0.1372 +/- 0.0016, % updates: 15.311%
INFO:root:-- EPOCH 98 (1.189 seconds):
INFO:root:COST >> 0.1379 +/- 0.0027, % updates: 15.264%
INFO:root:-- EPOCH 99 (1.256 seconds):
INFO:root:COST >> 0.1357 +/- 0.003, % updates: 15.276%
INFO:root:-- EPOCH 100 (1.31 seconds):
INFO:root:COST >> 0.1337 +/- 0.0024, % updates: 15.037%
