INFO:root:Shape for training set: (40961, 141442)
INFO:root:State: {'ndim': '20', 'test_all': 'None', 'test_path': 'None', 'nhid': '50', 'lremb': '10.0', 'seed': '4', 'simfn': 'L1', 'valid_path': 'None', 'nbatches': '10', 'lrparam': '10.0', 'decay': '0.999', 'show_hinton_diagrams': 'False', 'no_rescaling': 'True', 'Nrel': '18', 'ranking_score_right': 'False', 'Nent': '40961', 'Nsyn': '40943', 'method': 'ADAGRAD', 'loss_margin': '1.0', 'C': '1.0', 'epsilon': '1e-06', 'use_db': 'True', 'max_lr': 'None', 'l1_param_weight': 'None', 'filtered': 'False', 'name': 'wn_opt/wn_ADAGRAD_74', 'totepochs': '100', 'l2_param_weight': 'None', 'train_path': 'data/wn/WN-train.pkl', 'op': 'TransE'}
INFO:root:Starting the Experiment ..
INFO:root:-- EPOCH 1 (1.432 seconds):
INFO:root:COST >> 3.4749 +/- 0.5926, % updates: 69.554%
INFO:root:-- EPOCH 2 (1.184 seconds):
INFO:root:COST >> 3.7498 +/- 0.2119, % updates: 65.656%
INFO:root:-- EPOCH 3 (1.548 seconds):
INFO:root:COST >> 3.7359 +/- 0.2324, % updates: 65.519%
INFO:root:-- EPOCH 4 (1.517 seconds):
INFO:root:COST >> 3.7307 +/- 0.2252, % updates: 65.558%
INFO:root:-- EPOCH 5 (1.503 seconds):
INFO:root:COST >> 3.718 +/- 0.2202, % updates: 65.258%
INFO:root:-- EPOCH 6 (1.543 seconds):
INFO:root:COST >> 3.7007 +/- 0.2224, % updates: 65.209%
INFO:root:-- EPOCH 7 (1.528 seconds):
INFO:root:COST >> 3.7155 +/- 0.2367, % updates: 65.189%
INFO:root:-- EPOCH 8 (1.53 seconds):
INFO:root:COST >> 3.6949 +/- 0.2439, % updates: 65.095%
INFO:root:-- EPOCH 9 (1.54 seconds):
INFO:root:COST >> 3.6827 +/- 0.2205, % updates: 64.919%
INFO:root:-- EPOCH 10 (1.487 seconds):
INFO:root:COST >> 3.6608 +/- 0.2188, % updates: 64.691%
INFO:root:-- EPOCH 11 (1.517 seconds):
INFO:root:COST >> 3.6728 +/- 0.241, % updates: 64.66%
INFO:root:-- EPOCH 12 (1.486 seconds):
INFO:root:COST >> 3.6638 +/- 0.2444, % updates: 64.766%
INFO:root:-- EPOCH 13 (1.474 seconds):
INFO:root:COST >> 3.6629 +/- 0.2305, % updates: 64.666%
INFO:root:-- EPOCH 14 (1.727 seconds):
INFO:root:COST >> 3.6387 +/- 0.2384, % updates: 64.451%
INFO:root:-- EPOCH 15 (1.814 seconds):
INFO:root:COST >> 3.6318 +/- 0.2445, % updates: 64.321%
INFO:root:-- EPOCH 16 (2.849 seconds):
INFO:root:COST >> 3.6327 +/- 0.2198, % updates: 64.3%
INFO:root:-- EPOCH 17 (2.566 seconds):
INFO:root:COST >> 3.622 +/- 0.2436, % updates: 63.982%
INFO:root:-- EPOCH 18 (1.838 seconds):
INFO:root:COST >> 3.63 +/- 0.2429, % updates: 64.229%
INFO:root:-- EPOCH 19 (1.752 seconds):
INFO:root:COST >> 3.6157 +/- 0.2249, % updates: 63.912%
INFO:root:-- EPOCH 20 (1.674 seconds):
INFO:root:COST >> 3.5991 +/- 0.2409, % updates: 63.731%
INFO:root:-- EPOCH 21 (1.651 seconds):
INFO:root:COST >> 3.6069 +/- 0.2189, % updates: 63.76%
INFO:root:-- EPOCH 22 (1.54 seconds):
INFO:root:COST >> 3.5916 +/- 0.2256, % updates: 63.593%
INFO:root:-- EPOCH 23 (1.667 seconds):
INFO:root:COST >> 3.5916 +/- 0.2318, % updates: 63.583%
INFO:root:-- EPOCH 24 (1.638 seconds):
INFO:root:COST >> 3.6015 +/- 0.2293, % updates: 63.488%
INFO:root:-- EPOCH 25 (1.89 seconds):
INFO:root:COST >> 3.5851 +/- 0.2351, % updates: 63.379%
INFO:root:-- EPOCH 26 (1.813 seconds):
INFO:root:COST >> 3.5831 +/- 0.2293, % updates: 63.231%
INFO:root:-- EPOCH 27 (1.605 seconds):
INFO:root:COST >> 3.5724 +/- 0.2333, % updates: 63.266%
INFO:root:-- EPOCH 28 (1.762 seconds):
INFO:root:COST >> 3.5675 +/- 0.2369, % updates: 63.211%
INFO:root:-- EPOCH 29 (1.854 seconds):
INFO:root:COST >> 3.5728 +/- 0.2368, % updates: 63.174%
INFO:root:-- EPOCH 30 (1.92 seconds):
INFO:root:COST >> 3.564 +/- 0.2439, % updates: 63.184%
INFO:root:-- EPOCH 31 (1.618 seconds):
INFO:root:COST >> 3.5774 +/- 0.2286, % updates: 63.138%
INFO:root:-- EPOCH 32 (1.805 seconds):
INFO:root:COST >> 3.5446 +/- 0.2366, % updates: 62.804%
INFO:root:-- EPOCH 33 (2.024 seconds):
INFO:root:COST >> 3.5467 +/- 0.2332, % updates: 62.845%
INFO:root:-- EPOCH 34 (1.931 seconds):
INFO:root:COST >> 3.554 +/- 0.2265, % updates: 62.813%
INFO:root:-- EPOCH 35 (1.573 seconds):
INFO:root:COST >> 3.5428 +/- 0.2369, % updates: 62.72%
INFO:root:-- EPOCH 36 (1.711 seconds):
INFO:root:COST >> 3.5378 +/- 0.2446, % updates: 62.754%
INFO:root:-- EPOCH 37 (1.708 seconds):
INFO:root:COST >> 3.5417 +/- 0.2224, % updates: 62.711%
INFO:root:-- EPOCH 38 (1.562 seconds):
INFO:root:COST >> 3.5522 +/- 0.2339, % updates: 62.684%
INFO:root:-- EPOCH 39 (1.642 seconds):
INFO:root:COST >> 3.5348 +/- 0.2443, % updates: 62.531%
INFO:root:-- EPOCH 40 (1.598 seconds):
INFO:root:COST >> 3.5311 +/- 0.2329, % updates: 62.54%
INFO:root:-- EPOCH 41 (1.607 seconds):
INFO:root:COST >> 3.5233 +/- 0.2441, % updates: 62.43%
INFO:root:-- EPOCH 42 (1.733 seconds):
INFO:root:COST >> 3.5294 +/- 0.2419, % updates: 62.361%
INFO:root:-- EPOCH 43 (1.616 seconds):
INFO:root:COST >> 3.521 +/- 0.242, % updates: 62.379%
INFO:root:-- EPOCH 44 (1.709 seconds):
INFO:root:COST >> 3.5157 +/- 0.226, % updates: 62.299%
INFO:root:-- EPOCH 45 (1.721 seconds):
INFO:root:COST >> 3.5273 +/- 0.2497, % updates: 62.427%
INFO:root:-- EPOCH 46 (1.569 seconds):
INFO:root:COST >> 3.5216 +/- 0.2392, % updates: 62.122%
INFO:root:-- EPOCH 47 (1.815 seconds):
INFO:root:COST >> 3.5236 +/- 0.2372, % updates: 62.148%
INFO:root:-- EPOCH 48 (1.765 seconds):
INFO:root:COST >> 3.5125 +/- 0.233, % updates: 61.961%
INFO:root:-- EPOCH 49 (1.764 seconds):
INFO:root:COST >> 3.5026 +/- 0.2471, % updates: 62.113%
INFO:root:-- EPOCH 50 (1.626 seconds):
INFO:root:COST >> 3.5132 +/- 0.2458, % updates: 62.022%
INFO:root:-- EPOCH 51 (1.624 seconds):
INFO:root:COST >> 3.4959 +/- 0.2367, % updates: 61.916%
INFO:root:-- EPOCH 52 (1.528 seconds):
INFO:root:COST >> 3.493 +/- 0.2425, % updates: 61.818%
INFO:root:-- EPOCH 53 (1.563 seconds):
INFO:root:COST >> 3.4952 +/- 0.2472, % updates: 61.961%
INFO:root:-- EPOCH 54 (1.465 seconds):
INFO:root:COST >> 3.4916 +/- 0.2406, % updates: 61.732%
INFO:root:-- EPOCH 55 (1.489 seconds):
INFO:root:COST >> 3.4757 +/- 0.2469, % updates: 61.619%
INFO:root:-- EPOCH 56 (1.478 seconds):
INFO:root:COST >> 3.4882 +/- 0.2498, % updates: 61.778%
INFO:root:-- EPOCH 57 (1.526 seconds):
INFO:root:COST >> 3.4832 +/- 0.237, % updates: 61.702%
INFO:root:-- EPOCH 58 (1.498 seconds):
INFO:root:COST >> 3.483 +/- 0.2338, % updates: 61.75%
INFO:root:-- EPOCH 59 (1.505 seconds):
INFO:root:COST >> 3.4757 +/- 0.2599, % updates: 61.518%
INFO:root:-- EPOCH 60 (1.461 seconds):
INFO:root:COST >> 3.4927 +/- 0.2629, % updates: 61.753%
INFO:root:-- EPOCH 61 (1.921 seconds):
INFO:root:COST >> 3.4681 +/- 0.2469, % updates: 61.496%
INFO:root:-- EPOCH 62 (1.658 seconds):
INFO:root:COST >> 3.4586 +/- 0.2582, % updates: 61.372%
INFO:root:-- EPOCH 63 (1.856 seconds):
INFO:root:COST >> 3.4592 +/- 0.2481, % updates: 61.469%
INFO:root:-- EPOCH 64 (2.183 seconds):
INFO:root:COST >> 3.4459 +/- 0.2229, % updates: 61.353%
INFO:root:-- EPOCH 65 (2.099 seconds):
INFO:root:COST >> 3.4583 +/- 0.2522, % updates: 61.439%
INFO:root:-- EPOCH 66 (2.009 seconds):
INFO:root:COST >> 3.4604 +/- 0.2602, % updates: 61.294%
INFO:root:-- EPOCH 67 (2.211 seconds):
INFO:root:COST >> 3.4642 +/- 0.2516, % updates: 61.387%
INFO:root:-- EPOCH 68 (1.773 seconds):
INFO:root:COST >> 3.456 +/- 0.2492, % updates: 61.25%
INFO:root:-- EPOCH 69 (1.719 seconds):
INFO:root:COST >> 3.4551 +/- 0.2544, % updates: 61.274%
INFO:root:-- EPOCH 70 (1.671 seconds):
INFO:root:COST >> 3.4591 +/- 0.2479, % updates: 61.115%
INFO:root:-- EPOCH 71 (1.577 seconds):
INFO:root:COST >> 3.4623 +/- 0.2554, % updates: 61.305%
INFO:root:-- EPOCH 72 (1.505 seconds):
INFO:root:COST >> 3.4505 +/- 0.2517, % updates: 61.093%
INFO:root:-- EPOCH 73 (1.515 seconds):
INFO:root:COST >> 3.4426 +/- 0.2332, % updates: 61.074%
INFO:root:-- EPOCH 74 (1.524 seconds):
INFO:root:COST >> 3.4361 +/- 0.2533, % updates: 60.915%
INFO:root:-- EPOCH 75 (1.599 seconds):
INFO:root:COST >> 3.4374 +/- 0.2427, % updates: 61.072%
INFO:root:-- EPOCH 76 (1.622 seconds):
INFO:root:COST >> 3.434 +/- 0.2534, % updates: 60.821%
INFO:root:-- EPOCH 77 (1.573 seconds):
INFO:root:COST >> 3.4377 +/- 0.2463, % updates: 60.951%
INFO:root:-- EPOCH 78 (1.56 seconds):
INFO:root:COST >> 3.429 +/- 0.2553, % updates: 60.981%
INFO:root:-- EPOCH 79 (1.518 seconds):
INFO:root:COST >> 3.4135 +/- 0.2451, % updates: 60.714%
INFO:root:-- EPOCH 80 (1.508 seconds):
INFO:root:COST >> 3.4287 +/- 0.2385, % updates: 60.929%
INFO:root:-- EPOCH 81 (1.527 seconds):
INFO:root:COST >> 3.4303 +/- 0.2466, % updates: 60.799%
INFO:root:-- EPOCH 82 (1.463 seconds):
INFO:root:COST >> 3.4215 +/- 0.2652, % updates: 60.784%
INFO:root:-- EPOCH 83 (1.558 seconds):
INFO:root:COST >> 3.4201 +/- 0.2562, % updates: 60.643%
INFO:root:-- EPOCH 84 (1.607 seconds):
INFO:root:COST >> 3.4206 +/- 0.2379, % updates: 60.549%
INFO:root:-- EPOCH 85 (1.541 seconds):
INFO:root:COST >> 3.4334 +/- 0.2359, % updates: 60.865%
INFO:root:-- EPOCH 86 (1.474 seconds):
INFO:root:COST >> 3.4115 +/- 0.2555, % updates: 60.621%
INFO:root:-- EPOCH 87 (1.525 seconds):
INFO:root:COST >> 3.4147 +/- 0.2586, % updates: 60.661%
INFO:root:-- EPOCH 88 (1.507 seconds):
INFO:root:COST >> 3.4146 +/- 0.2614, % updates: 60.675%
INFO:root:-- EPOCH 89 (1.505 seconds):
INFO:root:COST >> 3.4002 +/- 0.2436, % updates: 60.482%
INFO:root:-- EPOCH 90 (1.629 seconds):
INFO:root:COST >> 3.4196 +/- 0.2544, % updates: 60.708%
INFO:root:-- EPOCH 91 (1.503 seconds):
INFO:root:COST >> 3.4022 +/- 0.2581, % updates: 60.391%
INFO:root:-- EPOCH 92 (1.532 seconds):
INFO:root:COST >> 3.4124 +/- 0.2503, % updates: 60.608%
INFO:root:-- EPOCH 93 (1.512 seconds):
INFO:root:COST >> 3.4111 +/- 0.2655, % updates: 60.635%
INFO:root:-- EPOCH 94 (1.529 seconds):
INFO:root:COST >> 3.4085 +/- 0.2552, % updates: 60.583%
INFO:root:-- EPOCH 95 (1.563 seconds):
INFO:root:COST >> 3.4029 +/- 0.25, % updates: 60.451%
INFO:root:-- EPOCH 96 (2.09 seconds):
INFO:root:COST >> 3.3915 +/- 0.2572, % updates: 60.428%
INFO:root:-- EPOCH 97 (2.253 seconds):
INFO:root:COST >> 3.3975 +/- 0.2581, % updates: 60.409%
INFO:root:-- EPOCH 98 (1.693 seconds):
INFO:root:COST >> 3.37 +/- 0.2616, % updates: 60.22%
INFO:root:-- EPOCH 99 (1.783 seconds):
INFO:root:COST >> 3.3941 +/- 0.2549, % updates: 60.373%
INFO:root:-- EPOCH 100 (1.841 seconds):
INFO:root:COST >> 3.3798 +/- 0.2493, % updates: 60.238%
