INFO:root:Shape for training set: (40961, 141442)
INFO:root:State: {'ndim': '20', 'test_all': 'None', 'test_path': 'None', 'nhid': '50', 'lremb': '1.0', 'seed': '5', 'simfn': 'L1', 'valid_path': 'None', 'nbatches': '10', 'lrparam': '1.0', 'decay': '0.99', 'show_hinton_diagrams': 'False', 'no_rescaling': 'True', 'Nrel': '18', 'ranking_score_right': 'False', 'Nent': '40961', 'Nsyn': '40943', 'method': 'ADADELTA', 'loss_margin': '1.0', 'C': '1.0', 'epsilon': '0.001', 'use_db': 'True', 'max_lr': 'None', 'l1_param_weight': 'None', 'filtered': 'False', 'name': 'wn_opt/wn_ADADELTA_75', 'totepochs': '100', 'l2_param_weight': 'None', 'train_path': 'data/wn/WN-train.pkl', 'op': 'TransE'}
INFO:root:Starting the Experiment ..
INFO:root:-- EPOCH 1 (1.633 seconds):
INFO:root:COST >> 2.0359 +/- 0.0924, % updates: 69.119%
INFO:root:-- EPOCH 2 (1.693 seconds):
INFO:root:COST >> 1.8436 +/- 0.0458, % updates: 61.523%
INFO:root:-- EPOCH 3 (1.661 seconds):
INFO:root:COST >> 1.7597 +/- 0.0471, % updates: 61.776%
INFO:root:-- EPOCH 4 (1.614 seconds):
INFO:root:COST >> 1.7028 +/- 0.0423, % updates: 61.402%
INFO:root:-- EPOCH 5 (1.659 seconds):
INFO:root:COST >> 1.7089 +/- 0.0676, % updates: 61.363%
INFO:root:-- EPOCH 6 (1.669 seconds):
INFO:root:COST >> 1.7353 +/- 0.0776, % updates: 61.005%
INFO:root:-- EPOCH 7 (1.634 seconds):
INFO:root:COST >> 1.7186 +/- 0.0435, % updates: 60.355%
INFO:root:-- EPOCH 8 (1.635 seconds):
INFO:root:COST >> 1.6845 +/- 0.0701, % updates: 60.824%
INFO:root:-- EPOCH 9 (1.603 seconds):
INFO:root:COST >> 1.7329 +/- 0.062, % updates: 60.56%
INFO:root:-- EPOCH 10 (1.637 seconds):
INFO:root:COST >> 1.7018 +/- 0.0829, % updates: 60.846%
INFO:root:-- EPOCH 11 (1.664 seconds):
INFO:root:COST >> 1.7283 +/- 0.0883, % updates: 60.495%
INFO:root:-- EPOCH 12 (1.623 seconds):
INFO:root:COST >> 1.7314 +/- 0.0609, % updates: 59.737%
INFO:root:-- EPOCH 13 (1.608 seconds):
INFO:root:COST >> 1.7316 +/- 0.074, % updates: 60.211%
INFO:root:-- EPOCH 14 (1.625 seconds):
INFO:root:COST >> 1.7451 +/- 0.064, % updates: 60.15%
INFO:root:-- EPOCH 15 (1.662 seconds):
INFO:root:COST >> 1.7386 +/- 0.078, % updates: 59.893%
INFO:root:-- EPOCH 16 (1.647 seconds):
INFO:root:COST >> 1.7519 +/- 0.0729, % updates: 59.986%
INFO:root:-- EPOCH 17 (1.612 seconds):
INFO:root:COST >> 1.7788 +/- 0.0675, % updates: 59.909%
INFO:root:-- EPOCH 18 (1.655 seconds):
INFO:root:COST >> 1.7488 +/- 0.0718, % updates: 60.004%
INFO:root:-- EPOCH 19 (1.649 seconds):
INFO:root:COST >> 1.7459 +/- 0.0649, % updates: 59.921%
INFO:root:-- EPOCH 20 (1.684 seconds):
INFO:root:COST >> 1.7263 +/- 0.0635, % updates: 59.863%
INFO:root:-- EPOCH 21 (1.637 seconds):
INFO:root:COST >> 1.7017 +/- 0.0836, % updates: 59.74%
INFO:root:-- EPOCH 22 (1.671 seconds):
INFO:root:COST >> 1.6945 +/- 0.0798, % updates: 59.857%
INFO:root:-- EPOCH 23 (1.66 seconds):
INFO:root:COST >> 1.7 +/- 0.0716, % updates: 60.13%
INFO:root:-- EPOCH 24 (1.626 seconds):
INFO:root:COST >> 1.7021 +/- 0.0679, % updates: 59.946%
INFO:root:-- EPOCH 25 (1.604 seconds):
INFO:root:COST >> 1.6746 +/- 0.0606, % updates: 60.046%
INFO:root:-- EPOCH 26 (1.677 seconds):
INFO:root:COST >> 1.7019 +/- 0.0731, % updates: 60.335%
INFO:root:-- EPOCH 27 (1.725 seconds):
INFO:root:COST >> 1.696 +/- 0.0645, % updates: 60.199%
INFO:root:-- EPOCH 28 (1.775 seconds):
INFO:root:COST >> 1.6963 +/- 0.0547, % updates: 60.604%
INFO:root:-- EPOCH 29 (1.618 seconds):
INFO:root:COST >> 1.6596 +/- 0.0697, % updates: 60.483%
INFO:root:-- EPOCH 30 (1.65 seconds):
INFO:root:COST >> 1.6882 +/- 0.0503, % updates: 60.655%
INFO:root:-- EPOCH 31 (1.643 seconds):
INFO:root:COST >> 1.6637 +/- 0.0756, % updates: 60.404%
INFO:root:-- EPOCH 32 (1.611 seconds):
INFO:root:COST >> 1.694 +/- 0.0744, % updates: 60.519%
INFO:root:-- EPOCH 33 (1.655 seconds):
INFO:root:COST >> 1.7109 +/- 0.0739, % updates: 59.656%
INFO:root:-- EPOCH 34 (1.732 seconds):
INFO:root:COST >> 1.698 +/- 0.0804, % updates: 59.359%
INFO:root:-- EPOCH 35 (1.638 seconds):
INFO:root:COST >> 1.6768 +/- 0.0542, % updates: 59.794%
INFO:root:-- EPOCH 36 (1.663 seconds):
INFO:root:COST >> 1.6723 +/- 0.0581, % updates: 59.71%
INFO:root:-- EPOCH 37 (1.665 seconds):
INFO:root:COST >> 1.6654 +/- 0.0867, % updates: 59.817%
INFO:root:-- EPOCH 38 (1.602 seconds):
INFO:root:COST >> 1.6691 +/- 0.0743, % updates: 60.031%
INFO:root:-- EPOCH 39 (1.604 seconds):
INFO:root:COST >> 1.6711 +/- 0.057, % updates: 60.064%
INFO:root:-- EPOCH 40 (1.638 seconds):
INFO:root:COST >> 1.7063 +/- 0.0965, % updates: 60.288%
INFO:root:-- EPOCH 41 (1.655 seconds):
INFO:root:COST >> 1.6736 +/- 0.0723, % updates: 60.174%
INFO:root:-- EPOCH 42 (1.592 seconds):
INFO:root:COST >> 1.6678 +/- 0.0759, % updates: 60.234%
INFO:root:-- EPOCH 43 (1.661 seconds):
INFO:root:COST >> 1.6672 +/- 0.0669, % updates: 59.892%
INFO:root:-- EPOCH 44 (1.614 seconds):
INFO:root:COST >> 1.6656 +/- 0.0757, % updates: 60.018%
INFO:root:-- EPOCH 45 (1.656 seconds):
INFO:root:COST >> 1.6565 +/- 0.0638, % updates: 59.948%
INFO:root:-- EPOCH 46 (1.64 seconds):
INFO:root:COST >> 1.6504 +/- 0.06, % updates: 60.519%
INFO:root:-- EPOCH 47 (1.632 seconds):
INFO:root:COST >> 1.6141 +/- 0.072, % updates: 60.461%
INFO:root:-- EPOCH 48 (1.629 seconds):
INFO:root:COST >> 1.6311 +/- 0.0803, % updates: 60.361%
INFO:root:-- EPOCH 49 (1.785 seconds):
INFO:root:COST >> 1.6441 +/- 0.0786, % updates: 60.23%
INFO:root:-- EPOCH 50 (1.597 seconds):
INFO:root:COST >> 1.6542 +/- 0.0517, % updates: 60.127%
INFO:root:-- EPOCH 51 (1.67 seconds):
INFO:root:COST >> 1.6747 +/- 0.0758, % updates: 60.04%
INFO:root:-- EPOCH 52 (1.732 seconds):
INFO:root:COST >> 1.6759 +/- 0.0628, % updates: 59.832%
INFO:root:-- EPOCH 53 (1.73 seconds):
INFO:root:COST >> 1.6569 +/- 0.0797, % updates: 59.928%
INFO:root:-- EPOCH 54 (1.76 seconds):
INFO:root:COST >> 1.6956 +/- 0.0791, % updates: 60.088%
INFO:root:-- EPOCH 55 (1.587 seconds):
INFO:root:COST >> 1.6894 +/- 0.0743, % updates: 59.908%
INFO:root:-- EPOCH 56 (1.657 seconds):
INFO:root:COST >> 1.6735 +/- 0.0786, % updates: 59.822%
INFO:root:-- EPOCH 57 (1.696 seconds):
INFO:root:COST >> 1.6553 +/- 0.0672, % updates: 59.922%
INFO:root:-- EPOCH 58 (1.612 seconds):
INFO:root:COST >> 1.6517 +/- 0.0669, % updates: 59.795%
INFO:root:-- EPOCH 59 (1.61 seconds):
INFO:root:COST >> 1.6514 +/- 0.0878, % updates: 60.267%
INFO:root:-- EPOCH 60 (1.605 seconds):
INFO:root:COST >> 1.6416 +/- 0.0799, % updates: 60.047%
INFO:root:-- EPOCH 61 (1.599 seconds):
INFO:root:COST >> 1.6414 +/- 0.0688, % updates: 60.086%
INFO:root:-- EPOCH 62 (1.626 seconds):
INFO:root:COST >> 1.6096 +/- 0.0668, % updates: 59.967%
INFO:root:-- EPOCH 63 (1.644 seconds):
INFO:root:COST >> 1.6259 +/- 0.1064, % updates: 59.874%
INFO:root:-- EPOCH 64 (1.696 seconds):
INFO:root:COST >> 1.6389 +/- 0.0719, % updates: 60.089%
INFO:root:-- EPOCH 65 (1.66 seconds):
INFO:root:COST >> 1.6282 +/- 0.0568, % updates: 60.147%
INFO:root:-- EPOCH 66 (1.711 seconds):
INFO:root:COST >> 1.6188 +/- 0.0713, % updates: 59.825%
INFO:root:-- EPOCH 67 (1.596 seconds):
INFO:root:COST >> 1.6505 +/- 0.0839, % updates: 60.03%
INFO:root:-- EPOCH 68 (1.646 seconds):
INFO:root:COST >> 1.6461 +/- 0.0655, % updates: 59.985%
INFO:root:-- EPOCH 69 (1.628 seconds):
INFO:root:COST >> 1.6304 +/- 0.0744, % updates: 59.988%
INFO:root:-- EPOCH 70 (1.904 seconds):
INFO:root:COST >> 1.6373 +/- 0.0893, % updates: 59.969%
INFO:root:-- EPOCH 71 (1.584 seconds):
INFO:root:COST >> 1.6281 +/- 0.0602, % updates: 59.996%
INFO:root:-- EPOCH 72 (1.702 seconds):
INFO:root:COST >> 1.6351 +/- 0.0724, % updates: 60.442%
INFO:root:-- EPOCH 73 (1.684 seconds):
INFO:root:COST >> 1.6154 +/- 0.0795, % updates: 60.17%
INFO:root:-- EPOCH 74 (1.755 seconds):
INFO:root:COST >> 1.6407 +/- 0.0723, % updates: 60.336%
INFO:root:-- EPOCH 75 (1.697 seconds):
INFO:root:COST >> 1.6185 +/- 0.0518, % updates: 59.859%
INFO:root:-- EPOCH 76 (1.631 seconds):
INFO:root:COST >> 1.6248 +/- 0.0791, % updates: 59.84%
INFO:root:-- EPOCH 77 (1.596 seconds):
INFO:root:COST >> 1.6345 +/- 0.0711, % updates: 59.912%
INFO:root:-- EPOCH 78 (1.642 seconds):
INFO:root:COST >> 1.658 +/- 0.075, % updates: 59.837%
INFO:root:-- EPOCH 79 (1.633 seconds):
INFO:root:COST >> 1.6433 +/- 0.0555, % updates: 59.685%
INFO:root:-- EPOCH 80 (1.651 seconds):
INFO:root:COST >> 1.6455 +/- 0.0627, % updates: 59.925%
INFO:root:-- EPOCH 81 (1.608 seconds):
INFO:root:COST >> 1.6314 +/- 0.0696, % updates: 59.881%
INFO:root:-- EPOCH 82 (1.594 seconds):
INFO:root:COST >> 1.6184 +/- 0.0677, % updates: 59.973%
INFO:root:-- EPOCH 83 (1.652 seconds):
INFO:root:COST >> 1.6355 +/- 0.0731, % updates: 60.012%
INFO:root:-- EPOCH 84 (1.616 seconds):
INFO:root:COST >> 1.6466 +/- 0.0746, % updates: 60.185%
INFO:root:-- EPOCH 85 (1.59 seconds):
INFO:root:COST >> 1.6311 +/- 0.0455, % updates: 59.707%
INFO:root:-- EPOCH 86 (1.617 seconds):
INFO:root:COST >> 1.6387 +/- 0.063, % updates: 60.023%
INFO:root:-- EPOCH 87 (1.643 seconds):
INFO:root:COST >> 1.6488 +/- 0.0884, % updates: 59.859%
INFO:root:-- EPOCH 88 (1.618 seconds):
INFO:root:COST >> 1.6558 +/- 0.0867, % updates: 59.672%
INFO:root:-- EPOCH 89 (1.63 seconds):
INFO:root:COST >> 1.6491 +/- 0.0602, % updates: 59.83%
INFO:root:-- EPOCH 90 (1.616 seconds):
INFO:root:COST >> 1.6107 +/- 0.067, % updates: 59.737%
INFO:root:-- EPOCH 91 (1.748 seconds):
INFO:root:COST >> 1.676 +/- 0.0862, % updates: 59.789%
INFO:root:-- EPOCH 92 (1.649 seconds):
INFO:root:COST >> 1.6041 +/- 0.0613, % updates: 59.452%
INFO:root:-- EPOCH 93 (1.61 seconds):
INFO:root:COST >> 1.6433 +/- 0.0755, % updates: 59.773%
INFO:root:-- EPOCH 94 (1.566 seconds):
INFO:root:COST >> 1.6848 +/- 0.0564, % updates: 59.434%
INFO:root:-- EPOCH 95 (1.575 seconds):
INFO:root:COST >> 1.651 +/- 0.0803, % updates: 59.222%
INFO:root:-- EPOCH 96 (1.687 seconds):
INFO:root:COST >> 1.6061 +/- 0.061, % updates: 59.193%
INFO:root:-- EPOCH 97 (1.743 seconds):
INFO:root:COST >> 1.6209 +/- 0.0679, % updates: 58.975%
INFO:root:-- EPOCH 98 (1.692 seconds):
INFO:root:COST >> 1.6242 +/- 0.0692, % updates: 59.48%
INFO:root:-- EPOCH 99 (1.692 seconds):
INFO:root:COST >> 1.6564 +/- 0.083, % updates: 59.355%
INFO:root:-- EPOCH 100 (1.43 seconds):
INFO:root:COST >> 1.6351 +/- 0.0631, % updates: 59.402%
