INFO:root:Shape for training set: (40961, 141442)
INFO:root:State: {'ndim': '20', 'test_all': 'None', 'test_path': 'None', 'nhid': '50', 'lremb': '1.0', 'seed': '1', 'simfn': 'L1', 'valid_path': 'None', 'nbatches': '10', 'lrparam': '1.0', 'decay': '0.999', 'show_hinton_diagrams': 'False', 'no_rescaling': 'True', 'Nrel': '18', 'ranking_score_right': 'False', 'Nent': '40961', 'Nsyn': '40943', 'method': 'ADAGRAD', 'loss_margin': '1.0', 'C': '1.0', 'epsilon': '1e-06', 'use_db': 'True', 'max_lr': 'None', 'l1_param_weight': 'None', 'filtered': 'False', 'name': 'wn_opt/wn_ADAGRAD_61', 'totepochs': '100', 'l2_param_weight': 'None', 'train_path': 'data/wn/WN-train.pkl', 'op': 'TransE'}
INFO:root:Starting the Experiment ..
INFO:root:-- EPOCH 1 (1.515 seconds):
INFO:root:COST >> 2.7224 +/- 0.2221, % updates: 65.777%
INFO:root:-- EPOCH 2 (1.516 seconds):
INFO:root:COST >> 2.6531 +/- 0.1488, % updates: 57.167%
INFO:root:-- EPOCH 3 (1.51 seconds):
INFO:root:COST >> 2.4755 +/- 0.1375, % updates: 55.693%
INFO:root:-- EPOCH 4 (1.562 seconds):
INFO:root:COST >> 2.3034 +/- 0.1143, % updates: 54.971%
INFO:root:-- EPOCH 5 (1.479 seconds):
INFO:root:COST >> 2.1164 +/- 0.1162, % updates: 54.679%
INFO:root:-- EPOCH 6 (1.527 seconds):
INFO:root:COST >> 1.8757 +/- 0.0923, % updates: 53.581%
INFO:root:-- EPOCH 7 (1.484 seconds):
INFO:root:COST >> 1.6652 +/- 0.1053, % updates: 51.453%
INFO:root:-- EPOCH 8 (1.52 seconds):
INFO:root:COST >> 1.4915 +/- 0.1044, % updates: 49.204%
INFO:root:-- EPOCH 9 (1.545 seconds):
INFO:root:COST >> 1.3477 +/- 0.099, % updates: 47.32%
INFO:root:-- EPOCH 10 (1.521 seconds):
INFO:root:COST >> 1.2061 +/- 0.0901, % updates: 44.873%
INFO:root:-- EPOCH 11 (1.47 seconds):
INFO:root:COST >> 1.072 +/- 0.0724, % updates: 42.113%
INFO:root:-- EPOCH 12 (1.487 seconds):
INFO:root:COST >> 0.9591 +/- 0.076, % updates: 39.747%
INFO:root:-- EPOCH 13 (1.529 seconds):
INFO:root:COST >> 0.8748 +/- 0.0615, % updates: 38.009%
INFO:root:-- EPOCH 14 (1.548 seconds):
INFO:root:COST >> 0.8088 +/- 0.0656, % updates: 36.306%
INFO:root:-- EPOCH 15 (1.495 seconds):
INFO:root:COST >> 0.7428 +/- 0.0559, % updates: 34.94%
INFO:root:-- EPOCH 16 (1.525 seconds):
INFO:root:COST >> 0.6823 +/- 0.0514, % updates: 33.551%
INFO:root:-- EPOCH 17 (1.523 seconds):
INFO:root:COST >> 0.6336 +/- 0.0552, % updates: 32.176%
INFO:root:-- EPOCH 18 (1.53 seconds):
INFO:root:COST >> 0.5934 +/- 0.0483, % updates: 31.104%
INFO:root:-- EPOCH 19 (1.523 seconds):
INFO:root:COST >> 0.5511 +/- 0.0447, % updates: 29.853%
INFO:root:-- EPOCH 20 (1.495 seconds):
INFO:root:COST >> 0.5093 +/- 0.0375, % updates: 28.667%
INFO:root:-- EPOCH 21 (1.46 seconds):
INFO:root:COST >> 0.483 +/- 0.042, % updates: 27.943%
INFO:root:-- EPOCH 22 (1.504 seconds):
INFO:root:COST >> 0.4441 +/- 0.0376, % updates: 26.63%
INFO:root:-- EPOCH 23 (1.537 seconds):
INFO:root:COST >> 0.4269 +/- 0.0392, % updates: 25.954%
INFO:root:-- EPOCH 24 (1.54 seconds):
INFO:root:COST >> 0.403 +/- 0.0324, % updates: 25.102%
INFO:root:-- EPOCH 25 (1.517 seconds):
INFO:root:COST >> 0.3825 +/- 0.0309, % updates: 24.374%
INFO:root:-- EPOCH 26 (1.534 seconds):
INFO:root:COST >> 0.3671 +/- 0.0311, % updates: 23.716%
INFO:root:-- EPOCH 27 (1.528 seconds):
INFO:root:COST >> 0.3478 +/- 0.0305, % updates: 22.998%
INFO:root:-- EPOCH 28 (1.486 seconds):
INFO:root:COST >> 0.332 +/- 0.0271, % updates: 22.366%
INFO:root:-- EPOCH 29 (1.523 seconds):
INFO:root:COST >> 0.3204 +/- 0.0272, % updates: 21.806%
INFO:root:-- EPOCH 30 (1.518 seconds):
INFO:root:COST >> 0.3045 +/- 0.0249, % updates: 21.108%
INFO:root:-- EPOCH 31 (1.517 seconds):
INFO:root:COST >> 0.2915 +/- 0.0251, % updates: 20.528%
INFO:root:-- EPOCH 32 (1.516 seconds):
INFO:root:COST >> 0.2824 +/- 0.0248, % updates: 20.204%
INFO:root:-- EPOCH 33 (1.505 seconds):
INFO:root:COST >> 0.2734 +/- 0.0234, % updates: 19.725%
INFO:root:-- EPOCH 34 (1.532 seconds):
INFO:root:COST >> 0.2658 +/- 0.0219, % updates: 19.403%
INFO:root:-- EPOCH 35 (1.515 seconds):
INFO:root:COST >> 0.2561 +/- 0.0178, % updates: 18.813%
INFO:root:-- EPOCH 36 (1.528 seconds):
INFO:root:COST >> 0.2484 +/- 0.0201, % updates: 18.531%
INFO:root:-- EPOCH 37 (1.496 seconds):
INFO:root:COST >> 0.2402 +/- 0.0205, % updates: 18.165%
INFO:root:-- EPOCH 38 (1.502 seconds):
INFO:root:COST >> 0.2335 +/- 0.0215, % updates: 17.703%
INFO:root:-- EPOCH 39 (1.521 seconds):
INFO:root:COST >> 0.2271 +/- 0.0175, % updates: 17.46%
INFO:root:-- EPOCH 40 (1.502 seconds):
INFO:root:COST >> 0.2214 +/- 0.0163, % updates: 17.17%
INFO:root:-- EPOCH 41 (1.458 seconds):
INFO:root:COST >> 0.2139 +/- 0.0202, % updates: 16.83%
INFO:root:-- EPOCH 42 (1.52 seconds):
INFO:root:COST >> 0.2101 +/- 0.0185, % updates: 16.628%
INFO:root:-- EPOCH 43 (1.492 seconds):
INFO:root:COST >> 0.206 +/- 0.0163, % updates: 16.369%
INFO:root:-- EPOCH 44 (1.467 seconds):
INFO:root:COST >> 0.2006 +/- 0.0161, % updates: 16.133%
INFO:root:-- EPOCH 45 (1.504 seconds):
INFO:root:COST >> 0.1971 +/- 0.0172, % updates: 15.925%
INFO:root:-- EPOCH 46 (1.583 seconds):
INFO:root:COST >> 0.1945 +/- 0.0159, % updates: 15.804%
INFO:root:-- EPOCH 47 (1.507 seconds):
INFO:root:COST >> 0.1902 +/- 0.0142, % updates: 15.57%
INFO:root:-- EPOCH 48 (1.479 seconds):
INFO:root:COST >> 0.1867 +/- 0.0163, % updates: 15.273%
INFO:root:-- EPOCH 49 (1.496 seconds):
INFO:root:COST >> 0.1816 +/- 0.0155, % updates: 15.043%
INFO:root:-- EPOCH 50 (1.517 seconds):
INFO:root:COST >> 0.1807 +/- 0.0159, % updates: 15.007%
INFO:root:-- EPOCH 51 (1.54 seconds):
INFO:root:COST >> 0.177 +/- 0.016, % updates: 14.833%
INFO:root:-- EPOCH 52 (1.467 seconds):
INFO:root:COST >> 0.1746 +/- 0.0135, % updates: 14.663%
INFO:root:-- EPOCH 53 (1.502 seconds):
INFO:root:COST >> 0.1695 +/- 0.0128, % updates: 14.368%
INFO:root:-- EPOCH 54 (1.491 seconds):
INFO:root:COST >> 0.1661 +/- 0.014, % updates: 14.232%
INFO:root:-- EPOCH 55 (1.509 seconds):
INFO:root:COST >> 0.1628 +/- 0.0115, % updates: 13.966%
INFO:root:-- EPOCH 56 (1.484 seconds):
INFO:root:COST >> 0.1606 +/- 0.0125, % updates: 13.843%
INFO:root:-- EPOCH 57 (1.516 seconds):
INFO:root:COST >> 0.16 +/- 0.0129, % updates: 13.892%
INFO:root:-- EPOCH 58 (1.536 seconds):
INFO:root:COST >> 0.1566 +/- 0.0128, % updates: 13.632%
INFO:root:-- EPOCH 59 (1.485 seconds):
INFO:root:COST >> 0.1556 +/- 0.0132, % updates: 13.576%
INFO:root:-- EPOCH 60 (1.496 seconds):
INFO:root:COST >> 0.1529 +/- 0.0146, % updates: 13.4%
INFO:root:-- EPOCH 61 (1.502 seconds):
INFO:root:COST >> 0.1497 +/- 0.0106, % updates: 13.177%
INFO:root:-- EPOCH 62 (1.498 seconds):
INFO:root:COST >> 0.1488 +/- 0.0111, % updates: 13.169%
INFO:root:-- EPOCH 63 (1.503 seconds):
INFO:root:COST >> 0.1442 +/- 0.0137, % updates: 12.926%
INFO:root:-- EPOCH 64 (1.511 seconds):
INFO:root:COST >> 0.1469 +/- 0.0134, % updates: 13.071%
INFO:root:-- EPOCH 65 (1.491 seconds):
INFO:root:COST >> 0.1456 +/- 0.0115, % updates: 12.9%
INFO:root:-- EPOCH 66 (1.491 seconds):
INFO:root:COST >> 0.1429 +/- 0.01, % updates: 12.806%
INFO:root:-- EPOCH 67 (1.769 seconds):
INFO:root:COST >> 0.1397 +/- 0.0104, % updates: 12.686%
INFO:root:-- EPOCH 68 (1.89 seconds):
INFO:root:COST >> 0.1399 +/- 0.0112, % updates: 12.648%
INFO:root:-- EPOCH 69 (1.917 seconds):
INFO:root:COST >> 0.1366 +/- 0.0123, % updates: 12.533%
INFO:root:-- EPOCH 70 (1.872 seconds):
INFO:root:COST >> 0.1379 +/- 0.0092, % updates: 12.525%
INFO:root:-- EPOCH 71 (1.558 seconds):
INFO:root:COST >> 0.135 +/- 0.0093, % updates: 12.342%
INFO:root:-- EPOCH 72 (1.519 seconds):
INFO:root:COST >> 0.1321 +/- 0.0108, % updates: 12.126%
INFO:root:-- EPOCH 73 (1.488 seconds):
INFO:root:COST >> 0.1317 +/- 0.0098, % updates: 12.034%
INFO:root:-- EPOCH 74 (1.53 seconds):
INFO:root:COST >> 0.1305 +/- 0.0087, % updates: 12.133%
INFO:root:-- EPOCH 75 (1.537 seconds):
INFO:root:COST >> 0.1293 +/- 0.0078, % updates: 11.99%
INFO:root:-- EPOCH 76 (1.508 seconds):
INFO:root:COST >> 0.1275 +/- 0.0108, % updates: 11.84%
INFO:root:-- EPOCH 77 (1.494 seconds):
INFO:root:COST >> 0.1263 +/- 0.0101, % updates: 11.781%
INFO:root:-- EPOCH 78 (1.531 seconds):
INFO:root:COST >> 0.1244 +/- 0.0078, % updates: 11.608%
INFO:root:-- EPOCH 79 (1.974 seconds):
INFO:root:COST >> 0.1231 +/- 0.0085, % updates: 11.515%
INFO:root:-- EPOCH 80 (1.748 seconds):
INFO:root:COST >> 0.1214 +/- 0.0091, % updates: 11.373%
INFO:root:-- EPOCH 81 (1.526 seconds):
INFO:root:COST >> 0.1191 +/- 0.0088, % updates: 11.294%
INFO:root:-- EPOCH 82 (1.536 seconds):
INFO:root:COST >> 0.1193 +/- 0.0094, % updates: 11.287%
INFO:root:-- EPOCH 83 (1.5 seconds):
INFO:root:COST >> 0.1187 +/- 0.0087, % updates: 11.308%
INFO:root:-- EPOCH 84 (1.52 seconds):
INFO:root:COST >> 0.1179 +/- 0.0079, % updates: 11.186%
INFO:root:-- EPOCH 85 (1.486 seconds):
INFO:root:COST >> 0.1154 +/- 0.0084, % updates: 11.024%
INFO:root:-- EPOCH 86 (1.835 seconds):
INFO:root:COST >> 0.1154 +/- 0.0065, % updates: 11.038%
INFO:root:-- EPOCH 87 (1.796 seconds):
INFO:root:COST >> 0.1139 +/- 0.0066, % updates: 10.925%
INFO:root:-- EPOCH 88 (1.72 seconds):
INFO:root:COST >> 0.1118 +/- 0.0081, % updates: 10.781%
INFO:root:-- EPOCH 89 (1.48 seconds):
INFO:root:COST >> 0.1117 +/- 0.0084, % updates: 10.845%
INFO:root:-- EPOCH 90 (1.487 seconds):
INFO:root:COST >> 0.111 +/- 0.0078, % updates: 10.766%
INFO:root:-- EPOCH 91 (1.487 seconds):
INFO:root:COST >> 0.1108 +/- 0.0074, % updates: 10.71%
INFO:root:-- EPOCH 92 (1.455 seconds):
INFO:root:COST >> 0.1077 +/- 0.0071, % updates: 10.542%
INFO:root:-- EPOCH 93 (1.495 seconds):
INFO:root:COST >> 0.1085 +/- 0.0065, % updates: 10.534%
INFO:root:-- EPOCH 94 (1.506 seconds):
INFO:root:COST >> 0.1075 +/- 0.008, % updates: 10.544%
INFO:root:-- EPOCH 95 (1.514 seconds):
INFO:root:COST >> 0.1062 +/- 0.0057, % updates: 10.439%
INFO:root:-- EPOCH 96 (1.508 seconds):
INFO:root:COST >> 0.1058 +/- 0.0078, % updates: 10.39%
INFO:root:-- EPOCH 97 (1.539 seconds):
INFO:root:COST >> 0.105 +/- 0.0075, % updates: 10.337%
INFO:root:-- EPOCH 98 (1.519 seconds):
INFO:root:COST >> 0.1035 +/- 0.0065, % updates: 10.251%
INFO:root:-- EPOCH 99 (1.479 seconds):
INFO:root:COST >> 0.1054 +/- 0.0076, % updates: 10.342%
INFO:root:-- EPOCH 100 (1.237 seconds):
INFO:root:COST >> 0.1035 +/- 0.0065, % updates: 10.223%
