INFO:root:Shape for training set: (40961, 141442)
INFO:root:State: {'ndim': '20', 'test_all': 'None', 'test_path': 'None', 'nhid': '50', 'lremb': '10.0', 'seed': '7', 'simfn': 'L1', 'valid_path': 'None', 'nbatches': '10', 'lrparam': '10.0', 'decay': '0.999', 'show_hinton_diagrams': 'False', 'no_rescaling': 'True', 'Nrel': '18', 'ranking_score_right': 'False', 'Nent': '40961', 'Nsyn': '40943', 'method': 'ADAGRAD', 'loss_margin': '1.0', 'C': '1.0', 'epsilon': '1e-06', 'use_db': 'True', 'max_lr': 'None', 'l1_param_weight': 'None', 'filtered': 'False', 'name': 'wn_opt/wn_ADAGRAD_77', 'totepochs': '100', 'l2_param_weight': 'None', 'train_path': 'data/wn/WN-train.pkl', 'op': 'TransE'}
INFO:root:Starting the Experiment ..
INFO:root:-- EPOCH 1 (1.819 seconds):
INFO:root:COST >> 3.1921 +/- 0.4505, % updates: 66.186%
INFO:root:-- EPOCH 2 (1.883 seconds):
INFO:root:COST >> 3.4301 +/- 0.1591, % updates: 61.436%
INFO:root:-- EPOCH 3 (1.755 seconds):
INFO:root:COST >> 3.4121 +/- 0.1646, % updates: 61.099%
INFO:root:-- EPOCH 4 (1.825 seconds):
INFO:root:COST >> 3.4201 +/- 0.1473, % updates: 61.074%
INFO:root:-- EPOCH 5 (1.817 seconds):
INFO:root:COST >> 3.4062 +/- 0.1799, % updates: 60.737%
INFO:root:-- EPOCH 6 (1.926 seconds):
INFO:root:COST >> 3.4056 +/- 0.1704, % updates: 60.641%
INFO:root:-- EPOCH 7 (1.867 seconds):
INFO:root:COST >> 3.3947 +/- 0.1748, % updates: 60.56%
INFO:root:-- EPOCH 8 (1.831 seconds):
INFO:root:COST >> 3.3861 +/- 0.1657, % updates: 60.369%
INFO:root:-- EPOCH 9 (1.797 seconds):
INFO:root:COST >> 3.3925 +/- 0.177, % updates: 60.26%
INFO:root:-- EPOCH 10 (1.864 seconds):
INFO:root:COST >> 3.3901 +/- 0.1516, % updates: 60.306%
INFO:root:-- EPOCH 11 (1.773 seconds):
INFO:root:COST >> 3.3934 +/- 0.1713, % updates: 60.186%
INFO:root:-- EPOCH 12 (1.716 seconds):
INFO:root:COST >> 3.3838 +/- 0.1793, % updates: 60.078%
INFO:root:-- EPOCH 13 (1.907 seconds):
INFO:root:COST >> 3.3702 +/- 0.1623, % updates: 59.961%
INFO:root:-- EPOCH 14 (1.805 seconds):
INFO:root:COST >> 3.3718 +/- 0.1881, % updates: 59.835%
INFO:root:-- EPOCH 15 (1.711 seconds):
INFO:root:COST >> 3.3761 +/- 0.1789, % updates: 59.865%
INFO:root:-- EPOCH 16 (1.797 seconds):
INFO:root:COST >> 3.3681 +/- 0.1909, % updates: 59.681%
INFO:root:-- EPOCH 17 (1.74 seconds):
INFO:root:COST >> 3.3666 +/- 0.1837, % updates: 59.653%
INFO:root:-- EPOCH 18 (1.805 seconds):
INFO:root:COST >> 3.3671 +/- 0.1761, % updates: 59.701%
INFO:root:-- EPOCH 19 (1.846 seconds):
INFO:root:COST >> 3.3566 +/- 0.1754, % updates: 59.48%
INFO:root:-- EPOCH 20 (1.973 seconds):
INFO:root:COST >> 3.3697 +/- 0.1859, % updates: 59.541%
INFO:root:-- EPOCH 21 (1.771 seconds):
INFO:root:COST >> 3.3489 +/- 0.1796, % updates: 59.234%
INFO:root:-- EPOCH 22 (1.528 seconds):
INFO:root:COST >> 3.3676 +/- 0.1874, % updates: 59.503%
INFO:root:-- EPOCH 23 (1.633 seconds):
INFO:root:COST >> 3.37 +/- 0.2026, % updates: 59.312%
INFO:root:-- EPOCH 24 (1.751 seconds):
INFO:root:COST >> 3.3496 +/- 0.1874, % updates: 59.309%
INFO:root:-- EPOCH 25 (1.708 seconds):
INFO:root:COST >> 3.3442 +/- 0.1804, % updates: 59.041%
INFO:root:-- EPOCH 26 (1.81 seconds):
INFO:root:COST >> 3.3493 +/- 0.1825, % updates: 59.23%
INFO:root:-- EPOCH 27 (1.878 seconds):
INFO:root:COST >> 3.3499 +/- 0.1724, % updates: 59.142%
INFO:root:-- EPOCH 28 (1.812 seconds):
INFO:root:COST >> 3.3429 +/- 0.1895, % updates: 58.956%
INFO:root:-- EPOCH 29 (1.878 seconds):
INFO:root:COST >> 3.3555 +/- 0.1944, % updates: 59.072%
INFO:root:-- EPOCH 30 (1.802 seconds):
INFO:root:COST >> 3.35 +/- 0.1899, % updates: 59.017%
INFO:root:-- EPOCH 31 (1.894 seconds):
INFO:root:COST >> 3.338 +/- 0.1955, % updates: 58.81%
INFO:root:-- EPOCH 32 (1.934 seconds):
INFO:root:COST >> 3.3332 +/- 0.1633, % updates: 58.734%
INFO:root:-- EPOCH 33 (2.048 seconds):
INFO:root:COST >> 3.3382 +/- 0.1849, % updates: 58.892%
INFO:root:-- EPOCH 34 (1.785 seconds):
INFO:root:COST >> 3.3364 +/- 0.1811, % updates: 58.696%
INFO:root:-- EPOCH 35 (1.855 seconds):
INFO:root:COST >> 3.3412 +/- 0.1867, % updates: 58.769%
INFO:root:-- EPOCH 36 (1.943 seconds):
INFO:root:COST >> 3.3331 +/- 0.1929, % updates: 58.771%
INFO:root:-- EPOCH 37 (1.908 seconds):
INFO:root:COST >> 3.3395 +/- 0.1977, % updates: 58.673%
INFO:root:-- EPOCH 38 (1.862 seconds):
INFO:root:COST >> 3.3325 +/- 0.1707, % updates: 58.47%
INFO:root:-- EPOCH 39 (1.868 seconds):
INFO:root:COST >> 3.3277 +/- 0.1985, % updates: 58.538%
INFO:root:-- EPOCH 40 (2.165 seconds):
INFO:root:COST >> 3.3285 +/- 0.1787, % updates: 58.58%
INFO:root:-- EPOCH 41 (2.036 seconds):
INFO:root:COST >> 3.3286 +/- 0.1952, % updates: 58.558%
INFO:root:-- EPOCH 42 (2.014 seconds):
INFO:root:COST >> 3.3289 +/- 0.1903, % updates: 58.471%
INFO:root:-- EPOCH 43 (2.042 seconds):
INFO:root:COST >> 3.3156 +/- 0.203, % updates: 58.359%
INFO:root:-- EPOCH 44 (1.825 seconds):
INFO:root:COST >> 3.3211 +/- 0.1842, % updates: 58.328%
INFO:root:-- EPOCH 45 (1.777 seconds):
INFO:root:COST >> 3.3219 +/- 0.2019, % updates: 58.304%
INFO:root:-- EPOCH 46 (1.718 seconds):
INFO:root:COST >> 3.316 +/- 0.1819, % updates: 58.282%
INFO:root:-- EPOCH 47 (1.593 seconds):
INFO:root:COST >> 3.3187 +/- 0.2089, % updates: 58.326%
INFO:root:-- EPOCH 48 (1.533 seconds):
INFO:root:COST >> 3.3059 +/- 0.1906, % updates: 58.226%
INFO:root:-- EPOCH 49 (1.598 seconds):
INFO:root:COST >> 3.3019 +/- 0.2054, % updates: 57.94%
INFO:root:-- EPOCH 50 (1.472 seconds):
INFO:root:COST >> 3.3011 +/- 0.211, % updates: 58.059%
INFO:root:-- EPOCH 51 (1.485 seconds):
INFO:root:COST >> 3.3085 +/- 0.1847, % updates: 58.045%
INFO:root:-- EPOCH 52 (1.472 seconds):
INFO:root:COST >> 3.3047 +/- 0.1922, % updates: 58.187%
INFO:root:-- EPOCH 53 (1.469 seconds):
INFO:root:COST >> 3.299 +/- 0.199, % updates: 57.934%
INFO:root:-- EPOCH 54 (1.5 seconds):
INFO:root:COST >> 3.2989 +/- 0.2088, % updates: 58.012%
INFO:root:-- EPOCH 55 (1.475 seconds):
INFO:root:COST >> 3.3018 +/- 0.1933, % updates: 57.843%
INFO:root:-- EPOCH 56 (1.463 seconds):
INFO:root:COST >> 3.2921 +/- 0.1795, % updates: 57.858%
INFO:root:-- EPOCH 57 (1.457 seconds):
INFO:root:COST >> 3.2914 +/- 0.2025, % updates: 57.838%
INFO:root:-- EPOCH 58 (1.698 seconds):
INFO:root:COST >> 3.3072 +/- 0.1924, % updates: 57.887%
INFO:root:-- EPOCH 59 (2.182 seconds):
INFO:root:COST >> 3.2907 +/- 0.2019, % updates: 57.773%
INFO:root:-- EPOCH 60 (1.993 seconds):
INFO:root:COST >> 3.2925 +/- 0.1975, % updates: 57.863%
INFO:root:-- EPOCH 61 (1.587 seconds):
INFO:root:COST >> 3.2951 +/- 0.1948, % updates: 57.882%
INFO:root:-- EPOCH 62 (2.272 seconds):
INFO:root:COST >> 3.2871 +/- 0.1959, % updates: 57.706%
INFO:root:-- EPOCH 63 (1.651 seconds):
INFO:root:COST >> 3.2682 +/- 0.1936, % updates: 57.566%
INFO:root:-- EPOCH 64 (1.552 seconds):
INFO:root:COST >> 3.2761 +/- 0.1829, % updates: 57.56%
INFO:root:-- EPOCH 65 (1.486 seconds):
INFO:root:COST >> 3.2811 +/- 0.1969, % updates: 57.511%
INFO:root:-- EPOCH 66 (1.505 seconds):
INFO:root:COST >> 3.2731 +/- 0.1989, % updates: 57.602%
INFO:root:-- EPOCH 67 (1.46 seconds):
INFO:root:COST >> 3.267 +/- 0.1952, % updates: 57.449%
INFO:root:-- EPOCH 68 (1.507 seconds):
INFO:root:COST >> 3.2776 +/- 0.1822, % updates: 57.431%
INFO:root:-- EPOCH 69 (1.588 seconds):
INFO:root:COST >> 3.2723 +/- 0.1913, % updates: 57.492%
INFO:root:-- EPOCH 70 (2.077 seconds):
INFO:root:COST >> 3.2811 +/- 0.2011, % updates: 57.489%
INFO:root:-- EPOCH 71 (2.037 seconds):
INFO:root:COST >> 3.2763 +/- 0.2082, % updates: 57.488%
INFO:root:-- EPOCH 72 (1.596 seconds):
INFO:root:COST >> 3.2792 +/- 0.2043, % updates: 57.433%
INFO:root:-- EPOCH 73 (1.487 seconds):
INFO:root:COST >> 3.2717 +/- 0.1914, % updates: 57.313%
INFO:root:-- EPOCH 74 (1.774 seconds):
INFO:root:COST >> 3.2668 +/- 0.2033, % updates: 57.422%
INFO:root:-- EPOCH 75 (2.209 seconds):
INFO:root:COST >> 3.2612 +/- 0.2127, % updates: 57.332%
INFO:root:-- EPOCH 76 (2.048 seconds):
INFO:root:COST >> 3.2613 +/- 0.207, % updates: 57.254%
INFO:root:-- EPOCH 77 (1.988 seconds):
INFO:root:COST >> 3.2608 +/- 0.2122, % updates: 57.398%
INFO:root:-- EPOCH 78 (1.956 seconds):
INFO:root:COST >> 3.268 +/- 0.2166, % updates: 57.408%
INFO:root:-- EPOCH 79 (2.037 seconds):
INFO:root:COST >> 3.2628 +/- 0.2191, % updates: 57.263%
INFO:root:-- EPOCH 80 (2.06 seconds):
INFO:root:COST >> 3.2614 +/- 0.2158, % updates: 57.29%
INFO:root:-- EPOCH 81 (1.991 seconds):
INFO:root:COST >> 3.2591 +/- 0.2115, % updates: 57.092%
INFO:root:-- EPOCH 82 (1.957 seconds):
INFO:root:COST >> 3.2518 +/- 0.1936, % updates: 57.122%
INFO:root:-- EPOCH 83 (1.943 seconds):
INFO:root:COST >> 3.2487 +/- 0.1956, % updates: 57.218%
INFO:root:-- EPOCH 84 (1.906 seconds):
INFO:root:COST >> 3.2535 +/- 0.1981, % updates: 57.177%
INFO:root:-- EPOCH 85 (1.986 seconds):
INFO:root:COST >> 3.2523 +/- 0.1991, % updates: 56.982%
INFO:root:-- EPOCH 86 (1.973 seconds):
INFO:root:COST >> 3.2508 +/- 0.1971, % updates: 57.29%
INFO:root:-- EPOCH 87 (1.942 seconds):
INFO:root:COST >> 3.2664 +/- 0.2129, % updates: 57.303%
INFO:root:-- EPOCH 88 (1.959 seconds):
INFO:root:COST >> 3.258 +/- 0.2182, % updates: 57.32%
INFO:root:-- EPOCH 89 (1.93 seconds):
INFO:root:COST >> 3.2507 +/- 0.2049, % updates: 57.195%
INFO:root:-- EPOCH 90 (2.017 seconds):
INFO:root:COST >> 3.2529 +/- 0.2118, % updates: 57.286%
INFO:root:-- EPOCH 91 (1.946 seconds):
INFO:root:COST >> 3.2415 +/- 0.2059, % updates: 57.006%
INFO:root:-- EPOCH 92 (2.06 seconds):
INFO:root:COST >> 3.2301 +/- 0.2115, % updates: 56.992%
INFO:root:-- EPOCH 93 (1.977 seconds):
INFO:root:COST >> 3.2348 +/- 0.2026, % updates: 57.194%
INFO:root:-- EPOCH 94 (2.002 seconds):
INFO:root:COST >> 3.2292 +/- 0.2182, % updates: 56.903%
INFO:root:-- EPOCH 95 (1.987 seconds):
INFO:root:COST >> 3.2321 +/- 0.2169, % updates: 56.968%
INFO:root:-- EPOCH 96 (2.016 seconds):
INFO:root:COST >> 3.2232 +/- 0.2136, % updates: 56.91%
INFO:root:-- EPOCH 97 (2.045 seconds):
INFO:root:COST >> 3.2335 +/- 0.2085, % updates: 56.962%
INFO:root:-- EPOCH 98 (2.013 seconds):
INFO:root:COST >> 3.2227 +/- 0.1975, % updates: 56.792%
INFO:root:-- EPOCH 99 (1.761 seconds):
INFO:root:COST >> 3.2219 +/- 0.2304, % updates: 56.882%
INFO:root:-- EPOCH 100 (1.679 seconds):
INFO:root:COST >> 3.2464 +/- 0.2014, % updates: 57.066%
