INFO:root:Shape for training set: (40961, 141442)
INFO:root:State: {'ndim': '20', 'test_all': 'None', 'test_path': 'None', 'nhid': '50', 'lremb': '1.0', 'seed': '2', 'simfn': 'L1', 'valid_path': 'None', 'nbatches': '10', 'lrparam': '1.0', 'decay': '0.9999', 'show_hinton_diagrams': 'False', 'no_rescaling': 'True', 'Nrel': '18', 'ranking_score_right': 'False', 'Nent': '40961', 'Nsyn': '40943', 'method': 'ADADELTA', 'loss_margin': '1.0', 'C': '1.0', 'epsilon': '0.001', 'use_db': 'True', 'max_lr': 'None', 'l1_param_weight': 'None', 'filtered': 'False', 'name': 'wn_opt/wn_ADADELTA_52', 'totepochs': '100', 'l2_param_weight': 'None', 'train_path': 'data/wn/WN-train.pkl', 'op': 'TransE'}
INFO:root:Starting the Experiment ..
INFO:root:-- EPOCH 1 (1.998 seconds):
INFO:root:COST >> 3.322 +/- 0.533, % updates: 66.984%
INFO:root:-- EPOCH 2 (1.348 seconds):
INFO:root:COST >> 3.575 +/- 0.1988, % updates: 62.686%
INFO:root:-- EPOCH 3 (1.393 seconds):
INFO:root:COST >> 3.572 +/- 0.2106, % updates: 62.819%
INFO:root:-- EPOCH 4 (1.33 seconds):
INFO:root:COST >> 3.5765 +/- 0.2127, % updates: 62.822%
INFO:root:-- EPOCH 5 (1.342 seconds):
INFO:root:COST >> 3.5764 +/- 0.2001, % updates: 62.807%
INFO:root:-- EPOCH 6 (1.645 seconds):
INFO:root:COST >> 3.5776 +/- 0.1937, % updates: 62.641%
INFO:root:-- EPOCH 7 (1.605 seconds):
INFO:root:COST >> 3.5587 +/- 0.1966, % updates: 62.651%
INFO:root:-- EPOCH 8 (1.609 seconds):
INFO:root:COST >> 3.5663 +/- 0.1985, % updates: 62.576%
INFO:root:-- EPOCH 9 (1.667 seconds):
INFO:root:COST >> 3.5786 +/- 0.2046, % updates: 62.784%
INFO:root:-- EPOCH 10 (1.667 seconds):
INFO:root:COST >> 3.5772 +/- 0.1928, % updates: 62.737%
INFO:root:-- EPOCH 11 (1.635 seconds):
INFO:root:COST >> 3.5704 +/- 0.1852, % updates: 62.738%
INFO:root:-- EPOCH 12 (1.606 seconds):
INFO:root:COST >> 3.5804 +/- 0.1987, % updates: 62.715%
INFO:root:-- EPOCH 13 (1.682 seconds):
INFO:root:COST >> 3.5718 +/- 0.2003, % updates: 62.773%
INFO:root:-- EPOCH 14 (1.674 seconds):
INFO:root:COST >> 3.5683 +/- 0.204, % updates: 62.564%
INFO:root:-- EPOCH 15 (1.619 seconds):
INFO:root:COST >> 3.5687 +/- 0.2147, % updates: 62.566%
INFO:root:-- EPOCH 16 (1.629 seconds):
INFO:root:COST >> 3.5677 +/- 0.1948, % updates: 62.644%
INFO:root:-- EPOCH 17 (1.669 seconds):
INFO:root:COST >> 3.567 +/- 0.2178, % updates: 62.84%
INFO:root:-- EPOCH 18 (1.632 seconds):
INFO:root:COST >> 3.5818 +/- 0.2024, % updates: 62.812%
INFO:root:-- EPOCH 19 (1.643 seconds):
INFO:root:COST >> 3.576 +/- 0.2082, % updates: 62.839%
INFO:root:-- EPOCH 20 (1.656 seconds):
INFO:root:COST >> 3.5688 +/- 0.212, % updates: 62.693%
INFO:root:-- EPOCH 21 (1.606 seconds):
INFO:root:COST >> 3.5755 +/- 0.1962, % updates: 62.858%
INFO:root:-- EPOCH 22 (1.75 seconds):
INFO:root:COST >> 3.5493 +/- 0.1991, % updates: 62.431%
INFO:root:-- EPOCH 23 (1.628 seconds):
INFO:root:COST >> 3.5745 +/- 0.2075, % updates: 62.496%
INFO:root:-- EPOCH 24 (1.64 seconds):
INFO:root:COST >> 3.5711 +/- 0.2143, % updates: 62.629%
INFO:root:-- EPOCH 25 (1.579 seconds):
INFO:root:COST >> 3.5721 +/- 0.1931, % updates: 62.804%
INFO:root:-- EPOCH 26 (1.608 seconds):
INFO:root:COST >> 3.5728 +/- 0.2058, % updates: 62.895%
INFO:root:-- EPOCH 27 (1.6 seconds):
INFO:root:COST >> 3.5673 +/- 0.2084, % updates: 62.762%
INFO:root:-- EPOCH 28 (1.651 seconds):
INFO:root:COST >> 3.5696 +/- 0.2031, % updates: 62.673%
INFO:root:-- EPOCH 29 (1.637 seconds):
INFO:root:COST >> 3.578 +/- 0.2013, % updates: 62.754%
INFO:root:-- EPOCH 30 (1.635 seconds):
INFO:root:COST >> 3.5635 +/- 0.1972, % updates: 62.697%
INFO:root:-- EPOCH 31 (1.66 seconds):
INFO:root:COST >> 3.5879 +/- 0.1945, % updates: 62.877%
INFO:root:-- EPOCH 32 (1.638 seconds):
INFO:root:COST >> 3.5773 +/- 0.2054, % updates: 62.644%
INFO:root:-- EPOCH 33 (1.607 seconds):
INFO:root:COST >> 3.5713 +/- 0.2151, % updates: 62.77%
INFO:root:-- EPOCH 34 (1.607 seconds):
INFO:root:COST >> 3.5649 +/- 0.2078, % updates: 62.733%
INFO:root:-- EPOCH 35 (1.62 seconds):
INFO:root:COST >> 3.5716 +/- 0.194, % updates: 62.794%
INFO:root:-- EPOCH 36 (1.653 seconds):
INFO:root:COST >> 3.5735 +/- 0.2045, % updates: 62.813%
INFO:root:-- EPOCH 37 (1.621 seconds):
INFO:root:COST >> 3.5662 +/- 0.203, % updates: 62.576%
INFO:root:-- EPOCH 38 (1.623 seconds):
INFO:root:COST >> 3.5738 +/- 0.1999, % updates: 62.703%
INFO:root:-- EPOCH 39 (1.673 seconds):
INFO:root:COST >> 3.5781 +/- 0.2021, % updates: 62.849%
INFO:root:-- EPOCH 40 (1.615 seconds):
INFO:root:COST >> 3.5705 +/- 0.1931, % updates: 62.579%
INFO:root:-- EPOCH 41 (1.63 seconds):
INFO:root:COST >> 3.5597 +/- 0.1828, % updates: 62.704%
INFO:root:-- EPOCH 42 (1.744 seconds):
INFO:root:COST >> 3.5733 +/- 0.2023, % updates: 62.718%
INFO:root:-- EPOCH 43 (1.658 seconds):
INFO:root:COST >> 3.5711 +/- 0.2103, % updates: 62.862%
INFO:root:-- EPOCH 44 (1.623 seconds):
INFO:root:COST >> 3.5745 +/- 0.1975, % updates: 62.818%
INFO:root:-- EPOCH 45 (1.693 seconds):
INFO:root:COST >> 3.5709 +/- 0.211, % updates: 62.654%
INFO:root:-- EPOCH 46 (1.618 seconds):
INFO:root:COST >> 3.5719 +/- 0.2012, % updates: 62.699%
INFO:root:-- EPOCH 47 (1.791 seconds):
INFO:root:COST >> 3.5614 +/- 0.2074, % updates: 62.594%
INFO:root:-- EPOCH 48 (2.085 seconds):
INFO:root:COST >> 3.5633 +/- 0.1975, % updates: 62.706%
INFO:root:-- EPOCH 49 (2.017 seconds):
INFO:root:COST >> 3.5887 +/- 0.2191, % updates: 62.818%
INFO:root:-- EPOCH 50 (1.682 seconds):
INFO:root:COST >> 3.5688 +/- 0.215, % updates: 62.705%
INFO:root:-- EPOCH 51 (1.601 seconds):
INFO:root:COST >> 3.5566 +/- 0.2056, % updates: 62.644%
INFO:root:-- EPOCH 52 (1.677 seconds):
INFO:root:COST >> 3.5711 +/- 0.1853, % updates: 62.755%
INFO:root:-- EPOCH 53 (1.688 seconds):
INFO:root:COST >> 3.5669 +/- 0.2038, % updates: 62.672%
INFO:root:-- EPOCH 54 (1.612 seconds):
INFO:root:COST >> 3.5624 +/- 0.1949, % updates: 62.685%
INFO:root:-- EPOCH 55 (1.66 seconds):
INFO:root:COST >> 3.5605 +/- 0.1819, % updates: 62.727%
INFO:root:-- EPOCH 56 (1.648 seconds):
INFO:root:COST >> 3.5694 +/- 0.1969, % updates: 62.668%
INFO:root:-- EPOCH 57 (1.626 seconds):
INFO:root:COST >> 3.5695 +/- 0.2058, % updates: 62.686%
INFO:root:-- EPOCH 58 (1.602 seconds):
INFO:root:COST >> 3.5641 +/- 0.1964, % updates: 62.587%
INFO:root:-- EPOCH 59 (1.629 seconds):
INFO:root:COST >> 3.5644 +/- 0.1955, % updates: 62.436%
INFO:root:-- EPOCH 60 (1.582 seconds):
INFO:root:COST >> 3.5717 +/- 0.2004, % updates: 62.704%
INFO:root:-- EPOCH 61 (1.644 seconds):
INFO:root:COST >> 3.5534 +/- 0.1981, % updates: 62.512%
INFO:root:-- EPOCH 62 (1.809 seconds):
INFO:root:COST >> 3.5795 +/- 0.1958, % updates: 62.93%
INFO:root:-- EPOCH 63 (1.612 seconds):
INFO:root:COST >> 3.5682 +/- 0.2024, % updates: 62.715%
INFO:root:-- EPOCH 64 (1.604 seconds):
INFO:root:COST >> 3.5765 +/- 0.1894, % updates: 62.797%
INFO:root:-- EPOCH 65 (1.642 seconds):
INFO:root:COST >> 3.5732 +/- 0.2026, % updates: 62.747%
INFO:root:-- EPOCH 66 (1.825 seconds):
INFO:root:COST >> 3.554 +/- 0.2052, % updates: 62.565%
INFO:root:-- EPOCH 67 (2.109 seconds):
INFO:root:COST >> 3.5836 +/- 0.1991, % updates: 63.059%
INFO:root:-- EPOCH 68 (2.043 seconds):
INFO:root:COST >> 3.5721 +/- 0.1953, % updates: 62.654%
INFO:root:-- EPOCH 69 (2.064 seconds):
INFO:root:COST >> 3.5812 +/- 0.211, % updates: 62.723%
INFO:root:-- EPOCH 70 (2.077 seconds):
INFO:root:COST >> 3.5719 +/- 0.1954, % updates: 62.757%
INFO:root:-- EPOCH 71 (2.063 seconds):
INFO:root:COST >> 3.5697 +/- 0.1959, % updates: 62.764%
INFO:root:-- EPOCH 72 (2.065 seconds):
INFO:root:COST >> 3.5726 +/- 0.2117, % updates: 62.797%
INFO:root:-- EPOCH 73 (2.082 seconds):
INFO:root:COST >> 3.5783 +/- 0.1832, % updates: 62.658%
INFO:root:-- EPOCH 74 (2.077 seconds):
INFO:root:COST >> 3.5659 +/- 0.2007, % updates: 62.697%
INFO:root:-- EPOCH 75 (2.085 seconds):
INFO:root:COST >> 3.5492 +/- 0.1993, % updates: 62.579%
INFO:root:-- EPOCH 76 (2.084 seconds):
INFO:root:COST >> 3.5624 +/- 0.1961, % updates: 62.642%
INFO:root:-- EPOCH 77 (2.079 seconds):
INFO:root:COST >> 3.5748 +/- 0.2049, % updates: 62.787%
INFO:root:-- EPOCH 78 (2.059 seconds):
INFO:root:COST >> 3.583 +/- 0.2183, % updates: 62.837%
INFO:root:-- EPOCH 79 (2.086 seconds):
INFO:root:COST >> 3.5808 +/- 0.1965, % updates: 62.913%
INFO:root:-- EPOCH 80 (2.066 seconds):
INFO:root:COST >> 3.5771 +/- 0.2137, % updates: 62.795%
INFO:root:-- EPOCH 81 (2.092 seconds):
INFO:root:COST >> 3.598 +/- 0.204, % updates: 62.884%
INFO:root:-- EPOCH 82 (2.077 seconds):
INFO:root:COST >> 3.5839 +/- 0.2055, % updates: 62.721%
INFO:root:-- EPOCH 83 (2.07 seconds):
INFO:root:COST >> 3.5741 +/- 0.1942, % updates: 62.668%
INFO:root:-- EPOCH 84 (2.069 seconds):
INFO:root:COST >> 3.5808 +/- 0.1943, % updates: 62.76%
INFO:root:-- EPOCH 85 (2.073 seconds):
INFO:root:COST >> 3.5623 +/- 0.2158, % updates: 62.553%
INFO:root:-- EPOCH 86 (2.072 seconds):
INFO:root:COST >> 3.5644 +/- 0.207, % updates: 62.661%
INFO:root:-- EPOCH 87 (2.084 seconds):
INFO:root:COST >> 3.5578 +/- 0.2113, % updates: 62.587%
INFO:root:-- EPOCH 88 (2.062 seconds):
INFO:root:COST >> 3.5781 +/- 0.1984, % updates: 62.661%
INFO:root:-- EPOCH 89 (2.064 seconds):
INFO:root:COST >> 3.5736 +/- 0.2068, % updates: 62.731%
INFO:root:-- EPOCH 90 (2.063 seconds):
INFO:root:COST >> 3.5774 +/- 0.1949, % updates: 62.79%
INFO:root:-- EPOCH 91 (2.08 seconds):
INFO:root:COST >> 3.5652 +/- 0.1924, % updates: 62.575%
INFO:root:-- EPOCH 92 (2.061 seconds):
INFO:root:COST >> 3.5616 +/- 0.1976, % updates: 62.776%
INFO:root:-- EPOCH 93 (2.033 seconds):
INFO:root:COST >> 3.5704 +/- 0.1939, % updates: 62.679%
INFO:root:-- EPOCH 94 (2.059 seconds):
INFO:root:COST >> 3.5715 +/- 0.1878, % updates: 62.778%
INFO:root:-- EPOCH 95 (2.078 seconds):
INFO:root:COST >> 3.5753 +/- 0.2015, % updates: 62.677%
INFO:root:-- EPOCH 96 (2.069 seconds):
INFO:root:COST >> 3.5644 +/- 0.1906, % updates: 62.614%
INFO:root:-- EPOCH 97 (2.083 seconds):
INFO:root:COST >> 3.5861 +/- 0.2065, % updates: 62.787%
INFO:root:-- EPOCH 98 (2.079 seconds):
INFO:root:COST >> 3.5889 +/- 0.2117, % updates: 62.755%
INFO:root:-- EPOCH 99 (2.081 seconds):
INFO:root:COST >> 3.573 +/- 0.2084, % updates: 62.706%
INFO:root:-- EPOCH 100 (2.083 seconds):
INFO:root:COST >> 3.5807 +/- 0.2072, % updates: 62.803%
