INFO:root:Shape for training set: (40961, 141442)
INFO:root:State: {'ndim': '20', 'test_all': 'None', 'test_path': 'None', 'nhid': '50', 'lremb': '1e-05', 'seed': '0', 'simfn': 'L1', 'valid_path': 'None', 'nbatches': '10', 'lrparam': '1e-05', 'decay': '0.999', 'show_hinton_diagrams': 'False', 'no_rescaling': 'True', 'Nrel': '18', 'ranking_score_right': 'False', 'Nent': '40961', 'Nsyn': '40943', 'method': 'ADAGRAD', 'loss_margin': '1.0', 'C': '1.0', 'epsilon': '1e-06', 'use_db': 'True', 'max_lr': 'None', 'l1_param_weight': 'None', 'filtered': 'False', 'name': 'wn_opt/wn_ADAGRAD_10', 'totepochs': '100', 'l2_param_weight': 'None', 'train_path': 'data/wn/WN-train.pkl', 'op': 'TransE'}
INFO:root:Starting the Experiment ..
INFO:root:-- EPOCH 1 (1.245 seconds):
INFO:root:COST >> 2.2195 +/- 0.0123, % updates: 81.518%
INFO:root:-- EPOCH 2 (1.304 seconds):
INFO:root:COST >> 2.224 +/- 0.0167, % updates: 81.6%
INFO:root:-- EPOCH 3 (1.593 seconds):
INFO:root:COST >> 2.2245 +/- 0.0142, % updates: 81.619%
INFO:root:-- EPOCH 4 (1.498 seconds):
INFO:root:COST >> 2.2286 +/- 0.0086, % updates: 81.783%
INFO:root:-- EPOCH 5 (1.516 seconds):
INFO:root:COST >> 2.2277 +/- 0.0095, % updates: 81.607%
INFO:root:-- EPOCH 6 (1.483 seconds):
INFO:root:COST >> 2.2205 +/- 0.008, % updates: 81.586%
INFO:root:-- EPOCH 7 (1.559 seconds):
INFO:root:COST >> 2.2236 +/- 0.0165, % updates: 81.66%
INFO:root:-- EPOCH 8 (1.49 seconds):
INFO:root:COST >> 2.2192 +/- 0.007, % updates: 81.512%
INFO:root:-- EPOCH 9 (1.515 seconds):
INFO:root:COST >> 2.2236 +/- 0.0093, % updates: 81.585%
INFO:root:-- EPOCH 10 (1.495 seconds):
INFO:root:COST >> 2.2213 +/- 0.0053, % updates: 81.631%
INFO:root:-- EPOCH 11 (1.51 seconds):
INFO:root:COST >> 2.2222 +/- 0.0134, % updates: 81.564%
INFO:root:-- EPOCH 12 (1.513 seconds):
INFO:root:COST >> 2.226 +/- 0.009, % updates: 81.635%
INFO:root:-- EPOCH 13 (1.501 seconds):
INFO:root:COST >> 2.222 +/- 0.0145, % updates: 81.623%
INFO:root:-- EPOCH 14 (1.512 seconds):
INFO:root:COST >> 2.2171 +/- 0.0118, % updates: 81.559%
INFO:root:-- EPOCH 15 (1.491 seconds):
INFO:root:COST >> 2.2203 +/- 0.0101, % updates: 81.713%
INFO:root:-- EPOCH 16 (1.499 seconds):
INFO:root:COST >> 2.2215 +/- 0.0117, % updates: 81.664%
INFO:root:-- EPOCH 17 (1.496 seconds):
INFO:root:COST >> 2.2284 +/- 0.0142, % updates: 81.592%
INFO:root:-- EPOCH 18 (1.512 seconds):
INFO:root:COST >> 2.2261 +/- 0.0151, % updates: 81.535%
INFO:root:-- EPOCH 19 (1.478 seconds):
INFO:root:COST >> 2.2229 +/- 0.0086, % updates: 81.651%
INFO:root:-- EPOCH 20 (1.488 seconds):
INFO:root:COST >> 2.2217 +/- 0.0121, % updates: 81.541%
INFO:root:-- EPOCH 21 (1.512 seconds):
INFO:root:COST >> 2.2233 +/- 0.017, % updates: 81.635%
INFO:root:-- EPOCH 22 (1.554 seconds):
INFO:root:COST >> 2.2234 +/- 0.012, % updates: 81.649%
INFO:root:-- EPOCH 23 (1.523 seconds):
INFO:root:COST >> 2.22 +/- 0.0179, % updates: 81.633%
INFO:root:-- EPOCH 24 (1.657 seconds):
INFO:root:COST >> 2.2223 +/- 0.011, % updates: 81.598%
INFO:root:-- EPOCH 25 (1.5 seconds):
INFO:root:COST >> 2.2208 +/- 0.0073, % updates: 81.539%
INFO:root:-- EPOCH 26 (1.523 seconds):
INFO:root:COST >> 2.226 +/- 0.0108, % updates: 81.666%
INFO:root:-- EPOCH 27 (1.472 seconds):
INFO:root:COST >> 2.2196 +/- 0.0103, % updates: 81.575%
INFO:root:-- EPOCH 28 (1.487 seconds):
INFO:root:COST >> 2.2258 +/- 0.0083, % updates: 81.669%
INFO:root:-- EPOCH 29 (1.504 seconds):
INFO:root:COST >> 2.2203 +/- 0.01, % updates: 81.575%
INFO:root:-- EPOCH 30 (1.504 seconds):
INFO:root:COST >> 2.2226 +/- 0.0088, % updates: 81.517%
INFO:root:-- EPOCH 31 (1.509 seconds):
INFO:root:COST >> 2.2229 +/- 0.0138, % updates: 81.573%
INFO:root:-- EPOCH 32 (1.474 seconds):
INFO:root:COST >> 2.2256 +/- 0.0149, % updates: 81.652%
INFO:root:-- EPOCH 33 (1.509 seconds):
INFO:root:COST >> 2.2194 +/- 0.0127, % updates: 81.492%
INFO:root:-- EPOCH 34 (1.544 seconds):
INFO:root:COST >> 2.2233 +/- 0.0107, % updates: 81.461%
INFO:root:-- EPOCH 35 (1.495 seconds):
INFO:root:COST >> 2.2234 +/- 0.0172, % updates: 81.582%
INFO:root:-- EPOCH 36 (1.489 seconds):
INFO:root:COST >> 2.2241 +/- 0.0069, % updates: 81.695%
INFO:root:-- EPOCH 37 (1.485 seconds):
INFO:root:COST >> 2.2224 +/- 0.0112, % updates: 81.589%
INFO:root:-- EPOCH 38 (1.514 seconds):
INFO:root:COST >> 2.2182 +/- 0.0119, % updates: 81.599%
INFO:root:-- EPOCH 39 (1.517 seconds):
INFO:root:COST >> 2.2237 +/- 0.0115, % updates: 81.604%
INFO:root:-- EPOCH 40 (1.516 seconds):
INFO:root:COST >> 2.2271 +/- 0.0121, % updates: 81.541%
INFO:root:-- EPOCH 41 (1.493 seconds):
INFO:root:COST >> 2.2244 +/- 0.0128, % updates: 81.479%
INFO:root:-- EPOCH 42 (1.506 seconds):
INFO:root:COST >> 2.2226 +/- 0.0119, % updates: 81.59%
INFO:root:-- EPOCH 43 (1.494 seconds):
INFO:root:COST >> 2.2195 +/- 0.013, % updates: 81.459%
INFO:root:-- EPOCH 44 (1.533 seconds):
INFO:root:COST >> 2.219 +/- 0.0102, % updates: 81.584%
INFO:root:-- EPOCH 45 (1.554 seconds):
INFO:root:COST >> 2.2259 +/- 0.0091, % updates: 81.623%
INFO:root:-- EPOCH 46 (1.727 seconds):
INFO:root:COST >> 2.2234 +/- 0.0095, % updates: 81.584%
INFO:root:-- EPOCH 47 (1.852 seconds):
INFO:root:COST >> 2.2229 +/- 0.0142, % updates: 81.601%
INFO:root:-- EPOCH 48 (1.889 seconds):
INFO:root:COST >> 2.2196 +/- 0.0097, % updates: 81.66%
INFO:root:-- EPOCH 49 (1.575 seconds):
INFO:root:COST >> 2.2198 +/- 0.0091, % updates: 81.636%
INFO:root:-- EPOCH 50 (1.467 seconds):
INFO:root:COST >> 2.2188 +/- 0.0095, % updates: 81.54%
INFO:root:-- EPOCH 51 (1.474 seconds):
INFO:root:COST >> 2.222 +/- 0.0097, % updates: 81.631%
INFO:root:-- EPOCH 52 (1.486 seconds):
INFO:root:COST >> 2.2248 +/- 0.0135, % updates: 81.602%
INFO:root:-- EPOCH 53 (1.505 seconds):
INFO:root:COST >> 2.2227 +/- 0.0139, % updates: 81.6%
INFO:root:-- EPOCH 54 (1.464 seconds):
INFO:root:COST >> 2.2216 +/- 0.0079, % updates: 81.576%
INFO:root:-- EPOCH 55 (1.47 seconds):
INFO:root:COST >> 2.223 +/- 0.01, % updates: 81.723%
INFO:root:-- EPOCH 56 (1.448 seconds):
INFO:root:COST >> 2.2249 +/- 0.0191, % updates: 81.745%
INFO:root:-- EPOCH 57 (1.5 seconds):
INFO:root:COST >> 2.2226 +/- 0.0087, % updates: 81.626%
INFO:root:-- EPOCH 58 (1.463 seconds):
INFO:root:COST >> 2.2266 +/- 0.0136, % updates: 81.573%
INFO:root:-- EPOCH 59 (1.477 seconds):
INFO:root:COST >> 2.2223 +/- 0.0106, % updates: 81.537%
INFO:root:-- EPOCH 60 (1.47 seconds):
INFO:root:COST >> 2.2222 +/- 0.0105, % updates: 81.578%
INFO:root:-- EPOCH 61 (1.475 seconds):
INFO:root:COST >> 2.2261 +/- 0.0133, % updates: 81.624%
INFO:root:-- EPOCH 62 (1.482 seconds):
INFO:root:COST >> 2.2218 +/- 0.0114, % updates: 81.551%
INFO:root:-- EPOCH 63 (1.492 seconds):
INFO:root:COST >> 2.2197 +/- 0.0135, % updates: 81.552%
INFO:root:-- EPOCH 64 (1.497 seconds):
INFO:root:COST >> 2.2209 +/- 0.0101, % updates: 81.517%
INFO:root:-- EPOCH 65 (1.515 seconds):
INFO:root:COST >> 2.2221 +/- 0.0127, % updates: 81.654%
INFO:root:-- EPOCH 66 (1.505 seconds):
INFO:root:COST >> 2.2222 +/- 0.0138, % updates: 81.436%
INFO:root:-- EPOCH 67 (1.497 seconds):
INFO:root:COST >> 2.2191 +/- 0.0061, % updates: 81.453%
INFO:root:-- EPOCH 68 (1.513 seconds):
INFO:root:COST >> 2.221 +/- 0.0124, % updates: 81.534%
INFO:root:-- EPOCH 69 (1.537 seconds):
INFO:root:COST >> 2.2204 +/- 0.0086, % updates: 81.57%
INFO:root:-- EPOCH 70 (1.468 seconds):
INFO:root:COST >> 2.2213 +/- 0.0136, % updates: 81.578%
INFO:root:-- EPOCH 71 (1.461 seconds):
INFO:root:COST >> 2.2202 +/- 0.0099, % updates: 81.558%
INFO:root:-- EPOCH 72 (1.446 seconds):
INFO:root:COST >> 2.2192 +/- 0.0102, % updates: 81.519%
INFO:root:-- EPOCH 73 (1.492 seconds):
INFO:root:COST >> 2.2234 +/- 0.0067, % updates: 81.619%
INFO:root:-- EPOCH 74 (1.511 seconds):
INFO:root:COST >> 2.2234 +/- 0.0103, % updates: 81.518%
INFO:root:-- EPOCH 75 (1.485 seconds):
INFO:root:COST >> 2.2214 +/- 0.0129, % updates: 81.607%
INFO:root:-- EPOCH 76 (1.503 seconds):
INFO:root:COST >> 2.2233 +/- 0.0091, % updates: 81.704%
INFO:root:-- EPOCH 77 (1.493 seconds):
INFO:root:COST >> 2.2228 +/- 0.0081, % updates: 81.614%
INFO:root:-- EPOCH 78 (1.846 seconds):
INFO:root:COST >> 2.2195 +/- 0.0063, % updates: 81.534%
INFO:root:-- EPOCH 79 (1.538 seconds):
INFO:root:COST >> 2.2235 +/- 0.0202, % updates: 81.632%
INFO:root:-- EPOCH 80 (1.511 seconds):
INFO:root:COST >> 2.2232 +/- 0.0116, % updates: 81.528%
INFO:root:-- EPOCH 81 (1.475 seconds):
INFO:root:COST >> 2.2235 +/- 0.0167, % updates: 81.514%
INFO:root:-- EPOCH 82 (1.483 seconds):
INFO:root:COST >> 2.2191 +/- 0.0087, % updates: 81.554%
INFO:root:-- EPOCH 83 (1.468 seconds):
INFO:root:COST >> 2.2231 +/- 0.0163, % updates: 81.527%
INFO:root:-- EPOCH 84 (1.519 seconds):
INFO:root:COST >> 2.2221 +/- 0.0151, % updates: 81.545%
INFO:root:-- EPOCH 85 (1.46 seconds):
INFO:root:COST >> 2.2138 +/- 0.0076, % updates: 81.528%
INFO:root:-- EPOCH 86 (1.477 seconds):
INFO:root:COST >> 2.2189 +/- 0.0136, % updates: 81.603%
INFO:root:-- EPOCH 87 (1.53 seconds):
INFO:root:COST >> 2.2216 +/- 0.0096, % updates: 81.505%
INFO:root:-- EPOCH 88 (1.508 seconds):
INFO:root:COST >> 2.2178 +/- 0.0118, % updates: 81.548%
INFO:root:-- EPOCH 89 (1.502 seconds):
INFO:root:COST >> 2.2253 +/- 0.0133, % updates: 81.535%
INFO:root:-- EPOCH 90 (1.481 seconds):
INFO:root:COST >> 2.2196 +/- 0.0086, % updates: 81.531%
INFO:root:-- EPOCH 91 (1.494 seconds):
INFO:root:COST >> 2.2247 +/- 0.0137, % updates: 81.628%
INFO:root:-- EPOCH 92 (1.508 seconds):
INFO:root:COST >> 2.2196 +/- 0.0159, % updates: 81.543%
INFO:root:-- EPOCH 93 (1.48 seconds):
INFO:root:COST >> 2.2233 +/- 0.0127, % updates: 81.584%
INFO:root:-- EPOCH 94 (1.479 seconds):
INFO:root:COST >> 2.2229 +/- 0.0112, % updates: 81.603%
INFO:root:-- EPOCH 95 (1.498 seconds):
INFO:root:COST >> 2.2205 +/- 0.013, % updates: 81.52%
INFO:root:-- EPOCH 96 (1.486 seconds):
INFO:root:COST >> 2.2205 +/- 0.0158, % updates: 81.518%
INFO:root:-- EPOCH 97 (1.509 seconds):
INFO:root:COST >> 2.2246 +/- 0.0085, % updates: 81.626%
INFO:root:-- EPOCH 98 (1.502 seconds):
INFO:root:COST >> 2.2197 +/- 0.0112, % updates: 81.529%
INFO:root:-- EPOCH 99 (1.483 seconds):
INFO:root:COST >> 2.2217 +/- 0.0085, % updates: 81.564%
INFO:root:-- EPOCH 100 (1.48 seconds):
INFO:root:COST >> 2.219 +/- 0.0108, % updates: 81.447%
