INFO:root:Shape for training set: (40961, 141442)
INFO:root:State: {'ndim': '20', 'test_all': 'None', 'test_path': 'None', 'nhid': '50', 'lremb': '0.01', 'seed': '6', 'simfn': 'L1', 'valid_path': 'None', 'nbatches': '10', 'lrparam': '0.01', 'decay': '0.999', 'show_hinton_diagrams': 'False', 'no_rescaling': 'True', 'Nrel': '18', 'ranking_score_right': 'False', 'Nent': '40961', 'Nsyn': '40943', 'method': 'ADAGRAD', 'loss_margin': '1.0', 'C': '1.0', 'epsilon': '1e-06', 'use_db': 'True', 'max_lr': 'None', 'l1_param_weight': 'None', 'filtered': 'False', 'name': 'wn_opt/wn_ADAGRAD_46', 'totepochs': '100', 'l2_param_weight': 'None', 'train_path': 'data/wn/WN-train.pkl', 'op': 'TransE'}
INFO:root:Starting the Experiment ..
INFO:root:-- EPOCH 1 (1.232 seconds):
INFO:root:COST >> 2.1534 +/- 0.0342, % updates: 80.848%
INFO:root:-- EPOCH 2 (1.539 seconds):
INFO:root:COST >> 1.9402 +/- 0.0086, % updates: 77.763%
INFO:root:-- EPOCH 3 (1.506 seconds):
INFO:root:COST >> 1.8209 +/- 0.0196, % updates: 75.717%
INFO:root:-- EPOCH 4 (1.516 seconds):
INFO:root:COST >> 1.727 +/- 0.0114, % updates: 74.189%
INFO:root:-- EPOCH 5 (1.504 seconds):
INFO:root:COST >> 1.6527 +/- 0.013, % updates: 72.606%
INFO:root:-- EPOCH 6 (1.525 seconds):
INFO:root:COST >> 1.58 +/- 0.0149, % updates: 71.32%
INFO:root:-- EPOCH 7 (1.546 seconds):
INFO:root:COST >> 1.5189 +/- 0.0149, % updates: 70.056%
INFO:root:-- EPOCH 8 (1.518 seconds):
INFO:root:COST >> 1.4664 +/- 0.0132, % updates: 68.892%
INFO:root:-- EPOCH 9 (1.506 seconds):
INFO:root:COST >> 1.4126 +/- 0.0088, % updates: 67.756%
INFO:root:-- EPOCH 10 (1.68 seconds):
INFO:root:COST >> 1.371 +/- 0.0088, % updates: 66.68%
INFO:root:-- EPOCH 11 (1.56 seconds):
INFO:root:COST >> 1.3261 +/- 0.012, % updates: 65.579%
INFO:root:-- EPOCH 12 (1.528 seconds):
INFO:root:COST >> 1.2883 +/- 0.0108, % updates: 64.767%
INFO:root:-- EPOCH 13 (1.522 seconds):
INFO:root:COST >> 1.2505 +/- 0.0124, % updates: 63.733%
INFO:root:-- EPOCH 14 (1.55 seconds):
INFO:root:COST >> 1.2156 +/- 0.0117, % updates: 62.813%
INFO:root:-- EPOCH 15 (1.519 seconds):
INFO:root:COST >> 1.1811 +/- 0.0055, % updates: 61.964%
INFO:root:-- EPOCH 16 (1.518 seconds):
INFO:root:COST >> 1.1535 +/- 0.0097, % updates: 61.109%
INFO:root:-- EPOCH 17 (1.524 seconds):
INFO:root:COST >> 1.125 +/- 0.0111, % updates: 60.334%
INFO:root:-- EPOCH 18 (1.548 seconds):
INFO:root:COST >> 1.0959 +/- 0.0098, % updates: 59.589%
INFO:root:-- EPOCH 19 (1.535 seconds):
INFO:root:COST >> 1.0689 +/- 0.0117, % updates: 58.803%
INFO:root:-- EPOCH 20 (1.548 seconds):
INFO:root:COST >> 1.0451 +/- 0.0096, % updates: 58.152%
INFO:root:-- EPOCH 21 (1.525 seconds):
INFO:root:COST >> 1.0189 +/- 0.0063, % updates: 57.161%
INFO:root:-- EPOCH 22 (1.597 seconds):
INFO:root:COST >> 0.9964 +/- 0.0077, % updates: 56.538%
INFO:root:-- EPOCH 23 (1.546 seconds):
INFO:root:COST >> 0.9739 +/- 0.012, % updates: 55.833%
INFO:root:-- EPOCH 24 (1.538 seconds):
INFO:root:COST >> 0.9558 +/- 0.0074, % updates: 55.299%
INFO:root:-- EPOCH 25 (1.515 seconds):
INFO:root:COST >> 0.9359 +/- 0.0091, % updates: 54.685%
INFO:root:-- EPOCH 26 (1.54 seconds):
INFO:root:COST >> 0.9156 +/- 0.0069, % updates: 53.939%
INFO:root:-- EPOCH 27 (1.528 seconds):
INFO:root:COST >> 0.8962 +/- 0.0079, % updates: 53.324%
INFO:root:-- EPOCH 28 (1.541 seconds):
INFO:root:COST >> 0.8758 +/- 0.006, % updates: 52.583%
INFO:root:-- EPOCH 29 (1.508 seconds):
INFO:root:COST >> 0.8608 +/- 0.0063, % updates: 52.078%
INFO:root:-- EPOCH 30 (1.681 seconds):
INFO:root:COST >> 0.8423 +/- 0.0117, % updates: 51.442%
INFO:root:-- EPOCH 31 (1.537 seconds):
INFO:root:COST >> 0.8323 +/- 0.0102, % updates: 51.16%
INFO:root:-- EPOCH 32 (1.531 seconds):
INFO:root:COST >> 0.8176 +/- 0.0044, % updates: 50.633%
INFO:root:-- EPOCH 33 (1.539 seconds):
INFO:root:COST >> 0.7989 +/- 0.01, % updates: 49.913%
INFO:root:-- EPOCH 34 (1.539 seconds):
INFO:root:COST >> 0.7838 +/- 0.0041, % updates: 49.473%
INFO:root:-- EPOCH 35 (1.563 seconds):
INFO:root:COST >> 0.7738 +/- 0.0031, % updates: 48.954%
INFO:root:-- EPOCH 36 (1.517 seconds):
INFO:root:COST >> 0.7554 +/- 0.0088, % updates: 48.469%
INFO:root:-- EPOCH 37 (1.526 seconds):
INFO:root:COST >> 0.7461 +/- 0.0053, % updates: 47.925%
INFO:root:-- EPOCH 38 (1.522 seconds):
INFO:root:COST >> 0.7363 +/- 0.0052, % updates: 47.472%
INFO:root:-- EPOCH 39 (1.532 seconds):
INFO:root:COST >> 0.7245 +/- 0.0088, % updates: 47.101%
INFO:root:-- EPOCH 40 (1.515 seconds):
INFO:root:COST >> 0.7065 +/- 0.0057, % updates: 46.407%
INFO:root:-- EPOCH 41 (1.539 seconds):
INFO:root:COST >> 0.7013 +/- 0.0058, % updates: 46.248%
INFO:root:-- EPOCH 42 (1.53 seconds):
INFO:root:COST >> 0.6883 +/- 0.0051, % updates: 45.639%
INFO:root:-- EPOCH 43 (1.522 seconds):
INFO:root:COST >> 0.6776 +/- 0.0065, % updates: 45.216%
INFO:root:-- EPOCH 44 (1.686 seconds):
INFO:root:COST >> 0.6675 +/- 0.0072, % updates: 44.935%
INFO:root:-- EPOCH 45 (1.93 seconds):
INFO:root:COST >> 0.6576 +/- 0.0061, % updates: 44.469%
INFO:root:-- EPOCH 46 (1.719 seconds):
INFO:root:COST >> 0.648 +/- 0.005, % updates: 44.071%
INFO:root:-- EPOCH 47 (1.69 seconds):
INFO:root:COST >> 0.6381 +/- 0.005, % updates: 43.598%
INFO:root:-- EPOCH 48 (1.725 seconds):
INFO:root:COST >> 0.6286 +/- 0.0073, % updates: 43.322%
INFO:root:-- EPOCH 49 (1.648 seconds):
INFO:root:COST >> 0.619 +/- 0.0058, % updates: 43.091%
INFO:root:-- EPOCH 50 (1.655 seconds):
INFO:root:COST >> 0.6118 +/- 0.0062, % updates: 42.574%
INFO:root:-- EPOCH 51 (1.529 seconds):
INFO:root:COST >> 0.6036 +/- 0.0099, % updates: 42.294%
INFO:root:-- EPOCH 52 (1.562 seconds):
INFO:root:COST >> 0.5944 +/- 0.0054, % updates: 41.764%
INFO:root:-- EPOCH 53 (1.525 seconds):
INFO:root:COST >> 0.5854 +/- 0.0027, % updates: 41.509%
INFO:root:-- EPOCH 54 (1.579 seconds):
INFO:root:COST >> 0.578 +/- 0.0047, % updates: 41.101%
INFO:root:-- EPOCH 55 (1.676 seconds):
INFO:root:COST >> 0.5725 +/- 0.0063, % updates: 40.721%
INFO:root:-- EPOCH 56 (1.603 seconds):
INFO:root:COST >> 0.5652 +/- 0.0047, % updates: 40.467%
INFO:root:-- EPOCH 57 (1.584 seconds):
INFO:root:COST >> 0.5609 +/- 0.0064, % updates: 40.209%
INFO:root:-- EPOCH 58 (1.527 seconds):
INFO:root:COST >> 0.5531 +/- 0.0056, % updates: 39.935%
INFO:root:-- EPOCH 59 (1.571 seconds):
INFO:root:COST >> 0.5406 +/- 0.0093, % updates: 39.398%
INFO:root:-- EPOCH 60 (1.539 seconds):
INFO:root:COST >> 0.5363 +/- 0.0061, % updates: 39.231%
INFO:root:-- EPOCH 61 (1.514 seconds):
INFO:root:COST >> 0.5286 +/- 0.0051, % updates: 38.863%
INFO:root:-- EPOCH 62 (1.53 seconds):
INFO:root:COST >> 0.5217 +/- 0.0055, % updates: 38.482%
INFO:root:-- EPOCH 63 (1.533 seconds):
INFO:root:COST >> 0.5151 +/- 0.0057, % updates: 38.283%
INFO:root:-- EPOCH 64 (1.547 seconds):
INFO:root:COST >> 0.5117 +/- 0.0035, % updates: 38.144%
INFO:root:-- EPOCH 65 (1.527 seconds):
INFO:root:COST >> 0.5071 +/- 0.0053, % updates: 37.771%
INFO:root:-- EPOCH 66 (1.551 seconds):
INFO:root:COST >> 0.4999 +/- 0.0056, % updates: 37.511%
INFO:root:-- EPOCH 67 (1.573 seconds):
INFO:root:COST >> 0.4937 +/- 0.0043, % updates: 37.113%
INFO:root:-- EPOCH 68 (1.542 seconds):
INFO:root:COST >> 0.4865 +/- 0.0029, % updates: 36.854%
INFO:root:-- EPOCH 69 (1.575 seconds):
INFO:root:COST >> 0.4837 +/- 0.0027, % updates: 36.631%
INFO:root:-- EPOCH 70 (1.56 seconds):
INFO:root:COST >> 0.4769 +/- 0.0053, % updates: 36.363%
INFO:root:-- EPOCH 71 (1.571 seconds):
INFO:root:COST >> 0.4722 +/- 0.0043, % updates: 36.139%
INFO:root:-- EPOCH 72 (1.546 seconds):
INFO:root:COST >> 0.4663 +/- 0.0049, % updates: 35.825%
INFO:root:-- EPOCH 73 (1.53 seconds):
INFO:root:COST >> 0.4616 +/- 0.0081, % updates: 35.535%
INFO:root:-- EPOCH 74 (1.547 seconds):
INFO:root:COST >> 0.457 +/- 0.0053, % updates: 35.387%
INFO:root:-- EPOCH 75 (1.519 seconds):
INFO:root:COST >> 0.4521 +/- 0.0055, % updates: 35.063%
INFO:root:-- EPOCH 76 (1.533 seconds):
INFO:root:COST >> 0.449 +/- 0.0062, % updates: 34.893%
INFO:root:-- EPOCH 77 (1.543 seconds):
INFO:root:COST >> 0.4437 +/- 0.0041, % updates: 34.613%
INFO:root:-- EPOCH 78 (1.573 seconds):
INFO:root:COST >> 0.4398 +/- 0.005, % updates: 34.557%
INFO:root:-- EPOCH 79 (1.562 seconds):
INFO:root:COST >> 0.4332 +/- 0.0037, % updates: 34.143%
INFO:root:-- EPOCH 80 (1.585 seconds):
INFO:root:COST >> 0.4309 +/- 0.003, % updates: 34.109%
INFO:root:-- EPOCH 81 (1.541 seconds):
INFO:root:COST >> 0.4251 +/- 0.0049, % updates: 33.857%
INFO:root:-- EPOCH 82 (1.571 seconds):
INFO:root:COST >> 0.4228 +/- 0.0043, % updates: 33.541%
INFO:root:-- EPOCH 83 (1.523 seconds):
INFO:root:COST >> 0.417 +/- 0.0051, % updates: 33.281%
INFO:root:-- EPOCH 84 (1.537 seconds):
INFO:root:COST >> 0.4138 +/- 0.0041, % updates: 33.081%
INFO:root:-- EPOCH 85 (1.544 seconds):
INFO:root:COST >> 0.4091 +/- 0.0035, % updates: 32.941%
INFO:root:-- EPOCH 86 (1.597 seconds):
INFO:root:COST >> 0.4076 +/- 0.0054, % updates: 32.823%
INFO:root:-- EPOCH 87 (1.958 seconds):
INFO:root:COST >> 0.4016 +/- 0.0038, % updates: 32.589%
INFO:root:-- EPOCH 88 (1.947 seconds):
INFO:root:COST >> 0.3977 +/- 0.0054, % updates: 32.242%
INFO:root:-- EPOCH 89 (1.952 seconds):
INFO:root:COST >> 0.3961 +/- 0.0045, % updates: 32.079%
INFO:root:-- EPOCH 90 (1.543 seconds):
INFO:root:COST >> 0.3907 +/- 0.0039, % updates: 31.885%
INFO:root:-- EPOCH 91 (1.522 seconds):
INFO:root:COST >> 0.3894 +/- 0.0042, % updates: 31.803%
INFO:root:-- EPOCH 92 (1.527 seconds):
INFO:root:COST >> 0.3837 +/- 0.0034, % updates: 31.594%
INFO:root:-- EPOCH 93 (1.539 seconds):
INFO:root:COST >> 0.3819 +/- 0.004, % updates: 31.372%
INFO:root:-- EPOCH 94 (1.533 seconds):
INFO:root:COST >> 0.3777 +/- 0.0043, % updates: 31.146%
INFO:root:-- EPOCH 95 (1.532 seconds):
INFO:root:COST >> 0.3753 +/- 0.0058, % updates: 31.016%
INFO:root:-- EPOCH 96 (1.539 seconds):
INFO:root:COST >> 0.3718 +/- 0.0047, % updates: 30.847%
INFO:root:-- EPOCH 97 (1.508 seconds):
INFO:root:COST >> 0.37 +/- 0.0052, % updates: 30.706%
INFO:root:-- EPOCH 98 (1.512 seconds):
INFO:root:COST >> 0.3667 +/- 0.0061, % updates: 30.538%
INFO:root:-- EPOCH 99 (1.548 seconds):
INFO:root:COST >> 0.3604 +/- 0.0052, % updates: 30.114%
INFO:root:-- EPOCH 100 (1.512 seconds):
INFO:root:COST >> 0.3597 +/- 0.0036, % updates: 30.095%
