INFO:root:Shape for training set: (40961, 141442)
INFO:root:State: {'ndim': '20', 'test_all': 'None', 'test_path': 'None', 'nhid': '50', 'lremb': '1.0', 'seed': '8', 'simfn': 'L1', 'valid_path': 'None', 'nbatches': '10', 'lrparam': '1.0', 'decay': '0.9', 'show_hinton_diagrams': 'False', 'no_rescaling': 'True', 'Nrel': '18', 'ranking_score_right': 'False', 'Nent': '40961', 'Nsyn': '40943', 'method': 'ADADELTA', 'loss_margin': '1.0', 'C': '1.0', 'epsilon': '0.001', 'use_db': 'True', 'max_lr': 'None', 'l1_param_weight': 'None', 'filtered': 'False', 'name': 'wn_opt/wn_ADADELTA_88', 'totepochs': '100', 'l2_param_weight': 'None', 'train_path': 'data/wn/WN-train.pkl', 'op': 'TransE'}
INFO:root:Starting the Experiment ..
INFO:root:-- EPOCH 1 (1.298 seconds):
INFO:root:COST >> 1.6171 +/- 0.3602, % updates: 68.274%
INFO:root:-- EPOCH 2 (1.24 seconds):
INFO:root:COST >> 0.6796 +/- 0.0316, % updates: 41.888%
INFO:root:-- EPOCH 3 (1.564 seconds):
INFO:root:COST >> 0.4233 +/- 0.0121, % updates: 30.834%
INFO:root:-- EPOCH 4 (1.53 seconds):
INFO:root:COST >> 0.3065 +/- 0.0152, % updates: 24.515%
INFO:root:-- EPOCH 5 (1.511 seconds):
INFO:root:COST >> 0.2114 +/- 0.0044, % updates: 18.991%
INFO:root:-- EPOCH 6 (1.55 seconds):
INFO:root:COST >> 0.1601 +/- 0.0075, % updates: 15.417%
INFO:root:-- EPOCH 7 (1.558 seconds):
INFO:root:COST >> 0.1335 +/- 0.0068, % updates: 13.492%
INFO:root:-- EPOCH 8 (1.565 seconds):
INFO:root:COST >> 0.1198 +/- 0.0072, % updates: 12.44%
INFO:root:-- EPOCH 9 (1.579 seconds):
INFO:root:COST >> 0.1112 +/- 0.0087, % updates: 11.584%
INFO:root:-- EPOCH 10 (1.545 seconds):
INFO:root:COST >> 0.1057 +/- 0.0087, % updates: 11.189%
INFO:root:-- EPOCH 11 (1.556 seconds):
INFO:root:COST >> 0.1039 +/- 0.0079, % updates: 11.013%
INFO:root:-- EPOCH 12 (1.532 seconds):
INFO:root:COST >> 0.0989 +/- 0.0076, % updates: 10.553%
INFO:root:-- EPOCH 13 (1.536 seconds):
INFO:root:COST >> 0.1014 +/- 0.0112, % updates: 10.777%
INFO:root:-- EPOCH 14 (1.613 seconds):
INFO:root:COST >> 0.0964 +/- 0.0049, % updates: 10.375%
INFO:root:-- EPOCH 15 (1.586 seconds):
INFO:root:COST >> 0.0935 +/- 0.0084, % updates: 10.151%
INFO:root:-- EPOCH 16 (1.588 seconds):
INFO:root:COST >> 0.0962 +/- 0.0098, % updates: 10.299%
INFO:root:-- EPOCH 17 (1.532 seconds):
INFO:root:COST >> 0.0981 +/- 0.0094, % updates: 10.443%
INFO:root:-- EPOCH 18 (1.559 seconds):
INFO:root:COST >> 0.1473 +/- 0.0773, % updates: 13.231%
INFO:root:-- EPOCH 19 (1.552 seconds):
INFO:root:COST >> 0.23 +/- 0.0968, % updates: 18.124%
INFO:root:-- EPOCH 20 (1.57 seconds):
INFO:root:COST >> 0.1991 +/- 0.0139, % updates: 16.273%
INFO:root:-- EPOCH 21 (1.542 seconds):
INFO:root:COST >> 0.1209 +/- 0.0161, % updates: 11.965%
INFO:root:-- EPOCH 22 (1.541 seconds):
INFO:root:COST >> 0.0831 +/- 0.0054, % updates: 9.14%
INFO:root:-- EPOCH 23 (1.595 seconds):
INFO:root:COST >> 0.0738 +/- 0.005, % updates: 8.323%
INFO:root:-- EPOCH 24 (1.507 seconds):
INFO:root:COST >> 0.07 +/- 0.0062, % updates: 7.903%
INFO:root:-- EPOCH 25 (1.554 seconds):
INFO:root:COST >> 0.0691 +/- 0.0042, % updates: 7.811%
INFO:root:-- EPOCH 26 (1.573 seconds):
INFO:root:COST >> 0.0705 +/- 0.0056, % updates: 7.991%
INFO:root:-- EPOCH 27 (1.548 seconds):
INFO:root:COST >> 0.0714 +/- 0.006, % updates: 8.02%
INFO:root:-- EPOCH 28 (1.553 seconds):
INFO:root:COST >> 0.0707 +/- 0.0069, % updates: 7.985%
INFO:root:-- EPOCH 29 (1.577 seconds):
INFO:root:COST >> 0.0762 +/- 0.0078, % updates: 8.518%
INFO:root:-- EPOCH 30 (1.586 seconds):
INFO:root:COST >> 0.2091 +/- 0.1343, % updates: 15.826%
INFO:root:-- EPOCH 31 (1.571 seconds):
INFO:root:COST >> 0.1373 +/- 0.0284, % updates: 13.213%
INFO:root:-- EPOCH 32 (1.98 seconds):
INFO:root:COST >> 0.1875 +/- 0.0383, % updates: 15.045%
INFO:root:-- EPOCH 33 (2.047 seconds):
INFO:root:COST >> 0.1228 +/- 0.0199, % updates: 11.885%
INFO:root:-- EPOCH 34 (1.987 seconds):
INFO:root:COST >> 0.0752 +/- 0.0038, % updates: 8.363%
INFO:root:-- EPOCH 35 (2.031 seconds):
INFO:root:COST >> 0.0673 +/- 0.0044, % updates: 7.665%
INFO:root:-- EPOCH 36 (2.015 seconds):
INFO:root:COST >> 0.0625 +/- 0.0045, % updates: 7.145%
INFO:root:-- EPOCH 37 (2.021 seconds):
INFO:root:COST >> 0.06 +/- 0.0051, % updates: 7.034%
INFO:root:-- EPOCH 38 (2.041 seconds):
INFO:root:COST >> 0.0613 +/- 0.0043, % updates: 7.081%
INFO:root:-- EPOCH 39 (2.038 seconds):
INFO:root:COST >> 0.0611 +/- 0.0058, % updates: 7.123%
INFO:root:-- EPOCH 40 (2.0 seconds):
INFO:root:COST >> 0.0648 +/- 0.0069, % updates: 7.364%
INFO:root:-- EPOCH 41 (2.042 seconds):
INFO:root:COST >> 0.0671 +/- 0.0035, % updates: 7.592%
INFO:root:-- EPOCH 42 (2.026 seconds):
INFO:root:COST >> 0.0676 +/- 0.0074, % updates: 7.611%
INFO:root:-- EPOCH 43 (2.033 seconds):
INFO:root:COST >> 0.1705 +/- 0.1305, % updates: 13.033%
INFO:root:-- EPOCH 44 (2.006 seconds):
INFO:root:COST >> 0.1558 +/- 0.0626, % updates: 13.897%
INFO:root:-- EPOCH 45 (1.996 seconds):
INFO:root:COST >> 0.1852 +/- 0.0126, % updates: 14.772%
INFO:root:-- EPOCH 46 (1.997 seconds):
INFO:root:COST >> 0.101 +/- 0.0217, % updates: 10.137%
INFO:root:-- EPOCH 47 (2.0 seconds):
INFO:root:COST >> 0.0662 +/- 0.0022, % updates: 7.559%
INFO:root:-- EPOCH 48 (1.992 seconds):
INFO:root:COST >> 0.06 +/- 0.0039, % updates: 6.979%
INFO:root:-- EPOCH 49 (2.03 seconds):
INFO:root:COST >> 0.0585 +/- 0.0039, % updates: 6.768%
INFO:root:-- EPOCH 50 (2.033 seconds):
INFO:root:COST >> 0.0562 +/- 0.0033, % updates: 6.568%
INFO:root:-- EPOCH 51 (2.029 seconds):
INFO:root:COST >> 0.0551 +/- 0.0042, % updates: 6.45%
INFO:root:-- EPOCH 52 (2.037 seconds):
INFO:root:COST >> 0.058 +/- 0.0044, % updates: 6.792%
INFO:root:-- EPOCH 53 (2.021 seconds):
INFO:root:COST >> 0.0607 +/- 0.0069, % updates: 6.956%
INFO:root:-- EPOCH 54 (2.029 seconds):
INFO:root:COST >> 0.0643 +/- 0.0047, % updates: 7.253%
INFO:root:-- EPOCH 55 (2.04 seconds):
INFO:root:COST >> 0.0626 +/- 0.0053, % updates: 7.192%
INFO:root:-- EPOCH 56 (1.99 seconds):
INFO:root:COST >> 0.0685 +/- 0.0068, % updates: 7.725%
INFO:root:-- EPOCH 57 (2.033 seconds):
INFO:root:COST >> 0.3214 +/- 0.2178, % updates: 21.248%
INFO:root:-- EPOCH 58 (2.028 seconds):
INFO:root:COST >> 0.1693 +/- 0.0261, % updates: 14.739%
INFO:root:-- EPOCH 59 (2.034 seconds):
INFO:root:COST >> 0.0793 +/- 0.0043, % updates: 8.795%
INFO:root:-- EPOCH 60 (2.031 seconds):
INFO:root:COST >> 0.0613 +/- 0.002, % updates: 7.087%
INFO:root:-- EPOCH 61 (2.008 seconds):
INFO:root:COST >> 0.0559 +/- 0.004, % updates: 6.565%
INFO:root:-- EPOCH 62 (2.063 seconds):
INFO:root:COST >> 0.0539 +/- 0.0029, % updates: 6.33%
INFO:root:-- EPOCH 63 (2.047 seconds):
INFO:root:COST >> 0.0524 +/- 0.0033, % updates: 6.217%
INFO:root:-- EPOCH 64 (2.039 seconds):
INFO:root:COST >> 0.0546 +/- 0.0047, % updates: 6.397%
INFO:root:-- EPOCH 65 (2.01 seconds):
INFO:root:COST >> 0.0548 +/- 0.0046, % updates: 6.425%
INFO:root:-- EPOCH 66 (2.022 seconds):
INFO:root:COST >> 0.0581 +/- 0.0051, % updates: 6.701%
INFO:root:-- EPOCH 67 (2.02 seconds):
INFO:root:COST >> 0.0596 +/- 0.0044, % updates: 6.844%
INFO:root:-- EPOCH 68 (2.048 seconds):
INFO:root:COST >> 0.0589 +/- 0.006, % updates: 6.841%
INFO:root:-- EPOCH 69 (2.004 seconds):
INFO:root:COST >> 0.0605 +/- 0.0027, % updates: 6.891%
INFO:root:-- EPOCH 70 (2.068 seconds):
INFO:root:COST >> 0.0622 +/- 0.0071, % updates: 7.145%
INFO:root:-- EPOCH 71 (2.039 seconds):
INFO:root:COST >> 0.2113 +/- 0.1704, % updates: 15.318%
INFO:root:-- EPOCH 72 (1.977 seconds):
INFO:root:COST >> 0.2162 +/- 0.042, % updates: 17.227%
INFO:root:-- EPOCH 73 (1.989 seconds):
INFO:root:COST >> 0.14 +/- 0.0294, % updates: 12.562%
INFO:root:-- EPOCH 74 (2.002 seconds):
INFO:root:COST >> 0.0675 +/- 0.0025, % updates: 7.707%
INFO:root:-- EPOCH 75 (1.982 seconds):
INFO:root:COST >> 0.0574 +/- 0.004, % updates: 6.672%
INFO:root:-- EPOCH 76 (2.008 seconds):
INFO:root:COST >> 0.0538 +/- 0.0038, % updates: 6.366%
INFO:root:-- EPOCH 77 (1.994 seconds):
INFO:root:COST >> 0.0521 +/- 0.0041, % updates: 6.128%
INFO:root:-- EPOCH 78 (2.052 seconds):
INFO:root:COST >> 0.053 +/- 0.0037, % updates: 6.183%
INFO:root:-- EPOCH 79 (2.034 seconds):
INFO:root:COST >> 0.0537 +/- 0.0049, % updates: 6.204%
INFO:root:-- EPOCH 80 (1.984 seconds):
INFO:root:COST >> 0.0564 +/- 0.0051, % updates: 6.525%
INFO:root:-- EPOCH 81 (2.019 seconds):
INFO:root:COST >> 0.0549 +/- 0.0048, % updates: 6.452%
INFO:root:-- EPOCH 82 (2.044 seconds):
INFO:root:COST >> 0.0552 +/- 0.0045, % updates: 6.483%
INFO:root:-- EPOCH 83 (2.022 seconds):
INFO:root:COST >> 0.0586 +/- 0.0065, % updates: 6.737%
INFO:root:-- EPOCH 84 (2.042 seconds):
INFO:root:COST >> 0.0685 +/- 0.0095, % updates: 7.655%
INFO:root:-- EPOCH 85 (2.022 seconds):
INFO:root:COST >> 0.2593 +/- 0.1008, % updates: 19.181%
INFO:root:-- EPOCH 86 (2.023 seconds):
INFO:root:COST >> 0.1904 +/- 0.0095, % updates: 15.39%
INFO:root:-- EPOCH 87 (2.009 seconds):
INFO:root:COST >> 0.1198 +/- 0.0344, % updates: 11.325%
INFO:root:-- EPOCH 88 (1.994 seconds):
INFO:root:COST >> 0.0631 +/- 0.0018, % updates: 7.297%
INFO:root:-- EPOCH 89 (2.03 seconds):
INFO:root:COST >> 0.0564 +/- 0.0038, % updates: 6.537%
INFO:root:-- EPOCH 90 (2.037 seconds):
INFO:root:COST >> 0.0525 +/- 0.0043, % updates: 6.14%
INFO:root:-- EPOCH 91 (2.021 seconds):
INFO:root:COST >> 0.0498 +/- 0.0039, % updates: 5.924%
INFO:root:-- EPOCH 92 (1.998 seconds):
INFO:root:COST >> 0.0504 +/- 0.0043, % updates: 5.927%
INFO:root:-- EPOCH 93 (2.052 seconds):
INFO:root:COST >> 0.0512 +/- 0.004, % updates: 6.06%
INFO:root:-- EPOCH 94 (2.015 seconds):
INFO:root:COST >> 0.0532 +/- 0.0032, % updates: 6.233%
INFO:root:-- EPOCH 95 (2.028 seconds):
INFO:root:COST >> 0.0565 +/- 0.0049, % updates: 6.587%
INFO:root:-- EPOCH 96 (2.012 seconds):
INFO:root:COST >> 0.0587 +/- 0.0049, % updates: 6.813%
INFO:root:-- EPOCH 97 (2.038 seconds):
INFO:root:COST >> 0.0767 +/- 0.0271, % updates: 8.217%
INFO:root:-- EPOCH 98 (1.995 seconds):
INFO:root:COST >> 0.2705 +/- 0.1129, % updates: 18.982%
INFO:root:-- EPOCH 99 (2.03 seconds):
INFO:root:COST >> 0.1967 +/- 0.0156, % updates: 15.174%
INFO:root:-- EPOCH 100 (2.003 seconds):
INFO:root:COST >> 0.1382 +/- 0.0262, % updates: 12.362%
