INFO:root:Shape for training set: (40961, 141442)
INFO:root:State: {'ndim': '20', 'test_all': 'None', 'test_path': 'None', 'nhid': '50', 'lremb': '1.0', 'seed': '4', 'simfn': 'L1', 'valid_path': 'None', 'nbatches': '10', 'lrparam': '1.0', 'decay': '0.999', 'show_hinton_diagrams': 'False', 'no_rescaling': 'True', 'Nrel': '18', 'ranking_score_right': 'False', 'Nent': '40961', 'Nsyn': '40943', 'method': 'ADADELTA', 'loss_margin': '1.0', 'C': '1.0', 'epsilon': '1e-06', 'use_db': 'True', 'max_lr': 'None', 'l1_param_weight': 'None', 'filtered': 'False', 'name': 'wn_opt/wn_ADADELTA_14', 'totepochs': '100', 'l2_param_weight': 'None', 'train_path': 'data/wn/WN-train.pkl', 'op': 'TransE'}
INFO:root:Starting the Experiment ..
INFO:root:-- EPOCH 1 (2.136 seconds):
INFO:root:COST >> 1.953 +/- 0.1954, % updates: 77.887%
INFO:root:-- EPOCH 2 (1.783 seconds):
INFO:root:COST >> 1.0117 +/- 0.0888, % updates: 56.117%
INFO:root:-- EPOCH 3 (1.551 seconds):
INFO:root:COST >> 0.5671 +/- 0.0215, % updates: 39.916%
INFO:root:-- EPOCH 4 (1.657 seconds):
INFO:root:COST >> 0.3729 +/- 0.0093, % updates: 30.289%
INFO:root:-- EPOCH 5 (1.622 seconds):
INFO:root:COST >> 0.2625 +/- 0.0033, % updates: 23.771%
INFO:root:-- EPOCH 6 (1.774 seconds):
INFO:root:COST >> 0.1961 +/- 0.0019, % updates: 19.437%
INFO:root:-- EPOCH 7 (1.975 seconds):
INFO:root:COST >> 0.1531 +/- 0.0019, % updates: 16.343%
INFO:root:-- EPOCH 8 (2.04 seconds):
INFO:root:COST >> 0.1279 +/- 0.0019, % updates: 14.29%
INFO:root:-- EPOCH 9 (2.081 seconds):
INFO:root:COST >> 0.1068 +/- 0.0022, % updates: 12.463%
INFO:root:-- EPOCH 10 (2.002 seconds):
INFO:root:COST >> 0.0929 +/- 0.0025, % updates: 11.207%
INFO:root:-- EPOCH 11 (2.077 seconds):
INFO:root:COST >> 0.0795 +/- 0.0023, % updates: 10.017%
INFO:root:-- EPOCH 12 (2.144 seconds):
INFO:root:COST >> 0.0714 +/- 0.003, % updates: 9.071%
INFO:root:-- EPOCH 13 (1.91 seconds):
INFO:root:COST >> 0.0654 +/- 0.0022, % updates: 8.432%
INFO:root:-- EPOCH 14 (2.029 seconds):
INFO:root:COST >> 0.0584 +/- 0.0017, % updates: 7.784%
INFO:root:-- EPOCH 15 (1.975 seconds):
INFO:root:COST >> 0.0532 +/- 0.0019, % updates: 7.232%
INFO:root:-- EPOCH 16 (3.269 seconds):
INFO:root:COST >> 0.0499 +/- 0.0021, % updates: 6.804%
INFO:root:-- EPOCH 17 (3.047 seconds):
INFO:root:COST >> 0.0465 +/- 0.0025, % updates: 6.424%
INFO:root:-- EPOCH 18 (2.12 seconds):
INFO:root:COST >> 0.0438 +/- 0.0021, % updates: 6.169%
INFO:root:-- EPOCH 19 (1.829 seconds):
INFO:root:COST >> 0.0395 +/- 0.0011, % updates: 5.674%
INFO:root:-- EPOCH 20 (1.82 seconds):
INFO:root:COST >> 0.0384 +/- 0.0012, % updates: 5.46%
INFO:root:-- EPOCH 21 (2.023 seconds):
INFO:root:COST >> 0.0354 +/- 0.0014, % updates: 5.148%
INFO:root:-- EPOCH 22 (1.778 seconds):
INFO:root:COST >> 0.0335 +/- 0.0013, % updates: 4.974%
INFO:root:-- EPOCH 23 (1.855 seconds):
INFO:root:COST >> 0.0324 +/- 0.0017, % updates: 4.788%
INFO:root:-- EPOCH 24 (2.142 seconds):
INFO:root:COST >> 0.0305 +/- 0.0012, % updates: 4.531%
INFO:root:-- EPOCH 25 (1.867 seconds):
INFO:root:COST >> 0.029 +/- 0.0012, % updates: 4.361%
INFO:root:-- EPOCH 26 (1.814 seconds):
INFO:root:COST >> 0.0279 +/- 0.0016, % updates: 4.199%
INFO:root:-- EPOCH 27 (1.777 seconds):
INFO:root:COST >> 0.027 +/- 0.0011, % updates: 4.114%
INFO:root:-- EPOCH 28 (2.004 seconds):
INFO:root:COST >> 0.0253 +/- 0.0012, % updates: 3.909%
INFO:root:-- EPOCH 29 (2.02 seconds):
INFO:root:COST >> 0.0248 +/- 0.0012, % updates: 3.819%
INFO:root:-- EPOCH 30 (2.033 seconds):
INFO:root:COST >> 0.0233 +/- 0.0013, % updates: 3.659%
INFO:root:-- EPOCH 31 (1.901 seconds):
INFO:root:COST >> 0.023 +/- 0.0009, % updates: 3.556%
INFO:root:-- EPOCH 32 (2.519 seconds):
INFO:root:COST >> 0.0226 +/- 0.0009, % updates: 3.543%
INFO:root:-- EPOCH 33 (3.315 seconds):
INFO:root:COST >> 0.0213 +/- 0.001, % updates: 3.394%
INFO:root:-- EPOCH 34 (2.463 seconds):
INFO:root:COST >> 0.0213 +/- 0.0008, % updates: 3.307%
INFO:root:-- EPOCH 35 (1.989 seconds):
INFO:root:COST >> 0.0205 +/- 0.0011, % updates: 3.289%
INFO:root:-- EPOCH 36 (1.787 seconds):
INFO:root:COST >> 0.0191 +/- 0.0005, % updates: 3.072%
INFO:root:-- EPOCH 37 (1.893 seconds):
INFO:root:COST >> 0.0195 +/- 0.0007, % updates: 3.061%
INFO:root:-- EPOCH 38 (1.941 seconds):
INFO:root:COST >> 0.0189 +/- 0.0011, % updates: 3.028%
INFO:root:-- EPOCH 39 (1.868 seconds):
INFO:root:COST >> 0.0186 +/- 0.001, % updates: 2.982%
INFO:root:-- EPOCH 40 (1.948 seconds):
INFO:root:COST >> 0.0177 +/- 0.0009, % updates: 2.859%
INFO:root:-- EPOCH 41 (2.38 seconds):
INFO:root:COST >> 0.0172 +/- 0.001, % updates: 2.78%
INFO:root:-- EPOCH 42 (2.89 seconds):
INFO:root:COST >> 0.0169 +/- 0.0009, % updates: 2.718%
INFO:root:-- EPOCH 43 (2.405 seconds):
INFO:root:COST >> 0.0166 +/- 0.0006, % updates: 2.646%
INFO:root:-- EPOCH 44 (1.793 seconds):
INFO:root:COST >> 0.0157 +/- 0.0006, % updates: 2.572%
INFO:root:-- EPOCH 45 (1.768 seconds):
INFO:root:COST >> 0.0163 +/- 0.001, % updates: 2.607%
INFO:root:-- EPOCH 46 (1.884 seconds):
INFO:root:COST >> 0.0152 +/- 0.0008, % updates: 2.482%
INFO:root:-- EPOCH 47 (1.807 seconds):
INFO:root:COST >> 0.0149 +/- 0.0006, % updates: 2.45%
INFO:root:-- EPOCH 48 (1.859 seconds):
INFO:root:COST >> 0.0146 +/- 0.0005, % updates: 2.428%
INFO:root:-- EPOCH 49 (1.874 seconds):
INFO:root:COST >> 0.0148 +/- 0.0005, % updates: 2.402%
INFO:root:-- EPOCH 50 (1.851 seconds):
INFO:root:COST >> 0.0145 +/- 0.0008, % updates: 2.35%
INFO:root:-- EPOCH 51 (1.831 seconds):
INFO:root:COST >> 0.0145 +/- 0.0005, % updates: 2.399%
INFO:root:-- EPOCH 52 (1.795 seconds):
INFO:root:COST >> 0.0131 +/- 0.0004, % updates: 2.191%
INFO:root:-- EPOCH 53 (1.796 seconds):
INFO:root:COST >> 0.013 +/- 0.0006, % updates: 2.207%
INFO:root:-- EPOCH 54 (2.047 seconds):
INFO:root:COST >> 0.0134 +/- 0.0006, % updates: 2.233%
INFO:root:-- EPOCH 55 (2.208 seconds):
INFO:root:COST >> 0.0129 +/- 0.0008, % updates: 2.167%
INFO:root:-- EPOCH 56 (2.19 seconds):
INFO:root:COST >> 0.0127 +/- 0.0007, % updates: 2.122%
INFO:root:-- EPOCH 57 (2.199 seconds):
INFO:root:COST >> 0.013 +/- 0.0007, % updates: 2.139%
INFO:root:-- EPOCH 58 (1.995 seconds):
INFO:root:COST >> 0.0124 +/- 0.0007, % updates: 2.06%
INFO:root:-- EPOCH 59 (1.699 seconds):
INFO:root:COST >> 0.0126 +/- 0.0007, % updates: 2.085%
INFO:root:-- EPOCH 60 (1.732 seconds):
INFO:root:COST >> 0.0122 +/- 0.0006, % updates: 2.062%
INFO:root:-- EPOCH 61 (1.814 seconds):
INFO:root:COST >> 0.0122 +/- 0.0005, % updates: 2.013%
INFO:root:-- EPOCH 62 (1.793 seconds):
INFO:root:COST >> 0.0117 +/- 0.0006, % updates: 1.952%
INFO:root:-- EPOCH 63 (1.772 seconds):
INFO:root:COST >> 0.0115 +/- 0.0005, % updates: 1.909%
INFO:root:-- EPOCH 64 (1.744 seconds):
INFO:root:COST >> 0.0114 +/- 0.0006, % updates: 1.897%
INFO:root:-- EPOCH 65 (1.764 seconds):
INFO:root:COST >> 0.0113 +/- 0.0007, % updates: 1.881%
INFO:root:-- EPOCH 66 (1.784 seconds):
INFO:root:COST >> 0.011 +/- 0.0007, % updates: 1.846%
INFO:root:-- EPOCH 67 (1.83 seconds):
INFO:root:COST >> 0.0106 +/- 0.001, % updates: 1.783%
INFO:root:-- EPOCH 68 (1.791 seconds):
INFO:root:COST >> 0.0109 +/- 0.0007, % updates: 1.832%
INFO:root:-- EPOCH 69 (1.752 seconds):
INFO:root:COST >> 0.0106 +/- 0.0005, % updates: 1.791%
INFO:root:-- EPOCH 70 (1.765 seconds):
INFO:root:COST >> 0.0105 +/- 0.0005, % updates: 1.74%
INFO:root:-- EPOCH 71 (1.815 seconds):
INFO:root:COST >> 0.0107 +/- 0.0005, % updates: 1.769%
INFO:root:-- EPOCH 72 (1.775 seconds):
INFO:root:COST >> 0.0103 +/- 0.0007, % updates: 1.716%
INFO:root:-- EPOCH 73 (1.78 seconds):
INFO:root:COST >> 0.0102 +/- 0.0006, % updates: 1.722%
INFO:root:-- EPOCH 74 (1.791 seconds):
INFO:root:COST >> 0.01 +/- 0.0004, % updates: 1.664%
INFO:root:-- EPOCH 75 (1.898 seconds):
INFO:root:COST >> 0.0099 +/- 0.0004, % updates: 1.683%
INFO:root:-- EPOCH 76 (1.841 seconds):
INFO:root:COST >> 0.0094 +/- 0.0006, % updates: 1.626%
INFO:root:-- EPOCH 77 (2.146 seconds):
INFO:root:COST >> 0.0096 +/- 0.0006, % updates: 1.608%
INFO:root:-- EPOCH 78 (2.32 seconds):
INFO:root:COST >> 0.0098 +/- 0.0006, % updates: 1.649%
INFO:root:-- EPOCH 79 (2.153 seconds):
INFO:root:COST >> 0.0095 +/- 0.0007, % updates: 1.608%
INFO:root:-- EPOCH 80 (2.387 seconds):
INFO:root:COST >> 0.0097 +/- 0.0005, % updates: 1.629%
INFO:root:-- EPOCH 81 (2.266 seconds):
INFO:root:COST >> 0.0098 +/- 0.0008, % updates: 1.636%
INFO:root:-- EPOCH 82 (2.097 seconds):
INFO:root:COST >> 0.0094 +/- 0.0006, % updates: 1.563%
INFO:root:-- EPOCH 83 (1.964 seconds):
INFO:root:COST >> 0.009 +/- 0.0005, % updates: 1.541%
INFO:root:-- EPOCH 84 (1.98 seconds):
INFO:root:COST >> 0.0092 +/- 0.0007, % updates: 1.538%
INFO:root:-- EPOCH 85 (2.003 seconds):
INFO:root:COST >> 0.0089 +/- 0.0007, % updates: 1.492%
INFO:root:-- EPOCH 86 (2.059 seconds):
INFO:root:COST >> 0.0088 +/- 0.0005, % updates: 1.497%
INFO:root:-- EPOCH 87 (1.964 seconds):
INFO:root:COST >> 0.0088 +/- 0.0006, % updates: 1.495%
INFO:root:-- EPOCH 88 (1.964 seconds):
INFO:root:COST >> 0.0088 +/- 0.0005, % updates: 1.48%
INFO:root:-- EPOCH 89 (1.992 seconds):
INFO:root:COST >> 0.0084 +/- 0.0005, % updates: 1.45%
INFO:root:-- EPOCH 90 (2.106 seconds):
INFO:root:COST >> 0.0087 +/- 0.0004, % updates: 1.464%
INFO:root:-- EPOCH 91 (2.054 seconds):
INFO:root:COST >> 0.0083 +/- 0.0006, % updates: 1.429%
INFO:root:-- EPOCH 92 (2.121 seconds):
INFO:root:COST >> 0.0081 +/- 0.0007, % updates: 1.429%
INFO:root:-- EPOCH 93 (2.114 seconds):
INFO:root:COST >> 0.0085 +/- 0.0006, % updates: 1.46%
INFO:root:-- EPOCH 94 (2.231 seconds):
INFO:root:COST >> 0.0083 +/- 0.0007, % updates: 1.419%
INFO:root:-- EPOCH 95 (1.916 seconds):
INFO:root:COST >> 0.0081 +/- 0.0008, % updates: 1.394%
INFO:root:-- EPOCH 96 (1.979 seconds):
INFO:root:COST >> 0.008 +/- 0.0004, % updates: 1.372%
INFO:root:-- EPOCH 97 (2.049 seconds):
INFO:root:COST >> 0.008 +/- 0.0006, % updates: 1.367%
INFO:root:-- EPOCH 98 (2.016 seconds):
INFO:root:COST >> 0.0079 +/- 0.0006, % updates: 1.368%
INFO:root:-- EPOCH 99 (1.885 seconds):
INFO:root:COST >> 0.008 +/- 0.0005, % updates: 1.369%
INFO:root:-- EPOCH 100 (2.04 seconds):
INFO:root:COST >> 0.008 +/- 0.0004, % updates: 1.366%
