INFO:root:Shape for training set: (40961, 141442)
INFO:root:State: {'ndim': '20', 'test_all': 'None', 'test_path': 'None', 'nhid': '50', 'lremb': '1.0', 'seed': '3', 'simfn': 'L1', 'valid_path': 'None', 'nbatches': '10', 'lrparam': '1.0', 'decay': '0.5', 'show_hinton_diagrams': 'False', 'no_rescaling': 'True', 'Nrel': '18', 'ranking_score_right': 'False', 'Nent': '40961', 'Nsyn': '40943', 'method': 'ADADELTA', 'loss_margin': '1.0', 'C': '1.0', 'epsilon': '1e-06', 'use_db': 'True', 'max_lr': 'None', 'l1_param_weight': 'None', 'filtered': 'False', 'name': 'wn_opt/wn_ADADELTA_43', 'totepochs': '100', 'l2_param_weight': 'None', 'train_path': 'data/wn/WN-train.pkl', 'op': 'TransE'}
INFO:root:Starting the Experiment ..
INFO:root:-- EPOCH 1 (1.562 seconds):
INFO:root:COST >> 2.2094 +/- 0.0125, % updates: 81.516%
INFO:root:-- EPOCH 2 (1.564 seconds):
INFO:root:COST >> 2.1461 +/- 0.0103, % updates: 80.81%
INFO:root:-- EPOCH 3 (1.567 seconds):
INFO:root:COST >> 2.078 +/- 0.0129, % updates: 79.926%
INFO:root:-- EPOCH 4 (1.534 seconds):
INFO:root:COST >> 2.0128 +/- 0.0162, % updates: 78.956%
INFO:root:-- EPOCH 5 (1.564 seconds):
INFO:root:COST >> 1.9409 +/- 0.0188, % updates: 77.829%
INFO:root:-- EPOCH 6 (1.61 seconds):
INFO:root:COST >> 1.8829 +/- 0.0116, % updates: 76.91%
INFO:root:-- EPOCH 7 (1.591 seconds):
INFO:root:COST >> 1.8119 +/- 0.0183, % updates: 75.719%
INFO:root:-- EPOCH 8 (1.578 seconds):
INFO:root:COST >> 1.7458 +/- 0.0157, % updates: 74.515%
INFO:root:-- EPOCH 9 (1.589 seconds):
INFO:root:COST >> 1.6898 +/- 0.0158, % updates: 73.278%
INFO:root:-- EPOCH 10 (1.537 seconds):
INFO:root:COST >> 1.6284 +/- 0.0149, % updates: 72.143%
INFO:root:-- EPOCH 11 (1.552 seconds):
INFO:root:COST >> 1.568 +/- 0.0156, % updates: 70.814%
INFO:root:-- EPOCH 12 (1.516 seconds):
INFO:root:COST >> 1.5095 +/- 0.0136, % updates: 69.626%
INFO:root:-- EPOCH 13 (1.544 seconds):
INFO:root:COST >> 1.4525 +/- 0.0146, % updates: 68.306%
INFO:root:-- EPOCH 14 (1.563 seconds):
INFO:root:COST >> 1.396 +/- 0.0156, % updates: 66.861%
INFO:root:-- EPOCH 15 (1.604 seconds):
INFO:root:COST >> 1.3393 +/- 0.0097, % updates: 65.554%
INFO:root:-- EPOCH 16 (1.592 seconds):
INFO:root:COST >> 1.294 +/- 0.0113, % updates: 64.435%
INFO:root:-- EPOCH 17 (1.548 seconds):
INFO:root:COST >> 1.2413 +/- 0.0126, % updates: 62.901%
INFO:root:-- EPOCH 18 (1.583 seconds):
INFO:root:COST >> 1.1919 +/- 0.0124, % updates: 61.92%
INFO:root:-- EPOCH 19 (1.586 seconds):
INFO:root:COST >> 1.1453 +/- 0.0083, % updates: 60.578%
INFO:root:-- EPOCH 20 (1.752 seconds):
INFO:root:COST >> 1.0978 +/- 0.0102, % updates: 59.1%
INFO:root:-- EPOCH 21 (1.624 seconds):
INFO:root:COST >> 1.0572 +/- 0.0109, % updates: 57.946%
INFO:root:-- EPOCH 22 (1.547 seconds):
INFO:root:COST >> 1.0153 +/- 0.0117, % updates: 56.664%
INFO:root:-- EPOCH 23 (1.572 seconds):
INFO:root:COST >> 0.9756 +/- 0.0102, % updates: 55.408%
INFO:root:-- EPOCH 24 (1.56 seconds):
INFO:root:COST >> 0.9354 +/- 0.0053, % updates: 54.272%
INFO:root:-- EPOCH 25 (1.575 seconds):
INFO:root:COST >> 0.9006 +/- 0.0081, % updates: 52.992%
INFO:root:-- EPOCH 26 (1.584 seconds):
INFO:root:COST >> 0.8679 +/- 0.0073, % updates: 51.956%
INFO:root:-- EPOCH 27 (1.573 seconds):
INFO:root:COST >> 0.8338 +/- 0.0122, % updates: 50.807%
INFO:root:-- EPOCH 28 (1.606 seconds):
INFO:root:COST >> 0.8005 +/- 0.0085, % updates: 49.656%
INFO:root:-- EPOCH 29 (1.57 seconds):
INFO:root:COST >> 0.7688 +/- 0.0055, % updates: 48.424%
INFO:root:-- EPOCH 30 (1.512 seconds):
INFO:root:COST >> 0.7431 +/- 0.0084, % updates: 47.496%
INFO:root:-- EPOCH 31 (1.852 seconds):
INFO:root:COST >> 0.7114 +/- 0.0054, % updates: 46.39%
INFO:root:-- EPOCH 32 (2.048 seconds):
INFO:root:COST >> 0.6839 +/- 0.0036, % updates: 45.234%
INFO:root:-- EPOCH 33 (1.715 seconds):
INFO:root:COST >> 0.6588 +/- 0.0091, % updates: 44.286%
INFO:root:-- EPOCH 34 (1.59 seconds):
INFO:root:COST >> 0.6353 +/- 0.0075, % updates: 43.33%
INFO:root:-- EPOCH 35 (1.584 seconds):
INFO:root:COST >> 0.612 +/- 0.0048, % updates: 42.382%
INFO:root:-- EPOCH 36 (1.577 seconds):
INFO:root:COST >> 0.5923 +/- 0.0033, % updates: 41.65%
INFO:root:-- EPOCH 37 (1.597 seconds):
INFO:root:COST >> 0.5649 +/- 0.004, % updates: 40.306%
INFO:root:-- EPOCH 38 (1.576 seconds):
INFO:root:COST >> 0.5481 +/- 0.008, % updates: 39.496%
INFO:root:-- EPOCH 39 (1.592 seconds):
INFO:root:COST >> 0.5298 +/- 0.0072, % updates: 38.833%
INFO:root:-- EPOCH 40 (1.62 seconds):
INFO:root:COST >> 0.5119 +/- 0.0045, % updates: 37.967%
INFO:root:-- EPOCH 41 (1.637 seconds):
INFO:root:COST >> 0.4923 +/- 0.0066, % updates: 36.974%
INFO:root:-- EPOCH 42 (1.597 seconds):
INFO:root:COST >> 0.4768 +/- 0.0042, % updates: 36.284%
INFO:root:-- EPOCH 43 (1.553 seconds):
INFO:root:COST >> 0.4631 +/- 0.0056, % updates: 35.513%
INFO:root:-- EPOCH 44 (1.552 seconds):
INFO:root:COST >> 0.448 +/- 0.0062, % updates: 34.801%
INFO:root:-- EPOCH 45 (1.575 seconds):
INFO:root:COST >> 0.4324 +/- 0.0066, % updates: 34.073%
INFO:root:-- EPOCH 46 (1.545 seconds):
INFO:root:COST >> 0.4229 +/- 0.0052, % updates: 33.468%
INFO:root:-- EPOCH 47 (1.509 seconds):
INFO:root:COST >> 0.4074 +/- 0.0059, % updates: 32.75%
INFO:root:-- EPOCH 48 (1.528 seconds):
INFO:root:COST >> 0.3947 +/- 0.0032, % updates: 31.958%
INFO:root:-- EPOCH 49 (1.542 seconds):
INFO:root:COST >> 0.3825 +/- 0.0043, % updates: 31.441%
INFO:root:-- EPOCH 50 (1.547 seconds):
INFO:root:COST >> 0.3732 +/- 0.0032, % updates: 30.933%
INFO:root:-- EPOCH 51 (1.577 seconds):
INFO:root:COST >> 0.361 +/- 0.0034, % updates: 30.202%
INFO:root:-- EPOCH 52 (1.534 seconds):
INFO:root:COST >> 0.3498 +/- 0.0033, % updates: 29.64%
INFO:root:-- EPOCH 53 (1.583 seconds):
INFO:root:COST >> 0.3402 +/- 0.0053, % updates: 28.982%
INFO:root:-- EPOCH 54 (1.545 seconds):
INFO:root:COST >> 0.3317 +/- 0.0055, % updates: 28.642%
INFO:root:-- EPOCH 55 (1.628 seconds):
INFO:root:COST >> 0.324 +/- 0.0056, % updates: 28.032%
INFO:root:-- EPOCH 56 (1.557 seconds):
INFO:root:COST >> 0.3144 +/- 0.0043, % updates: 27.543%
INFO:root:-- EPOCH 57 (1.602 seconds):
INFO:root:COST >> 0.306 +/- 0.0047, % updates: 27.185%
INFO:root:-- EPOCH 58 (1.533 seconds):
INFO:root:COST >> 0.2989 +/- 0.0037, % updates: 26.63%
INFO:root:-- EPOCH 59 (1.599 seconds):
INFO:root:COST >> 0.2901 +/- 0.0048, % updates: 26.181%
INFO:root:-- EPOCH 60 (1.553 seconds):
INFO:root:COST >> 0.2845 +/- 0.0037, % updates: 25.81%
INFO:root:-- EPOCH 61 (1.586 seconds):
INFO:root:COST >> 0.2759 +/- 0.0036, % updates: 25.219%
INFO:root:-- EPOCH 62 (1.596 seconds):
INFO:root:COST >> 0.2702 +/- 0.0032, % updates: 24.916%
INFO:root:-- EPOCH 63 (1.605 seconds):
INFO:root:COST >> 0.2656 +/- 0.0036, % updates: 24.58%
INFO:root:-- EPOCH 64 (1.572 seconds):
INFO:root:COST >> 0.2565 +/- 0.0048, % updates: 24.031%
INFO:root:-- EPOCH 65 (1.565 seconds):
INFO:root:COST >> 0.2512 +/- 0.0041, % updates: 23.715%
INFO:root:-- EPOCH 66 (1.52 seconds):
INFO:root:COST >> 0.2459 +/- 0.0034, % updates: 23.37%
INFO:root:-- EPOCH 67 (1.579 seconds):
INFO:root:COST >> 0.2418 +/- 0.0034, % updates: 23.039%
INFO:root:-- EPOCH 68 (1.621 seconds):
INFO:root:COST >> 0.2348 +/- 0.0043, % updates: 22.557%
INFO:root:-- EPOCH 69 (1.553 seconds):
INFO:root:COST >> 0.2301 +/- 0.0028, % updates: 22.338%
INFO:root:-- EPOCH 70 (1.535 seconds):
INFO:root:COST >> 0.2238 +/- 0.0044, % updates: 21.951%
INFO:root:-- EPOCH 71 (1.575 seconds):
INFO:root:COST >> 0.2188 +/- 0.0032, % updates: 21.586%
INFO:root:-- EPOCH 72 (1.601 seconds):
INFO:root:COST >> 0.2132 +/- 0.0032, % updates: 21.162%
INFO:root:-- EPOCH 73 (1.574 seconds):
INFO:root:COST >> 0.2109 +/- 0.0047, % updates: 20.957%
INFO:root:-- EPOCH 74 (1.574 seconds):
INFO:root:COST >> 0.206 +/- 0.0025, % updates: 20.671%
INFO:root:-- EPOCH 75 (1.567 seconds):
INFO:root:COST >> 0.2015 +/- 0.004, % updates: 20.422%
INFO:root:-- EPOCH 76 (1.569 seconds):
INFO:root:COST >> 0.1987 +/- 0.0037, % updates: 20.132%
INFO:root:-- EPOCH 77 (1.528 seconds):
INFO:root:COST >> 0.1942 +/- 0.0029, % updates: 19.767%
INFO:root:-- EPOCH 78 (1.533 seconds):
INFO:root:COST >> 0.1906 +/- 0.0032, % updates: 19.517%
INFO:root:-- EPOCH 79 (1.574 seconds):
INFO:root:COST >> 0.1872 +/- 0.0027, % updates: 19.311%
INFO:root:-- EPOCH 80 (1.576 seconds):
INFO:root:COST >> 0.1826 +/- 0.0024, % updates: 19.01%
INFO:root:-- EPOCH 81 (1.582 seconds):
INFO:root:COST >> 0.1824 +/- 0.0036, % updates: 18.872%
INFO:root:-- EPOCH 82 (1.558 seconds):
INFO:root:COST >> 0.1758 +/- 0.003, % updates: 18.371%
INFO:root:-- EPOCH 83 (1.577 seconds):
INFO:root:COST >> 0.1733 +/- 0.0032, % updates: 18.173%
INFO:root:-- EPOCH 84 (1.541 seconds):
INFO:root:COST >> 0.1718 +/- 0.0027, % updates: 18.02%
INFO:root:-- EPOCH 85 (1.554 seconds):
INFO:root:COST >> 0.1675 +/- 0.0024, % updates: 17.758%
INFO:root:-- EPOCH 86 (1.542 seconds):
INFO:root:COST >> 0.1636 +/- 0.0031, % updates: 17.533%
INFO:root:-- EPOCH 87 (1.572 seconds):
INFO:root:COST >> 0.1631 +/- 0.0025, % updates: 17.409%
INFO:root:-- EPOCH 88 (1.576 seconds):
INFO:root:COST >> 0.158 +/- 0.0021, % updates: 17.126%
INFO:root:-- EPOCH 89 (1.563 seconds):
INFO:root:COST >> 0.1556 +/- 0.0019, % updates: 16.913%
INFO:root:-- EPOCH 90 (1.572 seconds):
INFO:root:COST >> 0.1539 +/- 0.0029, % updates: 16.689%
INFO:root:-- EPOCH 91 (1.556 seconds):
INFO:root:COST >> 0.1501 +/- 0.0024, % updates: 16.494%
INFO:root:-- EPOCH 92 (1.541 seconds):
INFO:root:COST >> 0.1499 +/- 0.0022, % updates: 16.334%
INFO:root:-- EPOCH 93 (1.601 seconds):
INFO:root:COST >> 0.1465 +/- 0.0019, % updates: 16.18%
INFO:root:-- EPOCH 94 (1.561 seconds):
INFO:root:COST >> 0.1426 +/- 0.0027, % updates: 15.806%
INFO:root:-- EPOCH 95 (1.58 seconds):
INFO:root:COST >> 0.1417 +/- 0.0024, % updates: 15.756%
INFO:root:-- EPOCH 96 (1.249 seconds):
INFO:root:COST >> 0.1394 +/- 0.0027, % updates: 15.609%
INFO:root:-- EPOCH 97 (1.245 seconds):
INFO:root:COST >> 0.1388 +/- 0.0033, % updates: 15.412%
INFO:root:-- EPOCH 98 (1.306 seconds):
INFO:root:COST >> 0.1337 +/- 0.0023, % updates: 15.16%
INFO:root:-- EPOCH 99 (1.372 seconds):
INFO:root:COST >> 0.133 +/- 0.0022, % updates: 15.029%
INFO:root:-- EPOCH 100 (1.541 seconds):
INFO:root:COST >> 0.1303 +/- 0.0029, % updates: 14.847%
