INFO:root:Shape for training set: (40961, 141442)
INFO:root:State: {'ndim': '20', 'test_all': 'None', 'test_path': 'None', 'nhid': '50', 'lremb': '1.0', 'seed': '7', 'simfn': 'L1', 'valid_path': 'None', 'nbatches': '10', 'lrparam': '1.0', 'decay': '0.99', 'show_hinton_diagrams': 'False', 'no_rescaling': 'True', 'Nrel': '18', 'ranking_score_right': 'False', 'Nent': '40961', 'Nsyn': '40943', 'method': 'ADADELTA', 'loss_margin': '1.0', 'C': '1.0', 'epsilon': '1e-06', 'use_db': 'True', 'max_lr': 'None', 'l1_param_weight': 'None', 'filtered': 'False', 'name': 'wn_opt/wn_ADADELTA_27', 'totepochs': '100', 'l2_param_weight': 'None', 'train_path': 'data/wn/WN-train.pkl', 'op': 'TransE'}
INFO:root:Starting the Experiment ..
INFO:root:-- EPOCH 1 (1.651 seconds):
INFO:root:COST >> 2.1453 +/- 0.0546, % updates: 80.984%
INFO:root:-- EPOCH 2 (1.602 seconds):
INFO:root:COST >> 1.7497 +/- 0.0506, % updates: 74.802%
INFO:root:-- EPOCH 3 (1.742 seconds):
INFO:root:COST >> 1.3857 +/- 0.0395, % updates: 67.169%
INFO:root:-- EPOCH 4 (1.989 seconds):
INFO:root:COST >> 1.0862 +/- 0.0344, % updates: 59.362%
INFO:root:-- EPOCH 5 (1.594 seconds):
INFO:root:COST >> 0.8609 +/- 0.0282, % updates: 52.122%
INFO:root:-- EPOCH 6 (1.627 seconds):
INFO:root:COST >> 0.6939 +/- 0.0151, % updates: 45.928%
INFO:root:-- EPOCH 7 (1.606 seconds):
INFO:root:COST >> 0.5714 +/- 0.0118, % updates: 40.891%
INFO:root:-- EPOCH 8 (1.628 seconds):
INFO:root:COST >> 0.4798 +/- 0.0054, % updates: 36.44%
INFO:root:-- EPOCH 9 (1.601 seconds):
INFO:root:COST >> 0.4068 +/- 0.0039, % updates: 32.925%
INFO:root:-- EPOCH 10 (1.64 seconds):
INFO:root:COST >> 0.3509 +/- 0.0055, % updates: 29.637%
INFO:root:-- EPOCH 11 (1.589 seconds):
INFO:root:COST >> 0.3081 +/- 0.0041, % updates: 27.128%
INFO:root:-- EPOCH 12 (1.657 seconds):
INFO:root:COST >> 0.2746 +/- 0.0016, % updates: 25.021%
INFO:root:-- EPOCH 13 (1.657 seconds):
INFO:root:COST >> 0.246 +/- 0.0043, % updates: 23.313%
INFO:root:-- EPOCH 14 (1.707 seconds):
INFO:root:COST >> 0.2212 +/- 0.0026, % updates: 21.608%
INFO:root:-- EPOCH 15 (1.646 seconds):
INFO:root:COST >> 0.2009 +/- 0.004, % updates: 20.078%
INFO:root:-- EPOCH 16 (1.635 seconds):
INFO:root:COST >> 0.1838 +/- 0.0033, % updates: 18.91%
INFO:root:-- EPOCH 17 (1.616 seconds):
INFO:root:COST >> 0.1682 +/- 0.0018, % updates: 17.802%
INFO:root:-- EPOCH 18 (1.602 seconds):
INFO:root:COST >> 0.1567 +/- 0.0031, % updates: 16.815%
INFO:root:-- EPOCH 19 (1.575 seconds):
INFO:root:COST >> 0.1441 +/- 0.0018, % updates: 15.889%
INFO:root:-- EPOCH 20 (1.616 seconds):
INFO:root:COST >> 0.1341 +/- 0.0018, % updates: 15.075%
INFO:root:-- EPOCH 21 (1.598 seconds):
INFO:root:COST >> 0.1243 +/- 0.0015, % updates: 14.266%
INFO:root:-- EPOCH 22 (1.828 seconds):
INFO:root:COST >> 0.1192 +/- 0.0019, % updates: 13.734%
INFO:root:-- EPOCH 23 (2.071 seconds):
INFO:root:COST >> 0.1099 +/- 0.002, % updates: 13.014%
INFO:root:-- EPOCH 24 (2.059 seconds):
INFO:root:COST >> 0.1049 +/- 0.002, % updates: 12.444%
INFO:root:-- EPOCH 25 (2.039 seconds):
INFO:root:COST >> 0.098 +/- 0.0022, % updates: 11.944%
INFO:root:-- EPOCH 26 (1.629 seconds):
INFO:root:COST >> 0.0941 +/- 0.0021, % updates: 11.401%
INFO:root:-- EPOCH 27 (1.619 seconds):
INFO:root:COST >> 0.0898 +/- 0.0013, % updates: 11.109%
INFO:root:-- EPOCH 28 (1.595 seconds):
INFO:root:COST >> 0.0845 +/- 0.0012, % updates: 10.568%
INFO:root:-- EPOCH 29 (1.601 seconds):
INFO:root:COST >> 0.0803 +/- 0.0021, % updates: 10.077%
INFO:root:-- EPOCH 30 (1.643 seconds):
INFO:root:COST >> 0.0777 +/- 0.0018, % updates: 9.932%
INFO:root:-- EPOCH 31 (1.645 seconds):
INFO:root:COST >> 0.0738 +/- 0.0015, % updates: 9.508%
INFO:root:-- EPOCH 32 (1.807 seconds):
INFO:root:COST >> 0.071 +/- 0.0018, % updates: 9.244%
INFO:root:-- EPOCH 33 (1.645 seconds):
INFO:root:COST >> 0.0676 +/- 0.0012, % updates: 8.847%
INFO:root:-- EPOCH 34 (1.599 seconds):
INFO:root:COST >> 0.0648 +/- 0.0019, % updates: 8.65%
INFO:root:-- EPOCH 35 (1.594 seconds):
INFO:root:COST >> 0.063 +/- 0.002, % updates: 8.423%
INFO:root:-- EPOCH 36 (1.607 seconds):
INFO:root:COST >> 0.0607 +/- 0.0012, % updates: 8.136%
INFO:root:-- EPOCH 37 (1.61 seconds):
INFO:root:COST >> 0.0587 +/- 0.0017, % updates: 7.929%
INFO:root:-- EPOCH 38 (1.607 seconds):
INFO:root:COST >> 0.0557 +/- 0.0013, % updates: 7.641%
INFO:root:-- EPOCH 39 (1.595 seconds):
INFO:root:COST >> 0.0554 +/- 0.0012, % updates: 7.591%
INFO:root:-- EPOCH 40 (1.683 seconds):
INFO:root:COST >> 0.0534 +/- 0.0014, % updates: 7.357%
INFO:root:-- EPOCH 41 (1.893 seconds):
INFO:root:COST >> 0.0509 +/- 0.0014, % updates: 7.157%
INFO:root:-- EPOCH 42 (1.585 seconds):
INFO:root:COST >> 0.0499 +/- 0.0015, % updates: 6.959%
INFO:root:-- EPOCH 43 (1.581 seconds):
INFO:root:COST >> 0.0472 +/- 0.0017, % updates: 6.684%
INFO:root:-- EPOCH 44 (1.623 seconds):
INFO:root:COST >> 0.0466 +/- 0.001, % updates: 6.583%
INFO:root:-- EPOCH 45 (1.652 seconds):
INFO:root:COST >> 0.0446 +/- 0.0013, % updates: 6.405%
INFO:root:-- EPOCH 46 (1.573 seconds):
INFO:root:COST >> 0.0443 +/- 0.002, % updates: 6.275%
INFO:root:-- EPOCH 47 (1.64 seconds):
INFO:root:COST >> 0.0424 +/- 0.0018, % updates: 6.123%
INFO:root:-- EPOCH 48 (1.617 seconds):
INFO:root:COST >> 0.0421 +/- 0.0009, % updates: 6.048%
INFO:root:-- EPOCH 49 (1.606 seconds):
INFO:root:COST >> 0.0408 +/- 0.0014, % updates: 5.859%
INFO:root:-- EPOCH 50 (1.595 seconds):
INFO:root:COST >> 0.0399 +/- 0.0011, % updates: 5.811%
INFO:root:-- EPOCH 51 (1.577 seconds):
INFO:root:COST >> 0.0386 +/- 0.0012, % updates: 5.692%
INFO:root:-- EPOCH 52 (1.695 seconds):
INFO:root:COST >> 0.0376 +/- 0.001, % updates: 5.547%
INFO:root:-- EPOCH 53 (1.579 seconds):
INFO:root:COST >> 0.0372 +/- 0.0014, % updates: 5.452%
INFO:root:-- EPOCH 54 (1.63 seconds):
INFO:root:COST >> 0.0356 +/- 0.0009, % updates: 5.305%
INFO:root:-- EPOCH 55 (1.611 seconds):
INFO:root:COST >> 0.0347 +/- 0.0009, % updates: 5.169%
INFO:root:-- EPOCH 56 (1.594 seconds):
INFO:root:COST >> 0.0341 +/- 0.0009, % updates: 5.104%
INFO:root:-- EPOCH 57 (1.594 seconds):
INFO:root:COST >> 0.0336 +/- 0.0012, % updates: 5.013%
INFO:root:-- EPOCH 58 (1.711 seconds):
INFO:root:COST >> 0.0334 +/- 0.0015, % updates: 4.981%
INFO:root:-- EPOCH 59 (1.992 seconds):
INFO:root:COST >> 0.0324 +/- 0.0008, % updates: 4.866%
INFO:root:-- EPOCH 60 (2.026 seconds):
INFO:root:COST >> 0.0322 +/- 0.0014, % updates: 4.815%
INFO:root:-- EPOCH 61 (2.07 seconds):
INFO:root:COST >> 0.0313 +/- 0.0012, % updates: 4.713%
INFO:root:-- EPOCH 62 (2.057 seconds):
INFO:root:COST >> 0.0311 +/- 0.0006, % updates: 4.697%
INFO:root:-- EPOCH 63 (1.792 seconds):
INFO:root:COST >> 0.0303 +/- 0.0009, % updates: 4.615%
INFO:root:-- EPOCH 64 (1.562 seconds):
INFO:root:COST >> 0.0292 +/- 0.0012, % updates: 4.464%
INFO:root:-- EPOCH 65 (1.606 seconds):
INFO:root:COST >> 0.0285 +/- 0.0009, % updates: 4.402%
INFO:root:-- EPOCH 66 (1.59 seconds):
INFO:root:COST >> 0.028 +/- 0.0006, % updates: 4.338%
INFO:root:-- EPOCH 67 (1.592 seconds):
INFO:root:COST >> 0.0274 +/- 0.0013, % updates: 4.228%
INFO:root:-- EPOCH 68 (1.578 seconds):
INFO:root:COST >> 0.0269 +/- 0.0011, % updates: 4.164%
INFO:root:-- EPOCH 69 (1.576 seconds):
INFO:root:COST >> 0.027 +/- 0.001, % updates: 4.205%
INFO:root:-- EPOCH 70 (1.801 seconds):
INFO:root:COST >> 0.0262 +/- 0.0014, % updates: 4.09%
INFO:root:-- EPOCH 71 (1.619 seconds):
INFO:root:COST >> 0.0251 +/- 0.0007, % updates: 3.966%
INFO:root:-- EPOCH 72 (1.617 seconds):
INFO:root:COST >> 0.0255 +/- 0.0009, % updates: 4.025%
INFO:root:-- EPOCH 73 (1.632 seconds):
INFO:root:COST >> 0.0246 +/- 0.0009, % updates: 3.891%
INFO:root:-- EPOCH 74 (1.598 seconds):
INFO:root:COST >> 0.0241 +/- 0.0008, % updates: 3.791%
INFO:root:-- EPOCH 75 (1.555 seconds):
INFO:root:COST >> 0.0239 +/- 0.0009, % updates: 3.761%
INFO:root:-- EPOCH 76 (1.602 seconds):
INFO:root:COST >> 0.0234 +/- 0.0007, % updates: 3.742%
INFO:root:-- EPOCH 77 (1.627 seconds):
INFO:root:COST >> 0.0229 +/- 0.0007, % updates: 3.654%
INFO:root:-- EPOCH 78 (1.59 seconds):
INFO:root:COST >> 0.023 +/- 0.0009, % updates: 3.657%
INFO:root:-- EPOCH 79 (1.631 seconds):
INFO:root:COST >> 0.0229 +/- 0.0011, % updates: 3.635%
INFO:root:-- EPOCH 80 (1.573 seconds):
INFO:root:COST >> 0.0221 +/- 0.001, % updates: 3.527%
INFO:root:-- EPOCH 81 (1.573 seconds):
INFO:root:COST >> 0.0218 +/- 0.0009, % updates: 3.487%
INFO:root:-- EPOCH 82 (1.615 seconds):
INFO:root:COST >> 0.0216 +/- 0.0006, % updates: 3.472%
INFO:root:-- EPOCH 83 (1.605 seconds):
INFO:root:COST >> 0.0214 +/- 0.0008, % updates: 3.48%
INFO:root:-- EPOCH 84 (1.609 seconds):
INFO:root:COST >> 0.0207 +/- 0.0008, % updates: 3.353%
INFO:root:-- EPOCH 85 (1.6 seconds):
INFO:root:COST >> 0.0204 +/- 0.0009, % updates: 3.285%
INFO:root:-- EPOCH 86 (1.593 seconds):
INFO:root:COST >> 0.0205 +/- 0.0009, % updates: 3.333%
INFO:root:-- EPOCH 87 (1.617 seconds):
INFO:root:COST >> 0.0203 +/- 0.0011, % updates: 3.299%
INFO:root:-- EPOCH 88 (1.571 seconds):
INFO:root:COST >> 0.0202 +/- 0.0014, % updates: 3.242%
INFO:root:-- EPOCH 89 (1.777 seconds):
INFO:root:COST >> 0.0192 +/- 0.0011, % updates: 3.16%
INFO:root:-- EPOCH 90 (1.639 seconds):
INFO:root:COST >> 0.0197 +/- 0.0007, % updates: 3.19%
INFO:root:-- EPOCH 91 (1.856 seconds):
INFO:root:COST >> 0.0189 +/- 0.0007, % updates: 3.102%
INFO:root:-- EPOCH 92 (1.596 seconds):
INFO:root:COST >> 0.0187 +/- 0.0005, % updates: 3.093%
INFO:root:-- EPOCH 93 (1.576 seconds):
INFO:root:COST >> 0.0185 +/- 0.0007, % updates: 3.052%
INFO:root:-- EPOCH 94 (1.362 seconds):
INFO:root:COST >> 0.0179 +/- 0.0007, % updates: 2.995%
INFO:root:-- EPOCH 95 (1.285 seconds):
INFO:root:COST >> 0.0184 +/- 0.0013, % updates: 2.975%
INFO:root:-- EPOCH 96 (1.288 seconds):
INFO:root:COST >> 0.0179 +/- 0.0006, % updates: 2.919%
INFO:root:-- EPOCH 97 (1.295 seconds):
INFO:root:COST >> 0.0172 +/- 0.0009, % updates: 2.861%
INFO:root:-- EPOCH 98 (1.495 seconds):
INFO:root:COST >> 0.018 +/- 0.001, % updates: 2.931%
INFO:root:-- EPOCH 99 (1.555 seconds):
INFO:root:COST >> 0.0179 +/- 0.0004, % updates: 2.91%
INFO:root:-- EPOCH 100 (1.604 seconds):
INFO:root:COST >> 0.0171 +/- 0.001, % updates: 2.835%
