INFO:root:Shape for training set: (40961, 141442)
INFO:root:State: {'ndim': '20', 'test_all': 'None', 'test_path': 'None', 'nhid': '50', 'lremb': '1.0', 'seed': '1', 'simfn': 'L1', 'valid_path': 'None', 'nbatches': '10', 'lrparam': '1.0', 'decay': '0.5', 'show_hinton_diagrams': 'False', 'no_rescaling': 'True', 'Nrel': '18', 'ranking_score_right': 'False', 'Nent': '40961', 'Nsyn': '40943', 'method': 'ADADELTA', 'loss_margin': '1.0', 'C': '1.0', 'epsilon': '0.001', 'use_db': 'True', 'max_lr': 'None', 'l1_param_weight': 'None', 'filtered': 'False', 'name': 'wn_opt/wn_ADADELTA_91', 'totepochs': '100', 'l2_param_weight': 'None', 'train_path': 'data/wn/WN-train.pkl', 'op': 'TransE'}
INFO:root:Starting the Experiment ..
INFO:root:-- EPOCH 1 (1.578 seconds):
INFO:root:COST >> 1.7759 +/- 0.3024, % updates: 73.287%
INFO:root:-- EPOCH 2 (1.57 seconds):
INFO:root:COST >> 0.7592 +/- 0.0621, % updates: 45.953%
INFO:root:-- EPOCH 3 (1.544 seconds):
INFO:root:COST >> 0.418 +/- 0.0127, % updates: 31.441%
INFO:root:-- EPOCH 4 (1.535 seconds):
INFO:root:COST >> 0.2767 +/- 0.0085, % updates: 23.866%
INFO:root:-- EPOCH 5 (1.513 seconds):
INFO:root:COST >> 0.1968 +/- 0.0064, % updates: 18.816%
INFO:root:-- EPOCH 6 (1.52 seconds):
INFO:root:COST >> 0.1567 +/- 0.0075, % updates: 15.84%
INFO:root:-- EPOCH 7 (1.528 seconds):
INFO:root:COST >> 0.124 +/- 0.0044, % updates: 13.288%
INFO:root:-- EPOCH 8 (1.544 seconds):
INFO:root:COST >> 0.1075 +/- 0.0048, % updates: 11.923%
INFO:root:-- EPOCH 9 (1.543 seconds):
INFO:root:COST >> 0.0929 +/- 0.0057, % updates: 10.579%
INFO:root:-- EPOCH 10 (1.529 seconds):
INFO:root:COST >> 0.0825 +/- 0.0037, % updates: 9.69%
INFO:root:-- EPOCH 11 (1.548 seconds):
INFO:root:COST >> 0.0726 +/- 0.0045, % updates: 8.745%
INFO:root:-- EPOCH 12 (1.533 seconds):
INFO:root:COST >> 0.064 +/- 0.0034, % updates: 7.894%
INFO:root:-- EPOCH 13 (1.541 seconds):
INFO:root:COST >> 0.0608 +/- 0.0034, % updates: 7.549%
INFO:root:-- EPOCH 14 (1.55 seconds):
INFO:root:COST >> 0.0578 +/- 0.0025, % updates: 7.195%
INFO:root:-- EPOCH 15 (1.57 seconds):
INFO:root:COST >> 0.0521 +/- 0.0029, % updates: 6.7%
INFO:root:-- EPOCH 16 (1.531 seconds):
INFO:root:COST >> 0.0473 +/- 0.0019, % updates: 6.104%
INFO:root:-- EPOCH 17 (1.544 seconds):
INFO:root:COST >> 0.044 +/- 0.002, % updates: 5.831%
INFO:root:-- EPOCH 18 (1.584 seconds):
INFO:root:COST >> 0.0418 +/- 0.0028, % updates: 5.553%
INFO:root:-- EPOCH 19 (1.539 seconds):
INFO:root:COST >> 0.0398 +/- 0.0021, % updates: 5.341%
INFO:root:-- EPOCH 20 (1.573 seconds):
INFO:root:COST >> 0.0388 +/- 0.0019, % updates: 5.203%
INFO:root:-- EPOCH 21 (1.553 seconds):
INFO:root:COST >> 0.0361 +/- 0.0012, % updates: 4.873%
INFO:root:-- EPOCH 22 (1.546 seconds):
INFO:root:COST >> 0.035 +/- 0.0025, % updates: 4.734%
INFO:root:-- EPOCH 23 (1.544 seconds):
INFO:root:COST >> 0.0333 +/- 0.0019, % updates: 4.597%
INFO:root:-- EPOCH 24 (1.557 seconds):
INFO:root:COST >> 0.0325 +/- 0.0021, % updates: 4.451%
INFO:root:-- EPOCH 25 (1.526 seconds):
INFO:root:COST >> 0.0305 +/- 0.0018, % updates: 4.303%
INFO:root:-- EPOCH 26 (1.548 seconds):
INFO:root:COST >> 0.0289 +/- 0.0015, % updates: 4.029%
INFO:root:-- EPOCH 27 (1.537 seconds):
INFO:root:COST >> 0.0285 +/- 0.0017, % updates: 3.957%
INFO:root:-- EPOCH 28 (1.554 seconds):
INFO:root:COST >> 0.0285 +/- 0.0019, % updates: 3.992%
INFO:root:-- EPOCH 29 (1.542 seconds):
INFO:root:COST >> 0.0267 +/- 0.0016, % updates: 3.777%
INFO:root:-- EPOCH 30 (1.554 seconds):
INFO:root:COST >> 0.0258 +/- 0.0012, % updates: 3.649%
INFO:root:-- EPOCH 31 (1.544 seconds):
INFO:root:COST >> 0.0262 +/- 0.0016, % updates: 3.684%
INFO:root:-- EPOCH 32 (1.538 seconds):
INFO:root:COST >> 0.0255 +/- 0.0017, % updates: 3.599%
INFO:root:-- EPOCH 33 (1.517 seconds):
INFO:root:COST >> 0.0244 +/- 0.0015, % updates: 3.491%
INFO:root:-- EPOCH 34 (1.584 seconds):
INFO:root:COST >> 0.0237 +/- 0.0011, % updates: 3.418%
INFO:root:-- EPOCH 35 (1.516 seconds):
INFO:root:COST >> 0.0235 +/- 0.0016, % updates: 3.399%
INFO:root:-- EPOCH 36 (1.563 seconds):
INFO:root:COST >> 0.023 +/- 0.0011, % updates: 3.305%
INFO:root:-- EPOCH 37 (1.548 seconds):
INFO:root:COST >> 0.0225 +/- 0.0009, % updates: 3.275%
INFO:root:-- EPOCH 38 (1.529 seconds):
INFO:root:COST >> 0.0211 +/- 0.001, % updates: 3.086%
INFO:root:-- EPOCH 39 (1.557 seconds):
INFO:root:COST >> 0.0208 +/- 0.0011, % updates: 3.042%
INFO:root:-- EPOCH 40 (1.55 seconds):
INFO:root:COST >> 0.0207 +/- 0.0011, % updates: 3.007%
INFO:root:-- EPOCH 41 (1.541 seconds):
INFO:root:COST >> 0.0206 +/- 0.0011, % updates: 2.996%
INFO:root:-- EPOCH 42 (1.519 seconds):
INFO:root:COST >> 0.0209 +/- 0.0014, % updates: 3.02%
INFO:root:-- EPOCH 43 (1.535 seconds):
INFO:root:COST >> 0.0205 +/- 0.0014, % updates: 2.925%
INFO:root:-- EPOCH 44 (1.515 seconds):
INFO:root:COST >> 0.0197 +/- 0.0014, % updates: 2.87%
INFO:root:-- EPOCH 45 (1.517 seconds):
INFO:root:COST >> 0.02 +/- 0.0013, % updates: 2.885%
INFO:root:-- EPOCH 46 (1.546 seconds):
INFO:root:COST >> 0.0191 +/- 0.0009, % updates: 2.805%
INFO:root:-- EPOCH 47 (1.557 seconds):
INFO:root:COST >> 0.0189 +/- 0.0009, % updates: 2.751%
INFO:root:-- EPOCH 48 (1.571 seconds):
INFO:root:COST >> 0.0183 +/- 0.0015, % updates: 2.687%
INFO:root:-- EPOCH 49 (1.516 seconds):
INFO:root:COST >> 0.0183 +/- 0.001, % updates: 2.727%
INFO:root:-- EPOCH 50 (1.553 seconds):
INFO:root:COST >> 0.0179 +/- 0.0009, % updates: 2.625%
INFO:root:-- EPOCH 51 (1.549 seconds):
INFO:root:COST >> 0.0179 +/- 0.0011, % updates: 2.645%
INFO:root:-- EPOCH 52 (1.55 seconds):
INFO:root:COST >> 0.0178 +/- 0.0009, % updates: 2.598%
INFO:root:-- EPOCH 53 (1.531 seconds):
INFO:root:COST >> 0.0172 +/- 0.0012, % updates: 2.542%
INFO:root:-- EPOCH 54 (1.541 seconds):
INFO:root:COST >> 0.0173 +/- 0.001, % updates: 2.515%
INFO:root:-- EPOCH 55 (1.535 seconds):
INFO:root:COST >> 0.0173 +/- 0.001, % updates: 2.547%
INFO:root:-- EPOCH 56 (1.566 seconds):
INFO:root:COST >> 0.0172 +/- 0.0013, % updates: 2.51%
INFO:root:-- EPOCH 57 (1.515 seconds):
INFO:root:COST >> 0.0174 +/- 0.0005, % updates: 2.525%
INFO:root:-- EPOCH 58 (1.543 seconds):
INFO:root:COST >> 0.016 +/- 0.0011, % updates: 2.407%
INFO:root:-- EPOCH 59 (1.515 seconds):
INFO:root:COST >> 0.0162 +/- 0.0012, % updates: 2.367%
INFO:root:-- EPOCH 60 (1.555 seconds):
INFO:root:COST >> 0.0159 +/- 0.001, % updates: 2.366%
INFO:root:-- EPOCH 61 (1.55 seconds):
INFO:root:COST >> 0.0157 +/- 0.0013, % updates: 2.287%
INFO:root:-- EPOCH 62 (1.553 seconds):
INFO:root:COST >> 0.0158 +/- 0.0012, % updates: 2.342%
INFO:root:-- EPOCH 63 (1.529 seconds):
INFO:root:COST >> 0.0153 +/- 0.0007, % updates: 2.285%
INFO:root:-- EPOCH 64 (1.559 seconds):
INFO:root:COST >> 0.0151 +/- 0.0009, % updates: 2.274%
INFO:root:-- EPOCH 65 (1.556 seconds):
INFO:root:COST >> 0.0155 +/- 0.0011, % updates: 2.304%
INFO:root:-- EPOCH 66 (1.516 seconds):
INFO:root:COST >> 0.0147 +/- 0.001, % updates: 2.227%
INFO:root:-- EPOCH 67 (1.536 seconds):
INFO:root:COST >> 0.0153 +/- 0.0012, % updates: 2.23%
INFO:root:-- EPOCH 68 (1.547 seconds):
INFO:root:COST >> 0.0153 +/- 0.001, % updates: 2.259%
INFO:root:-- EPOCH 69 (1.54 seconds):
INFO:root:COST >> 0.0145 +/- 0.0016, % updates: 2.195%
INFO:root:-- EPOCH 70 (1.54 seconds):
INFO:root:COST >> 0.0147 +/- 0.001, % updates: 2.184%
INFO:root:-- EPOCH 71 (1.582 seconds):
INFO:root:COST >> 0.014 +/- 0.0009, % updates: 2.064%
INFO:root:-- EPOCH 72 (1.549 seconds):
INFO:root:COST >> 0.0135 +/- 0.0006, % updates: 2.102%
INFO:root:-- EPOCH 73 (1.537 seconds):
INFO:root:COST >> 0.0141 +/- 0.001, % updates: 2.093%
INFO:root:-- EPOCH 74 (1.526 seconds):
INFO:root:COST >> 0.0137 +/- 0.0006, % updates: 2.063%
INFO:root:-- EPOCH 75 (1.532 seconds):
INFO:root:COST >> 0.0139 +/- 0.0008, % updates: 2.048%
INFO:root:-- EPOCH 76 (1.551 seconds):
INFO:root:COST >> 0.0138 +/- 0.0009, % updates: 2.083%
INFO:root:-- EPOCH 77 (1.527 seconds):
INFO:root:COST >> 0.0143 +/- 0.0009, % updates: 2.091%
INFO:root:-- EPOCH 78 (1.558 seconds):
INFO:root:COST >> 0.0139 +/- 0.0007, % updates: 2.025%
INFO:root:-- EPOCH 79 (1.57 seconds):
INFO:root:COST >> 0.0133 +/- 0.0009, % updates: 2.022%
INFO:root:-- EPOCH 80 (1.526 seconds):
INFO:root:COST >> 0.0136 +/- 0.0009, % updates: 2.034%
INFO:root:-- EPOCH 81 (1.527 seconds):
INFO:root:COST >> 0.0136 +/- 0.0007, % updates: 2.014%
INFO:root:-- EPOCH 82 (1.551 seconds):
INFO:root:COST >> 0.0134 +/- 0.0006, % updates: 1.996%
INFO:root:-- EPOCH 83 (1.551 seconds):
INFO:root:COST >> 0.0136 +/- 0.0012, % updates: 2.007%
INFO:root:-- EPOCH 84 (1.513 seconds):
INFO:root:COST >> 0.0132 +/- 0.0007, % updates: 1.975%
INFO:root:-- EPOCH 85 (1.536 seconds):
INFO:root:COST >> 0.0129 +/- 0.001, % updates: 1.938%
INFO:root:-- EPOCH 86 (1.526 seconds):
INFO:root:COST >> 0.0134 +/- 0.0008, % updates: 1.927%
INFO:root:-- EPOCH 87 (1.568 seconds):
INFO:root:COST >> 0.0123 +/- 0.0005, % updates: 1.889%
INFO:root:-- EPOCH 88 (1.55 seconds):
INFO:root:COST >> 0.0127 +/- 0.0009, % updates: 1.912%
INFO:root:-- EPOCH 89 (1.54 seconds):
INFO:root:COST >> 0.0129 +/- 0.0009, % updates: 1.938%
INFO:root:-- EPOCH 90 (1.581 seconds):
INFO:root:COST >> 0.0125 +/- 0.0009, % updates: 1.865%
INFO:root:-- EPOCH 91 (1.563 seconds):
INFO:root:COST >> 0.0127 +/- 0.0007, % updates: 1.899%
INFO:root:-- EPOCH 92 (1.534 seconds):
INFO:root:COST >> 0.0127 +/- 0.0009, % updates: 1.865%
INFO:root:-- EPOCH 93 (1.558 seconds):
INFO:root:COST >> 0.0122 +/- 0.0013, % updates: 1.845%
INFO:root:-- EPOCH 94 (1.555 seconds):
INFO:root:COST >> 0.0124 +/- 0.001, % updates: 1.874%
INFO:root:-- EPOCH 95 (1.531 seconds):
INFO:root:COST >> 0.0126 +/- 0.0007, % updates: 1.882%
INFO:root:-- EPOCH 96 (1.531 seconds):
INFO:root:COST >> 0.0125 +/- 0.0006, % updates: 1.892%
INFO:root:-- EPOCH 97 (1.54 seconds):
INFO:root:COST >> 0.0121 +/- 0.0006, % updates: 1.858%
INFO:root:-- EPOCH 98 (1.573 seconds):
INFO:root:COST >> 0.0125 +/- 0.0008, % updates: 1.878%
INFO:root:-- EPOCH 99 (1.359 seconds):
INFO:root:COST >> 0.0123 +/- 0.0011, % updates: 1.854%
INFO:root:-- EPOCH 100 (1.233 seconds):
INFO:root:COST >> 0.0119 +/- 0.0006, % updates: 1.794%
