INFO:root:Shape for training set: (40961, 141442)
INFO:root:State: {'ndim': '20', 'test_all': 'None', 'test_path': 'None', 'nhid': '50', 'lremb': '1.0', 'seed': '4', 'simfn': 'L1', 'valid_path': 'None', 'nbatches': '10', 'lrparam': '1.0', 'decay': '0.5', 'show_hinton_diagrams': 'False', 'no_rescaling': 'True', 'Nrel': '18', 'ranking_score_right': 'False', 'Nent': '40961', 'Nsyn': '40943', 'method': 'ADADELTA', 'loss_margin': '1.0', 'C': '1.0', 'epsilon': '1e-06', 'use_db': 'True', 'max_lr': 'None', 'l1_param_weight': 'None', 'filtered': 'False', 'name': 'wn_opt/wn_ADADELTA_44', 'totepochs': '100', 'l2_param_weight': 'None', 'train_path': 'data/wn/WN-train.pkl', 'op': 'TransE'}
INFO:root:Starting the Experiment ..
INFO:root:-- EPOCH 1 (1.569 seconds):
INFO:root:COST >> 2.219 +/- 0.0125, % updates: 81.692%
INFO:root:-- EPOCH 2 (1.466 seconds):
INFO:root:COST >> 2.1481 +/- 0.0203, % updates: 80.696%
INFO:root:-- EPOCH 3 (1.268 seconds):
INFO:root:COST >> 2.0825 +/- 0.0194, % updates: 79.942%
INFO:root:-- EPOCH 4 (1.283 seconds):
INFO:root:COST >> 2.0137 +/- 0.0147, % updates: 78.981%
INFO:root:-- EPOCH 5 (1.422 seconds):
INFO:root:COST >> 1.9486 +/- 0.0126, % updates: 77.979%
INFO:root:-- EPOCH 6 (1.547 seconds):
INFO:root:COST >> 1.8789 +/- 0.0133, % updates: 76.875%
INFO:root:-- EPOCH 7 (1.568 seconds):
INFO:root:COST >> 1.8076 +/- 0.0093, % updates: 75.645%
INFO:root:-- EPOCH 8 (1.576 seconds):
INFO:root:COST >> 1.7459 +/- 0.0144, % updates: 74.353%
INFO:root:-- EPOCH 9 (1.621 seconds):
INFO:root:COST >> 1.684 +/- 0.0178, % updates: 73.278%
INFO:root:-- EPOCH 10 (1.552 seconds):
INFO:root:COST >> 1.6202 +/- 0.0096, % updates: 72.0%
INFO:root:-- EPOCH 11 (1.608 seconds):
INFO:root:COST >> 1.5613 +/- 0.0118, % updates: 70.683%
INFO:root:-- EPOCH 12 (1.596 seconds):
INFO:root:COST >> 1.4997 +/- 0.0132, % updates: 69.225%
INFO:root:-- EPOCH 13 (1.587 seconds):
INFO:root:COST >> 1.4503 +/- 0.0145, % updates: 68.204%
INFO:root:-- EPOCH 14 (1.551 seconds):
INFO:root:COST >> 1.3927 +/- 0.0157, % updates: 66.95%
INFO:root:-- EPOCH 15 (1.542 seconds):
INFO:root:COST >> 1.3449 +/- 0.0052, % updates: 65.626%
INFO:root:-- EPOCH 16 (1.541 seconds):
INFO:root:COST >> 1.2898 +/- 0.0077, % updates: 64.265%
INFO:root:-- EPOCH 17 (1.613 seconds):
INFO:root:COST >> 1.2414 +/- 0.0119, % updates: 63.029%
INFO:root:-- EPOCH 18 (1.576 seconds):
INFO:root:COST >> 1.1947 +/- 0.011, % updates: 61.81%
INFO:root:-- EPOCH 19 (1.585 seconds):
INFO:root:COST >> 1.1468 +/- 0.0071, % updates: 60.477%
INFO:root:-- EPOCH 20 (1.592 seconds):
INFO:root:COST >> 1.1026 +/- 0.0137, % updates: 59.229%
INFO:root:-- EPOCH 21 (1.531 seconds):
INFO:root:COST >> 1.0614 +/- 0.007, % updates: 58.021%
INFO:root:-- EPOCH 22 (1.586 seconds):
INFO:root:COST >> 1.0219 +/- 0.0049, % updates: 56.86%
INFO:root:-- EPOCH 23 (1.573 seconds):
INFO:root:COST >> 0.9788 +/- 0.009, % updates: 55.466%
INFO:root:-- EPOCH 24 (1.567 seconds):
INFO:root:COST >> 0.9426 +/- 0.0077, % updates: 54.422%
INFO:root:-- EPOCH 25 (1.56 seconds):
INFO:root:COST >> 0.9089 +/- 0.0057, % updates: 53.431%
INFO:root:-- EPOCH 26 (1.579 seconds):
INFO:root:COST >> 0.8732 +/- 0.0079, % updates: 52.136%
INFO:root:-- EPOCH 27 (1.59 seconds):
INFO:root:COST >> 0.8395 +/- 0.0087, % updates: 50.922%
INFO:root:-- EPOCH 28 (1.558 seconds):
INFO:root:COST >> 0.8112 +/- 0.0063, % updates: 49.907%
INFO:root:-- EPOCH 29 (1.544 seconds):
INFO:root:COST >> 0.7772 +/- 0.0055, % updates: 48.648%
INFO:root:-- EPOCH 30 (1.59 seconds):
INFO:root:COST >> 0.7513 +/- 0.006, % updates: 47.74%
INFO:root:-- EPOCH 31 (1.573 seconds):
INFO:root:COST >> 0.7216 +/- 0.0079, % updates: 46.661%
INFO:root:-- EPOCH 32 (1.563 seconds):
INFO:root:COST >> 0.6957 +/- 0.0048, % updates: 45.662%
INFO:root:-- EPOCH 33 (1.566 seconds):
INFO:root:COST >> 0.6655 +/- 0.0073, % updates: 44.583%
INFO:root:-- EPOCH 34 (1.584 seconds):
INFO:root:COST >> 0.6467 +/- 0.0081, % updates: 43.718%
INFO:root:-- EPOCH 35 (1.562 seconds):
INFO:root:COST >> 0.6193 +/- 0.0055, % updates: 42.623%
INFO:root:-- EPOCH 36 (1.55 seconds):
INFO:root:COST >> 0.5975 +/- 0.0046, % updates: 41.719%
INFO:root:-- EPOCH 37 (1.577 seconds):
INFO:root:COST >> 0.5778 +/- 0.0059, % updates: 40.824%
INFO:root:-- EPOCH 38 (1.561 seconds):
INFO:root:COST >> 0.5588 +/- 0.0042, % updates: 40.035%
INFO:root:-- EPOCH 39 (1.585 seconds):
INFO:root:COST >> 0.539 +/- 0.0074, % updates: 39.037%
INFO:root:-- EPOCH 40 (1.558 seconds):
INFO:root:COST >> 0.5175 +/- 0.0049, % updates: 38.241%
INFO:root:-- EPOCH 41 (1.568 seconds):
INFO:root:COST >> 0.5037 +/- 0.0061, % updates: 37.516%
INFO:root:-- EPOCH 42 (1.555 seconds):
INFO:root:COST >> 0.4862 +/- 0.0039, % updates: 36.8%
INFO:root:-- EPOCH 43 (1.585 seconds):
INFO:root:COST >> 0.4711 +/- 0.0025, % updates: 35.923%
INFO:root:-- EPOCH 44 (1.588 seconds):
INFO:root:COST >> 0.4558 +/- 0.0049, % updates: 35.253%
INFO:root:-- EPOCH 45 (1.583 seconds):
INFO:root:COST >> 0.4391 +/- 0.0058, % updates: 34.452%
INFO:root:-- EPOCH 46 (1.821 seconds):
INFO:root:COST >> 0.4282 +/- 0.0053, % updates: 33.883%
INFO:root:-- EPOCH 47 (1.573 seconds):
INFO:root:COST >> 0.4124 +/- 0.0043, % updates: 33.043%
INFO:root:-- EPOCH 48 (1.585 seconds):
INFO:root:COST >> 0.4006 +/- 0.006, % updates: 32.403%
INFO:root:-- EPOCH 49 (1.604 seconds):
INFO:root:COST >> 0.3888 +/- 0.0038, % updates: 31.791%
INFO:root:-- EPOCH 50 (1.556 seconds):
INFO:root:COST >> 0.378 +/- 0.0043, % updates: 31.168%
INFO:root:-- EPOCH 51 (1.561 seconds):
INFO:root:COST >> 0.3697 +/- 0.0041, % updates: 30.645%
INFO:root:-- EPOCH 52 (1.592 seconds):
INFO:root:COST >> 0.3548 +/- 0.0064, % updates: 29.951%
INFO:root:-- EPOCH 53 (1.545 seconds):
INFO:root:COST >> 0.3468 +/- 0.0045, % updates: 29.464%
INFO:root:-- EPOCH 54 (1.568 seconds):
INFO:root:COST >> 0.3377 +/- 0.0033, % updates: 28.937%
INFO:root:-- EPOCH 55 (1.554 seconds):
INFO:root:COST >> 0.3287 +/- 0.0035, % updates: 28.508%
INFO:root:-- EPOCH 56 (1.613 seconds):
INFO:root:COST >> 0.3199 +/- 0.0057, % updates: 27.841%
INFO:root:-- EPOCH 57 (1.587 seconds):
INFO:root:COST >> 0.311 +/- 0.0048, % updates: 27.343%
INFO:root:-- EPOCH 58 (1.606 seconds):
INFO:root:COST >> 0.3034 +/- 0.0043, % updates: 26.983%
INFO:root:-- EPOCH 59 (1.577 seconds):
INFO:root:COST >> 0.2968 +/- 0.0037, % updates: 26.517%
INFO:root:-- EPOCH 60 (1.597 seconds):
INFO:root:COST >> 0.2883 +/- 0.0043, % updates: 25.994%
INFO:root:-- EPOCH 61 (1.601 seconds):
INFO:root:COST >> 0.2824 +/- 0.0041, % updates: 25.521%
INFO:root:-- EPOCH 62 (1.585 seconds):
INFO:root:COST >> 0.2757 +/- 0.0043, % updates: 25.161%
INFO:root:-- EPOCH 63 (1.556 seconds):
INFO:root:COST >> 0.2686 +/- 0.0031, % updates: 24.683%
INFO:root:-- EPOCH 64 (1.542 seconds):
INFO:root:COST >> 0.263 +/- 0.0044, % updates: 24.476%
INFO:root:-- EPOCH 65 (1.561 seconds):
INFO:root:COST >> 0.2574 +/- 0.0039, % updates: 24.017%
INFO:root:-- EPOCH 66 (1.628 seconds):
INFO:root:COST >> 0.2495 +/- 0.0031, % updates: 23.637%
INFO:root:-- EPOCH 67 (1.74 seconds):
INFO:root:COST >> 0.2434 +/- 0.0035, % updates: 23.136%
INFO:root:-- EPOCH 68 (1.587 seconds):
INFO:root:COST >> 0.239 +/- 0.005, % updates: 22.759%
INFO:root:-- EPOCH 69 (1.594 seconds):
INFO:root:COST >> 0.2348 +/- 0.0029, % updates: 22.542%
INFO:root:-- EPOCH 70 (1.533 seconds):
INFO:root:COST >> 0.2281 +/- 0.0026, % updates: 22.12%
INFO:root:-- EPOCH 71 (1.581 seconds):
INFO:root:COST >> 0.2251 +/- 0.0029, % updates: 21.883%
INFO:root:-- EPOCH 72 (1.54 seconds):
INFO:root:COST >> 0.2196 +/- 0.0031, % updates: 21.576%
INFO:root:-- EPOCH 73 (1.581 seconds):
INFO:root:COST >> 0.2145 +/- 0.0029, % updates: 21.205%
INFO:root:-- EPOCH 74 (1.603 seconds):
INFO:root:COST >> 0.2112 +/- 0.0025, % updates: 20.996%
INFO:root:-- EPOCH 75 (1.586 seconds):
INFO:root:COST >> 0.2069 +/- 0.0053, % updates: 20.583%
INFO:root:-- EPOCH 76 (1.581 seconds):
INFO:root:COST >> 0.2017 +/- 0.0027, % updates: 20.238%
INFO:root:-- EPOCH 77 (1.593 seconds):
INFO:root:COST >> 0.1987 +/- 0.0029, % updates: 19.982%
INFO:root:-- EPOCH 78 (1.598 seconds):
INFO:root:COST >> 0.193 +/- 0.0023, % updates: 19.561%
INFO:root:-- EPOCH 79 (1.6 seconds):
INFO:root:COST >> 0.1906 +/- 0.0053, % updates: 19.429%
INFO:root:-- EPOCH 80 (1.598 seconds):
INFO:root:COST >> 0.1867 +/- 0.0036, % updates: 19.172%
INFO:root:-- EPOCH 81 (1.589 seconds):
INFO:root:COST >> 0.1845 +/- 0.0035, % updates: 18.994%
INFO:root:-- EPOCH 82 (1.579 seconds):
INFO:root:COST >> 0.1806 +/- 0.003, % updates: 18.755%
INFO:root:-- EPOCH 83 (1.528 seconds):
INFO:root:COST >> 0.1763 +/- 0.0035, % updates: 18.442%
INFO:root:-- EPOCH 84 (1.555 seconds):
INFO:root:COST >> 0.1743 +/- 0.0027, % updates: 18.294%
INFO:root:-- EPOCH 85 (1.522 seconds):
INFO:root:COST >> 0.169 +/- 0.0026, % updates: 17.906%
INFO:root:-- EPOCH 86 (1.542 seconds):
INFO:root:COST >> 0.1688 +/- 0.0031, % updates: 17.876%
INFO:root:-- EPOCH 87 (1.611 seconds):
INFO:root:COST >> 0.1668 +/- 0.0036, % updates: 17.674%
INFO:root:-- EPOCH 88 (1.689 seconds):
INFO:root:COST >> 0.1621 +/- 0.0034, % updates: 17.238%
INFO:root:-- EPOCH 89 (1.522 seconds):
INFO:root:COST >> 0.1605 +/- 0.0019, % updates: 17.197%
INFO:root:-- EPOCH 90 (1.531 seconds):
INFO:root:COST >> 0.1562 +/- 0.002, % updates: 16.934%
INFO:root:-- EPOCH 91 (1.557 seconds):
INFO:root:COST >> 0.1538 +/- 0.0025, % updates: 16.766%
INFO:root:-- EPOCH 92 (1.617 seconds):
INFO:root:COST >> 0.1516 +/- 0.0023, % updates: 16.459%
INFO:root:-- EPOCH 93 (1.545 seconds):
INFO:root:COST >> 0.1499 +/- 0.0021, % updates: 16.359%
INFO:root:-- EPOCH 94 (1.572 seconds):
INFO:root:COST >> 0.147 +/- 0.0037, % updates: 16.135%
INFO:root:-- EPOCH 95 (1.582 seconds):
INFO:root:COST >> 0.1435 +/- 0.0021, % updates: 15.91%
INFO:root:-- EPOCH 96 (1.548 seconds):
INFO:root:COST >> 0.1409 +/- 0.0023, % updates: 15.648%
INFO:root:-- EPOCH 97 (1.544 seconds):
INFO:root:COST >> 0.1405 +/- 0.0019, % updates: 15.734%
INFO:root:-- EPOCH 98 (1.53 seconds):
INFO:root:COST >> 0.1372 +/- 0.0029, % updates: 15.316%
INFO:root:-- EPOCH 99 (1.524 seconds):
INFO:root:COST >> 0.1357 +/- 0.0029, % updates: 15.256%
INFO:root:-- EPOCH 100 (1.524 seconds):
INFO:root:COST >> 0.1342 +/- 0.0018, % updates: 15.089%
