INFO:root:Shape for training set: (40961, 141442)
INFO:root:State: {'ndim': '20', 'test_all': 'None', 'test_path': 'None', 'nhid': '50', 'lremb': '1.0', 'seed': '9', 'simfn': 'L1', 'valid_path': 'None', 'nbatches': '10', 'lrparam': '1.0', 'decay': '0.9', 'show_hinton_diagrams': 'False', 'no_rescaling': 'True', 'Nrel': '18', 'ranking_score_right': 'False', 'Nent': '40961', 'Nsyn': '40943', 'method': 'ADADELTA', 'loss_margin': '1.0', 'C': '1.0', 'epsilon': '0.001', 'use_db': 'True', 'max_lr': 'None', 'l1_param_weight': 'None', 'filtered': 'False', 'name': 'wn_opt/wn_ADADELTA_89', 'totepochs': '100', 'l2_param_weight': 'None', 'train_path': 'data/wn/WN-train.pkl', 'op': 'TransE'}
INFO:root:Starting the Experiment ..
INFO:root:-- EPOCH 1 (1.573 seconds):
INFO:root:COST >> 1.6067 +/- 0.3647, % updates: 68.357%
INFO:root:-- EPOCH 2 (1.54 seconds):
INFO:root:COST >> 0.6674 +/- 0.0322, % updates: 41.504%
INFO:root:-- EPOCH 3 (1.554 seconds):
INFO:root:COST >> 0.4142 +/- 0.0133, % updates: 30.416%
INFO:root:-- EPOCH 4 (1.508 seconds):
INFO:root:COST >> 0.2708 +/- 0.0067, % updates: 22.829%
INFO:root:-- EPOCH 5 (1.559 seconds):
INFO:root:COST >> 0.1919 +/- 0.0062, % updates: 17.804%
INFO:root:-- EPOCH 6 (1.562 seconds):
INFO:root:COST >> 0.1521 +/- 0.0103, % updates: 14.928%
INFO:root:-- EPOCH 7 (1.5 seconds):
INFO:root:COST >> 0.1314 +/- 0.0102, % updates: 13.297%
INFO:root:-- EPOCH 8 (1.552 seconds):
INFO:root:COST >> 0.1175 +/- 0.0074, % updates: 12.198%
INFO:root:-- EPOCH 9 (1.548 seconds):
INFO:root:COST >> 0.1096 +/- 0.0105, % updates: 11.593%
INFO:root:-- EPOCH 10 (1.526 seconds):
INFO:root:COST >> 0.1054 +/- 0.0102, % updates: 11.138%
INFO:root:-- EPOCH 11 (1.526 seconds):
INFO:root:COST >> 0.1046 +/- 0.0108, % updates: 11.144%
INFO:root:-- EPOCH 12 (1.598 seconds):
INFO:root:COST >> 0.1013 +/- 0.0096, % updates: 10.839%
INFO:root:-- EPOCH 13 (1.586 seconds):
INFO:root:COST >> 0.0968 +/- 0.0062, % updates: 10.498%
INFO:root:-- EPOCH 14 (1.567 seconds):
INFO:root:COST >> 0.0928 +/- 0.0071, % updates: 10.079%
INFO:root:-- EPOCH 15 (1.499 seconds):
INFO:root:COST >> 0.0912 +/- 0.0078, % updates: 9.884%
INFO:root:-- EPOCH 16 (1.546 seconds):
INFO:root:COST >> 0.0941 +/- 0.0091, % updates: 10.16%
INFO:root:-- EPOCH 17 (1.544 seconds):
INFO:root:COST >> 0.0913 +/- 0.0071, % updates: 9.927%
INFO:root:-- EPOCH 18 (1.507 seconds):
INFO:root:COST >> 0.0905 +/- 0.0094, % updates: 9.851%
INFO:root:-- EPOCH 19 (1.569 seconds):
INFO:root:COST >> 0.0893 +/- 0.0082, % updates: 9.796%
INFO:root:-- EPOCH 20 (1.555 seconds):
INFO:root:COST >> 0.0901 +/- 0.0074, % updates: 9.788%
INFO:root:-- EPOCH 21 (1.582 seconds):
INFO:root:COST >> 0.0929 +/- 0.0091, % updates: 10.041%
INFO:root:-- EPOCH 22 (1.485 seconds):
INFO:root:COST >> 0.109 +/- 0.0241, % updates: 11.138%
INFO:root:-- EPOCH 23 (1.574 seconds):
INFO:root:COST >> 0.2842 +/- 0.1209, % updates: 20.217%
INFO:root:-- EPOCH 24 (1.582 seconds):
INFO:root:COST >> 0.1089 +/- 0.0123, % updates: 11.161%
INFO:root:-- EPOCH 25 (1.543 seconds):
INFO:root:COST >> 0.0771 +/- 0.0043, % updates: 8.627%
INFO:root:-- EPOCH 26 (1.533 seconds):
INFO:root:COST >> 0.0695 +/- 0.0059, % updates: 7.839%
INFO:root:-- EPOCH 27 (1.533 seconds):
INFO:root:COST >> 0.0656 +/- 0.0052, % updates: 7.501%
INFO:root:-- EPOCH 28 (1.541 seconds):
INFO:root:COST >> 0.0628 +/- 0.0043, % updates: 7.211%
INFO:root:-- EPOCH 29 (1.539 seconds):
INFO:root:COST >> 0.0645 +/- 0.005, % updates: 7.368%
INFO:root:-- EPOCH 30 (1.961 seconds):
INFO:root:COST >> 0.0639 +/- 0.0045, % updates: 7.399%
INFO:root:-- EPOCH 31 (2.001 seconds):
INFO:root:COST >> 0.0654 +/- 0.0065, % updates: 7.494%
INFO:root:-- EPOCH 32 (2.027 seconds):
INFO:root:COST >> 0.0687 +/- 0.0076, % updates: 7.79%
INFO:root:-- EPOCH 33 (2.032 seconds):
INFO:root:COST >> 0.0708 +/- 0.0064, % updates: 7.936%
INFO:root:-- EPOCH 34 (2.018 seconds):
INFO:root:COST >> 0.0741 +/- 0.0048, % updates: 8.25%
INFO:root:-- EPOCH 35 (2.01 seconds):
INFO:root:COST >> 0.0811 +/- 0.0159, % updates: 8.913%
INFO:root:-- EPOCH 36 (2.042 seconds):
INFO:root:COST >> 0.3096 +/- 0.1213, % updates: 21.921%
INFO:root:-- EPOCH 37 (2.01 seconds):
INFO:root:COST >> 0.1678 +/- 0.0224, % updates: 14.567%
INFO:root:-- EPOCH 38 (2.054 seconds):
INFO:root:COST >> 0.0811 +/- 0.0016, % updates: 8.965%
INFO:root:-- EPOCH 39 (2.024 seconds):
INFO:root:COST >> 0.0667 +/- 0.0056, % updates: 7.557%
INFO:root:-- EPOCH 40 (2.029 seconds):
INFO:root:COST >> 0.0588 +/- 0.0036, % updates: 6.939%
INFO:root:-- EPOCH 41 (2.017 seconds):
INFO:root:COST >> 0.0571 +/- 0.0034, % updates: 6.701%
INFO:root:-- EPOCH 42 (2.021 seconds):
INFO:root:COST >> 0.0579 +/- 0.005, % updates: 6.726%
INFO:root:-- EPOCH 43 (1.989 seconds):
INFO:root:COST >> 0.0586 +/- 0.0061, % updates: 6.78%
INFO:root:-- EPOCH 44 (1.985 seconds):
INFO:root:COST >> 0.06 +/- 0.0062, % updates: 6.952%
INFO:root:-- EPOCH 45 (2.017 seconds):
INFO:root:COST >> 0.0598 +/- 0.0052, % updates: 6.991%
INFO:root:-- EPOCH 46 (1.978 seconds):
INFO:root:COST >> 0.0642 +/- 0.005, % updates: 7.326%
INFO:root:-- EPOCH 47 (2.058 seconds):
INFO:root:COST >> 0.0628 +/- 0.0046, % updates: 7.233%
INFO:root:-- EPOCH 48 (2.019 seconds):
INFO:root:COST >> 0.0672 +/- 0.0055, % updates: 7.641%
INFO:root:-- EPOCH 49 (2.033 seconds):
INFO:root:COST >> 0.0704 +/- 0.006, % updates: 7.84%
INFO:root:-- EPOCH 50 (2.026 seconds):
INFO:root:COST >> 0.0996 +/- 0.0447, % updates: 10.099%
INFO:root:-- EPOCH 51 (2.035 seconds):
INFO:root:COST >> 0.3707 +/- 0.1244, % updates: 24.368%
INFO:root:-- EPOCH 52 (2.023 seconds):
INFO:root:COST >> 0.1467 +/- 0.0261, % updates: 13.46%
INFO:root:-- EPOCH 53 (2.023 seconds):
INFO:root:COST >> 0.0731 +/- 0.0016, % updates: 8.294%
INFO:root:-- EPOCH 54 (1.984 seconds):
INFO:root:COST >> 0.06 +/- 0.0025, % updates: 7.011%
INFO:root:-- EPOCH 55 (2.048 seconds):
INFO:root:COST >> 0.0556 +/- 0.0041, % updates: 6.512%
INFO:root:-- EPOCH 56 (2.029 seconds):
INFO:root:COST >> 0.0544 +/- 0.0032, % updates: 6.391%
INFO:root:-- EPOCH 57 (2.031 seconds):
INFO:root:COST >> 0.0542 +/- 0.0049, % updates: 6.418%
INFO:root:-- EPOCH 58 (2.018 seconds):
INFO:root:COST >> 0.0547 +/- 0.0038, % updates: 6.333%
INFO:root:-- EPOCH 59 (1.985 seconds):
INFO:root:COST >> 0.0551 +/- 0.0042, % updates: 6.476%
INFO:root:-- EPOCH 60 (2.027 seconds):
INFO:root:COST >> 0.0565 +/- 0.0056, % updates: 6.595%
INFO:root:-- EPOCH 61 (2.028 seconds):
INFO:root:COST >> 0.0615 +/- 0.0059, % updates: 7.069%
INFO:root:-- EPOCH 62 (2.042 seconds):
INFO:root:COST >> 0.0593 +/- 0.0042, % updates: 6.871%
INFO:root:-- EPOCH 63 (2.017 seconds):
INFO:root:COST >> 0.0597 +/- 0.0063, % updates: 6.931%
INFO:root:-- EPOCH 64 (2.01 seconds):
INFO:root:COST >> 0.0692 +/- 0.0108, % updates: 7.775%
INFO:root:-- EPOCH 65 (1.982 seconds):
INFO:root:COST >> 0.2305 +/- 0.1009, % updates: 17.228%
INFO:root:-- EPOCH 66 (2.027 seconds):
INFO:root:COST >> 0.1943 +/- 0.0226, % updates: 15.4%
INFO:root:-- EPOCH 67 (2.026 seconds):
INFO:root:COST >> 0.1287 +/- 0.0311, % updates: 12.061%
INFO:root:-- EPOCH 68 (2.054 seconds):
INFO:root:COST >> 0.0677 +/- 0.0023, % updates: 7.668%
INFO:root:-- EPOCH 69 (2.017 seconds):
INFO:root:COST >> 0.0574 +/- 0.0034, % updates: 6.659%
INFO:root:-- EPOCH 70 (1.984 seconds):
INFO:root:COST >> 0.0533 +/- 0.0034, % updates: 6.28%
INFO:root:-- EPOCH 71 (2.009 seconds):
INFO:root:COST >> 0.0528 +/- 0.0038, % updates: 6.228%
INFO:root:-- EPOCH 72 (1.981 seconds):
INFO:root:COST >> 0.0524 +/- 0.0048, % updates: 6.161%
INFO:root:-- EPOCH 73 (1.993 seconds):
INFO:root:COST >> 0.0522 +/- 0.0047, % updates: 6.171%
INFO:root:-- EPOCH 74 (1.999 seconds):
INFO:root:COST >> 0.0537 +/- 0.0046, % updates: 6.324%
INFO:root:-- EPOCH 75 (2.02 seconds):
INFO:root:COST >> 0.0593 +/- 0.0057, % updates: 6.835%
INFO:root:-- EPOCH 76 (2.044 seconds):
INFO:root:COST >> 0.0782 +/- 0.0289, % updates: 8.365%
INFO:root:-- EPOCH 77 (2.023 seconds):
INFO:root:COST >> 0.2436 +/- 0.1304, % updates: 17.32%
INFO:root:-- EPOCH 78 (1.991 seconds):
INFO:root:COST >> 0.1337 +/- 0.0068, % updates: 12.259%
INFO:root:-- EPOCH 79 (2.027 seconds):
INFO:root:COST >> 0.0928 +/- 0.0166, % updates: 9.588%
INFO:root:-- EPOCH 80 (2.026 seconds):
INFO:root:COST >> 0.0593 +/- 0.0029, % updates: 6.832%
INFO:root:-- EPOCH 81 (2.013 seconds):
INFO:root:COST >> 0.0542 +/- 0.0027, % updates: 6.333%
INFO:root:-- EPOCH 82 (2.037 seconds):
INFO:root:COST >> 0.0512 +/- 0.0039, % updates: 6.009%
INFO:root:-- EPOCH 83 (2.032 seconds):
INFO:root:COST >> 0.0515 +/- 0.0035, % updates: 6.044%
INFO:root:-- EPOCH 84 (2.013 seconds):
INFO:root:COST >> 0.0517 +/- 0.0047, % updates: 6.131%
INFO:root:-- EPOCH 85 (2.011 seconds):
INFO:root:COST >> 0.0533 +/- 0.0058, % updates: 6.286%
INFO:root:-- EPOCH 86 (2.0 seconds):
INFO:root:COST >> 0.0549 +/- 0.0043, % updates: 6.467%
INFO:root:-- EPOCH 87 (2.037 seconds):
INFO:root:COST >> 0.0566 +/- 0.0052, % updates: 6.626%
INFO:root:-- EPOCH 88 (2.034 seconds):
INFO:root:COST >> 0.0587 +/- 0.0044, % updates: 6.784%
INFO:root:-- EPOCH 89 (1.987 seconds):
INFO:root:COST >> 0.0609 +/- 0.0081, % updates: 6.988%
INFO:root:-- EPOCH 90 (2.041 seconds):
INFO:root:COST >> 0.1714 +/- 0.1481, % updates: 12.698%
INFO:root:-- EPOCH 91 (2.023 seconds):
INFO:root:COST >> 0.2138 +/- 0.0782, % updates: 16.74%
INFO:root:-- EPOCH 92 (2.031 seconds):
INFO:root:COST >> 0.1488 +/- 0.0191, % updates: 13.019%
INFO:root:-- EPOCH 93 (2.011 seconds):
INFO:root:COST >> 0.0676 +/- 0.0036, % updates: 7.64%
INFO:root:-- EPOCH 94 (2.024 seconds):
INFO:root:COST >> 0.0572 +/- 0.0023, % updates: 6.641%
INFO:root:-- EPOCH 95 (2.018 seconds):
INFO:root:COST >> 0.0529 +/- 0.0035, % updates: 6.136%
INFO:root:-- EPOCH 96 (2.013 seconds):
INFO:root:COST >> 0.0492 +/- 0.0039, % updates: 5.848%
INFO:root:-- EPOCH 97 (2.007 seconds):
INFO:root:COST >> 0.0498 +/- 0.004, % updates: 5.911%
INFO:root:-- EPOCH 98 (2.006 seconds):
INFO:root:COST >> 0.0502 +/- 0.0035, % updates: 5.919%
INFO:root:-- EPOCH 99 (1.475 seconds):
INFO:root:COST >> 0.0533 +/- 0.0042, % updates: 6.221%
INFO:root:-- EPOCH 100 (1.22 seconds):
INFO:root:COST >> 0.0557 +/- 0.0048, % updates: 6.473%
