INFO:root:Shape for training set: (40961, 141442)
INFO:root:State: {'ndim': '20', 'test_all': 'None', 'test_path': 'None', 'nhid': '50', 'lremb': '10.0', 'seed': '5', 'simfn': 'L1', 'valid_path': 'None', 'nbatches': '10', 'lrparam': '10.0', 'decay': '0.999', 'show_hinton_diagrams': 'False', 'no_rescaling': 'True', 'Nrel': '18', 'ranking_score_right': 'False', 'Nent': '40961', 'Nsyn': '40943', 'method': 'ADAGRAD', 'loss_margin': '1.0', 'C': '1.0', 'epsilon': '1e-06', 'use_db': 'True', 'max_lr': 'None', 'l1_param_weight': 'None', 'filtered': 'False', 'name': 'wn_opt/wn_ADAGRAD_75', 'totepochs': '100', 'l2_param_weight': 'None', 'train_path': 'data/wn/WN-train.pkl', 'op': 'TransE'}
INFO:root:Starting the Experiment ..
INFO:root:-- EPOCH 1 (1.689 seconds):
INFO:root:COST >> 3.2117 +/- 0.4806, % updates: 67.005%
INFO:root:-- EPOCH 2 (1.542 seconds):
INFO:root:COST >> 3.4772 +/- 0.1455, % updates: 62.727%
INFO:root:-- EPOCH 3 (1.593 seconds):
INFO:root:COST >> 3.4755 +/- 0.1566, % updates: 62.649%
INFO:root:-- EPOCH 4 (1.545 seconds):
INFO:root:COST >> 3.4526 +/- 0.1502, % updates: 62.266%
INFO:root:-- EPOCH 5 (1.543 seconds):
INFO:root:COST >> 3.4481 +/- 0.1614, % updates: 62.204%
INFO:root:-- EPOCH 6 (1.529 seconds):
INFO:root:COST >> 3.4356 +/- 0.1504, % updates: 62.017%
INFO:root:-- EPOCH 7 (1.563 seconds):
INFO:root:COST >> 3.4233 +/- 0.1509, % updates: 61.918%
INFO:root:-- EPOCH 8 (1.543 seconds):
INFO:root:COST >> 3.4165 +/- 0.1644, % updates: 61.702%
INFO:root:-- EPOCH 9 (1.486 seconds):
INFO:root:COST >> 3.4134 +/- 0.1658, % updates: 61.652%
INFO:root:-- EPOCH 10 (1.516 seconds):
INFO:root:COST >> 3.4092 +/- 0.1612, % updates: 61.262%
INFO:root:-- EPOCH 11 (1.459 seconds):
INFO:root:COST >> 3.4076 +/- 0.1674, % updates: 61.444%
INFO:root:-- EPOCH 12 (1.754 seconds):
INFO:root:COST >> 3.3967 +/- 0.1684, % updates: 61.209%
INFO:root:-- EPOCH 13 (2.309 seconds):
INFO:root:COST >> 3.3888 +/- 0.1759, % updates: 61.149%
INFO:root:-- EPOCH 14 (2.992 seconds):
INFO:root:COST >> 3.3972 +/- 0.1652, % updates: 61.044%
INFO:root:-- EPOCH 15 (2.037 seconds):
INFO:root:COST >> 3.3781 +/- 0.1688, % updates: 60.861%
INFO:root:-- EPOCH 16 (2.102 seconds):
INFO:root:COST >> 3.4013 +/- 0.1743, % updates: 60.829%
INFO:root:-- EPOCH 17 (2.17 seconds):
INFO:root:COST >> 3.3834 +/- 0.1542, % updates: 60.71%
INFO:root:-- EPOCH 18 (1.87 seconds):
INFO:root:COST >> 3.3889 +/- 0.1663, % updates: 60.771%
INFO:root:-- EPOCH 19 (1.529 seconds):
INFO:root:COST >> 3.3964 +/- 0.1811, % updates: 60.771%
INFO:root:-- EPOCH 20 (1.796 seconds):
INFO:root:COST >> 3.3761 +/- 0.1658, % updates: 60.677%
INFO:root:-- EPOCH 21 (1.784 seconds):
INFO:root:COST >> 3.3839 +/- 0.1782, % updates: 60.533%
INFO:root:-- EPOCH 22 (1.957 seconds):
INFO:root:COST >> 3.3615 +/- 0.1669, % updates: 60.449%
INFO:root:-- EPOCH 23 (1.892 seconds):
INFO:root:COST >> 3.3652 +/- 0.17, % updates: 60.284%
INFO:root:-- EPOCH 24 (1.563 seconds):
INFO:root:COST >> 3.3583 +/- 0.1737, % updates: 60.378%
INFO:root:-- EPOCH 25 (1.66 seconds):
INFO:root:COST >> 3.3758 +/- 0.1857, % updates: 60.258%
INFO:root:-- EPOCH 26 (1.835 seconds):
INFO:root:COST >> 3.3614 +/- 0.1768, % updates: 60.284%
INFO:root:-- EPOCH 27 (1.513 seconds):
INFO:root:COST >> 3.3522 +/- 0.1703, % updates: 60.025%
INFO:root:-- EPOCH 28 (1.666 seconds):
INFO:root:COST >> 3.3573 +/- 0.1726, % updates: 60.188%
INFO:root:-- EPOCH 29 (1.755 seconds):
INFO:root:COST >> 3.3566 +/- 0.1828, % updates: 60.082%
INFO:root:-- EPOCH 30 (2.313 seconds):
INFO:root:COST >> 3.3458 +/- 0.1851, % updates: 59.842%
INFO:root:-- EPOCH 31 (1.941 seconds):
INFO:root:COST >> 3.3562 +/- 0.1937, % updates: 59.876%
INFO:root:-- EPOCH 32 (1.604 seconds):
INFO:root:COST >> 3.346 +/- 0.1658, % updates: 59.765%
INFO:root:-- EPOCH 33 (1.604 seconds):
INFO:root:COST >> 3.3531 +/- 0.179, % updates: 59.806%
INFO:root:-- EPOCH 34 (1.719 seconds):
INFO:root:COST >> 3.3467 +/- 0.1742, % updates: 59.73%
INFO:root:-- EPOCH 35 (1.505 seconds):
INFO:root:COST >> 3.3482 +/- 0.165, % updates: 59.776%
INFO:root:-- EPOCH 36 (1.531 seconds):
INFO:root:COST >> 3.3395 +/- 0.1855, % updates: 59.604%
INFO:root:-- EPOCH 37 (1.566 seconds):
INFO:root:COST >> 3.3358 +/- 0.1893, % updates: 59.664%
INFO:root:-- EPOCH 38 (1.557 seconds):
INFO:root:COST >> 3.3367 +/- 0.1834, % updates: 59.508%
INFO:root:-- EPOCH 39 (1.588 seconds):
INFO:root:COST >> 3.3532 +/- 0.181, % updates: 59.659%
INFO:root:-- EPOCH 40 (1.68 seconds):
INFO:root:COST >> 3.3303 +/- 0.1851, % updates: 59.336%
INFO:root:-- EPOCH 41 (1.62 seconds):
INFO:root:COST >> 3.3454 +/- 0.1902, % updates: 59.484%
INFO:root:-- EPOCH 42 (1.686 seconds):
INFO:root:COST >> 3.3262 +/- 0.1972, % updates: 59.351%
INFO:root:-- EPOCH 43 (1.622 seconds):
INFO:root:COST >> 3.3278 +/- 0.1888, % updates: 59.276%
INFO:root:-- EPOCH 44 (1.55 seconds):
INFO:root:COST >> 3.3363 +/- 0.1888, % updates: 59.336%
INFO:root:-- EPOCH 45 (1.998 seconds):
INFO:root:COST >> 3.3308 +/- 0.1815, % updates: 59.262%
INFO:root:-- EPOCH 46 (1.676 seconds):
INFO:root:COST >> 3.3311 +/- 0.1781, % updates: 59.322%
INFO:root:-- EPOCH 47 (1.569 seconds):
INFO:root:COST >> 3.331 +/- 0.1863, % updates: 59.343%
INFO:root:-- EPOCH 48 (1.745 seconds):
INFO:root:COST >> 3.3375 +/- 0.1934, % updates: 59.208%
INFO:root:-- EPOCH 49 (1.658 seconds):
INFO:root:COST >> 3.3249 +/- 0.1949, % updates: 59.117%
INFO:root:-- EPOCH 50 (1.565 seconds):
INFO:root:COST >> 3.3334 +/- 0.178, % updates: 59.077%
INFO:root:-- EPOCH 51 (1.489 seconds):
INFO:root:COST >> 3.3135 +/- 0.1979, % updates: 59.065%
INFO:root:-- EPOCH 52 (1.496 seconds):
INFO:root:COST >> 3.3188 +/- 0.1774, % updates: 58.942%
INFO:root:-- EPOCH 53 (1.514 seconds):
INFO:root:COST >> 3.3173 +/- 0.1951, % updates: 58.878%
INFO:root:-- EPOCH 54 (1.513 seconds):
INFO:root:COST >> 3.3176 +/- 0.2018, % updates: 58.923%
INFO:root:-- EPOCH 55 (1.561 seconds):
INFO:root:COST >> 3.2979 +/- 0.1825, % updates: 58.802%
INFO:root:-- EPOCH 56 (1.468 seconds):
INFO:root:COST >> 3.3104 +/- 0.1932, % updates: 58.846%
INFO:root:-- EPOCH 57 (1.497 seconds):
INFO:root:COST >> 3.3073 +/- 0.1843, % updates: 58.882%
INFO:root:-- EPOCH 58 (1.573 seconds):
INFO:root:COST >> 3.3014 +/- 0.1987, % updates: 58.717%
INFO:root:-- EPOCH 59 (1.765 seconds):
INFO:root:COST >> 3.3172 +/- 0.1931, % updates: 58.865%
INFO:root:-- EPOCH 60 (1.579 seconds):
INFO:root:COST >> 3.3065 +/- 0.1837, % updates: 58.792%
INFO:root:-- EPOCH 61 (2.299 seconds):
INFO:root:COST >> 3.3209 +/- 0.2017, % updates: 58.803%
INFO:root:-- EPOCH 62 (1.959 seconds):
INFO:root:COST >> 3.2934 +/- 0.1861, % updates: 58.521%
INFO:root:-- EPOCH 63 (2.108 seconds):
INFO:root:COST >> 3.2975 +/- 0.1887, % updates: 58.604%
INFO:root:-- EPOCH 64 (2.316 seconds):
INFO:root:COST >> 3.2862 +/- 0.1919, % updates: 58.427%
INFO:root:-- EPOCH 65 (1.931 seconds):
INFO:root:COST >> 3.2906 +/- 0.1932, % updates: 58.489%
INFO:root:-- EPOCH 66 (1.942 seconds):
INFO:root:COST >> 3.3039 +/- 0.1799, % updates: 58.477%
INFO:root:-- EPOCH 67 (1.58 seconds):
INFO:root:COST >> 3.2836 +/- 0.1973, % updates: 58.414%
INFO:root:-- EPOCH 68 (1.685 seconds):
INFO:root:COST >> 3.2862 +/- 0.2053, % updates: 58.347%
INFO:root:-- EPOCH 69 (1.58 seconds):
INFO:root:COST >> 3.2803 +/- 0.2052, % updates: 58.375%
INFO:root:-- EPOCH 70 (1.521 seconds):
INFO:root:COST >> 3.2894 +/- 0.1919, % updates: 58.377%
INFO:root:-- EPOCH 71 (1.531 seconds):
INFO:root:COST >> 3.2849 +/- 0.1913, % updates: 58.295%
INFO:root:-- EPOCH 72 (1.543 seconds):
INFO:root:COST >> 3.277 +/- 0.1886, % updates: 58.269%
INFO:root:-- EPOCH 73 (1.591 seconds):
INFO:root:COST >> 3.2796 +/- 0.1974, % updates: 58.34%
INFO:root:-- EPOCH 74 (1.637 seconds):
INFO:root:COST >> 3.2868 +/- 0.1827, % updates: 58.343%
INFO:root:-- EPOCH 75 (1.507 seconds):
INFO:root:COST >> 3.2727 +/- 0.2105, % updates: 58.257%
INFO:root:-- EPOCH 76 (1.484 seconds):
INFO:root:COST >> 3.2653 +/- 0.1991, % updates: 58.028%
INFO:root:-- EPOCH 77 (1.496 seconds):
INFO:root:COST >> 3.2623 +/- 0.2036, % updates: 58.017%
INFO:root:-- EPOCH 78 (1.514 seconds):
INFO:root:COST >> 3.2661 +/- 0.2023, % updates: 58.101%
INFO:root:-- EPOCH 79 (1.513 seconds):
INFO:root:COST >> 3.2654 +/- 0.1994, % updates: 58.121%
INFO:root:-- EPOCH 80 (1.519 seconds):
INFO:root:COST >> 3.2651 +/- 0.2006, % updates: 58.208%
INFO:root:-- EPOCH 81 (1.57 seconds):
INFO:root:COST >> 3.2762 +/- 0.2023, % updates: 58.234%
INFO:root:-- EPOCH 82 (1.542 seconds):
INFO:root:COST >> 3.2687 +/- 0.2068, % updates: 58.175%
INFO:root:-- EPOCH 83 (1.511 seconds):
INFO:root:COST >> 3.2553 +/- 0.1994, % updates: 58.036%
INFO:root:-- EPOCH 84 (1.526 seconds):
INFO:root:COST >> 3.2621 +/- 0.2055, % updates: 58.146%
INFO:root:-- EPOCH 85 (1.52 seconds):
INFO:root:COST >> 3.2648 +/- 0.2083, % updates: 58.038%
INFO:root:-- EPOCH 86 (1.515 seconds):
INFO:root:COST >> 3.2609 +/- 0.2086, % updates: 57.992%
INFO:root:-- EPOCH 87 (1.563 seconds):
INFO:root:COST >> 3.2517 +/- 0.1865, % updates: 57.96%
INFO:root:-- EPOCH 88 (1.579 seconds):
INFO:root:COST >> 3.2474 +/- 0.1925, % updates: 57.758%
INFO:root:-- EPOCH 89 (1.517 seconds):
INFO:root:COST >> 3.2431 +/- 0.1992, % updates: 57.709%
INFO:root:-- EPOCH 90 (1.573 seconds):
INFO:root:COST >> 3.2483 +/- 0.2039, % updates: 57.934%
INFO:root:-- EPOCH 91 (1.538 seconds):
INFO:root:COST >> 3.254 +/- 0.192, % updates: 57.898%
INFO:root:-- EPOCH 92 (1.543 seconds):
INFO:root:COST >> 3.2413 +/- 0.209, % updates: 57.77%
INFO:root:-- EPOCH 93 (1.861 seconds):
INFO:root:COST >> 3.2612 +/- 0.198, % updates: 57.986%
INFO:root:-- EPOCH 94 (2.164 seconds):
INFO:root:COST >> 3.2358 +/- 0.2139, % updates: 57.575%
INFO:root:-- EPOCH 95 (1.779 seconds):
INFO:root:COST >> 3.2499 +/- 0.2144, % updates: 57.888%
INFO:root:-- EPOCH 96 (1.695 seconds):
INFO:root:COST >> 3.2327 +/- 0.2074, % updates: 57.639%
INFO:root:-- EPOCH 97 (1.884 seconds):
INFO:root:COST >> 3.2281 +/- 0.2034, % updates: 57.722%
INFO:root:-- EPOCH 98 (1.706 seconds):
INFO:root:COST >> 3.2352 +/- 0.2099, % updates: 57.694%
INFO:root:-- EPOCH 99 (1.39 seconds):
INFO:root:COST >> 3.2397 +/- 0.2041, % updates: 57.759%
INFO:root:-- EPOCH 100 (1.597 seconds):
INFO:root:COST >> 3.2265 +/- 0.2199, % updates: 57.579%
