INFO:root:Shape for training set: (40961, 141442)
INFO:root:State: {'ndim': '20', 'test_all': 'None', 'test_path': 'None', 'nhid': '50', 'lremb': '1.0', 'seed': '2', 'simfn': 'L1', 'valid_path': 'None', 'nbatches': '10', 'lrparam': '1.0', 'decay': '0.5', 'show_hinton_diagrams': 'False', 'no_rescaling': 'True', 'Nrel': '18', 'ranking_score_right': 'False', 'Nent': '40961', 'Nsyn': '40943', 'method': 'ADADELTA', 'loss_margin': '1.0', 'C': '1.0', 'epsilon': '1e-06', 'use_db': 'True', 'max_lr': 'None', 'l1_param_weight': 'None', 'filtered': 'False', 'name': 'wn_opt/wn_ADADELTA_42', 'totepochs': '100', 'l2_param_weight': 'None', 'train_path': 'data/wn/WN-train.pkl', 'op': 'TransE'}
INFO:root:Starting the Experiment ..
INFO:root:-- EPOCH 1 (2.102 seconds):
INFO:root:COST >> 2.2051 +/- 0.01, % updates: 81.573%
INFO:root:-- EPOCH 2 (1.831 seconds):
INFO:root:COST >> 2.1372 +/- 0.0116, % updates: 80.705%
INFO:root:-- EPOCH 3 (1.286 seconds):
INFO:root:COST >> 2.0657 +/- 0.0148, % updates: 79.693%
INFO:root:-- EPOCH 4 (1.301 seconds):
INFO:root:COST >> 2.0069 +/- 0.022, % updates: 78.838%
INFO:root:-- EPOCH 5 (1.372 seconds):
INFO:root:COST >> 1.9361 +/- 0.017, % updates: 77.73%
INFO:root:-- EPOCH 6 (1.57 seconds):
INFO:root:COST >> 1.8691 +/- 0.0168, % updates: 76.797%
INFO:root:-- EPOCH 7 (1.563 seconds):
INFO:root:COST >> 1.8015 +/- 0.0137, % updates: 75.46%
INFO:root:-- EPOCH 8 (1.604 seconds):
INFO:root:COST >> 1.7411 +/- 0.0188, % updates: 74.411%
INFO:root:-- EPOCH 9 (1.606 seconds):
INFO:root:COST >> 1.6779 +/- 0.0162, % updates: 73.156%
INFO:root:-- EPOCH 10 (1.548 seconds):
INFO:root:COST >> 1.6161 +/- 0.0119, % updates: 71.922%
INFO:root:-- EPOCH 11 (1.553 seconds):
INFO:root:COST >> 1.5587 +/- 0.0121, % updates: 70.69%
INFO:root:-- EPOCH 12 (1.566 seconds):
INFO:root:COST >> 1.5041 +/- 0.0133, % updates: 69.379%
INFO:root:-- EPOCH 13 (1.599 seconds):
INFO:root:COST >> 1.4451 +/- 0.0111, % updates: 68.113%
INFO:root:-- EPOCH 14 (1.587 seconds):
INFO:root:COST >> 1.3905 +/- 0.0127, % updates: 66.81%
INFO:root:-- EPOCH 15 (1.59 seconds):
INFO:root:COST >> 1.3343 +/- 0.0139, % updates: 65.432%
INFO:root:-- EPOCH 16 (1.583 seconds):
INFO:root:COST >> 1.2858 +/- 0.0056, % updates: 64.105%
INFO:root:-- EPOCH 17 (1.593 seconds):
INFO:root:COST >> 1.2351 +/- 0.0127, % updates: 62.938%
INFO:root:-- EPOCH 18 (1.581 seconds):
INFO:root:COST >> 1.1867 +/- 0.0076, % updates: 61.663%
INFO:root:-- EPOCH 19 (1.606 seconds):
INFO:root:COST >> 1.1442 +/- 0.0116, % updates: 60.396%
INFO:root:-- EPOCH 20 (1.579 seconds):
INFO:root:COST >> 1.0984 +/- 0.0065, % updates: 59.051%
INFO:root:-- EPOCH 21 (1.602 seconds):
INFO:root:COST >> 1.053 +/- 0.0066, % updates: 57.856%
INFO:root:-- EPOCH 22 (1.567 seconds):
INFO:root:COST >> 1.0101 +/- 0.0069, % updates: 56.499%
INFO:root:-- EPOCH 23 (1.603 seconds):
INFO:root:COST >> 0.9705 +/- 0.0099, % updates: 55.376%
INFO:root:-- EPOCH 24 (1.561 seconds):
INFO:root:COST >> 0.9311 +/- 0.0097, % updates: 54.054%
INFO:root:-- EPOCH 25 (1.59 seconds):
INFO:root:COST >> 0.8968 +/- 0.0092, % updates: 52.914%
INFO:root:-- EPOCH 26 (1.586 seconds):
INFO:root:COST >> 0.8622 +/- 0.0052, % updates: 51.794%
INFO:root:-- EPOCH 27 (1.608 seconds):
INFO:root:COST >> 0.8276 +/- 0.0057, % updates: 50.583%
INFO:root:-- EPOCH 28 (1.577 seconds):
INFO:root:COST >> 0.7953 +/- 0.0079, % updates: 49.411%
INFO:root:-- EPOCH 29 (1.624 seconds):
INFO:root:COST >> 0.7623 +/- 0.0056, % updates: 48.295%
INFO:root:-- EPOCH 30 (1.544 seconds):
INFO:root:COST >> 0.7274 +/- 0.0064, % updates: 47.091%
INFO:root:-- EPOCH 31 (1.6 seconds):
INFO:root:COST >> 0.7061 +/- 0.0082, % updates: 46.153%
INFO:root:-- EPOCH 32 (1.556 seconds):
INFO:root:COST >> 0.6785 +/- 0.0106, % updates: 45.061%
INFO:root:-- EPOCH 33 (1.568 seconds):
INFO:root:COST >> 0.6528 +/- 0.0073, % updates: 44.05%
INFO:root:-- EPOCH 34 (1.541 seconds):
INFO:root:COST >> 0.6263 +/- 0.0055, % updates: 43.056%
INFO:root:-- EPOCH 35 (1.593 seconds):
INFO:root:COST >> 0.5999 +/- 0.0062, % updates: 41.984%
INFO:root:-- EPOCH 36 (1.952 seconds):
INFO:root:COST >> 0.5816 +/- 0.0055, % updates: 41.053%
INFO:root:-- EPOCH 37 (2.045 seconds):
INFO:root:COST >> 0.5596 +/- 0.0066, % updates: 40.018%
INFO:root:-- EPOCH 38 (1.642 seconds):
INFO:root:COST >> 0.5411 +/- 0.005, % updates: 39.196%
INFO:root:-- EPOCH 39 (1.549 seconds):
INFO:root:COST >> 0.5221 +/- 0.0068, % updates: 38.337%
INFO:root:-- EPOCH 40 (1.604 seconds):
INFO:root:COST >> 0.5028 +/- 0.0037, % updates: 37.521%
INFO:root:-- EPOCH 41 (1.547 seconds):
INFO:root:COST >> 0.4882 +/- 0.0065, % updates: 36.78%
INFO:root:-- EPOCH 42 (1.545 seconds):
INFO:root:COST >> 0.4723 +/- 0.0041, % updates: 35.854%
INFO:root:-- EPOCH 43 (1.541 seconds):
INFO:root:COST >> 0.4539 +/- 0.0036, % updates: 35.255%
INFO:root:-- EPOCH 44 (1.571 seconds):
INFO:root:COST >> 0.4402 +/- 0.0051, % updates: 34.473%
INFO:root:-- EPOCH 45 (1.584 seconds):
INFO:root:COST >> 0.426 +/- 0.0064, % updates: 33.766%
INFO:root:-- EPOCH 46 (1.64 seconds):
INFO:root:COST >> 0.4119 +/- 0.0069, % updates: 33.083%
INFO:root:-- EPOCH 47 (1.554 seconds):
INFO:root:COST >> 0.4007 +/- 0.0061, % updates: 32.406%
INFO:root:-- EPOCH 48 (1.601 seconds):
INFO:root:COST >> 0.3922 +/- 0.005, % updates: 31.871%
INFO:root:-- EPOCH 49 (1.585 seconds):
INFO:root:COST >> 0.3757 +/- 0.0034, % updates: 31.101%
INFO:root:-- EPOCH 50 (1.569 seconds):
INFO:root:COST >> 0.3692 +/- 0.0062, % updates: 30.654%
INFO:root:-- EPOCH 51 (1.532 seconds):
INFO:root:COST >> 0.356 +/- 0.0043, % updates: 30.087%
INFO:root:-- EPOCH 52 (1.586 seconds):
INFO:root:COST >> 0.3464 +/- 0.0043, % updates: 29.374%
INFO:root:-- EPOCH 53 (1.603 seconds):
INFO:root:COST >> 0.3382 +/- 0.0054, % updates: 28.99%
INFO:root:-- EPOCH 54 (1.61 seconds):
INFO:root:COST >> 0.3299 +/- 0.0057, % updates: 28.491%
INFO:root:-- EPOCH 55 (1.552 seconds):
INFO:root:COST >> 0.3183 +/- 0.0055, % updates: 27.754%
INFO:root:-- EPOCH 56 (1.62 seconds):
INFO:root:COST >> 0.3107 +/- 0.0053, % updates: 27.319%
INFO:root:-- EPOCH 57 (1.598 seconds):
INFO:root:COST >> 0.3028 +/- 0.0027, % updates: 26.917%
INFO:root:-- EPOCH 58 (1.549 seconds):
INFO:root:COST >> 0.2957 +/- 0.0037, % updates: 26.447%
INFO:root:-- EPOCH 59 (1.545 seconds):
INFO:root:COST >> 0.2882 +/- 0.004, % updates: 25.987%
INFO:root:-- EPOCH 60 (1.559 seconds):
INFO:root:COST >> 0.2813 +/- 0.0052, % updates: 25.496%
INFO:root:-- EPOCH 61 (1.569 seconds):
INFO:root:COST >> 0.2746 +/- 0.0032, % updates: 25.244%
INFO:root:-- EPOCH 62 (1.534 seconds):
INFO:root:COST >> 0.2679 +/- 0.0045, % updates: 24.867%
INFO:root:-- EPOCH 63 (1.56 seconds):
INFO:root:COST >> 0.2621 +/- 0.0044, % updates: 24.492%
INFO:root:-- EPOCH 64 (1.557 seconds):
INFO:root:COST >> 0.2535 +/- 0.0037, % updates: 23.8%
INFO:root:-- EPOCH 65 (1.597 seconds):
INFO:root:COST >> 0.2498 +/- 0.0048, % updates: 23.483%
INFO:root:-- EPOCH 66 (1.553 seconds):
INFO:root:COST >> 0.2445 +/- 0.0027, % updates: 23.193%
INFO:root:-- EPOCH 67 (1.551 seconds):
INFO:root:COST >> 0.2402 +/- 0.0027, % updates: 22.924%
INFO:root:-- EPOCH 68 (1.554 seconds):
INFO:root:COST >> 0.2344 +/- 0.0034, % updates: 22.656%
INFO:root:-- EPOCH 69 (1.568 seconds):
INFO:root:COST >> 0.2287 +/- 0.0035, % updates: 22.166%
INFO:root:-- EPOCH 70 (1.588 seconds):
INFO:root:COST >> 0.2212 +/- 0.0039, % updates: 21.739%
INFO:root:-- EPOCH 71 (1.611 seconds):
INFO:root:COST >> 0.2189 +/- 0.0029, % updates: 21.532%
INFO:root:-- EPOCH 72 (1.54 seconds):
INFO:root:COST >> 0.2152 +/- 0.0032, % updates: 21.267%
INFO:root:-- EPOCH 73 (1.584 seconds):
INFO:root:COST >> 0.2092 +/- 0.0027, % updates: 20.793%
INFO:root:-- EPOCH 74 (1.55 seconds):
INFO:root:COST >> 0.207 +/- 0.0022, % updates: 20.619%
INFO:root:-- EPOCH 75 (1.589 seconds):
INFO:root:COST >> 0.2014 +/- 0.0039, % updates: 20.381%
INFO:root:-- EPOCH 76 (1.566 seconds):
INFO:root:COST >> 0.1979 +/- 0.0023, % updates: 19.99%
INFO:root:-- EPOCH 77 (1.539 seconds):
INFO:root:COST >> 0.1956 +/- 0.0024, % updates: 19.868%
INFO:root:-- EPOCH 78 (1.534 seconds):
INFO:root:COST >> 0.1898 +/- 0.003, % updates: 19.408%
INFO:root:-- EPOCH 79 (1.523 seconds):
INFO:root:COST >> 0.1859 +/- 0.0028, % updates: 19.258%
INFO:root:-- EPOCH 80 (1.543 seconds):
INFO:root:COST >> 0.1822 +/- 0.0032, % updates: 18.884%
INFO:root:-- EPOCH 81 (1.535 seconds):
INFO:root:COST >> 0.1784 +/- 0.003, % updates: 18.602%
INFO:root:-- EPOCH 82 (1.527 seconds):
INFO:root:COST >> 0.1751 +/- 0.0026, % updates: 18.403%
INFO:root:-- EPOCH 83 (1.591 seconds):
INFO:root:COST >> 0.1713 +/- 0.0041, % updates: 18.139%
INFO:root:-- EPOCH 84 (1.572 seconds):
INFO:root:COST >> 0.1688 +/- 0.002, % updates: 17.921%
INFO:root:-- EPOCH 85 (1.511 seconds):
INFO:root:COST >> 0.1666 +/- 0.0025, % updates: 17.778%
INFO:root:-- EPOCH 86 (1.527 seconds):
INFO:root:COST >> 0.1646 +/- 0.0029, % updates: 17.503%
INFO:root:-- EPOCH 87 (1.492 seconds):
INFO:root:COST >> 0.1587 +/- 0.003, % updates: 17.209%
INFO:root:-- EPOCH 88 (1.532 seconds):
INFO:root:COST >> 0.1574 +/- 0.002, % updates: 17.145%
INFO:root:-- EPOCH 89 (1.566 seconds):
INFO:root:COST >> 0.1548 +/- 0.003, % updates: 16.831%
INFO:root:-- EPOCH 90 (1.551 seconds):
INFO:root:COST >> 0.1529 +/- 0.0019, % updates: 16.674%
INFO:root:-- EPOCH 91 (1.576 seconds):
INFO:root:COST >> 0.1497 +/- 0.0033, % updates: 16.441%
INFO:root:-- EPOCH 92 (1.542 seconds):
INFO:root:COST >> 0.1467 +/- 0.0018, % updates: 16.159%
INFO:root:-- EPOCH 93 (1.562 seconds):
INFO:root:COST >> 0.145 +/- 0.0027, % updates: 15.997%
INFO:root:-- EPOCH 94 (1.556 seconds):
INFO:root:COST >> 0.1436 +/- 0.0023, % updates: 15.932%
INFO:root:-- EPOCH 95 (1.583 seconds):
INFO:root:COST >> 0.1409 +/- 0.0025, % updates: 15.673%
INFO:root:-- EPOCH 96 (1.592 seconds):
INFO:root:COST >> 0.1391 +/- 0.0028, % updates: 15.525%
INFO:root:-- EPOCH 97 (1.527 seconds):
INFO:root:COST >> 0.136 +/- 0.0024, % updates: 15.332%
INFO:root:-- EPOCH 98 (1.586 seconds):
INFO:root:COST >> 0.1349 +/- 0.0027, % updates: 15.211%
INFO:root:-- EPOCH 99 (1.568 seconds):
INFO:root:COST >> 0.1326 +/- 0.0024, % updates: 15.031%
INFO:root:-- EPOCH 100 (1.538 seconds):
INFO:root:COST >> 0.1297 +/- 0.0034, % updates: 14.759%
