INFO:root:Shape for training set: (40961, 141442)
INFO:root:State: {'ndim': '20', 'test_all': 'None', 'test_path': 'None', 'nhid': '50', 'lremb': '1.0', 'seed': '0', 'simfn': 'L1', 'valid_path': 'None', 'nbatches': '10', 'lrparam': '1.0', 'decay': '0.9999', 'show_hinton_diagrams': 'False', 'no_rescaling': 'True', 'Nrel': '18', 'ranking_score_right': 'False', 'Nent': '40961', 'Nsyn': '40943', 'method': 'ADADELTA', 'loss_margin': '1.0', 'C': '1.0', 'epsilon': '1e-06', 'use_db': 'True', 'max_lr': 'None', 'l1_param_weight': 'None', 'filtered': 'False', 'name': 'wn_opt/wn_ADADELTA_0', 'totepochs': '100', 'l2_param_weight': 'None', 'train_path': 'data/wn/WN-train.pkl', 'op': 'TransE'}
INFO:root:Starting the Experiment ..
INFO:root:-- EPOCH 1 (1.16 seconds):
INFO:root:COST >> 1.6124 +/- 0.3563, % updates: 68.551%
INFO:root:-- EPOCH 2 (1.187 seconds):
INFO:root:COST >> 0.6671 +/- 0.0274, % updates: 41.625%
INFO:root:-- EPOCH 3 (1.149 seconds):
INFO:root:COST >> 0.4143 +/- 0.0091, % updates: 30.689%
INFO:root:-- EPOCH 4 (1.151 seconds):
INFO:root:COST >> 0.2781 +/- 0.0046, % updates: 23.283%
INFO:root:-- EPOCH 5 (1.312 seconds):
INFO:root:COST >> 0.183 +/- 0.0033, % updates: 17.159%
INFO:root:-- EPOCH 6 (1.242 seconds):
INFO:root:COST >> 0.1363 +/- 0.0058, % updates: 13.89%
INFO:root:-- EPOCH 7 (1.641 seconds):
INFO:root:COST >> 0.1093 +/- 0.0058, % updates: 11.641%
INFO:root:-- EPOCH 8 (1.713 seconds):
INFO:root:COST >> 0.0917 +/- 0.0033, % updates: 10.23%
INFO:root:-- EPOCH 9 (2.202 seconds):
INFO:root:COST >> 0.0781 +/- 0.0047, % updates: 9.011%
INFO:root:-- EPOCH 10 (2.062 seconds):
INFO:root:COST >> 0.0683 +/- 0.0038, % updates: 8.083%
INFO:root:-- EPOCH 11 (1.86 seconds):
INFO:root:COST >> 0.0609 +/- 0.0027, % updates: 7.431%
INFO:root:-- EPOCH 12 (1.877 seconds):
INFO:root:COST >> 0.0564 +/- 0.0034, % updates: 6.958%
INFO:root:-- EPOCH 13 (1.948 seconds):
INFO:root:COST >> 0.0507 +/- 0.0031, % updates: 6.396%
INFO:root:-- EPOCH 14 (1.857 seconds):
INFO:root:COST >> 0.049 +/- 0.0031, % updates: 6.168%
INFO:root:-- EPOCH 15 (1.718 seconds):
INFO:root:COST >> 0.0452 +/- 0.0026, % updates: 5.731%
INFO:root:-- EPOCH 16 (2.172 seconds):
INFO:root:COST >> 0.0427 +/- 0.0026, % updates: 5.516%
INFO:root:-- EPOCH 17 (2.245 seconds):
INFO:root:COST >> 0.0403 +/- 0.0028, % updates: 5.227%
INFO:root:-- EPOCH 18 (1.649 seconds):
INFO:root:COST >> 0.0394 +/- 0.0029, % updates: 5.102%
INFO:root:-- EPOCH 19 (1.914 seconds):
INFO:root:COST >> 0.0366 +/- 0.002, % updates: 4.856%
INFO:root:-- EPOCH 20 (1.715 seconds):
INFO:root:COST >> 0.0357 +/- 0.0018, % updates: 4.703%
INFO:root:-- EPOCH 21 (1.894 seconds):
INFO:root:COST >> 0.0336 +/- 0.0023, % updates: 4.469%
INFO:root:-- EPOCH 22 (1.872 seconds):
INFO:root:COST >> 0.0326 +/- 0.002, % updates: 4.392%
INFO:root:-- EPOCH 23 (1.849 seconds):
INFO:root:COST >> 0.0316 +/- 0.0017, % updates: 4.246%
INFO:root:-- EPOCH 24 (2.008 seconds):
INFO:root:COST >> 0.031 +/- 0.0018, % updates: 4.163%
INFO:root:-- EPOCH 25 (2.051 seconds):
INFO:root:COST >> 0.0302 +/- 0.0022, % updates: 4.094%
INFO:root:-- EPOCH 26 (2.559 seconds):
INFO:root:COST >> 0.0291 +/- 0.0021, % updates: 3.999%
INFO:root:-- EPOCH 27 (2.18 seconds):
INFO:root:COST >> 0.0284 +/- 0.0019, % updates: 3.881%
INFO:root:-- EPOCH 28 (2.029 seconds):
INFO:root:COST >> 0.0275 +/- 0.002, % updates: 3.767%
INFO:root:-- EPOCH 29 (1.738 seconds):
INFO:root:COST >> 0.0273 +/- 0.0016, % updates: 3.718%
INFO:root:-- EPOCH 30 (1.819 seconds):
INFO:root:COST >> 0.0262 +/- 0.002, % updates: 3.63%
INFO:root:-- EPOCH 31 (1.592 seconds):
INFO:root:COST >> 0.0262 +/- 0.0016, % updates: 3.587%
INFO:root:-- EPOCH 32 (1.58 seconds):
INFO:root:COST >> 0.0259 +/- 0.0022, % updates: 3.577%
INFO:root:-- EPOCH 33 (1.691 seconds):
INFO:root:COST >> 0.0247 +/- 0.0018, % updates: 3.447%
INFO:root:-- EPOCH 34 (1.636 seconds):
INFO:root:COST >> 0.0247 +/- 0.0012, % updates: 3.418%
INFO:root:-- EPOCH 35 (1.541 seconds):
INFO:root:COST >> 0.0237 +/- 0.0016, % updates: 3.297%
INFO:root:-- EPOCH 36 (1.632 seconds):
INFO:root:COST >> 0.0228 +/- 0.0014, % updates: 3.219%
INFO:root:-- EPOCH 37 (1.574 seconds):
INFO:root:COST >> 0.0235 +/- 0.0015, % updates: 3.283%
INFO:root:-- EPOCH 38 (1.543 seconds):
INFO:root:COST >> 0.022 +/- 0.0017, % updates: 3.096%
INFO:root:-- EPOCH 39 (1.568 seconds):
INFO:root:COST >> 0.0224 +/- 0.0013, % updates: 3.136%
INFO:root:-- EPOCH 40 (1.601 seconds):
INFO:root:COST >> 0.0213 +/- 0.0019, % updates: 3.033%
INFO:root:-- EPOCH 41 (1.564 seconds):
INFO:root:COST >> 0.0211 +/- 0.0014, % updates: 3.034%
INFO:root:-- EPOCH 42 (1.557 seconds):
INFO:root:COST >> 0.0215 +/- 0.0014, % updates: 2.989%
INFO:root:-- EPOCH 43 (1.609 seconds):
INFO:root:COST >> 0.021 +/- 0.0011, % updates: 2.978%
INFO:root:-- EPOCH 44 (1.555 seconds):
INFO:root:COST >> 0.0211 +/- 0.0012, % updates: 2.99%
INFO:root:-- EPOCH 45 (2.052 seconds):
INFO:root:COST >> 0.0212 +/- 0.0013, % updates: 2.957%
INFO:root:-- EPOCH 46 (1.875 seconds):
INFO:root:COST >> 0.02 +/- 0.0014, % updates: 2.887%
INFO:root:-- EPOCH 47 (1.71 seconds):
INFO:root:COST >> 0.0204 +/- 0.0013, % updates: 2.896%
INFO:root:-- EPOCH 48 (1.779 seconds):
INFO:root:COST >> 0.02 +/- 0.0014, % updates: 2.803%
INFO:root:-- EPOCH 49 (1.58 seconds):
INFO:root:COST >> 0.02 +/- 0.001, % updates: 2.823%
INFO:root:-- EPOCH 50 (1.634 seconds):
INFO:root:COST >> 0.0189 +/- 0.0017, % updates: 2.736%
INFO:root:-- EPOCH 51 (1.601 seconds):
INFO:root:COST >> 0.0191 +/- 0.0015, % updates: 2.703%
INFO:root:-- EPOCH 52 (1.674 seconds):
INFO:root:COST >> 0.0191 +/- 0.0012, % updates: 2.719%
INFO:root:-- EPOCH 53 (1.731 seconds):
INFO:root:COST >> 0.0188 +/- 0.0011, % updates: 2.706%
INFO:root:-- EPOCH 54 (1.937 seconds):
INFO:root:COST >> 0.0192 +/- 0.0016, % updates: 2.694%
INFO:root:-- EPOCH 55 (1.8 seconds):
INFO:root:COST >> 0.0185 +/- 0.001, % updates: 2.64%
INFO:root:-- EPOCH 56 (1.61 seconds):
INFO:root:COST >> 0.0187 +/- 0.0007, % updates: 2.701%
INFO:root:-- EPOCH 57 (1.618 seconds):
INFO:root:COST >> 0.0178 +/- 0.0014, % updates: 2.547%
INFO:root:-- EPOCH 58 (1.619 seconds):
INFO:root:COST >> 0.0182 +/- 0.0011, % updates: 2.608%
INFO:root:-- EPOCH 59 (1.613 seconds):
INFO:root:COST >> 0.0179 +/- 0.0017, % updates: 2.598%
INFO:root:-- EPOCH 60 (1.584 seconds):
INFO:root:COST >> 0.0182 +/- 0.0009, % updates: 2.591%
INFO:root:-- EPOCH 61 (1.641 seconds):
INFO:root:COST >> 0.0177 +/- 0.0008, % updates: 2.518%
INFO:root:-- EPOCH 62 (1.59 seconds):
INFO:root:COST >> 0.0171 +/- 0.0006, % updates: 2.469%
INFO:root:-- EPOCH 63 (1.695 seconds):
INFO:root:COST >> 0.0173 +/- 0.0015, % updates: 2.543%
INFO:root:-- EPOCH 64 (1.818 seconds):
INFO:root:COST >> 0.017 +/- 0.0011, % updates: 2.464%
INFO:root:-- EPOCH 65 (1.727 seconds):
INFO:root:COST >> 0.017 +/- 0.0014, % updates: 2.458%
INFO:root:-- EPOCH 66 (1.648 seconds):
INFO:root:COST >> 0.0171 +/- 0.0011, % updates: 2.467%
INFO:root:-- EPOCH 67 (1.589 seconds):
INFO:root:COST >> 0.0167 +/- 0.0011, % updates: 2.407%
INFO:root:-- EPOCH 68 (1.55 seconds):
INFO:root:COST >> 0.0164 +/- 0.0008, % updates: 2.408%
INFO:root:-- EPOCH 69 (1.575 seconds):
INFO:root:COST >> 0.0163 +/- 0.0011, % updates: 2.367%
INFO:root:-- EPOCH 70 (1.583 seconds):
INFO:root:COST >> 0.0162 +/- 0.0011, % updates: 2.352%
INFO:root:-- EPOCH 71 (1.565 seconds):
INFO:root:COST >> 0.016 +/- 0.0011, % updates: 2.354%
INFO:root:-- EPOCH 72 (1.59 seconds):
INFO:root:COST >> 0.0159 +/- 0.0012, % updates: 2.316%
INFO:root:-- EPOCH 73 (1.598 seconds):
INFO:root:COST >> 0.0164 +/- 0.0013, % updates: 2.347%
INFO:root:-- EPOCH 74 (1.562 seconds):
INFO:root:COST >> 0.0158 +/- 0.001, % updates: 2.323%
INFO:root:-- EPOCH 75 (1.787 seconds):
INFO:root:COST >> 0.0163 +/- 0.0013, % updates: 2.336%
INFO:root:-- EPOCH 76 (1.679 seconds):
INFO:root:COST >> 0.0156 +/- 0.0012, % updates: 2.265%
INFO:root:-- EPOCH 77 (1.615 seconds):
INFO:root:COST >> 0.0155 +/- 0.001, % updates: 2.26%
INFO:root:-- EPOCH 78 (1.572 seconds):
INFO:root:COST >> 0.0154 +/- 0.0007, % updates: 2.254%
INFO:root:-- EPOCH 79 (1.752 seconds):
INFO:root:COST >> 0.0158 +/- 0.001, % updates: 2.259%
INFO:root:-- EPOCH 80 (1.569 seconds):
INFO:root:COST >> 0.0153 +/- 0.0015, % updates: 2.217%
INFO:root:-- EPOCH 81 (1.76 seconds):
INFO:root:COST >> 0.0159 +/- 0.0007, % updates: 2.268%
INFO:root:-- EPOCH 82 (1.595 seconds):
INFO:root:COST >> 0.0152 +/- 0.001, % updates: 2.216%
INFO:root:-- EPOCH 83 (1.622 seconds):
INFO:root:COST >> 0.015 +/- 0.0004, % updates: 2.188%
INFO:root:-- EPOCH 84 (1.532 seconds):
INFO:root:COST >> 0.0155 +/- 0.0009, % updates: 2.221%
INFO:root:-- EPOCH 85 (1.725 seconds):
INFO:root:COST >> 0.0147 +/- 0.0007, % updates: 2.143%
INFO:root:-- EPOCH 86 (1.61 seconds):
INFO:root:COST >> 0.0146 +/- 0.001, % updates: 2.138%
INFO:root:-- EPOCH 87 (1.585 seconds):
INFO:root:COST >> 0.0148 +/- 0.0008, % updates: 2.16%
INFO:root:-- EPOCH 88 (1.655 seconds):
INFO:root:COST >> 0.0149 +/- 0.0008, % updates: 2.156%
INFO:root:-- EPOCH 89 (1.729 seconds):
INFO:root:COST >> 0.0143 +/- 0.0012, % updates: 2.117%
INFO:root:-- EPOCH 90 (1.569 seconds):
INFO:root:COST >> 0.0144 +/- 0.0012, % updates: 2.115%
INFO:root:-- EPOCH 91 (1.558 seconds):
INFO:root:COST >> 0.0145 +/- 0.0008, % updates: 2.099%
INFO:root:-- EPOCH 92 (1.604 seconds):
INFO:root:COST >> 0.0142 +/- 0.0008, % updates: 2.08%
INFO:root:-- EPOCH 93 (2.07 seconds):
INFO:root:COST >> 0.0148 +/- 0.0014, % updates: 2.121%
INFO:root:-- EPOCH 94 (2.156 seconds):
INFO:root:COST >> 0.0141 +/- 0.0006, % updates: 2.097%
INFO:root:-- EPOCH 95 (1.551 seconds):
INFO:root:COST >> 0.0146 +/- 0.001, % updates: 2.108%
INFO:root:-- EPOCH 96 (1.507 seconds):
INFO:root:COST >> 0.0139 +/- 0.0008, % updates: 2.051%
INFO:root:-- EPOCH 97 (1.569 seconds):
INFO:root:COST >> 0.0141 +/- 0.0011, % updates: 2.035%
INFO:root:-- EPOCH 98 (1.54 seconds):
INFO:root:COST >> 0.0142 +/- 0.0007, % updates: 2.086%
INFO:root:-- EPOCH 99 (1.603 seconds):
INFO:root:COST >> 0.0138 +/- 0.0008, % updates: 2.023%
INFO:root:-- EPOCH 100 (1.622 seconds):
INFO:root:COST >> 0.0139 +/- 0.0008, % updates: 2.037%
