INFO:root:Shape for training set: (40961, 141442)
INFO:root:State: {'ndim': '20', 'test_all': 'None', 'test_path': 'None', 'nhid': '50', 'lremb': '0.1', 'seed': '3', 'simfn': 'L1', 'valid_path': 'None', 'nbatches': '10', 'lrparam': '0.1', 'decay': '0.999', 'show_hinton_diagrams': 'False', 'no_rescaling': 'True', 'Nrel': '18', 'ranking_score_right': 'False', 'Nent': '40961', 'Nsyn': '40943', 'method': 'ADAGRAD', 'loss_margin': '1.0', 'C': '1.0', 'epsilon': '1e-06', 'use_db': 'True', 'max_lr': 'None', 'l1_param_weight': 'None', 'filtered': 'False', 'name': 'wn_opt/wn_ADAGRAD_53', 'totepochs': '100', 'l2_param_weight': 'None', 'train_path': 'data/wn/WN-train.pkl', 'op': 'TransE'}
INFO:root:Starting the Experiment ..
INFO:root:-- EPOCH 1 (1.568 seconds):
INFO:root:COST >> 1.666 +/- 0.3366, % updates: 70.944%
INFO:root:-- EPOCH 2 (2.165 seconds):
INFO:root:COST >> 0.6215 +/- 0.0472, % updates: 41.519%
INFO:root:-- EPOCH 3 (1.969 seconds):
INFO:root:COST >> 0.3451 +/- 0.0131, % updates: 28.604%
INFO:root:-- EPOCH 4 (1.689 seconds):
INFO:root:COST >> 0.2353 +/- 0.005, % updates: 21.975%
INFO:root:-- EPOCH 5 (2.049 seconds):
INFO:root:COST >> 0.1748 +/- 0.002, % updates: 17.904%
INFO:root:-- EPOCH 6 (1.871 seconds):
INFO:root:COST >> 0.1407 +/- 0.002, % updates: 15.208%
INFO:root:-- EPOCH 7 (1.696 seconds):
INFO:root:COST >> 0.1155 +/- 0.0022, % updates: 13.188%
INFO:root:-- EPOCH 8 (1.759 seconds):
INFO:root:COST >> 0.0992 +/- 0.0037, % updates: 11.741%
INFO:root:-- EPOCH 9 (1.578 seconds):
INFO:root:COST >> 0.0855 +/- 0.0017, % updates: 10.579%
INFO:root:-- EPOCH 10 (1.727 seconds):
INFO:root:COST >> 0.0767 +/- 0.0013, % updates: 9.712%
INFO:root:-- EPOCH 11 (1.572 seconds):
INFO:root:COST >> 0.0689 +/- 0.0014, % updates: 8.933%
INFO:root:-- EPOCH 12 (1.637 seconds):
INFO:root:COST >> 0.0623 +/- 0.0016, % updates: 8.263%
INFO:root:-- EPOCH 13 (1.735 seconds):
INFO:root:COST >> 0.0572 +/- 0.0011, % updates: 7.704%
INFO:root:-- EPOCH 14 (1.619 seconds):
INFO:root:COST >> 0.0529 +/- 0.0019, % updates: 7.225%
INFO:root:-- EPOCH 15 (1.962 seconds):
INFO:root:COST >> 0.0495 +/- 0.0009, % updates: 6.8%
INFO:root:-- EPOCH 16 (1.768 seconds):
INFO:root:COST >> 0.0457 +/- 0.0014, % updates: 6.382%
INFO:root:-- EPOCH 17 (1.729 seconds):
INFO:root:COST >> 0.0428 +/- 0.0009, % updates: 6.089%
INFO:root:-- EPOCH 18 (1.544 seconds):
INFO:root:COST >> 0.0406 +/- 0.0013, % updates: 5.849%
INFO:root:-- EPOCH 19 (1.613 seconds):
INFO:root:COST >> 0.0387 +/- 0.0014, % updates: 5.527%
INFO:root:-- EPOCH 20 (2.306 seconds):
INFO:root:COST >> 0.0359 +/- 0.0007, % updates: 5.302%
INFO:root:-- EPOCH 21 (1.831 seconds):
INFO:root:COST >> 0.0347 +/- 0.0012, % updates: 5.083%
INFO:root:-- EPOCH 22 (1.683 seconds):
INFO:root:COST >> 0.0327 +/- 0.0013, % updates: 4.867%
INFO:root:-- EPOCH 23 (1.847 seconds):
INFO:root:COST >> 0.0315 +/- 0.0012, % updates: 4.726%
INFO:root:-- EPOCH 24 (2.023 seconds):
INFO:root:COST >> 0.0302 +/- 0.0007, % updates: 4.539%
INFO:root:-- EPOCH 25 (1.724 seconds):
INFO:root:COST >> 0.0293 +/- 0.0012, % updates: 4.458%
INFO:root:-- EPOCH 26 (1.896 seconds):
INFO:root:COST >> 0.0275 +/- 0.0009, % updates: 4.258%
INFO:root:-- EPOCH 27 (1.915 seconds):
INFO:root:COST >> 0.0272 +/- 0.0013, % updates: 4.165%
INFO:root:-- EPOCH 28 (1.929 seconds):
INFO:root:COST >> 0.0257 +/- 0.0009, % updates: 4.019%
INFO:root:-- EPOCH 29 (1.88 seconds):
INFO:root:COST >> 0.0253 +/- 0.001, % updates: 3.95%
INFO:root:-- EPOCH 30 (1.874 seconds):
INFO:root:COST >> 0.0245 +/- 0.0007, % updates: 3.804%
INFO:root:-- EPOCH 31 (1.482 seconds):
INFO:root:COST >> 0.0234 +/- 0.0009, % updates: 3.682%
INFO:root:-- EPOCH 32 (1.506 seconds):
INFO:root:COST >> 0.0227 +/- 0.001, % updates: 3.592%
INFO:root:-- EPOCH 33 (1.495 seconds):
INFO:root:COST >> 0.0227 +/- 0.0009, % updates: 3.56%
INFO:root:-- EPOCH 34 (1.473 seconds):
INFO:root:COST >> 0.0219 +/- 0.001, % updates: 3.441%
INFO:root:-- EPOCH 35 (1.501 seconds):
INFO:root:COST >> 0.0219 +/- 0.001, % updates: 3.385%
INFO:root:-- EPOCH 36 (1.503 seconds):
INFO:root:COST >> 0.0208 +/- 0.001, % updates: 3.32%
INFO:root:-- EPOCH 37 (1.512 seconds):
INFO:root:COST >> 0.0202 +/- 0.0006, % updates: 3.248%
INFO:root:-- EPOCH 38 (1.513 seconds):
INFO:root:COST >> 0.0198 +/- 0.0007, % updates: 3.173%
INFO:root:-- EPOCH 39 (1.522 seconds):
INFO:root:COST >> 0.0193 +/- 0.0008, % updates: 3.111%
INFO:root:-- EPOCH 40 (1.537 seconds):
INFO:root:COST >> 0.0189 +/- 0.0005, % updates: 3.052%
INFO:root:-- EPOCH 41 (1.746 seconds):
INFO:root:COST >> 0.0181 +/- 0.0007, % updates: 2.966%
INFO:root:-- EPOCH 42 (1.775 seconds):
INFO:root:COST >> 0.018 +/- 0.001, % updates: 2.912%
INFO:root:-- EPOCH 43 (1.537 seconds):
INFO:root:COST >> 0.0175 +/- 0.0006, % updates: 2.864%
INFO:root:-- EPOCH 44 (1.73 seconds):
INFO:root:COST >> 0.0174 +/- 0.0005, % updates: 2.843%
INFO:root:-- EPOCH 45 (1.637 seconds):
INFO:root:COST >> 0.0166 +/- 0.0011, % updates: 2.755%
INFO:root:-- EPOCH 46 (1.471 seconds):
INFO:root:COST >> 0.017 +/- 0.0006, % updates: 2.766%
INFO:root:-- EPOCH 47 (1.461 seconds):
INFO:root:COST >> 0.0166 +/- 0.0011, % updates: 2.684%
INFO:root:-- EPOCH 48 (1.491 seconds):
INFO:root:COST >> 0.0165 +/- 0.0007, % updates: 2.637%
INFO:root:-- EPOCH 49 (1.455 seconds):
INFO:root:COST >> 0.0158 +/- 0.0008, % updates: 2.575%
INFO:root:-- EPOCH 50 (1.496 seconds):
INFO:root:COST >> 0.0153 +/- 0.0005, % updates: 2.549%
INFO:root:-- EPOCH 51 (1.478 seconds):
INFO:root:COST >> 0.0151 +/- 0.0009, % updates: 2.508%
INFO:root:-- EPOCH 52 (1.459 seconds):
INFO:root:COST >> 0.0151 +/- 0.0009, % updates: 2.469%
INFO:root:-- EPOCH 53 (1.489 seconds):
INFO:root:COST >> 0.0146 +/- 0.0011, % updates: 2.426%
INFO:root:-- EPOCH 54 (1.462 seconds):
INFO:root:COST >> 0.0143 +/- 0.0008, % updates: 2.359%
INFO:root:-- EPOCH 55 (1.537 seconds):
INFO:root:COST >> 0.0139 +/- 0.0008, % updates: 2.332%
INFO:root:-- EPOCH 56 (1.544 seconds):
INFO:root:COST >> 0.0137 +/- 0.0005, % updates: 2.301%
INFO:root:-- EPOCH 57 (1.514 seconds):
INFO:root:COST >> 0.014 +/- 0.001, % updates: 2.321%
INFO:root:-- EPOCH 58 (1.508 seconds):
INFO:root:COST >> 0.0133 +/- 0.0004, % updates: 2.25%
INFO:root:-- EPOCH 59 (1.481 seconds):
INFO:root:COST >> 0.0132 +/- 0.0008, % updates: 2.252%
INFO:root:-- EPOCH 60 (1.761 seconds):
INFO:root:COST >> 0.0129 +/- 0.0006, % updates: 2.183%
INFO:root:-- EPOCH 61 (2.095 seconds):
INFO:root:COST >> 0.0128 +/- 0.0008, % updates: 2.156%
INFO:root:-- EPOCH 62 (2.025 seconds):
INFO:root:COST >> 0.0132 +/- 0.0005, % updates: 2.175%
INFO:root:-- EPOCH 63 (1.791 seconds):
INFO:root:COST >> 0.013 +/- 0.0009, % updates: 2.148%
INFO:root:-- EPOCH 64 (1.887 seconds):
INFO:root:COST >> 0.0122 +/- 0.0008, % updates: 2.095%
INFO:root:-- EPOCH 65 (1.536 seconds):
INFO:root:COST >> 0.0126 +/- 0.0004, % updates: 2.105%
INFO:root:-- EPOCH 66 (1.713 seconds):
INFO:root:COST >> 0.0122 +/- 0.0006, % updates: 2.034%
INFO:root:-- EPOCH 67 (1.775 seconds):
INFO:root:COST >> 0.012 +/- 0.0005, % updates: 2.066%
INFO:root:-- EPOCH 68 (1.672 seconds):
INFO:root:COST >> 0.0121 +/- 0.0006, % updates: 2.032%
INFO:root:-- EPOCH 69 (1.598 seconds):
INFO:root:COST >> 0.0116 +/- 0.0006, % updates: 1.964%
INFO:root:-- EPOCH 70 (1.535 seconds):
INFO:root:COST >> 0.0116 +/- 0.001, % updates: 1.985%
INFO:root:-- EPOCH 71 (1.6 seconds):
INFO:root:COST >> 0.0119 +/- 0.0008, % updates: 1.982%
INFO:root:-- EPOCH 72 (1.496 seconds):
INFO:root:COST >> 0.0111 +/- 0.0006, % updates: 1.902%
INFO:root:-- EPOCH 73 (1.483 seconds):
INFO:root:COST >> 0.0111 +/- 0.0007, % updates: 1.883%
INFO:root:-- EPOCH 74 (1.492 seconds):
INFO:root:COST >> 0.0112 +/- 0.0008, % updates: 1.9%
INFO:root:-- EPOCH 75 (1.485 seconds):
INFO:root:COST >> 0.0107 +/- 0.001, % updates: 1.827%
INFO:root:-- EPOCH 76 (1.525 seconds):
INFO:root:COST >> 0.0104 +/- 0.0006, % updates: 1.804%
INFO:root:-- EPOCH 77 (1.502 seconds):
INFO:root:COST >> 0.0104 +/- 0.0008, % updates: 1.811%
INFO:root:-- EPOCH 78 (1.566 seconds):
INFO:root:COST >> 0.0105 +/- 0.0006, % updates: 1.799%
INFO:root:-- EPOCH 79 (1.515 seconds):
INFO:root:COST >> 0.0108 +/- 0.0006, % updates: 1.841%
INFO:root:-- EPOCH 80 (1.501 seconds):
INFO:root:COST >> 0.0102 +/- 0.0004, % updates: 1.796%
INFO:root:-- EPOCH 81 (1.592 seconds):
INFO:root:COST >> 0.0103 +/- 0.0004, % updates: 1.765%
INFO:root:-- EPOCH 82 (1.581 seconds):
INFO:root:COST >> 0.0105 +/- 0.0005, % updates: 1.793%
INFO:root:-- EPOCH 83 (1.552 seconds):
INFO:root:COST >> 0.01 +/- 0.0008, % updates: 1.697%
INFO:root:-- EPOCH 84 (1.636 seconds):
INFO:root:COST >> 0.0103 +/- 0.0008, % updates: 1.747%
INFO:root:-- EPOCH 85 (1.945 seconds):
INFO:root:COST >> 0.0099 +/- 0.0004, % updates: 1.688%
INFO:root:-- EPOCH 86 (1.863 seconds):
INFO:root:COST >> 0.0099 +/- 0.0007, % updates: 1.71%
INFO:root:-- EPOCH 87 (2.379 seconds):
INFO:root:COST >> 0.0097 +/- 0.0006, % updates: 1.687%
INFO:root:-- EPOCH 88 (2.214 seconds):
INFO:root:COST >> 0.0097 +/- 0.0006, % updates: 1.678%
INFO:root:-- EPOCH 89 (1.914 seconds):
INFO:root:COST >> 0.0097 +/- 0.0008, % updates: 1.643%
INFO:root:-- EPOCH 90 (1.799 seconds):
INFO:root:COST >> 0.0093 +/- 0.0003, % updates: 1.64%
INFO:root:-- EPOCH 91 (1.615 seconds):
INFO:root:COST >> 0.0094 +/- 0.0004, % updates: 1.655%
INFO:root:-- EPOCH 92 (1.603 seconds):
INFO:root:COST >> 0.0094 +/- 0.0004, % updates: 1.619%
INFO:root:-- EPOCH 93 (1.827 seconds):
INFO:root:COST >> 0.0094 +/- 0.0003, % updates: 1.625%
INFO:root:-- EPOCH 94 (1.803 seconds):
INFO:root:COST >> 0.0092 +/- 0.0005, % updates: 1.581%
INFO:root:-- EPOCH 95 (1.595 seconds):
INFO:root:COST >> 0.0089 +/- 0.0006, % updates: 1.582%
INFO:root:-- EPOCH 96 (1.51 seconds):
INFO:root:COST >> 0.0088 +/- 0.0003, % updates: 1.542%
INFO:root:-- EPOCH 97 (1.518 seconds):
INFO:root:COST >> 0.0088 +/- 0.0007, % updates: 1.525%
INFO:root:-- EPOCH 98 (1.479 seconds):
INFO:root:COST >> 0.0087 +/- 0.0008, % updates: 1.499%
INFO:root:-- EPOCH 99 (1.543 seconds):
INFO:root:COST >> 0.0086 +/- 0.0005, % updates: 1.5%
INFO:root:-- EPOCH 100 (1.374 seconds):
INFO:root:COST >> 0.0091 +/- 0.0006, % updates: 1.564%
