INFO:root:Shape for training set: (40961, 141442)
INFO:root:State: {'ndim': '20', 'test_all': 'None', 'test_path': 'None', 'nhid': '50', 'lremb': '1.0', 'seed': '6', 'simfn': 'L1', 'valid_path': 'None', 'nbatches': '10', 'lrparam': '1.0', 'decay': '0.9999', 'show_hinton_diagrams': 'False', 'no_rescaling': 'True', 'Nrel': '18', 'ranking_score_right': 'False', 'Nent': '40961', 'Nsyn': '40943', 'method': 'ADADELTA', 'loss_margin': '1.0', 'C': '1.0', 'epsilon': '1e-06', 'use_db': 'True', 'max_lr': 'None', 'l1_param_weight': 'None', 'filtered': 'False', 'name': 'wn_opt/wn_ADADELTA_6', 'totepochs': '100', 'l2_param_weight': 'None', 'train_path': 'data/wn/WN-train.pkl', 'op': 'TransE'}
INFO:root:Starting the Experiment ..
INFO:root:-- EPOCH 1 (1.717 seconds):
INFO:root:COST >> 1.5999 +/- 0.3515, % updates: 68.085%
INFO:root:-- EPOCH 2 (1.712 seconds):
INFO:root:COST >> 0.6885 +/- 0.0245, % updates: 42.269%
INFO:root:-- EPOCH 3 (1.462 seconds):
INFO:root:COST >> 0.4502 +/- 0.0126, % updates: 32.161%
INFO:root:-- EPOCH 4 (1.571 seconds):
INFO:root:COST >> 0.307 +/- 0.011, % updates: 24.607%
INFO:root:-- EPOCH 5 (1.301 seconds):
INFO:root:COST >> 0.2014 +/- 0.0059, % updates: 18.353%
INFO:root:-- EPOCH 6 (1.609 seconds):
INFO:root:COST >> 0.1478 +/- 0.0036, % updates: 14.62%
INFO:root:-- EPOCH 7 (1.602 seconds):
INFO:root:COST >> 0.1141 +/- 0.0058, % updates: 11.98%
INFO:root:-- EPOCH 8 (1.611 seconds):
INFO:root:COST >> 0.0926 +/- 0.0048, % updates: 10.244%
INFO:root:-- EPOCH 9 (1.603 seconds):
INFO:root:COST >> 0.0796 +/- 0.0052, % updates: 9.053%
INFO:root:-- EPOCH 10 (1.59 seconds):
INFO:root:COST >> 0.0689 +/- 0.0041, % updates: 8.175%
INFO:root:-- EPOCH 11 (1.588 seconds):
INFO:root:COST >> 0.0619 +/- 0.0032, % updates: 7.441%
INFO:root:-- EPOCH 12 (1.639 seconds):
INFO:root:COST >> 0.0562 +/- 0.0032, % updates: 6.891%
INFO:root:-- EPOCH 13 (1.595 seconds):
INFO:root:COST >> 0.0521 +/- 0.0019, % updates: 6.495%
INFO:root:-- EPOCH 14 (1.557 seconds):
INFO:root:COST >> 0.0475 +/- 0.0033, % updates: 6.038%
INFO:root:-- EPOCH 15 (1.661 seconds):
INFO:root:COST >> 0.0456 +/- 0.0028, % updates: 5.788%
INFO:root:-- EPOCH 16 (1.62 seconds):
INFO:root:COST >> 0.0423 +/- 0.0029, % updates: 5.412%
INFO:root:-- EPOCH 17 (1.611 seconds):
INFO:root:COST >> 0.0408 +/- 0.0022, % updates: 5.233%
INFO:root:-- EPOCH 18 (1.574 seconds):
INFO:root:COST >> 0.0381 +/- 0.0026, % updates: 5.068%
INFO:root:-- EPOCH 19 (1.801 seconds):
INFO:root:COST >> 0.0369 +/- 0.0024, % updates: 4.846%
INFO:root:-- EPOCH 20 (1.56 seconds):
INFO:root:COST >> 0.0351 +/- 0.0019, % updates: 4.683%
INFO:root:-- EPOCH 21 (1.582 seconds):
INFO:root:COST >> 0.0346 +/- 0.0019, % updates: 4.558%
INFO:root:-- EPOCH 22 (1.569 seconds):
INFO:root:COST >> 0.0332 +/- 0.0015, % updates: 4.468%
INFO:root:-- EPOCH 23 (1.595 seconds):
INFO:root:COST >> 0.0322 +/- 0.002, % updates: 4.308%
INFO:root:-- EPOCH 24 (1.568 seconds):
INFO:root:COST >> 0.0314 +/- 0.0022, % updates: 4.181%
INFO:root:-- EPOCH 25 (1.609 seconds):
INFO:root:COST >> 0.0303 +/- 0.0019, % updates: 4.12%
INFO:root:-- EPOCH 26 (1.618 seconds):
INFO:root:COST >> 0.0296 +/- 0.0015, % updates: 3.993%
INFO:root:-- EPOCH 27 (1.586 seconds):
INFO:root:COST >> 0.0284 +/- 0.0015, % updates: 3.897%
INFO:root:-- EPOCH 28 (2.098 seconds):
INFO:root:COST >> 0.0279 +/- 0.0019, % updates: 3.795%
INFO:root:-- EPOCH 29 (1.565 seconds):
INFO:root:COST >> 0.0275 +/- 0.0013, % updates: 3.757%
INFO:root:-- EPOCH 30 (1.638 seconds):
INFO:root:COST >> 0.0258 +/- 0.0015, % updates: 3.579%
INFO:root:-- EPOCH 31 (1.572 seconds):
INFO:root:COST >> 0.0258 +/- 0.0018, % updates: 3.61%
INFO:root:-- EPOCH 32 (1.602 seconds):
INFO:root:COST >> 0.0255 +/- 0.0014, % updates: 3.525%
INFO:root:-- EPOCH 33 (1.665 seconds):
INFO:root:COST >> 0.0247 +/- 0.0013, % updates: 3.402%
INFO:root:-- EPOCH 34 (1.671 seconds):
INFO:root:COST >> 0.0242 +/- 0.0013, % updates: 3.361%
INFO:root:-- EPOCH 35 (1.588 seconds):
INFO:root:COST >> 0.024 +/- 0.0019, % updates: 3.293%
INFO:root:-- EPOCH 36 (1.6 seconds):
INFO:root:COST >> 0.0234 +/- 0.0016, % updates: 3.277%
INFO:root:-- EPOCH 37 (1.642 seconds):
INFO:root:COST >> 0.0232 +/- 0.001, % updates: 3.253%
INFO:root:-- EPOCH 38 (1.855 seconds):
INFO:root:COST >> 0.0228 +/- 0.0017, % updates: 3.174%
INFO:root:-- EPOCH 39 (1.821 seconds):
INFO:root:COST >> 0.0226 +/- 0.0018, % updates: 3.178%
INFO:root:-- EPOCH 40 (1.661 seconds):
INFO:root:COST >> 0.0217 +/- 0.0015, % updates: 3.063%
INFO:root:-- EPOCH 41 (1.935 seconds):
INFO:root:COST >> 0.0213 +/- 0.0016, % updates: 3.033%
INFO:root:-- EPOCH 42 (2.096 seconds):
INFO:root:COST >> 0.0209 +/- 0.0013, % updates: 2.991%
INFO:root:-- EPOCH 43 (2.246 seconds):
INFO:root:COST >> 0.021 +/- 0.0009, % updates: 2.953%
INFO:root:-- EPOCH 44 (2.23 seconds):
INFO:root:COST >> 0.0208 +/- 0.0011, % updates: 2.92%
INFO:root:-- EPOCH 45 (1.69 seconds):
INFO:root:COST >> 0.0208 +/- 0.0015, % updates: 2.955%
INFO:root:-- EPOCH 46 (1.656 seconds):
INFO:root:COST >> 0.0202 +/- 0.0011, % updates: 2.875%
INFO:root:-- EPOCH 47 (1.62 seconds):
INFO:root:COST >> 0.0196 +/- 0.0013, % updates: 2.847%
INFO:root:-- EPOCH 48 (1.601 seconds):
INFO:root:COST >> 0.0194 +/- 0.0015, % updates: 2.755%
INFO:root:-- EPOCH 49 (1.682 seconds):
INFO:root:COST >> 0.0195 +/- 0.0014, % updates: 2.787%
INFO:root:-- EPOCH 50 (1.663 seconds):
INFO:root:COST >> 0.0194 +/- 0.001, % updates: 2.778%
INFO:root:-- EPOCH 51 (1.92 seconds):
INFO:root:COST >> 0.0194 +/- 0.0009, % updates: 2.769%
INFO:root:-- EPOCH 52 (2.042 seconds):
INFO:root:COST >> 0.0188 +/- 0.0012, % updates: 2.697%
INFO:root:-- EPOCH 53 (1.843 seconds):
INFO:root:COST >> 0.0186 +/- 0.001, % updates: 2.666%
INFO:root:-- EPOCH 54 (2.057 seconds):
INFO:root:COST >> 0.0188 +/- 0.0009, % updates: 2.621%
INFO:root:-- EPOCH 55 (2.334 seconds):
INFO:root:COST >> 0.0185 +/- 0.0011, % updates: 2.641%
INFO:root:-- EPOCH 56 (1.941 seconds):
INFO:root:COST >> 0.0184 +/- 0.0006, % updates: 2.638%
INFO:root:-- EPOCH 57 (1.863 seconds):
INFO:root:COST >> 0.018 +/- 0.0014, % updates: 2.589%
INFO:root:-- EPOCH 58 (1.785 seconds):
INFO:root:COST >> 0.0177 +/- 0.0014, % updates: 2.583%
INFO:root:-- EPOCH 59 (1.563 seconds):
INFO:root:COST >> 0.0177 +/- 0.0009, % updates: 2.511%
INFO:root:-- EPOCH 60 (1.629 seconds):
INFO:root:COST >> 0.017 +/- 0.0011, % updates: 2.5%
INFO:root:-- EPOCH 61 (1.621 seconds):
INFO:root:COST >> 0.0175 +/- 0.0013, % updates: 2.488%
INFO:root:-- EPOCH 62 (1.753 seconds):
INFO:root:COST >> 0.0177 +/- 0.0011, % updates: 2.492%
INFO:root:-- EPOCH 63 (1.964 seconds):
INFO:root:COST >> 0.0167 +/- 0.0007, % updates: 2.429%
INFO:root:-- EPOCH 64 (1.71 seconds):
INFO:root:COST >> 0.0167 +/- 0.0013, % updates: 2.42%
INFO:root:-- EPOCH 65 (2.069 seconds):
INFO:root:COST >> 0.0165 +/- 0.0011, % updates: 2.373%
INFO:root:-- EPOCH 66 (1.845 seconds):
INFO:root:COST >> 0.0161 +/- 0.0009, % updates: 2.367%
INFO:root:-- EPOCH 67 (1.666 seconds):
INFO:root:COST >> 0.0166 +/- 0.001, % updates: 2.391%
INFO:root:-- EPOCH 68 (1.573 seconds):
INFO:root:COST >> 0.016 +/- 0.0008, % updates: 2.35%
INFO:root:-- EPOCH 69 (1.607 seconds):
INFO:root:COST >> 0.0167 +/- 0.0008, % updates: 2.402%
INFO:root:-- EPOCH 70 (1.644 seconds):
INFO:root:COST >> 0.0156 +/- 0.0009, % updates: 2.294%
INFO:root:-- EPOCH 71 (1.813 seconds):
INFO:root:COST >> 0.016 +/- 0.0011, % updates: 2.318%
INFO:root:-- EPOCH 72 (1.567 seconds):
INFO:root:COST >> 0.0158 +/- 0.0011, % updates: 2.298%
INFO:root:-- EPOCH 73 (1.601 seconds):
INFO:root:COST >> 0.0159 +/- 0.0006, % updates: 2.262%
INFO:root:-- EPOCH 74 (1.58 seconds):
INFO:root:COST >> 0.0159 +/- 0.001, % updates: 2.244%
INFO:root:-- EPOCH 75 (1.706 seconds):
INFO:root:COST >> 0.0156 +/- 0.001, % updates: 2.247%
INFO:root:-- EPOCH 76 (1.586 seconds):
INFO:root:COST >> 0.0156 +/- 0.001, % updates: 2.27%
INFO:root:-- EPOCH 77 (1.676 seconds):
INFO:root:COST >> 0.0153 +/- 0.0009, % updates: 2.225%
INFO:root:-- EPOCH 78 (1.857 seconds):
INFO:root:COST >> 0.0159 +/- 0.0011, % updates: 2.306%
INFO:root:-- EPOCH 79 (1.575 seconds):
INFO:root:COST >> 0.0155 +/- 0.001, % updates: 2.249%
INFO:root:-- EPOCH 80 (1.595 seconds):
INFO:root:COST >> 0.0154 +/- 0.001, % updates: 2.25%
INFO:root:-- EPOCH 81 (1.596 seconds):
INFO:root:COST >> 0.0151 +/- 0.0011, % updates: 2.221%
INFO:root:-- EPOCH 82 (1.657 seconds):
INFO:root:COST >> 0.0152 +/- 0.0009, % updates: 2.189%
INFO:root:-- EPOCH 83 (1.558 seconds):
INFO:root:COST >> 0.0154 +/- 0.001, % updates: 2.212%
INFO:root:-- EPOCH 84 (1.652 seconds):
INFO:root:COST >> 0.0149 +/- 0.0008, % updates: 2.149%
INFO:root:-- EPOCH 85 (1.633 seconds):
INFO:root:COST >> 0.0152 +/- 0.0012, % updates: 2.172%
INFO:root:-- EPOCH 86 (1.627 seconds):
INFO:root:COST >> 0.014 +/- 0.0007, % updates: 2.058%
INFO:root:-- EPOCH 87 (1.605 seconds):
INFO:root:COST >> 0.0143 +/- 0.0012, % updates: 2.098%
INFO:root:-- EPOCH 88 (1.634 seconds):
INFO:root:COST >> 0.0149 +/- 0.0011, % updates: 2.119%
INFO:root:-- EPOCH 89 (1.67 seconds):
INFO:root:COST >> 0.0148 +/- 0.0011, % updates: 2.115%
INFO:root:-- EPOCH 90 (1.856 seconds):
INFO:root:COST >> 0.0148 +/- 0.0009, % updates: 2.123%
INFO:root:-- EPOCH 91 (1.695 seconds):
INFO:root:COST >> 0.0143 +/- 0.0009, % updates: 2.034%
INFO:root:-- EPOCH 92 (1.771 seconds):
INFO:root:COST >> 0.0144 +/- 0.001, % updates: 2.082%
INFO:root:-- EPOCH 93 (1.688 seconds):
INFO:root:COST >> 0.014 +/- 0.0009, % updates: 2.028%
INFO:root:-- EPOCH 94 (2.142 seconds):
INFO:root:COST >> 0.0139 +/- 0.0007, % updates: 2.011%
INFO:root:-- EPOCH 95 (1.717 seconds):
INFO:root:COST >> 0.014 +/- 0.001, % updates: 2.054%
INFO:root:-- EPOCH 96 (1.994 seconds):
INFO:root:COST >> 0.0139 +/- 0.0008, % updates: 2.037%
INFO:root:-- EPOCH 97 (1.608 seconds):
INFO:root:COST >> 0.0141 +/- 0.0006, % updates: 2.068%
INFO:root:-- EPOCH 98 (1.548 seconds):
INFO:root:COST >> 0.0137 +/- 0.0011, % updates: 1.994%
INFO:root:-- EPOCH 99 (1.603 seconds):
INFO:root:COST >> 0.0137 +/- 0.0008, % updates: 2.017%
INFO:root:-- EPOCH 100 (1.525 seconds):
INFO:root:COST >> 0.0139 +/- 0.0009, % updates: 2.034%
