INFO:root:Shape for training set: (40961, 141442)
INFO:root:State: {'ndim': '20', 'test_all': 'None', 'test_path': 'None', 'nhid': '50', 'lremb': '0.1', 'seed': '2', 'simfn': 'L1', 'valid_path': 'None', 'nbatches': '10', 'lrparam': '0.1', 'decay': '0.999', 'show_hinton_diagrams': 'False', 'no_rescaling': 'True', 'Nrel': '18', 'ranking_score_right': 'False', 'Nent': '40961', 'Nsyn': '40943', 'method': 'ADAGRAD', 'loss_margin': '1.0', 'C': '1.0', 'epsilon': '1e-06', 'use_db': 'True', 'max_lr': 'None', 'l1_param_weight': 'None', 'filtered': 'False', 'name': 'wn_opt/wn_ADAGRAD_52', 'totepochs': '100', 'l2_param_weight': 'None', 'train_path': 'data/wn/WN-train.pkl', 'op': 'TransE'}
INFO:root:Starting the Experiment ..
INFO:root:-- EPOCH 1 (1.442 seconds):
INFO:root:COST >> 1.6663 +/- 0.3261, % updates: 70.961%
INFO:root:-- EPOCH 2 (1.588 seconds):
INFO:root:COST >> 0.6234 +/- 0.0484, % updates: 41.495%
INFO:root:-- EPOCH 3 (1.898 seconds):
INFO:root:COST >> 0.3442 +/- 0.0105, % updates: 28.567%
INFO:root:-- EPOCH 4 (1.726 seconds):
INFO:root:COST >> 0.2342 +/- 0.005, % updates: 22.024%
INFO:root:-- EPOCH 5 (1.762 seconds):
INFO:root:COST >> 0.1739 +/- 0.0048, % updates: 17.819%
INFO:root:-- EPOCH 6 (1.59 seconds):
INFO:root:COST >> 0.1384 +/- 0.0025, % updates: 15.133%
INFO:root:-- EPOCH 7 (1.49 seconds):
INFO:root:COST >> 0.1138 +/- 0.0012, % updates: 13.1%
INFO:root:-- EPOCH 8 (1.714 seconds):
INFO:root:COST >> 0.0986 +/- 0.0021, % updates: 11.726%
INFO:root:-- EPOCH 9 (1.76 seconds):
INFO:root:COST >> 0.0857 +/- 0.0023, % updates: 10.564%
INFO:root:-- EPOCH 10 (1.705 seconds):
INFO:root:COST >> 0.0757 +/- 0.001, % updates: 9.565%
INFO:root:-- EPOCH 11 (1.584 seconds):
INFO:root:COST >> 0.0675 +/- 0.0018, % updates: 8.797%
INFO:root:-- EPOCH 12 (1.637 seconds):
INFO:root:COST >> 0.0619 +/- 0.0017, % updates: 8.148%
INFO:root:-- EPOCH 13 (1.668 seconds):
INFO:root:COST >> 0.0565 +/- 0.0017, % updates: 7.578%
INFO:root:-- EPOCH 14 (1.905 seconds):
INFO:root:COST >> 0.0528 +/- 0.0017, % updates: 7.21%
INFO:root:-- EPOCH 15 (1.607 seconds):
INFO:root:COST >> 0.0487 +/- 0.0017, % updates: 6.772%
INFO:root:-- EPOCH 16 (1.887 seconds):
INFO:root:COST >> 0.0447 +/- 0.0014, % updates: 6.348%
INFO:root:-- EPOCH 17 (1.82 seconds):
INFO:root:COST >> 0.0427 +/- 0.0016, % updates: 6.074%
INFO:root:-- EPOCH 18 (2.377 seconds):
INFO:root:COST >> 0.0404 +/- 0.0015, % updates: 5.814%
INFO:root:-- EPOCH 19 (1.593 seconds):
INFO:root:COST >> 0.0375 +/- 0.0014, % updates: 5.518%
INFO:root:-- EPOCH 20 (2.218 seconds):
INFO:root:COST >> 0.0362 +/- 0.0014, % updates: 5.299%
INFO:root:-- EPOCH 21 (1.631 seconds):
INFO:root:COST >> 0.0336 +/- 0.0008, % updates: 5.037%
INFO:root:-- EPOCH 22 (1.725 seconds):
INFO:root:COST >> 0.0331 +/- 0.0013, % updates: 4.867%
INFO:root:-- EPOCH 23 (1.579 seconds):
INFO:root:COST >> 0.0312 +/- 0.0012, % updates: 4.685%
INFO:root:-- EPOCH 24 (1.735 seconds):
INFO:root:COST >> 0.0303 +/- 0.0009, % updates: 4.528%
INFO:root:-- EPOCH 25 (1.641 seconds):
INFO:root:COST >> 0.0284 +/- 0.0011, % updates: 4.356%
INFO:root:-- EPOCH 26 (1.749 seconds):
INFO:root:COST >> 0.0282 +/- 0.0011, % updates: 4.316%
INFO:root:-- EPOCH 27 (1.904 seconds):
INFO:root:COST >> 0.0265 +/- 0.0012, % updates: 4.075%
INFO:root:-- EPOCH 28 (1.912 seconds):
INFO:root:COST >> 0.0259 +/- 0.001, % updates: 4.033%
INFO:root:-- EPOCH 29 (1.93 seconds):
INFO:root:COST >> 0.0253 +/- 0.0013, % updates: 3.891%
INFO:root:-- EPOCH 30 (1.893 seconds):
INFO:root:COST >> 0.024 +/- 0.0011, % updates: 3.779%
INFO:root:-- EPOCH 31 (1.714 seconds):
INFO:root:COST >> 0.0236 +/- 0.0007, % updates: 3.746%
INFO:root:-- EPOCH 32 (1.513 seconds):
INFO:root:COST >> 0.0227 +/- 0.0005, % updates: 3.588%
INFO:root:-- EPOCH 33 (1.551 seconds):
INFO:root:COST >> 0.0224 +/- 0.001, % updates: 3.545%
INFO:root:-- EPOCH 34 (1.478 seconds):
INFO:root:COST >> 0.0214 +/- 0.0013, % updates: 3.399%
INFO:root:-- EPOCH 35 (1.497 seconds):
INFO:root:COST >> 0.0209 +/- 0.0007, % updates: 3.323%
INFO:root:-- EPOCH 36 (1.469 seconds):
INFO:root:COST >> 0.0206 +/- 0.0012, % updates: 3.258%
INFO:root:-- EPOCH 37 (1.513 seconds):
INFO:root:COST >> 0.0201 +/- 0.0008, % updates: 3.209%
INFO:root:-- EPOCH 38 (1.534 seconds):
INFO:root:COST >> 0.0195 +/- 0.0009, % updates: 3.089%
INFO:root:-- EPOCH 39 (1.517 seconds):
INFO:root:COST >> 0.0191 +/- 0.0008, % updates: 3.093%
INFO:root:-- EPOCH 40 (1.482 seconds):
INFO:root:COST >> 0.0183 +/- 0.0008, % updates: 2.999%
INFO:root:-- EPOCH 41 (1.538 seconds):
INFO:root:COST >> 0.0181 +/- 0.0006, % updates: 2.928%
INFO:root:-- EPOCH 42 (1.845 seconds):
INFO:root:COST >> 0.0177 +/- 0.0007, % updates: 2.849%
INFO:root:-- EPOCH 43 (1.78 seconds):
INFO:root:COST >> 0.0178 +/- 0.0008, % updates: 2.881%
INFO:root:-- EPOCH 44 (1.578 seconds):
INFO:root:COST >> 0.0172 +/- 0.0007, % updates: 2.795%
INFO:root:-- EPOCH 45 (1.72 seconds):
INFO:root:COST >> 0.0166 +/- 0.0007, % updates: 2.735%
INFO:root:-- EPOCH 46 (1.632 seconds):
INFO:root:COST >> 0.0163 +/- 0.0007, % updates: 2.68%
INFO:root:-- EPOCH 47 (1.487 seconds):
INFO:root:COST >> 0.016 +/- 0.0006, % updates: 2.686%
INFO:root:-- EPOCH 48 (1.488 seconds):
INFO:root:COST >> 0.0161 +/- 0.0007, % updates: 2.628%
INFO:root:-- EPOCH 49 (1.483 seconds):
INFO:root:COST >> 0.0153 +/- 0.0007, % updates: 2.493%
INFO:root:-- EPOCH 50 (1.473 seconds):
INFO:root:COST >> 0.0149 +/- 0.0008, % updates: 2.542%
INFO:root:-- EPOCH 51 (1.5 seconds):
INFO:root:COST >> 0.0148 +/- 0.0006, % updates: 2.487%
INFO:root:-- EPOCH 52 (1.477 seconds):
INFO:root:COST >> 0.0144 +/- 0.0006, % updates: 2.422%
INFO:root:-- EPOCH 53 (1.49 seconds):
INFO:root:COST >> 0.0143 +/- 0.0008, % updates: 2.391%
INFO:root:-- EPOCH 54 (1.452 seconds):
INFO:root:COST >> 0.0139 +/- 0.0007, % updates: 2.311%
INFO:root:-- EPOCH 55 (1.502 seconds):
INFO:root:COST >> 0.0138 +/- 0.0006, % updates: 2.3%
INFO:root:-- EPOCH 56 (1.522 seconds):
INFO:root:COST >> 0.0135 +/- 0.0008, % updates: 2.286%
INFO:root:-- EPOCH 57 (1.528 seconds):
INFO:root:COST >> 0.0135 +/- 0.0005, % updates: 2.282%
INFO:root:-- EPOCH 58 (1.507 seconds):
INFO:root:COST >> 0.0137 +/- 0.0009, % updates: 2.251%
INFO:root:-- EPOCH 59 (1.499 seconds):
INFO:root:COST >> 0.0134 +/- 0.0007, % updates: 2.188%
INFO:root:-- EPOCH 60 (1.506 seconds):
INFO:root:COST >> 0.0126 +/- 0.0008, % updates: 2.195%
INFO:root:-- EPOCH 61 (1.844 seconds):
INFO:root:COST >> 0.0126 +/- 0.0005, % updates: 2.155%
INFO:root:-- EPOCH 62 (2.488 seconds):
INFO:root:COST >> 0.0126 +/- 0.0008, % updates: 2.118%
INFO:root:-- EPOCH 63 (1.739 seconds):
INFO:root:COST >> 0.0128 +/- 0.0004, % updates: 2.101%
INFO:root:-- EPOCH 64 (1.68 seconds):
INFO:root:COST >> 0.0125 +/- 0.001, % updates: 2.056%
INFO:root:-- EPOCH 65 (1.62 seconds):
INFO:root:COST >> 0.0122 +/- 0.0007, % updates: 2.05%
INFO:root:-- EPOCH 66 (1.551 seconds):
INFO:root:COST >> 0.012 +/- 0.0007, % updates: 2.007%
INFO:root:-- EPOCH 67 (1.704 seconds):
INFO:root:COST >> 0.0121 +/- 0.0007, % updates: 2.054%
INFO:root:-- EPOCH 68 (1.849 seconds):
INFO:root:COST >> 0.0122 +/- 0.0006, % updates: 1.997%
INFO:root:-- EPOCH 69 (1.588 seconds):
INFO:root:COST >> 0.0112 +/- 0.0006, % updates: 1.949%
INFO:root:-- EPOCH 70 (1.609 seconds):
INFO:root:COST >> 0.0112 +/- 0.0003, % updates: 1.924%
INFO:root:-- EPOCH 71 (1.557 seconds):
INFO:root:COST >> 0.0113 +/- 0.0006, % updates: 1.921%
INFO:root:-- EPOCH 72 (1.566 seconds):
INFO:root:COST >> 0.0114 +/- 0.0005, % updates: 1.932%
INFO:root:-- EPOCH 73 (1.511 seconds):
INFO:root:COST >> 0.011 +/- 0.0005, % updates: 1.889%
INFO:root:-- EPOCH 74 (1.493 seconds):
INFO:root:COST >> 0.011 +/- 0.0005, % updates: 1.887%
INFO:root:-- EPOCH 75 (1.468 seconds):
INFO:root:COST >> 0.0107 +/- 0.0007, % updates: 1.853%
INFO:root:-- EPOCH 76 (1.493 seconds):
INFO:root:COST >> 0.011 +/- 0.0007, % updates: 1.882%
INFO:root:-- EPOCH 77 (1.517 seconds):
INFO:root:COST >> 0.0109 +/- 0.0005, % updates: 1.875%
INFO:root:-- EPOCH 78 (1.514 seconds):
INFO:root:COST >> 0.0108 +/- 0.0005, % updates: 1.808%
INFO:root:-- EPOCH 79 (1.558 seconds):
INFO:root:COST >> 0.0103 +/- 0.0007, % updates: 1.766%
INFO:root:-- EPOCH 80 (1.569 seconds):
INFO:root:COST >> 0.0102 +/- 0.0005, % updates: 1.773%
INFO:root:-- EPOCH 81 (1.532 seconds):
INFO:root:COST >> 0.0097 +/- 0.0005, % updates: 1.735%
INFO:root:-- EPOCH 82 (1.545 seconds):
INFO:root:COST >> 0.0099 +/- 0.0007, % updates: 1.69%
INFO:root:-- EPOCH 83 (1.604 seconds):
INFO:root:COST >> 0.0101 +/- 0.0006, % updates: 1.746%
INFO:root:-- EPOCH 84 (1.597 seconds):
INFO:root:COST >> 0.01 +/- 0.0007, % updates: 1.664%
INFO:root:-- EPOCH 85 (1.654 seconds):
INFO:root:COST >> 0.0099 +/- 0.0006, % updates: 1.679%
INFO:root:-- EPOCH 86 (2.075 seconds):
INFO:root:COST >> 0.0098 +/- 0.0006, % updates: 1.725%
INFO:root:-- EPOCH 87 (2.022 seconds):
INFO:root:COST >> 0.0095 +/- 0.0006, % updates: 1.629%
INFO:root:-- EPOCH 88 (2.134 seconds):
INFO:root:COST >> 0.0092 +/- 0.0002, % updates: 1.596%
INFO:root:-- EPOCH 89 (2.216 seconds):
INFO:root:COST >> 0.0091 +/- 0.0005, % updates: 1.621%
INFO:root:-- EPOCH 90 (1.709 seconds):
INFO:root:COST >> 0.0093 +/- 0.0005, % updates: 1.593%
INFO:root:-- EPOCH 91 (1.721 seconds):
INFO:root:COST >> 0.0092 +/- 0.0004, % updates: 1.579%
INFO:root:-- EPOCH 92 (1.558 seconds):
INFO:root:COST >> 0.0089 +/- 0.0005, % updates: 1.543%
INFO:root:-- EPOCH 93 (1.567 seconds):
INFO:root:COST >> 0.0088 +/- 0.0004, % updates: 1.537%
INFO:root:-- EPOCH 94 (1.816 seconds):
INFO:root:COST >> 0.0088 +/- 0.0005, % updates: 1.535%
INFO:root:-- EPOCH 95 (1.712 seconds):
INFO:root:COST >> 0.0088 +/- 0.0008, % updates: 1.505%
INFO:root:-- EPOCH 96 (1.715 seconds):
INFO:root:COST >> 0.0091 +/- 0.0006, % updates: 1.577%
INFO:root:-- EPOCH 97 (1.499 seconds):
INFO:root:COST >> 0.0089 +/- 0.0006, % updates: 1.551%
INFO:root:-- EPOCH 98 (1.531 seconds):
INFO:root:COST >> 0.0086 +/- 0.0004, % updates: 1.517%
INFO:root:-- EPOCH 99 (1.509 seconds):
INFO:root:COST >> 0.0088 +/- 0.0005, % updates: 1.504%
INFO:root:-- EPOCH 100 (1.516 seconds):
INFO:root:COST >> 0.0087 +/- 0.0005, % updates: 1.5%
