INFO:root:Shape for training set: (40961, 141442)
INFO:root:State: {'ndim': '20', 'test_all': 'None', 'test_path': 'None', 'nhid': '50', 'lremb': '1.0', 'seed': '0', 'simfn': 'L1', 'valid_path': 'None', 'nbatches': '10', 'lrparam': '1.0', 'decay': '0.999', 'show_hinton_diagrams': 'False', 'no_rescaling': 'True', 'Nrel': '18', 'ranking_score_right': 'False', 'Nent': '40961', 'Nsyn': '40943', 'method': 'ADADELTA', 'loss_margin': '1.0', 'C': '1.0', 'epsilon': '1e-06', 'use_db': 'True', 'max_lr': 'None', 'l1_param_weight': 'None', 'filtered': 'False', 'name': 'wn_opt/wn_ADADELTA_10', 'totepochs': '100', 'l2_param_weight': 'None', 'train_path': 'data/wn/WN-train.pkl', 'op': 'TransE'}
INFO:root:Starting the Experiment ..
INFO:root:-- EPOCH 1 (1.567 seconds):
INFO:root:COST >> 1.936 +/- 0.1996, % updates: 77.362%
INFO:root:-- EPOCH 2 (1.465 seconds):
INFO:root:COST >> 1.0065 +/- 0.0833, % updates: 55.743%
INFO:root:-- EPOCH 3 (1.26 seconds):
INFO:root:COST >> 0.5617 +/- 0.0205, % updates: 39.544%
INFO:root:-- EPOCH 4 (1.273 seconds):
INFO:root:COST >> 0.3669 +/- 0.0081, % updates: 30.063%
INFO:root:-- EPOCH 5 (1.322 seconds):
INFO:root:COST >> 0.2582 +/- 0.0047, % updates: 23.515%
INFO:root:-- EPOCH 6 (1.679 seconds):
INFO:root:COST >> 0.1936 +/- 0.0044, % updates: 19.305%
INFO:root:-- EPOCH 7 (1.552 seconds):
INFO:root:COST >> 0.1532 +/- 0.0029, % updates: 16.283%
INFO:root:-- EPOCH 8 (1.565 seconds):
INFO:root:COST >> 0.1245 +/- 0.0042, % updates: 14.028%
INFO:root:-- EPOCH 9 (1.587 seconds):
INFO:root:COST >> 0.1058 +/- 0.0025, % updates: 12.312%
INFO:root:-- EPOCH 10 (1.587 seconds):
INFO:root:COST >> 0.0922 +/- 0.0032, % updates: 11.13%
INFO:root:-- EPOCH 11 (1.524 seconds):
INFO:root:COST >> 0.078 +/- 0.0018, % updates: 9.82%
INFO:root:-- EPOCH 12 (1.573 seconds):
INFO:root:COST >> 0.0703 +/- 0.0021, % updates: 8.976%
INFO:root:-- EPOCH 13 (1.531 seconds):
INFO:root:COST >> 0.063 +/- 0.0024, % updates: 8.275%
INFO:root:-- EPOCH 14 (1.529 seconds):
INFO:root:COST >> 0.0563 +/- 0.0018, % updates: 7.556%
INFO:root:-- EPOCH 15 (1.538 seconds):
INFO:root:COST >> 0.0523 +/- 0.0012, % updates: 7.105%
INFO:root:-- EPOCH 16 (1.521 seconds):
INFO:root:COST >> 0.0478 +/- 0.0016, % updates: 6.645%
INFO:root:-- EPOCH 17 (1.515 seconds):
INFO:root:COST >> 0.0446 +/- 0.0018, % updates: 6.295%
INFO:root:-- EPOCH 18 (1.575 seconds):
INFO:root:COST >> 0.0421 +/- 0.0016, % updates: 5.959%
INFO:root:-- EPOCH 19 (1.562 seconds):
INFO:root:COST >> 0.0392 +/- 0.0013, % updates: 5.613%
INFO:root:-- EPOCH 20 (1.559 seconds):
INFO:root:COST >> 0.0369 +/- 0.0014, % updates: 5.37%
INFO:root:-- EPOCH 21 (1.552 seconds):
INFO:root:COST >> 0.0351 +/- 0.001, % updates: 5.126%
INFO:root:-- EPOCH 22 (1.548 seconds):
INFO:root:COST >> 0.0331 +/- 0.0017, % updates: 4.855%
INFO:root:-- EPOCH 23 (1.562 seconds):
INFO:root:COST >> 0.0316 +/- 0.0012, % updates: 4.679%
INFO:root:-- EPOCH 24 (1.556 seconds):
INFO:root:COST >> 0.0299 +/- 0.0011, % updates: 4.412%
INFO:root:-- EPOCH 25 (1.708 seconds):
INFO:root:COST >> 0.0286 +/- 0.001, % updates: 4.3%
INFO:root:-- EPOCH 26 (1.558 seconds):
INFO:root:COST >> 0.0273 +/- 0.001, % updates: 4.161%
INFO:root:-- EPOCH 27 (1.569 seconds):
INFO:root:COST >> 0.0256 +/- 0.0012, % updates: 3.9%
INFO:root:-- EPOCH 28 (1.54 seconds):
INFO:root:COST >> 0.0253 +/- 0.001, % updates: 3.838%
INFO:root:-- EPOCH 29 (1.52 seconds):
INFO:root:COST >> 0.0234 +/- 0.0012, % updates: 3.709%
INFO:root:-- EPOCH 30 (1.525 seconds):
INFO:root:COST >> 0.0233 +/- 0.001, % updates: 3.602%
INFO:root:-- EPOCH 31 (1.53 seconds):
INFO:root:COST >> 0.0224 +/- 0.001, % updates: 3.521%
INFO:root:-- EPOCH 32 (1.561 seconds):
INFO:root:COST >> 0.0218 +/- 0.001, % updates: 3.421%
INFO:root:-- EPOCH 33 (1.538 seconds):
INFO:root:COST >> 0.0211 +/- 0.0007, % updates: 3.31%
INFO:root:-- EPOCH 34 (1.535 seconds):
INFO:root:COST >> 0.0202 +/- 0.0009, % updates: 3.234%
INFO:root:-- EPOCH 35 (1.529 seconds):
INFO:root:COST >> 0.0195 +/- 0.0008, % updates: 3.077%
INFO:root:-- EPOCH 36 (1.509 seconds):
INFO:root:COST >> 0.019 +/- 0.0006, % updates: 3.059%
INFO:root:-- EPOCH 37 (1.53 seconds):
INFO:root:COST >> 0.0187 +/- 0.001, % updates: 3.023%
INFO:root:-- EPOCH 38 (1.539 seconds):
INFO:root:COST >> 0.018 +/- 0.001, % updates: 2.882%
INFO:root:-- EPOCH 39 (1.543 seconds):
INFO:root:COST >> 0.0173 +/- 0.0008, % updates: 2.77%
INFO:root:-- EPOCH 40 (1.514 seconds):
INFO:root:COST >> 0.0173 +/- 0.0012, % updates: 2.776%
INFO:root:-- EPOCH 41 (1.56 seconds):
INFO:root:COST >> 0.017 +/- 0.0007, % updates: 2.778%
INFO:root:-- EPOCH 42 (1.539 seconds):
INFO:root:COST >> 0.0164 +/- 0.0009, % updates: 2.676%
INFO:root:-- EPOCH 43 (1.573 seconds):
INFO:root:COST >> 0.0164 +/- 0.0008, % updates: 2.583%
INFO:root:-- EPOCH 44 (1.555 seconds):
INFO:root:COST >> 0.0159 +/- 0.0008, % updates: 2.569%
INFO:root:-- EPOCH 45 (1.568 seconds):
INFO:root:COST >> 0.0154 +/- 0.0009, % updates: 2.557%
INFO:root:-- EPOCH 46 (1.946 seconds):
INFO:root:COST >> 0.0153 +/- 0.0014, % updates: 2.523%
INFO:root:-- EPOCH 47 (1.515 seconds):
INFO:root:COST >> 0.0144 +/- 0.0009, % updates: 2.379%
INFO:root:-- EPOCH 48 (1.571 seconds):
INFO:root:COST >> 0.0145 +/- 0.0008, % updates: 2.35%
INFO:root:-- EPOCH 49 (1.577 seconds):
INFO:root:COST >> 0.0144 +/- 0.0009, % updates: 2.401%
INFO:root:-- EPOCH 50 (1.561 seconds):
INFO:root:COST >> 0.0137 +/- 0.0009, % updates: 2.288%
INFO:root:-- EPOCH 51 (1.573 seconds):
INFO:root:COST >> 0.0136 +/- 0.0009, % updates: 2.285%
INFO:root:-- EPOCH 52 (1.544 seconds):
INFO:root:COST >> 0.0141 +/- 0.0008, % updates: 2.245%
INFO:root:-- EPOCH 53 (1.548 seconds):
INFO:root:COST >> 0.0134 +/- 0.0006, % updates: 2.2%
INFO:root:-- EPOCH 54 (1.542 seconds):
INFO:root:COST >> 0.0135 +/- 0.0004, % updates: 2.198%
INFO:root:-- EPOCH 55 (1.578 seconds):
INFO:root:COST >> 0.0129 +/- 0.0006, % updates: 2.143%
INFO:root:-- EPOCH 56 (1.542 seconds):
INFO:root:COST >> 0.0128 +/- 0.0004, % updates: 2.128%
INFO:root:-- EPOCH 57 (1.566 seconds):
INFO:root:COST >> 0.0123 +/- 0.0006, % updates: 2.058%
INFO:root:-- EPOCH 58 (1.54 seconds):
INFO:root:COST >> 0.0123 +/- 0.0007, % updates: 2.045%
INFO:root:-- EPOCH 59 (1.575 seconds):
INFO:root:COST >> 0.0118 +/- 0.0007, % updates: 1.948%
INFO:root:-- EPOCH 60 (1.581 seconds):
INFO:root:COST >> 0.012 +/- 0.0007, % updates: 1.998%
INFO:root:-- EPOCH 61 (1.549 seconds):
INFO:root:COST >> 0.0119 +/- 0.0006, % updates: 1.993%
INFO:root:-- EPOCH 62 (1.567 seconds):
INFO:root:COST >> 0.0118 +/- 0.0007, % updates: 1.932%
INFO:root:-- EPOCH 63 (1.615 seconds):
INFO:root:COST >> 0.0116 +/- 0.0007, % updates: 1.937%
INFO:root:-- EPOCH 64 (1.545 seconds):
INFO:root:COST >> 0.0109 +/- 0.0008, % updates: 1.833%
INFO:root:-- EPOCH 65 (1.778 seconds):
INFO:root:COST >> 0.0115 +/- 0.0007, % updates: 1.888%
INFO:root:-- EPOCH 66 (1.542 seconds):
INFO:root:COST >> 0.0108 +/- 0.0005, % updates: 1.833%
INFO:root:-- EPOCH 67 (1.577 seconds):
INFO:root:COST >> 0.0109 +/- 0.0007, % updates: 1.823%
INFO:root:-- EPOCH 68 (1.528 seconds):
INFO:root:COST >> 0.011 +/- 0.0006, % updates: 1.822%
INFO:root:-- EPOCH 69 (1.575 seconds):
INFO:root:COST >> 0.0104 +/- 0.0005, % updates: 1.732%
INFO:root:-- EPOCH 70 (1.548 seconds):
INFO:root:COST >> 0.0102 +/- 0.0006, % updates: 1.743%
INFO:root:-- EPOCH 71 (1.523 seconds):
INFO:root:COST >> 0.0102 +/- 0.0005, % updates: 1.757%
INFO:root:-- EPOCH 72 (1.515 seconds):
INFO:root:COST >> 0.0101 +/- 0.0004, % updates: 1.673%
INFO:root:-- EPOCH 73 (1.561 seconds):
INFO:root:COST >> 0.0102 +/- 0.0006, % updates: 1.697%
INFO:root:-- EPOCH 74 (1.549 seconds):
INFO:root:COST >> 0.0098 +/- 0.0006, % updates: 1.667%
INFO:root:-- EPOCH 75 (1.673 seconds):
INFO:root:COST >> 0.01 +/- 0.0007, % updates: 1.659%
INFO:root:-- EPOCH 76 (1.622 seconds):
INFO:root:COST >> 0.0096 +/- 0.0005, % updates: 1.625%
INFO:root:-- EPOCH 77 (1.706 seconds):
INFO:root:COST >> 0.0097 +/- 0.0004, % updates: 1.614%
INFO:root:-- EPOCH 78 (2.038 seconds):
INFO:root:COST >> 0.0092 +/- 0.0007, % updates: 1.586%
INFO:root:-- EPOCH 79 (1.929 seconds):
INFO:root:COST >> 0.0093 +/- 0.0008, % updates: 1.597%
INFO:root:-- EPOCH 80 (2.001 seconds):
INFO:root:COST >> 0.009 +/- 0.0006, % updates: 1.546%
INFO:root:-- EPOCH 81 (1.896 seconds):
INFO:root:COST >> 0.0094 +/- 0.0006, % updates: 1.584%
INFO:root:-- EPOCH 82 (1.945 seconds):
INFO:root:COST >> 0.0092 +/- 0.0005, % updates: 1.548%
INFO:root:-- EPOCH 83 (1.725 seconds):
INFO:root:COST >> 0.0087 +/- 0.0004, % updates: 1.472%
INFO:root:-- EPOCH 84 (2.058 seconds):
INFO:root:COST >> 0.0092 +/- 0.0005, % updates: 1.512%
INFO:root:-- EPOCH 85 (1.912 seconds):
INFO:root:COST >> 0.0084 +/- 0.0005, % updates: 1.454%
INFO:root:-- EPOCH 86 (1.741 seconds):
INFO:root:COST >> 0.0086 +/- 0.0009, % updates: 1.478%
INFO:root:-- EPOCH 87 (1.761 seconds):
INFO:root:COST >> 0.0087 +/- 0.0004, % updates: 1.486%
INFO:root:-- EPOCH 88 (1.814 seconds):
INFO:root:COST >> 0.0086 +/- 0.0005, % updates: 1.497%
INFO:root:-- EPOCH 89 (1.876 seconds):
INFO:root:COST >> 0.0087 +/- 0.0005, % updates: 1.442%
INFO:root:-- EPOCH 90 (1.783 seconds):
INFO:root:COST >> 0.0084 +/- 0.0006, % updates: 1.456%
INFO:root:-- EPOCH 91 (1.653 seconds):
INFO:root:COST >> 0.0083 +/- 0.0005, % updates: 1.41%
INFO:root:-- EPOCH 92 (1.663 seconds):
INFO:root:COST >> 0.0079 +/- 0.0004, % updates: 1.356%
INFO:root:-- EPOCH 93 (1.629 seconds):
INFO:root:COST >> 0.0083 +/- 0.0003, % updates: 1.38%
INFO:root:-- EPOCH 94 (1.625 seconds):
INFO:root:COST >> 0.0082 +/- 0.0004, % updates: 1.407%
INFO:root:-- EPOCH 95 (1.686 seconds):
INFO:root:COST >> 0.0078 +/- 0.0003, % updates: 1.371%
INFO:root:-- EPOCH 96 (1.624 seconds):
INFO:root:COST >> 0.0082 +/- 0.0005, % updates: 1.388%
INFO:root:-- EPOCH 97 (1.678 seconds):
INFO:root:COST >> 0.0081 +/- 0.0005, % updates: 1.352%
INFO:root:-- EPOCH 98 (1.622 seconds):
INFO:root:COST >> 0.0081 +/- 0.0007, % updates: 1.39%
INFO:root:-- EPOCH 99 (1.679 seconds):
INFO:root:COST >> 0.0076 +/- 0.0006, % updates: 1.318%
INFO:root:-- EPOCH 100 (1.761 seconds):
INFO:root:COST >> 0.0074 +/- 0.0005, % updates: 1.318%
