INFO:root:Shape for training set: (40961, 141442)
INFO:root:State: {'ndim': '20', 'test_all': 'None', 'test_path': 'None', 'nhid': '50', 'lremb': '1.0', 'seed': '4', 'simfn': 'L1', 'valid_path': 'None', 'nbatches': '10', 'lrparam': '1.0', 'decay': '0.9', 'show_hinton_diagrams': 'False', 'no_rescaling': 'True', 'Nrel': '18', 'ranking_score_right': 'False', 'Nent': '40961', 'Nsyn': '40943', 'method': 'ADADELTA', 'loss_margin': '1.0', 'C': '1.0', 'epsilon': '0.001', 'use_db': 'True', 'max_lr': 'None', 'l1_param_weight': 'None', 'filtered': 'False', 'name': 'wn_opt/wn_ADADELTA_84', 'totepochs': '100', 'l2_param_weight': 'None', 'train_path': 'data/wn/WN-train.pkl', 'op': 'TransE'}
INFO:root:Starting the Experiment ..
INFO:root:-- EPOCH 1 (1.456 seconds):
INFO:root:COST >> 1.6303 +/- 0.3528, % updates: 69.178%
INFO:root:-- EPOCH 2 (1.485 seconds):
INFO:root:COST >> 0.6701 +/- 0.0316, % updates: 41.675%
INFO:root:-- EPOCH 3 (2.39 seconds):
INFO:root:COST >> 0.3999 +/- 0.0099, % updates: 29.858%
INFO:root:-- EPOCH 4 (2.468 seconds):
INFO:root:COST >> 0.271 +/- 0.0086, % updates: 22.711%
INFO:root:-- EPOCH 5 (2.247 seconds):
INFO:root:COST >> 0.1986 +/- 0.0069, % updates: 18.146%
INFO:root:-- EPOCH 6 (1.815 seconds):
INFO:root:COST >> 0.1535 +/- 0.0072, % updates: 15.095%
INFO:root:-- EPOCH 7 (2.177 seconds):
INFO:root:COST >> 0.1307 +/- 0.01, % updates: 13.265%
INFO:root:-- EPOCH 8 (2.185 seconds):
INFO:root:COST >> 0.1185 +/- 0.0093, % updates: 12.317%
INFO:root:-- EPOCH 9 (1.942 seconds):
INFO:root:COST >> 0.1106 +/- 0.0079, % updates: 11.67%
INFO:root:-- EPOCH 10 (1.598 seconds):
INFO:root:COST >> 0.1077 +/- 0.009, % updates: 11.441%
INFO:root:-- EPOCH 11 (1.564 seconds):
INFO:root:COST >> 0.1045 +/- 0.0091, % updates: 11.088%
INFO:root:-- EPOCH 12 (1.677 seconds):
INFO:root:COST >> 0.1047 +/- 0.0128, % updates: 11.062%
INFO:root:-- EPOCH 13 (2.037 seconds):
INFO:root:COST >> 0.1053 +/- 0.0085, % updates: 11.081%
INFO:root:-- EPOCH 14 (1.986 seconds):
INFO:root:COST >> 0.0992 +/- 0.0057, % updates: 10.633%
INFO:root:-- EPOCH 15 (1.964 seconds):
INFO:root:COST >> 0.0937 +/- 0.009, % updates: 10.17%
INFO:root:-- EPOCH 16 (1.534 seconds):
INFO:root:COST >> 0.0916 +/- 0.0068, % updates: 10.083%
INFO:root:-- EPOCH 17 (1.54 seconds):
INFO:root:COST >> 0.0905 +/- 0.0081, % updates: 9.79%
INFO:root:-- EPOCH 18 (1.541 seconds):
INFO:root:COST >> 0.0871 +/- 0.0064, % updates: 9.552%
INFO:root:-- EPOCH 19 (1.537 seconds):
INFO:root:COST >> 0.0855 +/- 0.0073, % updates: 9.402%
INFO:root:-- EPOCH 20 (1.536 seconds):
INFO:root:COST >> 0.0852 +/- 0.0061, % updates: 9.348%
INFO:root:-- EPOCH 21 (1.552 seconds):
INFO:root:COST >> 0.0857 +/- 0.0058, % updates: 9.44%
INFO:root:-- EPOCH 22 (1.54 seconds):
INFO:root:COST >> 0.0866 +/- 0.007, % updates: 9.461%
INFO:root:-- EPOCH 23 (1.523 seconds):
INFO:root:COST >> 0.0876 +/- 0.0071, % updates: 9.485%
INFO:root:-- EPOCH 24 (1.52 seconds):
INFO:root:COST >> 0.2143 +/- 0.122, % updates: 16.31%
INFO:root:-- EPOCH 25 (1.557 seconds):
INFO:root:COST >> 0.1216 +/- 0.0122, % updates: 12.208%
INFO:root:-- EPOCH 26 (1.568 seconds):
INFO:root:COST >> 0.0823 +/- 0.0032, % updates: 9.089%
INFO:root:-- EPOCH 27 (1.568 seconds):
INFO:root:COST >> 0.0698 +/- 0.0042, % updates: 7.951%
INFO:root:-- EPOCH 28 (1.531 seconds):
INFO:root:COST >> 0.0667 +/- 0.0027, % updates: 7.554%
INFO:root:-- EPOCH 29 (1.568 seconds):
INFO:root:COST >> 0.063 +/- 0.0054, % updates: 7.286%
INFO:root:-- EPOCH 30 (1.559 seconds):
INFO:root:COST >> 0.0637 +/- 0.0055, % updates: 7.393%
INFO:root:-- EPOCH 31 (1.514 seconds):
INFO:root:COST >> 0.0631 +/- 0.0066, % updates: 7.358%
INFO:root:-- EPOCH 32 (1.57 seconds):
INFO:root:COST >> 0.0664 +/- 0.0065, % updates: 7.638%
INFO:root:-- EPOCH 33 (1.537 seconds):
INFO:root:COST >> 0.0697 +/- 0.0046, % updates: 7.951%
INFO:root:-- EPOCH 34 (1.553 seconds):
INFO:root:COST >> 0.0694 +/- 0.0048, % updates: 7.904%
INFO:root:-- EPOCH 35 (1.529 seconds):
INFO:root:COST >> 0.0684 +/- 0.0062, % updates: 7.76%
INFO:root:-- EPOCH 36 (1.546 seconds):
INFO:root:COST >> 0.0692 +/- 0.0056, % updates: 7.851%
INFO:root:-- EPOCH 37 (1.546 seconds):
INFO:root:COST >> 0.0755 +/- 0.0109, % updates: 8.411%
INFO:root:-- EPOCH 38 (1.544 seconds):
INFO:root:COST >> 0.2382 +/- 0.1156, % updates: 17.752%
INFO:root:-- EPOCH 39 (1.557 seconds):
INFO:root:COST >> 0.1965 +/- 0.0126, % updates: 15.736%
INFO:root:-- EPOCH 40 (1.577 seconds):
INFO:root:COST >> 0.1457 +/- 0.0226, % updates: 13.162%
INFO:root:-- EPOCH 41 (1.57 seconds):
INFO:root:COST >> 0.0734 +/- 0.0016, % updates: 8.223%
INFO:root:-- EPOCH 42 (1.55 seconds):
INFO:root:COST >> 0.063 +/- 0.0028, % updates: 7.206%
INFO:root:-- EPOCH 43 (1.544 seconds):
INFO:root:COST >> 0.0597 +/- 0.0053, % updates: 6.929%
INFO:root:-- EPOCH 44 (1.549 seconds):
INFO:root:COST >> 0.0581 +/- 0.0042, % updates: 6.741%
INFO:root:-- EPOCH 45 (1.53 seconds):
INFO:root:COST >> 0.0602 +/- 0.0048, % updates: 6.925%
INFO:root:-- EPOCH 46 (1.568 seconds):
INFO:root:COST >> 0.0582 +/- 0.0037, % updates: 6.831%
INFO:root:-- EPOCH 47 (1.577 seconds):
INFO:root:COST >> 0.0584 +/- 0.0057, % updates: 6.84%
INFO:root:-- EPOCH 48 (1.588 seconds):
INFO:root:COST >> 0.0611 +/- 0.0054, % updates: 7.015%
INFO:root:-- EPOCH 49 (1.533 seconds):
INFO:root:COST >> 0.0623 +/- 0.0045, % updates: 7.198%
INFO:root:-- EPOCH 50 (1.549 seconds):
INFO:root:COST >> 0.0753 +/- 0.0107, % updates: 8.322%
INFO:root:-- EPOCH 51 (1.578 seconds):
INFO:root:COST >> 0.3085 +/- 0.1534, % updates: 20.916%
INFO:root:-- EPOCH 52 (1.537 seconds):
INFO:root:COST >> 0.1823 +/- 0.0197, % updates: 15.047%
INFO:root:-- EPOCH 53 (1.535 seconds):
INFO:root:COST >> 0.1016 +/- 0.0207, % updates: 10.364%
INFO:root:-- EPOCH 54 (1.562 seconds):
INFO:root:COST >> 0.0649 +/- 0.002, % updates: 7.441%
INFO:root:-- EPOCH 55 (1.527 seconds):
INFO:root:COST >> 0.0596 +/- 0.0039, % updates: 6.932%
INFO:root:-- EPOCH 56 (1.532 seconds):
INFO:root:COST >> 0.056 +/- 0.0036, % updates: 6.545%
INFO:root:-- EPOCH 57 (1.556 seconds):
INFO:root:COST >> 0.0533 +/- 0.0039, % updates: 6.36%
INFO:root:-- EPOCH 58 (1.56 seconds):
INFO:root:COST >> 0.0547 +/- 0.0047, % updates: 6.428%
INFO:root:-- EPOCH 59 (1.585 seconds):
INFO:root:COST >> 0.0559 +/- 0.0047, % updates: 6.517%
INFO:root:-- EPOCH 60 (1.571 seconds):
INFO:root:COST >> 0.0554 +/- 0.0042, % updates: 6.461%
INFO:root:-- EPOCH 61 (1.532 seconds):
INFO:root:COST >> 0.0571 +/- 0.0063, % updates: 6.675%
INFO:root:-- EPOCH 62 (1.535 seconds):
INFO:root:COST >> 0.0639 +/- 0.0042, % updates: 7.225%
INFO:root:-- EPOCH 63 (1.533 seconds):
INFO:root:COST >> 0.0634 +/- 0.004, % updates: 7.196%
INFO:root:-- EPOCH 64 (1.569 seconds):
INFO:root:COST >> 0.0597 +/- 0.0039, % updates: 6.88%
INFO:root:-- EPOCH 65 (1.552 seconds):
INFO:root:COST >> 0.0611 +/- 0.0049, % updates: 6.995%
INFO:root:-- EPOCH 66 (1.561 seconds):
INFO:root:COST >> 0.0688 +/- 0.007, % updates: 7.716%
INFO:root:-- EPOCH 67 (1.572 seconds):
INFO:root:COST >> 0.1787 +/- 0.1608, % updates: 13.979%
INFO:root:-- EPOCH 68 (1.557 seconds):
INFO:root:COST >> 0.2971 +/- 0.1279, % updates: 20.748%
INFO:root:-- EPOCH 69 (1.553 seconds):
INFO:root:COST >> 0.1878 +/- 0.02, % updates: 15.063%
INFO:root:-- EPOCH 70 (1.557 seconds):
INFO:root:COST >> 0.0878 +/- 0.0144, % updates: 9.356%
INFO:root:-- EPOCH 71 (1.52 seconds):
INFO:root:COST >> 0.0617 +/- 0.0026, % updates: 7.09%
INFO:root:-- EPOCH 72 (1.542 seconds):
INFO:root:COST >> 0.0566 +/- 0.0033, % updates: 6.491%
INFO:root:-- EPOCH 73 (1.525 seconds):
INFO:root:COST >> 0.0547 +/- 0.0046, % updates: 6.282%
INFO:root:-- EPOCH 74 (1.526 seconds):
INFO:root:COST >> 0.0539 +/- 0.0042, % updates: 6.234%
INFO:root:-- EPOCH 75 (1.54 seconds):
INFO:root:COST >> 0.054 +/- 0.0052, % updates: 6.28%
INFO:root:-- EPOCH 76 (1.556 seconds):
INFO:root:COST >> 0.0552 +/- 0.0051, % updates: 6.446%
INFO:root:-- EPOCH 77 (1.53 seconds):
INFO:root:COST >> 0.0578 +/- 0.0038, % updates: 6.665%
INFO:root:-- EPOCH 78 (1.569 seconds):
INFO:root:COST >> 0.0569 +/- 0.0048, % updates: 6.597%
INFO:root:-- EPOCH 79 (1.563 seconds):
INFO:root:COST >> 0.0582 +/- 0.0047, % updates: 6.774%
INFO:root:-- EPOCH 80 (1.57 seconds):
INFO:root:COST >> 0.0611 +/- 0.0064, % updates: 7.039%
INFO:root:-- EPOCH 81 (1.53 seconds):
INFO:root:COST >> 0.1435 +/- 0.1231, % updates: 11.485%
INFO:root:-- EPOCH 82 (1.565 seconds):
INFO:root:COST >> 0.1962 +/- 0.0697, % updates: 15.624%
INFO:root:-- EPOCH 83 (1.566 seconds):
INFO:root:COST >> 0.1497 +/- 0.0214, % updates: 12.856%
INFO:root:-- EPOCH 84 (1.547 seconds):
INFO:root:COST >> 0.0686 +/- 0.0021, % updates: 7.823%
INFO:root:-- EPOCH 85 (1.584 seconds):
INFO:root:COST >> 0.0584 +/- 0.0027, % updates: 6.74%
INFO:root:-- EPOCH 86 (1.575 seconds):
INFO:root:COST >> 0.0526 +/- 0.0039, % updates: 6.207%
INFO:root:-- EPOCH 87 (1.573 seconds):
INFO:root:COST >> 0.0518 +/- 0.0028, % updates: 6.078%
INFO:root:-- EPOCH 88 (1.524 seconds):
INFO:root:COST >> 0.0526 +/- 0.0034, % updates: 6.147%
INFO:root:-- EPOCH 89 (1.517 seconds):
INFO:root:COST >> 0.0526 +/- 0.0046, % updates: 6.138%
INFO:root:-- EPOCH 90 (1.539 seconds):
INFO:root:COST >> 0.0536 +/- 0.0041, % updates: 6.263%
INFO:root:-- EPOCH 91 (1.538 seconds):
INFO:root:COST >> 0.0553 +/- 0.0056, % updates: 6.476%
INFO:root:-- EPOCH 92 (1.509 seconds):
INFO:root:COST >> 0.0593 +/- 0.0043, % updates: 6.898%
INFO:root:-- EPOCH 93 (1.536 seconds):
INFO:root:COST >> 0.0578 +/- 0.0054, % updates: 6.686%
INFO:root:-- EPOCH 94 (1.528 seconds):
INFO:root:COST >> 0.062 +/- 0.0064, % updates: 7.076%
INFO:root:-- EPOCH 95 (1.544 seconds):
INFO:root:COST >> 0.2457 +/- 0.141, % updates: 17.43%
INFO:root:-- EPOCH 96 (1.563 seconds):
INFO:root:COST >> 0.1755 +/- 0.01, % updates: 14.426%
INFO:root:-- EPOCH 97 (1.547 seconds):
INFO:root:COST >> 0.107 +/- 0.0247, % updates: 10.516%
INFO:root:-- EPOCH 98 (1.549 seconds):
INFO:root:COST >> 0.0612 +/- 0.002, % updates: 7.092%
INFO:root:-- EPOCH 99 (1.516 seconds):
INFO:root:COST >> 0.0549 +/- 0.0031, % updates: 6.433%
INFO:root:-- EPOCH 100 (1.563 seconds):
INFO:root:COST >> 0.0525 +/- 0.0043, % updates: 6.11%
