INFO:root:Shape for training set: (40961, 141442)
INFO:root:State: {'ndim': '20', 'test_all': 'None', 'test_path': 'None', 'nhid': '50', 'lremb': '1.0', 'seed': '1', 'simfn': 'L1', 'valid_path': 'None', 'nbatches': '10', 'lrparam': '1.0', 'decay': '0.99', 'show_hinton_diagrams': 'False', 'no_rescaling': 'True', 'Nrel': '18', 'ranking_score_right': 'False', 'Nent': '40961', 'Nsyn': '40943', 'method': 'ADADELTA', 'loss_margin': '1.0', 'C': '1.0', 'epsilon': '1e-06', 'use_db': 'True', 'max_lr': 'None', 'l1_param_weight': 'None', 'filtered': 'False', 'name': 'wn_opt/wn_ADADELTA_21', 'totepochs': '100', 'l2_param_weight': 'None', 'train_path': 'data/wn/WN-train.pkl', 'op': 'TransE'}
INFO:root:Starting the Experiment ..
INFO:root:-- EPOCH 1 (1.712 seconds):
INFO:root:COST >> 2.1302 +/- 0.0565, % updates: 80.7%
INFO:root:-- EPOCH 2 (1.629 seconds):
INFO:root:COST >> 1.7326 +/- 0.0517, % updates: 74.295%
INFO:root:-- EPOCH 3 (1.702 seconds):
INFO:root:COST >> 1.3782 +/- 0.0455, % updates: 66.729%
INFO:root:-- EPOCH 4 (1.787 seconds):
INFO:root:COST >> 1.0843 +/- 0.0325, % updates: 59.019%
INFO:root:-- EPOCH 5 (1.864 seconds):
INFO:root:COST >> 0.8555 +/- 0.0231, % updates: 51.705%
INFO:root:-- EPOCH 6 (1.855 seconds):
INFO:root:COST >> 0.6923 +/- 0.0169, % updates: 45.531%
INFO:root:-- EPOCH 7 (1.723 seconds):
INFO:root:COST >> 0.5696 +/- 0.0094, % updates: 40.432%
INFO:root:-- EPOCH 8 (1.66 seconds):
INFO:root:COST >> 0.4802 +/- 0.0073, % updates: 36.409%
INFO:root:-- EPOCH 9 (1.685 seconds):
INFO:root:COST >> 0.4117 +/- 0.005, % updates: 32.802%
INFO:root:-- EPOCH 10 (1.643 seconds):
INFO:root:COST >> 0.3568 +/- 0.0052, % updates: 29.868%
INFO:root:-- EPOCH 11 (1.682 seconds):
INFO:root:COST >> 0.3157 +/- 0.0038, % updates: 27.537%
INFO:root:-- EPOCH 12 (1.643 seconds):
INFO:root:COST >> 0.2812 +/- 0.0034, % updates: 25.323%
INFO:root:-- EPOCH 13 (1.595 seconds):
INFO:root:COST >> 0.2494 +/- 0.0047, % updates: 23.412%
INFO:root:-- EPOCH 14 (1.585 seconds):
INFO:root:COST >> 0.2264 +/- 0.0045, % updates: 21.912%
INFO:root:-- EPOCH 15 (1.626 seconds):
INFO:root:COST >> 0.2041 +/- 0.0027, % updates: 20.335%
INFO:root:-- EPOCH 16 (1.798 seconds):
INFO:root:COST >> 0.1867 +/- 0.0022, % updates: 19.2%
INFO:root:-- EPOCH 17 (1.587 seconds):
INFO:root:COST >> 0.1716 +/- 0.0036, % updates: 17.906%
INFO:root:-- EPOCH 18 (1.883 seconds):
INFO:root:COST >> 0.1606 +/- 0.0036, % updates: 17.003%
INFO:root:-- EPOCH 19 (1.98 seconds):
INFO:root:COST >> 0.1466 +/- 0.0036, % updates: 16.045%
INFO:root:-- EPOCH 20 (1.718 seconds):
INFO:root:COST >> 0.1375 +/- 0.0027, % updates: 15.267%
INFO:root:-- EPOCH 21 (1.679 seconds):
INFO:root:COST >> 0.1298 +/- 0.0022, % updates: 14.552%
INFO:root:-- EPOCH 22 (1.799 seconds):
INFO:root:COST >> 0.1216 +/- 0.0044, % updates: 13.898%
INFO:root:-- EPOCH 23 (1.664 seconds):
INFO:root:COST >> 0.1127 +/- 0.002, % updates: 13.155%
INFO:root:-- EPOCH 24 (1.715 seconds):
INFO:root:COST >> 0.1073 +/- 0.0033, % updates: 12.646%
INFO:root:-- EPOCH 25 (1.688 seconds):
INFO:root:COST >> 0.1016 +/- 0.0017, % updates: 12.161%
INFO:root:-- EPOCH 26 (1.692 seconds):
INFO:root:COST >> 0.0951 +/- 0.0019, % updates: 11.561%
INFO:root:-- EPOCH 27 (1.679 seconds):
INFO:root:COST >> 0.0908 +/- 0.0017, % updates: 11.131%
INFO:root:-- EPOCH 28 (1.707 seconds):
INFO:root:COST >> 0.0874 +/- 0.0022, % updates: 10.812%
INFO:root:-- EPOCH 29 (1.711 seconds):
INFO:root:COST >> 0.0827 +/- 0.0014, % updates: 10.327%
INFO:root:-- EPOCH 30 (1.649 seconds):
INFO:root:COST >> 0.0788 +/- 0.0021, % updates: 9.942%
INFO:root:-- EPOCH 31 (1.646 seconds):
INFO:root:COST >> 0.0761 +/- 0.0023, % updates: 9.703%
INFO:root:-- EPOCH 32 (1.654 seconds):
INFO:root:COST >> 0.0728 +/- 0.0014, % updates: 9.404%
INFO:root:-- EPOCH 33 (1.694 seconds):
INFO:root:COST >> 0.0693 +/- 0.0015, % updates: 9.025%
INFO:root:-- EPOCH 34 (1.797 seconds):
INFO:root:COST >> 0.0672 +/- 0.0013, % updates: 8.794%
INFO:root:-- EPOCH 35 (1.737 seconds):
INFO:root:COST >> 0.0639 +/- 0.0028, % updates: 8.476%
INFO:root:-- EPOCH 36 (1.743 seconds):
INFO:root:COST >> 0.0616 +/- 0.0016, % updates: 8.235%
INFO:root:-- EPOCH 37 (1.713 seconds):
INFO:root:COST >> 0.0599 +/- 0.0023, % updates: 7.978%
INFO:root:-- EPOCH 38 (1.699 seconds):
INFO:root:COST >> 0.058 +/- 0.0012, % updates: 7.806%
INFO:root:-- EPOCH 39 (1.622 seconds):
INFO:root:COST >> 0.056 +/- 0.0016, % updates: 7.6%
INFO:root:-- EPOCH 40 (1.663 seconds):
INFO:root:COST >> 0.0531 +/- 0.0014, % updates: 7.364%
INFO:root:-- EPOCH 41 (1.736 seconds):
INFO:root:COST >> 0.0512 +/- 0.0017, % updates: 7.087%
INFO:root:-- EPOCH 42 (1.612 seconds):
INFO:root:COST >> 0.0508 +/- 0.0018, % updates: 7.054%
INFO:root:-- EPOCH 43 (1.654 seconds):
INFO:root:COST >> 0.0487 +/- 0.0019, % updates: 6.827%
INFO:root:-- EPOCH 44 (1.595 seconds):
INFO:root:COST >> 0.0481 +/- 0.0012, % updates: 6.699%
INFO:root:-- EPOCH 45 (1.639 seconds):
INFO:root:COST >> 0.0463 +/- 0.001, % updates: 6.51%
INFO:root:-- EPOCH 46 (1.672 seconds):
INFO:root:COST >> 0.045 +/- 0.002, % updates: 6.356%
INFO:root:-- EPOCH 47 (1.678 seconds):
INFO:root:COST >> 0.044 +/- 0.0018, % updates: 6.258%
INFO:root:-- EPOCH 48 (1.593 seconds):
INFO:root:COST >> 0.0425 +/- 0.0013, % updates: 6.138%
INFO:root:-- EPOCH 49 (1.616 seconds):
INFO:root:COST >> 0.0417 +/- 0.001, % updates: 5.95%
INFO:root:-- EPOCH 50 (1.623 seconds):
INFO:root:COST >> 0.0403 +/- 0.0009, % updates: 5.868%
INFO:root:-- EPOCH 51 (1.614 seconds):
INFO:root:COST >> 0.04 +/- 0.0012, % updates: 5.743%
INFO:root:-- EPOCH 52 (1.618 seconds):
INFO:root:COST >> 0.039 +/- 0.0014, % updates: 5.583%
INFO:root:-- EPOCH 53 (1.833 seconds):
INFO:root:COST >> 0.0374 +/- 0.0013, % updates: 5.513%
INFO:root:-- EPOCH 54 (1.602 seconds):
INFO:root:COST >> 0.0365 +/- 0.0015, % updates: 5.374%
INFO:root:-- EPOCH 55 (1.626 seconds):
INFO:root:COST >> 0.0355 +/- 0.0014, % updates: 5.266%
INFO:root:-- EPOCH 56 (1.668 seconds):
INFO:root:COST >> 0.0349 +/- 0.0015, % updates: 5.128%
INFO:root:-- EPOCH 57 (1.642 seconds):
INFO:root:COST >> 0.0349 +/- 0.0013, % updates: 5.184%
INFO:root:-- EPOCH 58 (1.592 seconds):
INFO:root:COST >> 0.0331 +/- 0.001, % updates: 4.984%
INFO:root:-- EPOCH 59 (1.64 seconds):
INFO:root:COST >> 0.0328 +/- 0.0009, % updates: 4.908%
INFO:root:-- EPOCH 60 (1.692 seconds):
INFO:root:COST >> 0.0321 +/- 0.0011, % updates: 4.839%
INFO:root:-- EPOCH 61 (1.588 seconds):
INFO:root:COST >> 0.0311 +/- 0.0012, % updates: 4.719%
INFO:root:-- EPOCH 62 (1.637 seconds):
INFO:root:COST >> 0.0302 +/- 0.0011, % updates: 4.627%
INFO:root:-- EPOCH 63 (1.587 seconds):
INFO:root:COST >> 0.0303 +/- 0.0009, % updates: 4.604%
INFO:root:-- EPOCH 64 (1.583 seconds):
INFO:root:COST >> 0.0298 +/- 0.001, % updates: 4.56%
INFO:root:-- EPOCH 65 (1.868 seconds):
INFO:root:COST >> 0.0295 +/- 0.0015, % updates: 4.453%
INFO:root:-- EPOCH 66 (1.582 seconds):
INFO:root:COST >> 0.028 +/- 0.0009, % updates: 4.326%
INFO:root:-- EPOCH 67 (1.634 seconds):
INFO:root:COST >> 0.0282 +/- 0.0009, % updates: 4.294%
INFO:root:-- EPOCH 68 (1.639 seconds):
INFO:root:COST >> 0.027 +/- 0.0008, % updates: 4.213%
INFO:root:-- EPOCH 69 (1.706 seconds):
INFO:root:COST >> 0.0272 +/- 0.0012, % updates: 4.164%
INFO:root:-- EPOCH 70 (1.687 seconds):
INFO:root:COST >> 0.0269 +/- 0.001, % updates: 4.149%
INFO:root:-- EPOCH 71 (1.64 seconds):
INFO:root:COST >> 0.0258 +/- 0.0007, % updates: 4.02%
INFO:root:-- EPOCH 72 (1.791 seconds):
INFO:root:COST >> 0.0258 +/- 0.0008, % updates: 3.988%
INFO:root:-- EPOCH 73 (1.859 seconds):
INFO:root:COST >> 0.0245 +/- 0.0011, % updates: 3.903%
INFO:root:-- EPOCH 74 (1.609 seconds):
INFO:root:COST >> 0.0246 +/- 0.0007, % updates: 3.914%
INFO:root:-- EPOCH 75 (1.63 seconds):
INFO:root:COST >> 0.0243 +/- 0.0007, % updates: 3.837%
INFO:root:-- EPOCH 76 (1.621 seconds):
INFO:root:COST >> 0.0239 +/- 0.001, % updates: 3.784%
INFO:root:-- EPOCH 77 (1.722 seconds):
INFO:root:COST >> 0.024 +/- 0.001, % updates: 3.709%
INFO:root:-- EPOCH 78 (1.553 seconds):
INFO:root:COST >> 0.0234 +/- 0.0005, % updates: 3.685%
INFO:root:-- EPOCH 79 (1.589 seconds):
INFO:root:COST >> 0.0226 +/- 0.0007, % updates: 3.586%
INFO:root:-- EPOCH 80 (1.606 seconds):
INFO:root:COST >> 0.0223 +/- 0.0011, % updates: 3.557%
INFO:root:-- EPOCH 81 (1.645 seconds):
INFO:root:COST >> 0.0224 +/- 0.0011, % updates: 3.552%
INFO:root:-- EPOCH 82 (1.735 seconds):
INFO:root:COST >> 0.022 +/- 0.001, % updates: 3.51%
INFO:root:-- EPOCH 83 (1.7 seconds):
INFO:root:COST >> 0.0213 +/- 0.0008, % updates: 3.44%
INFO:root:-- EPOCH 84 (1.686 seconds):
INFO:root:COST >> 0.0207 +/- 0.0009, % updates: 3.348%
INFO:root:-- EPOCH 85 (1.673 seconds):
INFO:root:COST >> 0.021 +/- 0.0009, % updates: 3.393%
INFO:root:-- EPOCH 86 (1.607 seconds):
INFO:root:COST >> 0.0208 +/- 0.0012, % updates: 3.332%
INFO:root:-- EPOCH 87 (1.705 seconds):
INFO:root:COST >> 0.0198 +/- 0.0005, % updates: 3.223%
INFO:root:-- EPOCH 88 (1.607 seconds):
INFO:root:COST >> 0.0199 +/- 0.0008, % updates: 3.185%
INFO:root:-- EPOCH 89 (1.666 seconds):
INFO:root:COST >> 0.0199 +/- 0.0007, % updates: 3.224%
INFO:root:-- EPOCH 90 (1.77 seconds):
INFO:root:COST >> 0.0197 +/- 0.0007, % updates: 3.206%
INFO:root:-- EPOCH 91 (1.715 seconds):
INFO:root:COST >> 0.0194 +/- 0.0008, % updates: 3.126%
INFO:root:-- EPOCH 92 (1.683 seconds):
INFO:root:COST >> 0.0187 +/- 0.0007, % updates: 3.038%
INFO:root:-- EPOCH 93 (1.672 seconds):
INFO:root:COST >> 0.0185 +/- 0.0006, % updates: 3.021%
INFO:root:-- EPOCH 94 (1.687 seconds):
INFO:root:COST >> 0.0183 +/- 0.0006, % updates: 2.995%
INFO:root:-- EPOCH 95 (1.633 seconds):
INFO:root:COST >> 0.0189 +/- 0.0011, % updates: 3.066%
INFO:root:-- EPOCH 96 (1.643 seconds):
INFO:root:COST >> 0.0179 +/- 0.0007, % updates: 2.964%
INFO:root:-- EPOCH 97 (1.45 seconds):
INFO:root:COST >> 0.0177 +/- 0.0007, % updates: 2.892%
INFO:root:-- EPOCH 98 (1.336 seconds):
INFO:root:COST >> 0.0177 +/- 0.0003, % updates: 2.92%
INFO:root:-- EPOCH 99 (1.325 seconds):
INFO:root:COST >> 0.0173 +/- 0.0009, % updates: 2.829%
INFO:root:-- EPOCH 100 (1.35 seconds):
INFO:root:COST >> 0.0172 +/- 0.0005, % updates: 2.806%
