INFO:root:Shape for training set: (40961, 141442)
INFO:root:State: {'ndim': '20', 'test_all': 'None', 'test_path': 'None', 'nhid': '50', 'lremb': '0.0001', 'seed': '8', 'simfn': 'L1', 'valid_path': 'None', 'nbatches': '10', 'lrparam': '0.0001', 'decay': '0.999', 'show_hinton_diagrams': 'False', 'no_rescaling': 'True', 'Nrel': '18', 'ranking_score_right': 'False', 'Nent': '40961', 'Nsyn': '40943', 'method': 'ADAGRAD', 'loss_margin': '1.0', 'C': '1.0', 'epsilon': '1e-06', 'use_db': 'True', 'max_lr': 'None', 'l1_param_weight': 'None', 'filtered': 'False', 'name': 'wn_opt/wn_ADAGRAD_28', 'totepochs': '100', 'l2_param_weight': 'None', 'train_path': 'data/wn/WN-train.pkl', 'op': 'TransE'}
INFO:root:Starting the Experiment ..
INFO:root:-- EPOCH 1 (1.535 seconds):
INFO:root:COST >> 2.2177 +/- 0.016, % updates: 81.561%
INFO:root:-- EPOCH 2 (1.695 seconds):
INFO:root:COST >> 2.2126 +/- 0.0146, % updates: 81.426%
INFO:root:-- EPOCH 3 (1.499 seconds):
INFO:root:COST >> 2.2166 +/- 0.0112, % updates: 81.517%
INFO:root:-- EPOCH 4 (1.511 seconds):
INFO:root:COST >> 2.2117 +/- 0.0136, % updates: 81.533%
INFO:root:-- EPOCH 5 (1.512 seconds):
INFO:root:COST >> 2.2153 +/- 0.0166, % updates: 81.414%
INFO:root:-- EPOCH 6 (1.471 seconds):
INFO:root:COST >> 2.2145 +/- 0.012, % updates: 81.48%
INFO:root:-- EPOCH 7 (1.532 seconds):
INFO:root:COST >> 2.2149 +/- 0.0137, % updates: 81.511%
INFO:root:-- EPOCH 8 (1.513 seconds):
INFO:root:COST >> 2.2112 +/- 0.0105, % updates: 81.563%
INFO:root:-- EPOCH 9 (1.478 seconds):
INFO:root:COST >> 2.2108 +/- 0.0094, % updates: 81.453%
INFO:root:-- EPOCH 10 (1.478 seconds):
INFO:root:COST >> 2.2121 +/- 0.0134, % updates: 81.479%
INFO:root:-- EPOCH 11 (1.494 seconds):
INFO:root:COST >> 2.2081 +/- 0.014, % updates: 81.414%
INFO:root:-- EPOCH 12 (1.638 seconds):
INFO:root:COST >> 2.2055 +/- 0.0117, % updates: 81.395%
INFO:root:-- EPOCH 13 (1.592 seconds):
INFO:root:COST >> 2.2075 +/- 0.0088, % updates: 81.397%
INFO:root:-- EPOCH 14 (2.077 seconds):
INFO:root:COST >> 2.2065 +/- 0.0097, % updates: 81.399%
INFO:root:-- EPOCH 15 (2.056 seconds):
INFO:root:COST >> 2.2115 +/- 0.0123, % updates: 81.39%
INFO:root:-- EPOCH 16 (1.898 seconds):
INFO:root:COST >> 2.2074 +/- 0.0142, % updates: 81.404%
INFO:root:-- EPOCH 17 (1.84 seconds):
INFO:root:COST >> 2.201 +/- 0.013, % updates: 81.264%
INFO:root:-- EPOCH 18 (1.758 seconds):
INFO:root:COST >> 2.2016 +/- 0.0099, % updates: 81.331%
INFO:root:-- EPOCH 19 (1.933 seconds):
INFO:root:COST >> 2.2093 +/- 0.0094, % updates: 81.476%
INFO:root:-- EPOCH 20 (2.077 seconds):
INFO:root:COST >> 2.2045 +/- 0.0117, % updates: 81.296%
INFO:root:-- EPOCH 21 (2.129 seconds):
INFO:root:COST >> 2.2099 +/- 0.016, % updates: 81.364%
INFO:root:-- EPOCH 22 (2.199 seconds):
INFO:root:COST >> 2.2091 +/- 0.0062, % updates: 81.501%
INFO:root:-- EPOCH 23 (1.638 seconds):
INFO:root:COST >> 2.204 +/- 0.0168, % updates: 81.355%
INFO:root:-- EPOCH 24 (1.713 seconds):
INFO:root:COST >> 2.2106 +/- 0.0114, % updates: 81.314%
INFO:root:-- EPOCH 25 (1.918 seconds):
INFO:root:COST >> 2.2013 +/- 0.0082, % updates: 81.274%
INFO:root:-- EPOCH 26 (1.588 seconds):
INFO:root:COST >> 2.202 +/- 0.0182, % updates: 81.329%
INFO:root:-- EPOCH 27 (1.52 seconds):
INFO:root:COST >> 2.2054 +/- 0.0156, % updates: 81.29%
INFO:root:-- EPOCH 28 (1.626 seconds):
INFO:root:COST >> 2.2022 +/- 0.0102, % updates: 81.332%
INFO:root:-- EPOCH 29 (1.681 seconds):
INFO:root:COST >> 2.2041 +/- 0.0118, % updates: 81.499%
INFO:root:-- EPOCH 30 (1.857 seconds):
INFO:root:COST >> 2.2029 +/- 0.0149, % updates: 81.431%
INFO:root:-- EPOCH 31 (2.26 seconds):
INFO:root:COST >> 2.1996 +/- 0.0131, % updates: 81.231%
INFO:root:-- EPOCH 32 (2.437 seconds):
INFO:root:COST >> 2.1998 +/- 0.0126, % updates: 81.271%
INFO:root:-- EPOCH 33 (2.027 seconds):
INFO:root:COST >> 2.2061 +/- 0.005, % updates: 81.41%
INFO:root:-- EPOCH 34 (1.747 seconds):
INFO:root:COST >> 2.2021 +/- 0.0118, % updates: 81.396%
INFO:root:-- EPOCH 35 (1.707 seconds):
INFO:root:COST >> 2.2006 +/- 0.0088, % updates: 81.176%
INFO:root:-- EPOCH 36 (1.553 seconds):
INFO:root:COST >> 2.2023 +/- 0.0126, % updates: 81.279%
INFO:root:-- EPOCH 37 (1.529 seconds):
INFO:root:COST >> 2.2035 +/- 0.0099, % updates: 81.365%
INFO:root:-- EPOCH 38 (1.599 seconds):
INFO:root:COST >> 2.1994 +/- 0.0111, % updates: 81.435%
INFO:root:-- EPOCH 39 (1.647 seconds):
INFO:root:COST >> 2.2013 +/- 0.0096, % updates: 81.432%
INFO:root:-- EPOCH 40 (1.564 seconds):
INFO:root:COST >> 2.1999 +/- 0.0099, % updates: 81.384%
INFO:root:-- EPOCH 41 (1.647 seconds):
INFO:root:COST >> 2.1974 +/- 0.0158, % updates: 81.292%
INFO:root:-- EPOCH 42 (1.588 seconds):
INFO:root:COST >> 2.2055 +/- 0.0087, % updates: 81.281%
INFO:root:-- EPOCH 43 (1.55 seconds):
INFO:root:COST >> 2.203 +/- 0.0133, % updates: 81.32%
INFO:root:-- EPOCH 44 (1.525 seconds):
INFO:root:COST >> 2.1967 +/- 0.0095, % updates: 81.226%
INFO:root:-- EPOCH 45 (1.47 seconds):
INFO:root:COST >> 2.1996 +/- 0.0078, % updates: 81.255%
INFO:root:-- EPOCH 46 (1.529 seconds):
INFO:root:COST >> 2.1993 +/- 0.0098, % updates: 81.293%
INFO:root:-- EPOCH 47 (1.731 seconds):
INFO:root:COST >> 2.1985 +/- 0.0126, % updates: 81.332%
INFO:root:-- EPOCH 48 (1.489 seconds):
INFO:root:COST >> 2.1995 +/- 0.0133, % updates: 81.336%
INFO:root:-- EPOCH 49 (1.505 seconds):
INFO:root:COST >> 2.1946 +/- 0.0104, % updates: 81.249%
INFO:root:-- EPOCH 50 (1.501 seconds):
INFO:root:COST >> 2.1948 +/- 0.0111, % updates: 81.323%
INFO:root:-- EPOCH 51 (1.506 seconds):
INFO:root:COST >> 2.1993 +/- 0.0104, % updates: 81.202%
INFO:root:-- EPOCH 52 (1.499 seconds):
INFO:root:COST >> 2.1932 +/- 0.0082, % updates: 81.345%
INFO:root:-- EPOCH 53 (1.634 seconds):
INFO:root:COST >> 2.2011 +/- 0.0109, % updates: 81.339%
INFO:root:-- EPOCH 54 (1.518 seconds):
INFO:root:COST >> 2.1955 +/- 0.0124, % updates: 81.261%
INFO:root:-- EPOCH 55 (1.516 seconds):
INFO:root:COST >> 2.2 +/- 0.0087, % updates: 81.311%
INFO:root:-- EPOCH 56 (1.526 seconds):
INFO:root:COST >> 2.1943 +/- 0.0108, % updates: 81.279%
INFO:root:-- EPOCH 57 (1.538 seconds):
INFO:root:COST >> 2.199 +/- 0.01, % updates: 81.213%
INFO:root:-- EPOCH 58 (1.516 seconds):
INFO:root:COST >> 2.1976 +/- 0.0103, % updates: 81.206%
INFO:root:-- EPOCH 59 (1.557 seconds):
INFO:root:COST >> 2.1945 +/- 0.0094, % updates: 81.3%
INFO:root:-- EPOCH 60 (1.503 seconds):
INFO:root:COST >> 2.1973 +/- 0.0092, % updates: 81.25%
INFO:root:-- EPOCH 61 (1.775 seconds):
INFO:root:COST >> 2.1952 +/- 0.0149, % updates: 81.267%
INFO:root:-- EPOCH 62 (1.507 seconds):
INFO:root:COST >> 2.1998 +/- 0.0152, % updates: 81.367%
INFO:root:-- EPOCH 63 (1.553 seconds):
INFO:root:COST >> 2.1968 +/- 0.0073, % updates: 81.195%
INFO:root:-- EPOCH 64 (1.545 seconds):
INFO:root:COST >> 2.1916 +/- 0.0108, % updates: 81.224%
INFO:root:-- EPOCH 65 (1.599 seconds):
INFO:root:COST >> 2.198 +/- 0.0093, % updates: 81.296%
INFO:root:-- EPOCH 66 (1.969 seconds):
INFO:root:COST >> 2.1951 +/- 0.015, % updates: 81.124%
INFO:root:-- EPOCH 67 (1.88 seconds):
INFO:root:COST >> 2.1943 +/- 0.0088, % updates: 81.236%
INFO:root:-- EPOCH 68 (1.966 seconds):
INFO:root:COST >> 2.1932 +/- 0.0132, % updates: 81.255%
INFO:root:-- EPOCH 69 (1.892 seconds):
INFO:root:COST >> 2.1969 +/- 0.0122, % updates: 81.283%
INFO:root:-- EPOCH 70 (1.965 seconds):
INFO:root:COST >> 2.1899 +/- 0.0125, % updates: 81.168%
INFO:root:-- EPOCH 71 (1.671 seconds):
INFO:root:COST >> 2.191 +/- 0.014, % updates: 81.347%
INFO:root:-- EPOCH 72 (1.472 seconds):
INFO:root:COST >> 2.1945 +/- 0.0123, % updates: 81.217%
INFO:root:-- EPOCH 73 (1.509 seconds):
INFO:root:COST >> 2.1916 +/- 0.0122, % updates: 81.325%
INFO:root:-- EPOCH 74 (1.518 seconds):
INFO:root:COST >> 2.1879 +/- 0.0106, % updates: 81.222%
INFO:root:-- EPOCH 75 (1.518 seconds):
INFO:root:COST >> 2.1916 +/- 0.0134, % updates: 81.222%
INFO:root:-- EPOCH 76 (1.52 seconds):
INFO:root:COST >> 2.1928 +/- 0.0106, % updates: 81.133%
INFO:root:-- EPOCH 77 (1.492 seconds):
INFO:root:COST >> 2.1888 +/- 0.0111, % updates: 81.14%
INFO:root:-- EPOCH 78 (1.508 seconds):
INFO:root:COST >> 2.1877 +/- 0.0147, % updates: 81.175%
INFO:root:-- EPOCH 79 (1.492 seconds):
INFO:root:COST >> 2.1916 +/- 0.009, % updates: 81.246%
INFO:root:-- EPOCH 80 (1.521 seconds):
INFO:root:COST >> 2.1924 +/- 0.0071, % updates: 81.176%
INFO:root:-- EPOCH 81 (1.559 seconds):
INFO:root:COST >> 2.1916 +/- 0.0084, % updates: 81.281%
INFO:root:-- EPOCH 82 (1.488 seconds):
INFO:root:COST >> 2.1897 +/- 0.0089, % updates: 81.29%
INFO:root:-- EPOCH 83 (1.51 seconds):
INFO:root:COST >> 2.1906 +/- 0.0154, % updates: 81.185%
INFO:root:-- EPOCH 84 (1.579 seconds):
INFO:root:COST >> 2.1886 +/- 0.0116, % updates: 81.263%
INFO:root:-- EPOCH 85 (1.491 seconds):
INFO:root:COST >> 2.1906 +/- 0.0083, % updates: 81.223%
INFO:root:-- EPOCH 86 (1.523 seconds):
INFO:root:COST >> 2.1894 +/- 0.0087, % updates: 81.07%
INFO:root:-- EPOCH 87 (1.552 seconds):
INFO:root:COST >> 2.1901 +/- 0.0101, % updates: 81.237%
INFO:root:-- EPOCH 88 (1.487 seconds):
INFO:root:COST >> 2.1916 +/- 0.0153, % updates: 81.215%
INFO:root:-- EPOCH 89 (1.522 seconds):
INFO:root:COST >> 2.19 +/- 0.0169, % updates: 81.22%
INFO:root:-- EPOCH 90 (1.469 seconds):
INFO:root:COST >> 2.19 +/- 0.0109, % updates: 81.112%
INFO:root:-- EPOCH 91 (1.516 seconds):
INFO:root:COST >> 2.1876 +/- 0.0146, % updates: 81.24%
INFO:root:-- EPOCH 92 (1.482 seconds):
INFO:root:COST >> 2.1879 +/- 0.0134, % updates: 81.18%
INFO:root:-- EPOCH 93 (1.51 seconds):
INFO:root:COST >> 2.1875 +/- 0.011, % updates: 81.191%
INFO:root:-- EPOCH 94 (1.489 seconds):
INFO:root:COST >> 2.1891 +/- 0.0088, % updates: 81.172%
INFO:root:-- EPOCH 95 (1.48 seconds):
INFO:root:COST >> 2.1889 +/- 0.0072, % updates: 81.194%
INFO:root:-- EPOCH 96 (1.474 seconds):
INFO:root:COST >> 2.1893 +/- 0.0142, % updates: 81.133%
INFO:root:-- EPOCH 97 (1.49 seconds):
INFO:root:COST >> 2.1883 +/- 0.0098, % updates: 81.166%
INFO:root:-- EPOCH 98 (1.499 seconds):
INFO:root:COST >> 2.1865 +/- 0.0149, % updates: 81.196%
INFO:root:-- EPOCH 99 (1.591 seconds):
INFO:root:COST >> 2.1909 +/- 0.0104, % updates: 81.2%
INFO:root:-- EPOCH 100 (1.677 seconds):
INFO:root:COST >> 2.1852 +/- 0.0127, % updates: 81.187%
