INFO:root:Shape for training set: (40961, 141442)
INFO:root:State: {'ndim': '20', 'test_all': 'None', 'test_path': 'None', 'nhid': '50', 'lremb': '1.0', 'seed': '0', 'simfn': 'L1', 'valid_path': 'None', 'nbatches': '10', 'lrparam': '1.0', 'decay': '0.99', 'show_hinton_diagrams': 'False', 'no_rescaling': 'True', 'Nrel': '18', 'ranking_score_right': 'False', 'Nent': '40961', 'Nsyn': '40943', 'method': 'ADADELTA', 'loss_margin': '1.0', 'C': '1.0', 'epsilon': '1e-06', 'use_db': 'True', 'max_lr': 'None', 'l1_param_weight': 'None', 'filtered': 'False', 'name': 'wn_opt/wn_ADADELTA_20', 'totepochs': '100', 'l2_param_weight': 'None', 'train_path': 'data/wn/WN-train.pkl', 'op': 'TransE'}
INFO:root:Starting the Experiment ..
INFO:root:-- EPOCH 1 (1.369 seconds):
INFO:root:COST >> 2.1418 +/- 0.0507, % updates: 80.794%
INFO:root:-- EPOCH 2 (1.329 seconds):
INFO:root:COST >> 1.7557 +/- 0.0458, % updates: 74.835%
INFO:root:-- EPOCH 3 (1.389 seconds):
INFO:root:COST >> 1.3992 +/- 0.0345, % updates: 67.496%
INFO:root:-- EPOCH 4 (1.42 seconds):
INFO:root:COST >> 1.1079 +/- 0.0248, % updates: 60.019%
INFO:root:-- EPOCH 5 (1.598 seconds):
INFO:root:COST >> 0.8781 +/- 0.026, % updates: 52.669%
INFO:root:-- EPOCH 6 (1.611 seconds):
INFO:root:COST >> 0.7036 +/- 0.0168, % updates: 46.356%
INFO:root:-- EPOCH 7 (1.744 seconds):
INFO:root:COST >> 0.5762 +/- 0.0121, % updates: 41.051%
INFO:root:-- EPOCH 8 (1.758 seconds):
INFO:root:COST >> 0.482 +/- 0.0082, % updates: 36.694%
INFO:root:-- EPOCH 9 (1.791 seconds):
INFO:root:COST >> 0.41 +/- 0.0039, % updates: 32.973%
INFO:root:-- EPOCH 10 (1.894 seconds):
INFO:root:COST >> 0.3573 +/- 0.005, % updates: 30.029%
INFO:root:-- EPOCH 11 (1.674 seconds):
INFO:root:COST >> 0.3125 +/- 0.0021, % updates: 27.542%
INFO:root:-- EPOCH 12 (1.648 seconds):
INFO:root:COST >> 0.2762 +/- 0.0044, % updates: 25.256%
INFO:root:-- EPOCH 13 (1.678 seconds):
INFO:root:COST >> 0.2458 +/- 0.0044, % updates: 23.37%
INFO:root:-- EPOCH 14 (1.726 seconds):
INFO:root:COST >> 0.2218 +/- 0.0035, % updates: 21.715%
INFO:root:-- EPOCH 15 (1.638 seconds):
INFO:root:COST >> 0.2021 +/- 0.0015, % updates: 20.282%
INFO:root:-- EPOCH 16 (1.61 seconds):
INFO:root:COST >> 0.1824 +/- 0.0022, % updates: 18.873%
INFO:root:-- EPOCH 17 (1.64 seconds):
INFO:root:COST >> 0.17 +/- 0.0017, % updates: 17.872%
INFO:root:-- EPOCH 18 (1.671 seconds):
INFO:root:COST >> 0.1552 +/- 0.0045, % updates: 16.818%
INFO:root:-- EPOCH 19 (1.64 seconds):
INFO:root:COST >> 0.1449 +/- 0.0026, % updates: 15.877%
INFO:root:-- EPOCH 20 (1.754 seconds):
INFO:root:COST >> 0.1346 +/- 0.0033, % updates: 15.122%
INFO:root:-- EPOCH 21 (1.597 seconds):
INFO:root:COST >> 0.1259 +/- 0.003, % updates: 14.303%
INFO:root:-- EPOCH 22 (2.157 seconds):
INFO:root:COST >> 0.1176 +/- 0.0037, % updates: 13.645%
INFO:root:-- EPOCH 23 (1.822 seconds):
INFO:root:COST >> 0.1115 +/- 0.0016, % updates: 13.066%
INFO:root:-- EPOCH 24 (1.629 seconds):
INFO:root:COST >> 0.105 +/- 0.0011, % updates: 12.559%
INFO:root:-- EPOCH 25 (1.671 seconds):
INFO:root:COST >> 0.0991 +/- 0.0027, % updates: 11.996%
INFO:root:-- EPOCH 26 (1.817 seconds):
INFO:root:COST >> 0.0932 +/- 0.0024, % updates: 11.532%
INFO:root:-- EPOCH 27 (1.653 seconds):
INFO:root:COST >> 0.0883 +/- 0.0025, % updates: 10.982%
INFO:root:-- EPOCH 28 (1.761 seconds):
INFO:root:COST >> 0.0852 +/- 0.0018, % updates: 10.671%
INFO:root:-- EPOCH 29 (1.737 seconds):
INFO:root:COST >> 0.0805 +/- 0.0017, % updates: 10.181%
INFO:root:-- EPOCH 30 (1.657 seconds):
INFO:root:COST >> 0.0761 +/- 0.0023, % updates: 9.834%
INFO:root:-- EPOCH 31 (1.651 seconds):
INFO:root:COST >> 0.0738 +/- 0.0024, % updates: 9.568%
INFO:root:-- EPOCH 32 (1.745 seconds):
INFO:root:COST >> 0.0704 +/- 0.0018, % updates: 9.19%
INFO:root:-- EPOCH 33 (1.737 seconds):
INFO:root:COST >> 0.0677 +/- 0.0014, % updates: 8.921%
INFO:root:-- EPOCH 34 (1.676 seconds):
INFO:root:COST >> 0.0654 +/- 0.0017, % updates: 8.655%
INFO:root:-- EPOCH 35 (1.599 seconds):
INFO:root:COST >> 0.062 +/- 0.0018, % updates: 8.313%
INFO:root:-- EPOCH 36 (1.705 seconds):
INFO:root:COST >> 0.0599 +/- 0.0016, % updates: 8.114%
INFO:root:-- EPOCH 37 (1.69 seconds):
INFO:root:COST >> 0.059 +/- 0.0015, % updates: 8.029%
INFO:root:-- EPOCH 38 (1.893 seconds):
INFO:root:COST >> 0.0558 +/- 0.0014, % updates: 7.651%
INFO:root:-- EPOCH 39 (1.687 seconds):
INFO:root:COST >> 0.0535 +/- 0.0018, % updates: 7.405%
INFO:root:-- EPOCH 40 (1.745 seconds):
INFO:root:COST >> 0.0531 +/- 0.0014, % updates: 7.343%
INFO:root:-- EPOCH 41 (1.698 seconds):
INFO:root:COST >> 0.051 +/- 0.0012, % updates: 7.149%
INFO:root:-- EPOCH 42 (1.71 seconds):
INFO:root:COST >> 0.0486 +/- 0.0022, % updates: 6.921%
INFO:root:-- EPOCH 43 (1.673 seconds):
INFO:root:COST >> 0.0484 +/- 0.0012, % updates: 6.783%
INFO:root:-- EPOCH 44 (1.642 seconds):
INFO:root:COST >> 0.0467 +/- 0.0014, % updates: 6.629%
INFO:root:-- EPOCH 45 (1.735 seconds):
INFO:root:COST >> 0.045 +/- 0.0007, % updates: 6.482%
INFO:root:-- EPOCH 46 (1.593 seconds):
INFO:root:COST >> 0.0439 +/- 0.0015, % updates: 6.291%
INFO:root:-- EPOCH 47 (1.657 seconds):
INFO:root:COST >> 0.0425 +/- 0.0006, % updates: 6.153%
INFO:root:-- EPOCH 48 (1.602 seconds):
INFO:root:COST >> 0.0413 +/- 0.0009, % updates: 6.035%
INFO:root:-- EPOCH 49 (1.644 seconds):
INFO:root:COST >> 0.0407 +/- 0.0012, % updates: 5.923%
INFO:root:-- EPOCH 50 (1.724 seconds):
INFO:root:COST >> 0.0386 +/- 0.0011, % updates: 5.712%
INFO:root:-- EPOCH 51 (1.633 seconds):
INFO:root:COST >> 0.0384 +/- 0.0011, % updates: 5.667%
INFO:root:-- EPOCH 52 (1.621 seconds):
INFO:root:COST >> 0.038 +/- 0.0018, % updates: 5.554%
INFO:root:-- EPOCH 53 (1.603 seconds):
INFO:root:COST >> 0.0366 +/- 0.0013, % updates: 5.447%
INFO:root:-- EPOCH 54 (1.577 seconds):
INFO:root:COST >> 0.0358 +/- 0.0009, % updates: 5.319%
INFO:root:-- EPOCH 55 (1.672 seconds):
INFO:root:COST >> 0.0352 +/- 0.001, % updates: 5.209%
INFO:root:-- EPOCH 56 (1.693 seconds):
INFO:root:COST >> 0.0344 +/- 0.001, % updates: 5.18%
INFO:root:-- EPOCH 57 (1.68 seconds):
INFO:root:COST >> 0.0326 +/- 0.001, % updates: 4.982%
INFO:root:-- EPOCH 58 (1.611 seconds):
INFO:root:COST >> 0.0327 +/- 0.001, % updates: 4.896%
INFO:root:-- EPOCH 59 (1.682 seconds):
INFO:root:COST >> 0.0318 +/- 0.0014, % updates: 4.782%
INFO:root:-- EPOCH 60 (1.655 seconds):
INFO:root:COST >> 0.0317 +/- 0.0008, % updates: 4.748%
INFO:root:-- EPOCH 61 (1.656 seconds):
INFO:root:COST >> 0.0305 +/- 0.0007, % updates: 4.682%
INFO:root:-- EPOCH 62 (1.689 seconds):
INFO:root:COST >> 0.0302 +/- 0.0012, % updates: 4.635%
INFO:root:-- EPOCH 63 (1.673 seconds):
INFO:root:COST >> 0.029 +/- 0.0013, % updates: 4.506%
INFO:root:-- EPOCH 64 (1.719 seconds):
INFO:root:COST >> 0.0286 +/- 0.0011, % updates: 4.411%
INFO:root:-- EPOCH 65 (1.659 seconds):
INFO:root:COST >> 0.0289 +/- 0.0005, % updates: 4.408%
INFO:root:-- EPOCH 66 (1.677 seconds):
INFO:root:COST >> 0.0279 +/- 0.001, % updates: 4.286%
INFO:root:-- EPOCH 67 (1.634 seconds):
INFO:root:COST >> 0.0278 +/- 0.0012, % updates: 4.275%
INFO:root:-- EPOCH 68 (1.812 seconds):
INFO:root:COST >> 0.0271 +/- 0.0011, % updates: 4.194%
INFO:root:-- EPOCH 69 (1.617 seconds):
INFO:root:COST >> 0.0257 +/- 0.0008, % updates: 4.074%
INFO:root:-- EPOCH 70 (1.557 seconds):
INFO:root:COST >> 0.0253 +/- 0.0007, % updates: 4.032%
INFO:root:-- EPOCH 71 (1.594 seconds):
INFO:root:COST >> 0.0257 +/- 0.001, % updates: 4.013%
INFO:root:-- EPOCH 72 (1.581 seconds):
INFO:root:COST >> 0.0247 +/- 0.0006, % updates: 3.905%
INFO:root:-- EPOCH 73 (1.751 seconds):
INFO:root:COST >> 0.0248 +/- 0.0006, % updates: 3.882%
INFO:root:-- EPOCH 74 (1.601 seconds):
INFO:root:COST >> 0.024 +/- 0.0012, % updates: 3.836%
INFO:root:-- EPOCH 75 (1.834 seconds):
INFO:root:COST >> 0.0245 +/- 0.001, % updates: 3.841%
INFO:root:-- EPOCH 76 (2.011 seconds):
INFO:root:COST >> 0.0236 +/- 0.0009, % updates: 3.734%
INFO:root:-- EPOCH 77 (1.564 seconds):
INFO:root:COST >> 0.0233 +/- 0.0008, % updates: 3.696%
INFO:root:-- EPOCH 78 (1.573 seconds):
INFO:root:COST >> 0.0224 +/- 0.0005, % updates: 3.598%
INFO:root:-- EPOCH 79 (1.569 seconds):
INFO:root:COST >> 0.022 +/- 0.0006, % updates: 3.551%
INFO:root:-- EPOCH 80 (1.665 seconds):
INFO:root:COST >> 0.0222 +/- 0.001, % updates: 3.549%
INFO:root:-- EPOCH 81 (1.584 seconds):
INFO:root:COST >> 0.0222 +/- 0.0008, % updates: 3.526%
INFO:root:-- EPOCH 82 (1.535 seconds):
INFO:root:COST >> 0.0216 +/- 0.0009, % updates: 3.45%
INFO:root:-- EPOCH 83 (1.559 seconds):
INFO:root:COST >> 0.0207 +/- 0.001, % updates: 3.323%
INFO:root:-- EPOCH 84 (1.608 seconds):
INFO:root:COST >> 0.0212 +/- 0.0011, % updates: 3.378%
INFO:root:-- EPOCH 85 (1.664 seconds):
INFO:root:COST >> 0.0203 +/- 0.0008, % updates: 3.304%
INFO:root:-- EPOCH 86 (1.714 seconds):
INFO:root:COST >> 0.0202 +/- 0.0007, % updates: 3.248%
INFO:root:-- EPOCH 87 (1.623 seconds):
INFO:root:COST >> 0.0201 +/- 0.0006, % updates: 3.255%
INFO:root:-- EPOCH 88 (1.641 seconds):
INFO:root:COST >> 0.0195 +/- 0.0002, % updates: 3.159%
INFO:root:-- EPOCH 89 (1.668 seconds):
INFO:root:COST >> 0.0191 +/- 0.0007, % updates: 3.137%
INFO:root:-- EPOCH 90 (1.605 seconds):
INFO:root:COST >> 0.0189 +/- 0.0008, % updates: 3.095%
INFO:root:-- EPOCH 91 (1.788 seconds):
INFO:root:COST >> 0.0189 +/- 0.0012, % updates: 3.101%
INFO:root:-- EPOCH 92 (1.536 seconds):
INFO:root:COST >> 0.0184 +/- 0.0007, % updates: 3.035%
INFO:root:-- EPOCH 93 (1.703 seconds):
INFO:root:COST >> 0.0185 +/- 0.0007, % updates: 3.008%
INFO:root:-- EPOCH 94 (1.719 seconds):
INFO:root:COST >> 0.0183 +/- 0.0007, % updates: 2.995%
INFO:root:-- EPOCH 95 (1.646 seconds):
INFO:root:COST >> 0.0179 +/- 0.0007, % updates: 2.957%
INFO:root:-- EPOCH 96 (1.655 seconds):
INFO:root:COST >> 0.0179 +/- 0.0008, % updates: 2.927%
INFO:root:-- EPOCH 97 (1.631 seconds):
INFO:root:COST >> 0.0177 +/- 0.0006, % updates: 2.878%
INFO:root:-- EPOCH 98 (1.656 seconds):
INFO:root:COST >> 0.0177 +/- 0.0011, % updates: 2.907%
INFO:root:-- EPOCH 99 (1.694 seconds):
INFO:root:COST >> 0.017 +/- 0.0008, % updates: 2.798%
INFO:root:-- EPOCH 100 (1.671 seconds):
INFO:root:COST >> 0.0169 +/- 0.0005, % updates: 2.837%
