INFO:root:Shape for training set: (40961, 141442)
INFO:root:State: {'ndim': '20', 'test_all': 'None', 'test_path': 'None', 'nhid': '50', 'lremb': '1.0', 'seed': '7', 'simfn': 'L1', 'valid_path': 'None', 'nbatches': '10', 'lrparam': '1.0', 'decay': '0.9999', 'show_hinton_diagrams': 'False', 'no_rescaling': 'True', 'Nrel': '18', 'ranking_score_right': 'False', 'Nent': '40961', 'Nsyn': '40943', 'method': 'ADADELTA', 'loss_margin': '1.0', 'C': '1.0', 'epsilon': '1e-06', 'use_db': 'True', 'max_lr': 'None', 'l1_param_weight': 'None', 'filtered': 'False', 'name': 'wn_opt/wn_ADADELTA_7', 'totepochs': '100', 'l2_param_weight': 'None', 'train_path': 'data/wn/WN-train.pkl', 'op': 'TransE'}
INFO:root:Starting the Experiment ..
INFO:root:-- EPOCH 1 (1.622 seconds):
INFO:root:COST >> 1.6191 +/- 0.3641, % updates: 68.635%
INFO:root:-- EPOCH 2 (1.607 seconds):
INFO:root:COST >> 0.6745 +/- 0.0336, % updates: 41.912%
INFO:root:-- EPOCH 3 (1.597 seconds):
INFO:root:COST >> 0.4181 +/- 0.0113, % updates: 30.793%
INFO:root:-- EPOCH 4 (1.587 seconds):
INFO:root:COST >> 0.2677 +/- 0.0081, % updates: 22.741%
INFO:root:-- EPOCH 5 (1.588 seconds):
INFO:root:COST >> 0.1836 +/- 0.0035, % updates: 17.2%
INFO:root:-- EPOCH 6 (1.572 seconds):
INFO:root:COST >> 0.1321 +/- 0.0051, % updates: 13.5%
INFO:root:-- EPOCH 7 (1.618 seconds):
INFO:root:COST >> 0.1065 +/- 0.0048, % updates: 11.494%
INFO:root:-- EPOCH 8 (1.545 seconds):
INFO:root:COST >> 0.0902 +/- 0.004, % updates: 10.073%
INFO:root:-- EPOCH 9 (1.616 seconds):
INFO:root:COST >> 0.0768 +/- 0.0051, % updates: 8.827%
INFO:root:-- EPOCH 10 (1.597 seconds):
INFO:root:COST >> 0.0667 +/- 0.0041, % updates: 7.91%
INFO:root:-- EPOCH 11 (1.63 seconds):
INFO:root:COST >> 0.061 +/- 0.0031, % updates: 7.405%
INFO:root:-- EPOCH 12 (1.626 seconds):
INFO:root:COST >> 0.0572 +/- 0.0037, % updates: 7.007%
INFO:root:-- EPOCH 13 (1.647 seconds):
INFO:root:COST >> 0.0523 +/- 0.0028, % updates: 6.524%
INFO:root:-- EPOCH 14 (1.682 seconds):
INFO:root:COST >> 0.0486 +/- 0.0028, % updates: 6.104%
INFO:root:-- EPOCH 15 (1.61 seconds):
INFO:root:COST >> 0.046 +/- 0.0027, % updates: 5.817%
INFO:root:-- EPOCH 16 (1.606 seconds):
INFO:root:COST >> 0.0433 +/- 0.0023, % updates: 5.513%
INFO:root:-- EPOCH 17 (1.601 seconds):
INFO:root:COST >> 0.0413 +/- 0.0018, % updates: 5.349%
INFO:root:-- EPOCH 18 (1.604 seconds):
INFO:root:COST >> 0.0389 +/- 0.0025, % updates: 5.068%
INFO:root:-- EPOCH 19 (1.596 seconds):
INFO:root:COST >> 0.0372 +/- 0.0024, % updates: 4.907%
INFO:root:-- EPOCH 20 (1.616 seconds):
INFO:root:COST >> 0.0353 +/- 0.0017, % updates: 4.723%
INFO:root:-- EPOCH 21 (1.611 seconds):
INFO:root:COST >> 0.034 +/- 0.0017, % updates: 4.541%
INFO:root:-- EPOCH 22 (1.624 seconds):
INFO:root:COST >> 0.0328 +/- 0.0025, % updates: 4.387%
INFO:root:-- EPOCH 23 (2.053 seconds):
INFO:root:COST >> 0.0323 +/- 0.0026, % updates: 4.291%
INFO:root:-- EPOCH 24 (1.565 seconds):
INFO:root:COST >> 0.031 +/- 0.0015, % updates: 4.221%
INFO:root:-- EPOCH 25 (1.64 seconds):
INFO:root:COST >> 0.0298 +/- 0.0011, % updates: 4.079%
INFO:root:-- EPOCH 26 (1.612 seconds):
INFO:root:COST >> 0.0293 +/- 0.0024, % updates: 3.991%
INFO:root:-- EPOCH 27 (1.592 seconds):
INFO:root:COST >> 0.0284 +/- 0.0017, % updates: 3.861%
INFO:root:-- EPOCH 28 (1.611 seconds):
INFO:root:COST >> 0.0272 +/- 0.0018, % updates: 3.739%
INFO:root:-- EPOCH 29 (1.661 seconds):
INFO:root:COST >> 0.027 +/- 0.0019, % updates: 3.702%
INFO:root:-- EPOCH 30 (1.619 seconds):
INFO:root:COST >> 0.0268 +/- 0.0018, % updates: 3.743%
INFO:root:-- EPOCH 31 (1.602 seconds):
INFO:root:COST >> 0.0255 +/- 0.0016, % updates: 3.563%
INFO:root:-- EPOCH 32 (1.671 seconds):
INFO:root:COST >> 0.0244 +/- 0.0015, % updates: 3.431%
INFO:root:-- EPOCH 33 (1.83 seconds):
INFO:root:COST >> 0.0248 +/- 0.0015, % updates: 3.452%
INFO:root:-- EPOCH 34 (1.783 seconds):
INFO:root:COST >> 0.0237 +/- 0.0018, % updates: 3.338%
INFO:root:-- EPOCH 35 (1.677 seconds):
INFO:root:COST >> 0.0235 +/- 0.0017, % updates: 3.273%
INFO:root:-- EPOCH 36 (1.849 seconds):
INFO:root:COST >> 0.0242 +/- 0.002, % updates: 3.267%
INFO:root:-- EPOCH 37 (2.113 seconds):
INFO:root:COST >> 0.024 +/- 0.0014, % updates: 3.318%
INFO:root:-- EPOCH 38 (2.247 seconds):
INFO:root:COST >> 0.0223 +/- 0.0016, % updates: 3.172%
INFO:root:-- EPOCH 39 (2.09 seconds):
INFO:root:COST >> 0.0226 +/- 0.0015, % updates: 3.135%
INFO:root:-- EPOCH 40 (1.983 seconds):
INFO:root:COST >> 0.0219 +/- 0.0016, % updates: 3.124%
INFO:root:-- EPOCH 41 (1.692 seconds):
INFO:root:COST >> 0.0212 +/- 0.0013, % updates: 3.015%
INFO:root:-- EPOCH 42 (1.587 seconds):
INFO:root:COST >> 0.0213 +/- 0.0016, % updates: 2.988%
INFO:root:-- EPOCH 43 (1.58 seconds):
INFO:root:COST >> 0.0215 +/- 0.0011, % updates: 3.012%
INFO:root:-- EPOCH 44 (1.744 seconds):
INFO:root:COST >> 0.0212 +/- 0.0014, % updates: 2.973%
INFO:root:-- EPOCH 45 (1.772 seconds):
INFO:root:COST >> 0.0201 +/- 0.0014, % updates: 2.865%
INFO:root:-- EPOCH 46 (1.814 seconds):
INFO:root:COST >> 0.0203 +/- 0.001, % updates: 2.872%
INFO:root:-- EPOCH 47 (2.003 seconds):
INFO:root:COST >> 0.0203 +/- 0.0015, % updates: 2.857%
INFO:root:-- EPOCH 48 (1.807 seconds):
INFO:root:COST >> 0.0201 +/- 0.0011, % updates: 2.831%
INFO:root:-- EPOCH 49 (2.28 seconds):
INFO:root:COST >> 0.0199 +/- 0.0008, % updates: 2.817%
INFO:root:-- EPOCH 50 (2.178 seconds):
INFO:root:COST >> 0.0196 +/- 0.0008, % updates: 2.804%
INFO:root:-- EPOCH 51 (1.89 seconds):
INFO:root:COST >> 0.0196 +/- 0.0011, % updates: 2.771%
INFO:root:-- EPOCH 52 (1.891 seconds):
INFO:root:COST >> 0.0194 +/- 0.0009, % updates: 2.701%
INFO:root:-- EPOCH 53 (1.717 seconds):
INFO:root:COST >> 0.019 +/- 0.0008, % updates: 2.701%
INFO:root:-- EPOCH 54 (1.586 seconds):
INFO:root:COST >> 0.0189 +/- 0.0014, % updates: 2.682%
INFO:root:-- EPOCH 55 (1.761 seconds):
INFO:root:COST >> 0.0184 +/- 0.0011, % updates: 2.616%
INFO:root:-- EPOCH 56 (1.623 seconds):
INFO:root:COST >> 0.0184 +/- 0.0013, % updates: 2.614%
INFO:root:-- EPOCH 57 (1.819 seconds):
INFO:root:COST >> 0.018 +/- 0.0008, % updates: 2.579%
INFO:root:-- EPOCH 58 (1.898 seconds):
INFO:root:COST >> 0.0173 +/- 0.0013, % updates: 2.467%
INFO:root:-- EPOCH 59 (1.788 seconds):
INFO:root:COST >> 0.0176 +/- 0.0009, % updates: 2.555%
INFO:root:-- EPOCH 60 (2.059 seconds):
INFO:root:COST >> 0.018 +/- 0.0006, % updates: 2.514%
INFO:root:-- EPOCH 61 (1.725 seconds):
INFO:root:COST >> 0.0174 +/- 0.0014, % updates: 2.509%
INFO:root:-- EPOCH 62 (1.697 seconds):
INFO:root:COST >> 0.0171 +/- 0.0012, % updates: 2.471%
INFO:root:-- EPOCH 63 (1.604 seconds):
INFO:root:COST >> 0.0171 +/- 0.0009, % updates: 2.467%
INFO:root:-- EPOCH 64 (1.55 seconds):
INFO:root:COST >> 0.0172 +/- 0.0007, % updates: 2.44%
INFO:root:-- EPOCH 65 (1.611 seconds):
INFO:root:COST >> 0.0169 +/- 0.0015, % updates: 2.411%
INFO:root:-- EPOCH 66 (1.776 seconds):
INFO:root:COST >> 0.0168 +/- 0.0008, % updates: 2.454%
INFO:root:-- EPOCH 67 (1.566 seconds):
INFO:root:COST >> 0.0166 +/- 0.0008, % updates: 2.375%
INFO:root:-- EPOCH 68 (1.582 seconds):
INFO:root:COST >> 0.0167 +/- 0.0009, % updates: 2.363%
INFO:root:-- EPOCH 69 (1.585 seconds):
INFO:root:COST >> 0.0168 +/- 0.0007, % updates: 2.405%
INFO:root:-- EPOCH 70 (1.689 seconds):
INFO:root:COST >> 0.0166 +/- 0.0009, % updates: 2.369%
INFO:root:-- EPOCH 71 (1.598 seconds):
INFO:root:COST >> 0.016 +/- 0.0009, % updates: 2.317%
INFO:root:-- EPOCH 72 (1.787 seconds):
INFO:root:COST >> 0.0167 +/- 0.0008, % updates: 2.367%
INFO:root:-- EPOCH 73 (2.139 seconds):
INFO:root:COST >> 0.0157 +/- 0.001, % updates: 2.257%
INFO:root:-- EPOCH 74 (1.626 seconds):
INFO:root:COST >> 0.0161 +/- 0.001, % updates: 2.306%
INFO:root:-- EPOCH 75 (1.58 seconds):
INFO:root:COST >> 0.015 +/- 0.0007, % updates: 2.231%
INFO:root:-- EPOCH 76 (1.616 seconds):
INFO:root:COST >> 0.0154 +/- 0.0011, % updates: 2.238%
INFO:root:-- EPOCH 77 (1.597 seconds):
INFO:root:COST >> 0.0148 +/- 0.0011, % updates: 2.201%
INFO:root:-- EPOCH 78 (1.592 seconds):
INFO:root:COST >> 0.015 +/- 0.0005, % updates: 2.156%
INFO:root:-- EPOCH 79 (1.602 seconds):
INFO:root:COST >> 0.0154 +/- 0.0012, % updates: 2.196%
INFO:root:-- EPOCH 80 (1.663 seconds):
INFO:root:COST >> 0.0152 +/- 0.0008, % updates: 2.191%
INFO:root:-- EPOCH 81 (1.606 seconds):
INFO:root:COST >> 0.0155 +/- 0.0007, % updates: 2.202%
INFO:root:-- EPOCH 82 (1.61 seconds):
INFO:root:COST >> 0.0148 +/- 0.0012, % updates: 2.198%
INFO:root:-- EPOCH 83 (1.604 seconds):
INFO:root:COST >> 0.0149 +/- 0.0008, % updates: 2.182%
INFO:root:-- EPOCH 84 (1.825 seconds):
INFO:root:COST >> 0.0149 +/- 0.0011, % updates: 2.184%
INFO:root:-- EPOCH 85 (1.712 seconds):
INFO:root:COST >> 0.0148 +/- 0.0008, % updates: 2.122%
INFO:root:-- EPOCH 86 (1.674 seconds):
INFO:root:COST >> 0.0139 +/- 0.0007, % updates: 2.072%
INFO:root:-- EPOCH 87 (1.924 seconds):
INFO:root:COST >> 0.0144 +/- 0.001, % updates: 2.118%
INFO:root:-- EPOCH 88 (1.845 seconds):
INFO:root:COST >> 0.0149 +/- 0.0008, % updates: 2.165%
INFO:root:-- EPOCH 89 (2.015 seconds):
INFO:root:COST >> 0.014 +/- 0.0012, % updates: 2.084%
INFO:root:-- EPOCH 90 (1.614 seconds):
INFO:root:COST >> 0.0145 +/- 0.0015, % updates: 2.115%
INFO:root:-- EPOCH 91 (1.825 seconds):
INFO:root:COST >> 0.0141 +/- 0.0011, % updates: 2.041%
INFO:root:-- EPOCH 92 (1.611 seconds):
INFO:root:COST >> 0.0144 +/- 0.0008, % updates: 2.095%
INFO:root:-- EPOCH 93 (1.566 seconds):
INFO:root:COST >> 0.0142 +/- 0.0008, % updates: 2.09%
INFO:root:-- EPOCH 94 (1.575 seconds):
INFO:root:COST >> 0.0143 +/- 0.0011, % updates: 2.087%
INFO:root:-- EPOCH 95 (1.503 seconds):
INFO:root:COST >> 0.0143 +/- 0.0008, % updates: 2.064%
INFO:root:-- EPOCH 96 (1.231 seconds):
INFO:root:COST >> 0.0138 +/- 0.0009, % updates: 2.01%
INFO:root:-- EPOCH 97 (1.329 seconds):
INFO:root:COST >> 0.0137 +/- 0.0011, % updates: 2.042%
INFO:root:-- EPOCH 98 (1.328 seconds):
INFO:root:COST >> 0.0139 +/- 0.0008, % updates: 2.027%
INFO:root:-- EPOCH 99 (1.344 seconds):
INFO:root:COST >> 0.0142 +/- 0.0009, % updates: 2.068%
INFO:root:-- EPOCH 100 (1.61 seconds):
INFO:root:COST >> 0.0141 +/- 0.001, % updates: 2.047%
