INFO:root:Shape for training set: (40961, 141442)
INFO:root:State: {'ndim': '20', 'test_all': 'None', 'test_path': 'None', 'nhid': '50', 'lremb': '1.0', 'seed': '2', 'simfn': 'L1', 'valid_path': 'None', 'nbatches': '10', 'lrparam': '1.0', 'decay': '0.999', 'show_hinton_diagrams': 'False', 'no_rescaling': 'True', 'Nrel': '18', 'ranking_score_right': 'False', 'Nent': '40961', 'Nsyn': '40943', 'method': 'ADADELTA', 'loss_margin': '1.0', 'C': '1.0', 'epsilon': '1e-06', 'use_db': 'True', 'max_lr': 'None', 'l1_param_weight': 'None', 'filtered': 'False', 'name': 'wn_opt/wn_ADADELTA_12', 'totepochs': '100', 'l2_param_weight': 'None', 'train_path': 'data/wn/WN-train.pkl', 'op': 'TransE'}
INFO:root:Starting the Experiment ..
INFO:root:-- EPOCH 1 (1.587 seconds):
INFO:root:COST >> 1.9333 +/- 0.1986, % updates: 77.431%
INFO:root:-- EPOCH 2 (1.324 seconds):
INFO:root:COST >> 0.9975 +/- 0.0849, % updates: 55.408%
INFO:root:-- EPOCH 3 (1.337 seconds):
INFO:root:COST >> 0.5543 +/- 0.024, % updates: 39.158%
INFO:root:-- EPOCH 4 (1.327 seconds):
INFO:root:COST >> 0.3603 +/- 0.0074, % updates: 29.667%
INFO:root:-- EPOCH 5 (1.478 seconds):
INFO:root:COST >> 0.2536 +/- 0.0058, % updates: 23.281%
INFO:root:-- EPOCH 6 (1.615 seconds):
INFO:root:COST >> 0.192 +/- 0.0032, % updates: 19.275%
INFO:root:-- EPOCH 7 (1.623 seconds):
INFO:root:COST >> 0.1515 +/- 0.0021, % updates: 16.172%
INFO:root:-- EPOCH 8 (1.576 seconds):
INFO:root:COST >> 0.1259 +/- 0.0038, % updates: 14.044%
INFO:root:-- EPOCH 9 (1.585 seconds):
INFO:root:COST >> 0.1036 +/- 0.0025, % updates: 12.275%
INFO:root:-- EPOCH 10 (1.735 seconds):
INFO:root:COST >> 0.09 +/- 0.0018, % updates: 10.843%
INFO:root:-- EPOCH 11 (1.612 seconds):
INFO:root:COST >> 0.08 +/- 0.0025, % updates: 9.895%
INFO:root:-- EPOCH 12 (1.578 seconds):
INFO:root:COST >> 0.0708 +/- 0.002, % updates: 9.056%
INFO:root:-- EPOCH 13 (1.615 seconds):
INFO:root:COST >> 0.063 +/- 0.0024, % updates: 8.266%
INFO:root:-- EPOCH 14 (1.603 seconds):
INFO:root:COST >> 0.057 +/- 0.0015, % updates: 7.655%
INFO:root:-- EPOCH 15 (1.609 seconds):
INFO:root:COST >> 0.0522 +/- 0.0017, % updates: 7.174%
INFO:root:-- EPOCH 16 (1.617 seconds):
INFO:root:COST >> 0.0481 +/- 0.0012, % updates: 6.656%
INFO:root:-- EPOCH 17 (1.798 seconds):
INFO:root:COST >> 0.0442 +/- 0.0025, % updates: 6.214%
INFO:root:-- EPOCH 18 (1.601 seconds):
INFO:root:COST >> 0.0419 +/- 0.0019, % updates: 5.909%
INFO:root:-- EPOCH 19 (1.617 seconds):
INFO:root:COST >> 0.0389 +/- 0.0013, % updates: 5.609%
INFO:root:-- EPOCH 20 (1.634 seconds):
INFO:root:COST >> 0.0374 +/- 0.0013, % updates: 5.356%
INFO:root:-- EPOCH 21 (1.597 seconds):
INFO:root:COST >> 0.0351 +/- 0.0015, % updates: 5.148%
INFO:root:-- EPOCH 22 (1.564 seconds):
INFO:root:COST >> 0.033 +/- 0.0015, % updates: 4.863%
INFO:root:-- EPOCH 23 (1.583 seconds):
INFO:root:COST >> 0.031 +/- 0.0016, % updates: 4.635%
INFO:root:-- EPOCH 24 (1.583 seconds):
INFO:root:COST >> 0.03 +/- 0.0011, % updates: 4.473%
INFO:root:-- EPOCH 25 (1.605 seconds):
INFO:root:COST >> 0.0291 +/- 0.0015, % updates: 4.335%
INFO:root:-- EPOCH 26 (1.552 seconds):
INFO:root:COST >> 0.0277 +/- 0.0013, % updates: 4.139%
INFO:root:-- EPOCH 27 (1.537 seconds):
INFO:root:COST >> 0.0261 +/- 0.0013, % updates: 3.982%
INFO:root:-- EPOCH 28 (1.618 seconds):
INFO:root:COST >> 0.0252 +/- 0.0013, % updates: 3.912%
INFO:root:-- EPOCH 29 (1.596 seconds):
INFO:root:COST >> 0.0239 +/- 0.0011, % updates: 3.731%
INFO:root:-- EPOCH 30 (1.544 seconds):
INFO:root:COST >> 0.0238 +/- 0.0015, % updates: 3.693%
INFO:root:-- EPOCH 31 (1.673 seconds):
INFO:root:COST >> 0.0226 +/- 0.0013, % updates: 3.559%
INFO:root:-- EPOCH 32 (1.609 seconds):
INFO:root:COST >> 0.0215 +/- 0.0007, % updates: 3.366%
INFO:root:-- EPOCH 33 (1.578 seconds):
INFO:root:COST >> 0.0209 +/- 0.0008, % updates: 3.319%
INFO:root:-- EPOCH 34 (1.549 seconds):
INFO:root:COST >> 0.0209 +/- 0.001, % updates: 3.283%
INFO:root:-- EPOCH 35 (1.566 seconds):
INFO:root:COST >> 0.0202 +/- 0.0006, % updates: 3.181%
INFO:root:-- EPOCH 36 (1.614 seconds):
INFO:root:COST >> 0.0192 +/- 0.0009, % updates: 3.054%
INFO:root:-- EPOCH 37 (1.651 seconds):
INFO:root:COST >> 0.0188 +/- 0.0009, % updates: 2.979%
INFO:root:-- EPOCH 38 (1.54 seconds):
INFO:root:COST >> 0.0189 +/- 0.0008, % updates: 2.998%
INFO:root:-- EPOCH 39 (1.58 seconds):
INFO:root:COST >> 0.018 +/- 0.0013, % updates: 2.851%
INFO:root:-- EPOCH 40 (1.579 seconds):
INFO:root:COST >> 0.0169 +/- 0.0009, % updates: 2.742%
INFO:root:-- EPOCH 41 (1.585 seconds):
INFO:root:COST >> 0.0173 +/- 0.0012, % updates: 2.711%
INFO:root:-- EPOCH 42 (1.582 seconds):
INFO:root:COST >> 0.0168 +/- 0.0005, % updates: 2.694%
INFO:root:-- EPOCH 43 (1.622 seconds):
INFO:root:COST >> 0.0165 +/- 0.0007, % updates: 2.682%
INFO:root:-- EPOCH 44 (1.607 seconds):
INFO:root:COST >> 0.0158 +/- 0.001, % updates: 2.548%
INFO:root:-- EPOCH 45 (1.53 seconds):
INFO:root:COST >> 0.0154 +/- 0.0006, % updates: 2.481%
INFO:root:-- EPOCH 46 (1.562 seconds):
INFO:root:COST >> 0.0151 +/- 0.0009, % updates: 2.497%
INFO:root:-- EPOCH 47 (1.593 seconds):
INFO:root:COST >> 0.0149 +/- 0.0006, % updates: 2.449%
INFO:root:-- EPOCH 48 (1.523 seconds):
INFO:root:COST >> 0.0148 +/- 0.0004, % updates: 2.414%
INFO:root:-- EPOCH 49 (1.565 seconds):
INFO:root:COST >> 0.014 +/- 0.0006, % updates: 2.331%
INFO:root:-- EPOCH 50 (1.833 seconds):
INFO:root:COST >> 0.0135 +/- 0.0009, % updates: 2.254%
INFO:root:-- EPOCH 51 (1.726 seconds):
INFO:root:COST >> 0.0137 +/- 0.0004, % updates: 2.284%
INFO:root:-- EPOCH 52 (1.661 seconds):
INFO:root:COST >> 0.0133 +/- 0.0008, % updates: 2.216%
INFO:root:-- EPOCH 53 (1.796 seconds):
INFO:root:COST >> 0.0134 +/- 0.0004, % updates: 2.204%
INFO:root:-- EPOCH 54 (2.003 seconds):
INFO:root:COST >> 0.0131 +/- 0.0006, % updates: 2.169%
INFO:root:-- EPOCH 55 (2.099 seconds):
INFO:root:COST >> 0.0132 +/- 0.0008, % updates: 2.173%
INFO:root:-- EPOCH 56 (2.864 seconds):
INFO:root:COST >> 0.0125 +/- 0.0006, % updates: 2.098%
INFO:root:-- EPOCH 57 (2.372 seconds):
INFO:root:COST >> 0.0126 +/- 0.0007, % updates: 2.075%
INFO:root:-- EPOCH 58 (1.893 seconds):
INFO:root:COST >> 0.0125 +/- 0.0009, % updates: 2.063%
INFO:root:-- EPOCH 59 (1.866 seconds):
INFO:root:COST >> 0.0124 +/- 0.0006, % updates: 2.028%
INFO:root:-- EPOCH 60 (1.814 seconds):
INFO:root:COST >> 0.0113 +/- 0.0006, % updates: 1.939%
INFO:root:-- EPOCH 61 (1.731 seconds):
INFO:root:COST >> 0.0113 +/- 0.0004, % updates: 1.906%
INFO:root:-- EPOCH 62 (1.684 seconds):
INFO:root:COST >> 0.0116 +/- 0.0011, % updates: 1.888%
INFO:root:-- EPOCH 63 (1.707 seconds):
INFO:root:COST >> 0.0117 +/- 0.0005, % updates: 1.956%
INFO:root:-- EPOCH 64 (1.734 seconds):
INFO:root:COST >> 0.0114 +/- 0.0007, % updates: 1.858%
INFO:root:-- EPOCH 65 (1.731 seconds):
INFO:root:COST >> 0.011 +/- 0.0007, % updates: 1.858%
INFO:root:-- EPOCH 66 (1.73 seconds):
INFO:root:COST >> 0.0109 +/- 0.0007, % updates: 1.828%
INFO:root:-- EPOCH 67 (1.718 seconds):
INFO:root:COST >> 0.0111 +/- 0.0005, % updates: 1.85%
INFO:root:-- EPOCH 68 (1.737 seconds):
INFO:root:COST >> 0.0109 +/- 0.0007, % updates: 1.808%
INFO:root:-- EPOCH 69 (1.748 seconds):
INFO:root:COST >> 0.0101 +/- 0.0003, % updates: 1.74%
INFO:root:-- EPOCH 70 (1.71 seconds):
INFO:root:COST >> 0.01 +/- 0.0006, % updates: 1.701%
INFO:root:-- EPOCH 71 (1.759 seconds):
INFO:root:COST >> 0.01 +/- 0.0005, % updates: 1.696%
INFO:root:-- EPOCH 72 (1.776 seconds):
INFO:root:COST >> 0.0104 +/- 0.0004, % updates: 1.754%
INFO:root:-- EPOCH 73 (1.919 seconds):
INFO:root:COST >> 0.01 +/- 0.0006, % updates: 1.675%
INFO:root:-- EPOCH 74 (2.184 seconds):
INFO:root:COST >> 0.0101 +/- 0.0006, % updates: 1.683%
INFO:root:-- EPOCH 75 (2.127 seconds):
INFO:root:COST >> 0.0098 +/- 0.0006, % updates: 1.646%
INFO:root:-- EPOCH 76 (2.134 seconds):
INFO:root:COST >> 0.0093 +/- 0.0004, % updates: 1.606%
INFO:root:-- EPOCH 77 (2.164 seconds):
INFO:root:COST >> 0.0098 +/- 0.0005, % updates: 1.64%
INFO:root:-- EPOCH 78 (2.143 seconds):
INFO:root:COST >> 0.0094 +/- 0.0005, % updates: 1.576%
INFO:root:-- EPOCH 79 (2.191 seconds):
INFO:root:COST >> 0.0091 +/- 0.0007, % updates: 1.553%
INFO:root:-- EPOCH 80 (2.155 seconds):
INFO:root:COST >> 0.0089 +/- 0.0006, % updates: 1.562%
INFO:root:-- EPOCH 81 (2.238 seconds):
INFO:root:COST >> 0.009 +/- 0.0007, % updates: 1.536%
INFO:root:-- EPOCH 82 (2.264 seconds):
INFO:root:COST >> 0.0088 +/- 0.0004, % updates: 1.521%
INFO:root:-- EPOCH 83 (1.925 seconds):
INFO:root:COST >> 0.0088 +/- 0.0006, % updates: 1.51%
INFO:root:-- EPOCH 84 (1.971 seconds):
INFO:root:COST >> 0.0091 +/- 0.0004, % updates: 1.513%
INFO:root:-- EPOCH 85 (1.976 seconds):
INFO:root:COST >> 0.0088 +/- 0.0005, % updates: 1.506%
INFO:root:-- EPOCH 86 (1.97 seconds):
INFO:root:COST >> 0.0086 +/- 0.0005, % updates: 1.491%
INFO:root:-- EPOCH 87 (1.951 seconds):
INFO:root:COST >> 0.0084 +/- 0.0006, % updates: 1.466%
INFO:root:-- EPOCH 88 (1.966 seconds):
INFO:root:COST >> 0.0083 +/- 0.0004, % updates: 1.427%
INFO:root:-- EPOCH 89 (1.926 seconds):
INFO:root:COST >> 0.0084 +/- 0.0003, % updates: 1.437%
INFO:root:-- EPOCH 90 (1.973 seconds):
INFO:root:COST >> 0.0082 +/- 0.0004, % updates: 1.392%
INFO:root:-- EPOCH 91 (1.897 seconds):
INFO:root:COST >> 0.0082 +/- 0.0005, % updates: 1.409%
INFO:root:-- EPOCH 92 (1.9 seconds):
INFO:root:COST >> 0.0083 +/- 0.0005, % updates: 1.407%
INFO:root:-- EPOCH 93 (2.056 seconds):
INFO:root:COST >> 0.0083 +/- 0.0006, % updates: 1.452%
INFO:root:-- EPOCH 94 (2.0 seconds):
INFO:root:COST >> 0.0083 +/- 0.0005, % updates: 1.386%
INFO:root:-- EPOCH 95 (1.939 seconds):
INFO:root:COST >> 0.0084 +/- 0.0003, % updates: 1.394%
INFO:root:-- EPOCH 96 (2.004 seconds):
INFO:root:COST >> 0.0083 +/- 0.0007, % updates: 1.389%
INFO:root:-- EPOCH 97 (1.887 seconds):
INFO:root:COST >> 0.0078 +/- 0.0004, % updates: 1.33%
INFO:root:-- EPOCH 98 (1.876 seconds):
INFO:root:COST >> 0.008 +/- 0.0006, % updates: 1.355%
INFO:root:-- EPOCH 99 (1.97 seconds):
INFO:root:COST >> 0.0076 +/- 0.0006, % updates: 1.319%
INFO:root:-- EPOCH 100 (1.953 seconds):
INFO:root:COST >> 0.0078 +/- 0.0004, % updates: 1.337%
