INFO:root:Shape for training set: (40961, 141442)
INFO:root:State: {'ndim': '20', 'test_all': 'None', 'test_path': 'None', 'nhid': '50', 'lremb': '1e-06', 'seed': '5', 'simfn': 'L1', 'valid_path': 'None', 'nbatches': '10', 'lrparam': '1e-06', 'decay': '0.999', 'show_hinton_diagrams': 'False', 'no_rescaling': 'True', 'Nrel': '18', 'ranking_score_right': 'False', 'Nent': '40961', 'Nsyn': '40943', 'method': 'ADAGRAD', 'loss_margin': '1.0', 'C': '1.0', 'epsilon': '1e-06', 'use_db': 'True', 'max_lr': 'None', 'l1_param_weight': 'None', 'filtered': 'False', 'name': 'wn_opt/wn_ADAGRAD_5', 'totepochs': '100', 'l2_param_weight': 'None', 'train_path': 'data/wn/WN-train.pkl', 'op': 'TransE'}
INFO:root:Starting the Experiment ..
INFO:root:-- EPOCH 1 (1.537 seconds):
INFO:root:COST >> 2.2039 +/- 0.0089, % updates: 81.411%
INFO:root:-- EPOCH 2 (1.524 seconds):
INFO:root:COST >> 2.2112 +/- 0.0126, % updates: 81.413%
INFO:root:-- EPOCH 3 (1.519 seconds):
INFO:root:COST >> 2.2079 +/- 0.0083, % updates: 81.336%
INFO:root:-- EPOCH 4 (1.48 seconds):
INFO:root:COST >> 2.2086 +/- 0.0157, % updates: 81.458%
INFO:root:-- EPOCH 5 (1.527 seconds):
INFO:root:COST >> 2.2023 +/- 0.0122, % updates: 81.392%
INFO:root:-- EPOCH 6 (1.525 seconds):
INFO:root:COST >> 2.2113 +/- 0.0115, % updates: 81.534%
INFO:root:-- EPOCH 7 (1.506 seconds):
INFO:root:COST >> 2.2076 +/- 0.0149, % updates: 81.451%
INFO:root:-- EPOCH 8 (1.495 seconds):
INFO:root:COST >> 2.2052 +/- 0.0129, % updates: 81.456%
INFO:root:-- EPOCH 9 (1.546 seconds):
INFO:root:COST >> 2.206 +/- 0.0067, % updates: 81.454%
INFO:root:-- EPOCH 10 (1.489 seconds):
INFO:root:COST >> 2.2033 +/- 0.0102, % updates: 81.394%
INFO:root:-- EPOCH 11 (1.506 seconds):
INFO:root:COST >> 2.2062 +/- 0.0092, % updates: 81.424%
INFO:root:-- EPOCH 12 (1.494 seconds):
INFO:root:COST >> 2.202 +/- 0.0111, % updates: 81.367%
INFO:root:-- EPOCH 13 (1.482 seconds):
INFO:root:COST >> 2.2052 +/- 0.0093, % updates: 81.391%
INFO:root:-- EPOCH 14 (1.527 seconds):
INFO:root:COST >> 2.2027 +/- 0.0102, % updates: 81.424%
INFO:root:-- EPOCH 15 (1.503 seconds):
INFO:root:COST >> 2.2031 +/- 0.0125, % updates: 81.363%
INFO:root:-- EPOCH 16 (1.506 seconds):
INFO:root:COST >> 2.2071 +/- 0.0091, % updates: 81.353%
INFO:root:-- EPOCH 17 (1.49 seconds):
INFO:root:COST >> 2.2049 +/- 0.01, % updates: 81.389%
INFO:root:-- EPOCH 18 (1.466 seconds):
INFO:root:COST >> 2.2047 +/- 0.0121, % updates: 81.414%
INFO:root:-- EPOCH 19 (1.489 seconds):
INFO:root:COST >> 2.2076 +/- 0.0105, % updates: 81.459%
INFO:root:-- EPOCH 20 (1.453 seconds):
INFO:root:COST >> 2.2051 +/- 0.0077, % updates: 81.399%
INFO:root:-- EPOCH 21 (1.474 seconds):
INFO:root:COST >> 2.2001 +/- 0.013, % updates: 81.333%
INFO:root:-- EPOCH 22 (1.485 seconds):
INFO:root:COST >> 2.2046 +/- 0.0082, % updates: 81.403%
INFO:root:-- EPOCH 23 (1.475 seconds):
INFO:root:COST >> 2.2029 +/- 0.0129, % updates: 81.413%
INFO:root:-- EPOCH 24 (1.516 seconds):
INFO:root:COST >> 2.2088 +/- 0.0116, % updates: 81.468%
INFO:root:-- EPOCH 25 (1.465 seconds):
INFO:root:COST >> 2.2059 +/- 0.0128, % updates: 81.461%
INFO:root:-- EPOCH 26 (1.51 seconds):
INFO:root:COST >> 2.207 +/- 0.0109, % updates: 81.404%
INFO:root:-- EPOCH 27 (1.502 seconds):
INFO:root:COST >> 2.2066 +/- 0.0096, % updates: 81.506%
INFO:root:-- EPOCH 28 (1.48 seconds):
INFO:root:COST >> 2.2077 +/- 0.0114, % updates: 81.38%
INFO:root:-- EPOCH 29 (1.493 seconds):
INFO:root:COST >> 2.2026 +/- 0.0079, % updates: 81.434%
INFO:root:-- EPOCH 30 (1.501 seconds):
INFO:root:COST >> 2.2059 +/- 0.0079, % updates: 81.551%
INFO:root:-- EPOCH 31 (1.471 seconds):
INFO:root:COST >> 2.2052 +/- 0.013, % updates: 81.448%
INFO:root:-- EPOCH 32 (1.487 seconds):
INFO:root:COST >> 2.2006 +/- 0.0087, % updates: 81.412%
INFO:root:-- EPOCH 33 (1.515 seconds):
INFO:root:COST >> 2.2061 +/- 0.0149, % updates: 81.367%
INFO:root:-- EPOCH 34 (1.654 seconds):
INFO:root:COST >> 2.2078 +/- 0.009, % updates: 81.462%
INFO:root:-- EPOCH 35 (1.552 seconds):
INFO:root:COST >> 2.2089 +/- 0.0124, % updates: 81.543%
INFO:root:-- EPOCH 36 (1.545 seconds):
INFO:root:COST >> 2.2078 +/- 0.0092, % updates: 81.33%
INFO:root:-- EPOCH 37 (1.503 seconds):
INFO:root:COST >> 2.2074 +/- 0.0157, % updates: 81.441%
INFO:root:-- EPOCH 38 (1.611 seconds):
INFO:root:COST >> 2.2018 +/- 0.008, % updates: 81.431%
INFO:root:-- EPOCH 39 (1.488 seconds):
INFO:root:COST >> 2.2051 +/- 0.0123, % updates: 81.359%
INFO:root:-- EPOCH 40 (1.524 seconds):
INFO:root:COST >> 2.2049 +/- 0.012, % updates: 81.389%
INFO:root:-- EPOCH 41 (1.488 seconds):
INFO:root:COST >> 2.205 +/- 0.0076, % updates: 81.483%
INFO:root:-- EPOCH 42 (1.509 seconds):
INFO:root:COST >> 2.2071 +/- 0.0117, % updates: 81.313%
INFO:root:-- EPOCH 43 (1.604 seconds):
INFO:root:COST >> 2.2062 +/- 0.0104, % updates: 81.371%
INFO:root:-- EPOCH 44 (1.517 seconds):
INFO:root:COST >> 2.209 +/- 0.0144, % updates: 81.421%
INFO:root:-- EPOCH 45 (1.504 seconds):
INFO:root:COST >> 2.2032 +/- 0.0127, % updates: 81.436%
INFO:root:-- EPOCH 46 (1.574 seconds):
INFO:root:COST >> 2.2019 +/- 0.0146, % updates: 81.337%
INFO:root:-- EPOCH 47 (1.628 seconds):
INFO:root:COST >> 2.2047 +/- 0.0116, % updates: 81.463%
INFO:root:-- EPOCH 48 (1.627 seconds):
INFO:root:COST >> 2.2076 +/- 0.0126, % updates: 81.458%
INFO:root:-- EPOCH 49 (1.563 seconds):
INFO:root:COST >> 2.205 +/- 0.0127, % updates: 81.366%
INFO:root:-- EPOCH 50 (1.655 seconds):
INFO:root:COST >> 2.2045 +/- 0.0098, % updates: 81.334%
INFO:root:-- EPOCH 51 (1.563 seconds):
INFO:root:COST >> 2.2093 +/- 0.008, % updates: 81.372%
INFO:root:-- EPOCH 52 (1.557 seconds):
INFO:root:COST >> 2.2079 +/- 0.0154, % updates: 81.479%
INFO:root:-- EPOCH 53 (1.602 seconds):
INFO:root:COST >> 2.2034 +/- 0.0106, % updates: 81.358%
INFO:root:-- EPOCH 54 (1.759 seconds):
INFO:root:COST >> 2.207 +/- 0.0103, % updates: 81.454%
INFO:root:-- EPOCH 55 (1.753 seconds):
INFO:root:COST >> 2.2092 +/- 0.014, % updates: 81.454%
INFO:root:-- EPOCH 56 (1.654 seconds):
INFO:root:COST >> 2.2049 +/- 0.0124, % updates: 81.378%
INFO:root:-- EPOCH 57 (1.669 seconds):
INFO:root:COST >> 2.2057 +/- 0.0166, % updates: 81.525%
INFO:root:-- EPOCH 58 (1.651 seconds):
INFO:root:COST >> 2.2055 +/- 0.0123, % updates: 81.343%
INFO:root:-- EPOCH 59 (1.535 seconds):
INFO:root:COST >> 2.207 +/- 0.0111, % updates: 81.37%
INFO:root:-- EPOCH 60 (1.528 seconds):
INFO:root:COST >> 2.2028 +/- 0.0082, % updates: 81.461%
INFO:root:-- EPOCH 61 (1.547 seconds):
INFO:root:COST >> 2.2124 +/- 0.0097, % updates: 81.484%
INFO:root:-- EPOCH 62 (1.523 seconds):
INFO:root:COST >> 2.2074 +/- 0.0124, % updates: 81.452%
INFO:root:-- EPOCH 63 (1.546 seconds):
INFO:root:COST >> 2.2096 +/- 0.0132, % updates: 81.384%
INFO:root:-- EPOCH 64 (1.521 seconds):
INFO:root:COST >> 2.203 +/- 0.0151, % updates: 81.325%
INFO:root:-- EPOCH 65 (1.526 seconds):
INFO:root:COST >> 2.2078 +/- 0.0129, % updates: 81.477%
INFO:root:-- EPOCH 66 (1.489 seconds):
INFO:root:COST >> 2.2089 +/- 0.0174, % updates: 81.451%
INFO:root:-- EPOCH 67 (1.564 seconds):
INFO:root:COST >> 2.2081 +/- 0.0186, % updates: 81.414%
INFO:root:-- EPOCH 68 (1.513 seconds):
INFO:root:COST >> 2.2055 +/- 0.0139, % updates: 81.396%
INFO:root:-- EPOCH 69 (1.551 seconds):
INFO:root:COST >> 2.2054 +/- 0.0109, % updates: 81.395%
INFO:root:-- EPOCH 70 (1.499 seconds):
INFO:root:COST >> 2.2077 +/- 0.0091, % updates: 81.421%
INFO:root:-- EPOCH 71 (1.503 seconds):
INFO:root:COST >> 2.2068 +/- 0.021, % updates: 81.491%
INFO:root:-- EPOCH 72 (1.514 seconds):
INFO:root:COST >> 2.2026 +/- 0.0137, % updates: 81.305%
INFO:root:-- EPOCH 73 (1.551 seconds):
INFO:root:COST >> 2.2011 +/- 0.0102, % updates: 81.362%
INFO:root:-- EPOCH 74 (1.526 seconds):
INFO:root:COST >> 2.204 +/- 0.0092, % updates: 81.464%
INFO:root:-- EPOCH 75 (1.504 seconds):
INFO:root:COST >> 2.2083 +/- 0.0074, % updates: 81.413%
INFO:root:-- EPOCH 76 (1.558 seconds):
INFO:root:COST >> 2.2005 +/- 0.0105, % updates: 81.366%
INFO:root:-- EPOCH 77 (1.479 seconds):
INFO:root:COST >> 2.2065 +/- 0.0125, % updates: 81.472%
INFO:root:-- EPOCH 78 (1.547 seconds):
INFO:root:COST >> 2.2038 +/- 0.0084, % updates: 81.44%
INFO:root:-- EPOCH 79 (1.483 seconds):
INFO:root:COST >> 2.2049 +/- 0.0084, % updates: 81.456%
INFO:root:-- EPOCH 80 (1.522 seconds):
INFO:root:COST >> 2.2044 +/- 0.012, % updates: 81.262%
INFO:root:-- EPOCH 81 (1.552 seconds):
INFO:root:COST >> 2.2046 +/- 0.0099, % updates: 81.431%
INFO:root:-- EPOCH 82 (1.841 seconds):
INFO:root:COST >> 2.2029 +/- 0.0147, % updates: 81.495%
INFO:root:-- EPOCH 83 (1.79 seconds):
INFO:root:COST >> 2.2056 +/- 0.0126, % updates: 81.477%
INFO:root:-- EPOCH 84 (1.89 seconds):
INFO:root:COST >> 2.2105 +/- 0.0087, % updates: 81.418%
INFO:root:-- EPOCH 85 (1.582 seconds):
INFO:root:COST >> 2.2071 +/- 0.012, % updates: 81.39%
INFO:root:-- EPOCH 86 (1.584 seconds):
INFO:root:COST >> 2.2083 +/- 0.0097, % updates: 81.494%
INFO:root:-- EPOCH 87 (1.513 seconds):
INFO:root:COST >> 2.2041 +/- 0.0114, % updates: 81.435%
INFO:root:-- EPOCH 88 (1.612 seconds):
INFO:root:COST >> 2.2022 +/- 0.0046, % updates: 81.348%
INFO:root:-- EPOCH 89 (1.673 seconds):
INFO:root:COST >> 2.2054 +/- 0.0147, % updates: 81.483%
INFO:root:-- EPOCH 90 (1.513 seconds):
INFO:root:COST >> 2.2062 +/- 0.014, % updates: 81.37%
INFO:root:-- EPOCH 91 (1.507 seconds):
INFO:root:COST >> 2.2037 +/- 0.0147, % updates: 81.358%
INFO:root:-- EPOCH 92 (1.53 seconds):
INFO:root:COST >> 2.2072 +/- 0.0075, % updates: 81.435%
INFO:root:-- EPOCH 93 (1.479 seconds):
INFO:root:COST >> 2.2066 +/- 0.0081, % updates: 81.417%
INFO:root:-- EPOCH 94 (1.51 seconds):
INFO:root:COST >> 2.2084 +/- 0.0104, % updates: 81.484%
INFO:root:-- EPOCH 95 (1.509 seconds):
INFO:root:COST >> 2.2113 +/- 0.0125, % updates: 81.413%
INFO:root:-- EPOCH 96 (1.481 seconds):
INFO:root:COST >> 2.2032 +/- 0.0066, % updates: 81.348%
INFO:root:-- EPOCH 97 (1.519 seconds):
INFO:root:COST >> 2.2057 +/- 0.0123, % updates: 81.346%
INFO:root:-- EPOCH 98 (1.786 seconds):
INFO:root:COST >> 2.2065 +/- 0.0101, % updates: 81.482%
INFO:root:-- EPOCH 99 (2.168 seconds):
INFO:root:COST >> 2.2054 +/- 0.0079, % updates: 81.467%
INFO:root:-- EPOCH 100 (1.803 seconds):
INFO:root:COST >> 2.2072 +/- 0.0115, % updates: 81.439%
