INFO:root:Shape for training set: (40961, 141442)
INFO:root:State: {'ndim': '20', 'test_all': 'None', 'test_path': 'None', 'nhid': '50', 'lremb': '1.0', 'seed': '8', 'simfn': 'L1', 'valid_path': 'None', 'nbatches': '10', 'lrparam': '1.0', 'decay': '0.9', 'show_hinton_diagrams': 'False', 'no_rescaling': 'True', 'Nrel': '18', 'ranking_score_right': 'False', 'Nent': '40961', 'Nsyn': '40943', 'method': 'ADADELTA', 'loss_margin': '1.0', 'C': '1.0', 'epsilon': '1e-06', 'use_db': 'True', 'max_lr': 'None', 'l1_param_weight': 'None', 'filtered': 'False', 'name': 'wn_opt/wn_ADADELTA_38', 'totepochs': '100', 'l2_param_weight': 'None', 'train_path': 'data/wn/WN-train.pkl', 'op': 'TransE'}
INFO:root:Starting the Experiment ..
INFO:root:-- EPOCH 1 (1.818 seconds):
INFO:root:COST >> 2.1955 +/- 0.0181, % updates: 81.393%
INFO:root:-- EPOCH 2 (2.078 seconds):
INFO:root:COST >> 2.066 +/- 0.0211, % updates: 79.691%
INFO:root:-- EPOCH 3 (1.732 seconds):
INFO:root:COST >> 1.9478 +/- 0.0144, % updates: 78.008%
INFO:root:-- EPOCH 4 (1.246 seconds):
INFO:root:COST >> 1.8236 +/- 0.017, % updates: 76.012%
INFO:root:-- EPOCH 5 (1.257 seconds):
INFO:root:COST >> 1.7129 +/- 0.0199, % updates: 74.05%
INFO:root:-- EPOCH 6 (1.301 seconds):
INFO:root:COST >> 1.6042 +/- 0.0103, % updates: 71.809%
INFO:root:-- EPOCH 7 (1.379 seconds):
INFO:root:COST >> 1.4984 +/- 0.0161, % updates: 69.581%
INFO:root:-- EPOCH 8 (1.825 seconds):
INFO:root:COST >> 1.4 +/- 0.0135, % updates: 67.396%
INFO:root:-- EPOCH 9 (1.577 seconds):
INFO:root:COST >> 1.3112 +/- 0.0107, % updates: 65.219%
INFO:root:-- EPOCH 10 (1.623 seconds):
INFO:root:COST >> 1.2249 +/- 0.0157, % updates: 63.038%
INFO:root:-- EPOCH 11 (1.567 seconds):
INFO:root:COST >> 1.1444 +/- 0.0135, % updates: 60.936%
INFO:root:-- EPOCH 12 (1.606 seconds):
INFO:root:COST >> 1.0664 +/- 0.0099, % updates: 58.639%
INFO:root:-- EPOCH 13 (1.595 seconds):
INFO:root:COST >> 0.9999 +/- 0.0064, % updates: 56.642%
INFO:root:-- EPOCH 14 (1.582 seconds):
INFO:root:COST >> 0.9346 +/- 0.0089, % updates: 54.49%
INFO:root:-- EPOCH 15 (1.584 seconds):
INFO:root:COST >> 0.8745 +/- 0.0092, % updates: 52.54%
INFO:root:-- EPOCH 16 (1.62 seconds):
INFO:root:COST >> 0.8157 +/- 0.0087, % updates: 50.463%
INFO:root:-- EPOCH 17 (1.573 seconds):
INFO:root:COST >> 0.7591 +/- 0.0084, % updates: 48.42%
INFO:root:-- EPOCH 18 (1.598 seconds):
INFO:root:COST >> 0.7108 +/- 0.0083, % updates: 46.628%
INFO:root:-- EPOCH 19 (1.599 seconds):
INFO:root:COST >> 0.6696 +/- 0.0083, % updates: 45.048%
INFO:root:-- EPOCH 20 (1.59 seconds):
INFO:root:COST >> 0.6251 +/- 0.0042, % updates: 43.19%
INFO:root:-- EPOCH 21 (1.554 seconds):
INFO:root:COST >> 0.5889 +/- 0.0064, % updates: 41.464%
INFO:root:-- EPOCH 22 (1.585 seconds):
INFO:root:COST >> 0.5522 +/- 0.0059, % updates: 39.963%
INFO:root:-- EPOCH 23 (1.574 seconds):
INFO:root:COST >> 0.5158 +/- 0.0056, % updates: 38.246%
INFO:root:-- EPOCH 24 (1.589 seconds):
INFO:root:COST >> 0.4866 +/- 0.0053, % updates: 36.803%
INFO:root:-- EPOCH 25 (1.554 seconds):
INFO:root:COST >> 0.4554 +/- 0.004, % updates: 35.281%
INFO:root:-- EPOCH 26 (1.576 seconds):
INFO:root:COST >> 0.4306 +/- 0.0051, % updates: 33.943%
INFO:root:-- EPOCH 27 (1.568 seconds):
INFO:root:COST >> 0.4067 +/- 0.0056, % updates: 32.726%
INFO:root:-- EPOCH 28 (1.578 seconds):
INFO:root:COST >> 0.3852 +/- 0.0054, % updates: 31.669%
INFO:root:-- EPOCH 29 (1.568 seconds):
INFO:root:COST >> 0.365 +/- 0.0055, % updates: 30.479%
INFO:root:-- EPOCH 30 (1.559 seconds):
INFO:root:COST >> 0.3447 +/- 0.0042, % updates: 29.341%
INFO:root:-- EPOCH 31 (1.589 seconds):
INFO:root:COST >> 0.3285 +/- 0.0055, % updates: 28.41%
INFO:root:-- EPOCH 32 (1.544 seconds):
INFO:root:COST >> 0.3126 +/- 0.0038, % updates: 27.454%
INFO:root:-- EPOCH 33 (1.563 seconds):
INFO:root:COST >> 0.2984 +/- 0.004, % updates: 26.636%
INFO:root:-- EPOCH 34 (1.597 seconds):
INFO:root:COST >> 0.2831 +/- 0.0041, % updates: 25.635%
INFO:root:-- EPOCH 35 (1.585 seconds):
INFO:root:COST >> 0.2706 +/- 0.003, % updates: 24.823%
INFO:root:-- EPOCH 36 (1.557 seconds):
INFO:root:COST >> 0.2585 +/- 0.0027, % updates: 24.165%
INFO:root:-- EPOCH 37 (1.597 seconds):
INFO:root:COST >> 0.2491 +/- 0.005, % updates: 23.462%
INFO:root:-- EPOCH 38 (1.575 seconds):
INFO:root:COST >> 0.236 +/- 0.0037, % updates: 22.679%
INFO:root:-- EPOCH 39 (1.572 seconds):
INFO:root:COST >> 0.226 +/- 0.0028, % updates: 21.866%
INFO:root:-- EPOCH 40 (1.567 seconds):
INFO:root:COST >> 0.2184 +/- 0.0023, % updates: 21.277%
INFO:root:-- EPOCH 41 (1.582 seconds):
INFO:root:COST >> 0.208 +/- 0.0027, % updates: 20.702%
INFO:root:-- EPOCH 42 (1.58 seconds):
INFO:root:COST >> 0.2 +/- 0.002, % updates: 20.177%
INFO:root:-- EPOCH 43 (1.635 seconds):
INFO:root:COST >> 0.1933 +/- 0.0029, % updates: 19.563%
INFO:root:-- EPOCH 44 (1.537 seconds):
INFO:root:COST >> 0.1856 +/- 0.0032, % updates: 19.025%
INFO:root:-- EPOCH 45 (1.554 seconds):
INFO:root:COST >> 0.1775 +/- 0.0024, % updates: 18.414%
INFO:root:-- EPOCH 46 (1.613 seconds):
INFO:root:COST >> 0.1731 +/- 0.002, % updates: 18.093%
INFO:root:-- EPOCH 47 (1.606 seconds):
INFO:root:COST >> 0.1677 +/- 0.0034, % updates: 17.687%
INFO:root:-- EPOCH 48 (1.588 seconds):
INFO:root:COST >> 0.1613 +/- 0.0028, % updates: 17.111%
INFO:root:-- EPOCH 49 (1.59 seconds):
INFO:root:COST >> 0.1554 +/- 0.0033, % updates: 16.674%
INFO:root:-- EPOCH 50 (1.571 seconds):
INFO:root:COST >> 0.1503 +/- 0.0024, % updates: 16.349%
INFO:root:-- EPOCH 51 (1.597 seconds):
INFO:root:COST >> 0.1454 +/- 0.0023, % updates: 15.887%
INFO:root:-- EPOCH 52 (1.575 seconds):
INFO:root:COST >> 0.1397 +/- 0.0025, % updates: 15.462%
INFO:root:-- EPOCH 53 (1.586 seconds):
INFO:root:COST >> 0.1362 +/- 0.0028, % updates: 15.224%
INFO:root:-- EPOCH 54 (1.59 seconds):
INFO:root:COST >> 0.132 +/- 0.0031, % updates: 14.835%
INFO:root:-- EPOCH 55 (1.533 seconds):
INFO:root:COST >> 0.1276 +/- 0.0026, % updates: 14.54%
INFO:root:-- EPOCH 56 (1.552 seconds):
INFO:root:COST >> 0.1239 +/- 0.0022, % updates: 14.203%
INFO:root:-- EPOCH 57 (1.603 seconds):
INFO:root:COST >> 0.1208 +/- 0.0023, % updates: 13.898%
INFO:root:-- EPOCH 58 (1.572 seconds):
INFO:root:COST >> 0.1169 +/- 0.003, % updates: 13.597%
INFO:root:-- EPOCH 59 (1.536 seconds):
INFO:root:COST >> 0.1134 +/- 0.0026, % updates: 13.252%
INFO:root:-- EPOCH 60 (1.575 seconds):
INFO:root:COST >> 0.1112 +/- 0.0028, % updates: 13.085%
INFO:root:-- EPOCH 61 (1.569 seconds):
INFO:root:COST >> 0.1058 +/- 0.0024, % updates: 12.575%
INFO:root:-- EPOCH 62 (1.606 seconds):
INFO:root:COST >> 0.1058 +/- 0.0021, % updates: 12.571%
INFO:root:-- EPOCH 63 (1.546 seconds):
INFO:root:COST >> 0.1019 +/- 0.0022, % updates: 12.234%
INFO:root:-- EPOCH 64 (1.56 seconds):
INFO:root:COST >> 0.099 +/- 0.0015, % updates: 11.901%
INFO:root:-- EPOCH 65 (1.55 seconds):
INFO:root:COST >> 0.0967 +/- 0.0018, % updates: 11.739%
INFO:root:-- EPOCH 66 (1.575 seconds):
INFO:root:COST >> 0.0951 +/- 0.0025, % updates: 11.562%
INFO:root:-- EPOCH 67 (1.569 seconds):
INFO:root:COST >> 0.0922 +/- 0.0028, % updates: 11.342%
INFO:root:-- EPOCH 68 (1.537 seconds):
INFO:root:COST >> 0.0897 +/- 0.0024, % updates: 11.069%
INFO:root:-- EPOCH 69 (1.562 seconds):
INFO:root:COST >> 0.088 +/- 0.002, % updates: 10.962%
INFO:root:-- EPOCH 70 (1.581 seconds):
INFO:root:COST >> 0.0868 +/- 0.0019, % updates: 10.806%
INFO:root:-- EPOCH 71 (1.546 seconds):
INFO:root:COST >> 0.0833 +/- 0.0024, % updates: 10.541%
INFO:root:-- EPOCH 72 (1.573 seconds):
INFO:root:COST >> 0.0819 +/- 0.0019, % updates: 10.421%
INFO:root:-- EPOCH 73 (1.554 seconds):
INFO:root:COST >> 0.0809 +/- 0.0018, % updates: 10.239%
INFO:root:-- EPOCH 74 (1.553 seconds):
INFO:root:COST >> 0.0781 +/- 0.0024, % updates: 9.932%
INFO:root:-- EPOCH 75 (1.596 seconds):
INFO:root:COST >> 0.0774 +/- 0.0018, % updates: 9.874%
INFO:root:-- EPOCH 76 (1.597 seconds):
INFO:root:COST >> 0.0759 +/- 0.0028, % updates: 9.716%
INFO:root:-- EPOCH 77 (1.557 seconds):
INFO:root:COST >> 0.0739 +/- 0.0022, % updates: 9.517%
INFO:root:-- EPOCH 78 (1.587 seconds):
INFO:root:COST >> 0.0715 +/- 0.0011, % updates: 9.299%
INFO:root:-- EPOCH 79 (1.592 seconds):
INFO:root:COST >> 0.0703 +/- 0.0017, % updates: 9.23%
INFO:root:-- EPOCH 80 (1.594 seconds):
INFO:root:COST >> 0.0697 +/- 0.0013, % updates: 9.127%
INFO:root:-- EPOCH 81 (1.598 seconds):
INFO:root:COST >> 0.0682 +/- 0.0018, % updates: 8.938%
INFO:root:-- EPOCH 82 (1.529 seconds):
INFO:root:COST >> 0.0663 +/- 0.0015, % updates: 8.807%
INFO:root:-- EPOCH 83 (1.562 seconds):
INFO:root:COST >> 0.066 +/- 0.0023, % updates: 8.71%
INFO:root:-- EPOCH 84 (1.537 seconds):
INFO:root:COST >> 0.0648 +/- 0.0014, % updates: 8.573%
INFO:root:-- EPOCH 85 (1.517 seconds):
INFO:root:COST >> 0.064 +/- 0.0018, % updates: 8.493%
INFO:root:-- EPOCH 86 (1.601 seconds):
INFO:root:COST >> 0.0619 +/- 0.0019, % updates: 8.285%
INFO:root:-- EPOCH 87 (1.531 seconds):
INFO:root:COST >> 0.0609 +/- 0.0012, % updates: 8.196%
INFO:root:-- EPOCH 88 (1.586 seconds):
INFO:root:COST >> 0.06 +/- 0.0017, % updates: 8.195%
INFO:root:-- EPOCH 89 (1.606 seconds):
INFO:root:COST >> 0.0589 +/- 0.0013, % updates: 7.957%
INFO:root:-- EPOCH 90 (1.557 seconds):
INFO:root:COST >> 0.0582 +/- 0.0018, % updates: 7.94%
INFO:root:-- EPOCH 91 (1.572 seconds):
INFO:root:COST >> 0.0563 +/- 0.0018, % updates: 7.751%
INFO:root:-- EPOCH 92 (1.549 seconds):
INFO:root:COST >> 0.0558 +/- 0.0019, % updates: 7.65%
INFO:root:-- EPOCH 93 (1.543 seconds):
INFO:root:COST >> 0.055 +/- 0.0009, % updates: 7.575%
INFO:root:-- EPOCH 94 (1.556 seconds):
INFO:root:COST >> 0.0543 +/- 0.0009, % updates: 7.426%
INFO:root:-- EPOCH 95 (1.603 seconds):
INFO:root:COST >> 0.0538 +/- 0.0015, % updates: 7.418%
INFO:root:-- EPOCH 96 (1.571 seconds):
INFO:root:COST >> 0.0531 +/- 0.0015, % updates: 7.339%
INFO:root:-- EPOCH 97 (1.548 seconds):
INFO:root:COST >> 0.0513 +/- 0.0015, % updates: 7.202%
INFO:root:-- EPOCH 98 (1.541 seconds):
INFO:root:COST >> 0.0503 +/- 0.0014, % updates: 7.071%
INFO:root:-- EPOCH 99 (1.563 seconds):
INFO:root:COST >> 0.0504 +/- 0.0011, % updates: 7.109%
INFO:root:-- EPOCH 100 (1.572 seconds):
INFO:root:COST >> 0.0495 +/- 0.0014, % updates: 7.037%
