INFO:root:Shape for training set: (40961, 141442)
INFO:root:State: {'ndim': '20', 'test_all': 'None', 'test_path': 'None', 'nhid': '50', 'lremb': '1.0', 'seed': '4', 'simfn': 'L1', 'valid_path': 'None', 'nbatches': '10', 'lrparam': '1.0', 'decay': '0.999', 'show_hinton_diagrams': 'False', 'no_rescaling': 'True', 'Nrel': '18', 'ranking_score_right': 'False', 'Nent': '40961', 'Nsyn': '40943', 'method': 'ADADELTA', 'loss_margin': '1.0', 'C': '1.0', 'epsilon': '0.001', 'use_db': 'True', 'max_lr': 'None', 'l1_param_weight': 'None', 'filtered': 'False', 'name': 'wn_opt/wn_ADADELTA_64', 'totepochs': '100', 'l2_param_weight': 'None', 'train_path': 'data/wn/WN-train.pkl', 'op': 'TransE'}
INFO:root:Starting the Experiment ..
INFO:root:-- EPOCH 1 (1.358 seconds):
INFO:root:COST >> 2.7973 +/- 0.2945, % updates: 67.839%
INFO:root:-- EPOCH 2 (1.597 seconds):
INFO:root:COST >> 3.0453 +/- 0.1753, % updates: 60.787%
INFO:root:-- EPOCH 3 (1.65 seconds):
INFO:root:COST >> 3.1124 +/- 0.1656, % updates: 60.416%
INFO:root:-- EPOCH 4 (1.744 seconds):
INFO:root:COST >> 3.142 +/- 0.1779, % updates: 60.58%
INFO:root:-- EPOCH 5 (1.668 seconds):
INFO:root:COST >> 3.1763 +/- 0.1509, % updates: 59.993%
INFO:root:-- EPOCH 6 (1.714 seconds):
INFO:root:COST >> 3.1779 +/- 0.1661, % updates: 59.819%
INFO:root:-- EPOCH 7 (1.719 seconds):
INFO:root:COST >> 3.1855 +/- 0.1595, % updates: 60.101%
INFO:root:-- EPOCH 8 (1.926 seconds):
INFO:root:COST >> 3.1214 +/- 0.1591, % updates: 59.702%
INFO:root:-- EPOCH 9 (1.719 seconds):
INFO:root:COST >> 3.1724 +/- 0.1533, % updates: 59.51%
INFO:root:-- EPOCH 10 (1.69 seconds):
INFO:root:COST >> 3.1761 +/- 0.1535, % updates: 59.185%
INFO:root:-- EPOCH 11 (1.748 seconds):
INFO:root:COST >> 3.1827 +/- 0.1664, % updates: 59.373%
INFO:root:-- EPOCH 12 (1.709 seconds):
INFO:root:COST >> 3.1802 +/- 0.1617, % updates: 59.363%
INFO:root:-- EPOCH 13 (1.925 seconds):
INFO:root:COST >> 3.2181 +/- 0.179, % updates: 58.33%
INFO:root:-- EPOCH 14 (1.666 seconds):
INFO:root:COST >> 3.2206 +/- 0.1598, % updates: 57.774%
INFO:root:-- EPOCH 15 (1.622 seconds):
INFO:root:COST >> 3.1937 +/- 0.1686, % updates: 57.555%
INFO:root:-- EPOCH 16 (1.682 seconds):
INFO:root:COST >> 3.2199 +/- 0.1437, % updates: 57.623%
INFO:root:-- EPOCH 17 (1.629 seconds):
INFO:root:COST >> 3.2136 +/- 0.1634, % updates: 57.568%
INFO:root:-- EPOCH 18 (1.684 seconds):
INFO:root:COST >> 3.2026 +/- 0.1698, % updates: 57.495%
INFO:root:-- EPOCH 19 (1.628 seconds):
INFO:root:COST >> 3.2072 +/- 0.1308, % updates: 57.595%
INFO:root:-- EPOCH 20 (1.624 seconds):
INFO:root:COST >> 3.1877 +/- 0.1705, % updates: 57.232%
INFO:root:-- EPOCH 21 (1.679 seconds):
INFO:root:COST >> 3.2072 +/- 0.1302, % updates: 57.231%
INFO:root:-- EPOCH 22 (1.662 seconds):
INFO:root:COST >> 3.1919 +/- 0.1561, % updates: 57.029%
INFO:root:-- EPOCH 23 (1.626 seconds):
INFO:root:COST >> 3.2136 +/- 0.1417, % updates: 57.272%
INFO:root:-- EPOCH 24 (1.667 seconds):
INFO:root:COST >> 3.1942 +/- 0.158, % updates: 56.805%
INFO:root:-- EPOCH 25 (1.68 seconds):
INFO:root:COST >> 3.2381 +/- 0.1592, % updates: 56.778%
INFO:root:-- EPOCH 26 (1.923 seconds):
INFO:root:COST >> 3.2382 +/- 0.1531, % updates: 56.903%
INFO:root:-- EPOCH 27 (1.907 seconds):
INFO:root:COST >> 3.234 +/- 0.1495, % updates: 56.707%
INFO:root:-- EPOCH 28 (1.8 seconds):
INFO:root:COST >> 3.2386 +/- 0.1462, % updates: 56.552%
INFO:root:-- EPOCH 29 (1.719 seconds):
INFO:root:COST >> 3.2219 +/- 0.1488, % updates: 56.853%
INFO:root:-- EPOCH 30 (1.714 seconds):
INFO:root:COST >> 3.2263 +/- 0.1536, % updates: 56.312%
INFO:root:-- EPOCH 31 (1.638 seconds):
INFO:root:COST >> 3.2243 +/- 0.1382, % updates: 56.428%
INFO:root:-- EPOCH 32 (1.832 seconds):
INFO:root:COST >> 3.2277 +/- 0.1416, % updates: 56.38%
INFO:root:-- EPOCH 33 (1.737 seconds):
INFO:root:COST >> 3.2272 +/- 0.1474, % updates: 56.563%
INFO:root:-- EPOCH 34 (1.631 seconds):
INFO:root:COST >> 3.2496 +/- 0.1511, % updates: 56.533%
INFO:root:-- EPOCH 35 (1.687 seconds):
INFO:root:COST >> 3.2349 +/- 0.1664, % updates: 56.238%
INFO:root:-- EPOCH 36 (1.618 seconds):
INFO:root:COST >> 3.2337 +/- 0.1528, % updates: 56.132%
INFO:root:-- EPOCH 37 (1.644 seconds):
INFO:root:COST >> 3.2358 +/- 0.1408, % updates: 56.15%
INFO:root:-- EPOCH 38 (1.718 seconds):
INFO:root:COST >> 3.2421 +/- 0.1596, % updates: 56.219%
INFO:root:-- EPOCH 39 (1.699 seconds):
INFO:root:COST >> 3.2414 +/- 0.1579, % updates: 56.167%
INFO:root:-- EPOCH 40 (1.631 seconds):
INFO:root:COST >> 3.2367 +/- 0.1429, % updates: 56.227%
INFO:root:-- EPOCH 41 (1.618 seconds):
INFO:root:COST >> 3.2372 +/- 0.1537, % updates: 56.023%
INFO:root:-- EPOCH 42 (1.582 seconds):
INFO:root:COST >> 3.242 +/- 0.1477, % updates: 56.156%
INFO:root:-- EPOCH 43 (1.701 seconds):
INFO:root:COST >> 3.2184 +/- 0.1353, % updates: 56.499%
INFO:root:-- EPOCH 44 (1.66 seconds):
INFO:root:COST >> 3.2253 +/- 0.1481, % updates: 56.276%
INFO:root:-- EPOCH 45 (1.645 seconds):
INFO:root:COST >> 3.254 +/- 0.1567, % updates: 56.376%
INFO:root:-- EPOCH 46 (1.665 seconds):
INFO:root:COST >> 3.2342 +/- 0.1548, % updates: 56.174%
INFO:root:-- EPOCH 47 (1.74 seconds):
INFO:root:COST >> 3.2416 +/- 0.1507, % updates: 56.21%
INFO:root:-- EPOCH 48 (1.719 seconds):
INFO:root:COST >> 3.2356 +/- 0.1501, % updates: 56.141%
INFO:root:-- EPOCH 49 (1.926 seconds):
INFO:root:COST >> 3.2342 +/- 0.1615, % updates: 56.294%
INFO:root:-- EPOCH 50 (1.74 seconds):
INFO:root:COST >> 3.2484 +/- 0.1507, % updates: 56.287%
INFO:root:-- EPOCH 51 (1.634 seconds):
INFO:root:COST >> 3.2347 +/- 0.1479, % updates: 56.066%
INFO:root:-- EPOCH 52 (1.817 seconds):
INFO:root:COST >> 3.2352 +/- 0.1458, % updates: 56.156%
INFO:root:-- EPOCH 53 (2.019 seconds):
INFO:root:COST >> 3.2446 +/- 0.1532, % updates: 56.257%
INFO:root:-- EPOCH 54 (2.163 seconds):
INFO:root:COST >> 3.2373 +/- 0.148, % updates: 56.153%
INFO:root:-- EPOCH 55 (2.07 seconds):
INFO:root:COST >> 3.2262 +/- 0.1471, % updates: 56.066%
INFO:root:-- EPOCH 56 (1.937 seconds):
INFO:root:COST >> 3.24 +/- 0.1541, % updates: 56.268%
INFO:root:-- EPOCH 57 (1.695 seconds):
INFO:root:COST >> 3.2064 +/- 0.1594, % updates: 56.061%
INFO:root:-- EPOCH 58 (1.635 seconds):
INFO:root:COST >> 3.2205 +/- 0.1374, % updates: 56.204%
INFO:root:-- EPOCH 59 (1.889 seconds):
INFO:root:COST >> 3.2165 +/- 0.159, % updates: 56.122%
INFO:root:-- EPOCH 60 (1.628 seconds):
INFO:root:COST >> 3.2113 +/- 0.1662, % updates: 56.125%
INFO:root:-- EPOCH 61 (1.594 seconds):
INFO:root:COST >> 3.2096 +/- 0.1472, % updates: 56.021%
INFO:root:-- EPOCH 62 (1.615 seconds):
INFO:root:COST >> 3.1989 +/- 0.1492, % updates: 56.02%
INFO:root:-- EPOCH 63 (1.601 seconds):
INFO:root:COST >> 3.2099 +/- 0.1545, % updates: 56.125%
INFO:root:-- EPOCH 64 (1.613 seconds):
INFO:root:COST >> 3.1889 +/- 0.1324, % updates: 55.944%
INFO:root:-- EPOCH 65 (1.585 seconds):
INFO:root:COST >> 3.2007 +/- 0.1568, % updates: 56.061%
INFO:root:-- EPOCH 66 (1.607 seconds):
INFO:root:COST >> 3.2136 +/- 0.1537, % updates: 56.142%
INFO:root:-- EPOCH 67 (1.569 seconds):
INFO:root:COST >> 3.2143 +/- 0.1576, % updates: 56.111%
INFO:root:-- EPOCH 68 (1.812 seconds):
INFO:root:COST >> 3.2147 +/- 0.1463, % updates: 56.023%
INFO:root:-- EPOCH 69 (1.642 seconds):
INFO:root:COST >> 3.2017 +/- 0.1559, % updates: 56.15%
INFO:root:-- EPOCH 70 (1.618 seconds):
INFO:root:COST >> 3.2062 +/- 0.1381, % updates: 56.313%
INFO:root:-- EPOCH 71 (1.651 seconds):
INFO:root:COST >> 3.2107 +/- 0.1534, % updates: 56.123%
INFO:root:-- EPOCH 72 (1.714 seconds):
INFO:root:COST >> 3.2056 +/- 0.1485, % updates: 56.121%
INFO:root:-- EPOCH 73 (1.979 seconds):
INFO:root:COST >> 3.1978 +/- 0.147, % updates: 56.161%
INFO:root:-- EPOCH 74 (1.846 seconds):
INFO:root:COST >> 3.1825 +/- 0.1448, % updates: 55.957%
INFO:root:-- EPOCH 75 (1.84 seconds):
INFO:root:COST >> 3.2065 +/- 0.1409, % updates: 56.086%
INFO:root:-- EPOCH 76 (1.865 seconds):
INFO:root:COST >> 3.2041 +/- 0.159, % updates: 56.121%
INFO:root:-- EPOCH 77 (1.929 seconds):
INFO:root:COST >> 3.2084 +/- 0.1489, % updates: 56.145%
INFO:root:-- EPOCH 78 (1.755 seconds):
INFO:root:COST >> 3.2015 +/- 0.1507, % updates: 56.079%
INFO:root:-- EPOCH 79 (1.743 seconds):
INFO:root:COST >> 3.1899 +/- 0.1381, % updates: 56.065%
INFO:root:-- EPOCH 80 (1.987 seconds):
INFO:root:COST >> 3.2017 +/- 0.1422, % updates: 56.198%
INFO:root:-- EPOCH 81 (2.048 seconds):
INFO:root:COST >> 3.2021 +/- 0.1605, % updates: 56.219%
INFO:root:-- EPOCH 82 (2.031 seconds):
INFO:root:COST >> 3.2048 +/- 0.1558, % updates: 56.222%
INFO:root:-- EPOCH 83 (1.991 seconds):
INFO:root:COST >> 3.2017 +/- 0.1434, % updates: 56.191%
INFO:root:-- EPOCH 84 (2.047 seconds):
INFO:root:COST >> 3.2034 +/- 0.1504, % updates: 56.105%
INFO:root:-- EPOCH 85 (1.893 seconds):
INFO:root:COST >> 3.2169 +/- 0.1443, % updates: 56.287%
INFO:root:-- EPOCH 86 (1.726 seconds):
INFO:root:COST >> 3.2002 +/- 0.1495, % updates: 56.121%
INFO:root:-- EPOCH 87 (1.857 seconds):
INFO:root:COST >> 3.197 +/- 0.1488, % updates: 56.038%
INFO:root:-- EPOCH 88 (1.808 seconds):
INFO:root:COST >> 3.2018 +/- 0.1682, % updates: 56.032%
INFO:root:-- EPOCH 89 (1.844 seconds):
INFO:root:COST >> 3.1887 +/- 0.1544, % updates: 55.994%
INFO:root:-- EPOCH 90 (1.865 seconds):
INFO:root:COST >> 3.2058 +/- 0.1618, % updates: 56.185%
INFO:root:-- EPOCH 91 (1.971 seconds):
INFO:root:COST >> 3.1946 +/- 0.1536, % updates: 56.012%
INFO:root:-- EPOCH 92 (1.815 seconds):
INFO:root:COST >> 3.1993 +/- 0.1558, % updates: 56.215%
INFO:root:-- EPOCH 93 (1.954 seconds):
INFO:root:COST >> 3.2007 +/- 0.1603, % updates: 56.157%
INFO:root:-- EPOCH 94 (2.038 seconds):
INFO:root:COST >> 3.2132 +/- 0.1443, % updates: 56.213%
INFO:root:-- EPOCH 95 (2.099 seconds):
INFO:root:COST >> 3.1937 +/- 0.1479, % updates: 56.099%
INFO:root:-- EPOCH 96 (2.118 seconds):
INFO:root:COST >> 3.2011 +/- 0.1397, % updates: 56.038%
INFO:root:-- EPOCH 97 (2.008 seconds):
INFO:root:COST >> 3.2172 +/- 0.1426, % updates: 56.116%
INFO:root:-- EPOCH 98 (1.809 seconds):
INFO:root:COST >> 3.1867 +/- 0.1421, % updates: 56.118%
INFO:root:-- EPOCH 99 (1.579 seconds):
INFO:root:COST >> 3.1996 +/- 0.1598, % updates: 56.249%
INFO:root:-- EPOCH 100 (1.545 seconds):
INFO:root:COST >> 3.1955 +/- 0.142, % updates: 56.131%
