INFO:root:Shape for training set: (40961, 141442)
INFO:root:State: {'ndim': '20', 'test_all': 'None', 'test_path': 'None', 'nhid': '50', 'lremb': '1.0', 'seed': '9', 'simfn': 'L1', 'valid_path': 'None', 'nbatches': '10', 'lrparam': '1.0', 'decay': '0.9999', 'show_hinton_diagrams': 'False', 'no_rescaling': 'True', 'Nrel': '18', 'ranking_score_right': 'False', 'Nent': '40961', 'Nsyn': '40943', 'method': 'ADADELTA', 'loss_margin': '1.0', 'C': '1.0', 'epsilon': '0.001', 'use_db': 'True', 'max_lr': 'None', 'l1_param_weight': 'None', 'filtered': 'False', 'name': 'wn_opt/wn_ADADELTA_59', 'totepochs': '100', 'l2_param_weight': 'None', 'train_path': 'data/wn/WN-train.pkl', 'op': 'TransE'}
INFO:root:Starting the Experiment ..
INFO:root:-- EPOCH 1 (1.586 seconds):
INFO:root:COST >> 3.3664 +/- 0.548, % updates: 67.954%
INFO:root:-- EPOCH 2 (1.604 seconds):
INFO:root:COST >> 3.6333 +/- 0.2001, % updates: 63.979%
INFO:root:-- EPOCH 3 (1.625 seconds):
INFO:root:COST >> 3.6215 +/- 0.2109, % updates: 63.958%
INFO:root:-- EPOCH 4 (1.605 seconds):
INFO:root:COST >> 3.6274 +/- 0.2139, % updates: 63.986%
INFO:root:-- EPOCH 5 (1.588 seconds):
INFO:root:COST >> 3.647 +/- 0.2089, % updates: 64.174%
INFO:root:-- EPOCH 6 (1.577 seconds):
INFO:root:COST >> 3.6156 +/- 0.1915, % updates: 63.917%
INFO:root:-- EPOCH 7 (1.641 seconds):
INFO:root:COST >> 3.6254 +/- 0.19, % updates: 64.053%
INFO:root:-- EPOCH 8 (1.592 seconds):
INFO:root:COST >> 3.6322 +/- 0.2238, % updates: 63.869%
INFO:root:-- EPOCH 9 (1.666 seconds):
INFO:root:COST >> 3.6259 +/- 0.2038, % updates: 63.958%
INFO:root:-- EPOCH 10 (1.589 seconds):
INFO:root:COST >> 3.6392 +/- 0.1982, % updates: 63.997%
INFO:root:-- EPOCH 11 (1.645 seconds):
INFO:root:COST >> 3.6292 +/- 0.2062, % updates: 63.892%
INFO:root:-- EPOCH 12 (1.64 seconds):
INFO:root:COST >> 3.6255 +/- 0.198, % updates: 63.952%
INFO:root:-- EPOCH 13 (1.59 seconds):
INFO:root:COST >> 3.6192 +/- 0.1983, % updates: 63.922%
INFO:root:-- EPOCH 14 (1.636 seconds):
INFO:root:COST >> 3.6317 +/- 0.1973, % updates: 63.937%
INFO:root:-- EPOCH 15 (1.556 seconds):
INFO:root:COST >> 3.6426 +/- 0.1995, % updates: 64.06%
INFO:root:-- EPOCH 16 (1.7 seconds):
INFO:root:COST >> 3.6173 +/- 0.1918, % updates: 63.938%
INFO:root:-- EPOCH 17 (1.671 seconds):
INFO:root:COST >> 3.6112 +/- 0.2116, % updates: 63.778%
INFO:root:-- EPOCH 18 (1.67 seconds):
INFO:root:COST >> 3.6213 +/- 0.1929, % updates: 63.938%
INFO:root:-- EPOCH 19 (1.688 seconds):
INFO:root:COST >> 3.6104 +/- 0.1977, % updates: 63.892%
INFO:root:-- EPOCH 20 (1.745 seconds):
INFO:root:COST >> 3.618 +/- 0.2128, % updates: 63.86%
INFO:root:-- EPOCH 21 (1.697 seconds):
INFO:root:COST >> 3.6235 +/- 0.2035, % updates: 64.041%
INFO:root:-- EPOCH 22 (1.651 seconds):
INFO:root:COST >> 3.6316 +/- 0.2007, % updates: 64.052%
INFO:root:-- EPOCH 23 (1.735 seconds):
INFO:root:COST >> 3.6308 +/- 0.1927, % updates: 63.984%
INFO:root:-- EPOCH 24 (1.653 seconds):
INFO:root:COST >> 3.6286 +/- 0.2158, % updates: 64.065%
INFO:root:-- EPOCH 25 (1.606 seconds):
INFO:root:COST >> 3.6296 +/- 0.2071, % updates: 63.91%
INFO:root:-- EPOCH 26 (1.586 seconds):
INFO:root:COST >> 3.6345 +/- 0.1995, % updates: 63.986%
INFO:root:-- EPOCH 27 (1.598 seconds):
INFO:root:COST >> 3.634 +/- 0.1918, % updates: 63.847%
INFO:root:-- EPOCH 28 (1.555 seconds):
INFO:root:COST >> 3.6163 +/- 0.2086, % updates: 63.835%
INFO:root:-- EPOCH 29 (1.58 seconds):
INFO:root:COST >> 3.628 +/- 0.204, % updates: 63.986%
INFO:root:-- EPOCH 30 (1.642 seconds):
INFO:root:COST >> 3.6207 +/- 0.1869, % updates: 63.922%
INFO:root:-- EPOCH 31 (1.567 seconds):
INFO:root:COST >> 3.6246 +/- 0.2054, % updates: 63.87%
INFO:root:-- EPOCH 32 (1.599 seconds):
INFO:root:COST >> 3.6241 +/- 0.2146, % updates: 63.938%
INFO:root:-- EPOCH 33 (1.59 seconds):
INFO:root:COST >> 3.6293 +/- 0.2002, % updates: 64.013%
INFO:root:-- EPOCH 34 (1.627 seconds):
INFO:root:COST >> 3.6215 +/- 0.2147, % updates: 63.861%
INFO:root:-- EPOCH 35 (1.615 seconds):
INFO:root:COST >> 3.6393 +/- 0.191, % updates: 64.015%
INFO:root:-- EPOCH 36 (1.586 seconds):
INFO:root:COST >> 3.6326 +/- 0.2005, % updates: 64.094%
INFO:root:-- EPOCH 37 (1.559 seconds):
INFO:root:COST >> 3.6189 +/- 0.2135, % updates: 63.928%
INFO:root:-- EPOCH 38 (1.656 seconds):
INFO:root:COST >> 3.628 +/- 0.2077, % updates: 64.008%
INFO:root:-- EPOCH 39 (1.604 seconds):
INFO:root:COST >> 3.618 +/- 0.1996, % updates: 63.965%
INFO:root:-- EPOCH 40 (1.568 seconds):
INFO:root:COST >> 3.6356 +/- 0.2013, % updates: 63.917%
INFO:root:-- EPOCH 41 (1.592 seconds):
INFO:root:COST >> 3.6348 +/- 0.1866, % updates: 64.158%
INFO:root:-- EPOCH 42 (1.618 seconds):
INFO:root:COST >> 3.6349 +/- 0.1948, % updates: 63.977%
INFO:root:-- EPOCH 43 (1.58 seconds):
INFO:root:COST >> 3.6172 +/- 0.1965, % updates: 64.024%
INFO:root:-- EPOCH 44 (1.616 seconds):
INFO:root:COST >> 3.6364 +/- 0.2128, % updates: 63.969%
INFO:root:-- EPOCH 45 (1.566 seconds):
INFO:root:COST >> 3.613 +/- 0.2096, % updates: 63.995%
INFO:root:-- EPOCH 46 (1.563 seconds):
INFO:root:COST >> 3.6226 +/- 0.1932, % updates: 63.96%
INFO:root:-- EPOCH 47 (1.582 seconds):
INFO:root:COST >> 3.6153 +/- 0.1995, % updates: 63.86%
INFO:root:-- EPOCH 48 (1.61 seconds):
INFO:root:COST >> 3.6316 +/- 0.1884, % updates: 63.953%
INFO:root:-- EPOCH 49 (1.578 seconds):
INFO:root:COST >> 3.6312 +/- 0.1955, % updates: 64.025%
INFO:root:-- EPOCH 50 (1.568 seconds):
INFO:root:COST >> 3.6292 +/- 0.1941, % updates: 63.939%
INFO:root:-- EPOCH 51 (1.564 seconds):
INFO:root:COST >> 3.6286 +/- 0.207, % updates: 63.908%
INFO:root:-- EPOCH 52 (1.641 seconds):
INFO:root:COST >> 3.6309 +/- 0.2118, % updates: 63.938%
INFO:root:-- EPOCH 53 (1.625 seconds):
INFO:root:COST >> 3.6296 +/- 0.2084, % updates: 63.804%
INFO:root:-- EPOCH 54 (1.622 seconds):
INFO:root:COST >> 3.6053 +/- 0.2143, % updates: 63.905%
INFO:root:-- EPOCH 55 (1.548 seconds):
INFO:root:COST >> 3.6383 +/- 0.2115, % updates: 63.957%
INFO:root:-- EPOCH 56 (1.632 seconds):
INFO:root:COST >> 3.6286 +/- 0.2137, % updates: 64.029%
INFO:root:-- EPOCH 57 (1.65 seconds):
INFO:root:COST >> 3.6192 +/- 0.1928, % updates: 64.058%
INFO:root:-- EPOCH 58 (1.599 seconds):
INFO:root:COST >> 3.6238 +/- 0.2013, % updates: 63.98%
INFO:root:-- EPOCH 59 (1.647 seconds):
INFO:root:COST >> 3.6326 +/- 0.2229, % updates: 64.016%
INFO:root:-- EPOCH 60 (1.601 seconds):
INFO:root:COST >> 3.6344 +/- 0.1934, % updates: 63.973%
INFO:root:-- EPOCH 61 (1.56 seconds):
INFO:root:COST >> 3.6235 +/- 0.1861, % updates: 63.934%
INFO:root:-- EPOCH 62 (1.571 seconds):
INFO:root:COST >> 3.6293 +/- 0.1994, % updates: 64.125%
INFO:root:-- EPOCH 63 (1.582 seconds):
INFO:root:COST >> 3.6163 +/- 0.1926, % updates: 63.919%
INFO:root:-- EPOCH 64 (1.637 seconds):
INFO:root:COST >> 3.6359 +/- 0.2122, % updates: 63.936%
INFO:root:-- EPOCH 65 (1.548 seconds):
INFO:root:COST >> 3.6278 +/- 0.2021, % updates: 63.93%
INFO:root:-- EPOCH 66 (1.63 seconds):
INFO:root:COST >> 3.6247 +/- 0.2075, % updates: 63.901%
INFO:root:-- EPOCH 67 (1.584 seconds):
INFO:root:COST >> 3.6274 +/- 0.2075, % updates: 63.968%
INFO:root:-- EPOCH 68 (1.772 seconds):
INFO:root:COST >> 3.6333 +/- 0.2056, % updates: 64.038%
INFO:root:-- EPOCH 69 (1.946 seconds):
INFO:root:COST >> 3.6352 +/- 0.2043, % updates: 63.947%
INFO:root:-- EPOCH 70 (1.675 seconds):
INFO:root:COST >> 3.6323 +/- 0.2105, % updates: 64.016%
INFO:root:-- EPOCH 71 (1.771 seconds):
INFO:root:COST >> 3.6272 +/- 0.2049, % updates: 63.923%
INFO:root:-- EPOCH 72 (2.65 seconds):
INFO:root:COST >> 3.6171 +/- 0.1929, % updates: 63.865%
INFO:root:-- EPOCH 73 (2.106 seconds):
INFO:root:COST >> 3.6352 +/- 0.2089, % updates: 63.827%
INFO:root:-- EPOCH 74 (1.656 seconds):
INFO:root:COST >> 3.6208 +/- 0.1973, % updates: 64.031%
INFO:root:-- EPOCH 75 (1.605 seconds):
INFO:root:COST >> 3.6362 +/- 0.1855, % updates: 63.961%
INFO:root:-- EPOCH 76 (1.788 seconds):
INFO:root:COST >> 3.6247 +/- 0.1936, % updates: 63.917%
INFO:root:-- EPOCH 77 (1.821 seconds):
INFO:root:COST >> 3.6211 +/- 0.2057, % updates: 63.931%
INFO:root:-- EPOCH 78 (1.751 seconds):
INFO:root:COST >> 3.6364 +/- 0.2043, % updates: 64.174%
INFO:root:-- EPOCH 79 (1.933 seconds):
INFO:root:COST >> 3.6239 +/- 0.2115, % updates: 63.867%
INFO:root:-- EPOCH 80 (2.089 seconds):
INFO:root:COST >> 3.6368 +/- 0.2015, % updates: 64.0%
INFO:root:-- EPOCH 81 (1.612 seconds):
INFO:root:COST >> 3.6352 +/- 0.2045, % updates: 64.079%
INFO:root:-- EPOCH 82 (1.618 seconds):
INFO:root:COST >> 3.6131 +/- 0.1998, % updates: 63.804%
INFO:root:-- EPOCH 83 (1.662 seconds):
INFO:root:COST >> 3.6273 +/- 0.2128, % updates: 63.954%
INFO:root:-- EPOCH 84 (1.653 seconds):
INFO:root:COST >> 3.621 +/- 0.202, % updates: 63.814%
INFO:root:-- EPOCH 85 (1.757 seconds):
INFO:root:COST >> 3.6331 +/- 0.2078, % updates: 63.967%
INFO:root:-- EPOCH 86 (1.665 seconds):
INFO:root:COST >> 3.6334 +/- 0.1909, % updates: 63.96%
INFO:root:-- EPOCH 87 (1.628 seconds):
INFO:root:COST >> 3.6218 +/- 0.193, % updates: 63.98%
INFO:root:-- EPOCH 88 (1.703 seconds):
INFO:root:COST >> 3.6165 +/- 0.2031, % updates: 63.868%
INFO:root:-- EPOCH 89 (1.929 seconds):
INFO:root:COST >> 3.6199 +/- 0.2104, % updates: 63.964%
INFO:root:-- EPOCH 90 (1.61 seconds):
INFO:root:COST >> 3.6367 +/- 0.1972, % updates: 63.942%
INFO:root:-- EPOCH 91 (1.828 seconds):
INFO:root:COST >> 3.6255 +/- 0.2028, % updates: 63.988%
INFO:root:-- EPOCH 92 (1.855 seconds):
INFO:root:COST >> 3.6385 +/- 0.2056, % updates: 64.057%
INFO:root:-- EPOCH 93 (1.973 seconds):
INFO:root:COST >> 3.6343 +/- 0.1958, % updates: 64.024%
INFO:root:-- EPOCH 94 (2.036 seconds):
INFO:root:COST >> 3.6425 +/- 0.193, % updates: 64.014%
INFO:root:-- EPOCH 95 (2.001 seconds):
INFO:root:COST >> 3.622 +/- 0.1998, % updates: 63.819%
INFO:root:-- EPOCH 96 (1.764 seconds):
INFO:root:COST >> 3.6325 +/- 0.2113, % updates: 64.001%
INFO:root:-- EPOCH 97 (1.679 seconds):
INFO:root:COST >> 3.6212 +/- 0.2051, % updates: 63.936%
INFO:root:-- EPOCH 98 (1.698 seconds):
INFO:root:COST >> 3.615 +/- 0.2126, % updates: 63.813%
INFO:root:-- EPOCH 99 (1.588 seconds):
INFO:root:COST >> 3.6345 +/- 0.204, % updates: 64.014%
INFO:root:-- EPOCH 100 (1.61 seconds):
INFO:root:COST >> 3.636 +/- 0.196, % updates: 63.994%
