INFO:root:Shape for training set: (40961, 141442)
INFO:root:State: {'ndim': '20', 'test_all': 'None', 'test_path': 'None', 'nhid': '50', 'lremb': '0.001', 'seed': '0', 'simfn': 'L1', 'valid_path': 'None', 'nbatches': '10', 'lrparam': '0.001', 'decay': '0.999', 'show_hinton_diagrams': 'False', 'no_rescaling': 'True', 'Nrel': '18', 'ranking_score_right': 'False', 'Nent': '40961', 'Nsyn': '40943', 'method': 'ADAGRAD', 'loss_margin': '1.0', 'C': '1.0', 'epsilon': '1e-06', 'use_db': 'True', 'max_lr': 'None', 'l1_param_weight': 'None', 'filtered': 'False', 'name': 'wn_opt/wn_ADAGRAD_30', 'totepochs': '100', 'l2_param_weight': 'None', 'train_path': 'data/wn/WN-train.pkl', 'op': 'TransE'}
INFO:root:Starting the Experiment ..
INFO:root:-- EPOCH 1 (1.492 seconds):
INFO:root:COST >> 2.2146 +/- 0.012, % updates: 81.488%
INFO:root:-- EPOCH 2 (1.491 seconds):
INFO:root:COST >> 2.1985 +/- 0.0167, % updates: 81.321%
INFO:root:-- EPOCH 3 (1.529 seconds):
INFO:root:COST >> 2.1866 +/- 0.0134, % updates: 81.178%
INFO:root:-- EPOCH 4 (1.534 seconds):
INFO:root:COST >> 2.1808 +/- 0.0082, % updates: 81.226%
INFO:root:-- EPOCH 5 (1.576 seconds):
INFO:root:COST >> 2.1718 +/- 0.0097, % updates: 80.938%
INFO:root:-- EPOCH 6 (1.523 seconds):
INFO:root:COST >> 2.157 +/- 0.0082, % updates: 80.845%
INFO:root:-- EPOCH 7 (1.534 seconds):
INFO:root:COST >> 2.1535 +/- 0.0161, % updates: 80.792%
INFO:root:-- EPOCH 8 (1.531 seconds):
INFO:root:COST >> 2.1433 +/- 0.0066, % updates: 80.609%
INFO:root:-- EPOCH 9 (1.524 seconds):
INFO:root:COST >> 2.1414 +/- 0.0092, % updates: 80.586%
INFO:root:-- EPOCH 10 (1.492 seconds):
INFO:root:COST >> 2.1344 +/- 0.0052, % updates: 80.566%
INFO:root:-- EPOCH 11 (1.504 seconds):
INFO:root:COST >> 2.13 +/- 0.0128, % updates: 80.441%
INFO:root:-- EPOCH 12 (1.505 seconds):
INFO:root:COST >> 2.129 +/- 0.009, % updates: 80.45%
INFO:root:-- EPOCH 13 (1.521 seconds):
INFO:root:COST >> 2.1201 +/- 0.0144, % updates: 80.388%
INFO:root:-- EPOCH 14 (1.555 seconds):
INFO:root:COST >> 2.1109 +/- 0.0116, % updates: 80.282%
INFO:root:-- EPOCH 15 (1.522 seconds):
INFO:root:COST >> 2.1099 +/- 0.01, % updates: 80.366%
INFO:root:-- EPOCH 16 (1.616 seconds):
INFO:root:COST >> 2.1067 +/- 0.0116, % updates: 80.266%
INFO:root:-- EPOCH 17 (1.592 seconds):
INFO:root:COST >> 2.1099 +/- 0.0138, % updates: 80.209%
INFO:root:-- EPOCH 18 (1.517 seconds):
INFO:root:COST >> 2.1036 +/- 0.0134, % updates: 80.043%
INFO:root:-- EPOCH 19 (1.529 seconds):
INFO:root:COST >> 2.0966 +/- 0.0085, % updates: 80.065%
INFO:root:-- EPOCH 20 (1.472 seconds):
INFO:root:COST >> 2.0922 +/- 0.0123, % updates: 79.92%
INFO:root:-- EPOCH 21 (1.48 seconds):
INFO:root:COST >> 2.0901 +/- 0.0166, % updates: 79.94%
INFO:root:-- EPOCH 22 (1.527 seconds):
INFO:root:COST >> 2.0867 +/- 0.0115, % updates: 79.964%
INFO:root:-- EPOCH 23 (1.549 seconds):
INFO:root:COST >> 2.0797 +/- 0.0173, % updates: 79.853%
INFO:root:-- EPOCH 24 (1.514 seconds):
INFO:root:COST >> 2.0788 +/- 0.0109, % updates: 79.815%
INFO:root:-- EPOCH 25 (1.473 seconds):
INFO:root:COST >> 2.0742 +/- 0.0077, % updates: 79.708%
INFO:root:-- EPOCH 26 (1.494 seconds):
INFO:root:COST >> 2.076 +/- 0.0097, % updates: 79.817%
INFO:root:-- EPOCH 27 (1.517 seconds):
INFO:root:COST >> 2.0668 +/- 0.0105, % updates: 79.636%
INFO:root:-- EPOCH 28 (1.54 seconds):
INFO:root:COST >> 2.0698 +/- 0.0083, % updates: 79.669%
INFO:root:-- EPOCH 29 (1.547 seconds):
INFO:root:COST >> 2.0619 +/- 0.0102, % updates: 79.621%
INFO:root:-- EPOCH 30 (1.542 seconds):
INFO:root:COST >> 2.0606 +/- 0.0086, % updates: 79.531%
INFO:root:-- EPOCH 31 (1.506 seconds):
INFO:root:COST >> 2.0583 +/- 0.0136, % updates: 79.485%
INFO:root:-- EPOCH 32 (1.526 seconds):
INFO:root:COST >> 2.0579 +/- 0.0145, % updates: 79.539%
INFO:root:-- EPOCH 33 (1.553 seconds):
INFO:root:COST >> 2.0492 +/- 0.013, % updates: 79.374%
INFO:root:-- EPOCH 34 (1.563 seconds):
INFO:root:COST >> 2.0503 +/- 0.01, % updates: 79.298%
INFO:root:-- EPOCH 35 (1.493 seconds):
INFO:root:COST >> 2.0477 +/- 0.0163, % updates: 79.295%
INFO:root:-- EPOCH 36 (1.476 seconds):
INFO:root:COST >> 2.0459 +/- 0.0073, % updates: 79.418%
INFO:root:-- EPOCH 37 (1.482 seconds):
INFO:root:COST >> 2.0417 +/- 0.0112, % updates: 79.321%
INFO:root:-- EPOCH 38 (1.49 seconds):
INFO:root:COST >> 2.0349 +/- 0.0117, % updates: 79.208%
INFO:root:-- EPOCH 39 (1.486 seconds):
INFO:root:COST >> 2.038 +/- 0.0104, % updates: 79.198%
INFO:root:-- EPOCH 40 (1.499 seconds):
INFO:root:COST >> 2.0388 +/- 0.0118, % updates: 79.16%
INFO:root:-- EPOCH 41 (1.608 seconds):
INFO:root:COST >> 2.0336 +/- 0.0125, % updates: 79.032%
INFO:root:-- EPOCH 42 (1.675 seconds):
INFO:root:COST >> 2.0297 +/- 0.0113, % updates: 79.136%
INFO:root:-- EPOCH 43 (1.907 seconds):
INFO:root:COST >> 2.0242 +/- 0.0125, % updates: 78.98%
INFO:root:-- EPOCH 44 (1.816 seconds):
INFO:root:COST >> 2.021 +/- 0.0091, % updates: 79.044%
INFO:root:-- EPOCH 45 (1.788 seconds):
INFO:root:COST >> 2.025 +/- 0.0086, % updates: 79.048%
INFO:root:-- EPOCH 46 (1.905 seconds):
INFO:root:COST >> 2.0209 +/- 0.0099, % updates: 78.963%
INFO:root:-- EPOCH 47 (1.835 seconds):
INFO:root:COST >> 2.0178 +/- 0.0135, % updates: 78.959%
INFO:root:-- EPOCH 48 (1.786 seconds):
INFO:root:COST >> 2.0125 +/- 0.0104, % updates: 78.975%
INFO:root:-- EPOCH 49 (1.83 seconds):
INFO:root:COST >> 2.0101 +/- 0.0086, % updates: 78.925%
INFO:root:-- EPOCH 50 (1.67 seconds):
INFO:root:COST >> 2.0074 +/- 0.009, % updates: 78.773%
INFO:root:-- EPOCH 51 (1.92 seconds):
INFO:root:COST >> 2.0075 +/- 0.0098, % updates: 78.838%
INFO:root:-- EPOCH 52 (1.87 seconds):
INFO:root:COST >> 2.0081 +/- 0.0132, % updates: 78.841%
INFO:root:-- EPOCH 53 (1.934 seconds):
INFO:root:COST >> 2.0043 +/- 0.0135, % updates: 78.819%
INFO:root:-- EPOCH 54 (1.88 seconds):
INFO:root:COST >> 2.0014 +/- 0.007, % updates: 78.683%
INFO:root:-- EPOCH 55 (1.968 seconds):
INFO:root:COST >> 2.0005 +/- 0.0089, % updates: 78.818%
INFO:root:-- EPOCH 56 (1.932 seconds):
INFO:root:COST >> 1.9994 +/- 0.0188, % updates: 78.826%
INFO:root:-- EPOCH 57 (1.764 seconds):
INFO:root:COST >> 1.9954 +/- 0.0077, % updates: 78.673%
INFO:root:-- EPOCH 58 (1.657 seconds):
INFO:root:COST >> 1.9978 +/- 0.0127, % updates: 78.655%
INFO:root:-- EPOCH 59 (1.546 seconds):
INFO:root:COST >> 1.9916 +/- 0.0103, % updates: 78.567%
INFO:root:-- EPOCH 60 (1.509 seconds):
INFO:root:COST >> 1.9898 +/- 0.0104, % updates: 78.539%
INFO:root:-- EPOCH 61 (1.513 seconds):
INFO:root:COST >> 1.9906 +/- 0.0131, % updates: 78.536%
INFO:root:-- EPOCH 62 (1.491 seconds):
INFO:root:COST >> 1.9847 +/- 0.0109, % updates: 78.469%
INFO:root:-- EPOCH 63 (1.543 seconds):
INFO:root:COST >> 1.9812 +/- 0.0134, % updates: 78.415%
INFO:root:-- EPOCH 64 (1.53 seconds):
INFO:root:COST >> 1.9801 +/- 0.0092, % updates: 78.394%
INFO:root:-- EPOCH 65 (1.516 seconds):
INFO:root:COST >> 1.9796 +/- 0.0123, % updates: 78.474%
INFO:root:-- EPOCH 66 (1.572 seconds):
INFO:root:COST >> 1.9781 +/- 0.0128, % updates: 78.271%
INFO:root:-- EPOCH 67 (1.532 seconds):
INFO:root:COST >> 1.9722 +/- 0.0054, % updates: 78.179%
INFO:root:-- EPOCH 68 (1.537 seconds):
INFO:root:COST >> 1.9731 +/- 0.0116, % updates: 78.245%
INFO:root:-- EPOCH 69 (1.511 seconds):
INFO:root:COST >> 1.9696 +/- 0.0083, % updates: 78.207%
INFO:root:-- EPOCH 70 (1.562 seconds):
INFO:root:COST >> 1.9691 +/- 0.0123, % updates: 78.303%
INFO:root:-- EPOCH 71 (1.527 seconds):
INFO:root:COST >> 1.9669 +/- 0.0087, % updates: 78.17%
INFO:root:-- EPOCH 72 (1.574 seconds):
INFO:root:COST >> 1.9641 +/- 0.0101, % updates: 78.158%
INFO:root:-- EPOCH 73 (1.511 seconds):
INFO:root:COST >> 1.9657 +/- 0.0062, % updates: 78.191%
INFO:root:-- EPOCH 74 (1.535 seconds):
INFO:root:COST >> 1.9647 +/- 0.0101, % updates: 78.101%
INFO:root:-- EPOCH 75 (1.534 seconds):
INFO:root:COST >> 1.9603 +/- 0.0118, % updates: 78.097%
INFO:root:-- EPOCH 76 (1.531 seconds):
INFO:root:COST >> 1.9595 +/- 0.0091, % updates: 78.218%
INFO:root:-- EPOCH 77 (1.553 seconds):
INFO:root:COST >> 1.9578 +/- 0.0072, % updates: 78.065%
INFO:root:-- EPOCH 78 (1.525 seconds):
INFO:root:COST >> 1.953 +/- 0.0059, % updates: 77.969%
INFO:root:-- EPOCH 79 (1.499 seconds):
INFO:root:COST >> 1.955 +/- 0.0193, % updates: 77.992%
INFO:root:-- EPOCH 80 (1.522 seconds):
INFO:root:COST >> 1.9537 +/- 0.0113, % updates: 78.001%
INFO:root:-- EPOCH 81 (1.526 seconds):
INFO:root:COST >> 1.9516 +/- 0.0157, % updates: 77.94%
INFO:root:-- EPOCH 82 (1.488 seconds):
INFO:root:COST >> 1.946 +/- 0.0086, % updates: 77.854%
INFO:root:-- EPOCH 83 (1.523 seconds):
INFO:root:COST >> 1.9485 +/- 0.0163, % updates: 77.833%
INFO:root:-- EPOCH 84 (1.51 seconds):
INFO:root:COST >> 1.9458 +/- 0.0134, % updates: 77.821%
INFO:root:-- EPOCH 85 (1.546 seconds):
INFO:root:COST >> 1.9354 +/- 0.0062, % updates: 77.796%
INFO:root:-- EPOCH 86 (1.547 seconds):
INFO:root:COST >> 1.9381 +/- 0.0128, % updates: 77.817%
INFO:root:-- EPOCH 87 (1.504 seconds):
INFO:root:COST >> 1.9401 +/- 0.0082, % updates: 77.745%
INFO:root:-- EPOCH 88 (1.501 seconds):
INFO:root:COST >> 1.9346 +/- 0.0098, % updates: 77.749%
INFO:root:-- EPOCH 89 (1.502 seconds):
INFO:root:COST >> 1.9404 +/- 0.0127, % updates: 77.708%
INFO:root:-- EPOCH 90 (1.496 seconds):
INFO:root:COST >> 1.9328 +/- 0.0078, % updates: 77.611%
INFO:root:-- EPOCH 91 (1.501 seconds):
INFO:root:COST >> 1.9365 +/- 0.0118, % updates: 77.76%
INFO:root:-- EPOCH 92 (1.615 seconds):
INFO:root:COST >> 1.93 +/- 0.0149, % updates: 77.688%
INFO:root:-- EPOCH 93 (1.536 seconds):
INFO:root:COST >> 1.932 +/- 0.0116, % updates: 77.65%
INFO:root:-- EPOCH 94 (1.513 seconds):
INFO:root:COST >> 1.9299 +/- 0.0109, % updates: 77.613%
INFO:root:-- EPOCH 95 (1.528 seconds):
INFO:root:COST >> 1.9256 +/- 0.0114, % updates: 77.617%
INFO:root:-- EPOCH 96 (1.507 seconds):
INFO:root:COST >> 1.924 +/- 0.0148, % updates: 77.587%
INFO:root:-- EPOCH 97 (1.489 seconds):
INFO:root:COST >> 1.927 +/- 0.0083, % updates: 77.616%
INFO:root:-- EPOCH 98 (1.532 seconds):
INFO:root:COST >> 1.9212 +/- 0.0101, % updates: 77.435%
INFO:root:-- EPOCH 99 (1.549 seconds):
INFO:root:COST >> 1.9211 +/- 0.0073, % updates: 77.46%
INFO:root:-- EPOCH 100 (1.61 seconds):
INFO:root:COST >> 1.9171 +/- 0.0104, % updates: 77.404%
