INFO:root:Shape for training set: (40961, 141442)
INFO:root:State: {'ndim': '20', 'test_all': 'None', 'test_path': 'None', 'nhid': '50', 'lremb': '1e-06', 'seed': '4', 'simfn': 'L1', 'valid_path': 'None', 'nbatches': '10', 'lrparam': '1e-06', 'decay': '0.999', 'show_hinton_diagrams': 'False', 'no_rescaling': 'True', 'Nrel': '18', 'ranking_score_right': 'False', 'Nent': '40961', 'Nsyn': '40943', 'method': 'ADAGRAD', 'loss_margin': '1.0', 'C': '1.0', 'epsilon': '1e-06', 'use_db': 'True', 'max_lr': 'None', 'l1_param_weight': 'None', 'filtered': 'False', 'name': 'wn_opt/wn_ADAGRAD_4', 'totepochs': '100', 'l2_param_weight': 'None', 'train_path': 'data/wn/WN-train.pkl', 'op': 'TransE'}
INFO:root:Starting the Experiment ..
INFO:root:-- EPOCH 1 (1.206 seconds):
INFO:root:COST >> 2.231 +/- 0.0145, % updates: 81.766%
INFO:root:-- EPOCH 2 (1.519 seconds):
INFO:root:COST >> 2.2269 +/- 0.0187, % updates: 81.529%
INFO:root:-- EPOCH 3 (1.528 seconds):
INFO:root:COST >> 2.2305 +/- 0.0135, % updates: 81.684%
INFO:root:-- EPOCH 4 (1.515 seconds):
INFO:root:COST >> 2.2303 +/- 0.012, % updates: 81.708%
INFO:root:-- EPOCH 5 (1.528 seconds):
INFO:root:COST >> 2.2326 +/- 0.0145, % updates: 81.642%
INFO:root:-- EPOCH 6 (1.491 seconds):
INFO:root:COST >> 2.2302 +/- 0.0077, % updates: 81.632%
INFO:root:-- EPOCH 7 (1.53 seconds):
INFO:root:COST >> 2.2244 +/- 0.0131, % updates: 81.648%
INFO:root:-- EPOCH 8 (1.481 seconds):
INFO:root:COST >> 2.2269 +/- 0.0143, % updates: 81.555%
INFO:root:-- EPOCH 9 (1.495 seconds):
INFO:root:COST >> 2.2286 +/- 0.0161, % updates: 81.634%
INFO:root:-- EPOCH 10 (1.542 seconds):
INFO:root:COST >> 2.227 +/- 0.0099, % updates: 81.63%
INFO:root:-- EPOCH 11 (1.499 seconds):
INFO:root:COST >> 2.2251 +/- 0.0106, % updates: 81.582%
INFO:root:-- EPOCH 12 (1.492 seconds):
INFO:root:COST >> 2.2241 +/- 0.0106, % updates: 81.596%
INFO:root:-- EPOCH 13 (1.521 seconds):
INFO:root:COST >> 2.2303 +/- 0.0133, % updates: 81.596%
INFO:root:-- EPOCH 14 (1.511 seconds):
INFO:root:COST >> 2.2272 +/- 0.0125, % updates: 81.628%
INFO:root:-- EPOCH 15 (1.513 seconds):
INFO:root:COST >> 2.2289 +/- 0.0153, % updates: 81.564%
INFO:root:-- EPOCH 16 (1.515 seconds):
INFO:root:COST >> 2.2275 +/- 0.0098, % updates: 81.636%
INFO:root:-- EPOCH 17 (1.5 seconds):
INFO:root:COST >> 2.229 +/- 0.0111, % updates: 81.687%
INFO:root:-- EPOCH 18 (1.511 seconds):
INFO:root:COST >> 2.2295 +/- 0.0135, % updates: 81.715%
INFO:root:-- EPOCH 19 (1.505 seconds):
INFO:root:COST >> 2.2266 +/- 0.01, % updates: 81.541%
INFO:root:-- EPOCH 20 (1.475 seconds):
INFO:root:COST >> 2.2255 +/- 0.0134, % updates: 81.623%
INFO:root:-- EPOCH 21 (1.476 seconds):
INFO:root:COST >> 2.2273 +/- 0.0074, % updates: 81.669%
INFO:root:-- EPOCH 22 (1.472 seconds):
INFO:root:COST >> 2.2285 +/- 0.0074, % updates: 81.569%
INFO:root:-- EPOCH 23 (1.464 seconds):
INFO:root:COST >> 2.2246 +/- 0.0165, % updates: 81.71%
INFO:root:-- EPOCH 24 (1.49 seconds):
INFO:root:COST >> 2.2261 +/- 0.0095, % updates: 81.61%
INFO:root:-- EPOCH 25 (1.496 seconds):
INFO:root:COST >> 2.2294 +/- 0.0115, % updates: 81.653%
INFO:root:-- EPOCH 26 (1.519 seconds):
INFO:root:COST >> 2.2273 +/- 0.0149, % updates: 81.704%
INFO:root:-- EPOCH 27 (1.495 seconds):
INFO:root:COST >> 2.2257 +/- 0.0067, % updates: 81.606%
INFO:root:-- EPOCH 28 (1.521 seconds):
INFO:root:COST >> 2.2309 +/- 0.0072, % updates: 81.641%
INFO:root:-- EPOCH 29 (1.504 seconds):
INFO:root:COST >> 2.2261 +/- 0.0115, % updates: 81.656%
INFO:root:-- EPOCH 30 (1.477 seconds):
INFO:root:COST >> 2.2292 +/- 0.0073, % updates: 81.509%
INFO:root:-- EPOCH 31 (1.505 seconds):
INFO:root:COST >> 2.2253 +/- 0.0104, % updates: 81.567%
INFO:root:-- EPOCH 32 (1.532 seconds):
INFO:root:COST >> 2.2244 +/- 0.0098, % updates: 81.539%
INFO:root:-- EPOCH 33 (1.523 seconds):
INFO:root:COST >> 2.2273 +/- 0.0124, % updates: 81.688%
INFO:root:-- EPOCH 34 (1.51 seconds):
INFO:root:COST >> 2.234 +/- 0.0114, % updates: 81.738%
INFO:root:-- EPOCH 35 (1.622 seconds):
INFO:root:COST >> 2.2245 +/- 0.0062, % updates: 81.768%
INFO:root:-- EPOCH 36 (1.559 seconds):
INFO:root:COST >> 2.2249 +/- 0.0113, % updates: 81.59%
INFO:root:-- EPOCH 37 (1.534 seconds):
INFO:root:COST >> 2.228 +/- 0.0088, % updates: 81.547%
INFO:root:-- EPOCH 38 (1.519 seconds):
INFO:root:COST >> 2.2279 +/- 0.0122, % updates: 81.613%
INFO:root:-- EPOCH 39 (1.599 seconds):
INFO:root:COST >> 2.2271 +/- 0.0135, % updates: 81.669%
INFO:root:-- EPOCH 40 (1.528 seconds):
INFO:root:COST >> 2.2273 +/- 0.0082, % updates: 81.711%
INFO:root:-- EPOCH 41 (1.539 seconds):
INFO:root:COST >> 2.2249 +/- 0.011, % updates: 81.588%
INFO:root:-- EPOCH 42 (1.485 seconds):
INFO:root:COST >> 2.2266 +/- 0.0114, % updates: 81.577%
INFO:root:-- EPOCH 43 (1.5 seconds):
INFO:root:COST >> 2.23 +/- 0.0103, % updates: 81.801%
INFO:root:-- EPOCH 44 (1.723 seconds):
INFO:root:COST >> 2.2264 +/- 0.0067, % updates: 81.612%
INFO:root:-- EPOCH 45 (1.526 seconds):
INFO:root:COST >> 2.2231 +/- 0.0106, % updates: 81.656%
INFO:root:-- EPOCH 46 (1.478 seconds):
INFO:root:COST >> 2.2293 +/- 0.0112, % updates: 81.539%
INFO:root:-- EPOCH 47 (1.885 seconds):
INFO:root:COST >> 2.2223 +/- 0.01, % updates: 81.576%
INFO:root:-- EPOCH 48 (1.719 seconds):
INFO:root:COST >> 2.2268 +/- 0.0118, % updates: 81.602%
INFO:root:-- EPOCH 49 (1.58 seconds):
INFO:root:COST >> 2.2239 +/- 0.0077, % updates: 81.609%
INFO:root:-- EPOCH 50 (1.648 seconds):
INFO:root:COST >> 2.2256 +/- 0.0222, % updates: 81.569%
INFO:root:-- EPOCH 51 (1.598 seconds):
INFO:root:COST >> 2.2287 +/- 0.0104, % updates: 81.689%
INFO:root:-- EPOCH 52 (1.517 seconds):
INFO:root:COST >> 2.2267 +/- 0.0157, % updates: 81.621%
INFO:root:-- EPOCH 53 (1.603 seconds):
INFO:root:COST >> 2.2284 +/- 0.0106, % updates: 81.666%
INFO:root:-- EPOCH 54 (1.652 seconds):
INFO:root:COST >> 2.2266 +/- 0.0131, % updates: 81.62%
INFO:root:-- EPOCH 55 (1.786 seconds):
INFO:root:COST >> 2.2303 +/- 0.0136, % updates: 81.635%
INFO:root:-- EPOCH 56 (1.523 seconds):
INFO:root:COST >> 2.2258 +/- 0.0093, % updates: 81.649%
INFO:root:-- EPOCH 57 (1.638 seconds):
INFO:root:COST >> 2.2225 +/- 0.0118, % updates: 81.491%
INFO:root:-- EPOCH 58 (1.809 seconds):
INFO:root:COST >> 2.2252 +/- 0.0134, % updates: 81.583%
INFO:root:-- EPOCH 59 (1.528 seconds):
INFO:root:COST >> 2.2303 +/- 0.0094, % updates: 81.7%
INFO:root:-- EPOCH 60 (1.537 seconds):
INFO:root:COST >> 2.2251 +/- 0.0113, % updates: 81.62%
INFO:root:-- EPOCH 61 (1.503 seconds):
INFO:root:COST >> 2.2269 +/- 0.0144, % updates: 81.632%
INFO:root:-- EPOCH 62 (1.493 seconds):
INFO:root:COST >> 2.2286 +/- 0.0088, % updates: 81.646%
INFO:root:-- EPOCH 63 (1.522 seconds):
INFO:root:COST >> 2.2289 +/- 0.0198, % updates: 81.58%
INFO:root:-- EPOCH 64 (1.505 seconds):
INFO:root:COST >> 2.2327 +/- 0.0093, % updates: 81.663%
INFO:root:-- EPOCH 65 (1.524 seconds):
INFO:root:COST >> 2.228 +/- 0.0123, % updates: 81.637%
INFO:root:-- EPOCH 66 (1.488 seconds):
INFO:root:COST >> 2.2278 +/- 0.0102, % updates: 81.636%
INFO:root:-- EPOCH 67 (1.531 seconds):
INFO:root:COST >> 2.2262 +/- 0.0061, % updates: 81.578%
INFO:root:-- EPOCH 68 (1.534 seconds):
INFO:root:COST >> 2.2274 +/- 0.0113, % updates: 81.568%
INFO:root:-- EPOCH 69 (1.507 seconds):
INFO:root:COST >> 2.2282 +/- 0.0119, % updates: 81.642%
INFO:root:-- EPOCH 70 (1.537 seconds):
INFO:root:COST >> 2.228 +/- 0.0114, % updates: 81.57%
INFO:root:-- EPOCH 71 (1.517 seconds):
INFO:root:COST >> 2.2253 +/- 0.0095, % updates: 81.646%
INFO:root:-- EPOCH 72 (1.513 seconds):
INFO:root:COST >> 2.2301 +/- 0.0067, % updates: 81.691%
INFO:root:-- EPOCH 73 (1.521 seconds):
INFO:root:COST >> 2.2285 +/- 0.0134, % updates: 81.746%
INFO:root:-- EPOCH 74 (1.479 seconds):
INFO:root:COST >> 2.2261 +/- 0.0122, % updates: 81.59%
INFO:root:-- EPOCH 75 (1.517 seconds):
INFO:root:COST >> 2.2318 +/- 0.0107, % updates: 81.766%
INFO:root:-- EPOCH 76 (1.543 seconds):
INFO:root:COST >> 2.2229 +/- 0.0165, % updates: 81.538%
INFO:root:-- EPOCH 77 (1.55 seconds):
INFO:root:COST >> 2.2299 +/- 0.0142, % updates: 81.635%
INFO:root:-- EPOCH 78 (1.528 seconds):
INFO:root:COST >> 2.2234 +/- 0.0086, % updates: 81.611%
INFO:root:-- EPOCH 79 (1.507 seconds):
INFO:root:COST >> 2.2274 +/- 0.0114, % updates: 81.586%
INFO:root:-- EPOCH 80 (1.558 seconds):
INFO:root:COST >> 2.2232 +/- 0.013, % updates: 81.559%
INFO:root:-- EPOCH 81 (1.48 seconds):
INFO:root:COST >> 2.2249 +/- 0.0123, % updates: 81.645%
INFO:root:-- EPOCH 82 (1.519 seconds):
INFO:root:COST >> 2.2284 +/- 0.016, % updates: 81.692%
INFO:root:-- EPOCH 83 (1.601 seconds):
INFO:root:COST >> 2.2259 +/- 0.0077, % updates: 81.547%
INFO:root:-- EPOCH 84 (1.655 seconds):
INFO:root:COST >> 2.2279 +/- 0.0143, % updates: 81.548%
INFO:root:-- EPOCH 85 (1.604 seconds):
INFO:root:COST >> 2.2261 +/- 0.0117, % updates: 81.588%
INFO:root:-- EPOCH 86 (1.583 seconds):
INFO:root:COST >> 2.2248 +/- 0.0099, % updates: 81.482%
INFO:root:-- EPOCH 87 (1.621 seconds):
INFO:root:COST >> 2.2325 +/- 0.0095, % updates: 81.688%
INFO:root:-- EPOCH 88 (1.549 seconds):
INFO:root:COST >> 2.2299 +/- 0.0102, % updates: 81.754%
INFO:root:-- EPOCH 89 (1.645 seconds):
INFO:root:COST >> 2.2239 +/- 0.0103, % updates: 81.564%
INFO:root:-- EPOCH 90 (1.792 seconds):
INFO:root:COST >> 2.2264 +/- 0.0107, % updates: 81.64%
INFO:root:-- EPOCH 91 (1.526 seconds):
INFO:root:COST >> 2.2289 +/- 0.0159, % updates: 81.621%
INFO:root:-- EPOCH 92 (1.515 seconds):
INFO:root:COST >> 2.2285 +/- 0.0098, % updates: 81.62%
INFO:root:-- EPOCH 93 (1.518 seconds):
INFO:root:COST >> 2.2294 +/- 0.0133, % updates: 81.688%
INFO:root:-- EPOCH 94 (1.549 seconds):
INFO:root:COST >> 2.2274 +/- 0.0138, % updates: 81.725%
INFO:root:-- EPOCH 95 (1.504 seconds):
INFO:root:COST >> 2.2285 +/- 0.0122, % updates: 81.711%
INFO:root:-- EPOCH 96 (1.534 seconds):
INFO:root:COST >> 2.2253 +/- 0.0095, % updates: 81.589%
INFO:root:-- EPOCH 97 (1.518 seconds):
INFO:root:COST >> 2.2279 +/- 0.0127, % updates: 81.679%
INFO:root:-- EPOCH 98 (1.536 seconds):
INFO:root:COST >> 2.2259 +/- 0.0139, % updates: 81.644%
INFO:root:-- EPOCH 99 (1.868 seconds):
INFO:root:COST >> 2.2286 +/- 0.0133, % updates: 81.612%
INFO:root:-- EPOCH 100 (2.375 seconds):
INFO:root:COST >> 2.2257 +/- 0.0185, % updates: 81.653%
