INFO:root:Shape for training set: (40961, 141442)
INFO:root:State: {'ndim': '20', 'test_all': 'None', 'test_path': 'None', 'nhid': '50', 'lremb': '1.0', 'seed': '9', 'simfn': 'L1', 'valid_path': 'None', 'nbatches': '10', 'lrparam': '1.0', 'decay': '0.999', 'show_hinton_diagrams': 'False', 'no_rescaling': 'True', 'Nrel': '18', 'ranking_score_right': 'False', 'Nent': '40961', 'Nsyn': '40943', 'method': 'ADADELTA', 'loss_margin': '1.0', 'C': '1.0', 'epsilon': '1e-06', 'use_db': 'True', 'max_lr': 'None', 'l1_param_weight': 'None', 'filtered': 'False', 'name': 'wn_opt/wn_ADADELTA_19', 'totepochs': '100', 'l2_param_weight': 'None', 'train_path': 'data/wn/WN-train.pkl', 'op': 'TransE'}
INFO:root:Starting the Experiment ..
INFO:root:-- EPOCH 1 (1.66 seconds):
INFO:root:COST >> 1.9253 +/- 0.2088, % updates: 77.259%
INFO:root:-- EPOCH 2 (1.679 seconds):
INFO:root:COST >> 0.9949 +/- 0.0908, % updates: 55.449%
INFO:root:-- EPOCH 3 (1.626 seconds):
INFO:root:COST >> 0.5559 +/- 0.0255, % updates: 39.216%
INFO:root:-- EPOCH 4 (1.616 seconds):
INFO:root:COST >> 0.3546 +/- 0.0083, % updates: 29.321%
INFO:root:-- EPOCH 5 (1.612 seconds):
INFO:root:COST >> 0.254 +/- 0.0054, % updates: 23.407%
INFO:root:-- EPOCH 6 (1.655 seconds):
INFO:root:COST >> 0.1904 +/- 0.0033, % updates: 19.07%
INFO:root:-- EPOCH 7 (1.633 seconds):
INFO:root:COST >> 0.1498 +/- 0.0021, % updates: 16.109%
INFO:root:-- EPOCH 8 (1.62 seconds):
INFO:root:COST >> 0.1233 +/- 0.0022, % updates: 13.933%
INFO:root:-- EPOCH 9 (1.66 seconds):
INFO:root:COST >> 0.1033 +/- 0.0025, % updates: 12.171%
INFO:root:-- EPOCH 10 (1.632 seconds):
INFO:root:COST >> 0.0879 +/- 0.0036, % updates: 10.833%
INFO:root:-- EPOCH 11 (1.616 seconds):
INFO:root:COST >> 0.0793 +/- 0.0025, % updates: 9.939%
INFO:root:-- EPOCH 12 (1.763 seconds):
INFO:root:COST >> 0.0702 +/- 0.0022, % updates: 8.978%
INFO:root:-- EPOCH 13 (1.61 seconds):
INFO:root:COST >> 0.0619 +/- 0.0019, % updates: 8.242%
INFO:root:-- EPOCH 14 (1.567 seconds):
INFO:root:COST >> 0.057 +/- 0.0017, % updates: 7.61%
INFO:root:-- EPOCH 15 (1.598 seconds):
INFO:root:COST >> 0.0523 +/- 0.002, % updates: 7.202%
INFO:root:-- EPOCH 16 (1.525 seconds):
INFO:root:COST >> 0.0483 +/- 0.0015, % updates: 6.697%
INFO:root:-- EPOCH 17 (1.556 seconds):
INFO:root:COST >> 0.0443 +/- 0.0018, % updates: 6.239%
INFO:root:-- EPOCH 18 (1.621 seconds):
INFO:root:COST >> 0.0415 +/- 0.0014, % updates: 5.902%
INFO:root:-- EPOCH 19 (1.616 seconds):
INFO:root:COST >> 0.0386 +/- 0.0023, % updates: 5.542%
INFO:root:-- EPOCH 20 (1.746 seconds):
INFO:root:COST >> 0.0366 +/- 0.0015, % updates: 5.293%
INFO:root:-- EPOCH 21 (1.636 seconds):
INFO:root:COST >> 0.0347 +/- 0.0019, % updates: 5.111%
INFO:root:-- EPOCH 22 (1.646 seconds):
INFO:root:COST >> 0.033 +/- 0.0009, % updates: 4.858%
INFO:root:-- EPOCH 23 (1.766 seconds):
INFO:root:COST >> 0.0314 +/- 0.001, % updates: 4.63%
INFO:root:-- EPOCH 24 (1.682 seconds):
INFO:root:COST >> 0.0298 +/- 0.001, % updates: 4.439%
INFO:root:-- EPOCH 25 (1.604 seconds):
INFO:root:COST >> 0.0286 +/- 0.0008, % updates: 4.31%
INFO:root:-- EPOCH 26 (1.625 seconds):
INFO:root:COST >> 0.0271 +/- 0.0009, % updates: 4.099%
INFO:root:-- EPOCH 27 (1.567 seconds):
INFO:root:COST >> 0.0264 +/- 0.001, % updates: 4.001%
INFO:root:-- EPOCH 28 (1.637 seconds):
INFO:root:COST >> 0.0248 +/- 0.0012, % updates: 3.829%
INFO:root:-- EPOCH 29 (1.635 seconds):
INFO:root:COST >> 0.0243 +/- 0.0011, % updates: 3.765%
INFO:root:-- EPOCH 30 (1.657 seconds):
INFO:root:COST >> 0.0234 +/- 0.0015, % updates: 3.603%
INFO:root:-- EPOCH 31 (1.669 seconds):
INFO:root:COST >> 0.0227 +/- 0.0006, % updates: 3.511%
INFO:root:-- EPOCH 32 (1.606 seconds):
INFO:root:COST >> 0.0216 +/- 0.0007, % updates: 3.419%
INFO:root:-- EPOCH 33 (1.627 seconds):
INFO:root:COST >> 0.0205 +/- 0.0008, % updates: 3.26%
INFO:root:-- EPOCH 34 (1.625 seconds):
INFO:root:COST >> 0.0209 +/- 0.0008, % updates: 3.288%
INFO:root:-- EPOCH 35 (1.693 seconds):
INFO:root:COST >> 0.0198 +/- 0.0013, % updates: 3.16%
INFO:root:-- EPOCH 36 (1.669 seconds):
INFO:root:COST >> 0.0191 +/- 0.0012, % updates: 3.041%
INFO:root:-- EPOCH 37 (1.684 seconds):
INFO:root:COST >> 0.0183 +/- 0.0011, % updates: 2.945%
INFO:root:-- EPOCH 38 (1.606 seconds):
INFO:root:COST >> 0.0182 +/- 0.0006, % updates: 2.939%
INFO:root:-- EPOCH 39 (1.567 seconds):
INFO:root:COST >> 0.0174 +/- 0.0007, % updates: 2.821%
INFO:root:-- EPOCH 40 (1.578 seconds):
INFO:root:COST >> 0.0177 +/- 0.0005, % updates: 2.84%
INFO:root:-- EPOCH 41 (1.668 seconds):
INFO:root:COST >> 0.0165 +/- 0.0008, % updates: 2.663%
INFO:root:-- EPOCH 42 (1.819 seconds):
INFO:root:COST >> 0.0169 +/- 0.001, % updates: 2.69%
INFO:root:-- EPOCH 43 (1.598 seconds):
INFO:root:COST >> 0.0165 +/- 0.0011, % updates: 2.615%
INFO:root:-- EPOCH 44 (1.746 seconds):
INFO:root:COST >> 0.0157 +/- 0.0009, % updates: 2.521%
INFO:root:-- EPOCH 45 (1.655 seconds):
INFO:root:COST >> 0.0154 +/- 0.0006, % updates: 2.481%
INFO:root:-- EPOCH 46 (1.661 seconds):
INFO:root:COST >> 0.015 +/- 0.0009, % updates: 2.45%
INFO:root:-- EPOCH 47 (1.582 seconds):
INFO:root:COST >> 0.0153 +/- 0.0009, % updates: 2.481%
INFO:root:-- EPOCH 48 (1.659 seconds):
INFO:root:COST >> 0.0145 +/- 0.001, % updates: 2.365%
INFO:root:-- EPOCH 49 (1.61 seconds):
INFO:root:COST >> 0.0142 +/- 0.0009, % updates: 2.319%
INFO:root:-- EPOCH 50 (1.658 seconds):
INFO:root:COST >> 0.014 +/- 0.0011, % updates: 2.316%
INFO:root:-- EPOCH 51 (1.627 seconds):
INFO:root:COST >> 0.0138 +/- 0.0005, % updates: 2.282%
INFO:root:-- EPOCH 52 (1.628 seconds):
INFO:root:COST >> 0.0133 +/- 0.0005, % updates: 2.208%
INFO:root:-- EPOCH 53 (1.652 seconds):
INFO:root:COST >> 0.0131 +/- 0.0006, % updates: 2.163%
INFO:root:-- EPOCH 54 (1.666 seconds):
INFO:root:COST >> 0.0131 +/- 0.001, % updates: 2.17%
INFO:root:-- EPOCH 55 (1.626 seconds):
INFO:root:COST >> 0.0129 +/- 0.0006, % updates: 2.113%
INFO:root:-- EPOCH 56 (1.608 seconds):
INFO:root:COST >> 0.0129 +/- 0.0006, % updates: 2.106%
INFO:root:-- EPOCH 57 (1.541 seconds):
INFO:root:COST >> 0.0128 +/- 0.0004, % updates: 2.109%
INFO:root:-- EPOCH 58 (1.595 seconds):
INFO:root:COST >> 0.0118 +/- 0.0005, % updates: 1.991%
INFO:root:-- EPOCH 59 (1.674 seconds):
INFO:root:COST >> 0.0113 +/- 0.0007, % updates: 1.93%
INFO:root:-- EPOCH 60 (1.701 seconds):
INFO:root:COST >> 0.0116 +/- 0.0004, % updates: 1.929%
INFO:root:-- EPOCH 61 (1.724 seconds):
INFO:root:COST >> 0.0119 +/- 0.0005, % updates: 1.961%
INFO:root:-- EPOCH 62 (1.711 seconds):
INFO:root:COST >> 0.0115 +/- 0.0004, % updates: 1.896%
INFO:root:-- EPOCH 63 (1.664 seconds):
INFO:root:COST >> 0.0115 +/- 0.0005, % updates: 1.901%
INFO:root:-- EPOCH 64 (1.671 seconds):
INFO:root:COST >> 0.0109 +/- 0.0005, % updates: 1.865%
INFO:root:-- EPOCH 65 (1.729 seconds):
INFO:root:COST >> 0.0108 +/- 0.0004, % updates: 1.809%
INFO:root:-- EPOCH 66 (1.782 seconds):
INFO:root:COST >> 0.0105 +/- 0.0007, % updates: 1.805%
INFO:root:-- EPOCH 67 (1.568 seconds):
INFO:root:COST >> 0.0106 +/- 0.0004, % updates: 1.813%
INFO:root:-- EPOCH 68 (1.637 seconds):
INFO:root:COST >> 0.0106 +/- 0.0008, % updates: 1.76%
INFO:root:-- EPOCH 69 (1.649 seconds):
INFO:root:COST >> 0.0107 +/- 0.0005, % updates: 1.789%
INFO:root:-- EPOCH 70 (1.63 seconds):
INFO:root:COST >> 0.0104 +/- 0.0007, % updates: 1.774%
INFO:root:-- EPOCH 71 (1.65 seconds):
INFO:root:COST >> 0.0101 +/- 0.0004, % updates: 1.694%
INFO:root:-- EPOCH 72 (1.659 seconds):
INFO:root:COST >> 0.0101 +/- 0.0007, % updates: 1.693%
INFO:root:-- EPOCH 73 (1.745 seconds):
INFO:root:COST >> 0.0099 +/- 0.0007, % updates: 1.732%
INFO:root:-- EPOCH 74 (2.007 seconds):
INFO:root:COST >> 0.0098 +/- 0.0009, % updates: 1.693%
INFO:root:-- EPOCH 75 (1.634 seconds):
INFO:root:COST >> 0.0098 +/- 0.0005, % updates: 1.652%
INFO:root:-- EPOCH 76 (1.886 seconds):
INFO:root:COST >> 0.0096 +/- 0.0008, % updates: 1.631%
INFO:root:-- EPOCH 77 (1.83 seconds):
INFO:root:COST >> 0.0093 +/- 0.0005, % updates: 1.612%
INFO:root:-- EPOCH 78 (1.822 seconds):
INFO:root:COST >> 0.0093 +/- 0.0003, % updates: 1.572%
INFO:root:-- EPOCH 79 (2.113 seconds):
INFO:root:COST >> 0.0092 +/- 0.0007, % updates: 1.589%
INFO:root:-- EPOCH 80 (1.803 seconds):
INFO:root:COST >> 0.0094 +/- 0.0006, % updates: 1.579%
INFO:root:-- EPOCH 81 (1.72 seconds):
INFO:root:COST >> 0.0092 +/- 0.0005, % updates: 1.571%
INFO:root:-- EPOCH 82 (1.783 seconds):
INFO:root:COST >> 0.0092 +/- 0.0006, % updates: 1.539%
INFO:root:-- EPOCH 83 (1.897 seconds):
INFO:root:COST >> 0.0091 +/- 0.0005, % updates: 1.544%
INFO:root:-- EPOCH 84 (1.715 seconds):
INFO:root:COST >> 0.0089 +/- 0.0006, % updates: 1.496%
INFO:root:-- EPOCH 85 (1.623 seconds):
INFO:root:COST >> 0.0088 +/- 0.0006, % updates: 1.521%
INFO:root:-- EPOCH 86 (1.712 seconds):
INFO:root:COST >> 0.0086 +/- 0.0006, % updates: 1.479%
INFO:root:-- EPOCH 87 (1.744 seconds):
INFO:root:COST >> 0.0087 +/- 0.0004, % updates: 1.47%
INFO:root:-- EPOCH 88 (2.107 seconds):
INFO:root:COST >> 0.0089 +/- 0.0006, % updates: 1.463%
INFO:root:-- EPOCH 89 (2.021 seconds):
INFO:root:COST >> 0.0083 +/- 0.0008, % updates: 1.432%
INFO:root:-- EPOCH 90 (1.816 seconds):
INFO:root:COST >> 0.009 +/- 0.0006, % updates: 1.491%
INFO:root:-- EPOCH 91 (1.651 seconds):
INFO:root:COST >> 0.008 +/- 0.0005, % updates: 1.394%
INFO:root:-- EPOCH 92 (1.762 seconds):
INFO:root:COST >> 0.0084 +/- 0.0005, % updates: 1.431%
INFO:root:-- EPOCH 93 (1.746 seconds):
INFO:root:COST >> 0.0082 +/- 0.0005, % updates: 1.386%
INFO:root:-- EPOCH 94 (1.703 seconds):
INFO:root:COST >> 0.0082 +/- 0.0006, % updates: 1.379%
INFO:root:-- EPOCH 95 (1.681 seconds):
INFO:root:COST >> 0.0082 +/- 0.0006, % updates: 1.388%
INFO:root:-- EPOCH 96 (1.639 seconds):
INFO:root:COST >> 0.0078 +/- 0.0006, % updates: 1.371%
INFO:root:-- EPOCH 97 (1.316 seconds):
INFO:root:COST >> 0.0079 +/- 0.0006, % updates: 1.353%
INFO:root:-- EPOCH 98 (1.36 seconds):
INFO:root:COST >> 0.0077 +/- 0.0007, % updates: 1.347%
INFO:root:-- EPOCH 99 (1.267 seconds):
INFO:root:COST >> 0.0076 +/- 0.0005, % updates: 1.315%
INFO:root:-- EPOCH 100 (1.399 seconds):
INFO:root:COST >> 0.0078 +/- 0.0007, % updates: 1.331%
