INFO:root:Shape for training set: (40961, 141442)
INFO:root:State: {'ndim': '20', 'test_all': 'None', 'test_path': 'None', 'nhid': '50', 'lremb': '1.0', 'seed': '6', 'simfn': 'L1', 'valid_path': 'None', 'nbatches': '10', 'lrparam': '1.0', 'decay': '0.9', 'show_hinton_diagrams': 'False', 'no_rescaling': 'True', 'Nrel': '18', 'ranking_score_right': 'False', 'Nent': '40961', 'Nsyn': '40943', 'method': 'ADADELTA', 'loss_margin': '1.0', 'C': '1.0', 'epsilon': '1e-06', 'use_db': 'True', 'max_lr': 'None', 'l1_param_weight': 'None', 'filtered': 'False', 'name': 'wn_opt/wn_ADADELTA_36', 'totepochs': '100', 'l2_param_weight': 'None', 'train_path': 'data/wn/WN-train.pkl', 'op': 'TransE'}
INFO:root:Starting the Experiment ..
INFO:root:-- EPOCH 1 (1.606 seconds):
INFO:root:COST >> 2.1826 +/- 0.021, % updates: 81.174%
INFO:root:-- EPOCH 2 (1.587 seconds):
INFO:root:COST >> 2.0422 +/- 0.009, % updates: 79.294%
INFO:root:-- EPOCH 3 (1.623 seconds):
INFO:root:COST >> 1.9167 +/- 0.024, % updates: 77.333%
INFO:root:-- EPOCH 4 (1.41 seconds):
INFO:root:COST >> 1.7935 +/- 0.016, % updates: 75.396%
INFO:root:-- EPOCH 5 (1.286 seconds):
INFO:root:COST >> 1.6811 +/- 0.0174, % updates: 73.158%
INFO:root:-- EPOCH 6 (1.286 seconds):
INFO:root:COST >> 1.5654 +/- 0.0178, % updates: 70.986%
INFO:root:-- EPOCH 7 (1.325 seconds):
INFO:root:COST >> 1.4602 +/- 0.0197, % updates: 68.674%
INFO:root:-- EPOCH 8 (1.579 seconds):
INFO:root:COST >> 1.3629 +/- 0.0167, % updates: 66.38%
INFO:root:-- EPOCH 9 (1.652 seconds):
INFO:root:COST >> 1.2682 +/- 0.0112, % updates: 64.076%
INFO:root:-- EPOCH 10 (1.543 seconds):
INFO:root:COST >> 1.1863 +/- 0.0104, % updates: 61.8%
INFO:root:-- EPOCH 11 (1.535 seconds):
INFO:root:COST >> 1.1033 +/- 0.014, % updates: 59.442%
INFO:root:-- EPOCH 12 (1.577 seconds):
INFO:root:COST >> 1.0316 +/- 0.0121, % updates: 57.436%
INFO:root:-- EPOCH 13 (1.579 seconds):
INFO:root:COST >> 0.9608 +/- 0.0113, % updates: 55.235%
INFO:root:-- EPOCH 14 (1.597 seconds):
INFO:root:COST >> 0.8978 +/- 0.0115, % updates: 53.212%
INFO:root:-- EPOCH 15 (1.587 seconds):
INFO:root:COST >> 0.8363 +/- 0.0073, % updates: 51.105%
INFO:root:-- EPOCH 16 (1.623 seconds):
INFO:root:COST >> 0.7834 +/- 0.0087, % updates: 49.153%
INFO:root:-- EPOCH 17 (1.595 seconds):
INFO:root:COST >> 0.735 +/- 0.0102, % updates: 47.338%
INFO:root:-- EPOCH 18 (1.57 seconds):
INFO:root:COST >> 0.6874 +/- 0.0075, % updates: 45.479%
INFO:root:-- EPOCH 19 (1.575 seconds):
INFO:root:COST >> 0.6436 +/- 0.0078, % updates: 43.709%
INFO:root:-- EPOCH 20 (1.551 seconds):
INFO:root:COST >> 0.6056 +/- 0.0063, % updates: 42.243%
INFO:root:-- EPOCH 21 (1.579 seconds):
INFO:root:COST >> 0.5691 +/- 0.0054, % updates: 40.402%
INFO:root:-- EPOCH 22 (1.625 seconds):
INFO:root:COST >> 0.5365 +/- 0.0053, % updates: 38.995%
INFO:root:-- EPOCH 23 (1.587 seconds):
INFO:root:COST >> 0.5036 +/- 0.0079, % updates: 37.548%
INFO:root:-- EPOCH 24 (1.572 seconds):
INFO:root:COST >> 0.4774 +/- 0.0043, % updates: 36.352%
INFO:root:-- EPOCH 25 (1.612 seconds):
INFO:root:COST >> 0.4494 +/- 0.0061, % updates: 34.925%
INFO:root:-- EPOCH 26 (1.57 seconds):
INFO:root:COST >> 0.4264 +/- 0.0047, % updates: 33.668%
INFO:root:-- EPOCH 27 (1.565 seconds):
INFO:root:COST >> 0.4036 +/- 0.0041, % updates: 32.381%
INFO:root:-- EPOCH 28 (1.548 seconds):
INFO:root:COST >> 0.3792 +/- 0.0033, % updates: 31.129%
INFO:root:-- EPOCH 29 (1.536 seconds):
INFO:root:COST >> 0.362 +/- 0.005, % updates: 30.069%
INFO:root:-- EPOCH 30 (1.714 seconds):
INFO:root:COST >> 0.3422 +/- 0.006, % updates: 28.997%
INFO:root:-- EPOCH 31 (1.586 seconds):
INFO:root:COST >> 0.3279 +/- 0.0059, % updates: 28.255%
INFO:root:-- EPOCH 32 (1.582 seconds):
INFO:root:COST >> 0.3137 +/- 0.0028, % updates: 27.355%
INFO:root:-- EPOCH 33 (1.557 seconds):
INFO:root:COST >> 0.297 +/- 0.0051, % updates: 26.423%
INFO:root:-- EPOCH 34 (1.558 seconds):
INFO:root:COST >> 0.2835 +/- 0.0042, % updates: 25.491%
INFO:root:-- EPOCH 35 (1.598 seconds):
INFO:root:COST >> 0.2729 +/- 0.0038, % updates: 24.94%
INFO:root:-- EPOCH 36 (1.569 seconds):
INFO:root:COST >> 0.2579 +/- 0.0034, % updates: 24.019%
INFO:root:-- EPOCH 37 (1.594 seconds):
INFO:root:COST >> 0.2493 +/- 0.0024, % updates: 23.312%
INFO:root:-- EPOCH 38 (1.54 seconds):
INFO:root:COST >> 0.2405 +/- 0.0038, % updates: 22.791%
INFO:root:-- EPOCH 39 (1.526 seconds):
INFO:root:COST >> 0.23 +/- 0.0044, % updates: 22.104%
INFO:root:-- EPOCH 40 (1.585 seconds):
INFO:root:COST >> 0.2181 +/- 0.0029, % updates: 21.3%
INFO:root:-- EPOCH 41 (1.526 seconds):
INFO:root:COST >> 0.2116 +/- 0.0033, % updates: 20.792%
INFO:root:-- EPOCH 42 (1.591 seconds):
INFO:root:COST >> 0.2032 +/- 0.0026, % updates: 20.205%
INFO:root:-- EPOCH 43 (1.564 seconds):
INFO:root:COST >> 0.1953 +/- 0.0037, % updates: 19.664%
INFO:root:-- EPOCH 44 (1.56 seconds):
INFO:root:COST >> 0.1883 +/- 0.0025, % updates: 19.11%
INFO:root:-- EPOCH 45 (1.552 seconds):
INFO:root:COST >> 0.1811 +/- 0.0031, % updates: 18.604%
INFO:root:-- EPOCH 46 (1.548 seconds):
INFO:root:COST >> 0.175 +/- 0.0032, % updates: 18.133%
INFO:root:-- EPOCH 47 (1.548 seconds):
INFO:root:COST >> 0.1677 +/- 0.0016, % updates: 17.643%
INFO:root:-- EPOCH 48 (1.577 seconds):
INFO:root:COST >> 0.1636 +/- 0.0038, % updates: 17.342%
INFO:root:-- EPOCH 49 (1.517 seconds):
INFO:root:COST >> 0.1574 +/- 0.0027, % updates: 16.922%
INFO:root:-- EPOCH 50 (1.677 seconds):
INFO:root:COST >> 0.1516 +/- 0.0024, % updates: 16.41%
INFO:root:-- EPOCH 51 (1.572 seconds):
INFO:root:COST >> 0.1486 +/- 0.0028, % updates: 16.092%
INFO:root:-- EPOCH 52 (1.626 seconds):
INFO:root:COST >> 0.1427 +/- 0.002, % updates: 15.631%
INFO:root:-- EPOCH 53 (1.586 seconds):
INFO:root:COST >> 0.1384 +/- 0.0031, % updates: 15.345%
INFO:root:-- EPOCH 54 (1.602 seconds):
INFO:root:COST >> 0.1345 +/- 0.0039, % updates: 14.948%
INFO:root:-- EPOCH 55 (1.563 seconds):
INFO:root:COST >> 0.131 +/- 0.003, % updates: 14.727%
INFO:root:-- EPOCH 56 (1.559 seconds):
INFO:root:COST >> 0.1266 +/- 0.0025, % updates: 14.346%
INFO:root:-- EPOCH 57 (1.566 seconds):
INFO:root:COST >> 0.1245 +/- 0.0021, % updates: 14.118%
INFO:root:-- EPOCH 58 (1.539 seconds):
INFO:root:COST >> 0.1198 +/- 0.0019, % updates: 13.802%
INFO:root:-- EPOCH 59 (1.545 seconds):
INFO:root:COST >> 0.1153 +/- 0.003, % updates: 13.404%
INFO:root:-- EPOCH 60 (1.561 seconds):
INFO:root:COST >> 0.1123 +/- 0.0015, % updates: 13.112%
INFO:root:-- EPOCH 61 (1.553 seconds):
INFO:root:COST >> 0.1095 +/- 0.0024, % updates: 12.833%
INFO:root:-- EPOCH 62 (1.582 seconds):
INFO:root:COST >> 0.1061 +/- 0.0021, % updates: 12.692%
INFO:root:-- EPOCH 63 (1.578 seconds):
INFO:root:COST >> 0.1038 +/- 0.0018, % updates: 12.331%
INFO:root:-- EPOCH 64 (1.554 seconds):
INFO:root:COST >> 0.1024 +/- 0.0017, % updates: 12.27%
INFO:root:-- EPOCH 65 (1.552 seconds):
INFO:root:COST >> 0.1001 +/- 0.0015, % updates: 12.009%
INFO:root:-- EPOCH 66 (1.599 seconds):
INFO:root:COST >> 0.0973 +/- 0.0014, % updates: 11.647%
INFO:root:-- EPOCH 67 (1.575 seconds):
INFO:root:COST >> 0.0935 +/- 0.002, % updates: 11.46%
INFO:root:-- EPOCH 68 (1.594 seconds):
INFO:root:COST >> 0.0909 +/- 0.0017, % updates: 11.206%
INFO:root:-- EPOCH 69 (1.613 seconds):
INFO:root:COST >> 0.0903 +/- 0.0021, % updates: 11.123%
INFO:root:-- EPOCH 70 (1.616 seconds):
INFO:root:COST >> 0.0873 +/- 0.001, % updates: 10.833%
INFO:root:-- EPOCH 71 (1.795 seconds):
INFO:root:COST >> 0.0859 +/- 0.0022, % updates: 10.691%
INFO:root:-- EPOCH 72 (1.578 seconds):
INFO:root:COST >> 0.085 +/- 0.0023, % updates: 10.582%
INFO:root:-- EPOCH 73 (1.534 seconds):
INFO:root:COST >> 0.0819 +/- 0.0023, % updates: 10.345%
INFO:root:-- EPOCH 74 (1.563 seconds):
INFO:root:COST >> 0.0807 +/- 0.002, % updates: 10.151%
INFO:root:-- EPOCH 75 (1.536 seconds):
INFO:root:COST >> 0.0779 +/- 0.0021, % updates: 9.978%
INFO:root:-- EPOCH 76 (1.567 seconds):
INFO:root:COST >> 0.0775 +/- 0.0018, % updates: 9.944%
INFO:root:-- EPOCH 77 (1.57 seconds):
INFO:root:COST >> 0.0755 +/- 0.0019, % updates: 9.707%
INFO:root:-- EPOCH 78 (1.607 seconds):
INFO:root:COST >> 0.0745 +/- 0.0019, % updates: 9.604%
INFO:root:-- EPOCH 79 (1.557 seconds):
INFO:root:COST >> 0.0726 +/- 0.0015, % updates: 9.388%
INFO:root:-- EPOCH 80 (1.605 seconds):
INFO:root:COST >> 0.0706 +/- 0.0011, % updates: 9.153%
INFO:root:-- EPOCH 81 (1.577 seconds):
INFO:root:COST >> 0.0694 +/- 0.0014, % updates: 9.124%
INFO:root:-- EPOCH 82 (1.539 seconds):
INFO:root:COST >> 0.0689 +/- 0.002, % updates: 8.994%
INFO:root:-- EPOCH 83 (1.543 seconds):
INFO:root:COST >> 0.067 +/- 0.0009, % updates: 8.874%
INFO:root:-- EPOCH 84 (1.616 seconds):
INFO:root:COST >> 0.0662 +/- 0.0019, % updates: 8.675%
INFO:root:-- EPOCH 85 (1.584 seconds):
INFO:root:COST >> 0.0649 +/- 0.0014, % updates: 8.547%
INFO:root:-- EPOCH 86 (1.613 seconds):
INFO:root:COST >> 0.0642 +/- 0.0014, % updates: 8.574%
INFO:root:-- EPOCH 87 (1.579 seconds):
INFO:root:COST >> 0.0624 +/- 0.0022, % updates: 8.396%
INFO:root:-- EPOCH 88 (1.598 seconds):
INFO:root:COST >> 0.0615 +/- 0.0013, % updates: 8.206%
INFO:root:-- EPOCH 89 (1.586 seconds):
INFO:root:COST >> 0.0608 +/- 0.0023, % updates: 8.118%
INFO:root:-- EPOCH 90 (1.533 seconds):
INFO:root:COST >> 0.0599 +/- 0.0019, % updates: 8.032%
INFO:root:-- EPOCH 91 (1.665 seconds):
INFO:root:COST >> 0.0585 +/- 0.0018, % updates: 8.008%
INFO:root:-- EPOCH 92 (1.588 seconds):
INFO:root:COST >> 0.0575 +/- 0.001, % updates: 7.764%
INFO:root:-- EPOCH 93 (1.535 seconds):
INFO:root:COST >> 0.0568 +/- 0.0008, % updates: 7.766%
INFO:root:-- EPOCH 94 (1.563 seconds):
INFO:root:COST >> 0.0557 +/- 0.0015, % updates: 7.671%
INFO:root:-- EPOCH 95 (1.562 seconds):
INFO:root:COST >> 0.0546 +/- 0.0023, % updates: 7.523%
INFO:root:-- EPOCH 96 (1.545 seconds):
INFO:root:COST >> 0.0545 +/- 0.0015, % updates: 7.476%
INFO:root:-- EPOCH 97 (1.569 seconds):
INFO:root:COST >> 0.054 +/- 0.0015, % updates: 7.4%
INFO:root:-- EPOCH 98 (1.566 seconds):
INFO:root:COST >> 0.0525 +/- 0.0014, % updates: 7.281%
INFO:root:-- EPOCH 99 (1.578 seconds):
INFO:root:COST >> 0.0519 +/- 0.0012, % updates: 7.123%
INFO:root:-- EPOCH 100 (1.569 seconds):
INFO:root:COST >> 0.0501 +/- 0.0014, % updates: 7.052%
