INFO:root:Shape for training set: (40961, 141442)
INFO:root:State: {'ndim': '20', 'test_all': 'None', 'test_path': 'None', 'nhid': '50', 'lremb': '1.0', 'seed': '2', 'simfn': 'L1', 'valid_path': 'None', 'nbatches': '10', 'lrparam': '1.0', 'decay': '0.999', 'show_hinton_diagrams': 'False', 'no_rescaling': 'True', 'Nrel': '18', 'ranking_score_right': 'False', 'Nent': '40961', 'Nsyn': '40943', 'method': 'ADADELTA', 'loss_margin': '1.0', 'C': '1.0', 'epsilon': '0.001', 'use_db': 'True', 'max_lr': 'None', 'l1_param_weight': 'None', 'filtered': 'False', 'name': 'wn_opt/wn_ADADELTA_62', 'totepochs': '100', 'l2_param_weight': 'None', 'train_path': 'data/wn/WN-train.pkl', 'op': 'TransE'}
INFO:root:Starting the Experiment ..
INFO:root:-- EPOCH 1 (1.383 seconds):
INFO:root:COST >> 2.8403 +/- 0.3274, % updates: 66.361%
INFO:root:-- EPOCH 2 (1.352 seconds):
INFO:root:COST >> 3.1616 +/- 0.1909, % updates: 61.237%
INFO:root:-- EPOCH 3 (1.647 seconds):
INFO:root:COST >> 3.1081 +/- 0.1437, % updates: 60.61%
INFO:root:-- EPOCH 4 (1.606 seconds):
INFO:root:COST >> 3.1729 +/- 0.1747, % updates: 60.247%
INFO:root:-- EPOCH 5 (1.682 seconds):
INFO:root:COST >> 3.1809 +/- 0.1866, % updates: 60.042%
INFO:root:-- EPOCH 6 (1.66 seconds):
INFO:root:COST >> 3.1872 +/- 0.1751, % updates: 59.881%
INFO:root:-- EPOCH 7 (1.599 seconds):
INFO:root:COST >> 3.1791 +/- 0.1755, % updates: 59.79%
INFO:root:-- EPOCH 8 (1.614 seconds):
INFO:root:COST >> 3.1616 +/- 0.1703, % updates: 59.454%
INFO:root:-- EPOCH 9 (1.608 seconds):
INFO:root:COST >> 3.1824 +/- 0.1619, % updates: 59.753%
INFO:root:-- EPOCH 10 (1.64 seconds):
INFO:root:COST >> 3.1525 +/- 0.1521, % updates: 59.417%
INFO:root:-- EPOCH 11 (1.647 seconds):
INFO:root:COST >> 3.1112 +/- 0.136, % updates: 58.124%
INFO:root:-- EPOCH 12 (1.58 seconds):
INFO:root:COST >> 3.1557 +/- 0.1354, % updates: 57.009%
INFO:root:-- EPOCH 13 (1.644 seconds):
INFO:root:COST >> 3.1449 +/- 0.1348, % updates: 56.534%
INFO:root:-- EPOCH 14 (1.73 seconds):
INFO:root:COST >> 3.1312 +/- 0.125, % updates: 56.65%
INFO:root:-- EPOCH 15 (1.737 seconds):
INFO:root:COST >> 3.1271 +/- 0.1454, % updates: 56.396%
INFO:root:-- EPOCH 16 (1.85 seconds):
INFO:root:COST >> 3.126 +/- 0.1226, % updates: 56.373%
INFO:root:-- EPOCH 17 (1.62 seconds):
INFO:root:COST >> 3.1184 +/- 0.1465, % updates: 56.536%
INFO:root:-- EPOCH 18 (1.599 seconds):
INFO:root:COST >> 3.1233 +/- 0.1408, % updates: 56.659%
INFO:root:-- EPOCH 19 (1.671 seconds):
INFO:root:COST >> 3.1229 +/- 0.1352, % updates: 56.625%
INFO:root:-- EPOCH 20 (1.595 seconds):
INFO:root:COST >> 3.1216 +/- 0.1639, % updates: 56.508%
INFO:root:-- EPOCH 21 (1.592 seconds):
INFO:root:COST >> 3.0961 +/- 0.1425, % updates: 57.481%
INFO:root:-- EPOCH 22 (1.615 seconds):
INFO:root:COST >> 3.0788 +/- 0.1354, % updates: 56.732%
INFO:root:-- EPOCH 23 (1.629 seconds):
INFO:root:COST >> 3.1035 +/- 0.1334, % updates: 56.918%
INFO:root:-- EPOCH 24 (1.642 seconds):
INFO:root:COST >> 3.1114 +/- 0.1464, % updates: 56.841%
INFO:root:-- EPOCH 25 (1.707 seconds):
INFO:root:COST >> 3.1084 +/- 0.1398, % updates: 56.831%
INFO:root:-- EPOCH 26 (1.719 seconds):
INFO:root:COST >> 3.0914 +/- 0.1487, % updates: 56.772%
INFO:root:-- EPOCH 27 (1.673 seconds):
INFO:root:COST >> 3.0942 +/- 0.15, % updates: 56.628%
INFO:root:-- EPOCH 28 (1.618 seconds):
INFO:root:COST >> 3.1031 +/- 0.1376, % updates: 56.776%
INFO:root:-- EPOCH 29 (1.602 seconds):
INFO:root:COST >> 3.0966 +/- 0.1358, % updates: 56.684%
INFO:root:-- EPOCH 30 (1.76 seconds):
INFO:root:COST >> 3.0984 +/- 0.135, % updates: 56.647%
INFO:root:-- EPOCH 31 (2.142 seconds):
INFO:root:COST >> 3.1123 +/- 0.1408, % updates: 56.789%
INFO:root:-- EPOCH 32 (2.105 seconds):
INFO:root:COST >> 3.1168 +/- 0.1489, % updates: 56.676%
INFO:root:-- EPOCH 33 (2.124 seconds):
INFO:root:COST >> 3.117 +/- 0.147, % updates: 56.508%
INFO:root:-- EPOCH 34 (2.218 seconds):
INFO:root:COST >> 3.113 +/- 0.143, % updates: 56.634%
INFO:root:-- EPOCH 35 (2.146 seconds):
INFO:root:COST >> 3.1178 +/- 0.1376, % updates: 56.595%
INFO:root:-- EPOCH 36 (1.859 seconds):
INFO:root:COST >> 3.1235 +/- 0.1482, % updates: 56.717%
INFO:root:-- EPOCH 37 (2.225 seconds):
INFO:root:COST >> 3.1034 +/- 0.1387, % updates: 56.52%
INFO:root:-- EPOCH 38 (2.106 seconds):
INFO:root:COST >> 3.1279 +/- 0.1441, % updates: 56.706%
INFO:root:-- EPOCH 39 (2.212 seconds):
INFO:root:COST >> 3.1231 +/- 0.1443, % updates: 56.56%
INFO:root:-- EPOCH 40 (2.203 seconds):
INFO:root:COST >> 3.1232 +/- 0.1426, % updates: 56.664%
INFO:root:-- EPOCH 41 (2.439 seconds):
INFO:root:COST >> 3.1303 +/- 0.1329, % updates: 56.742%
INFO:root:-- EPOCH 42 (2.41 seconds):
INFO:root:COST >> 3.1235 +/- 0.1498, % updates: 56.812%
INFO:root:-- EPOCH 43 (2.114 seconds):
INFO:root:COST >> 3.1291 +/- 0.1618, % updates: 56.757%
INFO:root:-- EPOCH 44 (2.106 seconds):
INFO:root:COST >> 3.1213 +/- 0.1303, % updates: 56.442%
INFO:root:-- EPOCH 45 (2.119 seconds):
INFO:root:COST >> 3.1187 +/- 0.1529, % updates: 56.687%
INFO:root:-- EPOCH 46 (2.126 seconds):
INFO:root:COST >> 3.1194 +/- 0.1392, % updates: 56.589%
INFO:root:-- EPOCH 47 (1.959 seconds):
INFO:root:COST >> 3.1179 +/- 0.1424, % updates: 56.525%
INFO:root:-- EPOCH 48 (1.993 seconds):
INFO:root:COST >> 3.117 +/- 0.1458, % updates: 56.606%
INFO:root:-- EPOCH 49 (2.002 seconds):
INFO:root:COST >> 3.1285 +/- 0.1499, % updates: 56.699%
INFO:root:-- EPOCH 50 (2.07 seconds):
INFO:root:COST >> 3.1174 +/- 0.1486, % updates: 56.497%
INFO:root:-- EPOCH 51 (2.042 seconds):
INFO:root:COST >> 3.1204 +/- 0.1426, % updates: 56.678%
INFO:root:-- EPOCH 52 (2.0 seconds):
INFO:root:COST >> 3.1217 +/- 0.1347, % updates: 56.647%
INFO:root:-- EPOCH 53 (1.908 seconds):
INFO:root:COST >> 3.1199 +/- 0.1454, % updates: 56.695%
INFO:root:-- EPOCH 54 (2.098 seconds):
INFO:root:COST >> 3.1071 +/- 0.1314, % updates: 56.513%
INFO:root:-- EPOCH 55 (1.967 seconds):
INFO:root:COST >> 3.1362 +/- 0.1342, % updates: 56.489%
INFO:root:-- EPOCH 56 (1.762 seconds):
INFO:root:COST >> 3.1435 +/- 0.1326, % updates: 56.479%
INFO:root:-- EPOCH 57 (1.823 seconds):
INFO:root:COST >> 3.131 +/- 0.1444, % updates: 56.444%
INFO:root:-- EPOCH 58 (1.98 seconds):
INFO:root:COST >> 3.1304 +/- 0.1467, % updates: 56.52%
INFO:root:-- EPOCH 59 (2.18 seconds):
INFO:root:COST >> 3.1407 +/- 0.1474, % updates: 56.548%
INFO:root:-- EPOCH 60 (2.125 seconds):
INFO:root:COST >> 3.1364 +/- 0.1482, % updates: 56.314%
INFO:root:-- EPOCH 61 (1.735 seconds):
INFO:root:COST >> 3.1272 +/- 0.1373, % updates: 56.343%
INFO:root:-- EPOCH 62 (1.689 seconds):
INFO:root:COST >> 3.1402 +/- 0.1467, % updates: 56.624%
INFO:root:-- EPOCH 63 (1.86 seconds):
INFO:root:COST >> 3.1439 +/- 0.1337, % updates: 56.599%
INFO:root:-- EPOCH 64 (2.385 seconds):
INFO:root:COST >> 3.135 +/- 0.1425, % updates: 56.429%
INFO:root:-- EPOCH 65 (1.885 seconds):
INFO:root:COST >> 3.1484 +/- 0.1505, % updates: 56.558%
INFO:root:-- EPOCH 66 (1.814 seconds):
INFO:root:COST >> 3.1338 +/- 0.1546, % updates: 56.541%
INFO:root:-- EPOCH 67 (1.687 seconds):
INFO:root:COST >> 3.1454 +/- 0.1569, % updates: 56.459%
INFO:root:-- EPOCH 68 (1.93 seconds):
INFO:root:COST >> 3.1459 +/- 0.1373, % updates: 56.547%
INFO:root:-- EPOCH 69 (2.137 seconds):
INFO:root:COST >> 3.148 +/- 0.142, % updates: 56.534%
INFO:root:-- EPOCH 70 (2.172 seconds):
INFO:root:COST >> 3.1405 +/- 0.1465, % updates: 56.641%
INFO:root:-- EPOCH 71 (2.082 seconds):
INFO:root:COST >> 3.1434 +/- 0.1459, % updates: 56.489%
INFO:root:-- EPOCH 72 (1.972 seconds):
INFO:root:COST >> 3.1354 +/- 0.1493, % updates: 56.533%
INFO:root:-- EPOCH 73 (1.875 seconds):
INFO:root:COST >> 3.1475 +/- 0.1322, % updates: 56.573%
INFO:root:-- EPOCH 74 (1.775 seconds):
INFO:root:COST >> 3.1447 +/- 0.1498, % updates: 56.582%
INFO:root:-- EPOCH 75 (1.756 seconds):
INFO:root:COST >> 3.1282 +/- 0.1313, % updates: 56.437%
INFO:root:-- EPOCH 76 (1.686 seconds):
INFO:root:COST >> 3.1344 +/- 0.1237, % updates: 56.61%
INFO:root:-- EPOCH 77 (1.683 seconds):
INFO:root:COST >> 3.1456 +/- 0.1475, % updates: 56.391%
INFO:root:-- EPOCH 78 (1.657 seconds):
INFO:root:COST >> 3.1502 +/- 0.1395, % updates: 56.569%
INFO:root:-- EPOCH 79 (1.585 seconds):
INFO:root:COST >> 3.1391 +/- 0.1337, % updates: 56.496%
INFO:root:-- EPOCH 80 (1.605 seconds):
INFO:root:COST >> 3.141 +/- 0.1342, % updates: 56.663%
INFO:root:-- EPOCH 81 (1.663 seconds):
INFO:root:COST >> 3.1502 +/- 0.1382, % updates: 56.715%
INFO:root:-- EPOCH 82 (1.652 seconds):
INFO:root:COST >> 3.1472 +/- 0.1461, % updates: 56.639%
INFO:root:-- EPOCH 83 (1.616 seconds):
INFO:root:COST >> 3.1369 +/- 0.1376, % updates: 56.629%
INFO:root:-- EPOCH 84 (1.669 seconds):
INFO:root:COST >> 3.1441 +/- 0.1351, % updates: 56.646%
INFO:root:-- EPOCH 85 (1.638 seconds):
INFO:root:COST >> 3.1242 +/- 0.1392, % updates: 56.427%
INFO:root:-- EPOCH 86 (1.654 seconds):
INFO:root:COST >> 3.1311 +/- 0.1423, % updates: 56.636%
INFO:root:-- EPOCH 87 (1.672 seconds):
INFO:root:COST >> 3.1297 +/- 0.1437, % updates: 56.56%
INFO:root:-- EPOCH 88 (1.708 seconds):
INFO:root:COST >> 3.1396 +/- 0.1426, % updates: 56.753%
INFO:root:-- EPOCH 89 (1.619 seconds):
INFO:root:COST >> 3.1215 +/- 0.1421, % updates: 56.382%
INFO:root:-- EPOCH 90 (1.702 seconds):
INFO:root:COST >> 3.1318 +/- 0.1386, % updates: 56.511%
INFO:root:-- EPOCH 91 (1.671 seconds):
INFO:root:COST >> 3.1359 +/- 0.1371, % updates: 56.6%
INFO:root:-- EPOCH 92 (1.634 seconds):
INFO:root:COST >> 3.1285 +/- 0.1501, % updates: 56.471%
INFO:root:-- EPOCH 93 (1.657 seconds):
INFO:root:COST >> 3.1373 +/- 0.1232, % updates: 56.542%
INFO:root:-- EPOCH 94 (1.625 seconds):
INFO:root:COST >> 3.122 +/- 0.128, % updates: 56.41%
INFO:root:-- EPOCH 95 (1.685 seconds):
INFO:root:COST >> 3.1448 +/- 0.139, % updates: 56.609%
INFO:root:-- EPOCH 96 (1.681 seconds):
INFO:root:COST >> 3.1319 +/- 0.1385, % updates: 56.549%
INFO:root:-- EPOCH 97 (1.668 seconds):
INFO:root:COST >> 3.1509 +/- 0.1387, % updates: 56.667%
INFO:root:-- EPOCH 98 (1.609 seconds):
INFO:root:COST >> 3.1407 +/- 0.1506, % updates: 56.543%
INFO:root:-- EPOCH 99 (1.613 seconds):
INFO:root:COST >> 3.1521 +/- 0.1483, % updates: 56.696%
INFO:root:-- EPOCH 100 (1.617 seconds):
INFO:root:COST >> 3.1514 +/- 0.1392, % updates: 56.657%
