INFO:root:Shape for training set: (40961, 141442)
INFO:root:State: {'ndim': '20', 'test_all': 'None', 'test_path': 'None', 'nhid': '50', 'lremb': '10.0', 'seed': '4', 'simfn': 'L1', 'valid_path': 'None', 'nbatches': '10', 'lrparam': '10.0', 'decay': '0.999', 'show_hinton_diagrams': 'False', 'no_rescaling': 'True', 'Nrel': '18', 'ranking_score_right': 'False', 'Nent': '40961', 'Nsyn': '40943', 'method': 'MOMENTUM', 'loss_margin': '1.0', 'C': '1.0', 'epsilon': '1e-06', 'use_db': 'True', 'max_lr': 'None', 'l1_param_weight': 'None', 'filtered': 'False', 'name': 'wn_opt/wn_MOMENTUM_364', 'totepochs': '100', 'l2_param_weight': 'None', 'train_path': 'data/wn/WN-train.pkl', 'op': 'TransE'}
INFO:root:Starting the Experiment ..
INFO:root:-- EPOCH 1 (1.491 seconds):
INFO:root:COST >> 2.8645 +/- 0.2668, % updates: 66.922%
INFO:root:-- EPOCH 2 (1.487 seconds):
INFO:root:COST >> 2.4516 +/- 0.1927, % updates: 54.902%
INFO:root:-- EPOCH 3 (1.543 seconds):
INFO:root:COST >> 2.2784 +/- 0.2126, % updates: 52.722%
INFO:root:-- EPOCH 4 (1.517 seconds):
INFO:root:COST >> 2.1899 +/- 0.1888, % updates: 51.694%
INFO:root:-- EPOCH 5 (1.496 seconds):
INFO:root:COST >> 2.1366 +/- 0.1865, % updates: 51.086%
INFO:root:-- EPOCH 6 (1.479 seconds):
INFO:root:COST >> 2.098 +/- 0.1866, % updates: 50.746%
INFO:root:-- EPOCH 7 (1.527 seconds):
INFO:root:COST >> 2.0688 +/- 0.1784, % updates: 50.393%
INFO:root:-- EPOCH 8 (1.494 seconds):
INFO:root:COST >> 2.0349 +/- 0.1926, % updates: 49.958%
INFO:root:-- EPOCH 9 (1.486 seconds):
INFO:root:COST >> 2.021 +/- 0.1717, % updates: 49.972%
INFO:root:-- EPOCH 10 (1.482 seconds):
INFO:root:COST >> 2.0025 +/- 0.1845, % updates: 49.653%
INFO:root:-- EPOCH 11 (1.519 seconds):
INFO:root:COST >> 1.9949 +/- 0.1753, % updates: 49.64%
INFO:root:-- EPOCH 12 (1.492 seconds):
INFO:root:COST >> 1.9784 +/- 0.1726, % updates: 49.665%
INFO:root:-- EPOCH 13 (1.494 seconds):
INFO:root:COST >> 1.9658 +/- 0.1686, % updates: 49.415%
INFO:root:-- EPOCH 14 (1.467 seconds):
INFO:root:COST >> 1.957 +/- 0.1639, % updates: 49.215%
INFO:root:-- EPOCH 15 (1.486 seconds):
INFO:root:COST >> 1.9509 +/- 0.1757, % updates: 49.209%
INFO:root:-- EPOCH 16 (1.476 seconds):
INFO:root:COST >> 1.9487 +/- 0.1715, % updates: 49.274%
INFO:root:-- EPOCH 17 (1.473 seconds):
INFO:root:COST >> 1.9386 +/- 0.1739, % updates: 49.144%
INFO:root:-- EPOCH 18 (1.472 seconds):
INFO:root:COST >> 1.9318 +/- 0.174, % updates: 49.213%
INFO:root:-- EPOCH 19 (1.505 seconds):
INFO:root:COST >> 1.9267 +/- 0.1576, % updates: 49.031%
INFO:root:-- EPOCH 20 (1.506 seconds):
INFO:root:COST >> 1.9183 +/- 0.1736, % updates: 48.887%
INFO:root:-- EPOCH 21 (1.321 seconds):
INFO:root:COST >> 1.924 +/- 0.1692, % updates: 49.091%
INFO:root:-- EPOCH 22 (1.128 seconds):
INFO:root:COST >> 1.9126 +/- 0.1622, % updates: 49.067%
INFO:root:-- EPOCH 23 (1.134 seconds):
INFO:root:COST >> 1.9166 +/- 0.1636, % updates: 49.018%
INFO:root:-- EPOCH 24 (1.169 seconds):
INFO:root:COST >> 1.9081 +/- 0.171, % updates: 48.883%
INFO:root:-- EPOCH 25 (1.374 seconds):
INFO:root:COST >> 1.9025 +/- 0.173, % updates: 49.002%
INFO:root:-- EPOCH 26 (1.536 seconds):
INFO:root:COST >> 1.8978 +/- 0.1696, % updates: 48.811%
INFO:root:-- EPOCH 27 (1.564 seconds):
INFO:root:COST >> 1.891 +/- 0.1655, % updates: 48.897%
INFO:root:-- EPOCH 28 (1.533 seconds):
INFO:root:COST >> 1.8959 +/- 0.1628, % updates: 48.861%
INFO:root:-- EPOCH 29 (1.519 seconds):
INFO:root:COST >> 1.8931 +/- 0.1601, % updates: 48.776%
INFO:root:-- EPOCH 30 (1.89 seconds):
INFO:root:COST >> 1.8876 +/- 0.1697, % updates: 48.896%
INFO:root:-- EPOCH 31 (1.881 seconds):
INFO:root:COST >> 1.889 +/- 0.1642, % updates: 48.908%
INFO:root:-- EPOCH 32 (1.914 seconds):
INFO:root:COST >> 1.8815 +/- 0.1646, % updates: 48.773%
INFO:root:-- EPOCH 33 (1.904 seconds):
INFO:root:COST >> 1.8821 +/- 0.1537, % updates: 48.772%
INFO:root:-- EPOCH 34 (1.937 seconds):
INFO:root:COST >> 1.8805 +/- 0.1535, % updates: 48.818%
INFO:root:-- EPOCH 35 (1.965 seconds):
INFO:root:COST >> 1.876 +/- 0.1573, % updates: 48.802%
INFO:root:-- EPOCH 36 (1.954 seconds):
INFO:root:COST >> 1.8795 +/- 0.1679, % updates: 48.818%
INFO:root:-- EPOCH 37 (1.949 seconds):
INFO:root:COST >> 1.873 +/- 0.1511, % updates: 48.796%
INFO:root:-- EPOCH 38 (1.885 seconds):
INFO:root:COST >> 1.8864 +/- 0.1598, % updates: 48.994%
INFO:root:-- EPOCH 39 (1.948 seconds):
INFO:root:COST >> 1.8715 +/- 0.1588, % updates: 48.553%
INFO:root:-- EPOCH 40 (1.976 seconds):
INFO:root:COST >> 1.8693 +/- 0.1621, % updates: 48.774%
INFO:root:-- EPOCH 41 (1.914 seconds):
INFO:root:COST >> 1.8749 +/- 0.1605, % updates: 48.786%
INFO:root:-- EPOCH 42 (1.924 seconds):
INFO:root:COST >> 1.868 +/- 0.1632, % updates: 48.713%
INFO:root:-- EPOCH 43 (1.919 seconds):
INFO:root:COST >> 1.868 +/- 0.1533, % updates: 48.779%
INFO:root:-- EPOCH 44 (1.889 seconds):
INFO:root:COST >> 1.8648 +/- 0.1522, % updates: 48.733%
INFO:root:-- EPOCH 45 (1.896 seconds):
INFO:root:COST >> 1.8666 +/- 0.1572, % updates: 48.756%
INFO:root:-- EPOCH 46 (1.885 seconds):
INFO:root:COST >> 1.8639 +/- 0.1657, % updates: 48.78%
INFO:root:-- EPOCH 47 (1.886 seconds):
INFO:root:COST >> 1.8635 +/- 0.1535, % updates: 48.593%
INFO:root:-- EPOCH 48 (1.876 seconds):
INFO:root:COST >> 1.861 +/- 0.1603, % updates: 48.697%
INFO:root:-- EPOCH 49 (1.868 seconds):
INFO:root:COST >> 1.855 +/- 0.1596, % updates: 48.571%
INFO:root:-- EPOCH 50 (1.913 seconds):
INFO:root:COST >> 1.8595 +/- 0.1574, % updates: 48.707%
INFO:root:-- EPOCH 51 (1.912 seconds):
INFO:root:COST >> 1.8603 +/- 0.1595, % updates: 48.556%
INFO:root:-- EPOCH 52 (1.871 seconds):
INFO:root:COST >> 1.8517 +/- 0.1641, % updates: 48.544%
INFO:root:-- EPOCH 53 (1.894 seconds):
INFO:root:COST >> 1.8594 +/- 0.1626, % updates: 48.621%
INFO:root:-- EPOCH 54 (1.895 seconds):
INFO:root:COST >> 1.8492 +/- 0.1582, % updates: 48.701%
INFO:root:-- EPOCH 55 (1.903 seconds):
INFO:root:COST >> 1.8561 +/- 0.1581, % updates: 48.624%
INFO:root:-- EPOCH 56 (1.897 seconds):
INFO:root:COST >> 1.8612 +/- 0.167, % updates: 48.729%
INFO:root:-- EPOCH 57 (1.893 seconds):
INFO:root:COST >> 1.8594 +/- 0.1546, % updates: 48.706%
INFO:root:-- EPOCH 58 (1.905 seconds):
INFO:root:COST >> 1.8511 +/- 0.1528, % updates: 48.649%
INFO:root:-- EPOCH 59 (1.886 seconds):
INFO:root:COST >> 1.8541 +/- 0.1511, % updates: 48.659%
INFO:root:-- EPOCH 60 (1.888 seconds):
INFO:root:COST >> 1.8548 +/- 0.1649, % updates: 48.69%
INFO:root:-- EPOCH 61 (1.883 seconds):
INFO:root:COST >> 1.8447 +/- 0.1557, % updates: 48.547%
INFO:root:-- EPOCH 62 (1.907 seconds):
INFO:root:COST >> 1.8511 +/- 0.1581, % updates: 48.761%
INFO:root:-- EPOCH 63 (1.897 seconds):
INFO:root:COST >> 1.8495 +/- 0.1523, % updates: 48.663%
INFO:root:-- EPOCH 64 (1.88 seconds):
INFO:root:COST >> 1.8444 +/- 0.1519, % updates: 48.569%
INFO:root:-- EPOCH 65 (1.891 seconds):
INFO:root:COST >> 1.85 +/- 0.1568, % updates: 48.583%
INFO:root:-- EPOCH 66 (1.882 seconds):
INFO:root:COST >> 1.8561 +/- 0.1651, % updates: 48.771%
INFO:root:-- EPOCH 67 (1.878 seconds):
INFO:root:COST >> 1.8422 +/- 0.1605, % updates: 48.6%
INFO:root:-- EPOCH 68 (1.871 seconds):
INFO:root:COST >> 1.8425 +/- 0.1582, % updates: 48.546%
INFO:root:-- EPOCH 69 (1.89 seconds):
INFO:root:COST >> 1.8447 +/- 0.1601, % updates: 48.458%
INFO:root:-- EPOCH 70 (1.915 seconds):
INFO:root:COST >> 1.8494 +/- 0.1486, % updates: 48.655%
INFO:root:-- EPOCH 71 (1.895 seconds):
INFO:root:COST >> 1.8495 +/- 0.1631, % updates: 48.536%
INFO:root:-- EPOCH 72 (1.959 seconds):
INFO:root:COST >> 1.8431 +/- 0.1514, % updates: 48.602%
INFO:root:-- EPOCH 73 (1.905 seconds):
INFO:root:COST >> 1.8424 +/- 0.1584, % updates: 48.551%
INFO:root:-- EPOCH 74 (1.489 seconds):
INFO:root:COST >> 1.8393 +/- 0.1633, % updates: 48.557%
INFO:root:-- EPOCH 75 (1.466 seconds):
INFO:root:COST >> 1.835 +/- 0.1416, % updates: 48.536%
INFO:root:-- EPOCH 76 (1.455 seconds):
INFO:root:COST >> 1.8396 +/- 0.1543, % updates: 48.539%
INFO:root:-- EPOCH 77 (1.462 seconds):
INFO:root:COST >> 1.8473 +/- 0.1532, % updates: 48.529%
INFO:root:-- EPOCH 78 (1.47 seconds):
INFO:root:COST >> 1.8396 +/- 0.1622, % updates: 48.526%
INFO:root:-- EPOCH 79 (1.457 seconds):
INFO:root:COST >> 1.8383 +/- 0.1517, % updates: 48.489%
INFO:root:-- EPOCH 80 (1.455 seconds):
INFO:root:COST >> 1.8411 +/- 0.1586, % updates: 48.671%
INFO:root:-- EPOCH 81 (1.464 seconds):
INFO:root:COST >> 1.8397 +/- 0.1534, % updates: 48.589%
INFO:root:-- EPOCH 82 (1.475 seconds):
INFO:root:COST >> 1.8397 +/- 0.1576, % updates: 48.641%
INFO:root:-- EPOCH 83 (1.478 seconds):
INFO:root:COST >> 1.8393 +/- 0.1533, % updates: 48.547%
INFO:root:-- EPOCH 84 (1.478 seconds):
INFO:root:COST >> 1.8472 +/- 0.1471, % updates: 48.64%
INFO:root:-- EPOCH 85 (1.52 seconds):
INFO:root:COST >> 1.8409 +/- 0.1553, % updates: 48.572%
INFO:root:-- EPOCH 86 (1.493 seconds):
INFO:root:COST >> 1.8342 +/- 0.1557, % updates: 48.539%
INFO:root:-- EPOCH 87 (1.477 seconds):
INFO:root:COST >> 1.8406 +/- 0.1583, % updates: 48.617%
INFO:root:-- EPOCH 88 (1.464 seconds):
INFO:root:COST >> 1.8415 +/- 0.1587, % updates: 48.597%
INFO:root:-- EPOCH 89 (1.469 seconds):
INFO:root:COST >> 1.8408 +/- 0.1528, % updates: 48.562%
INFO:root:-- EPOCH 90 (1.519 seconds):
INFO:root:COST >> 1.8404 +/- 0.1542, % updates: 48.722%
INFO:root:-- EPOCH 91 (1.503 seconds):
INFO:root:COST >> 1.8359 +/- 0.1595, % updates: 48.504%
INFO:root:-- EPOCH 92 (1.518 seconds):
INFO:root:COST >> 1.8409 +/- 0.1549, % updates: 48.68%
INFO:root:-- EPOCH 93 (1.486 seconds):
INFO:root:COST >> 1.8386 +/- 0.1545, % updates: 48.626%
INFO:root:-- EPOCH 94 (1.484 seconds):
INFO:root:COST >> 1.8452 +/- 0.1513, % updates: 48.604%
INFO:root:-- EPOCH 95 (1.5 seconds):
INFO:root:COST >> 1.837 +/- 0.1672, % updates: 48.609%
INFO:root:-- EPOCH 96 (1.501 seconds):
INFO:root:COST >> 1.8352 +/- 0.1566, % updates: 48.533%
INFO:root:-- EPOCH 97 (1.464 seconds):
INFO:root:COST >> 1.8379 +/- 0.1574, % updates: 48.733%
INFO:root:-- EPOCH 98 (1.493 seconds):
INFO:root:COST >> 1.8285 +/- 0.1621, % updates: 48.358%
INFO:root:-- EPOCH 99 (1.509 seconds):
INFO:root:COST >> 1.8328 +/- 0.1514, % updates: 48.502%
INFO:root:-- EPOCH 100 (1.454 seconds):
INFO:root:COST >> 1.8351 +/- 0.1543, % updates: 48.651%
