INFO:root:Shape for training set: (40961, 141442)
INFO:root:State: {'ndim': '20', 'test_all': 'None', 'test_path': 'None', 'nhid': '50', 'lremb': '1e-05', 'seed': '9', 'simfn': 'L1', 'valid_path': 'None', 'nbatches': '10', 'lrparam': '1e-05', 'decay': '0.99', 'show_hinton_diagrams': 'False', 'no_rescaling': 'True', 'Nrel': '18', 'ranking_score_right': 'False', 'Nent': '40961', 'Nsyn': '40943', 'method': 'MOMENTUM', 'loss_margin': '1.0', 'C': '1.0', 'epsilon': '1e-06', 'use_db': 'True', 'max_lr': 'None', 'l1_param_weight': 'None', 'filtered': 'False', 'name': 'wn_opt/wn_MOMENTUM_79', 'totepochs': '100', 'l2_param_weight': 'None', 'train_path': 'data/wn/WN-train.pkl', 'op': 'TransE'}
INFO:root:Starting the Experiment ..
INFO:root:-- EPOCH 1 (2.159 seconds):
INFO:root:COST >> 2.1999 +/- 0.011, % updates: 81.458%
INFO:root:-- EPOCH 2 (2.038 seconds):
INFO:root:COST >> 2.17 +/- 0.0182, % updates: 81.611%
INFO:root:-- EPOCH 3 (1.968 seconds):
INFO:root:COST >> 2.1229 +/- 0.0168, % updates: 81.353%
INFO:root:-- EPOCH 4 (1.605 seconds):
INFO:root:COST >> 2.0814 +/- 0.0136, % updates: 80.483%
INFO:root:-- EPOCH 5 (1.613 seconds):
INFO:root:COST >> 2.0451 +/- 0.0245, % updates: 78.99%
INFO:root:-- EPOCH 6 (1.55 seconds):
INFO:root:COST >> 1.9862 +/- 0.0193, % updates: 77.337%
INFO:root:-- EPOCH 7 (1.652 seconds):
INFO:root:COST >> 1.9231 +/- 0.0193, % updates: 75.878%
INFO:root:-- EPOCH 8 (1.593 seconds):
INFO:root:COST >> 1.8691 +/- 0.0188, % updates: 75.013%
INFO:root:-- EPOCH 9 (2.049 seconds):
INFO:root:COST >> 1.8121 +/- 0.0154, % updates: 74.075%
INFO:root:-- EPOCH 10 (1.986 seconds):
INFO:root:COST >> 1.7479 +/- 0.0215, % updates: 72.819%
INFO:root:-- EPOCH 11 (2.052 seconds):
INFO:root:COST >> 1.6907 +/- 0.0172, % updates: 71.394%
INFO:root:-- EPOCH 12 (1.731 seconds):
INFO:root:COST >> 1.6264 +/- 0.0195, % updates: 70.181%
INFO:root:-- EPOCH 13 (1.59 seconds):
INFO:root:COST >> 1.5691 +/- 0.0224, % updates: 69.085%
INFO:root:-- EPOCH 14 (2.26 seconds):
INFO:root:COST >> 1.5059 +/- 0.02, % updates: 67.886%
INFO:root:-- EPOCH 15 (2.068 seconds):
INFO:root:COST >> 1.4454 +/- 0.0172, % updates: 66.292%
INFO:root:-- EPOCH 16 (2.045 seconds):
INFO:root:COST >> 1.3898 +/- 0.0195, % updates: 64.94%
INFO:root:-- EPOCH 17 (1.691 seconds):
INFO:root:COST >> 1.3294 +/- 0.0167, % updates: 64.021%
INFO:root:-- EPOCH 18 (1.759 seconds):
INFO:root:COST >> 1.2721 +/- 0.015, % updates: 62.366%
INFO:root:-- EPOCH 19 (1.633 seconds):
INFO:root:COST >> 1.2117 +/- 0.0151, % updates: 60.878%
INFO:root:-- EPOCH 20 (1.704 seconds):
INFO:root:COST >> 1.16 +/- 0.0157, % updates: 59.757%
INFO:root:-- EPOCH 21 (1.711 seconds):
INFO:root:COST >> 1.1149 +/- 0.016, % updates: 58.383%
INFO:root:-- EPOCH 22 (1.63 seconds):
INFO:root:COST >> 1.0623 +/- 0.0152, % updates: 57.029%
INFO:root:-- EPOCH 23 (1.611 seconds):
INFO:root:COST >> 1.0181 +/- 0.0145, % updates: 55.775%
INFO:root:-- EPOCH 24 (1.979 seconds):
INFO:root:COST >> 0.9777 +/- 0.0157, % updates: 54.588%
INFO:root:-- EPOCH 25 (2.042 seconds):
INFO:root:COST >> 0.9364 +/- 0.0111, % updates: 53.238%
INFO:root:-- EPOCH 26 (1.545 seconds):
INFO:root:COST >> 0.898 +/- 0.0147, % updates: 51.838%
INFO:root:-- EPOCH 27 (1.565 seconds):
INFO:root:COST >> 0.8604 +/- 0.0126, % updates: 50.612%
INFO:root:-- EPOCH 28 (1.566 seconds):
INFO:root:COST >> 0.8235 +/- 0.0077, % updates: 49.492%
INFO:root:-- EPOCH 29 (1.562 seconds):
INFO:root:COST >> 0.7906 +/- 0.0079, % updates: 48.149%
INFO:root:-- EPOCH 30 (1.548 seconds):
INFO:root:COST >> 0.7604 +/- 0.0082, % updates: 47.213%
INFO:root:-- EPOCH 31 (1.519 seconds):
INFO:root:COST >> 0.7253 +/- 0.0116, % updates: 45.923%
INFO:root:-- EPOCH 32 (1.543 seconds):
INFO:root:COST >> 0.7024 +/- 0.0092, % updates: 44.925%
INFO:root:-- EPOCH 33 (1.517 seconds):
INFO:root:COST >> 0.6726 +/- 0.0124, % updates: 43.744%
INFO:root:-- EPOCH 34 (1.576 seconds):
INFO:root:COST >> 0.649 +/- 0.0079, % updates: 42.759%
INFO:root:-- EPOCH 35 (1.595 seconds):
INFO:root:COST >> 0.6219 +/- 0.0102, % updates: 41.677%
INFO:root:-- EPOCH 36 (1.584 seconds):
INFO:root:COST >> 0.6026 +/- 0.0075, % updates: 40.908%
INFO:root:-- EPOCH 37 (1.747 seconds):
INFO:root:COST >> 0.5789 +/- 0.0067, % updates: 39.915%
INFO:root:-- EPOCH 38 (1.799 seconds):
INFO:root:COST >> 0.5584 +/- 0.0062, % updates: 39.1%
INFO:root:-- EPOCH 39 (1.936 seconds):
INFO:root:COST >> 0.538 +/- 0.0067, % updates: 38.091%
INFO:root:-- EPOCH 40 (2.223 seconds):
INFO:root:COST >> 0.5219 +/- 0.008, % updates: 37.368%
INFO:root:-- EPOCH 41 (2.044 seconds):
INFO:root:COST >> 0.4998 +/- 0.0059, % updates: 36.359%
INFO:root:-- EPOCH 42 (2.252 seconds):
INFO:root:COST >> 0.4876 +/- 0.0055, % updates: 35.74%
INFO:root:-- EPOCH 43 (2.17 seconds):
INFO:root:COST >> 0.4694 +/- 0.0075, % updates: 34.97%
INFO:root:-- EPOCH 44 (1.685 seconds):
INFO:root:COST >> 0.4547 +/- 0.0071, % updates: 34.176%
INFO:root:-- EPOCH 45 (1.642 seconds):
INFO:root:COST >> 0.4412 +/- 0.0057, % updates: 33.552%
INFO:root:-- EPOCH 46 (2.208 seconds):
INFO:root:COST >> 0.4258 +/- 0.0062, % updates: 32.786%
INFO:root:-- EPOCH 47 (2.11 seconds):
INFO:root:COST >> 0.4161 +/- 0.005, % updates: 32.217%
INFO:root:-- EPOCH 48 (1.734 seconds):
INFO:root:COST >> 0.4022 +/- 0.008, % updates: 31.542%
INFO:root:-- EPOCH 49 (1.872 seconds):
INFO:root:COST >> 0.39 +/- 0.0092, % updates: 30.925%
INFO:root:-- EPOCH 50 (2.045 seconds):
INFO:root:COST >> 0.3771 +/- 0.0043, % updates: 30.233%
INFO:root:-- EPOCH 51 (2.391 seconds):
INFO:root:COST >> 0.3668 +/- 0.005, % updates: 29.789%
INFO:root:-- EPOCH 52 (1.931 seconds):
INFO:root:COST >> 0.3562 +/- 0.0061, % updates: 28.965%
INFO:root:-- EPOCH 53 (1.617 seconds):
INFO:root:COST >> 0.3464 +/- 0.0043, % updates: 28.602%
INFO:root:-- EPOCH 54 (1.655 seconds):
INFO:root:COST >> 0.3393 +/- 0.0036, % updates: 28.126%
INFO:root:-- EPOCH 55 (1.788 seconds):
INFO:root:COST >> 0.3283 +/- 0.003, % updates: 27.527%
INFO:root:-- EPOCH 56 (1.73 seconds):
INFO:root:COST >> 0.3164 +/- 0.0032, % updates: 26.852%
INFO:root:-- EPOCH 57 (1.536 seconds):
INFO:root:COST >> 0.3095 +/- 0.0069, % updates: 26.587%
INFO:root:-- EPOCH 58 (1.549 seconds):
INFO:root:COST >> 0.3026 +/- 0.0046, % updates: 26.105%
INFO:root:-- EPOCH 59 (1.528 seconds):
INFO:root:COST >> 0.295 +/- 0.0035, % updates: 25.733%
INFO:root:-- EPOCH 60 (1.558 seconds):
INFO:root:COST >> 0.2872 +/- 0.0051, % updates: 25.191%
INFO:root:-- EPOCH 61 (1.536 seconds):
INFO:root:COST >> 0.2812 +/- 0.0045, % updates: 24.873%
INFO:root:-- EPOCH 62 (1.669 seconds):
INFO:root:COST >> 0.2726 +/- 0.0044, % updates: 24.35%
INFO:root:-- EPOCH 63 (2.01 seconds):
INFO:root:COST >> 0.2651 +/- 0.0031, % updates: 23.937%
INFO:root:-- EPOCH 64 (1.534 seconds):
INFO:root:COST >> 0.2613 +/- 0.002, % updates: 23.65%
INFO:root:-- EPOCH 65 (1.541 seconds):
INFO:root:COST >> 0.2528 +/- 0.0031, % updates: 23.173%
INFO:root:-- EPOCH 66 (1.567 seconds):
INFO:root:COST >> 0.2483 +/- 0.0048, % updates: 22.756%
INFO:root:-- EPOCH 67 (1.544 seconds):
INFO:root:COST >> 0.244 +/- 0.0018, % updates: 22.64%
INFO:root:-- EPOCH 68 (1.542 seconds):
INFO:root:COST >> 0.2377 +/- 0.0024, % updates: 22.144%
INFO:root:-- EPOCH 69 (1.549 seconds):
INFO:root:COST >> 0.2323 +/- 0.0041, % updates: 21.825%
INFO:root:-- EPOCH 70 (1.513 seconds):
INFO:root:COST >> 0.2266 +/- 0.0025, % updates: 21.486%
INFO:root:-- EPOCH 71 (1.539 seconds):
INFO:root:COST >> 0.2239 +/- 0.0032, % updates: 21.245%
INFO:root:-- EPOCH 72 (1.55 seconds):
INFO:root:COST >> 0.2167 +/- 0.0039, % updates: 20.808%
INFO:root:-- EPOCH 73 (1.538 seconds):
INFO:root:COST >> 0.2136 +/- 0.0044, % updates: 20.495%
INFO:root:-- EPOCH 74 (1.536 seconds):
INFO:root:COST >> 0.2089 +/- 0.0041, % updates: 20.256%
INFO:root:-- EPOCH 75 (1.542 seconds):
INFO:root:COST >> 0.2063 +/- 0.0035, % updates: 20.031%
INFO:root:-- EPOCH 76 (1.523 seconds):
INFO:root:COST >> 0.1999 +/- 0.0035, % updates: 19.614%
INFO:root:-- EPOCH 77 (1.538 seconds):
INFO:root:COST >> 0.1973 +/- 0.0032, % updates: 19.386%
INFO:root:-- EPOCH 78 (1.427 seconds):
INFO:root:COST >> 0.1905 +/- 0.005, % updates: 19.034%
INFO:root:-- EPOCH 79 (1.166 seconds):
INFO:root:COST >> 0.1883 +/- 0.0032, % updates: 18.833%
INFO:root:-- EPOCH 80 (1.165 seconds):
INFO:root:COST >> 0.1846 +/- 0.0034, % updates: 18.581%
INFO:root:-- EPOCH 81 (1.202 seconds):
INFO:root:COST >> 0.1815 +/- 0.003, % updates: 18.338%
INFO:root:-- EPOCH 82 (1.396 seconds):
INFO:root:COST >> 0.1775 +/- 0.0034, % updates: 17.974%
INFO:root:-- EPOCH 83 (1.521 seconds):
INFO:root:COST >> 0.1761 +/- 0.0042, % updates: 18.029%
INFO:root:-- EPOCH 84 (1.527 seconds):
INFO:root:COST >> 0.1717 +/- 0.0027, % updates: 17.626%
INFO:root:-- EPOCH 85 (1.508 seconds):
INFO:root:COST >> 0.1666 +/- 0.0029, % updates: 17.365%
INFO:root:-- EPOCH 86 (1.523 seconds):
INFO:root:COST >> 0.167 +/- 0.0028, % updates: 17.296%
INFO:root:-- EPOCH 87 (1.52 seconds):
INFO:root:COST >> 0.1627 +/- 0.0042, % updates: 16.979%
INFO:root:-- EPOCH 88 (1.527 seconds):
INFO:root:COST >> 0.1593 +/- 0.0019, % updates: 16.689%
INFO:root:-- EPOCH 89 (1.525 seconds):
INFO:root:COST >> 0.1582 +/- 0.0017, % updates: 16.659%
INFO:root:-- EPOCH 90 (1.52 seconds):
INFO:root:COST >> 0.1534 +/- 0.0032, % updates: 16.302%
INFO:root:-- EPOCH 91 (1.502 seconds):
INFO:root:COST >> 0.151 +/- 0.0029, % updates: 16.233%
INFO:root:-- EPOCH 92 (1.537 seconds):
INFO:root:COST >> 0.1488 +/- 0.0018, % updates: 16.021%
INFO:root:-- EPOCH 93 (1.525 seconds):
INFO:root:COST >> 0.1453 +/- 0.0026, % updates: 15.787%
INFO:root:-- EPOCH 94 (1.532 seconds):
INFO:root:COST >> 0.1442 +/- 0.0024, % updates: 15.597%
INFO:root:-- EPOCH 95 (1.529 seconds):
INFO:root:COST >> 0.1413 +/- 0.0026, % updates: 15.397%
INFO:root:-- EPOCH 96 (1.509 seconds):
INFO:root:COST >> 0.1391 +/- 0.0029, % updates: 15.22%
INFO:root:-- EPOCH 97 (1.521 seconds):
INFO:root:COST >> 0.1373 +/- 0.0012, % updates: 15.076%
INFO:root:-- EPOCH 98 (1.516 seconds):
INFO:root:COST >> 0.1356 +/- 0.0023, % updates: 15.043%
INFO:root:-- EPOCH 99 (1.487 seconds):
INFO:root:COST >> 0.133 +/- 0.004, % updates: 14.736%
INFO:root:-- EPOCH 100 (1.51 seconds):
INFO:root:COST >> 0.1302 +/- 0.0028, % updates: 14.608%
