INFO:root:Shape for training set: (40961, 141442)
INFO:root:State: {'ndim': '20', 'test_all': 'None', 'test_path': 'None', 'nhid': '50', 'lremb': '0.0001', 'seed': '6', 'simfn': 'L1', 'valid_path': 'None', 'nbatches': '10', 'lrparam': '0.0001', 'decay': '0.5', 'show_hinton_diagrams': 'False', 'no_rescaling': 'True', 'Nrel': '18', 'ranking_score_right': 'False', 'Nent': '40961', 'Nsyn': '40943', 'method': 'MOMENTUM', 'loss_margin': '1.0', 'C': '1.0', 'epsilon': '1e-06', 'use_db': 'True', 'max_lr': 'None', 'l1_param_weight': 'None', 'filtered': 'False', 'name': 'wn_opt/wn_MOMENTUM_146', 'totepochs': '100', 'l2_param_weight': 'None', 'train_path': 'data/wn/WN-train.pkl', 'op': 'TransE'}
INFO:root:Starting the Experiment ..
INFO:root:-- EPOCH 1 (1.503 seconds):
INFO:root:COST >> 2.1871 +/- 0.018, % updates: 81.504%
INFO:root:-- EPOCH 2 (1.503 seconds):
INFO:root:COST >> 2.1253 +/- 0.0047, % updates: 81.068%
INFO:root:-- EPOCH 3 (1.543 seconds):
INFO:root:COST >> 2.0872 +/- 0.0174, % updates: 80.441%
INFO:root:-- EPOCH 4 (1.507 seconds):
INFO:root:COST >> 2.0469 +/- 0.0106, % updates: 79.661%
INFO:root:-- EPOCH 5 (1.53 seconds):
INFO:root:COST >> 2.0164 +/- 0.0163, % updates: 78.918%
INFO:root:-- EPOCH 6 (1.539 seconds):
INFO:root:COST >> 1.9805 +/- 0.0119, % updates: 78.178%
INFO:root:-- EPOCH 7 (1.532 seconds):
INFO:root:COST >> 1.947 +/- 0.0158, % updates: 77.728%
INFO:root:-- EPOCH 8 (1.521 seconds):
INFO:root:COST >> 1.9181 +/- 0.0149, % updates: 77.078%
INFO:root:-- EPOCH 9 (1.488 seconds):
INFO:root:COST >> 1.8864 +/- 0.0107, % updates: 76.486%
INFO:root:-- EPOCH 10 (1.532 seconds):
INFO:root:COST >> 1.8637 +/- 0.0071, % updates: 75.975%
INFO:root:-- EPOCH 11 (1.5 seconds):
INFO:root:COST >> 1.8333 +/- 0.0166, % updates: 75.51%
INFO:root:-- EPOCH 12 (1.529 seconds):
INFO:root:COST >> 1.81 +/- 0.0147, % updates: 75.025%
INFO:root:-- EPOCH 13 (1.536 seconds):
INFO:root:COST >> 1.7832 +/- 0.0121, % updates: 74.467%
INFO:root:-- EPOCH 14 (1.555 seconds):
INFO:root:COST >> 1.7558 +/- 0.0153, % updates: 73.912%
INFO:root:-- EPOCH 15 (1.505 seconds):
INFO:root:COST >> 1.7308 +/- 0.0082, % updates: 73.465%
INFO:root:-- EPOCH 16 (1.51 seconds):
INFO:root:COST >> 1.7108 +/- 0.0151, % updates: 72.958%
INFO:root:-- EPOCH 17 (1.543 seconds):
INFO:root:COST >> 1.6885 +/- 0.0105, % updates: 72.587%
INFO:root:-- EPOCH 18 (1.491 seconds):
INFO:root:COST >> 1.6656 +/- 0.0106, % updates: 72.184%
INFO:root:-- EPOCH 19 (1.468 seconds):
INFO:root:COST >> 1.6445 +/- 0.0136, % updates: 71.794%
INFO:root:-- EPOCH 20 (1.142 seconds):
INFO:root:COST >> 1.6235 +/- 0.012, % updates: 71.346%
INFO:root:-- EPOCH 21 (1.149 seconds):
INFO:root:COST >> 1.6033 +/- 0.0098, % updates: 70.797%
INFO:root:-- EPOCH 22 (1.204 seconds):
INFO:root:COST >> 1.5835 +/- 0.0085, % updates: 70.519%
INFO:root:-- EPOCH 23 (1.223 seconds):
INFO:root:COST >> 1.5621 +/- 0.0169, % updates: 69.971%
INFO:root:-- EPOCH 24 (1.511 seconds):
INFO:root:COST >> 1.5447 +/- 0.0081, % updates: 69.777%
INFO:root:-- EPOCH 25 (1.512 seconds):
INFO:root:COST >> 1.5206 +/- 0.0078, % updates: 69.175%
INFO:root:-- EPOCH 26 (1.513 seconds):
INFO:root:COST >> 1.504 +/- 0.0088, % updates: 68.761%
INFO:root:-- EPOCH 27 (1.497 seconds):
INFO:root:COST >> 1.4865 +/- 0.01, % updates: 68.41%
INFO:root:-- EPOCH 28 (1.517 seconds):
INFO:root:COST >> 1.4611 +/- 0.0079, % updates: 67.942%
INFO:root:-- EPOCH 29 (1.524 seconds):
INFO:root:COST >> 1.4465 +/- 0.0095, % updates: 67.686%
INFO:root:-- EPOCH 30 (1.527 seconds):
INFO:root:COST >> 1.4287 +/- 0.0139, % updates: 67.32%
INFO:root:-- EPOCH 31 (1.586 seconds):
INFO:root:COST >> 1.4181 +/- 0.0117, % updates: 67.003%
INFO:root:-- EPOCH 32 (1.575 seconds):
INFO:root:COST >> 1.3999 +/- 0.0052, % updates: 66.51%
INFO:root:-- EPOCH 33 (1.561 seconds):
INFO:root:COST >> 1.3832 +/- 0.0129, % updates: 66.162%
INFO:root:-- EPOCH 34 (1.496 seconds):
INFO:root:COST >> 1.3658 +/- 0.0088, % updates: 65.868%
INFO:root:-- EPOCH 35 (1.528 seconds):
INFO:root:COST >> 1.3516 +/- 0.0072, % updates: 65.361%
INFO:root:-- EPOCH 36 (1.518 seconds):
INFO:root:COST >> 1.3328 +/- 0.0117, % updates: 65.107%
INFO:root:-- EPOCH 37 (1.511 seconds):
INFO:root:COST >> 1.3201 +/- 0.0063, % updates: 64.736%
INFO:root:-- EPOCH 38 (1.547 seconds):
INFO:root:COST >> 1.3079 +/- 0.0064, % updates: 64.386%
INFO:root:-- EPOCH 39 (1.503 seconds):
INFO:root:COST >> 1.2931 +/- 0.0105, % updates: 64.085%
INFO:root:-- EPOCH 40 (1.502 seconds):
INFO:root:COST >> 1.2713 +/- 0.0084, % updates: 63.573%
INFO:root:-- EPOCH 41 (1.495 seconds):
INFO:root:COST >> 1.263 +/- 0.0084, % updates: 63.367%
INFO:root:-- EPOCH 42 (1.501 seconds):
INFO:root:COST >> 1.2502 +/- 0.0096, % updates: 62.968%
INFO:root:-- EPOCH 43 (1.489 seconds):
INFO:root:COST >> 1.2347 +/- 0.0098, % updates: 62.473%
INFO:root:-- EPOCH 44 (1.497 seconds):
INFO:root:COST >> 1.221 +/- 0.0056, % updates: 62.326%
INFO:root:-- EPOCH 45 (1.502 seconds):
INFO:root:COST >> 1.207 +/- 0.0076, % updates: 61.871%
INFO:root:-- EPOCH 46 (1.517 seconds):
INFO:root:COST >> 1.1939 +/- 0.0101, % updates: 61.654%
INFO:root:-- EPOCH 47 (1.496 seconds):
INFO:root:COST >> 1.181 +/- 0.0072, % updates: 61.225%
INFO:root:-- EPOCH 48 (1.54 seconds):
INFO:root:COST >> 1.1699 +/- 0.0133, % updates: 61.1%
INFO:root:-- EPOCH 49 (1.493 seconds):
INFO:root:COST >> 1.1566 +/- 0.0074, % updates: 60.732%
INFO:root:-- EPOCH 50 (1.547 seconds):
INFO:root:COST >> 1.1473 +/- 0.0109, % updates: 60.341%
INFO:root:-- EPOCH 51 (1.501 seconds):
INFO:root:COST >> 1.1359 +/- 0.0114, % updates: 59.992%
INFO:root:-- EPOCH 52 (1.516 seconds):
INFO:root:COST >> 1.1197 +/- 0.0068, % updates: 59.7%
INFO:root:-- EPOCH 53 (1.905 seconds):
INFO:root:COST >> 1.111 +/- 0.0061, % updates: 59.537%
INFO:root:-- EPOCH 54 (1.912 seconds):
INFO:root:COST >> 1.0972 +/- 0.0045, % updates: 59.116%
INFO:root:-- EPOCH 55 (1.928 seconds):
INFO:root:COST >> 1.0862 +/- 0.0054, % updates: 58.539%
INFO:root:-- EPOCH 56 (1.936 seconds):
INFO:root:COST >> 1.0751 +/- 0.0082, % updates: 58.411%
INFO:root:-- EPOCH 57 (1.924 seconds):
INFO:root:COST >> 1.0696 +/- 0.0093, % updates: 58.12%
INFO:root:-- EPOCH 58 (1.929 seconds):
INFO:root:COST >> 1.0575 +/- 0.0089, % updates: 57.954%
INFO:root:-- EPOCH 59 (1.937 seconds):
INFO:root:COST >> 1.0414 +/- 0.009, % updates: 57.461%
INFO:root:-- EPOCH 60 (1.909 seconds):
INFO:root:COST >> 1.0334 +/- 0.0081, % updates: 57.245%
INFO:root:-- EPOCH 61 (1.927 seconds):
INFO:root:COST >> 1.0236 +/- 0.007, % updates: 56.836%
INFO:root:-- EPOCH 62 (1.945 seconds):
INFO:root:COST >> 1.0094 +/- 0.0086, % updates: 56.575%
INFO:root:-- EPOCH 63 (1.956 seconds):
INFO:root:COST >> 1.0008 +/- 0.0066, % updates: 56.262%
INFO:root:-- EPOCH 64 (1.948 seconds):
INFO:root:COST >> 0.994 +/- 0.008, % updates: 56.073%
INFO:root:-- EPOCH 65 (1.944 seconds):
INFO:root:COST >> 0.9841 +/- 0.0096, % updates: 55.746%
INFO:root:-- EPOCH 66 (1.939 seconds):
INFO:root:COST >> 0.977 +/- 0.0082, % updates: 55.547%
INFO:root:-- EPOCH 67 (1.719 seconds):
INFO:root:COST >> 0.9637 +/- 0.0092, % updates: 55.135%
INFO:root:-- EPOCH 68 (1.545 seconds):
INFO:root:COST >> 0.9543 +/- 0.0048, % updates: 54.802%
INFO:root:-- EPOCH 69 (1.503 seconds):
INFO:root:COST >> 0.9464 +/- 0.0037, % updates: 54.727%
INFO:root:-- EPOCH 70 (1.507 seconds):
INFO:root:COST >> 0.9352 +/- 0.0064, % updates: 54.25%
INFO:root:-- EPOCH 71 (1.531 seconds):
INFO:root:COST >> 0.9298 +/- 0.008, % updates: 54.097%
INFO:root:-- EPOCH 72 (1.524 seconds):
INFO:root:COST >> 0.9197 +/- 0.0091, % updates: 53.744%
INFO:root:-- EPOCH 73 (1.484 seconds):
INFO:root:COST >> 0.9071 +/- 0.0082, % updates: 53.421%
INFO:root:-- EPOCH 74 (1.511 seconds):
INFO:root:COST >> 0.9018 +/- 0.0088, % updates: 53.231%
INFO:root:-- EPOCH 75 (1.487 seconds):
INFO:root:COST >> 0.8934 +/- 0.0066, % updates: 52.979%
INFO:root:-- EPOCH 76 (1.489 seconds):
INFO:root:COST >> 0.8875 +/- 0.0088, % updates: 52.704%
INFO:root:-- EPOCH 77 (1.477 seconds):
INFO:root:COST >> 0.8757 +/- 0.0047, % updates: 52.454%
INFO:root:-- EPOCH 78 (1.525 seconds):
INFO:root:COST >> 0.8723 +/- 0.0048, % updates: 52.371%
INFO:root:-- EPOCH 79 (1.498 seconds):
INFO:root:COST >> 0.86 +/- 0.0063, % updates: 51.887%
INFO:root:-- EPOCH 80 (1.51 seconds):
INFO:root:COST >> 0.8557 +/- 0.0033, % updates: 51.73%
INFO:root:-- EPOCH 81 (1.518 seconds):
INFO:root:COST >> 0.8466 +/- 0.0057, % updates: 51.528%
INFO:root:-- EPOCH 82 (1.534 seconds):
INFO:root:COST >> 0.8392 +/- 0.0057, % updates: 51.188%
INFO:root:-- EPOCH 83 (1.504 seconds):
INFO:root:COST >> 0.8311 +/- 0.0071, % updates: 50.965%
INFO:root:-- EPOCH 84 (1.546 seconds):
INFO:root:COST >> 0.8235 +/- 0.0039, % updates: 50.662%
INFO:root:-- EPOCH 85 (1.487 seconds):
INFO:root:COST >> 0.8166 +/- 0.0054, % updates: 50.419%
INFO:root:-- EPOCH 86 (1.506 seconds):
INFO:root:COST >> 0.8125 +/- 0.0084, % updates: 50.195%
INFO:root:-- EPOCH 87 (1.512 seconds):
INFO:root:COST >> 0.8043 +/- 0.0065, % updates: 49.98%
INFO:root:-- EPOCH 88 (1.557 seconds):
INFO:root:COST >> 0.7928 +/- 0.0073, % updates: 49.546%
INFO:root:-- EPOCH 89 (1.501 seconds):
INFO:root:COST >> 0.7907 +/- 0.0041, % updates: 49.447%
INFO:root:-- EPOCH 90 (1.498 seconds):
INFO:root:COST >> 0.7811 +/- 0.0064, % updates: 49.168%
INFO:root:-- EPOCH 91 (1.548 seconds):
INFO:root:COST >> 0.7793 +/- 0.0078, % updates: 49.13%
INFO:root:-- EPOCH 92 (1.524 seconds):
INFO:root:COST >> 0.7685 +/- 0.0044, % updates: 48.728%
INFO:root:-- EPOCH 93 (1.518 seconds):
INFO:root:COST >> 0.7644 +/- 0.0051, % updates: 48.558%
INFO:root:-- EPOCH 94 (1.516 seconds):
INFO:root:COST >> 0.755 +/- 0.0065, % updates: 48.193%
INFO:root:-- EPOCH 95 (1.53 seconds):
INFO:root:COST >> 0.7507 +/- 0.0063, % updates: 48.087%
INFO:root:-- EPOCH 96 (1.547 seconds):
INFO:root:COST >> 0.744 +/- 0.0085, % updates: 47.811%
INFO:root:-- EPOCH 97 (1.54 seconds):
INFO:root:COST >> 0.7369 +/- 0.0062, % updates: 47.582%
INFO:root:-- EPOCH 98 (1.536 seconds):
INFO:root:COST >> 0.7323 +/- 0.0064, % updates: 47.39%
INFO:root:-- EPOCH 99 (1.536 seconds):
INFO:root:COST >> 0.7223 +/- 0.0057, % updates: 47.019%
INFO:root:-- EPOCH 100 (1.491 seconds):
INFO:root:COST >> 0.7196 +/- 0.0053, % updates: 46.937%
