INFO:root:Shape for training set: (40961, 141442)
INFO:root:State: {'ndim': '20', 'test_all': 'None', 'test_path': 'None', 'nhid': '50', 'lremb': '0.01', 'seed': '5', 'simfn': 'L1', 'valid_path': 'None', 'nbatches': '10', 'lrparam': '0.01', 'decay': '0.5', 'show_hinton_diagrams': 'False', 'no_rescaling': 'True', 'Nrel': '18', 'ranking_score_right': 'False', 'Nent': '40961', 'Nsyn': '40943', 'method': 'MOMENTUM', 'loss_margin': '1.0', 'C': '1.0', 'epsilon': '1e-06', 'use_db': 'True', 'max_lr': 'None', 'l1_param_weight': 'None', 'filtered': 'False', 'name': 'wn_opt/wn_MOMENTUM_245', 'totepochs': '100', 'l2_param_weight': 'None', 'train_path': 'data/wn/WN-train.pkl', 'op': 'TransE'}
INFO:root:Starting the Experiment ..
INFO:root:-- EPOCH 1 (1.495 seconds):
INFO:root:COST >> 2.0974 +/- 0.1048, % updates: 70.802%
INFO:root:-- EPOCH 2 (1.474 seconds):
INFO:root:COST >> 1.7581 +/- 0.0161, % updates: 61.365%
INFO:root:-- EPOCH 3 (1.474 seconds):
INFO:root:COST >> 1.5921 +/- 0.0449, % updates: 58.31%
INFO:root:-- EPOCH 4 (1.492 seconds):
INFO:root:COST >> 1.4989 +/- 0.0577, % updates: 56.387%
INFO:root:-- EPOCH 5 (1.475 seconds):
INFO:root:COST >> 1.4449 +/- 0.0699, % updates: 55.07%
INFO:root:-- EPOCH 6 (1.502 seconds):
INFO:root:COST >> 1.4086 +/- 0.0704, % updates: 54.151%
INFO:root:-- EPOCH 7 (1.465 seconds):
INFO:root:COST >> 1.3877 +/- 0.068, % updates: 53.474%
INFO:root:-- EPOCH 8 (1.482 seconds):
INFO:root:COST >> 1.3692 +/- 0.0662, % updates: 52.873%
INFO:root:-- EPOCH 9 (1.525 seconds):
INFO:root:COST >> 1.3604 +/- 0.0662, % updates: 52.552%
INFO:root:-- EPOCH 10 (1.481 seconds):
INFO:root:COST >> 1.3506 +/- 0.069, % updates: 52.181%
INFO:root:-- EPOCH 11 (1.506 seconds):
INFO:root:COST >> 1.3413 +/- 0.0744, % updates: 51.841%
INFO:root:-- EPOCH 12 (1.473 seconds):
INFO:root:COST >> 1.3364 +/- 0.0691, % updates: 51.709%
INFO:root:-- EPOCH 13 (1.5 seconds):
INFO:root:COST >> 1.3377 +/- 0.0665, % updates: 51.705%
INFO:root:-- EPOCH 14 (1.479 seconds):
INFO:root:COST >> 1.3291 +/- 0.0668, % updates: 51.404%
INFO:root:-- EPOCH 15 (1.515 seconds):
INFO:root:COST >> 1.3284 +/- 0.068, % updates: 51.234%
INFO:root:-- EPOCH 16 (1.458 seconds):
INFO:root:COST >> 1.3286 +/- 0.0737, % updates: 51.271%
INFO:root:-- EPOCH 17 (1.47 seconds):
INFO:root:COST >> 1.3226 +/- 0.0635, % updates: 51.108%
INFO:root:-- EPOCH 18 (1.482 seconds):
INFO:root:COST >> 1.3192 +/- 0.0697, % updates: 50.789%
INFO:root:-- EPOCH 19 (1.46 seconds):
INFO:root:COST >> 1.3187 +/- 0.0702, % updates: 50.84%
INFO:root:-- EPOCH 20 (1.465 seconds):
INFO:root:COST >> 1.3191 +/- 0.0684, % updates: 50.817%
INFO:root:-- EPOCH 21 (1.44 seconds):
INFO:root:COST >> 1.3152 +/- 0.0644, % updates: 50.657%
INFO:root:-- EPOCH 22 (1.497 seconds):
INFO:root:COST >> 1.3122 +/- 0.0665, % updates: 50.463%
INFO:root:-- EPOCH 23 (1.459 seconds):
INFO:root:COST >> 1.3142 +/- 0.0671, % updates: 50.512%
INFO:root:-- EPOCH 24 (1.462 seconds):
INFO:root:COST >> 1.3124 +/- 0.0704, % updates: 50.523%
INFO:root:-- EPOCH 25 (1.469 seconds):
INFO:root:COST >> 1.3097 +/- 0.0657, % updates: 50.389%
INFO:root:-- EPOCH 26 (1.48 seconds):
INFO:root:COST >> 1.3115 +/- 0.0709, % updates: 50.475%
INFO:root:-- EPOCH 27 (1.47 seconds):
INFO:root:COST >> 1.3081 +/- 0.065, % updates: 50.198%
INFO:root:-- EPOCH 28 (1.463 seconds):
INFO:root:COST >> 1.3122 +/- 0.0686, % updates: 50.29%
INFO:root:-- EPOCH 29 (1.449 seconds):
INFO:root:COST >> 1.3068 +/- 0.0755, % updates: 50.163%
INFO:root:-- EPOCH 30 (1.455 seconds):
INFO:root:COST >> 1.3072 +/- 0.0711, % updates: 50.108%
INFO:root:-- EPOCH 31 (1.471 seconds):
INFO:root:COST >> 1.3049 +/- 0.0691, % updates: 50.147%
INFO:root:-- EPOCH 32 (1.466 seconds):
INFO:root:COST >> 1.3097 +/- 0.0705, % updates: 50.181%
INFO:root:-- EPOCH 33 (1.466 seconds):
INFO:root:COST >> 1.3079 +/- 0.0753, % updates: 50.096%
INFO:root:-- EPOCH 34 (1.477 seconds):
INFO:root:COST >> 1.3021 +/- 0.0634, % updates: 50.033%
INFO:root:-- EPOCH 35 (1.468 seconds):
INFO:root:COST >> 1.3084 +/- 0.0676, % updates: 50.073%
INFO:root:-- EPOCH 36 (1.51 seconds):
INFO:root:COST >> 1.3045 +/- 0.0665, % updates: 50.042%
INFO:root:-- EPOCH 37 (1.525 seconds):
INFO:root:COST >> 1.3057 +/- 0.0716, % updates: 50.088%
INFO:root:-- EPOCH 38 (1.456 seconds):
INFO:root:COST >> 1.3075 +/- 0.0668, % updates: 50.043%
INFO:root:-- EPOCH 39 (1.448 seconds):
INFO:root:COST >> 1.3059 +/- 0.0647, % updates: 49.971%
INFO:root:-- EPOCH 40 (1.452 seconds):
INFO:root:COST >> 1.3062 +/- 0.0646, % updates: 49.97%
INFO:root:-- EPOCH 41 (1.451 seconds):
INFO:root:COST >> 1.3028 +/- 0.07, % updates: 49.928%
INFO:root:-- EPOCH 42 (1.463 seconds):
INFO:root:COST >> 1.306 +/- 0.0739, % updates: 49.964%
INFO:root:-- EPOCH 43 (1.46 seconds):
INFO:root:COST >> 1.3066 +/- 0.0645, % updates: 49.965%
INFO:root:-- EPOCH 44 (1.502 seconds):
INFO:root:COST >> 1.3032 +/- 0.0661, % updates: 49.929%
INFO:root:-- EPOCH 45 (1.464 seconds):
INFO:root:COST >> 1.3012 +/- 0.0668, % updates: 49.952%
INFO:root:-- EPOCH 46 (1.493 seconds):
INFO:root:COST >> 1.3025 +/- 0.0702, % updates: 49.837%
INFO:root:-- EPOCH 47 (1.464 seconds):
INFO:root:COST >> 1.3034 +/- 0.0648, % updates: 49.805%
INFO:root:-- EPOCH 48 (1.455 seconds):
INFO:root:COST >> 1.3077 +/- 0.0717, % updates: 49.903%
INFO:root:-- EPOCH 49 (1.462 seconds):
INFO:root:COST >> 1.3 +/- 0.0694, % updates: 49.82%
INFO:root:-- EPOCH 50 (1.458 seconds):
INFO:root:COST >> 1.3051 +/- 0.0613, % updates: 49.795%
INFO:root:-- EPOCH 51 (1.457 seconds):
INFO:root:COST >> 1.303 +/- 0.07, % updates: 49.796%
INFO:root:-- EPOCH 52 (1.468 seconds):
INFO:root:COST >> 1.2973 +/- 0.0681, % updates: 49.77%
INFO:root:-- EPOCH 53 (1.462 seconds):
INFO:root:COST >> 1.3031 +/- 0.0678, % updates: 49.718%
INFO:root:-- EPOCH 54 (1.498 seconds):
INFO:root:COST >> 1.3015 +/- 0.0686, % updates: 49.64%
INFO:root:-- EPOCH 55 (1.47 seconds):
INFO:root:COST >> 1.3021 +/- 0.0644, % updates: 49.74%
INFO:root:-- EPOCH 56 (1.475 seconds):
INFO:root:COST >> 1.3004 +/- 0.0713, % updates: 49.738%
INFO:root:-- EPOCH 57 (1.5 seconds):
INFO:root:COST >> 1.3028 +/- 0.0681, % updates: 49.741%
INFO:root:-- EPOCH 58 (1.485 seconds):
INFO:root:COST >> 1.2989 +/- 0.0668, % updates: 49.642%
INFO:root:-- EPOCH 59 (1.606 seconds):
INFO:root:COST >> 1.301 +/- 0.0694, % updates: 49.781%
INFO:root:-- EPOCH 60 (1.599 seconds):
INFO:root:COST >> 1.3008 +/- 0.0673, % updates: 49.665%
INFO:root:-- EPOCH 61 (1.583 seconds):
INFO:root:COST >> 1.3054 +/- 0.0657, % updates: 49.792%
INFO:root:-- EPOCH 62 (1.485 seconds):
INFO:root:COST >> 1.3026 +/- 0.0626, % updates: 49.663%
INFO:root:-- EPOCH 63 (1.472 seconds):
INFO:root:COST >> 1.2995 +/- 0.0671, % updates: 49.661%
INFO:root:-- EPOCH 64 (1.581 seconds):
INFO:root:COST >> 1.2988 +/- 0.0733, % updates: 49.525%
INFO:root:-- EPOCH 65 (1.622 seconds):
INFO:root:COST >> 1.3018 +/- 0.0708, % updates: 49.71%
INFO:root:-- EPOCH 66 (1.503 seconds):
INFO:root:COST >> 1.3046 +/- 0.0644, % updates: 49.698%
INFO:root:-- EPOCH 67 (1.518 seconds):
INFO:root:COST >> 1.3001 +/- 0.0706, % updates: 49.631%
INFO:root:-- EPOCH 68 (1.467 seconds):
INFO:root:COST >> 1.2991 +/- 0.0697, % updates: 49.623%
INFO:root:-- EPOCH 69 (1.475 seconds):
INFO:root:COST >> 1.2968 +/- 0.0741, % updates: 49.531%
INFO:root:-- EPOCH 70 (1.471 seconds):
INFO:root:COST >> 1.3029 +/- 0.0692, % updates: 49.616%
INFO:root:-- EPOCH 71 (1.469 seconds):
INFO:root:COST >> 1.3006 +/- 0.0661, % updates: 49.498%
INFO:root:-- EPOCH 72 (1.502 seconds):
INFO:root:COST >> 1.3021 +/- 0.0671, % updates: 49.711%
INFO:root:-- EPOCH 73 (1.475 seconds):
INFO:root:COST >> 1.3035 +/- 0.0734, % updates: 49.809%
INFO:root:-- EPOCH 74 (1.461 seconds):
INFO:root:COST >> 1.3006 +/- 0.0632, % updates: 49.806%
INFO:root:-- EPOCH 75 (1.487 seconds):
INFO:root:COST >> 1.3026 +/- 0.0675, % updates: 49.664%
INFO:root:-- EPOCH 76 (1.484 seconds):
INFO:root:COST >> 1.2981 +/- 0.0695, % updates: 49.672%
INFO:root:-- EPOCH 77 (1.445 seconds):
INFO:root:COST >> 1.2977 +/- 0.0685, % updates: 49.475%
INFO:root:-- EPOCH 78 (1.51 seconds):
INFO:root:COST >> 1.3002 +/- 0.0658, % updates: 49.507%
INFO:root:-- EPOCH 79 (1.468 seconds):
INFO:root:COST >> 1.301 +/- 0.0728, % updates: 49.612%
INFO:root:-- EPOCH 80 (1.512 seconds):
INFO:root:COST >> 1.3008 +/- 0.0662, % updates: 49.546%
INFO:root:-- EPOCH 81 (1.4 seconds):
INFO:root:COST >> 1.2987 +/- 0.0724, % updates: 49.523%
INFO:root:-- EPOCH 82 (1.457 seconds):
INFO:root:COST >> 1.3044 +/- 0.0693, % updates: 49.584%
INFO:root:-- EPOCH 83 (1.483 seconds):
INFO:root:COST >> 1.3034 +/- 0.0637, % updates: 49.669%
INFO:root:-- EPOCH 84 (1.532 seconds):
INFO:root:COST >> 1.299 +/- 0.071, % updates: 49.593%
INFO:root:-- EPOCH 85 (1.599 seconds):
INFO:root:COST >> 1.2975 +/- 0.0685, % updates: 49.557%
INFO:root:-- EPOCH 86 (1.905 seconds):
INFO:root:COST >> 1.2977 +/- 0.068, % updates: 49.504%
INFO:root:-- EPOCH 87 (1.907 seconds):
INFO:root:COST >> 1.3008 +/- 0.0629, % updates: 49.604%
INFO:root:-- EPOCH 88 (1.912 seconds):
INFO:root:COST >> 1.2978 +/- 0.0646, % updates: 49.379%
INFO:root:-- EPOCH 89 (1.909 seconds):
INFO:root:COST >> 1.3016 +/- 0.0655, % updates: 49.636%
INFO:root:-- EPOCH 90 (1.889 seconds):
INFO:root:COST >> 1.3017 +/- 0.0694, % updates: 49.534%
INFO:root:-- EPOCH 91 (1.899 seconds):
INFO:root:COST >> 1.3004 +/- 0.0607, % updates: 49.503%
INFO:root:-- EPOCH 92 (1.904 seconds):
INFO:root:COST >> 1.3011 +/- 0.0744, % updates: 49.479%
INFO:root:-- EPOCH 93 (1.92 seconds):
INFO:root:COST >> 1.3019 +/- 0.063, % updates: 49.669%
INFO:root:-- EPOCH 94 (1.91 seconds):
INFO:root:COST >> 1.2976 +/- 0.0669, % updates: 49.549%
INFO:root:-- EPOCH 95 (1.873 seconds):
INFO:root:COST >> 1.3008 +/- 0.0681, % updates: 49.535%
INFO:root:-- EPOCH 96 (1.883 seconds):
INFO:root:COST >> 1.2975 +/- 0.0662, % updates: 49.477%
INFO:root:-- EPOCH 97 (1.938 seconds):
INFO:root:COST >> 1.2962 +/- 0.0681, % updates: 49.419%
INFO:root:-- EPOCH 98 (1.9 seconds):
INFO:root:COST >> 1.2992 +/- 0.0716, % updates: 49.527%
INFO:root:-- EPOCH 99 (1.925 seconds):
INFO:root:COST >> 1.2967 +/- 0.0673, % updates: 49.504%
INFO:root:-- EPOCH 100 (1.885 seconds):
INFO:root:COST >> 1.3009 +/- 0.0725, % updates: 49.435%
