INFO:root:Shape for training set: (40961, 141442)
INFO:root:State: {'ndim': '20', 'test_all': 'None', 'test_path': 'None', 'nhid': '50', 'lremb': '1.0', 'seed': '0', 'simfn': 'L1', 'valid_path': 'None', 'nbatches': '10', 'lrparam': '1.0', 'decay': '0.9999', 'show_hinton_diagrams': 'False', 'no_rescaling': 'True', 'Nrel': '18', 'ranking_score_right': 'False', 'Nent': '40961', 'Nsyn': '40943', 'method': 'MOMENTUM', 'loss_margin': '1.0', 'C': '1.0', 'epsilon': '1e-06', 'use_db': 'True', 'max_lr': 'None', 'l1_param_weight': 'None', 'filtered': 'False', 'name': 'wn_opt/wn_MOMENTUM_300', 'totepochs': '100', 'l2_param_weight': 'None', 'train_path': 'data/wn/WN-train.pkl', 'op': 'TransE'}
INFO:root:Starting the Experiment ..
INFO:root:-- EPOCH 1 (1.457 seconds):
INFO:root:COST >> 2.7095 +/- 0.2117, % updates: 64.189%
INFO:root:-- EPOCH 2 (1.411 seconds):
INFO:root:COST >> 2.3806 +/- 0.1841, % updates: 52.026%
INFO:root:-- EPOCH 3 (1.425 seconds):
INFO:root:COST >> 2.232 +/- 0.1991, % updates: 49.971%
INFO:root:-- EPOCH 4 (1.412 seconds):
INFO:root:COST >> 2.1576 +/- 0.1762, % updates: 49.172%
INFO:root:-- EPOCH 5 (1.437 seconds):
INFO:root:COST >> 2.1052 +/- 0.1852, % updates: 48.589%
INFO:root:-- EPOCH 6 (1.4 seconds):
INFO:root:COST >> 2.0728 +/- 0.1908, % updates: 48.248%
INFO:root:-- EPOCH 7 (1.409 seconds):
INFO:root:COST >> 2.0442 +/- 0.1848, % updates: 48.08%
INFO:root:-- EPOCH 8 (1.393 seconds):
INFO:root:COST >> 2.0269 +/- 0.1756, % updates: 47.95%
INFO:root:-- EPOCH 9 (1.442 seconds):
INFO:root:COST >> 1.9991 +/- 0.1762, % updates: 47.741%
INFO:root:-- EPOCH 10 (1.45 seconds):
INFO:root:COST >> 1.9905 +/- 0.1708, % updates: 47.795%
INFO:root:-- EPOCH 11 (1.417 seconds):
INFO:root:COST >> 1.9721 +/- 0.1772, % updates: 47.617%
INFO:root:-- EPOCH 12 (1.449 seconds):
INFO:root:COST >> 1.9626 +/- 0.1643, % updates: 47.489%
INFO:root:-- EPOCH 13 (1.404 seconds):
INFO:root:COST >> 1.9486 +/- 0.1646, % updates: 47.515%
INFO:root:-- EPOCH 14 (1.214 seconds):
INFO:root:COST >> 1.9394 +/- 0.1582, % updates: 47.41%
INFO:root:-- EPOCH 15 (1.093 seconds):
INFO:root:COST >> 1.9327 +/- 0.1684, % updates: 47.491%
INFO:root:-- EPOCH 16 (1.101 seconds):
INFO:root:COST >> 1.9168 +/- 0.1735, % updates: 47.436%
INFO:root:-- EPOCH 17 (1.116 seconds):
INFO:root:COST >> 1.9123 +/- 0.1665, % updates: 47.373%
INFO:root:-- EPOCH 18 (1.26 seconds):
INFO:root:COST >> 1.9039 +/- 0.1662, % updates: 47.296%
INFO:root:-- EPOCH 19 (1.436 seconds):
INFO:root:COST >> 1.9055 +/- 0.1556, % updates: 47.378%
INFO:root:-- EPOCH 20 (1.43 seconds):
INFO:root:COST >> 1.8918 +/- 0.1596, % updates: 47.32%
INFO:root:-- EPOCH 21 (1.444 seconds):
INFO:root:COST >> 1.8926 +/- 0.1536, % updates: 47.239%
INFO:root:-- EPOCH 22 (1.43 seconds):
INFO:root:COST >> 1.8844 +/- 0.1641, % updates: 47.31%
INFO:root:-- EPOCH 23 (1.455 seconds):
INFO:root:COST >> 1.8762 +/- 0.1517, % updates: 47.264%
INFO:root:-- EPOCH 24 (1.408 seconds):
INFO:root:COST >> 1.8702 +/- 0.1534, % updates: 47.119%
INFO:root:-- EPOCH 25 (1.407 seconds):
INFO:root:COST >> 1.8641 +/- 0.1631, % updates: 47.104%
INFO:root:-- EPOCH 26 (1.425 seconds):
INFO:root:COST >> 1.8657 +/- 0.1583, % updates: 47.252%
INFO:root:-- EPOCH 27 (1.425 seconds):
INFO:root:COST >> 1.8632 +/- 0.1626, % updates: 47.239%
INFO:root:-- EPOCH 28 (1.421 seconds):
INFO:root:COST >> 1.8618 +/- 0.1571, % updates: 47.183%
INFO:root:-- EPOCH 29 (1.428 seconds):
INFO:root:COST >> 1.8562 +/- 0.153, % updates: 47.321%
INFO:root:-- EPOCH 30 (1.853 seconds):
INFO:root:COST >> 1.8489 +/- 0.1547, % updates: 47.204%
INFO:root:-- EPOCH 31 (1.513 seconds):
INFO:root:COST >> 1.8432 +/- 0.1558, % updates: 47.287%
INFO:root:-- EPOCH 32 (1.453 seconds):
INFO:root:COST >> 1.8422 +/- 0.1603, % updates: 47.151%
INFO:root:-- EPOCH 33 (1.434 seconds):
INFO:root:COST >> 1.8354 +/- 0.1553, % updates: 47.172%
INFO:root:-- EPOCH 34 (1.458 seconds):
INFO:root:COST >> 1.8386 +/- 0.164, % updates: 46.952%
INFO:root:-- EPOCH 35 (1.464 seconds):
INFO:root:COST >> 1.8306 +/- 0.1578, % updates: 47.071%
INFO:root:-- EPOCH 36 (1.439 seconds):
INFO:root:COST >> 1.8328 +/- 0.1462, % updates: 47.186%
INFO:root:-- EPOCH 37 (1.463 seconds):
INFO:root:COST >> 1.8356 +/- 0.1613, % updates: 47.261%
INFO:root:-- EPOCH 38 (1.484 seconds):
INFO:root:COST >> 1.8274 +/- 0.1527, % updates: 47.108%
INFO:root:-- EPOCH 39 (1.463 seconds):
INFO:root:COST >> 1.8235 +/- 0.1537, % updates: 47.022%
INFO:root:-- EPOCH 40 (1.439 seconds):
INFO:root:COST >> 1.8216 +/- 0.1522, % updates: 47.176%
INFO:root:-- EPOCH 41 (1.475 seconds):
INFO:root:COST >> 1.8234 +/- 0.1497, % updates: 47.221%
INFO:root:-- EPOCH 42 (1.413 seconds):
INFO:root:COST >> 1.8171 +/- 0.1529, % updates: 47.122%
INFO:root:-- EPOCH 43 (1.43 seconds):
INFO:root:COST >> 1.8192 +/- 0.1468, % updates: 47.152%
INFO:root:-- EPOCH 44 (1.435 seconds):
INFO:root:COST >> 1.8162 +/- 0.1491, % updates: 47.229%
INFO:root:-- EPOCH 45 (1.431 seconds):
INFO:root:COST >> 1.8086 +/- 0.1488, % updates: 47.162%
INFO:root:-- EPOCH 46 (1.448 seconds):
INFO:root:COST >> 1.8062 +/- 0.1443, % updates: 47.092%
INFO:root:-- EPOCH 47 (1.458 seconds):
INFO:root:COST >> 1.8079 +/- 0.1558, % updates: 47.105%
INFO:root:-- EPOCH 48 (1.477 seconds):
INFO:root:COST >> 1.8064 +/- 0.1549, % updates: 47.164%
INFO:root:-- EPOCH 49 (1.413 seconds):
INFO:root:COST >> 1.8073 +/- 0.1496, % updates: 47.225%
INFO:root:-- EPOCH 50 (1.482 seconds):
INFO:root:COST >> 1.8027 +/- 0.1446, % updates: 47.184%
INFO:root:-- EPOCH 51 (1.439 seconds):
INFO:root:COST >> 1.7971 +/- 0.1515, % updates: 47.128%
INFO:root:-- EPOCH 52 (1.407 seconds):
INFO:root:COST >> 1.8027 +/- 0.1627, % updates: 47.109%
INFO:root:-- EPOCH 53 (1.421 seconds):
INFO:root:COST >> 1.7944 +/- 0.1508, % updates: 47.054%
INFO:root:-- EPOCH 54 (1.433 seconds):
INFO:root:COST >> 1.7975 +/- 0.1523, % updates: 47.17%
INFO:root:-- EPOCH 55 (1.437 seconds):
INFO:root:COST >> 1.7964 +/- 0.1443, % updates: 47.239%
INFO:root:-- EPOCH 56 (1.426 seconds):
INFO:root:COST >> 1.7971 +/- 0.1481, % updates: 47.206%
INFO:root:-- EPOCH 57 (1.414 seconds):
INFO:root:COST >> 1.7941 +/- 0.149, % updates: 47.241%
INFO:root:-- EPOCH 58 (1.466 seconds):
INFO:root:COST >> 1.7947 +/- 0.15, % updates: 47.203%
INFO:root:-- EPOCH 59 (1.426 seconds):
INFO:root:COST >> 1.7913 +/- 0.1502, % updates: 47.102%
INFO:root:-- EPOCH 60 (1.465 seconds):
INFO:root:COST >> 1.7903 +/- 0.1509, % updates: 47.145%
INFO:root:-- EPOCH 61 (1.458 seconds):
INFO:root:COST >> 1.7828 +/- 0.1477, % updates: 47.069%
INFO:root:-- EPOCH 62 (1.416 seconds):
INFO:root:COST >> 1.7864 +/- 0.1428, % updates: 47.228%
INFO:root:-- EPOCH 63 (1.443 seconds):
INFO:root:COST >> 1.7817 +/- 0.1368, % updates: 47.189%
INFO:root:-- EPOCH 64 (1.412 seconds):
INFO:root:COST >> 1.7824 +/- 0.1468, % updates: 47.142%
INFO:root:-- EPOCH 65 (1.46 seconds):
INFO:root:COST >> 1.7769 +/- 0.1472, % updates: 47.091%
INFO:root:-- EPOCH 66 (1.449 seconds):
INFO:root:COST >> 1.781 +/- 0.1509, % updates: 47.188%
INFO:root:-- EPOCH 67 (1.473 seconds):
INFO:root:COST >> 1.7763 +/- 0.1455, % updates: 47.189%
INFO:root:-- EPOCH 68 (1.436 seconds):
INFO:root:COST >> 1.7793 +/- 0.1417, % updates: 47.208%
INFO:root:-- EPOCH 69 (1.469 seconds):
INFO:root:COST >> 1.7784 +/- 0.1461, % updates: 47.199%
INFO:root:-- EPOCH 70 (1.453 seconds):
INFO:root:COST >> 1.7758 +/- 0.1468, % updates: 47.144%
INFO:root:-- EPOCH 71 (1.426 seconds):
INFO:root:COST >> 1.7782 +/- 0.1471, % updates: 47.146%
INFO:root:-- EPOCH 72 (1.417 seconds):
INFO:root:COST >> 1.7724 +/- 0.1452, % updates: 47.108%
INFO:root:-- EPOCH 73 (1.421 seconds):
INFO:root:COST >> 1.7736 +/- 0.1485, % updates: 47.134%
INFO:root:-- EPOCH 74 (1.452 seconds):
INFO:root:COST >> 1.7707 +/- 0.1469, % updates: 47.095%
INFO:root:-- EPOCH 75 (1.439 seconds):
INFO:root:COST >> 1.7721 +/- 0.1426, % updates: 47.069%
INFO:root:-- EPOCH 76 (1.403 seconds):
INFO:root:COST >> 1.7647 +/- 0.1538, % updates: 47.047%
INFO:root:-- EPOCH 77 (1.401 seconds):
INFO:root:COST >> 1.7658 +/- 0.1419, % updates: 47.125%
INFO:root:-- EPOCH 78 (1.466 seconds):
INFO:root:COST >> 1.7698 +/- 0.1436, % updates: 47.086%
INFO:root:-- EPOCH 79 (1.433 seconds):
INFO:root:COST >> 1.7655 +/- 0.1441, % updates: 47.172%
INFO:root:-- EPOCH 80 (1.449 seconds):
INFO:root:COST >> 1.7676 +/- 0.1376, % updates: 47.123%
INFO:root:-- EPOCH 81 (1.429 seconds):
INFO:root:COST >> 1.7628 +/- 0.1404, % updates: 47.105%
INFO:root:-- EPOCH 82 (1.428 seconds):
INFO:root:COST >> 1.7701 +/- 0.1396, % updates: 47.372%
INFO:root:-- EPOCH 83 (1.428 seconds):
INFO:root:COST >> 1.7623 +/- 0.1497, % updates: 47.074%
INFO:root:-- EPOCH 84 (1.429 seconds):
INFO:root:COST >> 1.7693 +/- 0.1344, % updates: 47.295%
INFO:root:-- EPOCH 85 (1.434 seconds):
INFO:root:COST >> 1.7637 +/- 0.1526, % updates: 47.128%
INFO:root:-- EPOCH 86 (1.452 seconds):
INFO:root:COST >> 1.7646 +/- 0.1382, % updates: 47.262%
INFO:root:-- EPOCH 87 (1.458 seconds):
INFO:root:COST >> 1.7636 +/- 0.1465, % updates: 47.189%
INFO:root:-- EPOCH 88 (1.452 seconds):
INFO:root:COST >> 1.7645 +/- 0.1436, % updates: 47.279%
INFO:root:-- EPOCH 89 (1.425 seconds):
INFO:root:COST >> 1.7564 +/- 0.1437, % updates: 47.01%
INFO:root:-- EPOCH 90 (1.414 seconds):
INFO:root:COST >> 1.7541 +/- 0.1409, % updates: 47.17%
INFO:root:-- EPOCH 91 (1.453 seconds):
INFO:root:COST >> 1.7596 +/- 0.1489, % updates: 47.174%
INFO:root:-- EPOCH 92 (1.407 seconds):
INFO:root:COST >> 1.7553 +/- 0.1323, % updates: 47.034%
INFO:root:-- EPOCH 93 (1.435 seconds):
INFO:root:COST >> 1.7595 +/- 0.1401, % updates: 47.229%
INFO:root:-- EPOCH 94 (1.402 seconds):
INFO:root:COST >> 1.7559 +/- 0.1485, % updates: 47.274%
INFO:root:-- EPOCH 95 (1.41 seconds):
INFO:root:COST >> 1.7585 +/- 0.1408, % updates: 47.156%
INFO:root:-- EPOCH 96 (1.409 seconds):
INFO:root:COST >> 1.751 +/- 0.1354, % updates: 47.157%
INFO:root:-- EPOCH 97 (1.456 seconds):
INFO:root:COST >> 1.757 +/- 0.1434, % updates: 47.184%
INFO:root:-- EPOCH 98 (1.409 seconds):
INFO:root:COST >> 1.7539 +/- 0.1348, % updates: 47.17%
INFO:root:-- EPOCH 99 (1.451 seconds):
INFO:root:COST >> 1.7565 +/- 0.1472, % updates: 47.07%
INFO:root:-- EPOCH 100 (1.437 seconds):
INFO:root:COST >> 1.7464 +/- 0.1506, % updates: 47.1%
