INFO:root:Shape for training set: (40961, 141442)
INFO:root:State: {'ndim': '20', 'test_all': 'None', 'test_path': 'None', 'nhid': '50', 'lremb': '1e-05', 'seed': '9', 'simfn': 'L1', 'valid_path': 'None', 'nbatches': '10', 'lrparam': '1e-05', 'decay': '0.9', 'show_hinton_diagrams': 'False', 'no_rescaling': 'True', 'Nrel': '18', 'ranking_score_right': 'False', 'Nent': '40961', 'Nsyn': '40943', 'method': 'MOMENTUM', 'loss_margin': '1.0', 'C': '1.0', 'epsilon': '1e-06', 'use_db': 'True', 'max_lr': 'None', 'l1_param_weight': 'None', 'filtered': 'False', 'name': 'wn_opt/wn_MOMENTUM_89', 'totepochs': '100', 'l2_param_weight': 'None', 'train_path': 'data/wn/WN-train.pkl', 'op': 'TransE'}
INFO:root:Starting the Experiment ..
INFO:root:-- EPOCH 1 (1.51 seconds):
INFO:root:COST >> 2.2008 +/- 0.011, % updates: 81.454%
INFO:root:-- EPOCH 2 (1.515 seconds):
INFO:root:COST >> 2.181 +/- 0.0151, % updates: 81.604%
INFO:root:-- EPOCH 3 (1.554 seconds):
INFO:root:COST >> 2.1522 +/- 0.0134, % updates: 81.616%
INFO:root:-- EPOCH 4 (1.531 seconds):
INFO:root:COST >> 2.1256 +/- 0.0118, % updates: 81.498%
INFO:root:-- EPOCH 5 (1.507 seconds):
INFO:root:COST >> 2.1105 +/- 0.0152, % updates: 81.197%
INFO:root:-- EPOCH 6 (1.512 seconds):
INFO:root:COST >> 2.0862 +/- 0.0134, % updates: 80.755%
INFO:root:-- EPOCH 7 (1.532 seconds):
INFO:root:COST >> 2.0621 +/- 0.0102, % updates: 80.268%
INFO:root:-- EPOCH 8 (1.522 seconds):
INFO:root:COST >> 2.0472 +/- 0.0128, % updates: 79.907%
INFO:root:-- EPOCH 9 (1.518 seconds):
INFO:root:COST >> 2.0297 +/- 0.007, % updates: 79.651%
INFO:root:-- EPOCH 10 (1.546 seconds):
INFO:root:COST >> 2.0095 +/- 0.0137, % updates: 79.322%
INFO:root:-- EPOCH 11 (1.508 seconds):
INFO:root:COST >> 1.9937 +/- 0.01, % updates: 78.924%
INFO:root:-- EPOCH 12 (1.532 seconds):
INFO:root:COST >> 1.9764 +/- 0.0101, % updates: 78.68%
INFO:root:-- EPOCH 13 (1.528 seconds):
INFO:root:COST >> 1.962 +/- 0.0175, % updates: 78.42%
INFO:root:-- EPOCH 14 (1.52 seconds):
INFO:root:COST >> 1.9444 +/- 0.0188, % updates: 77.947%
INFO:root:-- EPOCH 15 (1.524 seconds):
INFO:root:COST >> 1.927 +/- 0.0108, % updates: 77.638%
INFO:root:-- EPOCH 16 (1.508 seconds):
INFO:root:COST >> 1.9165 +/- 0.0134, % updates: 77.383%
INFO:root:-- EPOCH 17 (1.518 seconds):
INFO:root:COST >> 1.9039 +/- 0.0086, % updates: 77.177%
INFO:root:-- EPOCH 18 (1.521 seconds):
INFO:root:COST >> 1.884 +/- 0.01, % updates: 76.818%
INFO:root:-- EPOCH 19 (1.513 seconds):
INFO:root:COST >> 1.8666 +/- 0.0102, % updates: 76.357%
INFO:root:-- EPOCH 20 (1.505 seconds):
INFO:root:COST >> 1.8546 +/- 0.0105, % updates: 76.339%
INFO:root:-- EPOCH 21 (1.528 seconds):
INFO:root:COST >> 1.8451 +/- 0.0132, % updates: 76.046%
INFO:root:-- EPOCH 22 (1.547 seconds):
INFO:root:COST >> 1.8255 +/- 0.0074, % updates: 75.597%
INFO:root:-- EPOCH 23 (1.527 seconds):
INFO:root:COST >> 1.8151 +/- 0.0108, % updates: 75.389%
INFO:root:-- EPOCH 24 (1.547 seconds):
INFO:root:COST >> 1.8044 +/- 0.009, % updates: 75.288%
INFO:root:-- EPOCH 25 (1.515 seconds):
INFO:root:COST >> 1.7926 +/- 0.0069, % updates: 74.977%
INFO:root:-- EPOCH 26 (1.561 seconds):
INFO:root:COST >> 1.7782 +/- 0.0111, % updates: 74.703%
INFO:root:-- EPOCH 27 (1.535 seconds):
INFO:root:COST >> 1.7628 +/- 0.0118, % updates: 74.47%
INFO:root:-- EPOCH 28 (1.524 seconds):
INFO:root:COST >> 1.7511 +/- 0.0126, % updates: 74.02%
INFO:root:-- EPOCH 29 (1.539 seconds):
INFO:root:COST >> 1.7396 +/- 0.0085, % updates: 73.953%
INFO:root:-- EPOCH 30 (1.514 seconds):
INFO:root:COST >> 1.7277 +/- 0.0098, % updates: 73.642%
INFO:root:-- EPOCH 31 (1.529 seconds):
INFO:root:COST >> 1.7103 +/- 0.0143, % updates: 73.406%
INFO:root:-- EPOCH 32 (1.514 seconds):
INFO:root:COST >> 1.7049 +/- 0.0121, % updates: 73.221%
INFO:root:-- EPOCH 33 (1.541 seconds):
INFO:root:COST >> 1.6886 +/- 0.0087, % updates: 72.944%
INFO:root:-- EPOCH 34 (1.516 seconds):
INFO:root:COST >> 1.6784 +/- 0.0157, % updates: 72.736%
INFO:root:-- EPOCH 35 (1.511 seconds):
INFO:root:COST >> 1.6662 +/- 0.0103, % updates: 72.533%
INFO:root:-- EPOCH 36 (1.509 seconds):
INFO:root:COST >> 1.6551 +/- 0.0102, % updates: 72.226%
INFO:root:-- EPOCH 37 (1.52 seconds):
INFO:root:COST >> 1.6456 +/- 0.0096, % updates: 72.024%
INFO:root:-- EPOCH 38 (1.533 seconds):
INFO:root:COST >> 1.6388 +/- 0.0108, % updates: 72.086%
INFO:root:-- EPOCH 39 (1.528 seconds):
INFO:root:COST >> 1.6252 +/- 0.0059, % updates: 71.61%
INFO:root:-- EPOCH 40 (1.504 seconds):
INFO:root:COST >> 1.6117 +/- 0.0104, % updates: 71.348%
INFO:root:-- EPOCH 41 (1.5 seconds):
INFO:root:COST >> 1.5987 +/- 0.0144, % updates: 71.075%
INFO:root:-- EPOCH 42 (1.547 seconds):
INFO:root:COST >> 1.5931 +/- 0.0067, % updates: 70.958%
INFO:root:-- EPOCH 43 (1.514 seconds):
INFO:root:COST >> 1.5806 +/- 0.013, % updates: 70.73%
INFO:root:-- EPOCH 44 (1.501 seconds):
INFO:root:COST >> 1.5692 +/- 0.0102, % updates: 70.44%
INFO:root:-- EPOCH 45 (1.497 seconds):
INFO:root:COST >> 1.5593 +/- 0.0133, % updates: 70.323%
INFO:root:-- EPOCH 46 (1.562 seconds):
INFO:root:COST >> 1.5499 +/- 0.0125, % updates: 70.106%
INFO:root:-- EPOCH 47 (1.549 seconds):
INFO:root:COST >> 1.5452 +/- 0.0093, % updates: 70.011%
INFO:root:-- EPOCH 48 (1.525 seconds):
INFO:root:COST >> 1.5335 +/- 0.0107, % updates: 69.622%
INFO:root:-- EPOCH 49 (1.566 seconds):
INFO:root:COST >> 1.5225 +/- 0.0124, % updates: 69.528%
INFO:root:-- EPOCH 50 (1.545 seconds):
INFO:root:COST >> 1.508 +/- 0.0111, % updates: 69.19%
INFO:root:-- EPOCH 51 (1.515 seconds):
INFO:root:COST >> 1.5031 +/- 0.0082, % updates: 68.974%
INFO:root:-- EPOCH 52 (1.494 seconds):
INFO:root:COST >> 1.4959 +/- 0.0089, % updates: 68.865%
INFO:root:-- EPOCH 53 (1.51 seconds):
INFO:root:COST >> 1.4859 +/- 0.0119, % updates: 68.908%
INFO:root:-- EPOCH 54 (1.502 seconds):
INFO:root:COST >> 1.4772 +/- 0.0113, % updates: 68.501%
INFO:root:-- EPOCH 55 (1.529 seconds):
INFO:root:COST >> 1.4692 +/- 0.01, % updates: 68.466%
INFO:root:-- EPOCH 56 (1.511 seconds):
INFO:root:COST >> 1.4542 +/- 0.0086, % updates: 67.996%
INFO:root:-- EPOCH 57 (1.512 seconds):
INFO:root:COST >> 1.4469 +/- 0.0103, % updates: 67.891%
INFO:root:-- EPOCH 58 (1.499 seconds):
INFO:root:COST >> 1.4408 +/- 0.0096, % updates: 67.706%
INFO:root:-- EPOCH 59 (1.496 seconds):
INFO:root:COST >> 1.4284 +/- 0.0029, % updates: 67.431%
INFO:root:-- EPOCH 60 (1.501 seconds):
INFO:root:COST >> 1.4229 +/- 0.0155, % updates: 67.315%
INFO:root:-- EPOCH 61 (1.514 seconds):
INFO:root:COST >> 1.4101 +/- 0.0075, % updates: 66.992%
INFO:root:-- EPOCH 62 (1.522 seconds):
INFO:root:COST >> 1.4059 +/- 0.0091, % updates: 66.968%
INFO:root:-- EPOCH 63 (1.586 seconds):
INFO:root:COST >> 1.3937 +/- 0.0093, % updates: 66.752%
INFO:root:-- EPOCH 64 (1.552 seconds):
INFO:root:COST >> 1.3905 +/- 0.0078, % updates: 66.65%
INFO:root:-- EPOCH 65 (1.579 seconds):
INFO:root:COST >> 1.3789 +/- 0.0098, % updates: 66.32%
INFO:root:-- EPOCH 66 (1.541 seconds):
INFO:root:COST >> 1.371 +/- 0.0069, % updates: 66.061%
INFO:root:-- EPOCH 67 (1.491 seconds):
INFO:root:COST >> 1.3645 +/- 0.0063, % updates: 65.928%
INFO:root:-- EPOCH 68 (1.485 seconds):
INFO:root:COST >> 1.3574 +/- 0.0098, % updates: 65.77%
INFO:root:-- EPOCH 69 (1.512 seconds):
INFO:root:COST >> 1.3496 +/- 0.005, % updates: 65.648%
INFO:root:-- EPOCH 70 (1.475 seconds):
INFO:root:COST >> 1.3386 +/- 0.0113, % updates: 65.43%
INFO:root:-- EPOCH 71 (1.5 seconds):
INFO:root:COST >> 1.3336 +/- 0.0106, % updates: 65.197%
INFO:root:-- EPOCH 72 (1.509 seconds):
INFO:root:COST >> 1.3237 +/- 0.0084, % updates: 65.041%
INFO:root:-- EPOCH 73 (1.527 seconds):
INFO:root:COST >> 1.3168 +/- 0.0095, % updates: 64.842%
INFO:root:-- EPOCH 74 (1.524 seconds):
INFO:root:COST >> 1.3114 +/- 0.0096, % updates: 64.654%
INFO:root:-- EPOCH 75 (1.504 seconds):
INFO:root:COST >> 1.3042 +/- 0.0072, % updates: 64.598%
INFO:root:-- EPOCH 76 (1.518 seconds):
INFO:root:COST >> 1.2941 +/- 0.009, % updates: 64.23%
INFO:root:-- EPOCH 77 (1.533 seconds):
INFO:root:COST >> 1.2877 +/- 0.0121, % updates: 64.191%
INFO:root:-- EPOCH 78 (1.487 seconds):
INFO:root:COST >> 1.2782 +/- 0.0078, % updates: 63.946%
INFO:root:-- EPOCH 79 (1.52 seconds):
INFO:root:COST >> 1.2733 +/- 0.0069, % updates: 63.775%
INFO:root:-- EPOCH 80 (1.215 seconds):
INFO:root:COST >> 1.2631 +/- 0.0084, % updates: 63.646%
INFO:root:-- EPOCH 81 (1.172 seconds):
INFO:root:COST >> 1.2566 +/- 0.0088, % updates: 63.378%
INFO:root:-- EPOCH 82 (1.159 seconds):
INFO:root:COST >> 1.2476 +/- 0.0096, % updates: 63.18%
INFO:root:-- EPOCH 83 (1.178 seconds):
INFO:root:COST >> 1.245 +/- 0.0122, % updates: 63.07%
INFO:root:-- EPOCH 84 (1.378 seconds):
INFO:root:COST >> 1.2382 +/- 0.0099, % updates: 62.987%
INFO:root:-- EPOCH 85 (1.522 seconds):
INFO:root:COST >> 1.2301 +/- 0.0104, % updates: 62.69%
INFO:root:-- EPOCH 86 (1.538 seconds):
INFO:root:COST >> 1.2255 +/- 0.0115, % updates: 62.57%
INFO:root:-- EPOCH 87 (1.515 seconds):
INFO:root:COST >> 1.2152 +/- 0.0088, % updates: 62.258%
INFO:root:-- EPOCH 88 (1.496 seconds):
INFO:root:COST >> 1.2104 +/- 0.0103, % updates: 62.231%
INFO:root:-- EPOCH 89 (1.511 seconds):
INFO:root:COST >> 1.2029 +/- 0.0095, % updates: 62.148%
INFO:root:-- EPOCH 90 (1.532 seconds):
INFO:root:COST >> 1.1945 +/- 0.0108, % updates: 61.856%
INFO:root:-- EPOCH 91 (1.512 seconds):
INFO:root:COST >> 1.1888 +/- 0.0052, % updates: 61.709%
INFO:root:-- EPOCH 92 (1.522 seconds):
INFO:root:COST >> 1.1825 +/- 0.0078, % updates: 61.518%
INFO:root:-- EPOCH 93 (1.506 seconds):
INFO:root:COST >> 1.1722 +/- 0.0047, % updates: 61.358%
INFO:root:-- EPOCH 94 (1.511 seconds):
INFO:root:COST >> 1.1694 +/- 0.0089, % updates: 61.203%
INFO:root:-- EPOCH 95 (1.531 seconds):
INFO:root:COST >> 1.1672 +/- 0.009, % updates: 61.006%
INFO:root:-- EPOCH 96 (1.522 seconds):
INFO:root:COST >> 1.1583 +/- 0.0034, % updates: 60.914%
INFO:root:-- EPOCH 97 (1.482 seconds):
INFO:root:COST >> 1.1485 +/- 0.01, % updates: 60.647%
INFO:root:-- EPOCH 98 (1.512 seconds):
INFO:root:COST >> 1.1445 +/- 0.008, % updates: 60.589%
INFO:root:-- EPOCH 99 (1.493 seconds):
INFO:root:COST >> 1.1374 +/- 0.0063, % updates: 60.261%
INFO:root:-- EPOCH 100 (1.554 seconds):
INFO:root:COST >> 1.1301 +/- 0.0107, % updates: 60.202%
