INFO:root:Shape for training set: (40961, 141442)
INFO:root:State: {'ndim': '20', 'test_all': 'None', 'test_path': 'None', 'nhid': '50', 'lremb': '0.01', 'seed': '9', 'simfn': 'L1', 'valid_path': 'None', 'nbatches': '10', 'lrparam': '0.01', 'decay': '0.99', 'show_hinton_diagrams': 'False', 'no_rescaling': 'True', 'Nrel': '18', 'ranking_score_right': 'False', 'Nent': '40961', 'Nsyn': '40943', 'method': 'MOMENTUM', 'loss_margin': '1.0', 'C': '1.0', 'epsilon': '1e-06', 'use_db': 'True', 'max_lr': 'None', 'l1_param_weight': 'None', 'filtered': 'False', 'name': 'wn_opt/wn_MOMENTUM_229', 'totepochs': '100', 'l2_param_weight': 'None', 'train_path': 'data/wn/WN-train.pkl', 'op': 'TransE'}
INFO:root:Starting the Experiment ..
INFO:root:-- EPOCH 1 (1.454 seconds):
INFO:root:COST >> 2.1517 +/- 0.0882, % updates: 70.44%
INFO:root:-- EPOCH 2 (1.485 seconds):
INFO:root:COST >> 1.8488 +/- 0.1015, % updates: 53.569%
INFO:root:-- EPOCH 3 (1.525 seconds):
INFO:root:COST >> 1.7907 +/- 0.0956, % updates: 48.211%
INFO:root:-- EPOCH 4 (1.504 seconds):
INFO:root:COST >> 1.7642 +/- 0.0961, % updates: 46.971%
INFO:root:-- EPOCH 5 (1.498 seconds):
INFO:root:COST >> 1.7533 +/- 0.114, % updates: 46.523%
INFO:root:-- EPOCH 6 (1.535 seconds):
INFO:root:COST >> 1.7662 +/- 0.1069, % updates: 46.408%
INFO:root:-- EPOCH 7 (1.492 seconds):
INFO:root:COST >> 1.7697 +/- 0.1043, % updates: 46.147%
INFO:root:-- EPOCH 8 (1.496 seconds):
INFO:root:COST >> 1.7857 +/- 0.1084, % updates: 45.828%
INFO:root:-- EPOCH 9 (1.488 seconds):
INFO:root:COST >> 1.7946 +/- 0.0943, % updates: 45.738%
INFO:root:-- EPOCH 10 (1.518 seconds):
INFO:root:COST >> 1.798 +/- 0.1051, % updates: 45.553%
INFO:root:-- EPOCH 11 (1.496 seconds):
INFO:root:COST >> 1.8015 +/- 0.0997, % updates: 45.42%
INFO:root:-- EPOCH 12 (1.468 seconds):
INFO:root:COST >> 1.8222 +/- 0.0996, % updates: 45.338%
INFO:root:-- EPOCH 13 (1.497 seconds):
INFO:root:COST >> 1.8275 +/- 0.1079, % updates: 45.272%
INFO:root:-- EPOCH 14 (1.485 seconds):
INFO:root:COST >> 1.8394 +/- 0.103, % updates: 45.25%
INFO:root:-- EPOCH 15 (1.497 seconds):
INFO:root:COST >> 1.8382 +/- 0.0948, % updates: 45.01%
INFO:root:-- EPOCH 16 (1.482 seconds):
INFO:root:COST >> 1.8366 +/- 0.1, % updates: 44.894%
INFO:root:-- EPOCH 17 (1.489 seconds):
INFO:root:COST >> 1.8516 +/- 0.0978, % updates: 45.126%
INFO:root:-- EPOCH 18 (1.491 seconds):
INFO:root:COST >> 1.8511 +/- 0.1026, % updates: 44.94%
INFO:root:-- EPOCH 19 (1.446 seconds):
INFO:root:COST >> 1.8494 +/- 0.0942, % updates: 44.938%
INFO:root:-- EPOCH 20 (1.506 seconds):
INFO:root:COST >> 1.8561 +/- 0.103, % updates: 44.75%
INFO:root:-- EPOCH 21 (1.474 seconds):
INFO:root:COST >> 1.8588 +/- 0.0943, % updates: 44.815%
INFO:root:-- EPOCH 22 (1.499 seconds):
INFO:root:COST >> 1.8685 +/- 0.0943, % updates: 44.929%
INFO:root:-- EPOCH 23 (1.505 seconds):
INFO:root:COST >> 1.8637 +/- 0.1033, % updates: 44.832%
INFO:root:-- EPOCH 24 (1.47 seconds):
INFO:root:COST >> 1.8659 +/- 0.1074, % updates: 44.759%
INFO:root:-- EPOCH 25 (1.474 seconds):
INFO:root:COST >> 1.8673 +/- 0.1053, % updates: 44.757%
INFO:root:-- EPOCH 26 (1.499 seconds):
INFO:root:COST >> 1.8696 +/- 0.1006, % updates: 44.817%
INFO:root:-- EPOCH 27 (1.48 seconds):
INFO:root:COST >> 1.8738 +/- 0.1042, % updates: 44.704%
INFO:root:-- EPOCH 28 (1.5 seconds):
INFO:root:COST >> 1.8649 +/- 0.0958, % updates: 44.845%
INFO:root:-- EPOCH 29 (1.481 seconds):
INFO:root:COST >> 1.8725 +/- 0.1033, % updates: 44.889%
INFO:root:-- EPOCH 30 (1.481 seconds):
INFO:root:COST >> 1.8701 +/- 0.0943, % updates: 44.824%
INFO:root:-- EPOCH 31 (1.487 seconds):
INFO:root:COST >> 1.8774 +/- 0.0951, % updates: 44.83%
INFO:root:-- EPOCH 32 (1.447 seconds):
INFO:root:COST >> 1.8721 +/- 0.1022, % updates: 44.811%
INFO:root:-- EPOCH 33 (1.475 seconds):
INFO:root:COST >> 1.8786 +/- 0.1124, % updates: 44.804%
INFO:root:-- EPOCH 34 (1.485 seconds):
INFO:root:COST >> 1.8715 +/- 0.0976, % updates: 44.928%
INFO:root:-- EPOCH 35 (1.498 seconds):
INFO:root:COST >> 1.8737 +/- 0.0953, % updates: 44.761%
INFO:root:-- EPOCH 36 (1.472 seconds):
INFO:root:COST >> 1.872 +/- 0.1101, % updates: 44.825%
INFO:root:-- EPOCH 37 (1.465 seconds):
INFO:root:COST >> 1.8711 +/- 0.108, % updates: 44.796%
INFO:root:-- EPOCH 38 (1.464 seconds):
INFO:root:COST >> 1.8725 +/- 0.1009, % updates: 44.79%
INFO:root:-- EPOCH 39 (1.455 seconds):
INFO:root:COST >> 1.8743 +/- 0.1003, % updates: 44.828%
INFO:root:-- EPOCH 40 (1.499 seconds):
INFO:root:COST >> 1.8659 +/- 0.0875, % updates: 44.753%
INFO:root:-- EPOCH 41 (1.477 seconds):
INFO:root:COST >> 1.8767 +/- 0.0988, % updates: 44.998%
INFO:root:-- EPOCH 42 (1.483 seconds):
INFO:root:COST >> 1.8643 +/- 0.1087, % updates: 44.807%
INFO:root:-- EPOCH 43 (1.51 seconds):
INFO:root:COST >> 1.8692 +/- 0.1116, % updates: 44.722%
INFO:root:-- EPOCH 44 (1.54 seconds):
INFO:root:COST >> 1.8763 +/- 0.1021, % updates: 44.698%
INFO:root:-- EPOCH 45 (1.505 seconds):
INFO:root:COST >> 1.8698 +/- 0.0945, % updates: 44.756%
INFO:root:-- EPOCH 46 (1.466 seconds):
INFO:root:COST >> 1.8719 +/- 0.0954, % updates: 44.803%
INFO:root:-- EPOCH 47 (1.486 seconds):
INFO:root:COST >> 1.8712 +/- 0.1114, % updates: 44.818%
INFO:root:-- EPOCH 48 (1.462 seconds):
INFO:root:COST >> 1.8825 +/- 0.104, % updates: 44.894%
INFO:root:-- EPOCH 49 (1.464 seconds):
INFO:root:COST >> 1.874 +/- 0.0933, % updates: 44.93%
INFO:root:-- EPOCH 50 (1.484 seconds):
INFO:root:COST >> 1.869 +/- 0.101, % updates: 44.811%
INFO:root:-- EPOCH 51 (1.518 seconds):
INFO:root:COST >> 1.8749 +/- 0.0996, % updates: 44.85%
INFO:root:-- EPOCH 52 (1.465 seconds):
INFO:root:COST >> 1.8662 +/- 0.1039, % updates: 44.657%
INFO:root:-- EPOCH 53 (1.474 seconds):
INFO:root:COST >> 1.8705 +/- 0.0954, % updates: 44.897%
INFO:root:-- EPOCH 54 (1.485 seconds):
INFO:root:COST >> 1.8642 +/- 0.1018, % updates: 44.753%
INFO:root:-- EPOCH 55 (1.471 seconds):
INFO:root:COST >> 1.8722 +/- 0.0971, % updates: 44.795%
INFO:root:-- EPOCH 56 (1.479 seconds):
INFO:root:COST >> 1.8806 +/- 0.1111, % updates: 44.939%
INFO:root:-- EPOCH 57 (1.468 seconds):
INFO:root:COST >> 1.8745 +/- 0.1048, % updates: 44.787%
INFO:root:-- EPOCH 58 (1.459 seconds):
INFO:root:COST >> 1.8794 +/- 0.0986, % updates: 44.732%
INFO:root:-- EPOCH 59 (1.479 seconds):
INFO:root:COST >> 1.8713 +/- 0.1053, % updates: 44.739%
INFO:root:-- EPOCH 60 (1.492 seconds):
INFO:root:COST >> 1.8788 +/- 0.0965, % updates: 44.872%
INFO:root:-- EPOCH 61 (1.485 seconds):
INFO:root:COST >> 1.8671 +/- 0.103, % updates: 44.739%
INFO:root:-- EPOCH 62 (1.484 seconds):
INFO:root:COST >> 1.8702 +/- 0.1055, % updates: 44.639%
INFO:root:-- EPOCH 63 (1.514 seconds):
INFO:root:COST >> 1.8732 +/- 0.1079, % updates: 44.749%
INFO:root:-- EPOCH 64 (1.512 seconds):
INFO:root:COST >> 1.8709 +/- 0.1032, % updates: 44.778%
INFO:root:-- EPOCH 65 (1.453 seconds):
INFO:root:COST >> 1.8702 +/- 0.1085, % updates: 44.724%
INFO:root:-- EPOCH 66 (1.452 seconds):
INFO:root:COST >> 1.8732 +/- 0.1048, % updates: 44.849%
INFO:root:-- EPOCH 67 (1.475 seconds):
INFO:root:COST >> 1.8669 +/- 0.1054, % updates: 44.817%
INFO:root:-- EPOCH 68 (1.45 seconds):
INFO:root:COST >> 1.8697 +/- 0.097, % updates: 44.788%
INFO:root:-- EPOCH 69 (1.467 seconds):
INFO:root:COST >> 1.8757 +/- 0.0958, % updates: 44.757%
INFO:root:-- EPOCH 70 (1.472 seconds):
INFO:root:COST >> 1.8711 +/- 0.1066, % updates: 44.846%
INFO:root:-- EPOCH 71 (1.456 seconds):
INFO:root:COST >> 1.8726 +/- 0.0988, % updates: 44.79%
INFO:root:-- EPOCH 72 (1.448 seconds):
INFO:root:COST >> 1.8662 +/- 0.1052, % updates: 44.767%
INFO:root:-- EPOCH 73 (1.473 seconds):
INFO:root:COST >> 1.8728 +/- 0.0996, % updates: 44.849%
INFO:root:-- EPOCH 74 (1.462 seconds):
INFO:root:COST >> 1.8752 +/- 0.1022, % updates: 44.827%
INFO:root:-- EPOCH 75 (1.451 seconds):
INFO:root:COST >> 1.8739 +/- 0.0965, % updates: 44.806%
INFO:root:-- EPOCH 76 (1.505 seconds):
INFO:root:COST >> 1.875 +/- 0.0997, % updates: 44.862%
INFO:root:-- EPOCH 77 (1.491 seconds):
INFO:root:COST >> 1.8752 +/- 0.1026, % updates: 44.893%
INFO:root:-- EPOCH 78 (1.463 seconds):
INFO:root:COST >> 1.8735 +/- 0.0991, % updates: 44.764%
INFO:root:-- EPOCH 79 (1.45 seconds):
INFO:root:COST >> 1.8733 +/- 0.1013, % updates: 44.772%
INFO:root:-- EPOCH 80 (1.5 seconds):
INFO:root:COST >> 1.8713 +/- 0.0975, % updates: 44.848%
INFO:root:-- EPOCH 81 (1.453 seconds):
INFO:root:COST >> 1.8727 +/- 0.1178, % updates: 44.915%
INFO:root:-- EPOCH 82 (1.465 seconds):
INFO:root:COST >> 1.875 +/- 0.1074, % updates: 44.98%
INFO:root:-- EPOCH 83 (1.457 seconds):
INFO:root:COST >> 1.8799 +/- 0.1078, % updates: 44.774%
INFO:root:-- EPOCH 84 (1.482 seconds):
INFO:root:COST >> 1.8795 +/- 0.1149, % updates: 44.797%
INFO:root:-- EPOCH 85 (1.114 seconds):
INFO:root:COST >> 1.8687 +/- 0.0969, % updates: 44.852%
INFO:root:-- EPOCH 86 (1.182 seconds):
INFO:root:COST >> 1.8736 +/- 0.0958, % updates: 44.821%
INFO:root:-- EPOCH 87 (1.107 seconds):
INFO:root:COST >> 1.8745 +/- 0.1023, % updates: 44.815%
INFO:root:-- EPOCH 88 (1.165 seconds):
INFO:root:COST >> 1.883 +/- 0.1023, % updates: 44.863%
INFO:root:-- EPOCH 89 (1.319 seconds):
INFO:root:COST >> 1.8681 +/- 0.0972, % updates: 44.649%
INFO:root:-- EPOCH 90 (1.467 seconds):
INFO:root:COST >> 1.8757 +/- 0.1087, % updates: 44.776%
INFO:root:-- EPOCH 91 (1.474 seconds):
INFO:root:COST >> 1.8704 +/- 0.1021, % updates: 44.702%
INFO:root:-- EPOCH 92 (1.468 seconds):
INFO:root:COST >> 1.8664 +/- 0.0923, % updates: 44.784%
INFO:root:-- EPOCH 93 (1.506 seconds):
INFO:root:COST >> 1.8743 +/- 0.1153, % updates: 44.734%
INFO:root:-- EPOCH 94 (1.482 seconds):
INFO:root:COST >> 1.8751 +/- 0.0962, % updates: 44.808%
INFO:root:-- EPOCH 95 (1.502 seconds):
INFO:root:COST >> 1.867 +/- 0.1028, % updates: 44.702%
INFO:root:-- EPOCH 96 (1.491 seconds):
INFO:root:COST >> 1.8791 +/- 0.107, % updates: 44.802%
INFO:root:-- EPOCH 97 (1.507 seconds):
INFO:root:COST >> 1.8782 +/- 0.0985, % updates: 44.905%
INFO:root:-- EPOCH 98 (1.475 seconds):
INFO:root:COST >> 1.8772 +/- 0.104, % updates: 44.797%
INFO:root:-- EPOCH 99 (1.471 seconds):
INFO:root:COST >> 1.8722 +/- 0.1056, % updates: 44.718%
INFO:root:-- EPOCH 100 (1.51 seconds):
INFO:root:COST >> 1.8772 +/- 0.1054, % updates: 44.776%
