INFO:root:Shape for training set: (40961, 141442)
INFO:root:State: {'ndim': '20', 'test_all': 'None', 'test_path': 'None', 'nhid': '50', 'lremb': '0.0001', 'seed': '3', 'simfn': 'L1', 'valid_path': 'None', 'nbatches': '10', 'lrparam': '0.0001', 'decay': '0.5', 'show_hinton_diagrams': 'False', 'no_rescaling': 'True', 'Nrel': '18', 'ranking_score_right': 'False', 'Nent': '40961', 'Nsyn': '40943', 'method': 'MOMENTUM', 'loss_margin': '1.0', 'C': '1.0', 'epsilon': '1e-06', 'use_db': 'True', 'max_lr': 'None', 'l1_param_weight': 'None', 'filtered': 'False', 'name': 'wn_opt/wn_MOMENTUM_143', 'totepochs': '100', 'l2_param_weight': 'None', 'train_path': 'data/wn/WN-train.pkl', 'op': 'TransE'}
INFO:root:Starting the Experiment ..
INFO:root:-- EPOCH 1 (1.499 seconds):
INFO:root:COST >> 2.1963 +/- 0.0199, % updates: 81.744%
INFO:root:-- EPOCH 2 (1.53 seconds):
INFO:root:COST >> 2.1408 +/- 0.0114, % updates: 81.434%
INFO:root:-- EPOCH 3 (1.559 seconds):
INFO:root:COST >> 2.0963 +/- 0.0115, % updates: 80.583%
INFO:root:-- EPOCH 4 (1.5 seconds):
INFO:root:COST >> 2.0601 +/- 0.0171, % updates: 79.977%
INFO:root:-- EPOCH 5 (1.52 seconds):
INFO:root:COST >> 2.0203 +/- 0.02, % updates: 79.047%
INFO:root:-- EPOCH 6 (1.541 seconds):
INFO:root:COST >> 1.9896 +/- 0.0057, % updates: 78.464%
INFO:root:-- EPOCH 7 (1.497 seconds):
INFO:root:COST >> 1.9559 +/- 0.0144, % updates: 77.877%
INFO:root:-- EPOCH 8 (1.538 seconds):
INFO:root:COST >> 1.9222 +/- 0.0142, % updates: 77.28%
INFO:root:-- EPOCH 9 (1.553 seconds):
INFO:root:COST >> 1.8974 +/- 0.0132, % updates: 76.656%
INFO:root:-- EPOCH 10 (1.536 seconds):
INFO:root:COST >> 1.8696 +/- 0.0139, % updates: 76.136%
INFO:root:-- EPOCH 11 (1.49 seconds):
INFO:root:COST >> 1.8428 +/- 0.0137, % updates: 75.637%
INFO:root:-- EPOCH 12 (1.541 seconds):
INFO:root:COST >> 1.8117 +/- 0.0126, % updates: 75.177%
INFO:root:-- EPOCH 13 (1.537 seconds):
INFO:root:COST >> 1.7908 +/- 0.0109, % updates: 74.708%
INFO:root:-- EPOCH 14 (1.505 seconds):
INFO:root:COST >> 1.7637 +/- 0.015, % updates: 74.201%
INFO:root:-- EPOCH 15 (1.534 seconds):
INFO:root:COST >> 1.7366 +/- 0.0101, % updates: 73.673%
INFO:root:-- EPOCH 16 (1.52 seconds):
INFO:root:COST >> 1.7206 +/- 0.0106, % updates: 73.264%
INFO:root:-- EPOCH 17 (1.571 seconds):
INFO:root:COST >> 1.6924 +/- 0.0118, % updates: 72.676%
INFO:root:-- EPOCH 18 (1.526 seconds):
INFO:root:COST >> 1.6719 +/- 0.0109, % updates: 72.417%
INFO:root:-- EPOCH 19 (1.556 seconds):
INFO:root:COST >> 1.6488 +/- 0.0094, % updates: 71.994%
INFO:root:-- EPOCH 20 (1.551 seconds):
INFO:root:COST >> 1.6227 +/- 0.0114, % updates: 71.515%
INFO:root:-- EPOCH 21 (1.494 seconds):
INFO:root:COST >> 1.6022 +/- 0.0151, % updates: 70.942%
INFO:root:-- EPOCH 22 (1.529 seconds):
INFO:root:COST >> 1.5842 +/- 0.0139, % updates: 70.654%
INFO:root:-- EPOCH 23 (1.515 seconds):
INFO:root:COST >> 1.5626 +/- 0.0116, % updates: 70.16%
INFO:root:-- EPOCH 24 (1.52 seconds):
INFO:root:COST >> 1.543 +/- 0.0071, % updates: 69.794%
INFO:root:-- EPOCH 25 (1.508 seconds):
INFO:root:COST >> 1.523 +/- 0.0135, % updates: 69.376%
INFO:root:-- EPOCH 26 (1.496 seconds):
INFO:root:COST >> 1.506 +/- 0.014, % updates: 68.96%
INFO:root:-- EPOCH 27 (1.533 seconds):
INFO:root:COST >> 1.4887 +/- 0.0155, % updates: 68.666%
INFO:root:-- EPOCH 28 (1.533 seconds):
INFO:root:COST >> 1.47 +/- 0.0116, % updates: 68.202%
INFO:root:-- EPOCH 29 (1.538 seconds):
INFO:root:COST >> 1.451 +/- 0.0117, % updates: 67.79%
INFO:root:-- EPOCH 30 (1.532 seconds):
INFO:root:COST >> 1.4364 +/- 0.0089, % updates: 67.43%
INFO:root:-- EPOCH 31 (1.533 seconds):
INFO:root:COST >> 1.4162 +/- 0.0054, % updates: 66.921%
INFO:root:-- EPOCH 32 (1.517 seconds):
INFO:root:COST >> 1.3965 +/- 0.0093, % updates: 66.577%
INFO:root:-- EPOCH 33 (1.542 seconds):
INFO:root:COST >> 1.3838 +/- 0.0123, % updates: 66.241%
INFO:root:-- EPOCH 34 (1.507 seconds):
INFO:root:COST >> 1.3666 +/- 0.011, % updates: 65.921%
INFO:root:-- EPOCH 35 (1.518 seconds):
INFO:root:COST >> 1.3506 +/- 0.0065, % updates: 65.625%
INFO:root:-- EPOCH 36 (1.483 seconds):
INFO:root:COST >> 1.3396 +/- 0.0087, % updates: 65.224%
INFO:root:-- EPOCH 37 (1.54 seconds):
INFO:root:COST >> 1.3163 +/- 0.0071, % updates: 64.599%
INFO:root:-- EPOCH 38 (1.5 seconds):
INFO:root:COST >> 1.3035 +/- 0.0123, % updates: 64.322%
INFO:root:-- EPOCH 39 (1.483 seconds):
INFO:root:COST >> 1.2902 +/- 0.0094, % updates: 64.0%
INFO:root:-- EPOCH 40 (1.514 seconds):
INFO:root:COST >> 1.2777 +/- 0.0085, % updates: 63.702%
INFO:root:-- EPOCH 41 (1.507 seconds):
INFO:root:COST >> 1.2585 +/- 0.0121, % updates: 63.361%
INFO:root:-- EPOCH 42 (1.51 seconds):
INFO:root:COST >> 1.2486 +/- 0.0113, % updates: 63.102%
INFO:root:-- EPOCH 43 (1.55 seconds):
INFO:root:COST >> 1.2332 +/- 0.0106, % updates: 62.57%
INFO:root:-- EPOCH 44 (1.505 seconds):
INFO:root:COST >> 1.2225 +/- 0.0077, % updates: 62.365%
INFO:root:-- EPOCH 45 (1.518 seconds):
INFO:root:COST >> 1.2077 +/- 0.0092, % updates: 61.989%
INFO:root:-- EPOCH 46 (1.489 seconds):
INFO:root:COST >> 1.2002 +/- 0.007, % updates: 61.723%
INFO:root:-- EPOCH 47 (1.564 seconds):
INFO:root:COST >> 1.1825 +/- 0.006, % updates: 61.355%
INFO:root:-- EPOCH 48 (1.497 seconds):
INFO:root:COST >> 1.1681 +/- 0.0079, % updates: 61.101%
INFO:root:-- EPOCH 49 (1.516 seconds):
INFO:root:COST >> 1.1578 +/- 0.0072, % updates: 60.739%
INFO:root:-- EPOCH 50 (1.516 seconds):
INFO:root:COST >> 1.1461 +/- 0.0094, % updates: 60.354%
INFO:root:-- EPOCH 51 (1.553 seconds):
INFO:root:COST >> 1.1351 +/- 0.0066, % updates: 60.03%
INFO:root:-- EPOCH 52 (1.54 seconds):
INFO:root:COST >> 1.1185 +/- 0.007, % updates: 59.711%
INFO:root:-- EPOCH 53 (1.521 seconds):
INFO:root:COST >> 1.1083 +/- 0.0077, % updates: 59.374%
INFO:root:-- EPOCH 54 (1.51 seconds):
INFO:root:COST >> 1.0956 +/- 0.0093, % updates: 59.123%
INFO:root:-- EPOCH 55 (1.528 seconds):
INFO:root:COST >> 1.0834 +/- 0.0111, % updates: 58.811%
INFO:root:-- EPOCH 56 (1.494 seconds):
INFO:root:COST >> 1.0765 +/- 0.0093, % updates: 58.393%
INFO:root:-- EPOCH 57 (1.529 seconds):
INFO:root:COST >> 1.0633 +/- 0.0064, % updates: 58.098%
INFO:root:-- EPOCH 58 (1.525 seconds):
INFO:root:COST >> 1.0551 +/- 0.01, % updates: 57.861%
INFO:root:-- EPOCH 59 (1.518 seconds):
INFO:root:COST >> 1.0407 +/- 0.0071, % updates: 57.456%
INFO:root:-- EPOCH 60 (1.53 seconds):
INFO:root:COST >> 1.0324 +/- 0.0093, % updates: 57.271%
INFO:root:-- EPOCH 61 (1.504 seconds):
INFO:root:COST >> 1.0192 +/- 0.0093, % updates: 56.84%
INFO:root:-- EPOCH 62 (1.509 seconds):
INFO:root:COST >> 1.0129 +/- 0.0064, % updates: 56.617%
INFO:root:-- EPOCH 63 (1.512 seconds):
INFO:root:COST >> 1.0033 +/- 0.0111, % updates: 56.354%
INFO:root:-- EPOCH 64 (1.545 seconds):
INFO:root:COST >> 0.9928 +/- 0.008, % updates: 56.137%
INFO:root:-- EPOCH 65 (1.525 seconds):
INFO:root:COST >> 0.9839 +/- 0.0055, % updates: 55.833%
INFO:root:-- EPOCH 66 (1.503 seconds):
INFO:root:COST >> 0.9738 +/- 0.0069, % updates: 55.615%
INFO:root:-- EPOCH 67 (1.503 seconds):
INFO:root:COST >> 0.9665 +/- 0.0061, % updates: 55.255%
INFO:root:-- EPOCH 68 (1.546 seconds):
INFO:root:COST >> 0.9551 +/- 0.0065, % updates: 55.017%
INFO:root:-- EPOCH 69 (1.516 seconds):
INFO:root:COST >> 0.947 +/- 0.0077, % updates: 54.646%
INFO:root:-- EPOCH 70 (1.569 seconds):
INFO:root:COST >> 0.9383 +/- 0.0061, % updates: 54.503%
INFO:root:-- EPOCH 71 (1.525 seconds):
INFO:root:COST >> 0.9271 +/- 0.0056, % updates: 54.17%
INFO:root:-- EPOCH 72 (1.497 seconds):
INFO:root:COST >> 0.9127 +/- 0.0067, % updates: 53.635%
INFO:root:-- EPOCH 73 (1.534 seconds):
INFO:root:COST >> 0.9095 +/- 0.0068, % updates: 53.535%
INFO:root:-- EPOCH 74 (1.508 seconds):
INFO:root:COST >> 0.9027 +/- 0.0115, % updates: 53.292%
INFO:root:-- EPOCH 75 (1.503 seconds):
INFO:root:COST >> 0.894 +/- 0.0098, % updates: 53.003%
INFO:root:-- EPOCH 76 (1.522 seconds):
INFO:root:COST >> 0.8866 +/- 0.007, % updates: 52.717%
INFO:root:-- EPOCH 77 (1.478 seconds):
INFO:root:COST >> 0.8721 +/- 0.0081, % updates: 52.318%
INFO:root:-- EPOCH 78 (1.132 seconds):
INFO:root:COST >> 0.8706 +/- 0.0059, % updates: 52.18%
INFO:root:-- EPOCH 79 (1.114 seconds):
INFO:root:COST >> 0.8629 +/- 0.0065, % updates: 52.059%
INFO:root:-- EPOCH 80 (1.161 seconds):
INFO:root:COST >> 0.8542 +/- 0.0059, % updates: 51.786%
INFO:root:-- EPOCH 81 (1.186 seconds):
INFO:root:COST >> 0.8489 +/- 0.0093, % updates: 51.516%
INFO:root:-- EPOCH 82 (1.499 seconds):
INFO:root:COST >> 0.8363 +/- 0.0077, % updates: 51.112%
INFO:root:-- EPOCH 83 (1.535 seconds):
INFO:root:COST >> 0.828 +/- 0.0067, % updates: 50.959%
INFO:root:-- EPOCH 84 (1.492 seconds):
INFO:root:COST >> 0.8246 +/- 0.0058, % updates: 50.692%
INFO:root:-- EPOCH 85 (1.51 seconds):
INFO:root:COST >> 0.8157 +/- 0.0075, % updates: 50.413%
INFO:root:-- EPOCH 86 (1.537 seconds):
INFO:root:COST >> 0.8085 +/- 0.0056, % updates: 50.171%
INFO:root:-- EPOCH 87 (1.492 seconds):
INFO:root:COST >> 0.8057 +/- 0.0068, % updates: 50.068%
INFO:root:-- EPOCH 88 (1.502 seconds):
INFO:root:COST >> 0.7959 +/- 0.0066, % updates: 49.818%
INFO:root:-- EPOCH 89 (1.497 seconds):
INFO:root:COST >> 0.7895 +/- 0.006, % updates: 49.464%
INFO:root:-- EPOCH 90 (1.497 seconds):
INFO:root:COST >> 0.7799 +/- 0.0081, % updates: 49.176%
INFO:root:-- EPOCH 91 (1.49 seconds):
INFO:root:COST >> 0.7736 +/- 0.0072, % updates: 48.98%
INFO:root:-- EPOCH 92 (1.494 seconds):
INFO:root:COST >> 0.7682 +/- 0.0042, % updates: 48.771%
INFO:root:-- EPOCH 93 (1.52 seconds):
INFO:root:COST >> 0.7621 +/- 0.0031, % updates: 48.564%
INFO:root:-- EPOCH 94 (1.528 seconds):
INFO:root:COST >> 0.7538 +/- 0.0063, % updates: 48.245%
INFO:root:-- EPOCH 95 (1.492 seconds):
INFO:root:COST >> 0.7494 +/- 0.0076, % updates: 48.068%
INFO:root:-- EPOCH 96 (1.536 seconds):
INFO:root:COST >> 0.7441 +/- 0.0097, % updates: 47.966%
INFO:root:-- EPOCH 97 (1.516 seconds):
INFO:root:COST >> 0.7361 +/- 0.01, % updates: 47.581%
INFO:root:-- EPOCH 98 (1.527 seconds):
INFO:root:COST >> 0.7288 +/- 0.0085, % updates: 47.389%
INFO:root:-- EPOCH 99 (1.516 seconds):
INFO:root:COST >> 0.7236 +/- 0.0049, % updates: 47.05%
INFO:root:-- EPOCH 100 (1.531 seconds):
INFO:root:COST >> 0.718 +/- 0.0075, % updates: 46.958%
