INFO:root:Shape for training set: (40961, 141442)
INFO:root:State: {'ndim': '20', 'test_all': 'None', 'test_path': 'None', 'nhid': '50', 'lremb': '0.0001', 'seed': '3', 'simfn': 'L1', 'valid_path': 'None', 'nbatches': '10', 'lrparam': '0.0001', 'decay': '0.9', 'show_hinton_diagrams': 'False', 'no_rescaling': 'True', 'Nrel': '18', 'ranking_score_right': 'False', 'Nent': '40961', 'Nsyn': '40943', 'method': 'MOMENTUM', 'loss_margin': '1.0', 'C': '1.0', 'epsilon': '1e-06', 'use_db': 'True', 'max_lr': 'None', 'l1_param_weight': 'None', 'filtered': 'False', 'name': 'wn_opt/wn_MOMENTUM_133', 'totepochs': '100', 'l2_param_weight': 'None', 'train_path': 'data/wn/WN-train.pkl', 'op': 'TransE'}
INFO:root:Starting the Experiment ..
INFO:root:-- EPOCH 1 (1.552 seconds):
INFO:root:COST >> 2.1839 +/- 0.0297, % updates: 81.642%
INFO:root:-- EPOCH 2 (1.541 seconds):
INFO:root:COST >> 2.07 +/- 0.0282, % updates: 79.554%
INFO:root:-- EPOCH 3 (1.543 seconds):
INFO:root:COST >> 1.9378 +/- 0.0287, % updates: 76.793%
INFO:root:-- EPOCH 4 (1.503 seconds):
INFO:root:COST >> 1.8246 +/- 0.029, % updates: 74.583%
INFO:root:-- EPOCH 5 (1.545 seconds):
INFO:root:COST >> 1.7101 +/- 0.0345, % updates: 72.698%
INFO:root:-- EPOCH 6 (1.516 seconds):
INFO:root:COST >> 1.612 +/- 0.0183, % updates: 70.583%
INFO:root:-- EPOCH 7 (1.536 seconds):
INFO:root:COST >> 1.5129 +/- 0.0284, % updates: 68.632%
INFO:root:-- EPOCH 8 (1.536 seconds):
INFO:root:COST >> 1.4208 +/- 0.0225, % updates: 66.757%
INFO:root:-- EPOCH 9 (1.498 seconds):
INFO:root:COST >> 1.346 +/- 0.0195, % updates: 64.944%
INFO:root:-- EPOCH 10 (1.527 seconds):
INFO:root:COST >> 1.2715 +/- 0.0212, % updates: 63.119%
INFO:root:-- EPOCH 11 (1.524 seconds):
INFO:root:COST >> 1.2002 +/- 0.0214, % updates: 61.528%
INFO:root:-- EPOCH 12 (1.525 seconds):
INFO:root:COST >> 1.1335 +/- 0.0161, % updates: 59.736%
INFO:root:-- EPOCH 13 (1.534 seconds):
INFO:root:COST >> 1.078 +/- 0.0145, % updates: 58.281%
INFO:root:-- EPOCH 14 (1.554 seconds):
INFO:root:COST >> 1.0214 +/- 0.0141, % updates: 56.538%
INFO:root:-- EPOCH 15 (1.517 seconds):
INFO:root:COST >> 0.9689 +/- 0.0116, % updates: 55.089%
INFO:root:-- EPOCH 16 (1.523 seconds):
INFO:root:COST >> 0.9262 +/- 0.0105, % updates: 53.792%
INFO:root:-- EPOCH 17 (1.524 seconds):
INFO:root:COST >> 0.8836 +/- 0.0096, % updates: 52.393%
INFO:root:-- EPOCH 18 (1.525 seconds):
INFO:root:COST >> 0.8441 +/- 0.0135, % updates: 51.202%
INFO:root:-- EPOCH 19 (1.521 seconds):
INFO:root:COST >> 0.8067 +/- 0.0075, % updates: 49.818%
INFO:root:-- EPOCH 20 (1.543 seconds):
INFO:root:COST >> 0.7689 +/- 0.0085, % updates: 48.488%
INFO:root:-- EPOCH 21 (1.55 seconds):
INFO:root:COST >> 0.737 +/- 0.0093, % updates: 47.359%
INFO:root:-- EPOCH 22 (1.51 seconds):
INFO:root:COST >> 0.7087 +/- 0.0095, % updates: 46.331%
INFO:root:-- EPOCH 23 (1.54 seconds):
INFO:root:COST >> 0.6816 +/- 0.0085, % updates: 45.261%
INFO:root:-- EPOCH 24 (1.537 seconds):
INFO:root:COST >> 0.6551 +/- 0.0062, % updates: 44.257%
INFO:root:-- EPOCH 25 (1.533 seconds):
INFO:root:COST >> 0.6291 +/- 0.0107, % updates: 43.133%
INFO:root:-- EPOCH 26 (1.534 seconds):
INFO:root:COST >> 0.606 +/- 0.0067, % updates: 42.23%
INFO:root:-- EPOCH 27 (1.52 seconds):
INFO:root:COST >> 0.5865 +/- 0.0101, % updates: 41.427%
INFO:root:-- EPOCH 28 (1.522 seconds):
INFO:root:COST >> 0.5659 +/- 0.0072, % updates: 40.578%
INFO:root:-- EPOCH 29 (1.531 seconds):
INFO:root:COST >> 0.5445 +/- 0.0048, % updates: 39.544%
INFO:root:-- EPOCH 30 (1.522 seconds):
INFO:root:COST >> 0.5301 +/- 0.0059, % updates: 38.914%
INFO:root:-- EPOCH 31 (1.542 seconds):
INFO:root:COST >> 0.5076 +/- 0.0049, % updates: 37.959%
INFO:root:-- EPOCH 32 (1.536 seconds):
INFO:root:COST >> 0.4902 +/- 0.0045, % updates: 36.97%
INFO:root:-- EPOCH 33 (1.494 seconds):
INFO:root:COST >> 0.4749 +/- 0.0081, % updates: 36.263%
INFO:root:-- EPOCH 34 (1.506 seconds):
INFO:root:COST >> 0.4613 +/- 0.0072, % updates: 35.648%
INFO:root:-- EPOCH 35 (1.537 seconds):
INFO:root:COST >> 0.4468 +/- 0.0063, % updates: 34.865%
INFO:root:-- EPOCH 36 (1.506 seconds):
INFO:root:COST >> 0.4359 +/- 0.0045, % updates: 34.441%
INFO:root:-- EPOCH 37 (1.503 seconds):
INFO:root:COST >> 0.4212 +/- 0.0052, % updates: 33.621%
INFO:root:-- EPOCH 38 (1.547 seconds):
INFO:root:COST >> 0.4101 +/- 0.0058, % updates: 33.051%
INFO:root:-- EPOCH 39 (1.518 seconds):
INFO:root:COST >> 0.3976 +/- 0.0058, % updates: 32.464%
INFO:root:-- EPOCH 40 (1.508 seconds):
INFO:root:COST >> 0.3875 +/- 0.0045, % updates: 31.796%
INFO:root:-- EPOCH 41 (1.528 seconds):
INFO:root:COST >> 0.374 +/- 0.0045, % updates: 31.132%
INFO:root:-- EPOCH 42 (1.529 seconds):
INFO:root:COST >> 0.3655 +/- 0.0048, % updates: 30.688%
INFO:root:-- EPOCH 43 (1.536 seconds):
INFO:root:COST >> 0.3573 +/- 0.0069, % updates: 30.151%
INFO:root:-- EPOCH 44 (1.519 seconds):
INFO:root:COST >> 0.3482 +/- 0.0063, % updates: 29.714%
INFO:root:-- EPOCH 45 (1.533 seconds):
INFO:root:COST >> 0.3382 +/- 0.0054, % updates: 29.131%
INFO:root:-- EPOCH 46 (1.527 seconds):
INFO:root:COST >> 0.3309 +/- 0.003, % updates: 28.76%
INFO:root:-- EPOCH 47 (1.534 seconds):
INFO:root:COST >> 0.3222 +/- 0.0055, % updates: 28.143%
INFO:root:-- EPOCH 48 (1.532 seconds):
INFO:root:COST >> 0.3121 +/- 0.0036, % updates: 27.592%
INFO:root:-- EPOCH 49 (1.563 seconds):
INFO:root:COST >> 0.3058 +/- 0.0053, % updates: 27.363%
INFO:root:-- EPOCH 50 (1.521 seconds):
INFO:root:COST >> 0.3015 +/- 0.0053, % updates: 26.873%
INFO:root:-- EPOCH 51 (1.541 seconds):
INFO:root:COST >> 0.2929 +/- 0.0027, % updates: 26.439%
INFO:root:-- EPOCH 52 (1.507 seconds):
INFO:root:COST >> 0.2855 +/- 0.0031, % updates: 25.826%
INFO:root:-- EPOCH 53 (1.532 seconds):
INFO:root:COST >> 0.2799 +/- 0.0037, % updates: 25.595%
INFO:root:-- EPOCH 54 (1.532 seconds):
INFO:root:COST >> 0.2748 +/- 0.0037, % updates: 25.288%
INFO:root:-- EPOCH 55 (1.539 seconds):
INFO:root:COST >> 0.269 +/- 0.0052, % updates: 24.815%
INFO:root:-- EPOCH 56 (1.551 seconds):
INFO:root:COST >> 0.2637 +/- 0.0044, % updates: 24.487%
INFO:root:-- EPOCH 57 (1.585 seconds):
INFO:root:COST >> 0.2557 +/- 0.0059, % updates: 24.038%
INFO:root:-- EPOCH 58 (1.511 seconds):
INFO:root:COST >> 0.253 +/- 0.0032, % updates: 23.787%
INFO:root:-- EPOCH 59 (1.555 seconds):
INFO:root:COST >> 0.2462 +/- 0.003, % updates: 23.451%
INFO:root:-- EPOCH 60 (1.597 seconds):
INFO:root:COST >> 0.2419 +/- 0.0045, % updates: 23.098%
INFO:root:-- EPOCH 61 (1.59 seconds):
INFO:root:COST >> 0.2356 +/- 0.0024, % updates: 22.732%
INFO:root:-- EPOCH 62 (1.543 seconds):
INFO:root:COST >> 0.2321 +/- 0.0031, % updates: 22.53%
INFO:root:-- EPOCH 63 (1.516 seconds):
INFO:root:COST >> 0.2287 +/- 0.0031, % updates: 22.249%
INFO:root:-- EPOCH 64 (1.523 seconds):
INFO:root:COST >> 0.2235 +/- 0.0038, % updates: 21.95%
INFO:root:-- EPOCH 65 (1.514 seconds):
INFO:root:COST >> 0.219 +/- 0.0036, % updates: 21.606%
INFO:root:-- EPOCH 66 (1.512 seconds):
INFO:root:COST >> 0.2144 +/- 0.0032, % updates: 21.27%
INFO:root:-- EPOCH 67 (1.533 seconds):
INFO:root:COST >> 0.2109 +/- 0.0031, % updates: 20.957%
INFO:root:-- EPOCH 68 (1.539 seconds):
INFO:root:COST >> 0.207 +/- 0.0038, % updates: 20.679%
INFO:root:-- EPOCH 69 (1.529 seconds):
INFO:root:COST >> 0.2035 +/- 0.0016, % updates: 20.507%
INFO:root:-- EPOCH 70 (1.521 seconds):
INFO:root:COST >> 0.1983 +/- 0.003, % updates: 20.244%
INFO:root:-- EPOCH 71 (1.538 seconds):
INFO:root:COST >> 0.1961 +/- 0.0026, % updates: 19.982%
INFO:root:-- EPOCH 72 (1.518 seconds):
INFO:root:COST >> 0.1912 +/- 0.002, % updates: 19.654%
INFO:root:-- EPOCH 73 (1.524 seconds):
INFO:root:COST >> 0.1886 +/- 0.0037, % updates: 19.35%
INFO:root:-- EPOCH 74 (1.521 seconds):
INFO:root:COST >> 0.1862 +/- 0.0018, % updates: 19.294%
INFO:root:-- EPOCH 75 (1.522 seconds):
INFO:root:COST >> 0.1831 +/- 0.0035, % updates: 19.086%
INFO:root:-- EPOCH 76 (1.515 seconds):
INFO:root:COST >> 0.18 +/- 0.0039, % updates: 18.838%
INFO:root:-- EPOCH 77 (1.526 seconds):
INFO:root:COST >> 0.1768 +/- 0.0026, % updates: 18.522%
INFO:root:-- EPOCH 78 (1.509 seconds):
INFO:root:COST >> 0.1736 +/- 0.0031, % updates: 18.308%
INFO:root:-- EPOCH 79 (1.292 seconds):
INFO:root:COST >> 0.1714 +/- 0.0032, % updates: 18.054%
INFO:root:-- EPOCH 80 (1.155 seconds):
INFO:root:COST >> 0.1682 +/- 0.0033, % updates: 17.927%
INFO:root:-- EPOCH 81 (1.193 seconds):
INFO:root:COST >> 0.1682 +/- 0.0033, % updates: 17.867%
INFO:root:-- EPOCH 82 (1.173 seconds):
INFO:root:COST >> 0.1627 +/- 0.0031, % updates: 17.429%
INFO:root:-- EPOCH 83 (1.46 seconds):
INFO:root:COST >> 0.1609 +/- 0.0031, % updates: 17.369%
INFO:root:-- EPOCH 84 (1.536 seconds):
INFO:root:COST >> 0.1588 +/- 0.0016, % updates: 17.246%
INFO:root:-- EPOCH 85 (1.523 seconds):
INFO:root:COST >> 0.1574 +/- 0.0023, % updates: 17.038%
INFO:root:-- EPOCH 86 (1.532 seconds):
INFO:root:COST >> 0.1535 +/- 0.0025, % updates: 16.799%
INFO:root:-- EPOCH 87 (1.511 seconds):
INFO:root:COST >> 0.1519 +/- 0.0026, % updates: 16.68%
INFO:root:-- EPOCH 88 (1.501 seconds):
INFO:root:COST >> 0.1486 +/- 0.0029, % updates: 16.442%
INFO:root:-- EPOCH 89 (1.478 seconds):
INFO:root:COST >> 0.1469 +/- 0.0025, % updates: 16.2%
INFO:root:-- EPOCH 90 (1.525 seconds):
INFO:root:COST >> 0.1454 +/- 0.0034, % updates: 16.034%
INFO:root:-- EPOCH 91 (1.554 seconds):
INFO:root:COST >> 0.1418 +/- 0.0029, % updates: 15.81%
INFO:root:-- EPOCH 92 (1.517 seconds):
INFO:root:COST >> 0.1419 +/- 0.0026, % updates: 15.739%
INFO:root:-- EPOCH 93 (1.492 seconds):
INFO:root:COST >> 0.139 +/- 0.002, % updates: 15.577%
INFO:root:-- EPOCH 94 (1.502 seconds):
INFO:root:COST >> 0.1353 +/- 0.0023, % updates: 15.331%
INFO:root:-- EPOCH 95 (1.52 seconds):
INFO:root:COST >> 0.135 +/- 0.0027, % updates: 15.273%
INFO:root:-- EPOCH 96 (1.515 seconds):
INFO:root:COST >> 0.1339 +/- 0.0024, % updates: 15.153%
INFO:root:-- EPOCH 97 (1.528 seconds):
INFO:root:COST >> 0.1325 +/- 0.0029, % updates: 14.954%
INFO:root:-- EPOCH 98 (1.544 seconds):
INFO:root:COST >> 0.1296 +/- 0.0033, % updates: 14.889%
INFO:root:-- EPOCH 99 (1.527 seconds):
INFO:root:COST >> 0.1266 +/- 0.0034, % updates: 14.593%
INFO:root:-- EPOCH 100 (1.514 seconds):
INFO:root:COST >> 0.1254 +/- 0.003, % updates: 14.542%
