INFO:root:Shape for training set: (40961, 141442)
INFO:root:State: {'ndim': '20', 'test_all': 'None', 'test_path': 'None', 'nhid': '50', 'lremb': '10.0', 'seed': '8', 'simfn': 'L1', 'valid_path': 'None', 'nbatches': '10', 'lrparam': '10.0', 'decay': '0.5', 'show_hinton_diagrams': 'False', 'no_rescaling': 'True', 'Nrel': '18', 'ranking_score_right': 'False', 'Nent': '40961', 'Nsyn': '40943', 'method': 'MOMENTUM', 'loss_margin': '1.0', 'C': '1.0', 'epsilon': '1e-06', 'use_db': 'True', 'max_lr': 'None', 'l1_param_weight': 'None', 'filtered': 'False', 'name': 'wn_opt/wn_MOMENTUM_398', 'totepochs': '100', 'l2_param_weight': 'None', 'train_path': 'data/wn/WN-train.pkl', 'op': 'TransE'}
INFO:root:Starting the Experiment ..
INFO:root:-- EPOCH 1 (1.488 seconds):
INFO:root:COST >> 3.0943 +/- 0.4373, % updates: 66.078%
INFO:root:-- EPOCH 2 (1.481 seconds):
INFO:root:COST >> 3.298 +/- 0.1965, % updates: 60.816%
INFO:root:-- EPOCH 3 (1.51 seconds):
INFO:root:COST >> 3.2984 +/- 0.201, % updates: 60.853%
INFO:root:-- EPOCH 4 (1.468 seconds):
INFO:root:COST >> 3.2896 +/- 0.2024, % updates: 60.861%
INFO:root:-- EPOCH 5 (1.493 seconds):
INFO:root:COST >> 3.314 +/- 0.1919, % updates: 60.946%
INFO:root:-- EPOCH 6 (1.503 seconds):
INFO:root:COST >> 3.3065 +/- 0.2054, % updates: 60.895%
INFO:root:-- EPOCH 7 (1.502 seconds):
INFO:root:COST >> 3.3124 +/- 0.2001, % updates: 61.119%
INFO:root:-- EPOCH 8 (1.488 seconds):
INFO:root:COST >> 3.3068 +/- 0.2093, % updates: 60.986%
INFO:root:-- EPOCH 9 (1.511 seconds):
INFO:root:COST >> 3.3087 +/- 0.1842, % updates: 60.896%
INFO:root:-- EPOCH 10 (1.505 seconds):
INFO:root:COST >> 3.3015 +/- 0.1873, % updates: 60.787%
INFO:root:-- EPOCH 11 (1.471 seconds):
INFO:root:COST >> 3.3094 +/- 0.2009, % updates: 60.908%
INFO:root:-- EPOCH 12 (1.486 seconds):
INFO:root:COST >> 3.2948 +/- 0.2109, % updates: 60.937%
INFO:root:-- EPOCH 13 (1.455 seconds):
INFO:root:COST >> 3.3029 +/- 0.2063, % updates: 60.929%
INFO:root:-- EPOCH 14 (1.489 seconds):
INFO:root:COST >> 3.3022 +/- 0.2014, % updates: 60.901%
INFO:root:-- EPOCH 15 (1.497 seconds):
INFO:root:COST >> 3.3045 +/- 0.1965, % updates: 60.782%
INFO:root:-- EPOCH 16 (1.459 seconds):
INFO:root:COST >> 3.3069 +/- 0.1847, % updates: 60.919%
INFO:root:-- EPOCH 17 (1.489 seconds):
INFO:root:COST >> 3.3004 +/- 0.2043, % updates: 60.84%
INFO:root:-- EPOCH 18 (1.472 seconds):
INFO:root:COST >> 3.3068 +/- 0.2005, % updates: 60.956%
INFO:root:-- EPOCH 19 (1.468 seconds):
INFO:root:COST >> 3.3029 +/- 0.1972, % updates: 60.851%
INFO:root:-- EPOCH 20 (1.512 seconds):
INFO:root:COST >> 3.3143 +/- 0.206, % updates: 60.933%
INFO:root:-- EPOCH 21 (1.454 seconds):
INFO:root:COST >> 3.3017 +/- 0.2017, % updates: 60.918%
INFO:root:-- EPOCH 22 (1.133 seconds):
INFO:root:COST >> 3.2936 +/- 0.1963, % updates: 60.986%
INFO:root:-- EPOCH 23 (1.13 seconds):
INFO:root:COST >> 3.2969 +/- 0.205, % updates: 60.805%
INFO:root:-- EPOCH 24 (1.217 seconds):
INFO:root:COST >> 3.2907 +/- 0.1889, % updates: 60.841%
INFO:root:-- EPOCH 25 (1.556 seconds):
INFO:root:COST >> 3.3037 +/- 0.1995, % updates: 60.969%
INFO:root:-- EPOCH 26 (1.903 seconds):
INFO:root:COST >> 3.3067 +/- 0.2023, % updates: 60.805%
INFO:root:-- EPOCH 27 (1.919 seconds):
INFO:root:COST >> 3.2817 +/- 0.1725, % updates: 60.719%
INFO:root:-- EPOCH 28 (1.903 seconds):
INFO:root:COST >> 3.3144 +/- 0.2044, % updates: 60.863%
INFO:root:-- EPOCH 29 (1.884 seconds):
INFO:root:COST >> 3.3051 +/- 0.1816, % updates: 61.109%
INFO:root:-- EPOCH 30 (1.895 seconds):
INFO:root:COST >> 3.2945 +/- 0.2107, % updates: 60.722%
INFO:root:-- EPOCH 31 (1.902 seconds):
INFO:root:COST >> 3.3005 +/- 0.2029, % updates: 60.805%
INFO:root:-- EPOCH 32 (1.895 seconds):
INFO:root:COST >> 3.3056 +/- 0.1984, % updates: 60.843%
INFO:root:-- EPOCH 33 (1.922 seconds):
INFO:root:COST >> 3.3196 +/- 0.202, % updates: 61.004%
INFO:root:-- EPOCH 34 (1.932 seconds):
INFO:root:COST >> 3.3032 +/- 0.1986, % updates: 60.778%
INFO:root:-- EPOCH 35 (1.913 seconds):
INFO:root:COST >> 3.2929 +/- 0.1974, % updates: 60.829%
INFO:root:-- EPOCH 36 (1.954 seconds):
INFO:root:COST >> 3.2895 +/- 0.1961, % updates: 60.741%
INFO:root:-- EPOCH 37 (1.907 seconds):
INFO:root:COST >> 3.3063 +/- 0.1887, % updates: 60.84%
INFO:root:-- EPOCH 38 (1.915 seconds):
INFO:root:COST >> 3.3034 +/- 0.2026, % updates: 60.95%
INFO:root:-- EPOCH 39 (1.922 seconds):
INFO:root:COST >> 3.2831 +/- 0.201, % updates: 60.706%
INFO:root:-- EPOCH 40 (1.93 seconds):
INFO:root:COST >> 3.3049 +/- 0.2008, % updates: 60.935%
INFO:root:-- EPOCH 41 (1.918 seconds):
INFO:root:COST >> 3.3021 +/- 0.2077, % updates: 60.921%
INFO:root:-- EPOCH 42 (1.904 seconds):
INFO:root:COST >> 3.3094 +/- 0.2054, % updates: 61.074%
INFO:root:-- EPOCH 43 (1.916 seconds):
INFO:root:COST >> 3.3028 +/- 0.2057, % updates: 60.97%
INFO:root:-- EPOCH 44 (1.935 seconds):
INFO:root:COST >> 3.3194 +/- 0.1975, % updates: 61.05%
INFO:root:-- EPOCH 45 (1.928 seconds):
INFO:root:COST >> 3.2899 +/- 0.2081, % updates: 60.829%
INFO:root:-- EPOCH 46 (1.879 seconds):
INFO:root:COST >> 3.3057 +/- 0.2052, % updates: 60.784%
INFO:root:-- EPOCH 47 (1.927 seconds):
INFO:root:COST >> 3.297 +/- 0.183, % updates: 60.885%
INFO:root:-- EPOCH 48 (1.948 seconds):
INFO:root:COST >> 3.312 +/- 0.2022, % updates: 60.85%
INFO:root:-- EPOCH 49 (1.942 seconds):
INFO:root:COST >> 3.2934 +/- 0.2114, % updates: 60.793%
INFO:root:-- EPOCH 50 (1.916 seconds):
INFO:root:COST >> 3.3067 +/- 0.1975, % updates: 60.834%
INFO:root:-- EPOCH 51 (1.92 seconds):
INFO:root:COST >> 3.3101 +/- 0.1996, % updates: 61.003%
INFO:root:-- EPOCH 52 (1.927 seconds):
INFO:root:COST >> 3.3067 +/- 0.1998, % updates: 60.884%
INFO:root:-- EPOCH 53 (1.922 seconds):
INFO:root:COST >> 3.291 +/- 0.1986, % updates: 60.72%
INFO:root:-- EPOCH 54 (1.942 seconds):
INFO:root:COST >> 3.3148 +/- 0.2019, % updates: 61.006%
INFO:root:-- EPOCH 55 (1.924 seconds):
INFO:root:COST >> 3.2831 +/- 0.1992, % updates: 60.709%
INFO:root:-- EPOCH 56 (1.899 seconds):
INFO:root:COST >> 3.292 +/- 0.1977, % updates: 60.89%
INFO:root:-- EPOCH 57 (1.922 seconds):
INFO:root:COST >> 3.2944 +/- 0.1911, % updates: 60.795%
INFO:root:-- EPOCH 58 (1.894 seconds):
INFO:root:COST >> 3.3047 +/- 0.2014, % updates: 60.851%
INFO:root:-- EPOCH 59 (1.917 seconds):
INFO:root:COST >> 3.3038 +/- 0.1873, % updates: 60.861%
INFO:root:-- EPOCH 60 (1.907 seconds):
INFO:root:COST >> 3.3147 +/- 0.1998, % updates: 60.969%
INFO:root:-- EPOCH 61 (1.954 seconds):
INFO:root:COST >> 3.2949 +/- 0.1997, % updates: 60.799%
INFO:root:-- EPOCH 62 (1.897 seconds):
INFO:root:COST >> 3.2932 +/- 0.1867, % updates: 60.893%
INFO:root:-- EPOCH 63 (1.96 seconds):
INFO:root:COST >> 3.3026 +/- 0.1951, % updates: 60.971%
INFO:root:-- EPOCH 64 (1.937 seconds):
INFO:root:COST >> 3.2915 +/- 0.1962, % updates: 60.783%
INFO:root:-- EPOCH 65 (1.946 seconds):
INFO:root:COST >> 3.2885 +/- 0.1917, % updates: 60.925%
INFO:root:-- EPOCH 66 (1.912 seconds):
INFO:root:COST >> 3.3167 +/- 0.1836, % updates: 61.053%
INFO:root:-- EPOCH 67 (1.957 seconds):
INFO:root:COST >> 3.3083 +/- 0.1941, % updates: 60.893%
INFO:root:-- EPOCH 68 (1.893 seconds):
INFO:root:COST >> 3.302 +/- 0.1856, % updates: 60.947%
INFO:root:-- EPOCH 69 (1.953 seconds):
INFO:root:COST >> 3.3023 +/- 0.1886, % updates: 60.931%
INFO:root:-- EPOCH 70 (1.927 seconds):
INFO:root:COST >> 3.3108 +/- 0.1902, % updates: 60.926%
INFO:root:-- EPOCH 71 (1.885 seconds):
INFO:root:COST >> 3.3032 +/- 0.1949, % updates: 60.865%
INFO:root:-- EPOCH 72 (1.905 seconds):
INFO:root:COST >> 3.2977 +/- 0.2067, % updates: 60.811%
INFO:root:-- EPOCH 73 (1.898 seconds):
INFO:root:COST >> 3.3128 +/- 0.1998, % updates: 60.946%
INFO:root:-- EPOCH 74 (1.883 seconds):
INFO:root:COST >> 3.2992 +/- 0.2066, % updates: 60.784%
INFO:root:-- EPOCH 75 (1.911 seconds):
INFO:root:COST >> 3.2871 +/- 0.193, % updates: 60.812%
INFO:root:-- EPOCH 76 (1.884 seconds):
INFO:root:COST >> 3.3119 +/- 0.1962, % updates: 60.845%
INFO:root:-- EPOCH 77 (1.927 seconds):
INFO:root:COST >> 3.2969 +/- 0.1933, % updates: 60.858%
INFO:root:-- EPOCH 78 (1.926 seconds):
INFO:root:COST >> 3.3146 +/- 0.1904, % updates: 61.046%
INFO:root:-- EPOCH 79 (1.922 seconds):
INFO:root:COST >> 3.2896 +/- 0.2069, % updates: 60.809%
INFO:root:-- EPOCH 80 (1.93 seconds):
INFO:root:COST >> 3.294 +/- 0.1983, % updates: 60.722%
INFO:root:-- EPOCH 81 (1.931 seconds):
INFO:root:COST >> 3.3055 +/- 0.2008, % updates: 60.876%
INFO:root:-- EPOCH 82 (1.906 seconds):
INFO:root:COST >> 3.2982 +/- 0.1964, % updates: 60.892%
INFO:root:-- EPOCH 83 (1.923 seconds):
INFO:root:COST >> 3.3012 +/- 0.2074, % updates: 60.849%
INFO:root:-- EPOCH 84 (1.912 seconds):
INFO:root:COST >> 3.3082 +/- 0.1974, % updates: 60.835%
INFO:root:-- EPOCH 85 (1.89 seconds):
INFO:root:COST >> 3.3055 +/- 0.1935, % updates: 61.004%
INFO:root:-- EPOCH 86 (1.905 seconds):
INFO:root:COST >> 3.3163 +/- 0.1945, % updates: 61.014%
INFO:root:-- EPOCH 87 (1.904 seconds):
INFO:root:COST >> 3.3167 +/- 0.1923, % updates: 61.039%
INFO:root:-- EPOCH 88 (1.915 seconds):
INFO:root:COST >> 3.2896 +/- 0.1948, % updates: 60.913%
INFO:root:-- EPOCH 89 (1.885 seconds):
INFO:root:COST >> 3.2964 +/- 0.2102, % updates: 60.866%
INFO:root:-- EPOCH 90 (1.915 seconds):
INFO:root:COST >> 3.2879 +/- 0.1978, % updates: 60.738%
INFO:root:-- EPOCH 91 (1.918 seconds):
INFO:root:COST >> 3.2921 +/- 0.1982, % updates: 60.685%
INFO:root:-- EPOCH 92 (1.907 seconds):
INFO:root:COST >> 3.3077 +/- 0.2087, % updates: 60.977%
INFO:root:-- EPOCH 93 (1.908 seconds):
INFO:root:COST >> 3.3 +/- 0.1958, % updates: 60.852%
INFO:root:-- EPOCH 94 (1.941 seconds):
INFO:root:COST >> 3.3012 +/- 0.1987, % updates: 60.78%
INFO:root:-- EPOCH 95 (1.915 seconds):
INFO:root:COST >> 3.2863 +/- 0.1944, % updates: 60.82%
INFO:root:-- EPOCH 96 (1.903 seconds):
INFO:root:COST >> 3.3051 +/- 0.1965, % updates: 60.979%
INFO:root:-- EPOCH 97 (1.905 seconds):
INFO:root:COST >> 3.2909 +/- 0.1888, % updates: 60.761%
INFO:root:-- EPOCH 98 (1.886 seconds):
INFO:root:COST >> 3.2887 +/- 0.1963, % updates: 60.777%
INFO:root:-- EPOCH 99 (1.916 seconds):
INFO:root:COST >> 3.2987 +/- 0.2034, % updates: 60.839%
INFO:root:-- EPOCH 100 (1.906 seconds):
INFO:root:COST >> 3.2996 +/- 0.2071, % updates: 60.839%
