INFO:root:Shape for training set: (40961, 141442)
INFO:root:State: {'ndim': '20', 'test_all': 'None', 'test_path': 'None', 'nhid': '50', 'lremb': '0.001', 'seed': '6', 'simfn': 'L1', 'valid_path': 'None', 'nbatches': '10', 'lrparam': '0.001', 'decay': '0.9999', 'show_hinton_diagrams': 'False', 'no_rescaling': 'True', 'Nrel': '18', 'ranking_score_right': 'False', 'Nent': '40961', 'Nsyn': '40943', 'method': 'MOMENTUM', 'loss_margin': '1.0', 'C': '1.0', 'epsilon': '1e-06', 'use_db': 'True', 'max_lr': 'None', 'l1_param_weight': 'None', 'filtered': 'False', 'name': 'wn_opt/wn_MOMENTUM_156', 'totepochs': '100', 'l2_param_weight': 'None', 'train_path': 'data/wn/WN-train.pkl', 'op': 'TransE'}
INFO:root:Starting the Experiment ..
INFO:root:-- EPOCH 1 (1.565 seconds):
INFO:root:COST >> 2.0926 +/- 0.0811, % updates: 76.548%
INFO:root:-- EPOCH 2 (1.508 seconds):
INFO:root:COST >> 1.728 +/- 0.0682, % updates: 63.78%
INFO:root:-- EPOCH 3 (1.534 seconds):
INFO:root:COST >> 1.489 +/- 0.0328, % updates: 55.828%
INFO:root:-- EPOCH 4 (1.493 seconds):
INFO:root:COST >> 1.4165 +/- 0.0232, % updates: 52.149%
INFO:root:-- EPOCH 5 (1.511 seconds):
INFO:root:COST >> 1.4018 +/- 0.0099, % updates: 50.566%
INFO:root:-- EPOCH 6 (1.5 seconds):
INFO:root:COST >> 1.3788 +/- 0.0153, % updates: 49.092%
INFO:root:-- EPOCH 7 (1.507 seconds):
INFO:root:COST >> 1.3712 +/- 0.0102, % updates: 48.15%
INFO:root:-- EPOCH 8 (1.493 seconds):
INFO:root:COST >> 1.356 +/- 0.02, % updates: 47.39%
INFO:root:-- EPOCH 9 (1.519 seconds):
INFO:root:COST >> 1.3463 +/- 0.0145, % updates: 47.262%
INFO:root:-- EPOCH 10 (1.506 seconds):
INFO:root:COST >> 1.3332 +/- 0.0148, % updates: 46.974%
INFO:root:-- EPOCH 11 (1.486 seconds):
INFO:root:COST >> 1.3215 +/- 0.0181, % updates: 47.02%
INFO:root:-- EPOCH 12 (1.536 seconds):
INFO:root:COST >> 1.3015 +/- 0.0144, % updates: 47.15%
INFO:root:-- EPOCH 13 (1.506 seconds):
INFO:root:COST >> 1.2936 +/- 0.0188, % updates: 47.451%
INFO:root:-- EPOCH 14 (1.53 seconds):
INFO:root:COST >> 1.2849 +/- 0.0149, % updates: 47.826%
INFO:root:-- EPOCH 15 (1.5 seconds):
INFO:root:COST >> 1.2845 +/- 0.0179, % updates: 48.109%
INFO:root:-- EPOCH 16 (1.5 seconds):
INFO:root:COST >> 1.2773 +/- 0.0215, % updates: 48.2%
INFO:root:-- EPOCH 17 (1.532 seconds):
INFO:root:COST >> 1.2785 +/- 0.0172, % updates: 48.333%
INFO:root:-- EPOCH 18 (1.499 seconds):
INFO:root:COST >> 1.278 +/- 0.0174, % updates: 48.334%
INFO:root:-- EPOCH 19 (1.183 seconds):
INFO:root:COST >> 1.2711 +/- 0.0208, % updates: 48.27%
INFO:root:-- EPOCH 20 (1.166 seconds):
INFO:root:COST >> 1.269 +/- 0.0221, % updates: 48.225%
INFO:root:-- EPOCH 21 (1.182 seconds):
INFO:root:COST >> 1.2743 +/- 0.028, % updates: 48.342%
INFO:root:-- EPOCH 22 (1.332 seconds):
INFO:root:COST >> 1.2731 +/- 0.0154, % updates: 48.384%
INFO:root:-- EPOCH 23 (1.512 seconds):
INFO:root:COST >> 1.2719 +/- 0.0185, % updates: 48.342%
INFO:root:-- EPOCH 24 (1.512 seconds):
INFO:root:COST >> 1.2721 +/- 0.0215, % updates: 48.356%
INFO:root:-- EPOCH 25 (1.568 seconds):
INFO:root:COST >> 1.2708 +/- 0.019, % updates: 48.413%
INFO:root:-- EPOCH 26 (1.542 seconds):
INFO:root:COST >> 1.2666 +/- 0.024, % updates: 48.274%
INFO:root:-- EPOCH 27 (1.548 seconds):
INFO:root:COST >> 1.2739 +/- 0.0183, % updates: 48.473%
INFO:root:-- EPOCH 28 (1.492 seconds):
INFO:root:COST >> 1.2717 +/- 0.0248, % updates: 48.389%
INFO:root:-- EPOCH 29 (1.568 seconds):
INFO:root:COST >> 1.272 +/- 0.0207, % updates: 48.364%
INFO:root:-- EPOCH 30 (1.571 seconds):
INFO:root:COST >> 1.2733 +/- 0.0214, % updates: 48.548%
INFO:root:-- EPOCH 31 (1.567 seconds):
INFO:root:COST >> 1.2749 +/- 0.018, % updates: 48.69%
INFO:root:-- EPOCH 32 (1.624 seconds):
INFO:root:COST >> 1.2753 +/- 0.0192, % updates: 48.534%
INFO:root:-- EPOCH 33 (1.542 seconds):
INFO:root:COST >> 1.2696 +/- 0.0216, % updates: 48.484%
INFO:root:-- EPOCH 34 (1.502 seconds):
INFO:root:COST >> 1.2709 +/- 0.0241, % updates: 48.409%
INFO:root:-- EPOCH 35 (1.503 seconds):
INFO:root:COST >> 1.2703 +/- 0.0189, % updates: 48.38%
INFO:root:-- EPOCH 36 (1.534 seconds):
INFO:root:COST >> 1.2688 +/- 0.016, % updates: 48.493%
INFO:root:-- EPOCH 37 (1.486 seconds):
INFO:root:COST >> 1.2684 +/- 0.0201, % updates: 48.513%
INFO:root:-- EPOCH 38 (1.508 seconds):
INFO:root:COST >> 1.2681 +/- 0.0224, % updates: 48.612%
INFO:root:-- EPOCH 39 (1.546 seconds):
INFO:root:COST >> 1.2715 +/- 0.0203, % updates: 48.556%
INFO:root:-- EPOCH 40 (1.535 seconds):
INFO:root:COST >> 1.2699 +/- 0.0221, % updates: 48.458%
INFO:root:-- EPOCH 41 (1.521 seconds):
INFO:root:COST >> 1.2762 +/- 0.0182, % updates: 48.65%
INFO:root:-- EPOCH 42 (1.497 seconds):
INFO:root:COST >> 1.2768 +/- 0.0185, % updates: 48.528%
INFO:root:-- EPOCH 43 (1.551 seconds):
INFO:root:COST >> 1.2741 +/- 0.0233, % updates: 48.611%
INFO:root:-- EPOCH 44 (1.524 seconds):
INFO:root:COST >> 1.2718 +/- 0.0187, % updates: 48.693%
INFO:root:-- EPOCH 45 (1.495 seconds):
INFO:root:COST >> 1.2713 +/- 0.0207, % updates: 48.616%
INFO:root:-- EPOCH 46 (1.499 seconds):
INFO:root:COST >> 1.2846 +/- 0.0196, % updates: 48.768%
INFO:root:-- EPOCH 47 (1.511 seconds):
INFO:root:COST >> 1.279 +/- 0.0214, % updates: 48.705%
INFO:root:-- EPOCH 48 (1.544 seconds):
INFO:root:COST >> 1.2788 +/- 0.0158, % updates: 48.561%
INFO:root:-- EPOCH 49 (1.484 seconds):
INFO:root:COST >> 1.281 +/- 0.0216, % updates: 48.668%
INFO:root:-- EPOCH 50 (1.537 seconds):
INFO:root:COST >> 1.2757 +/- 0.0177, % updates: 48.492%
INFO:root:-- EPOCH 51 (1.536 seconds):
INFO:root:COST >> 1.2742 +/- 0.0173, % updates: 48.597%
INFO:root:-- EPOCH 52 (1.537 seconds):
INFO:root:COST >> 1.2723 +/- 0.016, % updates: 48.501%
INFO:root:-- EPOCH 53 (1.507 seconds):
INFO:root:COST >> 1.2775 +/- 0.0201, % updates: 48.534%
INFO:root:-- EPOCH 54 (1.568 seconds):
INFO:root:COST >> 1.2803 +/- 0.0195, % updates: 48.547%
INFO:root:-- EPOCH 55 (1.508 seconds):
INFO:root:COST >> 1.2796 +/- 0.0174, % updates: 48.694%
INFO:root:-- EPOCH 56 (1.581 seconds):
INFO:root:COST >> 1.2729 +/- 0.0221, % updates: 48.575%
INFO:root:-- EPOCH 57 (1.515 seconds):
INFO:root:COST >> 1.2784 +/- 0.0176, % updates: 48.658%
INFO:root:-- EPOCH 58 (1.556 seconds):
INFO:root:COST >> 1.2773 +/- 0.0197, % updates: 48.583%
INFO:root:-- EPOCH 59 (1.519 seconds):
INFO:root:COST >> 1.276 +/- 0.0206, % updates: 48.58%
INFO:root:-- EPOCH 60 (1.524 seconds):
INFO:root:COST >> 1.2772 +/- 0.0145, % updates: 48.469%
INFO:root:-- EPOCH 61 (1.518 seconds):
INFO:root:COST >> 1.2711 +/- 0.0194, % updates: 48.47%
INFO:root:-- EPOCH 62 (1.508 seconds):
INFO:root:COST >> 1.2791 +/- 0.0181, % updates: 48.529%
INFO:root:-- EPOCH 63 (1.557 seconds):
INFO:root:COST >> 1.2787 +/- 0.0211, % updates: 48.55%
INFO:root:-- EPOCH 64 (1.502 seconds):
INFO:root:COST >> 1.2786 +/- 0.0176, % updates: 48.53%
INFO:root:-- EPOCH 65 (1.594 seconds):
INFO:root:COST >> 1.2834 +/- 0.0197, % updates: 48.478%
INFO:root:-- EPOCH 66 (1.508 seconds):
INFO:root:COST >> 1.2795 +/- 0.0237, % updates: 48.419%
INFO:root:-- EPOCH 67 (1.56 seconds):
INFO:root:COST >> 1.2845 +/- 0.0215, % updates: 48.565%
INFO:root:-- EPOCH 68 (1.547 seconds):
INFO:root:COST >> 1.2781 +/- 0.0231, % updates: 48.458%
INFO:root:-- EPOCH 69 (1.541 seconds):
INFO:root:COST >> 1.2841 +/- 0.0171, % updates: 48.514%
INFO:root:-- EPOCH 70 (1.573 seconds):
INFO:root:COST >> 1.2849 +/- 0.0199, % updates: 48.581%
INFO:root:-- EPOCH 71 (1.562 seconds):
INFO:root:COST >> 1.2828 +/- 0.0275, % updates: 48.518%
INFO:root:-- EPOCH 72 (1.584 seconds):
INFO:root:COST >> 1.2844 +/- 0.0175, % updates: 48.475%
INFO:root:-- EPOCH 73 (1.555 seconds):
INFO:root:COST >> 1.2854 +/- 0.0181, % updates: 48.516%
INFO:root:-- EPOCH 74 (1.536 seconds):
INFO:root:COST >> 1.2879 +/- 0.0156, % updates: 48.585%
INFO:root:-- EPOCH 75 (1.508 seconds):
INFO:root:COST >> 1.2819 +/- 0.0171, % updates: 48.502%
INFO:root:-- EPOCH 76 (1.589 seconds):
INFO:root:COST >> 1.28 +/- 0.0241, % updates: 48.432%
INFO:root:-- EPOCH 77 (1.556 seconds):
INFO:root:COST >> 1.2805 +/- 0.0177, % updates: 48.413%
INFO:root:-- EPOCH 78 (1.513 seconds):
INFO:root:COST >> 1.2817 +/- 0.0162, % updates: 48.468%
INFO:root:-- EPOCH 79 (1.522 seconds):
INFO:root:COST >> 1.279 +/- 0.0176, % updates: 48.491%
INFO:root:-- EPOCH 80 (1.517 seconds):
INFO:root:COST >> 1.2802 +/- 0.0199, % updates: 48.523%
INFO:root:-- EPOCH 81 (1.546 seconds):
INFO:root:COST >> 1.2812 +/- 0.0209, % updates: 48.364%
INFO:root:-- EPOCH 82 (1.523 seconds):
INFO:root:COST >> 1.2773 +/- 0.0244, % updates: 48.243%
INFO:root:-- EPOCH 83 (1.54 seconds):
INFO:root:COST >> 1.2814 +/- 0.0164, % updates: 48.481%
INFO:root:-- EPOCH 84 (1.535 seconds):
INFO:root:COST >> 1.2839 +/- 0.0186, % updates: 48.361%
INFO:root:-- EPOCH 85 (1.535 seconds):
INFO:root:COST >> 1.2864 +/- 0.0197, % updates: 48.544%
INFO:root:-- EPOCH 86 (1.5 seconds):
INFO:root:COST >> 1.2777 +/- 0.0162, % updates: 48.401%
INFO:root:-- EPOCH 87 (1.525 seconds):
INFO:root:COST >> 1.2795 +/- 0.0222, % updates: 48.382%
INFO:root:-- EPOCH 88 (1.543 seconds):
INFO:root:COST >> 1.2844 +/- 0.0209, % updates: 48.418%
INFO:root:-- EPOCH 89 (1.539 seconds):
INFO:root:COST >> 1.2834 +/- 0.0204, % updates: 48.374%
INFO:root:-- EPOCH 90 (1.525 seconds):
INFO:root:COST >> 1.2828 +/- 0.026, % updates: 48.458%
INFO:root:-- EPOCH 91 (1.578 seconds):
INFO:root:COST >> 1.2834 +/- 0.0181, % updates: 48.35%
INFO:root:-- EPOCH 92 (1.553 seconds):
INFO:root:COST >> 1.2848 +/- 0.0141, % updates: 48.373%
INFO:root:-- EPOCH 93 (1.528 seconds):
INFO:root:COST >> 1.2833 +/- 0.0196, % updates: 48.325%
INFO:root:-- EPOCH 94 (1.53 seconds):
INFO:root:COST >> 1.2825 +/- 0.0233, % updates: 48.409%
INFO:root:-- EPOCH 95 (1.563 seconds):
INFO:root:COST >> 1.2848 +/- 0.0193, % updates: 48.405%
INFO:root:-- EPOCH 96 (1.519 seconds):
INFO:root:COST >> 1.2871 +/- 0.0196, % updates: 48.453%
INFO:root:-- EPOCH 97 (1.58 seconds):
INFO:root:COST >> 1.2842 +/- 0.0131, % updates: 48.432%
INFO:root:-- EPOCH 98 (1.498 seconds):
INFO:root:COST >> 1.2832 +/- 0.0241, % updates: 48.425%
INFO:root:-- EPOCH 99 (1.489 seconds):
INFO:root:COST >> 1.2855 +/- 0.0234, % updates: 48.419%
INFO:root:-- EPOCH 100 (1.518 seconds):
INFO:root:COST >> 1.2864 +/- 0.0191, % updates: 48.333%
