INFO:root:Shape for training set: (40961, 141442)
INFO:root:State: {'ndim': '20', 'test_all': 'None', 'test_path': 'None', 'nhid': '50', 'lremb': '0.1', 'seed': '1', 'simfn': 'L1', 'valid_path': 'None', 'nbatches': '10', 'lrparam': '0.1', 'decay': '0.9', 'show_hinton_diagrams': 'False', 'no_rescaling': 'True', 'Nrel': '18', 'ranking_score_right': 'False', 'Nent': '40961', 'Nsyn': '40943', 'method': 'MOMENTUM', 'loss_margin': '1.0', 'C': '1.0', 'epsilon': '1e-06', 'use_db': 'True', 'max_lr': 'None', 'l1_param_weight': 'None', 'filtered': 'False', 'name': 'wn_opt/wn_MOMENTUM_281', 'totepochs': '100', 'l2_param_weight': 'None', 'train_path': 'data/wn/WN-train.pkl', 'op': 'TransE'}
INFO:root:Starting the Experiment ..
INFO:root:-- EPOCH 1 (1.48 seconds):
INFO:root:COST >> 2.5737 +/- 0.2112, % updates: 65.783%
INFO:root:-- EPOCH 2 (1.463 seconds):
INFO:root:COST >> 2.5049 +/- 0.3001, % updates: 52.642%
INFO:root:-- EPOCH 3 (1.485 seconds):
INFO:root:COST >> 2.5864 +/- 0.2917, % updates: 52.064%
INFO:root:-- EPOCH 4 (1.512 seconds):
INFO:root:COST >> 2.6046 +/- 0.2811, % updates: 51.91%
INFO:root:-- EPOCH 5 (1.537 seconds):
INFO:root:COST >> 2.6193 +/- 0.2823, % updates: 51.858%
INFO:root:-- EPOCH 6 (1.511 seconds):
INFO:root:COST >> 2.6238 +/- 0.266, % updates: 51.873%
INFO:root:-- EPOCH 7 (1.519 seconds):
INFO:root:COST >> 2.6196 +/- 0.2727, % updates: 51.885%
INFO:root:-- EPOCH 8 (1.549 seconds):
INFO:root:COST >> 2.6121 +/- 0.2873, % updates: 51.79%
INFO:root:-- EPOCH 9 (1.468 seconds):
INFO:root:COST >> 2.6182 +/- 0.2872, % updates: 51.857%
INFO:root:-- EPOCH 10 (1.483 seconds):
INFO:root:COST >> 2.6247 +/- 0.2812, % updates: 51.919%
INFO:root:-- EPOCH 11 (1.496 seconds):
INFO:root:COST >> 2.6234 +/- 0.2727, % updates: 51.888%
INFO:root:-- EPOCH 12 (1.498 seconds):
INFO:root:COST >> 2.6115 +/- 0.2688, % updates: 51.747%
INFO:root:-- EPOCH 13 (1.448 seconds):
INFO:root:COST >> 2.6207 +/- 0.2863, % updates: 52.029%
INFO:root:-- EPOCH 14 (1.494 seconds):
INFO:root:COST >> 2.6184 +/- 0.2846, % updates: 51.759%
INFO:root:-- EPOCH 15 (1.438 seconds):
INFO:root:COST >> 2.6132 +/- 0.282, % updates: 51.891%
INFO:root:-- EPOCH 16 (1.55 seconds):
INFO:root:COST >> 2.6268 +/- 0.2731, % updates: 52.123%
INFO:root:-- EPOCH 17 (1.544 seconds):
INFO:root:COST >> 2.6278 +/- 0.2839, % updates: 51.909%
INFO:root:-- EPOCH 18 (1.567 seconds):
INFO:root:COST >> 2.6208 +/- 0.2739, % updates: 51.974%
INFO:root:-- EPOCH 19 (1.622 seconds):
INFO:root:COST >> 2.6088 +/- 0.2706, % updates: 51.878%
INFO:root:-- EPOCH 20 (1.642 seconds):
INFO:root:COST >> 2.6251 +/- 0.2777, % updates: 52.055%
INFO:root:-- EPOCH 21 (1.734 seconds):
INFO:root:COST >> 2.6207 +/- 0.287, % updates: 51.901%
INFO:root:-- EPOCH 22 (1.682 seconds):
INFO:root:COST >> 2.6199 +/- 0.2819, % updates: 51.879%
INFO:root:-- EPOCH 23 (1.501 seconds):
INFO:root:COST >> 2.6161 +/- 0.278, % updates: 51.937%
INFO:root:-- EPOCH 24 (1.485 seconds):
INFO:root:COST >> 2.6219 +/- 0.2874, % updates: 51.973%
INFO:root:-- EPOCH 25 (1.505 seconds):
INFO:root:COST >> 2.6165 +/- 0.2791, % updates: 51.834%
INFO:root:-- EPOCH 26 (1.457 seconds):
INFO:root:COST >> 2.6122 +/- 0.2653, % updates: 51.864%
INFO:root:-- EPOCH 27 (1.467 seconds):
INFO:root:COST >> 2.6199 +/- 0.2787, % updates: 51.847%
INFO:root:-- EPOCH 28 (1.485 seconds):
INFO:root:COST >> 2.6231 +/- 0.2822, % updates: 51.976%
INFO:root:-- EPOCH 29 (1.464 seconds):
INFO:root:COST >> 2.6248 +/- 0.2784, % updates: 51.851%
INFO:root:-- EPOCH 30 (1.479 seconds):
INFO:root:COST >> 2.6221 +/- 0.2763, % updates: 51.848%
INFO:root:-- EPOCH 31 (1.462 seconds):
INFO:root:COST >> 2.6198 +/- 0.2762, % updates: 51.965%
INFO:root:-- EPOCH 32 (1.491 seconds):
INFO:root:COST >> 2.6269 +/- 0.2653, % updates: 51.921%
INFO:root:-- EPOCH 33 (1.524 seconds):
INFO:root:COST >> 2.6239 +/- 0.2836, % updates: 51.978%
INFO:root:-- EPOCH 34 (1.486 seconds):
INFO:root:COST >> 2.6141 +/- 0.2936, % updates: 51.832%
INFO:root:-- EPOCH 35 (1.469 seconds):
INFO:root:COST >> 2.6245 +/- 0.2828, % updates: 51.991%
INFO:root:-- EPOCH 36 (1.482 seconds):
INFO:root:COST >> 2.6212 +/- 0.2831, % updates: 51.983%
INFO:root:-- EPOCH 37 (1.532 seconds):
INFO:root:COST >> 2.6188 +/- 0.2737, % updates: 51.861%
INFO:root:-- EPOCH 38 (1.52 seconds):
INFO:root:COST >> 2.6318 +/- 0.2796, % updates: 51.947%
INFO:root:-- EPOCH 39 (1.501 seconds):
INFO:root:COST >> 2.6218 +/- 0.2787, % updates: 51.835%
INFO:root:-- EPOCH 40 (1.469 seconds):
INFO:root:COST >> 2.6188 +/- 0.2771, % updates: 51.838%
INFO:root:-- EPOCH 41 (1.48 seconds):
INFO:root:COST >> 2.616 +/- 0.2908, % updates: 51.951%
INFO:root:-- EPOCH 42 (1.497 seconds):
INFO:root:COST >> 2.6156 +/- 0.2756, % updates: 51.988%
INFO:root:-- EPOCH 43 (1.505 seconds):
INFO:root:COST >> 2.6155 +/- 0.2879, % updates: 51.815%
INFO:root:-- EPOCH 44 (1.516 seconds):
INFO:root:COST >> 2.6191 +/- 0.2865, % updates: 52.058%
INFO:root:-- EPOCH 45 (1.509 seconds):
INFO:root:COST >> 2.6102 +/- 0.2791, % updates: 51.945%
INFO:root:-- EPOCH 46 (1.475 seconds):
INFO:root:COST >> 2.6211 +/- 0.284, % updates: 51.884%
INFO:root:-- EPOCH 47 (1.528 seconds):
INFO:root:COST >> 2.6126 +/- 0.2736, % updates: 51.787%
INFO:root:-- EPOCH 48 (1.474 seconds):
INFO:root:COST >> 2.6168 +/- 0.2865, % updates: 51.852%
INFO:root:-- EPOCH 49 (1.486 seconds):
INFO:root:COST >> 2.6278 +/- 0.2831, % updates: 52.034%
INFO:root:-- EPOCH 50 (1.492 seconds):
INFO:root:COST >> 2.6216 +/- 0.2934, % updates: 51.873%
INFO:root:-- EPOCH 51 (1.503 seconds):
INFO:root:COST >> 2.6287 +/- 0.2771, % updates: 52.031%
INFO:root:-- EPOCH 52 (1.481 seconds):
INFO:root:COST >> 2.6179 +/- 0.2789, % updates: 51.905%
INFO:root:-- EPOCH 53 (1.46 seconds):
INFO:root:COST >> 2.6174 +/- 0.2766, % updates: 51.848%
INFO:root:-- EPOCH 54 (1.485 seconds):
INFO:root:COST >> 2.6179 +/- 0.2757, % updates: 51.868%
INFO:root:-- EPOCH 55 (1.462 seconds):
INFO:root:COST >> 2.6189 +/- 0.2815, % updates: 51.957%
INFO:root:-- EPOCH 56 (1.47 seconds):
INFO:root:COST >> 2.6153 +/- 0.2788, % updates: 51.775%
INFO:root:-- EPOCH 57 (1.467 seconds):
INFO:root:COST >> 2.6166 +/- 0.2761, % updates: 51.871%
INFO:root:-- EPOCH 58 (1.483 seconds):
INFO:root:COST >> 2.6183 +/- 0.2902, % updates: 51.857%
INFO:root:-- EPOCH 59 (1.497 seconds):
INFO:root:COST >> 2.6166 +/- 0.2896, % updates: 51.951%
INFO:root:-- EPOCH 60 (1.478 seconds):
INFO:root:COST >> 2.6213 +/- 0.276, % updates: 52.066%
INFO:root:-- EPOCH 61 (1.482 seconds):
INFO:root:COST >> 2.6195 +/- 0.2695, % updates: 51.965%
INFO:root:-- EPOCH 62 (1.458 seconds):
INFO:root:COST >> 2.6211 +/- 0.2841, % updates: 51.844%
INFO:root:-- EPOCH 63 (1.499 seconds):
INFO:root:COST >> 2.6142 +/- 0.2898, % updates: 51.907%
INFO:root:-- EPOCH 64 (1.486 seconds):
INFO:root:COST >> 2.6193 +/- 0.2897, % updates: 51.814%
INFO:root:-- EPOCH 65 (1.482 seconds):
INFO:root:COST >> 2.6121 +/- 0.2725, % updates: 51.804%
INFO:root:-- EPOCH 66 (1.472 seconds):
INFO:root:COST >> 2.6193 +/- 0.28, % updates: 51.889%
INFO:root:-- EPOCH 67 (1.502 seconds):
INFO:root:COST >> 2.6148 +/- 0.2753, % updates: 51.766%
INFO:root:-- EPOCH 68 (1.506 seconds):
INFO:root:COST >> 2.6171 +/- 0.2762, % updates: 51.737%
INFO:root:-- EPOCH 69 (1.492 seconds):
INFO:root:COST >> 2.6215 +/- 0.29, % updates: 51.883%
INFO:root:-- EPOCH 70 (1.497 seconds):
INFO:root:COST >> 2.615 +/- 0.2794, % updates: 51.797%
INFO:root:-- EPOCH 71 (1.476 seconds):
INFO:root:COST >> 2.6086 +/- 0.2795, % updates: 51.904%
INFO:root:-- EPOCH 72 (1.482 seconds):
INFO:root:COST >> 2.6166 +/- 0.2853, % updates: 51.806%
INFO:root:-- EPOCH 73 (1.469 seconds):
INFO:root:COST >> 2.6237 +/- 0.2841, % updates: 52.003%
INFO:root:-- EPOCH 74 (1.471 seconds):
INFO:root:COST >> 2.6244 +/- 0.2711, % updates: 51.869%
INFO:root:-- EPOCH 75 (1.519 seconds):
INFO:root:COST >> 2.6055 +/- 0.2767, % updates: 51.813%
INFO:root:-- EPOCH 76 (1.513 seconds):
INFO:root:COST >> 2.6131 +/- 0.2788, % updates: 51.734%
INFO:root:-- EPOCH 77 (1.517 seconds):
INFO:root:COST >> 2.6191 +/- 0.2885, % updates: 51.887%
INFO:root:-- EPOCH 78 (1.517 seconds):
INFO:root:COST >> 2.6197 +/- 0.2852, % updates: 51.881%
INFO:root:-- EPOCH 79 (1.495 seconds):
INFO:root:COST >> 2.6129 +/- 0.2848, % updates: 51.905%
INFO:root:-- EPOCH 80 (1.493 seconds):
INFO:root:COST >> 2.6122 +/- 0.2796, % updates: 51.808%
INFO:root:-- EPOCH 81 (1.453 seconds):
INFO:root:COST >> 2.6237 +/- 0.278, % updates: 51.949%
INFO:root:-- EPOCH 82 (1.466 seconds):
INFO:root:COST >> 2.6147 +/- 0.2953, % updates: 51.948%
INFO:root:-- EPOCH 83 (1.503 seconds):
INFO:root:COST >> 2.6077 +/- 0.2875, % updates: 51.737%
INFO:root:-- EPOCH 84 (1.503 seconds):
INFO:root:COST >> 2.6246 +/- 0.2817, % updates: 51.938%
INFO:root:-- EPOCH 85 (1.482 seconds):
INFO:root:COST >> 2.6252 +/- 0.2703, % updates: 51.924%
INFO:root:-- EPOCH 86 (1.167 seconds):
INFO:root:COST >> 2.6273 +/- 0.2849, % updates: 51.927%
INFO:root:-- EPOCH 87 (1.123 seconds):
INFO:root:COST >> 2.6209 +/- 0.2789, % updates: 51.836%
INFO:root:-- EPOCH 88 (1.165 seconds):
INFO:root:COST >> 2.6179 +/- 0.2816, % updates: 51.916%
INFO:root:-- EPOCH 89 (1.316 seconds):
INFO:root:COST >> 2.6162 +/- 0.2888, % updates: 51.905%
INFO:root:-- EPOCH 90 (1.52 seconds):
INFO:root:COST >> 2.6174 +/- 0.2725, % updates: 51.864%
INFO:root:-- EPOCH 91 (1.524 seconds):
INFO:root:COST >> 2.6261 +/- 0.2818, % updates: 51.913%
INFO:root:-- EPOCH 92 (1.487 seconds):
INFO:root:COST >> 2.6191 +/- 0.2874, % updates: 51.965%
INFO:root:-- EPOCH 93 (1.519 seconds):
INFO:root:COST >> 2.622 +/- 0.2664, % updates: 51.964%
INFO:root:-- EPOCH 94 (1.471 seconds):
INFO:root:COST >> 2.6112 +/- 0.2744, % updates: 51.728%
INFO:root:-- EPOCH 95 (1.503 seconds):
INFO:root:COST >> 2.6102 +/- 0.2746, % updates: 51.876%
INFO:root:-- EPOCH 96 (1.516 seconds):
INFO:root:COST >> 2.6254 +/- 0.2725, % updates: 51.972%
INFO:root:-- EPOCH 97 (1.5 seconds):
INFO:root:COST >> 2.6168 +/- 0.2768, % updates: 51.75%
INFO:root:-- EPOCH 98 (1.482 seconds):
INFO:root:COST >> 2.6265 +/- 0.2794, % updates: 51.941%
INFO:root:-- EPOCH 99 (1.499 seconds):
INFO:root:COST >> 2.6182 +/- 0.2887, % updates: 51.911%
INFO:root:-- EPOCH 100 (1.501 seconds):
INFO:root:COST >> 2.6162 +/- 0.2782, % updates: 51.906%
