INFO:root:Shape for training set: (40961, 141442)
INFO:root:State: {'ndim': '20', 'test_all': 'None', 'test_path': 'None', 'nhid': '50', 'lremb': '1.0', 'seed': '9', 'simfn': 'L1', 'valid_path': 'None', 'nbatches': '10', 'lrparam': '1.0', 'decay': '0.999', 'show_hinton_diagrams': 'False', 'no_rescaling': 'True', 'Nrel': '18', 'ranking_score_right': 'False', 'Nent': '40961', 'Nsyn': '40943', 'method': 'MOMENTUM', 'loss_margin': '1.0', 'C': '1.0', 'epsilon': '1e-06', 'use_db': 'True', 'max_lr': 'None', 'l1_param_weight': 'None', 'filtered': 'False', 'name': 'wn_opt/wn_MOMENTUM_319', 'totepochs': '100', 'l2_param_weight': 'None', 'train_path': 'data/wn/WN-train.pkl', 'op': 'TransE'}
INFO:root:Starting the Experiment ..
INFO:root:-- EPOCH 1 (1.484 seconds):
INFO:root:COST >> 2.8107 +/- 0.2502, % updates: 66.293%
INFO:root:-- EPOCH 2 (1.497 seconds):
INFO:root:COST >> 2.4183 +/- 0.1855, % updates: 54.087%
INFO:root:-- EPOCH 3 (1.513 seconds):
INFO:root:COST >> 2.2538 +/- 0.1919, % updates: 51.768%
INFO:root:-- EPOCH 4 (1.478 seconds):
INFO:root:COST >> 2.1725 +/- 0.1868, % updates: 50.877%
INFO:root:-- EPOCH 5 (1.504 seconds):
INFO:root:COST >> 2.1147 +/- 0.1938, % updates: 50.257%
INFO:root:-- EPOCH 6 (1.492 seconds):
INFO:root:COST >> 2.0773 +/- 0.1887, % updates: 50.002%
INFO:root:-- EPOCH 7 (1.501 seconds):
INFO:root:COST >> 2.047 +/- 0.176, % updates: 49.577%
INFO:root:-- EPOCH 8 (1.478 seconds):
INFO:root:COST >> 2.0313 +/- 0.1802, % updates: 49.477%
INFO:root:-- EPOCH 9 (1.469 seconds):
INFO:root:COST >> 2.0158 +/- 0.17, % updates: 49.455%
INFO:root:-- EPOCH 10 (1.48 seconds):
INFO:root:COST >> 1.992 +/- 0.1695, % updates: 49.145%
INFO:root:-- EPOCH 11 (1.484 seconds):
INFO:root:COST >> 1.979 +/- 0.1709, % updates: 48.958%
INFO:root:-- EPOCH 12 (1.473 seconds):
INFO:root:COST >> 1.9694 +/- 0.1682, % updates: 48.835%
INFO:root:-- EPOCH 13 (1.497 seconds):
INFO:root:COST >> 1.9538 +/- 0.1801, % updates: 48.75%
INFO:root:-- EPOCH 14 (1.49 seconds):
INFO:root:COST >> 1.9439 +/- 0.162, % updates: 48.761%
INFO:root:-- EPOCH 15 (1.499 seconds):
INFO:root:COST >> 1.9352 +/- 0.1589, % updates: 48.691%
INFO:root:-- EPOCH 16 (1.476 seconds):
INFO:root:COST >> 1.9281 +/- 0.1553, % updates: 48.533%
INFO:root:-- EPOCH 17 (1.473 seconds):
INFO:root:COST >> 1.9249 +/- 0.1764, % updates: 48.604%
INFO:root:-- EPOCH 18 (1.528 seconds):
INFO:root:COST >> 1.9163 +/- 0.1647, % updates: 48.51%
INFO:root:-- EPOCH 19 (1.492 seconds):
INFO:root:COST >> 1.9048 +/- 0.1618, % updates: 48.364%
INFO:root:-- EPOCH 20 (1.503 seconds):
INFO:root:COST >> 1.8967 +/- 0.1668, % updates: 48.357%
INFO:root:-- EPOCH 21 (1.527 seconds):
INFO:root:COST >> 1.8974 +/- 0.1559, % updates: 48.389%
INFO:root:-- EPOCH 22 (1.477 seconds):
INFO:root:COST >> 1.8998 +/- 0.1608, % updates: 48.478%
INFO:root:-- EPOCH 23 (1.503 seconds):
INFO:root:COST >> 1.8904 +/- 0.1596, % updates: 48.39%
INFO:root:-- EPOCH 24 (1.541 seconds):
INFO:root:COST >> 1.8869 +/- 0.1636, % updates: 48.263%
INFO:root:-- EPOCH 25 (1.537 seconds):
INFO:root:COST >> 1.881 +/- 0.1622, % updates: 48.2%
INFO:root:-- EPOCH 26 (1.573 seconds):
INFO:root:COST >> 1.8829 +/- 0.1524, % updates: 48.257%
INFO:root:-- EPOCH 27 (1.549 seconds):
INFO:root:COST >> 1.8798 +/- 0.1689, % updates: 48.185%
INFO:root:-- EPOCH 28 (1.575 seconds):
INFO:root:COST >> 1.8756 +/- 0.1578, % updates: 48.406%
INFO:root:-- EPOCH 29 (1.494 seconds):
INFO:root:COST >> 1.8733 +/- 0.1604, % updates: 48.259%
INFO:root:-- EPOCH 30 (1.513 seconds):
INFO:root:COST >> 1.8665 +/- 0.1579, % updates: 48.241%
INFO:root:-- EPOCH 31 (1.5 seconds):
INFO:root:COST >> 1.8729 +/- 0.1563, % updates: 48.32%
INFO:root:-- EPOCH 32 (1.535 seconds):
INFO:root:COST >> 1.8724 +/- 0.1629, % updates: 48.264%
INFO:root:-- EPOCH 33 (1.5 seconds):
INFO:root:COST >> 1.8656 +/- 0.1563, % updates: 48.394%
INFO:root:-- EPOCH 34 (1.525 seconds):
INFO:root:COST >> 1.8605 +/- 0.157, % updates: 48.26%
INFO:root:-- EPOCH 35 (1.518 seconds):
INFO:root:COST >> 1.8604 +/- 0.1477, % updates: 48.264%
INFO:root:-- EPOCH 36 (1.49 seconds):
INFO:root:COST >> 1.8594 +/- 0.1624, % updates: 48.232%
INFO:root:-- EPOCH 37 (1.513 seconds):
INFO:root:COST >> 1.8562 +/- 0.1599, % updates: 48.162%
INFO:root:-- EPOCH 38 (1.521 seconds):
INFO:root:COST >> 1.8567 +/- 0.1618, % updates: 48.233%
INFO:root:-- EPOCH 39 (1.519 seconds):
INFO:root:COST >> 1.8509 +/- 0.1509, % updates: 48.149%
INFO:root:-- EPOCH 40 (1.504 seconds):
INFO:root:COST >> 1.8466 +/- 0.1561, % updates: 48.009%
INFO:root:-- EPOCH 41 (1.501 seconds):
INFO:root:COST >> 1.8532 +/- 0.1591, % updates: 48.292%
INFO:root:-- EPOCH 42 (1.535 seconds):
INFO:root:COST >> 1.8447 +/- 0.1593, % updates: 48.066%
INFO:root:-- EPOCH 43 (1.477 seconds):
INFO:root:COST >> 1.8468 +/- 0.1594, % updates: 48.183%
INFO:root:-- EPOCH 44 (1.467 seconds):
INFO:root:COST >> 1.8452 +/- 0.1592, % updates: 48.09%
INFO:root:-- EPOCH 45 (1.474 seconds):
INFO:root:COST >> 1.8447 +/- 0.1506, % updates: 48.201%
INFO:root:-- EPOCH 46 (1.515 seconds):
INFO:root:COST >> 1.837 +/- 0.1503, % updates: 47.997%
INFO:root:-- EPOCH 47 (1.545 seconds):
INFO:root:COST >> 1.8442 +/- 0.1572, % updates: 48.13%
INFO:root:-- EPOCH 48 (1.506 seconds):
INFO:root:COST >> 1.8432 +/- 0.1532, % updates: 48.111%
INFO:root:-- EPOCH 49 (1.49 seconds):
INFO:root:COST >> 1.8454 +/- 0.1507, % updates: 48.302%
INFO:root:-- EPOCH 50 (1.466 seconds):
INFO:root:COST >> 1.8339 +/- 0.1508, % updates: 48.1%
INFO:root:-- EPOCH 51 (1.531 seconds):
INFO:root:COST >> 1.8384 +/- 0.1562, % updates: 48.108%
INFO:root:-- EPOCH 52 (1.522 seconds):
INFO:root:COST >> 1.8355 +/- 0.1647, % updates: 48.025%
INFO:root:-- EPOCH 53 (1.467 seconds):
INFO:root:COST >> 1.8363 +/- 0.1495, % updates: 48.16%
INFO:root:-- EPOCH 54 (1.501 seconds):
INFO:root:COST >> 1.8348 +/- 0.1586, % updates: 48.113%
INFO:root:-- EPOCH 55 (1.485 seconds):
INFO:root:COST >> 1.8391 +/- 0.1553, % updates: 48.238%
INFO:root:-- EPOCH 56 (1.529 seconds):
INFO:root:COST >> 1.8368 +/- 0.1581, % updates: 48.106%
INFO:root:-- EPOCH 57 (1.518 seconds):
INFO:root:COST >> 1.8338 +/- 0.1512, % updates: 48.031%
INFO:root:-- EPOCH 58 (1.517 seconds):
INFO:root:COST >> 1.8337 +/- 0.1505, % updates: 48.113%
INFO:root:-- EPOCH 59 (1.493 seconds):
INFO:root:COST >> 1.8347 +/- 0.1597, % updates: 48.126%
INFO:root:-- EPOCH 60 (1.507 seconds):
INFO:root:COST >> 1.8278 +/- 0.142, % updates: 48.108%
INFO:root:-- EPOCH 61 (1.481 seconds):
INFO:root:COST >> 1.8291 +/- 0.1514, % updates: 48.153%
INFO:root:-- EPOCH 62 (1.501 seconds):
INFO:root:COST >> 1.828 +/- 0.1547, % updates: 47.993%
INFO:root:-- EPOCH 63 (1.481 seconds):
INFO:root:COST >> 1.8258 +/- 0.1563, % updates: 48.009%
INFO:root:-- EPOCH 64 (1.475 seconds):
INFO:root:COST >> 1.8278 +/- 0.1519, % updates: 48.071%
INFO:root:-- EPOCH 65 (1.493 seconds):
INFO:root:COST >> 1.8241 +/- 0.1603, % updates: 47.964%
INFO:root:-- EPOCH 66 (1.463 seconds):
INFO:root:COST >> 1.8291 +/- 0.1513, % updates: 48.032%
INFO:root:-- EPOCH 67 (1.47 seconds):
INFO:root:COST >> 1.8269 +/- 0.1618, % updates: 48.157%
INFO:root:-- EPOCH 68 (1.469 seconds):
INFO:root:COST >> 1.8281 +/- 0.1526, % updates: 48.123%
INFO:root:-- EPOCH 69 (1.486 seconds):
INFO:root:COST >> 1.8261 +/- 0.1447, % updates: 48.01%
INFO:root:-- EPOCH 70 (1.488 seconds):
INFO:root:COST >> 1.8206 +/- 0.1555, % updates: 47.979%
INFO:root:-- EPOCH 71 (1.469 seconds):
INFO:root:COST >> 1.8274 +/- 0.1536, % updates: 48.161%
INFO:root:-- EPOCH 72 (1.486 seconds):
INFO:root:COST >> 1.8217 +/- 0.1618, % updates: 48.053%
INFO:root:-- EPOCH 73 (1.472 seconds):
INFO:root:COST >> 1.8251 +/- 0.1565, % updates: 48.028%
INFO:root:-- EPOCH 74 (1.477 seconds):
INFO:root:COST >> 1.8234 +/- 0.1497, % updates: 48.143%
INFO:root:-- EPOCH 75 (1.498 seconds):
INFO:root:COST >> 1.8247 +/- 0.1471, % updates: 48.036%
INFO:root:-- EPOCH 76 (1.476 seconds):
INFO:root:COST >> 1.8255 +/- 0.149, % updates: 48.09%
INFO:root:-- EPOCH 77 (1.473 seconds):
INFO:root:COST >> 1.827 +/- 0.1532, % updates: 48.133%
INFO:root:-- EPOCH 78 (1.471 seconds):
INFO:root:COST >> 1.8228 +/- 0.1484, % updates: 48.004%
INFO:root:-- EPOCH 79 (1.489 seconds):
INFO:root:COST >> 1.8176 +/- 0.1562, % updates: 48.008%
INFO:root:-- EPOCH 80 (1.488 seconds):
INFO:root:COST >> 1.823 +/- 0.1497, % updates: 48.144%
INFO:root:-- EPOCH 81 (1.477 seconds):
INFO:root:COST >> 1.8181 +/- 0.1614, % updates: 48.053%
INFO:root:-- EPOCH 82 (1.53 seconds):
INFO:root:COST >> 1.8234 +/- 0.1471, % updates: 48.163%
INFO:root:-- EPOCH 83 (1.503 seconds):
INFO:root:COST >> 1.8218 +/- 0.1581, % updates: 48.094%
INFO:root:-- EPOCH 84 (1.122 seconds):
INFO:root:COST >> 1.8189 +/- 0.1606, % updates: 48.031%
INFO:root:-- EPOCH 85 (1.119 seconds):
INFO:root:COST >> 1.8184 +/- 0.149, % updates: 48.071%
INFO:root:-- EPOCH 86 (1.153 seconds):
INFO:root:COST >> 1.8171 +/- 0.1514, % updates: 48.163%
INFO:root:-- EPOCH 87 (1.17 seconds):
INFO:root:COST >> 1.8185 +/- 0.1427, % updates: 48.0%
INFO:root:-- EPOCH 88 (1.449 seconds):
INFO:root:COST >> 1.8168 +/- 0.1531, % updates: 48.022%
INFO:root:-- EPOCH 89 (1.514 seconds):
INFO:root:COST >> 1.8171 +/- 0.1431, % updates: 47.896%
INFO:root:-- EPOCH 90 (1.525 seconds):
INFO:root:COST >> 1.8176 +/- 0.1464, % updates: 48.046%
INFO:root:-- EPOCH 91 (1.484 seconds):
INFO:root:COST >> 1.8131 +/- 0.1499, % updates: 47.942%
INFO:root:-- EPOCH 92 (1.557 seconds):
INFO:root:COST >> 1.8145 +/- 0.1465, % updates: 48.022%
INFO:root:-- EPOCH 93 (1.495 seconds):
INFO:root:COST >> 1.8158 +/- 0.1648, % updates: 47.92%
INFO:root:-- EPOCH 94 (1.499 seconds):
INFO:root:COST >> 1.8217 +/- 0.1448, % updates: 48.129%
INFO:root:-- EPOCH 95 (1.498 seconds):
INFO:root:COST >> 1.8151 +/- 0.1478, % updates: 47.998%
INFO:root:-- EPOCH 96 (1.471 seconds):
INFO:root:COST >> 1.8229 +/- 0.1495, % updates: 48.033%
INFO:root:-- EPOCH 97 (1.514 seconds):
INFO:root:COST >> 1.8174 +/- 0.1495, % updates: 47.993%
INFO:root:-- EPOCH 98 (1.499 seconds):
INFO:root:COST >> 1.8077 +/- 0.1496, % updates: 47.967%
INFO:root:-- EPOCH 99 (1.496 seconds):
INFO:root:COST >> 1.8162 +/- 0.1527, % updates: 48.114%
INFO:root:-- EPOCH 100 (1.541 seconds):
INFO:root:COST >> 1.8126 +/- 0.1433, % updates: 48.147%
