INFO:root:Shape for training set: (40961, 141442)
INFO:root:State: {'ndim': '20', 'test_all': 'None', 'test_path': 'None', 'nhid': '50', 'lremb': '1.0', 'seed': '4', 'simfn': 'L1', 'valid_path': 'None', 'nbatches': '10', 'lrparam': '1.0', 'decay': '0.9999', 'show_hinton_diagrams': 'False', 'no_rescaling': 'True', 'Nrel': '18', 'ranking_score_right': 'False', 'Nent': '40961', 'Nsyn': '40943', 'method': 'MOMENTUM', 'loss_margin': '1.0', 'C': '1.0', 'epsilon': '1e-06', 'use_db': 'True', 'max_lr': 'None', 'l1_param_weight': 'None', 'filtered': 'False', 'name': 'wn_opt/wn_MOMENTUM_304', 'totepochs': '100', 'l2_param_weight': 'None', 'train_path': 'data/wn/WN-train.pkl', 'op': 'TransE'}
INFO:root:Starting the Experiment ..
INFO:root:-- EPOCH 1 (1.444 seconds):
INFO:root:COST >> 2.8485 +/- 0.2615, % updates: 66.944%
INFO:root:-- EPOCH 2 (1.379 seconds):
INFO:root:COST >> 2.434 +/- 0.1876, % updates: 55.037%
INFO:root:-- EPOCH 3 (1.449 seconds):
INFO:root:COST >> 2.2638 +/- 0.2135, % updates: 52.928%
INFO:root:-- EPOCH 4 (1.415 seconds):
INFO:root:COST >> 2.169 +/- 0.1847, % updates: 51.858%
INFO:root:-- EPOCH 5 (1.411 seconds):
INFO:root:COST >> 2.1163 +/- 0.1859, % updates: 51.179%
INFO:root:-- EPOCH 6 (1.392 seconds):
INFO:root:COST >> 2.0728 +/- 0.186, % updates: 50.862%
INFO:root:-- EPOCH 7 (1.387 seconds):
INFO:root:COST >> 2.0446 +/- 0.1716, % updates: 50.473%
INFO:root:-- EPOCH 8 (1.403 seconds):
INFO:root:COST >> 2.0061 +/- 0.1863, % updates: 50.093%
INFO:root:-- EPOCH 9 (1.431 seconds):
INFO:root:COST >> 1.9936 +/- 0.1703, % updates: 50.0%
INFO:root:-- EPOCH 10 (1.418 seconds):
INFO:root:COST >> 1.9713 +/- 0.1769, % updates: 49.779%
INFO:root:-- EPOCH 11 (1.469 seconds):
INFO:root:COST >> 1.9611 +/- 0.1724, % updates: 49.859%
INFO:root:-- EPOCH 12 (1.766 seconds):
INFO:root:COST >> 1.9434 +/- 0.1662, % updates: 49.866%
INFO:root:-- EPOCH 13 (1.666 seconds):
INFO:root:COST >> 1.9319 +/- 0.1648, % updates: 49.563%
INFO:root:-- EPOCH 14 (1.151 seconds):
INFO:root:COST >> 1.9207 +/- 0.161, % updates: 49.361%
INFO:root:-- EPOCH 15 (1.345 seconds):
INFO:root:COST >> 1.9085 +/- 0.1711, % updates: 49.263%
INFO:root:-- EPOCH 16 (1.285 seconds):
INFO:root:COST >> 1.9068 +/- 0.1672, % updates: 49.426%
INFO:root:-- EPOCH 17 (1.301 seconds):
INFO:root:COST >> 1.8927 +/- 0.1642, % updates: 49.323%
INFO:root:-- EPOCH 18 (1.562 seconds):
INFO:root:COST >> 1.8889 +/- 0.1646, % updates: 49.467%
INFO:root:-- EPOCH 19 (1.695 seconds):
INFO:root:COST >> 1.8834 +/- 0.1506, % updates: 49.334%
INFO:root:-- EPOCH 20 (1.733 seconds):
INFO:root:COST >> 1.8686 +/- 0.162, % updates: 49.097%
INFO:root:-- EPOCH 21 (1.763 seconds):
INFO:root:COST >> 1.872 +/- 0.1594, % updates: 49.206%
INFO:root:-- EPOCH 22 (1.971 seconds):
INFO:root:COST >> 1.8613 +/- 0.1502, % updates: 49.236%
INFO:root:-- EPOCH 23 (1.679 seconds):
INFO:root:COST >> 1.8599 +/- 0.1594, % updates: 49.176%
INFO:root:-- EPOCH 24 (1.581 seconds):
INFO:root:COST >> 1.8567 +/- 0.1644, % updates: 49.064%
INFO:root:-- EPOCH 25 (1.557 seconds):
INFO:root:COST >> 1.8433 +/- 0.1621, % updates: 49.018%
INFO:root:-- EPOCH 26 (1.509 seconds):
INFO:root:COST >> 1.8435 +/- 0.1582, % updates: 49.089%
INFO:root:-- EPOCH 27 (1.532 seconds):
INFO:root:COST >> 1.8354 +/- 0.1556, % updates: 49.07%
INFO:root:-- EPOCH 28 (1.542 seconds):
INFO:root:COST >> 1.835 +/- 0.1522, % updates: 48.993%
INFO:root:-- EPOCH 29 (1.487 seconds):
INFO:root:COST >> 1.8315 +/- 0.152, % updates: 48.993%
INFO:root:-- EPOCH 30 (1.514 seconds):
INFO:root:COST >> 1.8262 +/- 0.1548, % updates: 49.105%
INFO:root:-- EPOCH 31 (1.512 seconds):
INFO:root:COST >> 1.8215 +/- 0.1561, % updates: 49.083%
INFO:root:-- EPOCH 32 (1.506 seconds):
INFO:root:COST >> 1.816 +/- 0.1548, % updates: 48.903%
INFO:root:-- EPOCH 33 (1.531 seconds):
INFO:root:COST >> 1.8168 +/- 0.148, % updates: 49.044%
INFO:root:-- EPOCH 34 (1.522 seconds):
INFO:root:COST >> 1.8149 +/- 0.1466, % updates: 48.939%
INFO:root:-- EPOCH 35 (1.54 seconds):
INFO:root:COST >> 1.8074 +/- 0.1469, % updates: 48.997%
INFO:root:-- EPOCH 36 (1.5 seconds):
INFO:root:COST >> 1.8103 +/- 0.1588, % updates: 48.94%
INFO:root:-- EPOCH 37 (1.667 seconds):
INFO:root:COST >> 1.8023 +/- 0.1434, % updates: 49.028%
INFO:root:-- EPOCH 38 (1.945 seconds):
INFO:root:COST >> 1.8113 +/- 0.1452, % updates: 49.211%
INFO:root:-- EPOCH 39 (1.924 seconds):
INFO:root:COST >> 1.7982 +/- 0.1487, % updates: 48.799%
INFO:root:-- EPOCH 40 (1.921 seconds):
INFO:root:COST >> 1.793 +/- 0.1473, % updates: 48.863%
INFO:root:-- EPOCH 41 (1.921 seconds):
INFO:root:COST >> 1.7985 +/- 0.1508, % updates: 49.011%
INFO:root:-- EPOCH 42 (1.94 seconds):
INFO:root:COST >> 1.7898 +/- 0.1462, % updates: 48.849%
INFO:root:-- EPOCH 43 (1.932 seconds):
INFO:root:COST >> 1.7861 +/- 0.1403, % updates: 48.98%
INFO:root:-- EPOCH 44 (1.917 seconds):
INFO:root:COST >> 1.7878 +/- 0.141, % updates: 48.922%
INFO:root:-- EPOCH 45 (1.908 seconds):
INFO:root:COST >> 1.7875 +/- 0.1459, % updates: 48.955%
INFO:root:-- EPOCH 46 (1.942 seconds):
INFO:root:COST >> 1.7829 +/- 0.1519, % updates: 48.943%
INFO:root:-- EPOCH 47 (1.887 seconds):
INFO:root:COST >> 1.785 +/- 0.1436, % updates: 48.88%
INFO:root:-- EPOCH 48 (1.89 seconds):
INFO:root:COST >> 1.7788 +/- 0.1486, % updates: 48.887%
INFO:root:-- EPOCH 49 (1.922 seconds):
INFO:root:COST >> 1.7756 +/- 0.1501, % updates: 48.905%
INFO:root:-- EPOCH 50 (1.94 seconds):
INFO:root:COST >> 1.7755 +/- 0.1461, % updates: 48.891%
INFO:root:-- EPOCH 51 (1.902 seconds):
INFO:root:COST >> 1.777 +/- 0.1452, % updates: 48.915%
INFO:root:-- EPOCH 52 (1.915 seconds):
INFO:root:COST >> 1.768 +/- 0.1526, % updates: 48.826%
INFO:root:-- EPOCH 53 (1.91 seconds):
INFO:root:COST >> 1.7735 +/- 0.1525, % updates: 48.881%
INFO:root:-- EPOCH 54 (1.939 seconds):
INFO:root:COST >> 1.7642 +/- 0.1465, % updates: 48.942%
INFO:root:-- EPOCH 55 (1.885 seconds):
INFO:root:COST >> 1.7689 +/- 0.1495, % updates: 48.925%
INFO:root:-- EPOCH 56 (1.93 seconds):
INFO:root:COST >> 1.7712 +/- 0.1537, % updates: 49.0%
INFO:root:-- EPOCH 57 (1.952 seconds):
INFO:root:COST >> 1.7662 +/- 0.1385, % updates: 48.879%
INFO:root:-- EPOCH 58 (1.943 seconds):
INFO:root:COST >> 1.7634 +/- 0.1437, % updates: 48.928%
INFO:root:-- EPOCH 59 (1.892 seconds):
INFO:root:COST >> 1.7613 +/- 0.1384, % updates: 48.973%
INFO:root:-- EPOCH 60 (1.87 seconds):
INFO:root:COST >> 1.7626 +/- 0.1501, % updates: 49.061%
INFO:root:-- EPOCH 61 (1.93 seconds):
INFO:root:COST >> 1.7523 +/- 0.141, % updates: 48.823%
INFO:root:-- EPOCH 62 (1.906 seconds):
INFO:root:COST >> 1.7534 +/- 0.1435, % updates: 48.903%
INFO:root:-- EPOCH 63 (1.904 seconds):
INFO:root:COST >> 1.757 +/- 0.1399, % updates: 49.069%
INFO:root:-- EPOCH 64 (1.894 seconds):
INFO:root:COST >> 1.7499 +/- 0.1368, % updates: 48.779%
INFO:root:-- EPOCH 65 (1.953 seconds):
INFO:root:COST >> 1.7524 +/- 0.1422, % updates: 48.903%
INFO:root:-- EPOCH 66 (1.883 seconds):
INFO:root:COST >> 1.756 +/- 0.1481, % updates: 48.961%
INFO:root:-- EPOCH 67 (1.882 seconds):
INFO:root:COST >> 1.7447 +/- 0.1446, % updates: 48.77%
INFO:root:-- EPOCH 68 (1.96 seconds):
INFO:root:COST >> 1.7457 +/- 0.1434, % updates: 48.827%
INFO:root:-- EPOCH 69 (1.891 seconds):
INFO:root:COST >> 1.7461 +/- 0.1478, % updates: 48.896%
INFO:root:-- EPOCH 70 (1.894 seconds):
INFO:root:COST >> 1.7471 +/- 0.1333, % updates: 48.881%
INFO:root:-- EPOCH 71 (1.935 seconds):
INFO:root:COST >> 1.7451 +/- 0.1472, % updates: 48.854%
INFO:root:-- EPOCH 72 (1.901 seconds):
INFO:root:COST >> 1.7428 +/- 0.1424, % updates: 48.944%
INFO:root:-- EPOCH 73 (1.939 seconds):
INFO:root:COST >> 1.7369 +/- 0.1419, % updates: 48.853%
INFO:root:-- EPOCH 74 (1.905 seconds):
INFO:root:COST >> 1.737 +/- 0.1498, % updates: 48.845%
INFO:root:-- EPOCH 75 (1.918 seconds):
INFO:root:COST >> 1.736 +/- 0.1294, % updates: 48.862%
INFO:root:-- EPOCH 76 (1.896 seconds):
INFO:root:COST >> 1.7362 +/- 0.1403, % updates: 48.81%
INFO:root:-- EPOCH 77 (1.918 seconds):
INFO:root:COST >> 1.7414 +/- 0.139, % updates: 48.912%
INFO:root:-- EPOCH 78 (1.919 seconds):
INFO:root:COST >> 1.7378 +/- 0.1437, % updates: 48.87%
INFO:root:-- EPOCH 79 (1.472 seconds):
INFO:root:COST >> 1.7311 +/- 0.1372, % updates: 48.708%
INFO:root:-- EPOCH 80 (1.54 seconds):
INFO:root:COST >> 1.7332 +/- 0.1409, % updates: 48.989%
INFO:root:-- EPOCH 81 (1.478 seconds):
INFO:root:COST >> 1.7321 +/- 0.1395, % updates: 48.804%
INFO:root:-- EPOCH 82 (1.489 seconds):
INFO:root:COST >> 1.7294 +/- 0.1432, % updates: 48.857%
INFO:root:-- EPOCH 83 (1.517 seconds):
INFO:root:COST >> 1.732 +/- 0.1372, % updates: 48.864%
INFO:root:-- EPOCH 84 (1.493 seconds):
INFO:root:COST >> 1.7337 +/- 0.1353, % updates: 48.993%
INFO:root:-- EPOCH 85 (1.514 seconds):
INFO:root:COST >> 1.7321 +/- 0.1346, % updates: 48.9%
INFO:root:-- EPOCH 86 (1.506 seconds):
INFO:root:COST >> 1.7222 +/- 0.1373, % updates: 48.862%
INFO:root:-- EPOCH 87 (1.486 seconds):
INFO:root:COST >> 1.726 +/- 0.1373, % updates: 48.813%
INFO:root:-- EPOCH 88 (1.49 seconds):
INFO:root:COST >> 1.7307 +/- 0.1412, % updates: 48.88%
INFO:root:-- EPOCH 89 (1.522 seconds):
INFO:root:COST >> 1.7242 +/- 0.1358, % updates: 48.824%
INFO:root:-- EPOCH 90 (1.555 seconds):
INFO:root:COST >> 1.7263 +/- 0.1402, % updates: 48.954%
INFO:root:-- EPOCH 91 (1.497 seconds):
INFO:root:COST >> 1.72 +/- 0.1403, % updates: 48.89%
INFO:root:-- EPOCH 92 (1.503 seconds):
INFO:root:COST >> 1.7256 +/- 0.1362, % updates: 48.98%
INFO:root:-- EPOCH 93 (1.501 seconds):
INFO:root:COST >> 1.7235 +/- 0.1364, % updates: 48.916%
INFO:root:-- EPOCH 94 (1.479 seconds):
INFO:root:COST >> 1.727 +/- 0.1369, % updates: 48.958%
INFO:root:-- EPOCH 95 (1.48 seconds):
INFO:root:COST >> 1.7202 +/- 0.1471, % updates: 48.983%
INFO:root:-- EPOCH 96 (1.472 seconds):
INFO:root:COST >> 1.7141 +/- 0.1429, % updates: 48.84%
INFO:root:-- EPOCH 97 (1.483 seconds):
INFO:root:COST >> 1.7213 +/- 0.1392, % updates: 49.059%
INFO:root:-- EPOCH 98 (1.485 seconds):
INFO:root:COST >> 1.7101 +/- 0.1426, % updates: 48.857%
INFO:root:-- EPOCH 99 (1.479 seconds):
INFO:root:COST >> 1.7179 +/- 0.1334, % updates: 48.937%
INFO:root:-- EPOCH 100 (1.488 seconds):
INFO:root:COST >> 1.7136 +/- 0.1381, % updates: 48.811%
