INFO:root:Shape for training set: (40961, 141442)
INFO:root:State: {'ndim': '20', 'test_all': 'None', 'test_path': 'None', 'nhid': '50', 'lremb': '0.001', 'seed': '4', 'simfn': 'L1', 'valid_path': 'None', 'nbatches': '10', 'lrparam': '0.001', 'decay': '0.9999', 'show_hinton_diagrams': 'False', 'no_rescaling': 'True', 'Nrel': '18', 'ranking_score_right': 'False', 'Nent': '40961', 'Nsyn': '40943', 'method': 'MOMENTUM', 'loss_margin': '1.0', 'C': '1.0', 'epsilon': '1e-06', 'use_db': 'True', 'max_lr': 'None', 'l1_param_weight': 'None', 'filtered': 'False', 'name': 'wn_opt/wn_MOMENTUM_154', 'totepochs': '100', 'l2_param_weight': 'None', 'train_path': 'data/wn/WN-train.pkl', 'op': 'TransE'}
INFO:root:Starting the Experiment ..
INFO:root:-- EPOCH 1 (1.555 seconds):
INFO:root:COST >> 2.1275 +/- 0.0633, % updates: 76.987%
INFO:root:-- EPOCH 2 (1.499 seconds):
INFO:root:COST >> 1.763 +/- 0.0838, % updates: 64.543%
INFO:root:-- EPOCH 3 (1.5 seconds):
INFO:root:COST >> 1.5128 +/- 0.0262, % updates: 56.862%
INFO:root:-- EPOCH 4 (1.565 seconds):
INFO:root:COST >> 1.4108 +/- 0.0241, % updates: 52.474%
INFO:root:-- EPOCH 5 (1.487 seconds):
INFO:root:COST >> 1.3966 +/- 0.0184, % updates: 50.485%
INFO:root:-- EPOCH 6 (1.518 seconds):
INFO:root:COST >> 1.3862 +/- 0.0247, % updates: 49.302%
INFO:root:-- EPOCH 7 (1.512 seconds):
INFO:root:COST >> 1.3649 +/- 0.0141, % updates: 48.439%
INFO:root:-- EPOCH 8 (1.52 seconds):
INFO:root:COST >> 1.3532 +/- 0.0299, % updates: 48.263%
INFO:root:-- EPOCH 9 (1.506 seconds):
INFO:root:COST >> 1.3445 +/- 0.0151, % updates: 48.151%
INFO:root:-- EPOCH 10 (1.514 seconds):
INFO:root:COST >> 1.3369 +/- 0.0219, % updates: 47.845%
INFO:root:-- EPOCH 11 (1.53 seconds):
INFO:root:COST >> 1.3183 +/- 0.0144, % updates: 47.995%
INFO:root:-- EPOCH 12 (1.505 seconds):
INFO:root:COST >> 1.3076 +/- 0.0192, % updates: 48.184%
INFO:root:-- EPOCH 13 (1.552 seconds):
INFO:root:COST >> 1.292 +/- 0.0137, % updates: 48.042%
INFO:root:-- EPOCH 14 (1.529 seconds):
INFO:root:COST >> 1.2832 +/- 0.0199, % updates: 47.89%
INFO:root:-- EPOCH 15 (1.535 seconds):
INFO:root:COST >> 1.2776 +/- 0.0191, % updates: 48.104%
INFO:root:-- EPOCH 16 (1.527 seconds):
INFO:root:COST >> 1.2725 +/- 0.016, % updates: 48.037%
INFO:root:-- EPOCH 17 (1.506 seconds):
INFO:root:COST >> 1.2712 +/- 0.0207, % updates: 48.135%
INFO:root:-- EPOCH 18 (1.427 seconds):
INFO:root:COST >> 1.2745 +/- 0.0207, % updates: 48.434%
INFO:root:-- EPOCH 19 (1.139 seconds):
INFO:root:COST >> 1.2728 +/- 0.0187, % updates: 48.434%
INFO:root:-- EPOCH 20 (1.142 seconds):
INFO:root:COST >> 1.2771 +/- 0.0249, % updates: 48.458%
INFO:root:-- EPOCH 21 (1.146 seconds):
INFO:root:COST >> 1.278 +/- 0.0201, % updates: 48.457%
INFO:root:-- EPOCH 22 (1.188 seconds):
INFO:root:COST >> 1.2731 +/- 0.0174, % updates: 48.392%
INFO:root:-- EPOCH 23 (1.435 seconds):
INFO:root:COST >> 1.2724 +/- 0.0163, % updates: 48.462%
INFO:root:-- EPOCH 24 (1.484 seconds):
INFO:root:COST >> 1.2724 +/- 0.0239, % updates: 48.657%
INFO:root:-- EPOCH 25 (1.502 seconds):
INFO:root:COST >> 1.2716 +/- 0.0246, % updates: 48.368%
INFO:root:-- EPOCH 26 (1.511 seconds):
INFO:root:COST >> 1.2682 +/- 0.0185, % updates: 48.471%
INFO:root:-- EPOCH 27 (1.498 seconds):
INFO:root:COST >> 1.2695 +/- 0.0218, % updates: 48.465%
INFO:root:-- EPOCH 28 (1.5 seconds):
INFO:root:COST >> 1.2673 +/- 0.0173, % updates: 48.541%
INFO:root:-- EPOCH 29 (1.527 seconds):
INFO:root:COST >> 1.2682 +/- 0.0203, % updates: 48.547%
INFO:root:-- EPOCH 30 (1.545 seconds):
INFO:root:COST >> 1.2688 +/- 0.02, % updates: 48.704%
INFO:root:-- EPOCH 31 (1.521 seconds):
INFO:root:COST >> 1.2679 +/- 0.021, % updates: 48.51%
INFO:root:-- EPOCH 32 (1.543 seconds):
INFO:root:COST >> 1.2708 +/- 0.0232, % updates: 48.671%
INFO:root:-- EPOCH 33 (1.525 seconds):
INFO:root:COST >> 1.2673 +/- 0.0141, % updates: 48.618%
INFO:root:-- EPOCH 34 (1.518 seconds):
INFO:root:COST >> 1.27 +/- 0.02, % updates: 48.713%
INFO:root:-- EPOCH 35 (1.551 seconds):
INFO:root:COST >> 1.267 +/- 0.0236, % updates: 48.509%
INFO:root:-- EPOCH 36 (1.524 seconds):
INFO:root:COST >> 1.2673 +/- 0.0231, % updates: 48.594%
INFO:root:-- EPOCH 37 (1.523 seconds):
INFO:root:COST >> 1.2694 +/- 0.0181, % updates: 48.734%
INFO:root:-- EPOCH 38 (1.494 seconds):
INFO:root:COST >> 1.274 +/- 0.0229, % updates: 48.721%
INFO:root:-- EPOCH 39 (1.513 seconds):
INFO:root:COST >> 1.2684 +/- 0.0215, % updates: 48.732%
INFO:root:-- EPOCH 40 (1.495 seconds):
INFO:root:COST >> 1.2726 +/- 0.0201, % updates: 48.839%
INFO:root:-- EPOCH 41 (1.484 seconds):
INFO:root:COST >> 1.277 +/- 0.0183, % updates: 48.761%
INFO:root:-- EPOCH 42 (1.498 seconds):
INFO:root:COST >> 1.2769 +/- 0.0203, % updates: 48.727%
INFO:root:-- EPOCH 43 (1.501 seconds):
INFO:root:COST >> 1.2702 +/- 0.0155, % updates: 48.596%
INFO:root:-- EPOCH 44 (1.479 seconds):
INFO:root:COST >> 1.2668 +/- 0.0219, % updates: 48.572%
INFO:root:-- EPOCH 45 (1.517 seconds):
INFO:root:COST >> 1.2739 +/- 0.0233, % updates: 48.657%
INFO:root:-- EPOCH 46 (1.492 seconds):
INFO:root:COST >> 1.2701 +/- 0.0275, % updates: 48.614%
INFO:root:-- EPOCH 47 (1.514 seconds):
INFO:root:COST >> 1.2717 +/- 0.0223, % updates: 48.553%
INFO:root:-- EPOCH 48 (1.492 seconds):
INFO:root:COST >> 1.2724 +/- 0.0204, % updates: 48.569%
INFO:root:-- EPOCH 49 (1.532 seconds):
INFO:root:COST >> 1.2756 +/- 0.0187, % updates: 48.57%
INFO:root:-- EPOCH 50 (1.532 seconds):
INFO:root:COST >> 1.276 +/- 0.0186, % updates: 48.707%
INFO:root:-- EPOCH 51 (1.499 seconds):
INFO:root:COST >> 1.277 +/- 0.0239, % updates: 48.546%
INFO:root:-- EPOCH 52 (1.488 seconds):
INFO:root:COST >> 1.274 +/- 0.0184, % updates: 48.592%
INFO:root:-- EPOCH 53 (1.497 seconds):
INFO:root:COST >> 1.2793 +/- 0.0244, % updates: 48.639%
INFO:root:-- EPOCH 54 (1.482 seconds):
INFO:root:COST >> 1.2769 +/- 0.0249, % updates: 48.653%
INFO:root:-- EPOCH 55 (1.511 seconds):
INFO:root:COST >> 1.2737 +/- 0.0228, % updates: 48.573%
INFO:root:-- EPOCH 56 (1.513 seconds):
INFO:root:COST >> 1.2786 +/- 0.0235, % updates: 48.73%
INFO:root:-- EPOCH 57 (1.488 seconds):
INFO:root:COST >> 1.2735 +/- 0.0169, % updates: 48.489%
INFO:root:-- EPOCH 58 (1.511 seconds):
INFO:root:COST >> 1.2772 +/- 0.0198, % updates: 48.721%
INFO:root:-- EPOCH 59 (1.478 seconds):
INFO:root:COST >> 1.2788 +/- 0.0176, % updates: 48.755%
INFO:root:-- EPOCH 60 (1.518 seconds):
INFO:root:COST >> 1.2803 +/- 0.0235, % updates: 48.865%
INFO:root:-- EPOCH 61 (1.504 seconds):
INFO:root:COST >> 1.2772 +/- 0.0201, % updates: 48.731%
INFO:root:-- EPOCH 62 (1.483 seconds):
INFO:root:COST >> 1.2811 +/- 0.0205, % updates: 48.676%
INFO:root:-- EPOCH 63 (1.515 seconds):
INFO:root:COST >> 1.2788 +/- 0.0162, % updates: 48.702%
INFO:root:-- EPOCH 64 (1.509 seconds):
INFO:root:COST >> 1.2781 +/- 0.0168, % updates: 48.496%
INFO:root:-- EPOCH 65 (1.532 seconds):
INFO:root:COST >> 1.2836 +/- 0.0254, % updates: 48.757%
INFO:root:-- EPOCH 66 (1.502 seconds):
INFO:root:COST >> 1.2842 +/- 0.0216, % updates: 48.747%
INFO:root:-- EPOCH 67 (1.529 seconds):
INFO:root:COST >> 1.2808 +/- 0.0235, % updates: 48.666%
INFO:root:-- EPOCH 68 (1.515 seconds):
INFO:root:COST >> 1.2773 +/- 0.0165, % updates: 48.625%
INFO:root:-- EPOCH 69 (1.497 seconds):
INFO:root:COST >> 1.2782 +/- 0.0185, % updates: 48.585%
INFO:root:-- EPOCH 70 (1.506 seconds):
INFO:root:COST >> 1.2795 +/- 0.0108, % updates: 48.644%
INFO:root:-- EPOCH 71 (1.52 seconds):
INFO:root:COST >> 1.2759 +/- 0.0264, % updates: 48.521%
INFO:root:-- EPOCH 72 (1.52 seconds):
INFO:root:COST >> 1.2784 +/- 0.0185, % updates: 48.488%
INFO:root:-- EPOCH 73 (1.506 seconds):
INFO:root:COST >> 1.2789 +/- 0.0236, % updates: 48.597%
INFO:root:-- EPOCH 74 (1.498 seconds):
INFO:root:COST >> 1.2781 +/- 0.0268, % updates: 48.558%
INFO:root:-- EPOCH 75 (1.512 seconds):
INFO:root:COST >> 1.2782 +/- 0.0163, % updates: 48.448%
INFO:root:-- EPOCH 76 (1.502 seconds):
INFO:root:COST >> 1.2803 +/- 0.0177, % updates: 48.552%
INFO:root:-- EPOCH 77 (1.537 seconds):
INFO:root:COST >> 1.2819 +/- 0.0172, % updates: 48.629%
INFO:root:-- EPOCH 78 (1.524 seconds):
INFO:root:COST >> 1.2822 +/- 0.0222, % updates: 48.696%
INFO:root:-- EPOCH 79 (1.51 seconds):
INFO:root:COST >> 1.2827 +/- 0.0186, % updates: 48.714%
INFO:root:-- EPOCH 80 (1.476 seconds):
INFO:root:COST >> 1.2839 +/- 0.0218, % updates: 48.662%
INFO:root:-- EPOCH 81 (1.495 seconds):
INFO:root:COST >> 1.2855 +/- 0.0151, % updates: 48.601%
INFO:root:-- EPOCH 82 (1.503 seconds):
INFO:root:COST >> 1.2865 +/- 0.0226, % updates: 48.555%
INFO:root:-- EPOCH 83 (1.485 seconds):
INFO:root:COST >> 1.2846 +/- 0.0212, % updates: 48.569%
INFO:root:-- EPOCH 84 (1.49 seconds):
INFO:root:COST >> 1.2837 +/- 0.0212, % updates: 48.524%
INFO:root:-- EPOCH 85 (1.495 seconds):
INFO:root:COST >> 1.2875 +/- 0.0176, % updates: 48.586%
INFO:root:-- EPOCH 86 (1.51 seconds):
INFO:root:COST >> 1.2826 +/- 0.0194, % updates: 48.518%
INFO:root:-- EPOCH 87 (1.5 seconds):
INFO:root:COST >> 1.2881 +/- 0.0174, % updates: 48.584%
INFO:root:-- EPOCH 88 (1.52 seconds):
INFO:root:COST >> 1.2864 +/- 0.0242, % updates: 48.628%
INFO:root:-- EPOCH 89 (1.512 seconds):
INFO:root:COST >> 1.2884 +/- 0.0182, % updates: 48.476%
INFO:root:-- EPOCH 90 (1.483 seconds):
INFO:root:COST >> 1.2867 +/- 0.0191, % updates: 48.649%
INFO:root:-- EPOCH 91 (1.529 seconds):
INFO:root:COST >> 1.2856 +/- 0.0214, % updates: 48.659%
INFO:root:-- EPOCH 92 (1.502 seconds):
INFO:root:COST >> 1.2863 +/- 0.0173, % updates: 48.657%
INFO:root:-- EPOCH 93 (1.507 seconds):
INFO:root:COST >> 1.2883 +/- 0.0228, % updates: 48.694%
INFO:root:-- EPOCH 94 (1.488 seconds):
INFO:root:COST >> 1.2894 +/- 0.0184, % updates: 48.612%
INFO:root:-- EPOCH 95 (1.505 seconds):
INFO:root:COST >> 1.2919 +/- 0.0255, % updates: 48.6%
INFO:root:-- EPOCH 96 (1.522 seconds):
INFO:root:COST >> 1.2859 +/- 0.019, % updates: 48.581%
INFO:root:-- EPOCH 97 (1.502 seconds):
INFO:root:COST >> 1.2888 +/- 0.0176, % updates: 48.614%
INFO:root:-- EPOCH 98 (1.493 seconds):
INFO:root:COST >> 1.2828 +/- 0.0277, % updates: 48.387%
INFO:root:-- EPOCH 99 (1.517 seconds):
INFO:root:COST >> 1.285 +/- 0.0162, % updates: 48.649%
INFO:root:-- EPOCH 100 (1.494 seconds):
INFO:root:COST >> 1.2862 +/- 0.0229, % updates: 48.546%
