INFO:root:Shape for training set: (40961, 141442)
INFO:root:State: {'ndim': '20', 'test_all': 'None', 'test_path': 'None', 'nhid': '50', 'lremb': '1e-06', 'seed': '9', 'simfn': 'L1', 'valid_path': 'None', 'nbatches': '10', 'lrparam': '1e-06', 'decay': '0.9', 'show_hinton_diagrams': 'False', 'no_rescaling': 'True', 'Nrel': '18', 'ranking_score_right': 'False', 'Nent': '40961', 'Nsyn': '40943', 'method': 'MOMENTUM', 'loss_margin': '1.0', 'C': '1.0', 'epsilon': '1e-06', 'use_db': 'True', 'max_lr': 'None', 'l1_param_weight': 'None', 'filtered': 'False', 'name': 'wn_opt/wn_MOMENTUM_39', 'totepochs': '100', 'l2_param_weight': 'None', 'train_path': 'data/wn/WN-train.pkl', 'op': 'TransE'}
INFO:root:Starting the Experiment ..
INFO:root:-- EPOCH 1 (1.785 seconds):
INFO:root:COST >> 2.2052 +/- 0.0115, % updates: 81.427%
INFO:root:-- EPOCH 2 (1.964 seconds):
INFO:root:COST >> 2.2067 +/- 0.012, % updates: 81.482%
INFO:root:-- EPOCH 3 (1.86 seconds):
INFO:root:COST >> 2.2022 +/- 0.0104, % updates: 81.513%
INFO:root:-- EPOCH 4 (1.807 seconds):
INFO:root:COST >> 2.1946 +/- 0.0125, % updates: 81.515%
INFO:root:-- EPOCH 5 (1.939 seconds):
INFO:root:COST >> 2.1952 +/- 0.0117, % updates: 81.62%
INFO:root:-- EPOCH 6 (1.714 seconds):
INFO:root:COST >> 2.1895 +/- 0.0108, % updates: 81.614%
INFO:root:-- EPOCH 7 (1.777 seconds):
INFO:root:COST >> 2.1796 +/- 0.0122, % updates: 81.446%
INFO:root:-- EPOCH 8 (1.735 seconds):
INFO:root:COST >> 2.1792 +/- 0.0094, % updates: 81.56%
INFO:root:-- EPOCH 9 (1.695 seconds):
INFO:root:COST >> 2.1779 +/- 0.0079, % updates: 81.61%
INFO:root:-- EPOCH 10 (1.749 seconds):
INFO:root:COST >> 2.1747 +/- 0.0124, % updates: 81.716%
INFO:root:-- EPOCH 11 (1.806 seconds):
INFO:root:COST >> 2.17 +/- 0.0087, % updates: 81.612%
INFO:root:-- EPOCH 12 (1.87 seconds):
INFO:root:COST >> 2.169 +/- 0.0097, % updates: 81.719%
INFO:root:-- EPOCH 13 (1.805 seconds):
INFO:root:COST >> 2.165 +/- 0.017, % updates: 81.648%
INFO:root:-- EPOCH 14 (2.058 seconds):
INFO:root:COST >> 2.1622 +/- 0.019, % updates: 81.584%
INFO:root:-- EPOCH 15 (1.979 seconds):
INFO:root:COST >> 2.1566 +/- 0.0102, % updates: 81.707%
INFO:root:-- EPOCH 16 (1.911 seconds):
INFO:root:COST >> 2.1575 +/- 0.0115, % updates: 81.699%
INFO:root:-- EPOCH 17 (1.846 seconds):
INFO:root:COST >> 2.1569 +/- 0.0089, % updates: 81.748%
INFO:root:-- EPOCH 18 (1.785 seconds):
INFO:root:COST >> 2.1501 +/- 0.0118, % updates: 81.602%
INFO:root:-- EPOCH 19 (1.777 seconds):
INFO:root:COST >> 2.1463 +/- 0.0132, % updates: 81.46%
INFO:root:-- EPOCH 20 (1.944 seconds):
INFO:root:COST >> 2.1426 +/- 0.0094, % updates: 81.559%
INFO:root:-- EPOCH 21 (2.129 seconds):
INFO:root:COST >> 2.145 +/- 0.0117, % updates: 81.6%
INFO:root:-- EPOCH 22 (1.971 seconds):
INFO:root:COST >> 2.1375 +/- 0.0085, % updates: 81.472%
INFO:root:-- EPOCH 23 (1.804 seconds):
INFO:root:COST >> 2.1365 +/- 0.0103, % updates: 81.537%
INFO:root:-- EPOCH 24 (1.823 seconds):
INFO:root:COST >> 2.1391 +/- 0.0093, % updates: 81.489%
INFO:root:-- EPOCH 25 (1.71 seconds):
INFO:root:COST >> 2.1356 +/- 0.0087, % updates: 81.589%
INFO:root:-- EPOCH 26 (1.677 seconds):
INFO:root:COST >> 2.1316 +/- 0.0096, % updates: 81.416%
INFO:root:-- EPOCH 27 (1.749 seconds):
INFO:root:COST >> 2.1292 +/- 0.0102, % updates: 81.558%
INFO:root:-- EPOCH 28 (1.89 seconds):
INFO:root:COST >> 2.1265 +/- 0.0136, % updates: 81.325%
INFO:root:-- EPOCH 29 (1.898 seconds):
INFO:root:COST >> 2.1252 +/- 0.0109, % updates: 81.357%
INFO:root:-- EPOCH 30 (1.795 seconds):
INFO:root:COST >> 2.1209 +/- 0.0128, % updates: 81.332%
INFO:root:-- EPOCH 31 (1.916 seconds):
INFO:root:COST >> 2.1148 +/- 0.0141, % updates: 81.267%
INFO:root:-- EPOCH 32 (2.031 seconds):
INFO:root:COST >> 2.1187 +/- 0.012, % updates: 81.226%
INFO:root:-- EPOCH 33 (1.828 seconds):
INFO:root:COST >> 2.1125 +/- 0.0084, % updates: 81.178%
INFO:root:-- EPOCH 34 (1.964 seconds):
INFO:root:COST >> 2.111 +/- 0.0189, % updates: 81.181%
INFO:root:-- EPOCH 35 (1.88 seconds):
INFO:root:COST >> 2.1098 +/- 0.0098, % updates: 81.213%
INFO:root:-- EPOCH 36 (1.866 seconds):
INFO:root:COST >> 2.108 +/- 0.0163, % updates: 81.029%
INFO:root:-- EPOCH 37 (1.814 seconds):
INFO:root:COST >> 2.1044 +/- 0.0125, % updates: 81.062%
INFO:root:-- EPOCH 38 (1.783 seconds):
INFO:root:COST >> 2.1099 +/- 0.0093, % updates: 81.137%
INFO:root:-- EPOCH 39 (1.789 seconds):
INFO:root:COST >> 2.1045 +/- 0.0049, % updates: 81.049%
INFO:root:-- EPOCH 40 (1.866 seconds):
INFO:root:COST >> 2.0986 +/- 0.0132, % updates: 80.993%
INFO:root:-- EPOCH 41 (1.698 seconds):
INFO:root:COST >> 2.0949 +/- 0.0145, % updates: 80.885%
INFO:root:-- EPOCH 42 (1.774 seconds):
INFO:root:COST >> 2.0954 +/- 0.0098, % updates: 80.87%
INFO:root:-- EPOCH 43 (1.84 seconds):
INFO:root:COST >> 2.0927 +/- 0.0171, % updates: 80.769%
INFO:root:-- EPOCH 44 (1.85 seconds):
INFO:root:COST >> 2.0885 +/- 0.0079, % updates: 80.705%
INFO:root:-- EPOCH 45 (1.923 seconds):
INFO:root:COST >> 2.0877 +/- 0.0148, % updates: 80.824%
INFO:root:-- EPOCH 46 (1.846 seconds):
INFO:root:COST >> 2.0859 +/- 0.0117, % updates: 80.757%
INFO:root:-- EPOCH 47 (1.766 seconds):
INFO:root:COST >> 2.0896 +/- 0.0131, % updates: 80.849%
INFO:root:-- EPOCH 48 (1.912 seconds):
INFO:root:COST >> 2.0855 +/- 0.0117, % updates: 80.679%
INFO:root:-- EPOCH 49 (1.79 seconds):
INFO:root:COST >> 2.0793 +/- 0.0126, % updates: 80.612%
INFO:root:-- EPOCH 50 (1.726 seconds):
INFO:root:COST >> 2.0737 +/- 0.0097, % updates: 80.56%
INFO:root:-- EPOCH 51 (1.824 seconds):
INFO:root:COST >> 2.0782 +/- 0.0065, % updates: 80.549%
INFO:root:-- EPOCH 52 (2.335 seconds):
INFO:root:COST >> 2.0773 +/- 0.0112, % updates: 80.528%
INFO:root:-- EPOCH 53 (1.898 seconds):
INFO:root:COST >> 2.0771 +/- 0.0104, % updates: 80.664%
INFO:root:-- EPOCH 54 (1.772 seconds):
INFO:root:COST >> 2.0728 +/- 0.0095, % updates: 80.5%
INFO:root:-- EPOCH 55 (1.853 seconds):
INFO:root:COST >> 2.0744 +/- 0.0123, % updates: 80.558%
INFO:root:-- EPOCH 56 (1.848 seconds):
INFO:root:COST >> 2.0655 +/- 0.0094, % updates: 80.382%
INFO:root:-- EPOCH 57 (1.865 seconds):
INFO:root:COST >> 2.0649 +/- 0.0109, % updates: 80.389%
INFO:root:-- EPOCH 58 (1.871 seconds):
INFO:root:COST >> 2.0647 +/- 0.0129, % updates: 80.4%
INFO:root:-- EPOCH 59 (1.919 seconds):
INFO:root:COST >> 2.058 +/- 0.0074, % updates: 80.313%
INFO:root:-- EPOCH 60 (1.824 seconds):
INFO:root:COST >> 2.0602 +/- 0.0139, % updates: 80.229%
INFO:root:-- EPOCH 61 (1.794 seconds):
INFO:root:COST >> 2.0527 +/- 0.0135, % updates: 80.141%
INFO:root:-- EPOCH 62 (1.813 seconds):
INFO:root:COST >> 2.0572 +/- 0.0129, % updates: 80.196%
INFO:root:-- EPOCH 63 (1.987 seconds):
INFO:root:COST >> 2.0525 +/- 0.0111, % updates: 80.259%
INFO:root:-- EPOCH 64 (1.814 seconds):
INFO:root:COST >> 2.0559 +/- 0.0103, % updates: 80.239%
INFO:root:-- EPOCH 65 (1.937 seconds):
INFO:root:COST >> 2.0461 +/- 0.0134, % updates: 80.099%
INFO:root:-- EPOCH 66 (1.851 seconds):
INFO:root:COST >> 2.0478 +/- 0.0122, % updates: 80.012%
INFO:root:-- EPOCH 67 (1.803 seconds):
INFO:root:COST >> 2.0467 +/- 0.0131, % updates: 79.961%
INFO:root:-- EPOCH 68 (1.824 seconds):
INFO:root:COST >> 2.0468 +/- 0.0144, % updates: 80.029%
INFO:root:-- EPOCH 69 (1.906 seconds):
INFO:root:COST >> 2.0437 +/- 0.009, % updates: 79.869%
INFO:root:-- EPOCH 70 (1.862 seconds):
INFO:root:COST >> 2.0407 +/- 0.0133, % updates: 79.831%
INFO:root:-- EPOCH 71 (1.779 seconds):
INFO:root:COST >> 2.041 +/- 0.0125, % updates: 79.903%
INFO:root:-- EPOCH 72 (1.885 seconds):
INFO:root:COST >> 2.0379 +/- 0.0131, % updates: 79.901%
INFO:root:-- EPOCH 73 (1.829 seconds):
INFO:root:COST >> 2.0345 +/- 0.013, % updates: 79.788%
INFO:root:-- EPOCH 74 (1.8 seconds):
INFO:root:COST >> 2.0353 +/- 0.0107, % updates: 79.729%
INFO:root:-- EPOCH 75 (1.912 seconds):
INFO:root:COST >> 2.034 +/- 0.0082, % updates: 79.782%
INFO:root:-- EPOCH 76 (1.878 seconds):
INFO:root:COST >> 2.0286 +/- 0.0146, % updates: 79.668%
INFO:root:-- EPOCH 77 (1.885 seconds):
INFO:root:COST >> 2.031 +/- 0.0148, % updates: 79.695%
INFO:root:-- EPOCH 78 (1.896 seconds):
INFO:root:COST >> 2.0267 +/- 0.0079, % updates: 79.736%
INFO:root:-- EPOCH 79 (2.045 seconds):
INFO:root:COST >> 2.0256 +/- 0.0117, % updates: 79.67%
INFO:root:-- EPOCH 80 (2.007 seconds):
INFO:root:COST >> 2.0205 +/- 0.0118, % updates: 79.621%
INFO:root:-- EPOCH 81 (1.969 seconds):
INFO:root:COST >> 2.0184 +/- 0.0115, % updates: 79.58%
INFO:root:-- EPOCH 82 (1.971 seconds):
INFO:root:COST >> 2.0161 +/- 0.0098, % updates: 79.447%
INFO:root:-- EPOCH 83 (1.759 seconds):
INFO:root:COST >> 2.0204 +/- 0.0133, % updates: 79.45%
INFO:root:-- EPOCH 84 (1.822 seconds):
INFO:root:COST >> 2.0189 +/- 0.0118, % updates: 79.555%
INFO:root:-- EPOCH 85 (1.789 seconds):
INFO:root:COST >> 2.0145 +/- 0.0107, % updates: 79.422%
INFO:root:-- EPOCH 86 (1.732 seconds):
INFO:root:COST >> 2.0145 +/- 0.0156, % updates: 79.453%
INFO:root:-- EPOCH 87 (1.748 seconds):
INFO:root:COST >> 2.0091 +/- 0.0098, % updates: 79.287%
INFO:root:-- EPOCH 88 (1.783 seconds):
INFO:root:COST >> 2.0112 +/- 0.0162, % updates: 79.333%
INFO:root:-- EPOCH 89 (1.671 seconds):
INFO:root:COST >> 2.007 +/- 0.0095, % updates: 79.343%
INFO:root:-- EPOCH 90 (1.704 seconds):
INFO:root:COST >> 2.0026 +/- 0.0129, % updates: 79.175%
INFO:root:-- EPOCH 91 (1.824 seconds):
INFO:root:COST >> 2.0032 +/- 0.0087, % updates: 79.183%
INFO:root:-- EPOCH 92 (1.759 seconds):
INFO:root:COST >> 2.002 +/- 0.0111, % updates: 79.186%
INFO:root:-- EPOCH 93 (1.777 seconds):
INFO:root:COST >> 1.9949 +/- 0.0092, % updates: 79.177%
INFO:root:-- EPOCH 94 (1.817 seconds):
INFO:root:COST >> 1.9986 +/- 0.0125, % updates: 79.124%
INFO:root:-- EPOCH 95 (1.756 seconds):
INFO:root:COST >> 1.9992 +/- 0.0159, % updates: 79.053%
INFO:root:-- EPOCH 96 (1.768 seconds):
INFO:root:COST >> 1.9973 +/- 0.0045, % updates: 79.134%
INFO:root:-- EPOCH 97 (1.635 seconds):
INFO:root:COST >> 1.9891 +/- 0.0124, % updates: 78.903%
INFO:root:-- EPOCH 98 (1.704 seconds):
INFO:root:COST >> 1.9925 +/- 0.0129, % updates: 79.066%
INFO:root:-- EPOCH 99 (1.677 seconds):
INFO:root:COST >> 1.9894 +/- 0.0068, % updates: 79.071%
INFO:root:-- EPOCH 100 (1.598 seconds):
INFO:root:COST >> 1.9857 +/- 0.0136, % updates: 78.95%
