INFO:root:Shape for training set: (40961, 141442)
INFO:root:State: {'ndim': '20', 'test_all': 'None', 'test_path': 'None', 'nhid': '50', 'lremb': '10.0', 'seed': '7', 'simfn': 'L1', 'valid_path': 'None', 'nbatches': '10', 'lrparam': '10.0', 'decay': '0.5', 'show_hinton_diagrams': 'False', 'no_rescaling': 'True', 'Nrel': '18', 'ranking_score_right': 'False', 'Nent': '40961', 'Nsyn': '40943', 'method': 'MOMENTUM', 'loss_margin': '1.0', 'C': '1.0', 'epsilon': '1e-06', 'use_db': 'True', 'max_lr': 'None', 'l1_param_weight': 'None', 'filtered': 'False', 'name': 'wn_opt/wn_MOMENTUM_397', 'totepochs': '100', 'l2_param_weight': 'None', 'train_path': 'data/wn/WN-train.pkl', 'op': 'TransE'}
INFO:root:Starting the Experiment ..
INFO:root:-- EPOCH 1 (1.905 seconds):
INFO:root:COST >> 3.0825 +/- 0.4041, % updates: 63.845%
INFO:root:-- EPOCH 2 (1.74 seconds):
INFO:root:COST >> 3.308 +/- 0.1993, % updates: 57.995%
INFO:root:-- EPOCH 3 (1.51 seconds):
INFO:root:COST >> 3.3118 +/- 0.1922, % updates: 58.119%
INFO:root:-- EPOCH 4 (1.473 seconds):
INFO:root:COST >> 3.3207 +/- 0.1813, % updates: 58.159%
INFO:root:-- EPOCH 5 (1.5 seconds):
INFO:root:COST >> 3.3116 +/- 0.2016, % updates: 58.039%
INFO:root:-- EPOCH 6 (1.486 seconds):
INFO:root:COST >> 3.3143 +/- 0.1994, % updates: 58.148%
INFO:root:-- EPOCH 7 (1.488 seconds):
INFO:root:COST >> 3.3086 +/- 0.2045, % updates: 58.221%
INFO:root:-- EPOCH 8 (1.485 seconds):
INFO:root:COST >> 3.2937 +/- 0.1884, % updates: 57.961%
INFO:root:-- EPOCH 9 (1.473 seconds):
INFO:root:COST >> 3.3119 +/- 0.2018, % updates: 58.026%
INFO:root:-- EPOCH 10 (1.491 seconds):
INFO:root:COST >> 3.3135 +/- 0.1821, % updates: 58.166%
INFO:root:-- EPOCH 11 (1.509 seconds):
INFO:root:COST >> 3.3164 +/- 0.198, % updates: 57.994%
INFO:root:-- EPOCH 12 (1.506 seconds):
INFO:root:COST >> 3.3159 +/- 0.198, % updates: 58.16%
INFO:root:-- EPOCH 13 (1.478 seconds):
INFO:root:COST >> 3.3051 +/- 0.1853, % updates: 58.102%
INFO:root:-- EPOCH 14 (1.48 seconds):
INFO:root:COST >> 3.3101 +/- 0.1962, % updates: 58.128%
INFO:root:-- EPOCH 15 (1.546 seconds):
INFO:root:COST >> 3.318 +/- 0.206, % updates: 58.152%
INFO:root:-- EPOCH 16 (1.499 seconds):
INFO:root:COST >> 3.307 +/- 0.2125, % updates: 57.943%
INFO:root:-- EPOCH 17 (1.528 seconds):
INFO:root:COST >> 3.3083 +/- 0.1979, % updates: 57.966%
INFO:root:-- EPOCH 18 (1.477 seconds):
INFO:root:COST >> 3.3119 +/- 0.2023, % updates: 58.202%
INFO:root:-- EPOCH 19 (1.526 seconds):
INFO:root:COST >> 3.3022 +/- 0.1937, % updates: 58.009%
INFO:root:-- EPOCH 20 (1.483 seconds):
INFO:root:COST >> 3.3215 +/- 0.1983, % updates: 58.123%
INFO:root:-- EPOCH 21 (1.486 seconds):
INFO:root:COST >> 3.3036 +/- 0.1904, % updates: 57.999%
INFO:root:-- EPOCH 22 (1.474 seconds):
INFO:root:COST >> 3.3185 +/- 0.2018, % updates: 58.159%
INFO:root:-- EPOCH 23 (1.471 seconds):
INFO:root:COST >> 3.323 +/- 0.2078, % updates: 58.114%
INFO:root:-- EPOCH 24 (1.478 seconds):
INFO:root:COST >> 3.3016 +/- 0.2037, % updates: 58.117%
INFO:root:-- EPOCH 25 (1.509 seconds):
INFO:root:COST >> 3.3029 +/- 0.1863, % updates: 58.0%
INFO:root:-- EPOCH 26 (1.519 seconds):
INFO:root:COST >> 3.3145 +/- 0.1899, % updates: 58.252%
INFO:root:-- EPOCH 27 (1.537 seconds):
INFO:root:COST >> 3.3075 +/- 0.1869, % updates: 58.087%
INFO:root:-- EPOCH 28 (1.473 seconds):
INFO:root:COST >> 3.3105 +/- 0.2011, % updates: 58.011%
INFO:root:-- EPOCH 29 (1.518 seconds):
INFO:root:COST >> 3.3256 +/- 0.2051, % updates: 58.22%
INFO:root:-- EPOCH 30 (1.468 seconds):
INFO:root:COST >> 3.3177 +/- 0.2026, % updates: 58.073%
INFO:root:-- EPOCH 31 (1.5 seconds):
INFO:root:COST >> 3.307 +/- 0.2022, % updates: 58.063%
INFO:root:-- EPOCH 32 (1.504 seconds):
INFO:root:COST >> 3.3086 +/- 0.1742, % updates: 58.05%
INFO:root:-- EPOCH 33 (1.487 seconds):
INFO:root:COST >> 3.3097 +/- 0.1863, % updates: 58.171%
INFO:root:-- EPOCH 34 (1.471 seconds):
INFO:root:COST >> 3.3078 +/- 0.1938, % updates: 57.977%
INFO:root:-- EPOCH 35 (1.478 seconds):
INFO:root:COST >> 3.3224 +/- 0.1918, % updates: 58.14%
INFO:root:-- EPOCH 36 (1.471 seconds):
INFO:root:COST >> 3.3077 +/- 0.2049, % updates: 58.296%
INFO:root:-- EPOCH 37 (1.472 seconds):
INFO:root:COST >> 3.3213 +/- 0.2078, % updates: 58.178%
INFO:root:-- EPOCH 38 (1.479 seconds):
INFO:root:COST >> 3.3129 +/- 0.1811, % updates: 58.025%
INFO:root:-- EPOCH 39 (1.489 seconds):
INFO:root:COST >> 3.3093 +/- 0.2002, % updates: 58.122%
INFO:root:-- EPOCH 40 (1.481 seconds):
INFO:root:COST >> 3.308 +/- 0.1854, % updates: 58.128%
INFO:root:-- EPOCH 41 (1.473 seconds):
INFO:root:COST >> 3.3205 +/- 0.1979, % updates: 58.214%
INFO:root:-- EPOCH 42 (1.47 seconds):
INFO:root:COST >> 3.3125 +/- 0.194, % updates: 58.111%
INFO:root:-- EPOCH 43 (1.476 seconds):
INFO:root:COST >> 3.311 +/- 0.208, % updates: 58.165%
INFO:root:-- EPOCH 44 (1.458 seconds):
INFO:root:COST >> 3.3112 +/- 0.1825, % updates: 58.045%
INFO:root:-- EPOCH 45 (1.475 seconds):
INFO:root:COST >> 3.3105 +/- 0.1962, % updates: 58.046%
INFO:root:-- EPOCH 46 (1.446 seconds):
INFO:root:COST >> 3.3195 +/- 0.1862, % updates: 58.193%
INFO:root:-- EPOCH 47 (1.502 seconds):
INFO:root:COST >> 3.3202 +/- 0.2158, % updates: 58.185%
INFO:root:-- EPOCH 48 (1.492 seconds):
INFO:root:COST >> 3.3053 +/- 0.192, % updates: 58.167%
INFO:root:-- EPOCH 49 (1.507 seconds):
INFO:root:COST >> 3.3087 +/- 0.2068, % updates: 58.078%
INFO:root:-- EPOCH 50 (1.505 seconds):
INFO:root:COST >> 3.3068 +/- 0.2112, % updates: 58.158%
INFO:root:-- EPOCH 51 (1.486 seconds):
INFO:root:COST >> 3.3084 +/- 0.1851, % updates: 58.105%
INFO:root:-- EPOCH 52 (1.485 seconds):
INFO:root:COST >> 3.3154 +/- 0.1857, % updates: 58.274%
INFO:root:-- EPOCH 53 (1.54 seconds):
INFO:root:COST >> 3.3122 +/- 0.1995, % updates: 58.198%
INFO:root:-- EPOCH 54 (1.507 seconds):
INFO:root:COST >> 3.3099 +/- 0.2078, % updates: 58.127%
INFO:root:-- EPOCH 55 (1.457 seconds):
INFO:root:COST >> 3.3142 +/- 0.1942, % updates: 58.012%
INFO:root:-- EPOCH 56 (1.474 seconds):
INFO:root:COST >> 3.3018 +/- 0.1808, % updates: 58.129%
INFO:root:-- EPOCH 57 (1.482 seconds):
INFO:root:COST >> 3.311 +/- 0.1987, % updates: 58.131%
INFO:root:-- EPOCH 58 (1.481 seconds):
INFO:root:COST >> 3.319 +/- 0.1867, % updates: 58.189%
INFO:root:-- EPOCH 59 (1.505 seconds):
INFO:root:COST >> 3.3087 +/- 0.2098, % updates: 57.933%
INFO:root:-- EPOCH 60 (1.47 seconds):
INFO:root:COST >> 3.312 +/- 0.1857, % updates: 58.149%
INFO:root:-- EPOCH 61 (1.463 seconds):
INFO:root:COST >> 3.3118 +/- 0.1955, % updates: 58.216%
INFO:root:-- EPOCH 62 (1.464 seconds):
INFO:root:COST >> 3.3017 +/- 0.2008, % updates: 58.032%
INFO:root:-- EPOCH 63 (1.453 seconds):
INFO:root:COST >> 3.2946 +/- 0.1926, % updates: 57.963%
INFO:root:-- EPOCH 64 (1.508 seconds):
INFO:root:COST >> 3.3039 +/- 0.1765, % updates: 58.05%
INFO:root:-- EPOCH 65 (1.49 seconds):
INFO:root:COST >> 3.3071 +/- 0.1939, % updates: 58.055%
INFO:root:-- EPOCH 66 (1.473 seconds):
INFO:root:COST >> 3.3083 +/- 0.2005, % updates: 58.113%
INFO:root:-- EPOCH 67 (1.474 seconds):
INFO:root:COST >> 3.2925 +/- 0.1908, % updates: 57.941%
INFO:root:-- EPOCH 68 (1.511 seconds):
INFO:root:COST >> 3.3076 +/- 0.1811, % updates: 58.049%
INFO:root:-- EPOCH 69 (1.47 seconds):
INFO:root:COST >> 3.3013 +/- 0.1848, % updates: 58.155%
INFO:root:-- EPOCH 70 (1.463 seconds):
INFO:root:COST >> 3.3191 +/- 0.1875, % updates: 58.112%
INFO:root:-- EPOCH 71 (1.461 seconds):
INFO:root:COST >> 3.3101 +/- 0.1982, % updates: 58.06%
INFO:root:-- EPOCH 72 (1.467 seconds):
INFO:root:COST >> 3.3233 +/- 0.1963, % updates: 58.207%
INFO:root:-- EPOCH 73 (1.517 seconds):
INFO:root:COST >> 3.3122 +/- 0.1768, % updates: 58.087%
INFO:root:-- EPOCH 74 (1.487 seconds):
INFO:root:COST >> 3.304 +/- 0.1871, % updates: 58.002%
INFO:root:-- EPOCH 75 (1.468 seconds):
INFO:root:COST >> 3.3085 +/- 0.1978, % updates: 58.14%
INFO:root:-- EPOCH 76 (1.109 seconds):
INFO:root:COST >> 3.3004 +/- 0.1962, % updates: 57.935%
INFO:root:-- EPOCH 77 (1.459 seconds):
INFO:root:COST >> 3.3117 +/- 0.2008, % updates: 58.109%
INFO:root:-- EPOCH 78 (1.381 seconds):
INFO:root:COST >> 3.3086 +/- 0.1993, % updates: 58.143%
INFO:root:-- EPOCH 79 (1.155 seconds):
INFO:root:COST >> 3.309 +/- 0.2041, % updates: 58.05%
INFO:root:-- EPOCH 80 (1.325 seconds):
INFO:root:COST >> 3.3065 +/- 0.2073, % updates: 58.082%
INFO:root:-- EPOCH 81 (1.467 seconds):
INFO:root:COST >> 3.3044 +/- 0.1981, % updates: 57.928%
INFO:root:-- EPOCH 82 (1.491 seconds):
INFO:root:COST >> 3.3087 +/- 0.1874, % updates: 58.03%
INFO:root:-- EPOCH 83 (1.463 seconds):
INFO:root:COST >> 3.305 +/- 0.1872, % updates: 58.126%
INFO:root:-- EPOCH 84 (1.525 seconds):
INFO:root:COST >> 3.3081 +/- 0.1885, % updates: 58.162%
INFO:root:-- EPOCH 85 (1.484 seconds):
INFO:root:COST >> 3.3166 +/- 0.1893, % updates: 57.989%
INFO:root:-- EPOCH 86 (1.486 seconds):
INFO:root:COST >> 3.3207 +/- 0.1881, % updates: 58.26%
INFO:root:-- EPOCH 87 (1.486 seconds):
INFO:root:COST >> 3.3215 +/- 0.2102, % updates: 58.159%
INFO:root:-- EPOCH 88 (1.48 seconds):
INFO:root:COST >> 3.3179 +/- 0.2037, % updates: 58.147%
INFO:root:-- EPOCH 89 (1.49 seconds):
INFO:root:COST >> 3.3194 +/- 0.1839, % updates: 58.137%
INFO:root:-- EPOCH 90 (1.489 seconds):
INFO:root:COST >> 3.3168 +/- 0.1875, % updates: 58.245%
INFO:root:-- EPOCH 91 (1.519 seconds):
INFO:root:COST >> 3.3124 +/- 0.1915, % updates: 58.028%
INFO:root:-- EPOCH 92 (1.477 seconds):
INFO:root:COST >> 3.3103 +/- 0.197, % updates: 58.217%
INFO:root:-- EPOCH 93 (1.472 seconds):
INFO:root:COST >> 3.3083 +/- 0.1946, % updates: 58.258%
INFO:root:-- EPOCH 94 (1.454 seconds):
INFO:root:COST >> 3.3031 +/- 0.2027, % updates: 57.933%
INFO:root:-- EPOCH 95 (1.478 seconds):
INFO:root:COST >> 3.3054 +/- 0.1984, % updates: 58.068%
INFO:root:-- EPOCH 96 (1.454 seconds):
INFO:root:COST >> 3.3044 +/- 0.192, % updates: 58.011%
INFO:root:-- EPOCH 97 (1.468 seconds):
INFO:root:COST >> 3.3122 +/- 0.1888, % updates: 58.024%
INFO:root:-- EPOCH 98 (1.519 seconds):
INFO:root:COST >> 3.301 +/- 0.1824, % updates: 57.951%
INFO:root:-- EPOCH 99 (1.538 seconds):
INFO:root:COST >> 3.3067 +/- 0.2101, % updates: 58.116%
INFO:root:-- EPOCH 100 (1.494 seconds):
INFO:root:COST >> 3.3268 +/- 0.1837, % updates: 58.143%
