INFO:root:Shape for training set: (40961, 141442)
INFO:root:State: {'ndim': '20', 'test_all': 'None', 'test_path': 'None', 'nhid': '50', 'lremb': '0.1', 'seed': '3', 'simfn': 'L1', 'valid_path': 'None', 'nbatches': '10', 'lrparam': '0.1', 'decay': '0.5', 'show_hinton_diagrams': 'False', 'no_rescaling': 'True', 'Nrel': '18', 'ranking_score_right': 'False', 'Nent': '40961', 'Nsyn': '40943', 'method': 'MOMENTUM', 'loss_margin': '1.0', 'C': '1.0', 'epsilon': '1e-06', 'use_db': 'True', 'max_lr': 'None', 'l1_param_weight': 'None', 'filtered': 'False', 'name': 'wn_opt/wn_MOMENTUM_293', 'totepochs': '100', 'l2_param_weight': 'None', 'train_path': 'data/wn/WN-train.pkl', 'op': 'TransE'}
INFO:root:Starting the Experiment ..
INFO:root:-- EPOCH 1 (1.883 seconds):
INFO:root:COST >> 2.5385 +/- 0.2223, % updates: 63.628%
INFO:root:-- EPOCH 2 (1.805 seconds):
INFO:root:COST >> 2.5706 +/- 0.2619, % updates: 52.435%
INFO:root:-- EPOCH 3 (1.75 seconds):
INFO:root:COST >> 2.5864 +/- 0.2556, % updates: 51.723%
INFO:root:-- EPOCH 4 (1.409 seconds):
INFO:root:COST >> 2.5774 +/- 0.246, % updates: 51.511%
INFO:root:-- EPOCH 5 (1.414 seconds):
INFO:root:COST >> 2.5893 +/- 0.2424, % updates: 51.735%
INFO:root:-- EPOCH 6 (1.419 seconds):
INFO:root:COST >> 2.5856 +/- 0.251, % updates: 51.449%
INFO:root:-- EPOCH 7 (1.411 seconds):
INFO:root:COST >> 2.5977 +/- 0.2498, % updates: 51.634%
INFO:root:-- EPOCH 8 (1.422 seconds):
INFO:root:COST >> 2.586 +/- 0.2454, % updates: 51.43%
INFO:root:-- EPOCH 9 (1.41 seconds):
INFO:root:COST >> 2.6074 +/- 0.2504, % updates: 51.653%
INFO:root:-- EPOCH 10 (1.429 seconds):
INFO:root:COST >> 2.59 +/- 0.2436, % updates: 51.578%
INFO:root:-- EPOCH 11 (1.455 seconds):
INFO:root:COST >> 2.5879 +/- 0.2439, % updates: 51.464%
INFO:root:-- EPOCH 12 (1.41 seconds):
INFO:root:COST >> 2.5864 +/- 0.241, % updates: 51.462%
INFO:root:-- EPOCH 13 (1.412 seconds):
INFO:root:COST >> 2.5878 +/- 0.254, % updates: 51.455%
INFO:root:-- EPOCH 14 (1.462 seconds):
INFO:root:COST >> 2.5925 +/- 0.2333, % updates: 51.564%
INFO:root:-- EPOCH 15 (1.448 seconds):
INFO:root:COST >> 2.5888 +/- 0.245, % updates: 51.534%
INFO:root:-- EPOCH 16 (1.412 seconds):
INFO:root:COST >> 2.5902 +/- 0.2352, % updates: 51.507%
INFO:root:-- EPOCH 17 (1.407 seconds):
INFO:root:COST >> 2.5889 +/- 0.24, % updates: 51.324%
INFO:root:-- EPOCH 18 (1.415 seconds):
INFO:root:COST >> 2.5899 +/- 0.2539, % updates: 51.524%
INFO:root:-- EPOCH 19 (1.447 seconds):
INFO:root:COST >> 2.5825 +/- 0.2481, % updates: 51.369%
INFO:root:-- EPOCH 20 (1.436 seconds):
INFO:root:COST >> 2.5903 +/- 0.2514, % updates: 51.603%
INFO:root:-- EPOCH 21 (1.414 seconds):
INFO:root:COST >> 2.5954 +/- 0.2506, % updates: 51.496%
INFO:root:-- EPOCH 22 (1.452 seconds):
INFO:root:COST >> 2.5834 +/- 0.25, % updates: 51.433%
INFO:root:-- EPOCH 23 (1.402 seconds):
INFO:root:COST >> 2.5846 +/- 0.2449, % updates: 51.42%
INFO:root:-- EPOCH 24 (1.46 seconds):
INFO:root:COST >> 2.5809 +/- 0.2396, % updates: 51.363%
INFO:root:-- EPOCH 25 (1.415 seconds):
INFO:root:COST >> 2.6004 +/- 0.2477, % updates: 51.516%
INFO:root:-- EPOCH 26 (1.403 seconds):
INFO:root:COST >> 2.5897 +/- 0.2441, % updates: 51.522%
INFO:root:-- EPOCH 27 (1.411 seconds):
INFO:root:COST >> 2.5861 +/- 0.2459, % updates: 51.416%
INFO:root:-- EPOCH 28 (1.411 seconds):
INFO:root:COST >> 2.5837 +/- 0.2517, % updates: 51.385%
INFO:root:-- EPOCH 29 (1.408 seconds):
INFO:root:COST >> 2.587 +/- 0.2552, % updates: 51.51%
INFO:root:-- EPOCH 30 (1.417 seconds):
INFO:root:COST >> 2.5985 +/- 0.2645, % updates: 51.536%
INFO:root:-- EPOCH 31 (1.401 seconds):
INFO:root:COST >> 2.583 +/- 0.2531, % updates: 51.455%
INFO:root:-- EPOCH 32 (1.409 seconds):
INFO:root:COST >> 2.597 +/- 0.2457, % updates: 51.499%
INFO:root:-- EPOCH 33 (1.404 seconds):
INFO:root:COST >> 2.5854 +/- 0.2505, % updates: 51.32%
INFO:root:-- EPOCH 34 (1.419 seconds):
INFO:root:COST >> 2.5919 +/- 0.2384, % updates: 51.353%
INFO:root:-- EPOCH 35 (1.442 seconds):
INFO:root:COST >> 2.5854 +/- 0.2497, % updates: 51.461%
INFO:root:-- EPOCH 36 (1.39 seconds):
INFO:root:COST >> 2.5884 +/- 0.2482, % updates: 51.41%
INFO:root:-- EPOCH 37 (1.441 seconds):
INFO:root:COST >> 2.587 +/- 0.2532, % updates: 51.373%
INFO:root:-- EPOCH 38 (1.398 seconds):
INFO:root:COST >> 2.597 +/- 0.2407, % updates: 51.585%
INFO:root:-- EPOCH 39 (1.417 seconds):
INFO:root:COST >> 2.5881 +/- 0.2497, % updates: 51.455%
INFO:root:-- EPOCH 40 (1.428 seconds):
INFO:root:COST >> 2.5876 +/- 0.256, % updates: 51.532%
INFO:root:-- EPOCH 41 (1.415 seconds):
INFO:root:COST >> 2.5906 +/- 0.2521, % updates: 51.385%
INFO:root:-- EPOCH 42 (1.418 seconds):
INFO:root:COST >> 2.5892 +/- 0.2491, % updates: 51.512%
INFO:root:-- EPOCH 43 (1.428 seconds):
INFO:root:COST >> 2.5954 +/- 0.2559, % updates: 51.478%
INFO:root:-- EPOCH 44 (1.429 seconds):
INFO:root:COST >> 2.595 +/- 0.252, % updates: 51.507%
INFO:root:-- EPOCH 45 (1.411 seconds):
INFO:root:COST >> 2.5865 +/- 0.2466, % updates: 51.433%
INFO:root:-- EPOCH 46 (1.409 seconds):
INFO:root:COST >> 2.588 +/- 0.2535, % updates: 51.377%
INFO:root:-- EPOCH 47 (1.407 seconds):
INFO:root:COST >> 2.5933 +/- 0.25, % updates: 51.553%
INFO:root:-- EPOCH 48 (1.406 seconds):
INFO:root:COST >> 2.5799 +/- 0.2383, % updates: 51.336%
INFO:root:-- EPOCH 49 (1.406 seconds):
INFO:root:COST >> 2.5882 +/- 0.2441, % updates: 51.488%
INFO:root:-- EPOCH 50 (1.444 seconds):
INFO:root:COST >> 2.591 +/- 0.2465, % updates: 51.525%
INFO:root:-- EPOCH 51 (1.407 seconds):
INFO:root:COST >> 2.5883 +/- 0.2402, % updates: 51.641%
INFO:root:-- EPOCH 52 (1.412 seconds):
INFO:root:COST >> 2.5906 +/- 0.2553, % updates: 51.454%
INFO:root:-- EPOCH 53 (1.407 seconds):
INFO:root:COST >> 2.5839 +/- 0.2403, % updates: 51.333%
INFO:root:-- EPOCH 54 (1.413 seconds):
INFO:root:COST >> 2.5931 +/- 0.2415, % updates: 51.485%
INFO:root:-- EPOCH 55 (1.416 seconds):
INFO:root:COST >> 2.5912 +/- 0.2424, % updates: 51.453%
INFO:root:-- EPOCH 56 (1.404 seconds):
INFO:root:COST >> 2.5907 +/- 0.2393, % updates: 51.565%
INFO:root:-- EPOCH 57 (1.417 seconds):
INFO:root:COST >> 2.5858 +/- 0.2365, % updates: 51.463%
INFO:root:-- EPOCH 58 (1.399 seconds):
INFO:root:COST >> 2.5994 +/- 0.2461, % updates: 51.665%
INFO:root:-- EPOCH 59 (1.413 seconds):
INFO:root:COST >> 2.5948 +/- 0.2397, % updates: 51.603%
INFO:root:-- EPOCH 60 (1.417 seconds):
INFO:root:COST >> 2.5967 +/- 0.2396, % updates: 51.465%
INFO:root:-- EPOCH 61 (1.408 seconds):
INFO:root:COST >> 2.5862 +/- 0.2398, % updates: 51.541%
INFO:root:-- EPOCH 62 (1.399 seconds):
INFO:root:COST >> 2.5874 +/- 0.2457, % updates: 51.494%
INFO:root:-- EPOCH 63 (1.425 seconds):
INFO:root:COST >> 2.5914 +/- 0.2542, % updates: 51.552%
INFO:root:-- EPOCH 64 (1.404 seconds):
INFO:root:COST >> 2.59 +/- 0.2442, % updates: 51.551%
INFO:root:-- EPOCH 65 (1.422 seconds):
INFO:root:COST >> 2.591 +/- 0.2503, % updates: 51.604%
INFO:root:-- EPOCH 66 (1.43 seconds):
INFO:root:COST >> 2.5893 +/- 0.2475, % updates: 51.487%
INFO:root:-- EPOCH 67 (1.408 seconds):
INFO:root:COST >> 2.5928 +/- 0.251, % updates: 51.455%
INFO:root:-- EPOCH 68 (1.407 seconds):
INFO:root:COST >> 2.5909 +/- 0.2392, % updates: 51.509%
INFO:root:-- EPOCH 69 (1.425 seconds):
INFO:root:COST >> 2.5758 +/- 0.2586, % updates: 51.46%
INFO:root:-- EPOCH 70 (1.43 seconds):
INFO:root:COST >> 2.5876 +/- 0.2534, % updates: 51.413%
INFO:root:-- EPOCH 71 (1.399 seconds):
INFO:root:COST >> 2.5933 +/- 0.2502, % updates: 51.474%
INFO:root:-- EPOCH 72 (1.405 seconds):
INFO:root:COST >> 2.5896 +/- 0.246, % updates: 51.409%
INFO:root:-- EPOCH 73 (1.414 seconds):
INFO:root:COST >> 2.5863 +/- 0.2493, % updates: 51.464%
INFO:root:-- EPOCH 74 (1.415 seconds):
INFO:root:COST >> 2.5869 +/- 0.2423, % updates: 51.565%
INFO:root:-- EPOCH 75 (1.406 seconds):
INFO:root:COST >> 2.5917 +/- 0.2512, % updates: 51.397%
INFO:root:-- EPOCH 76 (1.42 seconds):
INFO:root:COST >> 2.5972 +/- 0.2457, % updates: 51.601%
INFO:root:-- EPOCH 77 (1.413 seconds):
INFO:root:COST >> 2.5865 +/- 0.242, % updates: 51.52%
INFO:root:-- EPOCH 78 (1.449 seconds):
INFO:root:COST >> 2.5952 +/- 0.2493, % updates: 51.521%
INFO:root:-- EPOCH 79 (1.44 seconds):
INFO:root:COST >> 2.5893 +/- 0.2503, % updates: 51.407%
INFO:root:-- EPOCH 80 (1.402 seconds):
INFO:root:COST >> 2.5978 +/- 0.2534, % updates: 51.579%
INFO:root:-- EPOCH 81 (1.439 seconds):
INFO:root:COST >> 2.5835 +/- 0.2381, % updates: 51.415%
INFO:root:-- EPOCH 82 (1.407 seconds):
INFO:root:COST >> 2.592 +/- 0.2389, % updates: 51.582%
INFO:root:-- EPOCH 83 (1.395 seconds):
INFO:root:COST >> 2.5803 +/- 0.2527, % updates: 51.348%
INFO:root:-- EPOCH 84 (1.412 seconds):
INFO:root:COST >> 2.582 +/- 0.2537, % updates: 51.482%
INFO:root:-- EPOCH 85 (1.326 seconds):
INFO:root:COST >> 2.5917 +/- 0.2495, % updates: 51.548%
INFO:root:-- EPOCH 86 (1.472 seconds):
INFO:root:COST >> 2.5809 +/- 0.2513, % updates: 51.399%
INFO:root:-- EPOCH 87 (1.493 seconds):
INFO:root:COST >> 2.5929 +/- 0.2512, % updates: 51.513%
INFO:root:-- EPOCH 88 (1.142 seconds):
INFO:root:COST >> 2.5836 +/- 0.2481, % updates: 51.368%
INFO:root:-- EPOCH 89 (1.426 seconds):
INFO:root:COST >> 2.5901 +/- 0.2651, % updates: 51.367%
INFO:root:-- EPOCH 90 (1.438 seconds):
INFO:root:COST >> 2.5858 +/- 0.2405, % updates: 51.389%
INFO:root:-- EPOCH 91 (1.435 seconds):
INFO:root:COST >> 2.5929 +/- 0.248, % updates: 51.483%
INFO:root:-- EPOCH 92 (1.43 seconds):
INFO:root:COST >> 2.5879 +/- 0.247, % updates: 51.492%
INFO:root:-- EPOCH 93 (1.39 seconds):
INFO:root:COST >> 2.5994 +/- 0.2404, % updates: 51.573%
INFO:root:-- EPOCH 94 (1.416 seconds):
INFO:root:COST >> 2.5991 +/- 0.2518, % updates: 51.442%
INFO:root:-- EPOCH 95 (1.416 seconds):
INFO:root:COST >> 2.5814 +/- 0.2435, % updates: 51.416%
INFO:root:-- EPOCH 96 (1.417 seconds):
INFO:root:COST >> 2.58 +/- 0.2362, % updates: 51.501%
INFO:root:-- EPOCH 97 (1.418 seconds):
INFO:root:COST >> 2.5872 +/- 0.2465, % updates: 51.506%
INFO:root:-- EPOCH 98 (1.412 seconds):
INFO:root:COST >> 2.5935 +/- 0.2492, % updates: 51.509%
INFO:root:-- EPOCH 99 (1.427 seconds):
INFO:root:COST >> 2.5971 +/- 0.2506, % updates: 51.486%
INFO:root:-- EPOCH 100 (1.418 seconds):
INFO:root:COST >> 2.5813 +/- 0.2498, % updates: 51.373%
