INFO:root:Shape for training set: (40961, 141442)
INFO:root:State: {'ndim': '20', 'test_all': 'None', 'test_path': 'None', 'nhid': '50', 'lremb': '0.0001', 'seed': '5', 'simfn': 'L1', 'valid_path': 'None', 'nbatches': '10', 'lrparam': '0.0001', 'decay': '0.99', 'show_hinton_diagrams': 'False', 'no_rescaling': 'True', 'Nrel': '18', 'ranking_score_right': 'False', 'Nent': '40961', 'Nsyn': '40943', 'method': 'MOMENTUM', 'loss_margin': '1.0', 'C': '1.0', 'epsilon': '1e-06', 'use_db': 'True', 'max_lr': 'None', 'l1_param_weight': 'None', 'filtered': 'False', 'name': 'wn_opt/wn_MOMENTUM_125', 'totepochs': '100', 'l2_param_weight': 'None', 'train_path': 'data/wn/WN-train.pkl', 'op': 'TransE'}
INFO:root:Starting the Experiment ..
INFO:root:-- EPOCH 1 (1.525 seconds):
INFO:root:COST >> 2.1636 +/- 0.0272, % updates: 81.267%
INFO:root:-- EPOCH 2 (1.517 seconds):
INFO:root:COST >> 2.041 +/- 0.0393, % updates: 77.338%
INFO:root:-- EPOCH 3 (1.544 seconds):
INFO:root:COST >> 1.86 +/- 0.0435, % updates: 73.044%
INFO:root:-- EPOCH 4 (1.567 seconds):
INFO:root:COST >> 1.6713 +/- 0.0533, % updates: 68.737%
INFO:root:-- EPOCH 5 (1.484 seconds):
INFO:root:COST >> 1.4678 +/- 0.0571, % updates: 64.038%
INFO:root:-- EPOCH 6 (1.467 seconds):
INFO:root:COST >> 1.2782 +/- 0.0431, % updates: 59.55%
INFO:root:-- EPOCH 7 (1.475 seconds):
INFO:root:COST >> 1.11 +/- 0.0363, % updates: 54.726%
INFO:root:-- EPOCH 8 (1.499 seconds):
INFO:root:COST >> 0.9775 +/- 0.0323, % updates: 50.581%
INFO:root:-- EPOCH 9 (1.531 seconds):
INFO:root:COST >> 0.8584 +/- 0.0257, % updates: 46.652%
INFO:root:-- EPOCH 10 (1.516 seconds):
INFO:root:COST >> 0.7694 +/- 0.0214, % updates: 43.253%
INFO:root:-- EPOCH 11 (1.489 seconds):
INFO:root:COST >> 0.6888 +/- 0.0182, % updates: 40.106%
INFO:root:-- EPOCH 12 (1.545 seconds):
INFO:root:COST >> 0.631 +/- 0.0121, % updates: 37.648%
INFO:root:-- EPOCH 13 (1.477 seconds):
INFO:root:COST >> 0.5723 +/- 0.0155, % updates: 35.381%
INFO:root:-- EPOCH 14 (1.476 seconds):
INFO:root:COST >> 0.5286 +/- 0.0118, % updates: 33.669%
INFO:root:-- EPOCH 15 (1.499 seconds):
INFO:root:COST >> 0.491 +/- 0.012, % updates: 32.061%
INFO:root:-- EPOCH 16 (1.544 seconds):
INFO:root:COST >> 0.4557 +/- 0.013, % updates: 30.451%
INFO:root:-- EPOCH 17 (1.705 seconds):
INFO:root:COST >> 0.4207 +/- 0.0069, % updates: 28.894%
INFO:root:-- EPOCH 18 (1.678 seconds):
INFO:root:COST >> 0.3827 +/- 0.0118, % updates: 27.105%
INFO:root:-- EPOCH 19 (1.525 seconds):
INFO:root:COST >> 0.3526 +/- 0.0131, % updates: 25.729%
INFO:root:-- EPOCH 20 (1.562 seconds):
INFO:root:COST >> 0.324 +/- 0.0132, % updates: 24.149%
INFO:root:-- EPOCH 21 (1.471 seconds):
INFO:root:COST >> 0.3013 +/- 0.0096, % updates: 22.935%
INFO:root:-- EPOCH 22 (1.514 seconds):
INFO:root:COST >> 0.2753 +/- 0.0072, % updates: 21.549%
INFO:root:-- EPOCH 23 (1.746 seconds):
INFO:root:COST >> 0.252 +/- 0.0084, % updates: 20.412%
INFO:root:-- EPOCH 24 (1.61 seconds):
INFO:root:COST >> 0.2351 +/- 0.0069, % updates: 19.547%
INFO:root:-- EPOCH 25 (1.499 seconds):
INFO:root:COST >> 0.2158 +/- 0.0089, % updates: 18.287%
INFO:root:-- EPOCH 26 (1.486 seconds):
INFO:root:COST >> 0.2 +/- 0.0098, % updates: 17.401%
INFO:root:-- EPOCH 27 (1.503 seconds):
INFO:root:COST >> 0.1806 +/- 0.0069, % updates: 16.182%
INFO:root:-- EPOCH 28 (1.565 seconds):
INFO:root:COST >> 0.1686 +/- 0.0092, % updates: 15.526%
INFO:root:-- EPOCH 29 (1.771 seconds):
INFO:root:COST >> 0.155 +/- 0.007, % updates: 14.585%
INFO:root:-- EPOCH 30 (1.641 seconds):
INFO:root:COST >> 0.1422 +/- 0.0076, % updates: 13.702%
INFO:root:-- EPOCH 31 (1.604 seconds):
INFO:root:COST >> 0.1331 +/- 0.0066, % updates: 13.125%
INFO:root:-- EPOCH 32 (1.491 seconds):
INFO:root:COST >> 0.1233 +/- 0.0045, % updates: 12.28%
INFO:root:-- EPOCH 33 (1.516 seconds):
INFO:root:COST >> 0.115 +/- 0.0032, % updates: 11.707%
INFO:root:-- EPOCH 34 (1.54 seconds):
INFO:root:COST >> 0.1077 +/- 0.0042, % updates: 11.188%
INFO:root:-- EPOCH 35 (1.533 seconds):
INFO:root:COST >> 0.1029 +/- 0.0076, % updates: 10.762%
INFO:root:-- EPOCH 36 (1.539 seconds):
INFO:root:COST >> 0.0963 +/- 0.0049, % updates: 10.347%
INFO:root:-- EPOCH 37 (1.51 seconds):
INFO:root:COST >> 0.09 +/- 0.0038, % updates: 9.791%
INFO:root:-- EPOCH 38 (1.486 seconds):
INFO:root:COST >> 0.085 +/- 0.0042, % updates: 9.379%
INFO:root:-- EPOCH 39 (1.537 seconds):
INFO:root:COST >> 0.0805 +/- 0.0026, % updates: 9.042%
INFO:root:-- EPOCH 40 (1.512 seconds):
INFO:root:COST >> 0.0788 +/- 0.0033, % updates: 8.808%
INFO:root:-- EPOCH 41 (1.5 seconds):
INFO:root:COST >> 0.0746 +/- 0.0028, % updates: 8.485%
INFO:root:-- EPOCH 42 (1.493 seconds):
INFO:root:COST >> 0.0725 +/- 0.0024, % updates: 8.357%
INFO:root:-- EPOCH 43 (1.499 seconds):
INFO:root:COST >> 0.0679 +/- 0.0028, % updates: 7.893%
INFO:root:-- EPOCH 44 (1.536 seconds):
INFO:root:COST >> 0.0658 +/- 0.0036, % updates: 7.727%
INFO:root:-- EPOCH 45 (1.871 seconds):
INFO:root:COST >> 0.0599 +/- 0.0022, % updates: 7.173%
INFO:root:-- EPOCH 46 (1.613 seconds):
INFO:root:COST >> 0.0585 +/- 0.0034, % updates: 7.023%
INFO:root:-- EPOCH 47 (1.514 seconds):
INFO:root:COST >> 0.0549 +/- 0.0032, % updates: 6.684%
INFO:root:-- EPOCH 48 (1.866 seconds):
INFO:root:COST >> 0.0533 +/- 0.002, % updates: 6.592%
INFO:root:-- EPOCH 49 (1.882 seconds):
INFO:root:COST >> 0.0519 +/- 0.0015, % updates: 6.434%
INFO:root:-- EPOCH 50 (1.502 seconds):
INFO:root:COST >> 0.0519 +/- 0.002, % updates: 6.392%
INFO:root:-- EPOCH 51 (1.47 seconds):
INFO:root:COST >> 0.0516 +/- 0.0022, % updates: 6.372%
INFO:root:-- EPOCH 52 (1.468 seconds):
INFO:root:COST >> 0.0478 +/- 0.0022, % updates: 6.04%
INFO:root:-- EPOCH 53 (1.467 seconds):
INFO:root:COST >> 0.047 +/- 0.002, % updates: 5.965%
INFO:root:-- EPOCH 54 (1.464 seconds):
INFO:root:COST >> 0.0457 +/- 0.0024, % updates: 5.843%
INFO:root:-- EPOCH 55 (1.483 seconds):
INFO:root:COST >> 0.0428 +/- 0.0037, % updates: 5.537%
INFO:root:-- EPOCH 56 (1.586 seconds):
INFO:root:COST >> 0.0427 +/- 0.0024, % updates: 5.503%
INFO:root:-- EPOCH 57 (1.51 seconds):
INFO:root:COST >> 0.041 +/- 0.0014, % updates: 5.363%
INFO:root:-- EPOCH 58 (1.494 seconds):
INFO:root:COST >> 0.0406 +/- 0.0018, % updates: 5.256%
INFO:root:-- EPOCH 59 (1.497 seconds):
INFO:root:COST >> 0.0381 +/- 0.0011, % updates: 5.069%
INFO:root:-- EPOCH 60 (1.537 seconds):
INFO:root:COST >> 0.0381 +/- 0.0014, % updates: 4.991%
INFO:root:-- EPOCH 61 (1.471 seconds):
INFO:root:COST >> 0.036 +/- 0.0014, % updates: 4.813%
INFO:root:-- EPOCH 62 (1.494 seconds):
INFO:root:COST >> 0.0349 +/- 0.0016, % updates: 4.727%
INFO:root:-- EPOCH 63 (1.52 seconds):
INFO:root:COST >> 0.0342 +/- 0.0014, % updates: 4.6%
INFO:root:-- EPOCH 64 (1.496 seconds):
INFO:root:COST >> 0.0329 +/- 0.0014, % updates: 4.458%
INFO:root:-- EPOCH 65 (1.568 seconds):
INFO:root:COST >> 0.0341 +/- 0.0014, % updates: 4.564%
INFO:root:-- EPOCH 66 (1.525 seconds):
INFO:root:COST >> 0.0319 +/- 0.001, % updates: 4.343%
INFO:root:-- EPOCH 67 (1.913 seconds):
INFO:root:COST >> 0.0312 +/- 0.0019, % updates: 4.244%
INFO:root:-- EPOCH 68 (2.071 seconds):
INFO:root:COST >> 0.0306 +/- 0.0013, % updates: 4.192%
INFO:root:-- EPOCH 69 (1.623 seconds):
INFO:root:COST >> 0.0306 +/- 0.0023, % updates: 4.164%
INFO:root:-- EPOCH 70 (1.668 seconds):
INFO:root:COST >> 0.0296 +/- 0.0012, % updates: 4.054%
INFO:root:-- EPOCH 71 (1.985 seconds):
INFO:root:COST >> 0.0287 +/- 0.0014, % updates: 3.978%
INFO:root:-- EPOCH 72 (1.481 seconds):
INFO:root:COST >> 0.0279 +/- 0.001, % updates: 3.944%
INFO:root:-- EPOCH 73 (1.778 seconds):
INFO:root:COST >> 0.0278 +/- 0.0018, % updates: 3.886%
INFO:root:-- EPOCH 74 (2.201 seconds):
INFO:root:COST >> 0.0278 +/- 0.0013, % updates: 3.908%
INFO:root:-- EPOCH 75 (1.601 seconds):
INFO:root:COST >> 0.0271 +/- 0.001, % updates: 3.783%
INFO:root:-- EPOCH 76 (1.483 seconds):
INFO:root:COST >> 0.0267 +/- 0.0012, % updates: 3.686%
INFO:root:-- EPOCH 77 (1.264 seconds):
INFO:root:COST >> 0.0258 +/- 0.0009, % updates: 3.61%
INFO:root:-- EPOCH 78 (1.116 seconds):
INFO:root:COST >> 0.0255 +/- 0.001, % updates: 3.621%
INFO:root:-- EPOCH 79 (1.172 seconds):
INFO:root:COST >> 0.0243 +/- 0.0009, % updates: 3.481%
INFO:root:-- EPOCH 80 (1.162 seconds):
INFO:root:COST >> 0.0239 +/- 0.0009, % updates: 3.402%
INFO:root:-- EPOCH 81 (1.462 seconds):
INFO:root:COST >> 0.0234 +/- 0.0014, % updates: 3.358%
INFO:root:-- EPOCH 82 (1.504 seconds):
INFO:root:COST >> 0.0234 +/- 0.0013, % updates: 3.37%
INFO:root:-- EPOCH 83 (1.453 seconds):
INFO:root:COST >> 0.0228 +/- 0.0011, % updates: 3.232%
INFO:root:-- EPOCH 84 (1.477 seconds):
INFO:root:COST >> 0.0231 +/- 0.0009, % updates: 3.347%
INFO:root:-- EPOCH 85 (1.477 seconds):
INFO:root:COST >> 0.0227 +/- 0.001, % updates: 3.283%
INFO:root:-- EPOCH 86 (1.498 seconds):
INFO:root:COST >> 0.0227 +/- 0.001, % updates: 3.265%
INFO:root:-- EPOCH 87 (1.563 seconds):
INFO:root:COST >> 0.0225 +/- 0.0016, % updates: 3.259%
INFO:root:-- EPOCH 88 (1.62 seconds):
INFO:root:COST >> 0.0229 +/- 0.0013, % updates: 3.316%
INFO:root:-- EPOCH 89 (1.625 seconds):
INFO:root:COST >> 0.0221 +/- 0.0017, % updates: 3.183%
INFO:root:-- EPOCH 90 (1.555 seconds):
INFO:root:COST >> 0.0211 +/- 0.0008, % updates: 3.054%
INFO:root:-- EPOCH 91 (1.465 seconds):
INFO:root:COST >> 0.0207 +/- 0.0007, % updates: 3.014%
INFO:root:-- EPOCH 92 (1.476 seconds):
INFO:root:COST >> 0.0209 +/- 0.0011, % updates: 3.033%
INFO:root:-- EPOCH 93 (1.47 seconds):
INFO:root:COST >> 0.0195 +/- 0.001, % updates: 2.882%
INFO:root:-- EPOCH 94 (1.46 seconds):
INFO:root:COST >> 0.0201 +/- 0.001, % updates: 2.971%
INFO:root:-- EPOCH 95 (1.457 seconds):
INFO:root:COST >> 0.0199 +/- 0.0017, % updates: 2.957%
INFO:root:-- EPOCH 96 (1.521 seconds):
INFO:root:COST >> 0.0193 +/- 0.0011, % updates: 2.858%
INFO:root:-- EPOCH 97 (1.527 seconds):
INFO:root:COST >> 0.0192 +/- 0.0012, % updates: 2.863%
INFO:root:-- EPOCH 98 (1.479 seconds):
INFO:root:COST >> 0.0191 +/- 0.0008, % updates: 2.826%
INFO:root:-- EPOCH 99 (1.495 seconds):
INFO:root:COST >> 0.0188 +/- 0.0009, % updates: 2.775%
INFO:root:-- EPOCH 100 (1.566 seconds):
INFO:root:COST >> 0.0186 +/- 0.0011, % updates: 2.805%
