INFO:root:Shape for training set: (40961, 141442)
INFO:root:State: {'ndim': '20', 'test_all': 'None', 'test_path': 'None', 'nhid': '50', 'lremb': '0.001', 'seed': '3', 'simfn': 'L1', 'valid_path': 'None', 'nbatches': '10', 'lrparam': '0.001', 'decay': '0.5', 'show_hinton_diagrams': 'False', 'no_rescaling': 'True', 'Nrel': '18', 'ranking_score_right': 'False', 'Nent': '40961', 'Nsyn': '40943', 'method': 'MOMENTUM', 'loss_margin': '1.0', 'C': '1.0', 'epsilon': '1e-06', 'use_db': 'True', 'max_lr': 'None', 'l1_param_weight': 'None', 'filtered': 'False', 'name': 'wn_opt/wn_MOMENTUM_193', 'totepochs': '100', 'l2_param_weight': 'None', 'train_path': 'data/wn/WN-train.pkl', 'op': 'TransE'}
INFO:root:Starting the Experiment ..
INFO:root:-- EPOCH 1 (1.531 seconds):
INFO:root:COST >> 2.1123 +/- 0.0649, % updates: 79.622%
INFO:root:-- EPOCH 2 (1.535 seconds):
INFO:root:COST >> 1.8641 +/- 0.0409, % updates: 74.409%
INFO:root:-- EPOCH 3 (1.506 seconds):
INFO:root:COST >> 1.6791 +/- 0.0292, % updates: 70.782%
INFO:root:-- EPOCH 4 (1.512 seconds):
INFO:root:COST >> 1.5323 +/- 0.0256, % updates: 67.637%
INFO:root:-- EPOCH 5 (1.491 seconds):
INFO:root:COST >> 1.4065 +/- 0.0158, % updates: 64.747%
INFO:root:-- EPOCH 6 (1.548 seconds):
INFO:root:COST >> 1.3301 +/- 0.0174, % updates: 62.638%
INFO:root:-- EPOCH 7 (1.505 seconds):
INFO:root:COST >> 1.2808 +/- 0.0159, % updates: 60.332%
INFO:root:-- EPOCH 8 (1.494 seconds):
INFO:root:COST >> 1.2277 +/- 0.0162, % updates: 58.557%
INFO:root:-- EPOCH 9 (1.481 seconds):
INFO:root:COST >> 1.1993 +/- 0.0113, % updates: 57.394%
INFO:root:-- EPOCH 10 (1.507 seconds):
INFO:root:COST >> 1.1515 +/- 0.0147, % updates: 55.901%
INFO:root:-- EPOCH 11 (1.532 seconds):
INFO:root:COST >> 1.1365 +/- 0.0309, % updates: 54.833%
INFO:root:-- EPOCH 12 (1.497 seconds):
INFO:root:COST >> 1.1474 +/- 0.0226, % updates: 53.96%
INFO:root:-- EPOCH 13 (1.529 seconds):
INFO:root:COST >> 1.1399 +/- 0.0194, % updates: 53.219%
INFO:root:-- EPOCH 14 (1.52 seconds):
INFO:root:COST >> 1.1343 +/- 0.0339, % updates: 52.453%
INFO:root:-- EPOCH 15 (1.508 seconds):
INFO:root:COST >> 1.1534 +/- 0.0289, % updates: 52.099%
INFO:root:-- EPOCH 16 (1.498 seconds):
INFO:root:COST >> 1.1509 +/- 0.0188, % updates: 51.723%
INFO:root:-- EPOCH 17 (1.494 seconds):
INFO:root:COST >> 1.1655 +/- 0.0139, % updates: 51.496%
INFO:root:-- EPOCH 18 (1.52 seconds):
INFO:root:COST >> 1.1584 +/- 0.0221, % updates: 51.322%
INFO:root:-- EPOCH 19 (1.493 seconds):
INFO:root:COST >> 1.161 +/- 0.0281, % updates: 50.803%
INFO:root:-- EPOCH 20 (1.521 seconds):
INFO:root:COST >> 1.2409 +/- 0.0235, % updates: 51.845%
INFO:root:-- EPOCH 21 (1.488 seconds):
INFO:root:COST >> 1.2711 +/- 0.0173, % updates: 52.201%
INFO:root:-- EPOCH 22 (1.515 seconds):
INFO:root:COST >> 1.2714 +/- 0.0111, % updates: 52.222%
INFO:root:-- EPOCH 23 (1.522 seconds):
INFO:root:COST >> 1.244 +/- 0.0123, % updates: 51.946%
INFO:root:-- EPOCH 24 (1.52 seconds):
INFO:root:COST >> 1.2267 +/- 0.0077, % updates: 51.723%
INFO:root:-- EPOCH 25 (1.517 seconds):
INFO:root:COST >> 1.2128 +/- 0.0151, % updates: 51.355%
INFO:root:-- EPOCH 26 (1.516 seconds):
INFO:root:COST >> 1.1947 +/- 0.0113, % updates: 51.074%
INFO:root:-- EPOCH 27 (1.524 seconds):
INFO:root:COST >> 1.185 +/- 0.0117, % updates: 51.146%
INFO:root:-- EPOCH 28 (1.49 seconds):
INFO:root:COST >> 1.1735 +/- 0.0078, % updates: 50.991%
INFO:root:-- EPOCH 29 (1.546 seconds):
INFO:root:COST >> 1.1585 +/- 0.0093, % updates: 50.758%
INFO:root:-- EPOCH 30 (1.488 seconds):
INFO:root:COST >> 1.1521 +/- 0.0105, % updates: 50.738%
INFO:root:-- EPOCH 31 (1.529 seconds):
INFO:root:COST >> 1.1351 +/- 0.0097, % updates: 50.446%
INFO:root:-- EPOCH 32 (1.509 seconds):
INFO:root:COST >> 1.1216 +/- 0.0142, % updates: 50.074%
INFO:root:-- EPOCH 33 (1.493 seconds):
INFO:root:COST >> 1.1005 +/- 0.0129, % updates: 49.701%
INFO:root:-- EPOCH 34 (1.534 seconds):
INFO:root:COST >> 1.104 +/- 0.0151, % updates: 50.017%
INFO:root:-- EPOCH 35 (1.5 seconds):
INFO:root:COST >> 1.1005 +/- 0.0101, % updates: 50.049%
INFO:root:-- EPOCH 36 (1.505 seconds):
INFO:root:COST >> 1.0883 +/- 0.0164, % updates: 49.94%
INFO:root:-- EPOCH 37 (1.481 seconds):
INFO:root:COST >> 1.083 +/- 0.0138, % updates: 49.781%
INFO:root:-- EPOCH 38 (1.485 seconds):
INFO:root:COST >> 1.0857 +/- 0.0084, % updates: 50.078%
INFO:root:-- EPOCH 39 (1.5 seconds):
INFO:root:COST >> 1.0857 +/- 0.0108, % updates: 49.926%
INFO:root:-- EPOCH 40 (1.55 seconds):
INFO:root:COST >> 1.0771 +/- 0.01, % updates: 49.883%
INFO:root:-- EPOCH 41 (1.484 seconds):
INFO:root:COST >> 1.0668 +/- 0.0103, % updates: 49.741%
INFO:root:-- EPOCH 42 (1.524 seconds):
INFO:root:COST >> 1.0601 +/- 0.0114, % updates: 49.64%
INFO:root:-- EPOCH 43 (1.489 seconds):
INFO:root:COST >> 1.0613 +/- 0.0169, % updates: 49.614%
INFO:root:-- EPOCH 44 (1.525 seconds):
INFO:root:COST >> 1.0491 +/- 0.0152, % updates: 49.406%
INFO:root:-- EPOCH 45 (1.476 seconds):
INFO:root:COST >> 1.0423 +/- 0.0098, % updates: 49.256%
INFO:root:-- EPOCH 46 (1.538 seconds):
INFO:root:COST >> 1.0389 +/- 0.0112, % updates: 49.257%
INFO:root:-- EPOCH 47 (1.518 seconds):
INFO:root:COST >> 1.0265 +/- 0.0161, % updates: 48.976%
INFO:root:-- EPOCH 48 (1.495 seconds):
INFO:root:COST >> 1.0434 +/- 0.0153, % updates: 48.162%
INFO:root:-- EPOCH 49 (1.464 seconds):
INFO:root:COST >> 1.0435 +/- 0.0092, % updates: 48.289%
INFO:root:-- EPOCH 50 (1.503 seconds):
INFO:root:COST >> 1.0455 +/- 0.0084, % updates: 48.442%
INFO:root:-- EPOCH 51 (1.487 seconds):
INFO:root:COST >> 1.0445 +/- 0.0177, % updates: 48.523%
INFO:root:-- EPOCH 52 (1.523 seconds):
INFO:root:COST >> 1.0491 +/- 0.0127, % updates: 48.672%
INFO:root:-- EPOCH 53 (1.44 seconds):
INFO:root:COST >> 1.0431 +/- 0.0123, % updates: 48.756%
INFO:root:-- EPOCH 54 (1.497 seconds):
INFO:root:COST >> 1.0487 +/- 0.0099, % updates: 48.761%
INFO:root:-- EPOCH 55 (1.49 seconds):
INFO:root:COST >> 1.0378 +/- 0.0106, % updates: 48.443%
INFO:root:-- EPOCH 56 (1.484 seconds):
INFO:root:COST >> 1.0403 +/- 0.0071, % updates: 48.782%
INFO:root:-- EPOCH 57 (1.496 seconds):
INFO:root:COST >> 1.0384 +/- 0.0105, % updates: 48.777%
INFO:root:-- EPOCH 58 (1.48 seconds):
INFO:root:COST >> 1.0347 +/- 0.0102, % updates: 48.722%
INFO:root:-- EPOCH 59 (1.497 seconds):
INFO:root:COST >> 1.0278 +/- 0.0106, % updates: 48.753%
INFO:root:-- EPOCH 60 (1.51 seconds):
INFO:root:COST >> 1.0263 +/- 0.0073, % updates: 48.575%
INFO:root:-- EPOCH 61 (1.507 seconds):
INFO:root:COST >> 1.0226 +/- 0.0136, % updates: 48.537%
INFO:root:-- EPOCH 62 (1.472 seconds):
INFO:root:COST >> 1.0175 +/- 0.0098, % updates: 48.269%
INFO:root:-- EPOCH 63 (1.484 seconds):
INFO:root:COST >> 1.0216 +/- 0.015, % updates: 48.611%
INFO:root:-- EPOCH 64 (1.502 seconds):
INFO:root:COST >> 1.0107 +/- 0.0068, % updates: 48.303%
INFO:root:-- EPOCH 65 (1.489 seconds):
INFO:root:COST >> 1.0167 +/- 0.0147, % updates: 48.681%
INFO:root:-- EPOCH 66 (1.479 seconds):
INFO:root:COST >> 1.0127 +/- 0.0112, % updates: 48.531%
INFO:root:-- EPOCH 67 (1.483 seconds):
INFO:root:COST >> 1.0192 +/- 0.0085, % updates: 48.719%
INFO:root:-- EPOCH 68 (1.469 seconds):
INFO:root:COST >> 1.012 +/- 0.0157, % updates: 48.479%
INFO:root:-- EPOCH 69 (1.466 seconds):
INFO:root:COST >> 1.0148 +/- 0.0149, % updates: 48.74%
INFO:root:-- EPOCH 70 (1.487 seconds):
INFO:root:COST >> 1.0058 +/- 0.0126, % updates: 48.621%
INFO:root:-- EPOCH 71 (1.492 seconds):
INFO:root:COST >> 0.9977 +/- 0.0122, % updates: 48.611%
INFO:root:-- EPOCH 72 (1.502 seconds):
INFO:root:COST >> 1.009 +/- 0.0164, % updates: 48.633%
INFO:root:-- EPOCH 73 (1.491 seconds):
INFO:root:COST >> 1.0024 +/- 0.0085, % updates: 48.689%
INFO:root:-- EPOCH 74 (1.475 seconds):
INFO:root:COST >> 1.0031 +/- 0.0157, % updates: 48.679%
INFO:root:-- EPOCH 75 (1.484 seconds):
INFO:root:COST >> 0.9982 +/- 0.0095, % updates: 48.515%
INFO:root:-- EPOCH 76 (1.48 seconds):
INFO:root:COST >> 1.0003 +/- 0.0145, % updates: 48.482%
INFO:root:-- EPOCH 77 (1.476 seconds):
INFO:root:COST >> 1.0078 +/- 0.017, % updates: 48.52%
INFO:root:-- EPOCH 78 (1.487 seconds):
INFO:root:COST >> 1.0031 +/- 0.0147, % updates: 48.649%
INFO:root:-- EPOCH 79 (1.481 seconds):
INFO:root:COST >> 0.9958 +/- 0.0122, % updates: 48.484%
INFO:root:-- EPOCH 80 (1.479 seconds):
INFO:root:COST >> 0.9805 +/- 0.0086, % updates: 48.043%
INFO:root:-- EPOCH 81 (1.485 seconds):
INFO:root:COST >> 0.9911 +/- 0.0134, % updates: 47.767%
INFO:root:-- EPOCH 82 (1.491 seconds):
INFO:root:COST >> 0.9951 +/- 0.0108, % updates: 48.101%
INFO:root:-- EPOCH 83 (1.512 seconds):
INFO:root:COST >> 0.9948 +/- 0.0165, % updates: 48.095%
INFO:root:-- EPOCH 84 (1.392 seconds):
INFO:root:COST >> 0.9905 +/- 0.0134, % updates: 48.349%
INFO:root:-- EPOCH 85 (1.495 seconds):
INFO:root:COST >> 1.0021 +/- 0.0143, % updates: 48.042%
INFO:root:-- EPOCH 86 (1.506 seconds):
INFO:root:COST >> 0.9995 +/- 0.0134, % updates: 48.162%
INFO:root:-- EPOCH 87 (1.494 seconds):
INFO:root:COST >> 1.0054 +/- 0.0151, % updates: 48.208%
INFO:root:-- EPOCH 88 (1.576 seconds):
INFO:root:COST >> 1.0022 +/- 0.0133, % updates: 48.382%
INFO:root:-- EPOCH 89 (1.492 seconds):
INFO:root:COST >> 1.0039 +/- 0.0117, % updates: 48.398%
INFO:root:-- EPOCH 90 (1.522 seconds):
INFO:root:COST >> 1.0008 +/- 0.0068, % updates: 48.275%
INFO:root:-- EPOCH 91 (1.477 seconds):
INFO:root:COST >> 0.9918 +/- 0.0128, % updates: 47.945%
INFO:root:-- EPOCH 92 (1.476 seconds):
INFO:root:COST >> 0.9929 +/- 0.0096, % updates: 47.961%
INFO:root:-- EPOCH 93 (1.495 seconds):
INFO:root:COST >> 0.9884 +/- 0.014, % updates: 47.903%
INFO:root:-- EPOCH 94 (1.5 seconds):
INFO:root:COST >> 0.9934 +/- 0.0098, % updates: 48.055%
INFO:root:-- EPOCH 95 (1.5 seconds):
INFO:root:COST >> 0.986 +/- 0.0162, % updates: 47.6%
INFO:root:-- EPOCH 96 (1.473 seconds):
INFO:root:COST >> 0.9939 +/- 0.0089, % updates: 48.026%
INFO:root:-- EPOCH 97 (1.485 seconds):
INFO:root:COST >> 0.9927 +/- 0.0092, % updates: 48.035%
INFO:root:-- EPOCH 98 (1.501 seconds):
INFO:root:COST >> 0.9915 +/- 0.0123, % updates: 47.746%
INFO:root:-- EPOCH 99 (1.497 seconds):
INFO:root:COST >> 0.9965 +/- 0.0095, % updates: 48.08%
INFO:root:-- EPOCH 100 (1.491 seconds):
INFO:root:COST >> 0.9975 +/- 0.0104, % updates: 48.384%
