INFO:root:Shape for training set: (40961, 141442)
INFO:root:State: {'ndim': '20', 'test_all': 'None', 'test_path': 'None', 'nhid': '50', 'lremb': '1e-06', 'seed': '5', 'simfn': 'L1', 'valid_path': 'None', 'nbatches': '10', 'lrparam': '1e-06', 'decay': '0.9', 'show_hinton_diagrams': 'False', 'no_rescaling': 'True', 'Nrel': '18', 'ranking_score_right': 'False', 'Nent': '40961', 'Nsyn': '40943', 'method': 'MOMENTUM', 'loss_margin': '1.0', 'C': '1.0', 'epsilon': '1e-06', 'use_db': 'True', 'max_lr': 'None', 'l1_param_weight': 'None', 'filtered': 'False', 'name': 'wn_opt/wn_MOMENTUM_35', 'totepochs': '100', 'l2_param_weight': 'None', 'train_path': 'data/wn/WN-train.pkl', 'op': 'TransE'}
INFO:root:Starting the Experiment ..
INFO:root:-- EPOCH 1 (1.756 seconds):
INFO:root:COST >> 2.2034 +/- 0.0088, % updates: 81.41%
INFO:root:-- EPOCH 2 (1.589 seconds):
INFO:root:COST >> 2.2077 +/- 0.0124, % updates: 81.446%
INFO:root:-- EPOCH 3 (1.572 seconds):
INFO:root:COST >> 2.2003 +/- 0.008, % updates: 81.363%
INFO:root:-- EPOCH 4 (1.575 seconds):
INFO:root:COST >> 2.1968 +/- 0.0156, % updates: 81.549%
INFO:root:-- EPOCH 5 (1.575 seconds):
INFO:root:COST >> 2.1864 +/- 0.0128, % updates: 81.488%
INFO:root:-- EPOCH 6 (1.511 seconds):
INFO:root:COST >> 2.1906 +/- 0.0112, % updates: 81.619%
INFO:root:-- EPOCH 7 (1.582 seconds):
INFO:root:COST >> 2.183 +/- 0.0143, % updates: 81.596%
INFO:root:-- EPOCH 8 (1.569 seconds):
INFO:root:COST >> 2.1771 +/- 0.0125, % updates: 81.599%
INFO:root:-- EPOCH 9 (1.585 seconds):
INFO:root:COST >> 2.1738 +/- 0.006, % updates: 81.578%
INFO:root:-- EPOCH 10 (1.523 seconds):
INFO:root:COST >> 2.1678 +/- 0.0104, % updates: 81.474%
INFO:root:-- EPOCH 11 (1.533 seconds):
INFO:root:COST >> 2.1657 +/- 0.0096, % updates: 81.487%
INFO:root:-- EPOCH 12 (1.573 seconds):
INFO:root:COST >> 2.1605 +/- 0.0117, % updates: 81.434%
INFO:root:-- EPOCH 13 (1.533 seconds):
INFO:root:COST >> 2.1581 +/- 0.0065, % updates: 81.447%
INFO:root:-- EPOCH 14 (1.527 seconds):
INFO:root:COST >> 2.1541 +/- 0.0109, % updates: 81.525%
INFO:root:-- EPOCH 15 (1.548 seconds):
INFO:root:COST >> 2.1507 +/- 0.0101, % updates: 81.466%
INFO:root:-- EPOCH 16 (1.52 seconds):
INFO:root:COST >> 2.1496 +/- 0.0077, % updates: 81.418%
INFO:root:-- EPOCH 17 (1.543 seconds):
INFO:root:COST >> 2.1448 +/- 0.0094, % updates: 81.504%
INFO:root:-- EPOCH 18 (1.552 seconds):
INFO:root:COST >> 2.1437 +/- 0.0121, % updates: 81.529%
INFO:root:-- EPOCH 19 (1.541 seconds):
INFO:root:COST >> 2.1442 +/- 0.0097, % updates: 81.466%
INFO:root:-- EPOCH 20 (1.568 seconds):
INFO:root:COST >> 2.1373 +/- 0.0049, % updates: 81.327%
INFO:root:-- EPOCH 21 (1.522 seconds):
INFO:root:COST >> 2.1301 +/- 0.0107, % updates: 81.251%
INFO:root:-- EPOCH 22 (1.555 seconds):
INFO:root:COST >> 2.1326 +/- 0.0091, % updates: 81.251%
INFO:root:-- EPOCH 23 (1.565 seconds):
INFO:root:COST >> 2.1279 +/- 0.0158, % updates: 81.298%
INFO:root:-- EPOCH 24 (1.608 seconds):
INFO:root:COST >> 2.1308 +/- 0.0112, % updates: 81.366%
INFO:root:-- EPOCH 25 (1.528 seconds):
INFO:root:COST >> 2.1248 +/- 0.0157, % updates: 81.247%
INFO:root:-- EPOCH 26 (1.59 seconds):
INFO:root:COST >> 2.1255 +/- 0.0122, % updates: 81.236%
INFO:root:-- EPOCH 27 (1.541 seconds):
INFO:root:COST >> 2.1204 +/- 0.0087, % updates: 81.227%
INFO:root:-- EPOCH 28 (1.546 seconds):
INFO:root:COST >> 2.1189 +/- 0.014, % updates: 81.067%
INFO:root:-- EPOCH 29 (1.56 seconds):
INFO:root:COST >> 2.1134 +/- 0.0101, % updates: 81.115%
INFO:root:-- EPOCH 30 (1.576 seconds):
INFO:root:COST >> 2.1119 +/- 0.0077, % updates: 81.063%
INFO:root:-- EPOCH 31 (1.583 seconds):
INFO:root:COST >> 2.1106 +/- 0.0121, % updates: 81.023%
INFO:root:-- EPOCH 32 (1.609 seconds):
INFO:root:COST >> 2.1041 +/- 0.01, % updates: 80.927%
INFO:root:-- EPOCH 33 (1.647 seconds):
INFO:root:COST >> 2.1073 +/- 0.0158, % updates: 80.857%
INFO:root:-- EPOCH 34 (2.192 seconds):
INFO:root:COST >> 2.1044 +/- 0.0058, % updates: 80.929%
INFO:root:-- EPOCH 35 (2.039 seconds):
INFO:root:COST >> 2.1045 +/- 0.0122, % updates: 80.852%
INFO:root:-- EPOCH 36 (2.029 seconds):
INFO:root:COST >> 2.0997 +/- 0.0117, % updates: 80.758%
INFO:root:-- EPOCH 37 (2.386 seconds):
INFO:root:COST >> 2.0972 +/- 0.0149, % updates: 80.773%
INFO:root:-- EPOCH 38 (2.412 seconds):
INFO:root:COST >> 2.0921 +/- 0.0064, % updates: 80.692%
INFO:root:-- EPOCH 39 (2.563 seconds):
INFO:root:COST >> 2.0954 +/- 0.0091, % updates: 80.705%
INFO:root:-- EPOCH 40 (2.569 seconds):
INFO:root:COST >> 2.0876 +/- 0.0105, % updates: 80.606%
INFO:root:-- EPOCH 41 (1.819 seconds):
INFO:root:COST >> 2.0891 +/- 0.01, % updates: 80.608%
INFO:root:-- EPOCH 42 (1.899 seconds):
INFO:root:COST >> 2.0893 +/- 0.0124, % updates: 80.479%
INFO:root:-- EPOCH 43 (2.374 seconds):
INFO:root:COST >> 2.0877 +/- 0.0096, % updates: 80.53%
INFO:root:-- EPOCH 44 (2.527 seconds):
INFO:root:COST >> 2.0854 +/- 0.0151, % updates: 80.563%
INFO:root:-- EPOCH 45 (2.601 seconds):
INFO:root:COST >> 2.0771 +/- 0.0091, % updates: 80.442%
INFO:root:-- EPOCH 46 (3.025 seconds):
INFO:root:COST >> 2.076 +/- 0.0096, % updates: 80.358%
INFO:root:-- EPOCH 47 (2.8 seconds):
INFO:root:COST >> 2.0751 +/- 0.0113, % updates: 80.334%
INFO:root:-- EPOCH 48 (2.788 seconds):
INFO:root:COST >> 2.076 +/- 0.0108, % updates: 80.452%
INFO:root:-- EPOCH 49 (2.69 seconds):
INFO:root:COST >> 2.0725 +/- 0.0135, % updates: 80.336%
INFO:root:-- EPOCH 50 (2.288 seconds):
INFO:root:COST >> 2.0674 +/- 0.0129, % updates: 80.209%
INFO:root:-- EPOCH 51 (2.235 seconds):
INFO:root:COST >> 2.0694 +/- 0.0105, % updates: 80.098%
INFO:root:-- EPOCH 52 (2.3 seconds):
INFO:root:COST >> 2.0672 +/- 0.0143, % updates: 80.198%
INFO:root:-- EPOCH 53 (2.196 seconds):
INFO:root:COST >> 2.0627 +/- 0.0092, % updates: 80.124%
INFO:root:-- EPOCH 54 (2.339 seconds):
INFO:root:COST >> 2.0647 +/- 0.0145, % updates: 80.186%
INFO:root:-- EPOCH 55 (2.235 seconds):
INFO:root:COST >> 2.0606 +/- 0.0128, % updates: 80.123%
INFO:root:-- EPOCH 56 (2.24 seconds):
INFO:root:COST >> 2.0569 +/- 0.0105, % updates: 79.995%
INFO:root:-- EPOCH 57 (2.387 seconds):
INFO:root:COST >> 2.0541 +/- 0.0133, % updates: 80.129%
INFO:root:-- EPOCH 58 (2.22 seconds):
INFO:root:COST >> 2.0553 +/- 0.0138, % updates: 79.837%
INFO:root:-- EPOCH 59 (2.31 seconds):
INFO:root:COST >> 2.0519 +/- 0.0084, % updates: 80.0%
INFO:root:-- EPOCH 60 (2.417 seconds):
INFO:root:COST >> 2.0498 +/- 0.0098, % updates: 79.84%
INFO:root:-- EPOCH 61 (2.225 seconds):
INFO:root:COST >> 2.051 +/- 0.0094, % updates: 79.942%
INFO:root:-- EPOCH 62 (2.225 seconds):
INFO:root:COST >> 2.0489 +/- 0.0096, % updates: 79.883%
INFO:root:-- EPOCH 63 (2.253 seconds):
INFO:root:COST >> 2.0477 +/- 0.0145, % updates: 79.756%
INFO:root:-- EPOCH 64 (2.215 seconds):
INFO:root:COST >> 2.0407 +/- 0.0135, % updates: 79.71%
INFO:root:-- EPOCH 65 (2.301 seconds):
INFO:root:COST >> 2.0403 +/- 0.0121, % updates: 79.704%
INFO:root:-- EPOCH 66 (2.328 seconds):
INFO:root:COST >> 2.0425 +/- 0.0108, % updates: 79.704%
INFO:root:-- EPOCH 67 (2.434 seconds):
INFO:root:COST >> 2.0389 +/- 0.0172, % updates: 79.592%
INFO:root:-- EPOCH 68 (2.464 seconds):
INFO:root:COST >> 2.0328 +/- 0.0156, % updates: 79.613%
INFO:root:-- EPOCH 69 (2.683 seconds):
INFO:root:COST >> 2.0277 +/- 0.0103, % updates: 79.492%
INFO:root:-- EPOCH 70 (2.723 seconds):
INFO:root:COST >> 2.0332 +/- 0.0105, % updates: 79.472%
INFO:root:-- EPOCH 71 (2.702 seconds):
INFO:root:COST >> 2.0284 +/- 0.0162, % updates: 79.416%
INFO:root:-- EPOCH 72 (2.789 seconds):
INFO:root:COST >> 2.0257 +/- 0.0146, % updates: 79.381%
INFO:root:-- EPOCH 73 (2.689 seconds):
INFO:root:COST >> 2.0222 +/- 0.0105, % updates: 79.381%
INFO:root:-- EPOCH 74 (2.668 seconds):
INFO:root:COST >> 2.0233 +/- 0.0123, % updates: 79.335%
INFO:root:-- EPOCH 75 (2.695 seconds):
INFO:root:COST >> 2.0212 +/- 0.0125, % updates: 79.271%
INFO:root:-- EPOCH 76 (2.756 seconds):
INFO:root:COST >> 2.0141 +/- 0.0085, % updates: 79.245%
INFO:root:-- EPOCH 77 (2.106 seconds):
INFO:root:COST >> 2.0218 +/- 0.0112, % updates: 79.32%
INFO:root:-- EPOCH 78 (1.921 seconds):
INFO:root:COST >> 2.0118 +/- 0.0099, % updates: 79.135%
INFO:root:-- EPOCH 79 (1.866 seconds):
INFO:root:COST >> 2.0126 +/- 0.009, % updates: 79.182%
INFO:root:-- EPOCH 80 (1.872 seconds):
INFO:root:COST >> 2.0109 +/- 0.0087, % updates: 79.013%
INFO:root:-- EPOCH 81 (1.733 seconds):
INFO:root:COST >> 2.0105 +/- 0.011, % updates: 78.989%
INFO:root:-- EPOCH 82 (1.818 seconds):
INFO:root:COST >> 2.0069 +/- 0.0138, % updates: 79.129%
INFO:root:-- EPOCH 83 (1.869 seconds):
INFO:root:COST >> 2.0061 +/- 0.0086, % updates: 79.125%
INFO:root:-- EPOCH 84 (2.002 seconds):
INFO:root:COST >> 2.0089 +/- 0.0111, % updates: 78.973%
INFO:root:-- EPOCH 85 (1.846 seconds):
INFO:root:COST >> 2.0052 +/- 0.0115, % updates: 78.903%
INFO:root:-- EPOCH 86 (1.903 seconds):
INFO:root:COST >> 2.0015 +/- 0.0119, % updates: 78.931%
INFO:root:-- EPOCH 87 (1.922 seconds):
INFO:root:COST >> 1.999 +/- 0.0093, % updates: 78.88%
INFO:root:-- EPOCH 88 (2.223 seconds):
INFO:root:COST >> 1.9953 +/- 0.0047, % updates: 78.834%
INFO:root:-- EPOCH 89 (2.265 seconds):
INFO:root:COST >> 1.9979 +/- 0.015, % updates: 78.92%
INFO:root:-- EPOCH 90 (2.279 seconds):
INFO:root:COST >> 1.9951 +/- 0.0114, % updates: 78.694%
INFO:root:-- EPOCH 91 (2.173 seconds):
INFO:root:COST >> 1.991 +/- 0.0113, % updates: 78.731%
INFO:root:-- EPOCH 92 (2.247 seconds):
INFO:root:COST >> 1.9938 +/- 0.0095, % updates: 78.798%
INFO:root:-- EPOCH 93 (2.209 seconds):
INFO:root:COST >> 1.993 +/- 0.0113, % updates: 78.785%
INFO:root:-- EPOCH 94 (2.144 seconds):
INFO:root:COST >> 1.9891 +/- 0.0127, % updates: 78.62%
INFO:root:-- EPOCH 95 (1.434 seconds):
INFO:root:COST >> 1.9944 +/- 0.0115, % updates: 78.732%
INFO:root:-- EPOCH 96 (1.629 seconds):
INFO:root:COST >> 1.9838 +/- 0.0075, % updates: 78.593%
INFO:root:-- EPOCH 97 (1.702 seconds):
INFO:root:COST >> 1.9808 +/- 0.0119, % updates: 78.574%
INFO:root:-- EPOCH 98 (1.879 seconds):
INFO:root:COST >> 1.9819 +/- 0.0114, % updates: 78.491%
INFO:root:-- EPOCH 99 (2.17 seconds):
INFO:root:COST >> 1.98 +/- 0.014, % updates: 78.408%
INFO:root:-- EPOCH 100 (2.044 seconds):
INFO:root:COST >> 1.9809 +/- 0.009, % updates: 78.427%
