INFO:root:Shape for training set: (40961, 141442)
INFO:root:State: {'ndim': '20', 'test_all': 'None', 'test_path': 'None', 'nhid': '50', 'lremb': '0.1', 'seed': '8', 'simfn': 'L1', 'valid_path': 'None', 'nbatches': '10', 'lrparam': '0.1', 'decay': '0.999', 'show_hinton_diagrams': 'False', 'no_rescaling': 'True', 'Nrel': '18', 'ranking_score_right': 'False', 'Nent': '40961', 'Nsyn': '40943', 'method': 'MOMENTUM', 'loss_margin': '1.0', 'C': '1.0', 'epsilon': '1e-06', 'use_db': 'True', 'max_lr': 'None', 'l1_param_weight': 'None', 'filtered': 'False', 'name': 'wn_opt/wn_MOMENTUM_268', 'totepochs': '100', 'l2_param_weight': 'None', 'train_path': 'data/wn/WN-train.pkl', 'op': 'TransE'}
INFO:root:Starting the Experiment ..
INFO:root:-- EPOCH 1 (1.506 seconds):
INFO:root:COST >> 2.528 +/- 0.1955, % updates: 65.923%
INFO:root:-- EPOCH 2 (1.463 seconds):
INFO:root:COST >> 2.2576 +/- 0.183, % updates: 52.622%
INFO:root:-- EPOCH 3 (1.476 seconds):
INFO:root:COST >> 2.1228 +/- 0.1864, % updates: 50.401%
INFO:root:-- EPOCH 4 (1.456 seconds):
INFO:root:COST >> 2.0594 +/- 0.1813, % updates: 49.56%
INFO:root:-- EPOCH 5 (1.495 seconds):
INFO:root:COST >> 2.0263 +/- 0.1793, % updates: 49.154%
INFO:root:-- EPOCH 6 (1.461 seconds):
INFO:root:COST >> 1.9925 +/- 0.1793, % updates: 48.714%
INFO:root:-- EPOCH 7 (1.519 seconds):
INFO:root:COST >> 1.9772 +/- 0.1776, % updates: 48.59%
INFO:root:-- EPOCH 8 (1.48 seconds):
INFO:root:COST >> 1.9594 +/- 0.1795, % updates: 48.474%
INFO:root:-- EPOCH 9 (1.522 seconds):
INFO:root:COST >> 1.9267 +/- 0.1663, % updates: 48.118%
INFO:root:-- EPOCH 10 (1.486 seconds):
INFO:root:COST >> 1.9218 +/- 0.1655, % updates: 48.009%
INFO:root:-- EPOCH 11 (1.515 seconds):
INFO:root:COST >> 1.9226 +/- 0.1698, % updates: 48.031%
INFO:root:-- EPOCH 12 (1.3 seconds):
INFO:root:COST >> 1.9077 +/- 0.1721, % updates: 47.896%
INFO:root:-- EPOCH 13 (1.127 seconds):
INFO:root:COST >> 1.9003 +/- 0.1704, % updates: 47.789%
INFO:root:-- EPOCH 14 (1.094 seconds):
INFO:root:COST >> 1.9025 +/- 0.1683, % updates: 47.868%
INFO:root:-- EPOCH 15 (1.16 seconds):
INFO:root:COST >> 1.8934 +/- 0.1634, % updates: 47.813%
INFO:root:-- EPOCH 16 (1.165 seconds):
INFO:root:COST >> 1.894 +/- 0.1635, % updates: 47.74%
INFO:root:-- EPOCH 17 (1.474 seconds):
INFO:root:COST >> 1.8744 +/- 0.1599, % updates: 47.613%
INFO:root:-- EPOCH 18 (1.491 seconds):
INFO:root:COST >> 1.8779 +/- 0.1632, % updates: 47.568%
INFO:root:-- EPOCH 19 (1.464 seconds):
INFO:root:COST >> 1.8812 +/- 0.1632, % updates: 47.679%
INFO:root:-- EPOCH 20 (1.463 seconds):
INFO:root:COST >> 1.8785 +/- 0.1518, % updates: 47.667%
INFO:root:-- EPOCH 21 (1.468 seconds):
INFO:root:COST >> 1.8695 +/- 0.1684, % updates: 47.556%
INFO:root:-- EPOCH 22 (1.474 seconds):
INFO:root:COST >> 1.8701 +/- 0.162, % updates: 47.509%
INFO:root:-- EPOCH 23 (1.46 seconds):
INFO:root:COST >> 1.8588 +/- 0.1634, % updates: 47.48%
INFO:root:-- EPOCH 24 (1.481 seconds):
INFO:root:COST >> 1.8556 +/- 0.1661, % updates: 47.338%
INFO:root:-- EPOCH 25 (1.478 seconds):
INFO:root:COST >> 1.8546 +/- 0.1632, % updates: 47.416%
INFO:root:-- EPOCH 26 (1.511 seconds):
INFO:root:COST >> 1.8574 +/- 0.1612, % updates: 47.47%
INFO:root:-- EPOCH 27 (1.511 seconds):
INFO:root:COST >> 1.8563 +/- 0.1593, % updates: 47.314%
INFO:root:-- EPOCH 28 (1.531 seconds):
INFO:root:COST >> 1.8572 +/- 0.1592, % updates: 47.424%
INFO:root:-- EPOCH 29 (1.522 seconds):
INFO:root:COST >> 1.8517 +/- 0.1583, % updates: 47.379%
INFO:root:-- EPOCH 30 (1.525 seconds):
INFO:root:COST >> 1.8488 +/- 0.1606, % updates: 47.237%
INFO:root:-- EPOCH 31 (1.535 seconds):
INFO:root:COST >> 1.8428 +/- 0.1597, % updates: 47.305%
INFO:root:-- EPOCH 32 (1.536 seconds):
INFO:root:COST >> 1.8435 +/- 0.1641, % updates: 47.251%
INFO:root:-- EPOCH 33 (1.485 seconds):
INFO:root:COST >> 1.8537 +/- 0.1631, % updates: 47.509%
INFO:root:-- EPOCH 34 (1.477 seconds):
INFO:root:COST >> 1.8474 +/- 0.1596, % updates: 47.203%
INFO:root:-- EPOCH 35 (1.493 seconds):
INFO:root:COST >> 1.8436 +/- 0.1561, % updates: 47.236%
INFO:root:-- EPOCH 36 (1.503 seconds):
INFO:root:COST >> 1.8482 +/- 0.1618, % updates: 47.359%
INFO:root:-- EPOCH 37 (1.523 seconds):
INFO:root:COST >> 1.8421 +/- 0.1595, % updates: 47.366%
INFO:root:-- EPOCH 38 (1.485 seconds):
INFO:root:COST >> 1.8402 +/- 0.1593, % updates: 47.262%
INFO:root:-- EPOCH 39 (1.486 seconds):
INFO:root:COST >> 1.844 +/- 0.1565, % updates: 47.325%
INFO:root:-- EPOCH 40 (1.459 seconds):
INFO:root:COST >> 1.8425 +/- 0.1566, % updates: 47.246%
INFO:root:-- EPOCH 41 (1.458 seconds):
INFO:root:COST >> 1.8432 +/- 0.1626, % updates: 47.228%
INFO:root:-- EPOCH 42 (1.469 seconds):
INFO:root:COST >> 1.8381 +/- 0.1606, % updates: 47.324%
INFO:root:-- EPOCH 43 (1.466 seconds):
INFO:root:COST >> 1.8359 +/- 0.1634, % updates: 47.192%
INFO:root:-- EPOCH 44 (1.455 seconds):
INFO:root:COST >> 1.8424 +/- 0.1541, % updates: 47.47%
INFO:root:-- EPOCH 45 (1.459 seconds):
INFO:root:COST >> 1.8298 +/- 0.1476, % updates: 47.13%
INFO:root:-- EPOCH 46 (1.463 seconds):
INFO:root:COST >> 1.8358 +/- 0.1595, % updates: 47.217%
INFO:root:-- EPOCH 47 (1.456 seconds):
INFO:root:COST >> 1.8451 +/- 0.1529, % updates: 47.333%
INFO:root:-- EPOCH 48 (1.459 seconds):
INFO:root:COST >> 1.837 +/- 0.1571, % updates: 47.281%
INFO:root:-- EPOCH 49 (1.471 seconds):
INFO:root:COST >> 1.833 +/- 0.1591, % updates: 47.249%
INFO:root:-- EPOCH 50 (1.503 seconds):
INFO:root:COST >> 1.8348 +/- 0.1562, % updates: 47.239%
INFO:root:-- EPOCH 51 (1.472 seconds):
INFO:root:COST >> 1.832 +/- 0.1561, % updates: 47.225%
INFO:root:-- EPOCH 52 (1.443 seconds):
INFO:root:COST >> 1.83 +/- 0.155, % updates: 47.101%
INFO:root:-- EPOCH 53 (1.469 seconds):
INFO:root:COST >> 1.8292 +/- 0.1568, % updates: 47.259%
INFO:root:-- EPOCH 54 (1.514 seconds):
INFO:root:COST >> 1.8364 +/- 0.1509, % updates: 47.32%
INFO:root:-- EPOCH 55 (1.452 seconds):
INFO:root:COST >> 1.8394 +/- 0.1584, % updates: 47.255%
INFO:root:-- EPOCH 56 (1.49 seconds):
INFO:root:COST >> 1.8344 +/- 0.1595, % updates: 47.154%
INFO:root:-- EPOCH 57 (1.469 seconds):
INFO:root:COST >> 1.8333 +/- 0.1686, % updates: 47.282%
INFO:root:-- EPOCH 58 (1.487 seconds):
INFO:root:COST >> 1.8339 +/- 0.1626, % updates: 47.125%
INFO:root:-- EPOCH 59 (1.478 seconds):
INFO:root:COST >> 1.8329 +/- 0.16, % updates: 47.263%
INFO:root:-- EPOCH 60 (1.512 seconds):
INFO:root:COST >> 1.8302 +/- 0.163, % updates: 47.053%
INFO:root:-- EPOCH 61 (1.502 seconds):
INFO:root:COST >> 1.8274 +/- 0.1613, % updates: 47.157%
INFO:root:-- EPOCH 62 (1.459 seconds):
INFO:root:COST >> 1.8319 +/- 0.1522, % updates: 47.19%
INFO:root:-- EPOCH 63 (1.461 seconds):
INFO:root:COST >> 1.8339 +/- 0.1542, % updates: 47.237%
INFO:root:-- EPOCH 64 (1.507 seconds):
INFO:root:COST >> 1.8331 +/- 0.1658, % updates: 47.257%
INFO:root:-- EPOCH 65 (1.49 seconds):
INFO:root:COST >> 1.8259 +/- 0.1565, % updates: 47.151%
INFO:root:-- EPOCH 66 (1.508 seconds):
INFO:root:COST >> 1.8322 +/- 0.1563, % updates: 47.238%
INFO:root:-- EPOCH 67 (1.479 seconds):
INFO:root:COST >> 1.8262 +/- 0.1618, % updates: 47.119%
INFO:root:-- EPOCH 68 (1.463 seconds):
INFO:root:COST >> 1.832 +/- 0.156, % updates: 47.137%
INFO:root:-- EPOCH 69 (1.465 seconds):
INFO:root:COST >> 1.833 +/- 0.1539, % updates: 47.153%
INFO:root:-- EPOCH 70 (1.514 seconds):
INFO:root:COST >> 1.833 +/- 0.1511, % updates: 47.149%
INFO:root:-- EPOCH 71 (1.468 seconds):
INFO:root:COST >> 1.8318 +/- 0.1552, % updates: 47.274%
INFO:root:-- EPOCH 72 (1.487 seconds):
INFO:root:COST >> 1.8274 +/- 0.1506, % updates: 47.091%
INFO:root:-- EPOCH 73 (1.467 seconds):
INFO:root:COST >> 1.8344 +/- 0.1641, % updates: 47.165%
INFO:root:-- EPOCH 74 (1.5 seconds):
INFO:root:COST >> 1.8295 +/- 0.1563, % updates: 47.123%
INFO:root:-- EPOCH 75 (1.474 seconds):
INFO:root:COST >> 1.829 +/- 0.1504, % updates: 47.204%
INFO:root:-- EPOCH 76 (1.488 seconds):
INFO:root:COST >> 1.8299 +/- 0.1576, % updates: 47.18%
INFO:root:-- EPOCH 77 (1.49 seconds):
INFO:root:COST >> 1.8299 +/- 0.161, % updates: 47.201%
INFO:root:-- EPOCH 78 (1.46 seconds):
INFO:root:COST >> 1.8279 +/- 0.151, % updates: 47.115%
INFO:root:-- EPOCH 79 (1.445 seconds):
INFO:root:COST >> 1.8247 +/- 0.1568, % updates: 47.126%
INFO:root:-- EPOCH 80 (1.439 seconds):
INFO:root:COST >> 1.8232 +/- 0.1634, % updates: 47.028%
INFO:root:-- EPOCH 81 (1.447 seconds):
INFO:root:COST >> 1.828 +/- 0.1505, % updates: 47.134%
INFO:root:-- EPOCH 82 (1.465 seconds):
INFO:root:COST >> 1.8192 +/- 0.156, % updates: 47.133%
INFO:root:-- EPOCH 83 (1.477 seconds):
INFO:root:COST >> 1.8262 +/- 0.1674, % updates: 47.059%
INFO:root:-- EPOCH 84 (1.458 seconds):
INFO:root:COST >> 1.8209 +/- 0.1558, % updates: 46.963%
INFO:root:-- EPOCH 85 (1.484 seconds):
INFO:root:COST >> 1.8291 +/- 0.1584, % updates: 47.069%
INFO:root:-- EPOCH 86 (1.465 seconds):
INFO:root:COST >> 1.8306 +/- 0.1467, % updates: 47.179%
INFO:root:-- EPOCH 87 (1.491 seconds):
INFO:root:COST >> 1.8234 +/- 0.161, % updates: 47.133%
INFO:root:-- EPOCH 88 (1.479 seconds):
INFO:root:COST >> 1.8344 +/- 0.1525, % updates: 47.201%
INFO:root:-- EPOCH 89 (1.482 seconds):
INFO:root:COST >> 1.8255 +/- 0.1513, % updates: 47.039%
INFO:root:-- EPOCH 90 (1.467 seconds):
INFO:root:COST >> 1.8274 +/- 0.1658, % updates: 47.042%
INFO:root:-- EPOCH 91 (1.479 seconds):
INFO:root:COST >> 1.8223 +/- 0.1582, % updates: 46.987%
INFO:root:-- EPOCH 92 (1.466 seconds):
INFO:root:COST >> 1.8307 +/- 0.1605, % updates: 47.234%
INFO:root:-- EPOCH 93 (1.486 seconds):
INFO:root:COST >> 1.8264 +/- 0.1632, % updates: 47.027%
INFO:root:-- EPOCH 94 (1.471 seconds):
INFO:root:COST >> 1.8296 +/- 0.1648, % updates: 47.087%
INFO:root:-- EPOCH 95 (1.517 seconds):
INFO:root:COST >> 1.8201 +/- 0.1437, % updates: 47.052%
INFO:root:-- EPOCH 96 (1.482 seconds):
INFO:root:COST >> 1.8284 +/- 0.1557, % updates: 47.122%
INFO:root:-- EPOCH 97 (1.471 seconds):
INFO:root:COST >> 1.8269 +/- 0.1609, % updates: 47.002%
INFO:root:-- EPOCH 98 (1.479 seconds):
INFO:root:COST >> 1.8168 +/- 0.1579, % updates: 47.096%
INFO:root:-- EPOCH 99 (1.471 seconds):
INFO:root:COST >> 1.8283 +/- 0.1565, % updates: 47.116%
INFO:root:-- EPOCH 100 (1.512 seconds):
INFO:root:COST >> 1.8318 +/- 0.1575, % updates: 47.138%
