INFO:root:Shape for training set: (40961, 141442)
INFO:root:State: {'ndim': '20', 'test_all': 'None', 'test_path': 'None', 'nhid': '50', 'lremb': '0.001', 'seed': '6', 'simfn': 'L1', 'valid_path': 'None', 'nbatches': '10', 'lrparam': '0.001', 'decay': '0.5', 'show_hinton_diagrams': 'False', 'no_rescaling': 'True', 'Nrel': '18', 'ranking_score_right': 'False', 'Nent': '40961', 'Nsyn': '40943', 'method': 'MOMENTUM', 'loss_margin': '1.0', 'C': '1.0', 'epsilon': '1e-06', 'use_db': 'True', 'max_lr': 'None', 'l1_param_weight': 'None', 'filtered': 'False', 'name': 'wn_opt/wn_MOMENTUM_196', 'totepochs': '100', 'l2_param_weight': 'None', 'train_path': 'data/wn/WN-train.pkl', 'op': 'TransE'}
INFO:root:Starting the Experiment ..
INFO:root:-- EPOCH 1 (1.523 seconds):
INFO:root:COST >> 2.1039 +/- 0.0639, % updates: 79.111%
INFO:root:-- EPOCH 2 (1.505 seconds):
INFO:root:COST >> 1.8576 +/- 0.0329, % updates: 74.194%
INFO:root:-- EPOCH 3 (1.491 seconds):
INFO:root:COST >> 1.6819 +/- 0.038, % updates: 70.717%
INFO:root:-- EPOCH 4 (1.533 seconds):
INFO:root:COST >> 1.5359 +/- 0.0213, % updates: 67.431%
INFO:root:-- EPOCH 5 (1.469 seconds):
INFO:root:COST >> 1.4256 +/- 0.022, % updates: 64.903%
INFO:root:-- EPOCH 6 (1.472 seconds):
INFO:root:COST >> 1.3298 +/- 0.0187, % updates: 62.416%
INFO:root:-- EPOCH 7 (1.499 seconds):
INFO:root:COST >> 1.2675 +/- 0.034, % updates: 60.637%
INFO:root:-- EPOCH 8 (1.548 seconds):
INFO:root:COST >> 1.2021 +/- 0.0224, % updates: 58.658%
INFO:root:-- EPOCH 9 (1.484 seconds):
INFO:root:COST >> 1.1662 +/- 0.0214, % updates: 57.088%
INFO:root:-- EPOCH 10 (1.528 seconds):
INFO:root:COST >> 1.1477 +/- 0.0213, % updates: 55.724%
INFO:root:-- EPOCH 11 (1.471 seconds):
INFO:root:COST >> 1.1022 +/- 0.0264, % updates: 54.166%
INFO:root:-- EPOCH 12 (1.488 seconds):
INFO:root:COST >> 1.0989 +/- 0.0299, % updates: 53.43%
INFO:root:-- EPOCH 13 (1.526 seconds):
INFO:root:COST >> 1.1229 +/- 0.0255, % updates: 53.181%
INFO:root:-- EPOCH 14 (1.487 seconds):
INFO:root:COST >> 1.1366 +/- 0.0259, % updates: 52.561%
INFO:root:-- EPOCH 15 (1.315 seconds):
INFO:root:COST >> 1.1356 +/- 0.0233, % updates: 51.854%
INFO:root:-- EPOCH 16 (1.156 seconds):
INFO:root:COST >> 1.1701 +/- 0.0321, % updates: 51.934%
INFO:root:-- EPOCH 17 (1.192 seconds):
INFO:root:COST >> 1.1556 +/- 0.0255, % updates: 51.332%
INFO:root:-- EPOCH 18 (1.176 seconds):
INFO:root:COST >> 1.166 +/- 0.0183, % updates: 51.182%
INFO:root:-- EPOCH 19 (1.382 seconds):
INFO:root:COST >> 1.1442 +/- 0.0229, % updates: 50.629%
INFO:root:-- EPOCH 20 (1.491 seconds):
INFO:root:COST >> 1.1972 +/- 0.0334, % updates: 51.112%
INFO:root:-- EPOCH 21 (1.494 seconds):
INFO:root:COST >> 1.1921 +/- 0.0281, % updates: 51.173%
INFO:root:-- EPOCH 22 (1.533 seconds):
INFO:root:COST >> 1.1714 +/- 0.026, % updates: 50.729%
INFO:root:-- EPOCH 23 (1.472 seconds):
INFO:root:COST >> 1.1944 +/- 0.0207, % updates: 51.387%
INFO:root:-- EPOCH 24 (1.506 seconds):
INFO:root:COST >> 1.2034 +/- 0.023, % updates: 51.437%
INFO:root:-- EPOCH 25 (1.495 seconds):
INFO:root:COST >> 1.1973 +/- 0.0142, % updates: 51.632%
INFO:root:-- EPOCH 26 (1.486 seconds):
INFO:root:COST >> 1.1851 +/- 0.0132, % updates: 51.457%
INFO:root:-- EPOCH 27 (1.492 seconds):
INFO:root:COST >> 1.166 +/- 0.0147, % updates: 50.954%
INFO:root:-- EPOCH 28 (1.487 seconds):
INFO:root:COST >> 1.1619 +/- 0.0119, % updates: 51.014%
INFO:root:-- EPOCH 29 (1.496 seconds):
INFO:root:COST >> 1.155 +/- 0.0113, % updates: 51.087%
INFO:root:-- EPOCH 30 (1.5 seconds):
INFO:root:COST >> 1.1431 +/- 0.0082, % updates: 50.883%
INFO:root:-- EPOCH 31 (1.509 seconds):
INFO:root:COST >> 1.1297 +/- 0.0067, % updates: 50.812%
INFO:root:-- EPOCH 32 (1.503 seconds):
INFO:root:COST >> 1.1261 +/- 0.0087, % updates: 50.792%
INFO:root:-- EPOCH 33 (1.519 seconds):
INFO:root:COST >> 1.1179 +/- 0.0134, % updates: 50.645%
INFO:root:-- EPOCH 34 (1.485 seconds):
INFO:root:COST >> 1.1047 +/- 0.0139, % updates: 50.641%
INFO:root:-- EPOCH 35 (1.515 seconds):
INFO:root:COST >> 1.1029 +/- 0.0122, % updates: 50.668%
INFO:root:-- EPOCH 36 (1.489 seconds):
INFO:root:COST >> 1.0934 +/- 0.0118, % updates: 50.511%
INFO:root:-- EPOCH 37 (1.527 seconds):
INFO:root:COST >> 1.0946 +/- 0.0117, % updates: 50.385%
INFO:root:-- EPOCH 38 (1.479 seconds):
INFO:root:COST >> 1.0841 +/- 0.0099, % updates: 50.147%
INFO:root:-- EPOCH 39 (1.5 seconds):
INFO:root:COST >> 1.0708 +/- 0.0144, % updates: 49.687%
INFO:root:-- EPOCH 40 (1.506 seconds):
INFO:root:COST >> 1.0738 +/- 0.0136, % updates: 49.893%
INFO:root:-- EPOCH 41 (1.543 seconds):
INFO:root:COST >> 1.0694 +/- 0.0096, % updates: 49.915%
INFO:root:-- EPOCH 42 (1.474 seconds):
INFO:root:COST >> 1.0639 +/- 0.0088, % updates: 49.957%
INFO:root:-- EPOCH 43 (1.515 seconds):
INFO:root:COST >> 1.0543 +/- 0.0176, % updates: 49.852%
INFO:root:-- EPOCH 44 (1.499 seconds):
INFO:root:COST >> 1.0594 +/- 0.0081, % updates: 50.026%
INFO:root:-- EPOCH 45 (1.535 seconds):
INFO:root:COST >> 1.0585 +/- 0.0136, % updates: 49.994%
INFO:root:-- EPOCH 46 (1.482 seconds):
INFO:root:COST >> 1.0543 +/- 0.0102, % updates: 49.922%
INFO:root:-- EPOCH 47 (1.534 seconds):
INFO:root:COST >> 1.0526 +/- 0.0108, % updates: 49.833%
INFO:root:-- EPOCH 48 (1.518 seconds):
INFO:root:COST >> 1.0545 +/- 0.0142, % updates: 49.886%
INFO:root:-- EPOCH 49 (1.502 seconds):
INFO:root:COST >> 1.0469 +/- 0.0119, % updates: 49.697%
INFO:root:-- EPOCH 50 (1.521 seconds):
INFO:root:COST >> 1.0349 +/- 0.0126, % updates: 49.452%
INFO:root:-- EPOCH 51 (1.538 seconds):
INFO:root:COST >> 1.0374 +/- 0.0102, % updates: 49.576%
INFO:root:-- EPOCH 52 (1.506 seconds):
INFO:root:COST >> 1.0278 +/- 0.0103, % updates: 49.174%
INFO:root:-- EPOCH 53 (1.478 seconds):
INFO:root:COST >> 1.0227 +/- 0.0136, % updates: 48.889%
INFO:root:-- EPOCH 54 (1.489 seconds):
INFO:root:COST >> 1.0259 +/- 0.0151, % updates: 49.071%
INFO:root:-- EPOCH 55 (1.465 seconds):
INFO:root:COST >> 1.0344 +/- 0.0105, % updates: 49.304%
INFO:root:-- EPOCH 56 (1.487 seconds):
INFO:root:COST >> 1.0235 +/- 0.0138, % updates: 48.892%
INFO:root:-- EPOCH 57 (1.543 seconds):
INFO:root:COST >> 1.0317 +/- 0.0145, % updates: 48.83%
INFO:root:-- EPOCH 58 (1.505 seconds):
INFO:root:COST >> 1.0287 +/- 0.0129, % updates: 49.452%
INFO:root:-- EPOCH 59 (1.536 seconds):
INFO:root:COST >> 1.0291 +/- 0.0112, % updates: 49.43%
INFO:root:-- EPOCH 60 (1.494 seconds):
INFO:root:COST >> 1.0315 +/- 0.0136, % updates: 49.42%
INFO:root:-- EPOCH 61 (1.485 seconds):
INFO:root:COST >> 1.0246 +/- 0.0111, % updates: 49.284%
INFO:root:-- EPOCH 62 (1.534 seconds):
INFO:root:COST >> 1.0235 +/- 0.0114, % updates: 49.247%
INFO:root:-- EPOCH 63 (1.473 seconds):
INFO:root:COST >> 1.0217 +/- 0.0124, % updates: 49.207%
INFO:root:-- EPOCH 64 (1.507 seconds):
INFO:root:COST >> 1.0228 +/- 0.0106, % updates: 49.23%
INFO:root:-- EPOCH 65 (1.48 seconds):
INFO:root:COST >> 1.0222 +/- 0.0099, % updates: 49.268%
INFO:root:-- EPOCH 66 (1.554 seconds):
INFO:root:COST >> 1.0211 +/- 0.0151, % updates: 49.287%
INFO:root:-- EPOCH 67 (1.507 seconds):
INFO:root:COST >> 1.0194 +/- 0.01, % updates: 49.219%
INFO:root:-- EPOCH 68 (1.526 seconds):
INFO:root:COST >> 1.0181 +/- 0.0108, % updates: 49.231%
INFO:root:-- EPOCH 69 (1.486 seconds):
INFO:root:COST >> 1.018 +/- 0.0089, % updates: 49.072%
INFO:root:-- EPOCH 70 (1.47 seconds):
INFO:root:COST >> 1.0165 +/- 0.0066, % updates: 49.159%
INFO:root:-- EPOCH 71 (1.462 seconds):
INFO:root:COST >> 1.0122 +/- 0.0126, % updates: 49.021%
INFO:root:-- EPOCH 72 (1.496 seconds):
INFO:root:COST >> 1.014 +/- 0.0087, % updates: 49.053%
INFO:root:-- EPOCH 73 (1.5 seconds):
INFO:root:COST >> 1.0097 +/- 0.0121, % updates: 48.975%
INFO:root:-- EPOCH 74 (1.52 seconds):
INFO:root:COST >> 1.0037 +/- 0.0137, % updates: 48.533%
INFO:root:-- EPOCH 75 (1.494 seconds):
INFO:root:COST >> 1.0078 +/- 0.0153, % updates: 48.401%
INFO:root:-- EPOCH 76 (1.495 seconds):
INFO:root:COST >> 1.0051 +/- 0.0161, % updates: 48.597%
INFO:root:-- EPOCH 77 (1.511 seconds):
INFO:root:COST >> 1.0013 +/- 0.0155, % updates: 48.605%
INFO:root:-- EPOCH 78 (1.476 seconds):
INFO:root:COST >> 1.0114 +/- 0.013, % updates: 49.006%
INFO:root:-- EPOCH 79 (1.489 seconds):
INFO:root:COST >> 1.0062 +/- 0.0091, % updates: 48.84%
INFO:root:-- EPOCH 80 (1.479 seconds):
INFO:root:COST >> 1.0071 +/- 0.011, % updates: 48.836%
INFO:root:-- EPOCH 81 (1.514 seconds):
INFO:root:COST >> 1.0077 +/- 0.0142, % updates: 48.759%
INFO:root:-- EPOCH 82 (1.478 seconds):
INFO:root:COST >> 1.0055 +/- 0.0104, % updates: 48.684%
INFO:root:-- EPOCH 83 (1.524 seconds):
INFO:root:COST >> 1.0066 +/- 0.011, % updates: 48.845%
INFO:root:-- EPOCH 84 (1.525 seconds):
INFO:root:COST >> 1.0047 +/- 0.0121, % updates: 48.737%
INFO:root:-- EPOCH 85 (1.505 seconds):
INFO:root:COST >> 1.0062 +/- 0.0117, % updates: 48.769%
INFO:root:-- EPOCH 86 (1.526 seconds):
INFO:root:COST >> 0.9989 +/- 0.0112, % updates: 48.347%
INFO:root:-- EPOCH 87 (1.52 seconds):
INFO:root:COST >> 1.0023 +/- 0.0094, % updates: 48.633%
INFO:root:-- EPOCH 88 (1.533 seconds):
INFO:root:COST >> 1.0049 +/- 0.0113, % updates: 48.76%
INFO:root:-- EPOCH 89 (1.486 seconds):
INFO:root:COST >> 1.0013 +/- 0.0099, % updates: 48.561%
INFO:root:-- EPOCH 90 (1.523 seconds):
INFO:root:COST >> 0.9999 +/- 0.0123, % updates: 48.609%
INFO:root:-- EPOCH 91 (1.481 seconds):
INFO:root:COST >> 1.0017 +/- 0.0094, % updates: 48.565%
INFO:root:-- EPOCH 92 (1.511 seconds):
INFO:root:COST >> 0.9935 +/- 0.0087, % updates: 48.392%
INFO:root:-- EPOCH 93 (1.529 seconds):
INFO:root:COST >> 0.9918 +/- 0.0164, % updates: 48.354%
INFO:root:-- EPOCH 94 (1.488 seconds):
INFO:root:COST >> 0.9966 +/- 0.0123, % updates: 48.556%
INFO:root:-- EPOCH 95 (1.529 seconds):
INFO:root:COST >> 0.9945 +/- 0.0146, % updates: 48.376%
INFO:root:-- EPOCH 96 (1.463 seconds):
INFO:root:COST >> 0.9995 +/- 0.0101, % updates: 48.564%
INFO:root:-- EPOCH 97 (1.513 seconds):
INFO:root:COST >> 0.9958 +/- 0.0117, % updates: 48.541%
INFO:root:-- EPOCH 98 (1.485 seconds):
INFO:root:COST >> 0.9975 +/- 0.0126, % updates: 48.551%
INFO:root:-- EPOCH 99 (1.473 seconds):
INFO:root:COST >> 0.9988 +/- 0.0107, % updates: 48.476%
INFO:root:-- EPOCH 100 (1.462 seconds):
INFO:root:COST >> 0.9966 +/- 0.0094, % updates: 48.529%
