INFO:root:Shape for training set: (40961, 141442)
INFO:root:State: {'ndim': '20', 'test_all': 'None', 'test_path': 'None', 'nhid': '50', 'lremb': '1e-06', 'seed': '7', 'simfn': 'L1', 'valid_path': 'None', 'nbatches': '10', 'lrparam': '1e-06', 'decay': '0.99', 'show_hinton_diagrams': 'False', 'no_rescaling': 'True', 'Nrel': '18', 'ranking_score_right': 'False', 'Nent': '40961', 'Nsyn': '40943', 'method': 'MOMENTUM', 'loss_margin': '1.0', 'C': '1.0', 'epsilon': '1e-06', 'use_db': 'True', 'max_lr': 'None', 'l1_param_weight': 'None', 'filtered': 'False', 'name': 'wn_opt/wn_MOMENTUM_27', 'totepochs': '100', 'l2_param_weight': 'None', 'train_path': 'data/wn/WN-train.pkl', 'op': 'TransE'}
INFO:root:Starting the Experiment ..
INFO:root:-- EPOCH 1 (1.557 seconds):
INFO:root:COST >> 2.2236 +/- 0.0133, % updates: 81.696%
INFO:root:-- EPOCH 2 (1.535 seconds):
INFO:root:COST >> 2.2204 +/- 0.0095, % updates: 81.637%
INFO:root:-- EPOCH 3 (1.571 seconds):
INFO:root:COST >> 2.213 +/- 0.0088, % updates: 81.78%
INFO:root:-- EPOCH 4 (1.556 seconds):
INFO:root:COST >> 2.2012 +/- 0.0151, % updates: 81.868%
INFO:root:-- EPOCH 5 (1.531 seconds):
INFO:root:COST >> 2.1866 +/- 0.0151, % updates: 81.809%
INFO:root:-- EPOCH 6 (1.542 seconds):
INFO:root:COST >> 2.173 +/- 0.0102, % updates: 81.779%
INFO:root:-- EPOCH 7 (1.59 seconds):
INFO:root:COST >> 2.1579 +/- 0.0103, % updates: 81.804%
INFO:root:-- EPOCH 8 (1.544 seconds):
INFO:root:COST >> 2.1442 +/- 0.012, % updates: 81.583%
INFO:root:-- EPOCH 9 (1.554 seconds):
INFO:root:COST >> 2.1349 +/- 0.0138, % updates: 81.523%
INFO:root:-- EPOCH 10 (1.505 seconds):
INFO:root:COST >> 2.1193 +/- 0.0118, % updates: 81.236%
INFO:root:-- EPOCH 11 (1.516 seconds):
INFO:root:COST >> 2.1065 +/- 0.0053, % updates: 80.986%
INFO:root:-- EPOCH 12 (1.559 seconds):
INFO:root:COST >> 2.1015 +/- 0.0137, % updates: 80.835%
INFO:root:-- EPOCH 13 (1.522 seconds):
INFO:root:COST >> 2.0906 +/- 0.0133, % updates: 80.503%
INFO:root:-- EPOCH 14 (1.54 seconds):
INFO:root:COST >> 2.0772 +/- 0.0087, % updates: 80.267%
INFO:root:-- EPOCH 15 (1.529 seconds):
INFO:root:COST >> 2.0658 +/- 0.0038, % updates: 80.016%
INFO:root:-- EPOCH 16 (1.556 seconds):
INFO:root:COST >> 2.051 +/- 0.0132, % updates: 79.722%
INFO:root:-- EPOCH 17 (1.519 seconds):
INFO:root:COST >> 2.0371 +/- 0.0117, % updates: 79.273%
INFO:root:-- EPOCH 18 (1.513 seconds):
INFO:root:COST >> 2.0224 +/- 0.0129, % updates: 78.927%
INFO:root:-- EPOCH 19 (1.497 seconds):
INFO:root:COST >> 2.0062 +/- 0.0125, % updates: 78.673%
INFO:root:-- EPOCH 20 (1.508 seconds):
INFO:root:COST >> 1.9927 +/- 0.0105, % updates: 78.412%
INFO:root:-- EPOCH 21 (1.512 seconds):
INFO:root:COST >> 1.9776 +/- 0.0134, % updates: 78.072%
INFO:root:-- EPOCH 22 (1.518 seconds):
INFO:root:COST >> 1.9683 +/- 0.0101, % updates: 77.823%
INFO:root:-- EPOCH 23 (1.477 seconds):
INFO:root:COST >> 1.951 +/- 0.0102, % updates: 77.436%
INFO:root:-- EPOCH 24 (1.542 seconds):
INFO:root:COST >> 1.9405 +/- 0.0055, % updates: 77.331%
INFO:root:-- EPOCH 25 (1.515 seconds):
INFO:root:COST >> 1.9265 +/- 0.011, % updates: 77.1%
INFO:root:-- EPOCH 26 (1.501 seconds):
INFO:root:COST >> 1.9174 +/- 0.0093, % updates: 76.915%
INFO:root:-- EPOCH 27 (1.508 seconds):
INFO:root:COST >> 1.9018 +/- 0.0074, % updates: 76.779%
INFO:root:-- EPOCH 28 (1.582 seconds):
INFO:root:COST >> 1.8894 +/- 0.0109, % updates: 76.478%
INFO:root:-- EPOCH 29 (1.528 seconds):
INFO:root:COST >> 1.8777 +/- 0.0088, % updates: 76.266%
INFO:root:-- EPOCH 30 (1.546 seconds):
INFO:root:COST >> 1.8612 +/- 0.0102, % updates: 75.995%
INFO:root:-- EPOCH 31 (1.533 seconds):
INFO:root:COST >> 1.8491 +/- 0.0133, % updates: 75.673%
INFO:root:-- EPOCH 32 (1.536 seconds):
INFO:root:COST >> 1.8355 +/- 0.0089, % updates: 75.372%
INFO:root:-- EPOCH 33 (1.546 seconds):
INFO:root:COST >> 1.8238 +/- 0.0124, % updates: 75.2%
INFO:root:-- EPOCH 34 (1.508 seconds):
INFO:root:COST >> 1.8106 +/- 0.0121, % updates: 74.907%
INFO:root:-- EPOCH 35 (1.552 seconds):
INFO:root:COST >> 1.7957 +/- 0.0156, % updates: 74.695%
INFO:root:-- EPOCH 36 (1.499 seconds):
INFO:root:COST >> 1.7897 +/- 0.0108, % updates: 74.516%
INFO:root:-- EPOCH 37 (1.523 seconds):
INFO:root:COST >> 1.7773 +/- 0.0172, % updates: 74.173%
INFO:root:-- EPOCH 38 (1.534 seconds):
INFO:root:COST >> 1.7613 +/- 0.012, % updates: 73.951%
INFO:root:-- EPOCH 39 (1.516 seconds):
INFO:root:COST >> 1.7548 +/- 0.0105, % updates: 73.719%
INFO:root:-- EPOCH 40 (1.516 seconds):
INFO:root:COST >> 1.7413 +/- 0.0078, % updates: 73.674%
INFO:root:-- EPOCH 41 (1.503 seconds):
INFO:root:COST >> 1.7281 +/- 0.0103, % updates: 73.34%
INFO:root:-- EPOCH 42 (1.497 seconds):
INFO:root:COST >> 1.7157 +/- 0.0129, % updates: 73.115%
INFO:root:-- EPOCH 43 (1.508 seconds):
INFO:root:COST >> 1.7024 +/- 0.0153, % updates: 72.841%
INFO:root:-- EPOCH 44 (1.516 seconds):
INFO:root:COST >> 1.6908 +/- 0.0086, % updates: 72.538%
INFO:root:-- EPOCH 45 (1.55 seconds):
INFO:root:COST >> 1.681 +/- 0.0085, % updates: 72.459%
INFO:root:-- EPOCH 46 (1.515 seconds):
INFO:root:COST >> 1.6706 +/- 0.0097, % updates: 72.119%
INFO:root:-- EPOCH 47 (1.526 seconds):
INFO:root:COST >> 1.6547 +/- 0.0107, % updates: 71.913%
INFO:root:-- EPOCH 48 (1.515 seconds):
INFO:root:COST >> 1.6466 +/- 0.016, % updates: 71.724%
INFO:root:-- EPOCH 49 (1.522 seconds):
INFO:root:COST >> 1.6359 +/- 0.0111, % updates: 71.686%
INFO:root:-- EPOCH 50 (1.557 seconds):
INFO:root:COST >> 1.6256 +/- 0.0057, % updates: 71.298%
INFO:root:-- EPOCH 51 (1.532 seconds):
INFO:root:COST >> 1.6154 +/- 0.0108, % updates: 71.146%
INFO:root:-- EPOCH 52 (1.609 seconds):
INFO:root:COST >> 1.6009 +/- 0.0045, % updates: 70.88%
INFO:root:-- EPOCH 53 (1.562 seconds):
INFO:root:COST >> 1.5969 +/- 0.0095, % updates: 70.804%
INFO:root:-- EPOCH 54 (1.506 seconds):
INFO:root:COST >> 1.5821 +/- 0.0099, % updates: 70.406%
INFO:root:-- EPOCH 55 (1.543 seconds):
INFO:root:COST >> 1.5701 +/- 0.012, % updates: 70.264%
INFO:root:-- EPOCH 56 (1.547 seconds):
INFO:root:COST >> 1.5646 +/- 0.014, % updates: 70.01%
INFO:root:-- EPOCH 57 (1.525 seconds):
INFO:root:COST >> 1.5552 +/- 0.0102, % updates: 70.007%
INFO:root:-- EPOCH 58 (1.522 seconds):
INFO:root:COST >> 1.5449 +/- 0.0142, % updates: 69.745%
INFO:root:-- EPOCH 59 (1.552 seconds):
INFO:root:COST >> 1.5324 +/- 0.0119, % updates: 69.4%
INFO:root:-- EPOCH 60 (1.53 seconds):
INFO:root:COST >> 1.5236 +/- 0.0111, % updates: 69.182%
INFO:root:-- EPOCH 61 (1.519 seconds):
INFO:root:COST >> 1.5138 +/- 0.0089, % updates: 69.112%
INFO:root:-- EPOCH 62 (1.519 seconds):
INFO:root:COST >> 1.5045 +/- 0.0074, % updates: 68.894%
INFO:root:-- EPOCH 63 (1.521 seconds):
INFO:root:COST >> 1.4939 +/- 0.0098, % updates: 68.593%
INFO:root:-- EPOCH 64 (1.535 seconds):
INFO:root:COST >> 1.4816 +/- 0.0061, % updates: 68.43%
INFO:root:-- EPOCH 65 (1.531 seconds):
INFO:root:COST >> 1.4794 +/- 0.013, % updates: 68.314%
INFO:root:-- EPOCH 66 (1.504 seconds):
INFO:root:COST >> 1.4617 +/- 0.0099, % updates: 67.926%
INFO:root:-- EPOCH 67 (1.526 seconds):
INFO:root:COST >> 1.4527 +/- 0.0067, % updates: 67.713%
INFO:root:-- EPOCH 68 (1.525 seconds):
INFO:root:COST >> 1.4456 +/- 0.0145, % updates: 67.544%
INFO:root:-- EPOCH 69 (1.532 seconds):
INFO:root:COST >> 1.4353 +/- 0.0109, % updates: 67.281%
INFO:root:-- EPOCH 70 (1.529 seconds):
INFO:root:COST >> 1.4271 +/- 0.0159, % updates: 67.16%
INFO:root:-- EPOCH 71 (1.512 seconds):
INFO:root:COST >> 1.4195 +/- 0.0088, % updates: 66.973%
INFO:root:-- EPOCH 72 (1.514 seconds):
INFO:root:COST >> 1.4113 +/- 0.0123, % updates: 66.731%
INFO:root:-- EPOCH 73 (1.499 seconds):
INFO:root:COST >> 1.4031 +/- 0.0082, % updates: 66.609%
INFO:root:-- EPOCH 74 (1.514 seconds):
INFO:root:COST >> 1.3921 +/- 0.0067, % updates: 66.309%
INFO:root:-- EPOCH 75 (1.512 seconds):
INFO:root:COST >> 1.3853 +/- 0.0092, % updates: 66.279%
INFO:root:-- EPOCH 76 (1.549 seconds):
INFO:root:COST >> 1.3776 +/- 0.0069, % updates: 66.029%
INFO:root:-- EPOCH 77 (1.535 seconds):
INFO:root:COST >> 1.3737 +/- 0.007, % updates: 65.88%
INFO:root:-- EPOCH 78 (1.543 seconds):
INFO:root:COST >> 1.3581 +/- 0.0094, % updates: 65.62%
INFO:root:-- EPOCH 79 (1.526 seconds):
INFO:root:COST >> 1.3527 +/- 0.0072, % updates: 65.378%
INFO:root:-- EPOCH 80 (1.526 seconds):
INFO:root:COST >> 1.3447 +/- 0.0066, % updates: 65.3%
INFO:root:-- EPOCH 81 (1.547 seconds):
INFO:root:COST >> 1.3307 +/- 0.0055, % updates: 64.987%
INFO:root:-- EPOCH 82 (1.528 seconds):
INFO:root:COST >> 1.3291 +/- 0.008, % updates: 64.965%
INFO:root:-- EPOCH 83 (1.534 seconds):
INFO:root:COST >> 1.3172 +/- 0.0125, % updates: 64.52%
INFO:root:-- EPOCH 84 (1.498 seconds):
INFO:root:COST >> 1.311 +/- 0.0073, % updates: 64.585%
INFO:root:-- EPOCH 85 (1.589 seconds):
INFO:root:COST >> 1.3076 +/- 0.0094, % updates: 64.377%
INFO:root:-- EPOCH 86 (1.569 seconds):
INFO:root:COST >> 1.2946 +/- 0.0083, % updates: 64.03%
INFO:root:-- EPOCH 87 (1.527 seconds):
INFO:root:COST >> 1.2878 +/- 0.0095, % updates: 63.826%
INFO:root:-- EPOCH 88 (1.52 seconds):
INFO:root:COST >> 1.285 +/- 0.011, % updates: 63.742%
INFO:root:-- EPOCH 89 (1.528 seconds):
INFO:root:COST >> 1.2732 +/- 0.0069, % updates: 63.515%
INFO:root:-- EPOCH 90 (1.533 seconds):
INFO:root:COST >> 1.2736 +/- 0.0096, % updates: 63.516%
INFO:root:-- EPOCH 91 (1.535 seconds):
INFO:root:COST >> 1.2596 +/- 0.0109, % updates: 63.267%
INFO:root:-- EPOCH 92 (1.567 seconds):
INFO:root:COST >> 1.2544 +/- 0.0122, % updates: 63.061%
INFO:root:-- EPOCH 93 (1.52 seconds):
INFO:root:COST >> 1.251 +/- 0.0105, % updates: 62.952%
INFO:root:-- EPOCH 94 (1.571 seconds):
INFO:root:COST >> 1.2389 +/- 0.0079, % updates: 62.674%
INFO:root:-- EPOCH 95 (1.534 seconds):
INFO:root:COST >> 1.231 +/- 0.0058, % updates: 62.553%
INFO:root:-- EPOCH 96 (1.527 seconds):
INFO:root:COST >> 1.2245 +/- 0.0092, % updates: 62.355%
INFO:root:-- EPOCH 97 (1.52 seconds):
INFO:root:COST >> 1.2145 +/- 0.0143, % updates: 62.113%
INFO:root:-- EPOCH 98 (1.508 seconds):
INFO:root:COST >> 1.2112 +/- 0.0085, % updates: 61.924%
INFO:root:-- EPOCH 99 (1.426 seconds):
INFO:root:COST >> 1.2022 +/- 0.0092, % updates: 61.811%
INFO:root:-- EPOCH 100 (1.174 seconds):
INFO:root:COST >> 1.1997 +/- 0.0086, % updates: 61.644%
