INFO:root:Shape for training set: (40961, 141442)
INFO:root:State: {'ndim': '20', 'test_all': 'None', 'test_path': 'None', 'nhid': '50', 'lremb': '0.0001', 'seed': '4', 'simfn': 'L1', 'valid_path': 'None', 'nbatches': '10', 'lrparam': '0.0001', 'decay': '0.99', 'show_hinton_diagrams': 'False', 'no_rescaling': 'True', 'Nrel': '18', 'ranking_score_right': 'False', 'Nent': '40961', 'Nsyn': '40943', 'method': 'MOMENTUM', 'loss_margin': '1.0', 'C': '1.0', 'epsilon': '1e-06', 'use_db': 'True', 'max_lr': 'None', 'l1_param_weight': 'None', 'filtered': 'False', 'name': 'wn_opt/wn_MOMENTUM_124', 'totepochs': '100', 'l2_param_weight': 'None', 'train_path': 'data/wn/WN-train.pkl', 'op': 'TransE'}
INFO:root:Starting the Experiment ..
INFO:root:-- EPOCH 1 (1.508 seconds):
INFO:root:COST >> 2.1854 +/- 0.0309, % updates: 81.811%
INFO:root:-- EPOCH 2 (1.556 seconds):
INFO:root:COST >> 2.0467 +/- 0.0351, % updates: 77.611%
INFO:root:-- EPOCH 3 (1.556 seconds):
INFO:root:COST >> 1.8864 +/- 0.0544, % updates: 73.545%
INFO:root:-- EPOCH 4 (1.719 seconds):
INFO:root:COST >> 1.6969 +/- 0.0545, % updates: 68.688%
INFO:root:-- EPOCH 5 (1.565 seconds):
INFO:root:COST >> 1.5131 +/- 0.0466, % updates: 64.568%
INFO:root:-- EPOCH 6 (1.549 seconds):
INFO:root:COST >> 1.3271 +/- 0.0437, % updates: 60.362%
INFO:root:-- EPOCH 7 (1.689 seconds):
INFO:root:COST >> 1.1637 +/- 0.037, % updates: 55.627%
INFO:root:-- EPOCH 8 (1.691 seconds):
INFO:root:COST >> 1.0249 +/- 0.0299, % updates: 51.523%
INFO:root:-- EPOCH 9 (1.564 seconds):
INFO:root:COST >> 0.9083 +/- 0.0243, % updates: 47.696%
INFO:root:-- EPOCH 10 (1.534 seconds):
INFO:root:COST >> 0.8197 +/- 0.0248, % updates: 44.597%
INFO:root:-- EPOCH 11 (1.646 seconds):
INFO:root:COST >> 0.7384 +/- 0.0223, % updates: 41.649%
INFO:root:-- EPOCH 12 (1.541 seconds):
INFO:root:COST >> 0.6694 +/- 0.0163, % updates: 39.116%
INFO:root:-- EPOCH 13 (1.493 seconds):
INFO:root:COST >> 0.619 +/- 0.0184, % updates: 37.163%
INFO:root:-- EPOCH 14 (1.477 seconds):
INFO:root:COST >> 0.5657 +/- 0.0151, % updates: 34.8%
INFO:root:-- EPOCH 15 (1.559 seconds):
INFO:root:COST >> 0.522 +/- 0.0113, % updates: 33.201%
INFO:root:-- EPOCH 16 (1.488 seconds):
INFO:root:COST >> 0.4793 +/- 0.0145, % updates: 31.429%
INFO:root:-- EPOCH 17 (1.498 seconds):
INFO:root:COST >> 0.44 +/- 0.0122, % updates: 29.873%
INFO:root:-- EPOCH 18 (1.497 seconds):
INFO:root:COST >> 0.4006 +/- 0.0095, % updates: 27.93%
INFO:root:-- EPOCH 19 (1.526 seconds):
INFO:root:COST >> 0.3657 +/- 0.0111, % updates: 26.452%
INFO:root:-- EPOCH 20 (1.5 seconds):
INFO:root:COST >> 0.3351 +/- 0.0093, % updates: 25.162%
INFO:root:-- EPOCH 21 (1.169 seconds):
INFO:root:COST >> 0.3076 +/- 0.0092, % updates: 23.412%
INFO:root:-- EPOCH 22 (1.109 seconds):
INFO:root:COST >> 0.2808 +/- 0.0085, % updates: 22.127%
INFO:root:-- EPOCH 23 (1.156 seconds):
INFO:root:COST >> 0.257 +/- 0.0083, % updates: 21.051%
INFO:root:-- EPOCH 24 (1.209 seconds):
INFO:root:COST >> 0.2357 +/- 0.0067, % updates: 19.646%
INFO:root:-- EPOCH 25 (1.504 seconds):
INFO:root:COST >> 0.2179 +/- 0.0061, % updates: 18.682%
INFO:root:-- EPOCH 26 (1.496 seconds):
INFO:root:COST >> 0.2012 +/- 0.0074, % updates: 17.726%
INFO:root:-- EPOCH 27 (1.519 seconds):
INFO:root:COST >> 0.1889 +/- 0.0086, % updates: 16.883%
INFO:root:-- EPOCH 28 (1.535 seconds):
INFO:root:COST >> 0.1718 +/- 0.0036, % updates: 15.811%
INFO:root:-- EPOCH 29 (1.478 seconds):
INFO:root:COST >> 0.1589 +/- 0.004, % updates: 15.037%
INFO:root:-- EPOCH 30 (1.471 seconds):
INFO:root:COST >> 0.1496 +/- 0.0069, % updates: 14.416%
INFO:root:-- EPOCH 31 (1.475 seconds):
INFO:root:COST >> 0.1404 +/- 0.0054, % updates: 13.769%
INFO:root:-- EPOCH 32 (1.494 seconds):
INFO:root:COST >> 0.1329 +/- 0.0044, % updates: 13.269%
INFO:root:-- EPOCH 33 (1.5 seconds):
INFO:root:COST >> 0.1219 +/- 0.0062, % updates: 12.508%
INFO:root:-- EPOCH 34 (1.484 seconds):
INFO:root:COST >> 0.1175 +/- 0.0052, % updates: 12.13%
INFO:root:-- EPOCH 35 (1.495 seconds):
INFO:root:COST >> 0.1087 +/- 0.0041, % updates: 11.522%
INFO:root:-- EPOCH 36 (1.516 seconds):
INFO:root:COST >> 0.1054 +/- 0.0053, % updates: 11.245%
INFO:root:-- EPOCH 37 (1.476 seconds):
INFO:root:COST >> 0.0969 +/- 0.0034, % updates: 10.611%
INFO:root:-- EPOCH 38 (1.476 seconds):
INFO:root:COST >> 0.0923 +/- 0.0035, % updates: 10.184%
INFO:root:-- EPOCH 39 (1.483 seconds):
INFO:root:COST >> 0.0878 +/- 0.0025, % updates: 9.871%
INFO:root:-- EPOCH 40 (1.597 seconds):
INFO:root:COST >> 0.0831 +/- 0.0028, % updates: 9.463%
INFO:root:-- EPOCH 41 (1.591 seconds):
INFO:root:COST >> 0.0809 +/- 0.0018, % updates: 9.23%
INFO:root:-- EPOCH 42 (1.65 seconds):
INFO:root:COST >> 0.0759 +/- 0.0034, % updates: 8.831%
INFO:root:-- EPOCH 43 (1.534 seconds):
INFO:root:COST >> 0.0722 +/- 0.005, % updates: 8.468%
INFO:root:-- EPOCH 44 (1.603 seconds):
INFO:root:COST >> 0.0681 +/- 0.0013, % updates: 8.168%
INFO:root:-- EPOCH 45 (1.487 seconds):
INFO:root:COST >> 0.0652 +/- 0.0023, % updates: 7.822%
INFO:root:-- EPOCH 46 (1.524 seconds):
INFO:root:COST >> 0.0632 +/- 0.0016, % updates: 7.66%
INFO:root:-- EPOCH 47 (1.765 seconds):
INFO:root:COST >> 0.059 +/- 0.0017, % updates: 7.251%
INFO:root:-- EPOCH 48 (1.609 seconds):
INFO:root:COST >> 0.0568 +/- 0.0031, % updates: 6.979%
INFO:root:-- EPOCH 49 (1.49 seconds):
INFO:root:COST >> 0.0548 +/- 0.0024, % updates: 6.816%
INFO:root:-- EPOCH 50 (1.483 seconds):
INFO:root:COST >> 0.0524 +/- 0.0029, % updates: 6.667%
INFO:root:-- EPOCH 51 (1.502 seconds):
INFO:root:COST >> 0.0524 +/- 0.0018, % updates: 6.557%
INFO:root:-- EPOCH 52 (1.527 seconds):
INFO:root:COST >> 0.0485 +/- 0.0016, % updates: 6.24%
INFO:root:-- EPOCH 53 (1.691 seconds):
INFO:root:COST >> 0.0492 +/- 0.0016, % updates: 6.307%
INFO:root:-- EPOCH 54 (1.673 seconds):
INFO:root:COST >> 0.0475 +/- 0.0023, % updates: 6.091%
INFO:root:-- EPOCH 55 (1.532 seconds):
INFO:root:COST >> 0.0472 +/- 0.0012, % updates: 6.068%
INFO:root:-- EPOCH 56 (1.498 seconds):
INFO:root:COST >> 0.046 +/- 0.0014, % updates: 5.902%
INFO:root:-- EPOCH 57 (1.513 seconds):
INFO:root:COST >> 0.0446 +/- 0.0024, % updates: 5.745%
INFO:root:-- EPOCH 58 (1.534 seconds):
INFO:root:COST >> 0.0433 +/- 0.002, % updates: 5.621%
INFO:root:-- EPOCH 59 (1.532 seconds):
INFO:root:COST >> 0.0419 +/- 0.0013, % updates: 5.423%
INFO:root:-- EPOCH 60 (1.541 seconds):
INFO:root:COST >> 0.0413 +/- 0.002, % updates: 5.437%
INFO:root:-- EPOCH 61 (1.483 seconds):
INFO:root:COST >> 0.0408 +/- 0.0014, % updates: 5.338%
INFO:root:-- EPOCH 62 (1.494 seconds):
INFO:root:COST >> 0.0406 +/- 0.0012, % updates: 5.407%
INFO:root:-- EPOCH 63 (1.55 seconds):
INFO:root:COST >> 0.0389 +/- 0.0015, % updates: 5.173%
INFO:root:-- EPOCH 64 (1.514 seconds):
INFO:root:COST >> 0.0383 +/- 0.0015, % updates: 5.091%
INFO:root:-- EPOCH 65 (1.499 seconds):
INFO:root:COST >> 0.0373 +/- 0.0017, % updates: 4.981%
INFO:root:-- EPOCH 66 (1.495 seconds):
INFO:root:COST >> 0.0369 +/- 0.0012, % updates: 4.849%
INFO:root:-- EPOCH 67 (1.501 seconds):
INFO:root:COST >> 0.0345 +/- 0.0014, % updates: 4.712%
INFO:root:-- EPOCH 68 (1.559 seconds):
INFO:root:COST >> 0.0343 +/- 0.0019, % updates: 4.656%
INFO:root:-- EPOCH 69 (1.627 seconds):
INFO:root:COST >> 0.0329 +/- 0.0016, % updates: 4.538%
INFO:root:-- EPOCH 70 (1.669 seconds):
INFO:root:COST >> 0.0328 +/- 0.0012, % updates: 4.437%
INFO:root:-- EPOCH 71 (1.502 seconds):
INFO:root:COST >> 0.0323 +/- 0.0022, % updates: 4.508%
INFO:root:-- EPOCH 72 (1.909 seconds):
INFO:root:COST >> 0.0317 +/- 0.0013, % updates: 4.411%
INFO:root:-- EPOCH 73 (1.9 seconds):
INFO:root:COST >> 0.0312 +/- 0.001, % updates: 4.35%
INFO:root:-- EPOCH 74 (1.48 seconds):
INFO:root:COST >> 0.0298 +/- 0.0012, % updates: 4.199%
INFO:root:-- EPOCH 75 (1.473 seconds):
INFO:root:COST >> 0.0297 +/- 0.0016, % updates: 4.1%
INFO:root:-- EPOCH 76 (1.449 seconds):
INFO:root:COST >> 0.0295 +/- 0.0013, % updates: 4.097%
INFO:root:-- EPOCH 77 (1.458 seconds):
INFO:root:COST >> 0.0294 +/- 0.0018, % updates: 4.104%
INFO:root:-- EPOCH 78 (1.464 seconds):
INFO:root:COST >> 0.0289 +/- 0.0009, % updates: 4.073%
INFO:root:-- EPOCH 79 (1.482 seconds):
INFO:root:COST >> 0.0288 +/- 0.0014, % updates: 4.038%
INFO:root:-- EPOCH 80 (1.58 seconds):
INFO:root:COST >> 0.0282 +/- 0.0014, % updates: 3.955%
INFO:root:-- EPOCH 81 (1.469 seconds):
INFO:root:COST >> 0.0281 +/- 0.002, % updates: 3.965%
INFO:root:-- EPOCH 82 (1.493 seconds):
INFO:root:COST >> 0.027 +/- 0.0017, % updates: 3.824%
INFO:root:-- EPOCH 83 (1.483 seconds):
INFO:root:COST >> 0.0267 +/- 0.0018, % updates: 3.772%
INFO:root:-- EPOCH 84 (1.5 seconds):
INFO:root:COST >> 0.0259 +/- 0.001, % updates: 3.693%
INFO:root:-- EPOCH 85 (1.47 seconds):
INFO:root:COST >> 0.0261 +/- 0.0016, % updates: 3.699%
INFO:root:-- EPOCH 86 (1.476 seconds):
INFO:root:COST >> 0.0261 +/- 0.001, % updates: 3.713%
INFO:root:-- EPOCH 87 (1.461 seconds):
INFO:root:COST >> 0.0255 +/- 0.0012, % updates: 3.683%
INFO:root:-- EPOCH 88 (1.484 seconds):
INFO:root:COST >> 0.0257 +/- 0.0016, % updates: 3.62%
INFO:root:-- EPOCH 89 (1.523 seconds):
INFO:root:COST >> 0.0254 +/- 0.001, % updates: 3.643%
INFO:root:-- EPOCH 90 (1.513 seconds):
INFO:root:COST >> 0.0249 +/- 0.0011, % updates: 3.521%
INFO:root:-- EPOCH 91 (1.938 seconds):
INFO:root:COST >> 0.0243 +/- 0.0009, % updates: 3.428%
INFO:root:-- EPOCH 92 (1.84 seconds):
INFO:root:COST >> 0.0234 +/- 0.0012, % updates: 3.393%
INFO:root:-- EPOCH 93 (1.857 seconds):
INFO:root:COST >> 0.0233 +/- 0.0011, % updates: 3.384%
INFO:root:-- EPOCH 94 (2.081 seconds):
INFO:root:COST >> 0.0232 +/- 0.0013, % updates: 3.369%
INFO:root:-- EPOCH 95 (2.132 seconds):
INFO:root:COST >> 0.0232 +/- 0.0014, % updates: 3.349%
INFO:root:-- EPOCH 96 (1.466 seconds):
INFO:root:COST >> 0.0223 +/- 0.0014, % updates: 3.207%
INFO:root:-- EPOCH 97 (1.633 seconds):
INFO:root:COST >> 0.0218 +/- 0.0009, % updates: 3.236%
INFO:root:-- EPOCH 98 (1.931 seconds):
INFO:root:COST >> 0.0211 +/- 0.0018, % updates: 3.131%
INFO:root:-- EPOCH 99 (1.632 seconds):
INFO:root:COST >> 0.021 +/- 0.001, % updates: 3.073%
INFO:root:-- EPOCH 100 (1.461 seconds):
INFO:root:COST >> 0.0208 +/- 0.001, % updates: 3.032%
