INFO:root:Shape for training set: (40961, 141442)
INFO:root:State: {'ndim': '20', 'test_all': 'None', 'test_path': 'None', 'nhid': '50', 'lremb': '0.0001', 'seed': '7', 'simfn': 'L1', 'valid_path': 'None', 'nbatches': '10', 'lrparam': '0.0001', 'decay': '0.999', 'show_hinton_diagrams': 'False', 'no_rescaling': 'True', 'Nrel': '18', 'ranking_score_right': 'False', 'Nent': '40961', 'Nsyn': '40943', 'method': 'MOMENTUM', 'loss_margin': '1.0', 'C': '1.0', 'epsilon': '1e-06', 'use_db': 'True', 'max_lr': 'None', 'l1_param_weight': 'None', 'filtered': 'False', 'name': 'wn_opt/wn_MOMENTUM_117', 'totepochs': '100', 'l2_param_weight': 'None', 'train_path': 'data/wn/WN-train.pkl', 'op': 'TransE'}
INFO:root:Starting the Experiment ..
INFO:root:-- EPOCH 1 (1.495 seconds):
INFO:root:COST >> 2.1815 +/- 0.0357, % updates: 81.691%
INFO:root:-- EPOCH 2 (1.535 seconds):
INFO:root:COST >> 2.0458 +/- 0.0445, % updates: 77.94%
INFO:root:-- EPOCH 3 (1.528 seconds):
INFO:root:COST >> 1.8699 +/- 0.0538, % updates: 73.312%
INFO:root:-- EPOCH 4 (1.508 seconds):
INFO:root:COST >> 1.654 +/- 0.0592, % updates: 68.715%
INFO:root:-- EPOCH 5 (1.526 seconds):
INFO:root:COST >> 1.4414 +/- 0.0703, % updates: 63.424%
INFO:root:-- EPOCH 6 (1.493 seconds):
INFO:root:COST >> 1.2458 +/- 0.052, % updates: 58.342%
INFO:root:-- EPOCH 7 (1.562 seconds):
INFO:root:COST >> 1.0803 +/- 0.0496, % updates: 53.609%
INFO:root:-- EPOCH 8 (1.538 seconds):
INFO:root:COST >> 0.9474 +/- 0.0271, % updates: 48.916%
INFO:root:-- EPOCH 9 (1.623 seconds):
INFO:root:COST >> 0.8445 +/- 0.0245, % updates: 45.429%
INFO:root:-- EPOCH 10 (1.979 seconds):
INFO:root:COST >> 0.7898 +/- 0.0101, % updates: 42.846%
INFO:root:-- EPOCH 11 (1.515 seconds):
INFO:root:COST >> 0.7448 +/- 0.0088, % updates: 41.351%
INFO:root:-- EPOCH 12 (1.475 seconds):
INFO:root:COST >> 0.7209 +/- 0.0208, % updates: 40.028%
INFO:root:-- EPOCH 13 (1.48 seconds):
INFO:root:COST >> 0.6865 +/- 0.0122, % updates: 38.924%
INFO:root:-- EPOCH 14 (1.503 seconds):
INFO:root:COST >> 0.6657 +/- 0.0083, % updates: 38.166%
INFO:root:-- EPOCH 15 (1.476 seconds):
INFO:root:COST >> 0.6492 +/- 0.0133, % updates: 37.637%
INFO:root:-- EPOCH 16 (1.51 seconds):
INFO:root:COST >> 0.624 +/- 0.0172, % updates: 36.923%
INFO:root:-- EPOCH 17 (1.522 seconds):
INFO:root:COST >> 0.6012 +/- 0.0206, % updates: 35.928%
INFO:root:-- EPOCH 18 (1.469 seconds):
INFO:root:COST >> 0.5588 +/- 0.0112, % updates: 34.44%
INFO:root:-- EPOCH 19 (1.482 seconds):
INFO:root:COST >> 0.5342 +/- 0.0223, % updates: 33.348%
INFO:root:-- EPOCH 20 (1.474 seconds):
INFO:root:COST >> 0.5022 +/- 0.0116, % updates: 32.536%
INFO:root:-- EPOCH 21 (1.448 seconds):
INFO:root:COST >> 0.4769 +/- 0.0144, % updates: 31.026%
INFO:root:-- EPOCH 22 (1.46 seconds):
INFO:root:COST >> 0.4486 +/- 0.0183, % updates: 29.929%
INFO:root:-- EPOCH 23 (1.507 seconds):
INFO:root:COST >> 0.416 +/- 0.0112, % updates: 28.285%
INFO:root:-- EPOCH 24 (1.509 seconds):
INFO:root:COST >> 0.3876 +/- 0.0153, % updates: 27.108%
INFO:root:-- EPOCH 25 (1.468 seconds):
INFO:root:COST >> 0.3695 +/- 0.0132, % updates: 26.201%
INFO:root:-- EPOCH 26 (1.472 seconds):
INFO:root:COST >> 0.3432 +/- 0.0191, % updates: 24.992%
INFO:root:-- EPOCH 27 (1.459 seconds):
INFO:root:COST >> 0.3294 +/- 0.0173, % updates: 24.078%
INFO:root:-- EPOCH 28 (1.479 seconds):
INFO:root:COST >> 0.3068 +/- 0.0113, % updates: 22.883%
INFO:root:-- EPOCH 29 (1.51 seconds):
INFO:root:COST >> 0.2989 +/- 0.0105, % updates: 22.428%
INFO:root:-- EPOCH 30 (1.536 seconds):
INFO:root:COST >> 0.2773 +/- 0.0139, % updates: 21.209%
INFO:root:-- EPOCH 31 (1.529 seconds):
INFO:root:COST >> 0.2614 +/- 0.0119, % updates: 20.45%
INFO:root:-- EPOCH 32 (1.535 seconds):
INFO:root:COST >> 0.2493 +/- 0.0102, % updates: 19.714%
INFO:root:-- EPOCH 33 (1.483 seconds):
INFO:root:COST >> 0.2383 +/- 0.012, % updates: 19.079%
INFO:root:-- EPOCH 34 (1.505 seconds):
INFO:root:COST >> 0.2289 +/- 0.0108, % updates: 18.523%
INFO:root:-- EPOCH 35 (1.533 seconds):
INFO:root:COST >> 0.2218 +/- 0.0158, % updates: 18.03%
INFO:root:-- EPOCH 36 (1.497 seconds):
INFO:root:COST >> 0.2074 +/- 0.0101, % updates: 17.238%
INFO:root:-- EPOCH 37 (1.477 seconds):
INFO:root:COST >> 0.2059 +/- 0.0115, % updates: 17.251%
INFO:root:-- EPOCH 38 (1.528 seconds):
INFO:root:COST >> 0.2015 +/- 0.0119, % updates: 17.276%
INFO:root:-- EPOCH 39 (1.465 seconds):
INFO:root:COST >> 0.1948 +/- 0.0088, % updates: 16.596%
INFO:root:-- EPOCH 40 (1.507 seconds):
INFO:root:COST >> 0.1886 +/- 0.0095, % updates: 16.298%
INFO:root:-- EPOCH 41 (1.495 seconds):
INFO:root:COST >> 0.1879 +/- 0.0082, % updates: 16.157%
INFO:root:-- EPOCH 42 (1.503 seconds):
INFO:root:COST >> 0.1754 +/- 0.0084, % updates: 15.484%
INFO:root:-- EPOCH 43 (1.486 seconds):
INFO:root:COST >> 0.1766 +/- 0.0103, % updates: 15.665%
INFO:root:-- EPOCH 44 (1.45 seconds):
INFO:root:COST >> 0.1745 +/- 0.0096, % updates: 15.272%
INFO:root:-- EPOCH 45 (1.557 seconds):
INFO:root:COST >> 0.1683 +/- 0.0079, % updates: 14.922%
INFO:root:-- EPOCH 46 (1.93 seconds):
INFO:root:COST >> 0.1675 +/- 0.0057, % updates: 14.969%
INFO:root:-- EPOCH 47 (1.553 seconds):
INFO:root:COST >> 0.165 +/- 0.0077, % updates: 14.957%
INFO:root:-- EPOCH 48 (1.482 seconds):
INFO:root:COST >> 0.1591 +/- 0.012, % updates: 14.608%
INFO:root:-- EPOCH 49 (1.455 seconds):
INFO:root:COST >> 0.1537 +/- 0.0102, % updates: 14.304%
INFO:root:-- EPOCH 50 (1.486 seconds):
INFO:root:COST >> 0.1491 +/- 0.0107, % updates: 13.852%
INFO:root:-- EPOCH 51 (1.457 seconds):
INFO:root:COST >> 0.1493 +/- 0.0098, % updates: 14.112%
INFO:root:-- EPOCH 52 (1.47 seconds):
INFO:root:COST >> 0.149 +/- 0.0063, % updates: 14.005%
INFO:root:-- EPOCH 53 (1.457 seconds):
INFO:root:COST >> 0.1462 +/- 0.0049, % updates: 13.931%
INFO:root:-- EPOCH 54 (1.474 seconds):
INFO:root:COST >> 0.1395 +/- 0.0038, % updates: 13.345%
INFO:root:-- EPOCH 55 (1.496 seconds):
INFO:root:COST >> 0.1398 +/- 0.0074, % updates: 13.456%
INFO:root:-- EPOCH 56 (1.495 seconds):
INFO:root:COST >> 0.1327 +/- 0.0074, % updates: 13.018%
INFO:root:-- EPOCH 57 (1.477 seconds):
INFO:root:COST >> 0.1307 +/- 0.0072, % updates: 12.917%
INFO:root:-- EPOCH 58 (1.497 seconds):
INFO:root:COST >> 0.1279 +/- 0.0101, % updates: 12.558%
INFO:root:-- EPOCH 59 (1.494 seconds):
INFO:root:COST >> 0.1234 +/- 0.0043, % updates: 12.465%
INFO:root:-- EPOCH 60 (1.459 seconds):
INFO:root:COST >> 0.1233 +/- 0.0063, % updates: 12.477%
INFO:root:-- EPOCH 61 (1.487 seconds):
INFO:root:COST >> 0.122 +/- 0.0098, % updates: 12.247%
INFO:root:-- EPOCH 62 (1.49 seconds):
INFO:root:COST >> 0.1237 +/- 0.0066, % updates: 12.517%
INFO:root:-- EPOCH 63 (1.502 seconds):
INFO:root:COST >> 0.1234 +/- 0.0062, % updates: 12.471%
INFO:root:-- EPOCH 64 (1.474 seconds):
INFO:root:COST >> 0.1213 +/- 0.0055, % updates: 12.337%
INFO:root:-- EPOCH 65 (1.556 seconds):
INFO:root:COST >> 0.1214 +/- 0.0052, % updates: 12.41%
INFO:root:-- EPOCH 66 (1.678 seconds):
INFO:root:COST >> 0.1193 +/- 0.0076, % updates: 12.293%
INFO:root:-- EPOCH 67 (2.046 seconds):
INFO:root:COST >> 0.1173 +/- 0.005, % updates: 12.204%
INFO:root:-- EPOCH 68 (2.156 seconds):
INFO:root:COST >> 0.1168 +/- 0.0069, % updates: 11.953%
INFO:root:-- EPOCH 69 (2.123 seconds):
INFO:root:COST >> 0.1217 +/- 0.0051, % updates: 12.565%
INFO:root:-- EPOCH 70 (2.308 seconds):
INFO:root:COST >> 0.1191 +/- 0.0104, % updates: 12.259%
INFO:root:-- EPOCH 71 (1.894 seconds):
INFO:root:COST >> 0.1175 +/- 0.01, % updates: 12.292%
INFO:root:-- EPOCH 72 (1.666 seconds):
INFO:root:COST >> 0.1216 +/- 0.0083, % updates: 12.61%
INFO:root:-- EPOCH 73 (1.674 seconds):
INFO:root:COST >> 0.1136 +/- 0.0167, % updates: 11.827%
INFO:root:-- EPOCH 74 (1.495 seconds):
INFO:root:COST >> 0.1219 +/- 0.01, % updates: 12.562%
INFO:root:-- EPOCH 75 (1.479 seconds):
INFO:root:COST >> 0.1175 +/- 0.0117, % updates: 12.185%
INFO:root:-- EPOCH 76 (1.576 seconds):
INFO:root:COST >> 0.116 +/- 0.0141, % updates: 12.072%
INFO:root:-- EPOCH 77 (1.563 seconds):
INFO:root:COST >> 0.1246 +/- 0.007, % updates: 12.802%
INFO:root:-- EPOCH 78 (1.594 seconds):
INFO:root:COST >> 0.1284 +/- 0.0143, % updates: 12.983%
INFO:root:-- EPOCH 79 (1.978 seconds):
INFO:root:COST >> 0.1292 +/- 0.0111, % updates: 13.099%
INFO:root:-- EPOCH 80 (2.061 seconds):
INFO:root:COST >> 0.1268 +/- 0.0131, % updates: 12.897%
INFO:root:-- EPOCH 81 (2.341 seconds):
INFO:root:COST >> 0.1318 +/- 0.0201, % updates: 13.357%
INFO:root:-- EPOCH 82 (2.326 seconds):
INFO:root:COST >> 0.1246 +/- 0.0068, % updates: 12.662%
INFO:root:-- EPOCH 83 (2.247 seconds):
INFO:root:COST >> 0.1265 +/- 0.0114, % updates: 12.825%
INFO:root:-- EPOCH 84 (2.378 seconds):
INFO:root:COST >> 0.1314 +/- 0.0072, % updates: 13.215%
INFO:root:-- EPOCH 85 (1.707 seconds):
INFO:root:COST >> 0.1313 +/- 0.0099, % updates: 13.05%
INFO:root:-- EPOCH 86 (1.746 seconds):
INFO:root:COST >> 0.1291 +/- 0.014, % updates: 13.079%
INFO:root:-- EPOCH 87 (1.892 seconds):
INFO:root:COST >> 0.1245 +/- 0.0115, % updates: 12.558%
INFO:root:-- EPOCH 88 (2.24 seconds):
INFO:root:COST >> 0.1265 +/- 0.0091, % updates: 12.959%
INFO:root:-- EPOCH 89 (2.266 seconds):
INFO:root:COST >> 0.1246 +/- 0.0136, % updates: 12.768%
INFO:root:-- EPOCH 90 (2.409 seconds):
INFO:root:COST >> 0.1248 +/- 0.0148, % updates: 12.705%
INFO:root:-- EPOCH 91 (2.475 seconds):
INFO:root:COST >> 0.1239 +/- 0.0072, % updates: 12.699%
INFO:root:-- EPOCH 92 (2.508 seconds):
INFO:root:COST >> 0.1239 +/- 0.0103, % updates: 12.759%
INFO:root:-- EPOCH 93 (2.269 seconds):
INFO:root:COST >> 0.1212 +/- 0.0076, % updates: 12.502%
INFO:root:-- EPOCH 94 (2.389 seconds):
INFO:root:COST >> 0.118 +/- 0.011, % updates: 12.248%
INFO:root:-- EPOCH 95 (2.283 seconds):
INFO:root:COST >> 0.1211 +/- 0.0077, % updates: 12.582%
INFO:root:-- EPOCH 96 (2.369 seconds):
INFO:root:COST >> 0.1232 +/- 0.0064, % updates: 12.658%
INFO:root:-- EPOCH 97 (2.155 seconds):
INFO:root:COST >> 0.1231 +/- 0.009, % updates: 12.769%
INFO:root:-- EPOCH 98 (2.273 seconds):
INFO:root:COST >> 0.1244 +/- 0.0159, % updates: 12.913%
INFO:root:-- EPOCH 99 (2.264 seconds):
INFO:root:COST >> 0.1187 +/- 0.012, % updates: 12.483%
INFO:root:-- EPOCH 100 (2.121 seconds):
INFO:root:COST >> 0.1135 +/- 0.0123, % updates: 12.051%
