INFO:root:Shape for training set: (40961, 141442)
INFO:root:State: {'ndim': '20', 'test_all': 'None', 'test_path': 'None', 'nhid': '50', 'lremb': '1e-06', 'seed': '1', 'simfn': 'L1', 'valid_path': 'None', 'nbatches': '10', 'lrparam': '1e-06', 'decay': '0.9', 'show_hinton_diagrams': 'False', 'no_rescaling': 'True', 'Nrel': '18', 'ranking_score_right': 'False', 'Nent': '40961', 'Nsyn': '40943', 'method': 'MOMENTUM', 'loss_margin': '1.0', 'C': '1.0', 'epsilon': '1e-06', 'use_db': 'True', 'max_lr': 'None', 'l1_param_weight': 'None', 'filtered': 'False', 'name': 'wn_opt/wn_MOMENTUM_31', 'totepochs': '100', 'l2_param_weight': 'None', 'train_path': 'data/wn/WN-train.pkl', 'op': 'TransE'}
INFO:root:Starting the Experiment ..
INFO:root:-- EPOCH 1 (1.602 seconds):
INFO:root:COST >> 2.2107 +/- 0.01, % updates: 81.496%
INFO:root:-- EPOCH 2 (1.565 seconds):
INFO:root:COST >> 2.2057 +/- 0.0168, % updates: 81.423%
INFO:root:-- EPOCH 3 (1.629 seconds):
INFO:root:COST >> 2.2035 +/- 0.0143, % updates: 81.464%
INFO:root:-- EPOCH 4 (1.563 seconds):
INFO:root:COST >> 2.1998 +/- 0.0152, % updates: 81.515%
INFO:root:-- EPOCH 5 (1.7 seconds):
INFO:root:COST >> 2.1931 +/- 0.0083, % updates: 81.518%
INFO:root:-- EPOCH 6 (1.7 seconds):
INFO:root:COST >> 2.1902 +/- 0.0124, % updates: 81.375%
INFO:root:-- EPOCH 7 (1.7 seconds):
INFO:root:COST >> 2.1878 +/- 0.0083, % updates: 81.546%
INFO:root:-- EPOCH 8 (1.793 seconds):
INFO:root:COST >> 2.1842 +/- 0.0167, % updates: 81.645%
INFO:root:-- EPOCH 9 (1.949 seconds):
INFO:root:COST >> 2.179 +/- 0.0121, % updates: 81.599%
INFO:root:-- EPOCH 10 (1.649 seconds):
INFO:root:COST >> 2.1705 +/- 0.0113, % updates: 81.563%
INFO:root:-- EPOCH 11 (1.563 seconds):
INFO:root:COST >> 2.1747 +/- 0.0088, % updates: 81.538%
INFO:root:-- EPOCH 12 (1.578 seconds):
INFO:root:COST >> 2.1702 +/- 0.009, % updates: 81.599%
INFO:root:-- EPOCH 13 (1.664 seconds):
INFO:root:COST >> 2.1651 +/- 0.0078, % updates: 81.468%
INFO:root:-- EPOCH 14 (1.947 seconds):
INFO:root:COST >> 2.1649 +/- 0.0105, % updates: 81.603%
INFO:root:-- EPOCH 15 (2.053 seconds):
INFO:root:COST >> 2.1587 +/- 0.016, % updates: 81.517%
INFO:root:-- EPOCH 16 (1.886 seconds):
INFO:root:COST >> 2.1557 +/- 0.017, % updates: 81.415%
INFO:root:-- EPOCH 17 (1.92 seconds):
INFO:root:COST >> 2.1557 +/- 0.0067, % updates: 81.583%
INFO:root:-- EPOCH 18 (2.017 seconds):
INFO:root:COST >> 2.1556 +/- 0.0115, % updates: 81.434%
INFO:root:-- EPOCH 19 (1.631 seconds):
INFO:root:COST >> 2.1519 +/- 0.0116, % updates: 81.493%
INFO:root:-- EPOCH 20 (1.682 seconds):
INFO:root:COST >> 2.1467 +/- 0.013, % updates: 81.417%
INFO:root:-- EPOCH 21 (1.702 seconds):
INFO:root:COST >> 2.146 +/- 0.0149, % updates: 81.453%
INFO:root:-- EPOCH 22 (1.755 seconds):
INFO:root:COST >> 2.1412 +/- 0.0118, % updates: 81.458%
INFO:root:-- EPOCH 23 (1.694 seconds):
INFO:root:COST >> 2.1368 +/- 0.0097, % updates: 81.403%
INFO:root:-- EPOCH 24 (1.622 seconds):
INFO:root:COST >> 2.1372 +/- 0.0117, % updates: 81.388%
INFO:root:-- EPOCH 25 (1.642 seconds):
INFO:root:COST >> 2.1308 +/- 0.0091, % updates: 81.263%
INFO:root:-- EPOCH 26 (1.724 seconds):
INFO:root:COST >> 2.1317 +/- 0.0089, % updates: 81.243%
INFO:root:-- EPOCH 27 (1.586 seconds):
INFO:root:COST >> 2.1265 +/- 0.0128, % updates: 81.178%
INFO:root:-- EPOCH 28 (1.71 seconds):
INFO:root:COST >> 2.1249 +/- 0.0155, % updates: 81.094%
INFO:root:-- EPOCH 29 (1.688 seconds):
INFO:root:COST >> 2.1249 +/- 0.0102, % updates: 81.247%
INFO:root:-- EPOCH 30 (2.034 seconds):
INFO:root:COST >> 2.1191 +/- 0.0124, % updates: 81.043%
INFO:root:-- EPOCH 31 (1.609 seconds):
INFO:root:COST >> 2.1141 +/- 0.0151, % updates: 81.064%
INFO:root:-- EPOCH 32 (1.56 seconds):
INFO:root:COST >> 2.116 +/- 0.0106, % updates: 80.939%
INFO:root:-- EPOCH 33 (1.609 seconds):
INFO:root:COST >> 2.1224 +/- 0.011, % updates: 81.149%
INFO:root:-- EPOCH 34 (1.615 seconds):
INFO:root:COST >> 2.1109 +/- 0.0111, % updates: 80.944%
INFO:root:-- EPOCH 35 (1.65 seconds):
INFO:root:COST >> 2.1117 +/- 0.0143, % updates: 80.899%
INFO:root:-- EPOCH 36 (1.667 seconds):
INFO:root:COST >> 2.1064 +/- 0.0103, % updates: 80.98%
INFO:root:-- EPOCH 37 (1.694 seconds):
INFO:root:COST >> 2.1058 +/- 0.0108, % updates: 80.828%
INFO:root:-- EPOCH 38 (1.562 seconds):
INFO:root:COST >> 2.104 +/- 0.0105, % updates: 80.819%
INFO:root:-- EPOCH 39 (1.599 seconds):
INFO:root:COST >> 2.1028 +/- 0.0108, % updates: 80.91%
INFO:root:-- EPOCH 40 (1.943 seconds):
INFO:root:COST >> 2.0998 +/- 0.007, % updates: 80.852%
INFO:root:-- EPOCH 41 (1.857 seconds):
INFO:root:COST >> 2.0927 +/- 0.005, % updates: 80.658%
INFO:root:-- EPOCH 42 (1.588 seconds):
INFO:root:COST >> 2.099 +/- 0.0125, % updates: 80.688%
INFO:root:-- EPOCH 43 (1.611 seconds):
INFO:root:COST >> 2.0948 +/- 0.0148, % updates: 80.646%
INFO:root:-- EPOCH 44 (1.539 seconds):
INFO:root:COST >> 2.0926 +/- 0.0117, % updates: 80.606%
INFO:root:-- EPOCH 45 (1.582 seconds):
INFO:root:COST >> 2.0853 +/- 0.0099, % updates: 80.542%
INFO:root:-- EPOCH 46 (1.678 seconds):
INFO:root:COST >> 2.0893 +/- 0.0128, % updates: 80.514%
INFO:root:-- EPOCH 47 (1.56 seconds):
INFO:root:COST >> 2.082 +/- 0.0155, % updates: 80.349%
INFO:root:-- EPOCH 48 (1.656 seconds):
INFO:root:COST >> 2.0859 +/- 0.0108, % updates: 80.474%
INFO:root:-- EPOCH 49 (2.028 seconds):
INFO:root:COST >> 2.0821 +/- 0.0105, % updates: 80.385%
INFO:root:-- EPOCH 50 (1.785 seconds):
INFO:root:COST >> 2.0789 +/- 0.0132, % updates: 80.298%
INFO:root:-- EPOCH 51 (2.153 seconds):
INFO:root:COST >> 2.0733 +/- 0.0136, % updates: 80.281%
INFO:root:-- EPOCH 52 (1.979 seconds):
INFO:root:COST >> 2.0723 +/- 0.012, % updates: 80.235%
INFO:root:-- EPOCH 53 (1.826 seconds):
INFO:root:COST >> 2.0712 +/- 0.012, % updates: 80.165%
INFO:root:-- EPOCH 54 (2.04 seconds):
INFO:root:COST >> 2.0675 +/- 0.0066, % updates: 80.087%
INFO:root:-- EPOCH 55 (1.994 seconds):
INFO:root:COST >> 2.0665 +/- 0.0121, % updates: 80.107%
INFO:root:-- EPOCH 56 (1.806 seconds):
INFO:root:COST >> 2.0643 +/- 0.0094, % updates: 80.053%
INFO:root:-- EPOCH 57 (1.672 seconds):
INFO:root:COST >> 2.064 +/- 0.0123, % updates: 80.096%
INFO:root:-- EPOCH 58 (1.583 seconds):
INFO:root:COST >> 2.0612 +/- 0.0096, % updates: 80.057%
INFO:root:-- EPOCH 59 (1.602 seconds):
INFO:root:COST >> 2.0569 +/- 0.0097, % updates: 80.026%
INFO:root:-- EPOCH 60 (1.614 seconds):
INFO:root:COST >> 2.0549 +/- 0.0145, % updates: 79.772%
INFO:root:-- EPOCH 61 (1.722 seconds):
INFO:root:COST >> 2.0508 +/- 0.0081, % updates: 79.888%
INFO:root:-- EPOCH 62 (1.64 seconds):
INFO:root:COST >> 2.049 +/- 0.0107, % updates: 79.801%
INFO:root:-- EPOCH 63 (1.711 seconds):
INFO:root:COST >> 2.05 +/- 0.0126, % updates: 79.848%
INFO:root:-- EPOCH 64 (1.823 seconds):
INFO:root:COST >> 2.0518 +/- 0.0085, % updates: 79.758%
INFO:root:-- EPOCH 65 (2.778 seconds):
INFO:root:COST >> 2.0511 +/- 0.0135, % updates: 79.733%
INFO:root:-- EPOCH 66 (2.123 seconds):
INFO:root:COST >> 2.0453 +/- 0.0092, % updates: 79.677%
INFO:root:-- EPOCH 67 (2.229 seconds):
INFO:root:COST >> 2.0496 +/- 0.0114, % updates: 79.819%
INFO:root:-- EPOCH 68 (1.63 seconds):
INFO:root:COST >> 2.0422 +/- 0.0128, % updates: 79.548%
INFO:root:-- EPOCH 69 (1.736 seconds):
INFO:root:COST >> 2.0385 +/- 0.0114, % updates: 79.565%
INFO:root:-- EPOCH 70 (1.644 seconds):
INFO:root:COST >> 2.0399 +/- 0.0172, % updates: 79.551%
INFO:root:-- EPOCH 71 (1.597 seconds):
INFO:root:COST >> 2.0375 +/- 0.0136, % updates: 79.643%
INFO:root:-- EPOCH 72 (1.973 seconds):
INFO:root:COST >> 2.0379 +/- 0.0115, % updates: 79.464%
INFO:root:-- EPOCH 73 (1.82 seconds):
INFO:root:COST >> 2.0302 +/- 0.0121, % updates: 79.554%
INFO:root:-- EPOCH 74 (1.599 seconds):
INFO:root:COST >> 2.0323 +/- 0.0111, % updates: 79.529%
INFO:root:-- EPOCH 75 (1.842 seconds):
INFO:root:COST >> 2.0281 +/- 0.0119, % updates: 79.29%
INFO:root:-- EPOCH 76 (1.757 seconds):
INFO:root:COST >> 2.0263 +/- 0.0118, % updates: 79.233%
INFO:root:-- EPOCH 77 (1.774 seconds):
INFO:root:COST >> 2.0244 +/- 0.0088, % updates: 79.31%
INFO:root:-- EPOCH 78 (1.636 seconds):
INFO:root:COST >> 2.0254 +/- 0.007, % updates: 79.303%
INFO:root:-- EPOCH 79 (1.766 seconds):
INFO:root:COST >> 2.0195 +/- 0.0087, % updates: 79.147%
INFO:root:-- EPOCH 80 (1.667 seconds):
INFO:root:COST >> 2.0182 +/- 0.0077, % updates: 79.191%
INFO:root:-- EPOCH 81 (1.596 seconds):
INFO:root:COST >> 2.0215 +/- 0.0145, % updates: 79.108%
INFO:root:-- EPOCH 82 (1.63 seconds):
INFO:root:COST >> 2.0183 +/- 0.0125, % updates: 79.171%
INFO:root:-- EPOCH 83 (1.956 seconds):
INFO:root:COST >> 2.0175 +/- 0.0042, % updates: 79.126%
INFO:root:-- EPOCH 84 (2.01 seconds):
INFO:root:COST >> 2.0162 +/- 0.0145, % updates: 79.064%
INFO:root:-- EPOCH 85 (1.672 seconds):
INFO:root:COST >> 2.0131 +/- 0.0166, % updates: 79.045%
INFO:root:-- EPOCH 86 (1.67 seconds):
INFO:root:COST >> 2.0081 +/- 0.0099, % updates: 79.007%
INFO:root:-- EPOCH 87 (1.525 seconds):
INFO:root:COST >> 2.0084 +/- 0.0101, % updates: 78.961%
INFO:root:-- EPOCH 88 (1.628 seconds):
INFO:root:COST >> 2.006 +/- 0.009, % updates: 78.874%
INFO:root:-- EPOCH 89 (1.688 seconds):
INFO:root:COST >> 2.0087 +/- 0.0144, % updates: 78.994%
INFO:root:-- EPOCH 90 (1.778 seconds):
INFO:root:COST >> 2.0098 +/- 0.0095, % updates: 78.951%
INFO:root:-- EPOCH 91 (1.67 seconds):
INFO:root:COST >> 2.0009 +/- 0.0066, % updates: 78.743%
INFO:root:-- EPOCH 92 (1.614 seconds):
INFO:root:COST >> 2.0037 +/- 0.0091, % updates: 78.783%
INFO:root:-- EPOCH 93 (1.545 seconds):
INFO:root:COST >> 1.9964 +/- 0.0129, % updates: 78.723%
INFO:root:-- EPOCH 94 (1.587 seconds):
INFO:root:COST >> 2.003 +/- 0.0084, % updates: 78.814%
INFO:root:-- EPOCH 95 (1.592 seconds):
INFO:root:COST >> 1.9959 +/- 0.0098, % updates: 78.686%
INFO:root:-- EPOCH 96 (1.545 seconds):
INFO:root:COST >> 1.9936 +/- 0.0095, % updates: 78.568%
INFO:root:-- EPOCH 97 (1.543 seconds):
INFO:root:COST >> 1.9898 +/- 0.0115, % updates: 78.575%
INFO:root:-- EPOCH 98 (1.682 seconds):
INFO:root:COST >> 1.9936 +/- 0.0105, % updates: 78.732%
INFO:root:-- EPOCH 99 (1.369 seconds):
INFO:root:COST >> 1.9869 +/- 0.0079, % updates: 78.663%
INFO:root:-- EPOCH 100 (1.207 seconds):
INFO:root:COST >> 1.9829 +/- 0.0131, % updates: 78.505%
