INFO:root:Shape for training set: (40961, 141442)
INFO:root:State: {'ndim': '20', 'test_all': 'None', 'test_path': 'None', 'nhid': '50', 'lremb': '0.1', 'seed': '6', 'simfn': 'L1', 'valid_path': 'None', 'nbatches': '10', 'lrparam': '0.1', 'decay': '0.9999', 'show_hinton_diagrams': 'False', 'no_rescaling': 'True', 'Nrel': '18', 'ranking_score_right': 'False', 'Nent': '40961', 'Nsyn': '40943', 'method': 'MOMENTUM', 'loss_margin': '1.0', 'C': '1.0', 'epsilon': '1e-06', 'use_db': 'True', 'max_lr': 'None', 'l1_param_weight': 'None', 'filtered': 'False', 'name': 'wn_opt/wn_MOMENTUM_256', 'totepochs': '100', 'l2_param_weight': 'None', 'train_path': 'data/wn/WN-train.pkl', 'op': 'TransE'}
INFO:root:Starting the Experiment ..
INFO:root:-- EPOCH 1 (1.905 seconds):
INFO:root:COST >> 2.578 +/- 0.1924, % updates: 65.021%
INFO:root:-- EPOCH 2 (1.872 seconds):
INFO:root:COST >> 2.2976 +/- 0.172, % updates: 51.793%
INFO:root:-- EPOCH 3 (1.893 seconds):
INFO:root:COST >> 2.1617 +/- 0.1759, % updates: 50.011%
INFO:root:-- EPOCH 4 (1.96 seconds):
INFO:root:COST >> 2.0849 +/- 0.1803, % updates: 49.294%
INFO:root:-- EPOCH 5 (1.867 seconds):
INFO:root:COST >> 2.0412 +/- 0.1708, % updates: 48.933%
INFO:root:-- EPOCH 6 (1.861 seconds):
INFO:root:COST >> 2.0101 +/- 0.1772, % updates: 48.588%
INFO:root:-- EPOCH 7 (1.892 seconds):
INFO:root:COST >> 1.9825 +/- 0.169, % updates: 48.402%
INFO:root:-- EPOCH 8 (1.871 seconds):
INFO:root:COST >> 1.9573 +/- 0.1639, % updates: 48.131%
INFO:root:-- EPOCH 9 (1.857 seconds):
INFO:root:COST >> 1.9475 +/- 0.1547, % updates: 48.216%
INFO:root:-- EPOCH 10 (1.948 seconds):
INFO:root:COST >> 1.929 +/- 0.1674, % updates: 47.904%
INFO:root:-- EPOCH 11 (1.644 seconds):
INFO:root:COST >> 1.9157 +/- 0.1726, % updates: 48.079%
INFO:root:-- EPOCH 12 (1.17 seconds):
INFO:root:COST >> 1.8989 +/- 0.1588, % updates: 47.931%
INFO:root:-- EPOCH 13 (1.107 seconds):
INFO:root:COST >> 1.8887 +/- 0.1558, % updates: 47.901%
INFO:root:-- EPOCH 14 (1.173 seconds):
INFO:root:COST >> 1.8816 +/- 0.1526, % updates: 47.832%
INFO:root:-- EPOCH 15 (1.221 seconds):
INFO:root:COST >> 1.8805 +/- 0.1519, % updates: 47.867%
INFO:root:-- EPOCH 16 (1.469 seconds):
INFO:root:COST >> 1.8654 +/- 0.1492, % updates: 47.807%
INFO:root:-- EPOCH 17 (1.477 seconds):
INFO:root:COST >> 1.8507 +/- 0.1546, % updates: 47.629%
INFO:root:-- EPOCH 18 (1.513 seconds):
INFO:root:COST >> 1.8554 +/- 0.1517, % updates: 47.793%
INFO:root:-- EPOCH 19 (1.49 seconds):
INFO:root:COST >> 1.8426 +/- 0.1472, % updates: 47.68%
INFO:root:-- EPOCH 20 (1.493 seconds):
INFO:root:COST >> 1.837 +/- 0.1473, % updates: 47.672%
INFO:root:-- EPOCH 21 (1.492 seconds):
INFO:root:COST >> 1.8272 +/- 0.159, % updates: 47.51%
INFO:root:-- EPOCH 22 (1.482 seconds):
INFO:root:COST >> 1.826 +/- 0.1512, % updates: 47.54%
INFO:root:-- EPOCH 23 (1.511 seconds):
INFO:root:COST >> 1.8225 +/- 0.1471, % updates: 47.66%
INFO:root:-- EPOCH 24 (1.484 seconds):
INFO:root:COST >> 1.8236 +/- 0.1518, % updates: 47.605%
INFO:root:-- EPOCH 25 (1.494 seconds):
INFO:root:COST >> 1.8167 +/- 0.1503, % updates: 47.659%
INFO:root:-- EPOCH 26 (1.465 seconds):
INFO:root:COST >> 1.8085 +/- 0.1455, % updates: 47.682%
INFO:root:-- EPOCH 27 (1.461 seconds):
INFO:root:COST >> 1.8115 +/- 0.1474, % updates: 47.691%
INFO:root:-- EPOCH 28 (1.466 seconds):
INFO:root:COST >> 1.8027 +/- 0.1486, % updates: 47.586%
INFO:root:-- EPOCH 29 (1.477 seconds):
INFO:root:COST >> 1.7942 +/- 0.1431, % updates: 47.476%
INFO:root:-- EPOCH 30 (1.502 seconds):
INFO:root:COST >> 1.7958 +/- 0.1424, % updates: 47.539%
INFO:root:-- EPOCH 31 (1.52 seconds):
INFO:root:COST >> 1.7916 +/- 0.1448, % updates: 47.681%
INFO:root:-- EPOCH 32 (1.503 seconds):
INFO:root:COST >> 1.7923 +/- 0.146, % updates: 47.528%
INFO:root:-- EPOCH 33 (1.478 seconds):
INFO:root:COST >> 1.7863 +/- 0.1502, % updates: 47.575%
INFO:root:-- EPOCH 34 (1.482 seconds):
INFO:root:COST >> 1.7786 +/- 0.1506, % updates: 47.549%
INFO:root:-- EPOCH 35 (1.475 seconds):
INFO:root:COST >> 1.7824 +/- 0.1419, % updates: 47.533%
INFO:root:-- EPOCH 36 (1.483 seconds):
INFO:root:COST >> 1.7741 +/- 0.1417, % updates: 47.572%
INFO:root:-- EPOCH 37 (1.488 seconds):
INFO:root:COST >> 1.7805 +/- 0.1426, % updates: 47.663%
INFO:root:-- EPOCH 38 (1.479 seconds):
INFO:root:COST >> 1.773 +/- 0.1438, % updates: 47.555%
INFO:root:-- EPOCH 39 (1.484 seconds):
INFO:root:COST >> 1.7764 +/- 0.1437, % updates: 47.687%
INFO:root:-- EPOCH 40 (1.476 seconds):
INFO:root:COST >> 1.7645 +/- 0.143, % updates: 47.513%
INFO:root:-- EPOCH 41 (1.472 seconds):
INFO:root:COST >> 1.768 +/- 0.1416, % updates: 47.563%
INFO:root:-- EPOCH 42 (1.47 seconds):
INFO:root:COST >> 1.7707 +/- 0.1432, % updates: 47.588%
INFO:root:-- EPOCH 43 (1.484 seconds):
INFO:root:COST >> 1.7612 +/- 0.1426, % updates: 47.561%
INFO:root:-- EPOCH 44 (1.53 seconds):
INFO:root:COST >> 1.7659 +/- 0.14, % updates: 47.722%
INFO:root:-- EPOCH 45 (1.514 seconds):
INFO:root:COST >> 1.7536 +/- 0.1437, % updates: 47.59%
INFO:root:-- EPOCH 46 (1.458 seconds):
INFO:root:COST >> 1.7621 +/- 0.14, % updates: 47.689%
INFO:root:-- EPOCH 47 (1.465 seconds):
INFO:root:COST >> 1.7493 +/- 0.1428, % updates: 47.493%
INFO:root:-- EPOCH 48 (1.495 seconds):
INFO:root:COST >> 1.7587 +/- 0.1418, % updates: 47.733%
INFO:root:-- EPOCH 49 (1.474 seconds):
INFO:root:COST >> 1.752 +/- 0.1426, % updates: 47.596%
INFO:root:-- EPOCH 50 (1.464 seconds):
INFO:root:COST >> 1.7444 +/- 0.1363, % updates: 47.426%
INFO:root:-- EPOCH 51 (1.487 seconds):
INFO:root:COST >> 1.7384 +/- 0.1377, % updates: 47.612%
INFO:root:-- EPOCH 52 (1.501 seconds):
INFO:root:COST >> 1.7478 +/- 0.1346, % updates: 47.559%
INFO:root:-- EPOCH 53 (1.444 seconds):
INFO:root:COST >> 1.7436 +/- 0.1414, % updates: 47.672%
INFO:root:-- EPOCH 54 (1.451 seconds):
INFO:root:COST >> 1.7445 +/- 0.1354, % updates: 47.6%
INFO:root:-- EPOCH 55 (1.489 seconds):
INFO:root:COST >> 1.7463 +/- 0.1369, % updates: 47.644%
INFO:root:-- EPOCH 56 (1.49 seconds):
INFO:root:COST >> 1.74 +/- 0.1435, % updates: 47.536%
INFO:root:-- EPOCH 57 (1.499 seconds):
INFO:root:COST >> 1.7402 +/- 0.1371, % updates: 47.664%
INFO:root:-- EPOCH 58 (1.486 seconds):
INFO:root:COST >> 1.7393 +/- 0.1383, % updates: 47.626%
INFO:root:-- EPOCH 59 (1.462 seconds):
INFO:root:COST >> 1.7359 +/- 0.1339, % updates: 47.647%
INFO:root:-- EPOCH 60 (1.511 seconds):
INFO:root:COST >> 1.7342 +/- 0.1296, % updates: 47.621%
INFO:root:-- EPOCH 61 (1.473 seconds):
INFO:root:COST >> 1.7311 +/- 0.1366, % updates: 47.581%
INFO:root:-- EPOCH 62 (1.479 seconds):
INFO:root:COST >> 1.7341 +/- 0.1405, % updates: 47.663%
INFO:root:-- EPOCH 63 (1.482 seconds):
INFO:root:COST >> 1.7191 +/- 0.1377, % updates: 47.476%
INFO:root:-- EPOCH 64 (1.479 seconds):
INFO:root:COST >> 1.7278 +/- 0.1363, % updates: 47.605%
INFO:root:-- EPOCH 65 (1.475 seconds):
INFO:root:COST >> 1.7287 +/- 0.1323, % updates: 47.649%
INFO:root:-- EPOCH 66 (1.515 seconds):
INFO:root:COST >> 1.7251 +/- 0.1329, % updates: 47.589%
INFO:root:-- EPOCH 67 (1.539 seconds):
INFO:root:COST >> 1.7257 +/- 0.13, % updates: 47.706%
INFO:root:-- EPOCH 68 (1.515 seconds):
INFO:root:COST >> 1.7208 +/- 0.1451, % updates: 47.643%
INFO:root:-- EPOCH 69 (1.493 seconds):
INFO:root:COST >> 1.7208 +/- 0.1396, % updates: 47.632%
INFO:root:-- EPOCH 70 (1.489 seconds):
INFO:root:COST >> 1.7205 +/- 0.1372, % updates: 47.646%
INFO:root:-- EPOCH 71 (1.534 seconds):
INFO:root:COST >> 1.7206 +/- 0.14, % updates: 47.728%
INFO:root:-- EPOCH 72 (1.52 seconds):
INFO:root:COST >> 1.7194 +/- 0.1395, % updates: 47.717%
INFO:root:-- EPOCH 73 (1.536 seconds):
INFO:root:COST >> 1.7153 +/- 0.1345, % updates: 47.585%
INFO:root:-- EPOCH 74 (1.477 seconds):
INFO:root:COST >> 1.7186 +/- 0.1286, % updates: 47.679%
INFO:root:-- EPOCH 75 (1.465 seconds):
INFO:root:COST >> 1.7162 +/- 0.1277, % updates: 47.687%
INFO:root:-- EPOCH 76 (1.453 seconds):
INFO:root:COST >> 1.7102 +/- 0.1379, % updates: 47.546%
INFO:root:-- EPOCH 77 (1.463 seconds):
INFO:root:COST >> 1.7158 +/- 0.1356, % updates: 47.601%
INFO:root:-- EPOCH 78 (1.523 seconds):
INFO:root:COST >> 1.7138 +/- 0.1347, % updates: 47.717%
INFO:root:-- EPOCH 79 (1.538 seconds):
INFO:root:COST >> 1.7027 +/- 0.132, % updates: 47.522%
INFO:root:-- EPOCH 80 (1.536 seconds):
INFO:root:COST >> 1.7125 +/- 0.1304, % updates: 47.562%
INFO:root:-- EPOCH 81 (1.529 seconds):
INFO:root:COST >> 1.7096 +/- 0.1336, % updates: 47.657%
INFO:root:-- EPOCH 82 (1.529 seconds):
INFO:root:COST >> 1.7024 +/- 0.1381, % updates: 47.535%
INFO:root:-- EPOCH 83 (1.516 seconds):
INFO:root:COST >> 1.7107 +/- 0.127, % updates: 47.784%
INFO:root:-- EPOCH 84 (1.537 seconds):
INFO:root:COST >> 1.7091 +/- 0.1403, % updates: 47.625%
INFO:root:-- EPOCH 85 (1.524 seconds):
INFO:root:COST >> 1.7077 +/- 0.1348, % updates: 47.778%
INFO:root:-- EPOCH 86 (1.521 seconds):
INFO:root:COST >> 1.7045 +/- 0.1347, % updates: 47.693%
INFO:root:-- EPOCH 87 (1.472 seconds):
INFO:root:COST >> 1.6962 +/- 0.1375, % updates: 47.446%
INFO:root:-- EPOCH 88 (1.468 seconds):
INFO:root:COST >> 1.7059 +/- 0.1392, % updates: 47.691%
INFO:root:-- EPOCH 89 (1.449 seconds):
INFO:root:COST >> 1.7026 +/- 0.1256, % updates: 47.723%
INFO:root:-- EPOCH 90 (1.509 seconds):
INFO:root:COST >> 1.7027 +/- 0.1369, % updates: 47.743%
INFO:root:-- EPOCH 91 (1.505 seconds):
INFO:root:COST >> 1.7065 +/- 0.1302, % updates: 47.729%
INFO:root:-- EPOCH 92 (1.473 seconds):
INFO:root:COST >> 1.7063 +/- 0.1273, % updates: 47.727%
INFO:root:-- EPOCH 93 (1.486 seconds):
INFO:root:COST >> 1.6967 +/- 0.1405, % updates: 47.489%
INFO:root:-- EPOCH 94 (1.46 seconds):
INFO:root:COST >> 1.6969 +/- 0.1401, % updates: 47.686%
INFO:root:-- EPOCH 95 (1.964 seconds):
INFO:root:COST >> 1.6981 +/- 0.1388, % updates: 47.687%
INFO:root:-- EPOCH 96 (1.893 seconds):
INFO:root:COST >> 1.7042 +/- 0.1303, % updates: 47.752%
INFO:root:-- EPOCH 97 (1.909 seconds):
INFO:root:COST >> 1.6964 +/- 0.1305, % updates: 47.645%
INFO:root:-- EPOCH 98 (1.931 seconds):
INFO:root:COST >> 1.6919 +/- 0.1303, % updates: 47.584%
INFO:root:-- EPOCH 99 (1.909 seconds):
INFO:root:COST >> 1.7011 +/- 0.1383, % updates: 47.695%
INFO:root:-- EPOCH 100 (1.908 seconds):
INFO:root:COST >> 1.6958 +/- 0.1273, % updates: 47.855%
