INFO:root:Shape for training set: (40961, 141442)
INFO:root:State: {'ndim': '20', 'test_all': 'None', 'test_path': 'None', 'nhid': '50', 'lremb': '1e-06', 'seed': '0', 'simfn': 'L1', 'valid_path': 'None', 'nbatches': '10', 'lrparam': '1e-06', 'decay': '0.5', 'show_hinton_diagrams': 'False', 'no_rescaling': 'True', 'Nrel': '18', 'ranking_score_right': 'False', 'Nent': '40961', 'Nsyn': '40943', 'method': 'MOMENTUM', 'loss_margin': '1.0', 'C': '1.0', 'epsilon': '1e-06', 'use_db': 'True', 'max_lr': 'None', 'l1_param_weight': 'None', 'filtered': 'False', 'name': 'wn_opt/wn_MOMENTUM_40', 'totepochs': '100', 'l2_param_weight': 'None', 'train_path': 'data/wn/WN-train.pkl', 'op': 'TransE'}
INFO:root:Starting the Experiment ..
INFO:root:-- EPOCH 1 (1.507 seconds):
INFO:root:COST >> 2.2193 +/- 0.0123, % updates: 81.523%
INFO:root:-- EPOCH 2 (1.665 seconds):
INFO:root:COST >> 2.2229 +/- 0.0167, % updates: 81.614%
INFO:root:-- EPOCH 3 (2.096 seconds):
INFO:root:COST >> 2.2225 +/- 0.014, % updates: 81.643%
INFO:root:-- EPOCH 4 (2.316 seconds):
INFO:root:COST >> 2.2257 +/- 0.0086, % updates: 81.827%
INFO:root:-- EPOCH 5 (2.272 seconds):
INFO:root:COST >> 2.2239 +/- 0.0098, % updates: 81.645%
INFO:root:-- EPOCH 6 (2.417 seconds):
INFO:root:COST >> 2.2155 +/- 0.0081, % updates: 81.637%
INFO:root:-- EPOCH 7 (2.36 seconds):
INFO:root:COST >> 2.2179 +/- 0.0164, % updates: 81.704%
INFO:root:-- EPOCH 8 (2.354 seconds):
INFO:root:COST >> 2.2126 +/- 0.0068, % updates: 81.594%
INFO:root:-- EPOCH 9 (2.13 seconds):
INFO:root:COST >> 2.2158 +/- 0.0095, % updates: 81.62%
INFO:root:-- EPOCH 10 (2.218 seconds):
INFO:root:COST >> 2.213 +/- 0.0054, % updates: 81.719%
INFO:root:-- EPOCH 11 (2.099 seconds):
INFO:root:COST >> 2.2129 +/- 0.0129, % updates: 81.632%
INFO:root:-- EPOCH 12 (2.199 seconds):
INFO:root:COST >> 2.216 +/- 0.0092, % updates: 81.75%
INFO:root:-- EPOCH 13 (2.156 seconds):
INFO:root:COST >> 2.2109 +/- 0.0145, % updates: 81.724%
INFO:root:-- EPOCH 14 (2.136 seconds):
INFO:root:COST >> 2.2049 +/- 0.0119, % updates: 81.631%
INFO:root:-- EPOCH 15 (2.088 seconds):
INFO:root:COST >> 2.2078 +/- 0.0106, % updates: 81.816%
INFO:root:-- EPOCH 16 (2.115 seconds):
INFO:root:COST >> 2.2077 +/- 0.0118, % updates: 81.817%
INFO:root:-- EPOCH 17 (2.193 seconds):
INFO:root:COST >> 2.214 +/- 0.0143, % updates: 81.765%
INFO:root:-- EPOCH 18 (2.267 seconds):
INFO:root:COST >> 2.2103 +/- 0.0149, % updates: 81.654%
INFO:root:-- EPOCH 19 (2.164 seconds):
INFO:root:COST >> 2.2068 +/- 0.0087, % updates: 81.764%
INFO:root:-- EPOCH 20 (1.986 seconds):
INFO:root:COST >> 2.205 +/- 0.0125, % updates: 81.674%
INFO:root:-- EPOCH 21 (1.85 seconds):
INFO:root:COST >> 2.2054 +/- 0.0169, % updates: 81.75%
INFO:root:-- EPOCH 22 (1.975 seconds):
INFO:root:COST >> 2.2045 +/- 0.012, % updates: 81.782%
INFO:root:-- EPOCH 23 (2.418 seconds):
INFO:root:COST >> 2.2 +/- 0.0175, % updates: 81.76%
INFO:root:-- EPOCH 24 (2.382 seconds):
INFO:root:COST >> 2.2019 +/- 0.0116, % updates: 81.788%
INFO:root:-- EPOCH 25 (2.152 seconds):
INFO:root:COST >> 2.1995 +/- 0.0077, % updates: 81.677%
INFO:root:-- EPOCH 26 (1.988 seconds):
INFO:root:COST >> 2.2037 +/- 0.0102, % updates: 81.819%
INFO:root:-- EPOCH 27 (1.927 seconds):
INFO:root:COST >> 2.1964 +/- 0.0108, % updates: 81.731%
INFO:root:-- EPOCH 28 (1.897 seconds):
INFO:root:COST >> 2.2022 +/- 0.0082, % updates: 81.841%
INFO:root:-- EPOCH 29 (1.95 seconds):
INFO:root:COST >> 2.1954 +/- 0.0109, % updates: 81.759%
INFO:root:-- EPOCH 30 (1.77 seconds):
INFO:root:COST >> 2.1968 +/- 0.0083, % updates: 81.702%
INFO:root:-- EPOCH 31 (1.811 seconds):
INFO:root:COST >> 2.1965 +/- 0.0142, % updates: 81.723%
INFO:root:-- EPOCH 32 (1.794 seconds):
INFO:root:COST >> 2.1985 +/- 0.0147, % updates: 81.858%
INFO:root:-- EPOCH 33 (1.906 seconds):
INFO:root:COST >> 2.1916 +/- 0.013, % updates: 81.711%
INFO:root:-- EPOCH 34 (2.168 seconds):
INFO:root:COST >> 2.1943 +/- 0.0105, % updates: 81.687%
INFO:root:-- EPOCH 35 (2.287 seconds):
INFO:root:COST >> 2.1942 +/- 0.0161, % updates: 81.734%
INFO:root:-- EPOCH 36 (2.139 seconds):
INFO:root:COST >> 2.1942 +/- 0.0074, % updates: 81.845%
INFO:root:-- EPOCH 37 (2.187 seconds):
INFO:root:COST >> 2.1912 +/- 0.0115, % updates: 81.809%
INFO:root:-- EPOCH 38 (2.03 seconds):
INFO:root:COST >> 2.187 +/- 0.0126, % updates: 81.777%
INFO:root:-- EPOCH 39 (2.154 seconds):
INFO:root:COST >> 2.1921 +/- 0.0113, % updates: 81.771%
INFO:root:-- EPOCH 40 (2.153 seconds):
INFO:root:COST >> 2.1933 +/- 0.0116, % updates: 81.764%
INFO:root:-- EPOCH 41 (2.183 seconds):
INFO:root:COST >> 2.1907 +/- 0.0132, % updates: 81.713%
INFO:root:-- EPOCH 42 (2.253 seconds):
INFO:root:COST >> 2.1885 +/- 0.0118, % updates: 81.806%
INFO:root:-- EPOCH 43 (2.244 seconds):
INFO:root:COST >> 2.1842 +/- 0.0128, % updates: 81.7%
INFO:root:-- EPOCH 44 (2.341 seconds):
INFO:root:COST >> 2.1826 +/- 0.0094, % updates: 81.749%
INFO:root:-- EPOCH 45 (2.267 seconds):
INFO:root:COST >> 2.1878 +/- 0.0089, % updates: 81.804%
INFO:root:-- EPOCH 46 (2.42 seconds):
INFO:root:COST >> 2.1869 +/- 0.0101, % updates: 81.821%
INFO:root:-- EPOCH 47 (1.815 seconds):
INFO:root:COST >> 2.1847 +/- 0.0146, % updates: 81.818%
INFO:root:-- EPOCH 48 (1.61 seconds):
INFO:root:COST >> 2.1805 +/- 0.0112, % updates: 81.862%
INFO:root:-- EPOCH 49 (1.66 seconds):
INFO:root:COST >> 2.1805 +/- 0.0092, % updates: 81.879%
INFO:root:-- EPOCH 50 (2.15 seconds):
INFO:root:COST >> 2.1785 +/- 0.01, % updates: 81.749%
INFO:root:-- EPOCH 51 (1.544 seconds):
INFO:root:COST >> 2.18 +/- 0.0107, % updates: 81.809%
INFO:root:-- EPOCH 52 (1.535 seconds):
INFO:root:COST >> 2.1821 +/- 0.0144, % updates: 81.799%
INFO:root:-- EPOCH 53 (1.527 seconds):
INFO:root:COST >> 2.1803 +/- 0.0135, % updates: 81.817%
INFO:root:-- EPOCH 54 (1.675 seconds):
INFO:root:COST >> 2.1791 +/- 0.0065, % updates: 81.747%
INFO:root:-- EPOCH 55 (1.516 seconds):
INFO:root:COST >> 2.18 +/- 0.0094, % updates: 81.942%
INFO:root:-- EPOCH 56 (1.488 seconds):
INFO:root:COST >> 2.1796 +/- 0.0209, % updates: 81.942%
INFO:root:-- EPOCH 57 (2.095 seconds):
INFO:root:COST >> 2.1768 +/- 0.0073, % updates: 81.85%
INFO:root:-- EPOCH 58 (1.567 seconds):
INFO:root:COST >> 2.181 +/- 0.0121, % updates: 81.758%
INFO:root:-- EPOCH 59 (1.58 seconds):
INFO:root:COST >> 2.1759 +/- 0.0108, % updates: 81.726%
INFO:root:-- EPOCH 60 (1.629 seconds):
INFO:root:COST >> 2.1758 +/- 0.011, % updates: 81.767%
INFO:root:-- EPOCH 61 (1.613 seconds):
INFO:root:COST >> 2.1773 +/- 0.0132, % updates: 81.839%
INFO:root:-- EPOCH 62 (1.668 seconds):
INFO:root:COST >> 2.1725 +/- 0.0121, % updates: 81.753%
INFO:root:-- EPOCH 63 (1.77 seconds):
INFO:root:COST >> 2.1711 +/- 0.0136, % updates: 81.775%
INFO:root:-- EPOCH 64 (1.614 seconds):
INFO:root:COST >> 2.1707 +/- 0.0106, % updates: 81.696%
INFO:root:-- EPOCH 65 (1.611 seconds):
INFO:root:COST >> 2.1731 +/- 0.0138, % updates: 81.822%
INFO:root:-- EPOCH 66 (1.916 seconds):
INFO:root:COST >> 2.1723 +/- 0.0126, % updates: 81.663%
INFO:root:-- EPOCH 67 (1.605 seconds):
INFO:root:COST >> 2.1666 +/- 0.0067, % updates: 81.623%
INFO:root:-- EPOCH 68 (1.577 seconds):
INFO:root:COST >> 2.1684 +/- 0.0131, % updates: 81.687%
INFO:root:-- EPOCH 69 (1.565 seconds):
INFO:root:COST >> 2.1667 +/- 0.009, % updates: 81.8%
INFO:root:-- EPOCH 70 (1.542 seconds):
INFO:root:COST >> 2.1683 +/- 0.0118, % updates: 81.842%
INFO:root:-- EPOCH 71 (1.549 seconds):
INFO:root:COST >> 2.1666 +/- 0.008, % updates: 81.639%
INFO:root:-- EPOCH 72 (1.518 seconds):
INFO:root:COST >> 2.1655 +/- 0.01, % updates: 81.751%
INFO:root:-- EPOCH 73 (1.587 seconds):
INFO:root:COST >> 2.1673 +/- 0.0076, % updates: 81.785%
INFO:root:-- EPOCH 74 (1.6 seconds):
INFO:root:COST >> 2.1684 +/- 0.0111, % updates: 81.748%
INFO:root:-- EPOCH 75 (1.612 seconds):
INFO:root:COST >> 2.1655 +/- 0.0125, % updates: 81.73%
INFO:root:-- EPOCH 76 (1.591 seconds):
INFO:root:COST >> 2.1661 +/- 0.0086, % updates: 81.881%
INFO:root:-- EPOCH 77 (1.587 seconds):
INFO:root:COST >> 2.1657 +/- 0.0079, % updates: 81.662%
INFO:root:-- EPOCH 78 (1.592 seconds):
INFO:root:COST >> 2.161 +/- 0.0056, % updates: 81.756%
INFO:root:-- EPOCH 79 (1.541 seconds):
INFO:root:COST >> 2.1635 +/- 0.0197, % updates: 81.715%
INFO:root:-- EPOCH 80 (1.551 seconds):
INFO:root:COST >> 2.1648 +/- 0.0116, % updates: 81.745%
INFO:root:-- EPOCH 81 (1.544 seconds):
INFO:root:COST >> 2.1626 +/- 0.0144, % updates: 81.772%
INFO:root:-- EPOCH 82 (1.544 seconds):
INFO:root:COST >> 2.1591 +/- 0.0104, % updates: 81.613%
INFO:root:-- EPOCH 83 (1.599 seconds):
INFO:root:COST >> 2.1626 +/- 0.0152, % updates: 81.614%
INFO:root:-- EPOCH 84 (1.613 seconds):
INFO:root:COST >> 2.1607 +/- 0.0127, % updates: 81.665%
INFO:root:-- EPOCH 85 (1.818 seconds):
INFO:root:COST >> 2.1526 +/- 0.0091, % updates: 81.718%
INFO:root:-- EPOCH 86 (1.552 seconds):
INFO:root:COST >> 2.1558 +/- 0.012, % updates: 81.682%
INFO:root:-- EPOCH 87 (1.66 seconds):
INFO:root:COST >> 2.1596 +/- 0.0111, % updates: 81.7%
INFO:root:-- EPOCH 88 (1.783 seconds):
INFO:root:COST >> 2.1537 +/- 0.0099, % updates: 81.707%
INFO:root:-- EPOCH 89 (1.661 seconds):
INFO:root:COST >> 2.1606 +/- 0.0136, % updates: 81.751%
INFO:root:-- EPOCH 90 (1.538 seconds):
INFO:root:COST >> 2.1549 +/- 0.0097, % updates: 81.608%
INFO:root:-- EPOCH 91 (1.609 seconds):
INFO:root:COST >> 2.1599 +/- 0.0099, % updates: 81.753%
INFO:root:-- EPOCH 92 (1.567 seconds):
INFO:root:COST >> 2.1534 +/- 0.0146, % updates: 81.72%
INFO:root:-- EPOCH 93 (1.545 seconds):
INFO:root:COST >> 2.1575 +/- 0.0137, % updates: 81.682%
INFO:root:-- EPOCH 94 (1.568 seconds):
INFO:root:COST >> 2.1551 +/- 0.0111, % updates: 81.662%
INFO:root:-- EPOCH 95 (1.731 seconds):
INFO:root:COST >> 2.1514 +/- 0.0113, % updates: 81.726%
INFO:root:-- EPOCH 96 (1.335 seconds):
INFO:root:COST >> 2.1525 +/- 0.0172, % updates: 81.663%
INFO:root:-- EPOCH 97 (2.062 seconds):
INFO:root:COST >> 2.1558 +/- 0.0079, % updates: 81.717%
INFO:root:-- EPOCH 98 (1.609 seconds):
INFO:root:COST >> 2.1518 +/- 0.0099, % updates: 81.633%
INFO:root:-- EPOCH 99 (1.562 seconds):
INFO:root:COST >> 2.1515 +/- 0.0069, % updates: 81.635%
INFO:root:-- EPOCH 100 (1.669 seconds):
INFO:root:COST >> 2.1492 +/- 0.0115, % updates: 81.671%
