INFO:root:Shape for training set: (40961, 141442)
INFO:root:State: {'ndim': '20', 'test_all': 'None', 'test_path': 'None', 'nhid': '50', 'lremb': '1e-06', 'seed': '1', 'simfn': 'L1', 'valid_path': 'None', 'nbatches': '10', 'lrparam': '1e-06', 'decay': '0.99', 'show_hinton_diagrams': 'False', 'no_rescaling': 'True', 'Nrel': '18', 'ranking_score_right': 'False', 'Nent': '40961', 'Nsyn': '40943', 'method': 'MOMENTUM', 'loss_margin': '1.0', 'C': '1.0', 'epsilon': '1e-06', 'use_db': 'True', 'max_lr': 'None', 'l1_param_weight': 'None', 'filtered': 'False', 'name': 'wn_opt/wn_MOMENTUM_21', 'totepochs': '100', 'l2_param_weight': 'None', 'train_path': 'data/wn/WN-train.pkl', 'op': 'TransE'}
INFO:root:Starting the Experiment ..
INFO:root:-- EPOCH 1 (1.508 seconds):
INFO:root:COST >> 2.2106 +/- 0.01, % updates: 81.497%
INFO:root:-- EPOCH 2 (1.575 seconds):
INFO:root:COST >> 2.2042 +/- 0.0168, % updates: 81.43%
INFO:root:-- EPOCH 3 (1.566 seconds):
INFO:root:COST >> 2.1978 +/- 0.015, % updates: 81.49%
INFO:root:-- EPOCH 4 (1.519 seconds):
INFO:root:COST >> 2.1874 +/- 0.0153, % updates: 81.577%
INFO:root:-- EPOCH 5 (1.514 seconds):
INFO:root:COST >> 2.1727 +/- 0.0096, % updates: 81.6%
INFO:root:-- EPOCH 6 (1.528 seconds):
INFO:root:COST >> 2.1593 +/- 0.0136, % updates: 81.518%
INFO:root:-- EPOCH 7 (1.563 seconds):
INFO:root:COST >> 2.1489 +/- 0.0085, % updates: 81.465%
INFO:root:-- EPOCH 8 (1.524 seconds):
INFO:root:COST >> 2.1346 +/- 0.0135, % updates: 81.415%
INFO:root:-- EPOCH 9 (1.561 seconds):
INFO:root:COST >> 2.1215 +/- 0.0147, % updates: 81.099%
INFO:root:-- EPOCH 10 (1.613 seconds):
INFO:root:COST >> 2.1057 +/- 0.0114, % updates: 80.892%
INFO:root:-- EPOCH 11 (1.578 seconds):
INFO:root:COST >> 2.1011 +/- 0.0103, % updates: 80.738%
INFO:root:-- EPOCH 12 (1.525 seconds):
INFO:root:COST >> 2.0867 +/- 0.0102, % updates: 80.483%
INFO:root:-- EPOCH 13 (1.526 seconds):
INFO:root:COST >> 2.0749 +/- 0.0064, % updates: 80.015%
INFO:root:-- EPOCH 14 (1.551 seconds):
INFO:root:COST >> 2.0591 +/- 0.0115, % updates: 79.802%
INFO:root:-- EPOCH 15 (1.524 seconds):
INFO:root:COST >> 2.0491 +/- 0.0163, % updates: 79.435%
INFO:root:-- EPOCH 16 (1.526 seconds):
INFO:root:COST >> 2.038 +/- 0.0137, % updates: 79.167%
INFO:root:-- EPOCH 17 (1.517 seconds):
INFO:root:COST >> 2.0252 +/- 0.0104, % updates: 78.907%
INFO:root:-- EPOCH 18 (1.526 seconds):
INFO:root:COST >> 2.0129 +/- 0.011, % updates: 78.557%
INFO:root:-- EPOCH 19 (1.52 seconds):
INFO:root:COST >> 1.995 +/- 0.0105, % updates: 78.215%
INFO:root:-- EPOCH 20 (1.523 seconds):
INFO:root:COST >> 1.9813 +/- 0.013, % updates: 77.902%
INFO:root:-- EPOCH 21 (1.544 seconds):
INFO:root:COST >> 1.9704 +/- 0.0124, % updates: 77.671%
INFO:root:-- EPOCH 22 (1.503 seconds):
INFO:root:COST >> 1.956 +/- 0.0125, % updates: 77.423%
INFO:root:-- EPOCH 23 (1.537 seconds):
INFO:root:COST >> 1.9439 +/- 0.0099, % updates: 77.192%
INFO:root:-- EPOCH 24 (1.521 seconds):
INFO:root:COST >> 1.9303 +/- 0.0115, % updates: 77.043%
INFO:root:-- EPOCH 25 (1.531 seconds):
INFO:root:COST >> 1.9132 +/- 0.0089, % updates: 76.65%
INFO:root:-- EPOCH 26 (1.509 seconds):
INFO:root:COST >> 1.9029 +/- 0.0113, % updates: 76.583%
INFO:root:-- EPOCH 27 (1.543 seconds):
INFO:root:COST >> 1.8877 +/- 0.0132, % updates: 76.251%
INFO:root:-- EPOCH 28 (1.564 seconds):
INFO:root:COST >> 1.8765 +/- 0.0147, % updates: 76.141%
INFO:root:-- EPOCH 29 (1.569 seconds):
INFO:root:COST >> 1.8654 +/- 0.0082, % updates: 75.962%
INFO:root:-- EPOCH 30 (1.523 seconds):
INFO:root:COST >> 1.8481 +/- 0.0154, % updates: 75.555%
INFO:root:-- EPOCH 31 (1.578 seconds):
INFO:root:COST >> 1.8354 +/- 0.0157, % updates: 75.386%
INFO:root:-- EPOCH 32 (1.524 seconds):
INFO:root:COST >> 1.8275 +/- 0.0111, % updates: 75.133%
INFO:root:-- EPOCH 33 (1.538 seconds):
INFO:root:COST >> 1.82 +/- 0.0131, % updates: 74.906%
INFO:root:-- EPOCH 34 (1.515 seconds):
INFO:root:COST >> 1.8008 +/- 0.0111, % updates: 74.577%
INFO:root:-- EPOCH 35 (1.501 seconds):
INFO:root:COST >> 1.7903 +/- 0.0097, % updates: 74.218%
INFO:root:-- EPOCH 36 (1.536 seconds):
INFO:root:COST >> 1.774 +/- 0.0101, % updates: 74.061%
INFO:root:-- EPOCH 37 (1.539 seconds):
INFO:root:COST >> 1.7674 +/- 0.0083, % updates: 73.847%
INFO:root:-- EPOCH 38 (1.509 seconds):
INFO:root:COST >> 1.7531 +/- 0.0111, % updates: 73.537%
INFO:root:-- EPOCH 39 (1.503 seconds):
INFO:root:COST >> 1.7424 +/- 0.0111, % updates: 73.431%
INFO:root:-- EPOCH 40 (1.528 seconds):
INFO:root:COST >> 1.7279 +/- 0.0122, % updates: 73.107%
INFO:root:-- EPOCH 41 (1.511 seconds):
INFO:root:COST >> 1.7149 +/- 0.0083, % updates: 72.919%
INFO:root:-- EPOCH 42 (1.523 seconds):
INFO:root:COST >> 1.7079 +/- 0.0079, % updates: 72.832%
INFO:root:-- EPOCH 43 (1.502 seconds):
INFO:root:COST >> 1.6938 +/- 0.0151, % updates: 72.543%
INFO:root:-- EPOCH 44 (1.536 seconds):
INFO:root:COST >> 1.6847 +/- 0.0088, % updates: 72.481%
INFO:root:-- EPOCH 45 (1.561 seconds):
INFO:root:COST >> 1.6694 +/- 0.0094, % updates: 72.086%
INFO:root:-- EPOCH 46 (1.532 seconds):
INFO:root:COST >> 1.6622 +/- 0.0114, % updates: 71.921%
INFO:root:-- EPOCH 47 (1.5 seconds):
INFO:root:COST >> 1.6463 +/- 0.0126, % updates: 71.533%
INFO:root:-- EPOCH 48 (1.513 seconds):
INFO:root:COST >> 1.6422 +/- 0.0089, % updates: 71.389%
INFO:root:-- EPOCH 49 (1.513 seconds):
INFO:root:COST >> 1.6286 +/- 0.009, % updates: 71.037%
INFO:root:-- EPOCH 50 (1.531 seconds):
INFO:root:COST >> 1.6187 +/- 0.0099, % updates: 70.986%
INFO:root:-- EPOCH 51 (1.508 seconds):
INFO:root:COST >> 1.6035 +/- 0.0114, % updates: 70.751%
INFO:root:-- EPOCH 52 (1.503 seconds):
INFO:root:COST >> 1.5931 +/- 0.0086, % updates: 70.52%
INFO:root:-- EPOCH 53 (1.529 seconds):
INFO:root:COST >> 1.5844 +/- 0.0079, % updates: 70.367%
INFO:root:-- EPOCH 54 (1.562 seconds):
INFO:root:COST >> 1.5714 +/- 0.0084, % updates: 70.093%
INFO:root:-- EPOCH 55 (1.524 seconds):
INFO:root:COST >> 1.5606 +/- 0.0139, % updates: 69.958%
INFO:root:-- EPOCH 56 (1.5 seconds):
INFO:root:COST >> 1.5529 +/- 0.008, % updates: 69.712%
INFO:root:-- EPOCH 57 (1.535 seconds):
INFO:root:COST >> 1.5422 +/- 0.0127, % updates: 69.546%
INFO:root:-- EPOCH 58 (1.537 seconds):
INFO:root:COST >> 1.5332 +/- 0.0088, % updates: 69.299%
INFO:root:-- EPOCH 59 (1.509 seconds):
INFO:root:COST >> 1.5201 +/- 0.0076, % updates: 69.083%
INFO:root:-- EPOCH 60 (1.501 seconds):
INFO:root:COST >> 1.5121 +/- 0.0136, % updates: 68.713%
INFO:root:-- EPOCH 61 (1.509 seconds):
INFO:root:COST >> 1.5004 +/- 0.0068, % updates: 68.603%
INFO:root:-- EPOCH 62 (1.493 seconds):
INFO:root:COST >> 1.4903 +/- 0.0106, % updates: 68.4%
INFO:root:-- EPOCH 63 (1.518 seconds):
INFO:root:COST >> 1.4836 +/- 0.0108, % updates: 68.334%
INFO:root:-- EPOCH 64 (1.502 seconds):
INFO:root:COST >> 1.4776 +/- 0.0083, % updates: 68.096%
INFO:root:-- EPOCH 65 (1.567 seconds):
INFO:root:COST >> 1.4679 +/- 0.0098, % updates: 67.872%
INFO:root:-- EPOCH 66 (1.574 seconds):
INFO:root:COST >> 1.4541 +/- 0.0108, % updates: 67.546%
INFO:root:-- EPOCH 67 (1.557 seconds):
INFO:root:COST >> 1.4528 +/- 0.0111, % updates: 67.556%
INFO:root:-- EPOCH 68 (1.511 seconds):
INFO:root:COST >> 1.4386 +/- 0.0115, % updates: 67.243%
INFO:root:-- EPOCH 69 (1.736 seconds):
INFO:root:COST >> 1.428 +/- 0.0108, % updates: 67.104%
INFO:root:-- EPOCH 70 (1.577 seconds):
INFO:root:COST >> 1.4217 +/- 0.013, % updates: 66.976%
INFO:root:-- EPOCH 71 (1.53 seconds):
INFO:root:COST >> 1.4136 +/- 0.0096, % updates: 66.722%
INFO:root:-- EPOCH 72 (1.509 seconds):
INFO:root:COST >> 1.4078 +/- 0.0111, % updates: 66.49%
INFO:root:-- EPOCH 73 (1.512 seconds):
INFO:root:COST >> 1.3907 +/- 0.0113, % updates: 66.308%
INFO:root:-- EPOCH 74 (1.506 seconds):
INFO:root:COST >> 1.3876 +/- 0.0098, % updates: 66.069%
INFO:root:-- EPOCH 75 (1.519 seconds):
INFO:root:COST >> 1.3765 +/- 0.0108, % updates: 65.859%
INFO:root:-- EPOCH 76 (1.527 seconds):
INFO:root:COST >> 1.3697 +/- 0.0103, % updates: 65.707%
INFO:root:-- EPOCH 77 (1.501 seconds):
INFO:root:COST >> 1.3632 +/- 0.0065, % updates: 65.485%
INFO:root:-- EPOCH 78 (1.559 seconds):
INFO:root:COST >> 1.3545 +/- 0.0109, % updates: 65.36%
INFO:root:-- EPOCH 79 (1.546 seconds):
INFO:root:COST >> 1.344 +/- 0.0079, % updates: 65.198%
INFO:root:-- EPOCH 80 (1.508 seconds):
INFO:root:COST >> 1.3361 +/- 0.008, % updates: 64.887%
INFO:root:-- EPOCH 81 (1.577 seconds):
INFO:root:COST >> 1.33 +/- 0.0088, % updates: 64.659%
INFO:root:-- EPOCH 82 (1.529 seconds):
INFO:root:COST >> 1.3209 +/- 0.0097, % updates: 64.54%
INFO:root:-- EPOCH 83 (1.574 seconds):
INFO:root:COST >> 1.3144 +/- 0.0053, % updates: 64.479%
INFO:root:-- EPOCH 84 (1.532 seconds):
INFO:root:COST >> 1.3077 +/- 0.0123, % updates: 64.149%
INFO:root:-- EPOCH 85 (1.528 seconds):
INFO:root:COST >> 1.2979 +/- 0.0115, % updates: 64.063%
INFO:root:-- EPOCH 86 (1.51 seconds):
INFO:root:COST >> 1.2891 +/- 0.0072, % updates: 63.696%
INFO:root:-- EPOCH 87 (1.529 seconds):
INFO:root:COST >> 1.2834 +/- 0.0065, % updates: 63.692%
INFO:root:-- EPOCH 88 (1.523 seconds):
INFO:root:COST >> 1.2766 +/- 0.006, % updates: 63.457%
INFO:root:-- EPOCH 89 (1.539 seconds):
INFO:root:COST >> 1.2694 +/- 0.013, % updates: 63.351%
INFO:root:-- EPOCH 90 (1.522 seconds):
INFO:root:COST >> 1.2665 +/- 0.0081, % updates: 63.144%
INFO:root:-- EPOCH 91 (1.55 seconds):
INFO:root:COST >> 1.2553 +/- 0.0058, % updates: 62.855%
INFO:root:-- EPOCH 92 (1.535 seconds):
INFO:root:COST >> 1.2503 +/- 0.0084, % updates: 62.754%
INFO:root:-- EPOCH 93 (1.577 seconds):
INFO:root:COST >> 1.2401 +/- 0.0099, % updates: 62.522%
INFO:root:-- EPOCH 94 (1.531 seconds):
INFO:root:COST >> 1.2374 +/- 0.0075, % updates: 62.562%
INFO:root:-- EPOCH 95 (1.56 seconds):
INFO:root:COST >> 1.2275 +/- 0.008, % updates: 62.186%
INFO:root:-- EPOCH 96 (1.502 seconds):
INFO:root:COST >> 1.2194 +/- 0.0101, % updates: 61.967%
INFO:root:-- EPOCH 97 (1.515 seconds):
INFO:root:COST >> 1.2109 +/- 0.0085, % updates: 61.78%
INFO:root:-- EPOCH 98 (1.536 seconds):
INFO:root:COST >> 1.208 +/- 0.008, % updates: 61.741%
INFO:root:-- EPOCH 99 (1.259 seconds):
INFO:root:COST >> 1.1979 +/- 0.0092, % updates: 61.507%
INFO:root:-- EPOCH 100 (1.231 seconds):
INFO:root:COST >> 1.1909 +/- 0.0096, % updates: 61.22%
