INFO:root:Shape for training set: (40961, 141442)
INFO:root:State: {'ndim': '20', 'test_all': 'None', 'test_path': 'None', 'nhid': '50', 'lremb': '10.0', 'seed': '0', 'simfn': 'L1', 'valid_path': 'None', 'nbatches': '10', 'lrparam': '10.0', 'decay': '0.9999', 'show_hinton_diagrams': 'False', 'no_rescaling': 'True', 'Nrel': '18', 'ranking_score_right': 'False', 'Nent': '40961', 'Nsyn': '40943', 'method': 'MOMENTUM', 'loss_margin': '1.0', 'C': '1.0', 'epsilon': '1e-06', 'use_db': 'True', 'max_lr': 'None', 'l1_param_weight': 'None', 'filtered': 'False', 'name': 'wn_opt/wn_MOMENTUM_350', 'totepochs': '100', 'l2_param_weight': 'None', 'train_path': 'data/wn/WN-train.pkl', 'op': 'TransE'}
INFO:root:Starting the Experiment ..
INFO:root:-- EPOCH 1 (1.519 seconds):
INFO:root:COST >> 2.7267 +/- 0.2182, % updates: 64.166%
INFO:root:-- EPOCH 2 (1.496 seconds):
INFO:root:COST >> 2.3974 +/- 0.1832, % updates: 52.135%
INFO:root:-- EPOCH 3 (1.49 seconds):
INFO:root:COST >> 2.2496 +/- 0.1988, % updates: 50.088%
INFO:root:-- EPOCH 4 (1.509 seconds):
INFO:root:COST >> 2.1705 +/- 0.1786, % updates: 49.316%
INFO:root:-- EPOCH 5 (1.514 seconds):
INFO:root:COST >> 2.118 +/- 0.1869, % updates: 48.704%
INFO:root:-- EPOCH 6 (1.491 seconds):
INFO:root:COST >> 2.0814 +/- 0.1909, % updates: 48.355%
INFO:root:-- EPOCH 7 (1.539 seconds):
INFO:root:COST >> 2.0556 +/- 0.1832, % updates: 48.146%
INFO:root:-- EPOCH 8 (1.485 seconds):
INFO:root:COST >> 2.0373 +/- 0.1799, % updates: 48.051%
INFO:root:-- EPOCH 9 (1.506 seconds):
INFO:root:COST >> 2.0058 +/- 0.1778, % updates: 47.779%
INFO:root:-- EPOCH 10 (1.509 seconds):
INFO:root:COST >> 2.0001 +/- 0.1738, % updates: 47.851%
INFO:root:-- EPOCH 11 (1.502 seconds):
INFO:root:COST >> 1.9792 +/- 0.1778, % updates: 47.61%
INFO:root:-- EPOCH 12 (1.482 seconds):
INFO:root:COST >> 1.9722 +/- 0.1623, % updates: 47.597%
INFO:root:-- EPOCH 13 (1.509 seconds):
INFO:root:COST >> 1.9556 +/- 0.1662, % updates: 47.484%
INFO:root:-- EPOCH 14 (1.486 seconds):
INFO:root:COST >> 1.9485 +/- 0.1567, % updates: 47.445%
INFO:root:-- EPOCH 15 (1.5 seconds):
INFO:root:COST >> 1.9426 +/- 0.167, % updates: 47.561%
INFO:root:-- EPOCH 16 (1.517 seconds):
INFO:root:COST >> 1.926 +/- 0.1738, % updates: 47.476%
INFO:root:-- EPOCH 17 (1.259 seconds):
INFO:root:COST >> 1.919 +/- 0.1699, % updates: 47.349%
INFO:root:-- EPOCH 18 (1.139 seconds):
INFO:root:COST >> 1.9111 +/- 0.1659, % updates: 47.414%
INFO:root:-- EPOCH 19 (1.105 seconds):
INFO:root:COST >> 1.9148 +/- 0.1567, % updates: 47.465%
INFO:root:-- EPOCH 20 (1.179 seconds):
INFO:root:COST >> 1.9008 +/- 0.1585, % updates: 47.353%
INFO:root:-- EPOCH 21 (1.226 seconds):
INFO:root:COST >> 1.8989 +/- 0.1541, % updates: 47.309%
INFO:root:-- EPOCH 22 (1.485 seconds):
INFO:root:COST >> 1.8922 +/- 0.1664, % updates: 47.372%
INFO:root:-- EPOCH 23 (1.515 seconds):
INFO:root:COST >> 1.8802 +/- 0.1517, % updates: 47.268%
INFO:root:-- EPOCH 24 (1.492 seconds):
INFO:root:COST >> 1.8735 +/- 0.1538, % updates: 47.11%
INFO:root:-- EPOCH 25 (1.5 seconds):
INFO:root:COST >> 1.8672 +/- 0.16, % updates: 47.16%
INFO:root:-- EPOCH 26 (1.481 seconds):
INFO:root:COST >> 1.8731 +/- 0.1603, % updates: 47.27%
INFO:root:-- EPOCH 27 (1.499 seconds):
INFO:root:COST >> 1.8666 +/- 0.1611, % updates: 47.288%
INFO:root:-- EPOCH 28 (1.493 seconds):
INFO:root:COST >> 1.866 +/- 0.1612, % updates: 47.328%
INFO:root:-- EPOCH 29 (1.56 seconds):
INFO:root:COST >> 1.8618 +/- 0.1503, % updates: 47.26%
INFO:root:-- EPOCH 30 (1.486 seconds):
INFO:root:COST >> 1.8555 +/- 0.1555, % updates: 47.336%
INFO:root:-- EPOCH 31 (1.484 seconds):
INFO:root:COST >> 1.8496 +/- 0.153, % updates: 47.265%
INFO:root:-- EPOCH 32 (1.534 seconds):
INFO:root:COST >> 1.8455 +/- 0.1604, % updates: 47.172%
INFO:root:-- EPOCH 33 (1.489 seconds):
INFO:root:COST >> 1.8419 +/- 0.1538, % updates: 47.184%
INFO:root:-- EPOCH 34 (1.514 seconds):
INFO:root:COST >> 1.8454 +/- 0.1622, % updates: 47.079%
INFO:root:-- EPOCH 35 (1.495 seconds):
INFO:root:COST >> 1.8363 +/- 0.1539, % updates: 47.146%
INFO:root:-- EPOCH 36 (1.507 seconds):
INFO:root:COST >> 1.8392 +/- 0.1475, % updates: 47.239%
INFO:root:-- EPOCH 37 (1.5 seconds):
INFO:root:COST >> 1.8394 +/- 0.1578, % updates: 47.296%
INFO:root:-- EPOCH 38 (1.482 seconds):
INFO:root:COST >> 1.8322 +/- 0.1524, % updates: 47.179%
INFO:root:-- EPOCH 39 (1.495 seconds):
INFO:root:COST >> 1.8317 +/- 0.1514, % updates: 47.149%
INFO:root:-- EPOCH 40 (1.511 seconds):
INFO:root:COST >> 1.8253 +/- 0.15, % updates: 47.169%
INFO:root:-- EPOCH 41 (1.53 seconds):
INFO:root:COST >> 1.8245 +/- 0.1504, % updates: 47.176%
INFO:root:-- EPOCH 42 (1.477 seconds):
INFO:root:COST >> 1.8216 +/- 0.149, % updates: 47.096%
INFO:root:-- EPOCH 43 (1.493 seconds):
INFO:root:COST >> 1.825 +/- 0.1481, % updates: 47.242%
INFO:root:-- EPOCH 44 (1.493 seconds):
INFO:root:COST >> 1.8224 +/- 0.1503, % updates: 47.221%
INFO:root:-- EPOCH 45 (1.492 seconds):
INFO:root:COST >> 1.8134 +/- 0.1483, % updates: 47.19%
INFO:root:-- EPOCH 46 (1.503 seconds):
INFO:root:COST >> 1.8108 +/- 0.1455, % updates: 47.121%
INFO:root:-- EPOCH 47 (1.498 seconds):
INFO:root:COST >> 1.8111 +/- 0.1552, % updates: 47.158%
INFO:root:-- EPOCH 48 (1.521 seconds):
INFO:root:COST >> 1.8105 +/- 0.1537, % updates: 47.22%
INFO:root:-- EPOCH 49 (1.478 seconds):
INFO:root:COST >> 1.8113 +/- 0.1494, % updates: 47.124%
INFO:root:-- EPOCH 50 (1.524 seconds):
INFO:root:COST >> 1.8079 +/- 0.1476, % updates: 47.274%
INFO:root:-- EPOCH 51 (1.507 seconds):
INFO:root:COST >> 1.8002 +/- 0.1492, % updates: 47.113%
INFO:root:-- EPOCH 52 (1.527 seconds):
INFO:root:COST >> 1.8062 +/- 0.1611, % updates: 47.2%
INFO:root:-- EPOCH 53 (1.496 seconds):
INFO:root:COST >> 1.7999 +/- 0.1495, % updates: 47.159%
INFO:root:-- EPOCH 54 (1.48 seconds):
INFO:root:COST >> 1.8027 +/- 0.1521, % updates: 47.269%
INFO:root:-- EPOCH 55 (1.513 seconds):
INFO:root:COST >> 1.7982 +/- 0.1417, % updates: 47.231%
INFO:root:-- EPOCH 56 (1.525 seconds):
INFO:root:COST >> 1.8022 +/- 0.1463, % updates: 47.362%
INFO:root:-- EPOCH 57 (1.516 seconds):
INFO:root:COST >> 1.799 +/- 0.1461, % updates: 47.354%
INFO:root:-- EPOCH 58 (1.512 seconds):
INFO:root:COST >> 1.7975 +/- 0.1496, % updates: 47.224%
INFO:root:-- EPOCH 59 (1.508 seconds):
INFO:root:COST >> 1.7932 +/- 0.1441, % updates: 47.186%
INFO:root:-- EPOCH 60 (1.506 seconds):
INFO:root:COST >> 1.7919 +/- 0.1516, % updates: 47.215%
INFO:root:-- EPOCH 61 (1.48 seconds):
INFO:root:COST >> 1.7868 +/- 0.1449, % updates: 47.096%
INFO:root:-- EPOCH 62 (1.509 seconds):
INFO:root:COST >> 1.7873 +/- 0.1408, % updates: 47.169%
INFO:root:-- EPOCH 63 (1.492 seconds):
INFO:root:COST >> 1.7848 +/- 0.1408, % updates: 47.25%
INFO:root:-- EPOCH 64 (1.513 seconds):
INFO:root:COST >> 1.7875 +/- 0.1456, % updates: 47.162%
INFO:root:-- EPOCH 65 (1.505 seconds):
INFO:root:COST >> 1.7798 +/- 0.145, % updates: 47.135%
INFO:root:-- EPOCH 66 (1.511 seconds):
INFO:root:COST >> 1.7856 +/- 0.1494, % updates: 47.23%
INFO:root:-- EPOCH 67 (1.532 seconds):
INFO:root:COST >> 1.7783 +/- 0.1423, % updates: 47.232%
INFO:root:-- EPOCH 68 (1.516 seconds):
INFO:root:COST >> 1.7831 +/- 0.1437, % updates: 47.287%
INFO:root:-- EPOCH 69 (1.508 seconds):
INFO:root:COST >> 1.7834 +/- 0.1457, % updates: 47.227%
INFO:root:-- EPOCH 70 (1.509 seconds):
INFO:root:COST >> 1.7798 +/- 0.1454, % updates: 47.183%
INFO:root:-- EPOCH 71 (1.511 seconds):
INFO:root:COST >> 1.7808 +/- 0.1462, % updates: 47.169%
INFO:root:-- EPOCH 72 (1.503 seconds):
INFO:root:COST >> 1.7764 +/- 0.1417, % updates: 47.099%
INFO:root:-- EPOCH 73 (1.531 seconds):
INFO:root:COST >> 1.7806 +/- 0.1479, % updates: 47.199%
INFO:root:-- EPOCH 74 (1.502 seconds):
INFO:root:COST >> 1.7747 +/- 0.147, % updates: 47.166%
INFO:root:-- EPOCH 75 (1.5 seconds):
INFO:root:COST >> 1.7735 +/- 0.1407, % updates: 47.115%
INFO:root:-- EPOCH 76 (1.492 seconds):
INFO:root:COST >> 1.7677 +/- 0.1526, % updates: 47.118%
INFO:root:-- EPOCH 77 (1.481 seconds):
INFO:root:COST >> 1.7709 +/- 0.1439, % updates: 47.223%
INFO:root:-- EPOCH 78 (1.528 seconds):
INFO:root:COST >> 1.7727 +/- 0.1443, % updates: 47.062%
INFO:root:-- EPOCH 79 (1.512 seconds):
INFO:root:COST >> 1.7705 +/- 0.1429, % updates: 47.197%
INFO:root:-- EPOCH 80 (1.531 seconds):
INFO:root:COST >> 1.7702 +/- 0.1394, % updates: 47.18%
INFO:root:-- EPOCH 81 (1.513 seconds):
INFO:root:COST >> 1.7679 +/- 0.137, % updates: 47.203%
INFO:root:-- EPOCH 82 (1.539 seconds):
INFO:root:COST >> 1.7715 +/- 0.1423, % updates: 47.373%
INFO:root:-- EPOCH 83 (1.52 seconds):
INFO:root:COST >> 1.7666 +/- 0.1508, % updates: 47.177%
INFO:root:-- EPOCH 84 (1.505 seconds):
INFO:root:COST >> 1.7742 +/- 0.1371, % updates: 47.328%
INFO:root:-- EPOCH 85 (1.478 seconds):
INFO:root:COST >> 1.7669 +/- 0.1518, % updates: 47.267%
INFO:root:-- EPOCH 86 (1.49 seconds):
INFO:root:COST >> 1.7658 +/- 0.1353, % updates: 47.16%
INFO:root:-- EPOCH 87 (1.494 seconds):
INFO:root:COST >> 1.7672 +/- 0.1461, % updates: 47.191%
INFO:root:-- EPOCH 88 (1.5 seconds):
INFO:root:COST >> 1.7665 +/- 0.1424, % updates: 47.177%
INFO:root:-- EPOCH 89 (1.507 seconds):
INFO:root:COST >> 1.7615 +/- 0.1432, % updates: 47.242%
INFO:root:-- EPOCH 90 (1.536 seconds):
INFO:root:COST >> 1.7578 +/- 0.1416, % updates: 47.128%
INFO:root:-- EPOCH 91 (1.508 seconds):
INFO:root:COST >> 1.7659 +/- 0.1516, % updates: 47.226%
INFO:root:-- EPOCH 92 (1.548 seconds):
INFO:root:COST >> 1.7557 +/- 0.1326, % updates: 47.098%
INFO:root:-- EPOCH 93 (1.509 seconds):
INFO:root:COST >> 1.7633 +/- 0.1348, % updates: 47.315%
INFO:root:-- EPOCH 94 (1.491 seconds):
INFO:root:COST >> 1.7604 +/- 0.1424, % updates: 47.309%
INFO:root:-- EPOCH 95 (1.545 seconds):
INFO:root:COST >> 1.7602 +/- 0.1429, % updates: 47.249%
INFO:root:-- EPOCH 96 (1.484 seconds):
INFO:root:COST >> 1.7539 +/- 0.1361, % updates: 47.204%
INFO:root:-- EPOCH 97 (1.544 seconds):
INFO:root:COST >> 1.7595 +/- 0.1433, % updates: 47.276%
INFO:root:-- EPOCH 98 (1.497 seconds):
INFO:root:COST >> 1.758 +/- 0.1396, % updates: 47.226%
INFO:root:-- EPOCH 99 (1.54 seconds):
INFO:root:COST >> 1.7561 +/- 0.147, % updates: 47.177%
INFO:root:-- EPOCH 100 (1.514 seconds):
INFO:root:COST >> 1.7497 +/- 0.1482, % updates: 47.091%
