INFO:root:Shape for training set: (40961, 141442)
INFO:root:State: {'ndim': '20', 'test_all': 'None', 'test_path': 'None', 'nhid': '50', 'lremb': '0.0001', 'seed': '3', 'simfn': 'L1', 'valid_path': 'None', 'nbatches': '10', 'lrparam': '0.0001', 'decay': '0.9999', 'show_hinton_diagrams': 'False', 'no_rescaling': 'True', 'Nrel': '18', 'ranking_score_right': 'False', 'Nent': '40961', 'Nsyn': '40943', 'method': 'MOMENTUM', 'loss_margin': '1.0', 'C': '1.0', 'epsilon': '1e-06', 'use_db': 'True', 'max_lr': 'None', 'l1_param_weight': 'None', 'filtered': 'False', 'name': 'wn_opt/wn_MOMENTUM_103', 'totepochs': '100', 'l2_param_weight': 'None', 'train_path': 'data/wn/WN-train.pkl', 'op': 'TransE'}
INFO:root:Starting the Experiment ..
INFO:root:-- EPOCH 1 (1.963 seconds):
INFO:root:COST >> 2.181 +/- 0.032, % updates: 81.525%
INFO:root:-- EPOCH 2 (1.98 seconds):
INFO:root:COST >> 2.0543 +/- 0.0378, % updates: 77.664%
INFO:root:-- EPOCH 3 (1.9 seconds):
INFO:root:COST >> 1.886 +/- 0.0433, % updates: 73.175%
INFO:root:-- EPOCH 4 (1.875 seconds):
INFO:root:COST >> 1.6911 +/- 0.0504, % updates: 68.635%
INFO:root:-- EPOCH 5 (1.836 seconds):
INFO:root:COST >> 1.4825 +/- 0.0538, % updates: 63.348%
INFO:root:-- EPOCH 6 (1.917 seconds):
INFO:root:COST >> 1.2967 +/- 0.0509, % updates: 58.204%
INFO:root:-- EPOCH 7 (1.945 seconds):
INFO:root:COST >> 1.1327 +/- 0.0435, % updates: 53.627%
INFO:root:-- EPOCH 8 (2.025 seconds):
INFO:root:COST >> 1.0209 +/- 0.0349, % updates: 49.595%
INFO:root:-- EPOCH 9 (1.846 seconds):
INFO:root:COST >> 0.9326 +/- 0.0119, % updates: 46.647%
INFO:root:-- EPOCH 10 (1.804 seconds):
INFO:root:COST >> 0.8948 +/- 0.0124, % updates: 44.441%
INFO:root:-- EPOCH 11 (1.8 seconds):
INFO:root:COST >> 0.8559 +/- 0.0102, % updates: 43.003%
INFO:root:-- EPOCH 12 (1.767 seconds):
INFO:root:COST >> 0.8299 +/- 0.0123, % updates: 42.115%
INFO:root:-- EPOCH 13 (1.73 seconds):
INFO:root:COST >> 0.7982 +/- 0.0152, % updates: 40.912%
INFO:root:-- EPOCH 14 (1.799 seconds):
INFO:root:COST >> 0.7843 +/- 0.0209, % updates: 40.294%
INFO:root:-- EPOCH 15 (1.873 seconds):
INFO:root:COST >> 0.7637 +/- 0.0091, % updates: 39.504%
INFO:root:-- EPOCH 16 (1.947 seconds):
INFO:root:COST >> 0.7461 +/- 0.0056, % updates: 38.966%
INFO:root:-- EPOCH 17 (1.739 seconds):
INFO:root:COST >> 0.7119 +/- 0.0203, % updates: 37.832%
INFO:root:-- EPOCH 18 (1.793 seconds):
INFO:root:COST >> 0.6935 +/- 0.0169, % updates: 37.22%
INFO:root:-- EPOCH 19 (1.866 seconds):
INFO:root:COST >> 0.664 +/- 0.0181, % updates: 36.1%
INFO:root:-- EPOCH 20 (2.129 seconds):
INFO:root:COST >> 0.6339 +/- 0.0186, % updates: 35.077%
INFO:root:-- EPOCH 21 (1.766 seconds):
INFO:root:COST >> 0.601 +/- 0.0207, % updates: 33.926%
INFO:root:-- EPOCH 22 (1.888 seconds):
INFO:root:COST >> 0.5712 +/- 0.0171, % updates: 32.696%
INFO:root:-- EPOCH 23 (1.723 seconds):
INFO:root:COST >> 0.5578 +/- 0.0135, % updates: 32.16%
INFO:root:-- EPOCH 24 (1.769 seconds):
INFO:root:COST >> 0.5262 +/- 0.0152, % updates: 30.925%
INFO:root:-- EPOCH 25 (1.746 seconds):
INFO:root:COST >> 0.5119 +/- 0.013, % updates: 30.235%
INFO:root:-- EPOCH 26 (1.851 seconds):
INFO:root:COST >> 0.4793 +/- 0.0145, % updates: 29.136%
INFO:root:-- EPOCH 27 (1.787 seconds):
INFO:root:COST >> 0.4599 +/- 0.0106, % updates: 28.38%
INFO:root:-- EPOCH 28 (1.989 seconds):
INFO:root:COST >> 0.4338 +/- 0.0212, % updates: 27.461%
INFO:root:-- EPOCH 29 (1.884 seconds):
INFO:root:COST >> 0.4234 +/- 0.0204, % updates: 26.991%
INFO:root:-- EPOCH 30 (1.79 seconds):
INFO:root:COST >> 0.4026 +/- 0.0149, % updates: 26.272%
INFO:root:-- EPOCH 31 (1.837 seconds):
INFO:root:COST >> 0.386 +/- 0.0101, % updates: 25.823%
INFO:root:-- EPOCH 32 (1.939 seconds):
INFO:root:COST >> 0.3742 +/- 0.029, % updates: 25.182%
INFO:root:-- EPOCH 33 (2.08 seconds):
INFO:root:COST >> 0.3708 +/- 0.015, % updates: 25.299%
INFO:root:-- EPOCH 34 (1.717 seconds):
INFO:root:COST >> 0.3527 +/- 0.015, % updates: 24.27%
INFO:root:-- EPOCH 35 (1.784 seconds):
INFO:root:COST >> 0.341 +/- 0.0098, % updates: 23.797%
INFO:root:-- EPOCH 36 (1.834 seconds):
INFO:root:COST >> 0.3358 +/- 0.0187, % updates: 23.756%
INFO:root:-- EPOCH 37 (1.785 seconds):
INFO:root:COST >> 0.3225 +/- 0.0201, % updates: 23.148%
INFO:root:-- EPOCH 38 (1.915 seconds):
INFO:root:COST >> 0.3098 +/- 0.0117, % updates: 22.637%
INFO:root:-- EPOCH 39 (1.877 seconds):
INFO:root:COST >> 0.3069 +/- 0.0129, % updates: 22.617%
INFO:root:-- EPOCH 40 (1.814 seconds):
INFO:root:COST >> 0.2982 +/- 0.011, % updates: 22.378%
INFO:root:-- EPOCH 41 (1.712 seconds):
INFO:root:COST >> 0.29 +/- 0.0114, % updates: 22.165%
INFO:root:-- EPOCH 42 (1.771 seconds):
INFO:root:COST >> 0.2815 +/- 0.013, % updates: 21.503%
INFO:root:-- EPOCH 43 (1.678 seconds):
INFO:root:COST >> 0.2786 +/- 0.0121, % updates: 21.778%
INFO:root:-- EPOCH 44 (1.771 seconds):
INFO:root:COST >> 0.261 +/- 0.0175, % updates: 20.819%
INFO:root:-- EPOCH 45 (1.724 seconds):
INFO:root:COST >> 0.2488 +/- 0.0115, % updates: 20.201%
INFO:root:-- EPOCH 46 (1.725 seconds):
INFO:root:COST >> 0.2433 +/- 0.0136, % updates: 20.084%
INFO:root:-- EPOCH 47 (1.756 seconds):
INFO:root:COST >> 0.2381 +/- 0.0143, % updates: 20.064%
INFO:root:-- EPOCH 48 (1.633 seconds):
INFO:root:COST >> 0.2289 +/- 0.0075, % updates: 19.436%
INFO:root:-- EPOCH 49 (1.7 seconds):
INFO:root:COST >> 0.2226 +/- 0.0114, % updates: 19.14%
INFO:root:-- EPOCH 50 (1.78 seconds):
INFO:root:COST >> 0.2158 +/- 0.0078, % updates: 18.838%
INFO:root:-- EPOCH 51 (1.736 seconds):
INFO:root:COST >> 0.2136 +/- 0.0103, % updates: 18.994%
INFO:root:-- EPOCH 52 (1.952 seconds):
INFO:root:COST >> 0.2053 +/- 0.012, % updates: 18.229%
INFO:root:-- EPOCH 53 (1.938 seconds):
INFO:root:COST >> 0.203 +/- 0.011, % updates: 18.197%
INFO:root:-- EPOCH 54 (1.883 seconds):
INFO:root:COST >> 0.1939 +/- 0.0151, % updates: 17.768%
INFO:root:-- EPOCH 55 (1.784 seconds):
INFO:root:COST >> 0.1916 +/- 0.0116, % updates: 17.736%
INFO:root:-- EPOCH 56 (1.772 seconds):
INFO:root:COST >> 0.193 +/- 0.0066, % updates: 17.748%
INFO:root:-- EPOCH 57 (1.866 seconds):
INFO:root:COST >> 0.1886 +/- 0.0128, % updates: 17.604%
INFO:root:-- EPOCH 58 (1.701 seconds):
INFO:root:COST >> 0.1878 +/- 0.0062, % updates: 17.657%
INFO:root:-- EPOCH 59 (1.922 seconds):
INFO:root:COST >> 0.1854 +/- 0.0122, % updates: 17.493%
INFO:root:-- EPOCH 60 (1.734 seconds):
INFO:root:COST >> 0.1986 +/- 0.0099, % updates: 18.286%
INFO:root:-- EPOCH 61 (1.755 seconds):
INFO:root:COST >> 0.1922 +/- 0.0139, % updates: 17.959%
INFO:root:-- EPOCH 62 (1.774 seconds):
INFO:root:COST >> 0.1874 +/- 0.0094, % updates: 17.764%
INFO:root:-- EPOCH 63 (1.845 seconds):
INFO:root:COST >> 0.1927 +/- 0.0108, % updates: 18.176%
INFO:root:-- EPOCH 64 (1.795 seconds):
INFO:root:COST >> 0.1877 +/- 0.0074, % updates: 17.752%
INFO:root:-- EPOCH 65 (1.831 seconds):
INFO:root:COST >> 0.1857 +/- 0.0069, % updates: 17.879%
INFO:root:-- EPOCH 66 (1.903 seconds):
INFO:root:COST >> 0.1885 +/- 0.0092, % updates: 18.047%
INFO:root:-- EPOCH 67 (1.852 seconds):
INFO:root:COST >> 0.1849 +/- 0.0134, % updates: 17.754%
INFO:root:-- EPOCH 68 (1.957 seconds):
INFO:root:COST >> 0.1793 +/- 0.0072, % updates: 17.474%
INFO:root:-- EPOCH 69 (1.872 seconds):
INFO:root:COST >> 0.1744 +/- 0.0133, % updates: 17.121%
INFO:root:-- EPOCH 70 (1.87 seconds):
INFO:root:COST >> 0.173 +/- 0.0089, % updates: 17.11%
INFO:root:-- EPOCH 71 (1.85 seconds):
INFO:root:COST >> 0.1725 +/- 0.01, % updates: 17.042%
INFO:root:-- EPOCH 72 (1.973 seconds):
INFO:root:COST >> 0.1686 +/- 0.0068, % updates: 16.925%
INFO:root:-- EPOCH 73 (1.972 seconds):
INFO:root:COST >> 0.1743 +/- 0.0091, % updates: 17.278%
INFO:root:-- EPOCH 74 (1.886 seconds):
INFO:root:COST >> 0.1726 +/- 0.0128, % updates: 17.149%
INFO:root:-- EPOCH 75 (1.732 seconds):
INFO:root:COST >> 0.1709 +/- 0.0066, % updates: 17.006%
INFO:root:-- EPOCH 76 (1.851 seconds):
INFO:root:COST >> 0.1732 +/- 0.0147, % updates: 17.206%
INFO:root:-- EPOCH 77 (1.75 seconds):
INFO:root:COST >> 0.1641 +/- 0.0115, % updates: 16.334%
INFO:root:-- EPOCH 78 (1.887 seconds):
INFO:root:COST >> 0.1679 +/- 0.0119, % updates: 16.874%
INFO:root:-- EPOCH 79 (2.028 seconds):
INFO:root:COST >> 0.1651 +/- 0.0123, % updates: 16.515%
INFO:root:-- EPOCH 80 (1.896 seconds):
INFO:root:COST >> 0.1675 +/- 0.0118, % updates: 16.892%
INFO:root:-- EPOCH 81 (1.761 seconds):
INFO:root:COST >> 0.171 +/- 0.0193, % updates: 17.099%
INFO:root:-- EPOCH 82 (1.831 seconds):
INFO:root:COST >> 0.1727 +/- 0.0119, % updates: 17.023%
INFO:root:-- EPOCH 83 (1.729 seconds):
INFO:root:COST >> 0.1768 +/- 0.0113, % updates: 17.375%
INFO:root:-- EPOCH 84 (1.895 seconds):
INFO:root:COST >> 0.1727 +/- 0.0084, % updates: 17.093%
INFO:root:-- EPOCH 85 (1.721 seconds):
INFO:root:COST >> 0.174 +/- 0.0114, % updates: 17.189%
INFO:root:-- EPOCH 86 (1.804 seconds):
INFO:root:COST >> 0.1713 +/- 0.0085, % updates: 16.915%
INFO:root:-- EPOCH 87 (1.733 seconds):
INFO:root:COST >> 0.1666 +/- 0.0156, % updates: 16.737%
INFO:root:-- EPOCH 88 (1.789 seconds):
INFO:root:COST >> 0.1656 +/- 0.0094, % updates: 16.666%
INFO:root:-- EPOCH 89 (1.718 seconds):
INFO:root:COST >> 0.1708 +/- 0.0113, % updates: 17.12%
INFO:root:-- EPOCH 90 (1.741 seconds):
INFO:root:COST >> 0.172 +/- 0.0098, % updates: 17.241%
INFO:root:-- EPOCH 91 (1.879 seconds):
INFO:root:COST >> 0.1754 +/- 0.0149, % updates: 17.475%
INFO:root:-- EPOCH 92 (1.811 seconds):
INFO:root:COST >> 0.1762 +/- 0.0184, % updates: 17.661%
INFO:root:-- EPOCH 93 (1.781 seconds):
INFO:root:COST >> 0.1773 +/- 0.0107, % updates: 17.717%
INFO:root:-- EPOCH 94 (1.816 seconds):
INFO:root:COST >> 0.1682 +/- 0.0129, % updates: 17.076%
INFO:root:-- EPOCH 95 (1.755 seconds):
INFO:root:COST >> 0.1671 +/- 0.0141, % updates: 17.097%
INFO:root:-- EPOCH 96 (1.8 seconds):
INFO:root:COST >> 0.1687 +/- 0.0131, % updates: 17.13%
INFO:root:-- EPOCH 97 (1.821 seconds):
INFO:root:COST >> 0.1613 +/- 0.0153, % updates: 16.735%
INFO:root:-- EPOCH 98 (1.804 seconds):
INFO:root:COST >> 0.1635 +/- 0.0126, % updates: 16.821%
INFO:root:-- EPOCH 99 (1.8 seconds):
INFO:root:COST >> 0.1657 +/- 0.0143, % updates: 16.868%
INFO:root:-- EPOCH 100 (1.728 seconds):
INFO:root:COST >> 0.1571 +/- 0.0118, % updates: 16.396%
