INFO:root:Shape for training set: (40961, 141442)
INFO:root:State: {'ndim': '20', 'test_all': 'None', 'test_path': 'None', 'nhid': '50', 'lremb': '0.0001', 'seed': '1', 'simfn': 'L1', 'valid_path': 'None', 'nbatches': '10', 'lrparam': '0.0001', 'decay': '0.999', 'show_hinton_diagrams': 'False', 'no_rescaling': 'True', 'Nrel': '18', 'ranking_score_right': 'False', 'Nent': '40961', 'Nsyn': '40943', 'method': 'MOMENTUM', 'loss_margin': '1.0', 'C': '1.0', 'epsilon': '1e-06', 'use_db': 'True', 'max_lr': 'None', 'l1_param_weight': 'None', 'filtered': 'False', 'name': 'wn_opt/wn_MOMENTUM_111', 'totepochs': '100', 'l2_param_weight': 'None', 'train_path': 'data/wn/WN-train.pkl', 'op': 'TransE'}
INFO:root:Starting the Experiment ..
INFO:root:-- EPOCH 1 (1.52 seconds):
INFO:root:COST >> 2.1687 +/- 0.0342, % updates: 81.361%
INFO:root:-- EPOCH 2 (1.505 seconds):
INFO:root:COST >> 2.0393 +/- 0.0403, % updates: 77.3%
INFO:root:-- EPOCH 3 (1.536 seconds):
INFO:root:COST >> 1.8643 +/- 0.0539, % updates: 72.975%
INFO:root:-- EPOCH 4 (1.533 seconds):
INFO:root:COST >> 1.6613 +/- 0.0448, % updates: 67.592%
INFO:root:-- EPOCH 5 (1.55 seconds):
INFO:root:COST >> 1.4647 +/- 0.0494, % updates: 62.723%
INFO:root:-- EPOCH 6 (1.509 seconds):
INFO:root:COST >> 1.2723 +/- 0.0486, % updates: 57.783%
INFO:root:-- EPOCH 7 (1.705 seconds):
INFO:root:COST >> 1.124 +/- 0.0325, % updates: 53.297%
INFO:root:-- EPOCH 8 (1.578 seconds):
INFO:root:COST >> 1.003 +/- 0.0209, % updates: 49.233%
INFO:root:-- EPOCH 9 (1.522 seconds):
INFO:root:COST >> 0.9152 +/- 0.0221, % updates: 46.346%
INFO:root:-- EPOCH 10 (1.552 seconds):
INFO:root:COST >> 0.8555 +/- 0.0226, % updates: 43.574%
INFO:root:-- EPOCH 11 (1.51 seconds):
INFO:root:COST >> 0.8078 +/- 0.021, % updates: 41.944%
INFO:root:-- EPOCH 12 (1.504 seconds):
INFO:root:COST >> 0.7798 +/- 0.0164, % updates: 40.808%
INFO:root:-- EPOCH 13 (1.556 seconds):
INFO:root:COST >> 0.758 +/- 0.0162, % updates: 40.21%
INFO:root:-- EPOCH 14 (1.571 seconds):
INFO:root:COST >> 0.7345 +/- 0.0141, % updates: 39.375%
INFO:root:-- EPOCH 15 (1.502 seconds):
INFO:root:COST >> 0.7157 +/- 0.0143, % updates: 38.692%
INFO:root:-- EPOCH 16 (1.546 seconds):
INFO:root:COST >> 0.7005 +/- 0.0261, % updates: 38.189%
INFO:root:-- EPOCH 17 (1.497 seconds):
INFO:root:COST >> 0.6685 +/- 0.0107, % updates: 37.049%
INFO:root:-- EPOCH 18 (1.504 seconds):
INFO:root:COST >> 0.6469 +/- 0.0138, % updates: 36.337%
INFO:root:-- EPOCH 19 (1.505 seconds):
INFO:root:COST >> 0.6057 +/- 0.0075, % updates: 35.0%
INFO:root:-- EPOCH 20 (1.559 seconds):
INFO:root:COST >> 0.5768 +/- 0.0177, % updates: 33.59%
INFO:root:-- EPOCH 21 (1.542 seconds):
INFO:root:COST >> 0.5553 +/- 0.0132, % updates: 33.373%
INFO:root:-- EPOCH 22 (1.661 seconds):
INFO:root:COST >> 0.5303 +/- 0.0084, % updates: 31.986%
INFO:root:-- EPOCH 23 (1.742 seconds):
INFO:root:COST >> 0.513 +/- 0.0165, % updates: 31.199%
INFO:root:-- EPOCH 24 (1.506 seconds):
INFO:root:COST >> 0.4808 +/- 0.0093, % updates: 30.065%
INFO:root:-- EPOCH 25 (1.544 seconds):
INFO:root:COST >> 0.4612 +/- 0.006, % updates: 29.546%
INFO:root:-- EPOCH 26 (1.518 seconds):
INFO:root:COST >> 0.4308 +/- 0.0168, % updates: 28.055%
INFO:root:-- EPOCH 27 (1.51 seconds):
INFO:root:COST >> 0.4229 +/- 0.0159, % updates: 27.956%
INFO:root:-- EPOCH 28 (1.51 seconds):
INFO:root:COST >> 0.3936 +/- 0.0136, % updates: 26.436%
INFO:root:-- EPOCH 29 (1.514 seconds):
INFO:root:COST >> 0.3841 +/- 0.0142, % updates: 26.312%
INFO:root:-- EPOCH 30 (1.524 seconds):
INFO:root:COST >> 0.3699 +/- 0.0217, % updates: 25.325%
INFO:root:-- EPOCH 31 (1.555 seconds):
INFO:root:COST >> 0.3514 +/- 0.0213, % updates: 24.596%
INFO:root:-- EPOCH 32 (1.544 seconds):
INFO:root:COST >> 0.3455 +/- 0.0152, % updates: 24.502%
INFO:root:-- EPOCH 33 (1.53 seconds):
INFO:root:COST >> 0.3241 +/- 0.0138, % updates: 23.282%
INFO:root:-- EPOCH 34 (1.534 seconds):
INFO:root:COST >> 0.3023 +/- 0.0128, % updates: 22.43%
INFO:root:-- EPOCH 35 (1.518 seconds):
INFO:root:COST >> 0.2879 +/- 0.015, % updates: 21.893%
INFO:root:-- EPOCH 36 (1.556 seconds):
INFO:root:COST >> 0.2812 +/- 0.0146, % updates: 21.745%
INFO:root:-- EPOCH 37 (1.499 seconds):
INFO:root:COST >> 0.263 +/- 0.0151, % updates: 20.612%
INFO:root:-- EPOCH 38 (1.516 seconds):
INFO:root:COST >> 0.2618 +/- 0.0128, % updates: 20.979%
INFO:root:-- EPOCH 39 (1.545 seconds):
INFO:root:COST >> 0.2429 +/- 0.0092, % updates: 19.78%
INFO:root:-- EPOCH 40 (1.515 seconds):
INFO:root:COST >> 0.2385 +/- 0.017, % updates: 19.65%
INFO:root:-- EPOCH 41 (1.55 seconds):
INFO:root:COST >> 0.2222 +/- 0.0089, % updates: 18.93%
INFO:root:-- EPOCH 42 (1.623 seconds):
INFO:root:COST >> 0.2158 +/- 0.0046, % updates: 18.493%
INFO:root:-- EPOCH 43 (1.515 seconds):
INFO:root:COST >> 0.2089 +/- 0.0129, % updates: 18.28%
INFO:root:-- EPOCH 44 (1.524 seconds):
INFO:root:COST >> 0.2203 +/- 0.0096, % updates: 18.452%
INFO:root:-- EPOCH 45 (1.514 seconds):
INFO:root:COST >> 0.2046 +/- 0.012, % updates: 18.195%
INFO:root:-- EPOCH 46 (1.504 seconds):
INFO:root:COST >> 0.2073 +/- 0.0119, % updates: 18.018%
INFO:root:-- EPOCH 47 (1.526 seconds):
INFO:root:COST >> 0.1996 +/- 0.0095, % updates: 17.963%
INFO:root:-- EPOCH 48 (1.497 seconds):
INFO:root:COST >> 0.2072 +/- 0.0085, % updates: 18.26%
INFO:root:-- EPOCH 49 (1.553 seconds):
INFO:root:COST >> 0.1901 +/- 0.0185, % updates: 17.151%
INFO:root:-- EPOCH 50 (1.545 seconds):
INFO:root:COST >> 0.1944 +/- 0.0152, % updates: 17.63%
INFO:root:-- EPOCH 51 (1.53 seconds):
INFO:root:COST >> 0.1877 +/- 0.0094, % updates: 17.198%
INFO:root:-- EPOCH 52 (1.546 seconds):
INFO:root:COST >> 0.1875 +/- 0.0124, % updates: 16.943%
INFO:root:-- EPOCH 53 (1.529 seconds):
INFO:root:COST >> 0.1773 +/- 0.009, % updates: 16.436%
INFO:root:-- EPOCH 54 (1.533 seconds):
INFO:root:COST >> 0.171 +/- 0.0107, % updates: 16.123%
INFO:root:-- EPOCH 55 (1.536 seconds):
INFO:root:COST >> 0.174 +/- 0.0096, % updates: 16.091%
INFO:root:-- EPOCH 56 (1.562 seconds):
INFO:root:COST >> 0.1698 +/- 0.0089, % updates: 15.983%
INFO:root:-- EPOCH 57 (1.697 seconds):
INFO:root:COST >> 0.1654 +/- 0.0104, % updates: 15.554%
INFO:root:-- EPOCH 58 (1.533 seconds):
INFO:root:COST >> 0.1628 +/- 0.0128, % updates: 15.565%
INFO:root:-- EPOCH 59 (1.519 seconds):
INFO:root:COST >> 0.1567 +/- 0.0082, % updates: 15.02%
INFO:root:-- EPOCH 60 (1.615 seconds):
INFO:root:COST >> 0.1594 +/- 0.0162, % updates: 15.267%
INFO:root:-- EPOCH 61 (1.524 seconds):
INFO:root:COST >> 0.1588 +/- 0.0067, % updates: 15.413%
INFO:root:-- EPOCH 62 (1.521 seconds):
INFO:root:COST >> 0.1553 +/- 0.0064, % updates: 14.817%
INFO:root:-- EPOCH 63 (1.491 seconds):
INFO:root:COST >> 0.1555 +/- 0.0163, % updates: 14.919%
INFO:root:-- EPOCH 64 (1.509 seconds):
INFO:root:COST >> 0.1529 +/- 0.0143, % updates: 14.789%
INFO:root:-- EPOCH 65 (1.547 seconds):
INFO:root:COST >> 0.1561 +/- 0.0171, % updates: 15.04%
INFO:root:-- EPOCH 66 (1.912 seconds):
INFO:root:COST >> 0.1508 +/- 0.0157, % updates: 14.68%
INFO:root:-- EPOCH 67 (1.951 seconds):
INFO:root:COST >> 0.1506 +/- 0.0113, % updates: 14.725%
INFO:root:-- EPOCH 68 (1.928 seconds):
INFO:root:COST >> 0.1472 +/- 0.0159, % updates: 14.431%
INFO:root:-- EPOCH 69 (1.896 seconds):
INFO:root:COST >> 0.1529 +/- 0.0184, % updates: 14.817%
INFO:root:-- EPOCH 70 (1.683 seconds):
INFO:root:COST >> 0.1504 +/- 0.0203, % updates: 14.533%
INFO:root:-- EPOCH 71 (1.696 seconds):
INFO:root:COST >> 0.147 +/- 0.0176, % updates: 14.515%
INFO:root:-- EPOCH 72 (1.755 seconds):
INFO:root:COST >> 0.1537 +/- 0.0104, % updates: 14.845%
INFO:root:-- EPOCH 73 (1.647 seconds):
INFO:root:COST >> 0.1498 +/- 0.0162, % updates: 14.696%
INFO:root:-- EPOCH 74 (1.637 seconds):
INFO:root:COST >> 0.1559 +/- 0.0192, % updates: 15.023%
INFO:root:-- EPOCH 75 (1.574 seconds):
INFO:root:COST >> 0.1539 +/- 0.0081, % updates: 15.183%
INFO:root:-- EPOCH 76 (1.569 seconds):
INFO:root:COST >> 0.1477 +/- 0.0186, % updates: 14.714%
INFO:root:-- EPOCH 77 (1.498 seconds):
INFO:root:COST >> 0.1554 +/- 0.0124, % updates: 14.871%
INFO:root:-- EPOCH 78 (1.521 seconds):
INFO:root:COST >> 0.1587 +/- 0.0243, % updates: 15.365%
INFO:root:-- EPOCH 79 (1.526 seconds):
INFO:root:COST >> 0.1561 +/- 0.0155, % updates: 15.012%
INFO:root:-- EPOCH 80 (1.522 seconds):
INFO:root:COST >> 0.1536 +/- 0.0093, % updates: 14.808%
INFO:root:-- EPOCH 81 (1.49 seconds):
INFO:root:COST >> 0.1559 +/- 0.0103, % updates: 14.913%
INFO:root:-- EPOCH 82 (1.622 seconds):
INFO:root:COST >> 0.1479 +/- 0.0083, % updates: 14.395%
INFO:root:-- EPOCH 83 (1.529 seconds):
INFO:root:COST >> 0.1585 +/- 0.0124, % updates: 14.988%
INFO:root:-- EPOCH 84 (1.525 seconds):
INFO:root:COST >> 0.1542 +/- 0.0216, % updates: 14.681%
INFO:root:-- EPOCH 85 (1.546 seconds):
INFO:root:COST >> 0.1549 +/- 0.0107, % updates: 14.86%
INFO:root:-- EPOCH 86 (1.496 seconds):
INFO:root:COST >> 0.1559 +/- 0.0144, % updates: 14.911%
INFO:root:-- EPOCH 87 (1.552 seconds):
INFO:root:COST >> 0.1506 +/- 0.0192, % updates: 14.496%
INFO:root:-- EPOCH 88 (1.543 seconds):
INFO:root:COST >> 0.1488 +/- 0.0127, % updates: 14.435%
INFO:root:-- EPOCH 89 (1.615 seconds):
INFO:root:COST >> 0.1441 +/- 0.0131, % updates: 14.229%
INFO:root:-- EPOCH 90 (1.599 seconds):
INFO:root:COST >> 0.1433 +/- 0.0122, % updates: 14.148%
INFO:root:-- EPOCH 91 (1.507 seconds):
INFO:root:COST >> 0.1411 +/- 0.0112, % updates: 14.107%
INFO:root:-- EPOCH 92 (1.589 seconds):
INFO:root:COST >> 0.1467 +/- 0.0081, % updates: 14.489%
INFO:root:-- EPOCH 93 (1.13 seconds):
INFO:root:COST >> 0.1484 +/- 0.0117, % updates: 14.644%
INFO:root:-- EPOCH 94 (1.149 seconds):
INFO:root:COST >> 0.1511 +/- 0.0102, % updates: 14.938%
INFO:root:-- EPOCH 95 (1.172 seconds):
INFO:root:COST >> 0.1436 +/- 0.0137, % updates: 14.51%
INFO:root:-- EPOCH 96 (1.204 seconds):
INFO:root:COST >> 0.1475 +/- 0.0096, % updates: 14.784%
INFO:root:-- EPOCH 97 (1.518 seconds):
INFO:root:COST >> 0.1431 +/- 0.0124, % updates: 14.371%
INFO:root:-- EPOCH 98 (1.495 seconds):
INFO:root:COST >> 0.1465 +/- 0.0106, % updates: 14.663%
INFO:root:-- EPOCH 99 (1.494 seconds):
INFO:root:COST >> 0.1476 +/- 0.0095, % updates: 14.803%
INFO:root:-- EPOCH 100 (1.528 seconds):
INFO:root:COST >> 0.1472 +/- 0.0084, % updates: 14.843%
