INFO:root:Shape for training set: (40961, 141442)
INFO:root:State: {'ndim': '20', 'test_all': 'None', 'test_path': 'None', 'nhid': '50', 'lremb': '1e-06', 'seed': '2', 'simfn': 'L1', 'valid_path': 'None', 'nbatches': '10', 'lrparam': '1e-06', 'decay': '0.9', 'show_hinton_diagrams': 'False', 'no_rescaling': 'True', 'Nrel': '18', 'ranking_score_right': 'False', 'Nent': '40961', 'Nsyn': '40943', 'method': 'MOMENTUM', 'loss_margin': '1.0', 'C': '1.0', 'epsilon': '1e-06', 'use_db': 'True', 'max_lr': 'None', 'l1_param_weight': 'None', 'filtered': 'False', 'name': 'wn_opt/wn_MOMENTUM_32', 'totepochs': '100', 'l2_param_weight': 'None', 'train_path': 'data/wn/WN-train.pkl', 'op': 'TransE'}
INFO:root:Starting the Experiment ..
INFO:root:-- EPOCH 1 (1.37 seconds):
INFO:root:COST >> 2.216 +/- 0.0134, % updates: 81.655%
INFO:root:-- EPOCH 2 (1.496 seconds):
INFO:root:COST >> 2.2106 +/- 0.0084, % updates: 81.58%
INFO:root:-- EPOCH 3 (1.368 seconds):
INFO:root:COST >> 2.2025 +/- 0.0095, % updates: 81.509%
INFO:root:-- EPOCH 4 (1.658 seconds):
INFO:root:COST >> 2.2071 +/- 0.0187, % updates: 81.559%
INFO:root:-- EPOCH 5 (1.583 seconds):
INFO:root:COST >> 2.1991 +/- 0.017, % updates: 81.578%
INFO:root:-- EPOCH 6 (1.583 seconds):
INFO:root:COST >> 2.1932 +/- 0.0145, % updates: 81.737%
INFO:root:-- EPOCH 7 (1.55 seconds):
INFO:root:COST >> 2.186 +/- 0.0102, % updates: 81.652%
INFO:root:-- EPOCH 8 (1.513 seconds):
INFO:root:COST >> 2.1856 +/- 0.0145, % updates: 81.63%
INFO:root:-- EPOCH 9 (1.624 seconds):
INFO:root:COST >> 2.183 +/- 0.0133, % updates: 81.704%
INFO:root:-- EPOCH 10 (1.949 seconds):
INFO:root:COST >> 2.1762 +/- 0.0092, % updates: 81.714%
INFO:root:-- EPOCH 11 (2.339 seconds):
INFO:root:COST >> 2.1737 +/- 0.0122, % updates: 81.666%
INFO:root:-- EPOCH 12 (2.393 seconds):
INFO:root:COST >> 2.1741 +/- 0.0133, % updates: 81.709%
INFO:root:-- EPOCH 13 (1.674 seconds):
INFO:root:COST >> 2.1683 +/- 0.0125, % updates: 81.608%
INFO:root:-- EPOCH 14 (1.74 seconds):
INFO:root:COST >> 2.166 +/- 0.0117, % updates: 81.604%
INFO:root:-- EPOCH 15 (1.909 seconds):
INFO:root:COST >> 2.1587 +/- 0.0149, % updates: 81.536%
INFO:root:-- EPOCH 16 (2.333 seconds):
INFO:root:COST >> 2.1601 +/- 0.0067, % updates: 81.594%
INFO:root:-- EPOCH 17 (2.08 seconds):
INFO:root:COST >> 2.1564 +/- 0.0152, % updates: 81.64%
INFO:root:-- EPOCH 18 (2.01 seconds):
INFO:root:COST >> 2.1513 +/- 0.0115, % updates: 81.593%
INFO:root:-- EPOCH 19 (2.359 seconds):
INFO:root:COST >> 2.1542 +/- 0.0116, % updates: 81.517%
INFO:root:-- EPOCH 20 (1.822 seconds):
INFO:root:COST >> 2.1489 +/- 0.0101, % updates: 81.655%
INFO:root:-- EPOCH 21 (1.808 seconds):
INFO:root:COST >> 2.1453 +/- 0.0085, % updates: 81.511%
INFO:root:-- EPOCH 22 (1.847 seconds):
INFO:root:COST >> 2.141 +/- 0.0085, % updates: 81.508%
INFO:root:-- EPOCH 23 (1.692 seconds):
INFO:root:COST >> 2.1395 +/- 0.0141, % updates: 81.437%
INFO:root:-- EPOCH 24 (2.239 seconds):
INFO:root:COST >> 2.1372 +/- 0.0147, % updates: 81.44%
INFO:root:-- EPOCH 25 (1.77 seconds):
INFO:root:COST >> 2.1352 +/- 0.0125, % updates: 81.417%
INFO:root:-- EPOCH 26 (1.509 seconds):
INFO:root:COST >> 2.1353 +/- 0.0101, % updates: 81.369%
INFO:root:-- EPOCH 27 (1.517 seconds):
INFO:root:COST >> 2.1335 +/- 0.0064, % updates: 81.388%
INFO:root:-- EPOCH 28 (1.645 seconds):
INFO:root:COST >> 2.1315 +/- 0.0087, % updates: 81.311%
INFO:root:-- EPOCH 29 (1.525 seconds):
INFO:root:COST >> 2.128 +/- 0.0093, % updates: 81.318%
INFO:root:-- EPOCH 30 (1.499 seconds):
INFO:root:COST >> 2.1186 +/- 0.0131, % updates: 81.277%
INFO:root:-- EPOCH 31 (1.533 seconds):
INFO:root:COST >> 2.1243 +/- 0.0054, % updates: 81.234%
INFO:root:-- EPOCH 32 (1.539 seconds):
INFO:root:COST >> 2.121 +/- 0.0169, % updates: 81.162%
INFO:root:-- EPOCH 33 (1.718 seconds):
INFO:root:COST >> 2.1165 +/- 0.0111, % updates: 81.112%
INFO:root:-- EPOCH 34 (1.626 seconds):
INFO:root:COST >> 2.1138 +/- 0.0099, % updates: 81.135%
INFO:root:-- EPOCH 35 (1.52 seconds):
INFO:root:COST >> 2.1099 +/- 0.0123, % updates: 81.121%
INFO:root:-- EPOCH 36 (1.647 seconds):
INFO:root:COST >> 2.1106 +/- 0.0136, % updates: 81.073%
INFO:root:-- EPOCH 37 (1.963 seconds):
INFO:root:COST >> 2.1056 +/- 0.011, % updates: 80.99%
INFO:root:-- EPOCH 38 (1.94 seconds):
INFO:root:COST >> 2.1071 +/- 0.0141, % updates: 81.003%
INFO:root:-- EPOCH 39 (1.486 seconds):
INFO:root:COST >> 2.106 +/- 0.0139, % updates: 80.987%
INFO:root:-- EPOCH 40 (1.523 seconds):
INFO:root:COST >> 2.1044 +/- 0.014, % updates: 80.985%
INFO:root:-- EPOCH 41 (1.512 seconds):
INFO:root:COST >> 2.1001 +/- 0.0154, % updates: 80.994%
INFO:root:-- EPOCH 42 (1.526 seconds):
INFO:root:COST >> 2.0955 +/- 0.0099, % updates: 80.782%
INFO:root:-- EPOCH 43 (1.507 seconds):
INFO:root:COST >> 2.0897 +/- 0.0068, % updates: 80.822%
INFO:root:-- EPOCH 44 (1.593 seconds):
INFO:root:COST >> 2.0904 +/- 0.0124, % updates: 80.723%
INFO:root:-- EPOCH 45 (1.516 seconds):
INFO:root:COST >> 2.091 +/- 0.0128, % updates: 80.715%
INFO:root:-- EPOCH 46 (1.604 seconds):
INFO:root:COST >> 2.088 +/- 0.0117, % updates: 80.697%
INFO:root:-- EPOCH 47 (1.512 seconds):
INFO:root:COST >> 2.0873 +/- 0.0135, % updates: 80.59%
INFO:root:-- EPOCH 48 (1.574 seconds):
INFO:root:COST >> 2.0872 +/- 0.0103, % updates: 80.646%
INFO:root:-- EPOCH 49 (1.761 seconds):
INFO:root:COST >> 2.0743 +/- 0.0087, % updates: 80.501%
INFO:root:-- EPOCH 50 (2.019 seconds):
INFO:root:COST >> 2.0815 +/- 0.0153, % updates: 80.523%
INFO:root:-- EPOCH 51 (1.708 seconds):
INFO:root:COST >> 2.0796 +/- 0.0129, % updates: 80.601%
INFO:root:-- EPOCH 52 (1.526 seconds):
INFO:root:COST >> 2.0719 +/- 0.0107, % updates: 80.346%
INFO:root:-- EPOCH 53 (1.574 seconds):
INFO:root:COST >> 2.075 +/- 0.0081, % updates: 80.492%
INFO:root:-- EPOCH 54 (1.551 seconds):
INFO:root:COST >> 2.0727 +/- 0.0089, % updates: 80.403%
INFO:root:-- EPOCH 55 (1.488 seconds):
INFO:root:COST >> 2.0674 +/- 0.0099, % updates: 80.296%
INFO:root:-- EPOCH 56 (1.545 seconds):
INFO:root:COST >> 2.0679 +/- 0.0125, % updates: 80.363%
INFO:root:-- EPOCH 57 (1.517 seconds):
INFO:root:COST >> 2.0644 +/- 0.0048, % updates: 80.219%
INFO:root:-- EPOCH 58 (1.557 seconds):
INFO:root:COST >> 2.0662 +/- 0.0179, % updates: 80.193%
INFO:root:-- EPOCH 59 (1.638 seconds):
INFO:root:COST >> 2.0617 +/- 0.0115, % updates: 80.122%
INFO:root:-- EPOCH 60 (1.712 seconds):
INFO:root:COST >> 2.0559 +/- 0.0105, % updates: 80.088%
INFO:root:-- EPOCH 61 (1.705 seconds):
INFO:root:COST >> 2.0604 +/- 0.0145, % updates: 80.09%
INFO:root:-- EPOCH 62 (1.513 seconds):
INFO:root:COST >> 2.0583 +/- 0.0132, % updates: 79.987%
INFO:root:-- EPOCH 63 (1.578 seconds):
INFO:root:COST >> 2.0605 +/- 0.0149, % updates: 80.111%
INFO:root:-- EPOCH 64 (1.576 seconds):
INFO:root:COST >> 2.0493 +/- 0.012, % updates: 79.855%
INFO:root:-- EPOCH 65 (1.612 seconds):
INFO:root:COST >> 2.0495 +/- 0.0086, % updates: 79.876%
INFO:root:-- EPOCH 66 (1.543 seconds):
INFO:root:COST >> 2.0501 +/- 0.0134, % updates: 79.872%
INFO:root:-- EPOCH 67 (1.501 seconds):
INFO:root:COST >> 2.0485 +/- 0.0106, % updates: 79.861%
INFO:root:-- EPOCH 68 (1.58 seconds):
INFO:root:COST >> 2.0469 +/- 0.0135, % updates: 79.955%
INFO:root:-- EPOCH 69 (1.508 seconds):
INFO:root:COST >> 2.046 +/- 0.0105, % updates: 79.868%
INFO:root:-- EPOCH 70 (1.51 seconds):
INFO:root:COST >> 2.0392 +/- 0.0097, % updates: 79.749%
INFO:root:-- EPOCH 71 (1.552 seconds):
INFO:root:COST >> 2.0429 +/- 0.0112, % updates: 79.657%
INFO:root:-- EPOCH 72 (1.556 seconds):
INFO:root:COST >> 2.0382 +/- 0.0135, % updates: 79.627%
INFO:root:-- EPOCH 73 (1.539 seconds):
INFO:root:COST >> 2.0365 +/- 0.01, % updates: 79.689%
INFO:root:-- EPOCH 74 (1.567 seconds):
INFO:root:COST >> 2.036 +/- 0.0104, % updates: 79.62%
INFO:root:-- EPOCH 75 (1.551 seconds):
INFO:root:COST >> 2.0327 +/- 0.0119, % updates: 79.598%
INFO:root:-- EPOCH 76 (1.561 seconds):
INFO:root:COST >> 2.0278 +/- 0.0149, % updates: 79.414%
INFO:root:-- EPOCH 77 (1.519 seconds):
INFO:root:COST >> 2.0288 +/- 0.0087, % updates: 79.478%
INFO:root:-- EPOCH 78 (1.524 seconds):
INFO:root:COST >> 2.0273 +/- 0.016, % updates: 79.451%
INFO:root:-- EPOCH 79 (1.549 seconds):
INFO:root:COST >> 2.0232 +/- 0.0116, % updates: 79.377%
INFO:root:-- EPOCH 80 (1.547 seconds):
INFO:root:COST >> 2.0228 +/- 0.0057, % updates: 79.37%
INFO:root:-- EPOCH 81 (1.546 seconds):
INFO:root:COST >> 2.0191 +/- 0.0149, % updates: 79.376%
INFO:root:-- EPOCH 82 (1.539 seconds):
INFO:root:COST >> 2.0176 +/- 0.0134, % updates: 79.278%
INFO:root:-- EPOCH 83 (1.529 seconds):
INFO:root:COST >> 2.0158 +/- 0.0097, % updates: 79.256%
INFO:root:-- EPOCH 84 (1.498 seconds):
INFO:root:COST >> 2.0177 +/- 0.0104, % updates: 79.202%
INFO:root:-- EPOCH 85 (1.499 seconds):
INFO:root:COST >> 2.0172 +/- 0.0099, % updates: 79.205%
INFO:root:-- EPOCH 86 (1.502 seconds):
INFO:root:COST >> 2.0098 +/- 0.0074, % updates: 79.059%
INFO:root:-- EPOCH 87 (1.545 seconds):
INFO:root:COST >> 1.9999 +/- 0.0055, % updates: 79.109%
INFO:root:-- EPOCH 88 (1.525 seconds):
INFO:root:COST >> 2.0032 +/- 0.0168, % updates: 79.018%
INFO:root:-- EPOCH 89 (1.553 seconds):
INFO:root:COST >> 2.0068 +/- 0.0139, % updates: 79.056%
INFO:root:-- EPOCH 90 (1.535 seconds):
INFO:root:COST >> 2.0087 +/- 0.0109, % updates: 78.988%
INFO:root:-- EPOCH 91 (1.556 seconds):
INFO:root:COST >> 2.0018 +/- 0.0087, % updates: 79.035%
INFO:root:-- EPOCH 92 (1.524 seconds):
INFO:root:COST >> 1.9969 +/- 0.0102, % updates: 78.833%
INFO:root:-- EPOCH 93 (1.557 seconds):
INFO:root:COST >> 1.9978 +/- 0.0102, % updates: 78.884%
INFO:root:-- EPOCH 94 (1.502 seconds):
INFO:root:COST >> 1.9975 +/- 0.0084, % updates: 78.821%
INFO:root:-- EPOCH 95 (1.582 seconds):
INFO:root:COST >> 1.9971 +/- 0.0098, % updates: 78.869%
INFO:root:-- EPOCH 96 (1.547 seconds):
INFO:root:COST >> 1.9979 +/- 0.0082, % updates: 78.844%
INFO:root:-- EPOCH 97 (1.559 seconds):
INFO:root:COST >> 1.9949 +/- 0.0094, % updates: 78.797%
INFO:root:-- EPOCH 98 (1.603 seconds):
INFO:root:COST >> 1.9891 +/- 0.0088, % updates: 78.707%
INFO:root:-- EPOCH 99 (1.619 seconds):
INFO:root:COST >> 1.9897 +/- 0.0108, % updates: 78.689%
INFO:root:-- EPOCH 100 (1.546 seconds):
INFO:root:COST >> 1.9865 +/- 0.0084, % updates: 78.67%
