INFO:root:Shape for training set: (40961, 141442)
INFO:root:State: {'ndim': '20', 'test_all': 'None', 'test_path': 'None', 'nhid': '50', 'lremb': '1.0', 'seed': '6', 'simfn': 'L1', 'valid_path': 'None', 'nbatches': '10', 'lrparam': '1.0', 'decay': '0.9', 'show_hinton_diagrams': 'False', 'no_rescaling': 'True', 'Nrel': '18', 'ranking_score_right': 'False', 'Nent': '40961', 'Nsyn': '40943', 'method': 'MOMENTUM', 'loss_margin': '1.0', 'C': '1.0', 'epsilon': '1e-06', 'use_db': 'True', 'max_lr': 'None', 'l1_param_weight': 'None', 'filtered': 'False', 'name': 'wn_opt/wn_MOMENTUM_336', 'totepochs': '100', 'l2_param_weight': 'None', 'train_path': 'data/wn/WN-train.pkl', 'op': 'TransE'}
INFO:root:Starting the Experiment ..
INFO:root:-- EPOCH 1 (1.461 seconds):
INFO:root:COST >> 2.7844 +/- 0.2376, % updates: 63.603%
INFO:root:-- EPOCH 2 (1.505 seconds):
INFO:root:COST >> 2.7686 +/- 0.2642, % updates: 53.213%
INFO:root:-- EPOCH 3 (1.472 seconds):
INFO:root:COST >> 2.8115 +/- 0.2655, % updates: 52.627%
INFO:root:-- EPOCH 4 (1.471 seconds):
INFO:root:COST >> 2.8315 +/- 0.2659, % updates: 52.783%
INFO:root:-- EPOCH 5 (1.544 seconds):
INFO:root:COST >> 2.8267 +/- 0.2539, % updates: 52.891%
INFO:root:-- EPOCH 6 (1.476 seconds):
INFO:root:COST >> 2.8349 +/- 0.2663, % updates: 52.673%
INFO:root:-- EPOCH 7 (1.474 seconds):
INFO:root:COST >> 2.8355 +/- 0.2532, % updates: 52.769%
INFO:root:-- EPOCH 8 (1.464 seconds):
INFO:root:COST >> 2.8314 +/- 0.2625, % updates: 52.798%
INFO:root:-- EPOCH 9 (1.501 seconds):
INFO:root:COST >> 2.8324 +/- 0.2548, % updates: 52.781%
INFO:root:-- EPOCH 10 (1.482 seconds):
INFO:root:COST >> 2.8331 +/- 0.2676, % updates: 52.814%
INFO:root:-- EPOCH 11 (1.454 seconds):
INFO:root:COST >> 2.8267 +/- 0.2709, % updates: 52.66%
INFO:root:-- EPOCH 12 (1.508 seconds):
INFO:root:COST >> 2.8403 +/- 0.2657, % updates: 52.908%
INFO:root:-- EPOCH 13 (1.477 seconds):
INFO:root:COST >> 2.8274 +/- 0.2645, % updates: 52.728%
INFO:root:-- EPOCH 14 (1.512 seconds):
INFO:root:COST >> 2.8313 +/- 0.2547, % updates: 52.78%
INFO:root:-- EPOCH 15 (1.461 seconds):
INFO:root:COST >> 2.8298 +/- 0.2505, % updates: 52.838%
INFO:root:-- EPOCH 16 (1.275 seconds):
INFO:root:COST >> 2.8262 +/- 0.2537, % updates: 52.684%
INFO:root:-- EPOCH 17 (1.116 seconds):
INFO:root:COST >> 2.8302 +/- 0.2581, % updates: 52.803%
INFO:root:-- EPOCH 18 (1.084 seconds):
INFO:root:COST >> 2.8418 +/- 0.2642, % updates: 52.935%
INFO:root:-- EPOCH 19 (1.136 seconds):
INFO:root:COST >> 2.8261 +/- 0.2556, % updates: 52.741%
INFO:root:-- EPOCH 20 (1.165 seconds):
INFO:root:COST >> 2.8271 +/- 0.2539, % updates: 52.709%
INFO:root:-- EPOCH 21 (1.455 seconds):
INFO:root:COST >> 2.8143 +/- 0.2652, % updates: 52.681%
INFO:root:-- EPOCH 22 (1.476 seconds):
INFO:root:COST >> 2.8315 +/- 0.2616, % updates: 52.822%
INFO:root:-- EPOCH 23 (1.484 seconds):
INFO:root:COST >> 2.8212 +/- 0.2598, % updates: 52.679%
INFO:root:-- EPOCH 24 (1.486 seconds):
INFO:root:COST >> 2.8396 +/- 0.2663, % updates: 52.81%
INFO:root:-- EPOCH 25 (1.493 seconds):
INFO:root:COST >> 2.8331 +/- 0.2547, % updates: 52.791%
INFO:root:-- EPOCH 26 (1.502 seconds):
INFO:root:COST >> 2.831 +/- 0.259, % updates: 52.656%
INFO:root:-- EPOCH 27 (1.494 seconds):
INFO:root:COST >> 2.838 +/- 0.2531, % updates: 52.817%
INFO:root:-- EPOCH 28 (1.506 seconds):
INFO:root:COST >> 2.8253 +/- 0.2585, % updates: 52.765%
INFO:root:-- EPOCH 29 (1.489 seconds):
INFO:root:COST >> 2.8215 +/- 0.2634, % updates: 52.762%
INFO:root:-- EPOCH 30 (1.515 seconds):
INFO:root:COST >> 2.8378 +/- 0.2616, % updates: 52.951%
INFO:root:-- EPOCH 31 (1.475 seconds):
INFO:root:COST >> 2.8238 +/- 0.2586, % updates: 52.686%
INFO:root:-- EPOCH 32 (1.455 seconds):
INFO:root:COST >> 2.8335 +/- 0.2573, % updates: 52.819%
INFO:root:-- EPOCH 33 (1.482 seconds):
INFO:root:COST >> 2.8305 +/- 0.2591, % updates: 52.734%
INFO:root:-- EPOCH 34 (1.46 seconds):
INFO:root:COST >> 2.8337 +/- 0.2584, % updates: 52.841%
INFO:root:-- EPOCH 35 (1.479 seconds):
INFO:root:COST >> 2.8241 +/- 0.2601, % updates: 52.683%
INFO:root:-- EPOCH 36 (1.485 seconds):
INFO:root:COST >> 2.8233 +/- 0.2486, % updates: 52.688%
INFO:root:-- EPOCH 37 (1.438 seconds):
INFO:root:COST >> 2.8291 +/- 0.2608, % updates: 52.758%
INFO:root:-- EPOCH 38 (1.492 seconds):
INFO:root:COST >> 2.8387 +/- 0.2705, % updates: 52.823%
INFO:root:-- EPOCH 39 (1.472 seconds):
INFO:root:COST >> 2.838 +/- 0.2603, % updates: 52.858%
INFO:root:-- EPOCH 40 (1.471 seconds):
INFO:root:COST >> 2.8288 +/- 0.2561, % updates: 52.719%
INFO:root:-- EPOCH 41 (1.51 seconds):
INFO:root:COST >> 2.8409 +/- 0.2511, % updates: 52.811%
INFO:root:-- EPOCH 42 (1.512 seconds):
INFO:root:COST >> 2.8499 +/- 0.2665, % updates: 52.893%
INFO:root:-- EPOCH 43 (1.465 seconds):
INFO:root:COST >> 2.8246 +/- 0.2638, % updates: 52.676%
INFO:root:-- EPOCH 44 (1.477 seconds):
INFO:root:COST >> 2.8312 +/- 0.2654, % updates: 52.772%
INFO:root:-- EPOCH 45 (1.492 seconds):
INFO:root:COST >> 2.8373 +/- 0.275, % updates: 52.798%
INFO:root:-- EPOCH 46 (1.463 seconds):
INFO:root:COST >> 2.8297 +/- 0.2687, % updates: 52.849%
INFO:root:-- EPOCH 47 (1.493 seconds):
INFO:root:COST >> 2.8213 +/- 0.2628, % updates: 52.573%
INFO:root:-- EPOCH 48 (1.488 seconds):
INFO:root:COST >> 2.8395 +/- 0.2596, % updates: 52.84%
INFO:root:-- EPOCH 49 (1.457 seconds):
INFO:root:COST >> 2.8311 +/- 0.2677, % updates: 52.778%
INFO:root:-- EPOCH 50 (1.465 seconds):
INFO:root:COST >> 2.8196 +/- 0.2626, % updates: 52.732%
INFO:root:-- EPOCH 51 (1.467 seconds):
INFO:root:COST >> 2.831 +/- 0.2631, % updates: 52.791%
INFO:root:-- EPOCH 52 (1.443 seconds):
INFO:root:COST >> 2.8345 +/- 0.2638, % updates: 52.811%
INFO:root:-- EPOCH 53 (1.475 seconds):
INFO:root:COST >> 2.8289 +/- 0.2684, % updates: 52.809%
INFO:root:-- EPOCH 54 (1.458 seconds):
INFO:root:COST >> 2.8286 +/- 0.2684, % updates: 52.712%
INFO:root:-- EPOCH 55 (1.436 seconds):
INFO:root:COST >> 2.8418 +/- 0.2564, % updates: 52.776%
INFO:root:-- EPOCH 56 (1.459 seconds):
INFO:root:COST >> 2.8301 +/- 0.2602, % updates: 52.748%
INFO:root:-- EPOCH 57 (1.478 seconds):
INFO:root:COST >> 2.8321 +/- 0.2607, % updates: 52.835%
INFO:root:-- EPOCH 58 (1.453 seconds):
INFO:root:COST >> 2.8321 +/- 0.2633, % updates: 52.736%
INFO:root:-- EPOCH 59 (1.503 seconds):
INFO:root:COST >> 2.8291 +/- 0.2618, % updates: 52.731%
INFO:root:-- EPOCH 60 (1.475 seconds):
INFO:root:COST >> 2.8327 +/- 0.2599, % updates: 52.701%
INFO:root:-- EPOCH 61 (1.465 seconds):
INFO:root:COST >> 2.8288 +/- 0.261, % updates: 52.826%
INFO:root:-- EPOCH 62 (1.521 seconds):
INFO:root:COST >> 2.8244 +/- 0.2673, % updates: 52.651%
INFO:root:-- EPOCH 63 (1.5 seconds):
INFO:root:COST >> 2.8255 +/- 0.2633, % updates: 52.738%
INFO:root:-- EPOCH 64 (1.519 seconds):
INFO:root:COST >> 2.8426 +/- 0.256, % updates: 52.848%
INFO:root:-- EPOCH 65 (1.493 seconds):
INFO:root:COST >> 2.8319 +/- 0.2524, % updates: 52.681%
INFO:root:-- EPOCH 66 (1.449 seconds):
INFO:root:COST >> 2.8311 +/- 0.2584, % updates: 52.817%
INFO:root:-- EPOCH 67 (1.531 seconds):
INFO:root:COST >> 2.8313 +/- 0.2614, % updates: 52.652%
INFO:root:-- EPOCH 68 (1.477 seconds):
INFO:root:COST >> 2.8348 +/- 0.2667, % updates: 52.831%
INFO:root:-- EPOCH 69 (1.511 seconds):
INFO:root:COST >> 2.8223 +/- 0.2675, % updates: 52.609%
INFO:root:-- EPOCH 70 (1.489 seconds):
INFO:root:COST >> 2.8333 +/- 0.2692, % updates: 52.763%
INFO:root:-- EPOCH 71 (1.524 seconds):
INFO:root:COST >> 2.8341 +/- 0.2634, % updates: 52.694%
INFO:root:-- EPOCH 72 (1.486 seconds):
INFO:root:COST >> 2.8267 +/- 0.2658, % updates: 52.646%
INFO:root:-- EPOCH 73 (1.504 seconds):
INFO:root:COST >> 2.8308 +/- 0.2568, % updates: 52.65%
INFO:root:-- EPOCH 74 (1.497 seconds):
INFO:root:COST >> 2.8356 +/- 0.2496, % updates: 52.835%
INFO:root:-- EPOCH 75 (1.522 seconds):
INFO:root:COST >> 2.8323 +/- 0.2519, % updates: 52.671%
INFO:root:-- EPOCH 76 (1.518 seconds):
INFO:root:COST >> 2.8246 +/- 0.2481, % updates: 52.757%
INFO:root:-- EPOCH 77 (1.519 seconds):
INFO:root:COST >> 2.83 +/- 0.2642, % updates: 52.748%
INFO:root:-- EPOCH 78 (1.49 seconds):
INFO:root:COST >> 2.8251 +/- 0.2703, % updates: 52.802%
INFO:root:-- EPOCH 79 (1.521 seconds):
INFO:root:COST >> 2.8243 +/- 0.2549, % updates: 52.734%
INFO:root:-- EPOCH 80 (1.502 seconds):
INFO:root:COST >> 2.8329 +/- 0.2612, % updates: 52.661%
INFO:root:-- EPOCH 81 (1.502 seconds):
INFO:root:COST >> 2.8265 +/- 0.2603, % updates: 52.749%
INFO:root:-- EPOCH 82 (1.504 seconds):
INFO:root:COST >> 2.8286 +/- 0.2542, % updates: 52.769%
INFO:root:-- EPOCH 83 (1.442 seconds):
INFO:root:COST >> 2.8292 +/- 0.2556, % updates: 52.836%
INFO:root:-- EPOCH 84 (1.462 seconds):
INFO:root:COST >> 2.8406 +/- 0.2654, % updates: 52.779%
INFO:root:-- EPOCH 85 (1.478 seconds):
INFO:root:COST >> 2.8446 +/- 0.2648, % updates: 52.918%
INFO:root:-- EPOCH 86 (1.497 seconds):
INFO:root:COST >> 2.8232 +/- 0.2594, % updates: 52.687%
INFO:root:-- EPOCH 87 (1.481 seconds):
INFO:root:COST >> 2.8326 +/- 0.2712, % updates: 52.628%
INFO:root:-- EPOCH 88 (1.525 seconds):
INFO:root:COST >> 2.8354 +/- 0.2643, % updates: 52.707%
INFO:root:-- EPOCH 89 (1.481 seconds):
INFO:root:COST >> 2.8312 +/- 0.2521, % updates: 52.793%
INFO:root:-- EPOCH 90 (1.508 seconds):
INFO:root:COST >> 2.8343 +/- 0.2619, % updates: 52.77%
INFO:root:-- EPOCH 91 (1.53 seconds):
INFO:root:COST >> 2.8414 +/- 0.256, % updates: 52.796%
INFO:root:-- EPOCH 92 (1.491 seconds):
INFO:root:COST >> 2.8226 +/- 0.2582, % updates: 52.828%
INFO:root:-- EPOCH 93 (1.473 seconds):
INFO:root:COST >> 2.8286 +/- 0.2687, % updates: 52.731%
INFO:root:-- EPOCH 94 (1.511 seconds):
INFO:root:COST >> 2.831 +/- 0.2635, % updates: 52.664%
INFO:root:-- EPOCH 95 (1.466 seconds):
INFO:root:COST >> 2.8402 +/- 0.2696, % updates: 52.921%
INFO:root:-- EPOCH 96 (1.476 seconds):
INFO:root:COST >> 2.836 +/- 0.2551, % updates: 52.844%
INFO:root:-- EPOCH 97 (1.467 seconds):
INFO:root:COST >> 2.8277 +/- 0.2539, % updates: 52.729%
INFO:root:-- EPOCH 98 (1.476 seconds):
INFO:root:COST >> 2.8275 +/- 0.2587, % updates: 52.709%
INFO:root:-- EPOCH 99 (1.462 seconds):
INFO:root:COST >> 2.8369 +/- 0.2582, % updates: 52.71%
INFO:root:-- EPOCH 100 (1.491 seconds):
INFO:root:COST >> 2.8335 +/- 0.2443, % updates: 52.848%
