INFO:root:Shape for training set: (40961, 141442)
INFO:root:State: {'ndim': '20', 'test_all': 'None', 'test_path': 'None', 'nhid': '50', 'lremb': '1e-06', 'seed': '9', 'simfn': 'L1', 'valid_path': 'None', 'nbatches': '10', 'lrparam': '1e-06', 'decay': '0.5', 'show_hinton_diagrams': 'False', 'no_rescaling': 'True', 'Nrel': '18', 'ranking_score_right': 'False', 'Nent': '40961', 'Nsyn': '40943', 'method': 'MOMENTUM', 'loss_margin': '1.0', 'C': '1.0', 'epsilon': '1e-06', 'use_db': 'True', 'max_lr': 'None', 'l1_param_weight': 'None', 'filtered': 'False', 'name': 'wn_opt/wn_MOMENTUM_49', 'totepochs': '100', 'l2_param_weight': 'None', 'train_path': 'data/wn/WN-train.pkl', 'op': 'TransE'}
INFO:root:Starting the Experiment ..
INFO:root:-- EPOCH 1 (2.18 seconds):
INFO:root:COST >> 2.2054 +/- 0.0116, % updates: 81.428%
INFO:root:-- EPOCH 2 (1.731 seconds):
INFO:root:COST >> 2.2088 +/- 0.0117, % updates: 81.466%
INFO:root:-- EPOCH 3 (1.571 seconds):
INFO:root:COST >> 2.2073 +/- 0.0101, % updates: 81.499%
INFO:root:-- EPOCH 4 (1.786 seconds):
INFO:root:COST >> 2.2028 +/- 0.0124, % updates: 81.436%
INFO:root:-- EPOCH 5 (2.093 seconds):
INFO:root:COST >> 2.2063 +/- 0.0115, % updates: 81.537%
INFO:root:-- EPOCH 6 (2.026 seconds):
INFO:root:COST >> 2.2037 +/- 0.0106, % updates: 81.524%
INFO:root:-- EPOCH 7 (1.731 seconds):
INFO:root:COST >> 2.1969 +/- 0.0117, % updates: 81.386%
INFO:root:-- EPOCH 8 (1.601 seconds):
INFO:root:COST >> 2.1995 +/- 0.0094, % updates: 81.455%
INFO:root:-- EPOCH 9 (1.574 seconds):
INFO:root:COST >> 2.2003 +/- 0.0077, % updates: 81.542%
INFO:root:-- EPOCH 10 (1.869 seconds):
INFO:root:COST >> 2.2005 +/- 0.0127, % updates: 81.604%
INFO:root:-- EPOCH 11 (2.137 seconds):
INFO:root:COST >> 2.1976 +/- 0.009, % updates: 81.473%
INFO:root:-- EPOCH 12 (2.153 seconds):
INFO:root:COST >> 2.1999 +/- 0.0102, % updates: 81.59%
INFO:root:-- EPOCH 13 (1.774 seconds):
INFO:root:COST >> 2.1979 +/- 0.0161, % updates: 81.558%
INFO:root:-- EPOCH 14 (1.587 seconds):
INFO:root:COST >> 2.197 +/- 0.0175, % updates: 81.502%
INFO:root:-- EPOCH 15 (1.634 seconds):
INFO:root:COST >> 2.193 +/- 0.0093, % updates: 81.606%
INFO:root:-- EPOCH 16 (1.671 seconds):
INFO:root:COST >> 2.1951 +/- 0.0101, % updates: 81.553%
INFO:root:-- EPOCH 17 (1.574 seconds):
INFO:root:COST >> 2.1972 +/- 0.0087, % updates: 81.686%
INFO:root:-- EPOCH 18 (1.718 seconds):
INFO:root:COST >> 2.1934 +/- 0.0122, % updates: 81.57%
INFO:root:-- EPOCH 19 (1.781 seconds):
INFO:root:COST >> 2.1904 +/- 0.0134, % updates: 81.42%
INFO:root:-- EPOCH 20 (1.698 seconds):
INFO:root:COST >> 2.1883 +/- 0.0082, % updates: 81.505%
INFO:root:-- EPOCH 21 (1.532 seconds):
INFO:root:COST >> 2.1938 +/- 0.0114, % updates: 81.666%
INFO:root:-- EPOCH 22 (1.568 seconds):
INFO:root:COST >> 2.1887 +/- 0.0075, % updates: 81.514%
INFO:root:-- EPOCH 23 (1.622 seconds):
INFO:root:COST >> 2.1883 +/- 0.0115, % updates: 81.619%
INFO:root:-- EPOCH 24 (1.642 seconds):
INFO:root:COST >> 2.192 +/- 0.0118, % updates: 81.602%
INFO:root:-- EPOCH 25 (1.53 seconds):
INFO:root:COST >> 2.1892 +/- 0.0073, % updates: 81.674%
INFO:root:-- EPOCH 26 (1.579 seconds):
INFO:root:COST >> 2.1881 +/- 0.0094, % updates: 81.609%
INFO:root:-- EPOCH 27 (1.563 seconds):
INFO:root:COST >> 2.1883 +/- 0.0088, % updates: 81.73%
INFO:root:-- EPOCH 28 (1.538 seconds):
INFO:root:COST >> 2.1862 +/- 0.0124, % updates: 81.469%
INFO:root:-- EPOCH 29 (1.54 seconds):
INFO:root:COST >> 2.186 +/- 0.0113, % updates: 81.606%
INFO:root:-- EPOCH 30 (1.558 seconds):
INFO:root:COST >> 2.1852 +/- 0.0128, % updates: 81.575%
INFO:root:-- EPOCH 31 (1.52 seconds):
INFO:root:COST >> 2.1803 +/- 0.0145, % updates: 81.635%
INFO:root:-- EPOCH 32 (1.56 seconds):
INFO:root:COST >> 2.1834 +/- 0.0126, % updates: 81.599%
INFO:root:-- EPOCH 33 (1.601 seconds):
INFO:root:COST >> 2.1796 +/- 0.0099, % updates: 81.583%
INFO:root:-- EPOCH 34 (1.6 seconds):
INFO:root:COST >> 2.18 +/- 0.0184, % updates: 81.548%
INFO:root:-- EPOCH 35 (1.56 seconds):
INFO:root:COST >> 2.1805 +/- 0.0094, % updates: 81.554%
INFO:root:-- EPOCH 36 (1.679 seconds):
INFO:root:COST >> 2.1787 +/- 0.0173, % updates: 81.529%
INFO:root:-- EPOCH 37 (2.029 seconds):
INFO:root:COST >> 2.177 +/- 0.0113, % updates: 81.685%
INFO:root:-- EPOCH 38 (1.714 seconds):
INFO:root:COST >> 2.1835 +/- 0.009, % updates: 81.7%
INFO:root:-- EPOCH 39 (1.646 seconds):
INFO:root:COST >> 2.1799 +/- 0.005, % updates: 81.686%
INFO:root:-- EPOCH 40 (1.59 seconds):
INFO:root:COST >> 2.1766 +/- 0.014, % updates: 81.602%
INFO:root:-- EPOCH 41 (1.641 seconds):
INFO:root:COST >> 2.1756 +/- 0.0122, % updates: 81.623%
INFO:root:-- EPOCH 42 (1.774 seconds):
INFO:root:COST >> 2.175 +/- 0.0096, % updates: 81.543%
INFO:root:-- EPOCH 43 (1.626 seconds):
INFO:root:COST >> 2.172 +/- 0.0162, % updates: 81.509%
INFO:root:-- EPOCH 44 (1.626 seconds):
INFO:root:COST >> 2.1718 +/- 0.0074, % updates: 81.582%
INFO:root:-- EPOCH 45 (1.533 seconds):
INFO:root:COST >> 2.173 +/- 0.0167, % updates: 81.741%
INFO:root:-- EPOCH 46 (1.522 seconds):
INFO:root:COST >> 2.1714 +/- 0.0109, % updates: 81.575%
INFO:root:-- EPOCH 47 (1.542 seconds):
INFO:root:COST >> 2.1755 +/- 0.0127, % updates: 81.71%
INFO:root:-- EPOCH 48 (1.569 seconds):
INFO:root:COST >> 2.1735 +/- 0.0128, % updates: 81.62%
INFO:root:-- EPOCH 49 (1.588 seconds):
INFO:root:COST >> 2.1694 +/- 0.0119, % updates: 81.608%
INFO:root:-- EPOCH 50 (1.648 seconds):
INFO:root:COST >> 2.1636 +/- 0.0082, % updates: 81.561%
INFO:root:-- EPOCH 51 (1.616 seconds):
INFO:root:COST >> 2.1701 +/- 0.0079, % updates: 81.612%
INFO:root:-- EPOCH 52 (1.618 seconds):
INFO:root:COST >> 2.1691 +/- 0.0117, % updates: 81.643%
INFO:root:-- EPOCH 53 (1.59 seconds):
INFO:root:COST >> 2.1727 +/- 0.011, % updates: 81.774%
INFO:root:-- EPOCH 54 (1.837 seconds):
INFO:root:COST >> 2.1696 +/- 0.0083, % updates: 81.658%
INFO:root:-- EPOCH 55 (2.251 seconds):
INFO:root:COST >> 2.1707 +/- 0.0119, % updates: 81.727%
INFO:root:-- EPOCH 56 (1.907 seconds):
INFO:root:COST >> 2.1636 +/- 0.0083, % updates: 81.593%
INFO:root:-- EPOCH 57 (1.662 seconds):
INFO:root:COST >> 2.1645 +/- 0.0119, % updates: 81.652%
INFO:root:-- EPOCH 58 (1.785 seconds):
INFO:root:COST >> 2.1659 +/- 0.0148, % updates: 81.732%
INFO:root:-- EPOCH 59 (1.644 seconds):
INFO:root:COST >> 2.1619 +/- 0.0091, % updates: 81.566%
INFO:root:-- EPOCH 60 (1.603 seconds):
INFO:root:COST >> 2.1644 +/- 0.0129, % updates: 81.584%
INFO:root:-- EPOCH 61 (1.593 seconds):
INFO:root:COST >> 2.1576 +/- 0.0148, % updates: 81.56%
INFO:root:-- EPOCH 62 (1.63 seconds):
INFO:root:COST >> 2.165 +/- 0.0154, % updates: 81.599%
INFO:root:-- EPOCH 63 (1.577 seconds):
INFO:root:COST >> 2.16 +/- 0.0124, % updates: 81.731%
INFO:root:-- EPOCH 64 (1.818 seconds):
INFO:root:COST >> 2.166 +/- 0.0078, % updates: 81.691%
INFO:root:-- EPOCH 65 (1.963 seconds):
INFO:root:COST >> 2.1567 +/- 0.0139, % updates: 81.574%
INFO:root:-- EPOCH 66 (1.763 seconds):
INFO:root:COST >> 2.1606 +/- 0.0149, % updates: 81.542%
INFO:root:-- EPOCH 67 (1.605 seconds):
INFO:root:COST >> 2.1581 +/- 0.0132, % updates: 81.652%
INFO:root:-- EPOCH 68 (1.714 seconds):
INFO:root:COST >> 2.1608 +/- 0.012, % updates: 81.701%
INFO:root:-- EPOCH 69 (2.097 seconds):
INFO:root:COST >> 2.1583 +/- 0.0115, % updates: 81.642%
INFO:root:-- EPOCH 70 (1.897 seconds):
INFO:root:COST >> 2.1584 +/- 0.011, % updates: 81.558%
INFO:root:-- EPOCH 71 (1.88 seconds):
INFO:root:COST >> 2.1585 +/- 0.0101, % updates: 81.625%
INFO:root:-- EPOCH 72 (1.655 seconds):
INFO:root:COST >> 2.1568 +/- 0.011, % updates: 81.666%
INFO:root:-- EPOCH 73 (2.007 seconds):
INFO:root:COST >> 2.1558 +/- 0.0139, % updates: 81.636%
INFO:root:-- EPOCH 74 (2.197 seconds):
INFO:root:COST >> 2.1538 +/- 0.0105, % updates: 81.615%
INFO:root:-- EPOCH 75 (2.222 seconds):
INFO:root:COST >> 2.1547 +/- 0.0069, % updates: 81.671%
INFO:root:-- EPOCH 76 (1.661 seconds):
INFO:root:COST >> 2.152 +/- 0.0157, % updates: 81.552%
INFO:root:-- EPOCH 77 (1.592 seconds):
INFO:root:COST >> 2.1545 +/- 0.0132, % updates: 81.635%
INFO:root:-- EPOCH 78 (1.867 seconds):
INFO:root:COST >> 2.1538 +/- 0.0079, % updates: 81.783%
INFO:root:-- EPOCH 79 (1.687 seconds):
INFO:root:COST >> 2.1548 +/- 0.0127, % updates: 81.624%
INFO:root:-- EPOCH 80 (1.79 seconds):
INFO:root:COST >> 2.1494 +/- 0.0097, % updates: 81.619%
INFO:root:-- EPOCH 81 (1.994 seconds):
INFO:root:COST >> 2.1503 +/- 0.0133, % updates: 81.69%
INFO:root:-- EPOCH 82 (1.806 seconds):
INFO:root:COST >> 2.1483 +/- 0.0085, % updates: 81.538%
INFO:root:-- EPOCH 83 (1.736 seconds):
INFO:root:COST >> 2.1535 +/- 0.013, % updates: 81.599%
INFO:root:-- EPOCH 84 (1.729 seconds):
INFO:root:COST >> 2.1535 +/- 0.0115, % updates: 81.6%
INFO:root:-- EPOCH 85 (1.631 seconds):
INFO:root:COST >> 2.1488 +/- 0.0091, % updates: 81.61%
INFO:root:-- EPOCH 86 (1.843 seconds):
INFO:root:COST >> 2.1516 +/- 0.0128, % updates: 81.587%
INFO:root:-- EPOCH 87 (1.601 seconds):
INFO:root:COST >> 2.1479 +/- 0.0101, % updates: 81.6%
INFO:root:-- EPOCH 88 (1.76 seconds):
INFO:root:COST >> 2.1506 +/- 0.0163, % updates: 81.588%
INFO:root:-- EPOCH 89 (1.708 seconds):
INFO:root:COST >> 2.1451 +/- 0.0088, % updates: 81.522%
INFO:root:-- EPOCH 90 (1.799 seconds):
INFO:root:COST >> 2.1431 +/- 0.0107, % updates: 81.449%
INFO:root:-- EPOCH 91 (1.566 seconds):
INFO:root:COST >> 2.1436 +/- 0.0085, % updates: 81.51%
INFO:root:-- EPOCH 92 (1.527 seconds):
INFO:root:COST >> 2.1473 +/- 0.0099, % updates: 81.523%
INFO:root:-- EPOCH 93 (1.53 seconds):
INFO:root:COST >> 2.1409 +/- 0.0125, % updates: 81.605%
INFO:root:-- EPOCH 94 (1.376 seconds):
INFO:root:COST >> 2.1448 +/- 0.0102, % updates: 81.517%
INFO:root:-- EPOCH 95 (1.145 seconds):
INFO:root:COST >> 2.1457 +/- 0.0156, % updates: 81.55%
INFO:root:-- EPOCH 96 (1.18 seconds):
INFO:root:COST >> 2.146 +/- 0.0068, % updates: 81.616%
INFO:root:-- EPOCH 97 (1.186 seconds):
INFO:root:COST >> 2.1387 +/- 0.0113, % updates: 81.48%
INFO:root:-- EPOCH 98 (1.501 seconds):
INFO:root:COST >> 2.1421 +/- 0.0139, % updates: 81.604%
INFO:root:-- EPOCH 99 (1.537 seconds):
INFO:root:COST >> 2.1425 +/- 0.0092, % updates: 81.659%
INFO:root:-- EPOCH 100 (1.523 seconds):
INFO:root:COST >> 2.1384 +/- 0.0129, % updates: 81.475%
