INFO:root:Shape for training set: (40961, 141442)
INFO:root:State: {'ndim': '20', 'test_all': 'None', 'test_path': 'None', 'nhid': '50', 'lremb': '0.0001', 'seed': '8', 'simfn': 'L1', 'valid_path': 'None', 'nbatches': '10', 'lrparam': '0.0001', 'decay': '0.5', 'show_hinton_diagrams': 'False', 'no_rescaling': 'True', 'Nrel': '18', 'ranking_score_right': 'False', 'Nent': '40961', 'Nsyn': '40943', 'method': 'MOMENTUM', 'loss_margin': '1.0', 'C': '1.0', 'epsilon': '1e-06', 'use_db': 'True', 'max_lr': 'None', 'l1_param_weight': 'None', 'filtered': 'False', 'name': 'wn_opt/wn_MOMENTUM_148', 'totepochs': '100', 'l2_param_weight': 'None', 'train_path': 'data/wn/WN-train.pkl', 'op': 'TransE'}
INFO:root:Starting the Experiment ..
INFO:root:-- EPOCH 1 (1.502 seconds):
INFO:root:COST >> 2.1974 +/- 0.0185, % updates: 81.756%
INFO:root:-- EPOCH 2 (1.537 seconds):
INFO:root:COST >> 2.1402 +/- 0.0181, % updates: 81.406%
INFO:root:-- EPOCH 3 (1.505 seconds):
INFO:root:COST >> 2.1005 +/- 0.0136, % updates: 80.715%
INFO:root:-- EPOCH 4 (1.531 seconds):
INFO:root:COST >> 2.0532 +/- 0.0162, % updates: 79.802%
INFO:root:-- EPOCH 5 (1.53 seconds):
INFO:root:COST >> 2.0238 +/- 0.0115, % updates: 79.02%
INFO:root:-- EPOCH 6 (1.515 seconds):
INFO:root:COST >> 1.9865 +/- 0.0102, % updates: 78.25%
INFO:root:-- EPOCH 7 (1.573 seconds):
INFO:root:COST >> 1.9514 +/- 0.0129, % updates: 77.59%
INFO:root:-- EPOCH 8 (1.498 seconds):
INFO:root:COST >> 1.9209 +/- 0.0144, % updates: 77.108%
INFO:root:-- EPOCH 9 (1.509 seconds):
INFO:root:COST >> 1.8931 +/- 0.0127, % updates: 76.407%
INFO:root:-- EPOCH 10 (1.517 seconds):
INFO:root:COST >> 1.8623 +/- 0.0145, % updates: 75.989%
INFO:root:-- EPOCH 11 (1.557 seconds):
INFO:root:COST >> 1.8351 +/- 0.0112, % updates: 75.275%
INFO:root:-- EPOCH 12 (1.5 seconds):
INFO:root:COST >> 1.8073 +/- 0.0089, % updates: 74.808%
INFO:root:-- EPOCH 13 (1.511 seconds):
INFO:root:COST >> 1.7844 +/- 0.0082, % updates: 74.29%
INFO:root:-- EPOCH 14 (1.508 seconds):
INFO:root:COST >> 1.7574 +/- 0.0055, % updates: 73.82%
INFO:root:-- EPOCH 15 (1.5 seconds):
INFO:root:COST >> 1.736 +/- 0.0097, % updates: 73.405%
INFO:root:-- EPOCH 16 (1.504 seconds):
INFO:root:COST >> 1.7141 +/- 0.0057, % updates: 72.998%
INFO:root:-- EPOCH 17 (1.501 seconds):
INFO:root:COST >> 1.6846 +/- 0.0136, % updates: 72.401%
INFO:root:-- EPOCH 18 (1.522 seconds):
INFO:root:COST >> 1.6643 +/- 0.0083, % updates: 71.896%
INFO:root:-- EPOCH 19 (1.549 seconds):
INFO:root:COST >> 1.6457 +/- 0.0113, % updates: 71.727%
INFO:root:-- EPOCH 20 (1.379 seconds):
INFO:root:COST >> 1.6232 +/- 0.0104, % updates: 71.076%
INFO:root:-- EPOCH 21 (1.153 seconds):
INFO:root:COST >> 1.6074 +/- 0.0087, % updates: 70.781%
INFO:root:-- EPOCH 22 (1.167 seconds):
INFO:root:COST >> 1.5855 +/- 0.0125, % updates: 70.315%
INFO:root:-- EPOCH 23 (1.2 seconds):
INFO:root:COST >> 1.5626 +/- 0.0124, % updates: 70.006%
INFO:root:-- EPOCH 24 (1.477 seconds):
INFO:root:COST >> 1.5463 +/- 0.0101, % updates: 69.577%
INFO:root:-- EPOCH 25 (1.558 seconds):
INFO:root:COST >> 1.52 +/- 0.0056, % updates: 69.038%
INFO:root:-- EPOCH 26 (1.528 seconds):
INFO:root:COST >> 1.5031 +/- 0.0099, % updates: 68.658%
INFO:root:-- EPOCH 27 (1.534 seconds):
INFO:root:COST >> 1.4853 +/- 0.0126, % updates: 68.109%
INFO:root:-- EPOCH 28 (1.536 seconds):
INFO:root:COST >> 1.4655 +/- 0.0099, % updates: 67.926%
INFO:root:-- EPOCH 29 (1.505 seconds):
INFO:root:COST >> 1.4524 +/- 0.0121, % updates: 67.507%
INFO:root:-- EPOCH 30 (1.54 seconds):
INFO:root:COST >> 1.4307 +/- 0.0109, % updates: 67.195%
INFO:root:-- EPOCH 31 (1.485 seconds):
INFO:root:COST >> 1.4168 +/- 0.0082, % updates: 66.834%
INFO:root:-- EPOCH 32 (1.495 seconds):
INFO:root:COST >> 1.3976 +/- 0.0051, % updates: 66.273%
INFO:root:-- EPOCH 33 (1.493 seconds):
INFO:root:COST >> 1.3876 +/- 0.0063, % updates: 66.097%
INFO:root:-- EPOCH 34 (1.503 seconds):
INFO:root:COST >> 1.3676 +/- 0.0079, % updates: 65.672%
INFO:root:-- EPOCH 35 (1.502 seconds):
INFO:root:COST >> 1.352 +/- 0.012, % updates: 65.27%
INFO:root:-- EPOCH 36 (1.479 seconds):
INFO:root:COST >> 1.3382 +/- 0.0055, % updates: 65.002%
INFO:root:-- EPOCH 37 (1.507 seconds):
INFO:root:COST >> 1.3237 +/- 0.0081, % updates: 64.668%
INFO:root:-- EPOCH 38 (1.501 seconds):
INFO:root:COST >> 1.306 +/- 0.006, % updates: 64.313%
INFO:root:-- EPOCH 39 (1.498 seconds):
INFO:root:COST >> 1.289 +/- 0.0098, % updates: 63.801%
INFO:root:-- EPOCH 40 (1.521 seconds):
INFO:root:COST >> 1.2785 +/- 0.0092, % updates: 63.621%
INFO:root:-- EPOCH 41 (1.538 seconds):
INFO:root:COST >> 1.2615 +/- 0.0067, % updates: 63.216%
INFO:root:-- EPOCH 42 (1.498 seconds):
INFO:root:COST >> 1.2505 +/- 0.0065, % updates: 62.85%
INFO:root:-- EPOCH 43 (1.507 seconds):
INFO:root:COST >> 1.2355 +/- 0.0059, % updates: 62.485%
INFO:root:-- EPOCH 44 (1.516 seconds):
INFO:root:COST >> 1.2221 +/- 0.01, % updates: 62.083%
INFO:root:-- EPOCH 45 (1.562 seconds):
INFO:root:COST >> 1.2064 +/- 0.0071, % updates: 61.714%
INFO:root:-- EPOCH 46 (1.502 seconds):
INFO:root:COST >> 1.1965 +/- 0.0114, % updates: 61.495%
INFO:root:-- EPOCH 47 (1.497 seconds):
INFO:root:COST >> 1.1825 +/- 0.0103, % updates: 61.151%
INFO:root:-- EPOCH 48 (1.496 seconds):
INFO:root:COST >> 1.1721 +/- 0.0103, % updates: 60.942%
INFO:root:-- EPOCH 49 (1.5 seconds):
INFO:root:COST >> 1.1561 +/- 0.0085, % updates: 60.376%
INFO:root:-- EPOCH 50 (1.474 seconds):
INFO:root:COST >> 1.1455 +/- 0.0116, % updates: 60.165%
INFO:root:-- EPOCH 51 (1.51 seconds):
INFO:root:COST >> 1.1373 +/- 0.0054, % updates: 59.911%
INFO:root:-- EPOCH 52 (1.477 seconds):
INFO:root:COST >> 1.1219 +/- 0.0093, % updates: 59.665%
INFO:root:-- EPOCH 53 (1.515 seconds):
INFO:root:COST >> 1.112 +/- 0.0095, % updates: 59.292%
INFO:root:-- EPOCH 54 (1.542 seconds):
INFO:root:COST >> 1.0969 +/- 0.0112, % updates: 58.939%
INFO:root:-- EPOCH 55 (1.504 seconds):
INFO:root:COST >> 1.0916 +/- 0.0062, % updates: 58.675%
INFO:root:-- EPOCH 56 (1.501 seconds):
INFO:root:COST >> 1.0771 +/- 0.0064, % updates: 58.217%
INFO:root:-- EPOCH 57 (1.511 seconds):
INFO:root:COST >> 1.0679 +/- 0.0089, % updates: 58.053%
INFO:root:-- EPOCH 58 (1.495 seconds):
INFO:root:COST >> 1.0578 +/- 0.0061, % updates: 57.8%
INFO:root:-- EPOCH 59 (1.514 seconds):
INFO:root:COST >> 1.046 +/- 0.006, % updates: 57.451%
INFO:root:-- EPOCH 60 (1.513 seconds):
INFO:root:COST >> 1.0345 +/- 0.0046, % updates: 57.045%
INFO:root:-- EPOCH 61 (1.483 seconds):
INFO:root:COST >> 1.023 +/- 0.0079, % updates: 56.874%
INFO:root:-- EPOCH 62 (1.475 seconds):
INFO:root:COST >> 1.0182 +/- 0.0085, % updates: 56.57%
INFO:root:-- EPOCH 63 (1.533 seconds):
INFO:root:COST >> 1.0048 +/- 0.0076, % updates: 56.334%
INFO:root:-- EPOCH 64 (1.502 seconds):
INFO:root:COST >> 0.9916 +/- 0.0078, % updates: 55.793%
INFO:root:-- EPOCH 65 (1.492 seconds):
INFO:root:COST >> 0.9861 +/- 0.0065, % updates: 55.703%
INFO:root:-- EPOCH 66 (1.494 seconds):
INFO:root:COST >> 0.9758 +/- 0.0092, % updates: 55.248%
INFO:root:-- EPOCH 67 (1.542 seconds):
INFO:root:COST >> 0.9643 +/- 0.0086, % updates: 55.035%
INFO:root:-- EPOCH 68 (1.482 seconds):
INFO:root:COST >> 0.9542 +/- 0.0076, % updates: 54.757%
INFO:root:-- EPOCH 69 (1.546 seconds):
INFO:root:COST >> 0.9486 +/- 0.0088, % updates: 54.613%
INFO:root:-- EPOCH 70 (1.487 seconds):
INFO:root:COST >> 0.9369 +/- 0.0112, % updates: 54.257%
INFO:root:-- EPOCH 71 (1.51 seconds):
INFO:root:COST >> 0.9284 +/- 0.0094, % updates: 54.034%
INFO:root:-- EPOCH 72 (1.484 seconds):
INFO:root:COST >> 0.9197 +/- 0.0073, % updates: 53.69%
INFO:root:-- EPOCH 73 (1.523 seconds):
INFO:root:COST >> 0.9112 +/- 0.008, % updates: 53.444%
INFO:root:-- EPOCH 74 (1.497 seconds):
INFO:root:COST >> 0.9006 +/- 0.0068, % updates: 53.164%
INFO:root:-- EPOCH 75 (1.552 seconds):
INFO:root:COST >> 0.8954 +/- 0.0079, % updates: 52.956%
INFO:root:-- EPOCH 76 (1.502 seconds):
INFO:root:COST >> 0.8869 +/- 0.0138, % updates: 52.538%
INFO:root:-- EPOCH 77 (1.515 seconds):
INFO:root:COST >> 0.8752 +/- 0.0076, % updates: 52.245%
INFO:root:-- EPOCH 78 (1.546 seconds):
INFO:root:COST >> 0.8674 +/- 0.0078, % updates: 52.008%
INFO:root:-- EPOCH 79 (1.531 seconds):
INFO:root:COST >> 0.8609 +/- 0.009, % updates: 51.87%
INFO:root:-- EPOCH 80 (1.493 seconds):
INFO:root:COST >> 0.8567 +/- 0.0046, % updates: 51.587%
INFO:root:-- EPOCH 81 (1.493 seconds):
INFO:root:COST >> 0.85 +/- 0.0052, % updates: 51.474%
INFO:root:-- EPOCH 82 (1.506 seconds):
INFO:root:COST >> 0.8364 +/- 0.0088, % updates: 50.994%
INFO:root:-- EPOCH 83 (1.511 seconds):
INFO:root:COST >> 0.8329 +/- 0.0112, % updates: 50.834%
INFO:root:-- EPOCH 84 (1.491 seconds):
INFO:root:COST >> 0.8242 +/- 0.0046, % updates: 50.607%
INFO:root:-- EPOCH 85 (1.504 seconds):
INFO:root:COST >> 0.8203 +/- 0.0081, % updates: 50.441%
INFO:root:-- EPOCH 86 (1.491 seconds):
INFO:root:COST >> 0.8103 +/- 0.0086, % updates: 49.983%
INFO:root:-- EPOCH 87 (1.533 seconds):
INFO:root:COST >> 0.8006 +/- 0.0072, % updates: 49.934%
INFO:root:-- EPOCH 88 (1.502 seconds):
INFO:root:COST >> 0.7956 +/- 0.0045, % updates: 49.618%
INFO:root:-- EPOCH 89 (1.522 seconds):
INFO:root:COST >> 0.7883 +/- 0.0073, % updates: 49.321%
INFO:root:-- EPOCH 90 (1.513 seconds):
INFO:root:COST >> 0.7822 +/- 0.0067, % updates: 49.112%
INFO:root:-- EPOCH 91 (1.491 seconds):
INFO:root:COST >> 0.7738 +/- 0.0047, % updates: 48.95%
INFO:root:-- EPOCH 92 (1.495 seconds):
INFO:root:COST >> 0.7683 +/- 0.0064, % updates: 48.688%
INFO:root:-- EPOCH 93 (1.511 seconds):
INFO:root:COST >> 0.7615 +/- 0.0086, % updates: 48.42%
INFO:root:-- EPOCH 94 (1.481 seconds):
INFO:root:COST >> 0.7561 +/- 0.0038, % updates: 48.13%
INFO:root:-- EPOCH 95 (1.499 seconds):
INFO:root:COST >> 0.7499 +/- 0.005, % updates: 47.988%
INFO:root:-- EPOCH 96 (1.502 seconds):
INFO:root:COST >> 0.7452 +/- 0.0074, % updates: 47.782%
INFO:root:-- EPOCH 97 (1.491 seconds):
INFO:root:COST >> 0.7379 +/- 0.0068, % updates: 47.488%
INFO:root:-- EPOCH 98 (1.483 seconds):
INFO:root:COST >> 0.7315 +/- 0.0073, % updates: 47.277%
INFO:root:-- EPOCH 99 (1.5 seconds):
INFO:root:COST >> 0.7237 +/- 0.0062, % updates: 47.206%
INFO:root:-- EPOCH 100 (1.508 seconds):
INFO:root:COST >> 0.7172 +/- 0.005, % updates: 46.734%
