INFO:root:Shape for training set: (40961, 141442)
INFO:root:State: {'ndim': '20', 'test_all': 'None', 'test_path': 'None', 'nhid': '50', 'lremb': '1e-05', 'seed': '5', 'simfn': 'L1', 'valid_path': 'None', 'nbatches': '10', 'lrparam': '1e-05', 'decay': '0.999', 'show_hinton_diagrams': 'False', 'no_rescaling': 'True', 'Nrel': '18', 'ranking_score_right': 'False', 'Nent': '40961', 'Nsyn': '40943', 'method': 'MOMENTUM', 'loss_margin': '1.0', 'C': '1.0', 'epsilon': '1e-06', 'use_db': 'True', 'max_lr': 'None', 'l1_param_weight': 'None', 'filtered': 'False', 'name': 'wn_opt/wn_MOMENTUM_65', 'totepochs': '100', 'l2_param_weight': 'None', 'train_path': 'data/wn/WN-train.pkl', 'op': 'TransE'}
INFO:root:Starting the Experiment ..
INFO:root:-- EPOCH 1 (2.286 seconds):
INFO:root:COST >> 2.198 +/- 0.0091, % updates: 81.471%
INFO:root:-- EPOCH 2 (2.134 seconds):
INFO:root:COST >> 2.1642 +/- 0.0178, % updates: 81.512%
INFO:root:-- EPOCH 3 (2.31 seconds):
INFO:root:COST >> 2.1128 +/- 0.0127, % updates: 80.741%
INFO:root:-- EPOCH 4 (2.275 seconds):
INFO:root:COST >> 2.071 +/- 0.0145, % updates: 79.373%
INFO:root:-- EPOCH 5 (2.149 seconds):
INFO:root:COST >> 2.0282 +/- 0.0191, % updates: 77.566%
INFO:root:-- EPOCH 6 (2.038 seconds):
INFO:root:COST >> 1.9729 +/- 0.0263, % updates: 75.983%
INFO:root:-- EPOCH 7 (2.112 seconds):
INFO:root:COST >> 1.9053 +/- 0.0207, % updates: 74.994%
INFO:root:-- EPOCH 8 (2.104 seconds):
INFO:root:COST >> 1.8412 +/- 0.0166, % updates: 73.986%
INFO:root:-- EPOCH 9 (2.399 seconds):
INFO:root:COST >> 1.7795 +/- 0.019, % updates: 72.997%
INFO:root:-- EPOCH 10 (2.175 seconds):
INFO:root:COST >> 1.7069 +/- 0.0271, % updates: 71.173%
INFO:root:-- EPOCH 11 (2.196 seconds):
INFO:root:COST >> 1.6374 +/- 0.0233, % updates: 68.918%
INFO:root:-- EPOCH 12 (2.209 seconds):
INFO:root:COST >> 1.5623 +/- 0.0247, % updates: 67.143%
INFO:root:-- EPOCH 13 (2.242 seconds):
INFO:root:COST >> 1.4869 +/- 0.0188, % updates: 65.654%
INFO:root:-- EPOCH 14 (2.096 seconds):
INFO:root:COST >> 1.4158 +/- 0.0249, % updates: 64.282%
INFO:root:-- EPOCH 15 (2.305 seconds):
INFO:root:COST >> 1.3372 +/- 0.0224, % updates: 62.255%
INFO:root:-- EPOCH 16 (2.253 seconds):
INFO:root:COST >> 1.2666 +/- 0.023, % updates: 60.5%
INFO:root:-- EPOCH 17 (2.036 seconds):
INFO:root:COST >> 1.1941 +/- 0.0303, % updates: 58.777%
INFO:root:-- EPOCH 18 (1.744 seconds):
INFO:root:COST >> 1.1254 +/- 0.0161, % updates: 56.624%
INFO:root:-- EPOCH 19 (1.818 seconds):
INFO:root:COST >> 1.07 +/- 0.019, % updates: 54.813%
INFO:root:-- EPOCH 20 (2.219 seconds):
INFO:root:COST >> 1.0067 +/- 0.0155, % updates: 53.078%
INFO:root:-- EPOCH 21 (1.95 seconds):
INFO:root:COST >> 0.9572 +/- 0.0137, % updates: 51.498%
INFO:root:-- EPOCH 22 (2.187 seconds):
INFO:root:COST >> 0.9115 +/- 0.0098, % updates: 49.696%
INFO:root:-- EPOCH 23 (2.298 seconds):
INFO:root:COST >> 0.8649 +/- 0.0208, % updates: 47.998%
INFO:root:-- EPOCH 24 (2.144 seconds):
INFO:root:COST >> 0.8313 +/- 0.0051, % updates: 46.656%
INFO:root:-- EPOCH 25 (1.994 seconds):
INFO:root:COST >> 0.7943 +/- 0.014, % updates: 45.41%
INFO:root:-- EPOCH 26 (2.344 seconds):
INFO:root:COST >> 0.7673 +/- 0.0056, % updates: 44.519%
INFO:root:-- EPOCH 27 (2.325 seconds):
INFO:root:COST >> 0.7305 +/- 0.01, % updates: 42.667%
INFO:root:-- EPOCH 28 (2.271 seconds):
INFO:root:COST >> 0.7159 +/- 0.0106, % updates: 41.824%
INFO:root:-- EPOCH 29 (2.132 seconds):
INFO:root:COST >> 0.685 +/- 0.0071, % updates: 40.945%
INFO:root:-- EPOCH 30 (2.048 seconds):
INFO:root:COST >> 0.6712 +/- 0.0099, % updates: 40.114%
INFO:root:-- EPOCH 31 (2.173 seconds):
INFO:root:COST >> 0.6521 +/- 0.0067, % updates: 39.281%
INFO:root:-- EPOCH 32 (2.165 seconds):
INFO:root:COST >> 0.6389 +/- 0.0109, % updates: 38.561%
INFO:root:-- EPOCH 33 (2.305 seconds):
INFO:root:COST >> 0.6161 +/- 0.0075, % updates: 37.763%
INFO:root:-- EPOCH 34 (2.399 seconds):
INFO:root:COST >> 0.6158 +/- 0.015, % updates: 37.77%
INFO:root:-- EPOCH 35 (2.278 seconds):
INFO:root:COST >> 0.5961 +/- 0.0119, % updates: 37.18%
INFO:root:-- EPOCH 36 (2.43 seconds):
INFO:root:COST >> 0.5916 +/- 0.0149, % updates: 36.565%
INFO:root:-- EPOCH 37 (1.947 seconds):
INFO:root:COST >> 0.5643 +/- 0.0082, % updates: 35.629%
INFO:root:-- EPOCH 38 (1.926 seconds):
INFO:root:COST >> 0.5678 +/- 0.011, % updates: 36.059%
INFO:root:-- EPOCH 39 (1.811 seconds):
INFO:root:COST >> 0.549 +/- 0.0049, % updates: 35.026%
INFO:root:-- EPOCH 40 (1.601 seconds):
INFO:root:COST >> 0.5356 +/- 0.0103, % updates: 34.259%
INFO:root:-- EPOCH 41 (1.84 seconds):
INFO:root:COST >> 0.5251 +/- 0.0048, % updates: 34.334%
INFO:root:-- EPOCH 42 (1.946 seconds):
INFO:root:COST >> 0.5169 +/- 0.0119, % updates: 34.195%
INFO:root:-- EPOCH 43 (1.478 seconds):
INFO:root:COST >> 0.4983 +/- 0.0082, % updates: 33.012%
INFO:root:-- EPOCH 44 (1.464 seconds):
INFO:root:COST >> 0.4952 +/- 0.0094, % updates: 33.108%
INFO:root:-- EPOCH 45 (1.515 seconds):
INFO:root:COST >> 0.4846 +/- 0.0069, % updates: 32.771%
INFO:root:-- EPOCH 46 (1.473 seconds):
INFO:root:COST >> 0.4625 +/- 0.0107, % updates: 31.583%
INFO:root:-- EPOCH 47 (1.48 seconds):
INFO:root:COST >> 0.4546 +/- 0.0042, % updates: 31.604%
INFO:root:-- EPOCH 48 (1.484 seconds):
INFO:root:COST >> 0.4404 +/- 0.0056, % updates: 31.139%
INFO:root:-- EPOCH 49 (1.497 seconds):
INFO:root:COST >> 0.4424 +/- 0.0052, % updates: 31.078%
INFO:root:-- EPOCH 50 (1.511 seconds):
INFO:root:COST >> 0.4182 +/- 0.006, % updates: 30.174%
INFO:root:-- EPOCH 51 (1.498 seconds):
INFO:root:COST >> 0.4081 +/- 0.0049, % updates: 29.735%
INFO:root:-- EPOCH 52 (1.493 seconds):
INFO:root:COST >> 0.3935 +/- 0.0069, % updates: 29.011%
INFO:root:-- EPOCH 53 (1.502 seconds):
INFO:root:COST >> 0.3936 +/- 0.0076, % updates: 28.937%
INFO:root:-- EPOCH 54 (1.487 seconds):
INFO:root:COST >> 0.3796 +/- 0.0049, % updates: 28.194%
INFO:root:-- EPOCH 55 (1.511 seconds):
INFO:root:COST >> 0.3679 +/- 0.0091, % updates: 27.735%
INFO:root:-- EPOCH 56 (1.498 seconds):
INFO:root:COST >> 0.3566 +/- 0.0049, % updates: 27.34%
INFO:root:-- EPOCH 57 (1.458 seconds):
INFO:root:COST >> 0.3457 +/- 0.0063, % updates: 26.57%
INFO:root:-- EPOCH 58 (1.491 seconds):
INFO:root:COST >> 0.3402 +/- 0.0087, % updates: 26.444%
INFO:root:-- EPOCH 59 (1.496 seconds):
INFO:root:COST >> 0.3261 +/- 0.0029, % updates: 25.738%
INFO:root:-- EPOCH 60 (1.496 seconds):
INFO:root:COST >> 0.3145 +/- 0.0062, % updates: 24.986%
INFO:root:-- EPOCH 61 (1.467 seconds):
INFO:root:COST >> 0.3136 +/- 0.0089, % updates: 24.976%
INFO:root:-- EPOCH 62 (1.491 seconds):
INFO:root:COST >> 0.2965 +/- 0.0049, % updates: 23.999%
INFO:root:-- EPOCH 63 (1.487 seconds):
INFO:root:COST >> 0.289 +/- 0.0101, % updates: 23.59%
INFO:root:-- EPOCH 64 (1.472 seconds):
INFO:root:COST >> 0.2738 +/- 0.0047, % updates: 22.916%
INFO:root:-- EPOCH 65 (1.479 seconds):
INFO:root:COST >> 0.2775 +/- 0.0067, % updates: 23.108%
INFO:root:-- EPOCH 66 (1.48 seconds):
INFO:root:COST >> 0.2574 +/- 0.0063, % updates: 21.724%
INFO:root:-- EPOCH 67 (1.472 seconds):
INFO:root:COST >> 0.2605 +/- 0.007, % updates: 22.119%
INFO:root:-- EPOCH 68 (1.497 seconds):
INFO:root:COST >> 0.2416 +/- 0.0055, % updates: 20.819%
INFO:root:-- EPOCH 69 (1.461 seconds):
INFO:root:COST >> 0.243 +/- 0.0052, % updates: 21.059%
INFO:root:-- EPOCH 70 (1.469 seconds):
INFO:root:COST >> 0.2282 +/- 0.0031, % updates: 20.135%
INFO:root:-- EPOCH 71 (1.463 seconds):
INFO:root:COST >> 0.2266 +/- 0.0041, % updates: 19.948%
INFO:root:-- EPOCH 72 (1.488 seconds):
INFO:root:COST >> 0.2155 +/- 0.0065, % updates: 19.119%
INFO:root:-- EPOCH 73 (1.488 seconds):
INFO:root:COST >> 0.2159 +/- 0.0052, % updates: 19.452%
INFO:root:-- EPOCH 74 (1.471 seconds):
INFO:root:COST >> 0.2017 +/- 0.0063, % updates: 18.386%
INFO:root:-- EPOCH 75 (1.494 seconds):
INFO:root:COST >> 0.2039 +/- 0.0106, % updates: 18.206%
INFO:root:-- EPOCH 76 (1.467 seconds):
INFO:root:COST >> 0.1927 +/- 0.0078, % updates: 17.86%
INFO:root:-- EPOCH 77 (1.397 seconds):
INFO:root:COST >> 0.1854 +/- 0.0097, % updates: 17.35%
INFO:root:-- EPOCH 78 (1.143 seconds):
INFO:root:COST >> 0.1854 +/- 0.0057, % updates: 17.057%
INFO:root:-- EPOCH 79 (1.135 seconds):
INFO:root:COST >> 0.1745 +/- 0.0064, % updates: 16.528%
INFO:root:-- EPOCH 80 (1.212 seconds):
INFO:root:COST >> 0.1718 +/- 0.0059, % updates: 16.558%
INFO:root:-- EPOCH 81 (1.225 seconds):
INFO:root:COST >> 0.1659 +/- 0.0056, % updates: 15.847%
INFO:root:-- EPOCH 82 (1.502 seconds):
INFO:root:COST >> 0.1617 +/- 0.0065, % updates: 15.441%
INFO:root:-- EPOCH 83 (1.503 seconds):
INFO:root:COST >> 0.1578 +/- 0.0054, % updates: 15.377%
INFO:root:-- EPOCH 84 (1.477 seconds):
INFO:root:COST >> 0.1537 +/- 0.0032, % updates: 14.99%
INFO:root:-- EPOCH 85 (1.508 seconds):
INFO:root:COST >> 0.1484 +/- 0.0035, % updates: 14.416%
INFO:root:-- EPOCH 86 (1.462 seconds):
INFO:root:COST >> 0.1453 +/- 0.0028, % updates: 14.409%
INFO:root:-- EPOCH 87 (1.509 seconds):
INFO:root:COST >> 0.1403 +/- 0.0025, % updates: 14.12%
INFO:root:-- EPOCH 88 (1.514 seconds):
INFO:root:COST >> 0.1379 +/- 0.0029, % updates: 13.668%
INFO:root:-- EPOCH 89 (1.478 seconds):
INFO:root:COST >> 0.134 +/- 0.004, % updates: 13.582%
INFO:root:-- EPOCH 90 (1.491 seconds):
INFO:root:COST >> 0.1316 +/- 0.0059, % updates: 13.249%
INFO:root:-- EPOCH 91 (1.505 seconds):
INFO:root:COST >> 0.1229 +/- 0.0019, % updates: 12.619%
INFO:root:-- EPOCH 92 (1.5 seconds):
INFO:root:COST >> 0.1266 +/- 0.0022, % updates: 12.96%
INFO:root:-- EPOCH 93 (1.5 seconds):
INFO:root:COST >> 0.12 +/- 0.0015, % updates: 12.572%
INFO:root:-- EPOCH 94 (1.491 seconds):
INFO:root:COST >> 0.1186 +/- 0.0039, % updates: 12.272%
INFO:root:-- EPOCH 95 (1.49 seconds):
INFO:root:COST >> 0.1157 +/- 0.0026, % updates: 12.045%
INFO:root:-- EPOCH 96 (1.494 seconds):
INFO:root:COST >> 0.1124 +/- 0.002, % updates: 11.883%
INFO:root:-- EPOCH 97 (1.494 seconds):
INFO:root:COST >> 0.1109 +/- 0.0065, % updates: 11.69%
INFO:root:-- EPOCH 98 (1.482 seconds):
INFO:root:COST >> 0.1034 +/- 0.0068, % updates: 11.083%
INFO:root:-- EPOCH 99 (1.495 seconds):
INFO:root:COST >> 0.1101 +/- 0.0053, % updates: 11.489%
INFO:root:-- EPOCH 100 (1.502 seconds):
INFO:root:COST >> 0.0978 +/- 0.004, % updates: 10.657%
