INFO:root:Shape for training set: (40961, 141442)
INFO:root:State: {'ndim': '20', 'test_all': 'None', 'test_path': 'None', 'nhid': '50', 'lremb': '0.001', 'seed': '9', 'simfn': 'L1', 'valid_path': 'None', 'nbatches': '10', 'lrparam': '0.001', 'decay': '0.999', 'show_hinton_diagrams': 'False', 'no_rescaling': 'True', 'Nrel': '18', 'ranking_score_right': 'False', 'Nent': '40961', 'Nsyn': '40943', 'method': 'MOMENTUM', 'loss_margin': '1.0', 'C': '1.0', 'epsilon': '1e-06', 'use_db': 'True', 'max_lr': 'None', 'l1_param_weight': 'None', 'filtered': 'False', 'name': 'wn_opt/wn_MOMENTUM_169', 'totepochs': '100', 'l2_param_weight': 'None', 'train_path': 'data/wn/WN-train.pkl', 'op': 'TransE'}
INFO:root:Starting the Experiment ..
INFO:root:-- EPOCH 1 (1.537 seconds):
INFO:root:COST >> 2.0934 +/- 0.08, % updates: 77.249%
INFO:root:-- EPOCH 2 (1.536 seconds):
INFO:root:COST >> 1.6999 +/- 0.095, % updates: 64.438%
INFO:root:-- EPOCH 3 (1.522 seconds):
INFO:root:COST >> 1.4394 +/- 0.0359, % updates: 56.235%
INFO:root:-- EPOCH 4 (1.525 seconds):
INFO:root:COST >> 1.4037 +/- 0.0338, % updates: 52.727%
INFO:root:-- EPOCH 5 (1.522 seconds):
INFO:root:COST >> 1.4276 +/- 0.0286, % updates: 51.351%
INFO:root:-- EPOCH 6 (1.521 seconds):
INFO:root:COST >> 1.4092 +/- 0.0176, % updates: 50.115%
INFO:root:-- EPOCH 7 (1.466 seconds):
INFO:root:COST >> 1.3893 +/- 0.0214, % updates: 49.334%
INFO:root:-- EPOCH 8 (1.476 seconds):
INFO:root:COST >> 1.3715 +/- 0.0075, % updates: 49.084%
INFO:root:-- EPOCH 9 (1.494 seconds):
INFO:root:COST >> 1.3358 +/- 0.0138, % updates: 48.728%
INFO:root:-- EPOCH 10 (1.54 seconds):
INFO:root:COST >> 1.3142 +/- 0.0144, % updates: 48.552%
INFO:root:-- EPOCH 11 (1.51 seconds):
INFO:root:COST >> 1.2941 +/- 0.0158, % updates: 48.321%
INFO:root:-- EPOCH 12 (1.514 seconds):
INFO:root:COST >> 1.2945 +/- 0.0246, % updates: 48.713%
INFO:root:-- EPOCH 13 (1.516 seconds):
INFO:root:COST >> 1.2987 +/- 0.0164, % updates: 48.894%
INFO:root:-- EPOCH 14 (1.472 seconds):
INFO:root:COST >> 1.2897 +/- 0.0142, % updates: 48.639%
INFO:root:-- EPOCH 15 (1.497 seconds):
INFO:root:COST >> 1.2823 +/- 0.0136, % updates: 48.658%
INFO:root:-- EPOCH 16 (1.5 seconds):
INFO:root:COST >> 1.2732 +/- 0.017, % updates: 48.392%
INFO:root:-- EPOCH 17 (1.515 seconds):
INFO:root:COST >> 1.277 +/- 0.0196, % updates: 48.511%
INFO:root:-- EPOCH 18 (1.483 seconds):
INFO:root:COST >> 1.2747 +/- 0.0158, % updates: 48.337%
INFO:root:-- EPOCH 19 (1.497 seconds):
INFO:root:COST >> 1.2687 +/- 0.016, % updates: 48.333%
INFO:root:-- EPOCH 20 (1.487 seconds):
INFO:root:COST >> 1.2629 +/- 0.0191, % updates: 48.233%
INFO:root:-- EPOCH 21 (1.489 seconds):
INFO:root:COST >> 1.2642 +/- 0.0178, % updates: 48.225%
INFO:root:-- EPOCH 22 (1.523 seconds):
INFO:root:COST >> 1.266 +/- 0.0123, % updates: 48.441%
INFO:root:-- EPOCH 23 (1.503 seconds):
INFO:root:COST >> 1.2703 +/- 0.0149, % updates: 48.582%
INFO:root:-- EPOCH 24 (1.478 seconds):
INFO:root:COST >> 1.2735 +/- 0.0203, % updates: 48.453%
INFO:root:-- EPOCH 25 (1.492 seconds):
INFO:root:COST >> 1.2735 +/- 0.0215, % updates: 48.359%
INFO:root:-- EPOCH 26 (1.482 seconds):
INFO:root:COST >> 1.2722 +/- 0.0217, % updates: 48.387%
INFO:root:-- EPOCH 27 (1.493 seconds):
INFO:root:COST >> 1.2725 +/- 0.0227, % updates: 48.354%
INFO:root:-- EPOCH 28 (1.491 seconds):
INFO:root:COST >> 1.2695 +/- 0.0151, % updates: 48.399%
INFO:root:-- EPOCH 29 (1.478 seconds):
INFO:root:COST >> 1.2719 +/- 0.0184, % updates: 48.493%
INFO:root:-- EPOCH 30 (1.524 seconds):
INFO:root:COST >> 1.2737 +/- 0.0144, % updates: 48.555%
INFO:root:-- EPOCH 31 (1.506 seconds):
INFO:root:COST >> 1.2743 +/- 0.0207, % updates: 48.378%
INFO:root:-- EPOCH 32 (1.506 seconds):
INFO:root:COST >> 1.2749 +/- 0.0217, % updates: 48.37%
INFO:root:-- EPOCH 33 (1.504 seconds):
INFO:root:COST >> 1.2806 +/- 0.0207, % updates: 48.447%
INFO:root:-- EPOCH 34 (1.457 seconds):
INFO:root:COST >> 1.2757 +/- 0.0161, % updates: 48.319%
INFO:root:-- EPOCH 35 (1.529 seconds):
INFO:root:COST >> 1.2777 +/- 0.0214, % updates: 48.237%
INFO:root:-- EPOCH 36 (1.509 seconds):
INFO:root:COST >> 1.2749 +/- 0.0235, % updates: 48.291%
INFO:root:-- EPOCH 37 (1.538 seconds):
INFO:root:COST >> 1.2783 +/- 0.0282, % updates: 48.195%
INFO:root:-- EPOCH 38 (1.48 seconds):
INFO:root:COST >> 1.2803 +/- 0.0215, % updates: 48.057%
INFO:root:-- EPOCH 39 (1.469 seconds):
INFO:root:COST >> 1.277 +/- 0.0184, % updates: 48.129%
INFO:root:-- EPOCH 40 (1.482 seconds):
INFO:root:COST >> 1.2765 +/- 0.0129, % updates: 47.988%
INFO:root:-- EPOCH 41 (1.479 seconds):
INFO:root:COST >> 1.2805 +/- 0.0233, % updates: 47.956%
INFO:root:-- EPOCH 42 (1.497 seconds):
INFO:root:COST >> 1.2772 +/- 0.0262, % updates: 47.974%
INFO:root:-- EPOCH 43 (1.542 seconds):
INFO:root:COST >> 1.2802 +/- 0.0237, % updates: 47.916%
INFO:root:-- EPOCH 44 (1.487 seconds):
INFO:root:COST >> 1.2803 +/- 0.0232, % updates: 47.896%
INFO:root:-- EPOCH 45 (1.501 seconds):
INFO:root:COST >> 1.2822 +/- 0.0164, % updates: 47.806%
INFO:root:-- EPOCH 46 (1.534 seconds):
INFO:root:COST >> 1.2832 +/- 0.0156, % updates: 47.915%
INFO:root:-- EPOCH 47 (1.54 seconds):
INFO:root:COST >> 1.2851 +/- 0.0251, % updates: 47.789%
INFO:root:-- EPOCH 48 (1.522 seconds):
INFO:root:COST >> 1.2905 +/- 0.0226, % updates: 47.991%
INFO:root:-- EPOCH 49 (1.528 seconds):
INFO:root:COST >> 1.2905 +/- 0.013, % updates: 47.91%
INFO:root:-- EPOCH 50 (1.519 seconds):
INFO:root:COST >> 1.2871 +/- 0.0204, % updates: 47.765%
INFO:root:-- EPOCH 51 (1.483 seconds):
INFO:root:COST >> 1.291 +/- 0.0151, % updates: 47.73%
INFO:root:-- EPOCH 52 (1.513 seconds):
INFO:root:COST >> 1.2925 +/- 0.0239, % updates: 47.79%
INFO:root:-- EPOCH 53 (1.457 seconds):
INFO:root:COST >> 1.301 +/- 0.0171, % updates: 47.762%
INFO:root:-- EPOCH 54 (1.487 seconds):
INFO:root:COST >> 1.3037 +/- 0.0166, % updates: 47.727%
INFO:root:-- EPOCH 55 (1.488 seconds):
INFO:root:COST >> 1.3044 +/- 0.0199, % updates: 47.77%
INFO:root:-- EPOCH 56 (1.496 seconds):
INFO:root:COST >> 1.3065 +/- 0.0238, % updates: 47.749%
INFO:root:-- EPOCH 57 (1.529 seconds):
INFO:root:COST >> 1.3078 +/- 0.0242, % updates: 47.708%
INFO:root:-- EPOCH 58 (1.477 seconds):
INFO:root:COST >> 1.3138 +/- 0.0185, % updates: 47.764%
INFO:root:-- EPOCH 59 (1.554 seconds):
INFO:root:COST >> 1.3141 +/- 0.0214, % updates: 47.799%
INFO:root:-- EPOCH 60 (1.525 seconds):
INFO:root:COST >> 1.3087 +/- 0.0191, % updates: 47.623%
INFO:root:-- EPOCH 61 (1.515 seconds):
INFO:root:COST >> 1.3088 +/- 0.0226, % updates: 47.533%
INFO:root:-- EPOCH 62 (1.505 seconds):
INFO:root:COST >> 1.3111 +/- 0.0246, % updates: 47.53%
INFO:root:-- EPOCH 63 (1.559 seconds):
INFO:root:COST >> 1.3161 +/- 0.0235, % updates: 47.467%
INFO:root:-- EPOCH 64 (1.536 seconds):
INFO:root:COST >> 1.3142 +/- 0.0239, % updates: 47.466%
INFO:root:-- EPOCH 65 (1.521 seconds):
INFO:root:COST >> 1.3188 +/- 0.023, % updates: 47.449%
INFO:root:-- EPOCH 66 (1.486 seconds):
INFO:root:COST >> 1.3234 +/- 0.0171, % updates: 47.494%
INFO:root:-- EPOCH 67 (1.516 seconds):
INFO:root:COST >> 1.3221 +/- 0.022, % updates: 47.423%
INFO:root:-- EPOCH 68 (1.489 seconds):
INFO:root:COST >> 1.3228 +/- 0.0193, % updates: 47.358%
INFO:root:-- EPOCH 69 (1.526 seconds):
INFO:root:COST >> 1.3239 +/- 0.0174, % updates: 47.305%
INFO:root:-- EPOCH 70 (1.516 seconds):
INFO:root:COST >> 1.3277 +/- 0.0212, % updates: 47.266%
INFO:root:-- EPOCH 71 (1.527 seconds):
INFO:root:COST >> 1.3281 +/- 0.0193, % updates: 47.34%
INFO:root:-- EPOCH 72 (1.478 seconds):
INFO:root:COST >> 1.3289 +/- 0.0251, % updates: 47.183%
INFO:root:-- EPOCH 73 (1.479 seconds):
INFO:root:COST >> 1.3292 +/- 0.018, % updates: 47.117%
INFO:root:-- EPOCH 74 (1.519 seconds):
INFO:root:COST >> 1.3338 +/- 0.0207, % updates: 47.208%
INFO:root:-- EPOCH 75 (1.528 seconds):
INFO:root:COST >> 1.3339 +/- 0.0189, % updates: 47.008%
INFO:root:-- EPOCH 76 (1.493 seconds):
INFO:root:COST >> 1.3359 +/- 0.017, % updates: 47.21%
INFO:root:-- EPOCH 77 (1.529 seconds):
INFO:root:COST >> 1.3362 +/- 0.0183, % updates: 47.021%
INFO:root:-- EPOCH 78 (1.534 seconds):
INFO:root:COST >> 1.3341 +/- 0.0172, % updates: 47.006%
INFO:root:-- EPOCH 79 (1.515 seconds):
INFO:root:COST >> 1.337 +/- 0.025, % updates: 47.107%
INFO:root:-- EPOCH 80 (1.482 seconds):
INFO:root:COST >> 1.339 +/- 0.0205, % updates: 46.895%
INFO:root:-- EPOCH 81 (1.205 seconds):
INFO:root:COST >> 1.3401 +/- 0.0283, % updates: 47.033%
INFO:root:-- EPOCH 82 (1.126 seconds):
INFO:root:COST >> 1.3414 +/- 0.0196, % updates: 46.841%
INFO:root:-- EPOCH 83 (1.13 seconds):
INFO:root:COST >> 1.345 +/- 0.0197, % updates: 46.897%
INFO:root:-- EPOCH 84 (1.193 seconds):
INFO:root:COST >> 1.3427 +/- 0.0215, % updates: 46.844%
INFO:root:-- EPOCH 85 (1.238 seconds):
INFO:root:COST >> 1.3476 +/- 0.0191, % updates: 46.834%
INFO:root:-- EPOCH 86 (1.534 seconds):
INFO:root:COST >> 1.3412 +/- 0.0187, % updates: 46.669%
INFO:root:-- EPOCH 87 (1.491 seconds):
INFO:root:COST >> 1.3501 +/- 0.019, % updates: 46.781%
INFO:root:-- EPOCH 88 (1.494 seconds):
INFO:root:COST >> 1.3544 +/- 0.024, % updates: 46.733%
INFO:root:-- EPOCH 89 (1.521 seconds):
INFO:root:COST >> 1.3537 +/- 0.0165, % updates: 46.675%
INFO:root:-- EPOCH 90 (1.494 seconds):
INFO:root:COST >> 1.3551 +/- 0.0212, % updates: 46.613%
INFO:root:-- EPOCH 91 (1.481 seconds):
INFO:root:COST >> 1.3588 +/- 0.0176, % updates: 46.516%
INFO:root:-- EPOCH 92 (1.518 seconds):
INFO:root:COST >> 1.3593 +/- 0.0158, % updates: 46.513%
INFO:root:-- EPOCH 93 (1.5 seconds):
INFO:root:COST >> 1.3591 +/- 0.0264, % updates: 46.425%
INFO:root:-- EPOCH 94 (1.481 seconds):
INFO:root:COST >> 1.3652 +/- 0.0185, % updates: 46.482%
INFO:root:-- EPOCH 95 (1.511 seconds):
INFO:root:COST >> 1.3648 +/- 0.0231, % updates: 46.393%
INFO:root:-- EPOCH 96 (1.537 seconds):
INFO:root:COST >> 1.3752 +/- 0.0163, % updates: 46.614%
INFO:root:-- EPOCH 97 (1.521 seconds):
INFO:root:COST >> 1.374 +/- 0.0191, % updates: 46.541%
INFO:root:-- EPOCH 98 (1.503 seconds):
INFO:root:COST >> 1.3705 +/- 0.0184, % updates: 46.451%
INFO:root:-- EPOCH 99 (1.505 seconds):
INFO:root:COST >> 1.3761 +/- 0.0209, % updates: 46.464%
INFO:root:-- EPOCH 100 (1.557 seconds):
INFO:root:COST >> 1.3745 +/- 0.0178, % updates: 46.535%
