INFO:root:Shape for training set: (40961, 141442)
INFO:root:State: {'ndim': '20', 'test_all': 'None', 'test_path': 'None', 'nhid': '50', 'lremb': '0.001', 'seed': '8', 'simfn': 'L1', 'valid_path': 'None', 'nbatches': '10', 'lrparam': '0.001', 'decay': '0.5', 'show_hinton_diagrams': 'False', 'no_rescaling': 'True', 'Nrel': '18', 'ranking_score_right': 'False', 'Nent': '40961', 'Nsyn': '40943', 'method': 'MOMENTUM', 'loss_margin': '1.0', 'C': '1.0', 'epsilon': '1e-06', 'use_db': 'True', 'max_lr': 'None', 'l1_param_weight': 'None', 'filtered': 'False', 'name': 'wn_opt/wn_MOMENTUM_198', 'totepochs': '100', 'l2_param_weight': 'None', 'train_path': 'data/wn/WN-train.pkl', 'op': 'TransE'}
INFO:root:Starting the Experiment ..
INFO:root:-- EPOCH 1 (1.503 seconds):
INFO:root:COST >> 2.1131 +/- 0.0658, % updates: 79.485%
INFO:root:-- EPOCH 2 (1.497 seconds):
INFO:root:COST >> 1.863 +/- 0.0416, % updates: 74.21%
INFO:root:-- EPOCH 3 (1.497 seconds):
INFO:root:COST >> 1.6868 +/- 0.0279, % updates: 70.961%
INFO:root:-- EPOCH 4 (1.477 seconds):
INFO:root:COST >> 1.5284 +/- 0.0238, % updates: 67.662%
INFO:root:-- EPOCH 5 (1.514 seconds):
INFO:root:COST >> 1.4156 +/- 0.0182, % updates: 65.056%
INFO:root:-- EPOCH 6 (1.513 seconds):
INFO:root:COST >> 1.3232 +/- 0.0175, % updates: 62.66%
INFO:root:-- EPOCH 7 (1.478 seconds):
INFO:root:COST >> 1.2551 +/- 0.0166, % updates: 60.658%
INFO:root:-- EPOCH 8 (1.477 seconds):
INFO:root:COST >> 1.1942 +/- 0.0255, % updates: 58.687%
INFO:root:-- EPOCH 9 (1.488 seconds):
INFO:root:COST >> 1.1717 +/- 0.0142, % updates: 57.222%
INFO:root:-- EPOCH 10 (1.528 seconds):
INFO:root:COST >> 1.1496 +/- 0.0192, % updates: 55.769%
INFO:root:-- EPOCH 11 (1.485 seconds):
INFO:root:COST >> 1.1548 +/- 0.0103, % updates: 55.063%
INFO:root:-- EPOCH 12 (1.501 seconds):
INFO:root:COST >> 1.1286 +/- 0.0256, % updates: 53.864%
INFO:root:-- EPOCH 13 (1.481 seconds):
INFO:root:COST >> 1.1119 +/- 0.0379, % updates: 53.024%
INFO:root:-- EPOCH 14 (1.408 seconds):
INFO:root:COST >> 1.1414 +/- 0.0283, % updates: 52.446%
INFO:root:-- EPOCH 15 (1.141 seconds):
INFO:root:COST >> 1.1606 +/- 0.0113, % updates: 52.24%
INFO:root:-- EPOCH 16 (1.106 seconds):
INFO:root:COST >> 1.1604 +/- 0.0191, % updates: 51.79%
INFO:root:-- EPOCH 17 (1.233 seconds):
INFO:root:COST >> 1.1971 +/- 0.0143, % updates: 51.764%
INFO:root:-- EPOCH 18 (1.231 seconds):
INFO:root:COST >> 1.1976 +/- 0.0145, % updates: 51.43%
INFO:root:-- EPOCH 19 (1.529 seconds):
INFO:root:COST >> 1.2008 +/- 0.0188, % updates: 51.48%
INFO:root:-- EPOCH 20 (1.486 seconds):
INFO:root:COST >> 1.1871 +/- 0.0162, % updates: 51.205%
INFO:root:-- EPOCH 21 (1.472 seconds):
INFO:root:COST >> 1.21 +/- 0.0202, % updates: 51.068%
INFO:root:-- EPOCH 22 (1.495 seconds):
INFO:root:COST >> 1.1914 +/- 0.0235, % updates: 50.882%
INFO:root:-- EPOCH 23 (1.548 seconds):
INFO:root:COST >> 1.1871 +/- 0.0095, % updates: 50.936%
INFO:root:-- EPOCH 24 (1.474 seconds):
INFO:root:COST >> 1.1991 +/- 0.0267, % updates: 51.242%
INFO:root:-- EPOCH 25 (1.477 seconds):
INFO:root:COST >> 1.1955 +/- 0.0145, % updates: 51.055%
INFO:root:-- EPOCH 26 (1.478 seconds):
INFO:root:COST >> 1.1841 +/- 0.011, % updates: 50.893%
INFO:root:-- EPOCH 27 (1.498 seconds):
INFO:root:COST >> 1.1685 +/- 0.0119, % updates: 50.71%
INFO:root:-- EPOCH 28 (1.495 seconds):
INFO:root:COST >> 1.1654 +/- 0.0126, % updates: 50.717%
INFO:root:-- EPOCH 29 (1.473 seconds):
INFO:root:COST >> 1.1508 +/- 0.0114, % updates: 50.687%
INFO:root:-- EPOCH 30 (1.505 seconds):
INFO:root:COST >> 1.1208 +/- 0.015, % updates: 50.009%
INFO:root:-- EPOCH 31 (1.468 seconds):
INFO:root:COST >> 1.1138 +/- 0.0136, % updates: 50.291%
INFO:root:-- EPOCH 32 (1.498 seconds):
INFO:root:COST >> 1.1099 +/- 0.0153, % updates: 50.384%
INFO:root:-- EPOCH 33 (1.509 seconds):
INFO:root:COST >> 1.0969 +/- 0.0145, % updates: 50.317%
INFO:root:-- EPOCH 34 (1.491 seconds):
INFO:root:COST >> 1.1046 +/- 0.0168, % updates: 50.149%
INFO:root:-- EPOCH 35 (1.468 seconds):
INFO:root:COST >> 1.1007 +/- 0.0097, % updates: 50.438%
INFO:root:-- EPOCH 36 (1.512 seconds):
INFO:root:COST >> 1.0883 +/- 0.0139, % updates: 50.212%
INFO:root:-- EPOCH 37 (1.508 seconds):
INFO:root:COST >> 1.0738 +/- 0.0104, % updates: 50.045%
INFO:root:-- EPOCH 38 (1.477 seconds):
INFO:root:COST >> 1.0733 +/- 0.0117, % updates: 50.018%
INFO:root:-- EPOCH 39 (1.484 seconds):
INFO:root:COST >> 1.0764 +/- 0.0139, % updates: 50.039%
INFO:root:-- EPOCH 40 (1.469 seconds):
INFO:root:COST >> 1.0687 +/- 0.0151, % updates: 50.197%
INFO:root:-- EPOCH 41 (1.495 seconds):
INFO:root:COST >> 1.0683 +/- 0.0097, % updates: 50.459%
INFO:root:-- EPOCH 42 (1.469 seconds):
INFO:root:COST >> 1.059 +/- 0.0111, % updates: 50.252%
INFO:root:-- EPOCH 43 (1.468 seconds):
INFO:root:COST >> 1.0531 +/- 0.0128, % updates: 50.239%
INFO:root:-- EPOCH 44 (1.479 seconds):
INFO:root:COST >> 1.0529 +/- 0.0098, % updates: 50.32%
INFO:root:-- EPOCH 45 (1.475 seconds):
INFO:root:COST >> 1.0459 +/- 0.0093, % updates: 50.097%
INFO:root:-- EPOCH 46 (1.478 seconds):
INFO:root:COST >> 1.0444 +/- 0.0127, % updates: 50.199%
INFO:root:-- EPOCH 47 (1.497 seconds):
INFO:root:COST >> 1.0444 +/- 0.0085, % updates: 50.171%
INFO:root:-- EPOCH 48 (1.526 seconds):
INFO:root:COST >> 1.0371 +/- 0.0114, % updates: 50.117%
INFO:root:-- EPOCH 49 (1.474 seconds):
INFO:root:COST >> 1.0351 +/- 0.0149, % updates: 50.043%
INFO:root:-- EPOCH 50 (1.489 seconds):
INFO:root:COST >> 1.0325 +/- 0.0093, % updates: 50.031%
INFO:root:-- EPOCH 51 (1.463 seconds):
INFO:root:COST >> 1.0311 +/- 0.0139, % updates: 49.974%
INFO:root:-- EPOCH 52 (1.475 seconds):
INFO:root:COST >> 1.0285 +/- 0.0099, % updates: 49.9%
INFO:root:-- EPOCH 53 (1.465 seconds):
INFO:root:COST >> 1.0258 +/- 0.0076, % updates: 49.917%
INFO:root:-- EPOCH 54 (1.469 seconds):
INFO:root:COST >> 1.0215 +/- 0.0157, % updates: 49.782%
INFO:root:-- EPOCH 55 (1.54 seconds):
INFO:root:COST >> 1.0264 +/- 0.0085, % updates: 49.842%
INFO:root:-- EPOCH 56 (1.471 seconds):
INFO:root:COST >> 1.0231 +/- 0.0124, % updates: 49.726%
INFO:root:-- EPOCH 57 (1.477 seconds):
INFO:root:COST >> 1.0185 +/- 0.0122, % updates: 49.754%
INFO:root:-- EPOCH 58 (1.496 seconds):
INFO:root:COST >> 1.0126 +/- 0.0094, % updates: 49.64%
INFO:root:-- EPOCH 59 (1.489 seconds):
INFO:root:COST >> 1.012 +/- 0.0132, % updates: 49.509%
INFO:root:-- EPOCH 60 (1.466 seconds):
INFO:root:COST >> 1.0153 +/- 0.0122, % updates: 49.65%
INFO:root:-- EPOCH 61 (1.464 seconds):
INFO:root:COST >> 1.0126 +/- 0.0109, % updates: 49.58%
INFO:root:-- EPOCH 62 (1.469 seconds):
INFO:root:COST >> 1.0129 +/- 0.0103, % updates: 49.61%
INFO:root:-- EPOCH 63 (1.49 seconds):
INFO:root:COST >> 1.0136 +/- 0.0094, % updates: 49.569%
INFO:root:-- EPOCH 64 (1.507 seconds):
INFO:root:COST >> 1.008 +/- 0.0085, % updates: 49.51%
INFO:root:-- EPOCH 65 (1.486 seconds):
INFO:root:COST >> 1.0051 +/- 0.0101, % updates: 49.439%
INFO:root:-- EPOCH 66 (1.473 seconds):
INFO:root:COST >> 1.0044 +/- 0.0139, % updates: 49.49%
INFO:root:-- EPOCH 67 (1.49 seconds):
INFO:root:COST >> 1.0037 +/- 0.0071, % updates: 49.268%
INFO:root:-- EPOCH 68 (1.458 seconds):
INFO:root:COST >> 1.0011 +/- 0.0101, % updates: 49.225%
INFO:root:-- EPOCH 69 (1.496 seconds):
INFO:root:COST >> 1.0075 +/- 0.0103, % updates: 49.432%
INFO:root:-- EPOCH 70 (1.475 seconds):
INFO:root:COST >> 0.9978 +/- 0.0114, % updates: 48.854%
INFO:root:-- EPOCH 71 (1.467 seconds):
INFO:root:COST >> 0.9973 +/- 0.0052, % updates: 49.005%
INFO:root:-- EPOCH 72 (1.48 seconds):
INFO:root:COST >> 0.9946 +/- 0.009, % updates: 49.045%
INFO:root:-- EPOCH 73 (1.46 seconds):
INFO:root:COST >> 0.9909 +/- 0.0156, % updates: 48.401%
INFO:root:-- EPOCH 74 (1.484 seconds):
INFO:root:COST >> 0.9925 +/- 0.0109, % updates: 48.748%
INFO:root:-- EPOCH 75 (1.472 seconds):
INFO:root:COST >> 0.997 +/- 0.0096, % updates: 49.007%
INFO:root:-- EPOCH 76 (1.509 seconds):
INFO:root:COST >> 0.987 +/- 0.0098, % updates: 48.737%
INFO:root:-- EPOCH 77 (1.49 seconds):
INFO:root:COST >> 0.9953 +/- 0.0133, % updates: 49.117%
INFO:root:-- EPOCH 78 (1.465 seconds):
INFO:root:COST >> 1.0005 +/- 0.0075, % updates: 49.205%
INFO:root:-- EPOCH 79 (1.523 seconds):
INFO:root:COST >> 0.9954 +/- 0.013, % updates: 49.07%
INFO:root:-- EPOCH 80 (1.494 seconds):
INFO:root:COST >> 0.9917 +/- 0.0168, % updates: 49.013%
INFO:root:-- EPOCH 81 (1.468 seconds):
INFO:root:COST >> 0.9923 +/- 0.0093, % updates: 48.938%
INFO:root:-- EPOCH 82 (1.468 seconds):
INFO:root:COST >> 0.9897 +/- 0.015, % updates: 48.942%
INFO:root:-- EPOCH 83 (1.471 seconds):
INFO:root:COST >> 0.9941 +/- 0.012, % updates: 48.945%
INFO:root:-- EPOCH 84 (1.462 seconds):
INFO:root:COST >> 0.9941 +/- 0.0102, % updates: 48.927%
INFO:root:-- EPOCH 85 (1.488 seconds):
INFO:root:COST >> 0.9938 +/- 0.0123, % updates: 48.988%
INFO:root:-- EPOCH 86 (1.452 seconds):
INFO:root:COST >> 0.9935 +/- 0.0074, % updates: 48.865%
INFO:root:-- EPOCH 87 (1.488 seconds):
INFO:root:COST >> 0.9881 +/- 0.0111, % updates: 48.923%
INFO:root:-- EPOCH 88 (1.489 seconds):
INFO:root:COST >> 0.9875 +/- 0.012, % updates: 48.943%
INFO:root:-- EPOCH 89 (1.52 seconds):
INFO:root:COST >> 0.9874 +/- 0.009, % updates: 48.808%
INFO:root:-- EPOCH 90 (1.495 seconds):
INFO:root:COST >> 0.9894 +/- 0.0125, % updates: 48.827%
INFO:root:-- EPOCH 91 (1.504 seconds):
INFO:root:COST >> 0.9905 +/- 0.0106, % updates: 48.776%
INFO:root:-- EPOCH 92 (1.493 seconds):
INFO:root:COST >> 0.9898 +/- 0.013, % updates: 48.84%
INFO:root:-- EPOCH 93 (1.479 seconds):
INFO:root:COST >> 0.9817 +/- 0.0126, % updates: 48.291%
INFO:root:-- EPOCH 94 (1.506 seconds):
INFO:root:COST >> 0.9768 +/- 0.0145, % updates: 48.096%
INFO:root:-- EPOCH 95 (1.498 seconds):
INFO:root:COST >> 0.9761 +/- 0.01, % updates: 48.035%
INFO:root:-- EPOCH 96 (1.478 seconds):
INFO:root:COST >> 0.9857 +/- 0.0206, % updates: 48.156%
INFO:root:-- EPOCH 97 (1.478 seconds):
INFO:root:COST >> 0.9875 +/- 0.0174, % updates: 48.442%
INFO:root:-- EPOCH 98 (1.482 seconds):
INFO:root:COST >> 0.9893 +/- 0.0115, % updates: 48.85%
INFO:root:-- EPOCH 99 (1.474 seconds):
INFO:root:COST >> 0.986 +/- 0.0124, % updates: 48.747%
INFO:root:-- EPOCH 100 (1.518 seconds):
INFO:root:COST >> 0.989 +/- 0.0079, % updates: 48.738%
