INFO:root:Shape for training set: (40961, 141442)
INFO:root:State: {'ndim': '20', 'test_all': 'None', 'test_path': 'None', 'nhid': '50', 'lremb': '1.0', 'seed': '9', 'simfn': 'L1', 'valid_path': 'None', 'nbatches': '10', 'lrparam': '1.0', 'decay': '0.9999', 'show_hinton_diagrams': 'False', 'no_rescaling': 'True', 'Nrel': '18', 'ranking_score_right': 'False', 'Nent': '40961', 'Nsyn': '40943', 'method': 'MOMENTUM', 'loss_margin': '1.0', 'C': '1.0', 'epsilon': '1e-06', 'use_db': 'True', 'max_lr': 'None', 'l1_param_weight': 'None', 'filtered': 'False', 'name': 'wn_opt/wn_MOMENTUM_309', 'totepochs': '100', 'l2_param_weight': 'None', 'train_path': 'data/wn/WN-train.pkl', 'op': 'TransE'}
INFO:root:Starting the Experiment ..
INFO:root:-- EPOCH 1 (1.495 seconds):
INFO:root:COST >> 2.8099 +/- 0.2498, % updates: 66.3%
INFO:root:-- EPOCH 2 (1.519 seconds):
INFO:root:COST >> 2.4139 +/- 0.1839, % updates: 54.088%
INFO:root:-- EPOCH 3 (1.553 seconds):
INFO:root:COST >> 2.2454 +/- 0.1901, % updates: 51.732%
INFO:root:-- EPOCH 4 (1.578 seconds):
INFO:root:COST >> 2.1614 +/- 0.1844, % updates: 50.875%
INFO:root:-- EPOCH 5 (1.522 seconds):
INFO:root:COST >> 2.1016 +/- 0.1914, % updates: 50.292%
INFO:root:-- EPOCH 6 (1.481 seconds):
INFO:root:COST >> 2.0634 +/- 0.187, % updates: 49.954%
INFO:root:-- EPOCH 7 (1.584 seconds):
INFO:root:COST >> 2.0289 +/- 0.1726, % updates: 49.61%
INFO:root:-- EPOCH 8 (1.539 seconds):
INFO:root:COST >> 2.0102 +/- 0.1767, % updates: 49.361%
INFO:root:-- EPOCH 9 (1.53 seconds):
INFO:root:COST >> 1.9874 +/- 0.165, % updates: 49.354%
INFO:root:-- EPOCH 10 (1.535 seconds):
INFO:root:COST >> 1.9679 +/- 0.1693, % updates: 49.165%
INFO:root:-- EPOCH 11 (1.552 seconds):
INFO:root:COST >> 1.9468 +/- 0.1658, % updates: 48.885%
INFO:root:-- EPOCH 12 (1.505 seconds):
INFO:root:COST >> 1.9405 +/- 0.1624, % updates: 48.765%
INFO:root:-- EPOCH 13 (1.535 seconds):
INFO:root:COST >> 1.9199 +/- 0.173, % updates: 48.674%
INFO:root:-- EPOCH 14 (1.485 seconds):
INFO:root:COST >> 1.9108 +/- 0.1578, % updates: 48.645%
INFO:root:-- EPOCH 15 (1.516 seconds):
INFO:root:COST >> 1.9026 +/- 0.153, % updates: 48.694%
INFO:root:-- EPOCH 16 (1.504 seconds):
INFO:root:COST >> 1.8893 +/- 0.1507, % updates: 48.532%
INFO:root:-- EPOCH 17 (1.477 seconds):
INFO:root:COST >> 1.8834 +/- 0.1691, % updates: 48.486%
INFO:root:-- EPOCH 18 (1.491 seconds):
INFO:root:COST >> 1.8778 +/- 0.1573, % updates: 48.527%
INFO:root:-- EPOCH 19 (1.473 seconds):
INFO:root:COST >> 1.8653 +/- 0.153, % updates: 48.442%
INFO:root:-- EPOCH 20 (1.507 seconds):
INFO:root:COST >> 1.8559 +/- 0.1583, % updates: 48.41%
INFO:root:-- EPOCH 21 (1.512 seconds):
INFO:root:COST >> 1.852 +/- 0.1475, % updates: 48.325%
INFO:root:-- EPOCH 22 (1.52 seconds):
INFO:root:COST >> 1.8509 +/- 0.1547, % updates: 48.43%
INFO:root:-- EPOCH 23 (1.547 seconds):
INFO:root:COST >> 1.845 +/- 0.1539, % updates: 48.395%
INFO:root:-- EPOCH 24 (1.533 seconds):
INFO:root:COST >> 1.8394 +/- 0.1564, % updates: 48.311%
INFO:root:-- EPOCH 25 (1.514 seconds):
INFO:root:COST >> 1.8302 +/- 0.1509, % updates: 48.296%
INFO:root:-- EPOCH 26 (1.539 seconds):
INFO:root:COST >> 1.8311 +/- 0.1441, % updates: 48.302%
INFO:root:-- EPOCH 27 (1.497 seconds):
INFO:root:COST >> 1.8264 +/- 0.1629, % updates: 48.254%
INFO:root:-- EPOCH 28 (1.495 seconds):
INFO:root:COST >> 1.8196 +/- 0.1535, % updates: 48.309%
INFO:root:-- EPOCH 29 (1.505 seconds):
INFO:root:COST >> 1.8161 +/- 0.1479, % updates: 48.383%
INFO:root:-- EPOCH 30 (1.476 seconds):
INFO:root:COST >> 1.8113 +/- 0.1486, % updates: 48.253%
INFO:root:-- EPOCH 31 (1.489 seconds):
INFO:root:COST >> 1.812 +/- 0.1464, % updates: 48.309%
INFO:root:-- EPOCH 32 (1.476 seconds):
INFO:root:COST >> 1.8115 +/- 0.1519, % updates: 48.316%
INFO:root:-- EPOCH 33 (1.496 seconds):
INFO:root:COST >> 1.8047 +/- 0.1456, % updates: 48.264%
INFO:root:-- EPOCH 34 (1.472 seconds):
INFO:root:COST >> 1.7959 +/- 0.1477, % updates: 48.228%
INFO:root:-- EPOCH 35 (1.528 seconds):
INFO:root:COST >> 1.7932 +/- 0.1378, % updates: 48.208%
INFO:root:-- EPOCH 36 (1.502 seconds):
INFO:root:COST >> 1.7924 +/- 0.15, % updates: 48.359%
INFO:root:-- EPOCH 37 (1.461 seconds):
INFO:root:COST >> 1.7894 +/- 0.1496, % updates: 48.191%
INFO:root:-- EPOCH 38 (1.503 seconds):
INFO:root:COST >> 1.7906 +/- 0.1517, % updates: 48.325%
INFO:root:-- EPOCH 39 (1.516 seconds):
INFO:root:COST >> 1.7857 +/- 0.1451, % updates: 48.143%
INFO:root:-- EPOCH 40 (1.482 seconds):
INFO:root:COST >> 1.7765 +/- 0.1473, % updates: 48.201%
INFO:root:-- EPOCH 41 (1.542 seconds):
INFO:root:COST >> 1.7817 +/- 0.1477, % updates: 48.319%
INFO:root:-- EPOCH 42 (1.519 seconds):
INFO:root:COST >> 1.7742 +/- 0.1439, % updates: 48.149%
INFO:root:-- EPOCH 43 (1.514 seconds):
INFO:root:COST >> 1.773 +/- 0.1515, % updates: 48.195%
INFO:root:-- EPOCH 44 (1.524 seconds):
INFO:root:COST >> 1.771 +/- 0.1473, % updates: 48.2%
INFO:root:-- EPOCH 45 (1.524 seconds):
INFO:root:COST >> 1.7676 +/- 0.1386, % updates: 48.265%
INFO:root:-- EPOCH 46 (1.52 seconds):
INFO:root:COST >> 1.762 +/- 0.1349, % updates: 48.098%
INFO:root:-- EPOCH 47 (1.492 seconds):
INFO:root:COST >> 1.768 +/- 0.1435, % updates: 48.241%
INFO:root:-- EPOCH 48 (1.495 seconds):
INFO:root:COST >> 1.7642 +/- 0.1442, % updates: 48.19%
INFO:root:-- EPOCH 49 (1.505 seconds):
INFO:root:COST >> 1.764 +/- 0.1392, % updates: 48.385%
INFO:root:-- EPOCH 50 (1.499 seconds):
INFO:root:COST >> 1.7555 +/- 0.1434, % updates: 48.214%
INFO:root:-- EPOCH 51 (1.501 seconds):
INFO:root:COST >> 1.7565 +/- 0.1396, % updates: 48.227%
INFO:root:-- EPOCH 52 (1.487 seconds):
INFO:root:COST >> 1.754 +/- 0.1487, % updates: 48.198%
INFO:root:-- EPOCH 53 (1.504 seconds):
INFO:root:COST >> 1.751 +/- 0.139, % updates: 48.184%
INFO:root:-- EPOCH 54 (1.497 seconds):
INFO:root:COST >> 1.7509 +/- 0.1429, % updates: 48.166%
INFO:root:-- EPOCH 55 (1.486 seconds):
INFO:root:COST >> 1.753 +/- 0.1408, % updates: 48.35%
INFO:root:-- EPOCH 56 (1.493 seconds):
INFO:root:COST >> 1.7526 +/- 0.1455, % updates: 48.186%
INFO:root:-- EPOCH 57 (1.506 seconds):
INFO:root:COST >> 1.7481 +/- 0.1378, % updates: 48.077%
INFO:root:-- EPOCH 58 (1.517 seconds):
INFO:root:COST >> 1.7447 +/- 0.1376, % updates: 48.245%
INFO:root:-- EPOCH 59 (1.488 seconds):
INFO:root:COST >> 1.7475 +/- 0.1462, % updates: 48.183%
INFO:root:-- EPOCH 60 (1.839 seconds):
INFO:root:COST >> 1.7377 +/- 0.1301, % updates: 48.157%
INFO:root:-- EPOCH 61 (1.931 seconds):
INFO:root:COST >> 1.7404 +/- 0.1393, % updates: 48.329%
INFO:root:-- EPOCH 62 (1.96 seconds):
INFO:root:COST >> 1.7372 +/- 0.1395, % updates: 48.1%
INFO:root:-- EPOCH 63 (1.936 seconds):
INFO:root:COST >> 1.7349 +/- 0.14, % updates: 48.086%
INFO:root:-- EPOCH 64 (1.937 seconds):
INFO:root:COST >> 1.7351 +/- 0.1386, % updates: 48.209%
INFO:root:-- EPOCH 65 (1.922 seconds):
INFO:root:COST >> 1.7322 +/- 0.1472, % updates: 48.056%
INFO:root:-- EPOCH 66 (1.931 seconds):
INFO:root:COST >> 1.7375 +/- 0.1397, % updates: 48.249%
INFO:root:-- EPOCH 67 (1.918 seconds):
INFO:root:COST >> 1.7316 +/- 0.1447, % updates: 48.203%
INFO:root:-- EPOCH 68 (1.916 seconds):
INFO:root:COST >> 1.7305 +/- 0.1366, % updates: 48.287%
INFO:root:-- EPOCH 69 (1.931 seconds):
INFO:root:COST >> 1.7318 +/- 0.1294, % updates: 48.129%
INFO:root:-- EPOCH 70 (1.929 seconds):
INFO:root:COST >> 1.7241 +/- 0.1395, % updates: 48.148%
INFO:root:-- EPOCH 71 (1.931 seconds):
INFO:root:COST >> 1.7292 +/- 0.1348, % updates: 48.247%
INFO:root:-- EPOCH 72 (1.944 seconds):
INFO:root:COST >> 1.7259 +/- 0.1448, % updates: 48.227%
INFO:root:-- EPOCH 73 (1.935 seconds):
INFO:root:COST >> 1.7267 +/- 0.1405, % updates: 48.279%
INFO:root:-- EPOCH 74 (1.917 seconds):
INFO:root:COST >> 1.7239 +/- 0.1364, % updates: 48.263%
INFO:root:-- EPOCH 75 (1.925 seconds):
INFO:root:COST >> 1.7236 +/- 0.131, % updates: 48.251%
INFO:root:-- EPOCH 76 (1.919 seconds):
INFO:root:COST >> 1.7239 +/- 0.1336, % updates: 48.233%
INFO:root:-- EPOCH 77 (1.928 seconds):
INFO:root:COST >> 1.7239 +/- 0.1364, % updates: 48.26%
INFO:root:-- EPOCH 78 (1.924 seconds):
INFO:root:COST >> 1.7182 +/- 0.1349, % updates: 48.254%
INFO:root:-- EPOCH 79 (1.918 seconds):
INFO:root:COST >> 1.717 +/- 0.1405, % updates: 48.212%
INFO:root:-- EPOCH 80 (1.914 seconds):
INFO:root:COST >> 1.7177 +/- 0.1344, % updates: 48.315%
INFO:root:-- EPOCH 81 (1.919 seconds):
INFO:root:COST >> 1.7152 +/- 0.1496, % updates: 48.327%
INFO:root:-- EPOCH 82 (1.902 seconds):
INFO:root:COST >> 1.716 +/- 0.1327, % updates: 48.339%
INFO:root:-- EPOCH 83 (1.902 seconds):
INFO:root:COST >> 1.7135 +/- 0.1382, % updates: 48.263%
INFO:root:-- EPOCH 84 (1.371 seconds):
INFO:root:COST >> 1.7134 +/- 0.1433, % updates: 48.263%
INFO:root:-- EPOCH 85 (1.149 seconds):
INFO:root:COST >> 1.71 +/- 0.1326, % updates: 48.277%
INFO:root:-- EPOCH 86 (1.104 seconds):
INFO:root:COST >> 1.7105 +/- 0.1356, % updates: 48.415%
INFO:root:-- EPOCH 87 (1.191 seconds):
INFO:root:COST >> 1.71 +/- 0.1275, % updates: 48.226%
INFO:root:-- EPOCH 88 (1.229 seconds):
INFO:root:COST >> 1.7082 +/- 0.1347, % updates: 48.274%
INFO:root:-- EPOCH 89 (1.495 seconds):
INFO:root:COST >> 1.705 +/- 0.1287, % updates: 48.22%
INFO:root:-- EPOCH 90 (1.507 seconds):
INFO:root:COST >> 1.7055 +/- 0.1298, % updates: 48.167%
INFO:root:-- EPOCH 91 (1.49 seconds):
INFO:root:COST >> 1.7039 +/- 0.1344, % updates: 48.188%
INFO:root:-- EPOCH 92 (1.536 seconds):
INFO:root:COST >> 1.7002 +/- 0.1297, % updates: 48.161%
INFO:root:-- EPOCH 93 (1.475 seconds):
INFO:root:COST >> 1.7015 +/- 0.144, % updates: 48.086%
INFO:root:-- EPOCH 94 (1.537 seconds):
INFO:root:COST >> 1.7065 +/- 0.1283, % updates: 48.272%
INFO:root:-- EPOCH 95 (1.5 seconds):
INFO:root:COST >> 1.6997 +/- 0.1355, % updates: 48.227%
INFO:root:-- EPOCH 96 (1.515 seconds):
INFO:root:COST >> 1.7087 +/- 0.1347, % updates: 48.361%
INFO:root:-- EPOCH 97 (1.5 seconds):
INFO:root:COST >> 1.7041 +/- 0.1271, % updates: 48.316%
INFO:root:-- EPOCH 98 (1.519 seconds):
INFO:root:COST >> 1.692 +/- 0.1295, % updates: 48.188%
INFO:root:-- EPOCH 99 (1.508 seconds):
INFO:root:COST >> 1.6998 +/- 0.1327, % updates: 48.249%
INFO:root:-- EPOCH 100 (1.527 seconds):
INFO:root:COST >> 1.6968 +/- 0.1297, % updates: 48.347%
