INFO:root:Shape for training set: (40961, 141442)
INFO:root:State: {'ndim': '20', 'test_all': 'None', 'test_path': 'None', 'nhid': '50', 'lremb': '0.1', 'seed': '1', 'simfn': 'L1', 'valid_path': 'None', 'nbatches': '10', 'lrparam': '0.1', 'decay': '0.99', 'show_hinton_diagrams': 'False', 'no_rescaling': 'True', 'Nrel': '18', 'ranking_score_right': 'False', 'Nent': '40961', 'Nsyn': '40943', 'method': 'MOMENTUM', 'loss_margin': '1.0', 'C': '1.0', 'epsilon': '1e-06', 'use_db': 'True', 'max_lr': 'None', 'l1_param_weight': 'None', 'filtered': 'False', 'name': 'wn_opt/wn_MOMENTUM_271', 'totepochs': '100', 'l2_param_weight': 'None', 'train_path': 'data/wn/WN-train.pkl', 'op': 'TransE'}
INFO:root:Starting the Experiment ..
INFO:root:-- EPOCH 1 (1.509 seconds):
INFO:root:COST >> 2.5458 +/- 0.1843, % updates: 66.047%
INFO:root:-- EPOCH 2 (1.489 seconds):
INFO:root:COST >> 2.253 +/- 0.2004, % updates: 51.994%
INFO:root:-- EPOCH 3 (1.472 seconds):
INFO:root:COST >> 2.1697 +/- 0.1993, % updates: 50.327%
INFO:root:-- EPOCH 4 (1.497 seconds):
INFO:root:COST >> 2.1285 +/- 0.2024, % updates: 49.524%
INFO:root:-- EPOCH 5 (1.483 seconds):
INFO:root:COST >> 2.1234 +/- 0.2069, % updates: 48.956%
INFO:root:-- EPOCH 6 (1.479 seconds):
INFO:root:COST >> 2.1096 +/- 0.2023, % updates: 48.611%
INFO:root:-- EPOCH 7 (1.463 seconds):
INFO:root:COST >> 2.1079 +/- 0.202, % updates: 48.501%
INFO:root:-- EPOCH 8 (1.47 seconds):
INFO:root:COST >> 2.1028 +/- 0.2039, % updates: 48.304%
INFO:root:-- EPOCH 9 (1.488 seconds):
INFO:root:COST >> 2.1146 +/- 0.2121, % updates: 48.311%
INFO:root:-- EPOCH 10 (1.476 seconds):
INFO:root:COST >> 2.1201 +/- 0.2062, % updates: 48.259%
INFO:root:-- EPOCH 11 (1.489 seconds):
INFO:root:COST >> 2.1143 +/- 0.2007, % updates: 48.112%
INFO:root:-- EPOCH 12 (1.496 seconds):
INFO:root:COST >> 2.1082 +/- 0.1992, % updates: 48.009%
INFO:root:-- EPOCH 13 (1.466 seconds):
INFO:root:COST >> 2.1134 +/- 0.2117, % updates: 47.899%
INFO:root:-- EPOCH 14 (1.492 seconds):
INFO:root:COST >> 2.1254 +/- 0.2055, % updates: 47.93%
INFO:root:-- EPOCH 15 (1.492 seconds):
INFO:root:COST >> 2.1136 +/- 0.2056, % updates: 47.881%
INFO:root:-- EPOCH 16 (1.48 seconds):
INFO:root:COST >> 2.1284 +/- 0.2039, % updates: 48.073%
INFO:root:-- EPOCH 17 (1.471 seconds):
INFO:root:COST >> 2.1281 +/- 0.2138, % updates: 47.994%
INFO:root:-- EPOCH 18 (1.474 seconds):
INFO:root:COST >> 2.1237 +/- 0.2026, % updates: 47.84%
INFO:root:-- EPOCH 19 (1.478 seconds):
INFO:root:COST >> 2.114 +/- 0.2024, % updates: 47.775%
INFO:root:-- EPOCH 20 (1.468 seconds):
INFO:root:COST >> 2.122 +/- 0.1981, % updates: 47.825%
INFO:root:-- EPOCH 21 (1.499 seconds):
INFO:root:COST >> 2.1249 +/- 0.2074, % updates: 47.851%
INFO:root:-- EPOCH 22 (1.521 seconds):
INFO:root:COST >> 2.1291 +/- 0.2087, % updates: 47.878%
INFO:root:-- EPOCH 23 (1.495 seconds):
INFO:root:COST >> 2.1288 +/- 0.2095, % updates: 47.845%
INFO:root:-- EPOCH 24 (1.459 seconds):
INFO:root:COST >> 2.1245 +/- 0.212, % updates: 47.789%
INFO:root:-- EPOCH 25 (1.482 seconds):
INFO:root:COST >> 2.1254 +/- 0.2135, % updates: 47.82%
INFO:root:-- EPOCH 26 (1.482 seconds):
INFO:root:COST >> 2.1247 +/- 0.1942, % updates: 47.658%
INFO:root:-- EPOCH 27 (1.445 seconds):
INFO:root:COST >> 2.127 +/- 0.2116, % updates: 47.755%
INFO:root:-- EPOCH 28 (1.533 seconds):
INFO:root:COST >> 2.1244 +/- 0.2071, % updates: 47.857%
INFO:root:-- EPOCH 29 (1.479 seconds):
INFO:root:COST >> 2.1328 +/- 0.2077, % updates: 47.845%
INFO:root:-- EPOCH 30 (1.478 seconds):
INFO:root:COST >> 2.1274 +/- 0.2094, % updates: 47.778%
INFO:root:-- EPOCH 31 (1.467 seconds):
INFO:root:COST >> 2.1258 +/- 0.2066, % updates: 47.866%
INFO:root:-- EPOCH 32 (1.533 seconds):
INFO:root:COST >> 2.126 +/- 0.195, % updates: 47.718%
INFO:root:-- EPOCH 33 (1.472 seconds):
INFO:root:COST >> 2.1231 +/- 0.214, % updates: 47.858%
INFO:root:-- EPOCH 34 (1.463 seconds):
INFO:root:COST >> 2.127 +/- 0.2164, % updates: 47.773%
INFO:root:-- EPOCH 35 (1.491 seconds):
INFO:root:COST >> 2.1237 +/- 0.2125, % updates: 47.73%
INFO:root:-- EPOCH 36 (1.461 seconds):
INFO:root:COST >> 2.1223 +/- 0.2148, % updates: 47.672%
INFO:root:-- EPOCH 37 (1.482 seconds):
INFO:root:COST >> 2.1226 +/- 0.207, % updates: 47.679%
INFO:root:-- EPOCH 38 (1.492 seconds):
INFO:root:COST >> 2.1356 +/- 0.2123, % updates: 47.812%
INFO:root:-- EPOCH 39 (1.486 seconds):
INFO:root:COST >> 2.139 +/- 0.2049, % updates: 47.985%
INFO:root:-- EPOCH 40 (1.536 seconds):
INFO:root:COST >> 2.1198 +/- 0.2, % updates: 47.835%
INFO:root:-- EPOCH 41 (1.525 seconds):
INFO:root:COST >> 2.1269 +/- 0.2107, % updates: 47.781%
INFO:root:-- EPOCH 42 (1.56 seconds):
INFO:root:COST >> 2.1173 +/- 0.2069, % updates: 47.702%
INFO:root:-- EPOCH 43 (1.48 seconds):
INFO:root:COST >> 2.1226 +/- 0.2108, % updates: 47.776%
INFO:root:-- EPOCH 44 (1.542 seconds):
INFO:root:COST >> 2.1247 +/- 0.2104, % updates: 47.808%
INFO:root:-- EPOCH 45 (1.51 seconds):
INFO:root:COST >> 2.1185 +/- 0.2112, % updates: 47.771%
INFO:root:-- EPOCH 46 (1.496 seconds):
INFO:root:COST >> 2.1222 +/- 0.2146, % updates: 47.768%
INFO:root:-- EPOCH 47 (1.499 seconds):
INFO:root:COST >> 2.1179 +/- 0.2045, % updates: 47.752%
INFO:root:-- EPOCH 48 (1.478 seconds):
INFO:root:COST >> 2.121 +/- 0.2122, % updates: 47.656%
INFO:root:-- EPOCH 49 (1.463 seconds):
INFO:root:COST >> 2.1275 +/- 0.212, % updates: 47.913%
INFO:root:-- EPOCH 50 (1.528 seconds):
INFO:root:COST >> 2.1287 +/- 0.215, % updates: 47.774%
INFO:root:-- EPOCH 51 (1.484 seconds):
INFO:root:COST >> 2.1306 +/- 0.205, % updates: 47.933%
INFO:root:-- EPOCH 52 (1.456 seconds):
INFO:root:COST >> 2.1202 +/- 0.2119, % updates: 47.677%
INFO:root:-- EPOCH 53 (1.465 seconds):
INFO:root:COST >> 2.1178 +/- 0.198, % updates: 47.663%
INFO:root:-- EPOCH 54 (1.484 seconds):
INFO:root:COST >> 2.1274 +/- 0.2018, % updates: 47.856%
INFO:root:-- EPOCH 55 (1.529 seconds):
INFO:root:COST >> 2.1214 +/- 0.2083, % updates: 47.824%
INFO:root:-- EPOCH 56 (1.446 seconds):
INFO:root:COST >> 2.12 +/- 0.2029, % updates: 47.759%
INFO:root:-- EPOCH 57 (1.515 seconds):
INFO:root:COST >> 2.1217 +/- 0.2039, % updates: 47.794%
INFO:root:-- EPOCH 58 (1.453 seconds):
INFO:root:COST >> 2.1202 +/- 0.2103, % updates: 47.714%
INFO:root:-- EPOCH 59 (1.52 seconds):
INFO:root:COST >> 2.1227 +/- 0.2165, % updates: 47.7%
INFO:root:-- EPOCH 60 (1.476 seconds):
INFO:root:COST >> 2.1272 +/- 0.2051, % updates: 47.843%
INFO:root:-- EPOCH 61 (1.461 seconds):
INFO:root:COST >> 2.1172 +/- 0.1962, % updates: 47.8%
INFO:root:-- EPOCH 62 (1.48 seconds):
INFO:root:COST >> 2.1213 +/- 0.2061, % updates: 47.7%
INFO:root:-- EPOCH 63 (1.494 seconds):
INFO:root:COST >> 2.1276 +/- 0.2053, % updates: 47.837%
INFO:root:-- EPOCH 64 (1.499 seconds):
INFO:root:COST >> 2.1247 +/- 0.2177, % updates: 47.758%
INFO:root:-- EPOCH 65 (1.507 seconds):
INFO:root:COST >> 2.1201 +/- 0.2076, % updates: 47.723%
INFO:root:-- EPOCH 66 (1.505 seconds):
INFO:root:COST >> 2.1262 +/- 0.2072, % updates: 47.698%
INFO:root:-- EPOCH 67 (1.45 seconds):
INFO:root:COST >> 2.1186 +/- 0.2034, % updates: 47.647%
INFO:root:-- EPOCH 68 (1.494 seconds):
INFO:root:COST >> 2.1208 +/- 0.2019, % updates: 47.692%
INFO:root:-- EPOCH 69 (1.479 seconds):
INFO:root:COST >> 2.1229 +/- 0.2172, % updates: 47.718%
INFO:root:-- EPOCH 70 (1.465 seconds):
INFO:root:COST >> 2.1259 +/- 0.2061, % updates: 47.793%
INFO:root:-- EPOCH 71 (1.473 seconds):
INFO:root:COST >> 2.1242 +/- 0.2022, % updates: 47.787%
INFO:root:-- EPOCH 72 (1.493 seconds):
INFO:root:COST >> 2.1258 +/- 0.2183, % updates: 47.685%
INFO:root:-- EPOCH 73 (1.501 seconds):
INFO:root:COST >> 2.1301 +/- 0.2121, % updates: 47.905%
INFO:root:-- EPOCH 74 (1.464 seconds):
INFO:root:COST >> 2.1238 +/- 0.2035, % updates: 47.786%
INFO:root:-- EPOCH 75 (1.493 seconds):
INFO:root:COST >> 2.1199 +/- 0.2015, % updates: 47.72%
INFO:root:-- EPOCH 76 (1.492 seconds):
INFO:root:COST >> 2.1173 +/- 0.2046, % updates: 47.607%
INFO:root:-- EPOCH 77 (1.468 seconds):
INFO:root:COST >> 2.1249 +/- 0.2125, % updates: 47.779%
INFO:root:-- EPOCH 78 (1.514 seconds):
INFO:root:COST >> 2.1256 +/- 0.2126, % updates: 47.798%
INFO:root:-- EPOCH 79 (1.492 seconds):
INFO:root:COST >> 2.1228 +/- 0.2043, % updates: 47.716%
INFO:root:-- EPOCH 80 (1.467 seconds):
INFO:root:COST >> 2.1258 +/- 0.2132, % updates: 47.843%
INFO:root:-- EPOCH 81 (1.492 seconds):
INFO:root:COST >> 2.1179 +/- 0.2099, % updates: 47.76%
INFO:root:-- EPOCH 82 (1.512 seconds):
INFO:root:COST >> 2.1232 +/- 0.2128, % updates: 47.751%
INFO:root:-- EPOCH 83 (1.479 seconds):
INFO:root:COST >> 2.1235 +/- 0.2175, % updates: 47.675%
INFO:root:-- EPOCH 84 (1.472 seconds):
INFO:root:COST >> 2.1299 +/- 0.2142, % updates: 47.86%
INFO:root:-- EPOCH 85 (1.453 seconds):
INFO:root:COST >> 2.1215 +/- 0.2015, % updates: 47.887%
INFO:root:-- EPOCH 86 (1.122 seconds):
INFO:root:COST >> 2.1292 +/- 0.2065, % updates: 47.771%
INFO:root:-- EPOCH 87 (1.142 seconds):
INFO:root:COST >> 2.1218 +/- 0.2141, % updates: 47.702%
INFO:root:-- EPOCH 88 (1.194 seconds):
INFO:root:COST >> 2.1236 +/- 0.211, % updates: 47.727%
INFO:root:-- EPOCH 89 (1.436 seconds):
INFO:root:COST >> 2.1224 +/- 0.2142, % updates: 47.789%
INFO:root:-- EPOCH 90 (1.484 seconds):
INFO:root:COST >> 2.1245 +/- 0.2065, % updates: 47.757%
INFO:root:-- EPOCH 91 (1.52 seconds):
INFO:root:COST >> 2.1244 +/- 0.2101, % updates: 47.82%
INFO:root:-- EPOCH 92 (1.476 seconds):
INFO:root:COST >> 2.1246 +/- 0.2112, % updates: 47.823%
INFO:root:-- EPOCH 93 (1.494 seconds):
INFO:root:COST >> 2.1244 +/- 0.2025, % updates: 47.746%
INFO:root:-- EPOCH 94 (1.441 seconds):
INFO:root:COST >> 2.122 +/- 0.2065, % updates: 47.804%
INFO:root:-- EPOCH 95 (1.472 seconds):
INFO:root:COST >> 2.1193 +/- 0.206, % updates: 47.74%
INFO:root:-- EPOCH 96 (1.491 seconds):
INFO:root:COST >> 2.1291 +/- 0.2028, % updates: 47.716%
INFO:root:-- EPOCH 97 (1.509 seconds):
INFO:root:COST >> 2.124 +/- 0.209, % updates: 47.663%
INFO:root:-- EPOCH 98 (1.465 seconds):
INFO:root:COST >> 2.1273 +/- 0.2065, % updates: 47.682%
INFO:root:-- EPOCH 99 (1.461 seconds):
INFO:root:COST >> 2.1258 +/- 0.2136, % updates: 47.827%
INFO:root:-- EPOCH 100 (1.456 seconds):
INFO:root:COST >> 2.1161 +/- 0.2097, % updates: 47.64%
