INFO:root:Shape for training set: (40961, 141442)
INFO:root:State: {'ndim': '20', 'test_all': 'None', 'test_path': 'None', 'nhid': '50', 'lremb': '0.01', 'seed': '0', 'simfn': 'L1', 'valid_path': 'None', 'nbatches': '10', 'lrparam': '0.01', 'decay': '0.5', 'show_hinton_diagrams': 'False', 'no_rescaling': 'True', 'Nrel': '18', 'ranking_score_right': 'False', 'Nent': '40961', 'Nsyn': '40943', 'method': 'MOMENTUM', 'loss_margin': '1.0', 'C': '1.0', 'epsilon': '1e-06', 'use_db': 'True', 'max_lr': 'None', 'l1_param_weight': 'None', 'filtered': 'False', 'name': 'wn_opt/wn_MOMENTUM_240', 'totepochs': '100', 'l2_param_weight': 'None', 'train_path': 'data/wn/WN-train.pkl', 'op': 'TransE'}
INFO:root:Starting the Experiment ..
INFO:root:-- EPOCH 1 (1.463 seconds):
INFO:root:COST >> 2.0698 +/- 0.1248, % updates: 69.774%
INFO:root:-- EPOCH 2 (1.474 seconds):
INFO:root:COST >> 1.7271 +/- 0.0284, % updates: 60.222%
INFO:root:-- EPOCH 3 (1.488 seconds):
INFO:root:COST >> 1.5723 +/- 0.0524, % updates: 57.363%
INFO:root:-- EPOCH 4 (1.51 seconds):
INFO:root:COST >> 1.4847 +/- 0.0526, % updates: 55.749%
INFO:root:-- EPOCH 5 (1.461 seconds):
INFO:root:COST >> 1.4344 +/- 0.0605, % updates: 54.63%
INFO:root:-- EPOCH 6 (1.488 seconds):
INFO:root:COST >> 1.402 +/- 0.0755, % updates: 53.672%
INFO:root:-- EPOCH 7 (1.5 seconds):
INFO:root:COST >> 1.3822 +/- 0.0732, % updates: 53.102%
INFO:root:-- EPOCH 8 (1.467 seconds):
INFO:root:COST >> 1.3696 +/- 0.0702, % updates: 52.68%
INFO:root:-- EPOCH 9 (1.461 seconds):
INFO:root:COST >> 1.3531 +/- 0.0715, % updates: 52.215%
INFO:root:-- EPOCH 10 (1.463 seconds):
INFO:root:COST >> 1.3446 +/- 0.0652, % updates: 51.98%
INFO:root:-- EPOCH 11 (1.463 seconds):
INFO:root:COST >> 1.3397 +/- 0.0722, % updates: 51.782%
INFO:root:-- EPOCH 12 (1.497 seconds):
INFO:root:COST >> 1.3407 +/- 0.0638, % updates: 51.631%
INFO:root:-- EPOCH 13 (1.485 seconds):
INFO:root:COST >> 1.3325 +/- 0.068, % updates: 51.581%
INFO:root:-- EPOCH 14 (1.468 seconds):
INFO:root:COST >> 1.3357 +/- 0.0639, % updates: 51.532%
INFO:root:-- EPOCH 15 (1.151 seconds):
INFO:root:COST >> 1.3372 +/- 0.0723, % updates: 51.529%
INFO:root:-- EPOCH 16 (1.11 seconds):
INFO:root:COST >> 1.3324 +/- 0.0729, % updates: 51.214%
INFO:root:-- EPOCH 17 (1.153 seconds):
INFO:root:COST >> 1.3314 +/- 0.0731, % updates: 51.189%
INFO:root:-- EPOCH 18 (1.153 seconds):
INFO:root:COST >> 1.3295 +/- 0.0694, % updates: 51.123%
INFO:root:-- EPOCH 19 (1.465 seconds):
INFO:root:COST >> 1.3315 +/- 0.0666, % updates: 51.151%
INFO:root:-- EPOCH 20 (1.476 seconds):
INFO:root:COST >> 1.3289 +/- 0.0738, % updates: 50.957%
INFO:root:-- EPOCH 21 (1.488 seconds):
INFO:root:COST >> 1.3277 +/- 0.0656, % updates: 50.9%
INFO:root:-- EPOCH 22 (1.517 seconds):
INFO:root:COST >> 1.3291 +/- 0.0729, % updates: 50.981%
INFO:root:-- EPOCH 23 (1.491 seconds):
INFO:root:COST >> 1.3266 +/- 0.0674, % updates: 50.813%
INFO:root:-- EPOCH 24 (1.512 seconds):
INFO:root:COST >> 1.321 +/- 0.0693, % updates: 50.591%
INFO:root:-- EPOCH 25 (1.515 seconds):
INFO:root:COST >> 1.3201 +/- 0.0734, % updates: 50.639%
INFO:root:-- EPOCH 26 (1.51 seconds):
INFO:root:COST >> 1.3219 +/- 0.0672, % updates: 50.666%
INFO:root:-- EPOCH 27 (1.529 seconds):
INFO:root:COST >> 1.3214 +/- 0.0742, % updates: 50.609%
INFO:root:-- EPOCH 28 (1.494 seconds):
INFO:root:COST >> 1.3204 +/- 0.0681, % updates: 50.589%
INFO:root:-- EPOCH 29 (1.533 seconds):
INFO:root:COST >> 1.324 +/- 0.0678, % updates: 50.569%
INFO:root:-- EPOCH 30 (1.523 seconds):
INFO:root:COST >> 1.3229 +/- 0.0682, % updates: 50.608%
INFO:root:-- EPOCH 31 (1.516 seconds):
INFO:root:COST >> 1.3213 +/- 0.0685, % updates: 50.557%
INFO:root:-- EPOCH 32 (1.534 seconds):
INFO:root:COST >> 1.3204 +/- 0.0739, % updates: 50.427%
INFO:root:-- EPOCH 33 (1.459 seconds):
INFO:root:COST >> 1.3168 +/- 0.0699, % updates: 50.387%
INFO:root:-- EPOCH 34 (1.503 seconds):
INFO:root:COST >> 1.319 +/- 0.0742, % updates: 50.276%
INFO:root:-- EPOCH 35 (1.466 seconds):
INFO:root:COST >> 1.3193 +/- 0.074, % updates: 50.404%
INFO:root:-- EPOCH 36 (1.471 seconds):
INFO:root:COST >> 1.3188 +/- 0.0661, % updates: 50.375%
INFO:root:-- EPOCH 37 (1.486 seconds):
INFO:root:COST >> 1.3237 +/- 0.0752, % updates: 50.317%
INFO:root:-- EPOCH 38 (1.468 seconds):
INFO:root:COST >> 1.3188 +/- 0.0716, % updates: 50.351%
INFO:root:-- EPOCH 39 (1.469 seconds):
INFO:root:COST >> 1.319 +/- 0.0716, % updates: 50.3%
INFO:root:-- EPOCH 40 (1.487 seconds):
INFO:root:COST >> 1.3173 +/- 0.0669, % updates: 50.161%
INFO:root:-- EPOCH 41 (1.481 seconds):
INFO:root:COST >> 1.3187 +/- 0.0649, % updates: 50.349%
INFO:root:-- EPOCH 42 (1.494 seconds):
INFO:root:COST >> 1.3166 +/- 0.0705, % updates: 50.224%
INFO:root:-- EPOCH 43 (1.499 seconds):
INFO:root:COST >> 1.3149 +/- 0.0672, % updates: 50.262%
INFO:root:-- EPOCH 44 (1.476 seconds):
INFO:root:COST >> 1.3227 +/- 0.0668, % updates: 50.367%
INFO:root:-- EPOCH 45 (1.501 seconds):
INFO:root:COST >> 1.3153 +/- 0.0719, % updates: 50.206%
INFO:root:-- EPOCH 46 (1.514 seconds):
INFO:root:COST >> 1.312 +/- 0.0669, % updates: 50.108%
INFO:root:-- EPOCH 47 (1.505 seconds):
INFO:root:COST >> 1.3166 +/- 0.0759, % updates: 50.125%
INFO:root:-- EPOCH 48 (1.469 seconds):
INFO:root:COST >> 1.3174 +/- 0.0717, % updates: 50.071%
INFO:root:-- EPOCH 49 (1.474 seconds):
INFO:root:COST >> 1.3191 +/- 0.0675, % updates: 50.251%
INFO:root:-- EPOCH 50 (1.509 seconds):
INFO:root:COST >> 1.3159 +/- 0.0709, % updates: 50.191%
INFO:root:-- EPOCH 51 (1.451 seconds):
INFO:root:COST >> 1.3152 +/- 0.0703, % updates: 50.093%
INFO:root:-- EPOCH 52 (1.512 seconds):
INFO:root:COST >> 1.3184 +/- 0.078, % updates: 50.098%
INFO:root:-- EPOCH 53 (1.486 seconds):
INFO:root:COST >> 1.3167 +/- 0.0709, % updates: 50.121%
INFO:root:-- EPOCH 54 (1.485 seconds):
INFO:root:COST >> 1.3162 +/- 0.0732, % updates: 50.045%
INFO:root:-- EPOCH 55 (1.482 seconds):
INFO:root:COST >> 1.3149 +/- 0.0658, % updates: 50.174%
INFO:root:-- EPOCH 56 (1.481 seconds):
INFO:root:COST >> 1.3189 +/- 0.0741, % updates: 50.157%
INFO:root:-- EPOCH 57 (1.492 seconds):
INFO:root:COST >> 1.3151 +/- 0.0701, % updates: 50.081%
INFO:root:-- EPOCH 58 (1.511 seconds):
INFO:root:COST >> 1.3179 +/- 0.0712, % updates: 50.19%
INFO:root:-- EPOCH 59 (1.489 seconds):
INFO:root:COST >> 1.3141 +/- 0.0702, % updates: 50.0%
INFO:root:-- EPOCH 60 (1.478 seconds):
INFO:root:COST >> 1.3159 +/- 0.0725, % updates: 50.182%
INFO:root:-- EPOCH 61 (1.463 seconds):
INFO:root:COST >> 1.3124 +/- 0.0703, % updates: 49.89%
INFO:root:-- EPOCH 62 (1.482 seconds):
INFO:root:COST >> 1.3121 +/- 0.0644, % updates: 50.038%
INFO:root:-- EPOCH 63 (1.478 seconds):
INFO:root:COST >> 1.3158 +/- 0.0631, % updates: 50.135%
INFO:root:-- EPOCH 64 (1.498 seconds):
INFO:root:COST >> 1.3134 +/- 0.0698, % updates: 49.99%
INFO:root:-- EPOCH 65 (1.51 seconds):
INFO:root:COST >> 1.3147 +/- 0.0694, % updates: 50.119%
INFO:root:-- EPOCH 66 (1.496 seconds):
INFO:root:COST >> 1.316 +/- 0.0724, % updates: 50.088%
INFO:root:-- EPOCH 67 (1.513 seconds):
INFO:root:COST >> 1.312 +/- 0.0697, % updates: 50.022%
INFO:root:-- EPOCH 68 (1.496 seconds):
INFO:root:COST >> 1.3147 +/- 0.0675, % updates: 49.992%
INFO:root:-- EPOCH 69 (1.493 seconds):
INFO:root:COST >> 1.316 +/- 0.0705, % updates: 49.962%
INFO:root:-- EPOCH 70 (1.483 seconds):
INFO:root:COST >> 1.3143 +/- 0.0716, % updates: 50.016%
INFO:root:-- EPOCH 71 (1.515 seconds):
INFO:root:COST >> 1.317 +/- 0.0691, % updates: 49.977%
INFO:root:-- EPOCH 72 (1.49 seconds):
INFO:root:COST >> 1.3121 +/- 0.0684, % updates: 49.899%
INFO:root:-- EPOCH 73 (1.492 seconds):
INFO:root:COST >> 1.3137 +/- 0.0695, % updates: 49.946%
INFO:root:-- EPOCH 74 (1.479 seconds):
INFO:root:COST >> 1.3131 +/- 0.0704, % updates: 49.938%
INFO:root:-- EPOCH 75 (1.478 seconds):
INFO:root:COST >> 1.3132 +/- 0.0686, % updates: 49.973%
INFO:root:-- EPOCH 76 (1.466 seconds):
INFO:root:COST >> 1.3113 +/- 0.0752, % updates: 49.989%
INFO:root:-- EPOCH 77 (1.532 seconds):
INFO:root:COST >> 1.3117 +/- 0.0673, % updates: 49.836%
INFO:root:-- EPOCH 78 (1.467 seconds):
INFO:root:COST >> 1.3116 +/- 0.0686, % updates: 50.018%
INFO:root:-- EPOCH 79 (1.472 seconds):
INFO:root:COST >> 1.3151 +/- 0.0702, % updates: 50.015%
INFO:root:-- EPOCH 80 (1.492 seconds):
INFO:root:COST >> 1.3138 +/- 0.066, % updates: 49.964%
INFO:root:-- EPOCH 81 (1.489 seconds):
INFO:root:COST >> 1.3119 +/- 0.0631, % updates: 49.905%
INFO:root:-- EPOCH 82 (1.478 seconds):
INFO:root:COST >> 1.3159 +/- 0.0677, % updates: 50.111%
INFO:root:-- EPOCH 83 (1.474 seconds):
INFO:root:COST >> 1.3111 +/- 0.0704, % updates: 49.84%
INFO:root:-- EPOCH 84 (1.476 seconds):
INFO:root:COST >> 1.3138 +/- 0.0664, % updates: 49.945%
INFO:root:-- EPOCH 85 (1.491 seconds):
INFO:root:COST >> 1.3122 +/- 0.073, % updates: 49.916%
INFO:root:-- EPOCH 86 (1.465 seconds):
INFO:root:COST >> 1.3149 +/- 0.0665, % updates: 49.946%
INFO:root:-- EPOCH 87 (1.484 seconds):
INFO:root:COST >> 1.3116 +/- 0.0715, % updates: 49.863%
INFO:root:-- EPOCH 88 (1.465 seconds):
INFO:root:COST >> 1.3143 +/- 0.0685, % updates: 49.981%
INFO:root:-- EPOCH 89 (1.497 seconds):
INFO:root:COST >> 1.312 +/- 0.0695, % updates: 49.913%
INFO:root:-- EPOCH 90 (1.501 seconds):
INFO:root:COST >> 1.3092 +/- 0.0657, % updates: 49.905%
INFO:root:-- EPOCH 91 (1.518 seconds):
INFO:root:COST >> 1.315 +/- 0.0722, % updates: 49.862%
INFO:root:-- EPOCH 92 (1.519 seconds):
INFO:root:COST >> 1.312 +/- 0.0673, % updates: 49.916%
INFO:root:-- EPOCH 93 (1.511 seconds):
INFO:root:COST >> 1.3163 +/- 0.0662, % updates: 49.937%
INFO:root:-- EPOCH 94 (1.514 seconds):
INFO:root:COST >> 1.311 +/- 0.0726, % updates: 49.922%
INFO:root:-- EPOCH 95 (1.512 seconds):
INFO:root:COST >> 1.3125 +/- 0.0706, % updates: 49.999%
INFO:root:-- EPOCH 96 (1.512 seconds):
INFO:root:COST >> 1.3142 +/- 0.067, % updates: 50.035%
INFO:root:-- EPOCH 97 (1.515 seconds):
INFO:root:COST >> 1.3153 +/- 0.0675, % updates: 49.928%
INFO:root:-- EPOCH 98 (1.479 seconds):
INFO:root:COST >> 1.3128 +/- 0.0661, % updates: 49.889%
INFO:root:-- EPOCH 99 (1.494 seconds):
INFO:root:COST >> 1.3128 +/- 0.0691, % updates: 49.866%
INFO:root:-- EPOCH 100 (1.498 seconds):
INFO:root:COST >> 1.31 +/- 0.0706, % updates: 49.802%
