INFO:root:Shape for training set: (40961, 141442)
INFO:root:State: {'ndim': '20', 'test_all': 'None', 'test_path': 'None', 'nhid': '50', 'lremb': '0.01', 'seed': '2', 'simfn': 'L1', 'valid_path': 'None', 'nbatches': '10', 'lrparam': '0.01', 'decay': '0.9999', 'show_hinton_diagrams': 'False', 'no_rescaling': 'True', 'Nrel': '18', 'ranking_score_right': 'False', 'Nent': '40961', 'Nsyn': '40943', 'method': 'MOMENTUM', 'loss_margin': '1.0', 'C': '1.0', 'epsilon': '1e-06', 'use_db': 'True', 'max_lr': 'None', 'l1_param_weight': 'None', 'filtered': 'False', 'name': 'wn_opt/wn_MOMENTUM_202', 'totepochs': '100', 'l2_param_weight': 'None', 'train_path': 'data/wn/WN-train.pkl', 'op': 'TransE'}
INFO:root:Starting the Experiment ..
INFO:root:-- EPOCH 1 (1.51 seconds):
INFO:root:COST >> 2.1291 +/- 0.1012, % updates: 69.324%
INFO:root:-- EPOCH 2 (1.46 seconds):
INFO:root:COST >> 1.8466 +/- 0.1151, % updates: 52.837%
INFO:root:-- EPOCH 3 (1.499 seconds):
INFO:root:COST >> 1.7784 +/- 0.0903, % updates: 47.932%
INFO:root:-- EPOCH 4 (1.488 seconds):
INFO:root:COST >> 1.7387 +/- 0.0873, % updates: 46.984%
INFO:root:-- EPOCH 5 (1.527 seconds):
INFO:root:COST >> 1.7045 +/- 0.0998, % updates: 46.517%
INFO:root:-- EPOCH 6 (1.462 seconds):
INFO:root:COST >> 1.6921 +/- 0.0911, % updates: 46.42%
INFO:root:-- EPOCH 7 (1.471 seconds):
INFO:root:COST >> 1.6821 +/- 0.1066, % updates: 46.145%
INFO:root:-- EPOCH 8 (1.478 seconds):
INFO:root:COST >> 1.663 +/- 0.0988, % updates: 45.933%
INFO:root:-- EPOCH 9 (1.517 seconds):
INFO:root:COST >> 1.6538 +/- 0.0924, % updates: 46.079%
INFO:root:-- EPOCH 10 (1.46 seconds):
INFO:root:COST >> 1.6509 +/- 0.0887, % updates: 45.918%
INFO:root:-- EPOCH 11 (1.456 seconds):
INFO:root:COST >> 1.6491 +/- 0.0945, % updates: 45.905%
INFO:root:-- EPOCH 12 (1.453 seconds):
INFO:root:COST >> 1.6434 +/- 0.0876, % updates: 45.815%
INFO:root:-- EPOCH 13 (1.454 seconds):
INFO:root:COST >> 1.636 +/- 0.1002, % updates: 45.77%
INFO:root:-- EPOCH 14 (1.325 seconds):
INFO:root:COST >> 1.6308 +/- 0.0886, % updates: 45.875%
INFO:root:-- EPOCH 15 (1.497 seconds):
INFO:root:COST >> 1.6283 +/- 0.0906, % updates: 45.734%
INFO:root:-- EPOCH 16 (1.48 seconds):
INFO:root:COST >> 1.6228 +/- 0.0854, % updates: 45.778%
INFO:root:-- EPOCH 17 (1.288 seconds):
INFO:root:COST >> 1.627 +/- 0.0979, % updates: 45.931%
INFO:root:-- EPOCH 18 (1.256 seconds):
INFO:root:COST >> 1.6213 +/- 0.0933, % updates: 45.742%
INFO:root:-- EPOCH 19 (1.499 seconds):
INFO:root:COST >> 1.6155 +/- 0.0937, % updates: 45.778%
INFO:root:-- EPOCH 20 (1.468 seconds):
INFO:root:COST >> 1.6185 +/- 0.0894, % updates: 45.765%
INFO:root:-- EPOCH 21 (1.499 seconds):
INFO:root:COST >> 1.6111 +/- 0.0907, % updates: 45.715%
INFO:root:-- EPOCH 22 (1.505 seconds):
INFO:root:COST >> 1.612 +/- 0.1039, % updates: 45.712%
INFO:root:-- EPOCH 23 (1.529 seconds):
INFO:root:COST >> 1.6145 +/- 0.094, % updates: 45.861%
INFO:root:-- EPOCH 24 (1.495 seconds):
INFO:root:COST >> 1.6109 +/- 0.0976, % updates: 45.829%
INFO:root:-- EPOCH 25 (1.491 seconds):
INFO:root:COST >> 1.6059 +/- 0.0896, % updates: 45.708%
INFO:root:-- EPOCH 26 (1.484 seconds):
INFO:root:COST >> 1.6007 +/- 0.0919, % updates: 45.702%
INFO:root:-- EPOCH 27 (1.524 seconds):
INFO:root:COST >> 1.6 +/- 0.0953, % updates: 45.635%
INFO:root:-- EPOCH 28 (1.516 seconds):
INFO:root:COST >> 1.5989 +/- 0.0882, % updates: 45.684%
INFO:root:-- EPOCH 29 (1.491 seconds):
INFO:root:COST >> 1.5994 +/- 0.0908, % updates: 45.745%
INFO:root:-- EPOCH 30 (1.495 seconds):
INFO:root:COST >> 1.6019 +/- 0.0978, % updates: 45.716%
INFO:root:-- EPOCH 31 (1.492 seconds):
INFO:root:COST >> 1.5979 +/- 0.0869, % updates: 45.732%
INFO:root:-- EPOCH 32 (1.491 seconds):
INFO:root:COST >> 1.5963 +/- 0.1023, % updates: 45.819%
INFO:root:-- EPOCH 33 (1.486 seconds):
INFO:root:COST >> 1.5918 +/- 0.0943, % updates: 45.695%
INFO:root:-- EPOCH 34 (1.531 seconds):
INFO:root:COST >> 1.5911 +/- 0.0938, % updates: 45.698%
INFO:root:-- EPOCH 35 (1.485 seconds):
INFO:root:COST >> 1.5936 +/- 0.0903, % updates: 45.796%
INFO:root:-- EPOCH 36 (1.532 seconds):
INFO:root:COST >> 1.5927 +/- 0.0954, % updates: 45.799%
INFO:root:-- EPOCH 37 (1.49 seconds):
INFO:root:COST >> 1.5905 +/- 0.1013, % updates: 45.746%
INFO:root:-- EPOCH 38 (1.532 seconds):
INFO:root:COST >> 1.5876 +/- 0.0972, % updates: 45.646%
INFO:root:-- EPOCH 39 (1.504 seconds):
INFO:root:COST >> 1.5887 +/- 0.087, % updates: 45.808%
INFO:root:-- EPOCH 40 (1.49 seconds):
INFO:root:COST >> 1.5843 +/- 0.0868, % updates: 45.849%
INFO:root:-- EPOCH 41 (1.502 seconds):
INFO:root:COST >> 1.5859 +/- 0.089, % updates: 45.825%
INFO:root:-- EPOCH 42 (1.474 seconds):
INFO:root:COST >> 1.5845 +/- 0.0887, % updates: 45.657%
INFO:root:-- EPOCH 43 (1.495 seconds):
INFO:root:COST >> 1.5825 +/- 0.0905, % updates: 45.652%
INFO:root:-- EPOCH 44 (1.496 seconds):
INFO:root:COST >> 1.5901 +/- 0.0867, % updates: 45.8%
INFO:root:-- EPOCH 45 (1.481 seconds):
INFO:root:COST >> 1.5883 +/- 0.099, % updates: 45.771%
INFO:root:-- EPOCH 46 (1.467 seconds):
INFO:root:COST >> 1.5799 +/- 0.1002, % updates: 45.678%
INFO:root:-- EPOCH 47 (1.503 seconds):
INFO:root:COST >> 1.5788 +/- 0.091, % updates: 45.714%
INFO:root:-- EPOCH 48 (1.511 seconds):
INFO:root:COST >> 1.5801 +/- 0.0905, % updates: 45.645%
INFO:root:-- EPOCH 49 (1.489 seconds):
INFO:root:COST >> 1.5786 +/- 0.0974, % updates: 45.818%
INFO:root:-- EPOCH 50 (1.509 seconds):
INFO:root:COST >> 1.5731 +/- 0.0988, % updates: 45.76%
INFO:root:-- EPOCH 51 (1.5 seconds):
INFO:root:COST >> 1.578 +/- 0.0908, % updates: 45.771%
INFO:root:-- EPOCH 52 (1.483 seconds):
INFO:root:COST >> 1.5761 +/- 0.0905, % updates: 45.763%
INFO:root:-- EPOCH 53 (1.472 seconds):
INFO:root:COST >> 1.5719 +/- 0.093, % updates: 45.783%
INFO:root:-- EPOCH 54 (1.495 seconds):
INFO:root:COST >> 1.5716 +/- 0.0854, % updates: 45.713%
INFO:root:-- EPOCH 55 (1.466 seconds):
INFO:root:COST >> 1.5724 +/- 0.0906, % updates: 45.677%
INFO:root:-- EPOCH 56 (1.492 seconds):
INFO:root:COST >> 1.5749 +/- 0.084, % updates: 45.792%
INFO:root:-- EPOCH 57 (1.494 seconds):
INFO:root:COST >> 1.57 +/- 0.0851, % updates: 45.678%
INFO:root:-- EPOCH 58 (1.486 seconds):
INFO:root:COST >> 1.572 +/- 0.0945, % updates: 45.825%
INFO:root:-- EPOCH 59 (1.494 seconds):
INFO:root:COST >> 1.5746 +/- 0.0876, % updates: 45.95%
INFO:root:-- EPOCH 60 (1.465 seconds):
INFO:root:COST >> 1.5696 +/- 0.1036, % updates: 45.721%
INFO:root:-- EPOCH 61 (1.478 seconds):
INFO:root:COST >> 1.5632 +/- 0.0874, % updates: 45.532%
INFO:root:-- EPOCH 62 (1.483 seconds):
INFO:root:COST >> 1.5682 +/- 0.0947, % updates: 45.627%
INFO:root:-- EPOCH 63 (1.464 seconds):
INFO:root:COST >> 1.5717 +/- 0.0941, % updates: 45.757%
INFO:root:-- EPOCH 64 (1.481 seconds):
INFO:root:COST >> 1.5668 +/- 0.09, % updates: 45.809%
INFO:root:-- EPOCH 65 (1.497 seconds):
INFO:root:COST >> 1.5746 +/- 0.0948, % updates: 45.828%
INFO:root:-- EPOCH 66 (1.54 seconds):
INFO:root:COST >> 1.5643 +/- 0.0959, % updates: 45.749%
INFO:root:-- EPOCH 67 (1.495 seconds):
INFO:root:COST >> 1.5627 +/- 0.0879, % updates: 45.796%
INFO:root:-- EPOCH 68 (1.483 seconds):
INFO:root:COST >> 1.5634 +/- 0.0938, % updates: 45.673%
INFO:root:-- EPOCH 69 (1.468 seconds):
INFO:root:COST >> 1.5676 +/- 0.0864, % updates: 45.785%
INFO:root:-- EPOCH 70 (1.494 seconds):
INFO:root:COST >> 1.564 +/- 0.0953, % updates: 45.665%
INFO:root:-- EPOCH 71 (1.517 seconds):
INFO:root:COST >> 1.5583 +/- 0.0876, % updates: 45.656%
INFO:root:-- EPOCH 72 (1.494 seconds):
INFO:root:COST >> 1.5665 +/- 0.0899, % updates: 45.728%
INFO:root:-- EPOCH 73 (1.493 seconds):
INFO:root:COST >> 1.5586 +/- 0.0894, % updates: 45.744%
INFO:root:-- EPOCH 74 (1.492 seconds):
INFO:root:COST >> 1.5606 +/- 0.0933, % updates: 45.607%
INFO:root:-- EPOCH 75 (1.462 seconds):
INFO:root:COST >> 1.5618 +/- 0.0873, % updates: 45.682%
INFO:root:-- EPOCH 76 (1.497 seconds):
INFO:root:COST >> 1.5637 +/- 0.0914, % updates: 45.887%
INFO:root:-- EPOCH 77 (1.48 seconds):
INFO:root:COST >> 1.5615 +/- 0.0917, % updates: 45.717%
INFO:root:-- EPOCH 78 (1.47 seconds):
INFO:root:COST >> 1.5633 +/- 0.0897, % updates: 45.8%
INFO:root:-- EPOCH 79 (1.476 seconds):
INFO:root:COST >> 1.5734 +/- 0.0922, % updates: 45.986%
INFO:root:-- EPOCH 80 (1.525 seconds):
INFO:root:COST >> 1.5632 +/- 0.0902, % updates: 45.784%
INFO:root:-- EPOCH 81 (1.491 seconds):
INFO:root:COST >> 1.5626 +/- 0.0921, % updates: 45.838%
INFO:root:-- EPOCH 82 (1.468 seconds):
INFO:root:COST >> 1.5585 +/- 0.0845, % updates: 45.708%
INFO:root:-- EPOCH 83 (1.49 seconds):
INFO:root:COST >> 1.5613 +/- 0.0895, % updates: 45.872%
INFO:root:-- EPOCH 84 (1.467 seconds):
INFO:root:COST >> 1.5629 +/- 0.0891, % updates: 45.807%
INFO:root:-- EPOCH 85 (1.471 seconds):
INFO:root:COST >> 1.5605 +/- 0.095, % updates: 45.748%
INFO:root:-- EPOCH 86 (1.489 seconds):
INFO:root:COST >> 1.5671 +/- 0.0853, % updates: 45.888%
INFO:root:-- EPOCH 87 (1.499 seconds):
INFO:root:COST >> 1.5564 +/- 0.0921, % updates: 45.709%
INFO:root:-- EPOCH 88 (1.504 seconds):
INFO:root:COST >> 1.5549 +/- 0.0872, % updates: 45.697%
INFO:root:-- EPOCH 89 (1.523 seconds):
INFO:root:COST >> 1.561 +/- 0.0911, % updates: 45.78%
INFO:root:-- EPOCH 90 (1.459 seconds):
INFO:root:COST >> 1.5564 +/- 0.0909, % updates: 45.848%
INFO:root:-- EPOCH 91 (1.474 seconds):
INFO:root:COST >> 1.5585 +/- 0.0899, % updates: 45.736%
INFO:root:-- EPOCH 92 (1.484 seconds):
INFO:root:COST >> 1.5571 +/- 0.0926, % updates: 45.905%
INFO:root:-- EPOCH 93 (1.486 seconds):
INFO:root:COST >> 1.5554 +/- 0.0843, % updates: 45.875%
INFO:root:-- EPOCH 94 (1.481 seconds):
INFO:root:COST >> 1.556 +/- 0.0888, % updates: 45.841%
INFO:root:-- EPOCH 95 (1.49 seconds):
INFO:root:COST >> 1.5559 +/- 0.0921, % updates: 45.818%
INFO:root:-- EPOCH 96 (1.484 seconds):
INFO:root:COST >> 1.5535 +/- 0.0858, % updates: 45.752%
INFO:root:-- EPOCH 97 (1.497 seconds):
INFO:root:COST >> 1.5554 +/- 0.0967, % updates: 45.799%
INFO:root:-- EPOCH 98 (1.478 seconds):
INFO:root:COST >> 1.5565 +/- 0.087, % updates: 45.875%
INFO:root:-- EPOCH 99 (1.482 seconds):
INFO:root:COST >> 1.5578 +/- 0.0877, % updates: 45.933%
INFO:root:-- EPOCH 100 (1.475 seconds):
INFO:root:COST >> 1.56 +/- 0.0845, % updates: 45.909%
