INFO:root:Shape for training set: (40961, 141442)
INFO:root:State: {'ndim': '20', 'test_all': 'None', 'test_path': 'None', 'nhid': '50', 'lremb': '1.0', 'seed': '0', 'simfn': 'L1', 'valid_path': 'None', 'nbatches': '10', 'lrparam': '1.0', 'decay': '0.999', 'show_hinton_diagrams': 'False', 'no_rescaling': 'True', 'Nrel': '18', 'ranking_score_right': 'False', 'Nent': '40961', 'Nsyn': '40943', 'method': 'MOMENTUM', 'loss_margin': '1.0', 'C': '1.0', 'epsilon': '1e-06', 'use_db': 'True', 'max_lr': 'None', 'l1_param_weight': 'None', 'filtered': 'False', 'name': 'wn_opt/wn_MOMENTUM_310', 'totepochs': '100', 'l2_param_weight': 'None', 'train_path': 'data/wn/WN-train.pkl', 'op': 'TransE'}
INFO:root:Starting the Experiment ..
INFO:root:-- EPOCH 1 (1.468 seconds):
INFO:root:COST >> 2.7103 +/- 0.2123, % updates: 64.19%
INFO:root:-- EPOCH 2 (1.504 seconds):
INFO:root:COST >> 2.3855 +/- 0.1861, % updates: 52.041%
INFO:root:-- EPOCH 3 (1.507 seconds):
INFO:root:COST >> 2.2392 +/- 0.1999, % updates: 50.01%
INFO:root:-- EPOCH 4 (1.529 seconds):
INFO:root:COST >> 2.167 +/- 0.1793, % updates: 49.184%
INFO:root:-- EPOCH 5 (1.48 seconds):
INFO:root:COST >> 2.1179 +/- 0.1868, % updates: 48.643%
INFO:root:-- EPOCH 6 (1.537 seconds):
INFO:root:COST >> 2.088 +/- 0.1945, % updates: 48.276%
INFO:root:-- EPOCH 7 (1.479 seconds):
INFO:root:COST >> 2.0617 +/- 0.1901, % updates: 48.124%
INFO:root:-- EPOCH 8 (1.493 seconds):
INFO:root:COST >> 2.0488 +/- 0.1806, % updates: 47.992%
INFO:root:-- EPOCH 9 (1.496 seconds):
INFO:root:COST >> 2.0224 +/- 0.1839, % updates: 47.787%
INFO:root:-- EPOCH 10 (1.48 seconds):
INFO:root:COST >> 2.0135 +/- 0.1739, % updates: 47.788%
INFO:root:-- EPOCH 11 (1.499 seconds):
INFO:root:COST >> 1.9994 +/- 0.1783, % updates: 47.764%
INFO:root:-- EPOCH 12 (1.488 seconds):
INFO:root:COST >> 1.9904 +/- 0.1652, % updates: 47.601%
INFO:root:-- EPOCH 13 (1.416 seconds):
INFO:root:COST >> 1.9755 +/- 0.1728, % updates: 47.523%
INFO:root:-- EPOCH 14 (1.133 seconds):
INFO:root:COST >> 1.9698 +/- 0.1611, % updates: 47.398%
INFO:root:-- EPOCH 15 (1.178 seconds):
INFO:root:COST >> 1.9676 +/- 0.177, % updates: 47.511%
INFO:root:-- EPOCH 16 (1.181 seconds):
INFO:root:COST >> 1.9539 +/- 0.1806, % updates: 47.406%
INFO:root:-- EPOCH 17 (1.46 seconds):
INFO:root:COST >> 1.9501 +/- 0.1737, % updates: 47.345%
INFO:root:-- EPOCH 18 (1.508 seconds):
INFO:root:COST >> 1.9464 +/- 0.1754, % updates: 47.401%
INFO:root:-- EPOCH 19 (1.501 seconds):
INFO:root:COST >> 1.9463 +/- 0.162, % updates: 47.335%
INFO:root:-- EPOCH 20 (1.487 seconds):
INFO:root:COST >> 1.9357 +/- 0.1629, % updates: 47.272%
INFO:root:-- EPOCH 21 (1.523 seconds):
INFO:root:COST >> 1.9337 +/- 0.1625, % updates: 47.113%
INFO:root:-- EPOCH 22 (1.498 seconds):
INFO:root:COST >> 1.9323 +/- 0.1715, % updates: 47.2%
INFO:root:-- EPOCH 23 (1.494 seconds):
INFO:root:COST >> 1.9219 +/- 0.1622, % updates: 47.147%
INFO:root:-- EPOCH 24 (1.485 seconds):
INFO:root:COST >> 1.915 +/- 0.1633, % updates: 47.056%
INFO:root:-- EPOCH 25 (1.486 seconds):
INFO:root:COST >> 1.9125 +/- 0.1718, % updates: 47.103%
INFO:root:-- EPOCH 26 (1.496 seconds):
INFO:root:COST >> 1.9179 +/- 0.1684, % updates: 47.185%
INFO:root:-- EPOCH 27 (1.506 seconds):
INFO:root:COST >> 1.9177 +/- 0.1709, % updates: 47.204%
INFO:root:-- EPOCH 28 (1.497 seconds):
INFO:root:COST >> 1.915 +/- 0.1654, % updates: 47.088%
INFO:root:-- EPOCH 29 (1.486 seconds):
INFO:root:COST >> 1.9126 +/- 0.1593, % updates: 47.163%
INFO:root:-- EPOCH 30 (1.488 seconds):
INFO:root:COST >> 1.907 +/- 0.1609, % updates: 47.178%
INFO:root:-- EPOCH 31 (1.498 seconds):
INFO:root:COST >> 1.9035 +/- 0.1629, % updates: 47.222%
INFO:root:-- EPOCH 32 (1.547 seconds):
INFO:root:COST >> 1.9011 +/- 0.1729, % updates: 47.053%
INFO:root:-- EPOCH 33 (1.496 seconds):
INFO:root:COST >> 1.8973 +/- 0.1621, % updates: 47.045%
INFO:root:-- EPOCH 34 (1.515 seconds):
INFO:root:COST >> 1.9047 +/- 0.1685, % updates: 46.945%
INFO:root:-- EPOCH 35 (1.564 seconds):
INFO:root:COST >> 1.8954 +/- 0.1638, % updates: 47.013%
INFO:root:-- EPOCH 36 (1.573 seconds):
INFO:root:COST >> 1.8976 +/- 0.1596, % updates: 47.056%
INFO:root:-- EPOCH 37 (1.483 seconds):
INFO:root:COST >> 1.9044 +/- 0.1678, % updates: 47.187%
INFO:root:-- EPOCH 38 (1.497 seconds):
INFO:root:COST >> 1.8952 +/- 0.1636, % updates: 47.04%
INFO:root:-- EPOCH 39 (1.488 seconds):
INFO:root:COST >> 1.8941 +/- 0.1618, % updates: 46.981%
INFO:root:-- EPOCH 40 (1.496 seconds):
INFO:root:COST >> 1.8932 +/- 0.1642, % updates: 47.019%
INFO:root:-- EPOCH 41 (1.54 seconds):
INFO:root:COST >> 1.8938 +/- 0.1541, % updates: 47.04%
INFO:root:-- EPOCH 42 (1.517 seconds):
INFO:root:COST >> 1.8901 +/- 0.1613, % updates: 47.023%
INFO:root:-- EPOCH 43 (1.503 seconds):
INFO:root:COST >> 1.8932 +/- 0.1599, % updates: 46.954%
INFO:root:-- EPOCH 44 (1.524 seconds):
INFO:root:COST >> 1.8942 +/- 0.1614, % updates: 47.114%
INFO:root:-- EPOCH 45 (1.474 seconds):
INFO:root:COST >> 1.8854 +/- 0.1595, % updates: 47.038%
INFO:root:-- EPOCH 46 (1.5 seconds):
INFO:root:COST >> 1.8813 +/- 0.1538, % updates: 46.908%
INFO:root:-- EPOCH 47 (1.497 seconds):
INFO:root:COST >> 1.8859 +/- 0.1686, % updates: 47.014%
INFO:root:-- EPOCH 48 (1.497 seconds):
INFO:root:COST >> 1.8865 +/- 0.1641, % updates: 47.016%
INFO:root:-- EPOCH 49 (1.497 seconds):
INFO:root:COST >> 1.8863 +/- 0.1632, % updates: 46.969%
INFO:root:-- EPOCH 50 (1.489 seconds):
INFO:root:COST >> 1.8872 +/- 0.158, % updates: 47.087%
INFO:root:-- EPOCH 51 (1.511 seconds):
INFO:root:COST >> 1.8789 +/- 0.1669, % updates: 46.895%
INFO:root:-- EPOCH 52 (1.476 seconds):
INFO:root:COST >> 1.8865 +/- 0.1763, % updates: 47.036%
INFO:root:-- EPOCH 53 (1.48 seconds):
INFO:root:COST >> 1.8776 +/- 0.1622, % updates: 46.891%
INFO:root:-- EPOCH 54 (1.478 seconds):
INFO:root:COST >> 1.8833 +/- 0.1687, % updates: 46.938%
INFO:root:-- EPOCH 55 (1.492 seconds):
INFO:root:COST >> 1.883 +/- 0.1603, % updates: 47.069%
INFO:root:-- EPOCH 56 (1.51 seconds):
INFO:root:COST >> 1.8868 +/- 0.159, % updates: 47.126%
INFO:root:-- EPOCH 57 (1.504 seconds):
INFO:root:COST >> 1.8856 +/- 0.1641, % updates: 47.075%
INFO:root:-- EPOCH 58 (1.477 seconds):
INFO:root:COST >> 1.8823 +/- 0.1612, % updates: 46.986%
INFO:root:-- EPOCH 59 (1.473 seconds):
INFO:root:COST >> 1.8791 +/- 0.1625, % updates: 46.945%
INFO:root:-- EPOCH 60 (1.474 seconds):
INFO:root:COST >> 1.8765 +/- 0.1641, % updates: 46.936%
INFO:root:-- EPOCH 61 (1.472 seconds):
INFO:root:COST >> 1.8736 +/- 0.1556, % updates: 46.887%
INFO:root:-- EPOCH 62 (1.482 seconds):
INFO:root:COST >> 1.8776 +/- 0.1548, % updates: 46.898%
INFO:root:-- EPOCH 63 (1.482 seconds):
INFO:root:COST >> 1.8747 +/- 0.1523, % updates: 46.99%
INFO:root:-- EPOCH 64 (1.507 seconds):
INFO:root:COST >> 1.8762 +/- 0.1588, % updates: 46.986%
INFO:root:-- EPOCH 65 (1.534 seconds):
INFO:root:COST >> 1.8732 +/- 0.1609, % updates: 46.872%
INFO:root:-- EPOCH 66 (1.482 seconds):
INFO:root:COST >> 1.8795 +/- 0.1641, % updates: 46.999%
INFO:root:-- EPOCH 67 (1.487 seconds):
INFO:root:COST >> 1.8705 +/- 0.1569, % updates: 46.945%
INFO:root:-- EPOCH 68 (1.451 seconds):
INFO:root:COST >> 1.8772 +/- 0.1588, % updates: 46.962%
INFO:root:-- EPOCH 69 (1.496 seconds):
INFO:root:COST >> 1.8761 +/- 0.1566, % updates: 46.896%
INFO:root:-- EPOCH 70 (1.474 seconds):
INFO:root:COST >> 1.8746 +/- 0.1624, % updates: 46.891%
INFO:root:-- EPOCH 71 (1.472 seconds):
INFO:root:COST >> 1.8785 +/- 0.1606, % updates: 46.897%
INFO:root:-- EPOCH 72 (1.473 seconds):
INFO:root:COST >> 1.8702 +/- 0.1565, % updates: 46.845%
INFO:root:-- EPOCH 73 (1.484 seconds):
INFO:root:COST >> 1.8782 +/- 0.1647, % updates: 46.931%
INFO:root:-- EPOCH 74 (1.526 seconds):
INFO:root:COST >> 1.8743 +/- 0.1589, % updates: 46.871%
INFO:root:-- EPOCH 75 (1.498 seconds):
INFO:root:COST >> 1.8718 +/- 0.1551, % updates: 46.763%
INFO:root:-- EPOCH 76 (1.462 seconds):
INFO:root:COST >> 1.8677 +/- 0.164, % updates: 46.834%
INFO:root:-- EPOCH 77 (1.512 seconds):
INFO:root:COST >> 1.8699 +/- 0.1589, % updates: 46.929%
INFO:root:-- EPOCH 78 (1.527 seconds):
INFO:root:COST >> 1.8733 +/- 0.16, % updates: 46.765%
INFO:root:-- EPOCH 79 (1.479 seconds):
INFO:root:COST >> 1.8715 +/- 0.1567, % updates: 46.835%
INFO:root:-- EPOCH 80 (1.464 seconds):
INFO:root:COST >> 1.8746 +/- 0.1555, % updates: 46.855%
INFO:root:-- EPOCH 81 (1.476 seconds):
INFO:root:COST >> 1.8705 +/- 0.1527, % updates: 46.859%
INFO:root:-- EPOCH 82 (1.479 seconds):
INFO:root:COST >> 1.8759 +/- 0.157, % updates: 47.044%
INFO:root:-- EPOCH 83 (1.486 seconds):
INFO:root:COST >> 1.8704 +/- 0.1638, % updates: 46.849%
INFO:root:-- EPOCH 84 (1.487 seconds):
INFO:root:COST >> 1.8794 +/- 0.151, % updates: 47.042%
INFO:root:-- EPOCH 85 (1.495 seconds):
INFO:root:COST >> 1.8684 +/- 0.1681, % updates: 46.841%
INFO:root:-- EPOCH 86 (1.508 seconds):
INFO:root:COST >> 1.8741 +/- 0.1557, % updates: 46.933%
INFO:root:-- EPOCH 87 (1.483 seconds):
INFO:root:COST >> 1.8741 +/- 0.1625, % updates: 46.904%
INFO:root:-- EPOCH 88 (1.478 seconds):
INFO:root:COST >> 1.8722 +/- 0.1582, % updates: 46.857%
INFO:root:-- EPOCH 89 (1.512 seconds):
INFO:root:COST >> 1.8664 +/- 0.1575, % updates: 46.835%
INFO:root:-- EPOCH 90 (1.549 seconds):
INFO:root:COST >> 1.8684 +/- 0.1614, % updates: 46.794%
INFO:root:-- EPOCH 91 (1.502 seconds):
INFO:root:COST >> 1.8714 +/- 0.1657, % updates: 46.898%
INFO:root:-- EPOCH 92 (1.499 seconds):
INFO:root:COST >> 1.8686 +/- 0.149, % updates: 46.89%
INFO:root:-- EPOCH 93 (1.534 seconds):
INFO:root:COST >> 1.8756 +/- 0.1529, % updates: 46.943%
INFO:root:-- EPOCH 94 (1.529 seconds):
INFO:root:COST >> 1.8668 +/- 0.1604, % updates: 46.959%
INFO:root:-- EPOCH 95 (1.478 seconds):
INFO:root:COST >> 1.8716 +/- 0.1579, % updates: 46.865%
INFO:root:-- EPOCH 96 (1.487 seconds):
INFO:root:COST >> 1.8653 +/- 0.1499, % updates: 46.891%
INFO:root:-- EPOCH 97 (1.482 seconds):
INFO:root:COST >> 1.8716 +/- 0.1583, % updates: 46.846%
INFO:root:-- EPOCH 98 (1.515 seconds):
INFO:root:COST >> 1.8704 +/- 0.1549, % updates: 46.821%
INFO:root:-- EPOCH 99 (1.481 seconds):
INFO:root:COST >> 1.8703 +/- 0.1665, % updates: 46.853%
INFO:root:-- EPOCH 100 (1.52 seconds):
INFO:root:COST >> 1.8659 +/- 0.1643, % updates: 46.875%
