INFO:root:Shape for training set: (40961, 141442)
INFO:root:State: {'ndim': '20', 'test_all': 'None', 'test_path': 'None', 'nhid': '50', 'lremb': '0.01', 'seed': '3', 'simfn': 'L1', 'valid_path': 'None', 'nbatches': '10', 'lrparam': '0.01', 'decay': '0.9999', 'show_hinton_diagrams': 'False', 'no_rescaling': 'True', 'Nrel': '18', 'ranking_score_right': 'False', 'Nent': '40961', 'Nsyn': '40943', 'method': 'MOMENTUM', 'loss_margin': '1.0', 'C': '1.0', 'epsilon': '1e-06', 'use_db': 'True', 'max_lr': 'None', 'l1_param_weight': 'None', 'filtered': 'False', 'name': 'wn_opt/wn_MOMENTUM_203', 'totepochs': '100', 'l2_param_weight': 'None', 'train_path': 'data/wn/WN-train.pkl', 'op': 'TransE'}
INFO:root:Starting the Experiment ..
INFO:root:-- EPOCH 1 (1.522 seconds):
INFO:root:COST >> 2.1058 +/- 0.102, % updates: 69.163%
INFO:root:-- EPOCH 2 (1.506 seconds):
INFO:root:COST >> 1.8644 +/- 0.1156, % updates: 52.455%
INFO:root:-- EPOCH 3 (1.514 seconds):
INFO:root:COST >> 1.7913 +/- 0.0882, % updates: 48.392%
INFO:root:-- EPOCH 4 (1.527 seconds):
INFO:root:COST >> 1.7415 +/- 0.0922, % updates: 47.604%
INFO:root:-- EPOCH 5 (1.509 seconds):
INFO:root:COST >> 1.7111 +/- 0.089, % updates: 47.231%
INFO:root:-- EPOCH 6 (1.482 seconds):
INFO:root:COST >> 1.6898 +/- 0.1021, % updates: 46.888%
INFO:root:-- EPOCH 7 (1.498 seconds):
INFO:root:COST >> 1.678 +/- 0.099, % updates: 46.837%
INFO:root:-- EPOCH 8 (1.523 seconds):
INFO:root:COST >> 1.6661 +/- 0.0904, % updates: 46.678%
INFO:root:-- EPOCH 9 (1.527 seconds):
INFO:root:COST >> 1.6623 +/- 0.0937, % updates: 46.509%
INFO:root:-- EPOCH 10 (1.503 seconds):
INFO:root:COST >> 1.6528 +/- 0.1029, % updates: 46.453%
INFO:root:-- EPOCH 11 (1.501 seconds):
INFO:root:COST >> 1.651 +/- 0.0967, % updates: 46.419%
INFO:root:-- EPOCH 12 (1.505 seconds):
INFO:root:COST >> 1.6387 +/- 0.0837, % updates: 46.429%
INFO:root:-- EPOCH 13 (1.522 seconds):
INFO:root:COST >> 1.6329 +/- 0.1007, % updates: 46.307%
INFO:root:-- EPOCH 14 (1.5 seconds):
INFO:root:COST >> 1.6338 +/- 0.0895, % updates: 46.321%
INFO:root:-- EPOCH 15 (1.489 seconds):
INFO:root:COST >> 1.6197 +/- 0.1004, % updates: 46.172%
INFO:root:-- EPOCH 16 (1.496 seconds):
INFO:root:COST >> 1.6273 +/- 0.0855, % updates: 46.455%
INFO:root:-- EPOCH 17 (1.495 seconds):
INFO:root:COST >> 1.6207 +/- 0.0886, % updates: 46.304%
INFO:root:-- EPOCH 18 (1.484 seconds):
INFO:root:COST >> 1.6139 +/- 0.0941, % updates: 46.274%
INFO:root:-- EPOCH 19 (1.491 seconds):
INFO:root:COST >> 1.6072 +/- 0.1012, % updates: 46.136%
INFO:root:-- EPOCH 20 (1.467 seconds):
INFO:root:COST >> 1.613 +/- 0.0968, % updates: 46.32%
INFO:root:-- EPOCH 21 (1.48 seconds):
INFO:root:COST >> 1.6078 +/- 0.0882, % updates: 46.275%
INFO:root:-- EPOCH 22 (1.501 seconds):
INFO:root:COST >> 1.6048 +/- 0.0962, % updates: 46.178%
INFO:root:-- EPOCH 23 (1.49 seconds):
INFO:root:COST >> 1.6031 +/- 0.0982, % updates: 46.171%
INFO:root:-- EPOCH 24 (1.489 seconds):
INFO:root:COST >> 1.6011 +/- 0.0935, % updates: 46.199%
INFO:root:-- EPOCH 25 (1.498 seconds):
INFO:root:COST >> 1.605 +/- 0.085, % updates: 46.255%
INFO:root:-- EPOCH 26 (1.479 seconds):
INFO:root:COST >> 1.5957 +/- 0.0939, % updates: 46.236%
INFO:root:-- EPOCH 27 (1.487 seconds):
INFO:root:COST >> 1.5933 +/- 0.0858, % updates: 46.085%
INFO:root:-- EPOCH 28 (1.504 seconds):
INFO:root:COST >> 1.5964 +/- 0.0931, % updates: 46.163%
INFO:root:-- EPOCH 29 (1.468 seconds):
INFO:root:COST >> 1.5879 +/- 0.089, % updates: 46.102%
INFO:root:-- EPOCH 30 (1.513 seconds):
INFO:root:COST >> 1.5919 +/- 0.0952, % updates: 46.213%
INFO:root:-- EPOCH 31 (1.519 seconds):
INFO:root:COST >> 1.59 +/- 0.0927, % updates: 46.197%
INFO:root:-- EPOCH 32 (1.526 seconds):
INFO:root:COST >> 1.5852 +/- 0.0848, % updates: 46.187%
INFO:root:-- EPOCH 33 (1.484 seconds):
INFO:root:COST >> 1.5871 +/- 0.0999, % updates: 46.244%
INFO:root:-- EPOCH 34 (1.484 seconds):
INFO:root:COST >> 1.5845 +/- 0.0874, % updates: 46.219%
INFO:root:-- EPOCH 35 (1.494 seconds):
INFO:root:COST >> 1.586 +/- 0.0913, % updates: 46.312%
INFO:root:-- EPOCH 36 (1.469 seconds):
INFO:root:COST >> 1.5811 +/- 0.0893, % updates: 46.167%
INFO:root:-- EPOCH 37 (1.495 seconds):
INFO:root:COST >> 1.5775 +/- 0.0968, % updates: 46.12%
INFO:root:-- EPOCH 38 (1.499 seconds):
INFO:root:COST >> 1.5814 +/- 0.0873, % updates: 46.315%
INFO:root:-- EPOCH 39 (1.49 seconds):
INFO:root:COST >> 1.5792 +/- 0.0958, % updates: 46.212%
INFO:root:-- EPOCH 40 (1.482 seconds):
INFO:root:COST >> 1.5787 +/- 0.0834, % updates: 46.158%
INFO:root:-- EPOCH 41 (1.473 seconds):
INFO:root:COST >> 1.5784 +/- 0.086, % updates: 46.364%
INFO:root:-- EPOCH 42 (1.484 seconds):
INFO:root:COST >> 1.5744 +/- 0.0904, % updates: 46.219%
INFO:root:-- EPOCH 43 (1.495 seconds):
INFO:root:COST >> 1.5751 +/- 0.095, % updates: 46.19%
INFO:root:-- EPOCH 44 (1.514 seconds):
INFO:root:COST >> 1.5781 +/- 0.0894, % updates: 46.21%
INFO:root:-- EPOCH 45 (1.501 seconds):
INFO:root:COST >> 1.5724 +/- 0.0939, % updates: 46.187%
INFO:root:-- EPOCH 46 (1.486 seconds):
INFO:root:COST >> 1.5706 +/- 0.0915, % updates: 46.181%
INFO:root:-- EPOCH 47 (1.513 seconds):
INFO:root:COST >> 1.572 +/- 0.0843, % updates: 46.351%
INFO:root:-- EPOCH 48 (1.499 seconds):
INFO:root:COST >> 1.5678 +/- 0.0885, % updates: 46.065%
INFO:root:-- EPOCH 49 (1.503 seconds):
INFO:root:COST >> 1.5711 +/- 0.088, % updates: 46.322%
INFO:root:-- EPOCH 50 (1.492 seconds):
INFO:root:COST >> 1.5706 +/- 0.0924, % updates: 46.293%
INFO:root:-- EPOCH 51 (1.484 seconds):
INFO:root:COST >> 1.5646 +/- 0.0945, % updates: 46.173%
INFO:root:-- EPOCH 52 (1.472 seconds):
INFO:root:COST >> 1.5707 +/- 0.0938, % updates: 46.306%
INFO:root:-- EPOCH 53 (1.509 seconds):
INFO:root:COST >> 1.566 +/- 0.09, % updates: 46.323%
INFO:root:-- EPOCH 54 (1.495 seconds):
INFO:root:COST >> 1.5644 +/- 0.0866, % updates: 46.219%
INFO:root:-- EPOCH 55 (1.471 seconds):
INFO:root:COST >> 1.568 +/- 0.0908, % updates: 46.19%
INFO:root:-- EPOCH 56 (1.482 seconds):
INFO:root:COST >> 1.5694 +/- 0.0858, % updates: 46.309%
INFO:root:-- EPOCH 57 (1.5 seconds):
INFO:root:COST >> 1.5567 +/- 0.0891, % updates: 46.303%
INFO:root:-- EPOCH 58 (1.494 seconds):
INFO:root:COST >> 1.5589 +/- 0.0871, % updates: 46.194%
INFO:root:-- EPOCH 59 (1.444 seconds):
INFO:root:COST >> 1.5644 +/- 0.0862, % updates: 46.083%
INFO:root:-- EPOCH 60 (1.478 seconds):
INFO:root:COST >> 1.5613 +/- 0.0817, % updates: 46.166%
INFO:root:-- EPOCH 61 (1.523 seconds):
INFO:root:COST >> 1.5605 +/- 0.0835, % updates: 46.296%
INFO:root:-- EPOCH 62 (1.51 seconds):
INFO:root:COST >> 1.5573 +/- 0.0871, % updates: 46.261%
INFO:root:-- EPOCH 63 (1.465 seconds):
INFO:root:COST >> 1.556 +/- 0.0953, % updates: 46.258%
INFO:root:-- EPOCH 64 (1.494 seconds):
INFO:root:COST >> 1.5625 +/- 0.0885, % updates: 46.275%
INFO:root:-- EPOCH 65 (1.472 seconds):
INFO:root:COST >> 1.5625 +/- 0.092, % updates: 46.178%
INFO:root:-- EPOCH 66 (1.494 seconds):
INFO:root:COST >> 1.56 +/- 0.0876, % updates: 46.334%
INFO:root:-- EPOCH 67 (1.507 seconds):
INFO:root:COST >> 1.5628 +/- 0.092, % updates: 46.414%
INFO:root:-- EPOCH 68 (1.492 seconds):
INFO:root:COST >> 1.56 +/- 0.0831, % updates: 46.359%
INFO:root:-- EPOCH 69 (1.509 seconds):
INFO:root:COST >> 1.5565 +/- 0.0923, % updates: 46.355%
INFO:root:-- EPOCH 70 (1.499 seconds):
INFO:root:COST >> 1.5564 +/- 0.0997, % updates: 46.442%
INFO:root:-- EPOCH 71 (1.501 seconds):
INFO:root:COST >> 1.5563 +/- 0.0898, % updates: 46.347%
INFO:root:-- EPOCH 72 (1.468 seconds):
INFO:root:COST >> 1.5546 +/- 0.0898, % updates: 46.345%
INFO:root:-- EPOCH 73 (1.487 seconds):
INFO:root:COST >> 1.5551 +/- 0.0936, % updates: 46.349%
INFO:root:-- EPOCH 74 (1.494 seconds):
INFO:root:COST >> 1.5532 +/- 0.0922, % updates: 46.373%
INFO:root:-- EPOCH 75 (1.481 seconds):
INFO:root:COST >> 1.5541 +/- 0.0865, % updates: 46.317%
INFO:root:-- EPOCH 76 (1.492 seconds):
INFO:root:COST >> 1.5517 +/- 0.0928, % updates: 46.273%
INFO:root:-- EPOCH 77 (1.492 seconds):
INFO:root:COST >> 1.551 +/- 0.0918, % updates: 46.343%
INFO:root:-- EPOCH 78 (1.482 seconds):
INFO:root:COST >> 1.5512 +/- 0.0876, % updates: 46.308%
INFO:root:-- EPOCH 79 (1.478 seconds):
INFO:root:COST >> 1.5471 +/- 0.0912, % updates: 46.303%
INFO:root:-- EPOCH 80 (1.499 seconds):
INFO:root:COST >> 1.5553 +/- 0.0942, % updates: 46.297%
INFO:root:-- EPOCH 81 (1.48 seconds):
INFO:root:COST >> 1.5478 +/- 0.0816, % updates: 46.347%
INFO:root:-- EPOCH 82 (1.483 seconds):
INFO:root:COST >> 1.5478 +/- 0.0904, % updates: 46.261%
INFO:root:-- EPOCH 83 (1.256 seconds):
INFO:root:COST >> 1.5483 +/- 0.0933, % updates: 46.331%
INFO:root:-- EPOCH 84 (1.145 seconds):
INFO:root:COST >> 1.5454 +/- 0.0866, % updates: 46.362%
INFO:root:-- EPOCH 85 (1.105 seconds):
INFO:root:COST >> 1.5509 +/- 0.0873, % updates: 46.418%
INFO:root:-- EPOCH 86 (1.167 seconds):
INFO:root:COST >> 1.5472 +/- 0.0901, % updates: 46.449%
INFO:root:-- EPOCH 87 (1.162 seconds):
INFO:root:COST >> 1.5466 +/- 0.0952, % updates: 46.465%
INFO:root:-- EPOCH 88 (1.518 seconds):
INFO:root:COST >> 1.5479 +/- 0.0882, % updates: 46.243%
INFO:root:-- EPOCH 89 (1.491 seconds):
INFO:root:COST >> 1.5466 +/- 0.0908, % updates: 46.301%
INFO:root:-- EPOCH 90 (1.494 seconds):
INFO:root:COST >> 1.5435 +/- 0.0835, % updates: 46.452%
INFO:root:-- EPOCH 91 (1.513 seconds):
INFO:root:COST >> 1.5407 +/- 0.0884, % updates: 46.323%
INFO:root:-- EPOCH 92 (1.474 seconds):
INFO:root:COST >> 1.5457 +/- 0.0819, % updates: 46.395%
INFO:root:-- EPOCH 93 (1.476 seconds):
INFO:root:COST >> 1.5471 +/- 0.0874, % updates: 46.401%
INFO:root:-- EPOCH 94 (1.473 seconds):
INFO:root:COST >> 1.5492 +/- 0.0895, % updates: 46.53%
INFO:root:-- EPOCH 95 (1.477 seconds):
INFO:root:COST >> 1.5481 +/- 0.0864, % updates: 46.426%
INFO:root:-- EPOCH 96 (1.475 seconds):
INFO:root:COST >> 1.5431 +/- 0.089, % updates: 46.39%
INFO:root:-- EPOCH 97 (1.505 seconds):
INFO:root:COST >> 1.5443 +/- 0.0858, % updates: 46.425%
INFO:root:-- EPOCH 98 (1.503 seconds):
INFO:root:COST >> 1.5461 +/- 0.0926, % updates: 46.409%
INFO:root:-- EPOCH 99 (1.527 seconds):
INFO:root:COST >> 1.5486 +/- 0.0904, % updates: 46.531%
INFO:root:-- EPOCH 100 (1.509 seconds):
INFO:root:COST >> 1.5433 +/- 0.0895, % updates: 46.391%
