INFO:root:Shape for training set: (40961, 141442)
INFO:root:State: {'ndim': '20', 'test_all': 'None', 'test_path': 'None', 'nhid': '50', 'lremb': '0.001', 'seed': '4', 'simfn': 'L1', 'valid_path': 'None', 'nbatches': '10', 'lrparam': '0.001', 'decay': '0.99', 'show_hinton_diagrams': 'False', 'no_rescaling': 'True', 'Nrel': '18', 'ranking_score_right': 'False', 'Nent': '40961', 'Nsyn': '40943', 'method': 'MOMENTUM', 'loss_margin': '1.0', 'C': '1.0', 'epsilon': '1e-06', 'use_db': 'True', 'max_lr': 'None', 'l1_param_weight': 'None', 'filtered': 'False', 'name': 'wn_opt/wn_MOMENTUM_174', 'totepochs': '100', 'l2_param_weight': 'None', 'train_path': 'data/wn/WN-train.pkl', 'op': 'TransE'}
INFO:root:Starting the Experiment ..
INFO:root:-- EPOCH 1 (1.525 seconds):
INFO:root:COST >> 2.1276 +/- 0.0623, % updates: 76.975%
INFO:root:-- EPOCH 2 (1.527 seconds):
INFO:root:COST >> 1.7551 +/- 0.0931, % updates: 64.711%
INFO:root:-- EPOCH 3 (1.538 seconds):
INFO:root:COST >> 1.4996 +/- 0.0336, % updates: 56.818%
INFO:root:-- EPOCH 4 (1.486 seconds):
INFO:root:COST >> 1.4184 +/- 0.022, % updates: 52.904%
INFO:root:-- EPOCH 5 (1.489 seconds):
INFO:root:COST >> 1.4003 +/- 0.0108, % updates: 51.236%
INFO:root:-- EPOCH 6 (1.517 seconds):
INFO:root:COST >> 1.3602 +/- 0.0188, % updates: 49.983%
INFO:root:-- EPOCH 7 (1.49 seconds):
INFO:root:COST >> 1.327 +/- 0.0109, % updates: 49.002%
INFO:root:-- EPOCH 8 (1.483 seconds):
INFO:root:COST >> 1.3082 +/- 0.0217, % updates: 48.652%
INFO:root:-- EPOCH 9 (1.482 seconds):
INFO:root:COST >> 1.3091 +/- 0.0156, % updates: 48.737%
INFO:root:-- EPOCH 10 (1.511 seconds):
INFO:root:COST >> 1.287 +/- 0.0172, % updates: 48.197%
INFO:root:-- EPOCH 11 (1.483 seconds):
INFO:root:COST >> 1.2749 +/- 0.0212, % updates: 48.018%
INFO:root:-- EPOCH 12 (1.518 seconds):
INFO:root:COST >> 1.2772 +/- 0.0202, % updates: 47.558%
INFO:root:-- EPOCH 13 (1.493 seconds):
INFO:root:COST >> 1.2736 +/- 0.0163, % updates: 47.335%
INFO:root:-- EPOCH 14 (1.471 seconds):
INFO:root:COST >> 1.2692 +/- 0.0214, % updates: 47.095%
INFO:root:-- EPOCH 15 (1.468 seconds):
INFO:root:COST >> 1.2852 +/- 0.0224, % updates: 47.169%
INFO:root:-- EPOCH 16 (1.286 seconds):
INFO:root:COST >> 1.2897 +/- 0.0138, % updates: 47.188%
INFO:root:-- EPOCH 17 (1.125 seconds):
INFO:root:COST >> 1.2854 +/- 0.0209, % updates: 47.329%
INFO:root:-- EPOCH 18 (1.118 seconds):
INFO:root:COST >> 1.2874 +/- 0.0214, % updates: 47.226%
INFO:root:-- EPOCH 19 (1.164 seconds):
INFO:root:COST >> 1.2917 +/- 0.0167, % updates: 47.142%
INFO:root:-- EPOCH 20 (1.209 seconds):
INFO:root:COST >> 1.2932 +/- 0.0313, % updates: 46.865%
INFO:root:-- EPOCH 21 (1.493 seconds):
INFO:root:COST >> 1.2995 +/- 0.0208, % updates: 46.758%
INFO:root:-- EPOCH 22 (1.51 seconds):
INFO:root:COST >> 1.3025 +/- 0.0169, % updates: 46.661%
INFO:root:-- EPOCH 23 (1.492 seconds):
INFO:root:COST >> 1.3034 +/- 0.0147, % updates: 46.489%
INFO:root:-- EPOCH 24 (1.486 seconds):
INFO:root:COST >> 1.3054 +/- 0.0194, % updates: 46.146%
INFO:root:-- EPOCH 25 (1.497 seconds):
INFO:root:COST >> 1.3101 +/- 0.0236, % updates: 46.034%
INFO:root:-- EPOCH 26 (1.541 seconds):
INFO:root:COST >> 1.3138 +/- 0.0177, % updates: 46.041%
INFO:root:-- EPOCH 27 (1.476 seconds):
INFO:root:COST >> 1.3198 +/- 0.0192, % updates: 45.963%
INFO:root:-- EPOCH 28 (1.477 seconds):
INFO:root:COST >> 1.3187 +/- 0.0264, % updates: 45.632%
INFO:root:-- EPOCH 29 (1.462 seconds):
INFO:root:COST >> 1.3212 +/- 0.0181, % updates: 45.562%
INFO:root:-- EPOCH 30 (1.474 seconds):
INFO:root:COST >> 1.3247 +/- 0.0237, % updates: 45.379%
INFO:root:-- EPOCH 31 (1.492 seconds):
INFO:root:COST >> 1.3279 +/- 0.0202, % updates: 45.284%
INFO:root:-- EPOCH 32 (1.494 seconds):
INFO:root:COST >> 1.3319 +/- 0.0175, % updates: 45.395%
INFO:root:-- EPOCH 33 (1.45 seconds):
INFO:root:COST >> 1.3312 +/- 0.0172, % updates: 45.182%
INFO:root:-- EPOCH 34 (1.765 seconds):
INFO:root:COST >> 1.3361 +/- 0.0175, % updates: 45.287%
INFO:root:-- EPOCH 35 (1.932 seconds):
INFO:root:COST >> 1.3346 +/- 0.0209, % updates: 45.163%
INFO:root:-- EPOCH 36 (1.921 seconds):
INFO:root:COST >> 1.342 +/- 0.0257, % updates: 45.009%
INFO:root:-- EPOCH 37 (1.918 seconds):
INFO:root:COST >> 1.3422 +/- 0.0183, % updates: 45.042%
INFO:root:-- EPOCH 38 (1.883 seconds):
INFO:root:COST >> 1.3459 +/- 0.0143, % updates: 44.971%
INFO:root:-- EPOCH 39 (1.662 seconds):
INFO:root:COST >> 1.3453 +/- 0.021, % updates: 44.809%
INFO:root:-- EPOCH 40 (1.477 seconds):
INFO:root:COST >> 1.3514 +/- 0.0161, % updates: 44.841%
INFO:root:-- EPOCH 41 (1.446 seconds):
INFO:root:COST >> 1.3494 +/- 0.0222, % updates: 44.924%
INFO:root:-- EPOCH 42 (1.45 seconds):
INFO:root:COST >> 1.3574 +/- 0.022, % updates: 44.773%
INFO:root:-- EPOCH 43 (1.473 seconds):
INFO:root:COST >> 1.353 +/- 0.0154, % updates: 44.723%
INFO:root:-- EPOCH 44 (1.472 seconds):
INFO:root:COST >> 1.357 +/- 0.0222, % updates: 44.593%
INFO:root:-- EPOCH 45 (1.504 seconds):
INFO:root:COST >> 1.3614 +/- 0.0272, % updates: 44.653%
INFO:root:-- EPOCH 46 (1.484 seconds):
INFO:root:COST >> 1.3627 +/- 0.0222, % updates: 44.724%
INFO:root:-- EPOCH 47 (1.481 seconds):
INFO:root:COST >> 1.3676 +/- 0.0203, % updates: 44.661%
INFO:root:-- EPOCH 48 (1.469 seconds):
INFO:root:COST >> 1.3682 +/- 0.0188, % updates: 44.669%
INFO:root:-- EPOCH 49 (1.467 seconds):
INFO:root:COST >> 1.3768 +/- 0.0251, % updates: 44.921%
INFO:root:-- EPOCH 50 (1.468 seconds):
INFO:root:COST >> 1.3908 +/- 0.0224, % updates: 45.174%
INFO:root:-- EPOCH 51 (1.47 seconds):
INFO:root:COST >> 1.4118 +/- 0.0252, % updates: 45.367%
INFO:root:-- EPOCH 52 (1.524 seconds):
INFO:root:COST >> 1.4045 +/- 0.0208, % updates: 45.192%
INFO:root:-- EPOCH 53 (1.497 seconds):
INFO:root:COST >> 1.4132 +/- 0.0283, % updates: 45.233%
INFO:root:-- EPOCH 54 (1.515 seconds):
INFO:root:COST >> 1.4064 +/- 0.0203, % updates: 45.035%
INFO:root:-- EPOCH 55 (1.482 seconds):
INFO:root:COST >> 1.4041 +/- 0.034, % updates: 44.91%
INFO:root:-- EPOCH 56 (1.453 seconds):
INFO:root:COST >> 1.4059 +/- 0.0255, % updates: 44.922%
INFO:root:-- EPOCH 57 (1.472 seconds):
INFO:root:COST >> 1.4024 +/- 0.0119, % updates: 44.862%
INFO:root:-- EPOCH 58 (1.48 seconds):
INFO:root:COST >> 1.4088 +/- 0.0152, % updates: 44.905%
INFO:root:-- EPOCH 59 (1.475 seconds):
INFO:root:COST >> 1.4191 +/- 0.0162, % updates: 45.161%
INFO:root:-- EPOCH 60 (1.466 seconds):
INFO:root:COST >> 1.4197 +/- 0.0179, % updates: 45.122%
INFO:root:-- EPOCH 61 (1.446 seconds):
INFO:root:COST >> 1.4131 +/- 0.0201, % updates: 44.875%
INFO:root:-- EPOCH 62 (1.463 seconds):
INFO:root:COST >> 1.4192 +/- 0.0203, % updates: 44.9%
INFO:root:-- EPOCH 63 (1.475 seconds):
INFO:root:COST >> 1.4177 +/- 0.0181, % updates: 44.802%
INFO:root:-- EPOCH 64 (1.463 seconds):
INFO:root:COST >> 1.4189 +/- 0.0183, % updates: 44.765%
INFO:root:-- EPOCH 65 (1.466 seconds):
INFO:root:COST >> 1.4204 +/- 0.0229, % updates: 44.697%
INFO:root:-- EPOCH 66 (1.498 seconds):
INFO:root:COST >> 1.4274 +/- 0.0223, % updates: 44.825%
INFO:root:-- EPOCH 67 (1.451 seconds):
INFO:root:COST >> 1.4244 +/- 0.021, % updates: 44.76%
INFO:root:-- EPOCH 68 (1.473 seconds):
INFO:root:COST >> 1.4195 +/- 0.019, % updates: 44.518%
INFO:root:-- EPOCH 69 (1.463 seconds):
INFO:root:COST >> 1.4202 +/- 0.0161, % updates: 44.482%
INFO:root:-- EPOCH 70 (1.469 seconds):
INFO:root:COST >> 1.4215 +/- 0.0122, % updates: 44.592%
INFO:root:-- EPOCH 71 (1.47 seconds):
INFO:root:COST >> 1.414 +/- 0.0237, % updates: 44.366%
INFO:root:-- EPOCH 72 (1.465 seconds):
INFO:root:COST >> 1.4184 +/- 0.0154, % updates: 44.453%
INFO:root:-- EPOCH 73 (1.467 seconds):
INFO:root:COST >> 1.4156 +/- 0.0218, % updates: 44.326%
INFO:root:-- EPOCH 74 (1.53 seconds):
INFO:root:COST >> 1.4195 +/- 0.0284, % updates: 44.342%
INFO:root:-- EPOCH 75 (1.491 seconds):
INFO:root:COST >> 1.4167 +/- 0.0164, % updates: 44.359%
INFO:root:-- EPOCH 76 (1.494 seconds):
INFO:root:COST >> 1.424 +/- 0.0192, % updates: 44.409%
INFO:root:-- EPOCH 77 (1.508 seconds):
INFO:root:COST >> 1.426 +/- 0.0173, % updates: 44.425%
INFO:root:-- EPOCH 78 (1.477 seconds):
INFO:root:COST >> 1.417 +/- 0.0183, % updates: 44.356%
INFO:root:-- EPOCH 79 (1.539 seconds):
INFO:root:COST >> 1.4198 +/- 0.0185, % updates: 44.33%
INFO:root:-- EPOCH 80 (1.449 seconds):
INFO:root:COST >> 1.4172 +/- 0.0136, % updates: 44.31%
INFO:root:-- EPOCH 81 (1.468 seconds):
INFO:root:COST >> 1.4256 +/- 0.0162, % updates: 44.235%
INFO:root:-- EPOCH 82 (1.506 seconds):
INFO:root:COST >> 1.4335 +/- 0.0239, % updates: 44.573%
INFO:root:-- EPOCH 83 (1.534 seconds):
INFO:root:COST >> 1.4373 +/- 0.0231, % updates: 44.555%
INFO:root:-- EPOCH 84 (1.504 seconds):
INFO:root:COST >> 1.4382 +/- 0.0183, % updates: 44.611%
INFO:root:-- EPOCH 85 (1.492 seconds):
INFO:root:COST >> 1.4443 +/- 0.0195, % updates: 44.71%
INFO:root:-- EPOCH 86 (1.523 seconds):
INFO:root:COST >> 1.443 +/- 0.0148, % updates: 44.622%
INFO:root:-- EPOCH 87 (1.488 seconds):
INFO:root:COST >> 1.4446 +/- 0.0228, % updates: 44.593%
INFO:root:-- EPOCH 88 (1.522 seconds):
INFO:root:COST >> 1.4452 +/- 0.0273, % updates: 44.593%
INFO:root:-- EPOCH 89 (1.486 seconds):
INFO:root:COST >> 1.4495 +/- 0.021, % updates: 44.503%
INFO:root:-- EPOCH 90 (1.485 seconds):
INFO:root:COST >> 1.4486 +/- 0.0194, % updates: 44.507%
INFO:root:-- EPOCH 91 (1.489 seconds):
INFO:root:COST >> 1.4408 +/- 0.0249, % updates: 44.405%
INFO:root:-- EPOCH 92 (1.492 seconds):
INFO:root:COST >> 1.4363 +/- 0.0211, % updates: 44.431%
INFO:root:-- EPOCH 93 (1.496 seconds):
INFO:root:COST >> 1.4469 +/- 0.0207, % updates: 44.619%
INFO:root:-- EPOCH 94 (1.533 seconds):
INFO:root:COST >> 1.4506 +/- 0.0257, % updates: 44.61%
INFO:root:-- EPOCH 95 (1.493 seconds):
INFO:root:COST >> 1.4466 +/- 0.0326, % updates: 44.404%
INFO:root:-- EPOCH 96 (1.516 seconds):
INFO:root:COST >> 1.4509 +/- 0.0198, % updates: 44.6%
INFO:root:-- EPOCH 97 (1.477 seconds):
INFO:root:COST >> 1.4509 +/- 0.0206, % updates: 44.448%
INFO:root:-- EPOCH 98 (1.502 seconds):
INFO:root:COST >> 1.4437 +/- 0.0267, % updates: 44.206%
INFO:root:-- EPOCH 99 (1.485 seconds):
INFO:root:COST >> 1.447 +/- 0.0195, % updates: 44.31%
INFO:root:-- EPOCH 100 (1.544 seconds):
INFO:root:COST >> 1.447 +/- 0.0193, % updates: 44.284%
