INFO:root:Shape for training set: (40961, 141442)
INFO:root:State: {'ndim': '20', 'test_all': 'None', 'test_path': 'None', 'nhid': '50', 'lremb': '0.001', 'seed': '7', 'simfn': 'L1', 'valid_path': 'None', 'nbatches': '10', 'lrparam': '0.001', 'decay': '0.9', 'show_hinton_diagrams': 'False', 'no_rescaling': 'True', 'Nrel': '18', 'ranking_score_right': 'False', 'Nent': '40961', 'Nsyn': '40943', 'method': 'MOMENTUM', 'loss_margin': '1.0', 'C': '1.0', 'epsilon': '1e-06', 'use_db': 'True', 'max_lr': 'None', 'l1_param_weight': 'None', 'filtered': 'False', 'name': 'wn_opt/wn_MOMENTUM_187', 'totepochs': '100', 'l2_param_weight': 'None', 'train_path': 'data/wn/WN-train.pkl', 'op': 'TransE'}
INFO:root:Starting the Experiment ..
INFO:root:-- EPOCH 1 (1.467 seconds):
INFO:root:COST >> 2.1131 +/- 0.0756, % updates: 77.71%
INFO:root:-- EPOCH 2 (1.486 seconds):
INFO:root:COST >> 1.7441 +/- 0.0811, % updates: 67.035%
INFO:root:-- EPOCH 3 (1.478 seconds):
INFO:root:COST >> 1.4534 +/- 0.047, % updates: 59.63%
INFO:root:-- EPOCH 4 (1.494 seconds):
INFO:root:COST >> 1.2946 +/- 0.0237, % updates: 54.544%
INFO:root:-- EPOCH 5 (1.48 seconds):
INFO:root:COST >> 1.2949 +/- 0.0457, % updates: 52.639%
INFO:root:-- EPOCH 6 (1.524 seconds):
INFO:root:COST >> 1.285 +/- 0.0198, % updates: 51.846%
INFO:root:-- EPOCH 7 (1.463 seconds):
INFO:root:COST >> 1.2453 +/- 0.0133, % updates: 51.149%
INFO:root:-- EPOCH 8 (1.482 seconds):
INFO:root:COST >> 1.1951 +/- 0.0171, % updates: 50.782%
INFO:root:-- EPOCH 9 (1.47 seconds):
INFO:root:COST >> 1.1556 +/- 0.0103, % updates: 50.226%
INFO:root:-- EPOCH 10 (1.541 seconds):
INFO:root:COST >> 1.1278 +/- 0.0163, % updates: 49.936%
INFO:root:-- EPOCH 11 (1.493 seconds):
INFO:root:COST >> 1.1077 +/- 0.0127, % updates: 49.476%
INFO:root:-- EPOCH 12 (1.503 seconds):
INFO:root:COST >> 1.093 +/- 0.017, % updates: 49.286%
INFO:root:-- EPOCH 13 (1.477 seconds):
INFO:root:COST >> 1.082 +/- 0.0125, % updates: 49.043%
INFO:root:-- EPOCH 14 (1.48 seconds):
INFO:root:COST >> 1.0715 +/- 0.0173, % updates: 48.818%
INFO:root:-- EPOCH 15 (1.479 seconds):
INFO:root:COST >> 1.0658 +/- 0.0148, % updates: 48.663%
INFO:root:-- EPOCH 16 (1.489 seconds):
INFO:root:COST >> 1.0652 +/- 0.0202, % updates: 48.556%
INFO:root:-- EPOCH 17 (1.513 seconds):
INFO:root:COST >> 1.0579 +/- 0.0227, % updates: 48.35%
INFO:root:-- EPOCH 18 (1.463 seconds):
INFO:root:COST >> 1.0551 +/- 0.0177, % updates: 48.291%
INFO:root:-- EPOCH 19 (1.496 seconds):
INFO:root:COST >> 1.0486 +/- 0.0172, % updates: 48.047%
INFO:root:-- EPOCH 20 (1.512 seconds):
INFO:root:COST >> 1.0501 +/- 0.0213, % updates: 48.068%
INFO:root:-- EPOCH 21 (1.497 seconds):
INFO:root:COST >> 1.0463 +/- 0.019, % updates: 47.923%
INFO:root:-- EPOCH 22 (1.492 seconds):
INFO:root:COST >> 1.0453 +/- 0.0206, % updates: 47.873%
INFO:root:-- EPOCH 23 (1.476 seconds):
INFO:root:COST >> 1.0418 +/- 0.0223, % updates: 47.709%
INFO:root:-- EPOCH 24 (1.45 seconds):
INFO:root:COST >> 1.0394 +/- 0.0207, % updates: 47.564%
INFO:root:-- EPOCH 25 (1.496 seconds):
INFO:root:COST >> 1.0368 +/- 0.0163, % updates: 47.456%
INFO:root:-- EPOCH 26 (1.468 seconds):
INFO:root:COST >> 1.0391 +/- 0.0196, % updates: 47.424%
INFO:root:-- EPOCH 27 (1.48 seconds):
INFO:root:COST >> 1.0368 +/- 0.0137, % updates: 47.444%
INFO:root:-- EPOCH 28 (1.49 seconds):
INFO:root:COST >> 1.0372 +/- 0.0152, % updates: 47.406%
INFO:root:-- EPOCH 29 (1.476 seconds):
INFO:root:COST >> 1.0323 +/- 0.0212, % updates: 47.22%
INFO:root:-- EPOCH 30 (1.477 seconds):
INFO:root:COST >> 1.0345 +/- 0.0196, % updates: 47.204%
INFO:root:-- EPOCH 31 (1.479 seconds):
INFO:root:COST >> 1.0314 +/- 0.0173, % updates: 47.173%
INFO:root:-- EPOCH 32 (1.478 seconds):
INFO:root:COST >> 1.0321 +/- 0.0187, % updates: 47.176%
INFO:root:-- EPOCH 33 (1.49 seconds):
INFO:root:COST >> 1.0325 +/- 0.0171, % updates: 47.101%
INFO:root:-- EPOCH 34 (1.472 seconds):
INFO:root:COST >> 1.032 +/- 0.0164, % updates: 47.099%
INFO:root:-- EPOCH 35 (1.466 seconds):
INFO:root:COST >> 1.0316 +/- 0.0206, % updates: 47.022%
INFO:root:-- EPOCH 36 (1.549 seconds):
INFO:root:COST >> 1.0334 +/- 0.0196, % updates: 47.134%
INFO:root:-- EPOCH 37 (1.486 seconds):
INFO:root:COST >> 1.0319 +/- 0.023, % updates: 47.071%
INFO:root:-- EPOCH 38 (1.495 seconds):
INFO:root:COST >> 1.028 +/- 0.0146, % updates: 46.92%
INFO:root:-- EPOCH 39 (1.517 seconds):
INFO:root:COST >> 1.03 +/- 0.0186, % updates: 46.825%
INFO:root:-- EPOCH 40 (1.51 seconds):
INFO:root:COST >> 1.0298 +/- 0.0163, % updates: 46.9%
INFO:root:-- EPOCH 41 (1.474 seconds):
INFO:root:COST >> 1.0277 +/- 0.0146, % updates: 46.863%
INFO:root:-- EPOCH 42 (1.491 seconds):
INFO:root:COST >> 1.0269 +/- 0.0151, % updates: 46.804%
INFO:root:-- EPOCH 43 (1.472 seconds):
INFO:root:COST >> 1.0266 +/- 0.014, % updates: 46.652%
INFO:root:-- EPOCH 44 (1.463 seconds):
INFO:root:COST >> 1.0266 +/- 0.0159, % updates: 46.737%
INFO:root:-- EPOCH 45 (1.503 seconds):
INFO:root:COST >> 1.0261 +/- 0.021, % updates: 46.722%
INFO:root:-- EPOCH 46 (1.512 seconds):
INFO:root:COST >> 1.0265 +/- 0.0192, % updates: 46.648%
INFO:root:-- EPOCH 47 (1.485 seconds):
INFO:root:COST >> 1.0259 +/- 0.0233, % updates: 46.475%
INFO:root:-- EPOCH 48 (1.5 seconds):
INFO:root:COST >> 1.0276 +/- 0.0182, % updates: 46.601%
INFO:root:-- EPOCH 49 (1.509 seconds):
INFO:root:COST >> 1.0251 +/- 0.0179, % updates: 46.531%
INFO:root:-- EPOCH 50 (1.52 seconds):
INFO:root:COST >> 1.0271 +/- 0.0231, % updates: 46.592%
INFO:root:-- EPOCH 51 (1.476 seconds):
INFO:root:COST >> 1.0251 +/- 0.0188, % updates: 46.61%
INFO:root:-- EPOCH 52 (1.487 seconds):
INFO:root:COST >> 1.0244 +/- 0.0179, % updates: 46.573%
INFO:root:-- EPOCH 53 (1.472 seconds):
INFO:root:COST >> 1.0255 +/- 0.0144, % updates: 46.558%
INFO:root:-- EPOCH 54 (1.489 seconds):
INFO:root:COST >> 1.0248 +/- 0.0214, % updates: 46.558%
INFO:root:-- EPOCH 55 (1.479 seconds):
INFO:root:COST >> 1.0239 +/- 0.0173, % updates: 46.463%
INFO:root:-- EPOCH 56 (1.49 seconds):
INFO:root:COST >> 1.0225 +/- 0.0185, % updates: 46.433%
INFO:root:-- EPOCH 57 (1.476 seconds):
INFO:root:COST >> 1.0304 +/- 0.0191, % updates: 46.607%
INFO:root:-- EPOCH 58 (1.489 seconds):
INFO:root:COST >> 1.0235 +/- 0.015, % updates: 46.357%
INFO:root:-- EPOCH 59 (1.478 seconds):
INFO:root:COST >> 1.026 +/- 0.0183, % updates: 46.448%
INFO:root:-- EPOCH 60 (1.453 seconds):
INFO:root:COST >> 1.0252 +/- 0.0207, % updates: 46.55%
INFO:root:-- EPOCH 61 (1.463 seconds):
INFO:root:COST >> 1.0278 +/- 0.0223, % updates: 46.38%
INFO:root:-- EPOCH 62 (1.497 seconds):
INFO:root:COST >> 1.0237 +/- 0.015, % updates: 46.263%
INFO:root:-- EPOCH 63 (1.487 seconds):
INFO:root:COST >> 1.0233 +/- 0.0185, % updates: 46.402%
INFO:root:-- EPOCH 64 (1.515 seconds):
INFO:root:COST >> 1.0222 +/- 0.0173, % updates: 46.311%
INFO:root:-- EPOCH 65 (1.476 seconds):
INFO:root:COST >> 1.0222 +/- 0.0207, % updates: 46.262%
INFO:root:-- EPOCH 66 (1.484 seconds):
INFO:root:COST >> 1.0224 +/- 0.0198, % updates: 46.373%
INFO:root:-- EPOCH 67 (1.466 seconds):
INFO:root:COST >> 1.0227 +/- 0.0195, % updates: 46.39%
INFO:root:-- EPOCH 68 (1.491 seconds):
INFO:root:COST >> 1.0272 +/- 0.0204, % updates: 46.248%
INFO:root:-- EPOCH 69 (1.472 seconds):
INFO:root:COST >> 1.0243 +/- 0.0165, % updates: 46.2%
INFO:root:-- EPOCH 70 (1.467 seconds):
INFO:root:COST >> 1.024 +/- 0.0157, % updates: 46.386%
INFO:root:-- EPOCH 71 (1.442 seconds):
INFO:root:COST >> 1.0221 +/- 0.018, % updates: 46.227%
INFO:root:-- EPOCH 72 (1.502 seconds):
INFO:root:COST >> 1.0238 +/- 0.0175, % updates: 46.224%
INFO:root:-- EPOCH 73 (1.47 seconds):
INFO:root:COST >> 1.0215 +/- 0.0203, % updates: 46.211%
INFO:root:-- EPOCH 74 (1.438 seconds):
INFO:root:COST >> 1.0251 +/- 0.0202, % updates: 46.28%
INFO:root:-- EPOCH 75 (1.482 seconds):
INFO:root:COST >> 1.0259 +/- 0.0192, % updates: 46.252%
INFO:root:-- EPOCH 76 (1.463 seconds):
INFO:root:COST >> 1.0216 +/- 0.0198, % updates: 46.154%
INFO:root:-- EPOCH 77 (1.473 seconds):
INFO:root:COST >> 1.0221 +/- 0.0135, % updates: 46.216%
INFO:root:-- EPOCH 78 (1.462 seconds):
INFO:root:COST >> 1.0225 +/- 0.0192, % updates: 46.268%
INFO:root:-- EPOCH 79 (1.493 seconds):
INFO:root:COST >> 1.0242 +/- 0.0234, % updates: 46.225%
INFO:root:-- EPOCH 80 (1.897 seconds):
INFO:root:COST >> 1.024 +/- 0.0212, % updates: 46.155%
INFO:root:-- EPOCH 81 (1.92 seconds):
INFO:root:COST >> 1.0209 +/- 0.0188, % updates: 46.118%
INFO:root:-- EPOCH 82 (1.883 seconds):
INFO:root:COST >> 1.0234 +/- 0.0203, % updates: 46.176%
INFO:root:-- EPOCH 83 (1.273 seconds):
INFO:root:COST >> 1.0231 +/- 0.0186, % updates: 46.1%
INFO:root:-- EPOCH 84 (1.097 seconds):
INFO:root:COST >> 1.0228 +/- 0.0173, % updates: 46.128%
INFO:root:-- EPOCH 85 (1.153 seconds):
INFO:root:COST >> 1.0246 +/- 0.0191, % updates: 46.26%
INFO:root:-- EPOCH 86 (1.165 seconds):
INFO:root:COST >> 1.0232 +/- 0.0155, % updates: 46.244%
INFO:root:-- EPOCH 87 (1.457 seconds):
INFO:root:COST >> 1.0241 +/- 0.0186, % updates: 46.217%
INFO:root:-- EPOCH 88 (1.441 seconds):
INFO:root:COST >> 1.0238 +/- 0.0187, % updates: 46.181%
INFO:root:-- EPOCH 89 (1.467 seconds):
INFO:root:COST >> 1.0261 +/- 0.0181, % updates: 46.21%
INFO:root:-- EPOCH 90 (1.463 seconds):
INFO:root:COST >> 1.0248 +/- 0.0241, % updates: 46.258%
INFO:root:-- EPOCH 91 (1.459 seconds):
INFO:root:COST >> 1.0217 +/- 0.0177, % updates: 46.105%
INFO:root:-- EPOCH 92 (1.47 seconds):
INFO:root:COST >> 1.0207 +/- 0.0186, % updates: 46.1%
INFO:root:-- EPOCH 93 (1.461 seconds):
INFO:root:COST >> 1.0194 +/- 0.0189, % updates: 46.106%
INFO:root:-- EPOCH 94 (1.48 seconds):
INFO:root:COST >> 1.0188 +/- 0.0167, % updates: 46.14%
INFO:root:-- EPOCH 95 (1.532 seconds):
INFO:root:COST >> 1.0237 +/- 0.0188, % updates: 46.098%
INFO:root:-- EPOCH 96 (1.473 seconds):
INFO:root:COST >> 1.0222 +/- 0.0154, % updates: 46.097%
INFO:root:-- EPOCH 97 (1.469 seconds):
INFO:root:COST >> 1.0206 +/- 0.0211, % updates: 45.979%
INFO:root:-- EPOCH 98 (1.465 seconds):
INFO:root:COST >> 1.019 +/- 0.017, % updates: 46.034%
INFO:root:-- EPOCH 99 (1.472 seconds):
INFO:root:COST >> 1.022 +/- 0.0188, % updates: 45.985%
INFO:root:-- EPOCH 100 (1.489 seconds):
INFO:root:COST >> 1.0228 +/- 0.0174, % updates: 45.966%
