INFO:root:Shape for training set: (40961, 141442)
INFO:root:State: {'ndim': '20', 'test_all': 'None', 'test_path': 'None', 'nhid': '50', 'lremb': '0.1', 'seed': '0', 'simfn': 'L1', 'valid_path': 'None', 'nbatches': '10', 'lrparam': '0.1', 'decay': '0.5', 'show_hinton_diagrams': 'False', 'no_rescaling': 'True', 'Nrel': '18', 'ranking_score_right': 'False', 'Nent': '40961', 'Nsyn': '40943', 'method': 'MOMENTUM', 'loss_margin': '1.0', 'C': '1.0', 'epsilon': '1e-06', 'use_db': 'True', 'max_lr': 'None', 'l1_param_weight': 'None', 'filtered': 'False', 'name': 'wn_opt/wn_MOMENTUM_290', 'totepochs': '100', 'l2_param_weight': 'None', 'train_path': 'data/wn/WN-train.pkl', 'op': 'TransE'}
INFO:root:Starting the Experiment ..
INFO:root:-- EPOCH 1 (1.534 seconds):
INFO:root:COST >> 2.5413 +/- 0.2142, % updates: 63.932%
INFO:root:-- EPOCH 2 (1.486 seconds):
INFO:root:COST >> 2.5778 +/- 0.2598, % updates: 52.625%
INFO:root:-- EPOCH 3 (1.477 seconds):
INFO:root:COST >> 2.5876 +/- 0.2605, % updates: 51.818%
INFO:root:-- EPOCH 4 (1.492 seconds):
INFO:root:COST >> 2.5931 +/- 0.2347, % updates: 51.611%
INFO:root:-- EPOCH 5 (1.505 seconds):
INFO:root:COST >> 2.5982 +/- 0.2543, % updates: 51.61%
INFO:root:-- EPOCH 6 (1.47 seconds):
INFO:root:COST >> 2.5847 +/- 0.265, % updates: 51.472%
INFO:root:-- EPOCH 7 (1.51 seconds):
INFO:root:COST >> 2.5855 +/- 0.2601, % updates: 51.457%
INFO:root:-- EPOCH 8 (1.481 seconds):
INFO:root:COST >> 2.5921 +/- 0.2622, % updates: 51.522%
INFO:root:-- EPOCH 9 (1.487 seconds):
INFO:root:COST >> 2.5926 +/- 0.2545, % updates: 51.562%
INFO:root:-- EPOCH 10 (1.498 seconds):
INFO:root:COST >> 2.5993 +/- 0.2578, % updates: 51.54%
INFO:root:-- EPOCH 11 (1.486 seconds):
INFO:root:COST >> 2.5878 +/- 0.2545, % updates: 51.433%
INFO:root:-- EPOCH 12 (1.426 seconds):
INFO:root:COST >> 2.5963 +/- 0.2499, % updates: 51.553%
INFO:root:-- EPOCH 13 (1.118 seconds):
INFO:root:COST >> 2.5957 +/- 0.2509, % updates: 51.4%
INFO:root:-- EPOCH 14 (1.126 seconds):
INFO:root:COST >> 2.5932 +/- 0.2445, % updates: 51.611%
INFO:root:-- EPOCH 15 (1.157 seconds):
INFO:root:COST >> 2.6001 +/- 0.2548, % updates: 51.581%
INFO:root:-- EPOCH 16 (1.174 seconds):
INFO:root:COST >> 2.5888 +/- 0.2589, % updates: 51.507%
INFO:root:-- EPOCH 17 (1.508 seconds):
INFO:root:COST >> 2.5927 +/- 0.2583, % updates: 51.547%
INFO:root:-- EPOCH 18 (1.467 seconds):
INFO:root:COST >> 2.5902 +/- 0.2573, % updates: 51.354%
INFO:root:-- EPOCH 19 (1.508 seconds):
INFO:root:COST >> 2.6037 +/- 0.2459, % updates: 51.637%
INFO:root:-- EPOCH 20 (1.512 seconds):
INFO:root:COST >> 2.5931 +/- 0.2467, % updates: 51.331%
INFO:root:-- EPOCH 21 (1.509 seconds):
INFO:root:COST >> 2.5899 +/- 0.2483, % updates: 51.467%
INFO:root:-- EPOCH 22 (1.51 seconds):
INFO:root:COST >> 2.5961 +/- 0.2587, % updates: 51.485%
INFO:root:-- EPOCH 23 (1.465 seconds):
INFO:root:COST >> 2.5955 +/- 0.2489, % updates: 51.477%
INFO:root:-- EPOCH 24 (1.481 seconds):
INFO:root:COST >> 2.5796 +/- 0.2386, % updates: 51.398%
INFO:root:-- EPOCH 25 (1.486 seconds):
INFO:root:COST >> 2.5805 +/- 0.26, % updates: 51.456%
INFO:root:-- EPOCH 26 (1.509 seconds):
INFO:root:COST >> 2.5933 +/- 0.2566, % updates: 51.485%
INFO:root:-- EPOCH 27 (1.503 seconds):
INFO:root:COST >> 2.5922 +/- 0.2651, % updates: 51.554%
INFO:root:-- EPOCH 28 (1.477 seconds):
INFO:root:COST >> 2.5934 +/- 0.248, % updates: 51.585%
INFO:root:-- EPOCH 29 (1.464 seconds):
INFO:root:COST >> 2.5867 +/- 0.2517, % updates: 51.46%
INFO:root:-- EPOCH 30 (1.461 seconds):
INFO:root:COST >> 2.5878 +/- 0.2515, % updates: 51.562%
INFO:root:-- EPOCH 31 (1.489 seconds):
INFO:root:COST >> 2.5823 +/- 0.2636, % updates: 51.456%
INFO:root:-- EPOCH 32 (1.465 seconds):
INFO:root:COST >> 2.5875 +/- 0.2642, % updates: 51.442%
INFO:root:-- EPOCH 33 (1.477 seconds):
INFO:root:COST >> 2.5784 +/- 0.2522, % updates: 51.44%
INFO:root:-- EPOCH 34 (1.461 seconds):
INFO:root:COST >> 2.5908 +/- 0.2562, % updates: 51.358%
INFO:root:-- EPOCH 35 (1.474 seconds):
INFO:root:COST >> 2.5886 +/- 0.2556, % updates: 51.337%
INFO:root:-- EPOCH 36 (1.465 seconds):
INFO:root:COST >> 2.5902 +/- 0.2539, % updates: 51.424%
INFO:root:-- EPOCH 37 (1.469 seconds):
INFO:root:COST >> 2.6 +/- 0.2582, % updates: 51.493%
INFO:root:-- EPOCH 38 (1.469 seconds):
INFO:root:COST >> 2.5968 +/- 0.2542, % updates: 51.553%
INFO:root:-- EPOCH 39 (1.481 seconds):
INFO:root:COST >> 2.5974 +/- 0.2535, % updates: 51.559%
INFO:root:-- EPOCH 40 (1.476 seconds):
INFO:root:COST >> 2.59 +/- 0.2533, % updates: 51.498%
INFO:root:-- EPOCH 41 (1.488 seconds):
INFO:root:COST >> 2.5925 +/- 0.2498, % updates: 51.574%
INFO:root:-- EPOCH 42 (1.502 seconds):
INFO:root:COST >> 2.5927 +/- 0.2574, % updates: 51.408%
INFO:root:-- EPOCH 43 (1.481 seconds):
INFO:root:COST >> 2.6007 +/- 0.2437, % updates: 51.554%
INFO:root:-- EPOCH 44 (1.48 seconds):
INFO:root:COST >> 2.5983 +/- 0.2592, % updates: 51.5%
INFO:root:-- EPOCH 45 (1.512 seconds):
INFO:root:COST >> 2.5916 +/- 0.2508, % updates: 51.504%
INFO:root:-- EPOCH 46 (1.481 seconds):
INFO:root:COST >> 2.5854 +/- 0.2438, % updates: 51.398%
INFO:root:-- EPOCH 47 (1.49 seconds):
INFO:root:COST >> 2.5823 +/- 0.2524, % updates: 51.48%
INFO:root:-- EPOCH 48 (1.505 seconds):
INFO:root:COST >> 2.5934 +/- 0.2498, % updates: 51.482%
INFO:root:-- EPOCH 49 (1.462 seconds):
INFO:root:COST >> 2.6013 +/- 0.2552, % updates: 51.611%
INFO:root:-- EPOCH 50 (1.471 seconds):
INFO:root:COST >> 2.5962 +/- 0.2467, % updates: 51.53%
INFO:root:-- EPOCH 51 (1.464 seconds):
INFO:root:COST >> 2.5868 +/- 0.2539, % updates: 51.384%
INFO:root:-- EPOCH 52 (1.486 seconds):
INFO:root:COST >> 2.5943 +/- 0.2653, % updates: 51.467%
INFO:root:-- EPOCH 53 (1.502 seconds):
INFO:root:COST >> 2.5895 +/- 0.261, % updates: 51.526%
INFO:root:-- EPOCH 54 (1.468 seconds):
INFO:root:COST >> 2.5921 +/- 0.2599, % updates: 51.505%
INFO:root:-- EPOCH 55 (1.479 seconds):
INFO:root:COST >> 2.5914 +/- 0.2557, % updates: 51.497%
INFO:root:-- EPOCH 56 (1.448 seconds):
INFO:root:COST >> 2.5938 +/- 0.256, % updates: 51.427%
INFO:root:-- EPOCH 57 (1.453 seconds):
INFO:root:COST >> 2.5945 +/- 0.2546, % updates: 51.551%
INFO:root:-- EPOCH 58 (1.46 seconds):
INFO:root:COST >> 2.5943 +/- 0.2558, % updates: 51.486%
INFO:root:-- EPOCH 59 (1.457 seconds):
INFO:root:COST >> 2.5884 +/- 0.2485, % updates: 51.398%
INFO:root:-- EPOCH 60 (1.459 seconds):
INFO:root:COST >> 2.5948 +/- 0.2596, % updates: 51.539%
INFO:root:-- EPOCH 61 (1.478 seconds):
INFO:root:COST >> 2.593 +/- 0.2552, % updates: 51.466%
INFO:root:-- EPOCH 62 (1.515 seconds):
INFO:root:COST >> 2.6008 +/- 0.2485, % updates: 51.681%
INFO:root:-- EPOCH 63 (1.493 seconds):
INFO:root:COST >> 2.5938 +/- 0.2538, % updates: 51.577%
INFO:root:-- EPOCH 64 (1.509 seconds):
INFO:root:COST >> 2.5822 +/- 0.2441, % updates: 51.348%
INFO:root:-- EPOCH 65 (1.487 seconds):
INFO:root:COST >> 2.5908 +/- 0.2597, % updates: 51.455%
INFO:root:-- EPOCH 66 (1.459 seconds):
INFO:root:COST >> 2.5962 +/- 0.2555, % updates: 51.543%
INFO:root:-- EPOCH 67 (1.52 seconds):
INFO:root:COST >> 2.5983 +/- 0.253, % updates: 51.553%
INFO:root:-- EPOCH 68 (1.5 seconds):
INFO:root:COST >> 2.5876 +/- 0.2506, % updates: 51.43%
INFO:root:-- EPOCH 69 (1.554 seconds):
INFO:root:COST >> 2.5855 +/- 0.2489, % updates: 51.353%
INFO:root:-- EPOCH 70 (1.524 seconds):
INFO:root:COST >> 2.5911 +/- 0.2588, % updates: 51.44%
INFO:root:-- EPOCH 71 (1.517 seconds):
INFO:root:COST >> 2.5991 +/- 0.257, % updates: 51.462%
INFO:root:-- EPOCH 72 (1.471 seconds):
INFO:root:COST >> 2.59 +/- 0.2505, % updates: 51.486%
INFO:root:-- EPOCH 73 (1.453 seconds):
INFO:root:COST >> 2.5931 +/- 0.2637, % updates: 51.527%
INFO:root:-- EPOCH 74 (1.495 seconds):
INFO:root:COST >> 2.5905 +/- 0.2573, % updates: 51.491%
INFO:root:-- EPOCH 75 (1.466 seconds):
INFO:root:COST >> 2.5943 +/- 0.2546, % updates: 51.593%
INFO:root:-- EPOCH 76 (1.472 seconds):
INFO:root:COST >> 2.5897 +/- 0.2628, % updates: 51.548%
INFO:root:-- EPOCH 77 (1.518 seconds):
INFO:root:COST >> 2.584 +/- 0.2636, % updates: 51.463%
INFO:root:-- EPOCH 78 (1.54 seconds):
INFO:root:COST >> 2.5977 +/- 0.2578, % updates: 51.466%
INFO:root:-- EPOCH 79 (1.514 seconds):
INFO:root:COST >> 2.59 +/- 0.255, % updates: 51.557%
INFO:root:-- EPOCH 80 (1.473 seconds):
INFO:root:COST >> 2.5972 +/- 0.2542, % updates: 51.534%
INFO:root:-- EPOCH 81 (1.465 seconds):
INFO:root:COST >> 2.5974 +/- 0.2485, % updates: 51.495%
INFO:root:-- EPOCH 82 (1.464 seconds):
INFO:root:COST >> 2.5938 +/- 0.2677, % updates: 51.485%
INFO:root:-- EPOCH 83 (1.495 seconds):
INFO:root:COST >> 2.5932 +/- 0.2645, % updates: 51.486%
INFO:root:-- EPOCH 84 (1.449 seconds):
INFO:root:COST >> 2.5958 +/- 0.2426, % updates: 51.502%
INFO:root:-- EPOCH 85 (1.467 seconds):
INFO:root:COST >> 2.5869 +/- 0.2594, % updates: 51.342%
INFO:root:-- EPOCH 86 (1.461 seconds):
INFO:root:COST >> 2.6001 +/- 0.2543, % updates: 51.633%
INFO:root:-- EPOCH 87 (1.476 seconds):
INFO:root:COST >> 2.5951 +/- 0.2576, % updates: 51.357%
INFO:root:-- EPOCH 88 (1.474 seconds):
INFO:root:COST >> 2.5958 +/- 0.2593, % updates: 51.404%
INFO:root:-- EPOCH 89 (1.488 seconds):
INFO:root:COST >> 2.5883 +/- 0.2447, % updates: 51.498%
INFO:root:-- EPOCH 90 (1.485 seconds):
INFO:root:COST >> 2.5962 +/- 0.2543, % updates: 51.544%
INFO:root:-- EPOCH 91 (1.468 seconds):
INFO:root:COST >> 2.5921 +/- 0.2614, % updates: 51.422%
INFO:root:-- EPOCH 92 (1.481 seconds):
INFO:root:COST >> 2.5847 +/- 0.248, % updates: 51.357%
INFO:root:-- EPOCH 93 (1.49 seconds):
INFO:root:COST >> 2.5982 +/- 0.2479, % updates: 51.481%
INFO:root:-- EPOCH 94 (1.489 seconds):
INFO:root:COST >> 2.5897 +/- 0.2473, % updates: 51.493%
INFO:root:-- EPOCH 95 (1.465 seconds):
INFO:root:COST >> 2.5948 +/- 0.2507, % updates: 51.471%
INFO:root:-- EPOCH 96 (1.474 seconds):
INFO:root:COST >> 2.5826 +/- 0.2462, % updates: 51.447%
INFO:root:-- EPOCH 97 (1.454 seconds):
INFO:root:COST >> 2.5871 +/- 0.2574, % updates: 51.391%
INFO:root:-- EPOCH 98 (1.453 seconds):
INFO:root:COST >> 2.5977 +/- 0.2429, % updates: 51.547%
INFO:root:-- EPOCH 99 (1.453 seconds):
INFO:root:COST >> 2.5994 +/- 0.2633, % updates: 51.453%
INFO:root:-- EPOCH 100 (1.522 seconds):
INFO:root:COST >> 2.5854 +/- 0.2572, % updates: 51.405%
