INFO:root:Shape for training set: (40961, 141442)
INFO:root:State: {'ndim': '20', 'test_all': 'None', 'test_path': 'None', 'nhid': '50', 'lremb': '0.01', 'seed': '7', 'simfn': 'L1', 'valid_path': 'None', 'nbatches': '10', 'lrparam': '0.01', 'decay': '0.9999', 'show_hinton_diagrams': 'False', 'no_rescaling': 'True', 'Nrel': '18', 'ranking_score_right': 'False', 'Nent': '40961', 'Nsyn': '40943', 'method': 'MOMENTUM', 'loss_margin': '1.0', 'C': '1.0', 'epsilon': '1e-06', 'use_db': 'True', 'max_lr': 'None', 'l1_param_weight': 'None', 'filtered': 'False', 'name': 'wn_opt/wn_MOMENTUM_207', 'totepochs': '100', 'l2_param_weight': 'None', 'train_path': 'data/wn/WN-train.pkl', 'op': 'TransE'}
INFO:root:Starting the Experiment ..
INFO:root:-- EPOCH 1 (1.501 seconds):
INFO:root:COST >> 2.1037 +/- 0.105, % updates: 69.52%
INFO:root:-- EPOCH 2 (1.474 seconds):
INFO:root:COST >> 1.8109 +/- 0.1185, % updates: 53.785%
INFO:root:-- EPOCH 3 (1.452 seconds):
INFO:root:COST >> 1.7428 +/- 0.0835, % updates: 48.464%
INFO:root:-- EPOCH 4 (1.492 seconds):
INFO:root:COST >> 1.711 +/- 0.0941, % updates: 47.143%
INFO:root:-- EPOCH 5 (1.501 seconds):
INFO:root:COST >> 1.6857 +/- 0.082, % updates: 46.741%
INFO:root:-- EPOCH 6 (1.488 seconds):
INFO:root:COST >> 1.6767 +/- 0.0941, % updates: 46.604%
INFO:root:-- EPOCH 7 (1.47 seconds):
INFO:root:COST >> 1.6643 +/- 0.0907, % updates: 46.362%
INFO:root:-- EPOCH 8 (1.463 seconds):
INFO:root:COST >> 1.6572 +/- 0.0946, % updates: 46.123%
INFO:root:-- EPOCH 9 (1.473 seconds):
INFO:root:COST >> 1.6475 +/- 0.0926, % updates: 46.045%
INFO:root:-- EPOCH 10 (1.472 seconds):
INFO:root:COST >> 1.6377 +/- 0.0936, % updates: 46.018%
INFO:root:-- EPOCH 11 (1.519 seconds):
INFO:root:COST >> 1.6396 +/- 0.0989, % updates: 45.929%
INFO:root:-- EPOCH 12 (1.458 seconds):
INFO:root:COST >> 1.631 +/- 0.0881, % updates: 45.908%
INFO:root:-- EPOCH 13 (1.484 seconds):
INFO:root:COST >> 1.6314 +/- 0.0846, % updates: 45.954%
INFO:root:-- EPOCH 14 (1.482 seconds):
INFO:root:COST >> 1.6216 +/- 0.0927, % updates: 45.969%
INFO:root:-- EPOCH 15 (1.526 seconds):
INFO:root:COST >> 1.6195 +/- 0.0956, % updates: 45.897%
INFO:root:-- EPOCH 16 (1.516 seconds):
INFO:root:COST >> 1.6307 +/- 0.0971, % updates: 45.884%
INFO:root:-- EPOCH 17 (1.505 seconds):
INFO:root:COST >> 1.619 +/- 0.1005, % updates: 45.802%
INFO:root:-- EPOCH 18 (1.509 seconds):
INFO:root:COST >> 1.6191 +/- 0.0911, % updates: 45.86%
INFO:root:-- EPOCH 19 (1.444 seconds):
INFO:root:COST >> 1.6089 +/- 0.0845, % updates: 45.758%
INFO:root:-- EPOCH 20 (1.469 seconds):
INFO:root:COST >> 1.6123 +/- 0.0983, % updates: 45.896%
INFO:root:-- EPOCH 21 (1.453 seconds):
INFO:root:COST >> 1.6135 +/- 0.0907, % updates: 45.787%
INFO:root:-- EPOCH 22 (1.48 seconds):
INFO:root:COST >> 1.606 +/- 0.0963, % updates: 45.82%
INFO:root:-- EPOCH 23 (1.481 seconds):
INFO:root:COST >> 1.6031 +/- 0.099, % updates: 45.641%
INFO:root:-- EPOCH 24 (1.468 seconds):
INFO:root:COST >> 1.6061 +/- 0.0943, % updates: 45.828%
INFO:root:-- EPOCH 25 (1.474 seconds):
INFO:root:COST >> 1.6025 +/- 0.0855, % updates: 45.756%
INFO:root:-- EPOCH 26 (1.474 seconds):
INFO:root:COST >> 1.6005 +/- 0.1001, % updates: 45.647%
INFO:root:-- EPOCH 27 (1.487 seconds):
INFO:root:COST >> 1.597 +/- 0.085, % updates: 45.728%
INFO:root:-- EPOCH 28 (1.496 seconds):
INFO:root:COST >> 1.6012 +/- 0.0835, % updates: 45.799%
INFO:root:-- EPOCH 29 (1.472 seconds):
INFO:root:COST >> 1.5978 +/- 0.0952, % updates: 45.731%
INFO:root:-- EPOCH 30 (1.451 seconds):
INFO:root:COST >> 1.5989 +/- 0.0963, % updates: 45.828%
INFO:root:-- EPOCH 31 (1.536 seconds):
INFO:root:COST >> 1.5924 +/- 0.0884, % updates: 45.707%
INFO:root:-- EPOCH 32 (1.515 seconds):
INFO:root:COST >> 1.5913 +/- 0.0927, % updates: 45.82%
INFO:root:-- EPOCH 33 (1.485 seconds):
INFO:root:COST >> 1.5942 +/- 0.0903, % updates: 45.696%
INFO:root:-- EPOCH 34 (1.508 seconds):
INFO:root:COST >> 1.5908 +/- 0.0829, % updates: 45.83%
INFO:root:-- EPOCH 35 (1.458 seconds):
INFO:root:COST >> 1.5907 +/- 0.0948, % updates: 45.787%
INFO:root:-- EPOCH 36 (1.458 seconds):
INFO:root:COST >> 1.5915 +/- 0.0923, % updates: 45.849%
INFO:root:-- EPOCH 37 (1.469 seconds):
INFO:root:COST >> 1.5926 +/- 0.0984, % updates: 45.883%
INFO:root:-- EPOCH 38 (1.493 seconds):
INFO:root:COST >> 1.5841 +/- 0.0838, % updates: 45.708%
INFO:root:-- EPOCH 39 (1.438 seconds):
INFO:root:COST >> 1.5877 +/- 0.0893, % updates: 45.776%
INFO:root:-- EPOCH 40 (1.478 seconds):
INFO:root:COST >> 1.5869 +/- 0.0895, % updates: 45.833%
INFO:root:-- EPOCH 41 (1.494 seconds):
INFO:root:COST >> 1.579 +/- 0.0945, % updates: 45.733%
INFO:root:-- EPOCH 42 (1.506 seconds):
INFO:root:COST >> 1.5807 +/- 0.0912, % updates: 45.691%
INFO:root:-- EPOCH 43 (1.467 seconds):
INFO:root:COST >> 1.5769 +/- 0.0864, % updates: 45.722%
INFO:root:-- EPOCH 44 (1.498 seconds):
INFO:root:COST >> 1.5799 +/- 0.0895, % updates: 45.775%
INFO:root:-- EPOCH 45 (1.512 seconds):
INFO:root:COST >> 1.579 +/- 0.0947, % updates: 45.73%
INFO:root:-- EPOCH 46 (1.473 seconds):
INFO:root:COST >> 1.5776 +/- 0.0865, % updates: 45.8%
INFO:root:-- EPOCH 47 (1.501 seconds):
INFO:root:COST >> 1.5748 +/- 0.0973, % updates: 45.513%
INFO:root:-- EPOCH 48 (1.491 seconds):
INFO:root:COST >> 1.5769 +/- 0.0935, % updates: 45.829%
INFO:root:-- EPOCH 49 (1.456 seconds):
INFO:root:COST >> 1.5739 +/- 0.0874, % updates: 45.866%
INFO:root:-- EPOCH 50 (1.512 seconds):
INFO:root:COST >> 1.5769 +/- 0.1055, % updates: 45.713%
INFO:root:-- EPOCH 51 (1.448 seconds):
INFO:root:COST >> 1.5741 +/- 0.0962, % updates: 45.694%
INFO:root:-- EPOCH 52 (1.526 seconds):
INFO:root:COST >> 1.5745 +/- 0.0888, % updates: 45.719%
INFO:root:-- EPOCH 53 (1.496 seconds):
INFO:root:COST >> 1.5707 +/- 0.0896, % updates: 45.81%
INFO:root:-- EPOCH 54 (1.488 seconds):
INFO:root:COST >> 1.5745 +/- 0.0968, % updates: 45.789%
INFO:root:-- EPOCH 55 (1.453 seconds):
INFO:root:COST >> 1.5742 +/- 0.0953, % updates: 45.774%
INFO:root:-- EPOCH 56 (1.494 seconds):
INFO:root:COST >> 1.5674 +/- 0.0889, % updates: 45.728%
INFO:root:-- EPOCH 57 (1.48 seconds):
INFO:root:COST >> 1.5769 +/- 0.0913, % updates: 45.943%
INFO:root:-- EPOCH 58 (1.437 seconds):
INFO:root:COST >> 1.5645 +/- 0.0933, % updates: 45.672%
INFO:root:-- EPOCH 59 (1.476 seconds):
INFO:root:COST >> 1.5657 +/- 0.0896, % updates: 45.861%
INFO:root:-- EPOCH 60 (1.474 seconds):
INFO:root:COST >> 1.5687 +/- 0.1007, % updates: 45.876%
INFO:root:-- EPOCH 61 (1.473 seconds):
INFO:root:COST >> 1.5709 +/- 0.0938, % updates: 45.736%
INFO:root:-- EPOCH 62 (1.486 seconds):
INFO:root:COST >> 1.5654 +/- 0.0842, % updates: 45.673%
INFO:root:-- EPOCH 63 (1.49 seconds):
INFO:root:COST >> 1.5696 +/- 0.0947, % updates: 45.801%
INFO:root:-- EPOCH 64 (1.49 seconds):
INFO:root:COST >> 1.5628 +/- 0.084, % updates: 45.684%
INFO:root:-- EPOCH 65 (1.49 seconds):
INFO:root:COST >> 1.5671 +/- 0.091, % updates: 45.726%
INFO:root:-- EPOCH 66 (1.473 seconds):
INFO:root:COST >> 1.5637 +/- 0.0942, % updates: 45.743%
INFO:root:-- EPOCH 67 (1.491 seconds):
INFO:root:COST >> 1.5656 +/- 0.0904, % updates: 45.842%
INFO:root:-- EPOCH 68 (1.457 seconds):
INFO:root:COST >> 1.5694 +/- 0.0932, % updates: 45.742%
INFO:root:-- EPOCH 69 (1.501 seconds):
INFO:root:COST >> 1.5662 +/- 0.0932, % updates: 45.798%
INFO:root:-- EPOCH 70 (1.473 seconds):
INFO:root:COST >> 1.5645 +/- 0.0868, % updates: 45.907%
INFO:root:-- EPOCH 71 (1.52 seconds):
INFO:root:COST >> 1.5629 +/- 0.0913, % updates: 45.755%
INFO:root:-- EPOCH 72 (1.476 seconds):
INFO:root:COST >> 1.5656 +/- 0.0916, % updates: 45.705%
INFO:root:-- EPOCH 73 (1.528 seconds):
INFO:root:COST >> 1.5625 +/- 0.0956, % updates: 45.812%
INFO:root:-- EPOCH 74 (1.486 seconds):
INFO:root:COST >> 1.5623 +/- 0.0929, % updates: 45.747%
INFO:root:-- EPOCH 75 (1.538 seconds):
INFO:root:COST >> 1.5676 +/- 0.0878, % updates: 45.828%
INFO:root:-- EPOCH 76 (1.494 seconds):
INFO:root:COST >> 1.5621 +/- 0.0947, % updates: 45.771%
INFO:root:-- EPOCH 77 (1.479 seconds):
INFO:root:COST >> 1.5632 +/- 0.0841, % updates: 45.859%
INFO:root:-- EPOCH 78 (1.467 seconds):
INFO:root:COST >> 1.5596 +/- 0.0993, % updates: 45.826%
INFO:root:-- EPOCH 79 (1.498 seconds):
INFO:root:COST >> 1.5639 +/- 0.0899, % updates: 45.887%
INFO:root:-- EPOCH 80 (1.48 seconds):
INFO:root:COST >> 1.5613 +/- 0.0985, % updates: 45.885%
INFO:root:-- EPOCH 81 (1.516 seconds):
INFO:root:COST >> 1.5575 +/- 0.0891, % updates: 45.705%
INFO:root:-- EPOCH 82 (1.48 seconds):
INFO:root:COST >> 1.5611 +/- 0.0891, % updates: 45.915%
INFO:root:-- EPOCH 83 (1.497 seconds):
INFO:root:COST >> 1.5561 +/- 0.0899, % updates: 45.74%
INFO:root:-- EPOCH 84 (1.17 seconds):
INFO:root:COST >> 1.555 +/- 0.093, % updates: 45.697%
INFO:root:-- EPOCH 85 (1.172 seconds):
INFO:root:COST >> 1.568 +/- 0.0897, % updates: 45.892%
INFO:root:-- EPOCH 86 (1.149 seconds):
INFO:root:COST >> 1.5578 +/- 0.0818, % updates: 45.909%
INFO:root:-- EPOCH 87 (1.228 seconds):
INFO:root:COST >> 1.5632 +/- 0.0922, % updates: 46.027%
INFO:root:-- EPOCH 88 (1.354 seconds):
INFO:root:COST >> 1.5588 +/- 0.0947, % updates: 45.886%
INFO:root:-- EPOCH 89 (1.475 seconds):
INFO:root:COST >> 1.5598 +/- 0.0858, % updates: 45.886%
INFO:root:-- EPOCH 90 (1.487 seconds):
INFO:root:COST >> 1.5561 +/- 0.0964, % updates: 45.951%
INFO:root:-- EPOCH 91 (1.493 seconds):
INFO:root:COST >> 1.5537 +/- 0.092, % updates: 45.769%
INFO:root:-- EPOCH 92 (1.496 seconds):
INFO:root:COST >> 1.5554 +/- 0.086, % updates: 45.804%
INFO:root:-- EPOCH 93 (1.51 seconds):
INFO:root:COST >> 1.5556 +/- 0.0885, % updates: 45.785%
INFO:root:-- EPOCH 94 (1.497 seconds):
INFO:root:COST >> 1.55 +/- 0.0887, % updates: 45.852%
INFO:root:-- EPOCH 95 (1.486 seconds):
INFO:root:COST >> 1.5588 +/- 0.0915, % updates: 45.911%
INFO:root:-- EPOCH 96 (1.474 seconds):
INFO:root:COST >> 1.5564 +/- 0.0959, % updates: 45.9%
INFO:root:-- EPOCH 97 (1.459 seconds):
INFO:root:COST >> 1.5549 +/- 0.0897, % updates: 45.862%
INFO:root:-- EPOCH 98 (1.482 seconds):
INFO:root:COST >> 1.5548 +/- 0.0881, % updates: 45.906%
INFO:root:-- EPOCH 99 (1.51 seconds):
INFO:root:COST >> 1.5491 +/- 0.093, % updates: 45.767%
INFO:root:-- EPOCH 100 (1.477 seconds):
INFO:root:COST >> 1.556 +/- 0.083, % updates: 45.862%
