INFO:root:Shape for training set: (40961, 141442)
INFO:root:State: {'ndim': '20', 'test_all': 'None', 'test_path': 'None', 'nhid': '50', 'lremb': '10.0', 'seed': '5', 'simfn': 'L1', 'valid_path': 'None', 'nbatches': '10', 'lrparam': '10.0', 'decay': '0.99', 'show_hinton_diagrams': 'False', 'no_rescaling': 'True', 'Nrel': '18', 'ranking_score_right': 'False', 'Nent': '40961', 'Nsyn': '40943', 'method': 'MOMENTUM', 'loss_margin': '1.0', 'C': '1.0', 'epsilon': '1e-06', 'use_db': 'True', 'max_lr': 'None', 'l1_param_weight': 'None', 'filtered': 'False', 'name': 'wn_opt/wn_MOMENTUM_375', 'totepochs': '100', 'l2_param_weight': 'None', 'train_path': 'data/wn/WN-train.pkl', 'op': 'TransE'}
INFO:root:Starting the Experiment ..
INFO:root:-- EPOCH 1 (1.449 seconds):
INFO:root:COST >> 2.7418 +/- 0.2334, % updates: 64.339%
INFO:root:-- EPOCH 2 (1.49 seconds):
INFO:root:COST >> 2.4555 +/- 0.1979, % updates: 52.989%
INFO:root:-- EPOCH 3 (1.5 seconds):
INFO:root:COST >> 2.3331 +/- 0.1985, % updates: 51.098%
INFO:root:-- EPOCH 4 (1.455 seconds):
INFO:root:COST >> 2.2794 +/- 0.1969, % updates: 50.209%
INFO:root:-- EPOCH 5 (1.52 seconds):
INFO:root:COST >> 2.2514 +/- 0.2101, % updates: 49.689%
INFO:root:-- EPOCH 6 (1.451 seconds):
INFO:root:COST >> 2.2341 +/- 0.2159, % updates: 49.359%
INFO:root:-- EPOCH 7 (1.484 seconds):
INFO:root:COST >> 2.2219 +/- 0.212, % updates: 49.199%
INFO:root:-- EPOCH 8 (1.472 seconds):
INFO:root:COST >> 2.2281 +/- 0.2113, % updates: 49.102%
INFO:root:-- EPOCH 9 (1.502 seconds):
INFO:root:COST >> 2.234 +/- 0.2043, % updates: 49.125%
INFO:root:-- EPOCH 10 (1.508 seconds):
INFO:root:COST >> 2.2226 +/- 0.203, % updates: 48.851%
INFO:root:-- EPOCH 11 (1.464 seconds):
INFO:root:COST >> 2.2315 +/- 0.2234, % updates: 48.828%
INFO:root:-- EPOCH 12 (1.456 seconds):
INFO:root:COST >> 2.2272 +/- 0.2116, % updates: 48.837%
INFO:root:-- EPOCH 13 (1.475 seconds):
INFO:root:COST >> 2.2295 +/- 0.2005, % updates: 48.808%
INFO:root:-- EPOCH 14 (1.511 seconds):
INFO:root:COST >> 2.2232 +/- 0.1963, % updates: 48.711%
INFO:root:-- EPOCH 15 (1.455 seconds):
INFO:root:COST >> 2.2267 +/- 0.2102, % updates: 48.663%
INFO:root:-- EPOCH 16 (1.461 seconds):
INFO:root:COST >> 2.2242 +/- 0.2034, % updates: 48.723%
INFO:root:-- EPOCH 17 (1.472 seconds):
INFO:root:COST >> 2.2196 +/- 0.1914, % updates: 48.593%
INFO:root:-- EPOCH 18 (1.501 seconds):
INFO:root:COST >> 2.2242 +/- 0.2008, % updates: 48.548%
INFO:root:-- EPOCH 19 (1.481 seconds):
INFO:root:COST >> 2.2311 +/- 0.2063, % updates: 48.713%
INFO:root:-- EPOCH 20 (1.478 seconds):
INFO:root:COST >> 2.2273 +/- 0.1994, % updates: 48.623%
INFO:root:-- EPOCH 21 (1.476 seconds):
INFO:root:COST >> 2.2294 +/- 0.1925, % updates: 48.578%
INFO:root:-- EPOCH 22 (1.505 seconds):
INFO:root:COST >> 2.2249 +/- 0.1962, % updates: 48.529%
INFO:root:-- EPOCH 23 (1.469 seconds):
INFO:root:COST >> 2.2254 +/- 0.2064, % updates: 48.54%
INFO:root:-- EPOCH 24 (1.462 seconds):
INFO:root:COST >> 2.2231 +/- 0.2002, % updates: 48.612%
INFO:root:-- EPOCH 25 (1.466 seconds):
INFO:root:COST >> 2.2245 +/- 0.1959, % updates: 48.593%
INFO:root:-- EPOCH 26 (1.467 seconds):
INFO:root:COST >> 2.2318 +/- 0.207, % updates: 48.547%
INFO:root:-- EPOCH 27 (1.458 seconds):
INFO:root:COST >> 2.2286 +/- 0.1959, % updates: 48.736%
INFO:root:-- EPOCH 28 (1.528 seconds):
INFO:root:COST >> 2.2339 +/- 0.2034, % updates: 48.598%
INFO:root:-- EPOCH 29 (1.472 seconds):
INFO:root:COST >> 2.2233 +/- 0.2149, % updates: 48.642%
INFO:root:-- EPOCH 30 (1.515 seconds):
INFO:root:COST >> 2.2258 +/- 0.1981, % updates: 48.555%
INFO:root:-- EPOCH 31 (1.518 seconds):
INFO:root:COST >> 2.226 +/- 0.2045, % updates: 48.532%
INFO:root:-- EPOCH 32 (1.507 seconds):
INFO:root:COST >> 2.2245 +/- 0.2097, % updates: 48.571%
INFO:root:-- EPOCH 33 (1.474 seconds):
INFO:root:COST >> 2.2252 +/- 0.2023, % updates: 48.622%
INFO:root:-- EPOCH 34 (1.502 seconds):
INFO:root:COST >> 2.2217 +/- 0.1908, % updates: 48.437%
INFO:root:-- EPOCH 35 (1.508 seconds):
INFO:root:COST >> 2.2267 +/- 0.1988, % updates: 48.652%
INFO:root:-- EPOCH 36 (1.502 seconds):
INFO:root:COST >> 2.2212 +/- 0.1995, % updates: 48.61%
INFO:root:-- EPOCH 37 (1.516 seconds):
INFO:root:COST >> 2.2282 +/- 0.2128, % updates: 48.588%
INFO:root:-- EPOCH 38 (1.528 seconds):
INFO:root:COST >> 2.2281 +/- 0.2001, % updates: 48.653%
INFO:root:-- EPOCH 39 (1.498 seconds):
INFO:root:COST >> 2.2311 +/- 0.1994, % updates: 48.634%
INFO:root:-- EPOCH 40 (1.46 seconds):
INFO:root:COST >> 2.2243 +/- 0.1947, % updates: 48.551%
INFO:root:-- EPOCH 41 (1.51 seconds):
INFO:root:COST >> 2.2249 +/- 0.2093, % updates: 48.622%
INFO:root:-- EPOCH 42 (1.493 seconds):
INFO:root:COST >> 2.2284 +/- 0.2098, % updates: 48.715%
INFO:root:-- EPOCH 43 (1.483 seconds):
INFO:root:COST >> 2.2269 +/- 0.2009, % updates: 48.669%
INFO:root:-- EPOCH 44 (1.46 seconds):
INFO:root:COST >> 2.2297 +/- 0.2106, % updates: 48.519%
INFO:root:-- EPOCH 45 (1.496 seconds):
INFO:root:COST >> 2.229 +/- 0.198, % updates: 48.683%
INFO:root:-- EPOCH 46 (1.49 seconds):
INFO:root:COST >> 2.2289 +/- 0.2083, % updates: 48.617%
INFO:root:-- EPOCH 47 (1.524 seconds):
INFO:root:COST >> 2.2241 +/- 0.2042, % updates: 48.495%
INFO:root:-- EPOCH 48 (1.469 seconds):
INFO:root:COST >> 2.2285 +/- 0.2066, % updates: 48.639%
INFO:root:-- EPOCH 49 (1.513 seconds):
INFO:root:COST >> 2.2218 +/- 0.1994, % updates: 48.413%
INFO:root:-- EPOCH 50 (1.483 seconds):
INFO:root:COST >> 2.2289 +/- 0.194, % updates: 48.592%
INFO:root:-- EPOCH 51 (1.45 seconds):
INFO:root:COST >> 2.2289 +/- 0.2147, % updates: 48.559%
INFO:root:-- EPOCH 52 (1.477 seconds):
INFO:root:COST >> 2.226 +/- 0.1976, % updates: 48.598%
INFO:root:-- EPOCH 53 (1.476 seconds):
INFO:root:COST >> 2.228 +/- 0.1983, % updates: 48.537%
INFO:root:-- EPOCH 54 (1.469 seconds):
INFO:root:COST >> 2.2242 +/- 0.2017, % updates: 48.625%
INFO:root:-- EPOCH 55 (1.498 seconds):
INFO:root:COST >> 2.2222 +/- 0.2017, % updates: 48.619%
INFO:root:-- EPOCH 56 (1.514 seconds):
INFO:root:COST >> 2.2253 +/- 0.2049, % updates: 48.592%
INFO:root:-- EPOCH 57 (1.456 seconds):
INFO:root:COST >> 2.229 +/- 0.2011, % updates: 48.586%
INFO:root:-- EPOCH 58 (1.47 seconds):
INFO:root:COST >> 2.2188 +/- 0.2007, % updates: 48.433%
INFO:root:-- EPOCH 59 (1.519 seconds):
INFO:root:COST >> 2.2131 +/- 0.2006, % updates: 48.5%
INFO:root:-- EPOCH 60 (1.504 seconds):
INFO:root:COST >> 2.2322 +/- 0.2031, % updates: 48.613%
INFO:root:-- EPOCH 61 (1.483 seconds):
INFO:root:COST >> 2.2356 +/- 0.2139, % updates: 48.59%
INFO:root:-- EPOCH 62 (1.509 seconds):
INFO:root:COST >> 2.2349 +/- 0.1973, % updates: 48.748%
INFO:root:-- EPOCH 63 (1.512 seconds):
INFO:root:COST >> 2.2249 +/- 0.2058, % updates: 48.556%
INFO:root:-- EPOCH 64 (1.461 seconds):
INFO:root:COST >> 2.2175 +/- 0.2124, % updates: 48.37%
INFO:root:-- EPOCH 65 (1.473 seconds):
INFO:root:COST >> 2.2275 +/- 0.2076, % updates: 48.591%
INFO:root:-- EPOCH 66 (1.469 seconds):
INFO:root:COST >> 2.2389 +/- 0.1964, % updates: 48.663%
INFO:root:-- EPOCH 67 (1.518 seconds):
INFO:root:COST >> 2.2206 +/- 0.2004, % updates: 48.583%
INFO:root:-- EPOCH 68 (1.507 seconds):
INFO:root:COST >> 2.2256 +/- 0.2024, % updates: 48.487%
INFO:root:-- EPOCH 69 (1.512 seconds):
INFO:root:COST >> 2.2201 +/- 0.2093, % updates: 48.43%
INFO:root:-- EPOCH 70 (1.468 seconds):
INFO:root:COST >> 2.2234 +/- 0.2064, % updates: 48.532%
INFO:root:-- EPOCH 71 (1.479 seconds):
INFO:root:COST >> 2.228 +/- 0.2002, % updates: 48.609%
INFO:root:-- EPOCH 72 (1.472 seconds):
INFO:root:COST >> 2.2288 +/- 0.1965, % updates: 48.616%
INFO:root:-- EPOCH 73 (1.465 seconds):
INFO:root:COST >> 2.2317 +/- 0.2081, % updates: 48.665%
INFO:root:-- EPOCH 74 (1.447 seconds):
INFO:root:COST >> 2.2353 +/- 0.1937, % updates: 48.69%
INFO:root:-- EPOCH 75 (1.19 seconds):
INFO:root:COST >> 2.2278 +/- 0.2076, % updates: 48.539%
INFO:root:-- EPOCH 76 (1.091 seconds):
INFO:root:COST >> 2.2169 +/- 0.2055, % updates: 48.462%
INFO:root:-- EPOCH 77 (1.162 seconds):
INFO:root:COST >> 2.2146 +/- 0.2055, % updates: 48.366%
INFO:root:-- EPOCH 78 (1.194 seconds):
INFO:root:COST >> 2.2272 +/- 0.2011, % updates: 48.453%
INFO:root:-- EPOCH 79 (1.487 seconds):
INFO:root:COST >> 2.2264 +/- 0.2098, % updates: 48.645%
INFO:root:-- EPOCH 80 (1.486 seconds):
INFO:root:COST >> 2.2296 +/- 0.1977, % updates: 48.544%
INFO:root:-- EPOCH 81 (1.485 seconds):
INFO:root:COST >> 2.2241 +/- 0.2064, % updates: 48.591%
INFO:root:-- EPOCH 82 (1.487 seconds):
INFO:root:COST >> 2.2295 +/- 0.2052, % updates: 48.573%
INFO:root:-- EPOCH 83 (1.489 seconds):
INFO:root:COST >> 2.2251 +/- 0.2039, % updates: 48.71%
INFO:root:-- EPOCH 84 (1.485 seconds):
INFO:root:COST >> 2.2284 +/- 0.2015, % updates: 48.663%
INFO:root:-- EPOCH 85 (1.491 seconds):
INFO:root:COST >> 2.222 +/- 0.2011, % updates: 48.561%
INFO:root:-- EPOCH 86 (1.476 seconds):
INFO:root:COST >> 2.2231 +/- 0.2037, % updates: 48.54%
INFO:root:-- EPOCH 87 (1.534 seconds):
INFO:root:COST >> 2.2236 +/- 0.1934, % updates: 48.596%
INFO:root:-- EPOCH 88 (1.463 seconds):
INFO:root:COST >> 2.2173 +/- 0.1938, % updates: 48.457%
INFO:root:-- EPOCH 89 (1.486 seconds):
INFO:root:COST >> 2.2289 +/- 0.2102, % updates: 48.541%
INFO:root:-- EPOCH 90 (1.471 seconds):
INFO:root:COST >> 2.2232 +/- 0.2055, % updates: 48.631%
INFO:root:-- EPOCH 91 (1.468 seconds):
INFO:root:COST >> 2.23 +/- 0.1901, % updates: 48.602%
INFO:root:-- EPOCH 92 (1.504 seconds):
INFO:root:COST >> 2.2288 +/- 0.2122, % updates: 48.637%
INFO:root:-- EPOCH 93 (1.484 seconds):
INFO:root:COST >> 2.2392 +/- 0.1901, % updates: 48.743%
INFO:root:-- EPOCH 94 (1.51 seconds):
INFO:root:COST >> 2.2178 +/- 0.2056, % updates: 48.489%
INFO:root:-- EPOCH 95 (1.536 seconds):
INFO:root:COST >> 2.2345 +/- 0.2069, % updates: 48.644%
INFO:root:-- EPOCH 96 (1.465 seconds):
INFO:root:COST >> 2.2214 +/- 0.2049, % updates: 48.605%
INFO:root:-- EPOCH 97 (1.483 seconds):
INFO:root:COST >> 2.2168 +/- 0.199, % updates: 48.359%
INFO:root:-- EPOCH 98 (1.513 seconds):
INFO:root:COST >> 2.229 +/- 0.2077, % updates: 48.629%
INFO:root:-- EPOCH 99 (1.488 seconds):
INFO:root:COST >> 2.2272 +/- 0.2067, % updates: 48.495%
INFO:root:-- EPOCH 100 (1.498 seconds):
INFO:root:COST >> 2.2232 +/- 0.2086, % updates: 48.53%
