INFO:root:Shape for training set: (40961, 141442)
INFO:root:State: {'ndim': '20', 'test_all': 'None', 'test_path': 'None', 'nhid': '50', 'lremb': '10.0', 'seed': '7', 'simfn': 'L1', 'valid_path': 'None', 'nbatches': '10', 'lrparam': '10.0', 'decay': '0.9', 'show_hinton_diagrams': 'False', 'no_rescaling': 'True', 'Nrel': '18', 'ranking_score_right': 'False', 'Nent': '40961', 'Nsyn': '40943', 'method': 'MOMENTUM', 'loss_margin': '1.0', 'C': '1.0', 'epsilon': '1e-06', 'use_db': 'True', 'max_lr': 'None', 'l1_param_weight': 'None', 'filtered': 'False', 'name': 'wn_opt/wn_MOMENTUM_387', 'totepochs': '100', 'l2_param_weight': 'None', 'train_path': 'data/wn/WN-train.pkl', 'op': 'TransE'}
INFO:root:Starting the Experiment ..
INFO:root:-- EPOCH 1 (1.499 seconds):
INFO:root:COST >> 2.8263 +/- 0.26, % updates: 63.738%
INFO:root:-- EPOCH 2 (1.467 seconds):
INFO:root:COST >> 2.8333 +/- 0.2793, % updates: 53.494%
INFO:root:-- EPOCH 3 (1.512 seconds):
INFO:root:COST >> 2.8712 +/- 0.2627, % updates: 52.876%
INFO:root:-- EPOCH 4 (1.505 seconds):
INFO:root:COST >> 2.8929 +/- 0.2596, % updates: 52.898%
INFO:root:-- EPOCH 5 (1.476 seconds):
INFO:root:COST >> 2.9008 +/- 0.2631, % updates: 53.103%
INFO:root:-- EPOCH 6 (1.474 seconds):
INFO:root:COST >> 2.8887 +/- 0.264, % updates: 53.047%
INFO:root:-- EPOCH 7 (1.536 seconds):
INFO:root:COST >> 2.8861 +/- 0.2793, % updates: 52.858%
INFO:root:-- EPOCH 8 (1.524 seconds):
INFO:root:COST >> 2.8911 +/- 0.2616, % updates: 52.977%
INFO:root:-- EPOCH 9 (1.466 seconds):
INFO:root:COST >> 2.8939 +/- 0.2769, % updates: 52.855%
INFO:root:-- EPOCH 10 (1.513 seconds):
INFO:root:COST >> 2.8984 +/- 0.2663, % updates: 52.946%
INFO:root:-- EPOCH 11 (1.491 seconds):
INFO:root:COST >> 2.8989 +/- 0.2628, % updates: 53.02%
INFO:root:-- EPOCH 12 (1.533 seconds):
INFO:root:COST >> 2.889 +/- 0.2639, % updates: 52.931%
INFO:root:-- EPOCH 13 (1.515 seconds):
INFO:root:COST >> 2.8947 +/- 0.2591, % updates: 53.055%
INFO:root:-- EPOCH 14 (1.494 seconds):
INFO:root:COST >> 2.8937 +/- 0.2575, % updates: 52.92%
INFO:root:-- EPOCH 15 (1.463 seconds):
INFO:root:COST >> 2.8889 +/- 0.2724, % updates: 52.879%
INFO:root:-- EPOCH 16 (1.477 seconds):
INFO:root:COST >> 2.8921 +/- 0.2725, % updates: 53.025%
INFO:root:-- EPOCH 17 (1.503 seconds):
INFO:root:COST >> 2.8859 +/- 0.2804, % updates: 52.882%
INFO:root:-- EPOCH 18 (1.469 seconds):
INFO:root:COST >> 2.9034 +/- 0.2744, % updates: 52.998%
INFO:root:-- EPOCH 19 (1.468 seconds):
INFO:root:COST >> 2.8929 +/- 0.266, % updates: 53.02%
INFO:root:-- EPOCH 20 (1.472 seconds):
INFO:root:COST >> 2.8942 +/- 0.2711, % updates: 52.889%
INFO:root:-- EPOCH 21 (1.471 seconds):
INFO:root:COST >> 2.8855 +/- 0.2698, % updates: 52.976%
INFO:root:-- EPOCH 22 (1.467 seconds):
INFO:root:COST >> 2.8999 +/- 0.2772, % updates: 53.152%
INFO:root:-- EPOCH 23 (1.5 seconds):
INFO:root:COST >> 2.8952 +/- 0.2861, % updates: 52.967%
INFO:root:-- EPOCH 24 (1.481 seconds):
INFO:root:COST >> 2.8949 +/- 0.2769, % updates: 53.089%
INFO:root:-- EPOCH 25 (1.46 seconds):
INFO:root:COST >> 2.8836 +/- 0.2667, % updates: 52.921%
INFO:root:-- EPOCH 26 (1.487 seconds):
INFO:root:COST >> 2.8865 +/- 0.2649, % updates: 52.914%
INFO:root:-- EPOCH 27 (1.472 seconds):
INFO:root:COST >> 2.8904 +/- 0.2686, % updates: 52.978%
INFO:root:-- EPOCH 28 (1.481 seconds):
INFO:root:COST >> 2.8821 +/- 0.2639, % updates: 52.934%
INFO:root:-- EPOCH 29 (1.484 seconds):
INFO:root:COST >> 2.8935 +/- 0.2764, % updates: 53.049%
INFO:root:-- EPOCH 30 (1.473 seconds):
INFO:root:COST >> 2.8878 +/- 0.2546, % updates: 52.961%
INFO:root:-- EPOCH 31 (1.482 seconds):
INFO:root:COST >> 2.8895 +/- 0.2633, % updates: 53.087%
INFO:root:-- EPOCH 32 (1.485 seconds):
INFO:root:COST >> 2.8922 +/- 0.2526, % updates: 52.95%
INFO:root:-- EPOCH 33 (1.469 seconds):
INFO:root:COST >> 2.8909 +/- 0.2601, % updates: 53.081%
INFO:root:-- EPOCH 34 (1.955 seconds):
INFO:root:COST >> 2.8931 +/- 0.2711, % updates: 53.044%
INFO:root:-- EPOCH 35 (1.933 seconds):
INFO:root:COST >> 2.9046 +/- 0.2731, % updates: 52.991%
INFO:root:-- EPOCH 36 (1.972 seconds):
INFO:root:COST >> 2.9079 +/- 0.2644, % updates: 53.185%
INFO:root:-- EPOCH 37 (1.901 seconds):
INFO:root:COST >> 2.8902 +/- 0.2753, % updates: 52.942%
INFO:root:-- EPOCH 38 (1.902 seconds):
INFO:root:COST >> 2.891 +/- 0.2535, % updates: 52.962%
INFO:root:-- EPOCH 39 (1.926 seconds):
INFO:root:COST >> 2.8883 +/- 0.2646, % updates: 52.953%
INFO:root:-- EPOCH 40 (1.74 seconds):
INFO:root:COST >> 2.8884 +/- 0.26, % updates: 52.984%
INFO:root:-- EPOCH 41 (1.48 seconds):
INFO:root:COST >> 2.8918 +/- 0.2741, % updates: 52.94%
INFO:root:-- EPOCH 42 (1.491 seconds):
INFO:root:COST >> 2.8888 +/- 0.2734, % updates: 52.895%
INFO:root:-- EPOCH 43 (1.478 seconds):
INFO:root:COST >> 2.8888 +/- 0.2767, % updates: 52.935%
INFO:root:-- EPOCH 44 (1.497 seconds):
INFO:root:COST >> 2.897 +/- 0.2724, % updates: 52.854%
INFO:root:-- EPOCH 45 (1.499 seconds):
INFO:root:COST >> 2.8937 +/- 0.272, % updates: 53.039%
INFO:root:-- EPOCH 46 (1.473 seconds):
INFO:root:COST >> 2.8879 +/- 0.2673, % updates: 53.063%
INFO:root:-- EPOCH 47 (1.508 seconds):
INFO:root:COST >> 2.8958 +/- 0.2875, % updates: 52.943%
INFO:root:-- EPOCH 48 (1.481 seconds):
INFO:root:COST >> 2.8893 +/- 0.2667, % updates: 53.018%
INFO:root:-- EPOCH 49 (1.485 seconds):
INFO:root:COST >> 2.8924 +/- 0.2692, % updates: 52.819%
INFO:root:-- EPOCH 50 (1.473 seconds):
INFO:root:COST >> 2.8928 +/- 0.2836, % updates: 52.964%
INFO:root:-- EPOCH 51 (1.53 seconds):
INFO:root:COST >> 2.8956 +/- 0.2686, % updates: 52.993%
INFO:root:-- EPOCH 52 (1.512 seconds):
INFO:root:COST >> 2.8995 +/- 0.268, % updates: 52.986%
INFO:root:-- EPOCH 53 (1.504 seconds):
INFO:root:COST >> 2.8878 +/- 0.2676, % updates: 52.829%
INFO:root:-- EPOCH 54 (1.511 seconds):
INFO:root:COST >> 2.8874 +/- 0.2857, % updates: 52.848%
INFO:root:-- EPOCH 55 (1.561 seconds):
INFO:root:COST >> 2.8867 +/- 0.2774, % updates: 52.939%
INFO:root:-- EPOCH 56 (1.466 seconds):
INFO:root:COST >> 2.8844 +/- 0.2618, % updates: 52.823%
INFO:root:-- EPOCH 57 (1.505 seconds):
INFO:root:COST >> 2.8888 +/- 0.2841, % updates: 52.881%
INFO:root:-- EPOCH 58 (1.531 seconds):
INFO:root:COST >> 2.8858 +/- 0.2645, % updates: 52.895%
INFO:root:-- EPOCH 59 (1.465 seconds):
INFO:root:COST >> 2.8916 +/- 0.2712, % updates: 52.957%
INFO:root:-- EPOCH 60 (1.463 seconds):
INFO:root:COST >> 2.8914 +/- 0.2698, % updates: 52.958%
INFO:root:-- EPOCH 61 (1.493 seconds):
INFO:root:COST >> 2.8852 +/- 0.2678, % updates: 52.987%
INFO:root:-- EPOCH 62 (1.483 seconds):
INFO:root:COST >> 2.8839 +/- 0.2684, % updates: 52.886%
INFO:root:-- EPOCH 63 (1.469 seconds):
INFO:root:COST >> 2.891 +/- 0.2584, % updates: 52.99%
INFO:root:-- EPOCH 64 (1.476 seconds):
INFO:root:COST >> 2.8794 +/- 0.2629, % updates: 52.803%
INFO:root:-- EPOCH 65 (1.518 seconds):
INFO:root:COST >> 2.8933 +/- 0.2679, % updates: 53.024%
INFO:root:-- EPOCH 66 (1.491 seconds):
INFO:root:COST >> 2.8856 +/- 0.2638, % updates: 53.007%
INFO:root:-- EPOCH 67 (1.504 seconds):
INFO:root:COST >> 2.8735 +/- 0.2647, % updates: 52.978%
INFO:root:-- EPOCH 68 (1.446 seconds):
INFO:root:COST >> 2.887 +/- 0.2647, % updates: 52.863%
INFO:root:-- EPOCH 69 (1.513 seconds):
INFO:root:COST >> 2.897 +/- 0.2641, % updates: 52.907%
INFO:root:-- EPOCH 70 (1.502 seconds):
INFO:root:COST >> 2.8963 +/- 0.2487, % updates: 52.99%
INFO:root:-- EPOCH 71 (1.501 seconds):
INFO:root:COST >> 2.8787 +/- 0.2784, % updates: 52.859%
INFO:root:-- EPOCH 72 (1.467 seconds):
INFO:root:COST >> 2.9013 +/- 0.2736, % updates: 52.989%
INFO:root:-- EPOCH 73 (1.455 seconds):
INFO:root:COST >> 2.8876 +/- 0.2648, % updates: 52.894%
INFO:root:-- EPOCH 74 (1.457 seconds):
INFO:root:COST >> 2.9004 +/- 0.2797, % updates: 53.102%
INFO:root:-- EPOCH 75 (1.136 seconds):
INFO:root:COST >> 2.8936 +/- 0.2672, % updates: 53.007%
INFO:root:-- EPOCH 76 (1.175 seconds):
INFO:root:COST >> 2.8973 +/- 0.2655, % updates: 53.031%
INFO:root:-- EPOCH 77 (1.119 seconds):
INFO:root:COST >> 2.8967 +/- 0.2768, % updates: 52.94%
INFO:root:-- EPOCH 78 (1.148 seconds):
INFO:root:COST >> 2.8908 +/- 0.2753, % updates: 53.056%
INFO:root:-- EPOCH 79 (1.313 seconds):
INFO:root:COST >> 2.8934 +/- 0.2834, % updates: 52.885%
INFO:root:-- EPOCH 80 (1.448 seconds):
INFO:root:COST >> 2.898 +/- 0.2877, % updates: 52.995%
INFO:root:-- EPOCH 81 (1.485 seconds):
INFO:root:COST >> 2.8809 +/- 0.2679, % updates: 52.865%
INFO:root:-- EPOCH 82 (1.484 seconds):
INFO:root:COST >> 2.896 +/- 0.2597, % updates: 52.916%
INFO:root:-- EPOCH 83 (1.477 seconds):
INFO:root:COST >> 2.8918 +/- 0.2633, % updates: 52.973%
INFO:root:-- EPOCH 84 (1.465 seconds):
INFO:root:COST >> 2.894 +/- 0.2515, % updates: 52.975%
INFO:root:-- EPOCH 85 (1.483 seconds):
INFO:root:COST >> 2.8965 +/- 0.2688, % updates: 52.903%
INFO:root:-- EPOCH 86 (1.467 seconds):
INFO:root:COST >> 2.8919 +/- 0.2564, % updates: 52.873%
INFO:root:-- EPOCH 87 (1.49 seconds):
INFO:root:COST >> 2.8964 +/- 0.271, % updates: 53.042%
INFO:root:-- EPOCH 88 (1.481 seconds):
INFO:root:COST >> 2.8986 +/- 0.2702, % updates: 53.03%
INFO:root:-- EPOCH 89 (1.472 seconds):
INFO:root:COST >> 2.8944 +/- 0.2682, % updates: 53.017%
INFO:root:-- EPOCH 90 (1.494 seconds):
INFO:root:COST >> 2.905 +/- 0.2713, % updates: 53.185%
INFO:root:-- EPOCH 91 (1.494 seconds):
INFO:root:COST >> 2.8928 +/- 0.2624, % updates: 53.086%
INFO:root:-- EPOCH 92 (1.474 seconds):
INFO:root:COST >> 2.8946 +/- 0.2647, % updates: 53.018%
INFO:root:-- EPOCH 93 (1.466 seconds):
INFO:root:COST >> 2.893 +/- 0.2643, % updates: 53.048%
INFO:root:-- EPOCH 94 (1.49 seconds):
INFO:root:COST >> 2.8857 +/- 0.2673, % updates: 52.953%
INFO:root:-- EPOCH 95 (1.465 seconds):
INFO:root:COST >> 2.8964 +/- 0.2632, % updates: 53.01%
INFO:root:-- EPOCH 96 (1.469 seconds):
INFO:root:COST >> 2.8881 +/- 0.2726, % updates: 53.016%
INFO:root:-- EPOCH 97 (1.463 seconds):
INFO:root:COST >> 2.9041 +/- 0.2617, % updates: 53.034%
INFO:root:-- EPOCH 98 (1.477 seconds):
INFO:root:COST >> 2.8838 +/- 0.2551, % updates: 52.998%
INFO:root:-- EPOCH 99 (1.498 seconds):
INFO:root:COST >> 2.8837 +/- 0.2705, % updates: 52.89%
INFO:root:-- EPOCH 100 (1.512 seconds):
INFO:root:COST >> 2.9025 +/- 0.2518, % updates: 53.045%
