INFO:root:Shape for training set: (40961, 141442)
INFO:root:State: {'ndim': '20', 'test_all': 'None', 'test_path': 'None', 'nhid': '50', 'lremb': '0.0001', 'seed': '0', 'simfn': 'L1', 'valid_path': 'None', 'nbatches': '10', 'lrparam': '0.0001', 'decay': '0.9999', 'show_hinton_diagrams': 'False', 'no_rescaling': 'True', 'Nrel': '18', 'ranking_score_right': 'False', 'Nent': '40961', 'Nsyn': '40943', 'method': 'MOMENTUM', 'loss_margin': '1.0', 'C': '1.0', 'epsilon': '1e-06', 'use_db': 'True', 'max_lr': 'None', 'l1_param_weight': 'None', 'filtered': 'False', 'name': 'wn_opt/wn_MOMENTUM_100', 'totepochs': '100', 'l2_param_weight': 'None', 'train_path': 'data/wn/WN-train.pkl', 'op': 'TransE'}
INFO:root:Starting the Experiment ..
INFO:root:-- EPOCH 1 (1.637 seconds):
INFO:root:COST >> 2.1751 +/- 0.03, % updates: 81.482%
INFO:root:-- EPOCH 2 (1.762 seconds):
INFO:root:COST >> 2.0467 +/- 0.0361, % updates: 77.201%
INFO:root:-- EPOCH 3 (1.805 seconds):
INFO:root:COST >> 1.8854 +/- 0.0404, % updates: 72.358%
INFO:root:-- EPOCH 4 (1.937 seconds):
INFO:root:COST >> 1.6855 +/- 0.0511, % updates: 68.067%
INFO:root:-- EPOCH 5 (2.276 seconds):
INFO:root:COST >> 1.4985 +/- 0.0586, % updates: 63.296%
INFO:root:-- EPOCH 6 (2.256 seconds):
INFO:root:COST >> 1.308 +/- 0.0559, % updates: 58.113%
INFO:root:-- EPOCH 7 (2.349 seconds):
INFO:root:COST >> 1.1621 +/- 0.036, % updates: 53.99%
INFO:root:-- EPOCH 8 (2.215 seconds):
INFO:root:COST >> 1.0536 +/- 0.0219, % updates: 50.253%
INFO:root:-- EPOCH 9 (2.22 seconds):
INFO:root:COST >> 0.9531 +/- 0.0293, % updates: 47.033%
INFO:root:-- EPOCH 10 (2.209 seconds):
INFO:root:COST >> 0.9089 +/- 0.0218, % updates: 44.999%
INFO:root:-- EPOCH 11 (2.071 seconds):
INFO:root:COST >> 0.8604 +/- 0.013, % updates: 43.243%
INFO:root:-- EPOCH 12 (1.931 seconds):
INFO:root:COST >> 0.8486 +/- 0.0131, % updates: 42.304%
INFO:root:-- EPOCH 13 (2.133 seconds):
INFO:root:COST >> 0.8228 +/- 0.0196, % updates: 41.504%
INFO:root:-- EPOCH 14 (2.124 seconds):
INFO:root:COST >> 0.8157 +/- 0.0124, % updates: 41.174%
INFO:root:-- EPOCH 15 (2.074 seconds):
INFO:root:COST >> 0.7957 +/- 0.014, % updates: 40.396%
INFO:root:-- EPOCH 16 (2.097 seconds):
INFO:root:COST >> 0.7781 +/- 0.0123, % updates: 39.867%
INFO:root:-- EPOCH 17 (2.18 seconds):
INFO:root:COST >> 0.7585 +/- 0.0158, % updates: 38.91%
INFO:root:-- EPOCH 18 (2.177 seconds):
INFO:root:COST >> 0.7338 +/- 0.0122, % updates: 38.199%
INFO:root:-- EPOCH 19 (2.275 seconds):
INFO:root:COST >> 0.7085 +/- 0.0283, % updates: 37.456%
INFO:root:-- EPOCH 20 (2.254 seconds):
INFO:root:COST >> 0.6842 +/- 0.0236, % updates: 36.366%
INFO:root:-- EPOCH 21 (2.239 seconds):
INFO:root:COST >> 0.6535 +/- 0.0136, % updates: 35.699%
INFO:root:-- EPOCH 22 (2.087 seconds):
INFO:root:COST >> 0.626 +/- 0.015, % updates: 34.426%
INFO:root:-- EPOCH 23 (2.378 seconds):
INFO:root:COST >> 0.6016 +/- 0.0148, % updates: 33.496%
INFO:root:-- EPOCH 24 (2.241 seconds):
INFO:root:COST >> 0.5749 +/- 0.0139, % updates: 32.391%
INFO:root:-- EPOCH 25 (2.322 seconds):
INFO:root:COST >> 0.5454 +/- 0.0121, % updates: 31.749%
INFO:root:-- EPOCH 26 (2.316 seconds):
INFO:root:COST >> 0.514 +/- 0.0123, % updates: 30.446%
INFO:root:-- EPOCH 27 (2.383 seconds):
INFO:root:COST >> 0.4937 +/- 0.0167, % updates: 29.913%
INFO:root:-- EPOCH 28 (2.395 seconds):
INFO:root:COST >> 0.4699 +/- 0.0143, % updates: 28.967%
INFO:root:-- EPOCH 29 (2.423 seconds):
INFO:root:COST >> 0.4486 +/- 0.0123, % updates: 28.15%
INFO:root:-- EPOCH 30 (2.45 seconds):
INFO:root:COST >> 0.4283 +/- 0.0186, % updates: 27.682%
INFO:root:-- EPOCH 31 (2.254 seconds):
INFO:root:COST >> 0.4095 +/- 0.0124, % updates: 26.972%
INFO:root:-- EPOCH 32 (2.375 seconds):
INFO:root:COST >> 0.3798 +/- 0.0092, % updates: 25.846%
INFO:root:-- EPOCH 33 (2.396 seconds):
INFO:root:COST >> 0.3663 +/- 0.0154, % updates: 25.228%
INFO:root:-- EPOCH 34 (2.343 seconds):
INFO:root:COST >> 0.3538 +/- 0.0109, % updates: 24.911%
INFO:root:-- EPOCH 35 (2.344 seconds):
INFO:root:COST >> 0.3487 +/- 0.0095, % updates: 24.913%
INFO:root:-- EPOCH 36 (2.356 seconds):
INFO:root:COST >> 0.3342 +/- 0.0115, % updates: 24.381%
INFO:root:-- EPOCH 37 (2.172 seconds):
INFO:root:COST >> 0.3291 +/- 0.024, % updates: 24.185%
INFO:root:-- EPOCH 38 (2.36 seconds):
INFO:root:COST >> 0.3056 +/- 0.0212, % updates: 23.106%
INFO:root:-- EPOCH 39 (2.393 seconds):
INFO:root:COST >> 0.3103 +/- 0.0175, % updates: 23.537%
INFO:root:-- EPOCH 40 (2.35 seconds):
INFO:root:COST >> 0.3031 +/- 0.0065, % updates: 23.25%
INFO:root:-- EPOCH 41 (2.311 seconds):
INFO:root:COST >> 0.2958 +/- 0.0083, % updates: 22.981%
INFO:root:-- EPOCH 42 (2.339 seconds):
INFO:root:COST >> 0.2802 +/- 0.0142, % updates: 22.347%
INFO:root:-- EPOCH 43 (2.361 seconds):
INFO:root:COST >> 0.2843 +/- 0.0143, % updates: 22.516%
INFO:root:-- EPOCH 44 (2.387 seconds):
INFO:root:COST >> 0.2736 +/- 0.0181, % updates: 22.054%
INFO:root:-- EPOCH 45 (2.229 seconds):
INFO:root:COST >> 0.2779 +/- 0.024, % updates: 22.537%
INFO:root:-- EPOCH 46 (2.144 seconds):
INFO:root:COST >> 0.2792 +/- 0.0178, % updates: 22.781%
INFO:root:-- EPOCH 47 (2.24 seconds):
INFO:root:COST >> 0.2706 +/- 0.0217, % updates: 22.503%
INFO:root:-- EPOCH 48 (2.298 seconds):
INFO:root:COST >> 0.2752 +/- 0.0113, % updates: 22.753%
INFO:root:-- EPOCH 49 (2.393 seconds):
INFO:root:COST >> 0.2669 +/- 0.0188, % updates: 22.358%
INFO:root:-- EPOCH 50 (2.239 seconds):
INFO:root:COST >> 0.2724 +/- 0.0141, % updates: 22.635%
INFO:root:-- EPOCH 51 (2.301 seconds):
INFO:root:COST >> 0.2632 +/- 0.0126, % updates: 22.258%
INFO:root:-- EPOCH 52 (2.412 seconds):
INFO:root:COST >> 0.2537 +/- 0.0194, % updates: 21.904%
INFO:root:-- EPOCH 53 (2.286 seconds):
INFO:root:COST >> 0.2486 +/- 0.016, % updates: 21.406%
INFO:root:-- EPOCH 54 (2.04 seconds):
INFO:root:COST >> 0.2535 +/- 0.012, % updates: 21.684%
INFO:root:-- EPOCH 55 (2.211 seconds):
INFO:root:COST >> 0.2495 +/- 0.0103, % updates: 21.589%
INFO:root:-- EPOCH 56 (2.191 seconds):
INFO:root:COST >> 0.2454 +/- 0.0107, % updates: 21.357%
INFO:root:-- EPOCH 57 (2.268 seconds):
INFO:root:COST >> 0.2428 +/- 0.0128, % updates: 21.198%
INFO:root:-- EPOCH 58 (2.371 seconds):
INFO:root:COST >> 0.2281 +/- 0.0158, % updates: 20.464%
INFO:root:-- EPOCH 59 (2.327 seconds):
INFO:root:COST >> 0.2282 +/- 0.0229, % updates: 20.671%
INFO:root:-- EPOCH 60 (2.369 seconds):
INFO:root:COST >> 0.2305 +/- 0.0107, % updates: 20.502%
INFO:root:-- EPOCH 61 (2.178 seconds):
INFO:root:COST >> 0.23 +/- 0.0204, % updates: 20.558%
INFO:root:-- EPOCH 62 (2.472 seconds):
INFO:root:COST >> 0.232 +/- 0.0147, % updates: 20.863%
INFO:root:-- EPOCH 63 (2.507 seconds):
INFO:root:COST >> 0.2309 +/- 0.0168, % updates: 20.784%
INFO:root:-- EPOCH 64 (2.425 seconds):
INFO:root:COST >> 0.2258 +/- 0.0213, % updates: 20.563%
INFO:root:-- EPOCH 65 (2.399 seconds):
INFO:root:COST >> 0.2373 +/- 0.0164, % updates: 20.807%
INFO:root:-- EPOCH 66 (2.24 seconds):
INFO:root:COST >> 0.2378 +/- 0.0112, % updates: 20.912%
INFO:root:-- EPOCH 67 (2.276 seconds):
INFO:root:COST >> 0.2262 +/- 0.0143, % updates: 20.582%
INFO:root:-- EPOCH 68 (2.426 seconds):
INFO:root:COST >> 0.2286 +/- 0.0213, % updates: 20.6%
INFO:root:-- EPOCH 69 (2.324 seconds):
INFO:root:COST >> 0.2341 +/- 0.0297, % updates: 20.911%
INFO:root:-- EPOCH 70 (2.355 seconds):
INFO:root:COST >> 0.2438 +/- 0.0167, % updates: 21.465%
INFO:root:-- EPOCH 71 (2.283 seconds):
INFO:root:COST >> 0.2588 +/- 0.0187, % updates: 22.67%
INFO:root:-- EPOCH 72 (2.369 seconds):
INFO:root:COST >> 0.2579 +/- 0.0186, % updates: 22.529%
INFO:root:-- EPOCH 73 (2.384 seconds):
INFO:root:COST >> 0.263 +/- 0.0213, % updates: 23.113%
INFO:root:-- EPOCH 74 (2.097 seconds):
INFO:root:COST >> 0.2649 +/- 0.0168, % updates: 23.092%
INFO:root:-- EPOCH 75 (2.18 seconds):
INFO:root:COST >> 0.2681 +/- 0.0213, % updates: 23.08%
INFO:root:-- EPOCH 76 (2.34 seconds):
INFO:root:COST >> 0.2548 +/- 0.0211, % updates: 22.348%
INFO:root:-- EPOCH 77 (2.399 seconds):
INFO:root:COST >> 0.257 +/- 0.0157, % updates: 22.36%
INFO:root:-- EPOCH 78 (2.319 seconds):
INFO:root:COST >> 0.2627 +/- 0.0151, % updates: 22.811%
INFO:root:-- EPOCH 79 (2.312 seconds):
INFO:root:COST >> 0.2603 +/- 0.0202, % updates: 22.696%
INFO:root:-- EPOCH 80 (2.268 seconds):
INFO:root:COST >> 0.2491 +/- 0.0171, % updates: 22.209%
INFO:root:-- EPOCH 81 (2.205 seconds):
INFO:root:COST >> 0.2634 +/- 0.0138, % updates: 23.063%
INFO:root:-- EPOCH 82 (2.393 seconds):
INFO:root:COST >> 0.2589 +/- 0.0287, % updates: 22.953%
INFO:root:-- EPOCH 83 (2.488 seconds):
INFO:root:COST >> 0.2746 +/- 0.0169, % updates: 23.93%
INFO:root:-- EPOCH 84 (2.349 seconds):
INFO:root:COST >> 0.2844 +/- 0.0194, % updates: 24.329%
INFO:root:-- EPOCH 85 (1.56 seconds):
INFO:root:COST >> 0.3048 +/- 0.0372, % updates: 25.61%
INFO:root:-- EPOCH 86 (1.408 seconds):
INFO:root:COST >> 0.3139 +/- 0.0213, % updates: 25.976%
INFO:root:-- EPOCH 87 (1.443 seconds):
INFO:root:COST >> 0.325 +/- 0.0145, % updates: 26.729%
INFO:root:-- EPOCH 88 (1.434 seconds):
INFO:root:COST >> 0.3204 +/- 0.0222, % updates: 26.418%
INFO:root:-- EPOCH 89 (1.49 seconds):
INFO:root:COST >> 0.3255 +/- 0.0203, % updates: 27.183%
INFO:root:-- EPOCH 90 (1.784 seconds):
INFO:root:COST >> 0.3285 +/- 0.017, % updates: 27.593%
INFO:root:-- EPOCH 91 (1.91 seconds):
INFO:root:COST >> 0.3248 +/- 0.0153, % updates: 27.41%
INFO:root:-- EPOCH 92 (1.79 seconds):
INFO:root:COST >> 0.3261 +/- 0.0246, % updates: 27.796%
INFO:root:-- EPOCH 93 (1.851 seconds):
INFO:root:COST >> 0.3293 +/- 0.0173, % updates: 27.937%
INFO:root:-- EPOCH 94 (1.827 seconds):
INFO:root:COST >> 0.3457 +/- 0.0247, % updates: 28.802%
INFO:root:-- EPOCH 95 (1.903 seconds):
INFO:root:COST >> 0.3405 +/- 0.033, % updates: 28.45%
INFO:root:-- EPOCH 96 (1.85 seconds):
INFO:root:COST >> 0.3316 +/- 0.0297, % updates: 28.16%
INFO:root:-- EPOCH 97 (2.141 seconds):
INFO:root:COST >> 0.3301 +/- 0.0223, % updates: 28.31%
INFO:root:-- EPOCH 98 (1.769 seconds):
INFO:root:COST >> 0.3428 +/- 0.0265, % updates: 28.85%
INFO:root:-- EPOCH 99 (1.811 seconds):
INFO:root:COST >> 0.3484 +/- 0.0406, % updates: 29.19%
INFO:root:-- EPOCH 100 (1.859 seconds):
INFO:root:COST >> 0.3426 +/- 0.0242, % updates: 28.738%
