INFO:root:Shape for training set: (40961, 141442)
INFO:root:State: {'ndim': '20', 'test_all': 'None', 'test_path': 'None', 'nhid': '50', 'lremb': '1e-05', 'seed': '3', 'simfn': 'L1', 'valid_path': 'None', 'nbatches': '10', 'lrparam': '1e-05', 'decay': '0.9999', 'show_hinton_diagrams': 'False', 'no_rescaling': 'True', 'Nrel': '18', 'ranking_score_right': 'False', 'Nent': '40961', 'Nsyn': '40943', 'method': 'MOMENTUM', 'loss_margin': '1.0', 'C': '1.0', 'epsilon': '1e-06', 'use_db': 'True', 'max_lr': 'None', 'l1_param_weight': 'None', 'filtered': 'False', 'name': 'wn_opt/wn_MOMENTUM_53', 'totepochs': '100', 'l2_param_weight': 'None', 'train_path': 'data/wn/WN-train.pkl', 'op': 'TransE'}
INFO:root:Starting the Experiment ..
INFO:root:-- EPOCH 1 (1.561 seconds):
INFO:root:COST >> 2.2144 +/- 0.0108, % updates: 81.676%
INFO:root:-- EPOCH 2 (1.505 seconds):
INFO:root:COST >> 2.1769 +/- 0.0133, % updates: 81.769%
INFO:root:-- EPOCH 3 (1.521 seconds):
INFO:root:COST >> 2.1291 +/- 0.0124, % updates: 81.095%
INFO:root:-- EPOCH 4 (1.501 seconds):
INFO:root:COST >> 2.0911 +/- 0.018, % updates: 79.656%
INFO:root:-- EPOCH 5 (1.501 seconds):
INFO:root:COST >> 2.0531 +/- 0.0222, % updates: 78.022%
INFO:root:-- EPOCH 6 (1.512 seconds):
INFO:root:COST >> 1.9961 +/- 0.0128, % updates: 76.386%
INFO:root:-- EPOCH 7 (1.502 seconds):
INFO:root:COST >> 1.9276 +/- 0.0243, % updates: 75.271%
INFO:root:-- EPOCH 8 (1.507 seconds):
INFO:root:COST >> 1.8591 +/- 0.0249, % updates: 74.014%
INFO:root:-- EPOCH 9 (1.493 seconds):
INFO:root:COST >> 1.8054 +/- 0.0236, % updates: 72.834%
INFO:root:-- EPOCH 10 (1.502 seconds):
INFO:root:COST >> 1.735 +/- 0.0269, % updates: 70.887%
INFO:root:-- EPOCH 11 (1.493 seconds):
INFO:root:COST >> 1.6624 +/- 0.0232, % updates: 69.011%
INFO:root:-- EPOCH 12 (1.513 seconds):
INFO:root:COST >> 1.5783 +/- 0.0239, % updates: 67.193%
INFO:root:-- EPOCH 13 (1.513 seconds):
INFO:root:COST >> 1.5152 +/- 0.0232, % updates: 65.908%
INFO:root:-- EPOCH 14 (1.538 seconds):
INFO:root:COST >> 1.4356 +/- 0.0278, % updates: 64.009%
INFO:root:-- EPOCH 15 (1.544 seconds):
INFO:root:COST >> 1.3567 +/- 0.026, % updates: 61.893%
INFO:root:-- EPOCH 16 (1.534 seconds):
INFO:root:COST >> 1.2762 +/- 0.0245, % updates: 60.057%
INFO:root:-- EPOCH 17 (1.501 seconds):
INFO:root:COST >> 1.2187 +/- 0.014, % updates: 58.371%
INFO:root:-- EPOCH 18 (1.53 seconds):
INFO:root:COST >> 1.152 +/- 0.032, % updates: 56.549%
INFO:root:-- EPOCH 19 (1.509 seconds):
INFO:root:COST >> 1.0807 +/- 0.0077, % updates: 54.349%
INFO:root:-- EPOCH 20 (1.508 seconds):
INFO:root:COST >> 1.0377 +/- 0.0195, % updates: 52.608%
INFO:root:-- EPOCH 21 (1.523 seconds):
INFO:root:COST >> 0.972 +/- 0.0205, % updates: 50.715%
INFO:root:-- EPOCH 22 (1.508 seconds):
INFO:root:COST >> 0.9294 +/- 0.0124, % updates: 49.264%
INFO:root:-- EPOCH 23 (1.615 seconds):
INFO:root:COST >> 0.8983 +/- 0.0185, % updates: 47.966%
INFO:root:-- EPOCH 24 (1.551 seconds):
INFO:root:COST >> 0.8458 +/- 0.0101, % updates: 46.14%
INFO:root:-- EPOCH 25 (1.719 seconds):
INFO:root:COST >> 0.8262 +/- 0.0118, % updates: 45.275%
INFO:root:-- EPOCH 26 (2.333 seconds):
INFO:root:COST >> 0.7866 +/- 0.0101, % updates: 43.816%
INFO:root:-- EPOCH 27 (2.015 seconds):
INFO:root:COST >> 0.7691 +/- 0.0096, % updates: 42.885%
INFO:root:-- EPOCH 28 (2.074 seconds):
INFO:root:COST >> 0.7474 +/- 0.0167, % updates: 42.058%
INFO:root:-- EPOCH 29 (2.03 seconds):
INFO:root:COST >> 0.7238 +/- 0.0044, % updates: 41.038%
INFO:root:-- EPOCH 30 (2.246 seconds):
INFO:root:COST >> 0.7126 +/- 0.01, % updates: 40.373%
INFO:root:-- EPOCH 31 (2.484 seconds):
INFO:root:COST >> 0.701 +/- 0.0048, % updates: 39.901%
INFO:root:-- EPOCH 32 (2.26 seconds):
INFO:root:COST >> 0.6833 +/- 0.0083, % updates: 39.133%
INFO:root:-- EPOCH 33 (1.989 seconds):
INFO:root:COST >> 0.6682 +/- 0.0053, % updates: 38.416%
INFO:root:-- EPOCH 34 (1.87 seconds):
INFO:root:COST >> 0.6641 +/- 0.0045, % updates: 38.454%
INFO:root:-- EPOCH 35 (1.904 seconds):
INFO:root:COST >> 0.65 +/- 0.0092, % updates: 37.911%
INFO:root:-- EPOCH 36 (1.884 seconds):
INFO:root:COST >> 0.6463 +/- 0.012, % updates: 37.845%
INFO:root:-- EPOCH 37 (1.915 seconds):
INFO:root:COST >> 0.6394 +/- 0.0057, % updates: 37.21%
INFO:root:-- EPOCH 38 (1.672 seconds):
INFO:root:COST >> 0.6268 +/- 0.0106, % updates: 36.928%
INFO:root:-- EPOCH 39 (1.716 seconds):
INFO:root:COST >> 0.6168 +/- 0.01, % updates: 36.699%
INFO:root:-- EPOCH 40 (1.859 seconds):
INFO:root:COST >> 0.6203 +/- 0.0093, % updates: 36.551%
INFO:root:-- EPOCH 41 (1.768 seconds):
INFO:root:COST >> 0.6071 +/- 0.0076, % updates: 36.142%
INFO:root:-- EPOCH 42 (1.983 seconds):
INFO:root:COST >> 0.5957 +/- 0.0098, % updates: 36.213%
INFO:root:-- EPOCH 43 (2.266 seconds):
INFO:root:COST >> 0.5978 +/- 0.0128, % updates: 35.969%
INFO:root:-- EPOCH 44 (2.291 seconds):
INFO:root:COST >> 0.5741 +/- 0.0135, % updates: 34.959%
INFO:root:-- EPOCH 45 (2.293 seconds):
INFO:root:COST >> 0.5784 +/- 0.0056, % updates: 35.02%
INFO:root:-- EPOCH 46 (2.179 seconds):
INFO:root:COST >> 0.5686 +/- 0.0066, % updates: 35.007%
INFO:root:-- EPOCH 47 (2.363 seconds):
INFO:root:COST >> 0.5506 +/- 0.0039, % updates: 34.52%
INFO:root:-- EPOCH 48 (2.267 seconds):
INFO:root:COST >> 0.5451 +/- 0.0074, % updates: 34.214%
INFO:root:-- EPOCH 49 (2.211 seconds):
INFO:root:COST >> 0.5295 +/- 0.0092, % updates: 33.583%
INFO:root:-- EPOCH 50 (2.052 seconds):
INFO:root:COST >> 0.5225 +/- 0.0072, % updates: 33.43%
INFO:root:-- EPOCH 51 (2.361 seconds):
INFO:root:COST >> 0.5096 +/- 0.006, % updates: 32.724%
INFO:root:-- EPOCH 52 (2.284 seconds):
INFO:root:COST >> 0.4935 +/- 0.0093, % updates: 32.22%
INFO:root:-- EPOCH 53 (2.191 seconds):
INFO:root:COST >> 0.4972 +/- 0.006, % updates: 32.852%
INFO:root:-- EPOCH 54 (2.304 seconds):
INFO:root:COST >> 0.4719 +/- 0.0157, % updates: 31.658%
INFO:root:-- EPOCH 55 (2.236 seconds):
INFO:root:COST >> 0.4716 +/- 0.0088, % updates: 31.078%
INFO:root:-- EPOCH 56 (2.269 seconds):
INFO:root:COST >> 0.4502 +/- 0.0088, % updates: 30.353%
INFO:root:-- EPOCH 57 (2.128 seconds):
INFO:root:COST >> 0.4531 +/- 0.0083, % updates: 30.565%
INFO:root:-- EPOCH 58 (2.142 seconds):
INFO:root:COST >> 0.4341 +/- 0.0065, % updates: 29.506%
INFO:root:-- EPOCH 59 (2.226 seconds):
INFO:root:COST >> 0.42 +/- 0.0076, % updates: 29.224%
INFO:root:-- EPOCH 60 (2.313 seconds):
INFO:root:COST >> 0.4212 +/- 0.0073, % updates: 29.305%
INFO:root:-- EPOCH 61 (2.254 seconds):
INFO:root:COST >> 0.3907 +/- 0.0086, % updates: 27.677%
INFO:root:-- EPOCH 62 (2.343 seconds):
INFO:root:COST >> 0.3983 +/- 0.0095, % updates: 27.976%
INFO:root:-- EPOCH 63 (2.175 seconds):
INFO:root:COST >> 0.3913 +/- 0.0061, % updates: 27.916%
INFO:root:-- EPOCH 64 (2.187 seconds):
INFO:root:COST >> 0.364 +/- 0.0136, % updates: 26.289%
INFO:root:-- EPOCH 65 (2.14 seconds):
INFO:root:COST >> 0.3716 +/- 0.0097, % updates: 26.46%
INFO:root:-- EPOCH 66 (2.04 seconds):
INFO:root:COST >> 0.3512 +/- 0.0157, % updates: 25.901%
INFO:root:-- EPOCH 67 (2.279 seconds):
INFO:root:COST >> 0.3491 +/- 0.0063, % updates: 25.684%
INFO:root:-- EPOCH 68 (2.23 seconds):
INFO:root:COST >> 0.3371 +/- 0.0116, % updates: 24.879%
INFO:root:-- EPOCH 69 (2.209 seconds):
INFO:root:COST >> 0.3294 +/- 0.0052, % updates: 24.53%
INFO:root:-- EPOCH 70 (2.146 seconds):
INFO:root:COST >> 0.3219 +/- 0.0056, % updates: 24.213%
INFO:root:-- EPOCH 71 (2.109 seconds):
INFO:root:COST >> 0.3063 +/- 0.0047, % updates: 23.433%
INFO:root:-- EPOCH 72 (2.188 seconds):
INFO:root:COST >> 0.3112 +/- 0.0078, % updates: 23.591%
INFO:root:-- EPOCH 73 (2.265 seconds):
INFO:root:COST >> 0.2832 +/- 0.0048, % updates: 22.176%
INFO:root:-- EPOCH 74 (2.333 seconds):
INFO:root:COST >> 0.2985 +/- 0.0063, % updates: 22.763%
INFO:root:-- EPOCH 75 (2.236 seconds):
INFO:root:COST >> 0.2779 +/- 0.0059, % updates: 21.847%
INFO:root:-- EPOCH 76 (2.16 seconds):
INFO:root:COST >> 0.2785 +/- 0.0046, % updates: 21.689%
INFO:root:-- EPOCH 77 (2.009 seconds):
INFO:root:COST >> 0.2647 +/- 0.0094, % updates: 21.004%
INFO:root:-- EPOCH 78 (2.226 seconds):
INFO:root:COST >> 0.2663 +/- 0.009, % updates: 21.159%
INFO:root:-- EPOCH 79 (2.312 seconds):
INFO:root:COST >> 0.2492 +/- 0.0116, % updates: 20.123%
INFO:root:-- EPOCH 80 (2.072 seconds):
INFO:root:COST >> 0.2523 +/- 0.0076, % updates: 20.164%
INFO:root:-- EPOCH 81 (1.579 seconds):
INFO:root:COST >> 0.2452 +/- 0.0075, % updates: 19.983%
INFO:root:-- EPOCH 82 (1.575 seconds):
INFO:root:COST >> 0.2402 +/- 0.0056, % updates: 19.656%
INFO:root:-- EPOCH 83 (1.674 seconds):
INFO:root:COST >> 0.2326 +/- 0.0035, % updates: 18.993%
INFO:root:-- EPOCH 84 (1.513 seconds):
INFO:root:COST >> 0.2401 +/- 0.0036, % updates: 19.403%
INFO:root:-- EPOCH 85 (1.878 seconds):
INFO:root:COST >> 0.2227 +/- 0.0065, % updates: 18.507%
INFO:root:-- EPOCH 86 (1.739 seconds):
INFO:root:COST >> 0.2191 +/- 0.0048, % updates: 18.284%
INFO:root:-- EPOCH 87 (1.709 seconds):
INFO:root:COST >> 0.2169 +/- 0.0076, % updates: 18.205%
INFO:root:-- EPOCH 88 (1.789 seconds):
INFO:root:COST >> 0.2089 +/- 0.0071, % updates: 17.467%
INFO:root:-- EPOCH 89 (1.941 seconds):
INFO:root:COST >> 0.2106 +/- 0.0072, % updates: 17.678%
INFO:root:-- EPOCH 90 (1.778 seconds):
INFO:root:COST >> 0.1986 +/- 0.0103, % updates: 17.011%
INFO:root:-- EPOCH 91 (1.812 seconds):
INFO:root:COST >> 0.1997 +/- 0.0051, % updates: 17.0%
INFO:root:-- EPOCH 92 (1.768 seconds):
INFO:root:COST >> 0.2013 +/- 0.0048, % updates: 17.053%
INFO:root:-- EPOCH 93 (1.664 seconds):
INFO:root:COST >> 0.1866 +/- 0.0114, % updates: 16.268%
INFO:root:-- EPOCH 94 (1.725 seconds):
INFO:root:COST >> 0.1901 +/- 0.0091, % updates: 16.244%
INFO:root:-- EPOCH 95 (1.729 seconds):
INFO:root:COST >> 0.1835 +/- 0.0103, % updates: 15.88%
INFO:root:-- EPOCH 96 (1.777 seconds):
INFO:root:COST >> 0.1803 +/- 0.004, % updates: 15.84%
INFO:root:-- EPOCH 97 (1.821 seconds):
INFO:root:COST >> 0.1765 +/- 0.0045, % updates: 15.646%
INFO:root:-- EPOCH 98 (1.818 seconds):
INFO:root:COST >> 0.1647 +/- 0.0042, % updates: 14.745%
INFO:root:-- EPOCH 99 (1.944 seconds):
INFO:root:COST >> 0.1832 +/- 0.0042, % updates: 15.873%
INFO:root:-- EPOCH 100 (1.812 seconds):
INFO:root:COST >> 0.1612 +/- 0.006, % updates: 14.499%
