INFO:root:Shape for training set: (40961, 141442)
INFO:root:State: {'ndim': '20', 'test_all': 'None', 'test_path': 'None', 'nhid': '50', 'lremb': '10.0', 'seed': '8', 'simfn': 'L1', 'valid_path': 'None', 'nbatches': '10', 'lrparam': '10.0', 'decay': '0.9', 'show_hinton_diagrams': 'False', 'no_rescaling': 'True', 'Nrel': '18', 'ranking_score_right': 'False', 'Nent': '40961', 'Nsyn': '40943', 'method': 'MOMENTUM', 'loss_margin': '1.0', 'C': '1.0', 'epsilon': '1e-06', 'use_db': 'True', 'max_lr': 'None', 'l1_param_weight': 'None', 'filtered': 'False', 'name': 'wn_opt/wn_MOMENTUM_388', 'totepochs': '100', 'l2_param_weight': 'None', 'train_path': 'data/wn/WN-train.pkl', 'op': 'TransE'}
INFO:root:Starting the Experiment ..
INFO:root:-- EPOCH 1 (1.514 seconds):
INFO:root:COST >> 2.8543 +/- 0.3061, % updates: 65.597%
INFO:root:-- EPOCH 2 (1.487 seconds):
INFO:root:COST >> 2.8453 +/- 0.2849, % updates: 55.468%
INFO:root:-- EPOCH 3 (1.48 seconds):
INFO:root:COST >> 2.8596 +/- 0.2796, % updates: 54.853%
INFO:root:-- EPOCH 4 (1.493 seconds):
INFO:root:COST >> 2.8647 +/- 0.2756, % updates: 54.766%
INFO:root:-- EPOCH 5 (1.485 seconds):
INFO:root:COST >> 2.8786 +/- 0.2769, % updates: 54.722%
INFO:root:-- EPOCH 6 (1.49 seconds):
INFO:root:COST >> 2.8709 +/- 0.2755, % updates: 54.906%
INFO:root:-- EPOCH 7 (1.477 seconds):
INFO:root:COST >> 2.8859 +/- 0.2721, % updates: 54.912%
INFO:root:-- EPOCH 8 (1.539 seconds):
INFO:root:COST >> 2.8754 +/- 0.2774, % updates: 54.86%
INFO:root:-- EPOCH 9 (1.457 seconds):
INFO:root:COST >> 2.8717 +/- 0.2679, % updates: 54.931%
INFO:root:-- EPOCH 10 (1.486 seconds):
INFO:root:COST >> 2.8742 +/- 0.2655, % updates: 54.877%
INFO:root:-- EPOCH 11 (1.476 seconds):
INFO:root:COST >> 2.8825 +/- 0.2828, % updates: 54.777%
INFO:root:-- EPOCH 12 (1.501 seconds):
INFO:root:COST >> 2.8717 +/- 0.2895, % updates: 54.918%
INFO:root:-- EPOCH 13 (1.475 seconds):
INFO:root:COST >> 2.8712 +/- 0.2751, % updates: 54.887%
INFO:root:-- EPOCH 14 (1.499 seconds):
INFO:root:COST >> 2.87 +/- 0.2853, % updates: 54.629%
INFO:root:-- EPOCH 15 (1.47 seconds):
INFO:root:COST >> 2.8812 +/- 0.2733, % updates: 54.914%
INFO:root:-- EPOCH 16 (1.504 seconds):
INFO:root:COST >> 2.8859 +/- 0.2615, % updates: 54.976%
INFO:root:-- EPOCH 17 (1.469 seconds):
INFO:root:COST >> 2.8769 +/- 0.276, % updates: 54.808%
INFO:root:-- EPOCH 18 (1.499 seconds):
INFO:root:COST >> 2.8696 +/- 0.2733, % updates: 54.875%
INFO:root:-- EPOCH 19 (1.486 seconds):
INFO:root:COST >> 2.8777 +/- 0.2712, % updates: 54.899%
INFO:root:-- EPOCH 20 (1.471 seconds):
INFO:root:COST >> 2.8938 +/- 0.2743, % updates: 55.002%
INFO:root:-- EPOCH 21 (1.503 seconds):
INFO:root:COST >> 2.8847 +/- 0.2756, % updates: 54.942%
INFO:root:-- EPOCH 22 (1.386 seconds):
INFO:root:COST >> 2.877 +/- 0.2634, % updates: 54.943%
INFO:root:-- EPOCH 23 (1.199 seconds):
INFO:root:COST >> 2.879 +/- 0.2828, % updates: 54.803%
INFO:root:-- EPOCH 24 (1.121 seconds):
INFO:root:COST >> 2.8723 +/- 0.2779, % updates: 54.744%
INFO:root:-- EPOCH 25 (1.177 seconds):
INFO:root:COST >> 2.8773 +/- 0.2791, % updates: 54.758%
INFO:root:-- EPOCH 26 (1.332 seconds):
INFO:root:COST >> 2.8816 +/- 0.2768, % updates: 54.839%
INFO:root:-- EPOCH 27 (1.475 seconds):
INFO:root:COST >> 2.8648 +/- 0.2697, % updates: 54.774%
INFO:root:-- EPOCH 28 (1.514 seconds):
INFO:root:COST >> 2.8869 +/- 0.2754, % updates: 54.938%
INFO:root:-- EPOCH 29 (1.505 seconds):
INFO:root:COST >> 2.8776 +/- 0.2622, % updates: 54.846%
INFO:root:-- EPOCH 30 (1.489 seconds):
INFO:root:COST >> 2.8688 +/- 0.2734, % updates: 54.81%
INFO:root:-- EPOCH 31 (1.484 seconds):
INFO:root:COST >> 2.8615 +/- 0.2831, % updates: 54.768%
INFO:root:-- EPOCH 32 (1.46 seconds):
INFO:root:COST >> 2.8614 +/- 0.2771, % updates: 54.742%
INFO:root:-- EPOCH 33 (1.492 seconds):
INFO:root:COST >> 2.8849 +/- 0.2808, % updates: 54.901%
INFO:root:-- EPOCH 34 (1.496 seconds):
INFO:root:COST >> 2.8724 +/- 0.2802, % updates: 54.695%
INFO:root:-- EPOCH 35 (1.465 seconds):
INFO:root:COST >> 2.8717 +/- 0.2663, % updates: 54.799%
INFO:root:-- EPOCH 36 (1.477 seconds):
INFO:root:COST >> 2.8756 +/- 0.2792, % updates: 54.847%
INFO:root:-- EPOCH 37 (1.484 seconds):
INFO:root:COST >> 2.8788 +/- 0.2718, % updates: 54.951%
INFO:root:-- EPOCH 38 (1.484 seconds):
INFO:root:COST >> 2.8682 +/- 0.2802, % updates: 54.821%
INFO:root:-- EPOCH 39 (1.503 seconds):
INFO:root:COST >> 2.8689 +/- 0.2729, % updates: 54.912%
INFO:root:-- EPOCH 40 (1.482 seconds):
INFO:root:COST >> 2.8733 +/- 0.2736, % updates: 54.836%
INFO:root:-- EPOCH 41 (1.465 seconds):
INFO:root:COST >> 2.8761 +/- 0.2882, % updates: 54.867%
INFO:root:-- EPOCH 42 (1.485 seconds):
INFO:root:COST >> 2.8756 +/- 0.2808, % updates: 54.923%
INFO:root:-- EPOCH 43 (1.474 seconds):
INFO:root:COST >> 2.8739 +/- 0.2864, % updates: 54.833%
INFO:root:-- EPOCH 44 (1.475 seconds):
INFO:root:COST >> 2.8885 +/- 0.2758, % updates: 55.03%
INFO:root:-- EPOCH 45 (1.471 seconds):
INFO:root:COST >> 2.8602 +/- 0.2716, % updates: 54.733%
INFO:root:-- EPOCH 46 (1.474 seconds):
INFO:root:COST >> 2.8861 +/- 0.2777, % updates: 54.868%
INFO:root:-- EPOCH 47 (1.475 seconds):
INFO:root:COST >> 2.8792 +/- 0.273, % updates: 54.916%
INFO:root:-- EPOCH 48 (1.482 seconds):
INFO:root:COST >> 2.8768 +/- 0.2751, % updates: 54.875%
INFO:root:-- EPOCH 49 (1.475 seconds):
INFO:root:COST >> 2.8679 +/- 0.277, % updates: 54.783%
INFO:root:-- EPOCH 50 (1.511 seconds):
INFO:root:COST >> 2.8751 +/- 0.2683, % updates: 54.797%
INFO:root:-- EPOCH 51 (1.478 seconds):
INFO:root:COST >> 2.8799 +/- 0.2702, % updates: 54.937%
INFO:root:-- EPOCH 52 (1.506 seconds):
INFO:root:COST >> 2.8722 +/- 0.2671, % updates: 54.847%
INFO:root:-- EPOCH 53 (1.494 seconds):
INFO:root:COST >> 2.862 +/- 0.269, % updates: 54.728%
INFO:root:-- EPOCH 54 (1.483 seconds):
INFO:root:COST >> 2.8797 +/- 0.2759, % updates: 54.838%
INFO:root:-- EPOCH 55 (1.477 seconds):
INFO:root:COST >> 2.8668 +/- 0.2691, % updates: 54.806%
INFO:root:-- EPOCH 56 (1.474 seconds):
INFO:root:COST >> 2.88 +/- 0.2713, % updates: 55.024%
INFO:root:-- EPOCH 57 (1.472 seconds):
INFO:root:COST >> 2.8676 +/- 0.2838, % updates: 54.79%
INFO:root:-- EPOCH 58 (1.486 seconds):
INFO:root:COST >> 2.8797 +/- 0.2805, % updates: 54.84%
INFO:root:-- EPOCH 59 (1.467 seconds):
INFO:root:COST >> 2.8831 +/- 0.2696, % updates: 54.91%
INFO:root:-- EPOCH 60 (1.477 seconds):
INFO:root:COST >> 2.8699 +/- 0.2739, % updates: 54.815%
INFO:root:-- EPOCH 61 (1.466 seconds):
INFO:root:COST >> 2.8665 +/- 0.274, % updates: 54.724%
INFO:root:-- EPOCH 62 (1.481 seconds):
INFO:root:COST >> 2.874 +/- 0.263, % updates: 54.807%
INFO:root:-- EPOCH 63 (1.489 seconds):
INFO:root:COST >> 2.8776 +/- 0.2704, % updates: 54.986%
INFO:root:-- EPOCH 64 (1.475 seconds):
INFO:root:COST >> 2.8684 +/- 0.2724, % updates: 54.832%
INFO:root:-- EPOCH 65 (1.473 seconds):
INFO:root:COST >> 2.873 +/- 0.2741, % updates: 54.788%
INFO:root:-- EPOCH 66 (1.488 seconds):
INFO:root:COST >> 2.8842 +/- 0.2708, % updates: 55.023%
INFO:root:-- EPOCH 67 (1.456 seconds):
INFO:root:COST >> 2.8684 +/- 0.2735, % updates: 54.825%
INFO:root:-- EPOCH 68 (1.48 seconds):
INFO:root:COST >> 2.8734 +/- 0.2657, % updates: 54.87%
INFO:root:-- EPOCH 69 (1.47 seconds):
INFO:root:COST >> 2.8758 +/- 0.2702, % updates: 54.82%
INFO:root:-- EPOCH 70 (1.484 seconds):
INFO:root:COST >> 2.8853 +/- 0.2672, % updates: 54.97%
INFO:root:-- EPOCH 71 (1.485 seconds):
INFO:root:COST >> 2.8747 +/- 0.2702, % updates: 54.882%
INFO:root:-- EPOCH 72 (1.489 seconds):
INFO:root:COST >> 2.8678 +/- 0.2728, % updates: 54.798%
INFO:root:-- EPOCH 73 (1.492 seconds):
INFO:root:COST >> 2.8861 +/- 0.2864, % updates: 54.844%
INFO:root:-- EPOCH 74 (1.462 seconds):
INFO:root:COST >> 2.8796 +/- 0.282, % updates: 54.778%
INFO:root:-- EPOCH 75 (1.46 seconds):
INFO:root:COST >> 2.8624 +/- 0.2737, % updates: 54.724%
INFO:root:-- EPOCH 76 (1.468 seconds):
INFO:root:COST >> 2.8831 +/- 0.2722, % updates: 54.958%
INFO:root:-- EPOCH 77 (1.464 seconds):
INFO:root:COST >> 2.8797 +/- 0.2739, % updates: 54.992%
INFO:root:-- EPOCH 78 (1.473 seconds):
INFO:root:COST >> 2.8825 +/- 0.2623, % updates: 54.884%
INFO:root:-- EPOCH 79 (1.471 seconds):
INFO:root:COST >> 2.8763 +/- 0.2809, % updates: 54.835%
INFO:root:-- EPOCH 80 (1.516 seconds):
INFO:root:COST >> 2.8703 +/- 0.2817, % updates: 54.933%
INFO:root:-- EPOCH 81 (1.48 seconds):
INFO:root:COST >> 2.8733 +/- 0.2684, % updates: 54.843%
INFO:root:-- EPOCH 82 (1.474 seconds):
INFO:root:COST >> 2.8728 +/- 0.2794, % updates: 54.945%
INFO:root:-- EPOCH 83 (1.467 seconds):
INFO:root:COST >> 2.8757 +/- 0.289, % updates: 54.789%
INFO:root:-- EPOCH 84 (1.492 seconds):
INFO:root:COST >> 2.8844 +/- 0.2695, % updates: 54.866%
INFO:root:-- EPOCH 85 (1.459 seconds):
INFO:root:COST >> 2.8776 +/- 0.2713, % updates: 54.805%
INFO:root:-- EPOCH 86 (1.501 seconds):
INFO:root:COST >> 2.8898 +/- 0.2626, % updates: 54.875%
INFO:root:-- EPOCH 87 (1.486 seconds):
INFO:root:COST >> 2.8726 +/- 0.272, % updates: 54.854%
INFO:root:-- EPOCH 88 (1.48 seconds):
INFO:root:COST >> 2.8753 +/- 0.269, % updates: 54.868%
INFO:root:-- EPOCH 89 (1.488 seconds):
INFO:root:COST >> 2.8742 +/- 0.2641, % updates: 54.771%
INFO:root:-- EPOCH 90 (1.476 seconds):
INFO:root:COST >> 2.8743 +/- 0.2795, % updates: 55.002%
INFO:root:-- EPOCH 91 (1.476 seconds):
INFO:root:COST >> 2.8651 +/- 0.2745, % updates: 54.701%
INFO:root:-- EPOCH 92 (1.452 seconds):
INFO:root:COST >> 2.8852 +/- 0.2872, % updates: 54.945%
INFO:root:-- EPOCH 93 (1.485 seconds):
INFO:root:COST >> 2.8736 +/- 0.2702, % updates: 54.878%
INFO:root:-- EPOCH 94 (1.478 seconds):
INFO:root:COST >> 2.8745 +/- 0.2799, % updates: 54.946%
INFO:root:-- EPOCH 95 (1.504 seconds):
INFO:root:COST >> 2.8623 +/- 0.2677, % updates: 54.755%
INFO:root:-- EPOCH 96 (1.508 seconds):
INFO:root:COST >> 2.8782 +/- 0.272, % updates: 54.849%
INFO:root:-- EPOCH 97 (1.49 seconds):
INFO:root:COST >> 2.8677 +/- 0.2772, % updates: 54.786%
INFO:root:-- EPOCH 98 (1.52 seconds):
INFO:root:COST >> 2.8651 +/- 0.2661, % updates: 54.856%
INFO:root:-- EPOCH 99 (1.492 seconds):
INFO:root:COST >> 2.8804 +/- 0.2781, % updates: 54.731%
INFO:root:-- EPOCH 100 (1.469 seconds):
INFO:root:COST >> 2.8791 +/- 0.2825, % updates: 54.846%
