INFO:root:Shape for training set: (40961, 141442)
INFO:root:State: {'ndim': '20', 'test_all': 'None', 'test_path': 'None', 'nhid': '50', 'lremb': '1.0', 'seed': '5', 'simfn': 'L1', 'valid_path': 'None', 'nbatches': '10', 'lrparam': '1.0', 'decay': '0.999', 'show_hinton_diagrams': 'False', 'no_rescaling': 'True', 'Nrel': '18', 'ranking_score_right': 'False', 'Nent': '40961', 'Nsyn': '40943', 'method': 'MOMENTUM', 'loss_margin': '1.0', 'C': '1.0', 'epsilon': '1e-06', 'use_db': 'True', 'max_lr': 'None', 'l1_param_weight': 'None', 'filtered': 'False', 'name': 'wn_opt/wn_MOMENTUM_315', 'totepochs': '100', 'l2_param_weight': 'None', 'train_path': 'data/wn/WN-train.pkl', 'op': 'TransE'}
INFO:root:Starting the Experiment ..
INFO:root:-- EPOCH 1 (1.572 seconds):
INFO:root:COST >> 2.7156 +/- 0.2217, % updates: 64.404%
INFO:root:-- EPOCH 2 (1.484 seconds):
INFO:root:COST >> 2.3976 +/- 0.186, % updates: 52.73%
INFO:root:-- EPOCH 3 (1.494 seconds):
INFO:root:COST >> 2.2464 +/- 0.1829, % updates: 50.72%
INFO:root:-- EPOCH 4 (1.496 seconds):
INFO:root:COST >> 2.1569 +/- 0.175, % updates: 49.795%
INFO:root:-- EPOCH 5 (1.474 seconds):
INFO:root:COST >> 2.1102 +/- 0.1841, % updates: 49.249%
INFO:root:-- EPOCH 6 (1.47 seconds):
INFO:root:COST >> 2.0783 +/- 0.1861, % updates: 48.982%
INFO:root:-- EPOCH 7 (1.523 seconds):
INFO:root:COST >> 2.0486 +/- 0.1865, % updates: 48.744%
INFO:root:-- EPOCH 8 (1.505 seconds):
INFO:root:COST >> 2.0269 +/- 0.1805, % updates: 48.511%
INFO:root:-- EPOCH 9 (1.503 seconds):
INFO:root:COST >> 2.0186 +/- 0.1716, % updates: 48.469%
INFO:root:-- EPOCH 10 (1.519 seconds):
INFO:root:COST >> 1.9936 +/- 0.1767, % updates: 48.218%
INFO:root:-- EPOCH 11 (1.531 seconds):
INFO:root:COST >> 1.9841 +/- 0.1851, % updates: 48.189%
INFO:root:-- EPOCH 12 (1.494 seconds):
INFO:root:COST >> 1.9721 +/- 0.1735, % updates: 48.124%
INFO:root:-- EPOCH 13 (1.539 seconds):
INFO:root:COST >> 1.9639 +/- 0.1642, % updates: 48.202%
INFO:root:-- EPOCH 14 (1.48 seconds):
INFO:root:COST >> 1.9482 +/- 0.1629, % updates: 47.868%
INFO:root:-- EPOCH 15 (1.519 seconds):
INFO:root:COST >> 1.9442 +/- 0.1685, % updates: 47.918%
INFO:root:-- EPOCH 16 (1.503 seconds):
INFO:root:COST >> 1.9402 +/- 0.1673, % updates: 48.009%
INFO:root:-- EPOCH 17 (1.464 seconds):
INFO:root:COST >> 1.933 +/- 0.1588, % updates: 47.94%
INFO:root:-- EPOCH 18 (1.52 seconds):
INFO:root:COST >> 1.9276 +/- 0.1597, % updates: 47.777%
INFO:root:-- EPOCH 19 (1.543 seconds):
INFO:root:COST >> 1.9273 +/- 0.1628, % updates: 47.827%
INFO:root:-- EPOCH 20 (1.513 seconds):
INFO:root:COST >> 1.9196 +/- 0.1621, % updates: 47.745%
INFO:root:-- EPOCH 21 (1.487 seconds):
INFO:root:COST >> 1.9172 +/- 0.1536, % updates: 47.862%
INFO:root:-- EPOCH 22 (1.519 seconds):
INFO:root:COST >> 1.9056 +/- 0.1555, % updates: 47.676%
INFO:root:-- EPOCH 23 (1.498 seconds):
INFO:root:COST >> 1.9079 +/- 0.1583, % updates: 47.775%
INFO:root:-- EPOCH 24 (1.48 seconds):
INFO:root:COST >> 1.8973 +/- 0.1602, % updates: 47.763%
INFO:root:-- EPOCH 25 (1.508 seconds):
INFO:root:COST >> 1.8953 +/- 0.1577, % updates: 47.662%
INFO:root:-- EPOCH 26 (1.47 seconds):
INFO:root:COST >> 1.8942 +/- 0.159, % updates: 47.827%
INFO:root:-- EPOCH 27 (1.485 seconds):
INFO:root:COST >> 1.8951 +/- 0.1481, % updates: 47.674%
INFO:root:-- EPOCH 28 (1.535 seconds):
INFO:root:COST >> 1.8983 +/- 0.1603, % updates: 47.839%
INFO:root:-- EPOCH 29 (1.506 seconds):
INFO:root:COST >> 1.8827 +/- 0.167, % updates: 47.566%
INFO:root:-- EPOCH 30 (1.497 seconds):
INFO:root:COST >> 1.8855 +/- 0.1574, % updates: 47.641%
INFO:root:-- EPOCH 31 (1.48 seconds):
INFO:root:COST >> 1.8805 +/- 0.1532, % updates: 47.616%
INFO:root:-- EPOCH 32 (1.481 seconds):
INFO:root:COST >> 1.8829 +/- 0.1612, % updates: 47.623%
INFO:root:-- EPOCH 33 (1.464 seconds):
INFO:root:COST >> 1.8792 +/- 0.1585, % updates: 47.523%
INFO:root:-- EPOCH 34 (1.459 seconds):
INFO:root:COST >> 1.8742 +/- 0.1491, % updates: 47.701%
INFO:root:-- EPOCH 35 (1.468 seconds):
INFO:root:COST >> 1.8727 +/- 0.1533, % updates: 47.562%
INFO:root:-- EPOCH 36 (1.485 seconds):
INFO:root:COST >> 1.8686 +/- 0.1536, % updates: 47.594%
INFO:root:-- EPOCH 37 (1.461 seconds):
INFO:root:COST >> 1.8713 +/- 0.1633, % updates: 47.676%
INFO:root:-- EPOCH 38 (1.503 seconds):
INFO:root:COST >> 1.8722 +/- 0.1538, % updates: 47.746%
INFO:root:-- EPOCH 39 (1.491 seconds):
INFO:root:COST >> 1.8705 +/- 0.1511, % updates: 47.689%
INFO:root:-- EPOCH 40 (1.489 seconds):
INFO:root:COST >> 1.8651 +/- 0.1527, % updates: 47.476%
INFO:root:-- EPOCH 41 (1.468 seconds):
INFO:root:COST >> 1.8659 +/- 0.1587, % updates: 47.627%
INFO:root:-- EPOCH 42 (1.5 seconds):
INFO:root:COST >> 1.8676 +/- 0.1576, % updates: 47.643%
INFO:root:-- EPOCH 43 (1.49 seconds):
INFO:root:COST >> 1.8677 +/- 0.1522, % updates: 47.609%
INFO:root:-- EPOCH 44 (1.502 seconds):
INFO:root:COST >> 1.8658 +/- 0.1583, % updates: 47.578%
INFO:root:-- EPOCH 45 (1.497 seconds):
INFO:root:COST >> 1.861 +/- 0.1518, % updates: 47.634%
INFO:root:-- EPOCH 46 (1.489 seconds):
INFO:root:COST >> 1.8615 +/- 0.1577, % updates: 47.565%
INFO:root:-- EPOCH 47 (1.486 seconds):
INFO:root:COST >> 1.8597 +/- 0.1528, % updates: 47.531%
INFO:root:-- EPOCH 48 (1.477 seconds):
INFO:root:COST >> 1.8566 +/- 0.1561, % updates: 47.478%
INFO:root:-- EPOCH 49 (1.49 seconds):
INFO:root:COST >> 1.8543 +/- 0.151, % updates: 47.442%
INFO:root:-- EPOCH 50 (1.461 seconds):
INFO:root:COST >> 1.8561 +/- 0.1465, % updates: 47.576%
INFO:root:-- EPOCH 51 (1.476 seconds):
INFO:root:COST >> 1.8544 +/- 0.1615, % updates: 47.47%
INFO:root:-- EPOCH 52 (1.514 seconds):
INFO:root:COST >> 1.8487 +/- 0.1536, % updates: 47.507%
INFO:root:-- EPOCH 53 (1.498 seconds):
INFO:root:COST >> 1.8537 +/- 0.1522, % updates: 47.548%
INFO:root:-- EPOCH 54 (1.555 seconds):
INFO:root:COST >> 1.8499 +/- 0.1531, % updates: 47.598%
INFO:root:-- EPOCH 55 (1.522 seconds):
INFO:root:COST >> 1.8469 +/- 0.1491, % updates: 47.459%
INFO:root:-- EPOCH 56 (1.524 seconds):
INFO:root:COST >> 1.851 +/- 0.1509, % updates: 47.525%
INFO:root:-- EPOCH 57 (1.537 seconds):
INFO:root:COST >> 1.8575 +/- 0.1469, % updates: 47.622%
INFO:root:-- EPOCH 58 (1.538 seconds):
INFO:root:COST >> 1.842 +/- 0.149, % updates: 47.342%
INFO:root:-- EPOCH 59 (1.546 seconds):
INFO:root:COST >> 1.8439 +/- 0.1514, % updates: 47.502%
INFO:root:-- EPOCH 60 (1.545 seconds):
INFO:root:COST >> 1.8465 +/- 0.1537, % updates: 47.525%
INFO:root:-- EPOCH 61 (1.556 seconds):
INFO:root:COST >> 1.8559 +/- 0.1555, % updates: 47.614%
INFO:root:-- EPOCH 62 (1.536 seconds):
INFO:root:COST >> 1.8452 +/- 0.1494, % updates: 47.498%
INFO:root:-- EPOCH 63 (1.545 seconds):
INFO:root:COST >> 1.8453 +/- 0.1514, % updates: 47.577%
INFO:root:-- EPOCH 64 (1.552 seconds):
INFO:root:COST >> 1.8436 +/- 0.1621, % updates: 47.477%
INFO:root:-- EPOCH 65 (1.536 seconds):
INFO:root:COST >> 1.847 +/- 0.1544, % updates: 47.553%
INFO:root:-- EPOCH 66 (1.525 seconds):
INFO:root:COST >> 1.8538 +/- 0.1443, % updates: 47.613%
INFO:root:-- EPOCH 67 (1.518 seconds):
INFO:root:COST >> 1.8421 +/- 0.1499, % updates: 47.507%
INFO:root:-- EPOCH 68 (1.514 seconds):
INFO:root:COST >> 1.8438 +/- 0.1525, % updates: 47.441%
INFO:root:-- EPOCH 69 (1.536 seconds):
INFO:root:COST >> 1.8406 +/- 0.1569, % updates: 47.413%
INFO:root:-- EPOCH 70 (1.524 seconds):
INFO:root:COST >> 1.8446 +/- 0.1588, % updates: 47.517%
INFO:root:-- EPOCH 71 (1.51 seconds):
INFO:root:COST >> 1.8444 +/- 0.1455, % updates: 47.42%
INFO:root:-- EPOCH 72 (1.489 seconds):
INFO:root:COST >> 1.8482 +/- 0.1455, % updates: 47.607%
INFO:root:-- EPOCH 73 (1.464 seconds):
INFO:root:COST >> 1.846 +/- 0.1547, % updates: 47.671%
INFO:root:-- EPOCH 74 (1.513 seconds):
INFO:root:COST >> 1.8446 +/- 0.1446, % updates: 47.613%
INFO:root:-- EPOCH 75 (1.471 seconds):
INFO:root:COST >> 1.8433 +/- 0.1471, % updates: 47.442%
INFO:root:-- EPOCH 76 (1.439 seconds):
INFO:root:COST >> 1.8354 +/- 0.1601, % updates: 47.469%
INFO:root:-- EPOCH 77 (1.472 seconds):
INFO:root:COST >> 1.8342 +/- 0.1498, % updates: 47.336%
INFO:root:-- EPOCH 78 (1.457 seconds):
INFO:root:COST >> 1.8392 +/- 0.1508, % updates: 47.458%
INFO:root:-- EPOCH 79 (1.486 seconds):
INFO:root:COST >> 1.8404 +/- 0.1571, % updates: 47.607%
INFO:root:-- EPOCH 80 (1.458 seconds):
INFO:root:COST >> 1.8376 +/- 0.1506, % updates: 47.461%
INFO:root:-- EPOCH 81 (1.488 seconds):
INFO:root:COST >> 1.8383 +/- 0.1602, % updates: 47.565%
INFO:root:-- EPOCH 82 (1.499 seconds):
INFO:root:COST >> 1.8385 +/- 0.1563, % updates: 47.592%
INFO:root:-- EPOCH 83 (1.498 seconds):
INFO:root:COST >> 1.8363 +/- 0.149, % updates: 47.566%
INFO:root:-- EPOCH 84 (1.204 seconds):
INFO:root:COST >> 1.8352 +/- 0.1521, % updates: 47.575%
INFO:root:-- EPOCH 85 (1.102 seconds):
INFO:root:COST >> 1.8325 +/- 0.1527, % updates: 47.436%
INFO:root:-- EPOCH 86 (1.163 seconds):
INFO:root:COST >> 1.8337 +/- 0.1484, % updates: 47.459%
INFO:root:-- EPOCH 87 (1.161 seconds):
INFO:root:COST >> 1.8336 +/- 0.1423, % updates: 47.515%
INFO:root:-- EPOCH 88 (1.513 seconds):
INFO:root:COST >> 1.8274 +/- 0.1407, % updates: 47.254%
INFO:root:-- EPOCH 89 (1.499 seconds):
INFO:root:COST >> 1.8391 +/- 0.1518, % updates: 47.435%
INFO:root:-- EPOCH 90 (1.502 seconds):
INFO:root:COST >> 1.8311 +/- 0.1531, % updates: 47.447%
INFO:root:-- EPOCH 91 (1.494 seconds):
INFO:root:COST >> 1.8357 +/- 0.1416, % updates: 47.558%
INFO:root:-- EPOCH 92 (1.507 seconds):
INFO:root:COST >> 1.8397 +/- 0.1611, % updates: 47.594%
INFO:root:-- EPOCH 93 (1.501 seconds):
INFO:root:COST >> 1.839 +/- 0.1437, % updates: 47.534%
INFO:root:-- EPOCH 94 (1.505 seconds):
INFO:root:COST >> 1.8289 +/- 0.1531, % updates: 47.441%
INFO:root:-- EPOCH 95 (1.519 seconds):
INFO:root:COST >> 1.8412 +/- 0.1534, % updates: 47.517%
INFO:root:-- EPOCH 96 (1.474 seconds):
INFO:root:COST >> 1.8283 +/- 0.1482, % updates: 47.403%
INFO:root:-- EPOCH 97 (1.492 seconds):
INFO:root:COST >> 1.8281 +/- 0.1517, % updates: 47.418%
INFO:root:-- EPOCH 98 (1.499 seconds):
INFO:root:COST >> 1.8383 +/- 0.1517, % updates: 47.51%
INFO:root:-- EPOCH 99 (1.515 seconds):
INFO:root:COST >> 1.8324 +/- 0.1547, % updates: 47.375%
INFO:root:-- EPOCH 100 (1.501 seconds):
INFO:root:COST >> 1.8376 +/- 0.1562, % updates: 47.473%
