INFO:root:Shape for training set: (40961, 141442)
INFO:root:State: {'ndim': '20', 'test_all': 'None', 'test_path': 'None', 'nhid': '50', 'lremb': '1e-05', 'seed': '3', 'simfn': 'L1', 'valid_path': 'None', 'nbatches': '10', 'lrparam': '1e-05', 'decay': '0.99', 'show_hinton_diagrams': 'False', 'no_rescaling': 'True', 'Nrel': '18', 'ranking_score_right': 'False', 'Nent': '40961', 'Nsyn': '40943', 'method': 'MOMENTUM', 'loss_margin': '1.0', 'C': '1.0', 'epsilon': '1e-06', 'use_db': 'True', 'max_lr': 'None', 'l1_param_weight': 'None', 'filtered': 'False', 'name': 'wn_opt/wn_MOMENTUM_73', 'totepochs': '100', 'l2_param_weight': 'None', 'train_path': 'data/wn/WN-train.pkl', 'op': 'TransE'}
INFO:root:Starting the Experiment ..
INFO:root:-- EPOCH 1 (1.51 seconds):
INFO:root:COST >> 2.2145 +/- 0.0108, % updates: 81.673%
INFO:root:-- EPOCH 2 (1.513 seconds):
INFO:root:COST >> 2.1786 +/- 0.0128, % updates: 81.776%
INFO:root:-- EPOCH 3 (1.503 seconds):
INFO:root:COST >> 2.1324 +/- 0.0124, % updates: 81.226%
INFO:root:-- EPOCH 4 (1.497 seconds):
INFO:root:COST >> 2.0947 +/- 0.0177, % updates: 79.969%
INFO:root:-- EPOCH 5 (1.492 seconds):
INFO:root:COST >> 2.0558 +/- 0.0228, % updates: 78.553%
INFO:root:-- EPOCH 6 (1.502 seconds):
INFO:root:COST >> 2.0007 +/- 0.0104, % updates: 77.17%
INFO:root:-- EPOCH 7 (1.51 seconds):
INFO:root:COST >> 1.9403 +/- 0.0231, % updates: 76.204%
INFO:root:-- EPOCH 8 (1.543 seconds):
INFO:root:COST >> 1.8793 +/- 0.0232, % updates: 75.151%
INFO:root:-- EPOCH 9 (1.527 seconds):
INFO:root:COST >> 1.8314 +/- 0.0197, % updates: 74.175%
INFO:root:-- EPOCH 10 (1.494 seconds):
INFO:root:COST >> 1.7697 +/- 0.0249, % updates: 72.938%
INFO:root:-- EPOCH 11 (1.498 seconds):
INFO:root:COST >> 1.7078 +/- 0.0212, % updates: 71.384%
INFO:root:-- EPOCH 12 (1.498 seconds):
INFO:root:COST >> 1.6466 +/- 0.0179, % updates: 70.059%
INFO:root:-- EPOCH 13 (1.499 seconds):
INFO:root:COST >> 1.5874 +/- 0.0184, % updates: 69.113%
INFO:root:-- EPOCH 14 (1.498 seconds):
INFO:root:COST >> 1.5283 +/- 0.0235, % updates: 67.87%
INFO:root:-- EPOCH 15 (1.532 seconds):
INFO:root:COST >> 1.4633 +/- 0.0187, % updates: 66.416%
INFO:root:-- EPOCH 16 (1.516 seconds):
INFO:root:COST >> 1.4064 +/- 0.0176, % updates: 65.12%
INFO:root:-- EPOCH 17 (1.51 seconds):
INFO:root:COST >> 1.3468 +/- 0.016, % updates: 63.477%
INFO:root:-- EPOCH 18 (1.528 seconds):
INFO:root:COST >> 1.2888 +/- 0.025, % updates: 62.346%
INFO:root:-- EPOCH 19 (1.506 seconds):
INFO:root:COST >> 1.2331 +/- 0.0122, % updates: 60.866%
INFO:root:-- EPOCH 20 (1.507 seconds):
INFO:root:COST >> 1.1768 +/- 0.0116, % updates: 59.478%
INFO:root:-- EPOCH 21 (1.513 seconds):
INFO:root:COST >> 1.1283 +/- 0.0197, % updates: 58.199%
INFO:root:-- EPOCH 22 (1.51 seconds):
INFO:root:COST >> 1.081 +/- 0.0175, % updates: 56.948%
INFO:root:-- EPOCH 23 (1.539 seconds):
INFO:root:COST >> 1.0345 +/- 0.0181, % updates: 55.584%
INFO:root:-- EPOCH 24 (1.533 seconds):
INFO:root:COST >> 0.9923 +/- 0.0087, % updates: 54.438%
INFO:root:-- EPOCH 25 (1.541 seconds):
INFO:root:COST >> 0.9524 +/- 0.0173, % updates: 53.007%
INFO:root:-- EPOCH 26 (1.517 seconds):
INFO:root:COST >> 0.9123 +/- 0.0134, % updates: 51.887%
INFO:root:-- EPOCH 27 (1.51 seconds):
INFO:root:COST >> 0.8766 +/- 0.014, % updates: 50.623%
INFO:root:-- EPOCH 28 (1.518 seconds):
INFO:root:COST >> 0.8386 +/- 0.0129, % updates: 49.403%
INFO:root:-- EPOCH 29 (1.486 seconds):
INFO:root:COST >> 0.8061 +/- 0.0134, % updates: 48.371%
INFO:root:-- EPOCH 30 (1.506 seconds):
INFO:root:COST >> 0.7797 +/- 0.011, % updates: 47.236%
INFO:root:-- EPOCH 31 (1.509 seconds):
INFO:root:COST >> 0.7434 +/- 0.0095, % updates: 45.953%
INFO:root:-- EPOCH 32 (1.509 seconds):
INFO:root:COST >> 0.7166 +/- 0.0095, % updates: 44.892%
INFO:root:-- EPOCH 33 (1.525 seconds):
INFO:root:COST >> 0.6909 +/- 0.0123, % updates: 43.787%
INFO:root:-- EPOCH 34 (1.478 seconds):
INFO:root:COST >> 0.6631 +/- 0.0109, % updates: 42.949%
INFO:root:-- EPOCH 35 (1.556 seconds):
INFO:root:COST >> 0.6376 +/- 0.0092, % updates: 41.892%
INFO:root:-- EPOCH 36 (1.533 seconds):
INFO:root:COST >> 0.618 +/- 0.0105, % updates: 41.134%
INFO:root:-- EPOCH 37 (1.498 seconds):
INFO:root:COST >> 0.5918 +/- 0.01, % updates: 39.917%
INFO:root:-- EPOCH 38 (1.523 seconds):
INFO:root:COST >> 0.5738 +/- 0.0094, % updates: 39.137%
INFO:root:-- EPOCH 39 (1.495 seconds):
INFO:root:COST >> 0.5531 +/- 0.0091, % updates: 38.297%
INFO:root:-- EPOCH 40 (1.488 seconds):
INFO:root:COST >> 0.5352 +/- 0.0062, % updates: 37.511%
INFO:root:-- EPOCH 41 (1.503 seconds):
INFO:root:COST >> 0.5155 +/- 0.0078, % updates: 36.489%
INFO:root:-- EPOCH 42 (1.484 seconds):
INFO:root:COST >> 0.5007 +/- 0.0042, % updates: 35.986%
INFO:root:-- EPOCH 43 (1.492 seconds):
INFO:root:COST >> 0.4847 +/- 0.0082, % updates: 35.066%
INFO:root:-- EPOCH 44 (1.523 seconds):
INFO:root:COST >> 0.4697 +/- 0.0093, % updates: 34.521%
INFO:root:-- EPOCH 45 (1.495 seconds):
INFO:root:COST >> 0.455 +/- 0.0086, % updates: 33.705%
INFO:root:-- EPOCH 46 (1.5 seconds):
INFO:root:COST >> 0.442 +/- 0.0037, % updates: 33.198%
INFO:root:-- EPOCH 47 (1.5 seconds):
INFO:root:COST >> 0.4283 +/- 0.0068, % updates: 32.351%
INFO:root:-- EPOCH 48 (1.495 seconds):
INFO:root:COST >> 0.4134 +/- 0.0057, % updates: 31.686%
INFO:root:-- EPOCH 49 (1.499 seconds):
INFO:root:COST >> 0.4008 +/- 0.0069, % updates: 31.185%
INFO:root:-- EPOCH 50 (1.513 seconds):
INFO:root:COST >> 0.3936 +/- 0.006, % updates: 30.563%
INFO:root:-- EPOCH 51 (1.502 seconds):
INFO:root:COST >> 0.3804 +/- 0.0032, % updates: 30.006%
INFO:root:-- EPOCH 52 (1.5 seconds):
INFO:root:COST >> 0.3682 +/- 0.0051, % updates: 29.251%
INFO:root:-- EPOCH 53 (1.521 seconds):
INFO:root:COST >> 0.3604 +/- 0.0032, % updates: 28.885%
INFO:root:-- EPOCH 54 (1.491 seconds):
INFO:root:COST >> 0.3489 +/- 0.0036, % updates: 28.331%
INFO:root:-- EPOCH 55 (1.5 seconds):
INFO:root:COST >> 0.339 +/- 0.0069, % updates: 27.779%
INFO:root:-- EPOCH 56 (1.491 seconds):
INFO:root:COST >> 0.3319 +/- 0.0048, % updates: 27.41%
INFO:root:-- EPOCH 57 (1.477 seconds):
INFO:root:COST >> 0.3217 +/- 0.0053, % updates: 26.751%
INFO:root:-- EPOCH 58 (1.486 seconds):
INFO:root:COST >> 0.3155 +/- 0.0029, % updates: 26.372%
INFO:root:-- EPOCH 59 (1.501 seconds):
INFO:root:COST >> 0.3058 +/- 0.0037, % updates: 25.861%
INFO:root:-- EPOCH 60 (1.5 seconds):
INFO:root:COST >> 0.3003 +/- 0.0059, % updates: 25.512%
INFO:root:-- EPOCH 61 (1.491 seconds):
INFO:root:COST >> 0.2906 +/- 0.004, % updates: 24.941%
INFO:root:-- EPOCH 62 (1.484 seconds):
INFO:root:COST >> 0.284 +/- 0.0052, % updates: 24.657%
INFO:root:-- EPOCH 63 (1.508 seconds):
INFO:root:COST >> 0.279 +/- 0.0038, % updates: 24.334%
INFO:root:-- EPOCH 64 (1.547 seconds):
INFO:root:COST >> 0.2713 +/- 0.005, % updates: 23.83%
INFO:root:-- EPOCH 65 (1.523 seconds):
INFO:root:COST >> 0.2645 +/- 0.0042, % updates: 23.369%
INFO:root:-- EPOCH 66 (1.525 seconds):
INFO:root:COST >> 0.259 +/- 0.0048, % updates: 23.171%
INFO:root:-- EPOCH 67 (1.501 seconds):
INFO:root:COST >> 0.2544 +/- 0.0035, % updates: 22.784%
INFO:root:-- EPOCH 68 (1.487 seconds):
INFO:root:COST >> 0.2481 +/- 0.0047, % updates: 22.432%
INFO:root:-- EPOCH 69 (1.5 seconds):
INFO:root:COST >> 0.2424 +/- 0.0035, % updates: 22.061%
INFO:root:-- EPOCH 70 (1.529 seconds):
INFO:root:COST >> 0.2357 +/- 0.004, % updates: 21.64%
INFO:root:-- EPOCH 71 (1.487 seconds):
INFO:root:COST >> 0.2319 +/- 0.0031, % updates: 21.412%
INFO:root:-- EPOCH 72 (1.476 seconds):
INFO:root:COST >> 0.2248 +/- 0.0028, % updates: 21.049%
INFO:root:-- EPOCH 73 (1.486 seconds):
INFO:root:COST >> 0.2223 +/- 0.0045, % updates: 20.759%
INFO:root:-- EPOCH 74 (1.542 seconds):
INFO:root:COST >> 0.2176 +/- 0.0038, % updates: 20.503%
INFO:root:-- EPOCH 75 (1.578 seconds):
INFO:root:COST >> 0.2132 +/- 0.0034, % updates: 20.279%
INFO:root:-- EPOCH 76 (1.476 seconds):
INFO:root:COST >> 0.2093 +/- 0.0045, % updates: 19.961%
INFO:root:-- EPOCH 77 (1.482 seconds):
INFO:root:COST >> 0.2051 +/- 0.004, % updates: 19.698%
INFO:root:-- EPOCH 78 (1.515 seconds):
INFO:root:COST >> 0.2007 +/- 0.0039, % updates: 19.35%
INFO:root:-- EPOCH 79 (1.177 seconds):
INFO:root:COST >> 0.1981 +/- 0.0036, % updates: 19.215%
INFO:root:-- EPOCH 80 (1.13 seconds):
INFO:root:COST >> 0.194 +/- 0.0051, % updates: 18.953%
INFO:root:-- EPOCH 81 (1.12 seconds):
INFO:root:COST >> 0.1929 +/- 0.0046, % updates: 18.746%
INFO:root:-- EPOCH 82 (1.156 seconds):
INFO:root:COST >> 0.1873 +/- 0.0031, % updates: 18.391%
INFO:root:-- EPOCH 83 (1.344 seconds):
INFO:root:COST >> 0.1832 +/- 0.0034, % updates: 18.18%
INFO:root:-- EPOCH 84 (1.487 seconds):
INFO:root:COST >> 0.1803 +/- 0.0028, % updates: 17.999%
INFO:root:-- EPOCH 85 (1.527 seconds):
INFO:root:COST >> 0.1775 +/- 0.0026, % updates: 17.749%
INFO:root:-- EPOCH 86 (1.503 seconds):
INFO:root:COST >> 0.173 +/- 0.0024, % updates: 17.498%
INFO:root:-- EPOCH 87 (1.495 seconds):
INFO:root:COST >> 0.1707 +/- 0.0038, % updates: 17.376%
INFO:root:-- EPOCH 88 (1.487 seconds):
INFO:root:COST >> 0.1666 +/- 0.0036, % updates: 17.074%
INFO:root:-- EPOCH 89 (1.482 seconds):
INFO:root:COST >> 0.165 +/- 0.0032, % updates: 16.845%
INFO:root:-- EPOCH 90 (1.48 seconds):
INFO:root:COST >> 0.1624 +/- 0.0035, % updates: 16.699%
INFO:root:-- EPOCH 91 (1.503 seconds):
INFO:root:COST >> 0.1586 +/- 0.003, % updates: 16.392%
INFO:root:-- EPOCH 92 (1.502 seconds):
INFO:root:COST >> 0.1574 +/- 0.0031, % updates: 16.336%
INFO:root:-- EPOCH 93 (1.487 seconds):
INFO:root:COST >> 0.1545 +/- 0.0023, % updates: 16.144%
INFO:root:-- EPOCH 94 (1.47 seconds):
INFO:root:COST >> 0.1504 +/- 0.0021, % updates: 15.827%
INFO:root:-- EPOCH 95 (1.507 seconds):
INFO:root:COST >> 0.1492 +/- 0.0029, % updates: 15.77%
INFO:root:-- EPOCH 96 (1.5 seconds):
INFO:root:COST >> 0.1473 +/- 0.0022, % updates: 15.606%
INFO:root:-- EPOCH 97 (1.559 seconds):
INFO:root:COST >> 0.1445 +/- 0.0024, % updates: 15.339%
INFO:root:-- EPOCH 98 (1.511 seconds):
INFO:root:COST >> 0.1418 +/- 0.0033, % updates: 15.192%
INFO:root:-- EPOCH 99 (1.525 seconds):
INFO:root:COST >> 0.1387 +/- 0.0033, % updates: 14.951%
INFO:root:-- EPOCH 100 (1.482 seconds):
INFO:root:COST >> 0.1383 +/- 0.0021, % updates: 14.955%
