INFO:root:Shape for training set: (40961, 141442)
INFO:root:State: {'ndim': '20', 'test_all': 'None', 'test_path': 'None', 'nhid': '50', 'lremb': '10.0', 'seed': '3', 'simfn': 'L1', 'valid_path': 'None', 'nbatches': '10', 'lrparam': '10.0', 'decay': '0.5', 'show_hinton_diagrams': 'False', 'no_rescaling': 'True', 'Nrel': '18', 'ranking_score_right': 'False', 'Nent': '40961', 'Nsyn': '40943', 'method': 'MOMENTUM', 'loss_margin': '1.0', 'C': '1.0', 'epsilon': '1e-06', 'use_db': 'True', 'max_lr': 'None', 'l1_param_weight': 'None', 'filtered': 'False', 'name': 'wn_opt/wn_MOMENTUM_393', 'totepochs': '100', 'l2_param_weight': 'None', 'train_path': 'data/wn/WN-train.pkl', 'op': 'TransE'}
INFO:root:Starting the Experiment ..
INFO:root:-- EPOCH 1 (1.46 seconds):
INFO:root:COST >> 3.0049 +/- 0.3708, % updates: 63.294%
INFO:root:-- EPOCH 2 (1.499 seconds):
INFO:root:COST >> 3.2295 +/- 0.1714, % updates: 57.916%
INFO:root:-- EPOCH 3 (1.48 seconds):
INFO:root:COST >> 3.2079 +/- 0.1644, % updates: 57.81%
INFO:root:-- EPOCH 4 (1.485 seconds):
INFO:root:COST >> 3.2091 +/- 0.1835, % updates: 57.678%
INFO:root:-- EPOCH 5 (1.494 seconds):
INFO:root:COST >> 3.2083 +/- 0.1592, % updates: 57.845%
INFO:root:-- EPOCH 6 (1.502 seconds):
INFO:root:COST >> 3.2177 +/- 0.1728, % updates: 57.733%
INFO:root:-- EPOCH 7 (1.478 seconds):
INFO:root:COST >> 3.2093 +/- 0.1771, % updates: 57.662%
INFO:root:-- EPOCH 8 (1.507 seconds):
INFO:root:COST >> 3.2002 +/- 0.167, % updates: 57.607%
INFO:root:-- EPOCH 9 (1.466 seconds):
INFO:root:COST >> 3.2295 +/- 0.1671, % updates: 57.935%
INFO:root:-- EPOCH 10 (1.51 seconds):
INFO:root:COST >> 3.2173 +/- 0.1561, % updates: 57.821%
INFO:root:-- EPOCH 11 (1.472 seconds):
INFO:root:COST >> 3.2209 +/- 0.177, % updates: 57.903%
INFO:root:-- EPOCH 12 (1.486 seconds):
INFO:root:COST >> 3.2158 +/- 0.175, % updates: 57.685%
INFO:root:-- EPOCH 13 (1.504 seconds):
INFO:root:COST >> 3.2054 +/- 0.1715, % updates: 57.719%
INFO:root:-- EPOCH 14 (1.49 seconds):
INFO:root:COST >> 3.2193 +/- 0.162, % updates: 57.832%
INFO:root:-- EPOCH 15 (1.484 seconds):
INFO:root:COST >> 3.2233 +/- 0.1772, % updates: 57.784%
INFO:root:-- EPOCH 16 (1.525 seconds):
INFO:root:COST >> 3.2049 +/- 0.1753, % updates: 57.825%
INFO:root:-- EPOCH 17 (1.483 seconds):
INFO:root:COST >> 3.2089 +/- 0.1693, % updates: 57.809%
INFO:root:-- EPOCH 18 (1.511 seconds):
INFO:root:COST >> 3.2037 +/- 0.1818, % updates: 57.739%
INFO:root:-- EPOCH 19 (1.501 seconds):
INFO:root:COST >> 3.2013 +/- 0.173, % updates: 57.796%
INFO:root:-- EPOCH 20 (1.467 seconds):
INFO:root:COST >> 3.2196 +/- 0.1783, % updates: 57.859%
INFO:root:-- EPOCH 21 (1.469 seconds):
INFO:root:COST >> 3.2145 +/- 0.1923, % updates: 57.733%
INFO:root:-- EPOCH 22 (1.476 seconds):
INFO:root:COST >> 3.2132 +/- 0.1819, % updates: 57.692%
INFO:root:-- EPOCH 23 (1.486 seconds):
INFO:root:COST >> 3.213 +/- 0.1708, % updates: 57.74%
INFO:root:-- EPOCH 24 (1.48 seconds):
INFO:root:COST >> 3.2013 +/- 0.172, % updates: 57.677%
INFO:root:-- EPOCH 25 (1.502 seconds):
INFO:root:COST >> 3.2228 +/- 0.1759, % updates: 57.889%
INFO:root:-- EPOCH 26 (1.486 seconds):
INFO:root:COST >> 3.2108 +/- 0.173, % updates: 57.803%
INFO:root:-- EPOCH 27 (1.475 seconds):
INFO:root:COST >> 3.201 +/- 0.1698, % updates: 57.737%
INFO:root:-- EPOCH 28 (1.491 seconds):
INFO:root:COST >> 3.2044 +/- 0.1598, % updates: 57.653%
INFO:root:-- EPOCH 29 (1.461 seconds):
INFO:root:COST >> 3.2218 +/- 0.1711, % updates: 57.87%
INFO:root:-- EPOCH 30 (1.487 seconds):
INFO:root:COST >> 3.2141 +/- 0.1744, % updates: 57.827%
INFO:root:-- EPOCH 31 (1.458 seconds):
INFO:root:COST >> 3.2148 +/- 0.1803, % updates: 57.808%
INFO:root:-- EPOCH 32 (1.518 seconds):
INFO:root:COST >> 3.2073 +/- 0.1864, % updates: 57.753%
INFO:root:-- EPOCH 33 (1.478 seconds):
INFO:root:COST >> 3.1964 +/- 0.1676, % updates: 57.626%
INFO:root:-- EPOCH 34 (1.465 seconds):
INFO:root:COST >> 3.2117 +/- 0.1739, % updates: 57.743%
INFO:root:-- EPOCH 35 (1.476 seconds):
INFO:root:COST >> 3.2066 +/- 0.1822, % updates: 57.693%
INFO:root:-- EPOCH 36 (1.493 seconds):
INFO:root:COST >> 3.2227 +/- 0.1711, % updates: 57.943%
INFO:root:-- EPOCH 37 (1.472 seconds):
INFO:root:COST >> 3.201 +/- 0.176, % updates: 57.718%
INFO:root:-- EPOCH 38 (1.515 seconds):
INFO:root:COST >> 3.2186 +/- 0.1764, % updates: 57.785%
INFO:root:-- EPOCH 39 (1.493 seconds):
INFO:root:COST >> 3.2152 +/- 0.1754, % updates: 57.733%
INFO:root:-- EPOCH 40 (1.476 seconds):
INFO:root:COST >> 3.2173 +/- 0.1811, % updates: 57.75%
INFO:root:-- EPOCH 41 (1.479 seconds):
INFO:root:COST >> 3.1954 +/- 0.1596, % updates: 57.695%
INFO:root:-- EPOCH 42 (1.476 seconds):
INFO:root:COST >> 3.2176 +/- 0.1725, % updates: 57.8%
INFO:root:-- EPOCH 43 (1.488 seconds):
INFO:root:COST >> 3.2137 +/- 0.1928, % updates: 57.947%
INFO:root:-- EPOCH 44 (1.49 seconds):
INFO:root:COST >> 3.2129 +/- 0.1849, % updates: 57.729%
INFO:root:-- EPOCH 45 (1.477 seconds):
INFO:root:COST >> 3.2111 +/- 0.1794, % updates: 57.736%
INFO:root:-- EPOCH 46 (1.478 seconds):
INFO:root:COST >> 3.2021 +/- 0.1894, % updates: 57.676%
INFO:root:-- EPOCH 47 (1.477 seconds):
INFO:root:COST >> 3.2194 +/- 0.1852, % updates: 57.891%
INFO:root:-- EPOCH 48 (1.506 seconds):
INFO:root:COST >> 3.1981 +/- 0.152, % updates: 57.743%
INFO:root:-- EPOCH 49 (1.502 seconds):
INFO:root:COST >> 3.2142 +/- 0.1726, % updates: 57.723%
INFO:root:-- EPOCH 50 (1.522 seconds):
INFO:root:COST >> 3.2109 +/- 0.1704, % updates: 57.782%
INFO:root:-- EPOCH 51 (1.477 seconds):
INFO:root:COST >> 3.2351 +/- 0.1714, % updates: 57.896%
INFO:root:-- EPOCH 52 (1.483 seconds):
INFO:root:COST >> 3.2139 +/- 0.1728, % updates: 57.732%
INFO:root:-- EPOCH 53 (1.487 seconds):
INFO:root:COST >> 3.2112 +/- 0.18, % updates: 57.679%
INFO:root:-- EPOCH 54 (1.482 seconds):
INFO:root:COST >> 3.2165 +/- 0.1639, % updates: 57.817%
INFO:root:-- EPOCH 55 (1.472 seconds):
INFO:root:COST >> 3.221 +/- 0.1622, % updates: 57.792%
INFO:root:-- EPOCH 56 (1.522 seconds):
INFO:root:COST >> 3.2133 +/- 0.1488, % updates: 57.786%
INFO:root:-- EPOCH 57 (1.49 seconds):
INFO:root:COST >> 3.21 +/- 0.1547, % updates: 57.784%
INFO:root:-- EPOCH 58 (1.504 seconds):
INFO:root:COST >> 3.2155 +/- 0.166, % updates: 57.739%
INFO:root:-- EPOCH 59 (1.478 seconds):
INFO:root:COST >> 3.2168 +/- 0.1649, % updates: 57.827%
INFO:root:-- EPOCH 60 (1.493 seconds):
INFO:root:COST >> 3.2118 +/- 0.1633, % updates: 57.7%
INFO:root:-- EPOCH 61 (1.485 seconds):
INFO:root:COST >> 3.2078 +/- 0.1764, % updates: 57.759%
INFO:root:-- EPOCH 62 (1.503 seconds):
INFO:root:COST >> 3.2157 +/- 0.1621, % updates: 57.818%
INFO:root:-- EPOCH 63 (1.519 seconds):
INFO:root:COST >> 3.2226 +/- 0.188, % updates: 57.85%
INFO:root:-- EPOCH 64 (1.516 seconds):
INFO:root:COST >> 3.2025 +/- 0.174, % updates: 57.667%
INFO:root:-- EPOCH 65 (1.503 seconds):
INFO:root:COST >> 3.2035 +/- 0.1739, % updates: 57.64%
INFO:root:-- EPOCH 66 (1.462 seconds):
INFO:root:COST >> 3.2253 +/- 0.1695, % updates: 57.961%
INFO:root:-- EPOCH 67 (1.502 seconds):
INFO:root:COST >> 3.2176 +/- 0.1788, % updates: 57.701%
INFO:root:-- EPOCH 68 (1.457 seconds):
INFO:root:COST >> 3.2186 +/- 0.1898, % updates: 57.9%
INFO:root:-- EPOCH 69 (1.508 seconds):
INFO:root:COST >> 3.195 +/- 0.196, % updates: 57.531%
INFO:root:-- EPOCH 70 (1.521 seconds):
INFO:root:COST >> 3.205 +/- 0.1782, % updates: 57.75%
INFO:root:-- EPOCH 71 (1.48 seconds):
INFO:root:COST >> 3.201 +/- 0.1775, % updates: 57.718%
INFO:root:-- EPOCH 72 (1.473 seconds):
INFO:root:COST >> 3.2002 +/- 0.1661, % updates: 57.674%
INFO:root:-- EPOCH 73 (1.488 seconds):
INFO:root:COST >> 3.2058 +/- 0.1669, % updates: 57.851%
INFO:root:-- EPOCH 74 (1.471 seconds):
INFO:root:COST >> 3.2078 +/- 0.1673, % updates: 57.726%
INFO:root:-- EPOCH 75 (1.237 seconds):
INFO:root:COST >> 3.2174 +/- 0.1765, % updates: 57.913%
INFO:root:-- EPOCH 76 (1.177 seconds):
INFO:root:COST >> 3.2168 +/- 0.1724, % updates: 57.799%
INFO:root:-- EPOCH 77 (1.121 seconds):
INFO:root:COST >> 3.2144 +/- 0.1722, % updates: 57.728%
INFO:root:-- EPOCH 78 (1.159 seconds):
INFO:root:COST >> 3.2187 +/- 0.182, % updates: 57.743%
INFO:root:-- EPOCH 79 (1.384 seconds):
INFO:root:COST >> 3.21 +/- 0.1729, % updates: 57.703%
INFO:root:-- EPOCH 80 (1.473 seconds):
INFO:root:COST >> 3.2175 +/- 0.1885, % updates: 57.813%
INFO:root:-- EPOCH 81 (1.466 seconds):
INFO:root:COST >> 3.2155 +/- 0.174, % updates: 57.871%
INFO:root:-- EPOCH 82 (1.487 seconds):
INFO:root:COST >> 3.213 +/- 0.1841, % updates: 57.804%
INFO:root:-- EPOCH 83 (1.512 seconds):
INFO:root:COST >> 3.2131 +/- 0.1793, % updates: 57.82%
INFO:root:-- EPOCH 84 (1.524 seconds):
INFO:root:COST >> 3.2042 +/- 0.1678, % updates: 57.682%
INFO:root:-- EPOCH 85 (1.505 seconds):
INFO:root:COST >> 3.2198 +/- 0.1795, % updates: 57.924%
INFO:root:-- EPOCH 86 (1.489 seconds):
INFO:root:COST >> 3.1871 +/- 0.1673, % updates: 57.554%
INFO:root:-- EPOCH 87 (1.47 seconds):
INFO:root:COST >> 3.2121 +/- 0.1785, % updates: 57.782%
INFO:root:-- EPOCH 88 (1.478 seconds):
INFO:root:COST >> 3.2147 +/- 0.1772, % updates: 57.768%
INFO:root:-- EPOCH 89 (1.473 seconds):
INFO:root:COST >> 3.2207 +/- 0.185, % updates: 57.76%
INFO:root:-- EPOCH 90 (1.498 seconds):
INFO:root:COST >> 3.2025 +/- 0.1673, % updates: 57.767%
INFO:root:-- EPOCH 91 (1.489 seconds):
INFO:root:COST >> 3.2065 +/- 0.1773, % updates: 57.789%
INFO:root:-- EPOCH 92 (1.538 seconds):
INFO:root:COST >> 3.2094 +/- 0.1683, % updates: 57.774%
INFO:root:-- EPOCH 93 (1.52 seconds):
INFO:root:COST >> 3.2206 +/- 0.174, % updates: 57.84%
INFO:root:-- EPOCH 94 (1.558 seconds):
INFO:root:COST >> 3.2185 +/- 0.1684, % updates: 57.841%
INFO:root:-- EPOCH 95 (1.485 seconds):
INFO:root:COST >> 3.1943 +/- 0.1768, % updates: 57.605%
INFO:root:-- EPOCH 96 (1.508 seconds):
INFO:root:COST >> 3.2142 +/- 0.165, % updates: 57.793%
INFO:root:-- EPOCH 97 (1.476 seconds):
INFO:root:COST >> 3.2171 +/- 0.1661, % updates: 57.682%
INFO:root:-- EPOCH 98 (1.492 seconds):
INFO:root:COST >> 3.2016 +/- 0.1795, % updates: 57.599%
INFO:root:-- EPOCH 99 (1.493 seconds):
INFO:root:COST >> 3.2194 +/- 0.1662, % updates: 57.814%
INFO:root:-- EPOCH 100 (1.466 seconds):
INFO:root:COST >> 3.221 +/- 0.1577, % updates: 57.675%
