INFO:root:Shape for training set: (40961, 141442)
INFO:root:State: {'ndim': '20', 'test_all': 'None', 'test_path': 'None', 'nhid': '50', 'lremb': '0.01', 'seed': '4', 'simfn': 'L1', 'valid_path': 'None', 'nbatches': '10', 'lrparam': '0.01', 'decay': '0.99', 'show_hinton_diagrams': 'False', 'no_rescaling': 'True', 'Nrel': '18', 'ranking_score_right': 'False', 'Nent': '40961', 'Nsyn': '40943', 'method': 'MOMENTUM', 'loss_margin': '1.0', 'C': '1.0', 'epsilon': '1e-06', 'use_db': 'True', 'max_lr': 'None', 'l1_param_weight': 'None', 'filtered': 'False', 'name': 'wn_opt/wn_MOMENTUM_224', 'totepochs': '100', 'l2_param_weight': 'None', 'train_path': 'data/wn/WN-train.pkl', 'op': 'TransE'}
INFO:root:Starting the Experiment ..
INFO:root:-- EPOCH 1 (1.493 seconds):
INFO:root:COST >> 2.1296 +/- 0.0998, % updates: 69.619%
INFO:root:-- EPOCH 2 (1.459 seconds):
INFO:root:COST >> 1.8373 +/- 0.1016, % updates: 53.305%
INFO:root:-- EPOCH 3 (1.513 seconds):
INFO:root:COST >> 1.7815 +/- 0.0995, % updates: 48.281%
INFO:root:-- EPOCH 4 (1.461 seconds):
INFO:root:COST >> 1.7509 +/- 0.1001, % updates: 47.02%
INFO:root:-- EPOCH 5 (1.496 seconds):
INFO:root:COST >> 1.7569 +/- 0.0965, % updates: 46.83%
INFO:root:-- EPOCH 6 (1.489 seconds):
INFO:root:COST >> 1.7572 +/- 0.1096, % updates: 46.406%
INFO:root:-- EPOCH 7 (1.487 seconds):
INFO:root:COST >> 1.7671 +/- 0.0948, % updates: 46.046%
INFO:root:-- EPOCH 8 (1.467 seconds):
INFO:root:COST >> 1.7711 +/- 0.1105, % updates: 45.724%
INFO:root:-- EPOCH 9 (1.517 seconds):
INFO:root:COST >> 1.7867 +/- 0.1072, % updates: 45.604%
INFO:root:-- EPOCH 10 (1.488 seconds):
INFO:root:COST >> 1.7994 +/- 0.1126, % updates: 45.411%
INFO:root:-- EPOCH 11 (1.521 seconds):
INFO:root:COST >> 1.8074 +/- 0.1003, % updates: 45.327%
INFO:root:-- EPOCH 12 (1.463 seconds):
INFO:root:COST >> 1.8192 +/- 0.0941, % updates: 45.247%
INFO:root:-- EPOCH 13 (1.52 seconds):
INFO:root:COST >> 1.8263 +/- 0.1031, % updates: 45.23%
INFO:root:-- EPOCH 14 (1.302 seconds):
INFO:root:COST >> 1.8325 +/- 0.0977, % updates: 44.876%
INFO:root:-- EPOCH 15 (1.127 seconds):
INFO:root:COST >> 1.8369 +/- 0.1009, % updates: 44.893%
INFO:root:-- EPOCH 16 (1.115 seconds):
INFO:root:COST >> 1.853 +/- 0.0992, % updates: 45.027%
INFO:root:-- EPOCH 17 (1.155 seconds):
INFO:root:COST >> 1.8573 +/- 0.1066, % updates: 44.873%
INFO:root:-- EPOCH 18 (1.34 seconds):
INFO:root:COST >> 1.8519 +/- 0.0977, % updates: 44.704%
INFO:root:-- EPOCH 19 (1.493 seconds):
INFO:root:COST >> 1.8575 +/- 0.0909, % updates: 44.686%
INFO:root:-- EPOCH 20 (1.482 seconds):
INFO:root:COST >> 1.8609 +/- 0.1092, % updates: 44.678%
INFO:root:-- EPOCH 21 (1.5 seconds):
INFO:root:COST >> 1.8703 +/- 0.1043, % updates: 44.755%
INFO:root:-- EPOCH 22 (1.468 seconds):
INFO:root:COST >> 1.8745 +/- 0.1054, % updates: 44.642%
INFO:root:-- EPOCH 23 (1.502 seconds):
INFO:root:COST >> 1.874 +/- 0.1002, % updates: 44.678%
INFO:root:-- EPOCH 24 (1.508 seconds):
INFO:root:COST >> 1.8766 +/- 0.1062, % updates: 44.635%
INFO:root:-- EPOCH 25 (1.461 seconds):
INFO:root:COST >> 1.8715 +/- 0.1001, % updates: 44.464%
INFO:root:-- EPOCH 26 (1.549 seconds):
INFO:root:COST >> 1.8756 +/- 0.1121, % updates: 44.545%
INFO:root:-- EPOCH 27 (1.509 seconds):
INFO:root:COST >> 1.8788 +/- 0.1006, % updates: 44.674%
INFO:root:-- EPOCH 28 (1.473 seconds):
INFO:root:COST >> 1.8854 +/- 0.1033, % updates: 44.636%
INFO:root:-- EPOCH 29 (1.462 seconds):
INFO:root:COST >> 1.8906 +/- 0.1027, % updates: 44.678%
INFO:root:-- EPOCH 30 (1.484 seconds):
INFO:root:COST >> 1.8771 +/- 0.1052, % updates: 44.522%
INFO:root:-- EPOCH 31 (1.479 seconds):
INFO:root:COST >> 1.8824 +/- 0.1056, % updates: 44.635%
INFO:root:-- EPOCH 32 (1.481 seconds):
INFO:root:COST >> 1.8781 +/- 0.1079, % updates: 44.584%
INFO:root:-- EPOCH 33 (1.501 seconds):
INFO:root:COST >> 1.8775 +/- 0.0998, % updates: 44.644%
INFO:root:-- EPOCH 34 (1.482 seconds):
INFO:root:COST >> 1.8791 +/- 0.0957, % updates: 44.633%
INFO:root:-- EPOCH 35 (1.492 seconds):
INFO:root:COST >> 1.886 +/- 0.0956, % updates: 44.597%
INFO:root:-- EPOCH 36 (1.462 seconds):
INFO:root:COST >> 1.8838 +/- 0.1128, % updates: 44.556%
INFO:root:-- EPOCH 37 (1.477 seconds):
INFO:root:COST >> 1.8832 +/- 0.1038, % updates: 44.599%
INFO:root:-- EPOCH 38 (1.49 seconds):
INFO:root:COST >> 1.8949 +/- 0.1036, % updates: 44.766%
INFO:root:-- EPOCH 39 (1.505 seconds):
INFO:root:COST >> 1.8804 +/- 0.0932, % updates: 44.499%
INFO:root:-- EPOCH 40 (1.533 seconds):
INFO:root:COST >> 1.8792 +/- 0.0998, % updates: 44.493%
INFO:root:-- EPOCH 41 (1.544 seconds):
INFO:root:COST >> 1.8856 +/- 0.1019, % updates: 44.616%
INFO:root:-- EPOCH 42 (1.55 seconds):
INFO:root:COST >> 1.8805 +/- 0.1034, % updates: 44.517%
INFO:root:-- EPOCH 43 (1.553 seconds):
INFO:root:COST >> 1.886 +/- 0.1018, % updates: 44.593%
INFO:root:-- EPOCH 44 (1.523 seconds):
INFO:root:COST >> 1.8814 +/- 0.1013, % updates: 44.567%
INFO:root:-- EPOCH 45 (1.538 seconds):
INFO:root:COST >> 1.8853 +/- 0.1015, % updates: 44.501%
INFO:root:-- EPOCH 46 (1.469 seconds):
INFO:root:COST >> 1.8816 +/- 0.1087, % updates: 44.637%
INFO:root:-- EPOCH 47 (1.479 seconds):
INFO:root:COST >> 1.8785 +/- 0.0979, % updates: 44.496%
INFO:root:-- EPOCH 48 (1.492 seconds):
INFO:root:COST >> 1.8806 +/- 0.1048, % updates: 44.494%
INFO:root:-- EPOCH 49 (1.527 seconds):
INFO:root:COST >> 1.883 +/- 0.1053, % updates: 44.605%
INFO:root:-- EPOCH 50 (1.483 seconds):
INFO:root:COST >> 1.8846 +/- 0.1031, % updates: 44.567%
INFO:root:-- EPOCH 51 (1.495 seconds):
INFO:root:COST >> 1.8878 +/- 0.1133, % updates: 44.564%
INFO:root:-- EPOCH 52 (1.514 seconds):
INFO:root:COST >> 1.8807 +/- 0.1012, % updates: 44.516%
INFO:root:-- EPOCH 53 (1.473 seconds):
INFO:root:COST >> 1.887 +/- 0.1038, % updates: 44.583%
INFO:root:-- EPOCH 54 (1.45 seconds):
INFO:root:COST >> 1.8821 +/- 0.1037, % updates: 44.665%
INFO:root:-- EPOCH 55 (1.472 seconds):
INFO:root:COST >> 1.8832 +/- 0.1037, % updates: 44.559%
INFO:root:-- EPOCH 56 (1.474 seconds):
INFO:root:COST >> 1.8922 +/- 0.1009, % updates: 44.605%
INFO:root:-- EPOCH 57 (1.483 seconds):
INFO:root:COST >> 1.8892 +/- 0.0952, % updates: 44.63%
INFO:root:-- EPOCH 58 (1.476 seconds):
INFO:root:COST >> 1.8921 +/- 0.1077, % updates: 44.634%
INFO:root:-- EPOCH 59 (1.452 seconds):
INFO:root:COST >> 1.8854 +/- 0.0988, % updates: 44.713%
INFO:root:-- EPOCH 60 (1.482 seconds):
INFO:root:COST >> 1.8854 +/- 0.1108, % updates: 44.523%
INFO:root:-- EPOCH 61 (1.485 seconds):
INFO:root:COST >> 1.8869 +/- 0.095, % updates: 44.548%
INFO:root:-- EPOCH 62 (1.482 seconds):
INFO:root:COST >> 1.8875 +/- 0.1039, % updates: 44.567%
INFO:root:-- EPOCH 63 (1.518 seconds):
INFO:root:COST >> 1.8902 +/- 0.0899, % updates: 44.662%
INFO:root:-- EPOCH 64 (1.477 seconds):
INFO:root:COST >> 1.8853 +/- 0.0986, % updates: 44.572%
INFO:root:-- EPOCH 65 (1.497 seconds):
INFO:root:COST >> 1.8913 +/- 0.1042, % updates: 44.606%
INFO:root:-- EPOCH 66 (1.519 seconds):
INFO:root:COST >> 1.8849 +/- 0.1055, % updates: 44.541%
INFO:root:-- EPOCH 67 (1.504 seconds):
INFO:root:COST >> 1.8854 +/- 0.1064, % updates: 44.606%
INFO:root:-- EPOCH 68 (1.499 seconds):
INFO:root:COST >> 1.8792 +/- 0.0998, % updates: 44.609%
INFO:root:-- EPOCH 69 (1.505 seconds):
INFO:root:COST >> 1.8883 +/- 0.1045, % updates: 44.562%
INFO:root:-- EPOCH 70 (1.497 seconds):
INFO:root:COST >> 1.8836 +/- 0.0934, % updates: 44.601%
INFO:root:-- EPOCH 71 (1.465 seconds):
INFO:root:COST >> 1.8792 +/- 0.1053, % updates: 44.599%
INFO:root:-- EPOCH 72 (1.484 seconds):
INFO:root:COST >> 1.8821 +/- 0.0929, % updates: 44.548%
INFO:root:-- EPOCH 73 (1.506 seconds):
INFO:root:COST >> 1.8821 +/- 0.1006, % updates: 44.552%
INFO:root:-- EPOCH 74 (1.483 seconds):
INFO:root:COST >> 1.8861 +/- 0.1055, % updates: 44.589%
INFO:root:-- EPOCH 75 (1.501 seconds):
INFO:root:COST >> 1.8788 +/- 0.0995, % updates: 44.579%
INFO:root:-- EPOCH 76 (1.533 seconds):
INFO:root:COST >> 1.8775 +/- 0.1008, % updates: 44.518%
INFO:root:-- EPOCH 77 (1.466 seconds):
INFO:root:COST >> 1.8874 +/- 0.1007, % updates: 44.464%
INFO:root:-- EPOCH 78 (1.458 seconds):
INFO:root:COST >> 1.8828 +/- 0.1076, % updates: 44.532%
INFO:root:-- EPOCH 79 (1.476 seconds):
INFO:root:COST >> 1.8855 +/- 0.0989, % updates: 44.408%
INFO:root:-- EPOCH 80 (1.469 seconds):
INFO:root:COST >> 1.8832 +/- 0.101, % updates: 44.51%
INFO:root:-- EPOCH 81 (1.466 seconds):
INFO:root:COST >> 1.8775 +/- 0.0994, % updates: 44.544%
INFO:root:-- EPOCH 82 (1.491 seconds):
INFO:root:COST >> 1.8882 +/- 0.1034, % updates: 44.581%
INFO:root:-- EPOCH 83 (1.528 seconds):
INFO:root:COST >> 1.8859 +/- 0.0966, % updates: 44.502%
INFO:root:-- EPOCH 84 (1.485 seconds):
INFO:root:COST >> 1.8893 +/- 0.1056, % updates: 44.652%
INFO:root:-- EPOCH 85 (1.522 seconds):
INFO:root:COST >> 1.8818 +/- 0.1012, % updates: 44.482%
INFO:root:-- EPOCH 86 (1.48 seconds):
INFO:root:COST >> 1.8828 +/- 0.109, % updates: 44.581%
INFO:root:-- EPOCH 87 (1.49 seconds):
INFO:root:COST >> 1.8801 +/- 0.0959, % updates: 44.407%
INFO:root:-- EPOCH 88 (1.503 seconds):
INFO:root:COST >> 1.8876 +/- 0.0978, % updates: 44.665%
INFO:root:-- EPOCH 89 (1.478 seconds):
INFO:root:COST >> 1.8877 +/- 0.1016, % updates: 44.475%
INFO:root:-- EPOCH 90 (1.474 seconds):
INFO:root:COST >> 1.8845 +/- 0.097, % updates: 44.659%
INFO:root:-- EPOCH 91 (1.48 seconds):
INFO:root:COST >> 1.8828 +/- 0.1005, % updates: 44.546%
INFO:root:-- EPOCH 92 (1.475 seconds):
INFO:root:COST >> 1.8857 +/- 0.0981, % updates: 44.63%
INFO:root:-- EPOCH 93 (1.465 seconds):
INFO:root:COST >> 1.8846 +/- 0.1024, % updates: 44.575%
INFO:root:-- EPOCH 94 (1.476 seconds):
INFO:root:COST >> 1.883 +/- 0.0991, % updates: 44.665%
INFO:root:-- EPOCH 95 (1.487 seconds):
INFO:root:COST >> 1.8866 +/- 0.116, % updates: 44.612%
INFO:root:-- EPOCH 96 (1.474 seconds):
INFO:root:COST >> 1.8834 +/- 0.106, % updates: 44.566%
INFO:root:-- EPOCH 97 (1.457 seconds):
INFO:root:COST >> 1.8856 +/- 0.1024, % updates: 44.536%
INFO:root:-- EPOCH 98 (1.484 seconds):
INFO:root:COST >> 1.8806 +/- 0.11, % updates: 44.531%
INFO:root:-- EPOCH 99 (1.483 seconds):
INFO:root:COST >> 1.8877 +/- 0.0915, % updates: 44.598%
INFO:root:-- EPOCH 100 (1.532 seconds):
INFO:root:COST >> 1.8816 +/- 0.1033, % updates: 44.492%
