INFO:root:Shape for training set: (40961, 141442)
INFO:root:State: {'ndim': '20', 'test_all': 'None', 'test_path': 'None', 'nhid': '50', 'lremb': '0.0001', 'seed': '4', 'simfn': 'L1', 'valid_path': 'None', 'nbatches': '10', 'lrparam': '0.0001', 'decay': '0.5', 'show_hinton_diagrams': 'False', 'no_rescaling': 'True', 'Nrel': '18', 'ranking_score_right': 'False', 'Nent': '40961', 'Nsyn': '40943', 'method': 'MOMENTUM', 'loss_margin': '1.0', 'C': '1.0', 'epsilon': '1e-06', 'use_db': 'True', 'max_lr': 'None', 'l1_param_weight': 'None', 'filtered': 'False', 'name': 'wn_opt/wn_MOMENTUM_144', 'totepochs': '100', 'l2_param_weight': 'None', 'train_path': 'data/wn/WN-train.pkl', 'op': 'TransE'}
INFO:root:Starting the Experiment ..
INFO:root:-- EPOCH 1 (1.532 seconds):
INFO:root:COST >> 2.2051 +/- 0.0163, % updates: 81.915%
INFO:root:-- EPOCH 2 (1.534 seconds):
INFO:root:COST >> 2.138 +/- 0.0224, % updates: 81.543%
INFO:root:-- EPOCH 3 (1.558 seconds):
INFO:root:COST >> 2.0965 +/- 0.0192, % updates: 80.63%
INFO:root:-- EPOCH 4 (1.498 seconds):
INFO:root:COST >> 2.0556 +/- 0.0162, % updates: 79.84%
INFO:root:-- EPOCH 5 (1.492 seconds):
INFO:root:COST >> 2.0238 +/- 0.012, % updates: 79.201%
INFO:root:-- EPOCH 6 (1.536 seconds):
INFO:root:COST >> 1.9873 +/- 0.0117, % updates: 78.464%
INFO:root:-- EPOCH 7 (1.525 seconds):
INFO:root:COST >> 1.9527 +/- 0.0123, % updates: 77.791%
INFO:root:-- EPOCH 8 (1.554 seconds):
INFO:root:COST >> 1.9248 +/- 0.0151, % updates: 77.108%
INFO:root:-- EPOCH 9 (1.502 seconds):
INFO:root:COST >> 1.8936 +/- 0.0163, % updates: 76.602%
INFO:root:-- EPOCH 10 (1.525 seconds):
INFO:root:COST >> 1.8665 +/- 0.0135, % updates: 76.256%
INFO:root:-- EPOCH 11 (1.484 seconds):
INFO:root:COST >> 1.8385 +/- 0.0114, % updates: 75.617%
INFO:root:-- EPOCH 12 (1.532 seconds):
INFO:root:COST >> 1.8106 +/- 0.0106, % updates: 75.046%
INFO:root:-- EPOCH 13 (1.479 seconds):
INFO:root:COST >> 1.793 +/- 0.0166, % updates: 74.756%
INFO:root:-- EPOCH 14 (1.56 seconds):
INFO:root:COST >> 1.7633 +/- 0.0143, % updates: 74.07%
INFO:root:-- EPOCH 15 (1.544 seconds):
INFO:root:COST >> 1.7446 +/- 0.0055, % updates: 73.7%
INFO:root:-- EPOCH 16 (1.535 seconds):
INFO:root:COST >> 1.7149 +/- 0.0082, % updates: 73.29%
INFO:root:-- EPOCH 17 (1.54 seconds):
INFO:root:COST >> 1.6962 +/- 0.0143, % updates: 72.788%
INFO:root:-- EPOCH 18 (1.529 seconds):
INFO:root:COST >> 1.673 +/- 0.0106, % updates: 72.179%
INFO:root:-- EPOCH 19 (1.542 seconds):
INFO:root:COST >> 1.6459 +/- 0.0069, % updates: 71.884%
INFO:root:-- EPOCH 20 (1.193 seconds):
INFO:root:COST >> 1.6263 +/- 0.0125, % updates: 71.391%
INFO:root:-- EPOCH 21 (1.145 seconds):
INFO:root:COST >> 1.6068 +/- 0.0083, % updates: 71.114%
INFO:root:-- EPOCH 22 (1.186 seconds):
INFO:root:COST >> 1.5874 +/- 0.0051, % updates: 70.664%
INFO:root:-- EPOCH 23 (1.207 seconds):
INFO:root:COST >> 1.5645 +/- 0.0097, % updates: 70.217%
INFO:root:-- EPOCH 24 (1.536 seconds):
INFO:root:COST >> 1.5486 +/- 0.0098, % updates: 69.818%
INFO:root:-- EPOCH 25 (1.528 seconds):
INFO:root:COST >> 1.5311 +/- 0.0078, % updates: 69.482%
INFO:root:-- EPOCH 26 (1.497 seconds):
INFO:root:COST >> 1.5076 +/- 0.01, % updates: 69.049%
INFO:root:-- EPOCH 27 (1.539 seconds):
INFO:root:COST >> 1.4907 +/- 0.0109, % updates: 68.517%
INFO:root:-- EPOCH 28 (1.501 seconds):
INFO:root:COST >> 1.4763 +/- 0.0092, % updates: 68.271%
INFO:root:-- EPOCH 29 (1.515 seconds):
INFO:root:COST >> 1.4573 +/- 0.0065, % updates: 67.862%
INFO:root:-- EPOCH 30 (1.497 seconds):
INFO:root:COST >> 1.4396 +/- 0.0075, % updates: 67.46%
INFO:root:-- EPOCH 31 (1.519 seconds):
INFO:root:COST >> 1.4229 +/- 0.0114, % updates: 67.114%
INFO:root:-- EPOCH 32 (1.505 seconds):
INFO:root:COST >> 1.4065 +/- 0.0103, % updates: 66.686%
INFO:root:-- EPOCH 33 (1.521 seconds):
INFO:root:COST >> 1.3871 +/- 0.0102, % updates: 66.425%
INFO:root:-- EPOCH 34 (1.527 seconds):
INFO:root:COST >> 1.3764 +/- 0.0113, % updates: 66.129%
INFO:root:-- EPOCH 35 (1.504 seconds):
INFO:root:COST >> 1.3563 +/- 0.0071, % updates: 65.697%
INFO:root:-- EPOCH 36 (1.509 seconds):
INFO:root:COST >> 1.3413 +/- 0.009, % updates: 65.264%
INFO:root:-- EPOCH 37 (1.522 seconds):
INFO:root:COST >> 1.3271 +/- 0.0095, % updates: 64.937%
INFO:root:-- EPOCH 38 (1.534 seconds):
INFO:root:COST >> 1.3132 +/- 0.0061, % updates: 64.596%
INFO:root:-- EPOCH 39 (1.528 seconds):
INFO:root:COST >> 1.2995 +/- 0.0119, % updates: 64.341%
INFO:root:-- EPOCH 40 (1.505 seconds):
INFO:root:COST >> 1.2823 +/- 0.0071, % updates: 63.932%
INFO:root:-- EPOCH 41 (1.498 seconds):
INFO:root:COST >> 1.2699 +/- 0.0092, % updates: 63.456%
INFO:root:-- EPOCH 42 (1.484 seconds):
INFO:root:COST >> 1.2569 +/- 0.0073, % updates: 63.125%
INFO:root:-- EPOCH 43 (1.487 seconds):
INFO:root:COST >> 1.2417 +/- 0.0056, % updates: 62.918%
INFO:root:-- EPOCH 44 (1.501 seconds):
INFO:root:COST >> 1.2291 +/- 0.0092, % updates: 62.503%
INFO:root:-- EPOCH 45 (1.528 seconds):
INFO:root:COST >> 1.2139 +/- 0.0076, % updates: 62.185%
INFO:root:-- EPOCH 46 (1.502 seconds):
INFO:root:COST >> 1.2024 +/- 0.009, % updates: 61.922%
INFO:root:-- EPOCH 47 (1.53 seconds):
INFO:root:COST >> 1.1872 +/- 0.0085, % updates: 61.495%
INFO:root:-- EPOCH 48 (1.497 seconds):
INFO:root:COST >> 1.1753 +/- 0.0082, % updates: 61.156%
INFO:root:-- EPOCH 49 (1.474 seconds):
INFO:root:COST >> 1.1623 +/- 0.01, % updates: 60.717%
INFO:root:-- EPOCH 50 (1.547 seconds):
INFO:root:COST >> 1.152 +/- 0.01, % updates: 60.669%
INFO:root:-- EPOCH 51 (1.535 seconds):
INFO:root:COST >> 1.1416 +/- 0.0077, % updates: 60.283%
INFO:root:-- EPOCH 52 (1.495 seconds):
INFO:root:COST >> 1.1276 +/- 0.0133, % updates: 59.839%
INFO:root:-- EPOCH 53 (1.483 seconds):
INFO:root:COST >> 1.1142 +/- 0.0096, % updates: 59.606%
INFO:root:-- EPOCH 54 (1.531 seconds):
INFO:root:COST >> 1.106 +/- 0.008, % updates: 59.305%
INFO:root:-- EPOCH 55 (1.517 seconds):
INFO:root:COST >> 1.0933 +/- 0.0055, % updates: 58.98%
INFO:root:-- EPOCH 56 (1.497 seconds):
INFO:root:COST >> 1.0817 +/- 0.0043, % updates: 58.719%
INFO:root:-- EPOCH 57 (1.513 seconds):
INFO:root:COST >> 1.0685 +/- 0.0073, % updates: 58.336%
INFO:root:-- EPOCH 58 (1.55 seconds):
INFO:root:COST >> 1.0601 +/- 0.0147, % updates: 57.991%
INFO:root:-- EPOCH 59 (1.541 seconds):
INFO:root:COST >> 1.0525 +/- 0.0057, % updates: 57.877%
INFO:root:-- EPOCH 60 (1.542 seconds):
INFO:root:COST >> 1.0413 +/- 0.008, % updates: 57.564%
INFO:root:-- EPOCH 61 (1.517 seconds):
INFO:root:COST >> 1.0306 +/- 0.0081, % updates: 57.204%
INFO:root:-- EPOCH 62 (1.551 seconds):
INFO:root:COST >> 1.0202 +/- 0.0081, % updates: 56.87%
INFO:root:-- EPOCH 63 (1.539 seconds):
INFO:root:COST >> 1.0065 +/- 0.0142, % updates: 56.506%
INFO:root:-- EPOCH 64 (1.547 seconds):
INFO:root:COST >> 1.0035 +/- 0.0071, % updates: 56.425%
INFO:root:-- EPOCH 65 (1.522 seconds):
INFO:root:COST >> 0.9924 +/- 0.007, % updates: 56.162%
INFO:root:-- EPOCH 66 (1.552 seconds):
INFO:root:COST >> 0.9817 +/- 0.0075, % updates: 55.714%
INFO:root:-- EPOCH 67 (1.522 seconds):
INFO:root:COST >> 0.9689 +/- 0.0043, % updates: 55.48%
INFO:root:-- EPOCH 68 (1.495 seconds):
INFO:root:COST >> 0.9625 +/- 0.0062, % updates: 55.24%
INFO:root:-- EPOCH 69 (1.492 seconds):
INFO:root:COST >> 0.9531 +/- 0.0071, % updates: 54.917%
INFO:root:-- EPOCH 70 (1.515 seconds):
INFO:root:COST >> 0.9435 +/- 0.0067, % updates: 54.715%
INFO:root:-- EPOCH 71 (1.47 seconds):
INFO:root:COST >> 0.934 +/- 0.0072, % updates: 54.316%
INFO:root:-- EPOCH 72 (1.515 seconds):
INFO:root:COST >> 0.9292 +/- 0.0047, % updates: 54.193%
INFO:root:-- EPOCH 73 (1.507 seconds):
INFO:root:COST >> 0.9169 +/- 0.0039, % updates: 53.822%
INFO:root:-- EPOCH 74 (1.501 seconds):
INFO:root:COST >> 0.9101 +/- 0.0093, % updates: 53.457%
INFO:root:-- EPOCH 75 (1.545 seconds):
INFO:root:COST >> 0.9015 +/- 0.0072, % updates: 53.358%
INFO:root:-- EPOCH 76 (1.504 seconds):
INFO:root:COST >> 0.8923 +/- 0.0098, % updates: 52.946%
INFO:root:-- EPOCH 77 (1.507 seconds):
INFO:root:COST >> 0.884 +/- 0.0063, % updates: 52.568%
INFO:root:-- EPOCH 78 (1.491 seconds):
INFO:root:COST >> 0.8721 +/- 0.007, % updates: 52.286%
INFO:root:-- EPOCH 79 (1.515 seconds):
INFO:root:COST >> 0.8674 +/- 0.0096, % updates: 52.165%
INFO:root:-- EPOCH 80 (1.529 seconds):
INFO:root:COST >> 0.8592 +/- 0.0064, % updates: 51.944%
INFO:root:-- EPOCH 81 (1.491 seconds):
INFO:root:COST >> 0.8514 +/- 0.009, % updates: 51.626%
INFO:root:-- EPOCH 82 (1.519 seconds):
INFO:root:COST >> 0.8457 +/- 0.0061, % updates: 51.571%
INFO:root:-- EPOCH 83 (1.525 seconds):
INFO:root:COST >> 0.8366 +/- 0.0074, % updates: 51.094%
INFO:root:-- EPOCH 84 (1.51 seconds):
INFO:root:COST >> 0.8284 +/- 0.006, % updates: 50.885%
INFO:root:-- EPOCH 85 (1.515 seconds):
INFO:root:COST >> 0.8188 +/- 0.0065, % updates: 50.582%
INFO:root:-- EPOCH 86 (1.539 seconds):
INFO:root:COST >> 0.8152 +/- 0.01, % updates: 50.385%
INFO:root:-- EPOCH 87 (1.489 seconds):
INFO:root:COST >> 0.8152 +/- 0.0062, % updates: 50.234%
INFO:root:-- EPOCH 88 (1.517 seconds):
INFO:root:COST >> 0.8014 +/- 0.0061, % updates: 49.918%
INFO:root:-- EPOCH 89 (1.485 seconds):
INFO:root:COST >> 0.798 +/- 0.0042, % updates: 49.69%
INFO:root:-- EPOCH 90 (1.521 seconds):
INFO:root:COST >> 0.7883 +/- 0.0097, % updates: 49.437%
INFO:root:-- EPOCH 91 (1.531 seconds):
INFO:root:COST >> 0.7811 +/- 0.0092, % updates: 49.223%
INFO:root:-- EPOCH 92 (1.506 seconds):
INFO:root:COST >> 0.7746 +/- 0.009, % updates: 49.037%
INFO:root:-- EPOCH 93 (1.56 seconds):
INFO:root:COST >> 0.7689 +/- 0.0087, % updates: 48.838%
INFO:root:-- EPOCH 94 (1.486 seconds):
INFO:root:COST >> 0.7611 +/- 0.0065, % updates: 48.615%
INFO:root:-- EPOCH 95 (1.532 seconds):
INFO:root:COST >> 0.7561 +/- 0.0063, % updates: 48.314%
INFO:root:-- EPOCH 96 (1.513 seconds):
INFO:root:COST >> 0.7455 +/- 0.0064, % updates: 47.947%
INFO:root:-- EPOCH 97 (1.506 seconds):
INFO:root:COST >> 0.7428 +/- 0.0082, % updates: 47.893%
INFO:root:-- EPOCH 98 (1.505 seconds):
INFO:root:COST >> 0.7344 +/- 0.0084, % updates: 47.478%
INFO:root:-- EPOCH 99 (1.467 seconds):
INFO:root:COST >> 0.7298 +/- 0.0109, % updates: 47.401%
INFO:root:-- EPOCH 100 (1.506 seconds):
INFO:root:COST >> 0.7222 +/- 0.0085, % updates: 47.05%
