INFO:root:Shape for training set: (40961, 141442)
INFO:root:State: {'ndim': '20', 'test_all': 'None', 'test_path': 'None', 'nhid': '50', 'lremb': '0.0001', 'seed': '6', 'simfn': 'L1', 'valid_path': 'None', 'nbatches': '10', 'lrparam': '0.0001', 'decay': '0.99', 'show_hinton_diagrams': 'False', 'no_rescaling': 'True', 'Nrel': '18', 'ranking_score_right': 'False', 'Nent': '40961', 'Nsyn': '40943', 'method': 'MOMENTUM', 'loss_margin': '1.0', 'C': '1.0', 'epsilon': '1e-06', 'use_db': 'True', 'max_lr': 'None', 'l1_param_weight': 'None', 'filtered': 'False', 'name': 'wn_opt/wn_MOMENTUM_126', 'totepochs': '100', 'l2_param_weight': 'None', 'train_path': 'data/wn/WN-train.pkl', 'op': 'TransE'}
INFO:root:Starting the Experiment ..
INFO:root:-- EPOCH 1 (1.507 seconds):
INFO:root:COST >> 2.1717 +/- 0.0299, % updates: 81.298%
INFO:root:-- EPOCH 2 (1.495 seconds):
INFO:root:COST >> 2.0271 +/- 0.0346, % updates: 77.474%
INFO:root:-- EPOCH 3 (1.464 seconds):
INFO:root:COST >> 1.8509 +/- 0.0592, % updates: 73.593%
INFO:root:-- EPOCH 4 (1.475 seconds):
INFO:root:COST >> 1.6553 +/- 0.0487, % updates: 68.851%
INFO:root:-- EPOCH 5 (1.461 seconds):
INFO:root:COST >> 1.4613 +/- 0.0503, % updates: 64.268%
INFO:root:-- EPOCH 6 (1.486 seconds):
INFO:root:COST >> 1.2637 +/- 0.0468, % updates: 59.7%
INFO:root:-- EPOCH 7 (1.553 seconds):
INFO:root:COST >> 1.1048 +/- 0.0337, % updates: 55.188%
INFO:root:-- EPOCH 8 (1.653 seconds):
INFO:root:COST >> 0.9617 +/- 0.0364, % updates: 50.764%
INFO:root:-- EPOCH 9 (1.644 seconds):
INFO:root:COST >> 0.8656 +/- 0.0315, % updates: 47.182%
INFO:root:-- EPOCH 10 (1.583 seconds):
INFO:root:COST >> 0.7784 +/- 0.0268, % updates: 43.894%
INFO:root:-- EPOCH 11 (1.45 seconds):
INFO:root:COST >> 0.7034 +/- 0.0176, % updates: 41.163%
INFO:root:-- EPOCH 12 (1.491 seconds):
INFO:root:COST >> 0.6477 +/- 0.0139, % updates: 38.621%
INFO:root:-- EPOCH 13 (1.471 seconds):
INFO:root:COST >> 0.5927 +/- 0.0185, % updates: 36.712%
INFO:root:-- EPOCH 14 (1.466 seconds):
INFO:root:COST >> 0.5356 +/- 0.0135, % updates: 34.337%
INFO:root:-- EPOCH 15 (1.442 seconds):
INFO:root:COST >> 0.485 +/- 0.014, % updates: 32.077%
INFO:root:-- EPOCH 16 (1.569 seconds):
INFO:root:COST >> 0.441 +/- 0.0128, % updates: 30.389%
INFO:root:-- EPOCH 17 (1.533 seconds):
INFO:root:COST >> 0.4074 +/- 0.014, % updates: 28.534%
INFO:root:-- EPOCH 18 (1.496 seconds):
INFO:root:COST >> 0.3773 +/- 0.0102, % updates: 27.16%
INFO:root:-- EPOCH 19 (1.679 seconds):
INFO:root:COST >> 0.3394 +/- 0.0097, % updates: 25.289%
INFO:root:-- EPOCH 20 (1.726 seconds):
INFO:root:COST >> 0.3116 +/- 0.0082, % updates: 23.949%
INFO:root:-- EPOCH 21 (1.238 seconds):
INFO:root:COST >> 0.2826 +/- 0.0109, % updates: 22.389%
INFO:root:-- EPOCH 22 (1.625 seconds):
INFO:root:COST >> 0.2554 +/- 0.0134, % updates: 20.9%
INFO:root:-- EPOCH 23 (1.296 seconds):
INFO:root:COST >> 0.2402 +/- 0.0105, % updates: 20.104%
INFO:root:-- EPOCH 24 (1.558 seconds):
INFO:root:COST >> 0.2172 +/- 0.0027, % updates: 18.685%
INFO:root:-- EPOCH 25 (1.525 seconds):
INFO:root:COST >> 0.1996 +/- 0.0047, % updates: 17.655%
INFO:root:-- EPOCH 26 (1.668 seconds):
INFO:root:COST >> 0.1822 +/- 0.0088, % updates: 16.53%
INFO:root:-- EPOCH 27 (1.573 seconds):
INFO:root:COST >> 0.1658 +/- 0.0065, % updates: 15.513%
INFO:root:-- EPOCH 28 (1.918 seconds):
INFO:root:COST >> 0.1536 +/- 0.0043, % updates: 14.645%
INFO:root:-- EPOCH 29 (2.03 seconds):
INFO:root:COST >> 0.1403 +/- 0.0043, % updates: 13.834%
INFO:root:-- EPOCH 30 (1.859 seconds):
INFO:root:COST >> 0.1312 +/- 0.0082, % updates: 13.2%
INFO:root:-- EPOCH 31 (1.726 seconds):
INFO:root:COST >> 0.1233 +/- 0.0042, % updates: 12.553%
INFO:root:-- EPOCH 32 (1.519 seconds):
INFO:root:COST >> 0.1148 +/- 0.0059, % updates: 11.982%
INFO:root:-- EPOCH 33 (1.455 seconds):
INFO:root:COST >> 0.107 +/- 0.0042, % updates: 11.339%
INFO:root:-- EPOCH 34 (1.492 seconds):
INFO:root:COST >> 0.1013 +/- 0.0038, % updates: 10.941%
INFO:root:-- EPOCH 35 (1.554 seconds):
INFO:root:COST >> 0.0967 +/- 0.0039, % updates: 10.44%
INFO:root:-- EPOCH 36 (1.462 seconds):
INFO:root:COST >> 0.0876 +/- 0.003, % updates: 9.756%
INFO:root:-- EPOCH 37 (1.54 seconds):
INFO:root:COST >> 0.084 +/- 0.0048, % updates: 9.416%
INFO:root:-- EPOCH 38 (1.577 seconds):
INFO:root:COST >> 0.0776 +/- 0.0036, % updates: 8.889%
INFO:root:-- EPOCH 39 (1.472 seconds):
INFO:root:COST >> 0.0741 +/- 0.0025, % updates: 8.482%
INFO:root:-- EPOCH 40 (1.439 seconds):
INFO:root:COST >> 0.0696 +/- 0.0036, % updates: 8.141%
INFO:root:-- EPOCH 41 (1.451 seconds):
INFO:root:COST >> 0.0675 +/- 0.0033, % updates: 8.024%
INFO:root:-- EPOCH 42 (1.49 seconds):
INFO:root:COST >> 0.0618 +/- 0.0045, % updates: 7.469%
INFO:root:-- EPOCH 43 (1.439 seconds):
INFO:root:COST >> 0.0613 +/- 0.0043, % updates: 7.391%
INFO:root:-- EPOCH 44 (1.448 seconds):
INFO:root:COST >> 0.0578 +/- 0.0021, % updates: 7.078%
INFO:root:-- EPOCH 45 (1.489 seconds):
INFO:root:COST >> 0.057 +/- 0.0028, % updates: 6.972%
INFO:root:-- EPOCH 46 (1.503 seconds):
INFO:root:COST >> 0.0542 +/- 0.0026, % updates: 6.744%
INFO:root:-- EPOCH 47 (1.612 seconds):
INFO:root:COST >> 0.0517 +/- 0.0021, % updates: 6.43%
INFO:root:-- EPOCH 48 (1.506 seconds):
INFO:root:COST >> 0.0504 +/- 0.0028, % updates: 6.354%
INFO:root:-- EPOCH 49 (1.458 seconds):
INFO:root:COST >> 0.0488 +/- 0.0022, % updates: 6.155%
INFO:root:-- EPOCH 50 (1.525 seconds):
INFO:root:COST >> 0.0472 +/- 0.0016, % updates: 6.0%
INFO:root:-- EPOCH 51 (1.485 seconds):
INFO:root:COST >> 0.0452 +/- 0.002, % updates: 5.747%
INFO:root:-- EPOCH 52 (1.502 seconds):
INFO:root:COST >> 0.0426 +/- 0.0014, % updates: 5.529%
INFO:root:-- EPOCH 53 (1.564 seconds):
INFO:root:COST >> 0.0416 +/- 0.0019, % updates: 5.397%
INFO:root:-- EPOCH 54 (1.487 seconds):
INFO:root:COST >> 0.0404 +/- 0.0018, % updates: 5.285%
INFO:root:-- EPOCH 55 (1.504 seconds):
INFO:root:COST >> 0.0386 +/- 0.0011, % updates: 5.065%
INFO:root:-- EPOCH 56 (1.459 seconds):
INFO:root:COST >> 0.0374 +/- 0.0019, % updates: 4.922%
INFO:root:-- EPOCH 57 (1.528 seconds):
INFO:root:COST >> 0.0369 +/- 0.0017, % updates: 4.893%
INFO:root:-- EPOCH 58 (1.518 seconds):
INFO:root:COST >> 0.0357 +/- 0.0012, % updates: 4.772%
INFO:root:-- EPOCH 59 (1.601 seconds):
INFO:root:COST >> 0.0336 +/- 0.002, % updates: 4.522%
INFO:root:-- EPOCH 60 (1.677 seconds):
INFO:root:COST >> 0.0328 +/- 0.0014, % updates: 4.439%
INFO:root:-- EPOCH 61 (1.592 seconds):
INFO:root:COST >> 0.0315 +/- 0.0011, % updates: 4.299%
INFO:root:-- EPOCH 62 (1.533 seconds):
INFO:root:COST >> 0.0314 +/- 0.0015, % updates: 4.196%
INFO:root:-- EPOCH 63 (1.597 seconds):
INFO:root:COST >> 0.03 +/- 0.0013, % updates: 4.073%
INFO:root:-- EPOCH 64 (1.731 seconds):
INFO:root:COST >> 0.0299 +/- 0.0011, % updates: 4.029%
INFO:root:-- EPOCH 65 (1.705 seconds):
INFO:root:COST >> 0.0301 +/- 0.0009, % updates: 4.073%
INFO:root:-- EPOCH 66 (1.56 seconds):
INFO:root:COST >> 0.0289 +/- 0.0011, % updates: 3.98%
INFO:root:-- EPOCH 67 (1.549 seconds):
INFO:root:COST >> 0.0279 +/- 0.0011, % updates: 3.851%
INFO:root:-- EPOCH 68 (1.542 seconds):
INFO:root:COST >> 0.0261 +/- 0.0009, % updates: 3.698%
INFO:root:-- EPOCH 69 (1.512 seconds):
INFO:root:COST >> 0.0266 +/- 0.001, % updates: 3.712%
INFO:root:-- EPOCH 70 (1.519 seconds):
INFO:root:COST >> 0.026 +/- 0.0011, % updates: 3.628%
INFO:root:-- EPOCH 71 (1.521 seconds):
INFO:root:COST >> 0.0253 +/- 0.0016, % updates: 3.51%
INFO:root:-- EPOCH 72 (1.538 seconds):
INFO:root:COST >> 0.0253 +/- 0.0007, % updates: 3.558%
INFO:root:-- EPOCH 73 (1.513 seconds):
INFO:root:COST >> 0.0255 +/- 0.0013, % updates: 3.544%
INFO:root:-- EPOCH 74 (1.53 seconds):
INFO:root:COST >> 0.025 +/- 0.001, % updates: 3.489%
INFO:root:-- EPOCH 75 (1.566 seconds):
INFO:root:COST >> 0.0243 +/- 0.0011, % updates: 3.461%
INFO:root:-- EPOCH 76 (1.529 seconds):
INFO:root:COST >> 0.0246 +/- 0.0016, % updates: 3.452%
INFO:root:-- EPOCH 77 (1.533 seconds):
INFO:root:COST >> 0.0237 +/- 0.0009, % updates: 3.393%
INFO:root:-- EPOCH 78 (1.536 seconds):
INFO:root:COST >> 0.0236 +/- 0.0006, % updates: 3.336%
INFO:root:-- EPOCH 79 (1.85 seconds):
INFO:root:COST >> 0.0237 +/- 0.0008, % updates: 3.381%
INFO:root:-- EPOCH 80 (1.948 seconds):
INFO:root:COST >> 0.0232 +/- 0.001, % updates: 3.295%
INFO:root:-- EPOCH 81 (1.934 seconds):
INFO:root:COST >> 0.0227 +/- 0.001, % updates: 3.294%
INFO:root:-- EPOCH 82 (1.934 seconds):
INFO:root:COST >> 0.0222 +/- 0.0014, % updates: 3.202%
INFO:root:-- EPOCH 83 (1.915 seconds):
INFO:root:COST >> 0.0221 +/- 0.0006, % updates: 3.184%
INFO:root:-- EPOCH 84 (1.938 seconds):
INFO:root:COST >> 0.0211 +/- 0.0012, % updates: 3.06%
INFO:root:-- EPOCH 85 (1.956 seconds):
INFO:root:COST >> 0.0213 +/- 0.0013, % updates: 3.041%
INFO:root:-- EPOCH 86 (1.932 seconds):
INFO:root:COST >> 0.0213 +/- 0.0007, % updates: 3.08%
INFO:root:-- EPOCH 87 (1.593 seconds):
INFO:root:COST >> 0.0207 +/- 0.0009, % updates: 3.03%
INFO:root:-- EPOCH 88 (1.49 seconds):
INFO:root:COST >> 0.0206 +/- 0.0007, % updates: 2.94%
INFO:root:-- EPOCH 89 (1.491 seconds):
INFO:root:COST >> 0.0203 +/- 0.0005, % updates: 2.909%
INFO:root:-- EPOCH 90 (1.456 seconds):
INFO:root:COST >> 0.0202 +/- 0.0006, % updates: 2.919%
INFO:root:-- EPOCH 91 (1.482 seconds):
INFO:root:COST >> 0.0202 +/- 0.0009, % updates: 2.933%
INFO:root:-- EPOCH 92 (1.523 seconds):
INFO:root:COST >> 0.0202 +/- 0.0014, % updates: 2.928%
INFO:root:-- EPOCH 93 (1.482 seconds):
INFO:root:COST >> 0.0194 +/- 0.0017, % updates: 2.852%
INFO:root:-- EPOCH 94 (1.512 seconds):
INFO:root:COST >> 0.0192 +/- 0.0012, % updates: 2.798%
INFO:root:-- EPOCH 95 (1.702 seconds):
INFO:root:COST >> 0.0189 +/- 0.0015, % updates: 2.816%
INFO:root:-- EPOCH 96 (1.658 seconds):
INFO:root:COST >> 0.0187 +/- 0.0006, % updates: 2.752%
INFO:root:-- EPOCH 97 (1.683 seconds):
INFO:root:COST >> 0.0185 +/- 0.0013, % updates: 2.747%
INFO:root:-- EPOCH 98 (1.534 seconds):
INFO:root:COST >> 0.018 +/- 0.001, % updates: 2.686%
INFO:root:-- EPOCH 99 (1.649 seconds):
INFO:root:COST >> 0.0185 +/- 0.0007, % updates: 2.668%
INFO:root:-- EPOCH 100 (1.716 seconds):
INFO:root:COST >> 0.0177 +/- 0.0008, % updates: 2.626%
