INFO:root:Shape for training set: (40961, 141442)
INFO:root:State: {'ndim': '20', 'test_all': 'None', 'test_path': 'None', 'nhid': '50', 'lremb': '0.0001', 'seed': '4', 'simfn': 'L1', 'valid_path': 'None', 'nbatches': '10', 'lrparam': '0.0001', 'decay': '0.999', 'show_hinton_diagrams': 'False', 'no_rescaling': 'True', 'Nrel': '18', 'ranking_score_right': 'False', 'Nent': '40961', 'Nsyn': '40943', 'method': 'MOMENTUM', 'loss_margin': '1.0', 'C': '1.0', 'epsilon': '1e-06', 'use_db': 'True', 'max_lr': 'None', 'l1_param_weight': 'None', 'filtered': 'False', 'name': 'wn_opt/wn_MOMENTUM_114', 'totepochs': '100', 'l2_param_weight': 'None', 'train_path': 'data/wn/WN-train.pkl', 'op': 'TransE'}
INFO:root:Starting the Experiment ..
INFO:root:-- EPOCH 1 (1.788 seconds):
INFO:root:COST >> 2.1851 +/- 0.0312, % updates: 81.801%
INFO:root:-- EPOCH 2 (1.747 seconds):
INFO:root:COST >> 2.0451 +/- 0.0359, % updates: 77.457%
INFO:root:-- EPOCH 3 (1.797 seconds):
INFO:root:COST >> 1.8805 +/- 0.0588, % updates: 73.29%
INFO:root:-- EPOCH 4 (2.093 seconds):
INFO:root:COST >> 1.684 +/- 0.0564, % updates: 68.194%
INFO:root:-- EPOCH 5 (2.009 seconds):
INFO:root:COST >> 1.4912 +/- 0.045, % updates: 63.558%
INFO:root:-- EPOCH 6 (1.765 seconds):
INFO:root:COST >> 1.3032 +/- 0.0441, % updates: 59.065%
INFO:root:-- EPOCH 7 (1.305 seconds):
INFO:root:COST >> 1.1445 +/- 0.0334, % updates: 54.404%
INFO:root:-- EPOCH 8 (1.352 seconds):
INFO:root:COST >> 1.0349 +/- 0.0238, % updates: 50.596%
INFO:root:-- EPOCH 9 (1.354 seconds):
INFO:root:COST >> 0.9496 +/- 0.022, % updates: 47.606%
INFO:root:-- EPOCH 10 (1.262 seconds):
INFO:root:COST >> 0.8865 +/- 0.0141, % updates: 45.308%
INFO:root:-- EPOCH 11 (1.352 seconds):
INFO:root:COST >> 0.8412 +/- 0.0121, % updates: 43.634%
INFO:root:-- EPOCH 12 (1.457 seconds):
INFO:root:COST >> 0.8074 +/- 0.0121, % updates: 42.436%
INFO:root:-- EPOCH 13 (1.643 seconds):
INFO:root:COST >> 0.7809 +/- 0.0086, % updates: 41.41%
INFO:root:-- EPOCH 14 (1.549 seconds):
INFO:root:COST >> 0.7466 +/- 0.0122, % updates: 40.428%
INFO:root:-- EPOCH 15 (1.664 seconds):
INFO:root:COST >> 0.719 +/- 0.0112, % updates: 39.364%
INFO:root:-- EPOCH 16 (2.051 seconds):
INFO:root:COST >> 0.6965 +/- 0.0136, % updates: 38.945%
INFO:root:-- EPOCH 17 (2.12 seconds):
INFO:root:COST >> 0.6538 +/- 0.0135, % updates: 37.391%
INFO:root:-- EPOCH 18 (1.803 seconds):
INFO:root:COST >> 0.6271 +/- 0.018, % updates: 36.571%
INFO:root:-- EPOCH 19 (2.379 seconds):
INFO:root:COST >> 0.5939 +/- 0.0121, % updates: 35.153%
INFO:root:-- EPOCH 20 (2.357 seconds):
INFO:root:COST >> 0.5613 +/- 0.014, % updates: 34.329%
INFO:root:-- EPOCH 21 (3.558 seconds):
INFO:root:COST >> 0.5315 +/- 0.0139, % updates: 33.051%
INFO:root:-- EPOCH 22 (1.586 seconds):
INFO:root:COST >> 0.5037 +/- 0.0075, % updates: 31.873%
INFO:root:-- EPOCH 23 (1.575 seconds):
INFO:root:COST >> 0.4763 +/- 0.011, % updates: 30.735%
INFO:root:-- EPOCH 24 (1.77 seconds):
INFO:root:COST >> 0.459 +/- 0.0092, % updates: 29.512%
INFO:root:-- EPOCH 25 (2.0 seconds):
INFO:root:COST >> 0.4329 +/- 0.0078, % updates: 28.597%
INFO:root:-- EPOCH 26 (1.883 seconds):
INFO:root:COST >> 0.4193 +/- 0.0099, % updates: 27.712%
INFO:root:-- EPOCH 27 (1.533 seconds):
INFO:root:COST >> 0.3983 +/- 0.0131, % updates: 26.78%
INFO:root:-- EPOCH 28 (1.63 seconds):
INFO:root:COST >> 0.3741 +/- 0.0168, % updates: 25.811%
INFO:root:-- EPOCH 29 (1.891 seconds):
INFO:root:COST >> 0.3553 +/- 0.0132, % updates: 24.983%
INFO:root:-- EPOCH 30 (1.791 seconds):
INFO:root:COST >> 0.3473 +/- 0.0092, % updates: 24.733%
INFO:root:-- EPOCH 31 (1.637 seconds):
INFO:root:COST >> 0.3285 +/- 0.0191, % updates: 23.834%
INFO:root:-- EPOCH 32 (1.963 seconds):
INFO:root:COST >> 0.3202 +/- 0.0142, % updates: 23.358%
INFO:root:-- EPOCH 33 (2.025 seconds):
INFO:root:COST >> 0.2958 +/- 0.0117, % updates: 22.459%
INFO:root:-- EPOCH 34 (1.617 seconds):
INFO:root:COST >> 0.2851 +/- 0.0156, % updates: 21.793%
INFO:root:-- EPOCH 35 (1.519 seconds):
INFO:root:COST >> 0.272 +/- 0.0118, % updates: 21.411%
INFO:root:-- EPOCH 36 (1.482 seconds):
INFO:root:COST >> 0.2594 +/- 0.0108, % updates: 20.586%
INFO:root:-- EPOCH 37 (1.523 seconds):
INFO:root:COST >> 0.2428 +/- 0.0101, % updates: 19.957%
INFO:root:-- EPOCH 38 (1.947 seconds):
INFO:root:COST >> 0.2352 +/- 0.0047, % updates: 19.577%
INFO:root:-- EPOCH 39 (2.048 seconds):
INFO:root:COST >> 0.2254 +/- 0.0087, % updates: 19.101%
INFO:root:-- EPOCH 40 (2.005 seconds):
INFO:root:COST >> 0.2213 +/- 0.0063, % updates: 18.693%
INFO:root:-- EPOCH 41 (2.025 seconds):
INFO:root:COST >> 0.218 +/- 0.0083, % updates: 18.564%
INFO:root:-- EPOCH 42 (1.977 seconds):
INFO:root:COST >> 0.2076 +/- 0.0086, % updates: 17.963%
INFO:root:-- EPOCH 43 (1.496 seconds):
INFO:root:COST >> 0.2007 +/- 0.0126, % updates: 17.568%
INFO:root:-- EPOCH 44 (2.254 seconds):
INFO:root:COST >> 0.1998 +/- 0.0109, % updates: 17.456%
INFO:root:-- EPOCH 45 (2.192 seconds):
INFO:root:COST >> 0.2016 +/- 0.0087, % updates: 17.543%
INFO:root:-- EPOCH 46 (2.37 seconds):
INFO:root:COST >> 0.1968 +/- 0.0054, % updates: 17.332%
INFO:root:-- EPOCH 47 (2.177 seconds):
INFO:root:COST >> 0.1982 +/- 0.0048, % updates: 17.364%
INFO:root:-- EPOCH 48 (2.276 seconds):
INFO:root:COST >> 0.1854 +/- 0.0061, % updates: 16.575%
INFO:root:-- EPOCH 49 (1.976 seconds):
INFO:root:COST >> 0.1812 +/- 0.0093, % updates: 16.362%
INFO:root:-- EPOCH 50 (1.908 seconds):
INFO:root:COST >> 0.1796 +/- 0.0047, % updates: 16.192%
INFO:root:-- EPOCH 51 (1.986 seconds):
INFO:root:COST >> 0.1722 +/- 0.0071, % updates: 15.619%
INFO:root:-- EPOCH 52 (2.338 seconds):
INFO:root:COST >> 0.1651 +/- 0.0108, % updates: 15.362%
INFO:root:-- EPOCH 53 (2.457 seconds):
INFO:root:COST >> 0.1598 +/- 0.0097, % updates: 15.052%
INFO:root:-- EPOCH 54 (2.324 seconds):
INFO:root:COST >> 0.1606 +/- 0.0107, % updates: 15.114%
INFO:root:-- EPOCH 55 (2.093 seconds):
INFO:root:COST >> 0.1539 +/- 0.0087, % updates: 14.649%
INFO:root:-- EPOCH 56 (2.257 seconds):
INFO:root:COST >> 0.1532 +/- 0.0062, % updates: 14.566%
INFO:root:-- EPOCH 57 (1.775 seconds):
INFO:root:COST >> 0.1538 +/- 0.0078, % updates: 14.539%
INFO:root:-- EPOCH 58 (2.241 seconds):
INFO:root:COST >> 0.1496 +/- 0.009, % updates: 14.552%
INFO:root:-- EPOCH 59 (1.963 seconds):
INFO:root:COST >> 0.1456 +/- 0.0088, % updates: 14.111%
INFO:root:-- EPOCH 60 (1.995 seconds):
INFO:root:COST >> 0.1484 +/- 0.0062, % updates: 14.446%
INFO:root:-- EPOCH 61 (1.881 seconds):
INFO:root:COST >> 0.1455 +/- 0.0094, % updates: 14.347%
INFO:root:-- EPOCH 62 (2.004 seconds):
INFO:root:COST >> 0.1442 +/- 0.0108, % updates: 14.299%
INFO:root:-- EPOCH 63 (1.996 seconds):
INFO:root:COST >> 0.1447 +/- 0.0092, % updates: 14.204%
INFO:root:-- EPOCH 64 (2.148 seconds):
INFO:root:COST >> 0.148 +/- 0.0039, % updates: 14.534%
INFO:root:-- EPOCH 65 (2.094 seconds):
INFO:root:COST >> 0.1384 +/- 0.0092, % updates: 13.847%
INFO:root:-- EPOCH 66 (2.448 seconds):
INFO:root:COST >> 0.1469 +/- 0.0094, % updates: 14.352%
INFO:root:-- EPOCH 67 (1.614 seconds):
INFO:root:COST >> 0.1389 +/- 0.0118, % updates: 14.038%
INFO:root:-- EPOCH 68 (1.711 seconds):
INFO:root:COST >> 0.1425 +/- 0.0084, % updates: 14.113%
INFO:root:-- EPOCH 69 (1.534 seconds):
INFO:root:COST >> 0.1323 +/- 0.0149, % updates: 13.499%
INFO:root:-- EPOCH 70 (1.55 seconds):
INFO:root:COST >> 0.1447 +/- 0.0095, % updates: 14.584%
INFO:root:-- EPOCH 71 (1.499 seconds):
INFO:root:COST >> 0.1394 +/- 0.0081, % updates: 14.019%
INFO:root:-- EPOCH 72 (1.657 seconds):
INFO:root:COST >> 0.131 +/- 0.0149, % updates: 13.398%
INFO:root:-- EPOCH 73 (1.555 seconds):
INFO:root:COST >> 0.1343 +/- 0.0191, % updates: 13.575%
INFO:root:-- EPOCH 74 (1.701 seconds):
INFO:root:COST >> 0.128 +/- 0.0087, % updates: 13.314%
INFO:root:-- EPOCH 75 (1.615 seconds):
INFO:root:COST >> 0.1326 +/- 0.0096, % updates: 13.627%
INFO:root:-- EPOCH 76 (1.626 seconds):
INFO:root:COST >> 0.133 +/- 0.0111, % updates: 13.536%
INFO:root:-- EPOCH 77 (1.539 seconds):
INFO:root:COST >> 0.1313 +/- 0.0111, % updates: 13.586%
INFO:root:-- EPOCH 78 (1.498 seconds):
INFO:root:COST >> 0.132 +/- 0.0125, % updates: 13.734%
INFO:root:-- EPOCH 79 (1.549 seconds):
INFO:root:COST >> 0.1297 +/- 0.0119, % updates: 13.503%
INFO:root:-- EPOCH 80 (1.519 seconds):
INFO:root:COST >> 0.1309 +/- 0.0191, % updates: 13.565%
INFO:root:-- EPOCH 81 (1.51 seconds):
INFO:root:COST >> 0.1349 +/- 0.014, % updates: 13.961%
INFO:root:-- EPOCH 82 (1.459 seconds):
INFO:root:COST >> 0.1344 +/- 0.009, % updates: 13.99%
INFO:root:-- EPOCH 83 (1.483 seconds):
INFO:root:COST >> 0.1343 +/- 0.0091, % updates: 13.868%
INFO:root:-- EPOCH 84 (1.471 seconds):
INFO:root:COST >> 0.1352 +/- 0.0112, % updates: 13.886%
INFO:root:-- EPOCH 85 (1.477 seconds):
INFO:root:COST >> 0.1348 +/- 0.0063, % updates: 13.871%
INFO:root:-- EPOCH 86 (1.53 seconds):
INFO:root:COST >> 0.1379 +/- 0.0039, % updates: 14.175%
INFO:root:-- EPOCH 87 (1.509 seconds):
INFO:root:COST >> 0.1391 +/- 0.011, % updates: 14.099%
INFO:root:-- EPOCH 88 (1.502 seconds):
INFO:root:COST >> 0.1337 +/- 0.0107, % updates: 13.88%
INFO:root:-- EPOCH 89 (1.488 seconds):
INFO:root:COST >> 0.1364 +/- 0.0124, % updates: 14.134%
INFO:root:-- EPOCH 90 (1.47 seconds):
INFO:root:COST >> 0.136 +/- 0.0161, % updates: 13.875%
INFO:root:-- EPOCH 91 (1.512 seconds):
INFO:root:COST >> 0.1356 +/- 0.0154, % updates: 13.879%
INFO:root:-- EPOCH 92 (1.626 seconds):
INFO:root:COST >> 0.1309 +/- 0.0157, % updates: 13.641%
INFO:root:-- EPOCH 93 (1.621 seconds):
INFO:root:COST >> 0.1382 +/- 0.0161, % updates: 14.07%
INFO:root:-- EPOCH 94 (1.73 seconds):
INFO:root:COST >> 0.1348 +/- 0.0181, % updates: 13.837%
INFO:root:-- EPOCH 95 (2.04 seconds):
INFO:root:COST >> 0.1384 +/- 0.0132, % updates: 14.102%
INFO:root:-- EPOCH 96 (1.779 seconds):
INFO:root:COST >> 0.1457 +/- 0.0116, % updates: 14.639%
INFO:root:-- EPOCH 97 (1.85 seconds):
INFO:root:COST >> 0.1424 +/- 0.0093, % updates: 14.408%
INFO:root:-- EPOCH 98 (1.884 seconds):
INFO:root:COST >> 0.1352 +/- 0.0083, % updates: 13.811%
INFO:root:-- EPOCH 99 (1.699 seconds):
INFO:root:COST >> 0.1419 +/- 0.0161, % updates: 14.345%
INFO:root:-- EPOCH 100 (1.944 seconds):
INFO:root:COST >> 0.1442 +/- 0.0077, % updates: 14.44%
