INFO:root:Shape for training set: (40961, 141442)
INFO:root:State: {'ndim': '20', 'test_all': 'None', 'test_path': 'None', 'nhid': '50', 'lremb': '0.001', 'seed': '8', 'simfn': 'L1', 'valid_path': 'None', 'nbatches': '10', 'lrparam': '0.001', 'decay': '0.9', 'show_hinton_diagrams': 'False', 'no_rescaling': 'True', 'Nrel': '18', 'ranking_score_right': 'False', 'Nent': '40961', 'Nsyn': '40943', 'method': 'MOMENTUM', 'loss_margin': '1.0', 'C': '1.0', 'epsilon': '1e-06', 'use_db': 'True', 'max_lr': 'None', 'l1_param_weight': 'None', 'filtered': 'False', 'name': 'wn_opt/wn_MOMENTUM_188', 'totepochs': '100', 'l2_param_weight': 'None', 'train_path': 'data/wn/WN-train.pkl', 'op': 'TransE'}
INFO:root:Starting the Experiment ..
INFO:root:-- EPOCH 1 (1.527 seconds):
INFO:root:COST >> 2.0935 +/- 0.0835, % updates: 77.356%
INFO:root:-- EPOCH 2 (1.484 seconds):
INFO:root:COST >> 1.7131 +/- 0.0767, % updates: 66.309%
INFO:root:-- EPOCH 3 (1.472 seconds):
INFO:root:COST >> 1.4352 +/- 0.0421, % updates: 59.328%
INFO:root:-- EPOCH 4 (1.472 seconds):
INFO:root:COST >> 1.3104 +/- 0.0264, % updates: 54.62%
INFO:root:-- EPOCH 5 (1.486 seconds):
INFO:root:COST >> 1.3087 +/- 0.0245, % updates: 52.636%
INFO:root:-- EPOCH 6 (1.495 seconds):
INFO:root:COST >> 1.261 +/- 0.0117, % updates: 51.165%
INFO:root:-- EPOCH 7 (1.46 seconds):
INFO:root:COST >> 1.2217 +/- 0.0203, % updates: 50.508%
INFO:root:-- EPOCH 8 (1.474 seconds):
INFO:root:COST >> 1.1935 +/- 0.0283, % updates: 50.075%
INFO:root:-- EPOCH 9 (1.526 seconds):
INFO:root:COST >> 1.1745 +/- 0.0105, % updates: 49.804%
INFO:root:-- EPOCH 10 (1.483 seconds):
INFO:root:COST >> 1.1393 +/- 0.0131, % updates: 49.405%
INFO:root:-- EPOCH 11 (1.489 seconds):
INFO:root:COST >> 1.1246 +/- 0.017, % updates: 49.231%
INFO:root:-- EPOCH 12 (1.479 seconds):
INFO:root:COST >> 1.1105 +/- 0.016, % updates: 48.626%
INFO:root:-- EPOCH 13 (1.487 seconds):
INFO:root:COST >> 1.0959 +/- 0.0159, % updates: 48.489%
INFO:root:-- EPOCH 14 (1.484 seconds):
INFO:root:COST >> 1.0866 +/- 0.0145, % updates: 48.302%
INFO:root:-- EPOCH 15 (1.194 seconds):
INFO:root:COST >> 1.0786 +/- 0.0133, % updates: 48.05%
INFO:root:-- EPOCH 16 (1.11 seconds):
INFO:root:COST >> 1.0724 +/- 0.0184, % updates: 47.894%
INFO:root:-- EPOCH 17 (1.193 seconds):
INFO:root:COST >> 1.0631 +/- 0.0199, % updates: 47.6%
INFO:root:-- EPOCH 18 (1.222 seconds):
INFO:root:COST >> 1.0587 +/- 0.0163, % updates: 47.562%
INFO:root:-- EPOCH 19 (1.497 seconds):
INFO:root:COST >> 1.0567 +/- 0.0159, % updates: 47.539%
INFO:root:-- EPOCH 20 (1.536 seconds):
INFO:root:COST >> 1.0532 +/- 0.0136, % updates: 47.399%
INFO:root:-- EPOCH 21 (1.519 seconds):
INFO:root:COST >> 1.0512 +/- 0.0167, % updates: 47.356%
INFO:root:-- EPOCH 22 (1.506 seconds):
INFO:root:COST >> 1.0501 +/- 0.0162, % updates: 47.369%
INFO:root:-- EPOCH 23 (1.496 seconds):
INFO:root:COST >> 1.0419 +/- 0.0209, % updates: 47.167%
INFO:root:-- EPOCH 24 (1.496 seconds):
INFO:root:COST >> 1.0409 +/- 0.0189, % updates: 47.085%
INFO:root:-- EPOCH 25 (1.475 seconds):
INFO:root:COST >> 1.0337 +/- 0.017, % updates: 46.743%
INFO:root:-- EPOCH 26 (1.504 seconds):
INFO:root:COST >> 1.0308 +/- 0.0148, % updates: 46.677%
INFO:root:-- EPOCH 27 (1.523 seconds):
INFO:root:COST >> 1.0298 +/- 0.0208, % updates: 46.772%
INFO:root:-- EPOCH 28 (1.497 seconds):
INFO:root:COST >> 1.0313 +/- 0.0271, % updates: 46.686%
INFO:root:-- EPOCH 29 (1.501 seconds):
INFO:root:COST >> 1.0363 +/- 0.0138, % updates: 46.84%
INFO:root:-- EPOCH 30 (1.502 seconds):
INFO:root:COST >> 1.0357 +/- 0.0206, % updates: 46.872%
INFO:root:-- EPOCH 31 (1.507 seconds):
INFO:root:COST >> 1.0339 +/- 0.0193, % updates: 46.889%
INFO:root:-- EPOCH 32 (1.466 seconds):
INFO:root:COST >> 1.0317 +/- 0.0262, % updates: 46.704%
INFO:root:-- EPOCH 33 (1.482 seconds):
INFO:root:COST >> 1.0326 +/- 0.0204, % updates: 46.842%
INFO:root:-- EPOCH 34 (1.479 seconds):
INFO:root:COST >> 1.0295 +/- 0.0152, % updates: 46.571%
INFO:root:-- EPOCH 35 (1.507 seconds):
INFO:root:COST >> 1.0272 +/- 0.0119, % updates: 46.578%
INFO:root:-- EPOCH 36 (1.503 seconds):
INFO:root:COST >> 1.0271 +/- 0.0215, % updates: 46.545%
INFO:root:-- EPOCH 37 (1.494 seconds):
INFO:root:COST >> 1.0285 +/- 0.016, % updates: 46.61%
INFO:root:-- EPOCH 38 (1.498 seconds):
INFO:root:COST >> 1.0276 +/- 0.0182, % updates: 46.517%
INFO:root:-- EPOCH 39 (1.492 seconds):
INFO:root:COST >> 1.027 +/- 0.0134, % updates: 46.576%
INFO:root:-- EPOCH 40 (1.492 seconds):
INFO:root:COST >> 1.0265 +/- 0.0185, % updates: 46.447%
INFO:root:-- EPOCH 41 (1.494 seconds):
INFO:root:COST >> 1.0256 +/- 0.0172, % updates: 46.468%
INFO:root:-- EPOCH 42 (1.482 seconds):
INFO:root:COST >> 1.0255 +/- 0.0198, % updates: 46.411%
INFO:root:-- EPOCH 43 (1.476 seconds):
INFO:root:COST >> 1.0212 +/- 0.0191, % updates: 46.344%
INFO:root:-- EPOCH 44 (1.487 seconds):
INFO:root:COST >> 1.0255 +/- 0.0171, % updates: 46.416%
INFO:root:-- EPOCH 45 (1.467 seconds):
INFO:root:COST >> 1.0222 +/- 0.0162, % updates: 46.283%
INFO:root:-- EPOCH 46 (1.487 seconds):
INFO:root:COST >> 1.0248 +/- 0.018, % updates: 46.417%
INFO:root:-- EPOCH 47 (1.479 seconds):
INFO:root:COST >> 1.0263 +/- 0.013, % updates: 46.388%
INFO:root:-- EPOCH 48 (1.507 seconds):
INFO:root:COST >> 1.0226 +/- 0.0197, % updates: 46.446%
INFO:root:-- EPOCH 49 (1.5 seconds):
INFO:root:COST >> 1.0204 +/- 0.0218, % updates: 46.329%
INFO:root:-- EPOCH 50 (1.502 seconds):
INFO:root:COST >> 1.0224 +/- 0.0199, % updates: 46.32%
INFO:root:-- EPOCH 51 (1.486 seconds):
INFO:root:COST >> 1.0213 +/- 0.0226, % updates: 46.368%
INFO:root:-- EPOCH 52 (1.471 seconds):
INFO:root:COST >> 1.0202 +/- 0.0147, % updates: 46.207%
INFO:root:-- EPOCH 53 (1.469 seconds):
INFO:root:COST >> 1.0196 +/- 0.0169, % updates: 46.247%
INFO:root:-- EPOCH 54 (1.5 seconds):
INFO:root:COST >> 1.019 +/- 0.02, % updates: 46.164%
INFO:root:-- EPOCH 55 (1.512 seconds):
INFO:root:COST >> 1.0222 +/- 0.0165, % updates: 46.174%
INFO:root:-- EPOCH 56 (1.536 seconds):
INFO:root:COST >> 1.0206 +/- 0.0228, % updates: 46.177%
INFO:root:-- EPOCH 57 (1.489 seconds):
INFO:root:COST >> 1.0224 +/- 0.0231, % updates: 46.366%
INFO:root:-- EPOCH 58 (1.893 seconds):
INFO:root:COST >> 1.0215 +/- 0.0162, % updates: 46.164%
INFO:root:-- EPOCH 59 (1.886 seconds):
INFO:root:COST >> 1.0219 +/- 0.0184, % updates: 46.171%
INFO:root:-- EPOCH 60 (1.945 seconds):
INFO:root:COST >> 1.0184 +/- 0.0193, % updates: 46.083%
INFO:root:-- EPOCH 61 (1.878 seconds):
INFO:root:COST >> 1.0178 +/- 0.02, % updates: 46.086%
INFO:root:-- EPOCH 62 (1.92 seconds):
INFO:root:COST >> 1.0186 +/- 0.0155, % updates: 46.173%
INFO:root:-- EPOCH 63 (1.89 seconds):
INFO:root:COST >> 1.0216 +/- 0.0157, % updates: 46.178%
INFO:root:-- EPOCH 64 (1.939 seconds):
INFO:root:COST >> 1.0212 +/- 0.019, % updates: 46.178%
INFO:root:-- EPOCH 65 (1.9 seconds):
INFO:root:COST >> 1.0164 +/- 0.016, % updates: 46.08%
INFO:root:-- EPOCH 66 (1.897 seconds):
INFO:root:COST >> 1.0201 +/- 0.0219, % updates: 46.107%
INFO:root:-- EPOCH 67 (1.898 seconds):
INFO:root:COST >> 1.0179 +/- 0.0152, % updates: 46.023%
INFO:root:-- EPOCH 68 (1.9 seconds):
INFO:root:COST >> 1.0187 +/- 0.0196, % updates: 45.942%
INFO:root:-- EPOCH 69 (1.922 seconds):
INFO:root:COST >> 1.0205 +/- 0.0179, % updates: 46.171%
INFO:root:-- EPOCH 70 (1.881 seconds):
INFO:root:COST >> 1.0185 +/- 0.0162, % updates: 46.1%
INFO:root:-- EPOCH 71 (1.878 seconds):
INFO:root:COST >> 1.0186 +/- 0.0118, % updates: 46.073%
INFO:root:-- EPOCH 72 (1.84 seconds):
INFO:root:COST >> 1.016 +/- 0.0166, % updates: 46.026%
INFO:root:-- EPOCH 73 (1.451 seconds):
INFO:root:COST >> 1.0172 +/- 0.0181, % updates: 45.902%
INFO:root:-- EPOCH 74 (1.478 seconds):
INFO:root:COST >> 1.0169 +/- 0.0133, % updates: 45.971%
INFO:root:-- EPOCH 75 (1.465 seconds):
INFO:root:COST >> 1.0163 +/- 0.0138, % updates: 46.006%
INFO:root:-- EPOCH 76 (1.494 seconds):
INFO:root:COST >> 1.0159 +/- 0.017, % updates: 45.962%
INFO:root:-- EPOCH 77 (1.511 seconds):
INFO:root:COST >> 1.0155 +/- 0.0195, % updates: 45.941%
INFO:root:-- EPOCH 78 (1.471 seconds):
INFO:root:COST >> 1.0188 +/- 0.0125, % updates: 46.004%
INFO:root:-- EPOCH 79 (1.497 seconds):
INFO:root:COST >> 1.0163 +/- 0.0186, % updates: 45.865%
INFO:root:-- EPOCH 80 (1.474 seconds):
INFO:root:COST >> 1.0139 +/- 0.0227, % updates: 45.935%
INFO:root:-- EPOCH 81 (1.484 seconds):
INFO:root:COST >> 1.0175 +/- 0.0151, % updates: 45.988%
INFO:root:-- EPOCH 82 (1.479 seconds):
INFO:root:COST >> 1.0151 +/- 0.0232, % updates: 45.841%
INFO:root:-- EPOCH 83 (1.476 seconds):
INFO:root:COST >> 1.0166 +/- 0.0196, % updates: 45.878%
INFO:root:-- EPOCH 84 (1.482 seconds):
INFO:root:COST >> 1.0152 +/- 0.0181, % updates: 45.839%
INFO:root:-- EPOCH 85 (1.488 seconds):
INFO:root:COST >> 1.0181 +/- 0.0192, % updates: 45.989%
INFO:root:-- EPOCH 86 (1.478 seconds):
INFO:root:COST >> 1.0172 +/- 0.0123, % updates: 45.952%
INFO:root:-- EPOCH 87 (1.49 seconds):
INFO:root:COST >> 1.015 +/- 0.0184, % updates: 45.875%
INFO:root:-- EPOCH 88 (1.476 seconds):
INFO:root:COST >> 1.016 +/- 0.0198, % updates: 45.89%
INFO:root:-- EPOCH 89 (1.482 seconds):
INFO:root:COST >> 1.0149 +/- 0.0145, % updates: 45.81%
INFO:root:-- EPOCH 90 (1.485 seconds):
INFO:root:COST >> 1.0145 +/- 0.0219, % updates: 45.816%
INFO:root:-- EPOCH 91 (1.478 seconds):
INFO:root:COST >> 1.0139 +/- 0.0152, % updates: 45.784%
INFO:root:-- EPOCH 92 (1.496 seconds):
INFO:root:COST >> 1.0177 +/- 0.0179, % updates: 45.934%
INFO:root:-- EPOCH 93 (1.499 seconds):
INFO:root:COST >> 1.0146 +/- 0.0187, % updates: 45.866%
INFO:root:-- EPOCH 94 (1.507 seconds):
INFO:root:COST >> 1.014 +/- 0.0183, % updates: 45.814%
INFO:root:-- EPOCH 95 (1.489 seconds):
INFO:root:COST >> 1.0139 +/- 0.0148, % updates: 45.712%
INFO:root:-- EPOCH 96 (1.508 seconds):
INFO:root:COST >> 1.0134 +/- 0.0199, % updates: 45.733%
INFO:root:-- EPOCH 97 (1.539 seconds):
INFO:root:COST >> 1.0163 +/- 0.0193, % updates: 45.73%
INFO:root:-- EPOCH 98 (1.484 seconds):
INFO:root:COST >> 1.0158 +/- 0.0195, % updates: 45.89%
INFO:root:-- EPOCH 99 (1.508 seconds):
INFO:root:COST >> 1.0131 +/- 0.019, % updates: 45.797%
INFO:root:-- EPOCH 100 (1.465 seconds):
INFO:root:COST >> 1.0154 +/- 0.0149, % updates: 45.711%
