INFO:root:Shape for training set: (40961, 141442)
INFO:root:State: {'ndim': '20', 'test_all': 'None', 'test_path': 'None', 'nhid': '50', 'lremb': '0.001', 'seed': '6', 'simfn': 'L1', 'valid_path': 'None', 'nbatches': '10', 'lrparam': '0.001', 'decay': '0.999', 'show_hinton_diagrams': 'False', 'no_rescaling': 'True', 'Nrel': '18', 'ranking_score_right': 'False', 'Nent': '40961', 'Nsyn': '40943', 'method': 'MOMENTUM', 'loss_margin': '1.0', 'C': '1.0', 'epsilon': '1e-06', 'use_db': 'True', 'max_lr': 'None', 'l1_param_weight': 'None', 'filtered': 'False', 'name': 'wn_opt/wn_MOMENTUM_166', 'totepochs': '100', 'l2_param_weight': 'None', 'train_path': 'data/wn/WN-train.pkl', 'op': 'TransE'}
INFO:root:Starting the Experiment ..
INFO:root:-- EPOCH 1 (1.54 seconds):
INFO:root:COST >> 2.0952 +/- 0.0779, % updates: 76.531%
INFO:root:-- EPOCH 2 (1.485 seconds):
INFO:root:COST >> 1.7151 +/- 0.0908, % updates: 63.837%
INFO:root:-- EPOCH 3 (1.523 seconds):
INFO:root:COST >> 1.4495 +/- 0.0334, % updates: 55.696%
INFO:root:-- EPOCH 4 (1.474 seconds):
INFO:root:COST >> 1.3843 +/- 0.0319, % updates: 52.003%
INFO:root:-- EPOCH 5 (1.523 seconds):
INFO:root:COST >> 1.4101 +/- 0.0098, % updates: 50.26%
INFO:root:-- EPOCH 6 (1.513 seconds):
INFO:root:COST >> 1.3791 +/- 0.0116, % updates: 49.041%
INFO:root:-- EPOCH 7 (1.558 seconds):
INFO:root:COST >> 1.3769 +/- 0.0115, % updates: 48.314%
INFO:root:-- EPOCH 8 (1.489 seconds):
INFO:root:COST >> 1.3477 +/- 0.0109, % updates: 47.553%
INFO:root:-- EPOCH 9 (1.483 seconds):
INFO:root:COST >> 1.3374 +/- 0.0118, % updates: 47.285%
INFO:root:-- EPOCH 10 (1.535 seconds):
INFO:root:COST >> 1.3237 +/- 0.0182, % updates: 47.389%
INFO:root:-- EPOCH 11 (1.483 seconds):
INFO:root:COST >> 1.3249 +/- 0.0144, % updates: 48.057%
INFO:root:-- EPOCH 12 (1.515 seconds):
INFO:root:COST >> 1.3086 +/- 0.0152, % updates: 48.08%
INFO:root:-- EPOCH 13 (1.494 seconds):
INFO:root:COST >> 1.2998 +/- 0.0155, % updates: 48.133%
INFO:root:-- EPOCH 14 (1.518 seconds):
INFO:root:COST >> 1.2928 +/- 0.0119, % updates: 48.114%
INFO:root:-- EPOCH 15 (1.489 seconds):
INFO:root:COST >> 1.2924 +/- 0.0176, % updates: 48.096%
INFO:root:-- EPOCH 16 (1.138 seconds):
INFO:root:COST >> 1.2855 +/- 0.0221, % updates: 48.092%
INFO:root:-- EPOCH 17 (1.111 seconds):
INFO:root:COST >> 1.2777 +/- 0.0144, % updates: 47.771%
INFO:root:-- EPOCH 18 (1.18 seconds):
INFO:root:COST >> 1.2809 +/- 0.0145, % updates: 47.916%
INFO:root:-- EPOCH 19 (1.191 seconds):
INFO:root:COST >> 1.2837 +/- 0.0198, % updates: 48.052%
INFO:root:-- EPOCH 20 (1.515 seconds):
INFO:root:COST >> 1.2808 +/- 0.0201, % updates: 47.925%
INFO:root:-- EPOCH 21 (1.496 seconds):
INFO:root:COST >> 1.2819 +/- 0.0255, % updates: 47.875%
INFO:root:-- EPOCH 22 (1.524 seconds):
INFO:root:COST >> 1.2819 +/- 0.0168, % updates: 47.974%
INFO:root:-- EPOCH 23 (1.522 seconds):
INFO:root:COST >> 1.2849 +/- 0.0181, % updates: 48.05%
INFO:root:-- EPOCH 24 (1.555 seconds):
INFO:root:COST >> 1.287 +/- 0.0238, % updates: 48.043%
INFO:root:-- EPOCH 25 (1.532 seconds):
INFO:root:COST >> 1.2863 +/- 0.0187, % updates: 48.122%
INFO:root:-- EPOCH 26 (1.556 seconds):
INFO:root:COST >> 1.2832 +/- 0.0232, % updates: 48.067%
INFO:root:-- EPOCH 27 (1.565 seconds):
INFO:root:COST >> 1.2913 +/- 0.0179, % updates: 48.13%
INFO:root:-- EPOCH 28 (1.545 seconds):
INFO:root:COST >> 1.2883 +/- 0.0251, % updates: 47.996%
INFO:root:-- EPOCH 29 (1.518 seconds):
INFO:root:COST >> 1.291 +/- 0.0217, % updates: 47.828%
INFO:root:-- EPOCH 30 (1.485 seconds):
INFO:root:COST >> 1.2892 +/- 0.0228, % updates: 47.797%
INFO:root:-- EPOCH 31 (1.495 seconds):
INFO:root:COST >> 1.2903 +/- 0.0207, % updates: 47.747%
INFO:root:-- EPOCH 32 (1.511 seconds):
INFO:root:COST >> 1.2957 +/- 0.0202, % updates: 47.821%
INFO:root:-- EPOCH 33 (1.508 seconds):
INFO:root:COST >> 1.2889 +/- 0.0233, % updates: 47.853%
INFO:root:-- EPOCH 34 (1.528 seconds):
INFO:root:COST >> 1.2929 +/- 0.0222, % updates: 47.805%
INFO:root:-- EPOCH 35 (1.516 seconds):
INFO:root:COST >> 1.2932 +/- 0.0212, % updates: 47.769%
INFO:root:-- EPOCH 36 (1.495 seconds):
INFO:root:COST >> 1.2896 +/- 0.0173, % updates: 47.722%
INFO:root:-- EPOCH 37 (1.542 seconds):
INFO:root:COST >> 1.291 +/- 0.018, % updates: 47.681%
INFO:root:-- EPOCH 38 (1.498 seconds):
INFO:root:COST >> 1.2933 +/- 0.0192, % updates: 47.706%
INFO:root:-- EPOCH 39 (1.532 seconds):
INFO:root:COST >> 1.2997 +/- 0.0195, % updates: 47.634%
INFO:root:-- EPOCH 40 (1.492 seconds):
INFO:root:COST >> 1.2958 +/- 0.0207, % updates: 47.46%
INFO:root:-- EPOCH 41 (1.516 seconds):
INFO:root:COST >> 1.2997 +/- 0.0167, % updates: 47.506%
INFO:root:-- EPOCH 42 (1.486 seconds):
INFO:root:COST >> 1.3018 +/- 0.0166, % updates: 47.539%
INFO:root:-- EPOCH 43 (1.497 seconds):
INFO:root:COST >> 1.302 +/- 0.0244, % updates: 47.524%
INFO:root:-- EPOCH 44 (1.503 seconds):
INFO:root:COST >> 1.3034 +/- 0.0169, % updates: 47.694%
INFO:root:-- EPOCH 45 (1.467 seconds):
INFO:root:COST >> 1.3022 +/- 0.022, % updates: 47.559%
INFO:root:-- EPOCH 46 (1.494 seconds):
INFO:root:COST >> 1.3116 +/- 0.0191, % updates: 47.709%
INFO:root:-- EPOCH 47 (1.48 seconds):
INFO:root:COST >> 1.3139 +/- 0.0219, % updates: 47.621%
INFO:root:-- EPOCH 48 (1.504 seconds):
INFO:root:COST >> 1.3195 +/- 0.0228, % updates: 47.445%
INFO:root:-- EPOCH 49 (1.515 seconds):
INFO:root:COST >> 1.3216 +/- 0.0223, % updates: 47.536%
INFO:root:-- EPOCH 50 (1.477 seconds):
INFO:root:COST >> 1.3209 +/- 0.0208, % updates: 47.374%
INFO:root:-- EPOCH 51 (1.512 seconds):
INFO:root:COST >> 1.3193 +/- 0.0201, % updates: 47.473%
INFO:root:-- EPOCH 52 (1.518 seconds):
INFO:root:COST >> 1.3245 +/- 0.0206, % updates: 47.373%
INFO:root:-- EPOCH 53 (1.509 seconds):
INFO:root:COST >> 1.3267 +/- 0.0212, % updates: 47.39%
INFO:root:-- EPOCH 54 (1.529 seconds):
INFO:root:COST >> 1.3266 +/- 0.0198, % updates: 47.13%
INFO:root:-- EPOCH 55 (1.495 seconds):
INFO:root:COST >> 1.3323 +/- 0.0183, % updates: 47.331%
INFO:root:-- EPOCH 56 (1.502 seconds):
INFO:root:COST >> 1.3272 +/- 0.023, % updates: 47.177%
INFO:root:-- EPOCH 57 (1.496 seconds):
INFO:root:COST >> 1.3333 +/- 0.0167, % updates: 47.267%
INFO:root:-- EPOCH 58 (1.492 seconds):
INFO:root:COST >> 1.3383 +/- 0.0205, % updates: 47.208%
INFO:root:-- EPOCH 59 (1.5 seconds):
INFO:root:COST >> 1.3387 +/- 0.0226, % updates: 47.173%
INFO:root:-- EPOCH 60 (1.504 seconds):
INFO:root:COST >> 1.3419 +/- 0.0142, % updates: 47.194%
INFO:root:-- EPOCH 61 (1.489 seconds):
INFO:root:COST >> 1.338 +/- 0.0174, % updates: 47.055%
INFO:root:-- EPOCH 62 (1.518 seconds):
INFO:root:COST >> 1.3453 +/- 0.0184, % updates: 47.063%
INFO:root:-- EPOCH 63 (1.516 seconds):
INFO:root:COST >> 1.343 +/- 0.0168, % updates: 47.003%
INFO:root:-- EPOCH 64 (1.521 seconds):
INFO:root:COST >> 1.3455 +/- 0.0149, % updates: 46.919%
INFO:root:-- EPOCH 65 (1.506 seconds):
INFO:root:COST >> 1.3534 +/- 0.0187, % updates: 47.028%
INFO:root:-- EPOCH 66 (1.515 seconds):
INFO:root:COST >> 1.35 +/- 0.0224, % updates: 46.891%
INFO:root:-- EPOCH 67 (1.503 seconds):
INFO:root:COST >> 1.3572 +/- 0.0218, % updates: 46.897%
INFO:root:-- EPOCH 68 (1.511 seconds):
INFO:root:COST >> 1.3515 +/- 0.0236, % updates: 46.894%
INFO:root:-- EPOCH 69 (1.497 seconds):
INFO:root:COST >> 1.3606 +/- 0.02, % updates: 46.765%
INFO:root:-- EPOCH 70 (1.519 seconds):
INFO:root:COST >> 1.3635 +/- 0.0236, % updates: 46.881%
INFO:root:-- EPOCH 71 (1.553 seconds):
INFO:root:COST >> 1.3609 +/- 0.0265, % updates: 46.7%
INFO:root:-- EPOCH 72 (1.497 seconds):
INFO:root:COST >> 1.3649 +/- 0.0242, % updates: 46.717%
INFO:root:-- EPOCH 73 (1.557 seconds):
INFO:root:COST >> 1.3648 +/- 0.0206, % updates: 46.748%
INFO:root:-- EPOCH 74 (1.534 seconds):
INFO:root:COST >> 1.3662 +/- 0.0151, % updates: 46.669%
INFO:root:-- EPOCH 75 (1.527 seconds):
INFO:root:COST >> 1.3637 +/- 0.017, % updates: 46.552%
INFO:root:-- EPOCH 76 (1.495 seconds):
INFO:root:COST >> 1.3646 +/- 0.0251, % updates: 46.453%
INFO:root:-- EPOCH 77 (1.501 seconds):
INFO:root:COST >> 1.3667 +/- 0.0217, % updates: 46.498%
INFO:root:-- EPOCH 78 (1.477 seconds):
INFO:root:COST >> 1.3707 +/- 0.0186, % updates: 46.628%
INFO:root:-- EPOCH 79 (1.494 seconds):
INFO:root:COST >> 1.3681 +/- 0.0165, % updates: 46.542%
INFO:root:-- EPOCH 80 (1.501 seconds):
INFO:root:COST >> 1.3717 +/- 0.0192, % updates: 46.481%
INFO:root:-- EPOCH 81 (1.487 seconds):
INFO:root:COST >> 1.3718 +/- 0.0214, % updates: 46.286%
INFO:root:-- EPOCH 82 (1.482 seconds):
INFO:root:COST >> 1.3705 +/- 0.0201, % updates: 46.129%
INFO:root:-- EPOCH 83 (1.536 seconds):
INFO:root:COST >> 1.3799 +/- 0.0169, % updates: 46.449%
INFO:root:-- EPOCH 84 (1.532 seconds):
INFO:root:COST >> 1.3811 +/- 0.0245, % updates: 46.374%
INFO:root:-- EPOCH 85 (1.527 seconds):
INFO:root:COST >> 1.3853 +/- 0.0188, % updates: 46.365%
INFO:root:-- EPOCH 86 (1.504 seconds):
INFO:root:COST >> 1.3773 +/- 0.0179, % updates: 46.028%
INFO:root:-- EPOCH 87 (1.543 seconds):
INFO:root:COST >> 1.3772 +/- 0.0247, % updates: 46.17%
INFO:root:-- EPOCH 88 (1.533 seconds):
INFO:root:COST >> 1.3846 +/- 0.017, % updates: 46.095%
INFO:root:-- EPOCH 89 (1.536 seconds):
INFO:root:COST >> 1.3838 +/- 0.0235, % updates: 46.095%
INFO:root:-- EPOCH 90 (1.527 seconds):
INFO:root:COST >> 1.3887 +/- 0.0226, % updates: 46.135%
INFO:root:-- EPOCH 91 (1.538 seconds):
INFO:root:COST >> 1.3929 +/- 0.0184, % updates: 45.898%
INFO:root:-- EPOCH 92 (1.534 seconds):
INFO:root:COST >> 1.3932 +/- 0.0171, % updates: 46.193%
INFO:root:-- EPOCH 93 (1.522 seconds):
INFO:root:COST >> 1.3888 +/- 0.0189, % updates: 45.912%
INFO:root:-- EPOCH 94 (1.486 seconds):
INFO:root:COST >> 1.3986 +/- 0.0278, % updates: 46.124%
INFO:root:-- EPOCH 95 (1.475 seconds):
INFO:root:COST >> 1.3981 +/- 0.0215, % updates: 46.019%
INFO:root:-- EPOCH 96 (1.504 seconds):
INFO:root:COST >> 1.4052 +/- 0.0175, % updates: 45.95%
INFO:root:-- EPOCH 97 (1.502 seconds):
INFO:root:COST >> 1.4009 +/- 0.0135, % updates: 46.153%
INFO:root:-- EPOCH 98 (1.511 seconds):
INFO:root:COST >> 1.4009 +/- 0.0203, % updates: 45.865%
INFO:root:-- EPOCH 99 (1.492 seconds):
INFO:root:COST >> 1.4031 +/- 0.0242, % updates: 45.849%
INFO:root:-- EPOCH 100 (1.46 seconds):
INFO:root:COST >> 1.408 +/- 0.0198, % updates: 45.836%
