INFO:root:Shape for training set: (40961, 141442)
INFO:root:State: {'ndim': '20', 'test_all': 'None', 'test_path': 'None', 'nhid': '50', 'lremb': '0.001', 'seed': '8', 'simfn': 'L1', 'valid_path': 'None', 'nbatches': '10', 'lrparam': '0.001', 'decay': '0.9999', 'show_hinton_diagrams': 'False', 'no_rescaling': 'True', 'Nrel': '18', 'ranking_score_right': 'False', 'Nent': '40961', 'Nsyn': '40943', 'method': 'MOMENTUM', 'loss_margin': '1.0', 'C': '1.0', 'epsilon': '1e-06', 'use_db': 'True', 'max_lr': 'None', 'l1_param_weight': 'None', 'filtered': 'False', 'name': 'wn_opt/wn_MOMENTUM_158', 'totepochs': '100', 'l2_param_weight': 'None', 'train_path': 'data/wn/WN-train.pkl', 'op': 'TransE'}
INFO:root:Starting the Experiment ..
INFO:root:-- EPOCH 1 (1.549 seconds):
INFO:root:COST >> 2.0987 +/- 0.0803, % updates: 76.667%
INFO:root:-- EPOCH 2 (1.505 seconds):
INFO:root:COST >> 1.6964 +/- 0.0737, % updates: 63.347%
INFO:root:-- EPOCH 3 (1.479 seconds):
INFO:root:COST >> 1.4693 +/- 0.0288, % updates: 55.614%
INFO:root:-- EPOCH 4 (1.516 seconds):
INFO:root:COST >> 1.4321 +/- 0.0179, % updates: 52.169%
INFO:root:-- EPOCH 5 (1.493 seconds):
INFO:root:COST >> 1.4131 +/- 0.019, % updates: 51.06%
INFO:root:-- EPOCH 6 (1.503 seconds):
INFO:root:COST >> 1.3982 +/- 0.0223, % updates: 50.027%
INFO:root:-- EPOCH 7 (1.519 seconds):
INFO:root:COST >> 1.3839 +/- 0.0195, % updates: 49.229%
INFO:root:-- EPOCH 8 (1.495 seconds):
INFO:root:COST >> 1.3641 +/- 0.0167, % updates: 48.613%
INFO:root:-- EPOCH 9 (1.49 seconds):
INFO:root:COST >> 1.3473 +/- 0.0189, % updates: 48.596%
INFO:root:-- EPOCH 10 (1.5 seconds):
INFO:root:COST >> 1.3296 +/- 0.0099, % updates: 48.391%
INFO:root:-- EPOCH 11 (1.496 seconds):
INFO:root:COST >> 1.3214 +/- 0.0226, % updates: 48.71%
INFO:root:-- EPOCH 12 (1.496 seconds):
INFO:root:COST >> 1.3079 +/- 0.0223, % updates: 48.566%
INFO:root:-- EPOCH 13 (1.528 seconds):
INFO:root:COST >> 1.2951 +/- 0.0165, % updates: 48.257%
INFO:root:-- EPOCH 14 (1.499 seconds):
INFO:root:COST >> 1.291 +/- 0.0159, % updates: 48.207%
INFO:root:-- EPOCH 15 (1.516 seconds):
INFO:root:COST >> 1.288 +/- 0.0186, % updates: 48.047%
INFO:root:-- EPOCH 16 (1.533 seconds):
INFO:root:COST >> 1.2788 +/- 0.02, % updates: 48.092%
INFO:root:-- EPOCH 17 (1.342 seconds):
INFO:root:COST >> 1.2719 +/- 0.0197, % updates: 47.896%
INFO:root:-- EPOCH 18 (1.148 seconds):
INFO:root:COST >> 1.2708 +/- 0.0202, % updates: 48.141%
INFO:root:-- EPOCH 19 (1.087 seconds):
INFO:root:COST >> 1.2634 +/- 0.018, % updates: 48.124%
INFO:root:-- EPOCH 20 (1.507 seconds):
INFO:root:COST >> 1.2597 +/- 0.0137, % updates: 48.187%
INFO:root:-- EPOCH 21 (1.565 seconds):
INFO:root:COST >> 1.2576 +/- 0.0161, % updates: 48.193%
INFO:root:-- EPOCH 22 (1.912 seconds):
INFO:root:COST >> 1.2516 +/- 0.0207, % updates: 48.011%
INFO:root:-- EPOCH 23 (1.963 seconds):
INFO:root:COST >> 1.2442 +/- 0.0236, % updates: 47.934%
INFO:root:-- EPOCH 24 (1.517 seconds):
INFO:root:COST >> 1.2491 +/- 0.0208, % updates: 48.189%
INFO:root:-- EPOCH 25 (1.511 seconds):
INFO:root:COST >> 1.2441 +/- 0.0192, % updates: 48.119%
INFO:root:-- EPOCH 26 (1.505 seconds):
INFO:root:COST >> 1.2464 +/- 0.0253, % updates: 48.151%
INFO:root:-- EPOCH 27 (1.49 seconds):
INFO:root:COST >> 1.2492 +/- 0.0236, % updates: 48.186%
INFO:root:-- EPOCH 28 (1.509 seconds):
INFO:root:COST >> 1.2522 +/- 0.021, % updates: 48.276%
INFO:root:-- EPOCH 29 (1.499 seconds):
INFO:root:COST >> 1.2552 +/- 0.0177, % updates: 48.518%
INFO:root:-- EPOCH 30 (1.508 seconds):
INFO:root:COST >> 1.2555 +/- 0.0193, % updates: 48.582%
INFO:root:-- EPOCH 31 (1.493 seconds):
INFO:root:COST >> 1.2524 +/- 0.02, % updates: 48.58%
INFO:root:-- EPOCH 32 (1.501 seconds):
INFO:root:COST >> 1.2542 +/- 0.0277, % updates: 48.551%
INFO:root:-- EPOCH 33 (1.537 seconds):
INFO:root:COST >> 1.2566 +/- 0.0209, % updates: 48.586%
INFO:root:-- EPOCH 34 (1.48 seconds):
INFO:root:COST >> 1.2539 +/- 0.0188, % updates: 48.543%
INFO:root:-- EPOCH 35 (1.52 seconds):
INFO:root:COST >> 1.2598 +/- 0.018, % updates: 48.586%
INFO:root:-- EPOCH 36 (1.524 seconds):
INFO:root:COST >> 1.2648 +/- 0.0253, % updates: 48.764%
INFO:root:-- EPOCH 37 (1.5 seconds):
INFO:root:COST >> 1.2706 +/- 0.0196, % updates: 48.856%
INFO:root:-- EPOCH 38 (1.498 seconds):
INFO:root:COST >> 1.2734 +/- 0.0229, % updates: 48.769%
INFO:root:-- EPOCH 39 (1.527 seconds):
INFO:root:COST >> 1.2777 +/- 0.0143, % updates: 49.033%
INFO:root:-- EPOCH 40 (1.513 seconds):
INFO:root:COST >> 1.2771 +/- 0.0167, % updates: 48.965%
INFO:root:-- EPOCH 41 (1.481 seconds):
INFO:root:COST >> 1.2738 +/- 0.017, % updates: 48.931%
INFO:root:-- EPOCH 42 (1.528 seconds):
INFO:root:COST >> 1.2762 +/- 0.0245, % updates: 48.936%
INFO:root:-- EPOCH 43 (1.509 seconds):
INFO:root:COST >> 1.2672 +/- 0.0198, % updates: 48.732%
INFO:root:-- EPOCH 44 (1.5 seconds):
INFO:root:COST >> 1.2768 +/- 0.0173, % updates: 48.884%
INFO:root:-- EPOCH 45 (1.504 seconds):
INFO:root:COST >> 1.2736 +/- 0.0178, % updates: 48.796%
INFO:root:-- EPOCH 46 (1.505 seconds):
INFO:root:COST >> 1.2763 +/- 0.017, % updates: 48.89%
INFO:root:-- EPOCH 47 (1.511 seconds):
INFO:root:COST >> 1.2779 +/- 0.0159, % updates: 48.714%
INFO:root:-- EPOCH 48 (1.493 seconds):
INFO:root:COST >> 1.2741 +/- 0.0201, % updates: 48.893%
INFO:root:-- EPOCH 49 (1.569 seconds):
INFO:root:COST >> 1.2722 +/- 0.0204, % updates: 48.852%
INFO:root:-- EPOCH 50 (1.504 seconds):
INFO:root:COST >> 1.2743 +/- 0.0199, % updates: 48.729%
INFO:root:-- EPOCH 51 (1.509 seconds):
INFO:root:COST >> 1.2731 +/- 0.0252, % updates: 48.677%
INFO:root:-- EPOCH 52 (1.502 seconds):
INFO:root:COST >> 1.2717 +/- 0.0207, % updates: 48.57%
INFO:root:-- EPOCH 53 (1.505 seconds):
INFO:root:COST >> 1.2685 +/- 0.0195, % updates: 48.517%
INFO:root:-- EPOCH 54 (1.503 seconds):
INFO:root:COST >> 1.2704 +/- 0.0225, % updates: 48.49%
INFO:root:-- EPOCH 55 (1.523 seconds):
INFO:root:COST >> 1.2744 +/- 0.0182, % updates: 48.575%
INFO:root:-- EPOCH 56 (1.51 seconds):
INFO:root:COST >> 1.272 +/- 0.0247, % updates: 48.569%
INFO:root:-- EPOCH 57 (1.489 seconds):
INFO:root:COST >> 1.2722 +/- 0.0249, % updates: 48.724%
INFO:root:-- EPOCH 58 (1.49 seconds):
INFO:root:COST >> 1.2741 +/- 0.0229, % updates: 48.553%
INFO:root:-- EPOCH 59 (1.508 seconds):
INFO:root:COST >> 1.2756 +/- 0.0179, % updates: 48.583%
INFO:root:-- EPOCH 60 (1.515 seconds):
INFO:root:COST >> 1.2739 +/- 0.0236, % updates: 48.535%
INFO:root:-- EPOCH 61 (1.496 seconds):
INFO:root:COST >> 1.2735 +/- 0.0211, % updates: 48.603%
INFO:root:-- EPOCH 62 (1.489 seconds):
INFO:root:COST >> 1.2771 +/- 0.0194, % updates: 48.614%
INFO:root:-- EPOCH 63 (1.514 seconds):
INFO:root:COST >> 1.2784 +/- 0.0209, % updates: 48.624%
INFO:root:-- EPOCH 64 (1.506 seconds):
INFO:root:COST >> 1.2799 +/- 0.0222, % updates: 48.588%
INFO:root:-- EPOCH 65 (1.508 seconds):
INFO:root:COST >> 1.2741 +/- 0.0178, % updates: 48.567%
INFO:root:-- EPOCH 66 (1.513 seconds):
INFO:root:COST >> 1.2781 +/- 0.0205, % updates: 48.652%
INFO:root:-- EPOCH 67 (1.508 seconds):
INFO:root:COST >> 1.2768 +/- 0.018, % updates: 48.448%
INFO:root:-- EPOCH 68 (1.5 seconds):
INFO:root:COST >> 1.2785 +/- 0.0182, % updates: 48.492%
INFO:root:-- EPOCH 69 (1.486 seconds):
INFO:root:COST >> 1.2796 +/- 0.0191, % updates: 48.478%
INFO:root:-- EPOCH 70 (1.489 seconds):
INFO:root:COST >> 1.2796 +/- 0.0196, % updates: 48.652%
INFO:root:-- EPOCH 71 (1.501 seconds):
INFO:root:COST >> 1.2781 +/- 0.0181, % updates: 48.591%
INFO:root:-- EPOCH 72 (1.512 seconds):
INFO:root:COST >> 1.2745 +/- 0.0193, % updates: 48.55%
INFO:root:-- EPOCH 73 (1.533 seconds):
INFO:root:COST >> 1.2775 +/- 0.0221, % updates: 48.428%
INFO:root:-- EPOCH 74 (1.503 seconds):
INFO:root:COST >> 1.2766 +/- 0.0165, % updates: 48.442%
INFO:root:-- EPOCH 75 (1.518 seconds):
INFO:root:COST >> 1.2756 +/- 0.0148, % updates: 48.46%
INFO:root:-- EPOCH 76 (1.477 seconds):
INFO:root:COST >> 1.2772 +/- 0.0218, % updates: 48.47%
INFO:root:-- EPOCH 77 (1.533 seconds):
INFO:root:COST >> 1.2783 +/- 0.0234, % updates: 48.522%
INFO:root:-- EPOCH 78 (1.512 seconds):
INFO:root:COST >> 1.28 +/- 0.0131, % updates: 48.433%
INFO:root:-- EPOCH 79 (1.476 seconds):
INFO:root:COST >> 1.2765 +/- 0.02, % updates: 48.396%
INFO:root:-- EPOCH 80 (1.503 seconds):
INFO:root:COST >> 1.2774 +/- 0.0242, % updates: 48.504%
INFO:root:-- EPOCH 81 (1.48 seconds):
INFO:root:COST >> 1.2799 +/- 0.018, % updates: 48.504%
INFO:root:-- EPOCH 82 (1.542 seconds):
INFO:root:COST >> 1.277 +/- 0.0238, % updates: 48.467%
INFO:root:-- EPOCH 83 (1.518 seconds):
INFO:root:COST >> 1.2775 +/- 0.0237, % updates: 48.377%
INFO:root:-- EPOCH 84 (1.567 seconds):
INFO:root:COST >> 1.2785 +/- 0.0185, % updates: 48.343%
INFO:root:-- EPOCH 85 (1.509 seconds):
INFO:root:COST >> 1.2843 +/- 0.0205, % updates: 48.478%
INFO:root:-- EPOCH 86 (1.55 seconds):
INFO:root:COST >> 1.2824 +/- 0.0127, % updates: 48.44%
INFO:root:-- EPOCH 87 (1.486 seconds):
INFO:root:COST >> 1.2814 +/- 0.0195, % updates: 48.53%
INFO:root:-- EPOCH 88 (1.548 seconds):
INFO:root:COST >> 1.2816 +/- 0.0228, % updates: 48.587%
INFO:root:-- EPOCH 89 (1.493 seconds):
INFO:root:COST >> 1.2772 +/- 0.0163, % updates: 48.34%
INFO:root:-- EPOCH 90 (1.483 seconds):
INFO:root:COST >> 1.2801 +/- 0.0208, % updates: 48.398%
INFO:root:-- EPOCH 91 (1.492 seconds):
INFO:root:COST >> 1.279 +/- 0.0164, % updates: 48.374%
INFO:root:-- EPOCH 92 (1.495 seconds):
INFO:root:COST >> 1.2869 +/- 0.0197, % updates: 48.535%
INFO:root:-- EPOCH 93 (1.494 seconds):
INFO:root:COST >> 1.2835 +/- 0.0231, % updates: 48.462%
INFO:root:-- EPOCH 94 (1.471 seconds):
INFO:root:COST >> 1.2846 +/- 0.0213, % updates: 48.446%
INFO:root:-- EPOCH 95 (1.483 seconds):
INFO:root:COST >> 1.2843 +/- 0.0183, % updates: 48.51%
INFO:root:-- EPOCH 96 (1.498 seconds):
INFO:root:COST >> 1.2849 +/- 0.0163, % updates: 48.534%
INFO:root:-- EPOCH 97 (1.484 seconds):
INFO:root:COST >> 1.2857 +/- 0.0214, % updates: 48.462%
INFO:root:-- EPOCH 98 (1.492 seconds):
INFO:root:COST >> 1.2851 +/- 0.023, % updates: 48.474%
INFO:root:-- EPOCH 99 (1.497 seconds):
INFO:root:COST >> 1.2831 +/- 0.0218, % updates: 48.407%
INFO:root:-- EPOCH 100 (1.508 seconds):
INFO:root:COST >> 1.2837 +/- 0.0155, % updates: 48.37%
