INFO:root:Shape for training set: (40961, 141442)
INFO:root:State: {'ndim': '20', 'test_all': 'None', 'test_path': 'None', 'nhid': '50', 'lremb': '1e-06', 'seed': '1', 'simfn': 'L1', 'valid_path': 'None', 'nbatches': '10', 'lrparam': '1e-06', 'decay': '0.9999', 'show_hinton_diagrams': 'False', 'no_rescaling': 'True', 'Nrel': '18', 'ranking_score_right': 'False', 'Nent': '40961', 'Nsyn': '40943', 'method': 'MOMENTUM', 'loss_margin': '1.0', 'C': '1.0', 'epsilon': '1e-06', 'use_db': 'True', 'max_lr': 'None', 'l1_param_weight': 'None', 'filtered': 'False', 'name': 'wn_opt/wn_MOMENTUM_1', 'totepochs': '100', 'l2_param_weight': 'None', 'train_path': 'data/wn/WN-train.pkl', 'op': 'TransE'}
INFO:root:Starting the Experiment ..
INFO:root:-- EPOCH 1 (1.47 seconds):
INFO:root:COST >> 2.2106 +/- 0.01, % updates: 81.497%
INFO:root:-- EPOCH 2 (1.508 seconds):
INFO:root:COST >> 2.2039 +/- 0.0168, % updates: 81.427%
INFO:root:-- EPOCH 3 (1.535 seconds):
INFO:root:COST >> 2.1968 +/- 0.0151, % updates: 81.504%
INFO:root:-- EPOCH 4 (1.535 seconds):
INFO:root:COST >> 2.1848 +/- 0.0154, % updates: 81.595%
INFO:root:-- EPOCH 5 (1.615 seconds):
INFO:root:COST >> 2.1679 +/- 0.01, % updates: 81.611%
INFO:root:-- EPOCH 6 (1.564 seconds):
INFO:root:COST >> 2.1519 +/- 0.014, % updates: 81.477%
INFO:root:-- EPOCH 7 (1.79 seconds):
INFO:root:COST >> 2.1395 +/- 0.0088, % updates: 81.374%
INFO:root:-- EPOCH 8 (1.763 seconds):
INFO:root:COST >> 2.1224 +/- 0.0126, % updates: 81.204%
INFO:root:-- EPOCH 9 (1.763 seconds):
INFO:root:COST >> 2.1074 +/- 0.0153, % updates: 80.761%
INFO:root:-- EPOCH 10 (1.832 seconds):
INFO:root:COST >> 2.0912 +/- 0.0121, % updates: 80.358%
INFO:root:-- EPOCH 11 (1.69 seconds):
INFO:root:COST >> 2.0846 +/- 0.0115, % updates: 80.031%
INFO:root:-- EPOCH 12 (1.63 seconds):
INFO:root:COST >> 2.0707 +/- 0.0105, % updates: 79.571%
INFO:root:-- EPOCH 13 (1.621 seconds):
INFO:root:COST >> 2.0574 +/- 0.0089, % updates: 78.862%
INFO:root:-- EPOCH 14 (1.603 seconds):
INFO:root:COST >> 2.0381 +/- 0.0127, % updates: 78.518%
INFO:root:-- EPOCH 15 (1.939 seconds):
INFO:root:COST >> 2.0225 +/- 0.0159, % updates: 77.873%
INFO:root:-- EPOCH 16 (1.698 seconds):
INFO:root:COST >> 2.0073 +/- 0.0118, % updates: 77.444%
INFO:root:-- EPOCH 17 (1.535 seconds):
INFO:root:COST >> 1.9871 +/- 0.0109, % updates: 76.922%
INFO:root:-- EPOCH 18 (1.549 seconds):
INFO:root:COST >> 1.9677 +/- 0.0102, % updates: 76.434%
INFO:root:-- EPOCH 19 (1.53 seconds):
INFO:root:COST >> 1.9428 +/- 0.0069, % updates: 75.837%
INFO:root:-- EPOCH 20 (1.566 seconds):
INFO:root:COST >> 1.9224 +/- 0.0137, % updates: 75.362%
INFO:root:-- EPOCH 21 (1.563 seconds):
INFO:root:COST >> 1.902 +/- 0.0117, % updates: 75.056%
INFO:root:-- EPOCH 22 (1.53 seconds):
INFO:root:COST >> 1.8845 +/- 0.0139, % updates: 74.634%
INFO:root:-- EPOCH 23 (1.523 seconds):
INFO:root:COST >> 1.8634 +/- 0.0101, % updates: 74.166%
INFO:root:-- EPOCH 24 (1.729 seconds):
INFO:root:COST >> 1.8412 +/- 0.011, % updates: 73.875%
INFO:root:-- EPOCH 25 (1.796 seconds):
INFO:root:COST >> 1.8193 +/- 0.0105, % updates: 73.264%
INFO:root:-- EPOCH 26 (1.793 seconds):
INFO:root:COST >> 1.7961 +/- 0.0108, % updates: 72.863%
INFO:root:-- EPOCH 27 (1.901 seconds):
INFO:root:COST >> 1.7713 +/- 0.0144, % updates: 72.424%
INFO:root:-- EPOCH 28 (1.573 seconds):
INFO:root:COST >> 1.7494 +/- 0.0127, % updates: 72.096%
INFO:root:-- EPOCH 29 (1.677 seconds):
INFO:root:COST >> 1.7278 +/- 0.01, % updates: 71.655%
INFO:root:-- EPOCH 30 (1.641 seconds):
INFO:root:COST >> 1.7026 +/- 0.0192, % updates: 71.139%
INFO:root:-- EPOCH 31 (1.577 seconds):
INFO:root:COST >> 1.6784 +/- 0.0125, % updates: 70.729%
INFO:root:-- EPOCH 32 (1.657 seconds):
INFO:root:COST >> 1.6592 +/- 0.0137, % updates: 70.206%
INFO:root:-- EPOCH 33 (1.799 seconds):
INFO:root:COST >> 1.6405 +/- 0.0134, % updates: 69.862%
INFO:root:-- EPOCH 34 (1.681 seconds):
INFO:root:COST >> 1.6069 +/- 0.0143, % updates: 69.077%
INFO:root:-- EPOCH 35 (1.719 seconds):
INFO:root:COST >> 1.5796 +/- 0.0136, % updates: 68.353%
INFO:root:-- EPOCH 36 (1.807 seconds):
INFO:root:COST >> 1.5495 +/- 0.0139, % updates: 67.661%
INFO:root:-- EPOCH 37 (1.888 seconds):
INFO:root:COST >> 1.5324 +/- 0.0104, % updates: 67.057%
INFO:root:-- EPOCH 38 (1.65 seconds):
INFO:root:COST >> 1.5127 +/- 0.0108, % updates: 66.608%
INFO:root:-- EPOCH 39 (1.7 seconds):
INFO:root:COST >> 1.493 +/- 0.0104, % updates: 66.047%
INFO:root:-- EPOCH 40 (2.544 seconds):
INFO:root:COST >> 1.4657 +/- 0.017, % updates: 65.389%
INFO:root:-- EPOCH 41 (2.163 seconds):
INFO:root:COST >> 1.4396 +/- 0.0109, % updates: 64.907%
INFO:root:-- EPOCH 42 (1.853 seconds):
INFO:root:COST >> 1.4156 +/- 0.0051, % updates: 64.468%
INFO:root:-- EPOCH 43 (1.932 seconds):
INFO:root:COST >> 1.3823 +/- 0.0154, % updates: 63.73%
INFO:root:-- EPOCH 44 (1.857 seconds):
INFO:root:COST >> 1.353 +/- 0.0089, % updates: 63.095%
INFO:root:-- EPOCH 45 (1.621 seconds):
INFO:root:COST >> 1.3313 +/- 0.0102, % updates: 62.486%
INFO:root:-- EPOCH 46 (1.653 seconds):
INFO:root:COST >> 1.3132 +/- 0.011, % updates: 62.102%
INFO:root:-- EPOCH 47 (1.681 seconds):
INFO:root:COST >> 1.2862 +/- 0.0139, % updates: 61.454%
INFO:root:-- EPOCH 48 (1.72 seconds):
INFO:root:COST >> 1.2696 +/- 0.0103, % updates: 60.931%
INFO:root:-- EPOCH 49 (2.012 seconds):
INFO:root:COST >> 1.2477 +/- 0.0097, % updates: 60.308%
INFO:root:-- EPOCH 50 (1.903 seconds):
INFO:root:COST >> 1.2211 +/- 0.0127, % updates: 59.62%
INFO:root:-- EPOCH 51 (1.977 seconds):
INFO:root:COST >> 1.1935 +/- 0.0126, % updates: 58.755%
INFO:root:-- EPOCH 52 (2.023 seconds):
INFO:root:COST >> 1.1717 +/- 0.0091, % updates: 58.082%
INFO:root:-- EPOCH 53 (1.872 seconds):
INFO:root:COST >> 1.1492 +/- 0.0093, % updates: 57.561%
INFO:root:-- EPOCH 54 (1.677 seconds):
INFO:root:COST >> 1.1296 +/- 0.0116, % updates: 56.935%
INFO:root:-- EPOCH 55 (1.652 seconds):
INFO:root:COST >> 1.1046 +/- 0.0142, % updates: 56.467%
INFO:root:-- EPOCH 56 (1.681 seconds):
INFO:root:COST >> 1.0909 +/- 0.0091, % updates: 55.934%
INFO:root:-- EPOCH 57 (1.827 seconds):
INFO:root:COST >> 1.0694 +/- 0.0119, % updates: 55.238%
INFO:root:-- EPOCH 58 (2.139 seconds):
INFO:root:COST >> 1.049 +/- 0.0078, % updates: 54.423%
INFO:root:-- EPOCH 59 (1.932 seconds):
INFO:root:COST >> 1.0243 +/- 0.0085, % updates: 53.631%
INFO:root:-- EPOCH 60 (1.63 seconds):
INFO:root:COST >> 1.004 +/- 0.0105, % updates: 53.067%
INFO:root:-- EPOCH 61 (1.612 seconds):
INFO:root:COST >> 0.9869 +/- 0.0084, % updates: 52.565%
INFO:root:-- EPOCH 62 (1.74 seconds):
INFO:root:COST >> 0.9763 +/- 0.0075, % updates: 52.247%
INFO:root:-- EPOCH 63 (2.114 seconds):
INFO:root:COST >> 0.9577 +/- 0.0108, % updates: 51.838%
INFO:root:-- EPOCH 64 (2.177 seconds):
INFO:root:COST >> 0.9438 +/- 0.0113, % updates: 51.266%
INFO:root:-- EPOCH 65 (2.066 seconds):
INFO:root:COST >> 0.9279 +/- 0.0069, % updates: 50.848%
INFO:root:-- EPOCH 66 (1.631 seconds):
INFO:root:COST >> 0.9185 +/- 0.0074, % updates: 50.381%
INFO:root:-- EPOCH 67 (1.782 seconds):
INFO:root:COST >> 0.9087 +/- 0.0098, % updates: 49.957%
INFO:root:-- EPOCH 68 (1.772 seconds):
INFO:root:COST >> 0.8858 +/- 0.0103, % updates: 48.945%
INFO:root:-- EPOCH 69 (1.837 seconds):
INFO:root:COST >> 0.867 +/- 0.0079, % updates: 48.208%
INFO:root:-- EPOCH 70 (1.843 seconds):
INFO:root:COST >> 0.8553 +/- 0.0079, % updates: 47.61%
INFO:root:-- EPOCH 71 (1.714 seconds):
INFO:root:COST >> 0.8423 +/- 0.0057, % updates: 47.139%
INFO:root:-- EPOCH 72 (1.793 seconds):
INFO:root:COST >> 0.8363 +/- 0.0061, % updates: 46.876%
INFO:root:-- EPOCH 73 (1.803 seconds):
INFO:root:COST >> 0.8243 +/- 0.0081, % updates: 46.706%
INFO:root:-- EPOCH 74 (1.753 seconds):
INFO:root:COST >> 0.8118 +/- 0.0062, % updates: 46.291%
INFO:root:-- EPOCH 75 (1.752 seconds):
INFO:root:COST >> 0.7914 +/- 0.0054, % updates: 45.725%
INFO:root:-- EPOCH 76 (1.707 seconds):
INFO:root:COST >> 0.7792 +/- 0.005, % updates: 45.089%
INFO:root:-- EPOCH 77 (1.748 seconds):
INFO:root:COST >> 0.7741 +/- 0.0085, % updates: 44.815%
INFO:root:-- EPOCH 78 (1.697 seconds):
INFO:root:COST >> 0.7712 +/- 0.0064, % updates: 44.689%
INFO:root:-- EPOCH 79 (1.61 seconds):
INFO:root:COST >> 0.7654 +/- 0.0091, % updates: 44.165%
INFO:root:-- EPOCH 80 (1.558 seconds):
INFO:root:COST >> 0.7519 +/- 0.0092, % updates: 43.439%
INFO:root:-- EPOCH 81 (1.668 seconds):
INFO:root:COST >> 0.7382 +/- 0.0082, % updates: 42.798%
INFO:root:-- EPOCH 82 (1.576 seconds):
INFO:root:COST >> 0.7228 +/- 0.01, % updates: 42.299%
INFO:root:-- EPOCH 83 (1.615 seconds):
INFO:root:COST >> 0.7214 +/- 0.0035, % updates: 42.307%
INFO:root:-- EPOCH 84 (1.549 seconds):
INFO:root:COST >> 0.719 +/- 0.007, % updates: 42.239%
INFO:root:-- EPOCH 85 (1.81 seconds):
INFO:root:COST >> 0.7112 +/- 0.0078, % updates: 42.073%
INFO:root:-- EPOCH 86 (1.756 seconds):
INFO:root:COST >> 0.701 +/- 0.0051, % updates: 41.676%
INFO:root:-- EPOCH 87 (1.743 seconds):
INFO:root:COST >> 0.6946 +/- 0.0056, % updates: 41.466%
INFO:root:-- EPOCH 88 (1.713 seconds):
INFO:root:COST >> 0.6887 +/- 0.0076, % updates: 41.264%
INFO:root:-- EPOCH 89 (1.653 seconds):
INFO:root:COST >> 0.6824 +/- 0.009, % updates: 40.945%
INFO:root:-- EPOCH 90 (1.887 seconds):
INFO:root:COST >> 0.6745 +/- 0.0048, % updates: 40.447%
INFO:root:-- EPOCH 91 (1.809 seconds):
INFO:root:COST >> 0.6678 +/- 0.0083, % updates: 39.922%
INFO:root:-- EPOCH 92 (1.854 seconds):
INFO:root:COST >> 0.662 +/- 0.0064, % updates: 39.595%
INFO:root:-- EPOCH 93 (1.865 seconds):
INFO:root:COST >> 0.6617 +/- 0.0062, % updates: 39.478%
INFO:root:-- EPOCH 94 (1.662 seconds):
INFO:root:COST >> 0.659 +/- 0.003, % updates: 39.452%
INFO:root:-- EPOCH 95 (2.064 seconds):
INFO:root:COST >> 0.6537 +/- 0.0078, % updates: 39.336%
INFO:root:-- EPOCH 96 (1.744 seconds):
INFO:root:COST >> 0.6413 +/- 0.0096, % updates: 38.773%
INFO:root:-- EPOCH 97 (1.57 seconds):
INFO:root:COST >> 0.6296 +/- 0.0078, % updates: 38.634%
INFO:root:-- EPOCH 98 (1.672 seconds):
INFO:root:COST >> 0.6261 +/- 0.0067, % updates: 38.336%
INFO:root:-- EPOCH 99 (1.583 seconds):
INFO:root:COST >> 0.6297 +/- 0.0083, % updates: 38.627%
INFO:root:-- EPOCH 100 (1.544 seconds):
INFO:root:COST >> 0.6328 +/- 0.0041, % updates: 38.734%
