INFO:root:Shape for training set: (40961, 141442)
INFO:root:State: {'ndim': '20', 'test_all': 'None', 'test_path': 'None', 'nhid': '50', 'lremb': '0.001', 'seed': '0', 'simfn': 'L1', 'valid_path': 'None', 'nbatches': '10', 'lrparam': '0.001', 'decay': '0.5', 'show_hinton_diagrams': 'False', 'no_rescaling': 'True', 'Nrel': '18', 'ranking_score_right': 'False', 'Nent': '40961', 'Nsyn': '40943', 'method': 'MOMENTUM', 'loss_margin': '1.0', 'C': '1.0', 'epsilon': '1e-06', 'use_db': 'True', 'max_lr': 'None', 'l1_param_weight': 'None', 'filtered': 'False', 'name': 'wn_opt/wn_MOMENTUM_190', 'totepochs': '100', 'l2_param_weight': 'None', 'train_path': 'data/wn/WN-train.pkl', 'op': 'TransE'}
INFO:root:Starting the Experiment ..
INFO:root:-- EPOCH 1 (1.522 seconds):
INFO:root:COST >> 2.1 +/- 0.0655, % updates: 79.082%
INFO:root:-- EPOCH 2 (1.511 seconds):
INFO:root:COST >> 1.8555 +/- 0.0389, % updates: 74.135%
INFO:root:-- EPOCH 3 (1.525 seconds):
INFO:root:COST >> 1.6809 +/- 0.0227, % updates: 70.496%
INFO:root:-- EPOCH 4 (1.522 seconds):
INFO:root:COST >> 1.536 +/- 0.0171, % updates: 67.624%
INFO:root:-- EPOCH 5 (1.486 seconds):
INFO:root:COST >> 1.422 +/- 0.0223, % updates: 64.742%
INFO:root:-- EPOCH 6 (1.479 seconds):
INFO:root:COST >> 1.3175 +/- 0.0136, % updates: 62.255%
INFO:root:-- EPOCH 7 (1.503 seconds):
INFO:root:COST >> 1.2716 +/- 0.022, % updates: 60.557%
INFO:root:-- EPOCH 8 (1.522 seconds):
INFO:root:COST >> 1.2105 +/- 0.022, % updates: 58.724%
INFO:root:-- EPOCH 9 (1.511 seconds):
INFO:root:COST >> 1.149 +/- 0.0224, % updates: 56.792%
INFO:root:-- EPOCH 10 (1.496 seconds):
INFO:root:COST >> 1.1565 +/- 0.0225, % updates: 55.94%
INFO:root:-- EPOCH 11 (1.476 seconds):
INFO:root:COST >> 1.1276 +/- 0.0223, % updates: 54.716%
INFO:root:-- EPOCH 12 (1.483 seconds):
INFO:root:COST >> 1.0966 +/- 0.0253, % updates: 53.457%
INFO:root:-- EPOCH 13 (1.429 seconds):
INFO:root:COST >> 1.0767 +/- 0.0174, % updates: 52.712%
INFO:root:-- EPOCH 14 (1.367 seconds):
INFO:root:COST >> 1.0858 +/- 0.0297, % updates: 51.956%
INFO:root:-- EPOCH 15 (1.49 seconds):
INFO:root:COST >> 1.1357 +/- 0.0388, % updates: 52.407%
INFO:root:-- EPOCH 16 (1.459 seconds):
INFO:root:COST >> 1.1462 +/- 0.0319, % updates: 51.99%
INFO:root:-- EPOCH 17 (1.222 seconds):
INFO:root:COST >> 1.1598 +/- 0.0348, % updates: 51.788%
INFO:root:-- EPOCH 18 (1.491 seconds):
INFO:root:COST >> 1.2077 +/- 0.0214, % updates: 52.17%
INFO:root:-- EPOCH 19 (1.495 seconds):
INFO:root:COST >> 1.2292 +/- 0.0283, % updates: 52.133%
INFO:root:-- EPOCH 20 (1.483 seconds):
INFO:root:COST >> 1.2416 +/- 0.0185, % updates: 51.964%
INFO:root:-- EPOCH 21 (1.492 seconds):
INFO:root:COST >> 1.2248 +/- 0.0169, % updates: 51.658%
INFO:root:-- EPOCH 22 (1.5 seconds):
INFO:root:COST >> 1.2183 +/- 0.0146, % updates: 51.461%
INFO:root:-- EPOCH 23 (1.487 seconds):
INFO:root:COST >> 1.2035 +/- 0.0183, % updates: 51.045%
INFO:root:-- EPOCH 24 (1.476 seconds):
INFO:root:COST >> 1.1908 +/- 0.0101, % updates: 50.975%
INFO:root:-- EPOCH 25 (1.528 seconds):
INFO:root:COST >> 1.1835 +/- 0.0093, % updates: 50.465%
INFO:root:-- EPOCH 26 (1.519 seconds):
INFO:root:COST >> 1.1957 +/- 0.0085, % updates: 50.519%
INFO:root:-- EPOCH 27 (1.527 seconds):
INFO:root:COST >> 1.196 +/- 0.0139, % updates: 50.739%
INFO:root:-- EPOCH 28 (1.474 seconds):
INFO:root:COST >> 1.1888 +/- 0.0179, % updates: 50.624%
INFO:root:-- EPOCH 29 (1.475 seconds):
INFO:root:COST >> 1.1968 +/- 0.0125, % updates: 50.586%
INFO:root:-- EPOCH 30 (1.521 seconds):
INFO:root:COST >> 1.1912 +/- 0.0118, % updates: 50.14%
INFO:root:-- EPOCH 31 (1.484 seconds):
INFO:root:COST >> 1.1661 +/- 0.0099, % updates: 49.862%
INFO:root:-- EPOCH 32 (1.487 seconds):
INFO:root:COST >> 1.1464 +/- 0.0124, % updates: 49.575%
INFO:root:-- EPOCH 33 (1.491 seconds):
INFO:root:COST >> 1.1465 +/- 0.0107, % updates: 49.715%
INFO:root:-- EPOCH 34 (1.486 seconds):
INFO:root:COST >> 1.1341 +/- 0.0108, % updates: 49.593%
INFO:root:-- EPOCH 35 (1.524 seconds):
INFO:root:COST >> 1.117 +/- 0.0104, % updates: 49.236%
INFO:root:-- EPOCH 36 (1.507 seconds):
INFO:root:COST >> 1.121 +/- 0.0071, % updates: 49.551%
INFO:root:-- EPOCH 37 (1.5 seconds):
INFO:root:COST >> 1.1178 +/- 0.0118, % updates: 49.805%
INFO:root:-- EPOCH 38 (1.477 seconds):
INFO:root:COST >> 1.1065 +/- 0.0098, % updates: 49.73%
INFO:root:-- EPOCH 39 (1.487 seconds):
INFO:root:COST >> 1.0962 +/- 0.0112, % updates: 49.54%
INFO:root:-- EPOCH 40 (1.48 seconds):
INFO:root:COST >> 1.0825 +/- 0.0188, % updates: 49.187%
INFO:root:-- EPOCH 41 (1.486 seconds):
INFO:root:COST >> 1.0669 +/- 0.0063, % updates: 49.048%
INFO:root:-- EPOCH 42 (1.486 seconds):
INFO:root:COST >> 1.0705 +/- 0.0171, % updates: 48.983%
INFO:root:-- EPOCH 43 (1.474 seconds):
INFO:root:COST >> 1.0627 +/- 0.0139, % updates: 48.78%
INFO:root:-- EPOCH 44 (1.486 seconds):
INFO:root:COST >> 1.0641 +/- 0.0108, % updates: 48.972%
INFO:root:-- EPOCH 45 (1.475 seconds):
INFO:root:COST >> 1.0617 +/- 0.0085, % updates: 48.929%
INFO:root:-- EPOCH 46 (1.504 seconds):
INFO:root:COST >> 1.0586 +/- 0.0071, % updates: 48.88%
INFO:root:-- EPOCH 47 (1.488 seconds):
INFO:root:COST >> 1.0423 +/- 0.0109, % updates: 48.581%
INFO:root:-- EPOCH 48 (1.466 seconds):
INFO:root:COST >> 1.0439 +/- 0.0187, % updates: 48.619%
INFO:root:-- EPOCH 49 (1.527 seconds):
INFO:root:COST >> 1.0426 +/- 0.011, % updates: 49.014%
INFO:root:-- EPOCH 50 (1.497 seconds):
INFO:root:COST >> 1.0537 +/- 0.015, % updates: 48.914%
INFO:root:-- EPOCH 51 (1.676 seconds):
INFO:root:COST >> 1.0476 +/- 0.0094, % updates: 49.092%
INFO:root:-- EPOCH 52 (1.929 seconds):
INFO:root:COST >> 1.0443 +/- 0.0185, % updates: 49.019%
INFO:root:-- EPOCH 53 (1.911 seconds):
INFO:root:COST >> 1.0357 +/- 0.0156, % updates: 48.951%
INFO:root:-- EPOCH 54 (1.905 seconds):
INFO:root:COST >> 1.0373 +/- 0.0143, % updates: 49.05%
INFO:root:-- EPOCH 55 (1.877 seconds):
INFO:root:COST >> 1.0318 +/- 0.0103, % updates: 49.021%
INFO:root:-- EPOCH 56 (1.897 seconds):
INFO:root:COST >> 1.0327 +/- 0.0108, % updates: 48.915%
INFO:root:-- EPOCH 57 (1.911 seconds):
INFO:root:COST >> 1.0282 +/- 0.0099, % updates: 48.872%
INFO:root:-- EPOCH 58 (1.882 seconds):
INFO:root:COST >> 1.028 +/- 0.0127, % updates: 49.048%
INFO:root:-- EPOCH 59 (1.886 seconds):
INFO:root:COST >> 1.0158 +/- 0.014, % updates: 48.715%
INFO:root:-- EPOCH 60 (1.89 seconds):
INFO:root:COST >> 1.0273 +/- 0.0198, % updates: 48.895%
INFO:root:-- EPOCH 61 (1.863 seconds):
INFO:root:COST >> 1.0296 +/- 0.0117, % updates: 49.153%
INFO:root:-- EPOCH 62 (1.966 seconds):
INFO:root:COST >> 1.0235 +/- 0.0112, % updates: 48.997%
INFO:root:-- EPOCH 63 (1.992 seconds):
INFO:root:COST >> 1.0215 +/- 0.0095, % updates: 49.02%
INFO:root:-- EPOCH 64 (1.922 seconds):
INFO:root:COST >> 1.0217 +/- 0.0123, % updates: 48.91%
INFO:root:-- EPOCH 65 (1.959 seconds):
INFO:root:COST >> 1.0187 +/- 0.0124, % updates: 48.894%
INFO:root:-- EPOCH 66 (1.688 seconds):
INFO:root:COST >> 1.0075 +/- 0.0134, % updates: 48.59%
INFO:root:-- EPOCH 67 (1.508 seconds):
INFO:root:COST >> 1.0072 +/- 0.0115, % updates: 48.643%
INFO:root:-- EPOCH 68 (1.45 seconds):
INFO:root:COST >> 1.0079 +/- 0.0122, % updates: 48.623%
INFO:root:-- EPOCH 69 (1.48 seconds):
INFO:root:COST >> 1.0053 +/- 0.0136, % updates: 48.498%
INFO:root:-- EPOCH 70 (1.514 seconds):
INFO:root:COST >> 1.0061 +/- 0.0187, % updates: 48.537%
INFO:root:-- EPOCH 71 (1.479 seconds):
INFO:root:COST >> 1.0188 +/- 0.0087, % updates: 48.79%
INFO:root:-- EPOCH 72 (1.48 seconds):
INFO:root:COST >> 1.0162 +/- 0.0082, % updates: 48.771%
INFO:root:-- EPOCH 73 (1.499 seconds):
INFO:root:COST >> 1.0158 +/- 0.0133, % updates: 49.005%
INFO:root:-- EPOCH 74 (1.526 seconds):
INFO:root:COST >> 1.0147 +/- 0.0107, % updates: 48.737%
INFO:root:-- EPOCH 75 (1.498 seconds):
INFO:root:COST >> 1.0111 +/- 0.0152, % updates: 48.728%
INFO:root:-- EPOCH 76 (1.543 seconds):
INFO:root:COST >> 1.0117 +/- 0.0129, % updates: 48.798%
INFO:root:-- EPOCH 77 (1.484 seconds):
INFO:root:COST >> 1.009 +/- 0.0081, % updates: 48.727%
INFO:root:-- EPOCH 78 (1.459 seconds):
INFO:root:COST >> 1.008 +/- 0.0136, % updates: 48.666%
INFO:root:-- EPOCH 79 (1.501 seconds):
INFO:root:COST >> 1.0072 +/- 0.008, % updates: 48.614%
INFO:root:-- EPOCH 80 (1.482 seconds):
INFO:root:COST >> 1.0024 +/- 0.009, % updates: 48.336%
INFO:root:-- EPOCH 81 (1.461 seconds):
INFO:root:COST >> 0.9991 +/- 0.0128, % updates: 48.103%
INFO:root:-- EPOCH 82 (1.463 seconds):
INFO:root:COST >> 1.0022 +/- 0.0144, % updates: 48.455%
INFO:root:-- EPOCH 83 (1.491 seconds):
INFO:root:COST >> 1.0047 +/- 0.0128, % updates: 48.448%
INFO:root:-- EPOCH 84 (1.483 seconds):
INFO:root:COST >> 1.0059 +/- 0.0073, % updates: 48.67%
INFO:root:-- EPOCH 85 (1.469 seconds):
INFO:root:COST >> 1.0047 +/- 0.0127, % updates: 48.589%
INFO:root:-- EPOCH 86 (1.529 seconds):
INFO:root:COST >> 1.0019 +/- 0.0109, % updates: 48.528%
INFO:root:-- EPOCH 87 (1.48 seconds):
INFO:root:COST >> 0.999 +/- 0.0079, % updates: 48.515%
INFO:root:-- EPOCH 88 (1.476 seconds):
INFO:root:COST >> 0.9998 +/- 0.0121, % updates: 48.534%
INFO:root:-- EPOCH 89 (1.492 seconds):
INFO:root:COST >> 1.0005 +/- 0.0106, % updates: 48.538%
INFO:root:-- EPOCH 90 (1.488 seconds):
INFO:root:COST >> 0.9949 +/- 0.0081, % updates: 48.486%
INFO:root:-- EPOCH 91 (1.509 seconds):
INFO:root:COST >> 0.999 +/- 0.0123, % updates: 48.588%
INFO:root:-- EPOCH 92 (1.457 seconds):
INFO:root:COST >> 0.9936 +/- 0.0048, % updates: 48.382%
INFO:root:-- EPOCH 93 (1.499 seconds):
INFO:root:COST >> 0.9932 +/- 0.0102, % updates: 48.508%
INFO:root:-- EPOCH 94 (1.48 seconds):
INFO:root:COST >> 0.9923 +/- 0.0146, % updates: 48.485%
INFO:root:-- EPOCH 95 (1.453 seconds):
INFO:root:COST >> 0.9913 +/- 0.0144, % updates: 48.335%
INFO:root:-- EPOCH 96 (1.526 seconds):
INFO:root:COST >> 0.9938 +/- 0.0073, % updates: 48.41%
INFO:root:-- EPOCH 97 (1.502 seconds):
INFO:root:COST >> 0.9971 +/- 0.0118, % updates: 48.429%
INFO:root:-- EPOCH 98 (1.46 seconds):
INFO:root:COST >> 0.9969 +/- 0.0084, % updates: 48.352%
INFO:root:-- EPOCH 99 (1.515 seconds):
INFO:root:COST >> 0.9963 +/- 0.012, % updates: 48.365%
INFO:root:-- EPOCH 100 (1.481 seconds):
INFO:root:COST >> 0.9935 +/- 0.0111, % updates: 48.272%
