INFO:root:Shape for training set: (40961, 141442)
INFO:root:State: {'ndim': '20', 'test_all': 'None', 'test_path': 'None', 'nhid': '50', 'lremb': '0.01', 'seed': '1', 'simfn': 'L1', 'valid_path': 'None', 'nbatches': '10', 'lrparam': '0.01', 'decay': '0.9999', 'show_hinton_diagrams': 'False', 'no_rescaling': 'True', 'Nrel': '18', 'ranking_score_right': 'False', 'Nent': '40961', 'Nsyn': '40943', 'method': 'MOMENTUM', 'loss_margin': '1.0', 'C': '1.0', 'epsilon': '1e-06', 'use_db': 'True', 'max_lr': 'None', 'l1_param_weight': 'None', 'filtered': 'False', 'name': 'wn_opt/wn_MOMENTUM_201', 'totepochs': '100', 'l2_param_weight': 'None', 'train_path': 'data/wn/WN-train.pkl', 'op': 'TransE'}
INFO:root:Starting the Experiment ..
INFO:root:-- EPOCH 1 (1.528 seconds):
INFO:root:COST >> 2.0984 +/- 0.1075, % updates: 69.008%
INFO:root:-- EPOCH 2 (1.496 seconds):
INFO:root:COST >> 1.7944 +/- 0.1082, % updates: 52.215%
INFO:root:-- EPOCH 3 (1.514 seconds):
INFO:root:COST >> 1.7519 +/- 0.0787, % updates: 47.73%
INFO:root:-- EPOCH 4 (1.896 seconds):
INFO:root:COST >> 1.7065 +/- 0.084, % updates: 46.521%
INFO:root:-- EPOCH 5 (1.938 seconds):
INFO:root:COST >> 1.697 +/- 0.098, % updates: 46.35%
INFO:root:-- EPOCH 6 (1.889 seconds):
INFO:root:COST >> 1.6767 +/- 0.0922, % updates: 45.912%
INFO:root:-- EPOCH 7 (1.883 seconds):
INFO:root:COST >> 1.6678 +/- 0.0925, % updates: 45.866%
INFO:root:-- EPOCH 8 (1.928 seconds):
INFO:root:COST >> 1.6615 +/- 0.0886, % updates: 45.607%
INFO:root:-- EPOCH 9 (1.932 seconds):
INFO:root:COST >> 1.6608 +/- 0.1016, % updates: 45.79%
INFO:root:-- EPOCH 10 (1.952 seconds):
INFO:root:COST >> 1.6588 +/- 0.089, % updates: 45.638%
INFO:root:-- EPOCH 11 (1.902 seconds):
INFO:root:COST >> 1.6482 +/- 0.0883, % updates: 45.594%
INFO:root:-- EPOCH 12 (1.968 seconds):
INFO:root:COST >> 1.6414 +/- 0.09, % updates: 45.533%
INFO:root:-- EPOCH 13 (1.961 seconds):
INFO:root:COST >> 1.6402 +/- 0.09, % updates: 45.449%
INFO:root:-- EPOCH 14 (1.878 seconds):
INFO:root:COST >> 1.6363 +/- 0.0907, % updates: 45.463%
INFO:root:-- EPOCH 15 (1.943 seconds):
INFO:root:COST >> 1.6273 +/- 0.0869, % updates: 45.365%
INFO:root:-- EPOCH 16 (1.885 seconds):
INFO:root:COST >> 1.6358 +/- 0.0999, % updates: 45.438%
INFO:root:-- EPOCH 17 (1.9 seconds):
INFO:root:COST >> 1.6306 +/- 0.099, % updates: 45.424%
INFO:root:-- EPOCH 18 (1.883 seconds):
INFO:root:COST >> 1.6278 +/- 0.0933, % updates: 45.538%
INFO:root:-- EPOCH 19 (1.907 seconds):
INFO:root:COST >> 1.6192 +/- 0.0909, % updates: 45.319%
INFO:root:-- EPOCH 20 (1.873 seconds):
INFO:root:COST >> 1.6287 +/- 0.0844, % updates: 45.405%
INFO:root:-- EPOCH 21 (1.909 seconds):
INFO:root:COST >> 1.6206 +/- 0.0935, % updates: 45.345%
INFO:root:-- EPOCH 22 (1.937 seconds):
INFO:root:COST >> 1.6237 +/- 0.0932, % updates: 45.416%
INFO:root:-- EPOCH 23 (1.928 seconds):
INFO:root:COST >> 1.6167 +/- 0.0877, % updates: 45.396%
INFO:root:-- EPOCH 24 (1.903 seconds):
INFO:root:COST >> 1.6182 +/- 0.094, % updates: 45.319%
INFO:root:-- EPOCH 25 (1.902 seconds):
INFO:root:COST >> 1.613 +/- 0.0931, % updates: 45.323%
INFO:root:-- EPOCH 26 (1.931 seconds):
INFO:root:COST >> 1.615 +/- 0.0869, % updates: 45.29%
INFO:root:-- EPOCH 27 (1.894 seconds):
INFO:root:COST >> 1.6142 +/- 0.0967, % updates: 45.382%
INFO:root:-- EPOCH 28 (1.901 seconds):
INFO:root:COST >> 1.6093 +/- 0.0986, % updates: 45.371%
INFO:root:-- EPOCH 29 (1.9 seconds):
INFO:root:COST >> 1.6123 +/- 0.0946, % updates: 45.451%
INFO:root:-- EPOCH 30 (1.956 seconds):
INFO:root:COST >> 1.6162 +/- 0.0914, % updates: 45.481%
INFO:root:-- EPOCH 31 (1.894 seconds):
INFO:root:COST >> 1.6065 +/- 0.09, % updates: 45.395%
INFO:root:-- EPOCH 32 (1.913 seconds):
INFO:root:COST >> 1.6067 +/- 0.0882, % updates: 45.455%
INFO:root:-- EPOCH 33 (1.895 seconds):
INFO:root:COST >> 1.6068 +/- 0.0891, % updates: 45.381%
INFO:root:-- EPOCH 34 (1.91 seconds):
INFO:root:COST >> 1.6048 +/- 0.0975, % updates: 45.316%
INFO:root:-- EPOCH 35 (1.905 seconds):
INFO:root:COST >> 1.6034 +/- 0.0887, % updates: 45.344%
INFO:root:-- EPOCH 36 (1.895 seconds):
INFO:root:COST >> 1.6058 +/- 0.0943, % updates: 45.356%
INFO:root:-- EPOCH 37 (1.942 seconds):
INFO:root:COST >> 1.6031 +/- 0.0925, % updates: 45.531%
INFO:root:-- EPOCH 38 (1.888 seconds):
INFO:root:COST >> 1.6097 +/- 0.0978, % updates: 45.497%
INFO:root:-- EPOCH 39 (1.955 seconds):
INFO:root:COST >> 1.5994 +/- 0.0883, % updates: 45.318%
INFO:root:-- EPOCH 40 (1.938 seconds):
INFO:root:COST >> 1.5999 +/- 0.0912, % updates: 45.429%
INFO:root:-- EPOCH 41 (1.891 seconds):
INFO:root:COST >> 1.5993 +/- 0.0936, % updates: 45.463%
INFO:root:-- EPOCH 42 (1.929 seconds):
INFO:root:COST >> 1.5993 +/- 0.0911, % updates: 45.373%
INFO:root:-- EPOCH 43 (1.926 seconds):
INFO:root:COST >> 1.5929 +/- 0.0879, % updates: 45.31%
INFO:root:-- EPOCH 44 (1.922 seconds):
INFO:root:COST >> 1.5954 +/- 0.0924, % updates: 45.408%
INFO:root:-- EPOCH 45 (1.902 seconds):
INFO:root:COST >> 1.5872 +/- 0.0926, % updates: 45.288%
INFO:root:-- EPOCH 46 (1.885 seconds):
INFO:root:COST >> 1.5948 +/- 0.091, % updates: 45.377%
INFO:root:-- EPOCH 47 (1.95 seconds):
INFO:root:COST >> 1.5944 +/- 0.0945, % updates: 45.389%
INFO:root:-- EPOCH 48 (1.924 seconds):
INFO:root:COST >> 1.5938 +/- 0.0949, % updates: 45.233%
INFO:root:-- EPOCH 49 (1.946 seconds):
INFO:root:COST >> 1.5909 +/- 0.0937, % updates: 45.302%
INFO:root:-- EPOCH 50 (1.962 seconds):
INFO:root:COST >> 1.596 +/- 0.088, % updates: 45.538%
INFO:root:-- EPOCH 51 (1.899 seconds):
INFO:root:COST >> 1.5938 +/- 0.0881, % updates: 45.455%
INFO:root:-- EPOCH 52 (1.889 seconds):
INFO:root:COST >> 1.5867 +/- 0.0956, % updates: 45.258%
INFO:root:-- EPOCH 53 (1.891 seconds):
INFO:root:COST >> 1.5895 +/- 0.0833, % updates: 45.35%
INFO:root:-- EPOCH 54 (1.944 seconds):
INFO:root:COST >> 1.5905 +/- 0.0902, % updates: 45.427%
INFO:root:-- EPOCH 55 (1.906 seconds):
INFO:root:COST >> 1.5902 +/- 0.0911, % updates: 45.352%
INFO:root:-- EPOCH 56 (1.899 seconds):
INFO:root:COST >> 1.5857 +/- 0.0916, % updates: 45.262%
INFO:root:-- EPOCH 57 (1.907 seconds):
INFO:root:COST >> 1.5855 +/- 0.0877, % updates: 45.356%
INFO:root:-- EPOCH 58 (1.92 seconds):
INFO:root:COST >> 1.5883 +/- 0.0929, % updates: 45.355%
INFO:root:-- EPOCH 59 (1.912 seconds):
INFO:root:COST >> 1.592 +/- 0.0902, % updates: 45.324%
INFO:root:-- EPOCH 60 (1.919 seconds):
INFO:root:COST >> 1.5896 +/- 0.0926, % updates: 45.485%
INFO:root:-- EPOCH 61 (1.911 seconds):
INFO:root:COST >> 1.5874 +/- 0.0923, % updates: 45.358%
INFO:root:-- EPOCH 62 (1.926 seconds):
INFO:root:COST >> 1.588 +/- 0.0874, % updates: 45.303%
INFO:root:-- EPOCH 63 (1.88 seconds):
INFO:root:COST >> 1.5883 +/- 0.0891, % updates: 45.492%
INFO:root:-- EPOCH 64 (1.935 seconds):
INFO:root:COST >> 1.5919 +/- 0.1001, % updates: 45.474%
INFO:root:-- EPOCH 65 (1.911 seconds):
INFO:root:COST >> 1.5864 +/- 0.0853, % updates: 45.454%
INFO:root:-- EPOCH 66 (1.918 seconds):
INFO:root:COST >> 1.5845 +/- 0.0874, % updates: 45.438%
INFO:root:-- EPOCH 67 (1.886 seconds):
INFO:root:COST >> 1.5796 +/- 0.0937, % updates: 45.31%
INFO:root:-- EPOCH 68 (1.919 seconds):
INFO:root:COST >> 1.5813 +/- 0.089, % updates: 45.32%
INFO:root:-- EPOCH 69 (1.892 seconds):
INFO:root:COST >> 1.5804 +/- 0.0956, % updates: 45.375%
INFO:root:-- EPOCH 70 (1.925 seconds):
INFO:root:COST >> 1.5849 +/- 0.0924, % updates: 45.485%
INFO:root:-- EPOCH 71 (1.909 seconds):
INFO:root:COST >> 1.5838 +/- 0.0895, % updates: 45.426%
INFO:root:-- EPOCH 72 (1.879 seconds):
INFO:root:COST >> 1.5804 +/- 0.0989, % updates: 45.266%
INFO:root:-- EPOCH 73 (1.897 seconds):
INFO:root:COST >> 1.5823 +/- 0.0902, % updates: 45.448%
INFO:root:-- EPOCH 74 (1.941 seconds):
INFO:root:COST >> 1.5834 +/- 0.0839, % updates: 45.503%
INFO:root:-- EPOCH 75 (1.912 seconds):
INFO:root:COST >> 1.5775 +/- 0.0849, % updates: 45.366%
INFO:root:-- EPOCH 76 (1.946 seconds):
INFO:root:COST >> 1.577 +/- 0.0936, % updates: 45.245%
INFO:root:-- EPOCH 77 (1.929 seconds):
INFO:root:COST >> 1.5788 +/- 0.0953, % updates: 45.272%
INFO:root:-- EPOCH 78 (1.957 seconds):
INFO:root:COST >> 1.5845 +/- 0.0959, % updates: 45.478%
INFO:root:-- EPOCH 79 (1.933 seconds):
INFO:root:COST >> 1.5816 +/- 0.0906, % updates: 45.312%
INFO:root:-- EPOCH 80 (1.9 seconds):
INFO:root:COST >> 1.5782 +/- 0.0954, % updates: 45.291%
INFO:root:-- EPOCH 81 (1.897 seconds):
INFO:root:COST >> 1.5765 +/- 0.0901, % updates: 45.425%
INFO:root:-- EPOCH 82 (1.929 seconds):
INFO:root:COST >> 1.5846 +/- 0.0942, % updates: 45.391%
INFO:root:-- EPOCH 83 (1.928 seconds):
INFO:root:COST >> 1.5788 +/- 0.0937, % updates: 45.493%
INFO:root:-- EPOCH 84 (1.224 seconds):
INFO:root:COST >> 1.5824 +/- 0.0877, % updates: 45.453%
INFO:root:-- EPOCH 85 (1.099 seconds):
INFO:root:COST >> 1.5806 +/- 0.0847, % updates: 45.379%
INFO:root:-- EPOCH 86 (1.18 seconds):
INFO:root:COST >> 1.579 +/- 0.085, % updates: 45.43%
INFO:root:-- EPOCH 87 (1.179 seconds):
INFO:root:COST >> 1.5773 +/- 0.0948, % updates: 45.374%
INFO:root:-- EPOCH 88 (1.483 seconds):
INFO:root:COST >> 1.5753 +/- 0.0884, % updates: 45.468%
INFO:root:-- EPOCH 89 (1.517 seconds):
INFO:root:COST >> 1.5785 +/- 0.0944, % updates: 45.528%
INFO:root:-- EPOCH 90 (1.485 seconds):
INFO:root:COST >> 1.5759 +/- 0.0862, % updates: 45.388%
INFO:root:-- EPOCH 91 (1.523 seconds):
INFO:root:COST >> 1.5829 +/- 0.0971, % updates: 45.485%
INFO:root:-- EPOCH 92 (1.486 seconds):
INFO:root:COST >> 1.5796 +/- 0.092, % updates: 45.352%
INFO:root:-- EPOCH 93 (1.499 seconds):
INFO:root:COST >> 1.5742 +/- 0.0833, % updates: 45.378%
INFO:root:-- EPOCH 94 (1.484 seconds):
INFO:root:COST >> 1.574 +/- 0.0887, % updates: 45.464%
INFO:root:-- EPOCH 95 (1.492 seconds):
INFO:root:COST >> 1.5748 +/- 0.0899, % updates: 45.451%
INFO:root:-- EPOCH 96 (1.469 seconds):
INFO:root:COST >> 1.5788 +/- 0.0839, % updates: 45.319%
INFO:root:-- EPOCH 97 (1.488 seconds):
INFO:root:COST >> 1.5765 +/- 0.0907, % updates: 45.481%
INFO:root:-- EPOCH 98 (1.528 seconds):
INFO:root:COST >> 1.5788 +/- 0.0868, % updates: 45.474%
INFO:root:-- EPOCH 99 (1.493 seconds):
INFO:root:COST >> 1.5744 +/- 0.0926, % updates: 45.5%
INFO:root:-- EPOCH 100 (1.53 seconds):
INFO:root:COST >> 1.5703 +/- 0.0893, % updates: 45.386%
