INFO:root:Shape for training set: (40961, 141442)
INFO:root:State: {'ndim': '20', 'test_all': 'None', 'test_path': 'None', 'nhid': '50', 'lremb': '0.001', 'seed': '1', 'simfn': 'L1', 'valid_path': 'None', 'nbatches': '10', 'lrparam': '0.001', 'decay': '0.999', 'show_hinton_diagrams': 'False', 'no_rescaling': 'True', 'Nrel': '18', 'ranking_score_right': 'False', 'Nent': '40961', 'Nsyn': '40943', 'method': 'MOMENTUM', 'loss_margin': '1.0', 'C': '1.0', 'epsilon': '1e-06', 'use_db': 'True', 'max_lr': 'None', 'l1_param_weight': 'None', 'filtered': 'False', 'name': 'wn_opt/wn_MOMENTUM_161', 'totepochs': '100', 'l2_param_weight': 'None', 'train_path': 'data/wn/WN-train.pkl', 'op': 'TransE'}
INFO:root:Starting the Experiment ..
INFO:root:-- EPOCH 1 (1.499 seconds):
INFO:root:COST >> 2.0923 +/- 0.0808, % updates: 76.459%
INFO:root:-- EPOCH 2 (1.49 seconds):
INFO:root:COST >> 1.6797 +/- 0.0951, % updates: 63.025%
INFO:root:-- EPOCH 3 (1.492 seconds):
INFO:root:COST >> 1.4065 +/- 0.0287, % updates: 54.71%
INFO:root:-- EPOCH 4 (1.472 seconds):
INFO:root:COST >> 1.3598 +/- 0.0233, % updates: 51.232%
INFO:root:-- EPOCH 5 (1.519 seconds):
INFO:root:COST >> 1.4024 +/- 0.0374, % updates: 49.463%
INFO:root:-- EPOCH 6 (1.507 seconds):
INFO:root:COST >> 1.3874 +/- 0.0123, % updates: 48.629%
INFO:root:-- EPOCH 7 (1.475 seconds):
INFO:root:COST >> 1.3536 +/- 0.0175, % updates: 48.132%
INFO:root:-- EPOCH 8 (1.523 seconds):
INFO:root:COST >> 1.3228 +/- 0.0134, % updates: 48.007%
INFO:root:-- EPOCH 9 (1.482 seconds):
INFO:root:COST >> 1.332 +/- 0.0163, % updates: 48.401%
INFO:root:-- EPOCH 10 (1.54 seconds):
INFO:root:COST >> 1.3207 +/- 0.0163, % updates: 48.342%
INFO:root:-- EPOCH 11 (1.496 seconds):
INFO:root:COST >> 1.2935 +/- 0.0148, % updates: 48.367%
INFO:root:-- EPOCH 12 (1.514 seconds):
INFO:root:COST >> 1.2899 +/- 0.0162, % updates: 48.738%
INFO:root:-- EPOCH 13 (1.536 seconds):
INFO:root:COST >> 1.3021 +/- 0.022, % updates: 48.942%
INFO:root:-- EPOCH 14 (1.503 seconds):
INFO:root:COST >> 1.2943 +/- 0.0172, % updates: 48.857%
INFO:root:-- EPOCH 15 (1.523 seconds):
INFO:root:COST >> 1.2913 +/- 0.0173, % updates: 48.777%
INFO:root:-- EPOCH 16 (1.521 seconds):
INFO:root:COST >> 1.2968 +/- 0.0218, % updates: 48.688%
INFO:root:-- EPOCH 17 (1.516 seconds):
INFO:root:COST >> 1.2916 +/- 0.0227, % updates: 48.666%
INFO:root:-- EPOCH 18 (1.523 seconds):
INFO:root:COST >> 1.2896 +/- 0.0205, % updates: 48.664%
INFO:root:-- EPOCH 19 (1.503 seconds):
INFO:root:COST >> 1.2779 +/- 0.0205, % updates: 48.449%
INFO:root:-- EPOCH 20 (1.495 seconds):
INFO:root:COST >> 1.2818 +/- 0.0163, % updates: 48.453%
INFO:root:-- EPOCH 21 (1.519 seconds):
INFO:root:COST >> 1.2805 +/- 0.0216, % updates: 48.588%
INFO:root:-- EPOCH 22 (1.513 seconds):
INFO:root:COST >> 1.2854 +/- 0.0188, % updates: 48.501%
INFO:root:-- EPOCH 23 (1.485 seconds):
INFO:root:COST >> 1.2798 +/- 0.019, % updates: 48.453%
INFO:root:-- EPOCH 24 (1.465 seconds):
INFO:root:COST >> 1.2797 +/- 0.019, % updates: 48.38%
INFO:root:-- EPOCH 25 (1.494 seconds):
INFO:root:COST >> 1.2799 +/- 0.0215, % updates: 48.294%
INFO:root:-- EPOCH 26 (1.462 seconds):
INFO:root:COST >> 1.2776 +/- 0.018, % updates: 48.241%
INFO:root:-- EPOCH 27 (1.517 seconds):
INFO:root:COST >> 1.2873 +/- 0.019, % updates: 48.444%
INFO:root:-- EPOCH 28 (1.469 seconds):
INFO:root:COST >> 1.2884 +/- 0.0257, % updates: 48.352%
INFO:root:-- EPOCH 29 (1.508 seconds):
INFO:root:COST >> 1.2919 +/- 0.0174, % updates: 48.375%
INFO:root:-- EPOCH 30 (1.477 seconds):
INFO:root:COST >> 1.2895 +/- 0.0145, % updates: 48.397%
INFO:root:-- EPOCH 31 (1.488 seconds):
INFO:root:COST >> 1.2849 +/- 0.019, % updates: 48.308%
INFO:root:-- EPOCH 32 (1.502 seconds):
INFO:root:COST >> 1.2886 +/- 0.0157, % updates: 48.17%
INFO:root:-- EPOCH 33 (1.477 seconds):
INFO:root:COST >> 1.2878 +/- 0.0176, % updates: 48.205%
INFO:root:-- EPOCH 34 (1.485 seconds):
INFO:root:COST >> 1.2847 +/- 0.0269, % updates: 48.039%
INFO:root:-- EPOCH 35 (1.498 seconds):
INFO:root:COST >> 1.287 +/- 0.0212, % updates: 48.161%
INFO:root:-- EPOCH 36 (1.518 seconds):
INFO:root:COST >> 1.2905 +/- 0.0199, % updates: 48.076%
INFO:root:-- EPOCH 37 (1.514 seconds):
INFO:root:COST >> 1.2902 +/- 0.0196, % updates: 48.069%
INFO:root:-- EPOCH 38 (1.492 seconds):
INFO:root:COST >> 1.2934 +/- 0.0225, % updates: 48.139%
INFO:root:-- EPOCH 39 (1.547 seconds):
INFO:root:COST >> 1.2961 +/- 0.0163, % updates: 47.949%
INFO:root:-- EPOCH 40 (1.492 seconds):
INFO:root:COST >> 1.2921 +/- 0.0182, % updates: 47.89%
INFO:root:-- EPOCH 41 (1.489 seconds):
INFO:root:COST >> 1.289 +/- 0.0229, % updates: 47.738%
INFO:root:-- EPOCH 42 (1.492 seconds):
INFO:root:COST >> 1.2947 +/- 0.0212, % updates: 47.803%
INFO:root:-- EPOCH 43 (1.491 seconds):
INFO:root:COST >> 1.2964 +/- 0.0167, % updates: 47.796%
INFO:root:-- EPOCH 44 (1.483 seconds):
INFO:root:COST >> 1.3022 +/- 0.0139, % updates: 48.01%
INFO:root:-- EPOCH 45 (1.487 seconds):
INFO:root:COST >> 1.2977 +/- 0.0221, % updates: 47.679%
INFO:root:-- EPOCH 46 (1.495 seconds):
INFO:root:COST >> 1.3046 +/- 0.0255, % updates: 47.741%
INFO:root:-- EPOCH 47 (1.535 seconds):
INFO:root:COST >> 1.3083 +/- 0.0234, % updates: 47.674%
INFO:root:-- EPOCH 48 (1.476 seconds):
INFO:root:COST >> 1.3058 +/- 0.0219, % updates: 47.61%
INFO:root:-- EPOCH 49 (1.51 seconds):
INFO:root:COST >> 1.3064 +/- 0.026, % updates: 47.648%
INFO:root:-- EPOCH 50 (1.491 seconds):
INFO:root:COST >> 1.3103 +/- 0.017, % updates: 47.534%
INFO:root:-- EPOCH 51 (1.502 seconds):
INFO:root:COST >> 1.3081 +/- 0.0171, % updates: 47.565%
INFO:root:-- EPOCH 52 (1.485 seconds):
INFO:root:COST >> 1.3073 +/- 0.0223, % updates: 47.341%
INFO:root:-- EPOCH 53 (1.495 seconds):
INFO:root:COST >> 1.3092 +/- 0.0167, % updates: 47.406%
INFO:root:-- EPOCH 54 (1.494 seconds):
INFO:root:COST >> 1.313 +/- 0.0163, % updates: 47.429%
INFO:root:-- EPOCH 55 (1.487 seconds):
INFO:root:COST >> 1.3136 +/- 0.0176, % updates: 47.425%
INFO:root:-- EPOCH 56 (1.534 seconds):
INFO:root:COST >> 1.3144 +/- 0.0214, % updates: 47.265%
INFO:root:-- EPOCH 57 (1.527 seconds):
INFO:root:COST >> 1.3161 +/- 0.0174, % updates: 47.354%
INFO:root:-- EPOCH 58 (1.509 seconds):
INFO:root:COST >> 1.3198 +/- 0.0178, % updates: 47.151%
INFO:root:-- EPOCH 59 (1.494 seconds):
INFO:root:COST >> 1.3238 +/- 0.0144, % updates: 47.395%
INFO:root:-- EPOCH 60 (1.485 seconds):
INFO:root:COST >> 1.3258 +/- 0.017, % updates: 47.428%
INFO:root:-- EPOCH 61 (1.5 seconds):
INFO:root:COST >> 1.3239 +/- 0.0167, % updates: 47.344%
INFO:root:-- EPOCH 62 (1.493 seconds):
INFO:root:COST >> 1.3262 +/- 0.0174, % updates: 47.303%
INFO:root:-- EPOCH 63 (1.514 seconds):
INFO:root:COST >> 1.3269 +/- 0.0207, % updates: 47.27%
INFO:root:-- EPOCH 64 (1.503 seconds):
INFO:root:COST >> 1.3283 +/- 0.0244, % updates: 47.241%
INFO:root:-- EPOCH 65 (1.495 seconds):
INFO:root:COST >> 1.3295 +/- 0.0154, % updates: 47.198%
INFO:root:-- EPOCH 66 (1.501 seconds):
INFO:root:COST >> 1.3283 +/- 0.0196, % updates: 47.162%
INFO:root:-- EPOCH 67 (1.492 seconds):
INFO:root:COST >> 1.3291 +/- 0.0214, % updates: 46.982%
INFO:root:-- EPOCH 68 (1.509 seconds):
INFO:root:COST >> 1.3251 +/- 0.0182, % updates: 46.846%
INFO:root:-- EPOCH 69 (1.484 seconds):
INFO:root:COST >> 1.3302 +/- 0.0212, % updates: 47.026%
INFO:root:-- EPOCH 70 (1.545 seconds):
INFO:root:COST >> 1.3352 +/- 0.0181, % updates: 46.967%
INFO:root:-- EPOCH 71 (1.495 seconds):
INFO:root:COST >> 1.3341 +/- 0.0136, % updates: 46.926%
INFO:root:-- EPOCH 72 (1.483 seconds):
INFO:root:COST >> 1.3374 +/- 0.0223, % updates: 46.92%
INFO:root:-- EPOCH 73 (1.468 seconds):
INFO:root:COST >> 1.3348 +/- 0.0191, % updates: 46.92%
INFO:root:-- EPOCH 74 (1.485 seconds):
INFO:root:COST >> 1.3398 +/- 0.0116, % updates: 46.885%
INFO:root:-- EPOCH 75 (1.539 seconds):
INFO:root:COST >> 1.3381 +/- 0.0176, % updates: 46.822%
INFO:root:-- EPOCH 76 (1.503 seconds):
INFO:root:COST >> 1.3386 +/- 0.0205, % updates: 46.839%
INFO:root:-- EPOCH 77 (1.514 seconds):
INFO:root:COST >> 1.3419 +/- 0.0243, % updates: 46.826%
INFO:root:-- EPOCH 78 (1.504 seconds):
INFO:root:COST >> 1.3385 +/- 0.0192, % updates: 46.765%
INFO:root:-- EPOCH 79 (1.5 seconds):
INFO:root:COST >> 1.3391 +/- 0.0158, % updates: 46.596%
INFO:root:-- EPOCH 80 (1.506 seconds):
INFO:root:COST >> 1.3437 +/- 0.0268, % updates: 46.644%
INFO:root:-- EPOCH 81 (1.177 seconds):
INFO:root:COST >> 1.3462 +/- 0.0213, % updates: 46.747%
INFO:root:-- EPOCH 82 (1.151 seconds):
INFO:root:COST >> 1.348 +/- 0.0196, % updates: 46.614%
INFO:root:-- EPOCH 83 (1.159 seconds):
INFO:root:COST >> 1.3488 +/- 0.0226, % updates: 46.546%
INFO:root:-- EPOCH 84 (1.167 seconds):
INFO:root:COST >> 1.3492 +/- 0.0192, % updates: 46.352%
INFO:root:-- EPOCH 85 (1.417 seconds):
INFO:root:COST >> 1.3483 +/- 0.0176, % updates: 46.32%
INFO:root:-- EPOCH 86 (1.532 seconds):
INFO:root:COST >> 1.3505 +/- 0.0153, % updates: 46.387%
INFO:root:-- EPOCH 87 (1.527 seconds):
INFO:root:COST >> 1.3441 +/- 0.023, % updates: 46.198%
INFO:root:-- EPOCH 88 (1.503 seconds):
INFO:root:COST >> 1.3456 +/- 0.015, % updates: 46.338%
INFO:root:-- EPOCH 89 (1.51 seconds):
INFO:root:COST >> 1.3535 +/- 0.0223, % updates: 46.287%
INFO:root:-- EPOCH 90 (1.504 seconds):
INFO:root:COST >> 1.3546 +/- 0.0201, % updates: 46.234%
INFO:root:-- EPOCH 91 (1.487 seconds):
INFO:root:COST >> 1.3612 +/- 0.0228, % updates: 46.377%
INFO:root:-- EPOCH 92 (1.503 seconds):
INFO:root:COST >> 1.3658 +/- 0.0258, % updates: 46.379%
INFO:root:-- EPOCH 93 (1.508 seconds):
INFO:root:COST >> 1.3633 +/- 0.0151, % updates: 46.454%
INFO:root:-- EPOCH 94 (1.51 seconds):
INFO:root:COST >> 1.3647 +/- 0.0182, % updates: 46.399%
INFO:root:-- EPOCH 95 (1.494 seconds):
INFO:root:COST >> 1.3722 +/- 0.0192, % updates: 46.369%
INFO:root:-- EPOCH 96 (1.535 seconds):
INFO:root:COST >> 1.3684 +/- 0.018, % updates: 46.268%
INFO:root:-- EPOCH 97 (1.537 seconds):
INFO:root:COST >> 1.3736 +/- 0.019, % updates: 46.261%
INFO:root:-- EPOCH 98 (1.516 seconds):
INFO:root:COST >> 1.3783 +/- 0.0233, % updates: 46.367%
INFO:root:-- EPOCH 99 (1.478 seconds):
INFO:root:COST >> 1.3821 +/- 0.0276, % updates: 46.429%
INFO:root:-- EPOCH 100 (1.506 seconds):
INFO:root:COST >> 1.3786 +/- 0.017, % updates: 46.328%
