INFO:root:Shape for training set: (40961, 141442)
INFO:root:State: {'ndim': '20', 'test_all': 'None', 'test_path': 'None', 'nhid': '50', 'lremb': '1e-06', 'seed': '5', 'simfn': 'L1', 'valid_path': 'None', 'nbatches': '10', 'lrparam': '1e-06', 'decay': '0.99', 'show_hinton_diagrams': 'False', 'no_rescaling': 'True', 'Nrel': '18', 'ranking_score_right': 'False', 'Nent': '40961', 'Nsyn': '40943', 'method': 'MOMENTUM', 'loss_margin': '1.0', 'C': '1.0', 'epsilon': '1e-06', 'use_db': 'True', 'max_lr': 'None', 'l1_param_weight': 'None', 'filtered': 'False', 'name': 'wn_opt/wn_MOMENTUM_25', 'totepochs': '100', 'l2_param_weight': 'None', 'train_path': 'data/wn/WN-train.pkl', 'op': 'TransE'}
INFO:root:Starting the Experiment ..
INFO:root:-- EPOCH 1 (1.515 seconds):
INFO:root:COST >> 2.2033 +/- 0.0088, % updates: 81.408%
INFO:root:-- EPOCH 2 (1.518 seconds):
INFO:root:COST >> 2.206 +/- 0.0123, % updates: 81.458%
INFO:root:-- EPOCH 3 (1.518 seconds):
INFO:root:COST >> 2.1942 +/- 0.008, % updates: 81.403%
INFO:root:-- EPOCH 4 (1.528 seconds):
INFO:root:COST >> 2.1841 +/- 0.0158, % updates: 81.607%
INFO:root:-- EPOCH 5 (1.507 seconds):
INFO:root:COST >> 2.1653 +/- 0.0131, % updates: 81.562%
INFO:root:-- EPOCH 6 (1.513 seconds):
INFO:root:COST >> 2.1582 +/- 0.0125, % updates: 81.641%
INFO:root:-- EPOCH 7 (1.537 seconds):
INFO:root:COST >> 2.141 +/- 0.013, % updates: 81.492%
INFO:root:-- EPOCH 8 (1.524 seconds):
INFO:root:COST >> 2.1269 +/- 0.0119, % updates: 81.29%
INFO:root:-- EPOCH 9 (1.518 seconds):
INFO:root:COST >> 2.1138 +/- 0.0071, % updates: 81.063%
INFO:root:-- EPOCH 10 (1.532 seconds):
INFO:root:COST >> 2.1013 +/- 0.0084, % updates: 80.783%
INFO:root:-- EPOCH 11 (1.485 seconds):
INFO:root:COST >> 2.0899 +/- 0.0098, % updates: 80.586%
INFO:root:-- EPOCH 12 (1.486 seconds):
INFO:root:COST >> 2.0786 +/- 0.012, % updates: 80.192%
INFO:root:-- EPOCH 13 (1.516 seconds):
INFO:root:COST >> 2.0658 +/- 0.0078, % updates: 79.732%
INFO:root:-- EPOCH 14 (1.507 seconds):
INFO:root:COST >> 2.0578 +/- 0.0156, % updates: 79.495%
INFO:root:-- EPOCH 15 (1.509 seconds):
INFO:root:COST >> 2.0436 +/- 0.009, % updates: 79.165%
INFO:root:-- EPOCH 16 (1.544 seconds):
INFO:root:COST >> 2.0294 +/- 0.0109, % updates: 78.828%
INFO:root:-- EPOCH 17 (1.508 seconds):
INFO:root:COST >> 2.0177 +/- 0.0115, % updates: 78.611%
INFO:root:-- EPOCH 18 (1.549 seconds):
INFO:root:COST >> 2.0059 +/- 0.011, % updates: 78.306%
INFO:root:-- EPOCH 19 (1.488 seconds):
INFO:root:COST >> 1.9944 +/- 0.0138, % updates: 78.09%
INFO:root:-- EPOCH 20 (1.533 seconds):
INFO:root:COST >> 1.9712 +/- 0.0089, % updates: 77.703%
INFO:root:-- EPOCH 21 (1.534 seconds):
INFO:root:COST >> 1.9587 +/- 0.0075, % updates: 77.497%
INFO:root:-- EPOCH 22 (1.507 seconds):
INFO:root:COST >> 1.949 +/- 0.0099, % updates: 77.353%
INFO:root:-- EPOCH 23 (1.534 seconds):
INFO:root:COST >> 1.9325 +/- 0.0175, % updates: 77.207%
INFO:root:-- EPOCH 24 (1.558 seconds):
INFO:root:COST >> 1.924 +/- 0.0075, % updates: 77.002%
INFO:root:-- EPOCH 25 (1.516 seconds):
INFO:root:COST >> 1.9083 +/- 0.0159, % updates: 76.709%
INFO:root:-- EPOCH 26 (1.556 seconds):
INFO:root:COST >> 1.9001 +/- 0.01, % updates: 76.658%
INFO:root:-- EPOCH 27 (1.503 seconds):
INFO:root:COST >> 1.8834 +/- 0.0104, % updates: 76.394%
INFO:root:-- EPOCH 28 (1.552 seconds):
INFO:root:COST >> 1.8738 +/- 0.016, % updates: 75.988%
INFO:root:-- EPOCH 29 (1.543 seconds):
INFO:root:COST >> 1.8552 +/- 0.0104, % updates: 75.741%
INFO:root:-- EPOCH 30 (1.57 seconds):
INFO:root:COST >> 1.8437 +/- 0.0105, % updates: 75.553%
INFO:root:-- EPOCH 31 (1.524 seconds):
INFO:root:COST >> 1.8339 +/- 0.0103, % updates: 75.148%
INFO:root:-- EPOCH 32 (1.542 seconds):
INFO:root:COST >> 1.8164 +/- 0.0096, % updates: 74.785%
INFO:root:-- EPOCH 33 (1.541 seconds):
INFO:root:COST >> 1.8094 +/- 0.0149, % updates: 74.58%
INFO:root:-- EPOCH 34 (1.612 seconds):
INFO:root:COST >> 1.7939 +/- 0.0077, % updates: 74.37%
INFO:root:-- EPOCH 35 (1.539 seconds):
INFO:root:COST >> 1.7854 +/- 0.008, % updates: 74.13%
INFO:root:-- EPOCH 36 (1.513 seconds):
INFO:root:COST >> 1.7695 +/- 0.0141, % updates: 73.894%
INFO:root:-- EPOCH 37 (1.574 seconds):
INFO:root:COST >> 1.7591 +/- 0.0123, % updates: 73.611%
INFO:root:-- EPOCH 38 (1.514 seconds):
INFO:root:COST >> 1.7478 +/- 0.0076, % updates: 73.468%
INFO:root:-- EPOCH 39 (1.522 seconds):
INFO:root:COST >> 1.7368 +/- 0.0118, % updates: 73.358%
INFO:root:-- EPOCH 40 (1.513 seconds):
INFO:root:COST >> 1.7215 +/- 0.0064, % updates: 73.082%
INFO:root:-- EPOCH 41 (1.528 seconds):
INFO:root:COST >> 1.7114 +/- 0.0108, % updates: 72.791%
INFO:root:-- EPOCH 42 (1.581 seconds):
INFO:root:COST >> 1.701 +/- 0.0123, % updates: 72.663%
INFO:root:-- EPOCH 43 (1.526 seconds):
INFO:root:COST >> 1.6925 +/- 0.0072, % updates: 72.59%
INFO:root:-- EPOCH 44 (1.56 seconds):
INFO:root:COST >> 1.682 +/- 0.0147, % updates: 72.287%
INFO:root:-- EPOCH 45 (1.553 seconds):
INFO:root:COST >> 1.6655 +/- 0.0094, % updates: 72.073%
INFO:root:-- EPOCH 46 (1.566 seconds):
INFO:root:COST >> 1.6543 +/- 0.0069, % updates: 71.826%
INFO:root:-- EPOCH 47 (1.511 seconds):
INFO:root:COST >> 1.6441 +/- 0.0119, % updates: 71.505%
INFO:root:-- EPOCH 48 (1.555 seconds):
INFO:root:COST >> 1.636 +/- 0.0085, % updates: 71.525%
INFO:root:-- EPOCH 49 (1.585 seconds):
INFO:root:COST >> 1.6241 +/- 0.0091, % updates: 71.147%
INFO:root:-- EPOCH 50 (1.546 seconds):
INFO:root:COST >> 1.6116 +/- 0.0143, % updates: 70.839%
INFO:root:-- EPOCH 51 (1.523 seconds):
INFO:root:COST >> 1.6022 +/- 0.011, % updates: 70.716%
INFO:root:-- EPOCH 52 (1.541 seconds):
INFO:root:COST >> 1.5926 +/- 0.012, % updates: 70.585%
INFO:root:-- EPOCH 53 (1.58 seconds):
INFO:root:COST >> 1.5817 +/- 0.0083, % updates: 70.335%
INFO:root:-- EPOCH 54 (1.568 seconds):
INFO:root:COST >> 1.5732 +/- 0.0106, % updates: 70.234%
INFO:root:-- EPOCH 55 (1.55 seconds):
INFO:root:COST >> 1.5616 +/- 0.0099, % updates: 69.931%
INFO:root:-- EPOCH 56 (1.55 seconds):
INFO:root:COST >> 1.5496 +/- 0.0088, % updates: 69.694%
INFO:root:-- EPOCH 57 (1.558 seconds):
INFO:root:COST >> 1.5382 +/- 0.0102, % updates: 69.613%
INFO:root:-- EPOCH 58 (1.541 seconds):
INFO:root:COST >> 1.5322 +/- 0.0089, % updates: 69.139%
INFO:root:-- EPOCH 59 (1.552 seconds):
INFO:root:COST >> 1.5195 +/- 0.0091, % updates: 69.04%
INFO:root:-- EPOCH 60 (1.598 seconds):
INFO:root:COST >> 1.5097 +/- 0.0063, % updates: 68.841%
INFO:root:-- EPOCH 61 (1.522 seconds):
INFO:root:COST >> 1.502 +/- 0.0084, % updates: 68.631%
INFO:root:-- EPOCH 62 (1.531 seconds):
INFO:root:COST >> 1.4946 +/- 0.0104, % updates: 68.582%
INFO:root:-- EPOCH 63 (1.522 seconds):
INFO:root:COST >> 1.4841 +/- 0.0129, % updates: 68.27%
INFO:root:-- EPOCH 64 (1.527 seconds):
INFO:root:COST >> 1.4721 +/- 0.0123, % updates: 68.072%
INFO:root:-- EPOCH 65 (1.536 seconds):
INFO:root:COST >> 1.4649 +/- 0.0102, % updates: 67.925%
INFO:root:-- EPOCH 66 (1.536 seconds):
INFO:root:COST >> 1.457 +/- 0.011, % updates: 67.685%
INFO:root:-- EPOCH 67 (1.539 seconds):
INFO:root:COST >> 1.4486 +/- 0.0135, % updates: 67.412%
INFO:root:-- EPOCH 68 (1.55 seconds):
INFO:root:COST >> 1.4358 +/- 0.0113, % updates: 67.26%
INFO:root:-- EPOCH 69 (1.513 seconds):
INFO:root:COST >> 1.4241 +/- 0.0089, % updates: 66.869%
INFO:root:-- EPOCH 70 (1.493 seconds):
INFO:root:COST >> 1.4213 +/- 0.011, % updates: 66.889%
INFO:root:-- EPOCH 71 (1.502 seconds):
INFO:root:COST >> 1.4094 +/- 0.0122, % updates: 66.647%
INFO:root:-- EPOCH 72 (1.501 seconds):
INFO:root:COST >> 1.3996 +/- 0.012, % updates: 66.449%
INFO:root:-- EPOCH 73 (1.51 seconds):
INFO:root:COST >> 1.3912 +/- 0.0113, % updates: 66.302%
INFO:root:-- EPOCH 74 (1.552 seconds):
INFO:root:COST >> 1.3852 +/- 0.0113, % updates: 66.115%
INFO:root:-- EPOCH 75 (1.526 seconds):
INFO:root:COST >> 1.3748 +/- 0.0092, % updates: 65.847%
INFO:root:-- EPOCH 76 (1.522 seconds):
INFO:root:COST >> 1.3643 +/- 0.0069, % updates: 65.666%
INFO:root:-- EPOCH 77 (1.538 seconds):
INFO:root:COST >> 1.3617 +/- 0.0096, % updates: 65.603%
INFO:root:-- EPOCH 78 (1.537 seconds):
INFO:root:COST >> 1.3492 +/- 0.009, % updates: 65.235%
INFO:root:-- EPOCH 79 (1.549 seconds):
INFO:root:COST >> 1.3419 +/- 0.0095, % updates: 65.036%
INFO:root:-- EPOCH 80 (1.515 seconds):
INFO:root:COST >> 1.334 +/- 0.0053, % updates: 64.838%
INFO:root:-- EPOCH 81 (1.536 seconds):
INFO:root:COST >> 1.3267 +/- 0.0103, % updates: 64.68%
INFO:root:-- EPOCH 82 (1.541 seconds):
INFO:root:COST >> 1.3186 +/- 0.0129, % updates: 64.492%
INFO:root:-- EPOCH 83 (1.557 seconds):
INFO:root:COST >> 1.3115 +/- 0.0065, % updates: 64.354%
INFO:root:-- EPOCH 84 (1.574 seconds):
INFO:root:COST >> 1.3063 +/- 0.0088, % updates: 64.293%
INFO:root:-- EPOCH 85 (1.535 seconds):
INFO:root:COST >> 1.2965 +/- 0.0087, % updates: 63.916%
INFO:root:-- EPOCH 86 (1.519 seconds):
INFO:root:COST >> 1.2878 +/- 0.0091, % updates: 63.689%
INFO:root:-- EPOCH 87 (1.538 seconds):
INFO:root:COST >> 1.2813 +/- 0.0084, % updates: 63.617%
INFO:root:-- EPOCH 88 (1.537 seconds):
INFO:root:COST >> 1.2697 +/- 0.0067, % updates: 63.464%
INFO:root:-- EPOCH 89 (1.539 seconds):
INFO:root:COST >> 1.2676 +/- 0.0139, % updates: 63.382%
INFO:root:-- EPOCH 90 (1.531 seconds):
INFO:root:COST >> 1.2582 +/- 0.0085, % updates: 63.021%
INFO:root:-- EPOCH 91 (1.514 seconds):
INFO:root:COST >> 1.2494 +/- 0.0106, % updates: 62.832%
INFO:root:-- EPOCH 92 (1.555 seconds):
INFO:root:COST >> 1.2446 +/- 0.0088, % updates: 62.66%
INFO:root:-- EPOCH 93 (1.551 seconds):
INFO:root:COST >> 1.2402 +/- 0.0092, % updates: 62.779%
INFO:root:-- EPOCH 94 (1.549 seconds):
INFO:root:COST >> 1.2313 +/- 0.0093, % updates: 62.377%
INFO:root:-- EPOCH 95 (1.535 seconds):
INFO:root:COST >> 1.23 +/- 0.0079, % updates: 62.325%
INFO:root:-- EPOCH 96 (1.542 seconds):
INFO:root:COST >> 1.2143 +/- 0.006, % updates: 61.999%
INFO:root:-- EPOCH 97 (1.551 seconds):
INFO:root:COST >> 1.2066 +/- 0.011, % updates: 61.799%
INFO:root:-- EPOCH 98 (1.508 seconds):
INFO:root:COST >> 1.2041 +/- 0.0101, % updates: 61.643%
INFO:root:-- EPOCH 99 (1.475 seconds):
INFO:root:COST >> 1.196 +/- 0.0079, % updates: 61.467%
INFO:root:-- EPOCH 100 (1.25 seconds):
INFO:root:COST >> 1.1903 +/- 0.0072, % updates: 61.4%
