INFO:root:Shape for training set: (40961, 141442)
INFO:root:State: {'ndim': '20', 'test_all': 'None', 'test_path': 'None', 'nhid': '50', 'lremb': '1.0', 'seed': '8', 'simfn': 'L1', 'valid_path': 'None', 'nbatches': '10', 'lrparam': '1.0', 'decay': '0.99', 'show_hinton_diagrams': 'False', 'no_rescaling': 'True', 'Nrel': '18', 'ranking_score_right': 'False', 'Nent': '40961', 'Nsyn': '40943', 'method': 'MOMENTUM', 'loss_margin': '1.0', 'C': '1.0', 'epsilon': '1e-06', 'use_db': 'True', 'max_lr': 'None', 'l1_param_weight': 'None', 'filtered': 'False', 'name': 'wn_opt/wn_MOMENTUM_328', 'totepochs': '100', 'l2_param_weight': 'None', 'train_path': 'data/wn/WN-train.pkl', 'op': 'TransE'}
INFO:root:Starting the Experiment ..
INFO:root:-- EPOCH 1 (1.987 seconds):
INFO:root:COST >> 2.7458 +/- 0.2426, % updates: 65.797%
INFO:root:-- EPOCH 2 (1.544 seconds):
INFO:root:COST >> 2.4402 +/- 0.2047, % updates: 53.877%
INFO:root:-- EPOCH 3 (1.564 seconds):
INFO:root:COST >> 2.307 +/- 0.2126, % updates: 51.827%
INFO:root:-- EPOCH 4 (1.523 seconds):
INFO:root:COST >> 2.259 +/- 0.2071, % updates: 50.915%
INFO:root:-- EPOCH 5 (1.517 seconds):
INFO:root:COST >> 2.2398 +/- 0.21, % updates: 50.484%
INFO:root:-- EPOCH 6 (1.513 seconds):
INFO:root:COST >> 2.2231 +/- 0.2149, % updates: 50.103%
INFO:root:-- EPOCH 7 (1.491 seconds):
INFO:root:COST >> 2.2236 +/- 0.2068, % updates: 49.954%
INFO:root:-- EPOCH 8 (1.501 seconds):
INFO:root:COST >> 2.2191 +/- 0.2166, % updates: 49.817%
INFO:root:-- EPOCH 9 (1.509 seconds):
INFO:root:COST >> 2.2048 +/- 0.207, % updates: 49.498%
INFO:root:-- EPOCH 10 (1.493 seconds):
INFO:root:COST >> 2.2076 +/- 0.2063, % updates: 49.417%
INFO:root:-- EPOCH 11 (1.511 seconds):
INFO:root:COST >> 2.2207 +/- 0.2174, % updates: 49.475%
INFO:root:-- EPOCH 12 (1.274 seconds):
INFO:root:COST >> 2.2055 +/- 0.2208, % updates: 49.325%
INFO:root:-- EPOCH 13 (1.186 seconds):
INFO:root:COST >> 2.2065 +/- 0.2174, % updates: 49.125%
INFO:root:-- EPOCH 14 (1.12 seconds):
INFO:root:COST >> 2.2155 +/- 0.2134, % updates: 49.326%
INFO:root:-- EPOCH 15 (1.173 seconds):
INFO:root:COST >> 2.214 +/- 0.2042, % updates: 49.254%
INFO:root:-- EPOCH 16 (1.3 seconds):
INFO:root:COST >> 2.2186 +/- 0.1962, % updates: 49.203%
INFO:root:-- EPOCH 17 (1.513 seconds):
INFO:root:COST >> 2.2126 +/- 0.2034, % updates: 49.112%
INFO:root:-- EPOCH 18 (1.506 seconds):
INFO:root:COST >> 2.2108 +/- 0.2041, % updates: 49.046%
INFO:root:-- EPOCH 19 (1.5 seconds):
INFO:root:COST >> 2.2192 +/- 0.2026, % updates: 49.175%
INFO:root:-- EPOCH 20 (1.515 seconds):
INFO:root:COST >> 2.2254 +/- 0.2026, % updates: 49.147%
INFO:root:-- EPOCH 21 (1.51 seconds):
INFO:root:COST >> 2.2156 +/- 0.2103, % updates: 49.107%
INFO:root:-- EPOCH 22 (1.514 seconds):
INFO:root:COST >> 2.2241 +/- 0.2014, % updates: 49.184%
INFO:root:-- EPOCH 23 (1.508 seconds):
INFO:root:COST >> 2.2147 +/- 0.2133, % updates: 49.019%
INFO:root:-- EPOCH 24 (1.528 seconds):
INFO:root:COST >> 2.2046 +/- 0.215, % updates: 48.917%
INFO:root:-- EPOCH 25 (1.509 seconds):
INFO:root:COST >> 2.2122 +/- 0.2093, % updates: 49.076%
INFO:root:-- EPOCH 26 (1.484 seconds):
INFO:root:COST >> 2.2149 +/- 0.2079, % updates: 49.099%
INFO:root:-- EPOCH 27 (1.492 seconds):
INFO:root:COST >> 2.2115 +/- 0.2048, % updates: 48.961%
INFO:root:-- EPOCH 28 (1.526 seconds):
INFO:root:COST >> 2.2211 +/- 0.2092, % updates: 49.058%
INFO:root:-- EPOCH 29 (1.54 seconds):
INFO:root:COST >> 2.2151 +/- 0.2105, % updates: 49.004%
INFO:root:-- EPOCH 30 (1.487 seconds):
INFO:root:COST >> 2.2137 +/- 0.2103, % updates: 48.956%
INFO:root:-- EPOCH 31 (1.5 seconds):
INFO:root:COST >> 2.2071 +/- 0.2156, % updates: 48.983%
INFO:root:-- EPOCH 32 (1.501 seconds):
INFO:root:COST >> 2.2103 +/- 0.2125, % updates: 48.919%
INFO:root:-- EPOCH 33 (1.521 seconds):
INFO:root:COST >> 2.2242 +/- 0.2122, % updates: 49.2%
INFO:root:-- EPOCH 34 (1.508 seconds):
INFO:root:COST >> 2.2172 +/- 0.2136, % updates: 48.959%
INFO:root:-- EPOCH 35 (1.488 seconds):
INFO:root:COST >> 2.2105 +/- 0.1987, % updates: 49.043%
INFO:root:-- EPOCH 36 (1.511 seconds):
INFO:root:COST >> 2.2205 +/- 0.2104, % updates: 49.035%
INFO:root:-- EPOCH 37 (1.54 seconds):
INFO:root:COST >> 2.2142 +/- 0.2084, % updates: 49.152%
INFO:root:-- EPOCH 38 (1.525 seconds):
INFO:root:COST >> 2.2091 +/- 0.2174, % updates: 48.898%
INFO:root:-- EPOCH 39 (1.456 seconds):
INFO:root:COST >> 2.2136 +/- 0.2043, % updates: 49.126%
INFO:root:-- EPOCH 40 (1.503 seconds):
INFO:root:COST >> 2.2193 +/- 0.2043, % updates: 49.044%
INFO:root:-- EPOCH 41 (1.476 seconds):
INFO:root:COST >> 2.2255 +/- 0.2114, % updates: 49.089%
INFO:root:-- EPOCH 42 (1.506 seconds):
INFO:root:COST >> 2.2188 +/- 0.2127, % updates: 49.109%
INFO:root:-- EPOCH 43 (1.499 seconds):
INFO:root:COST >> 2.2116 +/- 0.2154, % updates: 48.883%
INFO:root:-- EPOCH 44 (1.481 seconds):
INFO:root:COST >> 2.22 +/- 0.2061, % updates: 49.157%
INFO:root:-- EPOCH 45 (1.491 seconds):
INFO:root:COST >> 2.2043 +/- 0.1981, % updates: 48.796%
INFO:root:-- EPOCH 46 (1.498 seconds):
INFO:root:COST >> 2.2244 +/- 0.2097, % updates: 49.114%
INFO:root:-- EPOCH 47 (1.483 seconds):
INFO:root:COST >> 2.2236 +/- 0.2026, % updates: 49.108%
INFO:root:-- EPOCH 48 (1.504 seconds):
INFO:root:COST >> 2.2214 +/- 0.2123, % updates: 49.123%
INFO:root:-- EPOCH 49 (1.483 seconds):
INFO:root:COST >> 2.2144 +/- 0.2131, % updates: 48.996%
INFO:root:-- EPOCH 50 (1.492 seconds):
INFO:root:COST >> 2.2186 +/- 0.2084, % updates: 49.119%
INFO:root:-- EPOCH 51 (1.482 seconds):
INFO:root:COST >> 2.2194 +/- 0.2021, % updates: 48.978%
INFO:root:-- EPOCH 52 (1.529 seconds):
INFO:root:COST >> 2.2131 +/- 0.2032, % updates: 48.99%
INFO:root:-- EPOCH 53 (1.498 seconds):
INFO:root:COST >> 2.2109 +/- 0.206, % updates: 49.018%
INFO:root:-- EPOCH 54 (1.478 seconds):
INFO:root:COST >> 2.2218 +/- 0.2041, % updates: 49.114%
INFO:root:-- EPOCH 55 (1.488 seconds):
INFO:root:COST >> 2.2107 +/- 0.206, % updates: 49.008%
INFO:root:-- EPOCH 56 (1.531 seconds):
INFO:root:COST >> 2.2181 +/- 0.2102, % updates: 48.937%
INFO:root:-- EPOCH 57 (1.548 seconds):
INFO:root:COST >> 2.2101 +/- 0.218, % updates: 48.943%
INFO:root:-- EPOCH 58 (1.487 seconds):
INFO:root:COST >> 2.2239 +/- 0.2174, % updates: 49.084%
INFO:root:-- EPOCH 59 (1.516 seconds):
INFO:root:COST >> 2.2221 +/- 0.2105, % updates: 49.167%
INFO:root:-- EPOCH 60 (1.48 seconds):
INFO:root:COST >> 2.21 +/- 0.2118, % updates: 48.883%
INFO:root:-- EPOCH 61 (1.471 seconds):
INFO:root:COST >> 2.2121 +/- 0.2089, % updates: 49.128%
INFO:root:-- EPOCH 62 (1.479 seconds):
INFO:root:COST >> 2.2094 +/- 0.197, % updates: 49.028%
INFO:root:-- EPOCH 63 (1.488 seconds):
INFO:root:COST >> 2.221 +/- 0.2052, % updates: 49.155%
INFO:root:-- EPOCH 64 (1.495 seconds):
INFO:root:COST >> 2.2131 +/- 0.21, % updates: 48.923%
INFO:root:-- EPOCH 65 (1.513 seconds):
INFO:root:COST >> 2.2122 +/- 0.2058, % updates: 49.05%
INFO:root:-- EPOCH 66 (1.493 seconds):
INFO:root:COST >> 2.2232 +/- 0.2046, % updates: 49.14%
INFO:root:-- EPOCH 67 (1.513 seconds):
INFO:root:COST >> 2.2099 +/- 0.2054, % updates: 49.051%
INFO:root:-- EPOCH 68 (1.495 seconds):
INFO:root:COST >> 2.2143 +/- 0.2103, % updates: 49.051%
INFO:root:-- EPOCH 69 (1.513 seconds):
INFO:root:COST >> 2.2181 +/- 0.2034, % updates: 49.087%
INFO:root:-- EPOCH 70 (1.502 seconds):
INFO:root:COST >> 2.2214 +/- 0.2047, % updates: 49.162%
INFO:root:-- EPOCH 71 (1.479 seconds):
INFO:root:COST >> 2.2145 +/- 0.2036, % updates: 49.036%
INFO:root:-- EPOCH 72 (1.508 seconds):
INFO:root:COST >> 2.2109 +/- 0.2015, % updates: 49.019%
INFO:root:-- EPOCH 73 (1.55 seconds):
INFO:root:COST >> 2.2292 +/- 0.2229, % updates: 49.067%
INFO:root:-- EPOCH 74 (1.58 seconds):
INFO:root:COST >> 2.2104 +/- 0.2071, % updates: 48.986%
INFO:root:-- EPOCH 75 (1.552 seconds):
INFO:root:COST >> 2.2129 +/- 0.2032, % updates: 49.008%
INFO:root:-- EPOCH 76 (1.545 seconds):
INFO:root:COST >> 2.2191 +/- 0.2064, % updates: 49.021%
INFO:root:-- EPOCH 77 (1.512 seconds):
INFO:root:COST >> 2.2214 +/- 0.2069, % updates: 49.218%
INFO:root:-- EPOCH 78 (1.497 seconds):
INFO:root:COST >> 2.215 +/- 0.1994, % updates: 49.105%
INFO:root:-- EPOCH 79 (1.527 seconds):
INFO:root:COST >> 2.2127 +/- 0.2041, % updates: 48.971%
INFO:root:-- EPOCH 80 (1.505 seconds):
INFO:root:COST >> 2.2166 +/- 0.2154, % updates: 49.024%
INFO:root:-- EPOCH 81 (1.505 seconds):
INFO:root:COST >> 2.2209 +/- 0.208, % updates: 49.097%
INFO:root:-- EPOCH 82 (1.523 seconds):
INFO:root:COST >> 2.212 +/- 0.2051, % updates: 48.911%
INFO:root:-- EPOCH 83 (1.481 seconds):
INFO:root:COST >> 2.2189 +/- 0.2192, % updates: 49.056%
INFO:root:-- EPOCH 84 (1.51 seconds):
INFO:root:COST >> 2.2213 +/- 0.2064, % updates: 49.006%
INFO:root:-- EPOCH 85 (1.516 seconds):
INFO:root:COST >> 2.2185 +/- 0.2141, % updates: 48.994%
INFO:root:-- EPOCH 86 (1.527 seconds):
INFO:root:COST >> 2.223 +/- 0.1939, % updates: 49.116%
INFO:root:-- EPOCH 87 (1.53 seconds):
INFO:root:COST >> 2.2164 +/- 0.2072, % updates: 49.06%
INFO:root:-- EPOCH 88 (1.487 seconds):
INFO:root:COST >> 2.2221 +/- 0.2103, % updates: 49.137%
INFO:root:-- EPOCH 89 (1.482 seconds):
INFO:root:COST >> 2.2175 +/- 0.205, % updates: 48.948%
INFO:root:-- EPOCH 90 (1.52 seconds):
INFO:root:COST >> 2.2159 +/- 0.2128, % updates: 48.932%
INFO:root:-- EPOCH 91 (1.472 seconds):
INFO:root:COST >> 2.2082 +/- 0.2079, % updates: 48.877%
INFO:root:-- EPOCH 92 (1.482 seconds):
INFO:root:COST >> 2.2194 +/- 0.2182, % updates: 49.196%
INFO:root:-- EPOCH 93 (1.487 seconds):
INFO:root:COST >> 2.2145 +/- 0.2072, % updates: 49.079%
INFO:root:-- EPOCH 94 (1.478 seconds):
INFO:root:COST >> 2.2181 +/- 0.2129, % updates: 49.022%
INFO:root:-- EPOCH 95 (1.473 seconds):
INFO:root:COST >> 2.2098 +/- 0.2001, % updates: 48.999%
INFO:root:-- EPOCH 96 (1.51 seconds):
INFO:root:COST >> 2.217 +/- 0.199, % updates: 49.129%
INFO:root:-- EPOCH 97 (1.488 seconds):
INFO:root:COST >> 2.2139 +/- 0.2167, % updates: 48.94%
INFO:root:-- EPOCH 98 (1.512 seconds):
INFO:root:COST >> 2.2038 +/- 0.208, % updates: 48.984%
INFO:root:-- EPOCH 99 (1.491 seconds):
INFO:root:COST >> 2.2177 +/- 0.2097, % updates: 49.003%
INFO:root:-- EPOCH 100 (1.489 seconds):
INFO:root:COST >> 2.2155 +/- 0.2083, % updates: 49.082%
