INFO:root:Shape for training set: (40961, 141442)
INFO:root:State: {'ndim': '20', 'test_all': 'None', 'test_path': 'None', 'nhid': '50', 'lremb': '1e-05', 'seed': '4', 'simfn': 'L1', 'valid_path': 'None', 'nbatches': '10', 'lrparam': '1e-05', 'decay': '0.5', 'show_hinton_diagrams': 'False', 'no_rescaling': 'True', 'Nrel': '18', 'ranking_score_right': 'False', 'Nent': '40961', 'Nsyn': '40943', 'method': 'MOMENTUM', 'loss_margin': '1.0', 'C': '1.0', 'epsilon': '1e-06', 'use_db': 'True', 'max_lr': 'None', 'l1_param_weight': 'None', 'filtered': 'False', 'name': 'wn_opt/wn_MOMENTUM_94', 'totepochs': '100', 'l2_param_weight': 'None', 'train_path': 'data/wn/WN-train.pkl', 'op': 'TransE'}
INFO:root:Starting the Experiment ..
INFO:root:-- EPOCH 1 (1.49 seconds):
INFO:root:COST >> 2.2281 +/- 0.0135, % updates: 81.815%
INFO:root:-- EPOCH 2 (1.54 seconds):
INFO:root:COST >> 2.2148 +/- 0.0191, % updates: 81.646%
INFO:root:-- EPOCH 3 (1.536 seconds):
INFO:root:COST >> 2.2094 +/- 0.0149, % updates: 81.793%
INFO:root:-- EPOCH 4 (1.507 seconds):
INFO:root:COST >> 2.2007 +/- 0.0119, % updates: 81.824%
INFO:root:-- EPOCH 5 (1.529 seconds):
INFO:root:COST >> 2.1957 +/- 0.0131, % updates: 81.771%
INFO:root:-- EPOCH 6 (1.555 seconds):
INFO:root:COST >> 2.185 +/- 0.0101, % updates: 81.805%
INFO:root:-- EPOCH 7 (1.524 seconds):
INFO:root:COST >> 2.1739 +/- 0.013, % updates: 81.766%
INFO:root:-- EPOCH 8 (1.502 seconds):
INFO:root:COST >> 2.1702 +/- 0.0135, % updates: 81.647%
INFO:root:-- EPOCH 9 (1.497 seconds):
INFO:root:COST >> 2.1645 +/- 0.0169, % updates: 81.653%
INFO:root:-- EPOCH 10 (1.529 seconds):
INFO:root:COST >> 2.1569 +/- 0.0109, % updates: 81.613%
INFO:root:-- EPOCH 11 (1.496 seconds):
INFO:root:COST >> 2.1497 +/- 0.0113, % updates: 81.572%
INFO:root:-- EPOCH 12 (1.524 seconds):
INFO:root:COST >> 2.142 +/- 0.0094, % updates: 81.47%
INFO:root:-- EPOCH 13 (1.489 seconds):
INFO:root:COST >> 2.1437 +/- 0.0148, % updates: 81.5%
INFO:root:-- EPOCH 14 (1.536 seconds):
INFO:root:COST >> 2.1357 +/- 0.0143, % updates: 81.435%
INFO:root:-- EPOCH 15 (1.508 seconds):
INFO:root:COST >> 2.133 +/- 0.012, % updates: 81.335%
INFO:root:-- EPOCH 16 (1.536 seconds):
INFO:root:COST >> 2.1253 +/- 0.0091, % updates: 81.285%
INFO:root:-- EPOCH 17 (1.526 seconds):
INFO:root:COST >> 2.1222 +/- 0.0133, % updates: 81.229%
INFO:root:-- EPOCH 18 (1.39 seconds):
INFO:root:COST >> 2.1171 +/- 0.0126, % updates: 81.167%
INFO:root:-- EPOCH 19 (1.16 seconds):
INFO:root:COST >> 2.1093 +/- 0.007, % updates: 81.045%
INFO:root:-- EPOCH 20 (1.172 seconds):
INFO:root:COST >> 2.1047 +/- 0.0121, % updates: 80.956%
INFO:root:-- EPOCH 21 (1.176 seconds):
INFO:root:COST >> 2.0996 +/- 0.0053, % updates: 80.925%
INFO:root:-- EPOCH 22 (1.455 seconds):
INFO:root:COST >> 2.096 +/- 0.0053, % updates: 80.811%
INFO:root:-- EPOCH 23 (1.567 seconds):
INFO:root:COST >> 2.0907 +/- 0.013, % updates: 80.782%
INFO:root:-- EPOCH 24 (1.522 seconds):
INFO:root:COST >> 2.0875 +/- 0.0114, % updates: 80.653%
INFO:root:-- EPOCH 25 (1.563 seconds):
INFO:root:COST >> 2.0854 +/- 0.0096, % updates: 80.61%
INFO:root:-- EPOCH 26 (1.497 seconds):
INFO:root:COST >> 2.078 +/- 0.0095, % updates: 80.497%
INFO:root:-- EPOCH 27 (1.568 seconds):
INFO:root:COST >> 2.0716 +/- 0.0096, % updates: 80.372%
INFO:root:-- EPOCH 28 (1.518 seconds):
INFO:root:COST >> 2.0735 +/- 0.0098, % updates: 80.337%
INFO:root:-- EPOCH 29 (1.501 seconds):
INFO:root:COST >> 2.0665 +/- 0.0095, % updates: 80.301%
INFO:root:-- EPOCH 30 (1.536 seconds):
INFO:root:COST >> 2.0638 +/- 0.0087, % updates: 80.146%
INFO:root:-- EPOCH 31 (1.517 seconds):
INFO:root:COST >> 2.0576 +/- 0.0119, % updates: 79.955%
INFO:root:-- EPOCH 32 (1.511 seconds):
INFO:root:COST >> 2.053 +/- 0.0134, % updates: 79.914%
INFO:root:-- EPOCH 33 (1.549 seconds):
INFO:root:COST >> 2.0507 +/- 0.0116, % updates: 79.949%
INFO:root:-- EPOCH 34 (1.485 seconds):
INFO:root:COST >> 2.0519 +/- 0.0124, % updates: 80.018%
INFO:root:-- EPOCH 35 (1.503 seconds):
INFO:root:COST >> 2.0406 +/- 0.0068, % updates: 79.925%
INFO:root:-- EPOCH 36 (1.492 seconds):
INFO:root:COST >> 2.0387 +/- 0.0123, % updates: 79.674%
INFO:root:-- EPOCH 37 (1.484 seconds):
INFO:root:COST >> 2.0371 +/- 0.0097, % updates: 79.571%
INFO:root:-- EPOCH 38 (1.482 seconds):
INFO:root:COST >> 2.0329 +/- 0.0094, % updates: 79.518%
INFO:root:-- EPOCH 39 (1.494 seconds):
INFO:root:COST >> 2.0324 +/- 0.0129, % updates: 79.573%
INFO:root:-- EPOCH 40 (1.504 seconds):
INFO:root:COST >> 2.0234 +/- 0.0091, % updates: 79.385%
INFO:root:-- EPOCH 41 (1.519 seconds):
INFO:root:COST >> 2.0216 +/- 0.0108, % updates: 79.326%
INFO:root:-- EPOCH 42 (1.492 seconds):
INFO:root:COST >> 2.0201 +/- 0.0126, % updates: 79.221%
INFO:root:-- EPOCH 43 (1.507 seconds):
INFO:root:COST >> 2.0179 +/- 0.0104, % updates: 79.271%
INFO:root:-- EPOCH 44 (1.484 seconds):
INFO:root:COST >> 2.0125 +/- 0.0083, % updates: 79.081%
INFO:root:-- EPOCH 45 (1.479 seconds):
INFO:root:COST >> 2.0061 +/- 0.0104, % updates: 79.049%
INFO:root:-- EPOCH 46 (1.493 seconds):
INFO:root:COST >> 2.0066 +/- 0.0085, % updates: 78.958%
INFO:root:-- EPOCH 47 (1.486 seconds):
INFO:root:COST >> 1.9996 +/- 0.0098, % updates: 78.956%
INFO:root:-- EPOCH 48 (1.493 seconds):
INFO:root:COST >> 1.9965 +/- 0.0107, % updates: 78.88%
INFO:root:-- EPOCH 49 (1.486 seconds):
INFO:root:COST >> 1.9909 +/- 0.0097, % updates: 78.803%
INFO:root:-- EPOCH 50 (1.48 seconds):
INFO:root:COST >> 1.992 +/- 0.0175, % updates: 78.684%
INFO:root:-- EPOCH 51 (1.485 seconds):
INFO:root:COST >> 1.9908 +/- 0.0119, % updates: 78.687%
INFO:root:-- EPOCH 52 (1.502 seconds):
INFO:root:COST >> 1.9849 +/- 0.0165, % updates: 78.593%
INFO:root:-- EPOCH 53 (1.506 seconds):
INFO:root:COST >> 1.9821 +/- 0.0099, % updates: 78.635%
INFO:root:-- EPOCH 54 (1.516 seconds):
INFO:root:COST >> 1.9777 +/- 0.0102, % updates: 78.388%
INFO:root:-- EPOCH 55 (1.541 seconds):
INFO:root:COST >> 1.9776 +/- 0.0071, % updates: 78.458%
INFO:root:-- EPOCH 56 (1.506 seconds):
INFO:root:COST >> 1.9714 +/- 0.0095, % updates: 78.424%
INFO:root:-- EPOCH 57 (1.505 seconds):
INFO:root:COST >> 1.9648 +/- 0.0117, % updates: 78.185%
INFO:root:-- EPOCH 58 (1.512 seconds):
INFO:root:COST >> 1.9629 +/- 0.0181, % updates: 78.119%
INFO:root:-- EPOCH 59 (1.51 seconds):
INFO:root:COST >> 1.9677 +/- 0.0096, % updates: 78.303%
INFO:root:-- EPOCH 60 (1.498 seconds):
INFO:root:COST >> 1.964 +/- 0.0082, % updates: 78.093%
INFO:root:-- EPOCH 61 (1.488 seconds):
INFO:root:COST >> 1.9578 +/- 0.01, % updates: 78.074%
INFO:root:-- EPOCH 62 (1.501 seconds):
INFO:root:COST >> 1.9542 +/- 0.0142, % updates: 78.05%
INFO:root:-- EPOCH 63 (1.509 seconds):
INFO:root:COST >> 1.9515 +/- 0.0192, % updates: 77.979%
INFO:root:-- EPOCH 64 (1.499 seconds):
INFO:root:COST >> 1.9496 +/- 0.0095, % updates: 77.856%
INFO:root:-- EPOCH 65 (1.493 seconds):
INFO:root:COST >> 1.9465 +/- 0.0089, % updates: 77.803%
INFO:root:-- EPOCH 66 (1.52 seconds):
INFO:root:COST >> 1.9422 +/- 0.011, % updates: 77.767%
INFO:root:-- EPOCH 67 (1.534 seconds):
INFO:root:COST >> 1.9371 +/- 0.0069, % updates: 77.639%
INFO:root:-- EPOCH 68 (1.489 seconds):
INFO:root:COST >> 1.9372 +/- 0.0088, % updates: 77.622%
INFO:root:-- EPOCH 69 (1.537 seconds):
INFO:root:COST >> 1.9327 +/- 0.0106, % updates: 77.667%
INFO:root:-- EPOCH 70 (1.524 seconds):
INFO:root:COST >> 1.929 +/- 0.0095, % updates: 77.391%
INFO:root:-- EPOCH 71 (1.5 seconds):
INFO:root:COST >> 1.9262 +/- 0.0124, % updates: 77.488%
INFO:root:-- EPOCH 72 (1.527 seconds):
INFO:root:COST >> 1.9276 +/- 0.008, % updates: 77.358%
INFO:root:-- EPOCH 73 (1.518 seconds):
INFO:root:COST >> 1.9218 +/- 0.0086, % updates: 77.299%
INFO:root:-- EPOCH 74 (1.559 seconds):
INFO:root:COST >> 1.916 +/- 0.0141, % updates: 77.332%
INFO:root:-- EPOCH 75 (1.499 seconds):
INFO:root:COST >> 1.9169 +/- 0.0092, % updates: 77.247%
INFO:root:-- EPOCH 76 (1.479 seconds):
INFO:root:COST >> 1.9102 +/- 0.0148, % updates: 77.131%
INFO:root:-- EPOCH 77 (1.516 seconds):
INFO:root:COST >> 1.9086 +/- 0.0101, % updates: 77.029%
INFO:root:-- EPOCH 78 (1.523 seconds):
INFO:root:COST >> 1.9003 +/- 0.009, % updates: 76.952%
INFO:root:-- EPOCH 79 (1.52 seconds):
INFO:root:COST >> 1.9029 +/- 0.0102, % updates: 77.013%
INFO:root:-- EPOCH 80 (1.498 seconds):
INFO:root:COST >> 1.9004 +/- 0.0109, % updates: 76.98%
INFO:root:-- EPOCH 81 (1.506 seconds):
INFO:root:COST >> 1.8968 +/- 0.0135, % updates: 76.881%
INFO:root:-- EPOCH 82 (1.531 seconds):
INFO:root:COST >> 1.8945 +/- 0.0119, % updates: 76.827%
INFO:root:-- EPOCH 83 (1.485 seconds):
INFO:root:COST >> 1.8907 +/- 0.0084, % updates: 76.748%
INFO:root:-- EPOCH 84 (1.489 seconds):
INFO:root:COST >> 1.8895 +/- 0.0114, % updates: 76.652%
INFO:root:-- EPOCH 85 (1.49 seconds):
INFO:root:COST >> 1.8833 +/- 0.0116, % updates: 76.67%
INFO:root:-- EPOCH 86 (1.473 seconds):
INFO:root:COST >> 1.8812 +/- 0.0123, % updates: 76.466%
INFO:root:-- EPOCH 87 (1.509 seconds):
INFO:root:COST >> 1.8871 +/- 0.0105, % updates: 76.658%
INFO:root:-- EPOCH 88 (1.496 seconds):
INFO:root:COST >> 1.8795 +/- 0.0115, % updates: 76.522%
INFO:root:-- EPOCH 89 (1.529 seconds):
INFO:root:COST >> 1.8761 +/- 0.0099, % updates: 76.414%
INFO:root:-- EPOCH 90 (1.5 seconds):
INFO:root:COST >> 1.8719 +/- 0.0094, % updates: 76.396%
INFO:root:-- EPOCH 91 (1.53 seconds):
INFO:root:COST >> 1.8717 +/- 0.0149, % updates: 76.405%
INFO:root:-- EPOCH 92 (1.52 seconds):
INFO:root:COST >> 1.868 +/- 0.0121, % updates: 76.235%
INFO:root:-- EPOCH 93 (1.5 seconds):
INFO:root:COST >> 1.8646 +/- 0.0123, % updates: 76.122%
INFO:root:-- EPOCH 94 (1.496 seconds):
INFO:root:COST >> 1.8623 +/- 0.0077, % updates: 76.239%
INFO:root:-- EPOCH 95 (1.497 seconds):
INFO:root:COST >> 1.8588 +/- 0.0102, % updates: 76.178%
INFO:root:-- EPOCH 96 (1.498 seconds):
INFO:root:COST >> 1.8541 +/- 0.0097, % updates: 75.986%
INFO:root:-- EPOCH 97 (1.501 seconds):
INFO:root:COST >> 1.8561 +/- 0.0118, % updates: 76.081%
INFO:root:-- EPOCH 98 (1.488 seconds):
INFO:root:COST >> 1.8489 +/- 0.0149, % updates: 75.869%
INFO:root:-- EPOCH 99 (1.498 seconds):
INFO:root:COST >> 1.8502 +/- 0.0117, % updates: 75.959%
INFO:root:-- EPOCH 100 (1.509 seconds):
INFO:root:COST >> 1.8429 +/- 0.0137, % updates: 75.785%
