INFO:root:Shape for training set: (40961, 141442)
INFO:root:State: {'ndim': '20', 'test_all': 'None', 'test_path': 'None', 'nhid': '50', 'lremb': '1.0', 'seed': '2', 'simfn': 'L1', 'valid_path': 'None', 'nbatches': '10', 'lrparam': '1.0', 'decay': '0.5', 'show_hinton_diagrams': 'False', 'no_rescaling': 'True', 'Nrel': '18', 'ranking_score_right': 'False', 'Nent': '40961', 'Nsyn': '40943', 'method': 'MOMENTUM', 'loss_margin': '1.0', 'C': '1.0', 'epsilon': '1e-06', 'use_db': 'True', 'max_lr': 'None', 'l1_param_weight': 'None', 'filtered': 'False', 'name': 'wn_opt/wn_MOMENTUM_342', 'totepochs': '100', 'l2_param_weight': 'None', 'train_path': 'data/wn/WN-train.pkl', 'op': 'TransE'}
INFO:root:Starting the Experiment ..
INFO:root:-- EPOCH 1 (1.57 seconds):
INFO:root:COST >> 3.1526 +/- 0.4582, % updates: 64.847%
INFO:root:-- EPOCH 2 (1.535 seconds):
INFO:root:COST >> 3.385 +/- 0.2111, % updates: 59.131%
INFO:root:-- EPOCH 3 (1.488 seconds):
INFO:root:COST >> 3.3856 +/- 0.2364, % updates: 59.206%
INFO:root:-- EPOCH 4 (1.49 seconds):
INFO:root:COST >> 3.3925 +/- 0.2415, % updates: 59.181%
INFO:root:-- EPOCH 5 (1.558 seconds):
INFO:root:COST >> 3.3823 +/- 0.2331, % updates: 59.172%
INFO:root:-- EPOCH 6 (1.505 seconds):
INFO:root:COST >> 3.4037 +/- 0.2187, % updates: 59.368%
INFO:root:-- EPOCH 7 (1.509 seconds):
INFO:root:COST >> 3.3859 +/- 0.2239, % updates: 59.122%
INFO:root:-- EPOCH 8 (1.487 seconds):
INFO:root:COST >> 3.3754 +/- 0.2344, % updates: 59.017%
INFO:root:-- EPOCH 9 (1.528 seconds):
INFO:root:COST >> 3.3906 +/- 0.2173, % updates: 59.23%
INFO:root:-- EPOCH 10 (1.498 seconds):
INFO:root:COST >> 3.3909 +/- 0.2169, % updates: 59.182%
INFO:root:-- EPOCH 11 (1.498 seconds):
INFO:root:COST >> 3.3768 +/- 0.2115, % updates: 59.169%
INFO:root:-- EPOCH 12 (1.49 seconds):
INFO:root:COST >> 3.3936 +/- 0.2104, % updates: 59.301%
INFO:root:-- EPOCH 13 (1.524 seconds):
INFO:root:COST >> 3.3813 +/- 0.2281, % updates: 59.114%
INFO:root:-- EPOCH 14 (1.483 seconds):
INFO:root:COST >> 3.3828 +/- 0.2318, % updates: 59.081%
INFO:root:-- EPOCH 15 (1.491 seconds):
INFO:root:COST >> 3.3809 +/- 0.2366, % updates: 59.175%
INFO:root:-- EPOCH 16 (1.278 seconds):
INFO:root:COST >> 3.3862 +/- 0.2155, % updates: 59.116%
INFO:root:-- EPOCH 17 (1.14 seconds):
INFO:root:COST >> 3.3857 +/- 0.231, % updates: 59.211%
INFO:root:-- EPOCH 18 (1.098 seconds):
INFO:root:COST >> 3.3826 +/- 0.2208, % updates: 59.246%
INFO:root:-- EPOCH 19 (1.167 seconds):
INFO:root:COST >> 3.3908 +/- 0.2293, % updates: 59.269%
INFO:root:-- EPOCH 20 (1.162 seconds):
INFO:root:COST >> 3.3895 +/- 0.2393, % updates: 59.249%
INFO:root:-- EPOCH 21 (1.458 seconds):
INFO:root:COST >> 3.3842 +/- 0.2142, % updates: 59.212%
INFO:root:-- EPOCH 22 (1.473 seconds):
INFO:root:COST >> 3.3783 +/- 0.2226, % updates: 59.169%
INFO:root:-- EPOCH 23 (1.466 seconds):
INFO:root:COST >> 3.3899 +/- 0.2227, % updates: 59.176%
INFO:root:-- EPOCH 24 (1.473 seconds):
INFO:root:COST >> 3.3903 +/- 0.2321, % updates: 59.202%
INFO:root:-- EPOCH 25 (1.46 seconds):
INFO:root:COST >> 3.389 +/- 0.2207, % updates: 59.257%
INFO:root:-- EPOCH 26 (1.468 seconds):
INFO:root:COST >> 3.3837 +/- 0.2213, % updates: 59.177%
INFO:root:-- EPOCH 27 (1.476 seconds):
INFO:root:COST >> 3.3883 +/- 0.2418, % updates: 59.301%
INFO:root:-- EPOCH 28 (1.514 seconds):
INFO:root:COST >> 3.3882 +/- 0.2214, % updates: 59.158%
INFO:root:-- EPOCH 29 (1.481 seconds):
INFO:root:COST >> 3.3958 +/- 0.2249, % updates: 59.231%
INFO:root:-- EPOCH 30 (1.462 seconds):
INFO:root:COST >> 3.3762 +/- 0.2247, % updates: 59.15%
INFO:root:-- EPOCH 31 (1.462 seconds):
INFO:root:COST >> 3.4056 +/- 0.2286, % updates: 59.457%
INFO:root:-- EPOCH 32 (1.472 seconds):
INFO:root:COST >> 3.395 +/- 0.2276, % updates: 59.09%
INFO:root:-- EPOCH 33 (1.534 seconds):
INFO:root:COST >> 3.3911 +/- 0.2288, % updates: 59.11%
INFO:root:-- EPOCH 34 (1.51 seconds):
INFO:root:COST >> 3.3842 +/- 0.2273, % updates: 59.263%
INFO:root:-- EPOCH 35 (1.524 seconds):
INFO:root:COST >> 3.3815 +/- 0.2158, % updates: 59.253%
INFO:root:-- EPOCH 36 (1.503 seconds):
INFO:root:COST >> 3.3907 +/- 0.2212, % updates: 59.184%
INFO:root:-- EPOCH 37 (1.477 seconds):
INFO:root:COST >> 3.3893 +/- 0.2282, % updates: 59.212%
INFO:root:-- EPOCH 38 (1.499 seconds):
INFO:root:COST >> 3.3934 +/- 0.2175, % updates: 59.283%
INFO:root:-- EPOCH 39 (1.502 seconds):
INFO:root:COST >> 3.3925 +/- 0.223, % updates: 59.244%
INFO:root:-- EPOCH 40 (1.53 seconds):
INFO:root:COST >> 3.3925 +/- 0.2226, % updates: 59.186%
INFO:root:-- EPOCH 41 (1.491 seconds):
INFO:root:COST >> 3.3762 +/- 0.2115, % updates: 59.093%
INFO:root:-- EPOCH 42 (1.492 seconds):
INFO:root:COST >> 3.3885 +/- 0.2173, % updates: 59.306%
INFO:root:-- EPOCH 43 (1.503 seconds):
INFO:root:COST >> 3.3837 +/- 0.2303, % updates: 59.234%
INFO:root:-- EPOCH 44 (1.48 seconds):
INFO:root:COST >> 3.3882 +/- 0.2205, % updates: 59.245%
INFO:root:-- EPOCH 45 (1.478 seconds):
INFO:root:COST >> 3.3852 +/- 0.227, % updates: 59.184%
INFO:root:-- EPOCH 46 (1.478 seconds):
INFO:root:COST >> 3.3877 +/- 0.2131, % updates: 59.238%
INFO:root:-- EPOCH 47 (1.481 seconds):
INFO:root:COST >> 3.3784 +/- 0.2272, % updates: 59.167%
INFO:root:-- EPOCH 48 (1.504 seconds):
INFO:root:COST >> 3.3726 +/- 0.2293, % updates: 59.145%
INFO:root:-- EPOCH 49 (1.524 seconds):
INFO:root:COST >> 3.4011 +/- 0.228, % updates: 59.418%
INFO:root:-- EPOCH 50 (1.486 seconds):
INFO:root:COST >> 3.3866 +/- 0.2375, % updates: 59.2%
INFO:root:-- EPOCH 51 (1.497 seconds):
INFO:root:COST >> 3.3853 +/- 0.2248, % updates: 59.231%
INFO:root:-- EPOCH 52 (1.462 seconds):
INFO:root:COST >> 3.3853 +/- 0.2128, % updates: 59.285%
INFO:root:-- EPOCH 53 (1.494 seconds):
INFO:root:COST >> 3.3817 +/- 0.2273, % updates: 59.193%
INFO:root:-- EPOCH 54 (1.509 seconds):
INFO:root:COST >> 3.3723 +/- 0.2263, % updates: 59.155%
INFO:root:-- EPOCH 55 (1.517 seconds):
INFO:root:COST >> 3.3735 +/- 0.2159, % updates: 59.13%
INFO:root:-- EPOCH 56 (1.473 seconds):
INFO:root:COST >> 3.388 +/- 0.2213, % updates: 59.176%
INFO:root:-- EPOCH 57 (1.485 seconds):
INFO:root:COST >> 3.3862 +/- 0.2284, % updates: 59.152%
INFO:root:-- EPOCH 58 (1.47 seconds):
INFO:root:COST >> 3.3863 +/- 0.2251, % updates: 59.143%
INFO:root:-- EPOCH 59 (1.473 seconds):
INFO:root:COST >> 3.3869 +/- 0.2162, % updates: 59.249%
INFO:root:-- EPOCH 60 (1.484 seconds):
INFO:root:COST >> 3.3825 +/- 0.2316, % updates: 59.164%
INFO:root:-- EPOCH 61 (1.47 seconds):
INFO:root:COST >> 3.3781 +/- 0.2237, % updates: 59.117%
INFO:root:-- EPOCH 62 (1.481 seconds):
INFO:root:COST >> 3.3965 +/- 0.2325, % updates: 59.31%
INFO:root:-- EPOCH 63 (1.472 seconds):
INFO:root:COST >> 3.3843 +/- 0.2206, % updates: 59.237%
INFO:root:-- EPOCH 64 (1.472 seconds):
INFO:root:COST >> 3.3841 +/- 0.2163, % updates: 59.3%
INFO:root:-- EPOCH 65 (1.507 seconds):
INFO:root:COST >> 3.3994 +/- 0.2307, % updates: 59.42%
INFO:root:-- EPOCH 66 (1.515 seconds):
INFO:root:COST >> 3.3765 +/- 0.2328, % updates: 59.016%
INFO:root:-- EPOCH 67 (1.485 seconds):
INFO:root:COST >> 3.3939 +/- 0.2266, % updates: 59.32%
INFO:root:-- EPOCH 68 (1.479 seconds):
INFO:root:COST >> 3.388 +/- 0.2141, % updates: 59.142%
INFO:root:-- EPOCH 69 (1.481 seconds):
INFO:root:COST >> 3.3977 +/- 0.2296, % updates: 59.4%
INFO:root:-- EPOCH 70 (1.465 seconds):
INFO:root:COST >> 3.3874 +/- 0.2204, % updates: 59.193%
INFO:root:-- EPOCH 71 (1.48 seconds):
INFO:root:COST >> 3.3859 +/- 0.2208, % updates: 59.18%
INFO:root:-- EPOCH 72 (1.493 seconds):
INFO:root:COST >> 3.3861 +/- 0.2268, % updates: 59.272%
INFO:root:-- EPOCH 73 (1.506 seconds):
INFO:root:COST >> 3.3935 +/- 0.2158, % updates: 59.198%
INFO:root:-- EPOCH 74 (1.507 seconds):
INFO:root:COST >> 3.3843 +/- 0.2294, % updates: 59.225%
INFO:root:-- EPOCH 75 (1.497 seconds):
INFO:root:COST >> 3.3771 +/- 0.2282, % updates: 59.243%
INFO:root:-- EPOCH 76 (1.484 seconds):
INFO:root:COST >> 3.3768 +/- 0.229, % updates: 59.125%
INFO:root:-- EPOCH 77 (1.495 seconds):
INFO:root:COST >> 3.3958 +/- 0.2369, % updates: 59.268%
INFO:root:-- EPOCH 78 (1.501 seconds):
INFO:root:COST >> 3.4036 +/- 0.2311, % updates: 59.28%
INFO:root:-- EPOCH 79 (1.471 seconds):
INFO:root:COST >> 3.3885 +/- 0.2172, % updates: 59.247%
INFO:root:-- EPOCH 80 (1.476 seconds):
INFO:root:COST >> 3.3975 +/- 0.2303, % updates: 59.268%
INFO:root:-- EPOCH 81 (1.49 seconds):
INFO:root:COST >> 3.3957 +/- 0.2227, % updates: 59.239%
INFO:root:-- EPOCH 82 (1.468 seconds):
INFO:root:COST >> 3.4 +/- 0.2269, % updates: 59.288%
INFO:root:-- EPOCH 83 (1.474 seconds):
INFO:root:COST >> 3.3871 +/- 0.2193, % updates: 59.14%
INFO:root:-- EPOCH 84 (1.489 seconds):
INFO:root:COST >> 3.3915 +/- 0.2342, % updates: 59.142%
INFO:root:-- EPOCH 85 (1.465 seconds):
INFO:root:COST >> 3.3779 +/- 0.2337, % updates: 59.159%
INFO:root:-- EPOCH 86 (1.503 seconds):
INFO:root:COST >> 3.389 +/- 0.2378, % updates: 59.081%
INFO:root:-- EPOCH 87 (1.46 seconds):
INFO:root:COST >> 3.37 +/- 0.2271, % updates: 59.168%
INFO:root:-- EPOCH 88 (1.509 seconds):
INFO:root:COST >> 3.398 +/- 0.2251, % updates: 59.125%
INFO:root:-- EPOCH 89 (1.465 seconds):
INFO:root:COST >> 3.392 +/- 0.2264, % updates: 59.194%
INFO:root:-- EPOCH 90 (1.494 seconds):
INFO:root:COST >> 3.3945 +/- 0.2308, % updates: 59.262%
INFO:root:-- EPOCH 91 (1.464 seconds):
INFO:root:COST >> 3.3883 +/- 0.2196, % updates: 59.144%
INFO:root:-- EPOCH 92 (1.5 seconds):
INFO:root:COST >> 3.3822 +/- 0.2282, % updates: 59.228%
INFO:root:-- EPOCH 93 (1.508 seconds):
INFO:root:COST >> 3.378 +/- 0.2124, % updates: 59.146%
INFO:root:-- EPOCH 94 (1.504 seconds):
INFO:root:COST >> 3.3905 +/- 0.2123, % updates: 59.141%
INFO:root:-- EPOCH 95 (1.486 seconds):
INFO:root:COST >> 3.3921 +/- 0.2263, % updates: 59.259%
INFO:root:-- EPOCH 96 (1.461 seconds):
INFO:root:COST >> 3.3855 +/- 0.225, % updates: 59.06%
INFO:root:-- EPOCH 97 (1.481 seconds):
INFO:root:COST >> 3.3933 +/- 0.241, % updates: 59.24%
INFO:root:-- EPOCH 98 (1.469 seconds):
INFO:root:COST >> 3.3944 +/- 0.2228, % updates: 59.409%
INFO:root:-- EPOCH 99 (1.464 seconds):
INFO:root:COST >> 3.3901 +/- 0.2291, % updates: 59.201%
INFO:root:-- EPOCH 100 (1.474 seconds):
INFO:root:COST >> 3.3885 +/- 0.2276, % updates: 59.243%
