INFO:root:Shape for training set: (40961, 141442)
INFO:root:State: {'ndim': '20', 'test_all': 'None', 'test_path': 'None', 'nhid': '50', 'lremb': '1e-06', 'seed': '5', 'simfn': 'L1', 'valid_path': 'None', 'nbatches': '10', 'lrparam': '1e-06', 'decay': '0.999', 'show_hinton_diagrams': 'False', 'no_rescaling': 'True', 'Nrel': '18', 'ranking_score_right': 'False', 'Nent': '40961', 'Nsyn': '40943', 'method': 'MOMENTUM', 'loss_margin': '1.0', 'C': '1.0', 'epsilon': '1e-06', 'use_db': 'True', 'max_lr': 'None', 'l1_param_weight': 'None', 'filtered': 'False', 'name': 'wn_opt/wn_MOMENTUM_15', 'totepochs': '100', 'l2_param_weight': 'None', 'train_path': 'data/wn/WN-train.pkl', 'op': 'TransE'}
INFO:root:Starting the Experiment ..
INFO:root:-- EPOCH 1 (1.976 seconds):
INFO:root:COST >> 2.2033 +/- 0.0088, % updates: 81.409%
INFO:root:-- EPOCH 2 (1.781 seconds):
INFO:root:COST >> 2.2057 +/- 0.0123, % updates: 81.462%
INFO:root:-- EPOCH 3 (1.53 seconds):
INFO:root:COST >> 2.1933 +/- 0.008, % updates: 81.402%
INFO:root:-- EPOCH 4 (1.529 seconds):
INFO:root:COST >> 2.1817 +/- 0.0159, % updates: 81.631%
INFO:root:-- EPOCH 5 (1.561 seconds):
INFO:root:COST >> 2.161 +/- 0.0132, % updates: 81.547%
INFO:root:-- EPOCH 6 (1.51 seconds):
INFO:root:COST >> 2.1509 +/- 0.0131, % updates: 81.628%
INFO:root:-- EPOCH 7 (1.534 seconds):
INFO:root:COST >> 2.1315 +/- 0.0126, % updates: 81.407%
INFO:root:-- EPOCH 8 (1.519 seconds):
INFO:root:COST >> 2.115 +/- 0.012, % updates: 81.063%
INFO:root:-- EPOCH 9 (1.551 seconds):
INFO:root:COST >> 2.1008 +/- 0.0081, % updates: 80.738%
INFO:root:-- EPOCH 10 (1.544 seconds):
INFO:root:COST >> 2.0876 +/- 0.0081, % updates: 80.274%
INFO:root:-- EPOCH 11 (1.507 seconds):
INFO:root:COST >> 2.0759 +/- 0.0107, % updates: 79.842%
INFO:root:-- EPOCH 12 (1.537 seconds):
INFO:root:COST >> 2.0644 +/- 0.0112, % updates: 79.234%
INFO:root:-- EPOCH 13 (1.545 seconds):
INFO:root:COST >> 2.0508 +/- 0.0098, % updates: 78.648%
INFO:root:-- EPOCH 14 (1.54 seconds):
INFO:root:COST >> 2.0424 +/- 0.017, % updates: 78.168%
INFO:root:-- EPOCH 15 (1.536 seconds):
INFO:root:COST >> 2.0253 +/- 0.0117, % updates: 77.561%
INFO:root:-- EPOCH 16 (1.535 seconds):
INFO:root:COST >> 2.007 +/- 0.0129, % updates: 77.082%
INFO:root:-- EPOCH 17 (1.492 seconds):
INFO:root:COST >> 1.9923 +/- 0.0147, % updates: 76.628%
INFO:root:-- EPOCH 18 (1.558 seconds):
INFO:root:COST >> 1.9737 +/- 0.0122, % updates: 76.198%
INFO:root:-- EPOCH 19 (1.522 seconds):
INFO:root:COST >> 1.9543 +/- 0.0147, % updates: 75.845%
INFO:root:-- EPOCH 20 (1.531 seconds):
INFO:root:COST >> 1.9233 +/- 0.0109, % updates: 75.363%
INFO:root:-- EPOCH 21 (1.524 seconds):
INFO:root:COST >> 1.9033 +/- 0.0098, % updates: 75.1%
INFO:root:-- EPOCH 22 (1.527 seconds):
INFO:root:COST >> 1.886 +/- 0.0079, % updates: 74.902%
INFO:root:-- EPOCH 23 (1.506 seconds):
INFO:root:COST >> 1.8641 +/- 0.0168, % updates: 74.692%
INFO:root:-- EPOCH 24 (1.576 seconds):
INFO:root:COST >> 1.8481 +/- 0.0073, % updates: 74.381%
INFO:root:-- EPOCH 25 (1.508 seconds):
INFO:root:COST >> 1.8309 +/- 0.0135, % updates: 74.031%
INFO:root:-- EPOCH 26 (1.53 seconds):
INFO:root:COST >> 1.8118 +/- 0.0091, % updates: 73.884%
INFO:root:-- EPOCH 27 (1.508 seconds):
INFO:root:COST >> 1.7891 +/- 0.0104, % updates: 73.419%
INFO:root:-- EPOCH 28 (1.501 seconds):
INFO:root:COST >> 1.7718 +/- 0.016, % updates: 72.898%
INFO:root:-- EPOCH 29 (1.549 seconds):
INFO:root:COST >> 1.7395 +/- 0.0127, % updates: 72.341%
INFO:root:-- EPOCH 30 (1.511 seconds):
INFO:root:COST >> 1.7197 +/- 0.0161, % updates: 71.897%
INFO:root:-- EPOCH 31 (1.513 seconds):
INFO:root:COST >> 1.6956 +/- 0.008, % updates: 71.086%
INFO:root:-- EPOCH 32 (1.501 seconds):
INFO:root:COST >> 1.6705 +/- 0.0092, % updates: 70.421%
INFO:root:-- EPOCH 33 (1.536 seconds):
INFO:root:COST >> 1.6531 +/- 0.0133, % updates: 69.797%
INFO:root:-- EPOCH 34 (1.512 seconds):
INFO:root:COST >> 1.6337 +/- 0.0097, % updates: 69.385%
INFO:root:-- EPOCH 35 (1.537 seconds):
INFO:root:COST >> 1.6146 +/- 0.009, % updates: 68.827%
INFO:root:-- EPOCH 36 (1.522 seconds):
INFO:root:COST >> 1.5874 +/- 0.0123, % updates: 68.226%
INFO:root:-- EPOCH 37 (1.532 seconds):
INFO:root:COST >> 1.5649 +/- 0.0124, % updates: 67.671%
INFO:root:-- EPOCH 38 (1.524 seconds):
INFO:root:COST >> 1.5433 +/- 0.0116, % updates: 67.428%
INFO:root:-- EPOCH 39 (1.542 seconds):
INFO:root:COST >> 1.5217 +/- 0.0133, % updates: 66.986%
INFO:root:-- EPOCH 40 (1.523 seconds):
INFO:root:COST >> 1.4927 +/- 0.01, % updates: 66.634%
INFO:root:-- EPOCH 41 (1.53 seconds):
INFO:root:COST >> 1.4676 +/- 0.0117, % updates: 66.145%
INFO:root:-- EPOCH 42 (1.553 seconds):
INFO:root:COST >> 1.4437 +/- 0.0112, % updates: 65.499%
INFO:root:-- EPOCH 43 (1.534 seconds):
INFO:root:COST >> 1.4255 +/- 0.009, % updates: 65.143%
INFO:root:-- EPOCH 44 (1.543 seconds):
INFO:root:COST >> 1.4079 +/- 0.0137, % updates: 64.563%
INFO:root:-- EPOCH 45 (1.523 seconds):
INFO:root:COST >> 1.3865 +/- 0.0118, % updates: 64.056%
INFO:root:-- EPOCH 46 (1.552 seconds):
INFO:root:COST >> 1.3649 +/- 0.013, % updates: 63.476%
INFO:root:-- EPOCH 47 (1.518 seconds):
INFO:root:COST >> 1.3388 +/- 0.016, % updates: 62.893%
INFO:root:-- EPOCH 48 (1.539 seconds):
INFO:root:COST >> 1.3107 +/- 0.0123, % updates: 62.418%
INFO:root:-- EPOCH 49 (1.534 seconds):
INFO:root:COST >> 1.2836 +/- 0.0095, % updates: 61.8%
INFO:root:-- EPOCH 50 (1.529 seconds):
INFO:root:COST >> 1.2652 +/- 0.0103, % updates: 61.253%
INFO:root:-- EPOCH 51 (1.513 seconds):
INFO:root:COST >> 1.2491 +/- 0.0104, % updates: 60.649%
INFO:root:-- EPOCH 52 (1.568 seconds):
INFO:root:COST >> 1.2316 +/- 0.0061, % updates: 60.165%
INFO:root:-- EPOCH 53 (1.525 seconds):
INFO:root:COST >> 1.2059 +/- 0.0127, % updates: 59.507%
INFO:root:-- EPOCH 54 (1.499 seconds):
INFO:root:COST >> 1.1821 +/- 0.0114, % updates: 58.87%
INFO:root:-- EPOCH 55 (1.51 seconds):
INFO:root:COST >> 1.1608 +/- 0.0114, % updates: 58.203%
INFO:root:-- EPOCH 56 (1.502 seconds):
INFO:root:COST >> 1.1378 +/- 0.0083, % updates: 57.692%
INFO:root:-- EPOCH 57 (1.557 seconds):
INFO:root:COST >> 1.1204 +/- 0.0062, % updates: 57.272%
INFO:root:-- EPOCH 58 (1.559 seconds):
INFO:root:COST >> 1.1015 +/- 0.0078, % updates: 56.571%
INFO:root:-- EPOCH 59 (1.534 seconds):
INFO:root:COST >> 1.0807 +/- 0.0114, % updates: 56.14%
INFO:root:-- EPOCH 60 (1.551 seconds):
INFO:root:COST >> 1.0623 +/- 0.0072, % updates: 55.484%
INFO:root:-- EPOCH 61 (1.572 seconds):
INFO:root:COST >> 1.0492 +/- 0.01, % updates: 55.106%
INFO:root:-- EPOCH 62 (1.518 seconds):
INFO:root:COST >> 1.0327 +/- 0.013, % updates: 54.335%
INFO:root:-- EPOCH 63 (1.541 seconds):
INFO:root:COST >> 1.0136 +/- 0.0104, % updates: 53.669%
INFO:root:-- EPOCH 64 (1.525 seconds):
INFO:root:COST >> 0.9946 +/- 0.0047, % updates: 53.156%
INFO:root:-- EPOCH 65 (1.534 seconds):
INFO:root:COST >> 0.9781 +/- 0.0116, % updates: 52.68%
INFO:root:-- EPOCH 66 (1.504 seconds):
INFO:root:COST >> 0.9582 +/- 0.0088, % updates: 52.118%
INFO:root:-- EPOCH 67 (1.542 seconds):
INFO:root:COST >> 0.9413 +/- 0.0108, % updates: 51.643%
INFO:root:-- EPOCH 68 (1.502 seconds):
INFO:root:COST >> 0.9262 +/- 0.0106, % updates: 51.192%
INFO:root:-- EPOCH 69 (1.517 seconds):
INFO:root:COST >> 0.9129 +/- 0.008, % updates: 50.849%
INFO:root:-- EPOCH 70 (1.521 seconds):
INFO:root:COST >> 0.9016 +/- 0.0091, % updates: 50.358%
INFO:root:-- EPOCH 71 (1.507 seconds):
INFO:root:COST >> 0.8831 +/- 0.0117, % updates: 49.516%
INFO:root:-- EPOCH 72 (1.541 seconds):
INFO:root:COST >> 0.8636 +/- 0.0054, % updates: 48.813%
INFO:root:-- EPOCH 73 (1.505 seconds):
INFO:root:COST >> 0.8496 +/- 0.0101, % updates: 48.164%
INFO:root:-- EPOCH 74 (1.503 seconds):
INFO:root:COST >> 0.8401 +/- 0.0081, % updates: 47.932%
INFO:root:-- EPOCH 75 (1.488 seconds):
INFO:root:COST >> 0.8317 +/- 0.008, % updates: 47.564%
INFO:root:-- EPOCH 76 (1.514 seconds):
INFO:root:COST >> 0.8188 +/- 0.0068, % updates: 47.151%
INFO:root:-- EPOCH 77 (1.506 seconds):
INFO:root:COST >> 0.8095 +/- 0.0058, % updates: 46.961%
INFO:root:-- EPOCH 78 (1.521 seconds):
INFO:root:COST >> 0.7929 +/- 0.0093, % updates: 46.503%
INFO:root:-- EPOCH 79 (1.52 seconds):
INFO:root:COST >> 0.7747 +/- 0.0053, % updates: 45.914%
INFO:root:-- EPOCH 80 (1.494 seconds):
INFO:root:COST >> 0.7612 +/- 0.0072, % updates: 45.381%
INFO:root:-- EPOCH 81 (1.565 seconds):
INFO:root:COST >> 0.7529 +/- 0.0084, % updates: 44.963%
INFO:root:-- EPOCH 82 (1.554 seconds):
INFO:root:COST >> 0.7477 +/- 0.0055, % updates: 44.517%
INFO:root:-- EPOCH 83 (1.498 seconds):
INFO:root:COST >> 0.7373 +/- 0.009, % updates: 43.938%
INFO:root:-- EPOCH 84 (1.571 seconds):
INFO:root:COST >> 0.7226 +/- 0.0055, % updates: 43.349%
INFO:root:-- EPOCH 85 (1.572 seconds):
INFO:root:COST >> 0.7088 +/- 0.007, % updates: 42.776%
INFO:root:-- EPOCH 86 (1.503 seconds):
INFO:root:COST >> 0.6988 +/- 0.0066, % updates: 42.457%
INFO:root:-- EPOCH 87 (1.497 seconds):
INFO:root:COST >> 0.6962 +/- 0.0047, % updates: 42.346%
INFO:root:-- EPOCH 88 (1.5 seconds):
INFO:root:COST >> 0.684 +/- 0.0076, % updates: 42.012%
INFO:root:-- EPOCH 89 (1.488 seconds):
INFO:root:COST >> 0.677 +/- 0.0063, % updates: 41.8%
INFO:root:-- EPOCH 90 (1.535 seconds):
INFO:root:COST >> 0.666 +/- 0.0057, % updates: 41.221%
INFO:root:-- EPOCH 91 (1.516 seconds):
INFO:root:COST >> 0.6579 +/- 0.0068, % updates: 41.049%
INFO:root:-- EPOCH 92 (1.554 seconds):
INFO:root:COST >> 0.6506 +/- 0.0053, % updates: 40.528%
INFO:root:-- EPOCH 93 (1.546 seconds):
INFO:root:COST >> 0.6402 +/- 0.006, % updates: 40.153%
INFO:root:-- EPOCH 94 (1.521 seconds):
INFO:root:COST >> 0.6306 +/- 0.0082, % updates: 39.569%
INFO:root:-- EPOCH 95 (1.492 seconds):
INFO:root:COST >> 0.6275 +/- 0.0076, % updates: 39.354%
INFO:root:-- EPOCH 96 (1.562 seconds):
INFO:root:COST >> 0.6164 +/- 0.0064, % updates: 38.889%
INFO:root:-- EPOCH 97 (1.488 seconds):
INFO:root:COST >> 0.6086 +/- 0.0056, % updates: 38.708%
INFO:root:-- EPOCH 98 (1.541 seconds):
INFO:root:COST >> 0.6042 +/- 0.0053, % updates: 38.621%
INFO:root:-- EPOCH 99 (1.568 seconds):
INFO:root:COST >> 0.5928 +/- 0.0061, % updates: 38.077%
INFO:root:-- EPOCH 100 (1.557 seconds):
INFO:root:COST >> 0.5848 +/- 0.0048, % updates: 37.764%
