INFO:root:Shape for training set: (40961, 141442)
INFO:root:State: {'ndim': '20', 'test_all': 'None', 'test_path': 'None', 'nhid': '50', 'lremb': '0.1', 'seed': '1', 'simfn': 'L1', 'valid_path': 'None', 'nbatches': '10', 'lrparam': '0.1', 'decay': '0.9999', 'show_hinton_diagrams': 'False', 'no_rescaling': 'True', 'Nrel': '18', 'ranking_score_right': 'False', 'Nent': '40961', 'Nsyn': '40943', 'method': 'MOMENTUM', 'loss_margin': '1.0', 'C': '1.0', 'epsilon': '1e-06', 'use_db': 'True', 'max_lr': 'None', 'l1_param_weight': 'None', 'filtered': 'False', 'name': 'wn_opt/wn_MOMENTUM_251', 'totepochs': '100', 'l2_param_weight': 'None', 'train_path': 'data/wn/WN-train.pkl', 'op': 'TransE'}
INFO:root:Starting the Experiment ..
INFO:root:-- EPOCH 1 (1.463 seconds):
INFO:root:COST >> 2.5386 +/- 0.1817, % updates: 66.646%
INFO:root:-- EPOCH 2 (1.467 seconds):
INFO:root:COST >> 2.2166 +/- 0.189, % updates: 52.733%
INFO:root:-- EPOCH 3 (1.486 seconds):
INFO:root:COST >> 2.0939 +/- 0.1859, % updates: 50.643%
INFO:root:-- EPOCH 4 (1.514 seconds):
INFO:root:COST >> 2.0246 +/- 0.18, % updates: 49.656%
INFO:root:-- EPOCH 5 (1.522 seconds):
INFO:root:COST >> 1.9912 +/- 0.1788, % updates: 49.126%
INFO:root:-- EPOCH 6 (1.49 seconds):
INFO:root:COST >> 1.962 +/- 0.1736, % updates: 48.78%
INFO:root:-- EPOCH 7 (1.477 seconds):
INFO:root:COST >> 1.9319 +/- 0.1717, % updates: 48.603%
INFO:root:-- EPOCH 8 (1.464 seconds):
INFO:root:COST >> 1.9122 +/- 0.1685, % updates: 48.378%
INFO:root:-- EPOCH 9 (1.479 seconds):
INFO:root:COST >> 1.9003 +/- 0.174, % updates: 48.275%
INFO:root:-- EPOCH 10 (1.5 seconds):
INFO:root:COST >> 1.8963 +/- 0.1639, % updates: 48.23%
INFO:root:-- EPOCH 11 (1.486 seconds):
INFO:root:COST >> 1.8698 +/- 0.1583, % updates: 48.038%
INFO:root:-- EPOCH 12 (1.501 seconds):
INFO:root:COST >> 1.8645 +/- 0.1587, % updates: 48.028%
INFO:root:-- EPOCH 13 (1.526 seconds):
INFO:root:COST >> 1.8549 +/- 0.1645, % updates: 47.991%
INFO:root:-- EPOCH 14 (1.476 seconds):
INFO:root:COST >> 1.8451 +/- 0.1604, % updates: 47.773%
INFO:root:-- EPOCH 15 (1.516 seconds):
INFO:root:COST >> 1.8326 +/- 0.1531, % updates: 47.761%
INFO:root:-- EPOCH 16 (1.513 seconds):
INFO:root:COST >> 1.8344 +/- 0.1614, % updates: 47.839%
INFO:root:-- EPOCH 17 (1.473 seconds):
INFO:root:COST >> 1.8297 +/- 0.1636, % updates: 47.803%
INFO:root:-- EPOCH 18 (1.494 seconds):
INFO:root:COST >> 1.8205 +/- 0.1554, % updates: 47.732%
INFO:root:-- EPOCH 19 (1.497 seconds):
INFO:root:COST >> 1.8097 +/- 0.1576, % updates: 47.735%
INFO:root:-- EPOCH 20 (1.471 seconds):
INFO:root:COST >> 1.8144 +/- 0.1444, % updates: 47.669%
INFO:root:-- EPOCH 21 (1.54 seconds):
INFO:root:COST >> 1.8044 +/- 0.1584, % updates: 47.701%
INFO:root:-- EPOCH 22 (1.468 seconds):
INFO:root:COST >> 1.8038 +/- 0.1544, % updates: 47.659%
INFO:root:-- EPOCH 23 (1.48 seconds):
INFO:root:COST >> 1.8022 +/- 0.1572, % updates: 47.7%
INFO:root:-- EPOCH 24 (1.473 seconds):
INFO:root:COST >> 1.7916 +/- 0.1564, % updates: 47.518%
INFO:root:-- EPOCH 25 (1.493 seconds):
INFO:root:COST >> 1.7871 +/- 0.159, % updates: 47.632%
INFO:root:-- EPOCH 26 (1.452 seconds):
INFO:root:COST >> 1.7854 +/- 0.1413, % updates: 47.693%
INFO:root:-- EPOCH 27 (1.458 seconds):
INFO:root:COST >> 1.7838 +/- 0.161, % updates: 47.572%
INFO:root:-- EPOCH 28 (1.47 seconds):
INFO:root:COST >> 1.7789 +/- 0.1548, % updates: 47.516%
INFO:root:-- EPOCH 29 (1.454 seconds):
INFO:root:COST >> 1.7772 +/- 0.1505, % updates: 47.68%
INFO:root:-- EPOCH 30 (1.478 seconds):
INFO:root:COST >> 1.7772 +/- 0.1514, % updates: 47.639%
INFO:root:-- EPOCH 31 (1.459 seconds):
INFO:root:COST >> 1.7749 +/- 0.1497, % updates: 47.788%
INFO:root:-- EPOCH 32 (1.473 seconds):
INFO:root:COST >> 1.7728 +/- 0.1435, % updates: 47.668%
INFO:root:-- EPOCH 33 (1.468 seconds):
INFO:root:COST >> 1.7674 +/- 0.1547, % updates: 47.618%
INFO:root:-- EPOCH 34 (1.476 seconds):
INFO:root:COST >> 1.7646 +/- 0.1588, % updates: 47.624%
INFO:root:-- EPOCH 35 (1.448 seconds):
INFO:root:COST >> 1.7616 +/- 0.1491, % updates: 47.586%
INFO:root:-- EPOCH 36 (1.452 seconds):
INFO:root:COST >> 1.7584 +/- 0.1548, % updates: 47.583%
INFO:root:-- EPOCH 37 (1.454 seconds):
INFO:root:COST >> 1.7539 +/- 0.1437, % updates: 47.502%
INFO:root:-- EPOCH 38 (1.448 seconds):
INFO:root:COST >> 1.761 +/- 0.1521, % updates: 47.64%
INFO:root:-- EPOCH 39 (1.451 seconds):
INFO:root:COST >> 1.7593 +/- 0.1413, % updates: 47.61%
INFO:root:-- EPOCH 40 (1.455 seconds):
INFO:root:COST >> 1.7462 +/- 0.1422, % updates: 47.593%
INFO:root:-- EPOCH 41 (1.453 seconds):
INFO:root:COST >> 1.749 +/- 0.1467, % updates: 47.558%
INFO:root:-- EPOCH 42 (1.457 seconds):
INFO:root:COST >> 1.7457 +/- 0.1473, % updates: 47.553%
INFO:root:-- EPOCH 43 (1.468 seconds):
INFO:root:COST >> 1.7444 +/- 0.1491, % updates: 47.481%
INFO:root:-- EPOCH 44 (1.461 seconds):
INFO:root:COST >> 1.7424 +/- 0.1558, % updates: 47.469%
INFO:root:-- EPOCH 45 (1.456 seconds):
INFO:root:COST >> 1.7334 +/- 0.1474, % updates: 47.415%
INFO:root:-- EPOCH 46 (1.47 seconds):
INFO:root:COST >> 1.7367 +/- 0.1501, % updates: 47.412%
INFO:root:-- EPOCH 47 (1.456 seconds):
INFO:root:COST >> 1.7342 +/- 0.1488, % updates: 47.561%
INFO:root:-- EPOCH 48 (1.498 seconds):
INFO:root:COST >> 1.7359 +/- 0.1525, % updates: 47.472%
INFO:root:-- EPOCH 49 (1.518 seconds):
INFO:root:COST >> 1.7363 +/- 0.1504, % updates: 47.664%
INFO:root:-- EPOCH 50 (1.52 seconds):
INFO:root:COST >> 1.7374 +/- 0.1454, % updates: 47.647%
INFO:root:-- EPOCH 51 (1.492 seconds):
INFO:root:COST >> 1.7381 +/- 0.147, % updates: 47.636%
INFO:root:-- EPOCH 52 (1.472 seconds):
INFO:root:COST >> 1.729 +/- 0.1462, % updates: 47.535%
INFO:root:-- EPOCH 53 (1.536 seconds):
INFO:root:COST >> 1.7237 +/- 0.1383, % updates: 47.446%
INFO:root:-- EPOCH 54 (1.529 seconds):
INFO:root:COST >> 1.7248 +/- 0.1392, % updates: 47.525%
INFO:root:-- EPOCH 55 (1.528 seconds):
INFO:root:COST >> 1.7243 +/- 0.1441, % updates: 47.558%
INFO:root:-- EPOCH 56 (1.503 seconds):
INFO:root:COST >> 1.7174 +/- 0.1434, % updates: 47.455%
INFO:root:-- EPOCH 57 (1.474 seconds):
INFO:root:COST >> 1.7202 +/- 0.137, % updates: 47.549%
INFO:root:-- EPOCH 58 (1.468 seconds):
INFO:root:COST >> 1.7148 +/- 0.1473, % updates: 47.263%
INFO:root:-- EPOCH 59 (1.48 seconds):
INFO:root:COST >> 1.721 +/- 0.1462, % updates: 47.452%
INFO:root:-- EPOCH 60 (1.452 seconds):
INFO:root:COST >> 1.7214 +/- 0.1401, % updates: 47.609%
INFO:root:-- EPOCH 61 (1.475 seconds):
INFO:root:COST >> 1.7123 +/- 0.1387, % updates: 47.408%
INFO:root:-- EPOCH 62 (1.458 seconds):
INFO:root:COST >> 1.7183 +/- 0.1434, % updates: 47.478%
INFO:root:-- EPOCH 63 (1.466 seconds):
INFO:root:COST >> 1.712 +/- 0.1417, % updates: 47.648%
INFO:root:-- EPOCH 64 (1.493 seconds):
INFO:root:COST >> 1.7126 +/- 0.1501, % updates: 47.437%
INFO:root:-- EPOCH 65 (1.467 seconds):
INFO:root:COST >> 1.708 +/- 0.1389, % updates: 47.548%
INFO:root:-- EPOCH 66 (1.501 seconds):
INFO:root:COST >> 1.7078 +/- 0.1401, % updates: 47.512%
INFO:root:-- EPOCH 67 (1.464 seconds):
INFO:root:COST >> 1.7069 +/- 0.1395, % updates: 47.44%
INFO:root:-- EPOCH 68 (1.509 seconds):
INFO:root:COST >> 1.7071 +/- 0.1411, % updates: 47.515%
INFO:root:-- EPOCH 69 (1.457 seconds):
INFO:root:COST >> 1.7054 +/- 0.1492, % updates: 47.494%
INFO:root:-- EPOCH 70 (1.485 seconds):
INFO:root:COST >> 1.7091 +/- 0.1403, % updates: 47.622%
INFO:root:-- EPOCH 71 (1.481 seconds):
INFO:root:COST >> 1.7057 +/- 0.1361, % updates: 47.529%
INFO:root:-- EPOCH 72 (1.499 seconds):
INFO:root:COST >> 1.7066 +/- 0.147, % updates: 47.598%
INFO:root:-- EPOCH 73 (1.504 seconds):
INFO:root:COST >> 1.7049 +/- 0.143, % updates: 47.665%
INFO:root:-- EPOCH 74 (1.497 seconds):
INFO:root:COST >> 1.7039 +/- 0.1299, % updates: 47.544%
INFO:root:-- EPOCH 75 (1.494 seconds):
INFO:root:COST >> 1.7006 +/- 0.1332, % updates: 47.418%
INFO:root:-- EPOCH 76 (1.52 seconds):
INFO:root:COST >> 1.6978 +/- 0.1397, % updates: 47.473%
INFO:root:-- EPOCH 77 (1.52 seconds):
INFO:root:COST >> 1.6992 +/- 0.1446, % updates: 47.531%
INFO:root:-- EPOCH 78 (1.479 seconds):
INFO:root:COST >> 1.7014 +/- 0.1434, % updates: 47.634%
INFO:root:-- EPOCH 79 (1.511 seconds):
INFO:root:COST >> 1.6956 +/- 0.1397, % updates: 47.494%
INFO:root:-- EPOCH 80 (1.499 seconds):
INFO:root:COST >> 1.6973 +/- 0.1487, % updates: 47.565%
INFO:root:-- EPOCH 81 (1.503 seconds):
INFO:root:COST >> 1.6944 +/- 0.1381, % updates: 47.47%
INFO:root:-- EPOCH 82 (1.481 seconds):
INFO:root:COST >> 1.6974 +/- 0.1417, % updates: 47.596%
INFO:root:-- EPOCH 83 (1.518 seconds):
INFO:root:COST >> 1.6965 +/- 0.1473, % updates: 47.553%
INFO:root:-- EPOCH 84 (1.282 seconds):
INFO:root:COST >> 1.6959 +/- 0.1411, % updates: 47.519%
INFO:root:-- EPOCH 85 (1.086 seconds):
INFO:root:COST >> 1.6892 +/- 0.1346, % updates: 47.552%
INFO:root:-- EPOCH 86 (1.174 seconds):
INFO:root:COST >> 1.6965 +/- 0.1344, % updates: 47.641%
INFO:root:-- EPOCH 87 (1.189 seconds):
INFO:root:COST >> 1.6901 +/- 0.1434, % updates: 47.461%
INFO:root:-- EPOCH 88 (1.508 seconds):
INFO:root:COST >> 1.6897 +/- 0.1401, % updates: 47.456%
INFO:root:-- EPOCH 89 (1.548 seconds):
INFO:root:COST >> 1.6923 +/- 0.1427, % updates: 47.642%
INFO:root:-- EPOCH 90 (1.473 seconds):
INFO:root:COST >> 1.6872 +/- 0.1357, % updates: 47.615%
INFO:root:-- EPOCH 91 (1.509 seconds):
INFO:root:COST >> 1.6919 +/- 0.1396, % updates: 47.697%
INFO:root:-- EPOCH 92 (1.511 seconds):
INFO:root:COST >> 1.691 +/- 0.1419, % updates: 47.479%
INFO:root:-- EPOCH 93 (1.488 seconds):
INFO:root:COST >> 1.6862 +/- 0.1329, % updates: 47.53%
INFO:root:-- EPOCH 94 (1.523 seconds):
INFO:root:COST >> 1.6873 +/- 0.1378, % updates: 47.6%
INFO:root:-- EPOCH 95 (1.493 seconds):
INFO:root:COST >> 1.6828 +/- 0.1329, % updates: 47.483%
INFO:root:-- EPOCH 96 (1.48 seconds):
INFO:root:COST >> 1.6882 +/- 0.1277, % updates: 47.617%
INFO:root:-- EPOCH 97 (1.531 seconds):
INFO:root:COST >> 1.6861 +/- 0.137, % updates: 47.699%
INFO:root:-- EPOCH 98 (1.502 seconds):
INFO:root:COST >> 1.6884 +/- 0.1333, % updates: 47.57%
INFO:root:-- EPOCH 99 (1.487 seconds):
INFO:root:COST >> 1.6854 +/- 0.142, % updates: 47.71%
INFO:root:-- EPOCH 100 (1.497 seconds):
INFO:root:COST >> 1.6776 +/- 0.1391, % updates: 47.552%
