INFO:root:Shape for training set: (40961, 141442)
INFO:root:State: {'ndim': '20', 'test_all': 'None', 'test_path': 'None', 'nhid': '50', 'lremb': '0.001', 'seed': '5', 'simfn': 'L1', 'valid_path': 'None', 'nbatches': '10', 'lrparam': '0.001', 'decay': '0.9999', 'show_hinton_diagrams': 'False', 'no_rescaling': 'True', 'Nrel': '18', 'ranking_score_right': 'False', 'Nent': '40961', 'Nsyn': '40943', 'method': 'MOMENTUM', 'loss_margin': '1.0', 'C': '1.0', 'epsilon': '1e-06', 'use_db': 'True', 'max_lr': 'None', 'l1_param_weight': 'None', 'filtered': 'False', 'name': 'wn_opt/wn_MOMENTUM_155', 'totepochs': '100', 'l2_param_weight': 'None', 'train_path': 'data/wn/WN-train.pkl', 'op': 'TransE'}
INFO:root:Starting the Experiment ..
INFO:root:-- EPOCH 1 (1.532 seconds):
INFO:root:COST >> 2.0862 +/- 0.0714, % updates: 76.637%
INFO:root:-- EPOCH 2 (1.525 seconds):
INFO:root:COST >> 1.6674 +/- 0.09, % updates: 63.719%
INFO:root:-- EPOCH 3 (1.527 seconds):
INFO:root:COST >> 1.4269 +/- 0.0288, % updates: 55.475%
INFO:root:-- EPOCH 4 (1.489 seconds):
INFO:root:COST >> 1.4014 +/- 0.0337, % updates: 52.425%
INFO:root:-- EPOCH 5 (1.546 seconds):
INFO:root:COST >> 1.4045 +/- 0.0181, % updates: 51.099%
INFO:root:-- EPOCH 6 (1.471 seconds):
INFO:root:COST >> 1.384 +/- 0.0184, % updates: 50.245%
INFO:root:-- EPOCH 7 (1.499 seconds):
INFO:root:COST >> 1.3657 +/- 0.0153, % updates: 49.497%
INFO:root:-- EPOCH 8 (1.503 seconds):
INFO:root:COST >> 1.3334 +/- 0.0143, % updates: 48.443%
INFO:root:-- EPOCH 9 (1.523 seconds):
INFO:root:COST >> 1.3109 +/- 0.0149, % updates: 48.17%
INFO:root:-- EPOCH 10 (1.539 seconds):
INFO:root:COST >> 1.2951 +/- 0.0179, % updates: 48.019%
INFO:root:-- EPOCH 11 (1.521 seconds):
INFO:root:COST >> 1.2794 +/- 0.0185, % updates: 48.08%
INFO:root:-- EPOCH 12 (1.501 seconds):
INFO:root:COST >> 1.2634 +/- 0.0152, % updates: 48.022%
INFO:root:-- EPOCH 13 (1.529 seconds):
INFO:root:COST >> 1.2561 +/- 0.0159, % updates: 48.38%
INFO:root:-- EPOCH 14 (1.513 seconds):
INFO:root:COST >> 1.244 +/- 0.018, % updates: 48.502%
INFO:root:-- EPOCH 15 (1.495 seconds):
INFO:root:COST >> 1.2416 +/- 0.0181, % updates: 48.499%
INFO:root:-- EPOCH 16 (1.483 seconds):
INFO:root:COST >> 1.2487 +/- 0.0262, % updates: 48.624%
INFO:root:-- EPOCH 17 (1.523 seconds):
INFO:root:COST >> 1.257 +/- 0.0182, % updates: 49.178%
INFO:root:-- EPOCH 18 (1.499 seconds):
INFO:root:COST >> 1.2507 +/- 0.0179, % updates: 49.095%
INFO:root:-- EPOCH 19 (1.468 seconds):
INFO:root:COST >> 1.2504 +/- 0.0201, % updates: 49.006%
INFO:root:-- EPOCH 20 (1.491 seconds):
INFO:root:COST >> 1.2548 +/- 0.0221, % updates: 48.882%
INFO:root:-- EPOCH 21 (1.511 seconds):
INFO:root:COST >> 1.2488 +/- 0.0139, % updates: 48.841%
INFO:root:-- EPOCH 22 (1.514 seconds):
INFO:root:COST >> 1.2432 +/- 0.02, % updates: 48.965%
INFO:root:-- EPOCH 23 (1.512 seconds):
INFO:root:COST >> 1.2462 +/- 0.0216, % updates: 49.018%
INFO:root:-- EPOCH 24 (1.47 seconds):
INFO:root:COST >> 1.2435 +/- 0.0205, % updates: 49.208%
INFO:root:-- EPOCH 25 (1.499 seconds):
INFO:root:COST >> 1.2498 +/- 0.0209, % updates: 49.246%
INFO:root:-- EPOCH 26 (1.469 seconds):
INFO:root:COST >> 1.2513 +/- 0.0221, % updates: 49.307%
INFO:root:-- EPOCH 27 (1.516 seconds):
INFO:root:COST >> 1.2464 +/- 0.0163, % updates: 49.194%
INFO:root:-- EPOCH 28 (1.512 seconds):
INFO:root:COST >> 1.2552 +/- 0.019, % updates: 49.432%
INFO:root:-- EPOCH 29 (1.494 seconds):
INFO:root:COST >> 1.2562 +/- 0.0224, % updates: 49.385%
INFO:root:-- EPOCH 30 (1.489 seconds):
INFO:root:COST >> 1.2614 +/- 0.021, % updates: 49.552%
INFO:root:-- EPOCH 31 (1.492 seconds):
INFO:root:COST >> 1.2592 +/- 0.0178, % updates: 49.432%
INFO:root:-- EPOCH 32 (1.484 seconds):
INFO:root:COST >> 1.2717 +/- 0.0213, % updates: 49.809%
INFO:root:-- EPOCH 33 (1.513 seconds):
INFO:root:COST >> 1.2762 +/- 0.0251, % updates: 49.761%
INFO:root:-- EPOCH 34 (1.481 seconds):
INFO:root:COST >> 1.2675 +/- 0.0187, % updates: 49.64%
INFO:root:-- EPOCH 35 (1.466 seconds):
INFO:root:COST >> 1.2715 +/- 0.0175, % updates: 49.736%
INFO:root:-- EPOCH 36 (1.498 seconds):
INFO:root:COST >> 1.271 +/- 0.017, % updates: 49.573%
INFO:root:-- EPOCH 37 (1.5 seconds):
INFO:root:COST >> 1.2664 +/- 0.024, % updates: 49.547%
INFO:root:-- EPOCH 38 (1.513 seconds):
INFO:root:COST >> 1.274 +/- 0.0222, % updates: 49.644%
INFO:root:-- EPOCH 39 (1.495 seconds):
INFO:root:COST >> 1.2715 +/- 0.018, % updates: 49.619%
INFO:root:-- EPOCH 40 (1.459 seconds):
INFO:root:COST >> 1.2704 +/- 0.0214, % updates: 49.497%
INFO:root:-- EPOCH 41 (1.464 seconds):
INFO:root:COST >> 1.2659 +/- 0.0202, % updates: 49.4%
INFO:root:-- EPOCH 42 (1.505 seconds):
INFO:root:COST >> 1.2696 +/- 0.0188, % updates: 49.385%
INFO:root:-- EPOCH 43 (1.506 seconds):
INFO:root:COST >> 1.2706 +/- 0.0185, % updates: 49.376%
INFO:root:-- EPOCH 44 (1.535 seconds):
INFO:root:COST >> 1.2673 +/- 0.0163, % updates: 49.297%
INFO:root:-- EPOCH 45 (1.527 seconds):
INFO:root:COST >> 1.2682 +/- 0.0197, % updates: 49.383%
INFO:root:-- EPOCH 46 (1.497 seconds):
INFO:root:COST >> 1.2675 +/- 0.0204, % updates: 49.393%
INFO:root:-- EPOCH 47 (1.508 seconds):
INFO:root:COST >> 1.2707 +/- 0.0156, % updates: 49.432%
INFO:root:-- EPOCH 48 (1.513 seconds):
INFO:root:COST >> 1.2767 +/- 0.0205, % updates: 49.473%
INFO:root:-- EPOCH 49 (1.517 seconds):
INFO:root:COST >> 1.2688 +/- 0.0204, % updates: 49.288%
INFO:root:-- EPOCH 50 (1.491 seconds):
INFO:root:COST >> 1.2701 +/- 0.0179, % updates: 49.363%
INFO:root:-- EPOCH 51 (1.477 seconds):
INFO:root:COST >> 1.2692 +/- 0.0244, % updates: 49.309%
INFO:root:-- EPOCH 52 (1.519 seconds):
INFO:root:COST >> 1.2639 +/- 0.0221, % updates: 49.298%
INFO:root:-- EPOCH 53 (1.477 seconds):
INFO:root:COST >> 1.2753 +/- 0.0196, % updates: 49.307%
INFO:root:-- EPOCH 54 (1.5 seconds):
INFO:root:COST >> 1.2715 +/- 0.0216, % updates: 49.199%
INFO:root:-- EPOCH 55 (1.529 seconds):
INFO:root:COST >> 1.2718 +/- 0.0183, % updates: 49.297%
INFO:root:-- EPOCH 56 (1.513 seconds):
INFO:root:COST >> 1.2696 +/- 0.0207, % updates: 49.18%
INFO:root:-- EPOCH 57 (1.502 seconds):
INFO:root:COST >> 1.2722 +/- 0.0246, % updates: 49.4%
INFO:root:-- EPOCH 58 (1.498 seconds):
INFO:root:COST >> 1.2716 +/- 0.0192, % updates: 49.254%
INFO:root:-- EPOCH 59 (1.495 seconds):
INFO:root:COST >> 1.2743 +/- 0.0219, % updates: 49.409%
INFO:root:-- EPOCH 60 (1.499 seconds):
INFO:root:COST >> 1.2735 +/- 0.0244, % updates: 49.447%
INFO:root:-- EPOCH 61 (1.48 seconds):
INFO:root:COST >> 1.2756 +/- 0.0206, % updates: 49.343%
INFO:root:-- EPOCH 62 (1.497 seconds):
INFO:root:COST >> 1.2738 +/- 0.0145, % updates: 49.297%
INFO:root:-- EPOCH 63 (1.525 seconds):
INFO:root:COST >> 1.2748 +/- 0.0175, % updates: 49.341%
INFO:root:-- EPOCH 64 (1.498 seconds):
INFO:root:COST >> 1.2736 +/- 0.028, % updates: 49.177%
INFO:root:-- EPOCH 65 (1.516 seconds):
INFO:root:COST >> 1.2739 +/- 0.0186, % updates: 49.267%
INFO:root:-- EPOCH 66 (1.517 seconds):
INFO:root:COST >> 1.277 +/- 0.02, % updates: 49.113%
INFO:root:-- EPOCH 67 (1.509 seconds):
INFO:root:COST >> 1.275 +/- 0.0204, % updates: 49.178%
INFO:root:-- EPOCH 68 (1.503 seconds):
INFO:root:COST >> 1.2743 +/- 0.0209, % updates: 49.135%
INFO:root:-- EPOCH 69 (1.546 seconds):
INFO:root:COST >> 1.2713 +/- 0.0264, % updates: 49.147%
INFO:root:-- EPOCH 70 (1.51 seconds):
INFO:root:COST >> 1.2757 +/- 0.0207, % updates: 49.207%
INFO:root:-- EPOCH 71 (1.502 seconds):
INFO:root:COST >> 1.2734 +/- 0.0178, % updates: 49.248%
INFO:root:-- EPOCH 72 (1.506 seconds):
INFO:root:COST >> 1.2768 +/- 0.0214, % updates: 49.227%
INFO:root:-- EPOCH 73 (1.505 seconds):
INFO:root:COST >> 1.2756 +/- 0.0239, % updates: 49.292%
INFO:root:-- EPOCH 74 (1.521 seconds):
INFO:root:COST >> 1.2779 +/- 0.0145, % updates: 49.268%
INFO:root:-- EPOCH 75 (1.486 seconds):
INFO:root:COST >> 1.2756 +/- 0.0193, % updates: 49.208%
INFO:root:-- EPOCH 76 (1.511 seconds):
INFO:root:COST >> 1.2759 +/- 0.0183, % updates: 49.329%
INFO:root:-- EPOCH 77 (1.506 seconds):
INFO:root:COST >> 1.2724 +/- 0.0223, % updates: 49.069%
INFO:root:-- EPOCH 78 (1.473 seconds):
INFO:root:COST >> 1.2743 +/- 0.0156, % updates: 49.119%
INFO:root:-- EPOCH 79 (1.296 seconds):
INFO:root:COST >> 1.2799 +/- 0.0234, % updates: 49.166%
INFO:root:-- EPOCH 80 (1.142 seconds):
INFO:root:COST >> 1.2747 +/- 0.0166, % updates: 49.183%
INFO:root:-- EPOCH 81 (1.16 seconds):
INFO:root:COST >> 1.2737 +/- 0.0214, % updates: 49.163%
INFO:root:-- EPOCH 82 (1.179 seconds):
INFO:root:COST >> 1.2775 +/- 0.022, % updates: 49.132%
INFO:root:-- EPOCH 83 (1.4 seconds):
INFO:root:COST >> 1.2765 +/- 0.0205, % updates: 49.272%
INFO:root:-- EPOCH 84 (1.485 seconds):
INFO:root:COST >> 1.2743 +/- 0.024, % updates: 49.169%
INFO:root:-- EPOCH 85 (1.508 seconds):
INFO:root:COST >> 1.2723 +/- 0.021, % updates: 48.993%
INFO:root:-- EPOCH 86 (1.491 seconds):
INFO:root:COST >> 1.2737 +/- 0.0178, % updates: 48.975%
INFO:root:-- EPOCH 87 (1.489 seconds):
INFO:root:COST >> 1.278 +/- 0.0148, % updates: 49.172%
INFO:root:-- EPOCH 88 (1.526 seconds):
INFO:root:COST >> 1.2729 +/- 0.022, % updates: 48.988%
INFO:root:-- EPOCH 89 (1.465 seconds):
INFO:root:COST >> 1.2783 +/- 0.0223, % updates: 49.128%
INFO:root:-- EPOCH 90 (1.483 seconds):
INFO:root:COST >> 1.2755 +/- 0.0193, % updates: 49.062%
INFO:root:-- EPOCH 91 (1.487 seconds):
INFO:root:COST >> 1.2786 +/- 0.0118, % updates: 49.005%
INFO:root:-- EPOCH 92 (1.555 seconds):
INFO:root:COST >> 1.2763 +/- 0.0248, % updates: 49.029%
INFO:root:-- EPOCH 93 (1.5 seconds):
INFO:root:COST >> 1.2811 +/- 0.0183, % updates: 49.096%
INFO:root:-- EPOCH 94 (1.524 seconds):
INFO:root:COST >> 1.2746 +/- 0.0202, % updates: 48.936%
INFO:root:-- EPOCH 95 (1.48 seconds):
INFO:root:COST >> 1.2796 +/- 0.0173, % updates: 49.11%
INFO:root:-- EPOCH 96 (1.56 seconds):
INFO:root:COST >> 1.277 +/- 0.0158, % updates: 49.096%
INFO:root:-- EPOCH 97 (1.494 seconds):
INFO:root:COST >> 1.2757 +/- 0.019, % updates: 48.953%
INFO:root:-- EPOCH 98 (1.503 seconds):
INFO:root:COST >> 1.2768 +/- 0.027, % updates: 48.97%
INFO:root:-- EPOCH 99 (1.533 seconds):
INFO:root:COST >> 1.2734 +/- 0.0216, % updates: 48.87%
INFO:root:-- EPOCH 100 (1.494 seconds):
INFO:root:COST >> 1.2803 +/- 0.0242, % updates: 49.061%
