INFO:root:Shape for training set: (40961, 141442)
INFO:root:State: {'ndim': '20', 'test_all': 'None', 'test_path': 'None', 'nhid': '50', 'lremb': '10.0', 'seed': '1', 'simfn': 'L1', 'valid_path': 'None', 'nbatches': '10', 'lrparam': '10.0', 'decay': '0.999', 'show_hinton_diagrams': 'False', 'no_rescaling': 'True', 'Nrel': '18', 'ranking_score_right': 'False', 'Nent': '40961', 'Nsyn': '40943', 'method': 'MOMENTUM', 'loss_margin': '1.0', 'C': '1.0', 'epsilon': '1e-06', 'use_db': 'True', 'max_lr': 'None', 'l1_param_weight': 'None', 'filtered': 'False', 'name': 'wn_opt/wn_MOMENTUM_361', 'totepochs': '100', 'l2_param_weight': 'None', 'train_path': 'data/wn/WN-train.pkl', 'op': 'TransE'}
INFO:root:Starting the Experiment ..
INFO:root:-- EPOCH 1 (1.569 seconds):
INFO:root:COST >> 2.8183 +/- 0.2616, % updates: 66.298%
INFO:root:-- EPOCH 2 (1.534 seconds):
INFO:root:COST >> 2.4259 +/- 0.1925, % updates: 54.054%
INFO:root:-- EPOCH 3 (1.513 seconds):
INFO:root:COST >> 2.2668 +/- 0.1876, % updates: 51.993%
INFO:root:-- EPOCH 4 (1.54 seconds):
INFO:root:COST >> 2.1677 +/- 0.1877, % updates: 50.782%
INFO:root:-- EPOCH 5 (1.519 seconds):
INFO:root:COST >> 2.1282 +/- 0.1915, % updates: 50.346%
INFO:root:-- EPOCH 6 (1.512 seconds):
INFO:root:COST >> 2.0928 +/- 0.1782, % updates: 49.959%
INFO:root:-- EPOCH 7 (1.519 seconds):
INFO:root:COST >> 2.0548 +/- 0.178, % updates: 49.595%
INFO:root:-- EPOCH 8 (1.529 seconds):
INFO:root:COST >> 2.0288 +/- 0.1756, % updates: 49.34%
INFO:root:-- EPOCH 9 (1.497 seconds):
INFO:root:COST >> 2.0215 +/- 0.1832, % updates: 49.365%
INFO:root:-- EPOCH 10 (1.495 seconds):
INFO:root:COST >> 2.0047 +/- 0.1762, % updates: 49.178%
INFO:root:-- EPOCH 11 (1.508 seconds):
INFO:root:COST >> 1.9812 +/- 0.1703, % updates: 48.919%
INFO:root:-- EPOCH 12 (1.508 seconds):
INFO:root:COST >> 1.9693 +/- 0.1673, % updates: 48.924%
INFO:root:-- EPOCH 13 (1.535 seconds):
INFO:root:COST >> 1.959 +/- 0.1718, % updates: 48.814%
INFO:root:-- EPOCH 14 (1.525 seconds):
INFO:root:COST >> 1.9511 +/- 0.1623, % updates: 48.678%
INFO:root:-- EPOCH 15 (1.477 seconds):
INFO:root:COST >> 1.9327 +/- 0.1652, % updates: 48.629%
INFO:root:-- EPOCH 16 (1.535 seconds):
INFO:root:COST >> 1.9406 +/- 0.1656, % updates: 48.701%
INFO:root:-- EPOCH 17 (1.518 seconds):
INFO:root:COST >> 1.9332 +/- 0.1728, % updates: 48.53%
INFO:root:-- EPOCH 18 (1.511 seconds):
INFO:root:COST >> 1.9291 +/- 0.1578, % updates: 48.697%
INFO:root:-- EPOCH 19 (1.521 seconds):
INFO:root:COST >> 1.9025 +/- 0.1638, % updates: 48.393%
INFO:root:-- EPOCH 20 (1.552 seconds):
INFO:root:COST >> 1.911 +/- 0.1553, % updates: 48.442%
INFO:root:-- EPOCH 21 (1.511 seconds):
INFO:root:COST >> 1.9046 +/- 0.1616, % updates: 48.4%
INFO:root:-- EPOCH 22 (1.526 seconds):
INFO:root:COST >> 1.9079 +/- 0.1643, % updates: 48.481%
INFO:root:-- EPOCH 23 (1.573 seconds):
INFO:root:COST >> 1.9014 +/- 0.1625, % updates: 48.489%
INFO:root:-- EPOCH 24 (1.532 seconds):
INFO:root:COST >> 1.8916 +/- 0.1611, % updates: 48.312%
INFO:root:-- EPOCH 25 (1.539 seconds):
INFO:root:COST >> 1.8931 +/- 0.1679, % updates: 48.43%
INFO:root:-- EPOCH 26 (1.504 seconds):
INFO:root:COST >> 1.8864 +/- 0.1469, % updates: 48.221%
INFO:root:-- EPOCH 27 (1.519 seconds):
INFO:root:COST >> 1.8875 +/- 0.1669, % updates: 48.301%
INFO:root:-- EPOCH 28 (1.502 seconds):
INFO:root:COST >> 1.8809 +/- 0.163, % updates: 48.388%
INFO:root:-- EPOCH 29 (1.499 seconds):
INFO:root:COST >> 1.8803 +/- 0.1577, % updates: 48.263%
INFO:root:-- EPOCH 30 (1.501 seconds):
INFO:root:COST >> 1.8774 +/- 0.1591, % updates: 48.343%
INFO:root:-- EPOCH 31 (1.512 seconds):
INFO:root:COST >> 1.8736 +/- 0.1577, % updates: 48.411%
INFO:root:-- EPOCH 32 (1.487 seconds):
INFO:root:COST >> 1.8755 +/- 0.1477, % updates: 48.279%
INFO:root:-- EPOCH 33 (1.569 seconds):
INFO:root:COST >> 1.8654 +/- 0.1634, % updates: 48.387%
INFO:root:-- EPOCH 34 (1.529 seconds):
INFO:root:COST >> 1.8711 +/- 0.1637, % updates: 48.273%
INFO:root:-- EPOCH 35 (1.515 seconds):
INFO:root:COST >> 1.8631 +/- 0.1544, % updates: 48.273%
INFO:root:-- EPOCH 36 (1.494 seconds):
INFO:root:COST >> 1.8577 +/- 0.1571, % updates: 48.143%
INFO:root:-- EPOCH 37 (1.519 seconds):
INFO:root:COST >> 1.8569 +/- 0.1515, % updates: 48.193%
INFO:root:-- EPOCH 38 (1.496 seconds):
INFO:root:COST >> 1.8636 +/- 0.1605, % updates: 48.267%
INFO:root:-- EPOCH 39 (1.492 seconds):
INFO:root:COST >> 1.8665 +/- 0.1521, % updates: 48.318%
INFO:root:-- EPOCH 40 (1.509 seconds):
INFO:root:COST >> 1.855 +/- 0.1516, % updates: 48.248%
INFO:root:-- EPOCH 41 (1.528 seconds):
INFO:root:COST >> 1.8525 +/- 0.1627, % updates: 48.13%
INFO:root:-- EPOCH 42 (1.529 seconds):
INFO:root:COST >> 1.8456 +/- 0.1595, % updates: 48.209%
INFO:root:-- EPOCH 43 (1.502 seconds):
INFO:root:COST >> 1.8504 +/- 0.1519, % updates: 48.172%
INFO:root:-- EPOCH 44 (1.509 seconds):
INFO:root:COST >> 1.8479 +/- 0.1583, % updates: 48.125%
INFO:root:-- EPOCH 45 (1.492 seconds):
INFO:root:COST >> 1.8434 +/- 0.1526, % updates: 48.135%
INFO:root:-- EPOCH 46 (1.511 seconds):
INFO:root:COST >> 1.8418 +/- 0.1592, % updates: 48.077%
INFO:root:-- EPOCH 47 (1.517 seconds):
INFO:root:COST >> 1.8408 +/- 0.1536, % updates: 48.183%
INFO:root:-- EPOCH 48 (1.546 seconds):
INFO:root:COST >> 1.8402 +/- 0.1561, % updates: 48.098%
INFO:root:-- EPOCH 49 (1.491 seconds):
INFO:root:COST >> 1.8442 +/- 0.1602, % updates: 48.115%
INFO:root:-- EPOCH 50 (1.481 seconds):
INFO:root:COST >> 1.8487 +/- 0.1498, % updates: 48.329%
INFO:root:-- EPOCH 51 (1.531 seconds):
INFO:root:COST >> 1.8469 +/- 0.1525, % updates: 48.228%
INFO:root:-- EPOCH 52 (1.491 seconds):
INFO:root:COST >> 1.8377 +/- 0.157, % updates: 48.113%
INFO:root:-- EPOCH 53 (1.522 seconds):
INFO:root:COST >> 1.8375 +/- 0.1438, % updates: 48.079%
INFO:root:-- EPOCH 54 (1.484 seconds):
INFO:root:COST >> 1.8418 +/- 0.1526, % updates: 48.179%
INFO:root:-- EPOCH 55 (1.473 seconds):
INFO:root:COST >> 1.8345 +/- 0.1543, % updates: 48.106%
INFO:root:-- EPOCH 56 (1.462 seconds):
INFO:root:COST >> 1.832 +/- 0.1478, % updates: 48.045%
INFO:root:-- EPOCH 57 (1.477 seconds):
INFO:root:COST >> 1.8379 +/- 0.1435, % updates: 48.15%
INFO:root:-- EPOCH 58 (1.523 seconds):
INFO:root:COST >> 1.829 +/- 0.1589, % updates: 47.903%
INFO:root:-- EPOCH 59 (1.517 seconds):
INFO:root:COST >> 1.8367 +/- 0.1552, % updates: 48.037%
INFO:root:-- EPOCH 60 (1.534 seconds):
INFO:root:COST >> 1.8349 +/- 0.1505, % updates: 48.209%
INFO:root:-- EPOCH 61 (1.531 seconds):
INFO:root:COST >> 1.8283 +/- 0.146, % updates: 48.058%
INFO:root:-- EPOCH 62 (1.554 seconds):
INFO:root:COST >> 1.8301 +/- 0.1557, % updates: 48.069%
INFO:root:-- EPOCH 63 (1.561 seconds):
INFO:root:COST >> 1.828 +/- 0.151, % updates: 48.152%
INFO:root:-- EPOCH 64 (1.539 seconds):
INFO:root:COST >> 1.8311 +/- 0.1648, % updates: 48.082%
INFO:root:-- EPOCH 65 (1.552 seconds):
INFO:root:COST >> 1.8264 +/- 0.1485, % updates: 48.166%
INFO:root:-- EPOCH 66 (1.536 seconds):
INFO:root:COST >> 1.8272 +/- 0.1488, % updates: 48.2%
INFO:root:-- EPOCH 67 (1.542 seconds):
INFO:root:COST >> 1.8201 +/- 0.152, % updates: 48.068%
INFO:root:-- EPOCH 68 (1.53 seconds):
INFO:root:COST >> 1.8248 +/- 0.1496, % updates: 47.996%
INFO:root:-- EPOCH 69 (1.564 seconds):
INFO:root:COST >> 1.8282 +/- 0.1581, % updates: 48.036%
INFO:root:-- EPOCH 70 (1.548 seconds):
INFO:root:COST >> 1.8293 +/- 0.1529, % updates: 48.146%
INFO:root:-- EPOCH 71 (1.538 seconds):
INFO:root:COST >> 1.8234 +/- 0.1452, % updates: 48.069%
INFO:root:-- EPOCH 72 (1.53 seconds):
INFO:root:COST >> 1.823 +/- 0.1649, % updates: 47.992%
INFO:root:-- EPOCH 73 (1.482 seconds):
INFO:root:COST >> 1.8297 +/- 0.1469, % updates: 48.232%
INFO:root:-- EPOCH 74 (1.494 seconds):
INFO:root:COST >> 1.8257 +/- 0.1407, % updates: 48.127%
INFO:root:-- EPOCH 75 (1.509 seconds):
INFO:root:COST >> 1.8217 +/- 0.1469, % updates: 47.954%
INFO:root:-- EPOCH 76 (1.521 seconds):
INFO:root:COST >> 1.8215 +/- 0.1504, % updates: 48.084%
INFO:root:-- EPOCH 77 (1.119 seconds):
INFO:root:COST >> 1.8236 +/- 0.1568, % updates: 48.029%
INFO:root:-- EPOCH 78 (1.137 seconds):
INFO:root:COST >> 1.8288 +/- 0.1545, % updates: 48.188%
INFO:root:-- EPOCH 79 (1.163 seconds):
INFO:root:COST >> 1.8192 +/- 0.1486, % updates: 48.053%
INFO:root:-- EPOCH 80 (1.169 seconds):
INFO:root:COST >> 1.8186 +/- 0.158, % updates: 47.911%
INFO:root:-- EPOCH 81 (1.414 seconds):
INFO:root:COST >> 1.8189 +/- 0.1533, % updates: 48.037%
INFO:root:-- EPOCH 82 (1.526 seconds):
INFO:root:COST >> 1.8201 +/- 0.1574, % updates: 48.106%
INFO:root:-- EPOCH 83 (1.519 seconds):
INFO:root:COST >> 1.8178 +/- 0.1551, % updates: 47.984%
INFO:root:-- EPOCH 84 (1.506 seconds):
INFO:root:COST >> 1.8213 +/- 0.153, % updates: 48.032%
INFO:root:-- EPOCH 85 (1.556 seconds):
INFO:root:COST >> 1.8165 +/- 0.1409, % updates: 47.965%
INFO:root:-- EPOCH 86 (1.521 seconds):
INFO:root:COST >> 1.8203 +/- 0.149, % updates: 48.05%
INFO:root:-- EPOCH 87 (1.486 seconds):
INFO:root:COST >> 1.8175 +/- 0.1523, % updates: 47.991%
INFO:root:-- EPOCH 88 (1.472 seconds):
INFO:root:COST >> 1.815 +/- 0.1532, % updates: 47.926%
INFO:root:-- EPOCH 89 (1.5 seconds):
INFO:root:COST >> 1.819 +/- 0.1545, % updates: 48.171%
INFO:root:-- EPOCH 90 (1.477 seconds):
INFO:root:COST >> 1.8177 +/- 0.1483, % updates: 48.104%
INFO:root:-- EPOCH 91 (1.503 seconds):
INFO:root:COST >> 1.8205 +/- 0.155, % updates: 48.153%
INFO:root:-- EPOCH 92 (1.537 seconds):
INFO:root:COST >> 1.8195 +/- 0.1529, % updates: 48.079%
INFO:root:-- EPOCH 93 (1.539 seconds):
INFO:root:COST >> 1.8137 +/- 0.1417, % updates: 47.896%
INFO:root:-- EPOCH 94 (1.517 seconds):
INFO:root:COST >> 1.8209 +/- 0.1488, % updates: 48.17%
INFO:root:-- EPOCH 95 (1.479 seconds):
INFO:root:COST >> 1.8139 +/- 0.1475, % updates: 47.928%
INFO:root:-- EPOCH 96 (1.497 seconds):
INFO:root:COST >> 1.8189 +/- 0.1414, % updates: 48.136%
INFO:root:-- EPOCH 97 (1.52 seconds):
INFO:root:COST >> 1.8137 +/- 0.1485, % updates: 48.108%
INFO:root:-- EPOCH 98 (1.494 seconds):
INFO:root:COST >> 1.8194 +/- 0.1464, % updates: 48.063%
INFO:root:-- EPOCH 99 (1.525 seconds):
INFO:root:COST >> 1.818 +/- 0.1535, % updates: 48.213%
INFO:root:-- EPOCH 100 (1.534 seconds):
INFO:root:COST >> 1.8121 +/- 0.1497, % updates: 47.98%
