INFO:root:Shape for training set: (40961, 141442)
INFO:root:State: {'ndim': '20', 'test_all': 'None', 'test_path': 'None', 'nhid': '50', 'lremb': '1.0', 'seed': '2', 'simfn': 'L1', 'valid_path': 'None', 'nbatches': '10', 'lrparam': '1.0', 'decay': '0.9', 'show_hinton_diagrams': 'False', 'no_rescaling': 'True', 'Nrel': '18', 'ranking_score_right': 'False', 'Nent': '40961', 'Nsyn': '40943', 'method': 'MOMENTUM', 'loss_margin': '1.0', 'C': '1.0', 'epsilon': '1e-06', 'use_db': 'True', 'max_lr': 'None', 'l1_param_weight': 'None', 'filtered': 'False', 'name': 'wn_opt/wn_MOMENTUM_332', 'totepochs': '100', 'l2_param_weight': 'None', 'train_path': 'data/wn/WN-train.pkl', 'op': 'TransE'}
INFO:root:Starting the Experiment ..
INFO:root:-- EPOCH 1 (1.473 seconds):
INFO:root:COST >> 2.8738 +/- 0.3048, % updates: 64.845%
INFO:root:-- EPOCH 2 (1.466 seconds):
INFO:root:COST >> 2.8516 +/- 0.2932, % updates: 54.706%
INFO:root:-- EPOCH 3 (1.474 seconds):
INFO:root:COST >> 2.8952 +/- 0.2952, % updates: 54.081%
INFO:root:-- EPOCH 4 (1.454 seconds):
INFO:root:COST >> 2.9116 +/- 0.2967, % updates: 54.196%
INFO:root:-- EPOCH 5 (1.476 seconds):
INFO:root:COST >> 2.9066 +/- 0.2835, % updates: 54.128%
INFO:root:-- EPOCH 6 (1.489 seconds):
INFO:root:COST >> 2.9157 +/- 0.2841, % updates: 54.24%
INFO:root:-- EPOCH 7 (1.465 seconds):
INFO:root:COST >> 2.9041 +/- 0.2848, % updates: 54.114%
INFO:root:-- EPOCH 8 (1.471 seconds):
INFO:root:COST >> 2.8967 +/- 0.2735, % updates: 54.048%
INFO:root:-- EPOCH 9 (1.458 seconds):
INFO:root:COST >> 2.9006 +/- 0.2695, % updates: 54.211%
INFO:root:-- EPOCH 10 (1.459 seconds):
INFO:root:COST >> 2.9117 +/- 0.2782, % updates: 54.137%
INFO:root:-- EPOCH 11 (1.495 seconds):
INFO:root:COST >> 2.9013 +/- 0.2801, % updates: 54.16%
INFO:root:-- EPOCH 12 (1.484 seconds):
INFO:root:COST >> 2.911 +/- 0.2706, % updates: 54.119%
INFO:root:-- EPOCH 13 (1.504 seconds):
INFO:root:COST >> 2.9038 +/- 0.2847, % updates: 54.204%
INFO:root:-- EPOCH 14 (1.447 seconds):
INFO:root:COST >> 2.9017 +/- 0.272, % updates: 54.074%
INFO:root:-- EPOCH 15 (1.142 seconds):
INFO:root:COST >> 2.9027 +/- 0.2868, % updates: 54.101%
INFO:root:-- EPOCH 16 (1.103 seconds):
INFO:root:COST >> 2.9022 +/- 0.2761, % updates: 54.139%
INFO:root:-- EPOCH 17 (1.179 seconds):
INFO:root:COST >> 2.917 +/- 0.2903, % updates: 54.303%
INFO:root:-- EPOCH 18 (1.144 seconds):
INFO:root:COST >> 2.9047 +/- 0.279, % updates: 54.165%
INFO:root:-- EPOCH 19 (1.481 seconds):
INFO:root:COST >> 2.91 +/- 0.272, % updates: 54.117%
INFO:root:-- EPOCH 20 (1.467 seconds):
INFO:root:COST >> 2.9198 +/- 0.2795, % updates: 54.224%
INFO:root:-- EPOCH 21 (1.464 seconds):
INFO:root:COST >> 2.9077 +/- 0.2737, % updates: 54.172%
INFO:root:-- EPOCH 22 (1.457 seconds):
INFO:root:COST >> 2.9117 +/- 0.2862, % updates: 54.198%
INFO:root:-- EPOCH 23 (1.477 seconds):
INFO:root:COST >> 2.9113 +/- 0.2787, % updates: 54.124%
INFO:root:-- EPOCH 24 (1.483 seconds):
INFO:root:COST >> 2.9257 +/- 0.287, % updates: 54.292%
INFO:root:-- EPOCH 25 (1.483 seconds):
INFO:root:COST >> 2.9237 +/- 0.272, % updates: 54.242%
INFO:root:-- EPOCH 26 (1.484 seconds):
INFO:root:COST >> 2.9122 +/- 0.2728, % updates: 54.321%
INFO:root:-- EPOCH 27 (1.473 seconds):
INFO:root:COST >> 2.8994 +/- 0.2799, % updates: 54.169%
INFO:root:-- EPOCH 28 (1.462 seconds):
INFO:root:COST >> 2.9053 +/- 0.2779, % updates: 54.101%
INFO:root:-- EPOCH 29 (1.465 seconds):
INFO:root:COST >> 2.9144 +/- 0.2626, % updates: 54.24%
INFO:root:-- EPOCH 30 (1.471 seconds):
INFO:root:COST >> 2.9026 +/- 0.2793, % updates: 54.086%
INFO:root:-- EPOCH 31 (1.526 seconds):
INFO:root:COST >> 2.9218 +/- 0.2743, % updates: 54.285%
INFO:root:-- EPOCH 32 (1.471 seconds):
INFO:root:COST >> 2.9069 +/- 0.2899, % updates: 54.152%
INFO:root:-- EPOCH 33 (1.527 seconds):
INFO:root:COST >> 2.9012 +/- 0.2831, % updates: 54.126%
INFO:root:-- EPOCH 34 (1.51 seconds):
INFO:root:COST >> 2.9039 +/- 0.2686, % updates: 54.224%
INFO:root:-- EPOCH 35 (1.508 seconds):
INFO:root:COST >> 2.905 +/- 0.2761, % updates: 54.096%
INFO:root:-- EPOCH 36 (1.531 seconds):
INFO:root:COST >> 2.9126 +/- 0.2849, % updates: 54.129%
INFO:root:-- EPOCH 37 (1.533 seconds):
INFO:root:COST >> 2.9053 +/- 0.2871, % updates: 54.082%
INFO:root:-- EPOCH 38 (1.508 seconds):
INFO:root:COST >> 2.9075 +/- 0.2663, % updates: 54.159%
INFO:root:-- EPOCH 39 (1.464 seconds):
INFO:root:COST >> 2.905 +/- 0.2742, % updates: 54.108%
INFO:root:-- EPOCH 40 (1.456 seconds):
INFO:root:COST >> 2.9143 +/- 0.2809, % updates: 54.251%
INFO:root:-- EPOCH 41 (1.444 seconds):
INFO:root:COST >> 2.915 +/- 0.2746, % updates: 54.195%
INFO:root:-- EPOCH 42 (1.496 seconds):
INFO:root:COST >> 2.9033 +/- 0.2707, % updates: 54.186%
INFO:root:-- EPOCH 43 (1.489 seconds):
INFO:root:COST >> 2.908 +/- 0.2776, % updates: 54.163%
INFO:root:-- EPOCH 44 (1.473 seconds):
INFO:root:COST >> 2.9036 +/- 0.2784, % updates: 54.112%
INFO:root:-- EPOCH 45 (1.477 seconds):
INFO:root:COST >> 2.9089 +/- 0.287, % updates: 54.111%
INFO:root:-- EPOCH 46 (1.474 seconds):
INFO:root:COST >> 2.909 +/- 0.2779, % updates: 54.171%
INFO:root:-- EPOCH 47 (1.473 seconds):
INFO:root:COST >> 2.9059 +/- 0.2741, % updates: 54.075%
INFO:root:-- EPOCH 48 (1.457 seconds):
INFO:root:COST >> 2.8977 +/- 0.2814, % updates: 53.974%
INFO:root:-- EPOCH 49 (1.434 seconds):
INFO:root:COST >> 2.9183 +/- 0.2928, % updates: 54.396%
INFO:root:-- EPOCH 50 (1.451 seconds):
INFO:root:COST >> 2.9054 +/- 0.2796, % updates: 54.07%
INFO:root:-- EPOCH 51 (1.512 seconds):
INFO:root:COST >> 2.9073 +/- 0.2785, % updates: 54.049%
INFO:root:-- EPOCH 52 (1.467 seconds):
INFO:root:COST >> 2.914 +/- 0.2742, % updates: 54.134%
INFO:root:-- EPOCH 53 (1.46 seconds):
INFO:root:COST >> 2.9035 +/- 0.2852, % updates: 54.093%
INFO:root:-- EPOCH 54 (1.477 seconds):
INFO:root:COST >> 2.9019 +/- 0.2739, % updates: 54.199%
INFO:root:-- EPOCH 55 (1.482 seconds):
INFO:root:COST >> 2.9068 +/- 0.2755, % updates: 54.233%
INFO:root:-- EPOCH 56 (1.467 seconds):
INFO:root:COST >> 2.9109 +/- 0.2748, % updates: 54.158%
INFO:root:-- EPOCH 57 (1.467 seconds):
INFO:root:COST >> 2.9045 +/- 0.2698, % updates: 54.195%
INFO:root:-- EPOCH 58 (1.441 seconds):
INFO:root:COST >> 2.8983 +/- 0.2776, % updates: 54.075%
INFO:root:-- EPOCH 59 (1.459 seconds):
INFO:root:COST >> 2.8954 +/- 0.2628, % updates: 54.03%
INFO:root:-- EPOCH 60 (1.478 seconds):
INFO:root:COST >> 2.9052 +/- 0.2803, % updates: 54.109%
INFO:root:-- EPOCH 61 (1.449 seconds):
INFO:root:COST >> 2.9034 +/- 0.283, % updates: 54.056%
INFO:root:-- EPOCH 62 (1.454 seconds):
INFO:root:COST >> 2.9125 +/- 0.2865, % updates: 54.071%
INFO:root:-- EPOCH 63 (1.447 seconds):
INFO:root:COST >> 2.9032 +/- 0.28, % updates: 54.158%
INFO:root:-- EPOCH 64 (1.454 seconds):
INFO:root:COST >> 2.9055 +/- 0.2744, % updates: 54.152%
INFO:root:-- EPOCH 65 (1.466 seconds):
INFO:root:COST >> 2.9214 +/- 0.2819, % updates: 54.298%
INFO:root:-- EPOCH 66 (1.453 seconds):
INFO:root:COST >> 2.9025 +/- 0.2907, % updates: 54.068%
INFO:root:-- EPOCH 67 (1.465 seconds):
INFO:root:COST >> 2.9108 +/- 0.2727, % updates: 54.214%
INFO:root:-- EPOCH 68 (1.462 seconds):
INFO:root:COST >> 2.9017 +/- 0.2708, % updates: 54.153%
INFO:root:-- EPOCH 69 (1.482 seconds):
INFO:root:COST >> 2.9094 +/- 0.2792, % updates: 54.084%
INFO:root:-- EPOCH 70 (1.475 seconds):
INFO:root:COST >> 2.9134 +/- 0.2828, % updates: 54.119%
INFO:root:-- EPOCH 71 (1.447 seconds):
INFO:root:COST >> 2.9057 +/- 0.2778, % updates: 54.184%
INFO:root:-- EPOCH 72 (1.472 seconds):
INFO:root:COST >> 2.914 +/- 0.2748, % updates: 54.365%
INFO:root:-- EPOCH 73 (1.454 seconds):
INFO:root:COST >> 2.8981 +/- 0.2657, % updates: 54.044%
INFO:root:-- EPOCH 74 (1.451 seconds):
INFO:root:COST >> 2.8991 +/- 0.2863, % updates: 54.045%
INFO:root:-- EPOCH 75 (1.491 seconds):
INFO:root:COST >> 2.912 +/- 0.2774, % updates: 54.206%
INFO:root:-- EPOCH 76 (1.464 seconds):
INFO:root:COST >> 2.9029 +/- 0.2767, % updates: 54.084%
INFO:root:-- EPOCH 77 (1.511 seconds):
INFO:root:COST >> 2.9197 +/- 0.2898, % updates: 54.311%
INFO:root:-- EPOCH 78 (1.521 seconds):
INFO:root:COST >> 2.9091 +/- 0.2854, % updates: 54.222%
INFO:root:-- EPOCH 79 (1.51 seconds):
INFO:root:COST >> 2.9177 +/- 0.2814, % updates: 54.208%
INFO:root:-- EPOCH 80 (1.523 seconds):
INFO:root:COST >> 2.9169 +/- 0.2878, % updates: 54.215%
INFO:root:-- EPOCH 81 (1.517 seconds):
INFO:root:COST >> 2.9103 +/- 0.2871, % updates: 54.188%
INFO:root:-- EPOCH 82 (1.5 seconds):
INFO:root:COST >> 2.9048 +/- 0.2811, % updates: 54.125%
INFO:root:-- EPOCH 83 (1.491 seconds):
INFO:root:COST >> 2.9101 +/- 0.2772, % updates: 54.168%
INFO:root:-- EPOCH 84 (1.508 seconds):
INFO:root:COST >> 2.9044 +/- 0.2826, % updates: 54.093%
INFO:root:-- EPOCH 85 (1.478 seconds):
INFO:root:COST >> 2.8982 +/- 0.2752, % updates: 53.993%
INFO:root:-- EPOCH 86 (1.429 seconds):
INFO:root:COST >> 2.9027 +/- 0.2936, % updates: 53.947%
INFO:root:-- EPOCH 87 (1.475 seconds):
INFO:root:COST >> 2.8884 +/- 0.2792, % updates: 53.986%
INFO:root:-- EPOCH 88 (1.506 seconds):
INFO:root:COST >> 2.9249 +/- 0.2679, % updates: 54.257%
INFO:root:-- EPOCH 89 (1.479 seconds):
INFO:root:COST >> 2.9142 +/- 0.2688, % updates: 54.159%
INFO:root:-- EPOCH 90 (1.498 seconds):
INFO:root:COST >> 2.9101 +/- 0.278, % updates: 54.162%
INFO:root:-- EPOCH 91 (1.471 seconds):
INFO:root:COST >> 2.9097 +/- 0.2699, % updates: 54.128%
INFO:root:-- EPOCH 92 (1.467 seconds):
INFO:root:COST >> 2.9044 +/- 0.2793, % updates: 54.178%
INFO:root:-- EPOCH 93 (1.459 seconds):
INFO:root:COST >> 2.9051 +/- 0.2665, % updates: 54.199%
INFO:root:-- EPOCH 94 (1.486 seconds):
INFO:root:COST >> 2.8948 +/- 0.2732, % updates: 54.11%
INFO:root:-- EPOCH 95 (1.454 seconds):
INFO:root:COST >> 2.9125 +/- 0.2778, % updates: 54.196%
INFO:root:-- EPOCH 96 (1.444 seconds):
INFO:root:COST >> 2.9044 +/- 0.2743, % updates: 54.087%
INFO:root:-- EPOCH 97 (1.454 seconds):
INFO:root:COST >> 2.9166 +/- 0.2892, % updates: 54.237%
INFO:root:-- EPOCH 98 (1.486 seconds):
INFO:root:COST >> 2.91 +/- 0.2784, % updates: 54.222%
INFO:root:-- EPOCH 99 (1.459 seconds):
INFO:root:COST >> 2.9102 +/- 0.282, % updates: 54.132%
INFO:root:-- EPOCH 100 (1.468 seconds):
INFO:root:COST >> 2.9106 +/- 0.2644, % updates: 54.294%
