INFO:root:Shape for training set: (40961, 141442)
INFO:root:State: {'ndim': '20', 'test_all': 'None', 'test_path': 'None', 'nhid': '50', 'lremb': '1.0', 'seed': '3', 'simfn': 'L1', 'valid_path': 'None', 'nbatches': '10', 'lrparam': '1.0', 'decay': '0.9', 'show_hinton_diagrams': 'False', 'no_rescaling': 'True', 'Nrel': '18', 'ranking_score_right': 'False', 'Nent': '40961', 'Nsyn': '40943', 'method': 'MOMENTUM', 'loss_margin': '1.0', 'C': '1.0', 'epsilon': '1e-06', 'use_db': 'True', 'max_lr': 'None', 'l1_param_weight': 'None', 'filtered': 'False', 'name': 'wn_opt/wn_MOMENTUM_333', 'totepochs': '100', 'l2_param_weight': 'None', 'train_path': 'data/wn/WN-train.pkl', 'op': 'TransE'}
INFO:root:Starting the Experiment ..
INFO:root:-- EPOCH 1 (1.494 seconds):
INFO:root:COST >> 2.7492 +/- 0.2389, % updates: 63.114%
INFO:root:-- EPOCH 2 (1.503 seconds):
INFO:root:COST >> 2.7416 +/- 0.2729, % updates: 52.716%
INFO:root:-- EPOCH 3 (1.483 seconds):
INFO:root:COST >> 2.7838 +/- 0.2649, % updates: 52.317%
INFO:root:-- EPOCH 4 (1.464 seconds):
INFO:root:COST >> 2.7921 +/- 0.2631, % updates: 52.213%
INFO:root:-- EPOCH 5 (1.482 seconds):
INFO:root:COST >> 2.7929 +/- 0.2483, % updates: 52.232%
INFO:root:-- EPOCH 6 (1.495 seconds):
INFO:root:COST >> 2.7959 +/- 0.2663, % updates: 52.174%
INFO:root:-- EPOCH 7 (1.478 seconds):
INFO:root:COST >> 2.7986 +/- 0.2624, % updates: 52.167%
INFO:root:-- EPOCH 8 (1.485 seconds):
INFO:root:COST >> 2.7914 +/- 0.2537, % updates: 52.134%
INFO:root:-- EPOCH 9 (1.459 seconds):
INFO:root:COST >> 2.8083 +/- 0.2519, % updates: 52.175%
INFO:root:-- EPOCH 10 (1.481 seconds):
INFO:root:COST >> 2.801 +/- 0.2511, % updates: 52.321%
INFO:root:-- EPOCH 11 (1.473 seconds):
INFO:root:COST >> 2.795 +/- 0.2593, % updates: 52.265%
INFO:root:-- EPOCH 12 (1.47 seconds):
INFO:root:COST >> 2.7891 +/- 0.2527, % updates: 52.093%
INFO:root:-- EPOCH 13 (1.468 seconds):
INFO:root:COST >> 2.7864 +/- 0.2609, % updates: 52.099%
INFO:root:-- EPOCH 14 (1.462 seconds):
INFO:root:COST >> 2.7977 +/- 0.2362, % updates: 52.283%
INFO:root:-- EPOCH 15 (1.502 seconds):
INFO:root:COST >> 2.7943 +/- 0.2588, % updates: 52.156%
INFO:root:-- EPOCH 16 (1.523 seconds):
INFO:root:COST >> 2.7907 +/- 0.2472, % updates: 52.169%
INFO:root:-- EPOCH 17 (1.517 seconds):
INFO:root:COST >> 2.7932 +/- 0.2502, % updates: 52.194%
INFO:root:-- EPOCH 18 (1.526 seconds):
INFO:root:COST >> 2.7945 +/- 0.2682, % updates: 52.283%
INFO:root:-- EPOCH 19 (1.545 seconds):
INFO:root:COST >> 2.789 +/- 0.2539, % updates: 52.095%
INFO:root:-- EPOCH 20 (1.521 seconds):
INFO:root:COST >> 2.7984 +/- 0.2593, % updates: 52.184%
INFO:root:-- EPOCH 21 (1.48 seconds):
INFO:root:COST >> 2.8058 +/- 0.2618, % updates: 52.204%
INFO:root:-- EPOCH 22 (1.476 seconds):
INFO:root:COST >> 2.7965 +/- 0.2702, % updates: 52.261%
INFO:root:-- EPOCH 23 (1.515 seconds):
INFO:root:COST >> 2.7887 +/- 0.2494, % updates: 52.115%
INFO:root:-- EPOCH 24 (1.49 seconds):
INFO:root:COST >> 2.7841 +/- 0.2532, % updates: 52.083%
INFO:root:-- EPOCH 25 (1.488 seconds):
INFO:root:COST >> 2.806 +/- 0.2504, % updates: 52.245%
INFO:root:-- EPOCH 26 (1.475 seconds):
INFO:root:COST >> 2.7937 +/- 0.2587, % updates: 52.318%
INFO:root:-- EPOCH 27 (1.462 seconds):
INFO:root:COST >> 2.7838 +/- 0.2493, % updates: 52.125%
INFO:root:-- EPOCH 28 (1.466 seconds):
INFO:root:COST >> 2.7937 +/- 0.2568, % updates: 52.034%
INFO:root:-- EPOCH 29 (1.479 seconds):
INFO:root:COST >> 2.7958 +/- 0.2582, % updates: 52.154%
INFO:root:-- EPOCH 30 (1.461 seconds):
INFO:root:COST >> 2.8044 +/- 0.2682, % updates: 52.239%
INFO:root:-- EPOCH 31 (1.505 seconds):
INFO:root:COST >> 2.7849 +/- 0.2705, % updates: 52.287%
INFO:root:-- EPOCH 32 (1.449 seconds):
INFO:root:COST >> 2.7932 +/- 0.2626, % updates: 52.105%
INFO:root:-- EPOCH 33 (1.483 seconds):
INFO:root:COST >> 2.7904 +/- 0.2653, % updates: 52.153%
INFO:root:-- EPOCH 34 (1.45 seconds):
INFO:root:COST >> 2.7906 +/- 0.2498, % updates: 52.096%
INFO:root:-- EPOCH 35 (1.476 seconds):
INFO:root:COST >> 2.7894 +/- 0.2626, % updates: 52.214%
INFO:root:-- EPOCH 36 (1.469 seconds):
INFO:root:COST >> 2.7878 +/- 0.2577, % updates: 52.016%
INFO:root:-- EPOCH 37 (1.46 seconds):
INFO:root:COST >> 2.7949 +/- 0.2631, % updates: 52.13%
INFO:root:-- EPOCH 38 (1.481 seconds):
INFO:root:COST >> 2.8052 +/- 0.2544, % updates: 52.262%
INFO:root:-- EPOCH 39 (1.483 seconds):
INFO:root:COST >> 2.7981 +/- 0.264, % updates: 52.134%
INFO:root:-- EPOCH 40 (1.46 seconds):
INFO:root:COST >> 2.7989 +/- 0.2627, % updates: 52.035%
INFO:root:-- EPOCH 41 (1.463 seconds):
INFO:root:COST >> 2.7897 +/- 0.2506, % updates: 52.11%
INFO:root:-- EPOCH 42 (1.449 seconds):
INFO:root:COST >> 2.7894 +/- 0.2569, % updates: 52.12%
INFO:root:-- EPOCH 43 (1.478 seconds):
INFO:root:COST >> 2.7948 +/- 0.2745, % updates: 52.138%
INFO:root:-- EPOCH 44 (1.456 seconds):
INFO:root:COST >> 2.803 +/- 0.2675, % updates: 52.302%
INFO:root:-- EPOCH 45 (1.45 seconds):
INFO:root:COST >> 2.7927 +/- 0.2607, % updates: 52.153%
INFO:root:-- EPOCH 46 (1.454 seconds):
INFO:root:COST >> 2.7878 +/- 0.263, % updates: 52.146%
INFO:root:-- EPOCH 47 (1.448 seconds):
INFO:root:COST >> 2.8002 +/- 0.2573, % updates: 52.105%
INFO:root:-- EPOCH 48 (1.47 seconds):
INFO:root:COST >> 2.7803 +/- 0.2488, % updates: 52.154%
INFO:root:-- EPOCH 49 (1.47 seconds):
INFO:root:COST >> 2.7948 +/- 0.2472, % updates: 52.209%
INFO:root:-- EPOCH 50 (1.473 seconds):
INFO:root:COST >> 2.7969 +/- 0.2529, % updates: 52.238%
INFO:root:-- EPOCH 51 (1.492 seconds):
INFO:root:COST >> 2.7893 +/- 0.2503, % updates: 52.066%
INFO:root:-- EPOCH 52 (1.459 seconds):
INFO:root:COST >> 2.8004 +/- 0.2592, % updates: 52.273%
INFO:root:-- EPOCH 53 (1.47 seconds):
INFO:root:COST >> 2.7911 +/- 0.2549, % updates: 52.072%
INFO:root:-- EPOCH 54 (1.503 seconds):
INFO:root:COST >> 2.8 +/- 0.2551, % updates: 52.269%
INFO:root:-- EPOCH 55 (1.464 seconds):
INFO:root:COST >> 2.7942 +/- 0.2585, % updates: 52.248%
INFO:root:-- EPOCH 56 (1.48 seconds):
INFO:root:COST >> 2.7971 +/- 0.2506, % updates: 52.155%
INFO:root:-- EPOCH 57 (1.465 seconds):
INFO:root:COST >> 2.7903 +/- 0.2481, % updates: 52.084%
INFO:root:-- EPOCH 58 (1.491 seconds):
INFO:root:COST >> 2.8011 +/- 0.2608, % updates: 52.147%
INFO:root:-- EPOCH 59 (1.523 seconds):
INFO:root:COST >> 2.7904 +/- 0.2409, % updates: 52.126%
INFO:root:-- EPOCH 60 (1.521 seconds):
INFO:root:COST >> 2.7988 +/- 0.2506, % updates: 52.155%
INFO:root:-- EPOCH 61 (1.512 seconds):
INFO:root:COST >> 2.7875 +/- 0.2538, % updates: 52.151%
INFO:root:-- EPOCH 62 (1.527 seconds):
INFO:root:COST >> 2.8093 +/- 0.2568, % updates: 52.249%
INFO:root:-- EPOCH 63 (1.522 seconds):
INFO:root:COST >> 2.7951 +/- 0.2665, % updates: 52.199%
INFO:root:-- EPOCH 64 (1.5 seconds):
INFO:root:COST >> 2.7855 +/- 0.2627, % updates: 52.095%
INFO:root:-- EPOCH 65 (1.51 seconds):
INFO:root:COST >> 2.8027 +/- 0.2621, % updates: 52.281%
INFO:root:-- EPOCH 66 (1.481 seconds):
INFO:root:COST >> 2.7953 +/- 0.2559, % updates: 52.148%
INFO:root:-- EPOCH 67 (1.451 seconds):
INFO:root:COST >> 2.7943 +/- 0.263, % updates: 52.097%
INFO:root:-- EPOCH 68 (1.466 seconds):
INFO:root:COST >> 2.7961 +/- 0.25, % updates: 52.309%
INFO:root:-- EPOCH 69 (1.461 seconds):
INFO:root:COST >> 2.7766 +/- 0.2625, % updates: 51.983%
INFO:root:-- EPOCH 70 (1.48 seconds):
INFO:root:COST >> 2.7906 +/- 0.2617, % updates: 52.239%
INFO:root:-- EPOCH 71 (1.488 seconds):
INFO:root:COST >> 2.7887 +/- 0.2578, % updates: 52.236%
INFO:root:-- EPOCH 72 (1.504 seconds):
INFO:root:COST >> 2.7887 +/- 0.245, % updates: 52.055%
INFO:root:-- EPOCH 73 (1.463 seconds):
INFO:root:COST >> 2.7892 +/- 0.2581, % updates: 52.124%
INFO:root:-- EPOCH 74 (1.452 seconds):
INFO:root:COST >> 2.797 +/- 0.2532, % updates: 52.166%
INFO:root:-- EPOCH 75 (1.49 seconds):
INFO:root:COST >> 2.7948 +/- 0.267, % updates: 52.126%
INFO:root:-- EPOCH 76 (1.483 seconds):
INFO:root:COST >> 2.7995 +/- 0.2591, % updates: 52.12%
INFO:root:-- EPOCH 77 (1.457 seconds):
INFO:root:COST >> 2.7959 +/- 0.2513, % updates: 52.072%
INFO:root:-- EPOCH 78 (1.502 seconds):
INFO:root:COST >> 2.8032 +/- 0.2655, % updates: 52.218%
INFO:root:-- EPOCH 79 (1.455 seconds):
INFO:root:COST >> 2.7962 +/- 0.2597, % updates: 52.188%
INFO:root:-- EPOCH 80 (1.507 seconds):
INFO:root:COST >> 2.8023 +/- 0.265, % updates: 52.207%
INFO:root:-- EPOCH 81 (1.473 seconds):
INFO:root:COST >> 2.7875 +/- 0.2452, % updates: 52.125%
INFO:root:-- EPOCH 82 (1.474 seconds):
INFO:root:COST >> 2.7855 +/- 0.2601, % updates: 52.116%
INFO:root:-- EPOCH 83 (1.119 seconds):
INFO:root:COST >> 2.7956 +/- 0.2623, % updates: 52.13%
INFO:root:-- EPOCH 84 (1.127 seconds):
INFO:root:COST >> 2.7898 +/- 0.2661, % updates: 52.121%
INFO:root:-- EPOCH 85 (1.138 seconds):
INFO:root:COST >> 2.7979 +/- 0.261, % updates: 52.289%
INFO:root:-- EPOCH 86 (1.153 seconds):
INFO:root:COST >> 2.7822 +/- 0.2569, % updates: 51.984%
INFO:root:-- EPOCH 87 (1.435 seconds):
INFO:root:COST >> 2.7866 +/- 0.2624, % updates: 52.121%
INFO:root:-- EPOCH 88 (1.526 seconds):
INFO:root:COST >> 2.7949 +/- 0.2614, % updates: 52.182%
INFO:root:-- EPOCH 89 (1.489 seconds):
INFO:root:COST >> 2.7998 +/- 0.2681, % updates: 52.093%
INFO:root:-- EPOCH 90 (1.475 seconds):
INFO:root:COST >> 2.803 +/- 0.2554, % updates: 52.163%
INFO:root:-- EPOCH 91 (1.505 seconds):
INFO:root:COST >> 2.7935 +/- 0.2646, % updates: 52.181%
INFO:root:-- EPOCH 92 (1.494 seconds):
INFO:root:COST >> 2.7976 +/- 0.2539, % updates: 52.233%
INFO:root:-- EPOCH 93 (1.488 seconds):
INFO:root:COST >> 2.7957 +/- 0.2564, % updates: 52.195%
INFO:root:-- EPOCH 94 (1.462 seconds):
INFO:root:COST >> 2.8009 +/- 0.2569, % updates: 52.131%
INFO:root:-- EPOCH 95 (1.484 seconds):
INFO:root:COST >> 2.7855 +/- 0.2623, % updates: 52.328%
INFO:root:-- EPOCH 96 (1.465 seconds):
INFO:root:COST >> 2.7826 +/- 0.2491, % updates: 52.043%
INFO:root:-- EPOCH 97 (1.5 seconds):
INFO:root:COST >> 2.7959 +/- 0.2594, % updates: 52.226%
INFO:root:-- EPOCH 98 (1.471 seconds):
INFO:root:COST >> 2.7905 +/- 0.252, % updates: 52.165%
INFO:root:-- EPOCH 99 (1.488 seconds):
INFO:root:COST >> 2.8005 +/- 0.2571, % updates: 52.209%
INFO:root:-- EPOCH 100 (1.49 seconds):
INFO:root:COST >> 2.7933 +/- 0.2471, % updates: 52.156%
