INFO:root:Shape for training set: (40961, 141442)
INFO:root:State: {'ndim': '20', 'test_all': 'None', 'test_path': 'None', 'nhid': '50', 'lremb': '1e-05', 'seed': '9', 'simfn': 'L1', 'valid_path': 'None', 'nbatches': '10', 'lrparam': '1e-05', 'decay': '0.9999', 'show_hinton_diagrams': 'False', 'no_rescaling': 'True', 'Nrel': '18', 'ranking_score_right': 'False', 'Nent': '40961', 'Nsyn': '40943', 'method': 'MOMENTUM', 'loss_margin': '1.0', 'C': '1.0', 'epsilon': '1e-06', 'use_db': 'True', 'max_lr': 'None', 'l1_param_weight': 'None', 'filtered': 'False', 'name': 'wn_opt/wn_MOMENTUM_59', 'totepochs': '100', 'l2_param_weight': 'None', 'train_path': 'data/wn/WN-train.pkl', 'op': 'TransE'}
INFO:root:Starting the Experiment ..
INFO:root:-- EPOCH 1 (1.984 seconds):
INFO:root:COST >> 2.1998 +/- 0.011, % updates: 81.462%
INFO:root:-- EPOCH 2 (1.987 seconds):
INFO:root:COST >> 2.1685 +/- 0.0187, % updates: 81.617%
INFO:root:-- EPOCH 3 (1.966 seconds):
INFO:root:COST >> 2.1191 +/- 0.0169, % updates: 81.289%
INFO:root:-- EPOCH 4 (1.892 seconds):
INFO:root:COST >> 2.0769 +/- 0.0136, % updates: 80.254%
INFO:root:-- EPOCH 5 (1.78 seconds):
INFO:root:COST >> 2.0408 +/- 0.0246, % updates: 78.469%
INFO:root:-- EPOCH 6 (1.82 seconds):
INFO:root:COST >> 1.9784 +/- 0.0206, % updates: 76.401%
INFO:root:-- EPOCH 7 (1.959 seconds):
INFO:root:COST >> 1.9155 +/- 0.0211, % updates: 74.621%
INFO:root:-- EPOCH 8 (1.993 seconds):
INFO:root:COST >> 1.8446 +/- 0.0243, % updates: 73.551%
INFO:root:-- EPOCH 9 (1.865 seconds):
INFO:root:COST >> 1.7795 +/- 0.0149, % updates: 72.482%
INFO:root:-- EPOCH 10 (1.714 seconds):
INFO:root:COST >> 1.7144 +/- 0.0282, % updates: 70.69%
INFO:root:-- EPOCH 11 (1.781 seconds):
INFO:root:COST >> 1.6378 +/- 0.0199, % updates: 68.481%
INFO:root:-- EPOCH 12 (1.814 seconds):
INFO:root:COST >> 1.5609 +/- 0.0236, % updates: 66.632%
INFO:root:-- EPOCH 13 (1.853 seconds):
INFO:root:COST >> 1.4877 +/- 0.0235, % updates: 65.18%
INFO:root:-- EPOCH 14 (1.893 seconds):
INFO:root:COST >> 1.4093 +/- 0.0262, % updates: 63.649%
INFO:root:-- EPOCH 15 (1.807 seconds):
INFO:root:COST >> 1.3318 +/- 0.021, % updates: 61.567%
INFO:root:-- EPOCH 16 (1.938 seconds):
INFO:root:COST >> 1.2666 +/- 0.0236, % updates: 59.741%
INFO:root:-- EPOCH 17 (1.958 seconds):
INFO:root:COST >> 1.1868 +/- 0.0231, % updates: 57.889%
INFO:root:-- EPOCH 18 (1.815 seconds):
INFO:root:COST >> 1.1282 +/- 0.01, % updates: 55.817%
INFO:root:-- EPOCH 19 (2.028 seconds):
INFO:root:COST >> 1.063 +/- 0.0184, % updates: 53.633%
INFO:root:-- EPOCH 20 (2.166 seconds):
INFO:root:COST >> 1.0044 +/- 0.0191, % updates: 52.13%
INFO:root:-- EPOCH 21 (1.781 seconds):
INFO:root:COST >> 0.953 +/- 0.0109, % updates: 50.686%
INFO:root:-- EPOCH 22 (1.826 seconds):
INFO:root:COST >> 0.9089 +/- 0.0159, % updates: 48.655%
INFO:root:-- EPOCH 23 (1.8 seconds):
INFO:root:COST >> 0.8698 +/- 0.0086, % updates: 47.068%
INFO:root:-- EPOCH 24 (1.933 seconds):
INFO:root:COST >> 0.8417 +/- 0.0119, % updates: 45.99%
INFO:root:-- EPOCH 25 (1.842 seconds):
INFO:root:COST >> 0.8082 +/- 0.0179, % updates: 44.658%
INFO:root:-- EPOCH 26 (1.809 seconds):
INFO:root:COST >> 0.7806 +/- 0.0069, % updates: 43.592%
INFO:root:-- EPOCH 27 (1.771 seconds):
INFO:root:COST >> 0.7562 +/- 0.0096, % updates: 42.378%
INFO:root:-- EPOCH 28 (1.844 seconds):
INFO:root:COST >> 0.731 +/- 0.0079, % updates: 41.584%
INFO:root:-- EPOCH 29 (1.801 seconds):
INFO:root:COST >> 0.7158 +/- 0.0061, % updates: 40.87%
INFO:root:-- EPOCH 30 (2.06 seconds):
INFO:root:COST >> 0.6962 +/- 0.0064, % updates: 40.011%
INFO:root:-- EPOCH 31 (1.905 seconds):
INFO:root:COST >> 0.6801 +/- 0.0089, % updates: 39.015%
INFO:root:-- EPOCH 32 (1.851 seconds):
INFO:root:COST >> 0.6712 +/- 0.0058, % updates: 38.775%
INFO:root:-- EPOCH 33 (1.779 seconds):
INFO:root:COST >> 0.6625 +/- 0.0082, % updates: 38.648%
INFO:root:-- EPOCH 34 (1.776 seconds):
INFO:root:COST >> 0.6419 +/- 0.006, % updates: 37.78%
INFO:root:-- EPOCH 35 (1.74 seconds):
INFO:root:COST >> 0.6444 +/- 0.0078, % updates: 37.364%
INFO:root:-- EPOCH 36 (1.758 seconds):
INFO:root:COST >> 0.6256 +/- 0.0074, % updates: 36.763%
INFO:root:-- EPOCH 37 (1.814 seconds):
INFO:root:COST >> 0.6227 +/- 0.0082, % updates: 37.119%
INFO:root:-- EPOCH 38 (1.762 seconds):
INFO:root:COST >> 0.6175 +/- 0.0074, % updates: 36.859%
INFO:root:-- EPOCH 39 (1.816 seconds):
INFO:root:COST >> 0.6048 +/- 0.0124, % updates: 36.062%
INFO:root:-- EPOCH 40 (1.795 seconds):
INFO:root:COST >> 0.5938 +/- 0.0074, % updates: 35.68%
INFO:root:-- EPOCH 41 (1.871 seconds):
INFO:root:COST >> 0.5921 +/- 0.0055, % updates: 35.97%
INFO:root:-- EPOCH 42 (1.906 seconds):
INFO:root:COST >> 0.5731 +/- 0.0085, % updates: 35.054%
INFO:root:-- EPOCH 43 (1.809 seconds):
INFO:root:COST >> 0.5773 +/- 0.0091, % updates: 35.311%
INFO:root:-- EPOCH 44 (1.841 seconds):
INFO:root:COST >> 0.5505 +/- 0.006, % updates: 34.594%
INFO:root:-- EPOCH 45 (2.183 seconds):
INFO:root:COST >> 0.5503 +/- 0.0055, % updates: 34.636%
INFO:root:-- EPOCH 46 (1.845 seconds):
INFO:root:COST >> 0.5405 +/- 0.0065, % updates: 33.986%
INFO:root:-- EPOCH 47 (1.943 seconds):
INFO:root:COST >> 0.5343 +/- 0.0061, % updates: 34.086%
INFO:root:-- EPOCH 48 (1.781 seconds):
INFO:root:COST >> 0.5141 +/- 0.0099, % updates: 33.56%
INFO:root:-- EPOCH 49 (1.768 seconds):
INFO:root:COST >> 0.5161 +/- 0.0082, % updates: 33.365%
INFO:root:-- EPOCH 50 (1.847 seconds):
INFO:root:COST >> 0.4938 +/- 0.0069, % updates: 32.467%
INFO:root:-- EPOCH 51 (1.935 seconds):
INFO:root:COST >> 0.4873 +/- 0.0064, % updates: 32.461%
INFO:root:-- EPOCH 52 (1.888 seconds):
INFO:root:COST >> 0.478 +/- 0.005, % updates: 31.99%
INFO:root:-- EPOCH 53 (1.85 seconds):
INFO:root:COST >> 0.4668 +/- 0.0094, % updates: 31.406%
INFO:root:-- EPOCH 54 (1.891 seconds):
INFO:root:COST >> 0.4501 +/- 0.0047, % updates: 30.856%
INFO:root:-- EPOCH 55 (1.919 seconds):
INFO:root:COST >> 0.4469 +/- 0.0057, % updates: 30.545%
INFO:root:-- EPOCH 56 (1.867 seconds):
INFO:root:COST >> 0.4295 +/- 0.0089, % updates: 29.802%
INFO:root:-- EPOCH 57 (1.852 seconds):
INFO:root:COST >> 0.4252 +/- 0.0071, % updates: 29.924%
INFO:root:-- EPOCH 58 (1.875 seconds):
INFO:root:COST >> 0.4114 +/- 0.0078, % updates: 29.082%
INFO:root:-- EPOCH 59 (1.743 seconds):
INFO:root:COST >> 0.3951 +/- 0.0074, % updates: 28.114%
INFO:root:-- EPOCH 60 (1.838 seconds):
INFO:root:COST >> 0.3932 +/- 0.007, % updates: 28.411%
INFO:root:-- EPOCH 61 (1.834 seconds):
INFO:root:COST >> 0.3774 +/- 0.0108, % updates: 27.67%
INFO:root:-- EPOCH 62 (1.888 seconds):
INFO:root:COST >> 0.3684 +/- 0.0052, % updates: 26.747%
INFO:root:-- EPOCH 63 (1.841 seconds):
INFO:root:COST >> 0.3566 +/- 0.0058, % updates: 26.395%
INFO:root:-- EPOCH 64 (1.811 seconds):
INFO:root:COST >> 0.3482 +/- 0.013, % updates: 26.089%
INFO:root:-- EPOCH 65 (1.923 seconds):
INFO:root:COST >> 0.3333 +/- 0.0061, % updates: 25.136%
INFO:root:-- EPOCH 66 (1.762 seconds):
INFO:root:COST >> 0.3375 +/- 0.0078, % updates: 25.497%
INFO:root:-- EPOCH 67 (1.946 seconds):
INFO:root:COST >> 0.3112 +/- 0.0045, % updates: 24.295%
INFO:root:-- EPOCH 68 (1.776 seconds):
INFO:root:COST >> 0.3251 +/- 0.0075, % updates: 24.641%
INFO:root:-- EPOCH 69 (1.78 seconds):
INFO:root:COST >> 0.2967 +/- 0.0085, % updates: 23.217%
INFO:root:-- EPOCH 70 (1.773 seconds):
INFO:root:COST >> 0.2982 +/- 0.0079, % updates: 23.443%
INFO:root:-- EPOCH 71 (1.93 seconds):
INFO:root:COST >> 0.2892 +/- 0.0087, % updates: 22.988%
INFO:root:-- EPOCH 72 (1.912 seconds):
INFO:root:COST >> 0.2806 +/- 0.0201, % updates: 22.329%
INFO:root:-- EPOCH 73 (1.791 seconds):
INFO:root:COST >> 0.2776 +/- 0.0163, % updates: 22.113%
INFO:root:-- EPOCH 74 (1.777 seconds):
INFO:root:COST >> 0.2689 +/- 0.01, % updates: 21.245%
INFO:root:-- EPOCH 75 (1.858 seconds):
INFO:root:COST >> 0.2598 +/- 0.0047, % updates: 21.241%
INFO:root:-- EPOCH 76 (1.936 seconds):
INFO:root:COST >> 0.2585 +/- 0.0052, % updates: 21.225%
INFO:root:-- EPOCH 77 (2.032 seconds):
INFO:root:COST >> 0.2479 +/- 0.0028, % updates: 20.215%
INFO:root:-- EPOCH 78 (1.894 seconds):
INFO:root:COST >> 0.2456 +/- 0.0056, % updates: 20.094%
INFO:root:-- EPOCH 79 (1.832 seconds):
INFO:root:COST >> 0.2331 +/- 0.0035, % updates: 19.437%
INFO:root:-- EPOCH 80 (1.816 seconds):
INFO:root:COST >> 0.2305 +/- 0.0054, % updates: 19.291%
INFO:root:-- EPOCH 81 (1.882 seconds):
INFO:root:COST >> 0.218 +/- 0.003, % updates: 18.436%
INFO:root:-- EPOCH 82 (1.854 seconds):
INFO:root:COST >> 0.2265 +/- 0.0048, % updates: 19.019%
INFO:root:-- EPOCH 83 (1.843 seconds):
INFO:root:COST >> 0.2137 +/- 0.0034, % updates: 18.224%
INFO:root:-- EPOCH 84 (1.777 seconds):
INFO:root:COST >> 0.2133 +/- 0.0034, % updates: 18.094%
INFO:root:-- EPOCH 85 (1.824 seconds):
INFO:root:COST >> 0.2018 +/- 0.0049, % updates: 17.278%
INFO:root:-- EPOCH 86 (1.83 seconds):
INFO:root:COST >> 0.1991 +/- 0.003, % updates: 17.031%
INFO:root:-- EPOCH 87 (1.873 seconds):
INFO:root:COST >> 0.1955 +/- 0.0049, % updates: 17.223%
INFO:root:-- EPOCH 88 (1.74 seconds):
INFO:root:COST >> 0.1898 +/- 0.0069, % updates: 16.827%
INFO:root:-- EPOCH 89 (1.845 seconds):
INFO:root:COST >> 0.1809 +/- 0.0082, % updates: 16.052%
INFO:root:-- EPOCH 90 (1.815 seconds):
INFO:root:COST >> 0.1882 +/- 0.0082, % updates: 16.439%
INFO:root:-- EPOCH 91 (1.865 seconds):
INFO:root:COST >> 0.1778 +/- 0.0032, % updates: 15.805%
INFO:root:-- EPOCH 92 (1.785 seconds):
INFO:root:COST >> 0.1739 +/- 0.0065, % updates: 15.785%
INFO:root:-- EPOCH 93 (1.711 seconds):
INFO:root:COST >> 0.1732 +/- 0.0042, % updates: 15.482%
INFO:root:-- EPOCH 94 (1.68 seconds):
INFO:root:COST >> 0.1615 +/- 0.0047, % updates: 14.708%
INFO:root:-- EPOCH 95 (1.792 seconds):
INFO:root:COST >> 0.1715 +/- 0.0038, % updates: 15.616%
INFO:root:-- EPOCH 96 (1.995 seconds):
INFO:root:COST >> 0.1535 +/- 0.007, % updates: 14.427%
INFO:root:-- EPOCH 97 (1.797 seconds):
INFO:root:COST >> 0.1579 +/- 0.0046, % updates: 14.402%
INFO:root:-- EPOCH 98 (1.754 seconds):
INFO:root:COST >> 0.1609 +/- 0.0021, % updates: 14.713%
INFO:root:-- EPOCH 99 (1.749 seconds):
INFO:root:COST >> 0.1459 +/- 0.0042, % updates: 13.797%
INFO:root:-- EPOCH 100 (1.964 seconds):
INFO:root:COST >> 0.1548 +/- 0.0038, % updates: 14.095%
