INFO:root:Shape for training set: (40961, 141442)
INFO:root:State: {'ndim': '20', 'test_all': 'None', 'test_path': 'None', 'nhid': '50', 'lremb': '0.1', 'seed': '7', 'simfn': 'L1', 'valid_path': 'None', 'nbatches': '10', 'lrparam': '0.1', 'decay': '0.5', 'show_hinton_diagrams': 'False', 'no_rescaling': 'True', 'Nrel': '18', 'ranking_score_right': 'False', 'Nent': '40961', 'Nsyn': '40943', 'method': 'MOMENTUM', 'loss_margin': '1.0', 'C': '1.0', 'epsilon': '1e-06', 'use_db': 'True', 'max_lr': 'None', 'l1_param_weight': 'None', 'filtered': 'False', 'name': 'wn_opt/wn_MOMENTUM_297', 'totepochs': '100', 'l2_param_weight': 'None', 'train_path': 'data/wn/WN-train.pkl', 'op': 'TransE'}
INFO:root:Starting the Experiment ..
INFO:root:-- EPOCH 1 (1.449 seconds):
INFO:root:COST >> 2.6072 +/- 0.2387, % updates: 64.959%
INFO:root:-- EPOCH 2 (1.413 seconds):
INFO:root:COST >> 2.6494 +/- 0.2732, % updates: 53.928%
INFO:root:-- EPOCH 3 (1.406 seconds):
INFO:root:COST >> 2.654 +/- 0.26, % updates: 53.275%
INFO:root:-- EPOCH 4 (1.459 seconds):
INFO:root:COST >> 2.6607 +/- 0.2541, % updates: 53.111%
INFO:root:-- EPOCH 5 (1.457 seconds):
INFO:root:COST >> 2.6684 +/- 0.2584, % updates: 53.27%
INFO:root:-- EPOCH 6 (1.412 seconds):
INFO:root:COST >> 2.6568 +/- 0.2598, % updates: 52.997%
INFO:root:-- EPOCH 7 (1.425 seconds):
INFO:root:COST >> 2.6586 +/- 0.2676, % updates: 53.063%
INFO:root:-- EPOCH 8 (1.405 seconds):
INFO:root:COST >> 2.6568 +/- 0.2536, % updates: 52.99%
INFO:root:-- EPOCH 9 (1.425 seconds):
INFO:root:COST >> 2.6635 +/- 0.2745, % updates: 52.963%
INFO:root:-- EPOCH 10 (1.413 seconds):
INFO:root:COST >> 2.6703 +/- 0.2683, % updates: 53.035%
INFO:root:-- EPOCH 11 (1.416 seconds):
INFO:root:COST >> 2.6708 +/- 0.2597, % updates: 52.984%
INFO:root:-- EPOCH 12 (1.418 seconds):
INFO:root:COST >> 2.6587 +/- 0.2698, % updates: 52.936%
INFO:root:-- EPOCH 13 (1.456 seconds):
INFO:root:COST >> 2.6661 +/- 0.2611, % updates: 52.999%
INFO:root:-- EPOCH 14 (1.4 seconds):
INFO:root:COST >> 2.6629 +/- 0.2661, % updates: 53.118%
INFO:root:-- EPOCH 15 (1.402 seconds):
INFO:root:COST >> 2.6676 +/- 0.2699, % updates: 53.098%
INFO:root:-- EPOCH 16 (1.403 seconds):
INFO:root:COST >> 2.6614 +/- 0.2683, % updates: 53.112%
INFO:root:-- EPOCH 17 (1.402 seconds):
INFO:root:COST >> 2.6529 +/- 0.275, % updates: 52.782%
INFO:root:-- EPOCH 18 (1.41 seconds):
INFO:root:COST >> 2.6755 +/- 0.2709, % updates: 53.162%
INFO:root:-- EPOCH 19 (1.435 seconds):
INFO:root:COST >> 2.654 +/- 0.2598, % updates: 53.05%
INFO:root:-- EPOCH 20 (1.452 seconds):
INFO:root:COST >> 2.6639 +/- 0.2732, % updates: 52.992%
INFO:root:-- EPOCH 21 (1.445 seconds):
INFO:root:COST >> 2.6722 +/- 0.2781, % updates: 53.115%
INFO:root:-- EPOCH 22 (1.454 seconds):
INFO:root:COST >> 2.6703 +/- 0.2703, % updates: 53.131%
INFO:root:-- EPOCH 23 (1.421 seconds):
INFO:root:COST >> 2.6589 +/- 0.2771, % updates: 53.059%
INFO:root:-- EPOCH 24 (1.416 seconds):
INFO:root:COST >> 2.6603 +/- 0.2593, % updates: 52.96%
INFO:root:-- EPOCH 25 (1.405 seconds):
INFO:root:COST >> 2.6688 +/- 0.2642, % updates: 53.21%
INFO:root:-- EPOCH 26 (1.433 seconds):
INFO:root:COST >> 2.66 +/- 0.2693, % updates: 52.997%
INFO:root:-- EPOCH 27 (1.395 seconds):
INFO:root:COST >> 2.6655 +/- 0.2663, % updates: 53.075%
INFO:root:-- EPOCH 28 (1.4 seconds):
INFO:root:COST >> 2.6625 +/- 0.2599, % updates: 53.094%
INFO:root:-- EPOCH 29 (1.435 seconds):
INFO:root:COST >> 2.6716 +/- 0.2615, % updates: 53.132%
INFO:root:-- EPOCH 30 (1.384 seconds):
INFO:root:COST >> 2.6637 +/- 0.2555, % updates: 53.086%
INFO:root:-- EPOCH 31 (1.411 seconds):
INFO:root:COST >> 2.6646 +/- 0.2581, % updates: 53.142%
INFO:root:-- EPOCH 32 (1.414 seconds):
INFO:root:COST >> 2.6586 +/- 0.2561, % updates: 52.998%
INFO:root:-- EPOCH 33 (1.416 seconds):
INFO:root:COST >> 2.6728 +/- 0.2642, % updates: 53.246%
INFO:root:-- EPOCH 34 (1.405 seconds):
INFO:root:COST >> 2.664 +/- 0.2634, % updates: 52.904%
INFO:root:-- EPOCH 35 (1.403 seconds):
INFO:root:COST >> 2.6697 +/- 0.2711, % updates: 53.03%
INFO:root:-- EPOCH 36 (1.407 seconds):
INFO:root:COST >> 2.6681 +/- 0.2627, % updates: 53.118%
INFO:root:-- EPOCH 37 (1.404 seconds):
INFO:root:COST >> 2.6671 +/- 0.272, % updates: 53.031%
INFO:root:-- EPOCH 38 (1.426 seconds):
INFO:root:COST >> 2.6629 +/- 0.2449, % updates: 53.044%
INFO:root:-- EPOCH 39 (1.414 seconds):
INFO:root:COST >> 2.6525 +/- 0.2618, % updates: 52.922%
INFO:root:-- EPOCH 40 (1.428 seconds):
INFO:root:COST >> 2.6695 +/- 0.2601, % updates: 53.128%
INFO:root:-- EPOCH 41 (1.424 seconds):
INFO:root:COST >> 2.6645 +/- 0.2664, % updates: 53.158%
INFO:root:-- EPOCH 42 (1.41 seconds):
INFO:root:COST >> 2.667 +/- 0.2575, % updates: 53.097%
INFO:root:-- EPOCH 43 (1.415 seconds):
INFO:root:COST >> 2.6689 +/- 0.2695, % updates: 53.156%
INFO:root:-- EPOCH 44 (1.452 seconds):
INFO:root:COST >> 2.6674 +/- 0.2585, % updates: 53.033%
INFO:root:-- EPOCH 45 (1.437 seconds):
INFO:root:COST >> 2.6564 +/- 0.2757, % updates: 52.957%
INFO:root:-- EPOCH 46 (1.41 seconds):
INFO:root:COST >> 2.6633 +/- 0.268, % updates: 53.177%
INFO:root:-- EPOCH 47 (1.401 seconds):
INFO:root:COST >> 2.6641 +/- 0.2769, % updates: 53.136%
INFO:root:-- EPOCH 48 (1.409 seconds):
INFO:root:COST >> 2.6642 +/- 0.2644, % updates: 53.126%
INFO:root:-- EPOCH 49 (1.391 seconds):
INFO:root:COST >> 2.6657 +/- 0.2652, % updates: 53.037%
INFO:root:-- EPOCH 50 (1.392 seconds):
INFO:root:COST >> 2.6597 +/- 0.2725, % updates: 53.009%
INFO:root:-- EPOCH 51 (1.4 seconds):
INFO:root:COST >> 2.6665 +/- 0.2698, % updates: 53.032%
INFO:root:-- EPOCH 52 (1.425 seconds):
INFO:root:COST >> 2.6689 +/- 0.264, % updates: 53.108%
INFO:root:-- EPOCH 53 (1.437 seconds):
INFO:root:COST >> 2.6551 +/- 0.2647, % updates: 52.946%
INFO:root:-- EPOCH 54 (1.437 seconds):
INFO:root:COST >> 2.655 +/- 0.2766, % updates: 53.008%
INFO:root:-- EPOCH 55 (1.45 seconds):
INFO:root:COST >> 2.6659 +/- 0.2704, % updates: 53.049%
INFO:root:-- EPOCH 56 (1.408 seconds):
INFO:root:COST >> 2.652 +/- 0.2615, % updates: 52.884%
INFO:root:-- EPOCH 57 (1.418 seconds):
INFO:root:COST >> 2.6673 +/- 0.2635, % updates: 53.159%
INFO:root:-- EPOCH 58 (1.422 seconds):
INFO:root:COST >> 2.6658 +/- 0.2616, % updates: 53.112%
INFO:root:-- EPOCH 59 (1.422 seconds):
INFO:root:COST >> 2.6741 +/- 0.2675, % updates: 53.187%
INFO:root:-- EPOCH 60 (1.456 seconds):
INFO:root:COST >> 2.662 +/- 0.2718, % updates: 53.104%
INFO:root:-- EPOCH 61 (1.425 seconds):
INFO:root:COST >> 2.6729 +/- 0.2703, % updates: 53.129%
INFO:root:-- EPOCH 62 (1.43 seconds):
INFO:root:COST >> 2.6615 +/- 0.2619, % updates: 52.943%
INFO:root:-- EPOCH 63 (1.438 seconds):
INFO:root:COST >> 2.6629 +/- 0.2684, % updates: 52.998%
INFO:root:-- EPOCH 64 (1.414 seconds):
INFO:root:COST >> 2.6565 +/- 0.2582, % updates: 52.978%
INFO:root:-- EPOCH 65 (1.417 seconds):
INFO:root:COST >> 2.6649 +/- 0.2695, % updates: 53.09%
INFO:root:-- EPOCH 66 (1.414 seconds):
INFO:root:COST >> 2.6668 +/- 0.2692, % updates: 53.16%
INFO:root:-- EPOCH 67 (1.412 seconds):
INFO:root:COST >> 2.6596 +/- 0.2594, % updates: 53.115%
INFO:root:-- EPOCH 68 (1.408 seconds):
INFO:root:COST >> 2.6636 +/- 0.2636, % updates: 53.003%
INFO:root:-- EPOCH 69 (1.449 seconds):
INFO:root:COST >> 2.6674 +/- 0.2603, % updates: 52.924%
INFO:root:-- EPOCH 70 (1.468 seconds):
INFO:root:COST >> 2.6679 +/- 0.2573, % updates: 53.167%
INFO:root:-- EPOCH 71 (1.409 seconds):
INFO:root:COST >> 2.6565 +/- 0.2716, % updates: 52.932%
INFO:root:-- EPOCH 72 (1.449 seconds):
INFO:root:COST >> 2.6664 +/- 0.2656, % updates: 53.055%
INFO:root:-- EPOCH 73 (1.421 seconds):
INFO:root:COST >> 2.663 +/- 0.2601, % updates: 53.045%
INFO:root:-- EPOCH 74 (1.414 seconds):
INFO:root:COST >> 2.6753 +/- 0.2706, % updates: 53.191%
INFO:root:-- EPOCH 75 (1.465 seconds):
INFO:root:COST >> 2.6703 +/- 0.2611, % updates: 53.169%
INFO:root:-- EPOCH 76 (1.466 seconds):
INFO:root:COST >> 2.6671 +/- 0.2654, % updates: 53.054%
INFO:root:-- EPOCH 77 (1.42 seconds):
INFO:root:COST >> 2.6789 +/- 0.2691, % updates: 53.154%
INFO:root:-- EPOCH 78 (1.442 seconds):
INFO:root:COST >> 2.6668 +/- 0.2738, % updates: 53.193%
INFO:root:-- EPOCH 79 (1.407 seconds):
INFO:root:COST >> 2.6665 +/- 0.2734, % updates: 53.11%
INFO:root:-- EPOCH 80 (1.424 seconds):
INFO:root:COST >> 2.6668 +/- 0.2743, % updates: 52.996%
INFO:root:-- EPOCH 81 (1.415 seconds):
INFO:root:COST >> 2.6579 +/- 0.2641, % updates: 52.912%
INFO:root:-- EPOCH 82 (1.403 seconds):
INFO:root:COST >> 2.6677 +/- 0.2627, % updates: 53.063%
INFO:root:-- EPOCH 83 (1.41 seconds):
INFO:root:COST >> 2.6616 +/- 0.2609, % updates: 53.055%
INFO:root:-- EPOCH 84 (1.445 seconds):
INFO:root:COST >> 2.6672 +/- 0.2585, % updates: 53.157%
INFO:root:-- EPOCH 85 (1.076 seconds):
INFO:root:COST >> 2.6677 +/- 0.252, % updates: 53.071%
INFO:root:-- EPOCH 86 (1.116 seconds):
INFO:root:COST >> 2.6612 +/- 0.2531, % updates: 53.058%
INFO:root:-- EPOCH 87 (1.128 seconds):
INFO:root:COST >> 2.6716 +/- 0.268, % updates: 53.22%
INFO:root:-- EPOCH 88 (1.119 seconds):
INFO:root:COST >> 2.663 +/- 0.2655, % updates: 53.244%
INFO:root:-- EPOCH 89 (1.376 seconds):
INFO:root:COST >> 2.6712 +/- 0.2769, % updates: 53.103%
INFO:root:-- EPOCH 90 (1.453 seconds):
INFO:root:COST >> 2.6753 +/- 0.2682, % updates: 53.23%
INFO:root:-- EPOCH 91 (1.409 seconds):
INFO:root:COST >> 2.661 +/- 0.2674, % updates: 53.083%
INFO:root:-- EPOCH 92 (1.403 seconds):
INFO:root:COST >> 2.6694 +/- 0.2584, % updates: 53.214%
INFO:root:-- EPOCH 93 (1.402 seconds):
INFO:root:COST >> 2.6668 +/- 0.2606, % updates: 53.237%
INFO:root:-- EPOCH 94 (1.454 seconds):
INFO:root:COST >> 2.6585 +/- 0.2674, % updates: 53.077%
INFO:root:-- EPOCH 95 (1.441 seconds):
INFO:root:COST >> 2.6739 +/- 0.2656, % updates: 53.223%
INFO:root:-- EPOCH 96 (1.411 seconds):
INFO:root:COST >> 2.6606 +/- 0.2758, % updates: 52.969%
INFO:root:-- EPOCH 97 (1.429 seconds):
INFO:root:COST >> 2.6689 +/- 0.2661, % updates: 53.133%
INFO:root:-- EPOCH 98 (1.46 seconds):
INFO:root:COST >> 2.6585 +/- 0.2554, % updates: 53.009%
INFO:root:-- EPOCH 99 (1.421 seconds):
INFO:root:COST >> 2.6595 +/- 0.2733, % updates: 53.042%
INFO:root:-- EPOCH 100 (1.402 seconds):
INFO:root:COST >> 2.662 +/- 0.2599, % updates: 52.975%
