INFO:root:Shape for training set: (40961, 141442)
INFO:root:State: {'ndim': '20', 'test_all': 'None', 'test_path': 'None', 'nhid': '50', 'lremb': '0.01', 'seed': '8', 'simfn': 'L1', 'valid_path': 'None', 'nbatches': '10', 'lrparam': '0.01', 'decay': '0.999', 'show_hinton_diagrams': 'False', 'no_rescaling': 'True', 'Nrel': '18', 'ranking_score_right': 'False', 'Nent': '40961', 'Nsyn': '40943', 'method': 'MOMENTUM', 'loss_margin': '1.0', 'C': '1.0', 'epsilon': '1e-06', 'use_db': 'True', 'max_lr': 'None', 'l1_param_weight': 'None', 'filtered': 'False', 'name': 'wn_opt/wn_MOMENTUM_218', 'totepochs': '100', 'l2_param_weight': 'None', 'train_path': 'data/wn/WN-train.pkl', 'op': 'TransE'}
INFO:root:Starting the Experiment ..
INFO:root:-- EPOCH 1 (1.515 seconds):
INFO:root:COST >> 2.1112 +/- 0.0827, % updates: 69.571%
INFO:root:-- EPOCH 2 (1.475 seconds):
INFO:root:COST >> 1.8646 +/- 0.1118, % updates: 54.274%
INFO:root:-- EPOCH 3 (1.49 seconds):
INFO:root:COST >> 1.7893 +/- 0.0987, % updates: 49.139%
INFO:root:-- EPOCH 4 (1.506 seconds):
INFO:root:COST >> 1.7426 +/- 0.0971, % updates: 47.952%
INFO:root:-- EPOCH 5 (1.468 seconds):
INFO:root:COST >> 1.7222 +/- 0.0984, % updates: 47.682%
INFO:root:-- EPOCH 6 (1.574 seconds):
INFO:root:COST >> 1.6977 +/- 0.0986, % updates: 47.306%
INFO:root:-- EPOCH 7 (1.882 seconds):
INFO:root:COST >> 1.6865 +/- 0.0965, % updates: 47.231%
INFO:root:-- EPOCH 8 (1.907 seconds):
INFO:root:COST >> 1.673 +/- 0.0958, % updates: 46.918%
INFO:root:-- EPOCH 9 (1.9 seconds):
INFO:root:COST >> 1.6696 +/- 0.0959, % updates: 46.734%
INFO:root:-- EPOCH 10 (1.92 seconds):
INFO:root:COST >> 1.6624 +/- 0.0914, % updates: 46.653%
INFO:root:-- EPOCH 11 (1.657 seconds):
INFO:root:COST >> 1.6609 +/- 0.1001, % updates: 46.611%
INFO:root:-- EPOCH 12 (1.472 seconds):
INFO:root:COST >> 1.6508 +/- 0.0984, % updates: 46.374%
INFO:root:-- EPOCH 13 (1.5 seconds):
INFO:root:COST >> 1.6514 +/- 0.1036, % updates: 46.415%
INFO:root:-- EPOCH 14 (1.276 seconds):
INFO:root:COST >> 1.6549 +/- 0.1009, % updates: 46.322%
INFO:root:-- EPOCH 15 (1.114 seconds):
INFO:root:COST >> 1.6485 +/- 0.0961, % updates: 46.351%
INFO:root:-- EPOCH 16 (1.143 seconds):
INFO:root:COST >> 1.6471 +/- 0.0963, % updates: 46.237%
INFO:root:-- EPOCH 17 (1.159 seconds):
INFO:root:COST >> 1.6436 +/- 0.0983, % updates: 46.293%
INFO:root:-- EPOCH 18 (1.352 seconds):
INFO:root:COST >> 1.6445 +/- 0.0952, % updates: 46.106%
INFO:root:-- EPOCH 19 (1.485 seconds):
INFO:root:COST >> 1.6384 +/- 0.0972, % updates: 46.177%
INFO:root:-- EPOCH 20 (1.484 seconds):
INFO:root:COST >> 1.6408 +/- 0.092, % updates: 46.22%
INFO:root:-- EPOCH 21 (1.475 seconds):
INFO:root:COST >> 1.6414 +/- 0.0982, % updates: 46.21%
INFO:root:-- EPOCH 22 (1.478 seconds):
INFO:root:COST >> 1.6425 +/- 0.0931, % updates: 46.178%
INFO:root:-- EPOCH 23 (1.524 seconds):
INFO:root:COST >> 1.6294 +/- 0.0984, % updates: 46.02%
INFO:root:-- EPOCH 24 (1.486 seconds):
INFO:root:COST >> 1.6369 +/- 0.0935, % updates: 45.988%
INFO:root:-- EPOCH 25 (1.468 seconds):
INFO:root:COST >> 1.6314 +/- 0.0905, % updates: 45.813%
INFO:root:-- EPOCH 26 (1.509 seconds):
INFO:root:COST >> 1.6373 +/- 0.0975, % updates: 46.025%
INFO:root:-- EPOCH 27 (1.525 seconds):
INFO:root:COST >> 1.6341 +/- 0.0972, % updates: 46.029%
INFO:root:-- EPOCH 28 (1.515 seconds):
INFO:root:COST >> 1.6384 +/- 0.0921, % updates: 45.867%
INFO:root:-- EPOCH 29 (1.501 seconds):
INFO:root:COST >> 1.634 +/- 0.0904, % updates: 45.993%
INFO:root:-- EPOCH 30 (1.511 seconds):
INFO:root:COST >> 1.6354 +/- 0.0889, % updates: 45.949%
INFO:root:-- EPOCH 31 (1.484 seconds):
INFO:root:COST >> 1.6283 +/- 0.0995, % updates: 45.792%
INFO:root:-- EPOCH 32 (1.498 seconds):
INFO:root:COST >> 1.6297 +/- 0.1006, % updates: 45.833%
INFO:root:-- EPOCH 33 (1.455 seconds):
INFO:root:COST >> 1.638 +/- 0.0963, % updates: 45.899%
INFO:root:-- EPOCH 34 (1.475 seconds):
INFO:root:COST >> 1.6342 +/- 0.0949, % updates: 45.762%
INFO:root:-- EPOCH 35 (1.483 seconds):
INFO:root:COST >> 1.6346 +/- 0.0917, % updates: 45.939%
INFO:root:-- EPOCH 36 (1.477 seconds):
INFO:root:COST >> 1.6332 +/- 0.0925, % updates: 45.835%
INFO:root:-- EPOCH 37 (1.525 seconds):
INFO:root:COST >> 1.6291 +/- 0.0933, % updates: 45.867%
INFO:root:-- EPOCH 38 (1.493 seconds):
INFO:root:COST >> 1.6311 +/- 0.1012, % updates: 45.822%
INFO:root:-- EPOCH 39 (1.483 seconds):
INFO:root:COST >> 1.6384 +/- 0.0917, % updates: 45.867%
INFO:root:-- EPOCH 40 (1.508 seconds):
INFO:root:COST >> 1.6378 +/- 0.0922, % updates: 45.706%
INFO:root:-- EPOCH 41 (1.511 seconds):
INFO:root:COST >> 1.6374 +/- 0.0909, % updates: 45.768%
INFO:root:-- EPOCH 42 (1.481 seconds):
INFO:root:COST >> 1.6321 +/- 0.0979, % updates: 45.723%
INFO:root:-- EPOCH 43 (1.473 seconds):
INFO:root:COST >> 1.6284 +/- 0.0973, % updates: 45.686%
INFO:root:-- EPOCH 44 (1.479 seconds):
INFO:root:COST >> 1.6381 +/- 0.0941, % updates: 45.805%
INFO:root:-- EPOCH 45 (1.505 seconds):
INFO:root:COST >> 1.6315 +/- 0.0865, % updates: 45.753%
INFO:root:-- EPOCH 46 (1.483 seconds):
INFO:root:COST >> 1.6382 +/- 0.0968, % updates: 45.779%
INFO:root:-- EPOCH 47 (1.464 seconds):
INFO:root:COST >> 1.6427 +/- 0.09, % updates: 45.721%
INFO:root:-- EPOCH 48 (1.513 seconds):
INFO:root:COST >> 1.6387 +/- 0.0943, % updates: 45.852%
INFO:root:-- EPOCH 49 (1.499 seconds):
INFO:root:COST >> 1.6355 +/- 0.0946, % updates: 45.612%
INFO:root:-- EPOCH 50 (1.538 seconds):
INFO:root:COST >> 1.6311 +/- 0.0917, % updates: 45.529%
INFO:root:-- EPOCH 51 (1.53 seconds):
INFO:root:COST >> 1.6364 +/- 0.0991, % updates: 45.753%
INFO:root:-- EPOCH 52 (1.521 seconds):
INFO:root:COST >> 1.6352 +/- 0.0932, % updates: 45.496%
INFO:root:-- EPOCH 53 (1.512 seconds):
INFO:root:COST >> 1.6364 +/- 0.0928, % updates: 45.61%
INFO:root:-- EPOCH 54 (1.495 seconds):
INFO:root:COST >> 1.6321 +/- 0.092, % updates: 45.539%
INFO:root:-- EPOCH 55 (1.485 seconds):
INFO:root:COST >> 1.6445 +/- 0.0965, % updates: 45.801%
INFO:root:-- EPOCH 56 (1.466 seconds):
INFO:root:COST >> 1.6365 +/- 0.0961, % updates: 45.597%
INFO:root:-- EPOCH 57 (1.468 seconds):
INFO:root:COST >> 1.6356 +/- 0.1007, % updates: 45.721%
INFO:root:-- EPOCH 58 (1.474 seconds):
INFO:root:COST >> 1.6398 +/- 0.1028, % updates: 45.611%
INFO:root:-- EPOCH 59 (1.462 seconds):
INFO:root:COST >> 1.6419 +/- 0.0902, % updates: 45.659%
INFO:root:-- EPOCH 60 (1.474 seconds):
INFO:root:COST >> 1.6379 +/- 0.1015, % updates: 45.56%
INFO:root:-- EPOCH 61 (1.471 seconds):
INFO:root:COST >> 1.6313 +/- 0.0938, % updates: 45.503%
INFO:root:-- EPOCH 62 (1.505 seconds):
INFO:root:COST >> 1.6403 +/- 0.0917, % updates: 45.59%
INFO:root:-- EPOCH 63 (1.498 seconds):
INFO:root:COST >> 1.639 +/- 0.0937, % updates: 45.592%
INFO:root:-- EPOCH 64 (1.525 seconds):
INFO:root:COST >> 1.6436 +/- 0.1, % updates: 45.618%
INFO:root:-- EPOCH 65 (1.493 seconds):
INFO:root:COST >> 1.6363 +/- 0.0943, % updates: 45.495%
INFO:root:-- EPOCH 66 (1.509 seconds):
INFO:root:COST >> 1.6409 +/- 0.0919, % updates: 45.602%
INFO:root:-- EPOCH 67 (1.467 seconds):
INFO:root:COST >> 1.6376 +/- 0.0988, % updates: 45.504%
INFO:root:-- EPOCH 68 (1.461 seconds):
INFO:root:COST >> 1.6401 +/- 0.095, % updates: 45.604%
INFO:root:-- EPOCH 69 (1.474 seconds):
INFO:root:COST >> 1.641 +/- 0.0885, % updates: 45.615%
INFO:root:-- EPOCH 70 (1.47 seconds):
INFO:root:COST >> 1.6433 +/- 0.0921, % updates: 45.629%
INFO:root:-- EPOCH 71 (1.448 seconds):
INFO:root:COST >> 1.6414 +/- 0.0909, % updates: 45.566%
INFO:root:-- EPOCH 72 (1.484 seconds):
INFO:root:COST >> 1.6405 +/- 0.0915, % updates: 45.481%
INFO:root:-- EPOCH 73 (1.518 seconds):
INFO:root:COST >> 1.6436 +/- 0.0989, % updates: 45.505%
INFO:root:-- EPOCH 74 (1.533 seconds):
INFO:root:COST >> 1.6382 +/- 0.0919, % updates: 45.42%
INFO:root:-- EPOCH 75 (1.537 seconds):
INFO:root:COST >> 1.6458 +/- 0.086, % updates: 45.563%
INFO:root:-- EPOCH 76 (1.508 seconds):
INFO:root:COST >> 1.6437 +/- 0.093, % updates: 45.525%
INFO:root:-- EPOCH 77 (1.531 seconds):
INFO:root:COST >> 1.64 +/- 0.0955, % updates: 45.592%
INFO:root:-- EPOCH 78 (1.499 seconds):
INFO:root:COST >> 1.6432 +/- 0.0924, % updates: 45.386%
INFO:root:-- EPOCH 79 (1.538 seconds):
INFO:root:COST >> 1.636 +/- 0.0927, % updates: 45.396%
INFO:root:-- EPOCH 80 (1.521 seconds):
INFO:root:COST >> 1.6398 +/- 0.1013, % updates: 45.533%
INFO:root:-- EPOCH 81 (1.519 seconds):
INFO:root:COST >> 1.6477 +/- 0.0935, % updates: 45.688%
INFO:root:-- EPOCH 82 (1.535 seconds):
INFO:root:COST >> 1.637 +/- 0.0953, % updates: 45.339%
INFO:root:-- EPOCH 83 (1.511 seconds):
INFO:root:COST >> 1.6457 +/- 0.1036, % updates: 45.454%
INFO:root:-- EPOCH 84 (1.469 seconds):
INFO:root:COST >> 1.6448 +/- 0.0948, % updates: 45.466%
INFO:root:-- EPOCH 85 (1.464 seconds):
INFO:root:COST >> 1.6475 +/- 0.094, % updates: 45.547%
INFO:root:-- EPOCH 86 (1.481 seconds):
INFO:root:COST >> 1.6447 +/- 0.0914, % updates: 45.494%
INFO:root:-- EPOCH 87 (1.529 seconds):
INFO:root:COST >> 1.6461 +/- 0.0951, % updates: 45.597%
INFO:root:-- EPOCH 88 (1.465 seconds):
INFO:root:COST >> 1.6467 +/- 0.0954, % updates: 45.447%
INFO:root:-- EPOCH 89 (1.47 seconds):
INFO:root:COST >> 1.6455 +/- 0.0958, % updates: 45.421%
INFO:root:-- EPOCH 90 (1.445 seconds):
INFO:root:COST >> 1.6441 +/- 0.0995, % updates: 45.539%
INFO:root:-- EPOCH 91 (1.454 seconds):
INFO:root:COST >> 1.6392 +/- 0.094, % updates: 45.327%
INFO:root:-- EPOCH 92 (1.495 seconds):
INFO:root:COST >> 1.6482 +/- 0.0971, % updates: 45.662%
INFO:root:-- EPOCH 93 (1.471 seconds):
INFO:root:COST >> 1.6464 +/- 0.095, % updates: 45.478%
INFO:root:-- EPOCH 94 (1.488 seconds):
INFO:root:COST >> 1.6482 +/- 0.0953, % updates: 45.39%
INFO:root:-- EPOCH 95 (1.478 seconds):
INFO:root:COST >> 1.6416 +/- 0.0878, % updates: 45.506%
INFO:root:-- EPOCH 96 (1.48 seconds):
INFO:root:COST >> 1.6446 +/- 0.0928, % updates: 45.43%
INFO:root:-- EPOCH 97 (1.508 seconds):
INFO:root:COST >> 1.65 +/- 0.1007, % updates: 45.473%
INFO:root:-- EPOCH 98 (1.472 seconds):
INFO:root:COST >> 1.6448 +/- 0.0975, % updates: 45.577%
INFO:root:-- EPOCH 99 (1.445 seconds):
INFO:root:COST >> 1.643 +/- 0.091, % updates: 45.445%
INFO:root:-- EPOCH 100 (1.451 seconds):
INFO:root:COST >> 1.6462 +/- 0.09, % updates: 45.483%
