INFO:root:Shape for training set: (40961, 141442)
INFO:root:State: {'ndim': '20', 'test_all': 'None', 'test_path': 'None', 'nhid': '50', 'lremb': '0.1', 'seed': '3', 'simfn': 'L1', 'valid_path': 'None', 'nbatches': '10', 'lrparam': '0.1', 'decay': '0.999', 'show_hinton_diagrams': 'False', 'no_rescaling': 'True', 'Nrel': '18', 'ranking_score_right': 'False', 'Nent': '40961', 'Nsyn': '40943', 'method': 'MOMENTUM', 'loss_margin': '1.0', 'C': '1.0', 'epsilon': '1e-06', 'use_db': 'True', 'max_lr': 'None', 'l1_param_weight': 'None', 'filtered': 'False', 'name': 'wn_opt/wn_MOMENTUM_263', 'totepochs': '100', 'l2_param_weight': 'None', 'train_path': 'data/wn/WN-train.pkl', 'op': 'TransE'}
INFO:root:Starting the Experiment ..
INFO:root:-- EPOCH 1 (1.512 seconds):
INFO:root:COST >> 2.5013 +/- 0.1678, % updates: 64.106%
INFO:root:-- EPOCH 2 (1.451 seconds):
INFO:root:COST >> 2.2017 +/- 0.1755, % updates: 50.213%
INFO:root:-- EPOCH 3 (1.483 seconds):
INFO:root:COST >> 2.1013 +/- 0.1752, % updates: 48.523%
INFO:root:-- EPOCH 4 (1.467 seconds):
INFO:root:COST >> 2.0432 +/- 0.1749, % updates: 47.739%
INFO:root:-- EPOCH 5 (1.484 seconds):
INFO:root:COST >> 2.0137 +/- 0.162, % updates: 47.345%
INFO:root:-- EPOCH 6 (1.457 seconds):
INFO:root:COST >> 1.9817 +/- 0.1802, % updates: 46.912%
INFO:root:-- EPOCH 7 (1.455 seconds):
INFO:root:COST >> 1.9711 +/- 0.173, % updates: 46.89%
INFO:root:-- EPOCH 8 (1.471 seconds):
INFO:root:COST >> 1.945 +/- 0.1661, % updates: 46.533%
INFO:root:-- EPOCH 9 (1.46 seconds):
INFO:root:COST >> 1.95 +/- 0.1652, % updates: 46.605%
INFO:root:-- EPOCH 10 (1.496 seconds):
INFO:root:COST >> 1.9263 +/- 0.1738, % updates: 46.467%
INFO:root:-- EPOCH 11 (1.456 seconds):
INFO:root:COST >> 1.9221 +/- 0.1642, % updates: 46.45%
INFO:root:-- EPOCH 12 (1.494 seconds):
INFO:root:COST >> 1.9119 +/- 0.1622, % updates: 46.379%
INFO:root:-- EPOCH 13 (1.472 seconds):
INFO:root:COST >> 1.9067 +/- 0.1679, % updates: 46.241%
INFO:root:-- EPOCH 14 (1.474 seconds):
INFO:root:COST >> 1.9001 +/- 0.1559, % updates: 46.199%
INFO:root:-- EPOCH 15 (1.458 seconds):
INFO:root:COST >> 1.898 +/- 0.1629, % updates: 46.236%
INFO:root:-- EPOCH 16 (1.506 seconds):
INFO:root:COST >> 1.8914 +/- 0.1569, % updates: 46.308%
INFO:root:-- EPOCH 17 (1.477 seconds):
INFO:root:COST >> 1.889 +/- 0.1574, % updates: 46.114%
INFO:root:-- EPOCH 18 (1.464 seconds):
INFO:root:COST >> 1.8824 +/- 0.1684, % updates: 46.172%
INFO:root:-- EPOCH 19 (1.463 seconds):
INFO:root:COST >> 1.8713 +/- 0.164, % updates: 46.047%
INFO:root:-- EPOCH 20 (1.494 seconds):
INFO:root:COST >> 1.8803 +/- 0.1609, % updates: 46.241%
INFO:root:-- EPOCH 21 (1.481 seconds):
INFO:root:COST >> 1.8747 +/- 0.1538, % updates: 46.12%
INFO:root:-- EPOCH 22 (1.466 seconds):
INFO:root:COST >> 1.8684 +/- 0.1663, % updates: 45.981%
INFO:root:-- EPOCH 23 (1.506 seconds):
INFO:root:COST >> 1.8641 +/- 0.1663, % updates: 45.972%
INFO:root:-- EPOCH 24 (1.485 seconds):
INFO:root:COST >> 1.8691 +/- 0.1592, % updates: 46.041%
INFO:root:-- EPOCH 25 (1.497 seconds):
INFO:root:COST >> 1.87 +/- 0.1555, % updates: 46.129%
INFO:root:-- EPOCH 26 (1.516 seconds):
INFO:root:COST >> 1.8605 +/- 0.1577, % updates: 46.057%
INFO:root:-- EPOCH 27 (1.517 seconds):
INFO:root:COST >> 1.8602 +/- 0.1476, % updates: 45.987%
INFO:root:-- EPOCH 28 (1.504 seconds):
INFO:root:COST >> 1.8539 +/- 0.1572, % updates: 45.926%
INFO:root:-- EPOCH 29 (1.505 seconds):
INFO:root:COST >> 1.8576 +/- 0.1622, % updates: 46.102%
INFO:root:-- EPOCH 30 (1.475 seconds):
INFO:root:COST >> 1.8632 +/- 0.1641, % updates: 46.127%
INFO:root:-- EPOCH 31 (1.463 seconds):
INFO:root:COST >> 1.855 +/- 0.1606, % updates: 45.829%
INFO:root:-- EPOCH 32 (1.462 seconds):
INFO:root:COST >> 1.856 +/- 0.1585, % updates: 46.019%
INFO:root:-- EPOCH 33 (1.452 seconds):
INFO:root:COST >> 1.8509 +/- 0.1654, % updates: 45.843%
INFO:root:-- EPOCH 34 (1.466 seconds):
INFO:root:COST >> 1.8569 +/- 0.1532, % updates: 45.964%
INFO:root:-- EPOCH 35 (1.467 seconds):
INFO:root:COST >> 1.8517 +/- 0.1548, % updates: 45.952%
INFO:root:-- EPOCH 36 (1.465 seconds):
INFO:root:COST >> 1.8485 +/- 0.1562, % updates: 45.722%
INFO:root:-- EPOCH 37 (1.45 seconds):
INFO:root:COST >> 1.8464 +/- 0.1579, % updates: 45.87%
INFO:root:-- EPOCH 38 (1.495 seconds):
INFO:root:COST >> 1.853 +/- 0.1518, % updates: 46.008%
INFO:root:-- EPOCH 39 (1.52 seconds):
INFO:root:COST >> 1.8495 +/- 0.1635, % updates: 45.892%
INFO:root:-- EPOCH 40 (1.505 seconds):
INFO:root:COST >> 1.8529 +/- 0.1553, % updates: 46.012%
INFO:root:-- EPOCH 41 (1.5 seconds):
INFO:root:COST >> 1.8514 +/- 0.1538, % updates: 46.048%
INFO:root:-- EPOCH 42 (1.498 seconds):
INFO:root:COST >> 1.845 +/- 0.1575, % updates: 45.921%
INFO:root:-- EPOCH 43 (1.513 seconds):
INFO:root:COST >> 1.8486 +/- 0.1581, % updates: 45.941%
INFO:root:-- EPOCH 44 (1.527 seconds):
INFO:root:COST >> 1.8501 +/- 0.1583, % updates: 46.05%
INFO:root:-- EPOCH 45 (1.513 seconds):
INFO:root:COST >> 1.8428 +/- 0.1564, % updates: 45.894%
INFO:root:-- EPOCH 46 (1.47 seconds):
INFO:root:COST >> 1.8439 +/- 0.158, % updates: 45.9%
INFO:root:-- EPOCH 47 (1.476 seconds):
INFO:root:COST >> 1.8488 +/- 0.1543, % updates: 45.961%
INFO:root:-- EPOCH 48 (1.45 seconds):
INFO:root:COST >> 1.8382 +/- 0.1548, % updates: 45.706%
INFO:root:-- EPOCH 49 (1.469 seconds):
INFO:root:COST >> 1.8402 +/- 0.1481, % updates: 45.925%
INFO:root:-- EPOCH 50 (1.488 seconds):
INFO:root:COST >> 1.8429 +/- 0.1533, % updates: 46.012%
INFO:root:-- EPOCH 51 (1.458 seconds):
INFO:root:COST >> 1.8434 +/- 0.16, % updates: 45.707%
INFO:root:-- EPOCH 52 (1.455 seconds):
INFO:root:COST >> 1.8461 +/- 0.1648, % updates: 45.917%
INFO:root:-- EPOCH 53 (1.509 seconds):
INFO:root:COST >> 1.8414 +/- 0.1545, % updates: 45.832%
INFO:root:-- EPOCH 54 (1.474 seconds):
INFO:root:COST >> 1.8394 +/- 0.1527, % updates: 45.9%
INFO:root:-- EPOCH 55 (1.494 seconds):
INFO:root:COST >> 1.8431 +/- 0.1577, % updates: 45.9%
INFO:root:-- EPOCH 56 (1.485 seconds):
INFO:root:COST >> 1.8424 +/- 0.1533, % updates: 45.847%
INFO:root:-- EPOCH 57 (1.476 seconds):
INFO:root:COST >> 1.8349 +/- 0.1445, % updates: 45.892%
INFO:root:-- EPOCH 58 (1.51 seconds):
INFO:root:COST >> 1.8396 +/- 0.1529, % updates: 45.82%
INFO:root:-- EPOCH 59 (1.526 seconds):
INFO:root:COST >> 1.8402 +/- 0.153, % updates: 45.847%
INFO:root:-- EPOCH 60 (1.534 seconds):
INFO:root:COST >> 1.8417 +/- 0.1471, % updates: 45.85%
INFO:root:-- EPOCH 61 (1.496 seconds):
INFO:root:COST >> 1.839 +/- 0.156, % updates: 45.897%
INFO:root:-- EPOCH 62 (1.483 seconds):
INFO:root:COST >> 1.8421 +/- 0.1552, % updates: 45.881%
INFO:root:-- EPOCH 63 (1.465 seconds):
INFO:root:COST >> 1.8396 +/- 0.1627, % updates: 45.927%
INFO:root:-- EPOCH 64 (1.465 seconds):
INFO:root:COST >> 1.838 +/- 0.1541, % updates: 45.848%
INFO:root:-- EPOCH 65 (1.468 seconds):
INFO:root:COST >> 1.8386 +/- 0.1537, % updates: 45.887%
INFO:root:-- EPOCH 66 (1.468 seconds):
INFO:root:COST >> 1.84 +/- 0.1533, % updates: 45.806%
INFO:root:-- EPOCH 67 (1.484 seconds):
INFO:root:COST >> 1.8483 +/- 0.1537, % updates: 45.928%
INFO:root:-- EPOCH 68 (1.453 seconds):
INFO:root:COST >> 1.8393 +/- 0.1497, % updates: 45.975%
INFO:root:-- EPOCH 69 (1.454 seconds):
INFO:root:COST >> 1.8329 +/- 0.1625, % updates: 45.775%
INFO:root:-- EPOCH 70 (1.467 seconds):
INFO:root:COST >> 1.8386 +/- 0.1596, % updates: 45.898%
INFO:root:-- EPOCH 71 (1.465 seconds):
INFO:root:COST >> 1.834 +/- 0.1559, % updates: 45.822%
INFO:root:-- EPOCH 72 (1.463 seconds):
INFO:root:COST >> 1.8362 +/- 0.1549, % updates: 45.763%
INFO:root:-- EPOCH 73 (1.446 seconds):
INFO:root:COST >> 1.8385 +/- 0.1588, % updates: 45.816%
INFO:root:-- EPOCH 74 (1.457 seconds):
INFO:root:COST >> 1.8389 +/- 0.1479, % updates: 45.868%
INFO:root:-- EPOCH 75 (1.434 seconds):
INFO:root:COST >> 1.838 +/- 0.1509, % updates: 45.774%
INFO:root:-- EPOCH 76 (1.466 seconds):
INFO:root:COST >> 1.839 +/- 0.1567, % updates: 45.909%
INFO:root:-- EPOCH 77 (1.513 seconds):
INFO:root:COST >> 1.8318 +/- 0.1588, % updates: 45.769%
INFO:root:-- EPOCH 78 (1.504 seconds):
INFO:root:COST >> 1.837 +/- 0.1539, % updates: 45.839%
INFO:root:-- EPOCH 79 (1.497 seconds):
INFO:root:COST >> 1.8383 +/- 0.1618, % updates: 45.785%
INFO:root:-- EPOCH 80 (1.481 seconds):
INFO:root:COST >> 1.8448 +/- 0.162, % updates: 45.999%
INFO:root:-- EPOCH 81 (1.473 seconds):
INFO:root:COST >> 1.832 +/- 0.1481, % updates: 45.811%
INFO:root:-- EPOCH 82 (1.445 seconds):
INFO:root:COST >> 1.8323 +/- 0.1548, % updates: 45.787%
INFO:root:-- EPOCH 83 (1.445 seconds):
INFO:root:COST >> 1.8307 +/- 0.157, % updates: 45.804%
INFO:root:-- EPOCH 84 (1.443 seconds):
INFO:root:COST >> 1.8332 +/- 0.1576, % updates: 45.829%
INFO:root:-- EPOCH 85 (1.174 seconds):
INFO:root:COST >> 1.8404 +/- 0.149, % updates: 45.872%
INFO:root:-- EPOCH 86 (1.118 seconds):
INFO:root:COST >> 1.836 +/- 0.159, % updates: 45.89%
INFO:root:-- EPOCH 87 (1.123 seconds):
INFO:root:COST >> 1.8325 +/- 0.1607, % updates: 45.853%
INFO:root:-- EPOCH 88 (1.145 seconds):
INFO:root:COST >> 1.836 +/- 0.1519, % updates: 45.762%
INFO:root:-- EPOCH 89 (1.35 seconds):
INFO:root:COST >> 1.8353 +/- 0.1612, % updates: 45.729%
INFO:root:-- EPOCH 90 (1.479 seconds):
INFO:root:COST >> 1.8363 +/- 0.147, % updates: 45.799%
INFO:root:-- EPOCH 91 (1.48 seconds):
INFO:root:COST >> 1.8344 +/- 0.1569, % updates: 45.787%
INFO:root:-- EPOCH 92 (1.49 seconds):
INFO:root:COST >> 1.8386 +/- 0.1545, % updates: 45.916%
INFO:root:-- EPOCH 93 (1.488 seconds):
INFO:root:COST >> 1.8378 +/- 0.1523, % updates: 45.834%
INFO:root:-- EPOCH 94 (1.487 seconds):
INFO:root:COST >> 1.8436 +/- 0.1537, % updates: 45.842%
INFO:root:-- EPOCH 95 (1.501 seconds):
INFO:root:COST >> 1.8334 +/- 0.1583, % updates: 45.913%
INFO:root:-- EPOCH 96 (1.488 seconds):
INFO:root:COST >> 1.8258 +/- 0.1513, % updates: 45.709%
INFO:root:-- EPOCH 97 (1.477 seconds):
INFO:root:COST >> 1.8389 +/- 0.158, % updates: 45.856%
INFO:root:-- EPOCH 98 (1.471 seconds):
INFO:root:COST >> 1.8362 +/- 0.1597, % updates: 45.812%
INFO:root:-- EPOCH 99 (1.481 seconds):
INFO:root:COST >> 1.8361 +/- 0.1562, % updates: 45.834%
INFO:root:-- EPOCH 100 (1.497 seconds):
INFO:root:COST >> 1.8324 +/- 0.158, % updates: 45.743%
