INFO:root:Shape for training set: (40961, 141442)
INFO:root:State: {'ndim': '20', 'test_all': 'None', 'test_path': 'None', 'nhid': '50', 'lremb': '1e-05', 'seed': '3', 'simfn': 'L1', 'valid_path': 'None', 'nbatches': '10', 'lrparam': '1e-05', 'decay': '0.9', 'show_hinton_diagrams': 'False', 'no_rescaling': 'True', 'Nrel': '18', 'ranking_score_right': 'False', 'Nent': '40961', 'Nsyn': '40943', 'method': 'MOMENTUM', 'loss_margin': '1.0', 'C': '1.0', 'epsilon': '1e-06', 'use_db': 'True', 'max_lr': 'None', 'l1_param_weight': 'None', 'filtered': 'False', 'name': 'wn_opt/wn_MOMENTUM_83', 'totepochs': '100', 'l2_param_weight': 'None', 'train_path': 'data/wn/WN-train.pkl', 'op': 'TransE'}
INFO:root:Starting the Experiment ..
INFO:root:-- EPOCH 1 (1.558 seconds):
INFO:root:COST >> 2.2154 +/- 0.0104, % updates: 81.66%
INFO:root:-- EPOCH 2 (1.529 seconds):
INFO:root:COST >> 2.1909 +/- 0.0101, % updates: 81.769%
INFO:root:-- EPOCH 3 (1.529 seconds):
INFO:root:COST >> 2.1607 +/- 0.012, % updates: 81.686%
INFO:root:-- EPOCH 4 (1.516 seconds):
INFO:root:COST >> 2.1391 +/- 0.0158, % updates: 81.375%
INFO:root:-- EPOCH 5 (1.537 seconds):
INFO:root:COST >> 2.1128 +/- 0.0187, % updates: 80.914%
INFO:root:-- EPOCH 6 (1.522 seconds):
INFO:root:COST >> 2.0961 +/- 0.0074, % updates: 80.585%
INFO:root:-- EPOCH 7 (1.569 seconds):
INFO:root:COST >> 2.0742 +/- 0.0153, % updates: 80.183%
INFO:root:-- EPOCH 8 (1.496 seconds):
INFO:root:COST >> 2.0524 +/- 0.0138, % updates: 79.895%
INFO:root:-- EPOCH 9 (1.519 seconds):
INFO:root:COST >> 2.0389 +/- 0.0149, % updates: 79.423%
INFO:root:-- EPOCH 10 (1.53 seconds):
INFO:root:COST >> 2.0211 +/- 0.014, % updates: 79.226%
INFO:root:-- EPOCH 11 (1.521 seconds):
INFO:root:COST >> 2.0049 +/- 0.0145, % updates: 78.869%
INFO:root:-- EPOCH 12 (1.513 seconds):
INFO:root:COST >> 1.9835 +/- 0.0146, % updates: 78.511%
INFO:root:-- EPOCH 13 (1.519 seconds):
INFO:root:COST >> 1.9713 +/- 0.0118, % updates: 78.331%
INFO:root:-- EPOCH 14 (1.509 seconds):
INFO:root:COST >> 1.9535 +/- 0.0166, % updates: 77.86%
INFO:root:-- EPOCH 15 (1.545 seconds):
INFO:root:COST >> 1.9348 +/- 0.0103, % updates: 77.501%
INFO:root:-- EPOCH 16 (1.966 seconds):
INFO:root:COST >> 1.9272 +/- 0.012, % updates: 77.231%
INFO:root:-- EPOCH 17 (1.735 seconds):
INFO:root:COST >> 1.9072 +/- 0.0112, % updates: 76.958%
INFO:root:-- EPOCH 18 (1.517 seconds):
INFO:root:COST >> 1.8946 +/- 0.0121, % updates: 76.764%
INFO:root:-- EPOCH 19 (1.54 seconds):
INFO:root:COST >> 1.879 +/- 0.0103, % updates: 76.511%
INFO:root:-- EPOCH 20 (1.545 seconds):
INFO:root:COST >> 1.8626 +/- 0.013, % updates: 76.173%
INFO:root:-- EPOCH 21 (1.527 seconds):
INFO:root:COST >> 1.848 +/- 0.0157, % updates: 75.87%
INFO:root:-- EPOCH 22 (1.519 seconds):
INFO:root:COST >> 1.8375 +/- 0.0133, % updates: 75.704%
INFO:root:-- EPOCH 23 (1.548 seconds):
INFO:root:COST >> 1.8212 +/- 0.0104, % updates: 75.268%
INFO:root:-- EPOCH 24 (1.551 seconds):
INFO:root:COST >> 1.8102 +/- 0.0075, % updates: 75.165%
INFO:root:-- EPOCH 25 (1.835 seconds):
INFO:root:COST >> 1.7956 +/- 0.0138, % updates: 74.91%
INFO:root:-- EPOCH 26 (1.796 seconds):
INFO:root:COST >> 1.7858 +/- 0.013, % updates: 74.673%
INFO:root:-- EPOCH 27 (1.509 seconds):
INFO:root:COST >> 1.7751 +/- 0.016, % updates: 74.443%
INFO:root:-- EPOCH 28 (1.508 seconds):
INFO:root:COST >> 1.7617 +/- 0.0123, % updates: 74.215%
INFO:root:-- EPOCH 29 (1.548 seconds):
INFO:root:COST >> 1.7479 +/- 0.015, % updates: 73.966%
INFO:root:-- EPOCH 30 (1.508 seconds):
INFO:root:COST >> 1.7387 +/- 0.0103, % updates: 73.715%
INFO:root:-- EPOCH 31 (1.499 seconds):
INFO:root:COST >> 1.7236 +/- 0.006, % updates: 73.431%
INFO:root:-- EPOCH 32 (1.519 seconds):
INFO:root:COST >> 1.7095 +/- 0.01, % updates: 73.206%
INFO:root:-- EPOCH 33 (1.518 seconds):
INFO:root:COST >> 1.7007 +/- 0.0147, % updates: 72.949%
INFO:root:-- EPOCH 34 (1.509 seconds):
INFO:root:COST >> 1.6898 +/- 0.0124, % updates: 72.813%
INFO:root:-- EPOCH 35 (1.521 seconds):
INFO:root:COST >> 1.6761 +/- 0.007, % updates: 72.672%
INFO:root:-- EPOCH 36 (1.527 seconds):
INFO:root:COST >> 1.6705 +/- 0.0099, % updates: 72.43%
INFO:root:-- EPOCH 37 (1.504 seconds):
INFO:root:COST >> 1.6507 +/- 0.0076, % updates: 72.009%
INFO:root:-- EPOCH 38 (1.52 seconds):
INFO:root:COST >> 1.6415 +/- 0.0137, % updates: 71.792%
INFO:root:-- EPOCH 39 (1.523 seconds):
INFO:root:COST >> 1.6342 +/- 0.0119, % updates: 71.733%
INFO:root:-- EPOCH 40 (1.497 seconds):
INFO:root:COST >> 1.6244 +/- 0.0086, % updates: 71.549%
INFO:root:-- EPOCH 41 (1.515 seconds):
INFO:root:COST >> 1.6095 +/- 0.0126, % updates: 71.179%
INFO:root:-- EPOCH 42 (1.514 seconds):
INFO:root:COST >> 1.6031 +/- 0.0134, % updates: 71.095%
INFO:root:-- EPOCH 43 (1.508 seconds):
INFO:root:COST >> 1.5904 +/- 0.0115, % updates: 70.789%
INFO:root:-- EPOCH 44 (1.534 seconds):
INFO:root:COST >> 1.5835 +/- 0.0099, % updates: 70.594%
INFO:root:-- EPOCH 45 (1.512 seconds):
INFO:root:COST >> 1.5716 +/- 0.0124, % updates: 70.414%
INFO:root:-- EPOCH 46 (1.534 seconds):
INFO:root:COST >> 1.5673 +/- 0.0085, % updates: 70.243%
INFO:root:-- EPOCH 47 (1.505 seconds):
INFO:root:COST >> 1.5527 +/- 0.0074, % updates: 69.982%
INFO:root:-- EPOCH 48 (1.543 seconds):
INFO:root:COST >> 1.5411 +/- 0.01, % updates: 69.797%
INFO:root:-- EPOCH 49 (1.562 seconds):
INFO:root:COST >> 1.5348 +/- 0.0073, % updates: 69.678%
INFO:root:-- EPOCH 50 (1.555 seconds):
INFO:root:COST >> 1.5248 +/- 0.0094, % updates: 69.521%
INFO:root:-- EPOCH 51 (1.544 seconds):
INFO:root:COST >> 1.5162 +/- 0.0066, % updates: 69.191%
INFO:root:-- EPOCH 52 (1.561 seconds):
INFO:root:COST >> 1.5013 +/- 0.0075, % updates: 68.971%
INFO:root:-- EPOCH 53 (1.497 seconds):
INFO:root:COST >> 1.4939 +/- 0.008, % updates: 68.746%
INFO:root:-- EPOCH 54 (1.519 seconds):
INFO:root:COST >> 1.4834 +/- 0.0119, % updates: 68.703%
INFO:root:-- EPOCH 55 (1.508 seconds):
INFO:root:COST >> 1.4744 +/- 0.0122, % updates: 68.423%
INFO:root:-- EPOCH 56 (1.512 seconds):
INFO:root:COST >> 1.468 +/- 0.0106, % updates: 68.153%
INFO:root:-- EPOCH 57 (1.509 seconds):
INFO:root:COST >> 1.4565 +/- 0.0085, % updates: 68.016%
INFO:root:-- EPOCH 58 (1.562 seconds):
INFO:root:COST >> 1.4515 +/- 0.0126, % updates: 67.755%
INFO:root:-- EPOCH 59 (1.535 seconds):
INFO:root:COST >> 1.4386 +/- 0.0084, % updates: 67.543%
INFO:root:-- EPOCH 60 (1.521 seconds):
INFO:root:COST >> 1.4312 +/- 0.0127, % updates: 67.513%
INFO:root:-- EPOCH 61 (1.522 seconds):
INFO:root:COST >> 1.4188 +/- 0.0104, % updates: 67.163%
INFO:root:-- EPOCH 62 (1.522 seconds):
INFO:root:COST >> 1.4124 +/- 0.0065, % updates: 66.984%
INFO:root:-- EPOCH 63 (1.539 seconds):
INFO:root:COST >> 1.4052 +/- 0.0128, % updates: 66.814%
INFO:root:-- EPOCH 64 (1.521 seconds):
INFO:root:COST >> 1.3974 +/- 0.0096, % updates: 66.695%
INFO:root:-- EPOCH 65 (1.529 seconds):
INFO:root:COST >> 1.3911 +/- 0.0064, % updates: 66.541%
INFO:root:-- EPOCH 66 (1.518 seconds):
INFO:root:COST >> 1.3817 +/- 0.0107, % updates: 66.34%
INFO:root:-- EPOCH 67 (1.513 seconds):
INFO:root:COST >> 1.3751 +/- 0.0071, % updates: 66.093%
INFO:root:-- EPOCH 68 (1.546 seconds):
INFO:root:COST >> 1.3655 +/- 0.0077, % updates: 65.961%
INFO:root:-- EPOCH 69 (1.544 seconds):
INFO:root:COST >> 1.3592 +/- 0.0081, % updates: 65.776%
INFO:root:-- EPOCH 70 (1.509 seconds):
INFO:root:COST >> 1.3501 +/- 0.0076, % updates: 65.571%
INFO:root:-- EPOCH 71 (1.494 seconds):
INFO:root:COST >> 1.3393 +/- 0.0083, % updates: 65.384%
INFO:root:-- EPOCH 72 (1.501 seconds):
INFO:root:COST >> 1.3261 +/- 0.0076, % updates: 65.056%
INFO:root:-- EPOCH 73 (1.499 seconds):
INFO:root:COST >> 1.3257 +/- 0.0084, % updates: 65.045%
INFO:root:-- EPOCH 74 (1.517 seconds):
INFO:root:COST >> 1.3199 +/- 0.0155, % updates: 64.795%
INFO:root:-- EPOCH 75 (1.559 seconds):
INFO:root:COST >> 1.3096 +/- 0.0119, % updates: 64.606%
INFO:root:-- EPOCH 76 (1.503 seconds):
INFO:root:COST >> 1.3039 +/- 0.009, % updates: 64.376%
INFO:root:-- EPOCH 77 (1.524 seconds):
INFO:root:COST >> 1.2902 +/- 0.0106, % updates: 64.182%
INFO:root:-- EPOCH 78 (1.482 seconds):
INFO:root:COST >> 1.2884 +/- 0.0087, % updates: 64.09%
INFO:root:-- EPOCH 79 (1.319 seconds):
INFO:root:COST >> 1.2819 +/- 0.0085, % updates: 63.938%
INFO:root:-- EPOCH 80 (1.519 seconds):
INFO:root:COST >> 1.2727 +/- 0.0069, % updates: 63.762%
INFO:root:-- EPOCH 81 (1.617 seconds):
INFO:root:COST >> 1.2676 +/- 0.0104, % updates: 63.674%
INFO:root:-- EPOCH 82 (1.51 seconds):
INFO:root:COST >> 1.2555 +/- 0.0111, % updates: 63.242%
INFO:root:-- EPOCH 83 (1.814 seconds):
INFO:root:COST >> 1.2497 +/- 0.0086, % updates: 63.268%
INFO:root:-- EPOCH 84 (1.846 seconds):
INFO:root:COST >> 1.2456 +/- 0.0066, % updates: 62.993%
INFO:root:-- EPOCH 85 (1.505 seconds):
INFO:root:COST >> 1.2364 +/- 0.0106, % updates: 62.841%
INFO:root:-- EPOCH 86 (1.509 seconds):
INFO:root:COST >> 1.23 +/- 0.0089, % updates: 62.699%
INFO:root:-- EPOCH 87 (1.512 seconds):
INFO:root:COST >> 1.2293 +/- 0.0116, % updates: 62.699%
INFO:root:-- EPOCH 88 (1.534 seconds):
INFO:root:COST >> 1.2171 +/- 0.0099, % updates: 62.359%
INFO:root:-- EPOCH 89 (1.578 seconds):
INFO:root:COST >> 1.2127 +/- 0.0068, % updates: 62.231%
INFO:root:-- EPOCH 90 (1.532 seconds):
INFO:root:COST >> 1.2024 +/- 0.0089, % updates: 61.902%
INFO:root:-- EPOCH 91 (1.532 seconds):
INFO:root:COST >> 1.1955 +/- 0.009, % updates: 61.737%
INFO:root:-- EPOCH 92 (1.523 seconds):
INFO:root:COST >> 1.1918 +/- 0.0075, % updates: 61.618%
INFO:root:-- EPOCH 93 (1.503 seconds):
INFO:root:COST >> 1.185 +/- 0.0088, % updates: 61.455%
INFO:root:-- EPOCH 94 (1.537 seconds):
INFO:root:COST >> 1.175 +/- 0.0086, % updates: 61.113%
INFO:root:-- EPOCH 95 (1.492 seconds):
INFO:root:COST >> 1.1725 +/- 0.0084, % updates: 61.182%
INFO:root:-- EPOCH 96 (1.525 seconds):
INFO:root:COST >> 1.1669 +/- 0.0132, % updates: 61.046%
INFO:root:-- EPOCH 97 (1.548 seconds):
INFO:root:COST >> 1.1577 +/- 0.0137, % updates: 60.793%
INFO:root:-- EPOCH 98 (1.537 seconds):
INFO:root:COST >> 1.1516 +/- 0.0095, % updates: 60.666%
INFO:root:-- EPOCH 99 (1.537 seconds):
INFO:root:COST >> 1.1443 +/- 0.008, % updates: 60.35%
INFO:root:-- EPOCH 100 (1.567 seconds):
INFO:root:COST >> 1.1398 +/- 0.009, % updates: 60.302%
