INFO:root:Shape for training set: (40961, 141442)
INFO:root:State: {'ndim': '20', 'test_all': 'None', 'test_path': 'None', 'nhid': '50', 'lremb': '0.01', 'seed': '6', 'simfn': 'L1', 'valid_path': 'None', 'nbatches': '10', 'lrparam': '0.01', 'decay': '0.99', 'show_hinton_diagrams': 'False', 'no_rescaling': 'True', 'Nrel': '18', 'ranking_score_right': 'False', 'Nent': '40961', 'Nsyn': '40943', 'method': 'MOMENTUM', 'loss_margin': '1.0', 'C': '1.0', 'epsilon': '1e-06', 'use_db': 'True', 'max_lr': 'None', 'l1_param_weight': 'None', 'filtered': 'False', 'name': 'wn_opt/wn_MOMENTUM_226', 'totepochs': '100', 'l2_param_weight': 'None', 'train_path': 'data/wn/WN-train.pkl', 'op': 'TransE'}
INFO:root:Starting the Experiment ..
INFO:root:-- EPOCH 1 (1.497 seconds):
INFO:root:COST >> 2.1015 +/- 0.1025, % updates: 69.301%
INFO:root:-- EPOCH 2 (1.514 seconds):
INFO:root:COST >> 1.7995 +/- 0.1081, % updates: 52.614%
INFO:root:-- EPOCH 3 (1.494 seconds):
INFO:root:COST >> 1.7518 +/- 0.0984, % updates: 47.588%
INFO:root:-- EPOCH 4 (1.485 seconds):
INFO:root:COST >> 1.7233 +/- 0.0957, % updates: 46.364%
INFO:root:-- EPOCH 5 (1.492 seconds):
INFO:root:COST >> 1.7312 +/- 0.0982, % updates: 46.128%
INFO:root:-- EPOCH 6 (1.476 seconds):
INFO:root:COST >> 1.7374 +/- 0.1017, % updates: 45.77%
INFO:root:-- EPOCH 7 (1.503 seconds):
INFO:root:COST >> 1.755 +/- 0.1074, % updates: 45.574%
INFO:root:-- EPOCH 8 (1.481 seconds):
INFO:root:COST >> 1.7629 +/- 0.1061, % updates: 45.274%
INFO:root:-- EPOCH 9 (1.482 seconds):
INFO:root:COST >> 1.7765 +/- 0.0983, % updates: 45.141%
INFO:root:-- EPOCH 10 (1.505 seconds):
INFO:root:COST >> 1.7839 +/- 0.0959, % updates: 44.905%
INFO:root:-- EPOCH 11 (1.5 seconds):
INFO:root:COST >> 1.7965 +/- 0.1077, % updates: 44.842%
INFO:root:-- EPOCH 12 (1.49 seconds):
INFO:root:COST >> 1.8061 +/- 0.102, % updates: 44.634%
INFO:root:-- EPOCH 13 (1.456 seconds):
INFO:root:COST >> 1.816 +/- 0.1051, % updates: 44.71%
INFO:root:-- EPOCH 14 (1.123 seconds):
INFO:root:COST >> 1.8275 +/- 0.0883, % updates: 44.551%
INFO:root:-- EPOCH 15 (1.096 seconds):
INFO:root:COST >> 1.8375 +/- 0.1051, % updates: 44.663%
INFO:root:-- EPOCH 16 (1.33 seconds):
INFO:root:COST >> 1.8355 +/- 0.1075, % updates: 44.38%
INFO:root:-- EPOCH 17 (1.533 seconds):
INFO:root:COST >> 1.8349 +/- 0.0901, % updates: 44.198%
INFO:root:-- EPOCH 18 (1.926 seconds):
INFO:root:COST >> 1.8474 +/- 0.0961, % updates: 44.311%
INFO:root:-- EPOCH 19 (1.912 seconds):
INFO:root:COST >> 1.8545 +/- 0.0999, % updates: 44.198%
INFO:root:-- EPOCH 20 (1.906 seconds):
INFO:root:COST >> 1.8518 +/- 0.0995, % updates: 44.047%
INFO:root:-- EPOCH 21 (1.898 seconds):
INFO:root:COST >> 1.8651 +/- 0.107, % updates: 44.241%
INFO:root:-- EPOCH 22 (1.935 seconds):
INFO:root:COST >> 1.8633 +/- 0.1025, % updates: 44.062%
INFO:root:-- EPOCH 23 (1.916 seconds):
INFO:root:COST >> 1.866 +/- 0.1029, % updates: 44.245%
INFO:root:-- EPOCH 24 (1.917 seconds):
INFO:root:COST >> 1.8767 +/- 0.1061, % updates: 44.238%
INFO:root:-- EPOCH 25 (1.89 seconds):
INFO:root:COST >> 1.8694 +/- 0.1036, % updates: 44.162%
INFO:root:-- EPOCH 26 (1.946 seconds):
INFO:root:COST >> 1.8644 +/- 0.1002, % updates: 44.014%
INFO:root:-- EPOCH 27 (1.91 seconds):
INFO:root:COST >> 1.8772 +/- 0.1048, % updates: 44.1%
INFO:root:-- EPOCH 28 (1.613 seconds):
INFO:root:COST >> 1.8813 +/- 0.1046, % updates: 44.178%
INFO:root:-- EPOCH 29 (1.49 seconds):
INFO:root:COST >> 1.8661 +/- 0.0957, % updates: 44.06%
INFO:root:-- EPOCH 30 (1.499 seconds):
INFO:root:COST >> 1.8744 +/- 0.102, % updates: 44.129%
INFO:root:-- EPOCH 31 (1.48 seconds):
INFO:root:COST >> 1.8687 +/- 0.1098, % updates: 43.985%
INFO:root:-- EPOCH 32 (1.498 seconds):
INFO:root:COST >> 1.8846 +/- 0.0972, % updates: 44.205%
INFO:root:-- EPOCH 33 (1.492 seconds):
INFO:root:COST >> 1.8738 +/- 0.108, % updates: 44.216%
INFO:root:-- EPOCH 34 (1.463 seconds):
INFO:root:COST >> 1.8702 +/- 0.1072, % updates: 44.018%
INFO:root:-- EPOCH 35 (1.49 seconds):
INFO:root:COST >> 1.8716 +/- 0.1064, % updates: 44.029%
INFO:root:-- EPOCH 36 (1.485 seconds):
INFO:root:COST >> 1.8724 +/- 0.0921, % updates: 44.04%
INFO:root:-- EPOCH 37 (1.514 seconds):
INFO:root:COST >> 1.8712 +/- 0.1002, % updates: 44.059%
INFO:root:-- EPOCH 38 (1.491 seconds):
INFO:root:COST >> 1.8689 +/- 0.1057, % updates: 44.116%
INFO:root:-- EPOCH 39 (1.514 seconds):
INFO:root:COST >> 1.8748 +/- 0.1063, % updates: 44.116%
INFO:root:-- EPOCH 40 (1.485 seconds):
INFO:root:COST >> 1.8728 +/- 0.1012, % updates: 43.979%
INFO:root:-- EPOCH 41 (1.542 seconds):
INFO:root:COST >> 1.8795 +/- 0.1022, % updates: 44.138%
INFO:root:-- EPOCH 42 (1.506 seconds):
INFO:root:COST >> 1.8815 +/- 0.1024, % updates: 44.03%
INFO:root:-- EPOCH 43 (1.506 seconds):
INFO:root:COST >> 1.8814 +/- 0.1058, % updates: 44.184%
INFO:root:-- EPOCH 44 (1.537 seconds):
INFO:root:COST >> 1.8804 +/- 0.0967, % updates: 44.165%
INFO:root:-- EPOCH 45 (1.505 seconds):
INFO:root:COST >> 1.8671 +/- 0.1064, % updates: 44.046%
INFO:root:-- EPOCH 46 (1.491 seconds):
INFO:root:COST >> 1.8771 +/- 0.101, % updates: 44.032%
INFO:root:-- EPOCH 47 (1.472 seconds):
INFO:root:COST >> 1.8765 +/- 0.1084, % updates: 44.035%
INFO:root:-- EPOCH 48 (1.51 seconds):
INFO:root:COST >> 1.8766 +/- 0.1102, % updates: 44.119%
INFO:root:-- EPOCH 49 (1.491 seconds):
INFO:root:COST >> 1.8831 +/- 0.0982, % updates: 44.245%
INFO:root:-- EPOCH 50 (1.498 seconds):
INFO:root:COST >> 1.8775 +/- 0.097, % updates: 44.026%
INFO:root:-- EPOCH 51 (1.508 seconds):
INFO:root:COST >> 1.8739 +/- 0.1037, % updates: 44.076%
INFO:root:-- EPOCH 52 (1.527 seconds):
INFO:root:COST >> 1.8743 +/- 0.096, % updates: 44.024%
INFO:root:-- EPOCH 53 (1.526 seconds):
INFO:root:COST >> 1.8729 +/- 0.1045, % updates: 43.995%
INFO:root:-- EPOCH 54 (1.523 seconds):
INFO:root:COST >> 1.8824 +/- 0.1019, % updates: 44.133%
INFO:root:-- EPOCH 55 (1.483 seconds):
INFO:root:COST >> 1.8782 +/- 0.0923, % updates: 44.074%
INFO:root:-- EPOCH 56 (1.475 seconds):
INFO:root:COST >> 1.8773 +/- 0.1076, % updates: 44.144%
INFO:root:-- EPOCH 57 (1.478 seconds):
INFO:root:COST >> 1.882 +/- 0.0987, % updates: 44.225%
INFO:root:-- EPOCH 58 (1.493 seconds):
INFO:root:COST >> 1.8741 +/- 0.1026, % updates: 44.132%
INFO:root:-- EPOCH 59 (1.474 seconds):
INFO:root:COST >> 1.8766 +/- 0.1018, % updates: 44.174%
INFO:root:-- EPOCH 60 (1.518 seconds):
INFO:root:COST >> 1.8798 +/- 0.0893, % updates: 44.128%
INFO:root:-- EPOCH 61 (1.492 seconds):
INFO:root:COST >> 1.8755 +/- 0.1013, % updates: 43.997%
INFO:root:-- EPOCH 62 (1.494 seconds):
INFO:root:COST >> 1.8751 +/- 0.1004, % updates: 44.089%
INFO:root:-- EPOCH 63 (1.533 seconds):
INFO:root:COST >> 1.8748 +/- 0.1016, % updates: 44.173%
INFO:root:-- EPOCH 64 (1.537 seconds):
INFO:root:COST >> 1.876 +/- 0.1021, % updates: 44.083%
INFO:root:-- EPOCH 65 (1.481 seconds):
INFO:root:COST >> 1.8819 +/- 0.0905, % updates: 44.159%
INFO:root:-- EPOCH 66 (1.538 seconds):
INFO:root:COST >> 1.8752 +/- 0.1051, % updates: 44.124%
INFO:root:-- EPOCH 67 (1.5 seconds):
INFO:root:COST >> 1.8801 +/- 0.0985, % updates: 44.112%
INFO:root:-- EPOCH 68 (1.528 seconds):
INFO:root:COST >> 1.8706 +/- 0.1117, % updates: 44.052%
INFO:root:-- EPOCH 69 (1.504 seconds):
INFO:root:COST >> 1.88 +/- 0.1093, % updates: 44.207%
INFO:root:-- EPOCH 70 (1.496 seconds):
INFO:root:COST >> 1.8789 +/- 0.097, % updates: 44.068%
INFO:root:-- EPOCH 71 (1.498 seconds):
INFO:root:COST >> 1.8753 +/- 0.1034, % updates: 44.054%
INFO:root:-- EPOCH 72 (1.488 seconds):
INFO:root:COST >> 1.8692 +/- 0.1003, % updates: 44.056%
INFO:root:-- EPOCH 73 (1.55 seconds):
INFO:root:COST >> 1.8797 +/- 0.0924, % updates: 44.043%
INFO:root:-- EPOCH 74 (1.501 seconds):
INFO:root:COST >> 1.8833 +/- 0.0936, % updates: 44.243%
INFO:root:-- EPOCH 75 (1.536 seconds):
INFO:root:COST >> 1.8747 +/- 0.0914, % updates: 44.007%
INFO:root:-- EPOCH 76 (1.491 seconds):
INFO:root:COST >> 1.8745 +/- 0.1007, % updates: 43.965%
INFO:root:-- EPOCH 77 (1.495 seconds):
INFO:root:COST >> 1.8765 +/- 0.1002, % updates: 44.077%
INFO:root:-- EPOCH 78 (1.493 seconds):
INFO:root:COST >> 1.8751 +/- 0.1076, % updates: 44.173%
INFO:root:-- EPOCH 79 (1.511 seconds):
INFO:root:COST >> 1.8793 +/- 0.0989, % updates: 44.109%
INFO:root:-- EPOCH 80 (1.508 seconds):
INFO:root:COST >> 1.8721 +/- 0.0961, % updates: 43.919%
INFO:root:-- EPOCH 81 (1.494 seconds):
INFO:root:COST >> 1.8757 +/- 0.1052, % updates: 44.028%
INFO:root:-- EPOCH 82 (1.487 seconds):
INFO:root:COST >> 1.8699 +/- 0.0983, % updates: 44.197%
INFO:root:-- EPOCH 83 (1.511 seconds):
INFO:root:COST >> 1.8789 +/- 0.0902, % updates: 44.197%
INFO:root:-- EPOCH 84 (1.506 seconds):
INFO:root:COST >> 1.8764 +/- 0.0998, % updates: 44.139%
INFO:root:-- EPOCH 85 (1.489 seconds):
INFO:root:COST >> 1.878 +/- 0.0956, % updates: 44.113%
INFO:root:-- EPOCH 86 (1.497 seconds):
INFO:root:COST >> 1.871 +/- 0.1004, % updates: 44.028%
INFO:root:-- EPOCH 87 (1.502 seconds):
INFO:root:COST >> 1.8663 +/- 0.1044, % updates: 44.05%
INFO:root:-- EPOCH 88 (1.496 seconds):
INFO:root:COST >> 1.8734 +/- 0.1073, % updates: 44.013%
INFO:root:-- EPOCH 89 (1.486 seconds):
INFO:root:COST >> 1.873 +/- 0.0961, % updates: 44.044%
INFO:root:-- EPOCH 90 (1.494 seconds):
INFO:root:COST >> 1.8829 +/- 0.1052, % updates: 44.114%
INFO:root:-- EPOCH 91 (1.534 seconds):
INFO:root:COST >> 1.8767 +/- 0.0979, % updates: 44.134%
INFO:root:-- EPOCH 92 (1.474 seconds):
INFO:root:COST >> 1.8777 +/- 0.0969, % updates: 44.132%
INFO:root:-- EPOCH 93 (1.534 seconds):
INFO:root:COST >> 1.8769 +/- 0.1, % updates: 44.118%
INFO:root:-- EPOCH 94 (1.486 seconds):
INFO:root:COST >> 1.8759 +/- 0.1066, % updates: 44.038%
INFO:root:-- EPOCH 95 (1.514 seconds):
INFO:root:COST >> 1.8729 +/- 0.1058, % updates: 44.173%
INFO:root:-- EPOCH 96 (1.513 seconds):
INFO:root:COST >> 1.8816 +/- 0.092, % updates: 44.172%
INFO:root:-- EPOCH 97 (1.5 seconds):
INFO:root:COST >> 1.8728 +/- 0.1002, % updates: 44.136%
INFO:root:-- EPOCH 98 (1.506 seconds):
INFO:root:COST >> 1.8769 +/- 0.1004, % updates: 44.128%
INFO:root:-- EPOCH 99 (1.497 seconds):
INFO:root:COST >> 1.8799 +/- 0.1081, % updates: 44.157%
INFO:root:-- EPOCH 100 (1.511 seconds):
INFO:root:COST >> 1.8777 +/- 0.0995, % updates: 44.164%
