INFO:root:Shape for training set: (40961, 141442)
INFO:root:State: {'ndim': '20', 'test_all': 'None', 'test_path': 'None', 'nhid': '50', 'lremb': '0.1', 'seed': '3', 'simfn': 'L1', 'valid_path': 'None', 'nbatches': '10', 'lrparam': '0.1', 'decay': '0.9999', 'show_hinton_diagrams': 'False', 'no_rescaling': 'True', 'Nrel': '18', 'ranking_score_right': 'False', 'Nent': '40961', 'Nsyn': '40943', 'method': 'MOMENTUM', 'loss_margin': '1.0', 'C': '1.0', 'epsilon': '1e-06', 'use_db': 'True', 'max_lr': 'None', 'l1_param_weight': 'None', 'filtered': 'False', 'name': 'wn_opt/wn_MOMENTUM_253', 'totepochs': '100', 'l2_param_weight': 'None', 'train_path': 'data/wn/WN-train.pkl', 'op': 'TransE'}
INFO:root:Starting the Experiment ..
INFO:root:-- EPOCH 1 (1.477 seconds):
INFO:root:COST >> 2.5005 +/- 0.1673, % updates: 64.104%
INFO:root:-- EPOCH 2 (1.466 seconds):
INFO:root:COST >> 2.198 +/- 0.1739, % updates: 50.203%
INFO:root:-- EPOCH 3 (1.431 seconds):
INFO:root:COST >> 2.0934 +/- 0.1724, % updates: 48.474%
INFO:root:-- EPOCH 4 (1.451 seconds):
INFO:root:COST >> 2.0375 +/- 0.1752, % updates: 47.771%
INFO:root:-- EPOCH 5 (1.475 seconds):
INFO:root:COST >> 2.0003 +/- 0.1615, % updates: 47.24%
INFO:root:-- EPOCH 6 (1.539 seconds):
INFO:root:COST >> 1.9694 +/- 0.1751, % updates: 46.902%
INFO:root:-- EPOCH 7 (1.499 seconds):
INFO:root:COST >> 1.9533 +/- 0.1695, % updates: 46.828%
INFO:root:-- EPOCH 8 (1.475 seconds):
INFO:root:COST >> 1.9295 +/- 0.1634, % updates: 46.52%
INFO:root:-- EPOCH 9 (1.451 seconds):
INFO:root:COST >> 1.9304 +/- 0.159, % updates: 46.574%
INFO:root:-- EPOCH 10 (1.459 seconds):
INFO:root:COST >> 1.9036 +/- 0.1679, % updates: 46.497%
INFO:root:-- EPOCH 11 (1.466 seconds):
INFO:root:COST >> 1.9 +/- 0.1608, % updates: 46.504%
INFO:root:-- EPOCH 12 (1.453 seconds):
INFO:root:COST >> 1.8862 +/- 0.153, % updates: 46.374%
INFO:root:-- EPOCH 13 (1.468 seconds):
INFO:root:COST >> 1.8776 +/- 0.1664, % updates: 46.307%
INFO:root:-- EPOCH 14 (1.457 seconds):
INFO:root:COST >> 1.8714 +/- 0.1479, % updates: 46.209%
INFO:root:-- EPOCH 15 (1.471 seconds):
INFO:root:COST >> 1.8646 +/- 0.1603, % updates: 46.217%
INFO:root:-- EPOCH 16 (1.468 seconds):
INFO:root:COST >> 1.8586 +/- 0.1493, % updates: 46.197%
INFO:root:-- EPOCH 17 (1.493 seconds):
INFO:root:COST >> 1.8551 +/- 0.1502, % updates: 46.15%
INFO:root:-- EPOCH 18 (1.534 seconds):
INFO:root:COST >> 1.8501 +/- 0.1592, % updates: 46.151%
INFO:root:-- EPOCH 19 (1.498 seconds):
INFO:root:COST >> 1.8351 +/- 0.156, % updates: 46.091%
INFO:root:-- EPOCH 20 (1.5 seconds):
INFO:root:COST >> 1.8403 +/- 0.1563, % updates: 46.285%
INFO:root:-- EPOCH 21 (1.476 seconds):
INFO:root:COST >> 1.8348 +/- 0.1472, % updates: 46.243%
INFO:root:-- EPOCH 22 (1.477 seconds):
INFO:root:COST >> 1.83 +/- 0.1577, % updates: 46.221%
INFO:root:-- EPOCH 23 (1.465 seconds):
INFO:root:COST >> 1.8196 +/- 0.1598, % updates: 46.069%
INFO:root:-- EPOCH 24 (1.474 seconds):
INFO:root:COST >> 1.8202 +/- 0.1497, % updates: 46.015%
INFO:root:-- EPOCH 25 (1.483 seconds):
INFO:root:COST >> 1.8277 +/- 0.1464, % updates: 46.274%
INFO:root:-- EPOCH 26 (1.46 seconds):
INFO:root:COST >> 1.8167 +/- 0.1489, % updates: 46.22%
INFO:root:-- EPOCH 27 (1.454 seconds):
INFO:root:COST >> 1.8121 +/- 0.141, % updates: 46.163%
INFO:root:-- EPOCH 28 (1.454 seconds):
INFO:root:COST >> 1.8079 +/- 0.1505, % updates: 46.069%
INFO:root:-- EPOCH 29 (1.497 seconds):
INFO:root:COST >> 1.8019 +/- 0.1494, % updates: 46.149%
INFO:root:-- EPOCH 30 (1.456 seconds):
INFO:root:COST >> 1.8115 +/- 0.1552, % updates: 46.202%
INFO:root:-- EPOCH 31 (1.48 seconds):
INFO:root:COST >> 1.8001 +/- 0.1509, % updates: 46.037%
INFO:root:-- EPOCH 32 (1.498 seconds):
INFO:root:COST >> 1.8032 +/- 0.1497, % updates: 46.035%
INFO:root:-- EPOCH 33 (1.488 seconds):
INFO:root:COST >> 1.795 +/- 0.1579, % updates: 46.013%
INFO:root:-- EPOCH 34 (1.453 seconds):
INFO:root:COST >> 1.7994 +/- 0.1438, % updates: 46.098%
INFO:root:-- EPOCH 35 (1.475 seconds):
INFO:root:COST >> 1.7952 +/- 0.1506, % updates: 46.032%
INFO:root:-- EPOCH 36 (1.466 seconds):
INFO:root:COST >> 1.7908 +/- 0.1454, % updates: 45.997%
INFO:root:-- EPOCH 37 (1.474 seconds):
INFO:root:COST >> 1.7849 +/- 0.1495, % updates: 45.912%
INFO:root:-- EPOCH 38 (1.452 seconds):
INFO:root:COST >> 1.7889 +/- 0.1414, % updates: 46.174%
INFO:root:-- EPOCH 39 (1.465 seconds):
INFO:root:COST >> 1.7866 +/- 0.1499, % updates: 46.065%
INFO:root:-- EPOCH 40 (1.485 seconds):
INFO:root:COST >> 1.7879 +/- 0.1433, % updates: 46.11%
INFO:root:-- EPOCH 41 (1.482 seconds):
INFO:root:COST >> 1.7833 +/- 0.1429, % updates: 46.2%
INFO:root:-- EPOCH 42 (1.467 seconds):
INFO:root:COST >> 1.7779 +/- 0.1491, % updates: 46.044%
INFO:root:-- EPOCH 43 (1.439 seconds):
INFO:root:COST >> 1.779 +/- 0.1473, % updates: 46.125%
INFO:root:-- EPOCH 44 (1.481 seconds):
INFO:root:COST >> 1.7826 +/- 0.1482, % updates: 46.108%
INFO:root:-- EPOCH 45 (1.477 seconds):
INFO:root:COST >> 1.7733 +/- 0.1459, % updates: 46.076%
INFO:root:-- EPOCH 46 (1.463 seconds):
INFO:root:COST >> 1.7753 +/- 0.1482, % updates: 46.074%
INFO:root:-- EPOCH 47 (1.493 seconds):
INFO:root:COST >> 1.7762 +/- 0.1444, % updates: 46.184%
INFO:root:-- EPOCH 48 (1.466 seconds):
INFO:root:COST >> 1.7642 +/- 0.1432, % updates: 45.939%
INFO:root:-- EPOCH 49 (1.479 seconds):
INFO:root:COST >> 1.7652 +/- 0.1384, % updates: 46.146%
INFO:root:-- EPOCH 50 (1.469 seconds):
INFO:root:COST >> 1.7723 +/- 0.1442, % updates: 46.196%
INFO:root:-- EPOCH 51 (1.486 seconds):
INFO:root:COST >> 1.7703 +/- 0.1471, % updates: 46.064%
INFO:root:-- EPOCH 52 (1.481 seconds):
INFO:root:COST >> 1.7689 +/- 0.1499, % updates: 46.161%
INFO:root:-- EPOCH 53 (1.467 seconds):
INFO:root:COST >> 1.765 +/- 0.1407, % updates: 46.105%
INFO:root:-- EPOCH 54 (1.461 seconds):
INFO:root:COST >> 1.7618 +/- 0.1381, % updates: 46.164%
INFO:root:-- EPOCH 55 (1.49 seconds):
INFO:root:COST >> 1.7683 +/- 0.1457, % updates: 46.129%
INFO:root:-- EPOCH 56 (1.481 seconds):
INFO:root:COST >> 1.7631 +/- 0.1399, % updates: 46.173%
INFO:root:-- EPOCH 57 (1.448 seconds):
INFO:root:COST >> 1.7573 +/- 0.1342, % updates: 46.133%
INFO:root:-- EPOCH 58 (1.465 seconds):
INFO:root:COST >> 1.7646 +/- 0.1444, % updates: 46.132%
INFO:root:-- EPOCH 59 (1.46 seconds):
INFO:root:COST >> 1.7613 +/- 0.1428, % updates: 46.241%
INFO:root:-- EPOCH 60 (1.462 seconds):
INFO:root:COST >> 1.7628 +/- 0.1357, % updates: 46.144%
INFO:root:-- EPOCH 61 (1.48 seconds):
INFO:root:COST >> 1.7545 +/- 0.1416, % updates: 46.16%
INFO:root:-- EPOCH 62 (1.485 seconds):
INFO:root:COST >> 1.7588 +/- 0.1458, % updates: 46.208%
INFO:root:-- EPOCH 63 (1.476 seconds):
INFO:root:COST >> 1.7556 +/- 0.1497, % updates: 46.204%
INFO:root:-- EPOCH 64 (1.454 seconds):
INFO:root:COST >> 1.752 +/- 0.1415, % updates: 46.123%
INFO:root:-- EPOCH 65 (1.451 seconds):
INFO:root:COST >> 1.7543 +/- 0.1437, % updates: 46.229%
INFO:root:-- EPOCH 66 (1.458 seconds):
INFO:root:COST >> 1.7534 +/- 0.1384, % updates: 46.186%
INFO:root:-- EPOCH 67 (1.499 seconds):
INFO:root:COST >> 1.757 +/- 0.14, % updates: 46.204%
INFO:root:-- EPOCH 68 (1.497 seconds):
INFO:root:COST >> 1.7505 +/- 0.1336, % updates: 46.276%
INFO:root:-- EPOCH 69 (1.47 seconds):
INFO:root:COST >> 1.7479 +/- 0.1495, % updates: 46.183%
INFO:root:-- EPOCH 70 (1.488 seconds):
INFO:root:COST >> 1.7492 +/- 0.1458, % updates: 46.192%
INFO:root:-- EPOCH 71 (1.497 seconds):
INFO:root:COST >> 1.7462 +/- 0.1446, % updates: 46.301%
INFO:root:-- EPOCH 72 (1.479 seconds):
INFO:root:COST >> 1.7466 +/- 0.1435, % updates: 46.178%
INFO:root:-- EPOCH 73 (1.466 seconds):
INFO:root:COST >> 1.7481 +/- 0.1456, % updates: 46.144%
INFO:root:-- EPOCH 74 (1.463 seconds):
INFO:root:COST >> 1.7434 +/- 0.136, % updates: 46.243%
INFO:root:-- EPOCH 75 (1.483 seconds):
INFO:root:COST >> 1.7459 +/- 0.1374, % updates: 46.138%
INFO:root:-- EPOCH 76 (1.447 seconds):
INFO:root:COST >> 1.7445 +/- 0.143, % updates: 46.236%
INFO:root:-- EPOCH 77 (1.47 seconds):
INFO:root:COST >> 1.7396 +/- 0.1423, % updates: 46.098%
INFO:root:-- EPOCH 78 (1.47 seconds):
INFO:root:COST >> 1.744 +/- 0.1405, % updates: 46.328%
INFO:root:-- EPOCH 79 (1.49 seconds):
INFO:root:COST >> 1.7401 +/- 0.143, % updates: 46.106%
INFO:root:-- EPOCH 80 (1.482 seconds):
INFO:root:COST >> 1.7474 +/- 0.1455, % updates: 46.386%
INFO:root:-- EPOCH 81 (1.505 seconds):
INFO:root:COST >> 1.736 +/- 0.1314, % updates: 46.187%
INFO:root:-- EPOCH 82 (1.455 seconds):
INFO:root:COST >> 1.7335 +/- 0.14, % updates: 46.16%
INFO:root:-- EPOCH 83 (1.459 seconds):
INFO:root:COST >> 1.7343 +/- 0.1444, % updates: 46.143%
INFO:root:-- EPOCH 84 (1.526 seconds):
INFO:root:COST >> 1.7305 +/- 0.1387, % updates: 46.17%
INFO:root:-- EPOCH 85 (1.083 seconds):
INFO:root:COST >> 1.7419 +/- 0.1352, % updates: 46.308%
INFO:root:-- EPOCH 86 (1.165 seconds):
INFO:root:COST >> 1.7357 +/- 0.1433, % updates: 46.134%
INFO:root:-- EPOCH 87 (1.112 seconds):
INFO:root:COST >> 1.7348 +/- 0.1468, % updates: 46.289%
INFO:root:-- EPOCH 88 (1.141 seconds):
INFO:root:COST >> 1.7311 +/- 0.1376, % updates: 46.183%
INFO:root:-- EPOCH 89 (1.275 seconds):
INFO:root:COST >> 1.7392 +/- 0.1458, % updates: 46.198%
INFO:root:-- EPOCH 90 (1.47 seconds):
INFO:root:COST >> 1.7365 +/- 0.1358, % updates: 46.239%
INFO:root:-- EPOCH 91 (1.457 seconds):
INFO:root:COST >> 1.7294 +/- 0.1358, % updates: 46.195%
INFO:root:-- EPOCH 92 (1.496 seconds):
INFO:root:COST >> 1.7363 +/- 0.1404, % updates: 46.349%
INFO:root:-- EPOCH 93 (1.489 seconds):
INFO:root:COST >> 1.7336 +/- 0.1384, % updates: 46.313%
INFO:root:-- EPOCH 94 (1.505 seconds):
INFO:root:COST >> 1.7399 +/- 0.137, % updates: 46.395%
INFO:root:-- EPOCH 95 (1.463 seconds):
INFO:root:COST >> 1.7309 +/- 0.1404, % updates: 46.244%
INFO:root:-- EPOCH 96 (1.499 seconds):
INFO:root:COST >> 1.7228 +/- 0.1334, % updates: 46.144%
INFO:root:-- EPOCH 97 (1.49 seconds):
INFO:root:COST >> 1.7312 +/- 0.1424, % updates: 46.312%
INFO:root:-- EPOCH 98 (1.472 seconds):
INFO:root:COST >> 1.7307 +/- 0.1452, % updates: 46.22%
INFO:root:-- EPOCH 99 (1.454 seconds):
INFO:root:COST >> 1.7315 +/- 0.1379, % updates: 46.225%
INFO:root:-- EPOCH 100 (1.491 seconds):
INFO:root:COST >> 1.7261 +/- 0.1407, % updates: 46.165%
