INFO:root:Shape for training set: (40961, 141442)
INFO:root:State: {'ndim': '20', 'test_all': 'None', 'test_path': 'None', 'nhid': '50', 'lremb': '1e-05', 'seed': '4', 'simfn': 'L1', 'valid_path': 'None', 'nbatches': '10', 'lrparam': '1e-05', 'decay': '0.999', 'show_hinton_diagrams': 'False', 'no_rescaling': 'True', 'Nrel': '18', 'ranking_score_right': 'False', 'Nent': '40961', 'Nsyn': '40943', 'method': 'MOMENTUM', 'loss_margin': '1.0', 'C': '1.0', 'epsilon': '1e-06', 'use_db': 'True', 'max_lr': 'None', 'l1_param_weight': 'None', 'filtered': 'False', 'name': 'wn_opt/wn_MOMENTUM_64', 'totepochs': '100', 'l2_param_weight': 'None', 'train_path': 'data/wn/WN-train.pkl', 'op': 'TransE'}
INFO:root:Starting the Experiment ..
INFO:root:-- EPOCH 1 (2.164 seconds):
INFO:root:COST >> 2.2243 +/- 0.0124, % updates: 81.84%
INFO:root:-- EPOCH 2 (1.803 seconds):
INFO:root:COST >> 2.1783 +/- 0.0239, % updates: 81.823%
INFO:root:-- EPOCH 3 (1.869 seconds):
INFO:root:COST >> 2.1309 +/- 0.0234, % updates: 81.319%
INFO:root:-- EPOCH 4 (1.789 seconds):
INFO:root:COST >> 2.0914 +/- 0.0167, % updates: 79.781%
INFO:root:-- EPOCH 5 (1.755 seconds):
INFO:root:COST >> 2.0564 +/- 0.0154, % updates: 77.955%
INFO:root:-- EPOCH 6 (1.707 seconds):
INFO:root:COST >> 2.0036 +/- 0.0209, % updates: 76.104%
INFO:root:-- EPOCH 7 (1.779 seconds):
INFO:root:COST >> 1.9354 +/- 0.0159, % updates: 74.957%
INFO:root:-- EPOCH 8 (1.715 seconds):
INFO:root:COST >> 1.8684 +/- 0.0249, % updates: 74.015%
INFO:root:-- EPOCH 9 (1.746 seconds):
INFO:root:COST >> 1.8033 +/- 0.0274, % updates: 73.122%
INFO:root:-- EPOCH 10 (1.777 seconds):
INFO:root:COST >> 1.7371 +/- 0.0191, % updates: 71.531%
INFO:root:-- EPOCH 11 (1.849 seconds):
INFO:root:COST >> 1.6665 +/- 0.0264, % updates: 69.4%
INFO:root:-- EPOCH 12 (2.08 seconds):
INFO:root:COST >> 1.5901 +/- 0.0203, % updates: 67.604%
INFO:root:-- EPOCH 13 (2.029 seconds):
INFO:root:COST >> 1.5317 +/- 0.0191, % updates: 66.28%
INFO:root:-- EPOCH 14 (1.685 seconds):
INFO:root:COST >> 1.4475 +/- 0.0297, % updates: 64.663%
INFO:root:-- EPOCH 15 (1.533 seconds):
INFO:root:COST >> 1.3878 +/- 0.016, % updates: 62.847%
INFO:root:-- EPOCH 16 (1.422 seconds):
INFO:root:COST >> 1.3069 +/- 0.022, % updates: 60.813%
INFO:root:-- EPOCH 17 (1.667 seconds):
INFO:root:COST >> 1.2431 +/- 0.0161, % updates: 59.597%
INFO:root:-- EPOCH 18 (1.726 seconds):
INFO:root:COST >> 1.1725 +/- 0.0161, % updates: 57.573%
INFO:root:-- EPOCH 19 (1.635 seconds):
INFO:root:COST >> 1.12 +/- 0.0162, % updates: 55.399%
INFO:root:-- EPOCH 20 (1.963 seconds):
INFO:root:COST >> 1.0517 +/- 0.0171, % updates: 53.861%
INFO:root:-- EPOCH 21 (1.902 seconds):
INFO:root:COST >> 1.0064 +/- 0.0162, % updates: 52.604%
INFO:root:-- EPOCH 22 (1.921 seconds):
INFO:root:COST >> 0.9523 +/- 0.0136, % updates: 50.344%
INFO:root:-- EPOCH 23 (1.89 seconds):
INFO:root:COST >> 0.9152 +/- 0.0166, % updates: 49.494%
INFO:root:-- EPOCH 24 (1.849 seconds):
INFO:root:COST >> 0.864 +/- 0.0094, % updates: 47.768%
INFO:root:-- EPOCH 25 (2.047 seconds):
INFO:root:COST >> 0.8365 +/- 0.0146, % updates: 46.276%
INFO:root:-- EPOCH 26 (2.211 seconds):
INFO:root:COST >> 0.8075 +/- 0.0066, % updates: 45.13%
INFO:root:-- EPOCH 27 (1.821 seconds):
INFO:root:COST >> 0.7738 +/- 0.0173, % updates: 43.862%
INFO:root:-- EPOCH 28 (2.104 seconds):
INFO:root:COST >> 0.7411 +/- 0.0064, % updates: 42.673%
INFO:root:-- EPOCH 29 (1.74 seconds):
INFO:root:COST >> 0.7204 +/- 0.0111, % updates: 41.948%
INFO:root:-- EPOCH 30 (1.802 seconds):
INFO:root:COST >> 0.694 +/- 0.0071, % updates: 40.707%
INFO:root:-- EPOCH 31 (1.874 seconds):
INFO:root:COST >> 0.6816 +/- 0.011, % updates: 39.801%
INFO:root:-- EPOCH 32 (1.777 seconds):
INFO:root:COST >> 0.6573 +/- 0.0055, % updates: 39.398%
INFO:root:-- EPOCH 33 (1.829 seconds):
INFO:root:COST >> 0.6445 +/- 0.0083, % updates: 38.607%
INFO:root:-- EPOCH 34 (1.92 seconds):
INFO:root:COST >> 0.6296 +/- 0.0059, % updates: 37.753%
INFO:root:-- EPOCH 35 (1.882 seconds):
INFO:root:COST >> 0.6099 +/- 0.0072, % updates: 37.173%
INFO:root:-- EPOCH 36 (1.816 seconds):
INFO:root:COST >> 0.6012 +/- 0.005, % updates: 36.81%
INFO:root:-- EPOCH 37 (1.793 seconds):
INFO:root:COST >> 0.5892 +/- 0.0072, % updates: 36.138%
INFO:root:-- EPOCH 38 (1.966 seconds):
INFO:root:COST >> 0.5822 +/- 0.0074, % updates: 35.829%
INFO:root:-- EPOCH 39 (2.253 seconds):
INFO:root:COST >> 0.5596 +/- 0.0084, % updates: 35.136%
INFO:root:-- EPOCH 40 (2.046 seconds):
INFO:root:COST >> 0.5558 +/- 0.0063, % updates: 35.151%
INFO:root:-- EPOCH 41 (2.085 seconds):
INFO:root:COST >> 0.5407 +/- 0.0045, % updates: 34.285%
INFO:root:-- EPOCH 42 (2.049 seconds):
INFO:root:COST >> 0.529 +/- 0.0083, % updates: 34.137%
INFO:root:-- EPOCH 43 (1.869 seconds):
INFO:root:COST >> 0.5115 +/- 0.0059, % updates: 33.5%
INFO:root:-- EPOCH 44 (2.09 seconds):
INFO:root:COST >> 0.5034 +/- 0.006, % updates: 32.958%
INFO:root:-- EPOCH 45 (1.985 seconds):
INFO:root:COST >> 0.4996 +/- 0.0055, % updates: 32.997%
INFO:root:-- EPOCH 46 (2.092 seconds):
INFO:root:COST >> 0.476 +/- 0.0035, % updates: 32.026%
INFO:root:-- EPOCH 47 (1.729 seconds):
INFO:root:COST >> 0.47 +/- 0.0061, % updates: 31.943%
INFO:root:-- EPOCH 48 (1.737 seconds):
INFO:root:COST >> 0.4542 +/- 0.0081, % updates: 31.342%
INFO:root:-- EPOCH 49 (1.841 seconds):
INFO:root:COST >> 0.4476 +/- 0.0067, % updates: 30.843%
INFO:root:-- EPOCH 50 (1.932 seconds):
INFO:root:COST >> 0.4335 +/- 0.0096, % updates: 30.235%
INFO:root:-- EPOCH 51 (1.985 seconds):
INFO:root:COST >> 0.4213 +/- 0.0069, % updates: 29.939%
INFO:root:-- EPOCH 52 (2.039 seconds):
INFO:root:COST >> 0.4035 +/- 0.0073, % updates: 28.98%
INFO:root:-- EPOCH 53 (1.827 seconds):
INFO:root:COST >> 0.3997 +/- 0.0042, % updates: 29.036%
INFO:root:-- EPOCH 54 (1.843 seconds):
INFO:root:COST >> 0.3849 +/- 0.0032, % updates: 28.683%
INFO:root:-- EPOCH 55 (1.711 seconds):
INFO:root:COST >> 0.3693 +/- 0.005, % updates: 27.407%
INFO:root:-- EPOCH 56 (1.724 seconds):
INFO:root:COST >> 0.3698 +/- 0.0055, % updates: 27.349%
INFO:root:-- EPOCH 57 (1.793 seconds):
INFO:root:COST >> 0.3494 +/- 0.0087, % updates: 26.521%
INFO:root:-- EPOCH 58 (1.797 seconds):
INFO:root:COST >> 0.3453 +/- 0.0054, % updates: 26.382%
INFO:root:-- EPOCH 59 (1.921 seconds):
INFO:root:COST >> 0.326 +/- 0.0106, % updates: 25.451%
INFO:root:-- EPOCH 60 (1.987 seconds):
INFO:root:COST >> 0.3274 +/- 0.0064, % updates: 25.489%
INFO:root:-- EPOCH 61 (1.96 seconds):
INFO:root:COST >> 0.3101 +/- 0.0084, % updates: 24.289%
INFO:root:-- EPOCH 62 (1.928 seconds):
INFO:root:COST >> 0.3042 +/- 0.0065, % updates: 24.327%
INFO:root:-- EPOCH 63 (1.495 seconds):
INFO:root:COST >> 0.2925 +/- 0.0031, % updates: 24.04%
INFO:root:-- EPOCH 64 (1.727 seconds):
INFO:root:COST >> 0.2896 +/- 0.0045, % updates: 23.374%
INFO:root:-- EPOCH 65 (2.053 seconds):
INFO:root:COST >> 0.2801 +/- 0.0059, % updates: 22.857%
INFO:root:-- EPOCH 66 (1.675 seconds):
INFO:root:COST >> 0.2667 +/- 0.0051, % updates: 22.194%
INFO:root:-- EPOCH 67 (1.504 seconds):
INFO:root:COST >> 0.2574 +/- 0.0027, % updates: 21.731%
INFO:root:-- EPOCH 68 (1.473 seconds):
INFO:root:COST >> 0.2497 +/- 0.0052, % updates: 21.339%
INFO:root:-- EPOCH 69 (1.48 seconds):
INFO:root:COST >> 0.2497 +/- 0.0055, % updates: 21.26%
INFO:root:-- EPOCH 70 (1.5 seconds):
INFO:root:COST >> 0.2358 +/- 0.0073, % updates: 20.28%
INFO:root:-- EPOCH 71 (1.496 seconds):
INFO:root:COST >> 0.2372 +/- 0.0053, % updates: 20.542%
INFO:root:-- EPOCH 72 (1.486 seconds):
INFO:root:COST >> 0.2203 +/- 0.0092, % updates: 19.482%
INFO:root:-- EPOCH 73 (1.492 seconds):
INFO:root:COST >> 0.2223 +/- 0.0031, % updates: 19.574%
INFO:root:-- EPOCH 74 (1.495 seconds):
INFO:root:COST >> 0.2116 +/- 0.006, % updates: 18.924%
INFO:root:-- EPOCH 75 (1.472 seconds):
INFO:root:COST >> 0.2057 +/- 0.0036, % updates: 18.283%
INFO:root:-- EPOCH 76 (1.515 seconds):
INFO:root:COST >> 0.2008 +/- 0.0028, % updates: 18.368%
INFO:root:-- EPOCH 77 (1.488 seconds):
INFO:root:COST >> 0.1937 +/- 0.0044, % updates: 17.852%
INFO:root:-- EPOCH 78 (1.576 seconds):
INFO:root:COST >> 0.1865 +/- 0.0044, % updates: 17.091%
INFO:root:-- EPOCH 79 (1.537 seconds):
INFO:root:COST >> 0.1826 +/- 0.004, % updates: 17.036%
INFO:root:-- EPOCH 80 (1.476 seconds):
INFO:root:COST >> 0.1757 +/- 0.008, % updates: 16.296%
INFO:root:-- EPOCH 81 (1.48 seconds):
INFO:root:COST >> 0.1731 +/- 0.0072, % updates: 16.387%
INFO:root:-- EPOCH 82 (1.491 seconds):
INFO:root:COST >> 0.1673 +/- 0.0108, % updates: 16.02%
INFO:root:-- EPOCH 83 (1.47 seconds):
INFO:root:COST >> 0.161 +/- 0.0072, % updates: 15.371%
INFO:root:-- EPOCH 84 (1.488 seconds):
INFO:root:COST >> 0.1606 +/- 0.0053, % updates: 15.225%
INFO:root:-- EPOCH 85 (1.469 seconds):
INFO:root:COST >> 0.1517 +/- 0.0028, % updates: 14.706%
INFO:root:-- EPOCH 86 (1.48 seconds):
INFO:root:COST >> 0.1488 +/- 0.0039, % updates: 14.631%
INFO:root:-- EPOCH 87 (1.473 seconds):
INFO:root:COST >> 0.1402 +/- 0.0031, % updates: 14.073%
INFO:root:-- EPOCH 88 (1.466 seconds):
INFO:root:COST >> 0.1393 +/- 0.0034, % updates: 13.882%
INFO:root:-- EPOCH 89 (1.472 seconds):
INFO:root:COST >> 0.1358 +/- 0.0038, % updates: 13.689%
INFO:root:-- EPOCH 90 (1.475 seconds):
INFO:root:COST >> 0.1364 +/- 0.0071, % updates: 13.726%
INFO:root:-- EPOCH 91 (1.468 seconds):
INFO:root:COST >> 0.1272 +/- 0.0054, % updates: 12.932%
INFO:root:-- EPOCH 92 (1.482 seconds):
INFO:root:COST >> 0.1278 +/- 0.0052, % updates: 12.963%
INFO:root:-- EPOCH 93 (1.469 seconds):
INFO:root:COST >> 0.1284 +/- 0.0049, % updates: 13.111%
INFO:root:-- EPOCH 94 (1.469 seconds):
INFO:root:COST >> 0.1157 +/- 0.0055, % updates: 12.04%
INFO:root:-- EPOCH 95 (1.471 seconds):
INFO:root:COST >> 0.1211 +/- 0.0049, % updates: 12.401%
INFO:root:-- EPOCH 96 (1.466 seconds):
INFO:root:COST >> 0.114 +/- 0.006, % updates: 11.896%
INFO:root:-- EPOCH 97 (1.464 seconds):
INFO:root:COST >> 0.1104 +/- 0.0018, % updates: 11.734%
INFO:root:-- EPOCH 98 (1.481 seconds):
INFO:root:COST >> 0.1095 +/- 0.0024, % updates: 11.652%
INFO:root:-- EPOCH 99 (1.495 seconds):
INFO:root:COST >> 0.1062 +/- 0.004, % updates: 11.188%
INFO:root:-- EPOCH 100 (1.472 seconds):
INFO:root:COST >> 0.1041 +/- 0.0032, % updates: 11.028%
