INFO:root:Shape for training set: (40961, 141442)
INFO:root:State: {'ndim': '20', 'test_all': 'None', 'test_path': 'None', 'nhid': '50', 'lremb': '0.01', 'seed': '2', 'simfn': 'L1', 'valid_path': 'None', 'nbatches': '10', 'lrparam': '0.01', 'decay': '0.99', 'show_hinton_diagrams': 'False', 'no_rescaling': 'True', 'Nrel': '18', 'ranking_score_right': 'False', 'Nent': '40961', 'Nsyn': '40943', 'method': 'MOMENTUM', 'loss_margin': '1.0', 'C': '1.0', 'epsilon': '1e-06', 'use_db': 'True', 'max_lr': 'None', 'l1_param_weight': 'None', 'filtered': 'False', 'name': 'wn_opt/wn_MOMENTUM_222', 'totepochs': '100', 'l2_param_weight': 'None', 'train_path': 'data/wn/WN-train.pkl', 'op': 'TransE'}
INFO:root:Starting the Experiment ..
INFO:root:-- EPOCH 1 (1.501 seconds):
INFO:root:COST >> 2.1289 +/- 0.1001, % updates: 69.488%
INFO:root:-- EPOCH 2 (1.478 seconds):
INFO:root:COST >> 1.8449 +/- 0.1153, % updates: 53.22%
INFO:root:-- EPOCH 3 (1.474 seconds):
INFO:root:COST >> 1.7845 +/- 0.0966, % updates: 48.222%
INFO:root:-- EPOCH 4 (1.489 seconds):
INFO:root:COST >> 1.7553 +/- 0.0961, % updates: 47.039%
INFO:root:-- EPOCH 5 (1.456 seconds):
INFO:root:COST >> 1.7464 +/- 0.1132, % updates: 46.489%
INFO:root:-- EPOCH 6 (1.479 seconds):
INFO:root:COST >> 1.7532 +/- 0.1051, % updates: 46.285%
INFO:root:-- EPOCH 7 (1.468 seconds):
INFO:root:COST >> 1.7657 +/- 0.1189, % updates: 46.009%
INFO:root:-- EPOCH 8 (1.464 seconds):
INFO:root:COST >> 1.7647 +/- 0.1087, % updates: 45.679%
INFO:root:-- EPOCH 9 (1.46 seconds):
INFO:root:COST >> 1.7696 +/- 0.1078, % updates: 45.598%
INFO:root:-- EPOCH 10 (1.489 seconds):
INFO:root:COST >> 1.7852 +/- 0.1006, % updates: 45.412%
INFO:root:-- EPOCH 11 (1.481 seconds):
INFO:root:COST >> 1.7991 +/- 0.1052, % updates: 45.258%
INFO:root:-- EPOCH 12 (1.492 seconds):
INFO:root:COST >> 1.802 +/- 0.1013, % updates: 45.15%
INFO:root:-- EPOCH 13 (1.45 seconds):
INFO:root:COST >> 1.8064 +/- 0.1158, % updates: 45.1%
INFO:root:-- EPOCH 14 (1.142 seconds):
INFO:root:COST >> 1.8217 +/- 0.105, % updates: 45.06%
INFO:root:-- EPOCH 15 (1.121 seconds):
INFO:root:COST >> 1.8193 +/- 0.1022, % updates: 44.934%
INFO:root:-- EPOCH 16 (1.139 seconds):
INFO:root:COST >> 1.8309 +/- 0.0954, % updates: 44.852%
INFO:root:-- EPOCH 17 (1.164 seconds):
INFO:root:COST >> 1.8404 +/- 0.1082, % updates: 44.967%
INFO:root:-- EPOCH 18 (1.406 seconds):
INFO:root:COST >> 1.8415 +/- 0.1048, % updates: 44.877%
INFO:root:-- EPOCH 19 (1.455 seconds):
INFO:root:COST >> 1.843 +/- 0.1097, % updates: 44.92%
INFO:root:-- EPOCH 20 (1.455 seconds):
INFO:root:COST >> 1.8503 +/- 0.0957, % updates: 44.903%
INFO:root:-- EPOCH 21 (1.49 seconds):
INFO:root:COST >> 1.8456 +/- 0.0984, % updates: 44.824%
INFO:root:-- EPOCH 22 (1.49 seconds):
INFO:root:COST >> 1.8515 +/- 0.1179, % updates: 44.759%
INFO:root:-- EPOCH 23 (1.467 seconds):
INFO:root:COST >> 1.8566 +/- 0.0996, % updates: 44.944%
INFO:root:-- EPOCH 24 (1.47 seconds):
INFO:root:COST >> 1.857 +/- 0.1046, % updates: 44.757%
INFO:root:-- EPOCH 25 (1.477 seconds):
INFO:root:COST >> 1.8553 +/- 0.0992, % updates: 44.794%
INFO:root:-- EPOCH 26 (1.464 seconds):
INFO:root:COST >> 1.8592 +/- 0.1004, % updates: 44.716%
INFO:root:-- EPOCH 27 (1.475 seconds):
INFO:root:COST >> 1.8534 +/- 0.102, % updates: 44.694%
INFO:root:-- EPOCH 28 (1.462 seconds):
INFO:root:COST >> 1.8561 +/- 0.0997, % updates: 44.765%
INFO:root:-- EPOCH 29 (1.488 seconds):
INFO:root:COST >> 1.8574 +/- 0.103, % updates: 44.735%
INFO:root:-- EPOCH 30 (1.482 seconds):
INFO:root:COST >> 1.8657 +/- 0.1081, % updates: 44.814%
INFO:root:-- EPOCH 31 (1.468 seconds):
INFO:root:COST >> 1.8602 +/- 0.1006, % updates: 44.764%
INFO:root:-- EPOCH 32 (1.479 seconds):
INFO:root:COST >> 1.8623 +/- 0.1104, % updates: 44.821%
INFO:root:-- EPOCH 33 (1.473 seconds):
INFO:root:COST >> 1.8618 +/- 0.1043, % updates: 44.773%
INFO:root:-- EPOCH 34 (1.465 seconds):
INFO:root:COST >> 1.8615 +/- 0.1016, % updates: 44.761%
INFO:root:-- EPOCH 35 (1.496 seconds):
INFO:root:COST >> 1.869 +/- 0.106, % updates: 44.811%
INFO:root:-- EPOCH 36 (1.472 seconds):
INFO:root:COST >> 1.8657 +/- 0.1008, % updates: 44.721%
INFO:root:-- EPOCH 37 (1.464 seconds):
INFO:root:COST >> 1.8623 +/- 0.111, % updates: 44.83%
INFO:root:-- EPOCH 38 (1.467 seconds):
INFO:root:COST >> 1.855 +/- 0.1021, % updates: 44.725%
INFO:root:-- EPOCH 39 (1.475 seconds):
INFO:root:COST >> 1.8604 +/- 0.0973, % updates: 44.762%
INFO:root:-- EPOCH 40 (1.473 seconds):
INFO:root:COST >> 1.8568 +/- 0.101, % updates: 44.698%
INFO:root:-- EPOCH 41 (1.486 seconds):
INFO:root:COST >> 1.8616 +/- 0.0984, % updates: 44.689%
INFO:root:-- EPOCH 42 (1.468 seconds):
INFO:root:COST >> 1.8643 +/- 0.0972, % updates: 44.795%
INFO:root:-- EPOCH 43 (1.464 seconds):
INFO:root:COST >> 1.8625 +/- 0.0992, % updates: 44.75%
INFO:root:-- EPOCH 44 (1.489 seconds):
INFO:root:COST >> 1.8666 +/- 0.0997, % updates: 44.639%
INFO:root:-- EPOCH 45 (1.472 seconds):
INFO:root:COST >> 1.8644 +/- 0.1101, % updates: 44.67%
INFO:root:-- EPOCH 46 (1.466 seconds):
INFO:root:COST >> 1.8614 +/- 0.1161, % updates: 44.783%
INFO:root:-- EPOCH 47 (1.475 seconds):
INFO:root:COST >> 1.8565 +/- 0.0997, % updates: 44.643%
INFO:root:-- EPOCH 48 (1.503 seconds):
INFO:root:COST >> 1.8602 +/- 0.0978, % updates: 44.646%
INFO:root:-- EPOCH 49 (1.488 seconds):
INFO:root:COST >> 1.859 +/- 0.1064, % updates: 44.733%
INFO:root:-- EPOCH 50 (1.482 seconds):
INFO:root:COST >> 1.8633 +/- 0.1152, % updates: 44.695%
INFO:root:-- EPOCH 51 (1.515 seconds):
INFO:root:COST >> 1.8636 +/- 0.1009, % updates: 44.806%
INFO:root:-- EPOCH 52 (1.494 seconds):
INFO:root:COST >> 1.8579 +/- 0.1037, % updates: 44.716%
INFO:root:-- EPOCH 53 (1.461 seconds):
INFO:root:COST >> 1.8583 +/- 0.1082, % updates: 44.704%
INFO:root:-- EPOCH 54 (1.456 seconds):
INFO:root:COST >> 1.8648 +/- 0.0984, % updates: 44.752%
INFO:root:-- EPOCH 55 (1.466 seconds):
INFO:root:COST >> 1.8616 +/- 0.0958, % updates: 44.704%
INFO:root:-- EPOCH 56 (1.462 seconds):
INFO:root:COST >> 1.8623 +/- 0.0947, % updates: 44.729%
INFO:root:-- EPOCH 57 (1.481 seconds):
INFO:root:COST >> 1.8585 +/- 0.0948, % updates: 44.696%
INFO:root:-- EPOCH 58 (1.467 seconds):
INFO:root:COST >> 1.8612 +/- 0.1029, % updates: 44.749%
INFO:root:-- EPOCH 59 (1.468 seconds):
INFO:root:COST >> 1.8564 +/- 0.1003, % updates: 44.753%
INFO:root:-- EPOCH 60 (1.473 seconds):
INFO:root:COST >> 1.8611 +/- 0.1158, % updates: 44.715%
INFO:root:-- EPOCH 61 (1.478 seconds):
INFO:root:COST >> 1.8528 +/- 0.0959, % updates: 44.624%
INFO:root:-- EPOCH 62 (1.459 seconds):
INFO:root:COST >> 1.8631 +/- 0.1036, % updates: 44.675%
INFO:root:-- EPOCH 63 (1.457 seconds):
INFO:root:COST >> 1.8632 +/- 0.1088, % updates: 44.779%
INFO:root:-- EPOCH 64 (1.475 seconds):
INFO:root:COST >> 1.864 +/- 0.0984, % updates: 44.741%
INFO:root:-- EPOCH 65 (1.505 seconds):
INFO:root:COST >> 1.8638 +/- 0.0989, % updates: 44.771%
INFO:root:-- EPOCH 66 (1.474 seconds):
INFO:root:COST >> 1.8568 +/- 0.1159, % updates: 44.637%
INFO:root:-- EPOCH 67 (1.47 seconds):
INFO:root:COST >> 1.8594 +/- 0.0937, % updates: 44.813%
INFO:root:-- EPOCH 68 (1.474 seconds):
INFO:root:COST >> 1.8614 +/- 0.1057, % updates: 44.745%
INFO:root:-- EPOCH 69 (1.494 seconds):
INFO:root:COST >> 1.8604 +/- 0.1008, % updates: 44.744%
INFO:root:-- EPOCH 70 (1.475 seconds):
INFO:root:COST >> 1.8579 +/- 0.1033, % updates: 44.642%
INFO:root:-- EPOCH 71 (1.442 seconds):
INFO:root:COST >> 1.8588 +/- 0.1014, % updates: 44.698%
INFO:root:-- EPOCH 72 (1.482 seconds):
INFO:root:COST >> 1.8629 +/- 0.1049, % updates: 44.754%
INFO:root:-- EPOCH 73 (1.453 seconds):
INFO:root:COST >> 1.8492 +/- 0.1066, % updates: 44.635%
INFO:root:-- EPOCH 74 (1.526 seconds):
INFO:root:COST >> 1.8609 +/- 0.1032, % updates: 44.642%
INFO:root:-- EPOCH 75 (1.479 seconds):
INFO:root:COST >> 1.8586 +/- 0.0932, % updates: 44.7%
INFO:root:-- EPOCH 76 (1.532 seconds):
INFO:root:COST >> 1.8578 +/- 0.1105, % updates: 44.741%
INFO:root:-- EPOCH 77 (1.478 seconds):
INFO:root:COST >> 1.8613 +/- 0.1052, % updates: 44.727%
INFO:root:-- EPOCH 78 (1.535 seconds):
INFO:root:COST >> 1.8622 +/- 0.099, % updates: 44.747%
INFO:root:-- EPOCH 79 (1.494 seconds):
INFO:root:COST >> 1.8727 +/- 0.1059, % updates: 44.939%
INFO:root:-- EPOCH 80 (1.496 seconds):
INFO:root:COST >> 1.8629 +/- 0.1031, % updates: 44.576%
INFO:root:-- EPOCH 81 (1.482 seconds):
INFO:root:COST >> 1.8625 +/- 0.0997, % updates: 44.752%
INFO:root:-- EPOCH 82 (1.562 seconds):
INFO:root:COST >> 1.8571 +/- 0.0991, % updates: 44.715%
INFO:root:-- EPOCH 83 (1.461 seconds):
INFO:root:COST >> 1.8621 +/- 0.0953, % updates: 44.806%
INFO:root:-- EPOCH 84 (1.515 seconds):
INFO:root:COST >> 1.8624 +/- 0.1011, % updates: 44.601%
INFO:root:-- EPOCH 85 (1.448 seconds):
INFO:root:COST >> 1.8662 +/- 0.1021, % updates: 44.766%
INFO:root:-- EPOCH 86 (1.458 seconds):
INFO:root:COST >> 1.8689 +/- 0.1027, % updates: 44.787%
INFO:root:-- EPOCH 87 (1.465 seconds):
INFO:root:COST >> 1.8569 +/- 0.1056, % updates: 44.662%
INFO:root:-- EPOCH 88 (1.451 seconds):
INFO:root:COST >> 1.8587 +/- 0.0964, % updates: 44.707%
INFO:root:-- EPOCH 89 (1.454 seconds):
INFO:root:COST >> 1.8614 +/- 0.0977, % updates: 44.674%
INFO:root:-- EPOCH 90 (1.498 seconds):
INFO:root:COST >> 1.8571 +/- 0.1069, % updates: 44.695%
INFO:root:-- EPOCH 91 (1.505 seconds):
INFO:root:COST >> 1.8614 +/- 0.0997, % updates: 44.777%
INFO:root:-- EPOCH 92 (1.487 seconds):
INFO:root:COST >> 1.8558 +/- 0.108, % updates: 44.619%
INFO:root:-- EPOCH 93 (1.452 seconds):
INFO:root:COST >> 1.8605 +/- 0.0995, % updates: 44.779%
INFO:root:-- EPOCH 94 (1.464 seconds):
INFO:root:COST >> 1.8562 +/- 0.1049, % updates: 44.695%
INFO:root:-- EPOCH 95 (1.448 seconds):
INFO:root:COST >> 1.8556 +/- 0.1116, % updates: 44.674%
INFO:root:-- EPOCH 96 (1.508 seconds):
INFO:root:COST >> 1.8562 +/- 0.1023, % updates: 44.751%
INFO:root:-- EPOCH 97 (1.507 seconds):
INFO:root:COST >> 1.8591 +/- 0.1028, % updates: 44.754%
INFO:root:-- EPOCH 98 (1.483 seconds):
INFO:root:COST >> 1.8563 +/- 0.1041, % updates: 44.707%
INFO:root:-- EPOCH 99 (1.47 seconds):
INFO:root:COST >> 1.8626 +/- 0.0957, % updates: 44.873%
INFO:root:-- EPOCH 100 (1.509 seconds):
INFO:root:COST >> 1.8648 +/- 0.095, % updates: 44.741%
