INFO:root:Shape for training set: (40961, 141442)
INFO:root:State: {'ndim': '20', 'test_all': 'None', 'test_path': 'None', 'nhid': '50', 'lremb': '0.001', 'seed': '2', 'simfn': 'L1', 'valid_path': 'None', 'nbatches': '10', 'lrparam': '0.001', 'decay': '0.99', 'show_hinton_diagrams': 'False', 'no_rescaling': 'True', 'Nrel': '18', 'ranking_score_right': 'False', 'Nent': '40961', 'Nsyn': '40943', 'method': 'MOMENTUM', 'loss_margin': '1.0', 'C': '1.0', 'epsilon': '1e-06', 'use_db': 'True', 'max_lr': 'None', 'l1_param_weight': 'None', 'filtered': 'False', 'name': 'wn_opt/wn_MOMENTUM_172', 'totepochs': '100', 'l2_param_weight': 'None', 'train_path': 'data/wn/WN-train.pkl', 'op': 'TransE'}
INFO:root:Starting the Experiment ..
INFO:root:-- EPOCH 1 (1.829 seconds):
INFO:root:COST >> 2.0977 +/- 0.0656, % updates: 77.134%
INFO:root:-- EPOCH 2 (1.543 seconds):
INFO:root:COST >> 1.7258 +/- 0.0834, % updates: 64.455%
INFO:root:-- EPOCH 3 (1.507 seconds):
INFO:root:COST >> 1.4695 +/- 0.0403, % updates: 56.081%
INFO:root:-- EPOCH 4 (1.522 seconds):
INFO:root:COST >> 1.3785 +/- 0.0195, % updates: 52.007%
INFO:root:-- EPOCH 5 (1.518 seconds):
INFO:root:COST >> 1.3761 +/- 0.0238, % updates: 50.352%
INFO:root:-- EPOCH 6 (1.478 seconds):
INFO:root:COST >> 1.353 +/- 0.0136, % updates: 48.919%
INFO:root:-- EPOCH 7 (1.52 seconds):
INFO:root:COST >> 1.3322 +/- 0.0174, % updates: 48.13%
INFO:root:-- EPOCH 8 (1.511 seconds):
INFO:root:COST >> 1.3074 +/- 0.0183, % updates: 47.529%
INFO:root:-- EPOCH 9 (1.559 seconds):
INFO:root:COST >> 1.2941 +/- 0.0218, % updates: 47.097%
INFO:root:-- EPOCH 10 (1.494 seconds):
INFO:root:COST >> 1.2934 +/- 0.0161, % updates: 47.195%
INFO:root:-- EPOCH 11 (1.637 seconds):
INFO:root:COST >> 1.2856 +/- 0.0228, % updates: 47.359%
INFO:root:-- EPOCH 12 (1.576 seconds):
INFO:root:COST >> 1.2767 +/- 0.0173, % updates: 47.437%
INFO:root:-- EPOCH 13 (1.571 seconds):
INFO:root:COST >> 1.2678 +/- 0.0185, % updates: 47.505%
INFO:root:-- EPOCH 14 (1.529 seconds):
INFO:root:COST >> 1.2697 +/- 0.0213, % updates: 47.446%
INFO:root:-- EPOCH 15 (1.643 seconds):
INFO:root:COST >> 1.2726 +/- 0.0218, % updates: 47.401%
INFO:root:-- EPOCH 16 (1.46 seconds):
INFO:root:COST >> 1.2745 +/- 0.0174, % updates: 46.98%
INFO:root:-- EPOCH 17 (1.115 seconds):
INFO:root:COST >> 1.2771 +/- 0.0237, % updates: 46.988%
INFO:root:-- EPOCH 18 (1.152 seconds):
INFO:root:COST >> 1.2839 +/- 0.0197, % updates: 46.849%
INFO:root:-- EPOCH 19 (1.252 seconds):
INFO:root:COST >> 1.2861 +/- 0.0172, % updates: 46.621%
INFO:root:-- EPOCH 20 (1.583 seconds):
INFO:root:COST >> 1.2868 +/- 0.0161, % updates: 46.364%
INFO:root:-- EPOCH 21 (1.886 seconds):
INFO:root:COST >> 1.2838 +/- 0.0165, % updates: 46.004%
INFO:root:-- EPOCH 22 (1.768 seconds):
INFO:root:COST >> 1.2867 +/- 0.0244, % updates: 45.701%
INFO:root:-- EPOCH 23 (1.675 seconds):
INFO:root:COST >> 1.2952 +/- 0.0218, % updates: 45.696%
INFO:root:-- EPOCH 24 (1.516 seconds):
INFO:root:COST >> 1.2963 +/- 0.0187, % updates: 45.553%
INFO:root:-- EPOCH 25 (1.542 seconds):
INFO:root:COST >> 1.3022 +/- 0.02, % updates: 45.533%
INFO:root:-- EPOCH 26 (1.486 seconds):
INFO:root:COST >> 1.3149 +/- 0.023, % updates: 45.67%
INFO:root:-- EPOCH 27 (1.611 seconds):
INFO:root:COST >> 1.3309 +/- 0.023, % updates: 45.862%
INFO:root:-- EPOCH 28 (1.554 seconds):
INFO:root:COST >> 1.3342 +/- 0.0183, % updates: 45.779%
INFO:root:-- EPOCH 29 (1.529 seconds):
INFO:root:COST >> 1.3358 +/- 0.0242, % updates: 45.666%
INFO:root:-- EPOCH 30 (1.54 seconds):
INFO:root:COST >> 1.3413 +/- 0.0199, % updates: 45.638%
INFO:root:-- EPOCH 31 (1.501 seconds):
INFO:root:COST >> 1.3451 +/- 0.0186, % updates: 45.507%
INFO:root:-- EPOCH 32 (1.522 seconds):
INFO:root:COST >> 1.3528 +/- 0.0218, % updates: 45.473%
INFO:root:-- EPOCH 33 (1.558 seconds):
INFO:root:COST >> 1.3502 +/- 0.0156, % updates: 45.138%
INFO:root:-- EPOCH 34 (1.498 seconds):
INFO:root:COST >> 1.3506 +/- 0.0192, % updates: 45.035%
INFO:root:-- EPOCH 35 (1.521 seconds):
INFO:root:COST >> 1.3565 +/- 0.0209, % updates: 45.132%
INFO:root:-- EPOCH 36 (1.533 seconds):
INFO:root:COST >> 1.3574 +/- 0.025, % updates: 44.842%
INFO:root:-- EPOCH 37 (1.749 seconds):
INFO:root:COST >> 1.3618 +/- 0.0227, % updates: 44.701%
INFO:root:-- EPOCH 38 (1.498 seconds):
INFO:root:COST >> 1.3671 +/- 0.0215, % updates: 44.748%
INFO:root:-- EPOCH 39 (1.591 seconds):
INFO:root:COST >> 1.3653 +/- 0.0199, % updates: 44.565%
INFO:root:-- EPOCH 40 (1.498 seconds):
INFO:root:COST >> 1.3717 +/- 0.0216, % updates: 44.557%
INFO:root:-- EPOCH 41 (1.495 seconds):
INFO:root:COST >> 1.3779 +/- 0.0268, % updates: 44.605%
INFO:root:-- EPOCH 42 (1.504 seconds):
INFO:root:COST >> 1.3779 +/- 0.011, % updates: 44.555%
INFO:root:-- EPOCH 43 (1.513 seconds):
INFO:root:COST >> 1.3864 +/- 0.0209, % updates: 44.575%
INFO:root:-- EPOCH 44 (1.502 seconds):
INFO:root:COST >> 1.3898 +/- 0.0251, % updates: 44.451%
INFO:root:-- EPOCH 45 (1.548 seconds):
INFO:root:COST >> 1.3924 +/- 0.0234, % updates: 44.409%
INFO:root:-- EPOCH 46 (1.533 seconds):
INFO:root:COST >> 1.3959 +/- 0.0236, % updates: 44.451%
INFO:root:-- EPOCH 47 (1.497 seconds):
INFO:root:COST >> 1.3909 +/- 0.0187, % updates: 44.366%
INFO:root:-- EPOCH 48 (1.569 seconds):
INFO:root:COST >> 1.3949 +/- 0.0182, % updates: 44.339%
INFO:root:-- EPOCH 49 (1.591 seconds):
INFO:root:COST >> 1.397 +/- 0.027, % updates: 44.252%
INFO:root:-- EPOCH 50 (1.587 seconds):
INFO:root:COST >> 1.3932 +/- 0.0206, % updates: 44.041%
INFO:root:-- EPOCH 51 (1.889 seconds):
INFO:root:COST >> 1.402 +/- 0.0227, % updates: 44.19%
INFO:root:-- EPOCH 52 (1.641 seconds):
INFO:root:COST >> 1.3928 +/- 0.0161, % updates: 43.885%
INFO:root:-- EPOCH 53 (1.685 seconds):
INFO:root:COST >> 1.3982 +/- 0.0202, % updates: 43.964%
INFO:root:-- EPOCH 54 (2.285 seconds):
INFO:root:COST >> 1.4012 +/- 0.0235, % updates: 44.148%
INFO:root:-- EPOCH 55 (2.058 seconds):
INFO:root:COST >> 1.4024 +/- 0.0176, % updates: 44.099%
INFO:root:-- EPOCH 56 (2.157 seconds):
INFO:root:COST >> 1.4061 +/- 0.0146, % updates: 44.114%
INFO:root:-- EPOCH 57 (2.131 seconds):
INFO:root:COST >> 1.4016 +/- 0.0161, % updates: 43.86%
INFO:root:-- EPOCH 58 (1.49 seconds):
INFO:root:COST >> 1.3984 +/- 0.0207, % updates: 43.846%
INFO:root:-- EPOCH 59 (1.651 seconds):
INFO:root:COST >> 1.404 +/- 0.0148, % updates: 43.85%
INFO:root:-- EPOCH 60 (2.139 seconds):
INFO:root:COST >> 1.3987 +/- 0.0266, % updates: 43.795%
INFO:root:-- EPOCH 61 (1.933 seconds):
INFO:root:COST >> 1.4044 +/- 0.022, % updates: 43.731%
INFO:root:-- EPOCH 62 (1.813 seconds):
INFO:root:COST >> 1.4047 +/- 0.0257, % updates: 43.81%
INFO:root:-- EPOCH 63 (1.56 seconds):
INFO:root:COST >> 1.4075 +/- 0.0263, % updates: 43.898%
INFO:root:-- EPOCH 64 (1.505 seconds):
INFO:root:COST >> 1.4035 +/- 0.0179, % updates: 43.76%
INFO:root:-- EPOCH 65 (1.526 seconds):
INFO:root:COST >> 1.413 +/- 0.0191, % updates: 43.888%
INFO:root:-- EPOCH 66 (1.573 seconds):
INFO:root:COST >> 1.408 +/- 0.019, % updates: 43.825%
INFO:root:-- EPOCH 67 (1.481 seconds):
INFO:root:COST >> 1.4109 +/- 0.0192, % updates: 43.971%
INFO:root:-- EPOCH 68 (1.493 seconds):
INFO:root:COST >> 1.4079 +/- 0.0221, % updates: 43.743%
INFO:root:-- EPOCH 69 (1.498 seconds):
INFO:root:COST >> 1.4148 +/- 0.0175, % updates: 43.953%
INFO:root:-- EPOCH 70 (1.505 seconds):
INFO:root:COST >> 1.4108 +/- 0.0261, % updates: 43.849%
INFO:root:-- EPOCH 71 (1.521 seconds):
INFO:root:COST >> 1.4118 +/- 0.0154, % updates: 43.828%
INFO:root:-- EPOCH 72 (1.518 seconds):
INFO:root:COST >> 1.4181 +/- 0.0223, % updates: 43.84%
INFO:root:-- EPOCH 73 (1.456 seconds):
INFO:root:COST >> 1.4137 +/- 0.0189, % updates: 43.81%
INFO:root:-- EPOCH 74 (1.477 seconds):
INFO:root:COST >> 1.4155 +/- 0.0214, % updates: 43.787%
INFO:root:-- EPOCH 75 (1.585 seconds):
INFO:root:COST >> 1.4117 +/- 0.0211, % updates: 43.702%
INFO:root:-- EPOCH 76 (1.493 seconds):
INFO:root:COST >> 1.4211 +/- 0.0185, % updates: 43.967%
INFO:root:-- EPOCH 77 (1.489 seconds):
INFO:root:COST >> 1.4236 +/- 0.0141, % updates: 43.941%
INFO:root:-- EPOCH 78 (1.435 seconds):
INFO:root:COST >> 1.4246 +/- 0.0199, % updates: 43.893%
INFO:root:-- EPOCH 79 (1.463 seconds):
INFO:root:COST >> 1.4295 +/- 0.0166, % updates: 43.978%
INFO:root:-- EPOCH 80 (1.523 seconds):
INFO:root:COST >> 1.4278 +/- 0.0217, % updates: 43.88%
INFO:root:-- EPOCH 81 (1.455 seconds):
INFO:root:COST >> 1.4264 +/- 0.0168, % updates: 43.923%
INFO:root:-- EPOCH 82 (1.514 seconds):
INFO:root:COST >> 1.4359 +/- 0.0233, % updates: 44.215%
INFO:root:-- EPOCH 83 (1.507 seconds):
INFO:root:COST >> 1.4406 +/- 0.0194, % updates: 44.143%
INFO:root:-- EPOCH 84 (1.485 seconds):
INFO:root:COST >> 1.452 +/- 0.0216, % updates: 44.252%
INFO:root:-- EPOCH 85 (1.475 seconds):
INFO:root:COST >> 1.4454 +/- 0.0226, % updates: 44.106%
INFO:root:-- EPOCH 86 (1.476 seconds):
INFO:root:COST >> 1.448 +/- 0.0203, % updates: 44.3%
INFO:root:-- EPOCH 87 (1.49 seconds):
INFO:root:COST >> 1.4393 +/- 0.0214, % updates: 43.992%
INFO:root:-- EPOCH 88 (1.529 seconds):
INFO:root:COST >> 1.4422 +/- 0.0156, % updates: 44.123%
INFO:root:-- EPOCH 89 (1.467 seconds):
INFO:root:COST >> 1.4429 +/- 0.0191, % updates: 44.007%
INFO:root:-- EPOCH 90 (2.077 seconds):
INFO:root:COST >> 1.4379 +/- 0.0211, % updates: 43.955%
INFO:root:-- EPOCH 91 (1.659 seconds):
INFO:root:COST >> 1.4381 +/- 0.0159, % updates: 43.996%
INFO:root:-- EPOCH 92 (1.522 seconds):
INFO:root:COST >> 1.4347 +/- 0.0231, % updates: 43.734%
INFO:root:-- EPOCH 93 (1.661 seconds):
INFO:root:COST >> 1.446 +/- 0.0205, % updates: 43.86%
INFO:root:-- EPOCH 94 (1.641 seconds):
INFO:root:COST >> 1.4366 +/- 0.0163, % updates: 43.729%
INFO:root:-- EPOCH 95 (1.722 seconds):
INFO:root:COST >> 1.4363 +/- 0.0174, % updates: 43.657%
INFO:root:-- EPOCH 96 (1.668 seconds):
INFO:root:COST >> 1.4351 +/- 0.0168, % updates: 43.686%
INFO:root:-- EPOCH 97 (1.658 seconds):
INFO:root:COST >> 1.4378 +/- 0.0228, % updates: 43.725%
INFO:root:-- EPOCH 98 (2.012 seconds):
INFO:root:COST >> 1.4393 +/- 0.0166, % updates: 43.716%
INFO:root:-- EPOCH 99 (1.491 seconds):
INFO:root:COST >> 1.4447 +/- 0.0166, % updates: 43.639%
INFO:root:-- EPOCH 100 (1.484 seconds):
INFO:root:COST >> 1.4432 +/- 0.0153, % updates: 43.586%
