INFO:root:Shape for training set: (40961, 141442)
INFO:root:State: {'ndim': '20', 'test_all': 'None', 'test_path': 'None', 'nhid': '50', 'lremb': '0.01', 'seed': '3', 'simfn': 'L1', 'valid_path': 'None', 'nbatches': '10', 'lrparam': '0.01', 'decay': '0.5', 'show_hinton_diagrams': 'False', 'no_rescaling': 'True', 'Nrel': '18', 'ranking_score_right': 'False', 'Nent': '40961', 'Nsyn': '40943', 'method': 'MOMENTUM', 'loss_margin': '1.0', 'C': '1.0', 'epsilon': '1e-06', 'use_db': 'True', 'max_lr': 'None', 'l1_param_weight': 'None', 'filtered': 'False', 'name': 'wn_opt/wn_MOMENTUM_243', 'totepochs': '100', 'l2_param_weight': 'None', 'train_path': 'data/wn/WN-train.pkl', 'op': 'TransE'}
INFO:root:Starting the Experiment ..
INFO:root:-- EPOCH 1 (1.464 seconds):
INFO:root:COST >> 2.0816 +/- 0.1192, % updates: 70.493%
INFO:root:-- EPOCH 2 (1.459 seconds):
INFO:root:COST >> 1.7395 +/- 0.0257, % updates: 60.75%
INFO:root:-- EPOCH 3 (1.541 seconds):
INFO:root:COST >> 1.5769 +/- 0.0546, % updates: 57.706%
INFO:root:-- EPOCH 4 (1.451 seconds):
INFO:root:COST >> 1.494 +/- 0.0652, % updates: 56.092%
INFO:root:-- EPOCH 5 (1.53 seconds):
INFO:root:COST >> 1.4374 +/- 0.0601, % updates: 54.801%
INFO:root:-- EPOCH 6 (1.456 seconds):
INFO:root:COST >> 1.4059 +/- 0.0736, % updates: 54.078%
INFO:root:-- EPOCH 7 (1.522 seconds):
INFO:root:COST >> 1.3847 +/- 0.0697, % updates: 53.536%
INFO:root:-- EPOCH 8 (1.478 seconds):
INFO:root:COST >> 1.3679 +/- 0.0665, % updates: 52.915%
INFO:root:-- EPOCH 9 (1.461 seconds):
INFO:root:COST >> 1.3634 +/- 0.0692, % updates: 52.533%
INFO:root:-- EPOCH 10 (1.458 seconds):
INFO:root:COST >> 1.3519 +/- 0.0723, % updates: 52.301%
INFO:root:-- EPOCH 11 (1.448 seconds):
INFO:root:COST >> 1.3499 +/- 0.0725, % updates: 52.189%
INFO:root:-- EPOCH 12 (1.483 seconds):
INFO:root:COST >> 1.3408 +/- 0.064, % updates: 51.972%
INFO:root:-- EPOCH 13 (1.504 seconds):
INFO:root:COST >> 1.3377 +/- 0.0715, % updates: 51.677%
INFO:root:-- EPOCH 14 (1.466 seconds):
INFO:root:COST >> 1.3382 +/- 0.0643, % updates: 51.566%
INFO:root:-- EPOCH 15 (1.457 seconds):
INFO:root:COST >> 1.3291 +/- 0.0727, % updates: 51.283%
INFO:root:-- EPOCH 16 (1.453 seconds):
INFO:root:COST >> 1.3282 +/- 0.0668, % updates: 51.229%
INFO:root:-- EPOCH 17 (1.476 seconds):
INFO:root:COST >> 1.3254 +/- 0.0688, % updates: 51.069%
INFO:root:-- EPOCH 18 (1.483 seconds):
INFO:root:COST >> 1.3259 +/- 0.0727, % updates: 51.187%
INFO:root:-- EPOCH 19 (1.463 seconds):
INFO:root:COST >> 1.3185 +/- 0.073, % updates: 50.89%
INFO:root:-- EPOCH 20 (1.484 seconds):
INFO:root:COST >> 1.326 +/- 0.0735, % updates: 50.982%
INFO:root:-- EPOCH 21 (1.469 seconds):
INFO:root:COST >> 1.3266 +/- 0.0681, % updates: 51.014%
INFO:root:-- EPOCH 22 (1.472 seconds):
INFO:root:COST >> 1.326 +/- 0.0728, % updates: 50.882%
INFO:root:-- EPOCH 23 (1.515 seconds):
INFO:root:COST >> 1.3228 +/- 0.0748, % updates: 50.781%
INFO:root:-- EPOCH 24 (1.47 seconds):
INFO:root:COST >> 1.3218 +/- 0.0666, % updates: 50.68%
INFO:root:-- EPOCH 25 (1.458 seconds):
INFO:root:COST >> 1.3257 +/- 0.0678, % updates: 50.757%
INFO:root:-- EPOCH 26 (1.469 seconds):
INFO:root:COST >> 1.322 +/- 0.0686, % updates: 50.823%
INFO:root:-- EPOCH 27 (1.494 seconds):
INFO:root:COST >> 1.3231 +/- 0.0665, % updates: 50.619%
INFO:root:-- EPOCH 28 (1.464 seconds):
INFO:root:COST >> 1.3209 +/- 0.072, % updates: 50.671%
INFO:root:-- EPOCH 29 (1.483 seconds):
INFO:root:COST >> 1.3193 +/- 0.0703, % updates: 50.54%
INFO:root:-- EPOCH 30 (1.51 seconds):
INFO:root:COST >> 1.3216 +/- 0.0743, % updates: 50.504%
INFO:root:-- EPOCH 31 (1.484 seconds):
INFO:root:COST >> 1.3199 +/- 0.074, % updates: 50.592%
INFO:root:-- EPOCH 32 (1.471 seconds):
INFO:root:COST >> 1.3202 +/- 0.0695, % updates: 50.587%
INFO:root:-- EPOCH 33 (1.477 seconds):
INFO:root:COST >> 1.3182 +/- 0.0727, % updates: 50.522%
INFO:root:-- EPOCH 34 (1.495 seconds):
INFO:root:COST >> 1.3201 +/- 0.0701, % updates: 50.476%
INFO:root:-- EPOCH 35 (1.471 seconds):
INFO:root:COST >> 1.3196 +/- 0.0715, % updates: 50.489%
INFO:root:-- EPOCH 36 (1.486 seconds):
INFO:root:COST >> 1.3171 +/- 0.0703, % updates: 50.392%
INFO:root:-- EPOCH 37 (1.495 seconds):
INFO:root:COST >> 1.3131 +/- 0.0743, % updates: 50.256%
INFO:root:-- EPOCH 38 (1.474 seconds):
INFO:root:COST >> 1.3201 +/- 0.0664, % updates: 50.488%
INFO:root:-- EPOCH 39 (1.536 seconds):
INFO:root:COST >> 1.3181 +/- 0.0744, % updates: 50.384%
INFO:root:-- EPOCH 40 (1.493 seconds):
INFO:root:COST >> 1.3192 +/- 0.0659, % updates: 50.516%
INFO:root:-- EPOCH 41 (1.474 seconds):
INFO:root:COST >> 1.3196 +/- 0.0688, % updates: 50.419%
INFO:root:-- EPOCH 42 (1.465 seconds):
INFO:root:COST >> 1.3171 +/- 0.0714, % updates: 50.3%
INFO:root:-- EPOCH 43 (1.511 seconds):
INFO:root:COST >> 1.3168 +/- 0.0742, % updates: 50.342%
INFO:root:-- EPOCH 44 (1.499 seconds):
INFO:root:COST >> 1.3202 +/- 0.0712, % updates: 50.375%
INFO:root:-- EPOCH 45 (1.46 seconds):
INFO:root:COST >> 1.3142 +/- 0.0685, % updates: 50.322%
INFO:root:-- EPOCH 46 (1.466 seconds):
INFO:root:COST >> 1.314 +/- 0.0715, % updates: 50.328%
INFO:root:-- EPOCH 47 (1.477 seconds):
INFO:root:COST >> 1.3153 +/- 0.064, % updates: 50.323%
INFO:root:-- EPOCH 48 (1.479 seconds):
INFO:root:COST >> 1.3125 +/- 0.0695, % updates: 50.129%
INFO:root:-- EPOCH 49 (1.467 seconds):
INFO:root:COST >> 1.3176 +/- 0.066, % updates: 50.268%
INFO:root:-- EPOCH 50 (1.475 seconds):
INFO:root:COST >> 1.3191 +/- 0.0715, % updates: 50.371%
INFO:root:-- EPOCH 51 (1.454 seconds):
INFO:root:COST >> 1.3158 +/- 0.0719, % updates: 50.222%
INFO:root:-- EPOCH 52 (1.477 seconds):
INFO:root:COST >> 1.3164 +/- 0.072, % updates: 50.305%
INFO:root:-- EPOCH 53 (1.49 seconds):
INFO:root:COST >> 1.3141 +/- 0.07, % updates: 50.213%
INFO:root:-- EPOCH 54 (1.472 seconds):
INFO:root:COST >> 1.3133 +/- 0.0666, % updates: 50.25%
INFO:root:-- EPOCH 55 (1.478 seconds):
INFO:root:COST >> 1.3159 +/- 0.0704, % updates: 50.243%
INFO:root:-- EPOCH 56 (1.476 seconds):
INFO:root:COST >> 1.3157 +/- 0.0688, % updates: 50.193%
INFO:root:-- EPOCH 57 (1.496 seconds):
INFO:root:COST >> 1.3099 +/- 0.0652, % updates: 50.194%
INFO:root:-- EPOCH 58 (1.483 seconds):
INFO:root:COST >> 1.3144 +/- 0.0671, % updates: 50.147%
INFO:root:-- EPOCH 59 (1.473 seconds):
INFO:root:COST >> 1.3165 +/- 0.0665, % updates: 50.241%
INFO:root:-- EPOCH 60 (1.54 seconds):
INFO:root:COST >> 1.3137 +/- 0.0673, % updates: 50.097%
INFO:root:-- EPOCH 61 (1.479 seconds):
INFO:root:COST >> 1.3117 +/- 0.0675, % updates: 50.146%
INFO:root:-- EPOCH 62 (1.477 seconds):
INFO:root:COST >> 1.3156 +/- 0.0709, % updates: 50.285%
INFO:root:-- EPOCH 63 (1.474 seconds):
INFO:root:COST >> 1.3158 +/- 0.0719, % updates: 50.23%
INFO:root:-- EPOCH 64 (1.482 seconds):
INFO:root:COST >> 1.3146 +/- 0.0663, % updates: 50.138%
INFO:root:-- EPOCH 65 (1.463 seconds):
INFO:root:COST >> 1.3155 +/- 0.0717, % updates: 50.153%
INFO:root:-- EPOCH 66 (1.46 seconds):
INFO:root:COST >> 1.3154 +/- 0.0691, % updates: 50.185%
INFO:root:-- EPOCH 67 (1.481 seconds):
INFO:root:COST >> 1.3203 +/- 0.0669, % updates: 50.275%
INFO:root:-- EPOCH 68 (1.481 seconds):
INFO:root:COST >> 1.3144 +/- 0.0641, % updates: 50.217%
INFO:root:-- EPOCH 69 (1.484 seconds):
INFO:root:COST >> 1.3128 +/- 0.073, % updates: 50.173%
INFO:root:-- EPOCH 70 (1.479 seconds):
INFO:root:COST >> 1.3137 +/- 0.0722, % updates: 50.229%
INFO:root:-- EPOCH 71 (1.46 seconds):
INFO:root:COST >> 1.3124 +/- 0.0694, % updates: 50.235%
INFO:root:-- EPOCH 72 (1.455 seconds):
INFO:root:COST >> 1.3131 +/- 0.0686, % updates: 50.122%
INFO:root:-- EPOCH 73 (1.489 seconds):
INFO:root:COST >> 1.3128 +/- 0.0745, % updates: 50.03%
INFO:root:-- EPOCH 74 (1.495 seconds):
INFO:root:COST >> 1.3131 +/- 0.0685, % updates: 50.253%
INFO:root:-- EPOCH 75 (1.464 seconds):
INFO:root:COST >> 1.313 +/- 0.0678, % updates: 50.127%
INFO:root:-- EPOCH 76 (1.482 seconds):
INFO:root:COST >> 1.3151 +/- 0.0727, % updates: 50.093%
INFO:root:-- EPOCH 77 (1.483 seconds):
INFO:root:COST >> 1.3124 +/- 0.0722, % updates: 50.136%
INFO:root:-- EPOCH 78 (1.459 seconds):
INFO:root:COST >> 1.3124 +/- 0.0707, % updates: 50.027%
INFO:root:-- EPOCH 79 (1.528 seconds):
INFO:root:COST >> 1.3099 +/- 0.073, % updates: 49.947%
INFO:root:-- EPOCH 80 (1.451 seconds):
INFO:root:COST >> 1.3166 +/- 0.0758, % updates: 50.216%
INFO:root:-- EPOCH 81 (1.511 seconds):
INFO:root:COST >> 1.3116 +/- 0.0637, % updates: 50.127%
INFO:root:-- EPOCH 82 (1.307 seconds):
INFO:root:COST >> 1.3094 +/- 0.0706, % updates: 50.007%
INFO:root:-- EPOCH 83 (1.104 seconds):
INFO:root:COST >> 1.3105 +/- 0.0724, % updates: 50.001%
INFO:root:-- EPOCH 84 (1.179 seconds):
INFO:root:COST >> 1.3089 +/- 0.068, % updates: 50.058%
INFO:root:-- EPOCH 85 (1.176 seconds):
INFO:root:COST >> 1.3153 +/- 0.0667, % updates: 50.174%
INFO:root:-- EPOCH 86 (1.477 seconds):
INFO:root:COST >> 1.3125 +/- 0.074, % updates: 50.12%
INFO:root:-- EPOCH 87 (1.489 seconds):
INFO:root:COST >> 1.3108 +/- 0.0757, % updates: 50.066%
INFO:root:-- EPOCH 88 (1.458 seconds):
INFO:root:COST >> 1.3119 +/- 0.0695, % updates: 50.023%
INFO:root:-- EPOCH 89 (1.506 seconds):
INFO:root:COST >> 1.3112 +/- 0.0726, % updates: 50.0%
INFO:root:-- EPOCH 90 (1.467 seconds):
INFO:root:COST >> 1.3104 +/- 0.0698, % updates: 49.996%
INFO:root:-- EPOCH 91 (1.466 seconds):
INFO:root:COST >> 1.3079 +/- 0.0722, % updates: 49.978%
INFO:root:-- EPOCH 92 (1.486 seconds):
INFO:root:COST >> 1.3122 +/- 0.0684, % updates: 50.059%
INFO:root:-- EPOCH 93 (1.487 seconds):
INFO:root:COST >> 1.3127 +/- 0.0715, % updates: 50.036%
INFO:root:-- EPOCH 94 (1.472 seconds):
INFO:root:COST >> 1.3144 +/- 0.0691, % updates: 50.116%
INFO:root:-- EPOCH 95 (1.525 seconds):
INFO:root:COST >> 1.3123 +/- 0.072, % updates: 50.128%
INFO:root:-- EPOCH 96 (1.47 seconds):
INFO:root:COST >> 1.3104 +/- 0.067, % updates: 50.012%
INFO:root:-- EPOCH 97 (1.507 seconds):
INFO:root:COST >> 1.3118 +/- 0.0717, % updates: 50.069%
INFO:root:-- EPOCH 98 (1.477 seconds):
INFO:root:COST >> 1.314 +/- 0.072, % updates: 50.081%
INFO:root:-- EPOCH 99 (1.486 seconds):
INFO:root:COST >> 1.3143 +/- 0.0667, % updates: 50.149%
INFO:root:-- EPOCH 100 (1.513 seconds):
INFO:root:COST >> 1.3091 +/- 0.0706, % updates: 49.965%
