INFO:root:Shape for training set: (40961, 141442)
INFO:root:State: {'ndim': '20', 'test_all': 'None', 'test_path': 'None', 'nhid': '50', 'lremb': '0.001', 'seed': '2', 'simfn': 'L1', 'valid_path': 'None', 'nbatches': '10', 'lrparam': '0.001', 'decay': '0.999', 'show_hinton_diagrams': 'False', 'no_rescaling': 'True', 'Nrel': '18', 'ranking_score_right': 'False', 'Nent': '40961', 'Nsyn': '40943', 'method': 'MOMENTUM', 'loss_margin': '1.0', 'C': '1.0', 'epsilon': '1e-06', 'use_db': 'True', 'max_lr': 'None', 'l1_param_weight': 'None', 'filtered': 'False', 'name': 'wn_opt/wn_MOMENTUM_162', 'totepochs': '100', 'l2_param_weight': 'None', 'train_path': 'data/wn/WN-train.pkl', 'op': 'TransE'}
INFO:root:Starting the Experiment ..
INFO:root:-- EPOCH 1 (1.534 seconds):
INFO:root:COST >> 2.0992 +/- 0.0645, % updates: 77.072%
INFO:root:-- EPOCH 2 (1.542 seconds):
INFO:root:COST >> 1.7346 +/- 0.0716, % updates: 64.193%
INFO:root:-- EPOCH 3 (1.539 seconds):
INFO:root:COST >> 1.5127 +/- 0.0233, % updates: 56.29%
INFO:root:-- EPOCH 4 (1.504 seconds):
INFO:root:COST >> 1.4673 +/- 0.0184, % updates: 53.258%
INFO:root:-- EPOCH 5 (1.509 seconds):
INFO:root:COST >> 1.4358 +/- 0.0227, % updates: 51.313%
INFO:root:-- EPOCH 6 (1.523 seconds):
INFO:root:COST >> 1.4193 +/- 0.0196, % updates: 49.8%
INFO:root:-- EPOCH 7 (1.518 seconds):
INFO:root:COST >> 1.4008 +/- 0.0201, % updates: 48.9%
INFO:root:-- EPOCH 8 (1.513 seconds):
INFO:root:COST >> 1.3737 +/- 0.0162, % updates: 48.073%
INFO:root:-- EPOCH 9 (1.511 seconds):
INFO:root:COST >> 1.3477 +/- 0.0155, % updates: 47.591%
INFO:root:-- EPOCH 10 (1.519 seconds):
INFO:root:COST >> 1.3343 +/- 0.0133, % updates: 47.417%
INFO:root:-- EPOCH 11 (1.554 seconds):
INFO:root:COST >> 1.3286 +/- 0.0208, % updates: 47.645%
INFO:root:-- EPOCH 12 (1.496 seconds):
INFO:root:COST >> 1.3152 +/- 0.0118, % updates: 47.679%
INFO:root:-- EPOCH 13 (1.554 seconds):
INFO:root:COST >> 1.3051 +/- 0.0197, % updates: 47.755%
INFO:root:-- EPOCH 14 (1.536 seconds):
INFO:root:COST >> 1.2958 +/- 0.0172, % updates: 47.917%
INFO:root:-- EPOCH 15 (1.508 seconds):
INFO:root:COST >> 1.2947 +/- 0.0143, % updates: 47.926%
INFO:root:-- EPOCH 16 (1.523 seconds):
INFO:root:COST >> 1.2941 +/- 0.0173, % updates: 48.034%
INFO:root:-- EPOCH 17 (1.213 seconds):
INFO:root:COST >> 1.2904 +/- 0.019, % updates: 47.979%
INFO:root:-- EPOCH 18 (1.165 seconds):
INFO:root:COST >> 1.2895 +/- 0.0192, % updates: 48.097%
INFO:root:-- EPOCH 19 (1.214 seconds):
INFO:root:COST >> 1.2883 +/- 0.0164, % updates: 48.115%
INFO:root:-- EPOCH 20 (1.357 seconds):
INFO:root:COST >> 1.2899 +/- 0.0182, % updates: 48.218%
INFO:root:-- EPOCH 21 (1.513 seconds):
INFO:root:COST >> 1.2897 +/- 0.016, % updates: 48.348%
INFO:root:-- EPOCH 22 (1.552 seconds):
INFO:root:COST >> 1.2909 +/- 0.024, % updates: 48.367%
INFO:root:-- EPOCH 23 (1.51 seconds):
INFO:root:COST >> 1.2922 +/- 0.0185, % updates: 48.287%
INFO:root:-- EPOCH 24 (1.49 seconds):
INFO:root:COST >> 1.2931 +/- 0.0231, % updates: 48.289%
INFO:root:-- EPOCH 25 (1.527 seconds):
INFO:root:COST >> 1.2937 +/- 0.0178, % updates: 48.327%
INFO:root:-- EPOCH 26 (1.525 seconds):
INFO:root:COST >> 1.2895 +/- 0.0207, % updates: 48.196%
INFO:root:-- EPOCH 27 (1.504 seconds):
INFO:root:COST >> 1.2982 +/- 0.0251, % updates: 48.363%
INFO:root:-- EPOCH 28 (1.525 seconds):
INFO:root:COST >> 1.3004 +/- 0.0151, % updates: 48.279%
INFO:root:-- EPOCH 29 (1.536 seconds):
INFO:root:COST >> 1.3011 +/- 0.0183, % updates: 48.213%
INFO:root:-- EPOCH 30 (1.509 seconds):
INFO:root:COST >> 1.3002 +/- 0.0222, % updates: 48.123%
INFO:root:-- EPOCH 31 (1.48 seconds):
INFO:root:COST >> 1.301 +/- 0.0161, % updates: 48.065%
INFO:root:-- EPOCH 32 (1.53 seconds):
INFO:root:COST >> 1.3099 +/- 0.0233, % updates: 48.108%
INFO:root:-- EPOCH 33 (1.552 seconds):
INFO:root:COST >> 1.3087 +/- 0.0169, % updates: 48.009%
INFO:root:-- EPOCH 34 (1.536 seconds):
INFO:root:COST >> 1.3023 +/- 0.0193, % updates: 47.831%
INFO:root:-- EPOCH 35 (1.523 seconds):
INFO:root:COST >> 1.3089 +/- 0.0206, % updates: 47.931%
INFO:root:-- EPOCH 36 (1.528 seconds):
INFO:root:COST >> 1.3087 +/- 0.0243, % updates: 47.9%
INFO:root:-- EPOCH 37 (1.501 seconds):
INFO:root:COST >> 1.3097 +/- 0.0271, % updates: 47.832%
INFO:root:-- EPOCH 38 (1.517 seconds):
INFO:root:COST >> 1.313 +/- 0.0219, % updates: 47.909%
INFO:root:-- EPOCH 39 (1.49 seconds):
INFO:root:COST >> 1.3108 +/- 0.0184, % updates: 47.813%
INFO:root:-- EPOCH 40 (1.523 seconds):
INFO:root:COST >> 1.3134 +/- 0.0176, % updates: 47.855%
INFO:root:-- EPOCH 41 (1.481 seconds):
INFO:root:COST >> 1.3156 +/- 0.0224, % updates: 47.756%
INFO:root:-- EPOCH 42 (1.536 seconds):
INFO:root:COST >> 1.3194 +/- 0.0158, % updates: 47.664%
INFO:root:-- EPOCH 43 (1.531 seconds):
INFO:root:COST >> 1.3225 +/- 0.0209, % updates: 47.633%
INFO:root:-- EPOCH 44 (1.507 seconds):
INFO:root:COST >> 1.3259 +/- 0.0213, % updates: 47.61%
INFO:root:-- EPOCH 45 (1.499 seconds):
INFO:root:COST >> 1.3264 +/- 0.0244, % updates: 47.607%
INFO:root:-- EPOCH 46 (1.518 seconds):
INFO:root:COST >> 1.3247 +/- 0.0239, % updates: 47.551%
INFO:root:-- EPOCH 47 (1.537 seconds):
INFO:root:COST >> 1.3247 +/- 0.0184, % updates: 47.464%
INFO:root:-- EPOCH 48 (1.534 seconds):
INFO:root:COST >> 1.3236 +/- 0.0202, % updates: 47.423%
INFO:root:-- EPOCH 49 (1.53 seconds):
INFO:root:COST >> 1.3244 +/- 0.0261, % updates: 47.369%
INFO:root:-- EPOCH 50 (1.565 seconds):
INFO:root:COST >> 1.3261 +/- 0.0221, % updates: 47.294%
INFO:root:-- EPOCH 51 (1.52 seconds):
INFO:root:COST >> 1.3336 +/- 0.0214, % updates: 47.468%
INFO:root:-- EPOCH 52 (1.509 seconds):
INFO:root:COST >> 1.329 +/- 0.0164, % updates: 47.302%
INFO:root:-- EPOCH 53 (1.519 seconds):
INFO:root:COST >> 1.3323 +/- 0.0238, % updates: 47.206%
INFO:root:-- EPOCH 54 (1.536 seconds):
INFO:root:COST >> 1.3337 +/- 0.0209, % updates: 47.199%
INFO:root:-- EPOCH 55 (1.546 seconds):
INFO:root:COST >> 1.3312 +/- 0.0175, % updates: 47.182%
INFO:root:-- EPOCH 56 (1.53 seconds):
INFO:root:COST >> 1.3367 +/- 0.017, % updates: 47.195%
INFO:root:-- EPOCH 57 (1.515 seconds):
INFO:root:COST >> 1.3344 +/- 0.02, % updates: 47.044%
INFO:root:-- EPOCH 58 (1.506 seconds):
INFO:root:COST >> 1.3336 +/- 0.0196, % updates: 46.965%
INFO:root:-- EPOCH 59 (1.503 seconds):
INFO:root:COST >> 1.3395 +/- 0.0193, % updates: 46.964%
INFO:root:-- EPOCH 60 (1.515 seconds):
INFO:root:COST >> 1.3397 +/- 0.024, % updates: 46.988%
INFO:root:-- EPOCH 61 (1.527 seconds):
INFO:root:COST >> 1.3393 +/- 0.0214, % updates: 46.834%
INFO:root:-- EPOCH 62 (1.528 seconds):
INFO:root:COST >> 1.3408 +/- 0.0242, % updates: 46.94%
INFO:root:-- EPOCH 63 (1.568 seconds):
INFO:root:COST >> 1.3441 +/- 0.0269, % updates: 46.959%
INFO:root:-- EPOCH 64 (1.505 seconds):
INFO:root:COST >> 1.3439 +/- 0.0186, % updates: 46.868%
INFO:root:-- EPOCH 65 (1.533 seconds):
INFO:root:COST >> 1.351 +/- 0.021, % updates: 46.955%
INFO:root:-- EPOCH 66 (1.522 seconds):
INFO:root:COST >> 1.3472 +/- 0.0201, % updates: 46.645%
INFO:root:-- EPOCH 67 (1.496 seconds):
INFO:root:COST >> 1.3528 +/- 0.017, % updates: 46.954%
INFO:root:-- EPOCH 68 (1.517 seconds):
INFO:root:COST >> 1.3503 +/- 0.0241, % updates: 46.706%
INFO:root:-- EPOCH 69 (1.515 seconds):
INFO:root:COST >> 1.3538 +/- 0.0142, % updates: 46.628%
INFO:root:-- EPOCH 70 (1.502 seconds):
INFO:root:COST >> 1.3512 +/- 0.0264, % updates: 46.539%
INFO:root:-- EPOCH 71 (1.475 seconds):
INFO:root:COST >> 1.3516 +/- 0.0144, % updates: 46.557%
INFO:root:-- EPOCH 72 (1.516 seconds):
INFO:root:COST >> 1.3601 +/- 0.0199, % updates: 46.702%
INFO:root:-- EPOCH 73 (1.473 seconds):
INFO:root:COST >> 1.357 +/- 0.0224, % updates: 46.461%
INFO:root:-- EPOCH 74 (1.493 seconds):
INFO:root:COST >> 1.3604 +/- 0.0189, % updates: 46.572%
INFO:root:-- EPOCH 75 (1.492 seconds):
INFO:root:COST >> 1.3594 +/- 0.0172, % updates: 46.491%
INFO:root:-- EPOCH 76 (1.486 seconds):
INFO:root:COST >> 1.3669 +/- 0.0196, % updates: 46.582%
INFO:root:-- EPOCH 77 (1.476 seconds):
INFO:root:COST >> 1.3668 +/- 0.0155, % updates: 46.558%
INFO:root:-- EPOCH 78 (1.475 seconds):
INFO:root:COST >> 1.3724 +/- 0.0155, % updates: 46.531%
INFO:root:-- EPOCH 79 (1.488 seconds):
INFO:root:COST >> 1.3796 +/- 0.0162, % updates: 46.651%
INFO:root:-- EPOCH 80 (1.479 seconds):
INFO:root:COST >> 1.3776 +/- 0.0245, % updates: 46.445%
INFO:root:-- EPOCH 81 (1.516 seconds):
INFO:root:COST >> 1.3768 +/- 0.0162, % updates: 46.36%
INFO:root:-- EPOCH 82 (1.519 seconds):
INFO:root:COST >> 1.3761 +/- 0.0193, % updates: 46.362%
INFO:root:-- EPOCH 83 (1.495 seconds):
INFO:root:COST >> 1.3759 +/- 0.0153, % updates: 46.338%
INFO:root:-- EPOCH 84 (1.483 seconds):
INFO:root:COST >> 1.3864 +/- 0.0196, % updates: 46.302%
INFO:root:-- EPOCH 85 (1.461 seconds):
INFO:root:COST >> 1.3851 +/- 0.0218, % updates: 46.317%
INFO:root:-- EPOCH 86 (1.493 seconds):
INFO:root:COST >> 1.3888 +/- 0.023, % updates: 46.303%
INFO:root:-- EPOCH 87 (1.447 seconds):
INFO:root:COST >> 1.3859 +/- 0.0194, % updates: 46.195%
INFO:root:-- EPOCH 88 (1.482 seconds):
INFO:root:COST >> 1.3866 +/- 0.0205, % updates: 46.186%
INFO:root:-- EPOCH 89 (1.508 seconds):
INFO:root:COST >> 1.3893 +/- 0.0186, % updates: 46.312%
INFO:root:-- EPOCH 90 (1.554 seconds):
INFO:root:COST >> 1.393 +/- 0.0213, % updates: 46.22%
INFO:root:-- EPOCH 91 (1.479 seconds):
INFO:root:COST >> 1.3922 +/- 0.0163, % updates: 46.093%
INFO:root:-- EPOCH 92 (1.505 seconds):
INFO:root:COST >> 1.3899 +/- 0.0227, % updates: 46.039%
INFO:root:-- EPOCH 93 (1.504 seconds):
INFO:root:COST >> 1.398 +/- 0.0187, % updates: 46.181%
INFO:root:-- EPOCH 94 (1.473 seconds):
INFO:root:COST >> 1.3949 +/- 0.0214, % updates: 46.127%
INFO:root:-- EPOCH 95 (1.499 seconds):
INFO:root:COST >> 1.3951 +/- 0.0214, % updates: 46.005%
INFO:root:-- EPOCH 96 (1.567 seconds):
INFO:root:COST >> 1.3929 +/- 0.0174, % updates: 45.919%
INFO:root:-- EPOCH 97 (1.515 seconds):
INFO:root:COST >> 1.3981 +/- 0.0212, % updates: 46.01%
INFO:root:-- EPOCH 98 (1.577 seconds):
INFO:root:COST >> 1.401 +/- 0.0219, % updates: 45.926%
INFO:root:-- EPOCH 99 (1.569 seconds):
INFO:root:COST >> 1.4076 +/- 0.0177, % updates: 45.947%
INFO:root:-- EPOCH 100 (1.558 seconds):
INFO:root:COST >> 1.4051 +/- 0.0149, % updates: 45.846%
