INFO:root:Shape for training set: (40961, 141442)
INFO:root:State: {'ndim': '20', 'test_all': 'None', 'test_path': 'None', 'nhid': '50', 'lremb': '10.0', 'seed': '3', 'simfn': 'L1', 'valid_path': 'None', 'nbatches': '10', 'lrparam': '10.0', 'decay': '0.9', 'show_hinton_diagrams': 'False', 'no_rescaling': 'True', 'Nrel': '18', 'ranking_score_right': 'False', 'Nent': '40961', 'Nsyn': '40943', 'method': 'MOMENTUM', 'loss_margin': '1.0', 'C': '1.0', 'epsilon': '1e-06', 'use_db': 'True', 'max_lr': 'None', 'l1_param_weight': 'None', 'filtered': 'False', 'name': 'wn_opt/wn_MOMENTUM_383', 'totepochs': '100', 'l2_param_weight': 'None', 'train_path': 'data/wn/WN-train.pkl', 'op': 'TransE'}
INFO:root:Starting the Experiment ..
INFO:root:-- EPOCH 1 (1.515 seconds):
INFO:root:COST >> 2.7755 +/- 0.2475, % updates: 63.112%
INFO:root:-- EPOCH 2 (1.529 seconds):
INFO:root:COST >> 2.7719 +/- 0.267, % updates: 52.933%
INFO:root:-- EPOCH 3 (1.469 seconds):
INFO:root:COST >> 2.8098 +/- 0.2581, % updates: 52.403%
INFO:root:-- EPOCH 4 (1.467 seconds):
INFO:root:COST >> 2.8164 +/- 0.2586, % updates: 52.381%
INFO:root:-- EPOCH 5 (1.474 seconds):
INFO:root:COST >> 2.8199 +/- 0.2477, % updates: 52.402%
INFO:root:-- EPOCH 6 (1.471 seconds):
INFO:root:COST >> 2.8229 +/- 0.2623, % updates: 52.371%
INFO:root:-- EPOCH 7 (1.462 seconds):
INFO:root:COST >> 2.8183 +/- 0.2595, % updates: 52.347%
INFO:root:-- EPOCH 8 (1.476 seconds):
INFO:root:COST >> 2.8222 +/- 0.2494, % updates: 52.353%
INFO:root:-- EPOCH 9 (1.473 seconds):
INFO:root:COST >> 2.8333 +/- 0.2486, % updates: 52.384%
INFO:root:-- EPOCH 10 (1.477 seconds):
INFO:root:COST >> 2.8229 +/- 0.254, % updates: 52.586%
INFO:root:-- EPOCH 11 (1.462 seconds):
INFO:root:COST >> 2.8311 +/- 0.2542, % updates: 52.438%
INFO:root:-- EPOCH 12 (1.472 seconds):
INFO:root:COST >> 2.8222 +/- 0.2417, % updates: 52.336%
INFO:root:-- EPOCH 13 (1.509 seconds):
INFO:root:COST >> 2.8118 +/- 0.2605, % updates: 52.335%
INFO:root:-- EPOCH 14 (1.515 seconds):
INFO:root:COST >> 2.8272 +/- 0.2414, % updates: 52.453%
INFO:root:-- EPOCH 15 (1.482 seconds):
INFO:root:COST >> 2.8172 +/- 0.2606, % updates: 52.335%
INFO:root:-- EPOCH 16 (1.535 seconds):
INFO:root:COST >> 2.8143 +/- 0.2453, % updates: 52.289%
INFO:root:-- EPOCH 17 (1.482 seconds):
INFO:root:COST >> 2.821 +/- 0.2471, % updates: 52.339%
INFO:root:-- EPOCH 18 (1.472 seconds):
INFO:root:COST >> 2.8218 +/- 0.2619, % updates: 52.506%
INFO:root:-- EPOCH 19 (1.517 seconds):
INFO:root:COST >> 2.8128 +/- 0.2521, % updates: 52.252%
INFO:root:-- EPOCH 20 (1.497 seconds):
INFO:root:COST >> 2.8256 +/- 0.2561, % updates: 52.401%
INFO:root:-- EPOCH 21 (1.466 seconds):
INFO:root:COST >> 2.8316 +/- 0.2601, % updates: 52.367%
INFO:root:-- EPOCH 22 (1.507 seconds):
INFO:root:COST >> 2.8228 +/- 0.2638, % updates: 52.333%
INFO:root:-- EPOCH 23 (1.524 seconds):
INFO:root:COST >> 2.8184 +/- 0.2416, % updates: 52.313%
INFO:root:-- EPOCH 24 (1.499 seconds):
INFO:root:COST >> 2.8092 +/- 0.2501, % updates: 52.201%
INFO:root:-- EPOCH 25 (1.495 seconds):
INFO:root:COST >> 2.8347 +/- 0.2478, % updates: 52.508%
INFO:root:-- EPOCH 26 (1.451 seconds):
INFO:root:COST >> 2.8256 +/- 0.2596, % updates: 52.555%
INFO:root:-- EPOCH 27 (1.523 seconds):
INFO:root:COST >> 2.8143 +/- 0.2458, % updates: 52.314%
INFO:root:-- EPOCH 28 (1.502 seconds):
INFO:root:COST >> 2.8197 +/- 0.2469, % updates: 52.144%
INFO:root:-- EPOCH 29 (1.459 seconds):
INFO:root:COST >> 2.822 +/- 0.2556, % updates: 52.366%
INFO:root:-- EPOCH 30 (1.458 seconds):
INFO:root:COST >> 2.831 +/- 0.2626, % updates: 52.412%
INFO:root:-- EPOCH 31 (1.473 seconds):
INFO:root:COST >> 2.8175 +/- 0.2595, % updates: 52.372%
INFO:root:-- EPOCH 32 (1.475 seconds):
INFO:root:COST >> 2.8192 +/- 0.256, % updates: 52.343%
INFO:root:-- EPOCH 33 (1.479 seconds):
INFO:root:COST >> 2.8202 +/- 0.2653, % updates: 52.233%
INFO:root:-- EPOCH 34 (1.452 seconds):
INFO:root:COST >> 2.8214 +/- 0.2462, % updates: 52.217%
INFO:root:-- EPOCH 35 (1.462 seconds):
INFO:root:COST >> 2.8154 +/- 0.2566, % updates: 52.292%
INFO:root:-- EPOCH 36 (1.478 seconds):
INFO:root:COST >> 2.8219 +/- 0.2573, % updates: 52.274%
INFO:root:-- EPOCH 37 (1.462 seconds):
INFO:root:COST >> 2.8218 +/- 0.2641, % updates: 52.349%
INFO:root:-- EPOCH 38 (1.481 seconds):
INFO:root:COST >> 2.8274 +/- 0.2482, % updates: 52.463%
INFO:root:-- EPOCH 39 (1.471 seconds):
INFO:root:COST >> 2.8245 +/- 0.2655, % updates: 52.397%
INFO:root:-- EPOCH 40 (1.463 seconds):
INFO:root:COST >> 2.8265 +/- 0.2574, % updates: 52.442%
INFO:root:-- EPOCH 41 (1.501 seconds):
INFO:root:COST >> 2.8142 +/- 0.2432, % updates: 52.273%
INFO:root:-- EPOCH 42 (1.473 seconds):
INFO:root:COST >> 2.8186 +/- 0.2529, % updates: 52.377%
INFO:root:-- EPOCH 43 (1.532 seconds):
INFO:root:COST >> 2.8227 +/- 0.2689, % updates: 52.399%
INFO:root:-- EPOCH 44 (1.498 seconds):
INFO:root:COST >> 2.827 +/- 0.2607, % updates: 52.468%
INFO:root:-- EPOCH 45 (1.483 seconds):
INFO:root:COST >> 2.8225 +/- 0.2571, % updates: 52.358%
INFO:root:-- EPOCH 46 (1.488 seconds):
INFO:root:COST >> 2.8187 +/- 0.2602, % updates: 52.4%
INFO:root:-- EPOCH 47 (1.468 seconds):
INFO:root:COST >> 2.827 +/- 0.2509, % updates: 52.34%
INFO:root:-- EPOCH 48 (1.504 seconds):
INFO:root:COST >> 2.8101 +/- 0.2439, % updates: 52.287%
INFO:root:-- EPOCH 49 (1.49 seconds):
INFO:root:COST >> 2.8225 +/- 0.2434, % updates: 52.315%
INFO:root:-- EPOCH 50 (1.486 seconds):
INFO:root:COST >> 2.8203 +/- 0.251, % updates: 52.364%
INFO:root:-- EPOCH 51 (1.539 seconds):
INFO:root:COST >> 2.83 +/- 0.254, % updates: 52.273%
INFO:root:-- EPOCH 52 (1.525 seconds):
INFO:root:COST >> 2.8237 +/- 0.261, % updates: 52.406%
INFO:root:-- EPOCH 53 (1.523 seconds):
INFO:root:COST >> 2.8135 +/- 0.2484, % updates: 52.216%
INFO:root:-- EPOCH 54 (1.523 seconds):
INFO:root:COST >> 2.8296 +/- 0.2509, % updates: 52.503%
INFO:root:-- EPOCH 55 (1.531 seconds):
INFO:root:COST >> 2.8164 +/- 0.2492, % updates: 52.321%
INFO:root:-- EPOCH 56 (1.502 seconds):
INFO:root:COST >> 2.8237 +/- 0.2502, % updates: 52.464%
INFO:root:-- EPOCH 57 (1.48 seconds):
INFO:root:COST >> 2.8163 +/- 0.245, % updates: 52.279%
INFO:root:-- EPOCH 58 (1.483 seconds):
INFO:root:COST >> 2.8267 +/- 0.2553, % updates: 52.42%
INFO:root:-- EPOCH 59 (1.458 seconds):
INFO:root:COST >> 2.8194 +/- 0.2409, % updates: 52.405%
INFO:root:-- EPOCH 60 (1.5 seconds):
INFO:root:COST >> 2.8235 +/- 0.2426, % updates: 52.348%
INFO:root:-- EPOCH 61 (1.481 seconds):
INFO:root:COST >> 2.8186 +/- 0.2573, % updates: 52.317%
INFO:root:-- EPOCH 62 (1.463 seconds):
INFO:root:COST >> 2.8323 +/- 0.2547, % updates: 52.467%
INFO:root:-- EPOCH 63 (1.497 seconds):
INFO:root:COST >> 2.8246 +/- 0.2655, % updates: 52.383%
INFO:root:-- EPOCH 64 (1.495 seconds):
INFO:root:COST >> 2.816 +/- 0.2511, % updates: 52.323%
INFO:root:-- EPOCH 65 (1.494 seconds):
INFO:root:COST >> 2.8256 +/- 0.2599, % updates: 52.359%
INFO:root:-- EPOCH 66 (1.531 seconds):
INFO:root:COST >> 2.8209 +/- 0.2578, % updates: 52.39%
INFO:root:-- EPOCH 67 (1.483 seconds):
INFO:root:COST >> 2.8248 +/- 0.2581, % updates: 52.355%
INFO:root:-- EPOCH 68 (1.491 seconds):
INFO:root:COST >> 2.8246 +/- 0.251, % updates: 52.46%
INFO:root:-- EPOCH 69 (1.493 seconds):
INFO:root:COST >> 2.8062 +/- 0.2675, % updates: 52.167%
INFO:root:-- EPOCH 70 (1.52 seconds):
INFO:root:COST >> 2.8145 +/- 0.2589, % updates: 52.317%
INFO:root:-- EPOCH 71 (1.495 seconds):
INFO:root:COST >> 2.8152 +/- 0.2496, % updates: 52.375%
INFO:root:-- EPOCH 72 (1.524 seconds):
INFO:root:COST >> 2.8132 +/- 0.2485, % updates: 52.347%
INFO:root:-- EPOCH 73 (1.452 seconds):
INFO:root:COST >> 2.8134 +/- 0.2494, % updates: 52.375%
INFO:root:-- EPOCH 74 (1.472 seconds):
INFO:root:COST >> 2.8226 +/- 0.2521, % updates: 52.312%
INFO:root:-- EPOCH 75 (1.227 seconds):
INFO:root:COST >> 2.8183 +/- 0.2555, % updates: 52.248%
INFO:root:-- EPOCH 76 (1.129 seconds):
INFO:root:COST >> 2.8238 +/- 0.2487, % updates: 52.294%
INFO:root:-- EPOCH 77 (1.143 seconds):
INFO:root:COST >> 2.8188 +/- 0.2555, % updates: 52.342%
INFO:root:-- EPOCH 78 (1.175 seconds):
INFO:root:COST >> 2.8302 +/- 0.262, % updates: 52.442%
INFO:root:-- EPOCH 79 (1.418 seconds):
INFO:root:COST >> 2.8229 +/- 0.2542, % updates: 52.404%
INFO:root:-- EPOCH 80 (1.506 seconds):
INFO:root:COST >> 2.823 +/- 0.2635, % updates: 52.44%
INFO:root:-- EPOCH 81 (1.512 seconds):
INFO:root:COST >> 2.814 +/- 0.2392, % updates: 52.216%
INFO:root:-- EPOCH 82 (1.492 seconds):
INFO:root:COST >> 2.8116 +/- 0.2549, % updates: 52.302%
INFO:root:-- EPOCH 83 (1.475 seconds):
INFO:root:COST >> 2.8186 +/- 0.2605, % updates: 52.316%
INFO:root:-- EPOCH 84 (1.47 seconds):
INFO:root:COST >> 2.8166 +/- 0.2563, % updates: 52.379%
INFO:root:-- EPOCH 85 (1.529 seconds):
INFO:root:COST >> 2.83 +/- 0.2583, % updates: 52.477%
INFO:root:-- EPOCH 86 (1.472 seconds):
INFO:root:COST >> 2.8059 +/- 0.2585, % updates: 52.16%
INFO:root:-- EPOCH 87 (1.497 seconds):
INFO:root:COST >> 2.818 +/- 0.2614, % updates: 52.392%
INFO:root:-- EPOCH 88 (1.472 seconds):
INFO:root:COST >> 2.8213 +/- 0.2649, % updates: 52.264%
INFO:root:-- EPOCH 89 (1.476 seconds):
INFO:root:COST >> 2.828 +/- 0.2669, % updates: 52.3%
INFO:root:-- EPOCH 90 (1.469 seconds):
INFO:root:COST >> 2.8288 +/- 0.2535, % updates: 52.348%
INFO:root:-- EPOCH 91 (1.482 seconds):
INFO:root:COST >> 2.8178 +/- 0.2514, % updates: 52.206%
INFO:root:-- EPOCH 92 (1.488 seconds):
INFO:root:COST >> 2.8251 +/- 0.2492, % updates: 52.412%
INFO:root:-- EPOCH 93 (1.477 seconds):
INFO:root:COST >> 2.8309 +/- 0.2608, % updates: 52.463%
INFO:root:-- EPOCH 94 (1.503 seconds):
INFO:root:COST >> 2.8268 +/- 0.2569, % updates: 52.294%
INFO:root:-- EPOCH 95 (1.51 seconds):
INFO:root:COST >> 2.8159 +/- 0.2535, % updates: 52.36%
INFO:root:-- EPOCH 96 (1.51 seconds):
INFO:root:COST >> 2.8127 +/- 0.2465, % updates: 52.216%
INFO:root:-- EPOCH 97 (1.477 seconds):
INFO:root:COST >> 2.8203 +/- 0.2581, % updates: 52.444%
INFO:root:-- EPOCH 98 (1.47 seconds):
INFO:root:COST >> 2.8216 +/- 0.2477, % updates: 52.434%
INFO:root:-- EPOCH 99 (1.47 seconds):
INFO:root:COST >> 2.8258 +/- 0.2528, % updates: 52.418%
INFO:root:-- EPOCH 100 (1.493 seconds):
INFO:root:COST >> 2.8204 +/- 0.2442, % updates: 52.334%
