INFO:root:Shape for training set: (40961, 141442)
INFO:root:State: {'ndim': '20', 'test_all': 'None', 'test_path': 'None', 'nhid': '50', 'lremb': '0.001', 'seed': '1', 'simfn': 'L1', 'valid_path': 'None', 'nbatches': '10', 'lrparam': '0.001', 'decay': '0.99', 'show_hinton_diagrams': 'False', 'no_rescaling': 'True', 'Nrel': '18', 'ranking_score_right': 'False', 'Nent': '40961', 'Nsyn': '40943', 'method': 'MOMENTUM', 'loss_margin': '1.0', 'C': '1.0', 'epsilon': '1e-06', 'use_db': 'True', 'max_lr': 'None', 'l1_param_weight': 'None', 'filtered': 'False', 'name': 'wn_opt/wn_MOMENTUM_171', 'totepochs': '100', 'l2_param_weight': 'None', 'train_path': 'data/wn/WN-train.pkl', 'op': 'TransE'}
INFO:root:Starting the Experiment ..
INFO:root:-- EPOCH 1 (1.552 seconds):
INFO:root:COST >> 2.0927 +/- 0.0811, % updates: 76.472%
INFO:root:-- EPOCH 2 (1.532 seconds):
INFO:root:COST >> 1.6887 +/- 0.0976, % updates: 63.276%
INFO:root:-- EPOCH 3 (1.555 seconds):
INFO:root:COST >> 1.4242 +/- 0.0296, % updates: 55.11%
INFO:root:-- EPOCH 4 (1.575 seconds):
INFO:root:COST >> 1.4039 +/- 0.0188, % updates: 51.785%
INFO:root:-- EPOCH 5 (1.53 seconds):
INFO:root:COST >> 1.3885 +/- 0.0145, % updates: 50.03%
INFO:root:-- EPOCH 6 (1.554 seconds):
INFO:root:COST >> 1.3769 +/- 0.0113, % updates: 48.857%
INFO:root:-- EPOCH 7 (1.568 seconds):
INFO:root:COST >> 1.3396 +/- 0.0157, % updates: 48.028%
INFO:root:-- EPOCH 8 (1.509 seconds):
INFO:root:COST >> 1.3058 +/- 0.0136, % updates: 47.41%
INFO:root:-- EPOCH 9 (1.514 seconds):
INFO:root:COST >> 1.3031 +/- 0.0199, % updates: 47.757%
INFO:root:-- EPOCH 10 (1.512 seconds):
INFO:root:COST >> 1.2993 +/- 0.021, % updates: 47.857%
INFO:root:-- EPOCH 11 (1.496 seconds):
INFO:root:COST >> 1.2958 +/- 0.0198, % updates: 48.069%
INFO:root:-- EPOCH 12 (1.541 seconds):
INFO:root:COST >> 1.2918 +/- 0.0167, % updates: 47.993%
INFO:root:-- EPOCH 13 (1.505 seconds):
INFO:root:COST >> 1.2882 +/- 0.0195, % updates: 47.874%
INFO:root:-- EPOCH 14 (1.493 seconds):
INFO:root:COST >> 1.2805 +/- 0.0164, % updates: 47.349%
INFO:root:-- EPOCH 15 (1.494 seconds):
INFO:root:COST >> 1.2889 +/- 0.0191, % updates: 47.247%
INFO:root:-- EPOCH 16 (1.529 seconds):
INFO:root:COST >> 1.2915 +/- 0.0211, % updates: 46.977%
INFO:root:-- EPOCH 17 (1.536 seconds):
INFO:root:COST >> 1.289 +/- 0.024, % updates: 46.708%
INFO:root:-- EPOCH 18 (1.458 seconds):
INFO:root:COST >> 1.2981 +/- 0.0207, % updates: 46.748%
INFO:root:-- EPOCH 19 (1.519 seconds):
INFO:root:COST >> 1.2921 +/- 0.0224, % updates: 46.539%
INFO:root:-- EPOCH 20 (1.509 seconds):
INFO:root:COST >> 1.299 +/- 0.0167, % updates: 46.303%
INFO:root:-- EPOCH 21 (1.475 seconds):
INFO:root:COST >> 1.3017 +/- 0.0219, % updates: 46.211%
INFO:root:-- EPOCH 22 (1.488 seconds):
INFO:root:COST >> 1.3104 +/- 0.0212, % updates: 45.989%
INFO:root:-- EPOCH 23 (1.522 seconds):
INFO:root:COST >> 1.3117 +/- 0.0203, % updates: 45.897%
INFO:root:-- EPOCH 24 (1.523 seconds):
INFO:root:COST >> 1.3097 +/- 0.0211, % updates: 45.64%
INFO:root:-- EPOCH 25 (1.527 seconds):
INFO:root:COST >> 1.3176 +/- 0.025, % updates: 45.401%
INFO:root:-- EPOCH 26 (1.495 seconds):
INFO:root:COST >> 1.3223 +/- 0.016, % updates: 45.426%
INFO:root:-- EPOCH 27 (1.58 seconds):
INFO:root:COST >> 1.3344 +/- 0.0186, % updates: 45.513%
INFO:root:-- EPOCH 28 (1.541 seconds):
INFO:root:COST >> 1.3394 +/- 0.0246, % updates: 45.311%
INFO:root:-- EPOCH 29 (1.564 seconds):
INFO:root:COST >> 1.3369 +/- 0.0148, % updates: 45.069%
INFO:root:-- EPOCH 30 (1.51 seconds):
INFO:root:COST >> 1.3449 +/- 0.0157, % updates: 45.108%
INFO:root:-- EPOCH 31 (1.537 seconds):
INFO:root:COST >> 1.343 +/- 0.0217, % updates: 45.063%
INFO:root:-- EPOCH 32 (1.481 seconds):
INFO:root:COST >> 1.3517 +/- 0.0167, % updates: 45.065%
INFO:root:-- EPOCH 33 (1.481 seconds):
INFO:root:COST >> 1.3562 +/- 0.014, % updates: 44.902%
INFO:root:-- EPOCH 34 (1.49 seconds):
INFO:root:COST >> 1.3547 +/- 0.0265, % updates: 44.593%
INFO:root:-- EPOCH 35 (1.539 seconds):
INFO:root:COST >> 1.358 +/- 0.0238, % updates: 44.823%
INFO:root:-- EPOCH 36 (1.517 seconds):
INFO:root:COST >> 1.3647 +/- 0.021, % updates: 44.721%
INFO:root:-- EPOCH 37 (1.509 seconds):
INFO:root:COST >> 1.3706 +/- 0.0218, % updates: 44.899%
INFO:root:-- EPOCH 38 (1.526 seconds):
INFO:root:COST >> 1.3806 +/- 0.0217, % updates: 44.925%
INFO:root:-- EPOCH 39 (1.524 seconds):
INFO:root:COST >> 1.3842 +/- 0.0126, % updates: 44.785%
INFO:root:-- EPOCH 40 (1.511 seconds):
INFO:root:COST >> 1.3736 +/- 0.0197, % updates: 44.42%
INFO:root:-- EPOCH 41 (1.511 seconds):
INFO:root:COST >> 1.3756 +/- 0.0233, % updates: 44.27%
INFO:root:-- EPOCH 42 (1.513 seconds):
INFO:root:COST >> 1.3757 +/- 0.0224, % updates: 44.187%
INFO:root:-- EPOCH 43 (1.469 seconds):
INFO:root:COST >> 1.3795 +/- 0.0172, % updates: 44.256%
INFO:root:-- EPOCH 44 (1.481 seconds):
INFO:root:COST >> 1.3807 +/- 0.0147, % updates: 44.262%
INFO:root:-- EPOCH 45 (1.506 seconds):
INFO:root:COST >> 1.3829 +/- 0.0221, % updates: 44.115%
INFO:root:-- EPOCH 46 (1.483 seconds):
INFO:root:COST >> 1.3867 +/- 0.0238, % updates: 44.204%
INFO:root:-- EPOCH 47 (1.516 seconds):
INFO:root:COST >> 1.4012 +/- 0.0247, % updates: 44.297%
INFO:root:-- EPOCH 48 (1.52 seconds):
INFO:root:COST >> 1.3993 +/- 0.0224, % updates: 44.215%
INFO:root:-- EPOCH 49 (1.5 seconds):
INFO:root:COST >> 1.3984 +/- 0.0232, % updates: 44.116%
INFO:root:-- EPOCH 50 (1.512 seconds):
INFO:root:COST >> 1.4004 +/- 0.0165, % updates: 44.114%
INFO:root:-- EPOCH 51 (1.501 seconds):
INFO:root:COST >> 1.3958 +/- 0.0148, % updates: 43.898%
INFO:root:-- EPOCH 52 (1.489 seconds):
INFO:root:COST >> 1.393 +/- 0.0227, % updates: 43.664%
INFO:root:-- EPOCH 53 (1.483 seconds):
INFO:root:COST >> 1.3944 +/- 0.0157, % updates: 43.727%
INFO:root:-- EPOCH 54 (1.509 seconds):
INFO:root:COST >> 1.3966 +/- 0.0161, % updates: 43.754%
INFO:root:-- EPOCH 55 (1.491 seconds):
INFO:root:COST >> 1.3934 +/- 0.0174, % updates: 43.596%
INFO:root:-- EPOCH 56 (1.492 seconds):
INFO:root:COST >> 1.3935 +/- 0.0233, % updates: 43.507%
INFO:root:-- EPOCH 57 (1.501 seconds):
INFO:root:COST >> 1.4047 +/- 0.02, % updates: 43.917%
INFO:root:-- EPOCH 58 (1.504 seconds):
INFO:root:COST >> 1.4002 +/- 0.0219, % updates: 43.713%
INFO:root:-- EPOCH 59 (1.513 seconds):
INFO:root:COST >> 1.4141 +/- 0.0175, % updates: 43.884%
INFO:root:-- EPOCH 60 (1.496 seconds):
INFO:root:COST >> 1.4245 +/- 0.0155, % updates: 44.125%
INFO:root:-- EPOCH 61 (1.497 seconds):
INFO:root:COST >> 1.4222 +/- 0.0235, % updates: 43.977%
INFO:root:-- EPOCH 62 (1.501 seconds):
INFO:root:COST >> 1.4393 +/- 0.0098, % updates: 44.184%
INFO:root:-- EPOCH 63 (1.48 seconds):
INFO:root:COST >> 1.4229 +/- 0.0326, % updates: 43.872%
INFO:root:-- EPOCH 64 (1.481 seconds):
INFO:root:COST >> 1.4358 +/- 0.0208, % updates: 44.005%
INFO:root:-- EPOCH 65 (1.581 seconds):
INFO:root:COST >> 1.4331 +/- 0.0138, % updates: 44.069%
INFO:root:-- EPOCH 66 (1.529 seconds):
INFO:root:COST >> 1.4248 +/- 0.0234, % updates: 43.993%
INFO:root:-- EPOCH 67 (1.506 seconds):
INFO:root:COST >> 1.4278 +/- 0.0185, % updates: 43.82%
INFO:root:-- EPOCH 68 (1.533 seconds):
INFO:root:COST >> 1.4222 +/- 0.0197, % updates: 43.835%
INFO:root:-- EPOCH 69 (1.512 seconds):
INFO:root:COST >> 1.4305 +/- 0.0202, % updates: 43.978%
INFO:root:-- EPOCH 70 (1.508 seconds):
INFO:root:COST >> 1.4353 +/- 0.0183, % updates: 43.86%
INFO:root:-- EPOCH 71 (1.548 seconds):
INFO:root:COST >> 1.4253 +/- 0.0124, % updates: 43.738%
INFO:root:-- EPOCH 72 (1.541 seconds):
INFO:root:COST >> 1.4335 +/- 0.0202, % updates: 43.651%
INFO:root:-- EPOCH 73 (1.675 seconds):
INFO:root:COST >> 1.4315 +/- 0.0178, % updates: 43.688%
INFO:root:-- EPOCH 74 (1.636 seconds):
INFO:root:COST >> 1.4343 +/- 0.0125, % updates: 43.579%
INFO:root:-- EPOCH 75 (1.512 seconds):
INFO:root:COST >> 1.4304 +/- 0.02, % updates: 43.499%
INFO:root:-- EPOCH 76 (1.528 seconds):
INFO:root:COST >> 1.4358 +/- 0.027, % updates: 43.518%
INFO:root:-- EPOCH 77 (1.522 seconds):
INFO:root:COST >> 1.4359 +/- 0.0213, % updates: 43.425%
INFO:root:-- EPOCH 78 (1.561 seconds):
INFO:root:COST >> 1.4357 +/- 0.0246, % updates: 43.56%
INFO:root:-- EPOCH 79 (1.491 seconds):
INFO:root:COST >> 1.437 +/- 0.0131, % updates: 43.387%
INFO:root:-- EPOCH 80 (1.603 seconds):
INFO:root:COST >> 1.4371 +/- 0.0239, % updates: 43.493%
INFO:root:-- EPOCH 81 (1.52 seconds):
INFO:root:COST >> 1.4399 +/- 0.0189, % updates: 43.544%
INFO:root:-- EPOCH 82 (1.454 seconds):
INFO:root:COST >> 1.4444 +/- 0.0224, % updates: 43.506%
INFO:root:-- EPOCH 83 (1.5 seconds):
INFO:root:COST >> 1.445 +/- 0.0227, % updates: 43.501%
INFO:root:-- EPOCH 84 (1.282 seconds):
INFO:root:COST >> 1.4455 +/- 0.0176, % updates: 43.48%
INFO:root:-- EPOCH 85 (1.547 seconds):
INFO:root:COST >> 1.4528 +/- 0.012, % updates: 43.474%
INFO:root:-- EPOCH 86 (1.672 seconds):
INFO:root:COST >> 1.4523 +/- 0.0175, % updates: 43.658%
INFO:root:-- EPOCH 87 (1.595 seconds):
INFO:root:COST >> 1.4463 +/- 0.0233, % updates: 43.563%
INFO:root:-- EPOCH 88 (1.5 seconds):
INFO:root:COST >> 1.4503 +/- 0.0155, % updates: 43.652%
INFO:root:-- EPOCH 89 (1.503 seconds):
INFO:root:COST >> 1.4525 +/- 0.0192, % updates: 43.604%
INFO:root:-- EPOCH 90 (1.511 seconds):
INFO:root:COST >> 1.4512 +/- 0.0151, % updates: 43.663%
INFO:root:-- EPOCH 91 (1.509 seconds):
INFO:root:COST >> 1.4551 +/- 0.0229, % updates: 43.784%
INFO:root:-- EPOCH 92 (1.509 seconds):
INFO:root:COST >> 1.456 +/- 0.0241, % updates: 43.599%
INFO:root:-- EPOCH 93 (1.509 seconds):
INFO:root:COST >> 1.4593 +/- 0.0187, % updates: 43.636%
INFO:root:-- EPOCH 94 (1.575 seconds):
INFO:root:COST >> 1.4542 +/- 0.0194, % updates: 43.689%
INFO:root:-- EPOCH 95 (1.511 seconds):
INFO:root:COST >> 1.4604 +/- 0.0236, % updates: 43.718%
INFO:root:-- EPOCH 96 (1.658 seconds):
INFO:root:COST >> 1.4609 +/- 0.0186, % updates: 43.741%
INFO:root:-- EPOCH 97 (1.605 seconds):
INFO:root:COST >> 1.4682 +/- 0.0187, % updates: 43.885%
INFO:root:-- EPOCH 98 (1.535 seconds):
INFO:root:COST >> 1.4709 +/- 0.0198, % updates: 43.835%
INFO:root:-- EPOCH 99 (1.516 seconds):
INFO:root:COST >> 1.4653 +/- 0.0192, % updates: 43.73%
INFO:root:-- EPOCH 100 (1.603 seconds):
INFO:root:COST >> 1.4583 +/- 0.0195, % updates: 43.647%
