INFO:root:Shape for training set: (40961, 141442)
INFO:root:State: {'ndim': '20', 'test_all': 'None', 'test_path': 'None', 'nhid': '50', 'lremb': '0.0001', 'seed': '0', 'simfn': 'L1', 'valid_path': 'None', 'nbatches': '10', 'lrparam': '0.0001', 'decay': '0.999', 'show_hinton_diagrams': 'False', 'no_rescaling': 'True', 'Nrel': '18', 'ranking_score_right': 'False', 'Nent': '40961', 'Nsyn': '40943', 'method': 'SGD', 'loss_margin': '1.0', 'C': '1.0', 'epsilon': '1e-06', 'use_db': 'True', 'max_lr': 'None', 'l1_param_weight': 'None', 'filtered': 'False', 'name': 'wn_opt/wn_SGD_20', 'totepochs': '100', 'l2_param_weight': 'None', 'train_path': 'data/wn/WN-train.pkl', 'op': 'TransE'}
INFO:root:Starting the Experiment ..
INFO:root:-- EPOCH 1 (1.238 seconds):
INFO:root:COST >> 2.2018 +/- 0.0141, % updates: 81.701%
INFO:root:-- EPOCH 2 (1.398 seconds):
INFO:root:COST >> 2.169 +/- 0.0152, % updates: 81.792%
INFO:root:-- EPOCH 3 (1.47 seconds):
INFO:root:COST >> 2.1425 +/- 0.0095, % updates: 81.502%
INFO:root:-- EPOCH 4 (1.606 seconds):
INFO:root:COST >> 2.124 +/- 0.0097, % updates: 81.421%
INFO:root:-- EPOCH 5 (1.61 seconds):
INFO:root:COST >> 2.0986 +/- 0.0161, % updates: 80.823%
INFO:root:-- EPOCH 6 (1.576 seconds):
INFO:root:COST >> 2.0729 +/- 0.0113, % updates: 80.285%
INFO:root:-- EPOCH 7 (1.627 seconds):
INFO:root:COST >> 2.0539 +/- 0.0147, % updates: 79.983%
INFO:root:-- EPOCH 8 (1.639 seconds):
INFO:root:COST >> 2.0321 +/- 0.0078, % updates: 79.457%
INFO:root:-- EPOCH 9 (1.6 seconds):
INFO:root:COST >> 2.0145 +/- 0.0142, % updates: 79.147%
INFO:root:-- EPOCH 10 (1.578 seconds):
INFO:root:COST >> 1.9993 +/- 0.0105, % updates: 78.774%
INFO:root:-- EPOCH 11 (1.694 seconds):
INFO:root:COST >> 1.9812 +/- 0.0113, % updates: 78.377%
INFO:root:-- EPOCH 12 (1.553 seconds):
INFO:root:COST >> 1.966 +/- 0.0106, % updates: 78.044%
INFO:root:-- EPOCH 13 (1.546 seconds):
INFO:root:COST >> 1.9492 +/- 0.0129, % updates: 77.736%
INFO:root:-- EPOCH 14 (1.752 seconds):
INFO:root:COST >> 1.9263 +/- 0.0137, % updates: 77.284%
INFO:root:-- EPOCH 15 (1.579 seconds):
INFO:root:COST >> 1.9167 +/- 0.0109, % updates: 77.202%
INFO:root:-- EPOCH 16 (1.536 seconds):
INFO:root:COST >> 1.9002 +/- 0.0094, % updates: 76.894%
INFO:root:-- EPOCH 17 (1.535 seconds):
INFO:root:COST >> 1.8922 +/- 0.0133, % updates: 76.593%
INFO:root:-- EPOCH 18 (1.545 seconds):
INFO:root:COST >> 1.8738 +/- 0.0109, % updates: 76.257%
INFO:root:-- EPOCH 19 (1.522 seconds):
INFO:root:COST >> 1.8563 +/- 0.0113, % updates: 76.011%
INFO:root:-- EPOCH 20 (1.545 seconds):
INFO:root:COST >> 1.8446 +/- 0.0132, % updates: 75.757%
INFO:root:-- EPOCH 21 (1.551 seconds):
INFO:root:COST >> 1.8294 +/- 0.0151, % updates: 75.424%
INFO:root:-- EPOCH 22 (1.524 seconds):
INFO:root:COST >> 1.8183 +/- 0.0118, % updates: 75.135%
INFO:root:-- EPOCH 23 (1.543 seconds):
INFO:root:COST >> 1.7995 +/- 0.0117, % updates: 74.854%
INFO:root:-- EPOCH 24 (1.527 seconds):
INFO:root:COST >> 1.7914 +/- 0.0092, % updates: 74.602%
INFO:root:-- EPOCH 25 (1.496 seconds):
INFO:root:COST >> 1.7778 +/- 0.0118, % updates: 74.396%
INFO:root:-- EPOCH 26 (1.535 seconds):
INFO:root:COST >> 1.7647 +/- 0.0057, % updates: 74.26%
INFO:root:-- EPOCH 27 (1.529 seconds):
INFO:root:COST >> 1.748 +/- 0.0089, % updates: 73.795%
INFO:root:-- EPOCH 28 (1.497 seconds):
INFO:root:COST >> 1.7447 +/- 0.0111, % updates: 73.789%
INFO:root:-- EPOCH 29 (1.527 seconds):
INFO:root:COST >> 1.7253 +/- 0.0134, % updates: 73.467%
INFO:root:-- EPOCH 30 (1.495 seconds):
INFO:root:COST >> 1.7162 +/- 0.0106, % updates: 73.187%
INFO:root:-- EPOCH 31 (1.53 seconds):
INFO:root:COST >> 1.7025 +/- 0.0134, % updates: 72.905%
INFO:root:-- EPOCH 32 (1.525 seconds):
INFO:root:COST >> 1.6947 +/- 0.0126, % updates: 72.876%
INFO:root:-- EPOCH 33 (1.518 seconds):
INFO:root:COST >> 1.6804 +/- 0.0135, % updates: 72.572%
INFO:root:-- EPOCH 34 (1.585 seconds):
INFO:root:COST >> 1.6702 +/- 0.0082, % updates: 72.254%
INFO:root:-- EPOCH 35 (1.539 seconds):
INFO:root:COST >> 1.661 +/- 0.0089, % updates: 72.099%
INFO:root:-- EPOCH 36 (1.629 seconds):
INFO:root:COST >> 1.6486 +/- 0.0129, % updates: 71.813%
INFO:root:-- EPOCH 37 (1.575 seconds):
INFO:root:COST >> 1.6374 +/- 0.0119, % updates: 71.62%
INFO:root:-- EPOCH 38 (1.532 seconds):
INFO:root:COST >> 1.6254 +/- 0.0154, % updates: 71.426%
INFO:root:-- EPOCH 39 (1.574 seconds):
INFO:root:COST >> 1.619 +/- 0.0071, % updates: 71.215%
INFO:root:-- EPOCH 40 (1.498 seconds):
INFO:root:COST >> 1.6049 +/- 0.0095, % updates: 70.929%
INFO:root:-- EPOCH 41 (1.511 seconds):
INFO:root:COST >> 1.5976 +/- 0.0121, % updates: 70.844%
INFO:root:-- EPOCH 42 (1.548 seconds):
INFO:root:COST >> 1.5847 +/- 0.011, % updates: 70.587%
INFO:root:-- EPOCH 43 (1.554 seconds):
INFO:root:COST >> 1.5724 +/- 0.0088, % updates: 70.292%
INFO:root:-- EPOCH 44 (1.576 seconds):
INFO:root:COST >> 1.5628 +/- 0.0043, % updates: 70.096%
INFO:root:-- EPOCH 45 (1.533 seconds):
INFO:root:COST >> 1.5518 +/- 0.0054, % updates: 69.876%
INFO:root:-- EPOCH 46 (1.523 seconds):
INFO:root:COST >> 1.5474 +/- 0.0105, % updates: 69.705%
INFO:root:-- EPOCH 47 (1.551 seconds):
INFO:root:COST >> 1.5351 +/- 0.0112, % updates: 69.532%
INFO:root:-- EPOCH 48 (1.55 seconds):
INFO:root:COST >> 1.5267 +/- 0.0085, % updates: 69.339%
INFO:root:-- EPOCH 49 (1.548 seconds):
INFO:root:COST >> 1.5145 +/- 0.0076, % updates: 69.034%
INFO:root:-- EPOCH 50 (1.604 seconds):
INFO:root:COST >> 1.508 +/- 0.0114, % updates: 68.797%
INFO:root:-- EPOCH 51 (1.556 seconds):
INFO:root:COST >> 1.4949 +/- 0.0098, % updates: 68.626%
INFO:root:-- EPOCH 52 (1.534 seconds):
INFO:root:COST >> 1.4881 +/- 0.014, % updates: 68.42%
INFO:root:-- EPOCH 53 (1.533 seconds):
INFO:root:COST >> 1.4816 +/- 0.0074, % updates: 68.356%
INFO:root:-- EPOCH 54 (1.601 seconds):
INFO:root:COST >> 1.4687 +/- 0.0086, % updates: 68.127%
INFO:root:-- EPOCH 55 (1.547 seconds):
INFO:root:COST >> 1.4631 +/- 0.0077, % updates: 68.059%
INFO:root:-- EPOCH 56 (1.572 seconds):
INFO:root:COST >> 1.4515 +/- 0.0137, % updates: 67.735%
INFO:root:-- EPOCH 57 (1.525 seconds):
INFO:root:COST >> 1.4443 +/- 0.0062, % updates: 67.464%
INFO:root:-- EPOCH 58 (1.54 seconds):
INFO:root:COST >> 1.4389 +/- 0.0079, % updates: 67.324%
INFO:root:-- EPOCH 59 (1.517 seconds):
INFO:root:COST >> 1.4261 +/- 0.0084, % updates: 67.181%
INFO:root:-- EPOCH 60 (1.56 seconds):
INFO:root:COST >> 1.423 +/- 0.0114, % updates: 66.996%
INFO:root:-- EPOCH 61 (1.55 seconds):
INFO:root:COST >> 1.4091 +/- 0.0115, % updates: 66.787%
INFO:root:-- EPOCH 62 (1.557 seconds):
INFO:root:COST >> 1.3994 +/- 0.006, % updates: 66.601%
INFO:root:-- EPOCH 63 (1.543 seconds):
INFO:root:COST >> 1.3949 +/- 0.0099, % updates: 66.339%
INFO:root:-- EPOCH 64 (1.567 seconds):
INFO:root:COST >> 1.3855 +/- 0.0094, % updates: 66.289%
INFO:root:-- EPOCH 65 (1.545 seconds):
INFO:root:COST >> 1.3796 +/- 0.0098, % updates: 66.06%
INFO:root:-- EPOCH 66 (1.603 seconds):
INFO:root:COST >> 1.3724 +/- 0.0105, % updates: 65.866%
INFO:root:-- EPOCH 67 (1.6 seconds):
INFO:root:COST >> 1.3573 +/- 0.0081, % updates: 65.421%
INFO:root:-- EPOCH 68 (1.52 seconds):
INFO:root:COST >> 1.352 +/- 0.0069, % updates: 65.497%
INFO:root:-- EPOCH 69 (1.525 seconds):
INFO:root:COST >> 1.3447 +/- 0.0066, % updates: 65.177%
INFO:root:-- EPOCH 70 (1.495 seconds):
INFO:root:COST >> 1.3381 +/- 0.0072, % updates: 65.183%
INFO:root:-- EPOCH 71 (1.516 seconds):
INFO:root:COST >> 1.3317 +/- 0.0039, % updates: 64.94%
INFO:root:-- EPOCH 72 (1.524 seconds):
INFO:root:COST >> 1.3237 +/- 0.0108, % updates: 64.71%
INFO:root:-- EPOCH 73 (1.566 seconds):
INFO:root:COST >> 1.3159 +/- 0.0104, % updates: 64.712%
INFO:root:-- EPOCH 74 (1.685 seconds):
INFO:root:COST >> 1.3089 +/- 0.0091, % updates: 64.424%
INFO:root:-- EPOCH 75 (1.581 seconds):
INFO:root:COST >> 1.3008 +/- 0.0086, % updates: 64.262%
INFO:root:-- EPOCH 76 (1.521 seconds):
INFO:root:COST >> 1.2945 +/- 0.0059, % updates: 64.058%
INFO:root:-- EPOCH 77 (1.576 seconds):
INFO:root:COST >> 1.2888 +/- 0.0077, % updates: 63.923%
INFO:root:-- EPOCH 78 (1.682 seconds):
INFO:root:COST >> 1.2751 +/- 0.0061, % updates: 63.719%
INFO:root:-- EPOCH 79 (1.894 seconds):
INFO:root:COST >> 1.269 +/- 0.0101, % updates: 63.427%
INFO:root:-- EPOCH 80 (1.598 seconds):
INFO:root:COST >> 1.2673 +/- 0.0093, % updates: 63.323%
INFO:root:-- EPOCH 81 (1.564 seconds):
INFO:root:COST >> 1.2563 +/- 0.0083, % updates: 63.208%
INFO:root:-- EPOCH 82 (1.538 seconds):
INFO:root:COST >> 1.25 +/- 0.0062, % updates: 63.042%
INFO:root:-- EPOCH 83 (1.576 seconds):
INFO:root:COST >> 1.2487 +/- 0.0135, % updates: 62.971%
INFO:root:-- EPOCH 84 (1.972 seconds):
INFO:root:COST >> 1.2429 +/- 0.0069, % updates: 62.656%
INFO:root:-- EPOCH 85 (1.928 seconds):
INFO:root:COST >> 1.2287 +/- 0.0063, % updates: 62.402%
INFO:root:-- EPOCH 86 (1.945 seconds):
INFO:root:COST >> 1.2218 +/- 0.0047, % updates: 62.353%
INFO:root:-- EPOCH 87 (2.003 seconds):
INFO:root:COST >> 1.2173 +/- 0.0109, % updates: 62.238%
INFO:root:-- EPOCH 88 (1.947 seconds):
INFO:root:COST >> 1.2052 +/- 0.006, % updates: 61.905%
INFO:root:-- EPOCH 89 (1.92 seconds):
INFO:root:COST >> 1.2041 +/- 0.0102, % updates: 61.756%
INFO:root:-- EPOCH 90 (1.944 seconds):
INFO:root:COST >> 1.196 +/- 0.0109, % updates: 61.499%
INFO:root:-- EPOCH 91 (1.721 seconds):
INFO:root:COST >> 1.1941 +/- 0.008, % updates: 61.572%
INFO:root:-- EPOCH 92 (1.594 seconds):
INFO:root:COST >> 1.1835 +/- 0.0104, % updates: 61.281%
INFO:root:-- EPOCH 93 (1.607 seconds):
INFO:root:COST >> 1.1803 +/- 0.01, % updates: 61.116%
INFO:root:-- EPOCH 94 (1.569 seconds):
INFO:root:COST >> 1.1739 +/- 0.0087, % updates: 61.076%
INFO:root:-- EPOCH 95 (1.551 seconds):
INFO:root:COST >> 1.1634 +/- 0.0054, % updates: 60.799%
INFO:root:-- EPOCH 96 (1.543 seconds):
INFO:root:COST >> 1.1624 +/- 0.0097, % updates: 60.74%
INFO:root:-- EPOCH 97 (1.553 seconds):
INFO:root:COST >> 1.1565 +/- 0.0074, % updates: 60.631%
INFO:root:-- EPOCH 98 (1.563 seconds):
INFO:root:COST >> 1.1485 +/- 0.0105, % updates: 60.427%
INFO:root:-- EPOCH 99 (1.546 seconds):
INFO:root:COST >> 1.142 +/- 0.0098, % updates: 60.094%
INFO:root:-- EPOCH 100 (1.556 seconds):
INFO:root:COST >> 1.1359 +/- 0.0123, % updates: 59.921%
