INFO:root:Shape for training set: (40961, 141442)
INFO:root:State: {'ndim': '20', 'test_all': 'None', 'test_path': 'None', 'nhid': '50', 'lremb': '1e-06', 'seed': '6', 'simfn': 'L1', 'valid_path': 'None', 'nbatches': '10', 'lrparam': '1e-06', 'decay': '0.999', 'show_hinton_diagrams': 'False', 'no_rescaling': 'True', 'Nrel': '18', 'ranking_score_right': 'False', 'Nent': '40961', 'Nsyn': '40943', 'method': 'SGD', 'loss_margin': '1.0', 'C': '1.0', 'epsilon': '1e-06', 'use_db': 'True', 'max_lr': 'None', 'l1_param_weight': 'None', 'filtered': 'False', 'name': 'wn_opt/wn_SGD_6', 'totepochs': '100', 'l2_param_weight': 'None', 'train_path': 'data/wn/WN-train.pkl', 'op': 'TransE'}
INFO:root:Starting the Experiment ..
INFO:root:-- EPOCH 1 (1.906 seconds):
INFO:root:COST >> 2.2099 +/- 0.01, % updates: 81.426%
INFO:root:-- EPOCH 2 (1.951 seconds):
INFO:root:COST >> 2.2021 +/- 0.0071, % updates: 81.226%
INFO:root:-- EPOCH 3 (1.993 seconds):
INFO:root:COST >> 2.2046 +/- 0.0134, % updates: 81.187%
INFO:root:-- EPOCH 4 (1.986 seconds):
INFO:root:COST >> 2.205 +/- 0.0068, % updates: 81.362%
INFO:root:-- EPOCH 5 (2.008 seconds):
INFO:root:COST >> 2.2076 +/- 0.0078, % updates: 81.3%
INFO:root:-- EPOCH 6 (2.0 seconds):
INFO:root:COST >> 2.2045 +/- 0.0158, % updates: 81.336%
INFO:root:-- EPOCH 7 (2.173 seconds):
INFO:root:COST >> 2.203 +/- 0.0119, % updates: 81.37%
INFO:root:-- EPOCH 8 (1.672 seconds):
INFO:root:COST >> 2.2071 +/- 0.0133, % updates: 81.431%
INFO:root:-- EPOCH 9 (1.662 seconds):
INFO:root:COST >> 2.2014 +/- 0.0066, % updates: 81.385%
INFO:root:-- EPOCH 10 (1.534 seconds):
INFO:root:COST >> 2.203 +/- 0.0121, % updates: 81.301%
INFO:root:-- EPOCH 11 (1.561 seconds):
INFO:root:COST >> 2.2017 +/- 0.0112, % updates: 81.317%
INFO:root:-- EPOCH 12 (1.524 seconds):
INFO:root:COST >> 2.2057 +/- 0.0095, % updates: 81.409%
INFO:root:-- EPOCH 13 (1.543 seconds):
INFO:root:COST >> 2.2035 +/- 0.0149, % updates: 81.419%
INFO:root:-- EPOCH 14 (1.561 seconds):
INFO:root:COST >> 2.1998 +/- 0.015, % updates: 81.408%
INFO:root:-- EPOCH 15 (1.543 seconds):
INFO:root:COST >> 2.2024 +/- 0.0073, % updates: 81.349%
INFO:root:-- EPOCH 16 (1.557 seconds):
INFO:root:COST >> 2.202 +/- 0.0119, % updates: 81.272%
INFO:root:-- EPOCH 17 (1.53 seconds):
INFO:root:COST >> 2.201 +/- 0.016, % updates: 81.337%
INFO:root:-- EPOCH 18 (1.545 seconds):
INFO:root:COST >> 2.2015 +/- 0.011, % updates: 81.331%
INFO:root:-- EPOCH 19 (1.588 seconds):
INFO:root:COST >> 2.202 +/- 0.0146, % updates: 81.419%
INFO:root:-- EPOCH 20 (1.552 seconds):
INFO:root:COST >> 2.2021 +/- 0.0138, % updates: 81.398%
INFO:root:-- EPOCH 21 (1.54 seconds):
INFO:root:COST >> 2.1995 +/- 0.0096, % updates: 81.244%
INFO:root:-- EPOCH 22 (1.529 seconds):
INFO:root:COST >> 2.1958 +/- 0.0142, % updates: 81.462%
INFO:root:-- EPOCH 23 (1.561 seconds):
INFO:root:COST >> 2.1957 +/- 0.0152, % updates: 81.311%
INFO:root:-- EPOCH 24 (1.562 seconds):
INFO:root:COST >> 2.1987 +/- 0.0093, % updates: 81.451%
INFO:root:-- EPOCH 25 (1.533 seconds):
INFO:root:COST >> 2.1978 +/- 0.0137, % updates: 81.336%
INFO:root:-- EPOCH 26 (1.564 seconds):
INFO:root:COST >> 2.1984 +/- 0.0086, % updates: 81.36%
INFO:root:-- EPOCH 27 (1.619 seconds):
INFO:root:COST >> 2.1951 +/- 0.0109, % updates: 81.438%
INFO:root:-- EPOCH 28 (1.698 seconds):
INFO:root:COST >> 2.1913 +/- 0.0139, % updates: 81.231%
INFO:root:-- EPOCH 29 (1.621 seconds):
INFO:root:COST >> 2.1934 +/- 0.0104, % updates: 81.374%
INFO:root:-- EPOCH 30 (1.519 seconds):
INFO:root:COST >> 2.1914 +/- 0.0163, % updates: 81.375%
INFO:root:-- EPOCH 31 (1.621 seconds):
INFO:root:COST >> 2.1976 +/- 0.0133, % updates: 81.366%
INFO:root:-- EPOCH 32 (1.578 seconds):
INFO:root:COST >> 2.1989 +/- 0.009, % updates: 81.427%
INFO:root:-- EPOCH 33 (1.603 seconds):
INFO:root:COST >> 2.1932 +/- 0.0162, % updates: 81.27%
INFO:root:-- EPOCH 34 (1.767 seconds):
INFO:root:COST >> 2.1904 +/- 0.0082, % updates: 81.333%
INFO:root:-- EPOCH 35 (1.702 seconds):
INFO:root:COST >> 2.1923 +/- 0.0093, % updates: 81.383%
INFO:root:-- EPOCH 36 (1.533 seconds):
INFO:root:COST >> 2.1913 +/- 0.008, % updates: 81.419%
INFO:root:-- EPOCH 37 (1.539 seconds):
INFO:root:COST >> 2.1947 +/- 0.0148, % updates: 81.468%
INFO:root:-- EPOCH 38 (1.523 seconds):
INFO:root:COST >> 2.1934 +/- 0.0103, % updates: 81.348%
INFO:root:-- EPOCH 39 (1.531 seconds):
INFO:root:COST >> 2.1965 +/- 0.0133, % updates: 81.472%
INFO:root:-- EPOCH 40 (1.605 seconds):
INFO:root:COST >> 2.1882 +/- 0.0091, % updates: 81.411%
INFO:root:-- EPOCH 41 (1.612 seconds):
INFO:root:COST >> 2.1939 +/- 0.0064, % updates: 81.497%
INFO:root:-- EPOCH 42 (1.586 seconds):
INFO:root:COST >> 2.188 +/- 0.0113, % updates: 81.356%
INFO:root:-- EPOCH 43 (1.61 seconds):
INFO:root:COST >> 2.1875 +/- 0.0146, % updates: 81.365%
INFO:root:-- EPOCH 44 (1.741 seconds):
INFO:root:COST >> 2.1911 +/- 0.0084, % updates: 81.405%
INFO:root:-- EPOCH 45 (1.694 seconds):
INFO:root:COST >> 2.1918 +/- 0.0147, % updates: 81.481%
INFO:root:-- EPOCH 46 (1.737 seconds):
INFO:root:COST >> 2.1908 +/- 0.0151, % updates: 81.42%
INFO:root:-- EPOCH 47 (1.547 seconds):
INFO:root:COST >> 2.1895 +/- 0.0105, % updates: 81.262%
INFO:root:-- EPOCH 48 (1.57 seconds):
INFO:root:COST >> 2.1909 +/- 0.011, % updates: 81.457%
INFO:root:-- EPOCH 49 (1.533 seconds):
INFO:root:COST >> 2.1879 +/- 0.0151, % updates: 81.415%
INFO:root:-- EPOCH 50 (1.523 seconds):
INFO:root:COST >> 2.1891 +/- 0.0148, % updates: 81.49%
INFO:root:-- EPOCH 51 (1.545 seconds):
INFO:root:COST >> 2.1891 +/- 0.0153, % updates: 81.366%
INFO:root:-- EPOCH 52 (1.522 seconds):
INFO:root:COST >> 2.1861 +/- 0.0098, % updates: 81.408%
INFO:root:-- EPOCH 53 (1.481 seconds):
INFO:root:COST >> 2.1847 +/- 0.0086, % updates: 81.43%
INFO:root:-- EPOCH 54 (1.484 seconds):
INFO:root:COST >> 2.181 +/- 0.0069, % updates: 81.407%
INFO:root:-- EPOCH 55 (1.49 seconds):
INFO:root:COST >> 2.186 +/- 0.0091, % updates: 81.35%
INFO:root:-- EPOCH 56 (1.523 seconds):
INFO:root:COST >> 2.1868 +/- 0.0094, % updates: 81.451%
INFO:root:-- EPOCH 57 (1.52 seconds):
INFO:root:COST >> 2.1883 +/- 0.0117, % updates: 81.426%
INFO:root:-- EPOCH 58 (1.513 seconds):
INFO:root:COST >> 2.1892 +/- 0.0071, % updates: 81.606%
INFO:root:-- EPOCH 59 (1.529 seconds):
INFO:root:COST >> 2.1813 +/- 0.0107, % updates: 81.32%
INFO:root:-- EPOCH 60 (1.553 seconds):
INFO:root:COST >> 2.1795 +/- 0.0141, % updates: 81.36%
INFO:root:-- EPOCH 61 (1.52 seconds):
INFO:root:COST >> 2.1813 +/- 0.0131, % updates: 81.349%
INFO:root:-- EPOCH 62 (1.534 seconds):
INFO:root:COST >> 2.1802 +/- 0.0131, % updates: 81.471%
INFO:root:-- EPOCH 63 (1.507 seconds):
INFO:root:COST >> 2.1802 +/- 0.0103, % updates: 81.404%
INFO:root:-- EPOCH 64 (1.531 seconds):
INFO:root:COST >> 2.1841 +/- 0.0122, % updates: 81.444%
INFO:root:-- EPOCH 65 (1.527 seconds):
INFO:root:COST >> 2.1818 +/- 0.0084, % updates: 81.454%
INFO:root:-- EPOCH 66 (1.541 seconds):
INFO:root:COST >> 2.1819 +/- 0.0098, % updates: 81.485%
INFO:root:-- EPOCH 67 (1.533 seconds):
INFO:root:COST >> 2.182 +/- 0.0113, % updates: 81.443%
INFO:root:-- EPOCH 68 (1.509 seconds):
INFO:root:COST >> 2.1786 +/- 0.0088, % updates: 81.381%
INFO:root:-- EPOCH 69 (1.496 seconds):
INFO:root:COST >> 2.1834 +/- 0.012, % updates: 81.484%
INFO:root:-- EPOCH 70 (1.506 seconds):
INFO:root:COST >> 2.1801 +/- 0.0115, % updates: 81.412%
INFO:root:-- EPOCH 71 (1.52 seconds):
INFO:root:COST >> 2.179 +/- 0.0107, % updates: 81.543%
INFO:root:-- EPOCH 72 (1.499 seconds):
INFO:root:COST >> 2.1792 +/- 0.0097, % updates: 81.499%
INFO:root:-- EPOCH 73 (1.532 seconds):
INFO:root:COST >> 2.1771 +/- 0.01, % updates: 81.368%
INFO:root:-- EPOCH 74 (1.528 seconds):
INFO:root:COST >> 2.1774 +/- 0.0121, % updates: 81.401%
INFO:root:-- EPOCH 75 (1.541 seconds):
INFO:root:COST >> 2.1776 +/- 0.0131, % updates: 81.389%
INFO:root:-- EPOCH 76 (1.534 seconds):
INFO:root:COST >> 2.1767 +/- 0.0188, % updates: 81.386%
INFO:root:-- EPOCH 77 (1.543 seconds):
INFO:root:COST >> 2.174 +/- 0.0073, % updates: 81.359%
INFO:root:-- EPOCH 78 (1.559 seconds):
INFO:root:COST >> 2.1781 +/- 0.0087, % updates: 81.315%
INFO:root:-- EPOCH 79 (1.521 seconds):
INFO:root:COST >> 2.1724 +/- 0.0108, % updates: 81.354%
INFO:root:-- EPOCH 80 (1.555 seconds):
INFO:root:COST >> 2.1777 +/- 0.01, % updates: 81.555%
INFO:root:-- EPOCH 81 (1.526 seconds):
INFO:root:COST >> 2.1773 +/- 0.0122, % updates: 81.394%
INFO:root:-- EPOCH 82 (1.562 seconds):
INFO:root:COST >> 2.1772 +/- 0.0096, % updates: 81.571%
INFO:root:-- EPOCH 83 (1.549 seconds):
INFO:root:COST >> 2.1755 +/- 0.0139, % updates: 81.369%
INFO:root:-- EPOCH 84 (1.516 seconds):
INFO:root:COST >> 2.1701 +/- 0.0083, % updates: 81.514%
INFO:root:-- EPOCH 85 (1.526 seconds):
INFO:root:COST >> 2.173 +/- 0.0112, % updates: 81.45%
INFO:root:-- EPOCH 86 (1.724 seconds):
INFO:root:COST >> 2.1736 +/- 0.0158, % updates: 81.443%
INFO:root:-- EPOCH 87 (1.544 seconds):
INFO:root:COST >> 2.1742 +/- 0.0094, % updates: 81.471%
INFO:root:-- EPOCH 88 (1.518 seconds):
INFO:root:COST >> 2.1719 +/- 0.0121, % updates: 81.528%
INFO:root:-- EPOCH 89 (1.545 seconds):
INFO:root:COST >> 2.1731 +/- 0.0104, % updates: 81.466%
INFO:root:-- EPOCH 90 (1.525 seconds):
INFO:root:COST >> 2.1718 +/- 0.0126, % updates: 81.407%
INFO:root:-- EPOCH 91 (1.512 seconds):
INFO:root:COST >> 2.1741 +/- 0.0121, % updates: 81.542%
INFO:root:-- EPOCH 92 (1.495 seconds):
INFO:root:COST >> 2.1719 +/- 0.0123, % updates: 81.407%
INFO:root:-- EPOCH 93 (1.528 seconds):
INFO:root:COST >> 2.1698 +/- 0.012, % updates: 81.382%
INFO:root:-- EPOCH 94 (1.51 seconds):
INFO:root:COST >> 2.1713 +/- 0.0145, % updates: 81.512%
INFO:root:-- EPOCH 95 (1.542 seconds):
INFO:root:COST >> 2.1724 +/- 0.0142, % updates: 81.354%
INFO:root:-- EPOCH 96 (1.534 seconds):
INFO:root:COST >> 2.1667 +/- 0.0117, % updates: 81.398%
INFO:root:-- EPOCH 97 (1.499 seconds):
INFO:root:COST >> 2.1715 +/- 0.0122, % updates: 81.444%
INFO:root:-- EPOCH 98 (1.533 seconds):
INFO:root:COST >> 2.171 +/- 0.0125, % updates: 81.406%
INFO:root:-- EPOCH 99 (1.527 seconds):
INFO:root:COST >> 2.1613 +/- 0.0131, % updates: 81.367%
INFO:root:-- EPOCH 100 (1.555 seconds):
INFO:root:COST >> 2.1731 +/- 0.0074, % updates: 81.347%
