INFO:root:Shape for training set: (40961, 141442)
INFO:root:State: {'ndim': '20', 'test_all': 'None', 'test_path': 'None', 'nhid': '50', 'lremb': '0.01', 'seed': '3', 'simfn': 'L1', 'valid_path': 'None', 'nbatches': '10', 'lrparam': '0.01', 'decay': '0.999', 'show_hinton_diagrams': 'False', 'no_rescaling': 'True', 'Nrel': '18', 'ranking_score_right': 'False', 'Nent': '40961', 'Nsyn': '40943', 'method': 'SGD', 'loss_margin': '1.0', 'C': '1.0', 'epsilon': '1e-06', 'use_db': 'True', 'max_lr': 'None', 'l1_param_weight': 'None', 'filtered': 'False', 'name': 'wn_opt/wn_SGD_43', 'totepochs': '100', 'l2_param_weight': 'None', 'train_path': 'data/wn/WN-train.pkl', 'op': 'TransE'}
INFO:root:Starting the Experiment ..
INFO:root:-- EPOCH 1 (1.661 seconds):
INFO:root:COST >> 2.1097 +/- 0.1028, % updates: 71.773%
INFO:root:-- EPOCH 2 (1.71 seconds):
INFO:root:COST >> 1.8169 +/- 0.0195, % updates: 64.073%
INFO:root:-- EPOCH 3 (1.71 seconds):
INFO:root:COST >> 1.6598 +/- 0.0189, % updates: 61.408%
INFO:root:-- EPOCH 4 (1.606 seconds):
INFO:root:COST >> 1.5621 +/- 0.027, % updates: 59.709%
INFO:root:-- EPOCH 5 (1.634 seconds):
INFO:root:COST >> 1.4884 +/- 0.0257, % updates: 58.231%
INFO:root:-- EPOCH 6 (1.542 seconds):
INFO:root:COST >> 1.4317 +/- 0.0359, % updates: 57.489%
INFO:root:-- EPOCH 7 (1.53 seconds):
INFO:root:COST >> 1.3926 +/- 0.0354, % updates: 56.507%
INFO:root:-- EPOCH 8 (1.505 seconds):
INFO:root:COST >> 1.3605 +/- 0.0344, % updates: 56.143%
INFO:root:-- EPOCH 9 (1.602 seconds):
INFO:root:COST >> 1.3387 +/- 0.0373, % updates: 55.431%
INFO:root:-- EPOCH 10 (1.582 seconds):
INFO:root:COST >> 1.3152 +/- 0.0377, % updates: 54.979%
INFO:root:-- EPOCH 11 (1.574 seconds):
INFO:root:COST >> 1.3027 +/- 0.0417, % updates: 54.715%
INFO:root:-- EPOCH 12 (1.518 seconds):
INFO:root:COST >> 1.2861 +/- 0.034, % updates: 54.233%
INFO:root:-- EPOCH 13 (1.546 seconds):
INFO:root:COST >> 1.2773 +/- 0.0428, % updates: 54.001%
INFO:root:-- EPOCH 14 (1.545 seconds):
INFO:root:COST >> 1.271 +/- 0.0357, % updates: 53.814%
INFO:root:-- EPOCH 15 (1.533 seconds):
INFO:root:COST >> 1.2591 +/- 0.045, % updates: 53.61%
INFO:root:-- EPOCH 16 (1.538 seconds):
INFO:root:COST >> 1.2523 +/- 0.0407, % updates: 53.344%
INFO:root:-- EPOCH 17 (1.609 seconds):
INFO:root:COST >> 1.2509 +/- 0.0427, % updates: 53.262%
INFO:root:-- EPOCH 18 (1.516 seconds):
INFO:root:COST >> 1.2464 +/- 0.0446, % updates: 53.154%
INFO:root:-- EPOCH 19 (1.522 seconds):
INFO:root:COST >> 1.237 +/- 0.0458, % updates: 52.967%
INFO:root:-- EPOCH 20 (1.529 seconds):
INFO:root:COST >> 1.2403 +/- 0.0453, % updates: 52.919%
INFO:root:-- EPOCH 21 (1.522 seconds):
INFO:root:COST >> 1.2397 +/- 0.0433, % updates: 52.987%
INFO:root:-- EPOCH 22 (1.526 seconds):
INFO:root:COST >> 1.2364 +/- 0.0463, % updates: 52.735%
INFO:root:-- EPOCH 23 (1.527 seconds):
INFO:root:COST >> 1.2311 +/- 0.0448, % updates: 52.535%
INFO:root:-- EPOCH 24 (1.579 seconds):
INFO:root:COST >> 1.2283 +/- 0.04, % updates: 52.503%
INFO:root:-- EPOCH 25 (1.59 seconds):
INFO:root:COST >> 1.2328 +/- 0.0424, % updates: 52.563%
INFO:root:-- EPOCH 26 (1.58 seconds):
INFO:root:COST >> 1.2268 +/- 0.0446, % updates: 52.459%
INFO:root:-- EPOCH 27 (1.552 seconds):
INFO:root:COST >> 1.2258 +/- 0.04, % updates: 52.358%
INFO:root:-- EPOCH 28 (1.535 seconds):
INFO:root:COST >> 1.2225 +/- 0.0441, % updates: 52.401%
INFO:root:-- EPOCH 29 (1.561 seconds):
INFO:root:COST >> 1.2219 +/- 0.0424, % updates: 52.268%
INFO:root:-- EPOCH 30 (1.545 seconds):
INFO:root:COST >> 1.2241 +/- 0.0471, % updates: 52.306%
INFO:root:-- EPOCH 31 (1.515 seconds):
INFO:root:COST >> 1.2212 +/- 0.0439, % updates: 52.268%
INFO:root:-- EPOCH 32 (1.65 seconds):
INFO:root:COST >> 1.2203 +/- 0.0451, % updates: 52.178%
INFO:root:-- EPOCH 33 (1.507 seconds):
INFO:root:COST >> 1.219 +/- 0.0439, % updates: 52.137%
INFO:root:-- EPOCH 34 (1.535 seconds):
INFO:root:COST >> 1.2203 +/- 0.0447, % updates: 52.111%
INFO:root:-- EPOCH 35 (1.544 seconds):
INFO:root:COST >> 1.2201 +/- 0.0432, % updates: 52.21%
INFO:root:-- EPOCH 36 (1.508 seconds):
INFO:root:COST >> 1.2149 +/- 0.0439, % updates: 51.938%
INFO:root:-- EPOCH 37 (1.622 seconds):
INFO:root:COST >> 1.2166 +/- 0.0484, % updates: 51.964%
INFO:root:-- EPOCH 38 (1.54 seconds):
INFO:root:COST >> 1.2217 +/- 0.0402, % updates: 51.956%
INFO:root:-- EPOCH 39 (1.543 seconds):
INFO:root:COST >> 1.218 +/- 0.0459, % updates: 51.977%
INFO:root:-- EPOCH 40 (1.534 seconds):
INFO:root:COST >> 1.217 +/- 0.0421, % updates: 51.982%
INFO:root:-- EPOCH 41 (1.535 seconds):
INFO:root:COST >> 1.2188 +/- 0.0428, % updates: 52.005%
INFO:root:-- EPOCH 42 (1.558 seconds):
INFO:root:COST >> 1.2169 +/- 0.0439, % updates: 51.906%
INFO:root:-- EPOCH 43 (1.543 seconds):
INFO:root:COST >> 1.2162 +/- 0.0454, % updates: 51.999%
INFO:root:-- EPOCH 44 (1.581 seconds):
INFO:root:COST >> 1.2162 +/- 0.0441, % updates: 51.899%
INFO:root:-- EPOCH 45 (1.493 seconds):
INFO:root:COST >> 1.2124 +/- 0.046, % updates: 51.856%
INFO:root:-- EPOCH 46 (1.528 seconds):
INFO:root:COST >> 1.212 +/- 0.0458, % updates: 51.869%
INFO:root:-- EPOCH 47 (1.549 seconds):
INFO:root:COST >> 1.2137 +/- 0.0389, % updates: 51.939%
INFO:root:-- EPOCH 48 (1.569 seconds):
INFO:root:COST >> 1.2104 +/- 0.0435, % updates: 51.735%
INFO:root:-- EPOCH 49 (1.736 seconds):
INFO:root:COST >> 1.2136 +/- 0.0412, % updates: 51.83%
INFO:root:-- EPOCH 50 (1.717 seconds):
INFO:root:COST >> 1.214 +/- 0.0439, % updates: 51.744%
INFO:root:-- EPOCH 51 (1.588 seconds):
INFO:root:COST >> 1.2123 +/- 0.0458, % updates: 51.746%
INFO:root:-- EPOCH 52 (1.7 seconds):
INFO:root:COST >> 1.2126 +/- 0.0454, % updates: 51.791%
INFO:root:-- EPOCH 53 (2.146 seconds):
INFO:root:COST >> 1.21 +/- 0.0436, % updates: 51.771%
INFO:root:-- EPOCH 54 (2.145 seconds):
INFO:root:COST >> 1.2094 +/- 0.0385, % updates: 51.762%
INFO:root:-- EPOCH 55 (1.842 seconds):
INFO:root:COST >> 1.2122 +/- 0.0421, % updates: 51.721%
INFO:root:-- EPOCH 56 (1.774 seconds):
INFO:root:COST >> 1.2114 +/- 0.0433, % updates: 51.675%
INFO:root:-- EPOCH 57 (1.685 seconds):
INFO:root:COST >> 1.2076 +/- 0.0395, % updates: 51.652%
INFO:root:-- EPOCH 58 (1.756 seconds):
INFO:root:COST >> 1.2109 +/- 0.0425, % updates: 51.666%
INFO:root:-- EPOCH 59 (1.725 seconds):
INFO:root:COST >> 1.2107 +/- 0.0402, % updates: 51.686%
INFO:root:-- EPOCH 60 (1.627 seconds):
INFO:root:COST >> 1.2094 +/- 0.0421, % updates: 51.577%
INFO:root:-- EPOCH 61 (1.861 seconds):
INFO:root:COST >> 1.2089 +/- 0.0403, % updates: 51.72%
INFO:root:-- EPOCH 62 (2.062 seconds):
INFO:root:COST >> 1.2105 +/- 0.0447, % updates: 51.715%
INFO:root:-- EPOCH 63 (2.144 seconds):
INFO:root:COST >> 1.2099 +/- 0.0443, % updates: 51.714%
INFO:root:-- EPOCH 64 (1.76 seconds):
INFO:root:COST >> 1.2085 +/- 0.0406, % updates: 51.643%
INFO:root:-- EPOCH 65 (2.14 seconds):
INFO:root:COST >> 1.2107 +/- 0.045, % updates: 51.664%
INFO:root:-- EPOCH 66 (2.176 seconds):
INFO:root:COST >> 1.2103 +/- 0.044, % updates: 51.699%
INFO:root:-- EPOCH 67 (1.825 seconds):
INFO:root:COST >> 1.2147 +/- 0.0377, % updates: 51.882%
INFO:root:-- EPOCH 68 (1.769 seconds):
INFO:root:COST >> 1.2095 +/- 0.0398, % updates: 51.654%
INFO:root:-- EPOCH 69 (1.709 seconds):
INFO:root:COST >> 1.2088 +/- 0.0469, % updates: 51.629%
INFO:root:-- EPOCH 70 (1.692 seconds):
INFO:root:COST >> 1.2101 +/- 0.0469, % updates: 51.681%
INFO:root:-- EPOCH 71 (1.686 seconds):
INFO:root:COST >> 1.2091 +/- 0.0435, % updates: 51.683%
INFO:root:-- EPOCH 72 (1.746 seconds):
INFO:root:COST >> 1.2069 +/- 0.0422, % updates: 51.665%
INFO:root:-- EPOCH 73 (1.687 seconds):
INFO:root:COST >> 1.2075 +/- 0.0469, % updates: 51.591%
INFO:root:-- EPOCH 74 (1.688 seconds):
INFO:root:COST >> 1.207 +/- 0.0437, % updates: 51.625%
INFO:root:-- EPOCH 75 (1.684 seconds):
INFO:root:COST >> 1.2076 +/- 0.0422, % updates: 51.575%
INFO:root:-- EPOCH 76 (1.715 seconds):
INFO:root:COST >> 1.2093 +/- 0.0468, % updates: 51.638%
INFO:root:-- EPOCH 77 (1.673 seconds):
INFO:root:COST >> 1.2093 +/- 0.0451, % updates: 51.601%
INFO:root:-- EPOCH 78 (1.703 seconds):
INFO:root:COST >> 1.2095 +/- 0.0477, % updates: 51.661%
INFO:root:-- EPOCH 79 (1.778 seconds):
INFO:root:COST >> 1.205 +/- 0.0457, % updates: 51.454%
INFO:root:-- EPOCH 80 (1.676 seconds):
INFO:root:COST >> 1.2092 +/- 0.0455, % updates: 51.66%
INFO:root:-- EPOCH 81 (1.735 seconds):
INFO:root:COST >> 1.2058 +/- 0.0382, % updates: 51.607%
INFO:root:-- EPOCH 82 (1.803 seconds):
INFO:root:COST >> 1.2042 +/- 0.0456, % updates: 51.484%
INFO:root:-- EPOCH 83 (1.724 seconds):
INFO:root:COST >> 1.2051 +/- 0.0465, % updates: 51.401%
INFO:root:-- EPOCH 84 (1.742 seconds):
INFO:root:COST >> 1.206 +/- 0.0434, % updates: 51.505%
INFO:root:-- EPOCH 85 (1.665 seconds):
INFO:root:COST >> 1.209 +/- 0.0445, % updates: 51.63%
INFO:root:-- EPOCH 86 (1.684 seconds):
INFO:root:COST >> 1.2059 +/- 0.0464, % updates: 51.64%
INFO:root:-- EPOCH 87 (1.711 seconds):
INFO:root:COST >> 1.2056 +/- 0.048, % updates: 51.579%
INFO:root:-- EPOCH 88 (1.689 seconds):
INFO:root:COST >> 1.2056 +/- 0.0445, % updates: 51.551%
INFO:root:-- EPOCH 89 (1.801 seconds):
INFO:root:COST >> 1.2064 +/- 0.0469, % updates: 51.56%
INFO:root:-- EPOCH 90 (1.713 seconds):
INFO:root:COST >> 1.2074 +/- 0.0406, % updates: 51.521%
INFO:root:-- EPOCH 91 (1.675 seconds):
INFO:root:COST >> 1.2049 +/- 0.0475, % updates: 51.458%
INFO:root:-- EPOCH 92 (1.728 seconds):
INFO:root:COST >> 1.2064 +/- 0.0416, % updates: 51.606%
INFO:root:-- EPOCH 93 (1.716 seconds):
INFO:root:COST >> 1.2084 +/- 0.0458, % updates: 51.646%
INFO:root:-- EPOCH 94 (1.88 seconds):
INFO:root:COST >> 1.2072 +/- 0.041, % updates: 51.507%
INFO:root:-- EPOCH 95 (1.896 seconds):
INFO:root:COST >> 1.2051 +/- 0.0434, % updates: 51.581%
INFO:root:-- EPOCH 96 (1.839 seconds):
INFO:root:COST >> 1.2044 +/- 0.043, % updates: 51.558%
INFO:root:-- EPOCH 97 (1.791 seconds):
INFO:root:COST >> 1.2045 +/- 0.0453, % updates: 51.479%
INFO:root:-- EPOCH 98 (1.533 seconds):
INFO:root:COST >> 1.2064 +/- 0.0454, % updates: 51.488%
INFO:root:-- EPOCH 99 (1.432 seconds):
INFO:root:COST >> 1.2085 +/- 0.0416, % updates: 51.589%
INFO:root:-- EPOCH 100 (1.327 seconds):
INFO:root:COST >> 1.203 +/- 0.0423, % updates: 51.45%
