INFO:root:Shape for training set: (40961, 141442)
INFO:root:State: {'ndim': '20', 'test_all': 'None', 'test_path': 'None', 'nhid': '50', 'lremb': '0.0001', 'seed': '9', 'simfn': 'L1', 'valid_path': 'None', 'nbatches': '10', 'lrparam': '0.0001', 'decay': '0.999', 'show_hinton_diagrams': 'False', 'no_rescaling': 'True', 'Nrel': '18', 'ranking_score_right': 'False', 'Nent': '40961', 'Nsyn': '40943', 'method': 'SGD', 'loss_margin': '1.0', 'C': '1.0', 'epsilon': '1e-06', 'use_db': 'True', 'max_lr': 'None', 'l1_param_weight': 'None', 'filtered': 'False', 'name': 'wn_opt/wn_SGD_29', 'totepochs': '100', 'l2_param_weight': 'None', 'train_path': 'data/wn/WN-train.pkl', 'op': 'TransE'}
INFO:root:Starting the Experiment ..
INFO:root:-- EPOCH 1 (1.919 seconds):
INFO:root:COST >> 2.1906 +/- 0.0131, % updates: 81.525%
INFO:root:-- EPOCH 2 (2.008 seconds):
INFO:root:COST >> 2.1634 +/- 0.014, % updates: 81.672%
INFO:root:-- EPOCH 3 (2.188 seconds):
INFO:root:COST >> 2.1353 +/- 0.0121, % updates: 81.47%
INFO:root:-- EPOCH 4 (1.89 seconds):
INFO:root:COST >> 2.1106 +/- 0.0116, % updates: 81.238%
INFO:root:-- EPOCH 5 (1.812 seconds):
INFO:root:COST >> 2.0959 +/- 0.0142, % updates: 80.862%
INFO:root:-- EPOCH 6 (1.828 seconds):
INFO:root:COST >> 2.0711 +/- 0.0125, % updates: 80.459%
INFO:root:-- EPOCH 7 (1.79 seconds):
INFO:root:COST >> 2.0473 +/- 0.0095, % updates: 79.981%
INFO:root:-- EPOCH 8 (1.977 seconds):
INFO:root:COST >> 2.0334 +/- 0.013, % updates: 79.675%
INFO:root:-- EPOCH 9 (1.947 seconds):
INFO:root:COST >> 2.0153 +/- 0.0071, % updates: 79.393%
INFO:root:-- EPOCH 10 (1.699 seconds):
INFO:root:COST >> 1.9957 +/- 0.0139, % updates: 79.029%
INFO:root:-- EPOCH 11 (1.874 seconds):
INFO:root:COST >> 1.9805 +/- 0.0101, % updates: 78.673%
INFO:root:-- EPOCH 12 (1.704 seconds):
INFO:root:COST >> 1.9631 +/- 0.0098, % updates: 78.453%
INFO:root:-- EPOCH 13 (1.557 seconds):
INFO:root:COST >> 1.9488 +/- 0.0169, % updates: 78.189%
INFO:root:-- EPOCH 14 (1.527 seconds):
INFO:root:COST >> 1.9319 +/- 0.0185, % updates: 77.704%
INFO:root:-- EPOCH 15 (1.6 seconds):
INFO:root:COST >> 1.9145 +/- 0.0101, % updates: 77.43%
INFO:root:-- EPOCH 16 (1.525 seconds):
INFO:root:COST >> 1.9043 +/- 0.0133, % updates: 77.17%
INFO:root:-- EPOCH 17 (1.551 seconds):
INFO:root:COST >> 1.8921 +/- 0.0088, % updates: 76.902%
INFO:root:-- EPOCH 18 (1.561 seconds):
INFO:root:COST >> 1.8722 +/- 0.0098, % updates: 76.585%
INFO:root:-- EPOCH 19 (1.641 seconds):
INFO:root:COST >> 1.8553 +/- 0.0095, % updates: 76.129%
INFO:root:-- EPOCH 20 (1.538 seconds):
INFO:root:COST >> 1.8433 +/- 0.0106, % updates: 76.114%
INFO:root:-- EPOCH 21 (1.586 seconds):
INFO:root:COST >> 1.8336 +/- 0.0129, % updates: 75.862%
INFO:root:-- EPOCH 22 (1.535 seconds):
INFO:root:COST >> 1.8145 +/- 0.0069, % updates: 75.337%
INFO:root:-- EPOCH 23 (1.559 seconds):
INFO:root:COST >> 1.8043 +/- 0.0096, % updates: 75.196%
INFO:root:-- EPOCH 24 (1.535 seconds):
INFO:root:COST >> 1.7936 +/- 0.0086, % updates: 75.064%
INFO:root:-- EPOCH 25 (1.554 seconds):
INFO:root:COST >> 1.7822 +/- 0.0076, % updates: 74.788%
INFO:root:-- EPOCH 26 (1.592 seconds):
INFO:root:COST >> 1.7678 +/- 0.0107, % updates: 74.482%
INFO:root:-- EPOCH 27 (1.533 seconds):
INFO:root:COST >> 1.7526 +/- 0.012, % updates: 74.281%
INFO:root:-- EPOCH 28 (1.542 seconds):
INFO:root:COST >> 1.7413 +/- 0.0127, % updates: 73.804%
INFO:root:-- EPOCH 29 (1.705 seconds):
INFO:root:COST >> 1.7298 +/- 0.0091, % updates: 73.788%
INFO:root:-- EPOCH 30 (1.765 seconds):
INFO:root:COST >> 1.7179 +/- 0.0099, % updates: 73.427%
INFO:root:-- EPOCH 31 (1.807 seconds):
INFO:root:COST >> 1.7008 +/- 0.0143, % updates: 73.221%
INFO:root:-- EPOCH 32 (1.731 seconds):
INFO:root:COST >> 1.6957 +/- 0.0123, % updates: 73.007%
INFO:root:-- EPOCH 33 (1.531 seconds):
INFO:root:COST >> 1.6792 +/- 0.0087, % updates: 72.747%
INFO:root:-- EPOCH 34 (1.523 seconds):
INFO:root:COST >> 1.6692 +/- 0.0157, % updates: 72.54%
INFO:root:-- EPOCH 35 (1.526 seconds):
INFO:root:COST >> 1.6573 +/- 0.0098, % updates: 72.343%
INFO:root:-- EPOCH 36 (1.574 seconds):
INFO:root:COST >> 1.6465 +/- 0.0102, % updates: 72.054%
INFO:root:-- EPOCH 37 (1.528 seconds):
INFO:root:COST >> 1.6371 +/- 0.0096, % updates: 71.839%
INFO:root:-- EPOCH 38 (1.55 seconds):
INFO:root:COST >> 1.6301 +/- 0.0101, % updates: 71.852%
INFO:root:-- EPOCH 39 (1.514 seconds):
INFO:root:COST >> 1.6166 +/- 0.0061, % updates: 71.409%
INFO:root:-- EPOCH 40 (1.528 seconds):
INFO:root:COST >> 1.6034 +/- 0.0103, % updates: 71.17%
INFO:root:-- EPOCH 41 (1.568 seconds):
INFO:root:COST >> 1.5911 +/- 0.0143, % updates: 70.896%
INFO:root:-- EPOCH 42 (1.742 seconds):
INFO:root:COST >> 1.5852 +/- 0.0062, % updates: 70.793%
INFO:root:-- EPOCH 43 (1.849 seconds):
INFO:root:COST >> 1.573 +/- 0.0124, % updates: 70.549%
INFO:root:-- EPOCH 44 (1.546 seconds):
INFO:root:COST >> 1.5614 +/- 0.0098, % updates: 70.242%
INFO:root:-- EPOCH 45 (1.615 seconds):
INFO:root:COST >> 1.5521 +/- 0.0126, % updates: 70.147%
INFO:root:-- EPOCH 46 (1.541 seconds):
INFO:root:COST >> 1.5429 +/- 0.0117, % updates: 69.9%
INFO:root:-- EPOCH 47 (1.581 seconds):
INFO:root:COST >> 1.5385 +/- 0.0098, % updates: 69.831%
INFO:root:-- EPOCH 48 (1.637 seconds):
INFO:root:COST >> 1.5264 +/- 0.0106, % updates: 69.462%
INFO:root:-- EPOCH 49 (1.536 seconds):
INFO:root:COST >> 1.5155 +/- 0.0119, % updates: 69.336%
INFO:root:-- EPOCH 50 (1.537 seconds):
INFO:root:COST >> 1.5015 +/- 0.0111, % updates: 69.038%
INFO:root:-- EPOCH 51 (1.57 seconds):
INFO:root:COST >> 1.4964 +/- 0.0082, % updates: 68.842%
INFO:root:-- EPOCH 52 (1.57 seconds):
INFO:root:COST >> 1.4902 +/- 0.0082, % updates: 68.728%
INFO:root:-- EPOCH 53 (1.539 seconds):
INFO:root:COST >> 1.4798 +/- 0.0117, % updates: 68.692%
INFO:root:-- EPOCH 54 (1.515 seconds):
INFO:root:COST >> 1.4715 +/- 0.0115, % updates: 68.328%
INFO:root:-- EPOCH 55 (1.572 seconds):
INFO:root:COST >> 1.4633 +/- 0.0105, % updates: 68.303%
INFO:root:-- EPOCH 56 (1.565 seconds):
INFO:root:COST >> 1.449 +/- 0.0089, % updates: 67.872%
INFO:root:-- EPOCH 57 (1.651 seconds):
INFO:root:COST >> 1.4419 +/- 0.0101, % updates: 67.749%
INFO:root:-- EPOCH 58 (1.539 seconds):
INFO:root:COST >> 1.4357 +/- 0.0092, % updates: 67.552%
INFO:root:-- EPOCH 59 (1.52 seconds):
INFO:root:COST >> 1.4235 +/- 0.0028, % updates: 67.295%
INFO:root:-- EPOCH 60 (1.555 seconds):
INFO:root:COST >> 1.4183 +/- 0.0153, % updates: 67.19%
INFO:root:-- EPOCH 61 (1.566 seconds):
INFO:root:COST >> 1.4055 +/- 0.0075, % updates: 66.837%
INFO:root:-- EPOCH 62 (1.534 seconds):
INFO:root:COST >> 1.4014 +/- 0.0094, % updates: 66.818%
INFO:root:-- EPOCH 63 (1.599 seconds):
INFO:root:COST >> 1.3895 +/- 0.0092, % updates: 66.611%
INFO:root:-- EPOCH 64 (1.624 seconds):
INFO:root:COST >> 1.3866 +/- 0.0084, % updates: 66.512%
INFO:root:-- EPOCH 65 (1.593 seconds):
INFO:root:COST >> 1.3751 +/- 0.0104, % updates: 66.228%
INFO:root:-- EPOCH 66 (1.591 seconds):
INFO:root:COST >> 1.3676 +/- 0.0072, % updates: 65.935%
INFO:root:-- EPOCH 67 (1.733 seconds):
INFO:root:COST >> 1.3603 +/- 0.0071, % updates: 65.801%
INFO:root:-- EPOCH 68 (1.576 seconds):
INFO:root:COST >> 1.3535 +/- 0.0093, % updates: 65.692%
INFO:root:-- EPOCH 69 (1.499 seconds):
INFO:root:COST >> 1.3465 +/- 0.0051, % updates: 65.543%
INFO:root:-- EPOCH 70 (1.509 seconds):
INFO:root:COST >> 1.3353 +/- 0.0114, % updates: 65.309%
INFO:root:-- EPOCH 71 (1.529 seconds):
INFO:root:COST >> 1.3303 +/- 0.0111, % updates: 65.104%
INFO:root:-- EPOCH 72 (1.531 seconds):
INFO:root:COST >> 1.3212 +/- 0.0084, % updates: 64.951%
INFO:root:-- EPOCH 73 (1.536 seconds):
INFO:root:COST >> 1.3138 +/- 0.0092, % updates: 64.75%
INFO:root:-- EPOCH 74 (1.551 seconds):
INFO:root:COST >> 1.3085 +/- 0.0098, % updates: 64.586%
INFO:root:-- EPOCH 75 (1.542 seconds):
INFO:root:COST >> 1.3014 +/- 0.0071, % updates: 64.505%
INFO:root:-- EPOCH 76 (1.533 seconds):
INFO:root:COST >> 1.2913 +/- 0.0095, % updates: 64.141%
INFO:root:-- EPOCH 77 (1.495 seconds):
INFO:root:COST >> 1.2858 +/- 0.0124, % updates: 64.127%
INFO:root:-- EPOCH 78 (1.534 seconds):
INFO:root:COST >> 1.276 +/- 0.0074, % updates: 63.899%
INFO:root:-- EPOCH 79 (1.528 seconds):
INFO:root:COST >> 1.2713 +/- 0.0071, % updates: 63.694%
INFO:root:-- EPOCH 80 (1.505 seconds):
INFO:root:COST >> 1.2621 +/- 0.0088, % updates: 63.576%
INFO:root:-- EPOCH 81 (1.524 seconds):
INFO:root:COST >> 1.2554 +/- 0.0089, % updates: 63.352%
INFO:root:-- EPOCH 82 (1.524 seconds):
INFO:root:COST >> 1.2461 +/- 0.0094, % updates: 63.12%
INFO:root:-- EPOCH 83 (1.556 seconds):
INFO:root:COST >> 1.2434 +/- 0.0117, % updates: 62.987%
INFO:root:-- EPOCH 84 (1.57 seconds):
INFO:root:COST >> 1.2373 +/- 0.0096, % updates: 62.932%
INFO:root:-- EPOCH 85 (1.545 seconds):
INFO:root:COST >> 1.2302 +/- 0.0107, % updates: 62.64%
INFO:root:-- EPOCH 86 (1.561 seconds):
INFO:root:COST >> 1.2242 +/- 0.0105, % updates: 62.53%
INFO:root:-- EPOCH 87 (1.6 seconds):
INFO:root:COST >> 1.2143 +/- 0.0086, % updates: 62.254%
INFO:root:-- EPOCH 88 (1.56 seconds):
INFO:root:COST >> 1.2098 +/- 0.0105, % updates: 62.178%
INFO:root:-- EPOCH 89 (1.712 seconds):
INFO:root:COST >> 1.2026 +/- 0.0093, % updates: 62.142%
INFO:root:-- EPOCH 90 (1.69 seconds):
INFO:root:COST >> 1.1944 +/- 0.011, % updates: 61.81%
INFO:root:-- EPOCH 91 (1.509 seconds):
INFO:root:COST >> 1.1892 +/- 0.0046, % updates: 61.705%
INFO:root:-- EPOCH 92 (1.577 seconds):
INFO:root:COST >> 1.183 +/- 0.0083, % updates: 61.49%
INFO:root:-- EPOCH 93 (1.534 seconds):
INFO:root:COST >> 1.1717 +/- 0.0047, % updates: 61.348%
INFO:root:-- EPOCH 94 (1.578 seconds):
INFO:root:COST >> 1.1698 +/- 0.0089, % updates: 61.191%
INFO:root:-- EPOCH 95 (1.518 seconds):
INFO:root:COST >> 1.1671 +/- 0.0084, % updates: 60.991%
INFO:root:-- EPOCH 96 (1.543 seconds):
INFO:root:COST >> 1.1593 +/- 0.0029, % updates: 60.898%
INFO:root:-- EPOCH 97 (1.479 seconds):
INFO:root:COST >> 1.149 +/- 0.0096, % updates: 60.651%
INFO:root:-- EPOCH 98 (1.153 seconds):
INFO:root:COST >> 1.1453 +/- 0.0081, % updates: 60.588%
INFO:root:-- EPOCH 99 (1.169 seconds):
INFO:root:COST >> 1.1382 +/- 0.0068, % updates: 60.281%
INFO:root:-- EPOCH 100 (1.21 seconds):
INFO:root:COST >> 1.1306 +/- 0.0107, % updates: 60.219%
