INFO:root:Shape for training set: (40961, 141442)
INFO:root:State: {'ndim': '20', 'test_all': 'None', 'test_path': 'None', 'nhid': '50', 'lremb': '0.01', 'seed': '4', 'simfn': 'L1', 'valid_path': 'None', 'nbatches': '10', 'lrparam': '0.01', 'decay': '0.999', 'show_hinton_diagrams': 'False', 'no_rescaling': 'True', 'Nrel': '18', 'ranking_score_right': 'False', 'Nent': '40961', 'Nsyn': '40943', 'method': 'SGD', 'loss_margin': '1.0', 'C': '1.0', 'epsilon': '1e-06', 'use_db': 'True', 'max_lr': 'None', 'l1_param_weight': 'None', 'filtered': 'False', 'name': 'wn_opt/wn_SGD_44', 'totepochs': '100', 'l2_param_weight': 'None', 'train_path': 'data/wn/WN-train.pkl', 'op': 'TransE'}
INFO:root:Starting the Experiment ..
INFO:root:-- EPOCH 1 (1.291 seconds):
INFO:root:COST >> 2.1124 +/- 0.1074, % updates: 71.655%
INFO:root:-- EPOCH 2 (1.424 seconds):
INFO:root:COST >> 1.822 +/- 0.0126, % updates: 63.895%
INFO:root:-- EPOCH 3 (1.509 seconds):
INFO:root:COST >> 1.6564 +/- 0.0143, % updates: 61.163%
INFO:root:-- EPOCH 4 (1.787 seconds):
INFO:root:COST >> 1.5549 +/- 0.0279, % updates: 59.587%
INFO:root:-- EPOCH 5 (1.789 seconds):
INFO:root:COST >> 1.4834 +/- 0.026, % updates: 58.204%
INFO:root:-- EPOCH 6 (1.788 seconds):
INFO:root:COST >> 1.4296 +/- 0.0389, % updates: 57.464%
INFO:root:-- EPOCH 7 (1.905 seconds):
INFO:root:COST >> 1.3856 +/- 0.0373, % updates: 56.627%
INFO:root:-- EPOCH 8 (1.77 seconds):
INFO:root:COST >> 1.3573 +/- 0.0451, % updates: 56.173%
INFO:root:-- EPOCH 9 (1.843 seconds):
INFO:root:COST >> 1.3331 +/- 0.0349, % updates: 55.508%
INFO:root:-- EPOCH 10 (1.782 seconds):
INFO:root:COST >> 1.3146 +/- 0.04, % updates: 55.315%
INFO:root:-- EPOCH 11 (1.86 seconds):
INFO:root:COST >> 1.2991 +/- 0.0392, % updates: 54.779%
INFO:root:-- EPOCH 12 (1.761 seconds):
INFO:root:COST >> 1.288 +/- 0.0371, % updates: 54.474%
INFO:root:-- EPOCH 13 (1.796 seconds):
INFO:root:COST >> 1.2763 +/- 0.0402, % updates: 54.0%
INFO:root:-- EPOCH 14 (1.889 seconds):
INFO:root:COST >> 1.2712 +/- 0.0325, % updates: 53.343%
INFO:root:-- EPOCH 15 (1.844 seconds):
INFO:root:COST >> 1.2626 +/- 0.0427, % updates: 53.75%
INFO:root:-- EPOCH 16 (1.835 seconds):
INFO:root:COST >> 1.2596 +/- 0.0399, % updates: 53.526%
INFO:root:-- EPOCH 17 (2.234 seconds):
INFO:root:COST >> 1.2514 +/- 0.0416, % updates: 53.37%
INFO:root:-- EPOCH 18 (1.941 seconds):
INFO:root:COST >> 1.2481 +/- 0.0439, % updates: 53.202%
INFO:root:-- EPOCH 19 (1.972 seconds):
INFO:root:COST >> 1.2431 +/- 0.0348, % updates: 53.039%
INFO:root:-- EPOCH 20 (2.138 seconds):
INFO:root:COST >> 1.2412 +/- 0.0461, % updates: 52.981%
INFO:root:-- EPOCH 21 (2.012 seconds):
INFO:root:COST >> 1.2404 +/- 0.0427, % updates: 52.933%
INFO:root:-- EPOCH 22 (1.747 seconds):
INFO:root:COST >> 1.2354 +/- 0.0425, % updates: 52.889%
INFO:root:-- EPOCH 23 (1.852 seconds):
INFO:root:COST >> 1.2344 +/- 0.0394, % updates: 52.919%
INFO:root:-- EPOCH 24 (1.869 seconds):
INFO:root:COST >> 1.2325 +/- 0.0448, % updates: 52.669%
INFO:root:-- EPOCH 25 (1.765 seconds):
INFO:root:COST >> 1.2289 +/- 0.0465, % updates: 52.578%
INFO:root:-- EPOCH 26 (1.832 seconds):
INFO:root:COST >> 1.2298 +/- 0.0454, % updates: 52.615%
INFO:root:-- EPOCH 27 (1.721 seconds):
INFO:root:COST >> 1.2295 +/- 0.0442, % updates: 52.589%
INFO:root:-- EPOCH 28 (1.742 seconds):
INFO:root:COST >> 1.2302 +/- 0.0457, % updates: 52.207%
INFO:root:-- EPOCH 29 (1.737 seconds):
INFO:root:COST >> 1.227 +/- 0.0422, % updates: 52.554%
INFO:root:-- EPOCH 30 (1.717 seconds):
INFO:root:COST >> 1.2234 +/- 0.0446, % updates: 52.445%
INFO:root:-- EPOCH 31 (1.773 seconds):
INFO:root:COST >> 1.2225 +/- 0.0466, % updates: 52.353%
INFO:root:-- EPOCH 32 (1.842 seconds):
INFO:root:COST >> 1.2233 +/- 0.0462, % updates: 52.362%
INFO:root:-- EPOCH 33 (1.823 seconds):
INFO:root:COST >> 1.22 +/- 0.0393, % updates: 52.312%
INFO:root:-- EPOCH 34 (1.732 seconds):
INFO:root:COST >> 1.2212 +/- 0.0409, % updates: 52.248%
INFO:root:-- EPOCH 35 (1.967 seconds):
INFO:root:COST >> 1.2187 +/- 0.044, % updates: 52.184%
INFO:root:-- EPOCH 36 (1.984 seconds):
INFO:root:COST >> 1.2186 +/- 0.0501, % updates: 52.079%
INFO:root:-- EPOCH 37 (1.776 seconds):
INFO:root:COST >> 1.2199 +/- 0.0399, % updates: 52.362%
INFO:root:-- EPOCH 38 (2.26 seconds):
INFO:root:COST >> 1.2213 +/- 0.0448, % updates: 52.218%
INFO:root:-- EPOCH 39 (2.34 seconds):
INFO:root:COST >> 1.2144 +/- 0.0441, % updates: 52.101%
INFO:root:-- EPOCH 40 (2.181 seconds):
INFO:root:COST >> 1.2164 +/- 0.0444, % updates: 52.154%
INFO:root:-- EPOCH 41 (1.881 seconds):
INFO:root:COST >> 1.2151 +/- 0.0445, % updates: 52.027%
INFO:root:-- EPOCH 42 (1.901 seconds):
INFO:root:COST >> 1.2185 +/- 0.0459, % updates: 52.123%
INFO:root:-- EPOCH 43 (1.817 seconds):
INFO:root:COST >> 1.2152 +/- 0.0398, % updates: 52.045%
INFO:root:-- EPOCH 44 (1.791 seconds):
INFO:root:COST >> 1.2156 +/- 0.0429, % updates: 51.993%
INFO:root:-- EPOCH 45 (1.822 seconds):
INFO:root:COST >> 1.2165 +/- 0.0454, % updates: 52.142%
INFO:root:-- EPOCH 46 (1.979 seconds):
INFO:root:COST >> 1.2157 +/- 0.0499, % updates: 52.111%
INFO:root:-- EPOCH 47 (1.813 seconds):
INFO:root:COST >> 1.213 +/- 0.0412, % updates: 51.86%
INFO:root:-- EPOCH 48 (1.757 seconds):
INFO:root:COST >> 1.2161 +/- 0.0435, % updates: 52.035%
INFO:root:-- EPOCH 49 (1.67 seconds):
INFO:root:COST >> 1.2161 +/- 0.0475, % updates: 51.998%
INFO:root:-- EPOCH 50 (1.531 seconds):
INFO:root:COST >> 1.2143 +/- 0.0418, % updates: 52.022%
INFO:root:-- EPOCH 51 (1.541 seconds):
INFO:root:COST >> 1.2147 +/- 0.0466, % updates: 51.932%
INFO:root:-- EPOCH 52 (1.614 seconds):
INFO:root:COST >> 1.2102 +/- 0.0447, % updates: 51.84%
INFO:root:-- EPOCH 53 (1.604 seconds):
INFO:root:COST >> 1.2146 +/- 0.0472, % updates: 51.895%
INFO:root:-- EPOCH 54 (1.557 seconds):
INFO:root:COST >> 1.2175 +/- 0.051, % updates: 51.362%
INFO:root:-- EPOCH 55 (1.531 seconds):
INFO:root:COST >> 1.2192 +/- 0.0447, % updates: 51.455%
INFO:root:-- EPOCH 56 (1.566 seconds):
INFO:root:COST >> 1.2208 +/- 0.0455, % updates: 51.659%
INFO:root:-- EPOCH 57 (1.592 seconds):
INFO:root:COST >> 1.2158 +/- 0.0382, % updates: 51.735%
INFO:root:-- EPOCH 58 (1.725 seconds):
INFO:root:COST >> 1.2162 +/- 0.0416, % updates: 51.833%
INFO:root:-- EPOCH 59 (1.607 seconds):
INFO:root:COST >> 1.2148 +/- 0.0373, % updates: 51.799%
INFO:root:-- EPOCH 60 (1.559 seconds):
INFO:root:COST >> 1.215 +/- 0.0486, % updates: 51.829%
INFO:root:-- EPOCH 61 (1.607 seconds):
INFO:root:COST >> 1.2119 +/- 0.0413, % updates: 51.804%
INFO:root:-- EPOCH 62 (1.532 seconds):
INFO:root:COST >> 1.2131 +/- 0.0394, % updates: 51.77%
INFO:root:-- EPOCH 63 (1.617 seconds):
INFO:root:COST >> 1.2112 +/- 0.0416, % updates: 51.844%
INFO:root:-- EPOCH 64 (1.709 seconds):
INFO:root:COST >> 1.2102 +/- 0.039, % updates: 51.682%
INFO:root:-- EPOCH 65 (1.642 seconds):
INFO:root:COST >> 1.2124 +/- 0.0428, % updates: 51.782%
INFO:root:-- EPOCH 66 (2.077 seconds):
INFO:root:COST >> 1.2133 +/- 0.0475, % updates: 51.827%
INFO:root:-- EPOCH 67 (1.891 seconds):
INFO:root:COST >> 1.2097 +/- 0.0479, % updates: 51.83%
INFO:root:-- EPOCH 68 (1.702 seconds):
INFO:root:COST >> 1.2065 +/- 0.0451, % updates: 51.66%
INFO:root:-- EPOCH 69 (1.623 seconds):
INFO:root:COST >> 1.2101 +/- 0.0464, % updates: 51.692%
INFO:root:-- EPOCH 70 (1.564 seconds):
INFO:root:COST >> 1.213 +/- 0.0377, % updates: 51.738%
INFO:root:-- EPOCH 71 (1.54 seconds):
INFO:root:COST >> 1.2089 +/- 0.0498, % updates: 51.643%
INFO:root:-- EPOCH 72 (1.604 seconds):
INFO:root:COST >> 1.2102 +/- 0.0423, % updates: 51.752%
INFO:root:-- EPOCH 73 (1.554 seconds):
INFO:root:COST >> 1.209 +/- 0.0464, % updates: 51.762%
INFO:root:-- EPOCH 74 (1.598 seconds):
INFO:root:COST >> 1.2092 +/- 0.0498, % updates: 51.667%
INFO:root:-- EPOCH 75 (1.631 seconds):
INFO:root:COST >> 1.2079 +/- 0.0389, % updates: 51.681%
INFO:root:-- EPOCH 76 (1.685 seconds):
INFO:root:COST >> 1.2065 +/- 0.043, % updates: 51.716%
INFO:root:-- EPOCH 77 (1.648 seconds):
INFO:root:COST >> 1.2093 +/- 0.0403, % updates: 51.696%
INFO:root:-- EPOCH 78 (1.596 seconds):
INFO:root:COST >> 1.2085 +/- 0.045, % updates: 51.77%
INFO:root:-- EPOCH 79 (1.617 seconds):
INFO:root:COST >> 1.2078 +/- 0.0411, % updates: 51.67%
INFO:root:-- EPOCH 80 (1.639 seconds):
INFO:root:COST >> 1.2083 +/- 0.046, % updates: 51.665%
INFO:root:-- EPOCH 81 (1.687 seconds):
INFO:root:COST >> 1.2088 +/- 0.0421, % updates: 51.757%
INFO:root:-- EPOCH 82 (1.6 seconds):
INFO:root:COST >> 1.2096 +/- 0.0431, % updates: 51.594%
INFO:root:-- EPOCH 83 (1.588 seconds):
INFO:root:COST >> 1.2089 +/- 0.0447, % updates: 51.637%
INFO:root:-- EPOCH 84 (1.639 seconds):
INFO:root:COST >> 1.2091 +/- 0.04, % updates: 51.718%
INFO:root:-- EPOCH 85 (1.578 seconds):
INFO:root:COST >> 1.21 +/- 0.0416, % updates: 51.69%
INFO:root:-- EPOCH 86 (1.606 seconds):
INFO:root:COST >> 1.2063 +/- 0.0415, % updates: 51.583%
INFO:root:-- EPOCH 87 (1.573 seconds):
INFO:root:COST >> 1.2074 +/- 0.0423, % updates: 51.644%
INFO:root:-- EPOCH 88 (1.563 seconds):
INFO:root:COST >> 1.2076 +/- 0.0453, % updates: 51.668%
INFO:root:-- EPOCH 89 (1.561 seconds):
INFO:root:COST >> 1.2087 +/- 0.0406, % updates: 51.514%
INFO:root:-- EPOCH 90 (1.55 seconds):
INFO:root:COST >> 1.2089 +/- 0.041, % updates: 51.75%
INFO:root:-- EPOCH 91 (1.593 seconds):
INFO:root:COST >> 1.2056 +/- 0.0462, % updates: 51.709%
INFO:root:-- EPOCH 92 (1.574 seconds):
INFO:root:COST >> 1.2076 +/- 0.0441, % updates: 51.678%
INFO:root:-- EPOCH 93 (1.556 seconds):
INFO:root:COST >> 1.2083 +/- 0.0481, % updates: 51.663%
INFO:root:-- EPOCH 94 (1.602 seconds):
INFO:root:COST >> 1.2102 +/- 0.0436, % updates: 51.677%
INFO:root:-- EPOCH 95 (1.658 seconds):
INFO:root:COST >> 1.2096 +/- 0.048, % updates: 51.664%
INFO:root:-- EPOCH 96 (1.577 seconds):
INFO:root:COST >> 1.2061 +/- 0.0434, % updates: 51.577%
INFO:root:-- EPOCH 97 (1.528 seconds):
INFO:root:COST >> 1.2079 +/- 0.0458, % updates: 51.627%
INFO:root:-- EPOCH 98 (1.577 seconds):
INFO:root:COST >> 1.2035 +/- 0.051, % updates: 51.48%
INFO:root:-- EPOCH 99 (1.664 seconds):
INFO:root:COST >> 1.2067 +/- 0.0366, % updates: 51.6%
INFO:root:-- EPOCH 100 (1.804 seconds):
INFO:root:COST >> 1.2055 +/- 0.0434, % updates: 51.68%
