INFO:root:Shape for training set: (40961, 141442)
INFO:root:State: {'ndim': '20', 'test_all': 'None', 'test_path': 'None', 'nhid': '50', 'lremb': '1.0', 'seed': '6', 'simfn': 'L1', 'valid_path': 'None', 'nbatches': '10', 'lrparam': '1.0', 'decay': '0.999', 'show_hinton_diagrams': 'False', 'no_rescaling': 'True', 'Nrel': '18', 'ranking_score_right': 'False', 'Nent': '40961', 'Nsyn': '40943', 'method': 'SGD', 'loss_margin': '1.0', 'C': '1.0', 'epsilon': '1e-06', 'use_db': 'True', 'max_lr': 'None', 'l1_param_weight': 'None', 'filtered': 'False', 'name': 'wn_opt/wn_SGD_66', 'totepochs': '100', 'l2_param_weight': 'None', 'train_path': 'data/wn/WN-train.pkl', 'op': 'TransE'}
INFO:root:Starting the Experiment ..
INFO:root:-- EPOCH 1 (1.592 seconds):
INFO:root:COST >> 3.1504 +/- 0.4123, % updates: 65.116%
INFO:root:-- EPOCH 2 (1.678 seconds):
INFO:root:COST >> 3.352 +/- 0.1435, % updates: 60.479%
INFO:root:-- EPOCH 3 (1.583 seconds):
INFO:root:COST >> 3.3587 +/- 0.1524, % updates: 60.337%
INFO:root:-- EPOCH 4 (1.66 seconds):
INFO:root:COST >> 3.3608 +/- 0.1518, % updates: 60.417%
INFO:root:-- EPOCH 5 (2.155 seconds):
INFO:root:COST >> 3.3637 +/- 0.1485, % updates: 60.592%
INFO:root:-- EPOCH 6 (2.294 seconds):
INFO:root:COST >> 3.3672 +/- 0.1635, % updates: 60.378%
INFO:root:-- EPOCH 7 (1.76 seconds):
INFO:root:COST >> 3.3611 +/- 0.1468, % updates: 60.476%
INFO:root:-- EPOCH 8 (1.933 seconds):
INFO:root:COST >> 3.3662 +/- 0.1618, % updates: 60.432%
INFO:root:-- EPOCH 9 (1.744 seconds):
INFO:root:COST >> 3.3711 +/- 0.1587, % updates: 60.571%
INFO:root:-- EPOCH 10 (1.795 seconds):
INFO:root:COST >> 3.3662 +/- 0.1672, % updates: 60.587%
INFO:root:-- EPOCH 11 (1.862 seconds):
INFO:root:COST >> 3.3528 +/- 0.1544, % updates: 60.368%
INFO:root:-- EPOCH 12 (1.928 seconds):
INFO:root:COST >> 3.3787 +/- 0.1514, % updates: 60.656%
INFO:root:-- EPOCH 13 (1.67 seconds):
INFO:root:COST >> 3.3664 +/- 0.1408, % updates: 60.521%
INFO:root:-- EPOCH 14 (1.589 seconds):
INFO:root:COST >> 3.3576 +/- 0.148, % updates: 60.371%
INFO:root:-- EPOCH 15 (1.847 seconds):
INFO:root:COST >> 3.3636 +/- 0.1624, % updates: 60.514%
INFO:root:-- EPOCH 16 (1.948 seconds):
INFO:root:COST >> 3.3642 +/- 0.1577, % updates: 60.5%
INFO:root:-- EPOCH 17 (1.766 seconds):
INFO:root:COST >> 3.3607 +/- 0.1614, % updates: 60.349%
INFO:root:-- EPOCH 18 (1.566 seconds):
INFO:root:COST >> 3.3844 +/- 0.1473, % updates: 60.615%
INFO:root:-- EPOCH 19 (1.608 seconds):
INFO:root:COST >> 3.3566 +/- 0.1555, % updates: 60.513%
INFO:root:-- EPOCH 20 (1.526 seconds):
INFO:root:COST >> 3.3662 +/- 0.155, % updates: 60.539%
INFO:root:-- EPOCH 21 (1.57 seconds):
INFO:root:COST >> 3.3564 +/- 0.1446, % updates: 60.405%
INFO:root:-- EPOCH 22 (1.577 seconds):
INFO:root:COST >> 3.3706 +/- 0.1558, % updates: 60.624%
INFO:root:-- EPOCH 23 (1.542 seconds):
INFO:root:COST >> 3.3596 +/- 0.1615, % updates: 60.532%
INFO:root:-- EPOCH 24 (1.546 seconds):
INFO:root:COST >> 3.3599 +/- 0.1544, % updates: 60.47%
INFO:root:-- EPOCH 25 (1.534 seconds):
INFO:root:COST >> 3.3517 +/- 0.1537, % updates: 60.418%
INFO:root:-- EPOCH 26 (1.612 seconds):
INFO:root:COST >> 3.3564 +/- 0.1613, % updates: 60.431%
INFO:root:-- EPOCH 27 (1.565 seconds):
INFO:root:COST >> 3.3717 +/- 0.1553, % updates: 60.535%
INFO:root:-- EPOCH 28 (1.567 seconds):
INFO:root:COST >> 3.3604 +/- 0.1558, % updates: 60.544%
INFO:root:-- EPOCH 29 (1.558 seconds):
INFO:root:COST >> 3.3547 +/- 0.16, % updates: 60.452%
INFO:root:-- EPOCH 30 (1.561 seconds):
INFO:root:COST >> 3.3818 +/- 0.1531, % updates: 60.8%
INFO:root:-- EPOCH 31 (1.697 seconds):
INFO:root:COST >> 3.3503 +/- 0.1671, % updates: 60.401%
INFO:root:-- EPOCH 32 (1.602 seconds):
INFO:root:COST >> 3.3556 +/- 0.1591, % updates: 60.468%
INFO:root:-- EPOCH 33 (1.591 seconds):
INFO:root:COST >> 3.373 +/- 0.1579, % updates: 60.424%
INFO:root:-- EPOCH 34 (1.635 seconds):
INFO:root:COST >> 3.3706 +/- 0.1623, % updates: 60.496%
INFO:root:-- EPOCH 35 (1.586 seconds):
INFO:root:COST >> 3.373 +/- 0.1566, % updates: 60.707%
INFO:root:-- EPOCH 36 (1.591 seconds):
INFO:root:COST >> 3.3521 +/- 0.1636, % updates: 60.376%
INFO:root:-- EPOCH 37 (1.532 seconds):
INFO:root:COST >> 3.3639 +/- 0.1543, % updates: 60.528%
INFO:root:-- EPOCH 38 (1.618 seconds):
INFO:root:COST >> 3.3726 +/- 0.1579, % updates: 60.53%
INFO:root:-- EPOCH 39 (1.578 seconds):
INFO:root:COST >> 3.3517 +/- 0.17, % updates: 60.355%
INFO:root:-- EPOCH 40 (1.541 seconds):
INFO:root:COST >> 3.3543 +/- 0.1602, % updates: 60.372%
INFO:root:-- EPOCH 41 (1.58 seconds):
INFO:root:COST >> 3.3784 +/- 0.154, % updates: 60.578%
INFO:root:-- EPOCH 42 (1.861 seconds):
INFO:root:COST >> 3.3809 +/- 0.1567, % updates: 60.499%
INFO:root:-- EPOCH 43 (1.597 seconds):
INFO:root:COST >> 3.3436 +/- 0.1585, % updates: 60.359%
INFO:root:-- EPOCH 44 (1.663 seconds):
INFO:root:COST >> 3.3719 +/- 0.1635, % updates: 60.666%
INFO:root:-- EPOCH 45 (1.854 seconds):
INFO:root:COST >> 3.3649 +/- 0.1614, % updates: 60.536%
INFO:root:-- EPOCH 46 (1.542 seconds):
INFO:root:COST >> 3.3582 +/- 0.1689, % updates: 60.552%
INFO:root:-- EPOCH 47 (1.556 seconds):
INFO:root:COST >> 3.3642 +/- 0.1602, % updates: 60.42%
INFO:root:-- EPOCH 48 (1.95 seconds):
INFO:root:COST >> 3.3656 +/- 0.1554, % updates: 60.51%
INFO:root:-- EPOCH 49 (1.965 seconds):
INFO:root:COST >> 3.3688 +/- 0.1675, % updates: 60.639%
INFO:root:-- EPOCH 50 (1.984 seconds):
INFO:root:COST >> 3.3611 +/- 0.1524, % updates: 60.509%
INFO:root:-- EPOCH 51 (2.182 seconds):
INFO:root:COST >> 3.362 +/- 0.1535, % updates: 60.522%
INFO:root:-- EPOCH 52 (1.929 seconds):
INFO:root:COST >> 3.3677 +/- 0.167, % updates: 60.574%
INFO:root:-- EPOCH 53 (2.031 seconds):
INFO:root:COST >> 3.3644 +/- 0.1597, % updates: 60.55%
INFO:root:-- EPOCH 54 (1.936 seconds):
INFO:root:COST >> 3.3698 +/- 0.1594, % updates: 60.469%
INFO:root:-- EPOCH 55 (1.668 seconds):
INFO:root:COST >> 3.385 +/- 0.1547, % updates: 60.657%
INFO:root:-- EPOCH 56 (1.579 seconds):
INFO:root:COST >> 3.3494 +/- 0.1482, % updates: 60.488%
INFO:root:-- EPOCH 57 (1.603 seconds):
INFO:root:COST >> 3.3551 +/- 0.1366, % updates: 60.458%
INFO:root:-- EPOCH 58 (1.515 seconds):
INFO:root:COST >> 3.3596 +/- 0.1517, % updates: 60.524%
INFO:root:-- EPOCH 59 (1.792 seconds):
INFO:root:COST >> 3.3603 +/- 0.149, % updates: 60.412%
INFO:root:-- EPOCH 60 (1.777 seconds):
INFO:root:COST >> 3.3617 +/- 0.1508, % updates: 60.498%
INFO:root:-- EPOCH 61 (1.654 seconds):
INFO:root:COST >> 3.3613 +/- 0.1545, % updates: 60.562%
INFO:root:-- EPOCH 62 (1.82 seconds):
INFO:root:COST >> 3.3593 +/- 0.18, % updates: 60.402%
INFO:root:-- EPOCH 63 (1.63 seconds):
INFO:root:COST >> 3.358 +/- 0.148, % updates: 60.497%
INFO:root:-- EPOCH 64 (2.022 seconds):
INFO:root:COST >> 3.3693 +/- 0.1507, % updates: 60.626%
INFO:root:-- EPOCH 65 (1.985 seconds):
INFO:root:COST >> 3.3679 +/- 0.1594, % updates: 60.471%
INFO:root:-- EPOCH 66 (1.94 seconds):
INFO:root:COST >> 3.37 +/- 0.1501, % updates: 60.645%
INFO:root:-- EPOCH 67 (1.951 seconds):
INFO:root:COST >> 3.3671 +/- 0.1535, % updates: 60.538%
INFO:root:-- EPOCH 68 (2.05 seconds):
INFO:root:COST >> 3.3561 +/- 0.1608, % updates: 60.48%
INFO:root:-- EPOCH 69 (2.014 seconds):
INFO:root:COST >> 3.3588 +/- 0.1556, % updates: 60.514%
INFO:root:-- EPOCH 70 (1.914 seconds):
INFO:root:COST >> 3.3665 +/- 0.1482, % updates: 60.543%
INFO:root:-- EPOCH 71 (2.08 seconds):
INFO:root:COST >> 3.3807 +/- 0.1612, % updates: 60.622%
INFO:root:-- EPOCH 72 (2.378 seconds):
INFO:root:COST >> 3.3482 +/- 0.1627, % updates: 60.516%
INFO:root:-- EPOCH 73 (1.781 seconds):
INFO:root:COST >> 3.3465 +/- 0.1478, % updates: 60.265%
INFO:root:-- EPOCH 74 (1.945 seconds):
INFO:root:COST >> 3.3648 +/- 0.1513, % updates: 60.424%
INFO:root:-- EPOCH 75 (2.249 seconds):
INFO:root:COST >> 3.3633 +/- 0.1462, % updates: 60.537%
INFO:root:-- EPOCH 76 (1.955 seconds):
INFO:root:COST >> 3.3704 +/- 0.159, % updates: 60.695%
INFO:root:-- EPOCH 77 (1.832 seconds):
INFO:root:COST >> 3.3618 +/- 0.1583, % updates: 60.47%
INFO:root:-- EPOCH 78 (1.71 seconds):
INFO:root:COST >> 3.3706 +/- 0.162, % updates: 60.519%
INFO:root:-- EPOCH 79 (1.82 seconds):
INFO:root:COST >> 3.3669 +/- 0.1499, % updates: 60.661%
INFO:root:-- EPOCH 80 (1.771 seconds):
INFO:root:COST >> 3.3628 +/- 0.1665, % updates: 60.499%
INFO:root:-- EPOCH 81 (1.731 seconds):
INFO:root:COST >> 3.3634 +/- 0.1623, % updates: 60.502%
INFO:root:-- EPOCH 82 (1.692 seconds):
INFO:root:COST >> 3.3597 +/- 0.1553, % updates: 60.535%
INFO:root:-- EPOCH 83 (1.622 seconds):
INFO:root:COST >> 3.3604 +/- 0.1541, % updates: 60.398%
INFO:root:-- EPOCH 84 (1.791 seconds):
INFO:root:COST >> 3.3562 +/- 0.1481, % updates: 60.323%
INFO:root:-- EPOCH 85 (1.708 seconds):
INFO:root:COST >> 3.3718 +/- 0.1532, % updates: 60.584%
INFO:root:-- EPOCH 86 (1.67 seconds):
INFO:root:COST >> 3.368 +/- 0.1661, % updates: 60.57%
INFO:root:-- EPOCH 87 (1.663 seconds):
INFO:root:COST >> 3.3609 +/- 0.17, % updates: 60.469%
INFO:root:-- EPOCH 88 (1.726 seconds):
INFO:root:COST >> 3.3615 +/- 0.1668, % updates: 60.468%
INFO:root:-- EPOCH 89 (1.729 seconds):
INFO:root:COST >> 3.3772 +/- 0.1438, % updates: 60.612%
INFO:root:-- EPOCH 90 (1.731 seconds):
INFO:root:COST >> 3.349 +/- 0.1503, % updates: 60.365%
INFO:root:-- EPOCH 91 (1.691 seconds):
INFO:root:COST >> 3.351 +/- 0.1541, % updates: 60.544%
INFO:root:-- EPOCH 92 (1.768 seconds):
INFO:root:COST >> 3.3641 +/- 0.1596, % updates: 60.395%
INFO:root:-- EPOCH 93 (1.708 seconds):
INFO:root:COST >> 3.3647 +/- 0.1599, % updates: 60.453%
INFO:root:-- EPOCH 94 (1.738 seconds):
INFO:root:COST >> 3.3569 +/- 0.1697, % updates: 60.29%
INFO:root:-- EPOCH 95 (1.762 seconds):
INFO:root:COST >> 3.3669 +/- 0.1654, % updates: 60.496%
INFO:root:-- EPOCH 96 (1.802 seconds):
INFO:root:COST >> 3.3621 +/- 0.1586, % updates: 60.595%
INFO:root:-- EPOCH 97 (1.832 seconds):
INFO:root:COST >> 3.3652 +/- 0.1779, % updates: 60.589%
INFO:root:-- EPOCH 98 (1.672 seconds):
INFO:root:COST >> 3.3579 +/- 0.1614, % updates: 60.551%
INFO:root:-- EPOCH 99 (1.233 seconds):
INFO:root:COST >> 3.3778 +/- 0.1504, % updates: 60.586%
INFO:root:-- EPOCH 100 (1.407 seconds):
INFO:root:COST >> 3.375 +/- 0.1463, % updates: 60.548%
