INFO:root:Shape for training set: (40961, 141442)
INFO:root:State: {'ndim': '20', 'test_all': 'None', 'test_path': 'None', 'nhid': '50', 'lremb': '0.01', 'seed': '6', 'simfn': 'L1', 'valid_path': 'None', 'nbatches': '10', 'lrparam': '0.01', 'decay': '0.999', 'show_hinton_diagrams': 'False', 'no_rescaling': 'True', 'Nrel': '18', 'ranking_score_right': 'False', 'Nent': '40961', 'Nsyn': '40943', 'method': 'SGD', 'loss_margin': '1.0', 'C': '1.0', 'epsilon': '1e-06', 'use_db': 'True', 'max_lr': 'None', 'l1_param_weight': 'None', 'filtered': 'False', 'name': 'wn_opt/wn_SGD_46', 'totepochs': '100', 'l2_param_weight': 'None', 'train_path': 'data/wn/WN-train.pkl', 'op': 'TransE'}
INFO:root:Starting the Experiment ..
INFO:root:-- EPOCH 1 (1.382 seconds):
INFO:root:COST >> 2.1076 +/- 0.096, % updates: 71.628%
INFO:root:-- EPOCH 2 (1.279 seconds):
INFO:root:COST >> 1.815 +/- 0.0128, % updates: 63.968%
INFO:root:-- EPOCH 3 (1.417 seconds):
INFO:root:COST >> 1.6643 +/- 0.0145, % updates: 61.162%
INFO:root:-- EPOCH 4 (1.377 seconds):
INFO:root:COST >> 1.5563 +/- 0.0281, % updates: 59.412%
INFO:root:-- EPOCH 5 (1.519 seconds):
INFO:root:COST >> 1.4869 +/- 0.0242, % updates: 58.191%
INFO:root:-- EPOCH 6 (1.669 seconds):
INFO:root:COST >> 1.4238 +/- 0.0277, % updates: 57.222%
INFO:root:-- EPOCH 7 (1.755 seconds):
INFO:root:COST >> 1.3869 +/- 0.0341, % updates: 56.456%
INFO:root:-- EPOCH 8 (1.833 seconds):
INFO:root:COST >> 1.3549 +/- 0.0385, % updates: 55.764%
INFO:root:-- EPOCH 9 (1.747 seconds):
INFO:root:COST >> 1.3288 +/- 0.0342, % updates: 55.065%
INFO:root:-- EPOCH 10 (1.606 seconds):
INFO:root:COST >> 1.3172 +/- 0.0377, % updates: 54.201%
INFO:root:-- EPOCH 11 (1.598 seconds):
INFO:root:COST >> 1.3011 +/- 0.0442, % updates: 53.991%
INFO:root:-- EPOCH 12 (1.634 seconds):
INFO:root:COST >> 1.2863 +/- 0.0391, % updates: 53.787%
INFO:root:-- EPOCH 13 (1.615 seconds):
INFO:root:COST >> 1.2753 +/- 0.043, % updates: 53.631%
INFO:root:-- EPOCH 14 (1.596 seconds):
INFO:root:COST >> 1.2665 +/- 0.0372, % updates: 53.424%
INFO:root:-- EPOCH 15 (1.583 seconds):
INFO:root:COST >> 1.2624 +/- 0.0414, % updates: 53.303%
INFO:root:-- EPOCH 16 (1.583 seconds):
INFO:root:COST >> 1.2506 +/- 0.0423, % updates: 53.011%
INFO:root:-- EPOCH 17 (1.594 seconds):
INFO:root:COST >> 1.2444 +/- 0.0393, % updates: 52.809%
INFO:root:-- EPOCH 18 (1.602 seconds):
INFO:root:COST >> 1.245 +/- 0.0399, % updates: 52.953%
INFO:root:-- EPOCH 19 (1.61 seconds):
INFO:root:COST >> 1.2385 +/- 0.043, % updates: 52.701%
INFO:root:-- EPOCH 20 (1.631 seconds):
INFO:root:COST >> 1.2345 +/- 0.0438, % updates: 52.585%
INFO:root:-- EPOCH 21 (1.569 seconds):
INFO:root:COST >> 1.2343 +/- 0.0467, % updates: 52.492%
INFO:root:-- EPOCH 22 (1.626 seconds):
INFO:root:COST >> 1.2345 +/- 0.0417, % updates: 52.524%
INFO:root:-- EPOCH 23 (1.584 seconds):
INFO:root:COST >> 1.232 +/- 0.0421, % updates: 52.38%
INFO:root:-- EPOCH 24 (1.672 seconds):
INFO:root:COST >> 1.2273 +/- 0.0469, % updates: 52.29%
INFO:root:-- EPOCH 25 (1.617 seconds):
INFO:root:COST >> 1.2274 +/- 0.0433, % updates: 52.391%
INFO:root:-- EPOCH 26 (1.607 seconds):
INFO:root:COST >> 1.2252 +/- 0.046, % updates: 52.289%
INFO:root:-- EPOCH 27 (1.551 seconds):
INFO:root:COST >> 1.2273 +/- 0.0457, % updates: 52.195%
INFO:root:-- EPOCH 28 (1.546 seconds):
INFO:root:COST >> 1.2228 +/- 0.0455, % updates: 52.139%
INFO:root:-- EPOCH 29 (1.614 seconds):
INFO:root:COST >> 1.2209 +/- 0.0435, % updates: 52.058%
INFO:root:-- EPOCH 30 (1.665 seconds):
INFO:root:COST >> 1.221 +/- 0.0437, % updates: 52.096%
INFO:root:-- EPOCH 31 (1.664 seconds):
INFO:root:COST >> 1.2209 +/- 0.0433, % updates: 52.139%
INFO:root:-- EPOCH 32 (1.546 seconds):
INFO:root:COST >> 1.2224 +/- 0.0415, % updates: 51.986%
INFO:root:-- EPOCH 33 (1.57 seconds):
INFO:root:COST >> 1.2201 +/- 0.0465, % updates: 52.02%
INFO:root:-- EPOCH 34 (1.599 seconds):
INFO:root:COST >> 1.2179 +/- 0.047, % updates: 51.951%
INFO:root:-- EPOCH 35 (1.553 seconds):
INFO:root:COST >> 1.2179 +/- 0.0438, % updates: 51.972%
INFO:root:-- EPOCH 36 (1.595 seconds):
INFO:root:COST >> 1.2165 +/- 0.0412, % updates: 51.956%
INFO:root:-- EPOCH 37 (1.602 seconds):
INFO:root:COST >> 1.2156 +/- 0.0438, % updates: 51.947%
INFO:root:-- EPOCH 38 (1.629 seconds):
INFO:root:COST >> 1.2172 +/- 0.0471, % updates: 51.921%
INFO:root:-- EPOCH 39 (1.631 seconds):
INFO:root:COST >> 1.2185 +/- 0.0456, % updates: 51.906%
INFO:root:-- EPOCH 40 (1.637 seconds):
INFO:root:COST >> 1.2153 +/- 0.0447, % updates: 51.825%
INFO:root:-- EPOCH 41 (1.607 seconds):
INFO:root:COST >> 1.2186 +/- 0.0421, % updates: 51.763%
INFO:root:-- EPOCH 42 (1.58 seconds):
INFO:root:COST >> 1.2171 +/- 0.0436, % updates: 51.848%
INFO:root:-- EPOCH 43 (1.53 seconds):
INFO:root:COST >> 1.2147 +/- 0.0456, % updates: 51.824%
INFO:root:-- EPOCH 44 (1.572 seconds):
INFO:root:COST >> 1.2136 +/- 0.0438, % updates: 51.781%
INFO:root:-- EPOCH 45 (1.566 seconds):
INFO:root:COST >> 1.2093 +/- 0.0459, % updates: 51.723%
INFO:root:-- EPOCH 46 (1.591 seconds):
INFO:root:COST >> 1.216 +/- 0.0444, % updates: 51.798%
INFO:root:-- EPOCH 47 (1.614 seconds):
INFO:root:COST >> 1.2129 +/- 0.0459, % updates: 51.732%
INFO:root:-- EPOCH 48 (1.528 seconds):
INFO:root:COST >> 1.2149 +/- 0.0477, % updates: 51.756%
INFO:root:-- EPOCH 49 (1.56 seconds):
INFO:root:COST >> 1.2145 +/- 0.0438, % updates: 51.87%
INFO:root:-- EPOCH 50 (1.548 seconds):
INFO:root:COST >> 1.2089 +/- 0.0435, % updates: 51.693%
INFO:root:-- EPOCH 51 (1.549 seconds):
INFO:root:COST >> 1.2096 +/- 0.0443, % updates: 51.658%
INFO:root:-- EPOCH 52 (1.583 seconds):
INFO:root:COST >> 1.2113 +/- 0.04, % updates: 51.694%
INFO:root:-- EPOCH 53 (1.592 seconds):
INFO:root:COST >> 1.212 +/- 0.0471, % updates: 51.686%
INFO:root:-- EPOCH 54 (1.611 seconds):
INFO:root:COST >> 1.2116 +/- 0.0458, % updates: 51.645%
INFO:root:-- EPOCH 55 (1.582 seconds):
INFO:root:COST >> 1.2138 +/- 0.0461, % updates: 51.654%
INFO:root:-- EPOCH 56 (1.678 seconds):
INFO:root:COST >> 1.2109 +/- 0.0442, % updates: 51.662%
INFO:root:-- EPOCH 57 (1.556 seconds):
INFO:root:COST >> 1.2129 +/- 0.0431, % updates: 51.615%
INFO:root:-- EPOCH 58 (1.568 seconds):
INFO:root:COST >> 1.2106 +/- 0.0456, % updates: 51.676%
INFO:root:-- EPOCH 59 (1.592 seconds):
INFO:root:COST >> 1.2087 +/- 0.0437, % updates: 51.694%
INFO:root:-- EPOCH 60 (1.549 seconds):
INFO:root:COST >> 1.2144 +/- 0.0402, % updates: 51.696%
INFO:root:-- EPOCH 61 (1.574 seconds):
INFO:root:COST >> 1.2083 +/- 0.0433, % updates: 51.624%
INFO:root:-- EPOCH 62 (1.603 seconds):
INFO:root:COST >> 1.2092 +/- 0.043, % updates: 51.654%
INFO:root:-- EPOCH 63 (1.52 seconds):
INFO:root:COST >> 1.2059 +/- 0.0459, % updates: 51.625%
INFO:root:-- EPOCH 64 (1.552 seconds):
INFO:root:COST >> 1.2097 +/- 0.0434, % updates: 51.654%
INFO:root:-- EPOCH 65 (1.569 seconds):
INFO:root:COST >> 1.2104 +/- 0.039, % updates: 51.735%
INFO:root:-- EPOCH 66 (1.547 seconds):
INFO:root:COST >> 1.208 +/- 0.0432, % updates: 51.645%
INFO:root:-- EPOCH 67 (1.544 seconds):
INFO:root:COST >> 1.2104 +/- 0.0423, % updates: 51.627%
INFO:root:-- EPOCH 68 (1.624 seconds):
INFO:root:COST >> 1.2091 +/- 0.0466, % updates: 51.68%
INFO:root:-- EPOCH 69 (1.594 seconds):
INFO:root:COST >> 1.2083 +/- 0.0434, % updates: 51.553%
INFO:root:-- EPOCH 70 (1.557 seconds):
INFO:root:COST >> 1.2102 +/- 0.0445, % updates: 51.685%
INFO:root:-- EPOCH 71 (1.568 seconds):
INFO:root:COST >> 1.2088 +/- 0.0487, % updates: 51.502%
INFO:root:-- EPOCH 72 (1.602 seconds):
INFO:root:COST >> 1.2091 +/- 0.0433, % updates: 51.605%
INFO:root:-- EPOCH 73 (1.655 seconds):
INFO:root:COST >> 1.2059 +/- 0.0431, % updates: 51.514%
INFO:root:-- EPOCH 74 (1.557 seconds):
INFO:root:COST >> 1.2095 +/- 0.0392, % updates: 51.547%
INFO:root:-- EPOCH 75 (1.578 seconds):
INFO:root:COST >> 1.2076 +/- 0.0367, % updates: 51.614%
INFO:root:-- EPOCH 76 (1.561 seconds):
INFO:root:COST >> 1.2051 +/- 0.049, % updates: 51.54%
INFO:root:-- EPOCH 77 (1.654 seconds):
INFO:root:COST >> 1.2083 +/- 0.0421, % updates: 51.552%
INFO:root:-- EPOCH 78 (1.599 seconds):
INFO:root:COST >> 1.2083 +/- 0.0422, % updates: 51.639%
INFO:root:-- EPOCH 79 (1.587 seconds):
INFO:root:COST >> 1.2053 +/- 0.041, % updates: 51.534%
INFO:root:-- EPOCH 80 (1.581 seconds):
INFO:root:COST >> 1.2058 +/- 0.0454, % updates: 51.431%
INFO:root:-- EPOCH 81 (1.569 seconds):
INFO:root:COST >> 1.2066 +/- 0.0475, % updates: 51.394%
INFO:root:-- EPOCH 82 (1.588 seconds):
INFO:root:COST >> 1.2033 +/- 0.0463, % updates: 51.376%
INFO:root:-- EPOCH 83 (1.582 seconds):
INFO:root:COST >> 1.2088 +/- 0.0404, % updates: 51.588%
INFO:root:-- EPOCH 84 (1.671 seconds):
INFO:root:COST >> 1.2097 +/- 0.0467, % updates: 51.521%
INFO:root:-- EPOCH 85 (1.58 seconds):
INFO:root:COST >> 1.2089 +/- 0.0469, % updates: 51.56%
INFO:root:-- EPOCH 86 (1.545 seconds):
INFO:root:COST >> 1.2057 +/- 0.0445, % updates: 51.419%
INFO:root:-- EPOCH 87 (1.549 seconds):
INFO:root:COST >> 1.2016 +/- 0.0468, % updates: 51.367%
INFO:root:-- EPOCH 88 (1.599 seconds):
INFO:root:COST >> 1.2082 +/- 0.0448, % updates: 51.542%
INFO:root:-- EPOCH 89 (1.569 seconds):
INFO:root:COST >> 1.2044 +/- 0.0421, % updates: 51.528%
INFO:root:-- EPOCH 90 (1.585 seconds):
INFO:root:COST >> 1.2071 +/- 0.0478, % updates: 51.556%
INFO:root:-- EPOCH 91 (1.657 seconds):
INFO:root:COST >> 1.2078 +/- 0.0395, % updates: 51.515%
INFO:root:-- EPOCH 92 (1.629 seconds):
INFO:root:COST >> 1.2059 +/- 0.0412, % updates: 51.486%
INFO:root:-- EPOCH 93 (1.664 seconds):
INFO:root:COST >> 1.2061 +/- 0.047, % updates: 51.499%
INFO:root:-- EPOCH 94 (1.566 seconds):
INFO:root:COST >> 1.2075 +/- 0.0472, % updates: 51.546%
INFO:root:-- EPOCH 95 (1.567 seconds):
INFO:root:COST >> 1.2073 +/- 0.0483, % updates: 51.468%
INFO:root:-- EPOCH 96 (1.586 seconds):
INFO:root:COST >> 1.2088 +/- 0.0424, % updates: 51.486%
INFO:root:-- EPOCH 97 (1.593 seconds):
INFO:root:COST >> 1.2047 +/- 0.0437, % updates: 51.532%
INFO:root:-- EPOCH 98 (1.589 seconds):
INFO:root:COST >> 1.2057 +/- 0.0452, % updates: 51.486%
INFO:root:-- EPOCH 99 (1.612 seconds):
INFO:root:COST >> 1.2078 +/- 0.0435, % updates: 51.537%
INFO:root:-- EPOCH 100 (1.588 seconds):
INFO:root:COST >> 1.2052 +/- 0.0404, % updates: 51.601%
