INFO:root:Shape for training set: (40961, 141442)
INFO:root:State: {'ndim': '20', 'test_all': 'None', 'test_path': 'None', 'nhid': '50', 'lremb': '1e-06', 'seed': '7', 'simfn': 'L1', 'valid_path': 'None', 'nbatches': '10', 'lrparam': '1e-06', 'decay': '0.999', 'show_hinton_diagrams': 'False', 'no_rescaling': 'True', 'Nrel': '18', 'ranking_score_right': 'False', 'Nent': '40961', 'Nsyn': '40943', 'method': 'SGD', 'loss_margin': '1.0', 'C': '1.0', 'epsilon': '1e-06', 'use_db': 'True', 'max_lr': 'None', 'l1_param_weight': 'None', 'filtered': 'False', 'name': 'wn_opt/wn_SGD_7', 'totepochs': '100', 'l2_param_weight': 'None', 'train_path': 'data/wn/WN-train.pkl', 'op': 'TransE'}
INFO:root:Starting the Experiment ..
INFO:root:-- EPOCH 1 (1.993 seconds):
INFO:root:COST >> 2.2241 +/- 0.0134, % updates: 81.693%
INFO:root:-- EPOCH 2 (1.98 seconds):
INFO:root:COST >> 2.2247 +/- 0.0095, % updates: 81.601%
INFO:root:-- EPOCH 3 (1.997 seconds):
INFO:root:COST >> 2.2249 +/- 0.0095, % updates: 81.703%
INFO:root:-- EPOCH 4 (1.99 seconds):
INFO:root:COST >> 2.2237 +/- 0.0142, % updates: 81.711%
INFO:root:-- EPOCH 5 (2.007 seconds):
INFO:root:COST >> 2.2225 +/- 0.0118, % updates: 81.666%
INFO:root:-- EPOCH 6 (2.01 seconds):
INFO:root:COST >> 2.2223 +/- 0.0097, % updates: 81.587%
INFO:root:-- EPOCH 7 (2.287 seconds):
INFO:root:COST >> 2.2202 +/- 0.0106, % updates: 81.717%
INFO:root:-- EPOCH 8 (1.661 seconds):
INFO:root:COST >> 2.2207 +/- 0.0114, % updates: 81.633%
INFO:root:-- EPOCH 9 (1.557 seconds):
INFO:root:COST >> 2.2217 +/- 0.015, % updates: 81.639%
INFO:root:-- EPOCH 10 (1.558 seconds):
INFO:root:COST >> 2.2182 +/- 0.0156, % updates: 81.635%
INFO:root:-- EPOCH 11 (1.561 seconds):
INFO:root:COST >> 2.2177 +/- 0.0105, % updates: 81.661%
INFO:root:-- EPOCH 12 (1.567 seconds):
INFO:root:COST >> 2.2182 +/- 0.0146, % updates: 81.759%
INFO:root:-- EPOCH 13 (1.573 seconds):
INFO:root:COST >> 2.2205 +/- 0.0084, % updates: 81.574%
INFO:root:-- EPOCH 14 (1.563 seconds):
INFO:root:COST >> 2.2159 +/- 0.0095, % updates: 81.738%
INFO:root:-- EPOCH 15 (1.554 seconds):
INFO:root:COST >> 2.221 +/- 0.0102, % updates: 81.704%
INFO:root:-- EPOCH 16 (1.562 seconds):
INFO:root:COST >> 2.2171 +/- 0.0103, % updates: 81.713%
INFO:root:-- EPOCH 17 (1.538 seconds):
INFO:root:COST >> 2.2168 +/- 0.0079, % updates: 81.717%
INFO:root:-- EPOCH 18 (1.553 seconds):
INFO:root:COST >> 2.219 +/- 0.0132, % updates: 81.652%
INFO:root:-- EPOCH 19 (1.553 seconds):
INFO:root:COST >> 2.2164 +/- 0.011, % updates: 81.647%
INFO:root:-- EPOCH 20 (1.538 seconds):
INFO:root:COST >> 2.2138 +/- 0.0082, % updates: 81.729%
INFO:root:-- EPOCH 21 (1.497 seconds):
INFO:root:COST >> 2.2135 +/- 0.0101, % updates: 81.829%
INFO:root:-- EPOCH 22 (1.551 seconds):
INFO:root:COST >> 2.2145 +/- 0.0081, % updates: 81.766%
INFO:root:-- EPOCH 23 (1.535 seconds):
INFO:root:COST >> 2.2109 +/- 0.008, % updates: 81.673%
INFO:root:-- EPOCH 24 (1.553 seconds):
INFO:root:COST >> 2.2129 +/- 0.0106, % updates: 81.633%
INFO:root:-- EPOCH 25 (1.524 seconds):
INFO:root:COST >> 2.2103 +/- 0.0121, % updates: 81.798%
INFO:root:-- EPOCH 26 (1.533 seconds):
INFO:root:COST >> 2.2144 +/- 0.014, % updates: 81.746%
INFO:root:-- EPOCH 27 (1.72 seconds):
INFO:root:COST >> 2.2133 +/- 0.0104, % updates: 81.761%
INFO:root:-- EPOCH 28 (1.761 seconds):
INFO:root:COST >> 2.2147 +/- 0.0094, % updates: 81.778%
INFO:root:-- EPOCH 29 (1.591 seconds):
INFO:root:COST >> 2.2125 +/- 0.0119, % updates: 81.759%
INFO:root:-- EPOCH 30 (1.531 seconds):
INFO:root:COST >> 2.2096 +/- 0.008, % updates: 81.836%
INFO:root:-- EPOCH 31 (1.643 seconds):
INFO:root:COST >> 2.2084 +/- 0.0097, % updates: 81.851%
INFO:root:-- EPOCH 32 (1.623 seconds):
INFO:root:COST >> 2.2105 +/- 0.0073, % updates: 81.671%
INFO:root:-- EPOCH 33 (1.608 seconds):
INFO:root:COST >> 2.2069 +/- 0.0116, % updates: 81.668%
INFO:root:-- EPOCH 34 (1.764 seconds):
INFO:root:COST >> 2.2081 +/- 0.0114, % updates: 81.765%
INFO:root:-- EPOCH 35 (1.661 seconds):
INFO:root:COST >> 2.2062 +/- 0.0116, % updates: 81.754%
INFO:root:-- EPOCH 36 (1.52 seconds):
INFO:root:COST >> 2.2081 +/- 0.0098, % updates: 81.835%
INFO:root:-- EPOCH 37 (1.546 seconds):
INFO:root:COST >> 2.2091 +/- 0.0143, % updates: 81.73%
INFO:root:-- EPOCH 38 (1.536 seconds):
INFO:root:COST >> 2.2077 +/- 0.0145, % updates: 81.721%
INFO:root:-- EPOCH 39 (1.57 seconds):
INFO:root:COST >> 2.2117 +/- 0.0105, % updates: 81.839%
INFO:root:-- EPOCH 40 (1.613 seconds):
INFO:root:COST >> 2.2096 +/- 0.0101, % updates: 81.838%
INFO:root:-- EPOCH 41 (1.589 seconds):
INFO:root:COST >> 2.2089 +/- 0.0082, % updates: 81.811%
INFO:root:-- EPOCH 42 (1.584 seconds):
INFO:root:COST >> 2.204 +/- 0.0101, % updates: 81.746%
INFO:root:-- EPOCH 43 (1.584 seconds):
INFO:root:COST >> 2.2055 +/- 0.0137, % updates: 81.676%
INFO:root:-- EPOCH 44 (1.691 seconds):
INFO:root:COST >> 2.2033 +/- 0.0112, % updates: 81.74%
INFO:root:-- EPOCH 45 (1.608 seconds):
INFO:root:COST >> 2.2053 +/- 0.0131, % updates: 81.783%
INFO:root:-- EPOCH 46 (1.699 seconds):
INFO:root:COST >> 2.2025 +/- 0.0083, % updates: 81.8%
INFO:root:-- EPOCH 47 (1.544 seconds):
INFO:root:COST >> 2.1997 +/- 0.0101, % updates: 81.666%
INFO:root:-- EPOCH 48 (1.523 seconds):
INFO:root:COST >> 2.2034 +/- 0.0126, % updates: 81.851%
INFO:root:-- EPOCH 49 (1.554 seconds):
INFO:root:COST >> 2.2021 +/- 0.0134, % updates: 81.73%
INFO:root:-- EPOCH 50 (1.534 seconds):
INFO:root:COST >> 2.2056 +/- 0.0107, % updates: 81.752%
INFO:root:-- EPOCH 51 (1.569 seconds):
INFO:root:COST >> 2.2016 +/- 0.0116, % updates: 81.777%
INFO:root:-- EPOCH 52 (1.564 seconds):
INFO:root:COST >> 2.1982 +/- 0.0062, % updates: 81.724%
INFO:root:-- EPOCH 53 (1.597 seconds):
INFO:root:COST >> 2.2075 +/- 0.0091, % updates: 81.916%
INFO:root:-- EPOCH 54 (1.532 seconds):
INFO:root:COST >> 2.2006 +/- 0.007, % updates: 81.779%
INFO:root:-- EPOCH 55 (1.505 seconds):
INFO:root:COST >> 2.1974 +/- 0.0083, % updates: 81.719%
INFO:root:-- EPOCH 56 (1.528 seconds):
INFO:root:COST >> 2.2013 +/- 0.0176, % updates: 81.773%
INFO:root:-- EPOCH 57 (1.508 seconds):
INFO:root:COST >> 2.201 +/- 0.012, % updates: 81.767%
INFO:root:-- EPOCH 58 (1.525 seconds):
INFO:root:COST >> 2.1984 +/- 0.0172, % updates: 81.722%
INFO:root:-- EPOCH 59 (1.509 seconds):
INFO:root:COST >> 2.2011 +/- 0.0157, % updates: 81.755%
INFO:root:-- EPOCH 60 (1.508 seconds):
INFO:root:COST >> 2.1996 +/- 0.013, % updates: 81.786%
INFO:root:-- EPOCH 61 (1.523 seconds):
INFO:root:COST >> 2.2016 +/- 0.011, % updates: 81.737%
INFO:root:-- EPOCH 62 (1.505 seconds):
INFO:root:COST >> 2.197 +/- 0.0116, % updates: 81.82%
INFO:root:-- EPOCH 63 (1.526 seconds):
INFO:root:COST >> 2.1995 +/- 0.0148, % updates: 81.799%
INFO:root:-- EPOCH 64 (1.53 seconds):
INFO:root:COST >> 2.193 +/- 0.0135, % updates: 81.793%
INFO:root:-- EPOCH 65 (1.497 seconds):
INFO:root:COST >> 2.1994 +/- 0.0124, % updates: 81.748%
INFO:root:-- EPOCH 66 (1.514 seconds):
INFO:root:COST >> 2.193 +/- 0.007, % updates: 81.732%
INFO:root:-- EPOCH 67 (1.528 seconds):
INFO:root:COST >> 2.1939 +/- 0.0141, % updates: 81.783%
INFO:root:-- EPOCH 68 (1.548 seconds):
INFO:root:COST >> 2.1913 +/- 0.014, % updates: 81.631%
INFO:root:-- EPOCH 69 (1.508 seconds):
INFO:root:COST >> 2.1909 +/- 0.0157, % updates: 81.736%
INFO:root:-- EPOCH 70 (1.504 seconds):
INFO:root:COST >> 2.1928 +/- 0.0146, % updates: 81.767%
INFO:root:-- EPOCH 71 (1.484 seconds):
INFO:root:COST >> 2.1925 +/- 0.0089, % updates: 81.738%
INFO:root:-- EPOCH 72 (1.55 seconds):
INFO:root:COST >> 2.1929 +/- 0.0134, % updates: 81.697%
INFO:root:-- EPOCH 73 (1.492 seconds):
INFO:root:COST >> 2.1949 +/- 0.0085, % updates: 81.779%
INFO:root:-- EPOCH 74 (1.572 seconds):
INFO:root:COST >> 2.1893 +/- 0.0086, % updates: 81.749%
INFO:root:-- EPOCH 75 (1.57 seconds):
INFO:root:COST >> 2.1934 +/- 0.0119, % updates: 81.833%
INFO:root:-- EPOCH 76 (1.54 seconds):
INFO:root:COST >> 2.1925 +/- 0.0094, % updates: 81.794%
INFO:root:-- EPOCH 77 (1.559 seconds):
INFO:root:COST >> 2.196 +/- 0.011, % updates: 81.845%
INFO:root:-- EPOCH 78 (1.551 seconds):
INFO:root:COST >> 2.1875 +/- 0.0096, % updates: 81.704%
INFO:root:-- EPOCH 79 (1.583 seconds):
INFO:root:COST >> 2.1893 +/- 0.0117, % updates: 81.756%
INFO:root:-- EPOCH 80 (1.537 seconds):
INFO:root:COST >> 2.193 +/- 0.0079, % updates: 81.78%
INFO:root:-- EPOCH 81 (1.571 seconds):
INFO:root:COST >> 2.1865 +/- 0.0055, % updates: 81.701%
INFO:root:-- EPOCH 82 (1.566 seconds):
INFO:root:COST >> 2.1885 +/- 0.0106, % updates: 81.803%
INFO:root:-- EPOCH 83 (1.567 seconds):
INFO:root:COST >> 2.185 +/- 0.0138, % updates: 81.768%
INFO:root:-- EPOCH 84 (1.494 seconds):
INFO:root:COST >> 2.1905 +/- 0.0105, % updates: 81.801%
INFO:root:-- EPOCH 85 (1.829 seconds):
INFO:root:COST >> 2.1912 +/- 0.0108, % updates: 81.746%
INFO:root:-- EPOCH 86 (1.539 seconds):
INFO:root:COST >> 2.1833 +/- 0.0048, % updates: 81.752%
INFO:root:-- EPOCH 87 (1.538 seconds):
INFO:root:COST >> 2.1825 +/- 0.0126, % updates: 81.728%
INFO:root:-- EPOCH 88 (1.51 seconds):
INFO:root:COST >> 2.1895 +/- 0.0096, % updates: 81.847%
INFO:root:-- EPOCH 89 (1.513 seconds):
INFO:root:COST >> 2.1868 +/- 0.0057, % updates: 81.819%
INFO:root:-- EPOCH 90 (1.514 seconds):
INFO:root:COST >> 2.1905 +/- 0.0105, % updates: 81.867%
INFO:root:-- EPOCH 91 (1.519 seconds):
INFO:root:COST >> 2.1867 +/- 0.0145, % updates: 81.821%
INFO:root:-- EPOCH 92 (1.525 seconds):
INFO:root:COST >> 2.1892 +/- 0.013, % updates: 81.777%
INFO:root:-- EPOCH 93 (1.496 seconds):
INFO:root:COST >> 2.1908 +/- 0.0174, % updates: 81.796%
INFO:root:-- EPOCH 94 (1.503 seconds):
INFO:root:COST >> 2.1875 +/- 0.0082, % updates: 81.793%
INFO:root:-- EPOCH 95 (1.579 seconds):
INFO:root:COST >> 2.1855 +/- 0.0105, % updates: 81.776%
INFO:root:-- EPOCH 96 (1.533 seconds):
INFO:root:COST >> 2.1853 +/- 0.0165, % updates: 81.834%
INFO:root:-- EPOCH 97 (1.524 seconds):
INFO:root:COST >> 2.1829 +/- 0.0145, % updates: 81.792%
INFO:root:-- EPOCH 98 (1.534 seconds):
INFO:root:COST >> 2.1884 +/- 0.0136, % updates: 81.941%
INFO:root:-- EPOCH 99 (1.538 seconds):
INFO:root:COST >> 2.1832 +/- 0.009, % updates: 81.812%
INFO:root:-- EPOCH 100 (1.414 seconds):
INFO:root:COST >> 2.1841 +/- 0.0087, % updates: 81.69%
