INFO:root:Shape for training set: (40961, 141442)
INFO:root:State: {'ndim': '20', 'test_all': 'None', 'test_path': 'None', 'nhid': '50', 'lremb': '1.0', 'seed': '9', 'simfn': 'L1', 'valid_path': 'None', 'nbatches': '10', 'lrparam': '1.0', 'decay': '0.999', 'show_hinton_diagrams': 'False', 'no_rescaling': 'True', 'Nrel': '18', 'ranking_score_right': 'False', 'Nent': '40961', 'Nsyn': '40943', 'method': 'SGD', 'loss_margin': '1.0', 'C': '1.0', 'epsilon': '1e-06', 'use_db': 'True', 'max_lr': 'None', 'l1_param_weight': 'None', 'filtered': 'False', 'name': 'wn_opt/wn_SGD_69', 'totepochs': '100', 'l2_param_weight': 'None', 'train_path': 'data/wn/WN-train.pkl', 'op': 'TransE'}
INFO:root:Starting the Experiment ..
INFO:root:-- EPOCH 1 (1.646 seconds):
INFO:root:COST >> 3.3614 +/- 0.5456, % updates: 67.987%
INFO:root:-- EPOCH 2 (1.703 seconds):
INFO:root:COST >> 3.6272 +/- 0.1998, % updates: 64.028%
INFO:root:-- EPOCH 3 (1.671 seconds):
INFO:root:COST >> 3.6121 +/- 0.2088, % updates: 63.982%
INFO:root:-- EPOCH 4 (1.636 seconds):
INFO:root:COST >> 3.6213 +/- 0.2027, % updates: 64.067%
INFO:root:-- EPOCH 5 (1.679 seconds):
INFO:root:COST >> 3.6373 +/- 0.203, % updates: 64.246%
INFO:root:-- EPOCH 6 (1.666 seconds):
INFO:root:COST >> 3.6067 +/- 0.1976, % updates: 63.997%
INFO:root:-- EPOCH 7 (1.695 seconds):
INFO:root:COST >> 3.6318 +/- 0.1941, % updates: 64.096%
INFO:root:-- EPOCH 8 (1.689 seconds):
INFO:root:COST >> 3.63 +/- 0.2211, % updates: 64.047%
INFO:root:-- EPOCH 9 (1.691 seconds):
INFO:root:COST >> 3.6163 +/- 0.1925, % updates: 63.944%
INFO:root:-- EPOCH 10 (1.712 seconds):
INFO:root:COST >> 3.6282 +/- 0.1973, % updates: 64.084%
INFO:root:-- EPOCH 11 (1.652 seconds):
INFO:root:COST >> 3.6216 +/- 0.1985, % updates: 63.955%
INFO:root:-- EPOCH 12 (1.677 seconds):
INFO:root:COST >> 3.6114 +/- 0.1958, % updates: 63.972%
INFO:root:-- EPOCH 13 (1.775 seconds):
INFO:root:COST >> 3.6059 +/- 0.1962, % updates: 63.973%
INFO:root:-- EPOCH 14 (1.712 seconds):
INFO:root:COST >> 3.621 +/- 0.1918, % updates: 63.999%
INFO:root:-- EPOCH 15 (1.741 seconds):
INFO:root:COST >> 3.6351 +/- 0.1973, % updates: 64.141%
INFO:root:-- EPOCH 16 (1.707 seconds):
INFO:root:COST >> 3.6165 +/- 0.197, % updates: 64.01%
INFO:root:-- EPOCH 17 (1.653 seconds):
INFO:root:COST >> 3.6024 +/- 0.2094, % updates: 63.929%
INFO:root:-- EPOCH 18 (1.727 seconds):
INFO:root:COST >> 3.6116 +/- 0.1919, % updates: 63.947%
INFO:root:-- EPOCH 19 (1.659 seconds):
INFO:root:COST >> 3.6085 +/- 0.1911, % updates: 64.003%
INFO:root:-- EPOCH 20 (1.642 seconds):
INFO:root:COST >> 3.6163 +/- 0.2154, % updates: 64.064%
INFO:root:-- EPOCH 21 (1.675 seconds):
INFO:root:COST >> 3.6146 +/- 0.1883, % updates: 64.09%
INFO:root:-- EPOCH 22 (1.719 seconds):
INFO:root:COST >> 3.6274 +/- 0.2002, % updates: 64.103%
INFO:root:-- EPOCH 23 (1.735 seconds):
INFO:root:COST >> 3.6272 +/- 0.1949, % updates: 64.155%
INFO:root:-- EPOCH 24 (1.654 seconds):
INFO:root:COST >> 3.6204 +/- 0.2128, % updates: 64.117%
INFO:root:-- EPOCH 25 (1.664 seconds):
INFO:root:COST >> 3.6223 +/- 0.1988, % updates: 64.006%
INFO:root:-- EPOCH 26 (1.687 seconds):
INFO:root:COST >> 3.6202 +/- 0.1948, % updates: 64.076%
INFO:root:-- EPOCH 27 (1.674 seconds):
INFO:root:COST >> 3.6316 +/- 0.1939, % updates: 64.03%
INFO:root:-- EPOCH 28 (1.745 seconds):
INFO:root:COST >> 3.6135 +/- 0.2048, % updates: 63.826%
INFO:root:-- EPOCH 29 (1.686 seconds):
INFO:root:COST >> 3.6206 +/- 0.1994, % updates: 64.034%
INFO:root:-- EPOCH 30 (1.71 seconds):
INFO:root:COST >> 3.6141 +/- 0.181, % updates: 63.973%
INFO:root:-- EPOCH 31 (1.777 seconds):
INFO:root:COST >> 3.6204 +/- 0.2059, % updates: 63.87%
INFO:root:-- EPOCH 32 (1.674 seconds):
INFO:root:COST >> 3.6187 +/- 0.209, % updates: 64.011%
INFO:root:-- EPOCH 33 (1.68 seconds):
INFO:root:COST >> 3.6214 +/- 0.1914, % updates: 64.063%
INFO:root:-- EPOCH 34 (1.662 seconds):
INFO:root:COST >> 3.6164 +/- 0.2126, % updates: 64.036%
INFO:root:-- EPOCH 35 (1.695 seconds):
INFO:root:COST >> 3.6358 +/- 0.1873, % updates: 64.118%
INFO:root:-- EPOCH 36 (1.659 seconds):
INFO:root:COST >> 3.6236 +/- 0.1982, % updates: 64.27%
INFO:root:-- EPOCH 37 (1.658 seconds):
INFO:root:COST >> 3.6165 +/- 0.2069, % updates: 64.005%
INFO:root:-- EPOCH 38 (1.686 seconds):
INFO:root:COST >> 3.6321 +/- 0.2052, % updates: 64.159%
INFO:root:-- EPOCH 39 (1.689 seconds):
INFO:root:COST >> 3.6083 +/- 0.1968, % updates: 64.072%
INFO:root:-- EPOCH 40 (1.647 seconds):
INFO:root:COST >> 3.6281 +/- 0.196, % updates: 64.049%
INFO:root:-- EPOCH 41 (1.644 seconds):
INFO:root:COST >> 3.6345 +/- 0.1881, % updates: 64.186%
INFO:root:-- EPOCH 42 (1.657 seconds):
INFO:root:COST >> 3.6358 +/- 0.1892, % updates: 64.017%
INFO:root:-- EPOCH 43 (1.656 seconds):
INFO:root:COST >> 3.6112 +/- 0.186, % updates: 64.071%
INFO:root:-- EPOCH 44 (1.696 seconds):
INFO:root:COST >> 3.6268 +/- 0.2086, % updates: 64.093%
INFO:root:-- EPOCH 45 (1.692 seconds):
INFO:root:COST >> 3.6072 +/- 0.2063, % updates: 64.039%
INFO:root:-- EPOCH 46 (1.686 seconds):
INFO:root:COST >> 3.6137 +/- 0.193, % updates: 64.067%
INFO:root:-- EPOCH 47 (1.693 seconds):
INFO:root:COST >> 3.6103 +/- 0.2026, % updates: 63.97%
INFO:root:-- EPOCH 48 (1.679 seconds):
INFO:root:COST >> 3.6189 +/- 0.1829, % updates: 63.977%
INFO:root:-- EPOCH 49 (1.802 seconds):
INFO:root:COST >> 3.6216 +/- 0.19, % updates: 64.026%
INFO:root:-- EPOCH 50 (1.737 seconds):
INFO:root:COST >> 3.6246 +/- 0.1912, % updates: 64.108%
INFO:root:-- EPOCH 51 (1.616 seconds):
INFO:root:COST >> 3.6219 +/- 0.1951, % updates: 63.975%
INFO:root:-- EPOCH 52 (1.676 seconds):
INFO:root:COST >> 3.6137 +/- 0.2073, % updates: 63.915%
INFO:root:-- EPOCH 53 (1.73 seconds):
INFO:root:COST >> 3.6265 +/- 0.205, % updates: 63.979%
INFO:root:-- EPOCH 54 (1.687 seconds):
INFO:root:COST >> 3.5992 +/- 0.2117, % updates: 63.926%
INFO:root:-- EPOCH 55 (1.701 seconds):
INFO:root:COST >> 3.6332 +/- 0.2072, % updates: 64.068%
INFO:root:-- EPOCH 56 (1.719 seconds):
INFO:root:COST >> 3.6218 +/- 0.207, % updates: 64.128%
INFO:root:-- EPOCH 57 (1.674 seconds):
INFO:root:COST >> 3.6098 +/- 0.1955, % updates: 64.014%
INFO:root:-- EPOCH 58 (1.682 seconds):
INFO:root:COST >> 3.6102 +/- 0.1952, % updates: 64.054%
INFO:root:-- EPOCH 59 (1.66 seconds):
INFO:root:COST >> 3.622 +/- 0.2109, % updates: 64.082%
INFO:root:-- EPOCH 60 (1.675 seconds):
INFO:root:COST >> 3.6211 +/- 0.1926, % updates: 64.089%
INFO:root:-- EPOCH 61 (1.691 seconds):
INFO:root:COST >> 3.6163 +/- 0.1867, % updates: 64.101%
INFO:root:-- EPOCH 62 (1.632 seconds):
INFO:root:COST >> 3.6197 +/- 0.1916, % updates: 64.163%
INFO:root:-- EPOCH 63 (1.659 seconds):
INFO:root:COST >> 3.6178 +/- 0.1853, % updates: 64.04%
INFO:root:-- EPOCH 64 (1.681 seconds):
INFO:root:COST >> 3.6303 +/- 0.2043, % updates: 64.073%
INFO:root:-- EPOCH 65 (1.813 seconds):
INFO:root:COST >> 3.623 +/- 0.2019, % updates: 64.019%
INFO:root:-- EPOCH 66 (1.807 seconds):
INFO:root:COST >> 3.6185 +/- 0.2034, % updates: 63.94%
INFO:root:-- EPOCH 67 (1.67 seconds):
INFO:root:COST >> 3.6206 +/- 0.2006, % updates: 64.119%
INFO:root:-- EPOCH 68 (1.72 seconds):
INFO:root:COST >> 3.6301 +/- 0.2029, % updates: 64.029%
INFO:root:-- EPOCH 69 (1.668 seconds):
INFO:root:COST >> 3.6307 +/- 0.2043, % updates: 64.042%
INFO:root:-- EPOCH 70 (1.687 seconds):
INFO:root:COST >> 3.6279 +/- 0.207, % updates: 64.04%
INFO:root:-- EPOCH 71 (1.678 seconds):
INFO:root:COST >> 3.6202 +/- 0.1981, % updates: 63.875%
INFO:root:-- EPOCH 72 (1.76 seconds):
INFO:root:COST >> 3.6058 +/- 0.1849, % updates: 63.893%
INFO:root:-- EPOCH 73 (1.718 seconds):
INFO:root:COST >> 3.6265 +/- 0.2048, % updates: 63.964%
INFO:root:-- EPOCH 74 (1.783 seconds):
INFO:root:COST >> 3.6091 +/- 0.1886, % updates: 64.026%
INFO:root:-- EPOCH 75 (1.656 seconds):
INFO:root:COST >> 3.6294 +/- 0.1853, % updates: 64.068%
INFO:root:-- EPOCH 76 (1.654 seconds):
INFO:root:COST >> 3.6158 +/- 0.191, % updates: 63.997%
INFO:root:-- EPOCH 77 (1.643 seconds):
INFO:root:COST >> 3.6158 +/- 0.1999, % updates: 64.017%
INFO:root:-- EPOCH 78 (1.64 seconds):
INFO:root:COST >> 3.6257 +/- 0.202, % updates: 64.161%
INFO:root:-- EPOCH 79 (1.647 seconds):
INFO:root:COST >> 3.6168 +/- 0.2202, % updates: 63.855%
INFO:root:-- EPOCH 80 (1.653 seconds):
INFO:root:COST >> 3.6266 +/- 0.1955, % updates: 64.149%
INFO:root:-- EPOCH 81 (1.636 seconds):
INFO:root:COST >> 3.632 +/- 0.2042, % updates: 64.072%
INFO:root:-- EPOCH 82 (1.724 seconds):
INFO:root:COST >> 3.5997 +/- 0.1939, % updates: 63.837%
INFO:root:-- EPOCH 83 (1.667 seconds):
INFO:root:COST >> 3.6164 +/- 0.2106, % updates: 64.001%
INFO:root:-- EPOCH 84 (1.707 seconds):
INFO:root:COST >> 3.6152 +/- 0.1953, % updates: 63.99%
INFO:root:-- EPOCH 85 (1.693 seconds):
INFO:root:COST >> 3.6217 +/- 0.2055, % updates: 63.999%
INFO:root:-- EPOCH 86 (1.735 seconds):
INFO:root:COST >> 3.6187 +/- 0.1906, % updates: 63.975%
INFO:root:-- EPOCH 87 (1.658 seconds):
INFO:root:COST >> 3.6182 +/- 0.1884, % updates: 64.081%
INFO:root:-- EPOCH 88 (1.641 seconds):
INFO:root:COST >> 3.6126 +/- 0.2004, % updates: 63.948%
INFO:root:-- EPOCH 89 (1.689 seconds):
INFO:root:COST >> 3.6168 +/- 0.2086, % updates: 63.971%
INFO:root:-- EPOCH 90 (1.643 seconds):
INFO:root:COST >> 3.6357 +/- 0.1931, % updates: 64.133%
INFO:root:-- EPOCH 91 (1.744 seconds):
INFO:root:COST >> 3.6154 +/- 0.1992, % updates: 64.103%
INFO:root:-- EPOCH 92 (1.68 seconds):
INFO:root:COST >> 3.6281 +/- 0.2063, % updates: 64.113%
INFO:root:-- EPOCH 93 (1.718 seconds):
INFO:root:COST >> 3.6298 +/- 0.1905, % updates: 64.197%
INFO:root:-- EPOCH 94 (1.737 seconds):
INFO:root:COST >> 3.6379 +/- 0.1876, % updates: 64.023%
INFO:root:-- EPOCH 95 (1.837 seconds):
INFO:root:COST >> 3.6172 +/- 0.1966, % updates: 63.935%
INFO:root:-- EPOCH 96 (1.919 seconds):
INFO:root:COST >> 3.6233 +/- 0.2103, % updates: 64.08%
INFO:root:-- EPOCH 97 (2.165 seconds):
INFO:root:COST >> 3.6138 +/- 0.2098, % updates: 63.996%
INFO:root:-- EPOCH 98 (2.051 seconds):
INFO:root:COST >> 3.6043 +/- 0.208, % updates: 63.872%
INFO:root:-- EPOCH 99 (1.829 seconds):
INFO:root:COST >> 3.6206 +/- 0.2067, % updates: 64.105%
INFO:root:-- EPOCH 100 (1.675 seconds):
INFO:root:COST >> 3.6261 +/- 0.1941, % updates: 64.015%
