INFO:root:Shape for training set: (40961, 141442)
INFO:root:State: {'ndim': '20', 'test_all': 'None', 'test_path': 'None', 'nhid': '50', 'lremb': '0.001', 'seed': '4', 'simfn': 'L1', 'valid_path': 'None', 'nbatches': '10', 'lrparam': '0.001', 'decay': '0.999', 'show_hinton_diagrams': 'False', 'no_rescaling': 'True', 'Nrel': '18', 'ranking_score_right': 'False', 'Nent': '40961', 'Nsyn': '40943', 'method': 'SGD', 'loss_margin': '1.0', 'C': '1.0', 'epsilon': '1e-06', 'use_db': 'True', 'max_lr': 'None', 'l1_param_weight': 'None', 'filtered': 'False', 'name': 'wn_opt/wn_SGD_34', 'totepochs': '100', 'l2_param_weight': 'None', 'train_path': 'data/wn/WN-train.pkl', 'op': 'TransE'}
INFO:root:Starting the Experiment ..
INFO:root:-- EPOCH 1 (1.469 seconds):
INFO:root:COST >> 2.1403 +/- 0.0458, % updates: 80.971%
INFO:root:-- EPOCH 2 (1.4 seconds):
INFO:root:COST >> 1.9727 +/- 0.03, % updates: 77.462%
INFO:root:-- EPOCH 3 (1.279 seconds):
INFO:root:COST >> 1.8535 +/- 0.0278, % updates: 74.935%
INFO:root:-- EPOCH 4 (1.567 seconds):
INFO:root:COST >> 1.7548 +/- 0.0211, % updates: 72.812%
INFO:root:-- EPOCH 5 (1.661 seconds):
INFO:root:COST >> 1.673 +/- 0.0123, % updates: 71.108%
INFO:root:-- EPOCH 6 (1.602 seconds):
INFO:root:COST >> 1.5965 +/- 0.0193, % updates: 69.389%
INFO:root:-- EPOCH 7 (1.607 seconds):
INFO:root:COST >> 1.54 +/- 0.0146, % updates: 68.227%
INFO:root:-- EPOCH 8 (1.571 seconds):
INFO:root:COST >> 1.4903 +/- 0.0246, % updates: 66.601%
INFO:root:-- EPOCH 9 (1.585 seconds):
INFO:root:COST >> 1.4429 +/- 0.0276, % updates: 65.375%
INFO:root:-- EPOCH 10 (1.655 seconds):
INFO:root:COST >> 1.4059 +/- 0.0106, % updates: 64.35%
INFO:root:-- EPOCH 11 (1.638 seconds):
INFO:root:COST >> 1.3645 +/- 0.0134, % updates: 63.077%
INFO:root:-- EPOCH 12 (1.604 seconds):
INFO:root:COST >> 1.3348 +/- 0.0161, % updates: 62.162%
INFO:root:-- EPOCH 13 (1.63 seconds):
INFO:root:COST >> 1.2936 +/- 0.0131, % updates: 61.116%
INFO:root:-- EPOCH 14 (1.651 seconds):
INFO:root:COST >> 1.2631 +/- 0.0197, % updates: 60.192%
INFO:root:-- EPOCH 15 (1.608 seconds):
INFO:root:COST >> 1.2438 +/- 0.0195, % updates: 59.552%
INFO:root:-- EPOCH 16 (1.556 seconds):
INFO:root:COST >> 1.2178 +/- 0.0108, % updates: 58.511%
INFO:root:-- EPOCH 17 (1.708 seconds):
INFO:root:COST >> 1.1866 +/- 0.017, % updates: 57.83%
INFO:root:-- EPOCH 18 (1.616 seconds):
INFO:root:COST >> 1.1744 +/- 0.0187, % updates: 57.001%
INFO:root:-- EPOCH 19 (1.648 seconds):
INFO:root:COST >> 1.143 +/- 0.0249, % updates: 56.06%
INFO:root:-- EPOCH 20 (1.592 seconds):
INFO:root:COST >> 1.1452 +/- 0.0182, % updates: 55.855%
INFO:root:-- EPOCH 21 (1.565 seconds):
INFO:root:COST >> 1.1061 +/- 0.0218, % updates: 54.826%
INFO:root:-- EPOCH 22 (1.604 seconds):
INFO:root:COST >> 1.1001 +/- 0.0159, % updates: 54.316%
INFO:root:-- EPOCH 23 (1.668 seconds):
INFO:root:COST >> 1.0764 +/- 0.0188, % updates: 53.653%
INFO:root:-- EPOCH 24 (1.597 seconds):
INFO:root:COST >> 1.0741 +/- 0.0314, % updates: 53.42%
INFO:root:-- EPOCH 25 (1.642 seconds):
INFO:root:COST >> 1.0622 +/- 0.0204, % updates: 52.827%
INFO:root:-- EPOCH 26 (1.611 seconds):
INFO:root:COST >> 1.0218 +/- 0.0373, % updates: 51.986%
INFO:root:-- EPOCH 27 (1.551 seconds):
INFO:root:COST >> 1.0329 +/- 0.0287, % updates: 51.825%
INFO:root:-- EPOCH 28 (1.601 seconds):
INFO:root:COST >> 1.0117 +/- 0.0248, % updates: 51.055%
INFO:root:-- EPOCH 29 (1.572 seconds):
INFO:root:COST >> 1.0156 +/- 0.0238, % updates: 50.853%
INFO:root:-- EPOCH 30 (1.609 seconds):
INFO:root:COST >> 0.99 +/- 0.0182, % updates: 50.103%
INFO:root:-- EPOCH 31 (1.626 seconds):
INFO:root:COST >> 0.9682 +/- 0.0231, % updates: 49.563%
INFO:root:-- EPOCH 32 (1.639 seconds):
INFO:root:COST >> 0.9681 +/- 0.0271, % updates: 49.321%
INFO:root:-- EPOCH 33 (1.586 seconds):
INFO:root:COST >> 0.9526 +/- 0.0368, % updates: 48.828%
INFO:root:-- EPOCH 34 (1.7 seconds):
INFO:root:COST >> 0.9518 +/- 0.0312, % updates: 48.546%
INFO:root:-- EPOCH 35 (1.577 seconds):
INFO:root:COST >> 0.9299 +/- 0.0318, % updates: 48.053%
INFO:root:-- EPOCH 36 (1.724 seconds):
INFO:root:COST >> 0.9305 +/- 0.0333, % updates: 48.044%
INFO:root:-- EPOCH 37 (1.57 seconds):
INFO:root:COST >> 0.9181 +/- 0.0271, % updates: 47.534%
INFO:root:-- EPOCH 38 (1.582 seconds):
INFO:root:COST >> 0.9156 +/- 0.0299, % updates: 47.27%
INFO:root:-- EPOCH 39 (1.643 seconds):
INFO:root:COST >> 0.9242 +/- 0.0231, % updates: 46.887%
INFO:root:-- EPOCH 40 (1.576 seconds):
INFO:root:COST >> 0.8937 +/- 0.0271, % updates: 46.363%
INFO:root:-- EPOCH 41 (1.644 seconds):
INFO:root:COST >> 0.9043 +/- 0.0238, % updates: 46.258%
INFO:root:-- EPOCH 42 (1.54 seconds):
INFO:root:COST >> 0.8887 +/- 0.0305, % updates: 45.8%
INFO:root:-- EPOCH 43 (1.541 seconds):
INFO:root:COST >> 0.8776 +/- 0.0202, % updates: 45.524%
INFO:root:-- EPOCH 44 (1.56 seconds):
INFO:root:COST >> 0.8621 +/- 0.0252, % updates: 45.037%
INFO:root:-- EPOCH 45 (1.524 seconds):
INFO:root:COST >> 0.8696 +/- 0.0355, % updates: 44.915%
INFO:root:-- EPOCH 46 (1.55 seconds):
INFO:root:COST >> 0.8629 +/- 0.033, % updates: 44.823%
INFO:root:-- EPOCH 47 (1.555 seconds):
INFO:root:COST >> 0.8584 +/- 0.0315, % updates: 44.505%
INFO:root:-- EPOCH 48 (1.594 seconds):
INFO:root:COST >> 0.8648 +/- 0.0249, % updates: 44.542%
INFO:root:-- EPOCH 49 (1.664 seconds):
INFO:root:COST >> 0.8469 +/- 0.0198, % updates: 44.025%
INFO:root:-- EPOCH 50 (1.596 seconds):
INFO:root:COST >> 0.8562 +/- 0.0332, % updates: 44.143%
INFO:root:-- EPOCH 51 (1.554 seconds):
INFO:root:COST >> 0.8367 +/- 0.018, % updates: 43.599%
INFO:root:-- EPOCH 52 (1.676 seconds):
INFO:root:COST >> 0.8383 +/- 0.0422, % updates: 43.443%
INFO:root:-- EPOCH 53 (2.015 seconds):
INFO:root:COST >> 0.8433 +/- 0.0365, % updates: 43.27%
INFO:root:-- EPOCH 54 (1.66 seconds):
INFO:root:COST >> 0.8307 +/- 0.0301, % updates: 43.098%
INFO:root:-- EPOCH 55 (1.858 seconds):
INFO:root:COST >> 0.8075 +/- 0.039, % updates: 42.661%
INFO:root:-- EPOCH 56 (2.022 seconds):
INFO:root:COST >> 0.8136 +/- 0.0442, % updates: 42.542%
INFO:root:-- EPOCH 57 (2.171 seconds):
INFO:root:COST >> 0.8208 +/- 0.0303, % updates: 42.576%
INFO:root:-- EPOCH 58 (1.819 seconds):
INFO:root:COST >> 0.8054 +/- 0.0359, % updates: 42.118%
INFO:root:-- EPOCH 59 (1.777 seconds):
INFO:root:COST >> 0.8089 +/- 0.0344, % updates: 42.11%
INFO:root:-- EPOCH 60 (1.783 seconds):
INFO:root:COST >> 0.8093 +/- 0.0346, % updates: 42.249%
INFO:root:-- EPOCH 61 (1.644 seconds):
INFO:root:COST >> 0.776 +/- 0.0443, % updates: 41.139%
INFO:root:-- EPOCH 62 (1.842 seconds):
INFO:root:COST >> 0.7886 +/- 0.033, % updates: 41.612%
INFO:root:-- EPOCH 63 (1.982 seconds):
INFO:root:COST >> 0.8049 +/- 0.0336, % updates: 41.692%
INFO:root:-- EPOCH 64 (1.621 seconds):
INFO:root:COST >> 0.784 +/- 0.0382, % updates: 41.465%
INFO:root:-- EPOCH 65 (1.665 seconds):
INFO:root:COST >> 0.7653 +/- 0.0503, % updates: 40.747%
INFO:root:-- EPOCH 66 (1.593 seconds):
INFO:root:COST >> 0.7719 +/- 0.0424, % updates: 40.892%
INFO:root:-- EPOCH 67 (1.571 seconds):
INFO:root:COST >> 0.7717 +/- 0.0406, % updates: 40.667%
INFO:root:-- EPOCH 68 (1.576 seconds):
INFO:root:COST >> 0.843 +/- 0.0402, % updates: 42.227%
INFO:root:-- EPOCH 69 (1.609 seconds):
INFO:root:COST >> 0.7914 +/- 0.0287, % updates: 40.976%
INFO:root:-- EPOCH 70 (1.591 seconds):
INFO:root:COST >> 0.8062 +/- 0.0266, % updates: 41.211%
INFO:root:-- EPOCH 71 (1.583 seconds):
INFO:root:COST >> 0.7431 +/- 0.0407, % updates: 39.762%
INFO:root:-- EPOCH 72 (1.597 seconds):
INFO:root:COST >> 0.7577 +/- 0.051, % updates: 40.155%
INFO:root:-- EPOCH 73 (1.591 seconds):
INFO:root:COST >> 0.8318 +/- 0.0317, % updates: 41.629%
INFO:root:-- EPOCH 74 (1.564 seconds):
INFO:root:COST >> 0.8031 +/- 0.0438, % updates: 40.89%
INFO:root:-- EPOCH 75 (1.576 seconds):
INFO:root:COST >> 0.8326 +/- 0.0573, % updates: 41.434%
INFO:root:-- EPOCH 76 (1.555 seconds):
INFO:root:COST >> 0.823 +/- 0.0454, % updates: 41.239%
INFO:root:-- EPOCH 77 (1.717 seconds):
INFO:root:COST >> 0.7683 +/- 0.0458, % updates: 40.023%
INFO:root:-- EPOCH 78 (1.902 seconds):
INFO:root:COST >> 0.7452 +/- 0.0476, % updates: 39.312%
INFO:root:-- EPOCH 79 (1.811 seconds):
INFO:root:COST >> 0.7676 +/- 0.0284, % updates: 40.095%
INFO:root:-- EPOCH 80 (1.584 seconds):
INFO:root:COST >> 0.7815 +/- 0.0503, % updates: 40.248%
INFO:root:-- EPOCH 81 (1.664 seconds):
INFO:root:COST >> 0.7847 +/- 0.0308, % updates: 40.205%
INFO:root:-- EPOCH 82 (1.59 seconds):
INFO:root:COST >> 0.8211 +/- 0.0393, % updates: 40.981%
INFO:root:-- EPOCH 83 (1.732 seconds):
INFO:root:COST >> 0.7963 +/- 0.0582, % updates: 40.226%
INFO:root:-- EPOCH 84 (1.636 seconds):
INFO:root:COST >> 0.8383 +/- 0.0351, % updates: 41.199%
INFO:root:-- EPOCH 85 (1.781 seconds):
INFO:root:COST >> 0.8168 +/- 0.0417, % updates: 40.899%
INFO:root:-- EPOCH 86 (1.677 seconds):
INFO:root:COST >> 0.8329 +/- 0.0502, % updates: 40.957%
INFO:root:-- EPOCH 87 (1.821 seconds):
INFO:root:COST >> 0.8197 +/- 0.0392, % updates: 40.881%
INFO:root:-- EPOCH 88 (1.561 seconds):
INFO:root:COST >> 0.8428 +/- 0.0428, % updates: 41.108%
INFO:root:-- EPOCH 89 (1.606 seconds):
INFO:root:COST >> 0.8247 +/- 0.0386, % updates: 40.818%
INFO:root:-- EPOCH 90 (1.616 seconds):
INFO:root:COST >> 0.8025 +/- 0.0685, % updates: 40.297%
INFO:root:-- EPOCH 91 (1.612 seconds):
INFO:root:COST >> 0.8301 +/- 0.0375, % updates: 40.863%
INFO:root:-- EPOCH 92 (1.697 seconds):
INFO:root:COST >> 0.7902 +/- 0.0285, % updates: 39.996%
INFO:root:-- EPOCH 93 (1.612 seconds):
INFO:root:COST >> 0.7701 +/- 0.0628, % updates: 39.293%
INFO:root:-- EPOCH 94 (1.621 seconds):
INFO:root:COST >> 0.8278 +/- 0.0589, % updates: 40.766%
INFO:root:-- EPOCH 95 (1.588 seconds):
INFO:root:COST >> 0.8157 +/- 0.0448, % updates: 40.422%
INFO:root:-- EPOCH 96 (1.691 seconds):
INFO:root:COST >> 0.8489 +/- 0.0387, % updates: 41.195%
INFO:root:-- EPOCH 97 (1.728 seconds):
INFO:root:COST >> 0.8439 +/- 0.0321, % updates: 41.022%
INFO:root:-- EPOCH 98 (1.66 seconds):
INFO:root:COST >> 0.7939 +/- 0.0483, % updates: 39.797%
INFO:root:-- EPOCH 99 (1.684 seconds):
INFO:root:COST >> 0.8462 +/- 0.0453, % updates: 41.168%
INFO:root:-- EPOCH 100 (1.607 seconds):
INFO:root:COST >> 0.8868 +/- 0.0538, % updates: 41.809%
