INFO:root:Shape for training set: (40961, 141442)
INFO:root:State: {'ndim': '20', 'test_all': 'None', 'test_path': 'None', 'nhid': '50', 'lremb': '1e-06', 'seed': '5', 'simfn': 'L1', 'valid_path': 'None', 'nbatches': '10', 'lrparam': '1e-06', 'decay': '0.999', 'show_hinton_diagrams': 'False', 'no_rescaling': 'True', 'Nrel': '18', 'ranking_score_right': 'False', 'Nent': '40961', 'Nsyn': '40943', 'method': 'SGD', 'loss_margin': '1.0', 'C': '1.0', 'epsilon': '1e-06', 'use_db': 'True', 'max_lr': 'None', 'l1_param_weight': 'None', 'filtered': 'False', 'name': 'wn_opt/wn_SGD_5', 'totepochs': '100', 'l2_param_weight': 'None', 'train_path': 'data/wn/WN-train.pkl', 'op': 'TransE'}
INFO:root:Starting the Experiment ..
INFO:root:-- EPOCH 1 (2.049 seconds):
INFO:root:COST >> 2.2037 +/- 0.0089, % updates: 81.416%
INFO:root:-- EPOCH 2 (2.044 seconds):
INFO:root:COST >> 2.2106 +/- 0.0126, % updates: 81.426%
INFO:root:-- EPOCH 3 (1.954 seconds):
INFO:root:COST >> 2.2068 +/- 0.0082, % updates: 81.347%
INFO:root:-- EPOCH 4 (1.637 seconds):
INFO:root:COST >> 2.207 +/- 0.0157, % updates: 81.471%
INFO:root:-- EPOCH 5 (1.52 seconds):
INFO:root:COST >> 2.2003 +/- 0.0122, % updates: 81.407%
INFO:root:-- EPOCH 6 (1.54 seconds):
INFO:root:COST >> 2.2088 +/- 0.0114, % updates: 81.556%
INFO:root:-- EPOCH 7 (1.535 seconds):
INFO:root:COST >> 2.2046 +/- 0.0149, % updates: 81.461%
INFO:root:-- EPOCH 8 (1.929 seconds):
INFO:root:COST >> 2.2019 +/- 0.0129, % updates: 81.475%
INFO:root:-- EPOCH 9 (1.6 seconds):
INFO:root:COST >> 2.2022 +/- 0.0066, % updates: 81.467%
INFO:root:-- EPOCH 10 (1.723 seconds):
INFO:root:COST >> 2.1989 +/- 0.0103, % updates: 81.419%
INFO:root:-- EPOCH 11 (1.552 seconds):
INFO:root:COST >> 2.2012 +/- 0.0092, % updates: 81.433%
INFO:root:-- EPOCH 12 (1.536 seconds):
INFO:root:COST >> 2.1969 +/- 0.0111, % updates: 81.392%
INFO:root:-- EPOCH 13 (1.601 seconds):
INFO:root:COST >> 2.1994 +/- 0.0089, % updates: 81.418%
INFO:root:-- EPOCH 14 (1.535 seconds):
INFO:root:COST >> 2.1967 +/- 0.0101, % updates: 81.463%
INFO:root:-- EPOCH 15 (1.589 seconds):
INFO:root:COST >> 2.1964 +/- 0.0123, % updates: 81.396%
INFO:root:-- EPOCH 16 (1.646 seconds):
INFO:root:COST >> 2.1999 +/- 0.0089, % updates: 81.384%
INFO:root:-- EPOCH 17 (1.549 seconds):
INFO:root:COST >> 2.1973 +/- 0.0101, % updates: 81.425%
INFO:root:-- EPOCH 18 (1.567 seconds):
INFO:root:COST >> 2.1968 +/- 0.0122, % updates: 81.468%
INFO:root:-- EPOCH 19 (1.615 seconds):
INFO:root:COST >> 2.1992 +/- 0.0104, % updates: 81.55%
INFO:root:-- EPOCH 20 (1.532 seconds):
INFO:root:COST >> 2.1962 +/- 0.0074, % updates: 81.418%
INFO:root:-- EPOCH 21 (1.574 seconds):
INFO:root:COST >> 2.1907 +/- 0.0125, % updates: 81.408%
INFO:root:-- EPOCH 22 (1.558 seconds):
INFO:root:COST >> 2.1947 +/- 0.0083, % updates: 81.458%
INFO:root:-- EPOCH 23 (1.561 seconds):
INFO:root:COST >> 2.1927 +/- 0.0133, % updates: 81.465%
INFO:root:-- EPOCH 24 (1.608 seconds):
INFO:root:COST >> 2.1982 +/- 0.0114, % updates: 81.523%
INFO:root:-- EPOCH 25 (1.53 seconds):
INFO:root:COST >> 2.1947 +/- 0.0133, % updates: 81.525%
INFO:root:-- EPOCH 26 (1.556 seconds):
INFO:root:COST >> 2.1957 +/- 0.011, % updates: 81.474%
INFO:root:-- EPOCH 27 (1.601 seconds):
INFO:root:COST >> 2.1943 +/- 0.0092, % updates: 81.573%
INFO:root:-- EPOCH 28 (1.72 seconds):
INFO:root:COST >> 2.195 +/- 0.0118, % updates: 81.455%
INFO:root:-- EPOCH 29 (1.898 seconds):
INFO:root:COST >> 2.1898 +/- 0.0079, % updates: 81.482%
INFO:root:-- EPOCH 30 (1.656 seconds):
INFO:root:COST >> 2.1924 +/- 0.008, % updates: 81.65%
INFO:root:-- EPOCH 31 (1.717 seconds):
INFO:root:COST >> 2.1916 +/- 0.0131, % updates: 81.572%
INFO:root:-- EPOCH 32 (1.644 seconds):
INFO:root:COST >> 2.1865 +/- 0.0091, % updates: 81.479%
INFO:root:-- EPOCH 33 (1.771 seconds):
INFO:root:COST >> 2.1916 +/- 0.0153, % updates: 81.421%
INFO:root:-- EPOCH 34 (1.892 seconds):
INFO:root:COST >> 2.1928 +/- 0.0083, % updates: 81.554%
INFO:root:-- EPOCH 35 (1.983 seconds):
INFO:root:COST >> 2.1935 +/- 0.0126, % updates: 81.611%
INFO:root:-- EPOCH 36 (1.727 seconds):
INFO:root:COST >> 2.1917 +/- 0.0099, % updates: 81.392%
INFO:root:-- EPOCH 37 (2.017 seconds):
INFO:root:COST >> 2.1907 +/- 0.0155, % updates: 81.529%
INFO:root:-- EPOCH 38 (1.703 seconds):
INFO:root:COST >> 2.1853 +/- 0.008, % updates: 81.495%
INFO:root:-- EPOCH 39 (1.709 seconds):
INFO:root:COST >> 2.1886 +/- 0.0116, % updates: 81.429%
INFO:root:-- EPOCH 40 (1.911 seconds):
INFO:root:COST >> 2.1869 +/- 0.0122, % updates: 81.448%
INFO:root:-- EPOCH 41 (1.541 seconds):
INFO:root:COST >> 2.1869 +/- 0.008, % updates: 81.553%
INFO:root:-- EPOCH 42 (1.634 seconds):
INFO:root:COST >> 2.189 +/- 0.0117, % updates: 81.419%
INFO:root:-- EPOCH 43 (1.902 seconds):
INFO:root:COST >> 2.1877 +/- 0.0107, % updates: 81.447%
INFO:root:-- EPOCH 44 (1.792 seconds):
INFO:root:COST >> 2.1904 +/- 0.0142, % updates: 81.519%
INFO:root:-- EPOCH 45 (1.653 seconds):
INFO:root:COST >> 2.1831 +/- 0.012, % updates: 81.512%
INFO:root:-- EPOCH 46 (1.566 seconds):
INFO:root:COST >> 2.1824 +/- 0.0139, % updates: 81.451%
INFO:root:-- EPOCH 47 (1.654 seconds):
INFO:root:COST >> 2.1845 +/- 0.0116, % updates: 81.549%
INFO:root:-- EPOCH 48 (1.53 seconds):
INFO:root:COST >> 2.1867 +/- 0.0129, % updates: 81.553%
INFO:root:-- EPOCH 49 (1.603 seconds):
INFO:root:COST >> 2.1844 +/- 0.0133, % updates: 81.496%
INFO:root:-- EPOCH 50 (1.573 seconds):
INFO:root:COST >> 2.1824 +/- 0.0106, % updates: 81.445%
INFO:root:-- EPOCH 51 (1.599 seconds):
INFO:root:COST >> 2.1869 +/- 0.0081, % updates: 81.506%
INFO:root:-- EPOCH 52 (1.504 seconds):
INFO:root:COST >> 2.1856 +/- 0.015, % updates: 81.549%
INFO:root:-- EPOCH 53 (1.499 seconds):
INFO:root:COST >> 2.181 +/- 0.0107, % updates: 81.442%
INFO:root:-- EPOCH 54 (1.551 seconds):
INFO:root:COST >> 2.1841 +/- 0.0115, % updates: 81.552%
INFO:root:-- EPOCH 55 (1.557 seconds):
INFO:root:COST >> 2.1856 +/- 0.0141, % updates: 81.572%
INFO:root:-- EPOCH 56 (1.561 seconds):
INFO:root:COST >> 2.1802 +/- 0.0121, % updates: 81.507%
INFO:root:-- EPOCH 57 (1.539 seconds):
INFO:root:COST >> 2.1813 +/- 0.0167, % updates: 81.641%
INFO:root:-- EPOCH 58 (1.552 seconds):
INFO:root:COST >> 2.1803 +/- 0.0127, % updates: 81.506%
INFO:root:-- EPOCH 59 (1.527 seconds):
INFO:root:COST >> 2.1819 +/- 0.0096, % updates: 81.451%
INFO:root:-- EPOCH 60 (1.562 seconds):
INFO:root:COST >> 2.1778 +/- 0.0089, % updates: 81.563%
INFO:root:-- EPOCH 61 (1.574 seconds):
INFO:root:COST >> 2.1857 +/- 0.0094, % updates: 81.561%
INFO:root:-- EPOCH 62 (1.943 seconds):
INFO:root:COST >> 2.1818 +/- 0.0118, % updates: 81.576%
INFO:root:-- EPOCH 63 (2.266 seconds):
INFO:root:COST >> 2.1832 +/- 0.0136, % updates: 81.519%
INFO:root:-- EPOCH 64 (1.776 seconds):
INFO:root:COST >> 2.176 +/- 0.0146, % updates: 81.448%
INFO:root:-- EPOCH 65 (1.538 seconds):
INFO:root:COST >> 2.1801 +/- 0.0122, % updates: 81.62%
INFO:root:-- EPOCH 66 (1.608 seconds):
INFO:root:COST >> 2.1811 +/- 0.0173, % updates: 81.614%
INFO:root:-- EPOCH 67 (1.808 seconds):
INFO:root:COST >> 2.1794 +/- 0.0182, % updates: 81.505%
INFO:root:-- EPOCH 68 (1.611 seconds):
INFO:root:COST >> 2.1769 +/- 0.0146, % updates: 81.502%
INFO:root:-- EPOCH 69 (1.819 seconds):
INFO:root:COST >> 2.1759 +/- 0.0111, % updates: 81.534%
INFO:root:-- EPOCH 70 (1.856 seconds):
INFO:root:COST >> 2.1783 +/- 0.0092, % updates: 81.54%
INFO:root:-- EPOCH 71 (1.618 seconds):
INFO:root:COST >> 2.1765 +/- 0.0205, % updates: 81.581%
INFO:root:-- EPOCH 72 (1.638 seconds):
INFO:root:COST >> 2.1726 +/- 0.0141, % updates: 81.424%
INFO:root:-- EPOCH 73 (1.682 seconds):
INFO:root:COST >> 2.1705 +/- 0.011, % updates: 81.466%
INFO:root:-- EPOCH 74 (1.678 seconds):
INFO:root:COST >> 2.1731 +/- 0.0095, % updates: 81.529%
INFO:root:-- EPOCH 75 (1.664 seconds):
INFO:root:COST >> 2.1769 +/- 0.0085, % updates: 81.55%
INFO:root:-- EPOCH 76 (1.906 seconds):
INFO:root:COST >> 2.1686 +/- 0.0095, % updates: 81.506%
INFO:root:-- EPOCH 77 (1.531 seconds):
INFO:root:COST >> 2.1751 +/- 0.0118, % updates: 81.631%
INFO:root:-- EPOCH 78 (1.747 seconds):
INFO:root:COST >> 2.1707 +/- 0.0078, % updates: 81.563%
INFO:root:-- EPOCH 79 (1.805 seconds):
INFO:root:COST >> 2.1725 +/- 0.0084, % updates: 81.561%
INFO:root:-- EPOCH 80 (1.611 seconds):
INFO:root:COST >> 2.1716 +/- 0.0117, % updates: 81.367%
INFO:root:-- EPOCH 81 (1.77 seconds):
INFO:root:COST >> 2.1713 +/- 0.0093, % updates: 81.495%
INFO:root:-- EPOCH 82 (1.641 seconds):
INFO:root:COST >> 2.1694 +/- 0.0149, % updates: 81.622%
INFO:root:-- EPOCH 83 (1.709 seconds):
INFO:root:COST >> 2.1709 +/- 0.0115, % updates: 81.528%
INFO:root:-- EPOCH 84 (1.676 seconds):
INFO:root:COST >> 2.1758 +/- 0.0092, % updates: 81.466%
INFO:root:-- EPOCH 85 (1.64 seconds):
INFO:root:COST >> 2.1726 +/- 0.0119, % updates: 81.496%
INFO:root:-- EPOCH 86 (1.602 seconds):
INFO:root:COST >> 2.1726 +/- 0.011, % updates: 81.644%
INFO:root:-- EPOCH 87 (1.681 seconds):
INFO:root:COST >> 2.169 +/- 0.0112, % updates: 81.594%
INFO:root:-- EPOCH 88 (1.692 seconds):
INFO:root:COST >> 2.1661 +/- 0.0052, % updates: 81.532%
INFO:root:-- EPOCH 89 (1.629 seconds):
INFO:root:COST >> 2.1695 +/- 0.0144, % updates: 81.671%
INFO:root:-- EPOCH 90 (1.69 seconds):
INFO:root:COST >> 2.1694 +/- 0.0138, % updates: 81.495%
INFO:root:-- EPOCH 91 (1.633 seconds):
INFO:root:COST >> 2.1666 +/- 0.014, % updates: 81.478%
INFO:root:-- EPOCH 92 (1.638 seconds):
INFO:root:COST >> 2.1701 +/- 0.0067, % updates: 81.53%
INFO:root:-- EPOCH 93 (1.694 seconds):
INFO:root:COST >> 2.1698 +/- 0.0093, % updates: 81.492%
INFO:root:-- EPOCH 94 (1.571 seconds):
INFO:root:COST >> 2.1697 +/- 0.0111, % updates: 81.568%
INFO:root:-- EPOCH 95 (1.84 seconds):
INFO:root:COST >> 2.1739 +/- 0.0125, % updates: 81.491%
INFO:root:-- EPOCH 96 (1.819 seconds):
INFO:root:COST >> 2.1645 +/- 0.0076, % updates: 81.55%
INFO:root:-- EPOCH 97 (1.739 seconds):
INFO:root:COST >> 2.1661 +/- 0.0123, % updates: 81.48%
INFO:root:-- EPOCH 98 (1.582 seconds):
INFO:root:COST >> 2.1668 +/- 0.01, % updates: 81.543%
INFO:root:-- EPOCH 99 (1.645 seconds):
INFO:root:COST >> 2.1658 +/- 0.0096, % updates: 81.573%
INFO:root:-- EPOCH 100 (1.359 seconds):
INFO:root:COST >> 2.1672 +/- 0.0106, % updates: 81.52%
