INFO:root:Shape for training set: (40961, 141442)
INFO:root:State: {'ndim': '20', 'test_all': 'None', 'test_path': 'None', 'nhid': '50', 'lremb': '0.0001', 'seed': '1', 'simfn': 'L1', 'valid_path': 'None', 'nbatches': '10', 'lrparam': '0.0001', 'decay': '0.999', 'show_hinton_diagrams': 'False', 'no_rescaling': 'True', 'Nrel': '18', 'ranking_score_right': 'False', 'Nent': '40961', 'Nsyn': '40943', 'method': 'SGD', 'loss_margin': '1.0', 'C': '1.0', 'epsilon': '1e-06', 'use_db': 'True', 'max_lr': 'None', 'l1_param_weight': 'None', 'filtered': 'False', 'name': 'wn_opt/wn_SGD_21', 'totepochs': '100', 'l2_param_weight': 'None', 'train_path': 'data/wn/WN-train.pkl', 'op': 'TransE'}
INFO:root:Starting the Experiment ..
INFO:root:-- EPOCH 1 (1.6 seconds):
INFO:root:COST >> 2.1955 +/- 0.0148, % updates: 81.626%
INFO:root:-- EPOCH 2 (1.835 seconds):
INFO:root:COST >> 2.1591 +/- 0.0175, % updates: 81.524%
INFO:root:-- EPOCH 3 (1.668 seconds):
INFO:root:COST >> 2.1347 +/- 0.0149, % updates: 81.196%
INFO:root:-- EPOCH 4 (1.622 seconds):
INFO:root:COST >> 2.1086 +/- 0.0116, % updates: 80.913%
INFO:root:-- EPOCH 5 (1.951 seconds):
INFO:root:COST >> 2.0878 +/- 0.0104, % updates: 80.452%
INFO:root:-- EPOCH 6 (1.629 seconds):
INFO:root:COST >> 2.0682 +/- 0.0133, % updates: 80.058%
INFO:root:-- EPOCH 7 (1.649 seconds):
INFO:root:COST >> 2.0507 +/- 0.0075, % updates: 79.679%
INFO:root:-- EPOCH 8 (1.688 seconds):
INFO:root:COST >> 2.0303 +/- 0.0117, % updates: 79.375%
INFO:root:-- EPOCH 9 (1.632 seconds):
INFO:root:COST >> 2.0136 +/- 0.0151, % updates: 78.95%
INFO:root:-- EPOCH 10 (1.564 seconds):
INFO:root:COST >> 1.9916 +/- 0.0103, % updates: 78.502%
INFO:root:-- EPOCH 11 (1.64 seconds):
INFO:root:COST >> 1.9835 +/- 0.009, % updates: 78.365%
INFO:root:-- EPOCH 12 (1.632 seconds):
INFO:root:COST >> 1.9639 +/- 0.0116, % updates: 78.059%
INFO:root:-- EPOCH 13 (1.568 seconds):
INFO:root:COST >> 1.9461 +/- 0.005, % updates: 77.553%
INFO:root:-- EPOCH 14 (1.588 seconds):
INFO:root:COST >> 1.9296 +/- 0.0122, % updates: 77.403%
INFO:root:-- EPOCH 15 (1.496 seconds):
INFO:root:COST >> 1.9157 +/- 0.0154, % updates: 77.11%
INFO:root:-- EPOCH 16 (1.616 seconds):
INFO:root:COST >> 1.9032 +/- 0.0152, % updates: 76.839%
INFO:root:-- EPOCH 17 (1.544 seconds):
INFO:root:COST >> 1.8882 +/- 0.0098, % updates: 76.596%
INFO:root:-- EPOCH 18 (1.573 seconds):
INFO:root:COST >> 1.8758 +/- 0.0099, % updates: 76.238%
INFO:root:-- EPOCH 19 (1.542 seconds):
INFO:root:COST >> 1.859 +/- 0.0119, % updates: 75.983%
INFO:root:-- EPOCH 20 (1.591 seconds):
INFO:root:COST >> 1.8451 +/- 0.0124, % updates: 75.606%
INFO:root:-- EPOCH 21 (1.518 seconds):
INFO:root:COST >> 1.8338 +/- 0.0111, % updates: 75.421%
INFO:root:-- EPOCH 22 (1.543 seconds):
INFO:root:COST >> 1.818 +/- 0.0113, % updates: 75.214%
INFO:root:-- EPOCH 23 (1.549 seconds):
INFO:root:COST >> 1.8057 +/- 0.0088, % updates: 74.893%
INFO:root:-- EPOCH 24 (1.52 seconds):
INFO:root:COST >> 1.7941 +/- 0.0113, % updates: 74.783%
INFO:root:-- EPOCH 25 (1.51 seconds):
INFO:root:COST >> 1.7764 +/- 0.0086, % updates: 74.211%
INFO:root:-- EPOCH 26 (1.587 seconds):
INFO:root:COST >> 1.7681 +/- 0.0103, % updates: 74.206%
INFO:root:-- EPOCH 27 (1.511 seconds):
INFO:root:COST >> 1.753 +/- 0.0126, % updates: 73.825%
INFO:root:-- EPOCH 28 (1.536 seconds):
INFO:root:COST >> 1.7424 +/- 0.0134, % updates: 73.696%
INFO:root:-- EPOCH 29 (1.518 seconds):
INFO:root:COST >> 1.7315 +/- 0.007, % updates: 73.453%
INFO:root:-- EPOCH 30 (1.542 seconds):
INFO:root:COST >> 1.7161 +/- 0.0148, % updates: 73.068%
INFO:root:-- EPOCH 31 (1.642 seconds):
INFO:root:COST >> 1.7036 +/- 0.0146, % updates: 72.912%
INFO:root:-- EPOCH 32 (1.597 seconds):
INFO:root:COST >> 1.6964 +/- 0.01, % updates: 72.676%
INFO:root:-- EPOCH 33 (1.591 seconds):
INFO:root:COST >> 1.6904 +/- 0.014, % updates: 72.606%
INFO:root:-- EPOCH 34 (1.578 seconds):
INFO:root:COST >> 1.6727 +/- 0.0103, % updates: 72.301%
INFO:root:-- EPOCH 35 (1.548 seconds):
INFO:root:COST >> 1.663 +/- 0.008, % updates: 72.033%
INFO:root:-- EPOCH 36 (1.562 seconds):
INFO:root:COST >> 1.6478 +/- 0.0101, % updates: 71.801%
INFO:root:-- EPOCH 37 (1.532 seconds):
INFO:root:COST >> 1.6425 +/- 0.0082, % updates: 71.661%
INFO:root:-- EPOCH 38 (1.585 seconds):
INFO:root:COST >> 1.6292 +/- 0.0108, % updates: 71.381%
INFO:root:-- EPOCH 39 (1.56 seconds):
INFO:root:COST >> 1.6189 +/- 0.0104, % updates: 71.273%
INFO:root:-- EPOCH 40 (1.574 seconds):
INFO:root:COST >> 1.606 +/- 0.0099, % updates: 70.908%
INFO:root:-- EPOCH 41 (1.576 seconds):
INFO:root:COST >> 1.5951 +/- 0.0073, % updates: 70.687%
INFO:root:-- EPOCH 42 (1.614 seconds):
INFO:root:COST >> 1.5897 +/- 0.0079, % updates: 70.594%
INFO:root:-- EPOCH 43 (1.563 seconds):
INFO:root:COST >> 1.5775 +/- 0.0136, % updates: 70.347%
INFO:root:-- EPOCH 44 (1.561 seconds):
INFO:root:COST >> 1.5684 +/- 0.0091, % updates: 70.221%
INFO:root:-- EPOCH 45 (1.572 seconds):
INFO:root:COST >> 1.5546 +/- 0.008, % updates: 69.867%
INFO:root:-- EPOCH 46 (1.537 seconds):
INFO:root:COST >> 1.5486 +/- 0.0123, % updates: 69.724%
INFO:root:-- EPOCH 47 (1.536 seconds):
INFO:root:COST >> 1.5351 +/- 0.0117, % updates: 69.458%
INFO:root:-- EPOCH 48 (1.549 seconds):
INFO:root:COST >> 1.5313 +/- 0.0077, % updates: 69.338%
INFO:root:-- EPOCH 49 (1.588 seconds):
INFO:root:COST >> 1.5195 +/- 0.0087, % updates: 69.0%
INFO:root:-- EPOCH 50 (1.542 seconds):
INFO:root:COST >> 1.5107 +/- 0.0093, % updates: 68.867%
INFO:root:-- EPOCH 51 (1.693 seconds):
INFO:root:COST >> 1.497 +/- 0.0113, % updates: 68.761%
INFO:root:-- EPOCH 52 (1.578 seconds):
INFO:root:COST >> 1.4884 +/- 0.0078, % updates: 68.457%
INFO:root:-- EPOCH 53 (1.559 seconds):
INFO:root:COST >> 1.4805 +/- 0.0082, % updates: 68.291%
INFO:root:-- EPOCH 54 (1.563 seconds):
INFO:root:COST >> 1.4696 +/- 0.0061, % updates: 68.045%
INFO:root:-- EPOCH 55 (1.553 seconds):
INFO:root:COST >> 1.4595 +/- 0.0141, % updates: 67.889%
INFO:root:-- EPOCH 56 (1.614 seconds):
INFO:root:COST >> 1.4533 +/- 0.0084, % updates: 67.58%
INFO:root:-- EPOCH 57 (1.53 seconds):
INFO:root:COST >> 1.4444 +/- 0.0123, % updates: 67.522%
INFO:root:-- EPOCH 58 (1.535 seconds):
INFO:root:COST >> 1.4369 +/- 0.0083, % updates: 67.306%
INFO:root:-- EPOCH 59 (1.534 seconds):
INFO:root:COST >> 1.4244 +/- 0.0082, % updates: 67.157%
INFO:root:-- EPOCH 60 (1.544 seconds):
INFO:root:COST >> 1.4178 +/- 0.0123, % updates: 66.792%
INFO:root:-- EPOCH 61 (1.578 seconds):
INFO:root:COST >> 1.4076 +/- 0.0071, % updates: 66.698%
INFO:root:-- EPOCH 62 (1.556 seconds):
INFO:root:COST >> 1.3993 +/- 0.01, % updates: 66.483%
INFO:root:-- EPOCH 63 (1.526 seconds):
INFO:root:COST >> 1.3931 +/- 0.0096, % updates: 66.359%
INFO:root:-- EPOCH 64 (1.581 seconds):
INFO:root:COST >> 1.388 +/- 0.0083, % updates: 66.16%
INFO:root:-- EPOCH 65 (1.54 seconds):
INFO:root:COST >> 1.3798 +/- 0.0097, % updates: 66.1%
INFO:root:-- EPOCH 66 (1.567 seconds):
INFO:root:COST >> 1.3679 +/- 0.0102, % updates: 65.655%
INFO:root:-- EPOCH 67 (1.533 seconds):
INFO:root:COST >> 1.3667 +/- 0.0116, % updates: 65.734%
INFO:root:-- EPOCH 68 (1.597 seconds):
INFO:root:COST >> 1.3545 +/- 0.0105, % updates: 65.445%
INFO:root:-- EPOCH 69 (1.551 seconds):
INFO:root:COST >> 1.3444 +/- 0.0109, % updates: 65.268%
INFO:root:-- EPOCH 70 (1.627 seconds):
INFO:root:COST >> 1.3397 +/- 0.0127, % updates: 65.096%
INFO:root:-- EPOCH 71 (1.533 seconds):
INFO:root:COST >> 1.3327 +/- 0.0102, % updates: 64.928%
INFO:root:-- EPOCH 72 (1.557 seconds):
INFO:root:COST >> 1.3282 +/- 0.011, % updates: 64.679%
INFO:root:-- EPOCH 73 (1.558 seconds):
INFO:root:COST >> 1.312 +/- 0.0109, % updates: 64.493%
INFO:root:-- EPOCH 74 (1.675 seconds):
INFO:root:COST >> 1.3095 +/- 0.0093, % updates: 64.374%
INFO:root:-- EPOCH 75 (1.664 seconds):
INFO:root:COST >> 1.2998 +/- 0.0104, % updates: 64.167%
INFO:root:-- EPOCH 76 (1.694 seconds):
INFO:root:COST >> 1.294 +/- 0.0095, % updates: 63.988%
INFO:root:-- EPOCH 77 (1.568 seconds):
INFO:root:COST >> 1.2888 +/- 0.0064, % updates: 63.82%
INFO:root:-- EPOCH 78 (1.535 seconds):
INFO:root:COST >> 1.2817 +/- 0.0104, % updates: 63.711%
INFO:root:-- EPOCH 79 (1.576 seconds):
INFO:root:COST >> 1.272 +/- 0.0079, % updates: 63.54%
INFO:root:-- EPOCH 80 (1.685 seconds):
INFO:root:COST >> 1.2653 +/- 0.0081, % updates: 63.331%
INFO:root:-- EPOCH 81 (1.997 seconds):
INFO:root:COST >> 1.2597 +/- 0.0087, % updates: 63.111%
INFO:root:-- EPOCH 82 (1.975 seconds):
INFO:root:COST >> 1.2513 +/- 0.0087, % updates: 62.933%
INFO:root:-- EPOCH 83 (1.998 seconds):
INFO:root:COST >> 1.2457 +/- 0.0052, % updates: 62.842%
INFO:root:-- EPOCH 84 (1.995 seconds):
INFO:root:COST >> 1.24 +/- 0.0109, % updates: 62.565%
INFO:root:-- EPOCH 85 (1.993 seconds):
INFO:root:COST >> 1.231 +/- 0.0111, % updates: 62.498%
INFO:root:-- EPOCH 86 (2.032 seconds):
INFO:root:COST >> 1.2232 +/- 0.0073, % updates: 62.156%
INFO:root:-- EPOCH 87 (2.111 seconds):
INFO:root:COST >> 1.2187 +/- 0.0068, % updates: 62.168%
INFO:root:-- EPOCH 88 (1.629 seconds):
INFO:root:COST >> 1.2119 +/- 0.0054, % updates: 61.911%
INFO:root:-- EPOCH 89 (1.605 seconds):
INFO:root:COST >> 1.206 +/- 0.0134, % updates: 61.862%
INFO:root:-- EPOCH 90 (1.571 seconds):
INFO:root:COST >> 1.2038 +/- 0.0082, % updates: 61.628%
INFO:root:-- EPOCH 91 (1.541 seconds):
INFO:root:COST >> 1.1944 +/- 0.006, % updates: 61.375%
INFO:root:-- EPOCH 92 (1.571 seconds):
INFO:root:COST >> 1.1895 +/- 0.0079, % updates: 61.315%
INFO:root:-- EPOCH 93 (1.556 seconds):
INFO:root:COST >> 1.1807 +/- 0.009, % updates: 61.061%
INFO:root:-- EPOCH 94 (1.54 seconds):
INFO:root:COST >> 1.1777 +/- 0.008, % updates: 61.063%
INFO:root:-- EPOCH 95 (1.545 seconds):
INFO:root:COST >> 1.1689 +/- 0.0073, % updates: 60.805%
INFO:root:-- EPOCH 96 (1.547 seconds):
INFO:root:COST >> 1.1626 +/- 0.0097, % updates: 60.598%
INFO:root:-- EPOCH 97 (1.428 seconds):
INFO:root:COST >> 1.1536 +/- 0.007, % updates: 60.381%
INFO:root:-- EPOCH 98 (1.189 seconds):
INFO:root:COST >> 1.152 +/- 0.0075, % updates: 60.386%
INFO:root:-- EPOCH 99 (1.255 seconds):
INFO:root:COST >> 1.1431 +/- 0.0089, % updates: 60.164%
INFO:root:-- EPOCH 100 (1.27 seconds):
INFO:root:COST >> 1.1359 +/- 0.0092, % updates: 59.882%
