INFO:root:Shape for training set: (40961, 141442)
INFO:root:State: {'ndim': '20', 'test_all': 'None', 'test_path': 'None', 'nhid': '50', 'lremb': '0.1', 'seed': '0', 'simfn': 'L1', 'valid_path': 'None', 'nbatches': '10', 'lrparam': '0.1', 'decay': '0.999', 'show_hinton_diagrams': 'False', 'no_rescaling': 'True', 'Nrel': '18', 'ranking_score_right': 'False', 'Nent': '40961', 'Nsyn': '40943', 'method': 'SGD', 'loss_margin': '1.0', 'C': '1.0', 'epsilon': '1e-06', 'use_db': 'True', 'max_lr': 'None', 'l1_param_weight': 'None', 'filtered': 'False', 'name': 'wn_opt/wn_SGD_50', 'totepochs': '100', 'l2_param_weight': 'None', 'train_path': 'data/wn/WN-train.pkl', 'op': 'TransE'}
INFO:root:Starting the Experiment ..
INFO:root:-- EPOCH 1 (1.195 seconds):
INFO:root:COST >> 2.4256 +/- 0.1271, % updates: 64.787%
INFO:root:-- EPOCH 2 (1.145 seconds):
INFO:root:COST >> 2.2664 +/- 0.2004, % updates: 53.729%
INFO:root:-- EPOCH 3 (1.219 seconds):
INFO:root:COST >> 2.2217 +/- 0.205, % updates: 51.726%
INFO:root:-- EPOCH 4 (1.381 seconds):
INFO:root:COST >> 2.2033 +/- 0.1784, % updates: 50.833%
INFO:root:-- EPOCH 5 (1.55 seconds):
INFO:root:COST >> 2.1975 +/- 0.1985, % updates: 50.358%
INFO:root:-- EPOCH 6 (1.551 seconds):
INFO:root:COST >> 2.1957 +/- 0.2112, % updates: 50.188%
INFO:root:-- EPOCH 7 (1.523 seconds):
INFO:root:COST >> 2.1936 +/- 0.21, % updates: 49.948%
INFO:root:-- EPOCH 8 (1.517 seconds):
INFO:root:COST >> 2.1979 +/- 0.2031, % updates: 49.97%
INFO:root:-- EPOCH 9 (1.478 seconds):
INFO:root:COST >> 2.1905 +/- 0.2049, % updates: 49.767%
INFO:root:-- EPOCH 10 (1.598 seconds):
INFO:root:COST >> 2.1978 +/- 0.1976, % updates: 49.888%
INFO:root:-- EPOCH 11 (1.579 seconds):
INFO:root:COST >> 2.1876 +/- 0.2007, % updates: 49.59%
INFO:root:-- EPOCH 12 (1.527 seconds):
INFO:root:COST >> 2.1936 +/- 0.186, % updates: 49.772%
INFO:root:-- EPOCH 13 (1.519 seconds):
INFO:root:COST >> 2.1942 +/- 0.1999, % updates: 49.657%
INFO:root:-- EPOCH 14 (1.521 seconds):
INFO:root:COST >> 2.1983 +/- 0.1932, % updates: 49.805%
INFO:root:-- EPOCH 15 (1.524 seconds):
INFO:root:COST >> 2.1949 +/- 0.1991, % updates: 49.669%
INFO:root:-- EPOCH 16 (1.521 seconds):
INFO:root:COST >> 2.1836 +/- 0.2043, % updates: 49.398%
INFO:root:-- EPOCH 17 (1.542 seconds):
INFO:root:COST >> 2.1882 +/- 0.204, % updates: 49.596%
INFO:root:-- EPOCH 18 (1.486 seconds):
INFO:root:COST >> 2.1939 +/- 0.2006, % updates: 49.584%
INFO:root:-- EPOCH 19 (1.527 seconds):
INFO:root:COST >> 2.2016 +/- 0.1918, % updates: 49.723%
INFO:root:-- EPOCH 20 (1.518 seconds):
INFO:root:COST >> 2.1924 +/- 0.1937, % updates: 49.546%
INFO:root:-- EPOCH 21 (1.567 seconds):
INFO:root:COST >> 2.1922 +/- 0.1897, % updates: 49.507%
INFO:root:-- EPOCH 22 (1.577 seconds):
INFO:root:COST >> 2.1988 +/- 0.2048, % updates: 49.549%
INFO:root:-- EPOCH 23 (1.587 seconds):
INFO:root:COST >> 2.1958 +/- 0.1982, % updates: 49.648%
INFO:root:-- EPOCH 24 (1.594 seconds):
INFO:root:COST >> 2.1835 +/- 0.1914, % updates: 49.418%
INFO:root:-- EPOCH 25 (1.771 seconds):
INFO:root:COST >> 2.1851 +/- 0.2057, % updates: 49.41%
INFO:root:-- EPOCH 26 (1.659 seconds):
INFO:root:COST >> 2.1975 +/- 0.2001, % updates: 49.585%
INFO:root:-- EPOCH 27 (1.718 seconds):
INFO:root:COST >> 2.1928 +/- 0.2132, % updates: 49.698%
INFO:root:-- EPOCH 28 (1.881 seconds):
INFO:root:COST >> 2.1949 +/- 0.1999, % updates: 49.665%
INFO:root:-- EPOCH 29 (1.874 seconds):
INFO:root:COST >> 2.1922 +/- 0.1987, % updates: 49.618%
INFO:root:-- EPOCH 30 (1.575 seconds):
INFO:root:COST >> 2.1866 +/- 0.1933, % updates: 49.645%
INFO:root:-- EPOCH 31 (1.54 seconds):
INFO:root:COST >> 2.1901 +/- 0.2069, % updates: 49.992%
INFO:root:-- EPOCH 32 (1.547 seconds):
INFO:root:COST >> 2.1933 +/- 0.2136, % updates: 49.797%
INFO:root:-- EPOCH 33 (1.505 seconds):
INFO:root:COST >> 2.1894 +/- 0.2021, % updates: 49.718%
INFO:root:-- EPOCH 34 (1.554 seconds):
INFO:root:COST >> 2.1954 +/- 0.2096, % updates: 49.695%
INFO:root:-- EPOCH 35 (1.525 seconds):
INFO:root:COST >> 2.193 +/- 0.2048, % updates: 49.703%
INFO:root:-- EPOCH 36 (1.574 seconds):
INFO:root:COST >> 2.195 +/- 0.1997, % updates: 49.721%
INFO:root:-- EPOCH 37 (1.564 seconds):
INFO:root:COST >> 2.2054 +/- 0.2041, % updates: 49.738%
INFO:root:-- EPOCH 38 (1.506 seconds):
INFO:root:COST >> 2.205 +/- 0.2051, % updates: 49.807%
INFO:root:-- EPOCH 39 (1.538 seconds):
INFO:root:COST >> 2.1987 +/- 0.2023, % updates: 49.661%
INFO:root:-- EPOCH 40 (1.522 seconds):
INFO:root:COST >> 2.1981 +/- 0.1999, % updates: 49.758%
INFO:root:-- EPOCH 41 (1.567 seconds):
INFO:root:COST >> 2.2016 +/- 0.2, % updates: 49.789%
INFO:root:-- EPOCH 42 (1.537 seconds):
INFO:root:COST >> 2.2012 +/- 0.2056, % updates: 49.767%
INFO:root:-- EPOCH 43 (1.543 seconds):
INFO:root:COST >> 2.203 +/- 0.1942, % updates: 49.737%
INFO:root:-- EPOCH 44 (1.555 seconds):
INFO:root:COST >> 2.2019 +/- 0.2059, % updates: 49.772%
INFO:root:-- EPOCH 45 (1.541 seconds):
INFO:root:COST >> 2.1909 +/- 0.2014, % updates: 49.68%
INFO:root:-- EPOCH 46 (1.546 seconds):
INFO:root:COST >> 2.1881 +/- 0.1929, % updates: 49.626%
INFO:root:-- EPOCH 47 (1.554 seconds):
INFO:root:COST >> 2.194 +/- 0.211, % updates: 49.667%
INFO:root:-- EPOCH 48 (1.511 seconds):
INFO:root:COST >> 2.1937 +/- 0.2005, % updates: 49.729%
INFO:root:-- EPOCH 49 (1.584 seconds):
INFO:root:COST >> 2.2028 +/- 0.2043, % updates: 49.722%
INFO:root:-- EPOCH 50 (1.528 seconds):
INFO:root:COST >> 2.2057 +/- 0.2011, % updates: 49.804%
INFO:root:-- EPOCH 51 (1.519 seconds):
INFO:root:COST >> 2.2009 +/- 0.2072, % updates: 49.739%
INFO:root:-- EPOCH 52 (1.542 seconds):
INFO:root:COST >> 2.2022 +/- 0.2207, % updates: 49.838%
INFO:root:-- EPOCH 53 (1.546 seconds):
INFO:root:COST >> 2.1972 +/- 0.2101, % updates: 49.685%
INFO:root:-- EPOCH 54 (1.531 seconds):
INFO:root:COST >> 2.1996 +/- 0.2096, % updates: 49.767%
INFO:root:-- EPOCH 55 (1.616 seconds):
INFO:root:COST >> 2.2045 +/- 0.2033, % updates: 49.834%
INFO:root:-- EPOCH 56 (1.535 seconds):
INFO:root:COST >> 2.2009 +/- 0.2035, % updates: 49.724%
INFO:root:-- EPOCH 57 (1.537 seconds):
INFO:root:COST >> 2.2035 +/- 0.2068, % updates: 49.853%
INFO:root:-- EPOCH 58 (1.553 seconds):
INFO:root:COST >> 2.2015 +/- 0.2085, % updates: 49.736%
INFO:root:-- EPOCH 59 (1.566 seconds):
INFO:root:COST >> 2.1993 +/- 0.2009, % updates: 49.845%
INFO:root:-- EPOCH 60 (1.526 seconds):
INFO:root:COST >> 2.2026 +/- 0.21, % updates: 49.771%
INFO:root:-- EPOCH 61 (1.571 seconds):
INFO:root:COST >> 2.1931 +/- 0.2022, % updates: 49.7%
INFO:root:-- EPOCH 62 (1.55 seconds):
INFO:root:COST >> 2.2018 +/- 0.1985, % updates: 49.764%
INFO:root:-- EPOCH 63 (1.671 seconds):
INFO:root:COST >> 2.1987 +/- 0.2024, % updates: 49.901%
INFO:root:-- EPOCH 64 (1.53 seconds):
INFO:root:COST >> 2.1975 +/- 0.2061, % updates: 49.716%
INFO:root:-- EPOCH 65 (1.575 seconds):
INFO:root:COST >> 2.199 +/- 0.2032, % updates: 49.799%
INFO:root:-- EPOCH 66 (1.58 seconds):
INFO:root:COST >> 2.2003 +/- 0.2068, % updates: 49.897%
INFO:root:-- EPOCH 67 (1.609 seconds):
INFO:root:COST >> 2.1992 +/- 0.2049, % updates: 49.842%
INFO:root:-- EPOCH 68 (1.542 seconds):
INFO:root:COST >> 2.198 +/- 0.2027, % updates: 49.777%
INFO:root:-- EPOCH 69 (1.591 seconds):
INFO:root:COST >> 2.2021 +/- 0.1996, % updates: 49.797%
INFO:root:-- EPOCH 70 (1.513 seconds):
INFO:root:COST >> 2.2005 +/- 0.2084, % updates: 49.73%
INFO:root:-- EPOCH 71 (1.542 seconds):
INFO:root:COST >> 2.2071 +/- 0.2068, % updates: 49.721%
INFO:root:-- EPOCH 72 (1.556 seconds):
INFO:root:COST >> 2.1969 +/- 0.1968, % updates: 49.684%
INFO:root:-- EPOCH 73 (1.514 seconds):
INFO:root:COST >> 2.1982 +/- 0.2109, % updates: 49.686%
INFO:root:-- EPOCH 74 (1.564 seconds):
INFO:root:COST >> 2.1951 +/- 0.2083, % updates: 49.7%
INFO:root:-- EPOCH 75 (1.617 seconds):
INFO:root:COST >> 2.2027 +/- 0.2028, % updates: 49.889%
INFO:root:-- EPOCH 76 (1.585 seconds):
INFO:root:COST >> 2.1971 +/- 0.2095, % updates: 49.659%
INFO:root:-- EPOCH 77 (1.559 seconds):
INFO:root:COST >> 2.1922 +/- 0.2011, % updates: 49.636%
INFO:root:-- EPOCH 78 (1.539 seconds):
INFO:root:COST >> 2.1998 +/- 0.2064, % updates: 49.798%
INFO:root:-- EPOCH 79 (1.556 seconds):
INFO:root:COST >> 2.2 +/- 0.2028, % updates: 49.828%
INFO:root:-- EPOCH 80 (1.589 seconds):
INFO:root:COST >> 2.2079 +/- 0.1973, % updates: 49.866%
INFO:root:-- EPOCH 81 (1.614 seconds):
INFO:root:COST >> 2.2001 +/- 0.2019, % updates: 49.766%
INFO:root:-- EPOCH 82 (1.559 seconds):
INFO:root:COST >> 2.2028 +/- 0.2036, % updates: 49.882%
INFO:root:-- EPOCH 83 (1.568 seconds):
INFO:root:COST >> 2.1954 +/- 0.2107, % updates: 49.783%
INFO:root:-- EPOCH 84 (1.574 seconds):
INFO:root:COST >> 2.2041 +/- 0.1949, % updates: 49.91%
INFO:root:-- EPOCH 85 (1.623 seconds):
INFO:root:COST >> 2.1978 +/- 0.2122, % updates: 49.87%
INFO:root:-- EPOCH 86 (1.556 seconds):
INFO:root:COST >> 2.2058 +/- 0.2017, % updates: 49.862%
INFO:root:-- EPOCH 87 (1.576 seconds):
INFO:root:COST >> 2.2038 +/- 0.2067, % updates: 49.826%
INFO:root:-- EPOCH 88 (1.647 seconds):
INFO:root:COST >> 2.2045 +/- 0.2025, % updates: 49.887%
INFO:root:-- EPOCH 89 (1.575 seconds):
INFO:root:COST >> 2.1952 +/- 0.2057, % updates: 49.675%
INFO:root:-- EPOCH 90 (1.563 seconds):
INFO:root:COST >> 2.2019 +/- 0.2063, % updates: 49.688%
INFO:root:-- EPOCH 91 (1.661 seconds):
INFO:root:COST >> 2.204 +/- 0.2155, % updates: 49.818%
INFO:root:-- EPOCH 92 (2.477 seconds):
INFO:root:COST >> 2.1988 +/- 0.1969, % updates: 49.755%
INFO:root:-- EPOCH 93 (2.061 seconds):
INFO:root:COST >> 2.2067 +/- 0.2026, % updates: 49.919%
INFO:root:-- EPOCH 94 (1.805 seconds):
INFO:root:COST >> 2.1994 +/- 0.2069, % updates: 49.757%
INFO:root:-- EPOCH 95 (1.727 seconds):
INFO:root:COST >> 2.2006 +/- 0.2012, % updates: 49.824%
INFO:root:-- EPOCH 96 (1.549 seconds):
INFO:root:COST >> 2.1928 +/- 0.1965, % updates: 49.682%
INFO:root:-- EPOCH 97 (1.737 seconds):
INFO:root:COST >> 2.1935 +/- 0.2054, % updates: 49.661%
INFO:root:-- EPOCH 98 (1.953 seconds):
INFO:root:COST >> 2.2023 +/- 0.1981, % updates: 49.69%
INFO:root:-- EPOCH 99 (2.004 seconds):
INFO:root:COST >> 2.2035 +/- 0.2114, % updates: 49.802%
INFO:root:-- EPOCH 100 (1.594 seconds):
INFO:root:COST >> 2.1967 +/- 0.2096, % updates: 49.701%
