INFO:root:Shape for training set: (40961, 141442)
INFO:root:State: {'ndim': '20', 'test_all': 'None', 'test_path': 'None', 'nhid': '50', 'lremb': '0.01', 'seed': '2', 'simfn': 'L1', 'valid_path': 'None', 'nbatches': '10', 'lrparam': '0.01', 'decay': '0.999', 'show_hinton_diagrams': 'False', 'no_rescaling': 'True', 'Nrel': '18', 'ranking_score_right': 'False', 'Nent': '40961', 'Nsyn': '40943', 'method': 'SGD', 'loss_margin': '1.0', 'C': '1.0', 'epsilon': '1e-06', 'use_db': 'True', 'max_lr': 'None', 'l1_param_weight': 'None', 'filtered': 'False', 'name': 'wn_opt/wn_SGD_42', 'totepochs': '100', 'l2_param_weight': 'None', 'train_path': 'data/wn/WN-train.pkl', 'op': 'TransE'}
INFO:root:Starting the Experiment ..
INFO:root:-- EPOCH 1 (1.391 seconds):
INFO:root:COST >> 2.1175 +/- 0.1017, % updates: 72.081%
INFO:root:-- EPOCH 2 (1.319 seconds):
INFO:root:COST >> 1.836 +/- 0.0129, % updates: 64.647%
INFO:root:-- EPOCH 3 (1.689 seconds):
INFO:root:COST >> 1.681 +/- 0.0219, % updates: 62.176%
INFO:root:-- EPOCH 4 (1.627 seconds):
INFO:root:COST >> 1.5637 +/- 0.0254, % updates: 60.507%
INFO:root:-- EPOCH 5 (1.757 seconds):
INFO:root:COST >> 1.487 +/- 0.0332, % updates: 59.077%
INFO:root:-- EPOCH 6 (1.717 seconds):
INFO:root:COST >> 1.441 +/- 0.0346, % updates: 57.943%
INFO:root:-- EPOCH 7 (1.667 seconds):
INFO:root:COST >> 1.3972 +/- 0.0402, % updates: 57.142%
INFO:root:-- EPOCH 8 (1.566 seconds):
INFO:root:COST >> 1.3593 +/- 0.0384, % updates: 56.551%
INFO:root:-- EPOCH 9 (1.553 seconds):
INFO:root:COST >> 1.3299 +/- 0.0401, % updates: 55.893%
INFO:root:-- EPOCH 10 (1.582 seconds):
INFO:root:COST >> 1.3141 +/- 0.0358, % updates: 55.533%
INFO:root:-- EPOCH 11 (1.586 seconds):
INFO:root:COST >> 1.2991 +/- 0.0442, % updates: 55.207%
INFO:root:-- EPOCH 12 (1.589 seconds):
INFO:root:COST >> 1.2875 +/- 0.0396, % updates: 54.715%
INFO:root:-- EPOCH 13 (1.596 seconds):
INFO:root:COST >> 1.2721 +/- 0.0393, % updates: 54.382%
INFO:root:-- EPOCH 14 (1.556 seconds):
INFO:root:COST >> 1.2653 +/- 0.0393, % updates: 54.188%
INFO:root:-- EPOCH 15 (1.575 seconds):
INFO:root:COST >> 1.2559 +/- 0.0433, % updates: 53.843%
INFO:root:-- EPOCH 16 (1.548 seconds):
INFO:root:COST >> 1.2537 +/- 0.036, % updates: 53.575%
INFO:root:-- EPOCH 17 (1.551 seconds):
INFO:root:COST >> 1.2535 +/- 0.0454, % updates: 53.686%
INFO:root:-- EPOCH 18 (1.546 seconds):
INFO:root:COST >> 1.2463 +/- 0.0418, % updates: 53.45%
INFO:root:-- EPOCH 19 (1.53 seconds):
INFO:root:COST >> 1.2436 +/- 0.0408, % updates: 53.359%
INFO:root:-- EPOCH 20 (1.635 seconds):
INFO:root:COST >> 1.2393 +/- 0.0421, % updates: 53.16%
INFO:root:-- EPOCH 21 (1.515 seconds):
INFO:root:COST >> 1.2359 +/- 0.0399, % updates: 53.048%
INFO:root:-- EPOCH 22 (1.523 seconds):
INFO:root:COST >> 1.2345 +/- 0.0465, % updates: 53.013%
INFO:root:-- EPOCH 23 (1.525 seconds):
INFO:root:COST >> 1.2318 +/- 0.039, % updates: 52.941%
INFO:root:-- EPOCH 24 (1.606 seconds):
INFO:root:COST >> 1.2327 +/- 0.042, % updates: 52.905%
INFO:root:-- EPOCH 25 (1.492 seconds):
INFO:root:COST >> 1.2294 +/- 0.0393, % updates: 52.796%
INFO:root:-- EPOCH 26 (1.56 seconds):
INFO:root:COST >> 1.226 +/- 0.0449, % updates: 52.626%
INFO:root:-- EPOCH 27 (1.583 seconds):
INFO:root:COST >> 1.2266 +/- 0.0439, % updates: 52.65%
INFO:root:-- EPOCH 28 (1.54 seconds):
INFO:root:COST >> 1.2251 +/- 0.0406, % updates: 52.735%
INFO:root:-- EPOCH 29 (1.607 seconds):
INFO:root:COST >> 1.2253 +/- 0.0411, % updates: 52.63%
INFO:root:-- EPOCH 30 (1.55 seconds):
INFO:root:COST >> 1.2227 +/- 0.0442, % updates: 52.604%
INFO:root:-- EPOCH 31 (1.531 seconds):
INFO:root:COST >> 1.2247 +/- 0.0436, % updates: 52.454%
INFO:root:-- EPOCH 32 (1.523 seconds):
INFO:root:COST >> 1.2246 +/- 0.0474, % updates: 52.574%
INFO:root:-- EPOCH 33 (1.551 seconds):
INFO:root:COST >> 1.2205 +/- 0.045, % updates: 52.374%
INFO:root:-- EPOCH 34 (1.522 seconds):
INFO:root:COST >> 1.2178 +/- 0.0437, % updates: 52.371%
INFO:root:-- EPOCH 35 (1.599 seconds):
INFO:root:COST >> 1.2197 +/- 0.0449, % updates: 52.405%
INFO:root:-- EPOCH 36 (1.543 seconds):
INFO:root:COST >> 1.2197 +/- 0.0446, % updates: 52.295%
INFO:root:-- EPOCH 37 (1.579 seconds):
INFO:root:COST >> 1.2198 +/- 0.0467, % updates: 52.277%
INFO:root:-- EPOCH 38 (1.506 seconds):
INFO:root:COST >> 1.2172 +/- 0.0428, % updates: 52.214%
INFO:root:-- EPOCH 39 (1.53 seconds):
INFO:root:COST >> 1.2173 +/- 0.0423, % updates: 52.207%
INFO:root:-- EPOCH 40 (1.617 seconds):
INFO:root:COST >> 1.2175 +/- 0.0428, % updates: 52.19%
INFO:root:-- EPOCH 41 (1.535 seconds):
INFO:root:COST >> 1.2175 +/- 0.0457, % updates: 52.234%
INFO:root:-- EPOCH 42 (1.533 seconds):
INFO:root:COST >> 1.2173 +/- 0.0378, % updates: 52.165%
INFO:root:-- EPOCH 43 (1.516 seconds):
INFO:root:COST >> 1.2134 +/- 0.0414, % updates: 52.067%
INFO:root:-- EPOCH 44 (1.551 seconds):
INFO:root:COST >> 1.2157 +/- 0.0413, % updates: 52.026%
INFO:root:-- EPOCH 45 (1.512 seconds):
INFO:root:COST >> 1.2162 +/- 0.0483, % updates: 52.05%
INFO:root:-- EPOCH 46 (1.496 seconds):
INFO:root:COST >> 1.2122 +/- 0.048, % updates: 52.058%
INFO:root:-- EPOCH 47 (1.502 seconds):
INFO:root:COST >> 1.2126 +/- 0.0443, % updates: 52.12%
INFO:root:-- EPOCH 48 (1.517 seconds):
INFO:root:COST >> 1.21 +/- 0.0447, % updates: 51.921%
INFO:root:-- EPOCH 49 (1.502 seconds):
INFO:root:COST >> 1.213 +/- 0.0525, % updates: 52.011%
INFO:root:-- EPOCH 50 (1.527 seconds):
INFO:root:COST >> 1.2109 +/- 0.0486, % updates: 51.997%
INFO:root:-- EPOCH 51 (1.661 seconds):
INFO:root:COST >> 1.2139 +/- 0.0469, % updates: 52.009%
INFO:root:-- EPOCH 52 (1.638 seconds):
INFO:root:COST >> 1.2116 +/- 0.0417, % updates: 51.881%
INFO:root:-- EPOCH 53 (1.699 seconds):
INFO:root:COST >> 1.2104 +/- 0.0448, % updates: 51.843%
INFO:root:-- EPOCH 54 (1.626 seconds):
INFO:root:COST >> 1.2122 +/- 0.0427, % updates: 51.853%
INFO:root:-- EPOCH 55 (1.62 seconds):
INFO:root:COST >> 1.2095 +/- 0.0406, % updates: 51.822%
INFO:root:-- EPOCH 56 (2.082 seconds):
INFO:root:COST >> 1.209 +/- 0.0375, % updates: 51.956%
INFO:root:-- EPOCH 57 (1.959 seconds):
INFO:root:COST >> 1.209 +/- 0.0411, % updates: 51.867%
INFO:root:-- EPOCH 58 (1.943 seconds):
INFO:root:COST >> 1.2111 +/- 0.0431, % updates: 51.906%
INFO:root:-- EPOCH 59 (2.044 seconds):
INFO:root:COST >> 1.2094 +/- 0.0431, % updates: 51.739%
INFO:root:-- EPOCH 60 (1.904 seconds):
INFO:root:COST >> 1.2089 +/- 0.0495, % updates: 51.696%
INFO:root:-- EPOCH 61 (1.776 seconds):
INFO:root:COST >> 1.2086 +/- 0.0472, % updates: 51.452%
INFO:root:-- EPOCH 62 (1.831 seconds):
INFO:root:COST >> 1.2196 +/- 0.0457, % updates: 50.981%
INFO:root:-- EPOCH 63 (2.038 seconds):
INFO:root:COST >> 1.2139 +/- 0.0395, % updates: 51.464%
INFO:root:-- EPOCH 64 (1.947 seconds):
INFO:root:COST >> 1.2091 +/- 0.0405, % updates: 51.696%
INFO:root:-- EPOCH 65 (1.951 seconds):
INFO:root:COST >> 1.2116 +/- 0.0462, % updates: 51.862%
INFO:root:-- EPOCH 66 (1.873 seconds):
INFO:root:COST >> 1.2086 +/- 0.0478, % updates: 51.698%
INFO:root:-- EPOCH 67 (1.722 seconds):
INFO:root:COST >> 1.2098 +/- 0.0418, % updates: 51.717%
INFO:root:-- EPOCH 68 (2.109 seconds):
INFO:root:COST >> 1.2074 +/- 0.0454, % updates: 51.687%
INFO:root:-- EPOCH 69 (1.852 seconds):
INFO:root:COST >> 1.2084 +/- 0.0407, % updates: 51.76%
INFO:root:-- EPOCH 70 (1.86 seconds):
INFO:root:COST >> 1.2081 +/- 0.0473, % updates: 51.677%
INFO:root:-- EPOCH 71 (1.772 seconds):
INFO:root:COST >> 1.2044 +/- 0.0399, % updates: 51.658%
INFO:root:-- EPOCH 72 (1.72 seconds):
INFO:root:COST >> 1.2095 +/- 0.0428, % updates: 51.771%
INFO:root:-- EPOCH 73 (1.677 seconds):
INFO:root:COST >> 1.2058 +/- 0.0419, % updates: 51.679%
INFO:root:-- EPOCH 74 (1.746 seconds):
INFO:root:COST >> 1.2067 +/- 0.0435, % updates: 51.671%
INFO:root:-- EPOCH 75 (1.738 seconds):
INFO:root:COST >> 1.2066 +/- 0.0399, % updates: 51.562%
INFO:root:-- EPOCH 76 (1.747 seconds):
INFO:root:COST >> 1.2087 +/- 0.0415, % updates: 51.71%
INFO:root:-- EPOCH 77 (1.706 seconds):
INFO:root:COST >> 1.2082 +/- 0.0442, % updates: 51.654%
INFO:root:-- EPOCH 78 (1.739 seconds):
INFO:root:COST >> 1.2077 +/- 0.0451, % updates: 51.66%
INFO:root:-- EPOCH 79 (1.677 seconds):
INFO:root:COST >> 1.214 +/- 0.0416, % updates: 51.661%
INFO:root:-- EPOCH 80 (1.72 seconds):
INFO:root:COST >> 1.2101 +/- 0.0471, % updates: 51.634%
INFO:root:-- EPOCH 81 (1.686 seconds):
INFO:root:COST >> 1.2088 +/- 0.0426, % updates: 51.624%
INFO:root:-- EPOCH 82 (1.733 seconds):
INFO:root:COST >> 1.2097 +/- 0.0424, % updates: 51.613%
INFO:root:-- EPOCH 83 (1.695 seconds):
INFO:root:COST >> 1.2048 +/- 0.0389, % updates: 51.571%
INFO:root:-- EPOCH 84 (1.712 seconds):
INFO:root:COST >> 1.2105 +/- 0.0422, % updates: 51.567%
INFO:root:-- EPOCH 85 (1.78 seconds):
INFO:root:COST >> 1.206 +/- 0.0428, % updates: 51.537%
INFO:root:-- EPOCH 86 (1.68 seconds):
INFO:root:COST >> 1.2084 +/- 0.0443, % updates: 51.71%
INFO:root:-- EPOCH 87 (1.757 seconds):
INFO:root:COST >> 1.2071 +/- 0.0459, % updates: 51.526%
INFO:root:-- EPOCH 88 (1.711 seconds):
INFO:root:COST >> 1.2049 +/- 0.0418, % updates: 51.587%
INFO:root:-- EPOCH 89 (1.684 seconds):
INFO:root:COST >> 1.2071 +/- 0.0408, % updates: 51.588%
INFO:root:-- EPOCH 90 (1.704 seconds):
INFO:root:COST >> 1.2067 +/- 0.0467, % updates: 51.608%
INFO:root:-- EPOCH 91 (1.726 seconds):
INFO:root:COST >> 1.2056 +/- 0.0424, % updates: 51.548%
INFO:root:-- EPOCH 92 (1.724 seconds):
INFO:root:COST >> 1.2066 +/- 0.0456, % updates: 51.579%
INFO:root:-- EPOCH 93 (1.685 seconds):
INFO:root:COST >> 1.2078 +/- 0.0379, % updates: 51.646%
INFO:root:-- EPOCH 94 (1.694 seconds):
INFO:root:COST >> 1.2074 +/- 0.0402, % updates: 51.555%
INFO:root:-- EPOCH 95 (1.716 seconds):
INFO:root:COST >> 1.2038 +/- 0.0449, % updates: 51.482%
INFO:root:-- EPOCH 96 (1.692 seconds):
INFO:root:COST >> 1.2044 +/- 0.0424, % updates: 51.431%
INFO:root:-- EPOCH 97 (1.798 seconds):
INFO:root:COST >> 1.2058 +/- 0.0469, % updates: 51.425%
INFO:root:-- EPOCH 98 (1.87 seconds):
INFO:root:COST >> 1.2075 +/- 0.0425, % updates: 51.588%
INFO:root:-- EPOCH 99 (1.859 seconds):
INFO:root:COST >> 1.2076 +/- 0.043, % updates: 51.589%
INFO:root:-- EPOCH 100 (1.794 seconds):
INFO:root:COST >> 1.2089 +/- 0.0391, % updates: 51.438%
