INFO:root:Shape for training set: (40961, 141442)
INFO:root:State: {'ndim': '20', 'test_all': 'None', 'test_path': 'None', 'nhid': '50', 'lremb': '1.0', 'seed': '2', 'simfn': 'L1', 'valid_path': 'None', 'nbatches': '10', 'lrparam': '1.0', 'decay': '0.999', 'show_hinton_diagrams': 'False', 'no_rescaling': 'True', 'Nrel': '18', 'ranking_score_right': 'False', 'Nent': '40961', 'Nsyn': '40943', 'method': 'SGD', 'loss_margin': '1.0', 'C': '1.0', 'epsilon': '1e-06', 'use_db': 'True', 'max_lr': 'None', 'l1_param_weight': 'None', 'filtered': 'False', 'name': 'wn_opt/wn_SGD_62', 'totepochs': '100', 'l2_param_weight': 'None', 'train_path': 'data/wn/WN-train.pkl', 'op': 'TransE'}
INFO:root:Starting the Experiment ..
INFO:root:-- EPOCH 1 (1.234 seconds):
INFO:root:COST >> 3.3177 +/- 0.5294, % updates: 66.785%
INFO:root:-- EPOCH 2 (1.581 seconds):
INFO:root:COST >> 3.5654 +/- 0.1937, % updates: 62.632%
INFO:root:-- EPOCH 3 (1.542 seconds):
INFO:root:COST >> 3.5629 +/- 0.2056, % updates: 62.721%
INFO:root:-- EPOCH 4 (1.558 seconds):
INFO:root:COST >> 3.5771 +/- 0.2097, % updates: 62.738%
INFO:root:-- EPOCH 5 (1.547 seconds):
INFO:root:COST >> 3.5742 +/- 0.197, % updates: 62.771%
INFO:root:-- EPOCH 6 (1.692 seconds):
INFO:root:COST >> 3.5772 +/- 0.1933, % updates: 62.694%
INFO:root:-- EPOCH 7 (1.581 seconds):
INFO:root:COST >> 3.5579 +/- 0.2001, % updates: 62.652%
INFO:root:-- EPOCH 8 (1.553 seconds):
INFO:root:COST >> 3.5586 +/- 0.1966, % updates: 62.533%
INFO:root:-- EPOCH 9 (1.537 seconds):
INFO:root:COST >> 3.5689 +/- 0.1986, % updates: 62.7%
INFO:root:-- EPOCH 10 (1.534 seconds):
INFO:root:COST >> 3.5686 +/- 0.1888, % updates: 62.603%
INFO:root:-- EPOCH 11 (1.561 seconds):
INFO:root:COST >> 3.56 +/- 0.1824, % updates: 62.692%
INFO:root:-- EPOCH 12 (1.535 seconds):
INFO:root:COST >> 3.5809 +/- 0.1992, % updates: 62.822%
INFO:root:-- EPOCH 13 (1.532 seconds):
INFO:root:COST >> 3.5671 +/- 0.1937, % updates: 62.756%
INFO:root:-- EPOCH 14 (1.574 seconds):
INFO:root:COST >> 3.5647 +/- 0.2021, % updates: 62.557%
INFO:root:-- EPOCH 15 (1.568 seconds):
INFO:root:COST >> 3.5655 +/- 0.2066, % updates: 62.685%
INFO:root:-- EPOCH 16 (1.548 seconds):
INFO:root:COST >> 3.5647 +/- 0.1921, % updates: 62.664%
INFO:root:-- EPOCH 17 (1.546 seconds):
INFO:root:COST >> 3.5563 +/- 0.2164, % updates: 62.718%
INFO:root:-- EPOCH 18 (1.513 seconds):
INFO:root:COST >> 3.5719 +/- 0.2003, % updates: 62.696%
INFO:root:-- EPOCH 19 (1.532 seconds):
INFO:root:COST >> 3.5725 +/- 0.205, % updates: 62.706%
INFO:root:-- EPOCH 20 (1.644 seconds):
INFO:root:COST >> 3.5581 +/- 0.2123, % updates: 62.519%
INFO:root:-- EPOCH 21 (1.549 seconds):
INFO:root:COST >> 3.5725 +/- 0.1911, % updates: 62.811%
INFO:root:-- EPOCH 22 (1.55 seconds):
INFO:root:COST >> 3.5468 +/- 0.1955, % updates: 62.48%
INFO:root:-- EPOCH 23 (1.512 seconds):
INFO:root:COST >> 3.5668 +/- 0.2, % updates: 62.581%
INFO:root:-- EPOCH 24 (1.8 seconds):
INFO:root:COST >> 3.5733 +/- 0.2144, % updates: 62.693%
INFO:root:-- EPOCH 25 (2.087 seconds):
INFO:root:COST >> 3.5652 +/- 0.1881, % updates: 62.709%
INFO:root:-- EPOCH 26 (1.849 seconds):
INFO:root:COST >> 3.5696 +/- 0.2034, % updates: 62.825%
INFO:root:-- EPOCH 27 (1.803 seconds):
INFO:root:COST >> 3.5617 +/- 0.2089, % updates: 62.704%
INFO:root:-- EPOCH 28 (1.82 seconds):
INFO:root:COST >> 3.5688 +/- 0.1955, % updates: 62.849%
INFO:root:-- EPOCH 29 (1.645 seconds):
INFO:root:COST >> 3.5692 +/- 0.1966, % updates: 62.659%
INFO:root:-- EPOCH 30 (1.657 seconds):
INFO:root:COST >> 3.5607 +/- 0.1945, % updates: 62.635%
INFO:root:-- EPOCH 31 (1.737 seconds):
INFO:root:COST >> 3.5907 +/- 0.1942, % updates: 62.853%
INFO:root:-- EPOCH 32 (1.813 seconds):
INFO:root:COST >> 3.577 +/- 0.2, % updates: 62.808%
INFO:root:-- EPOCH 33 (1.611 seconds):
INFO:root:COST >> 3.5639 +/- 0.2112, % updates: 62.688%
INFO:root:-- EPOCH 34 (1.551 seconds):
INFO:root:COST >> 3.56 +/- 0.1993, % updates: 62.611%
INFO:root:-- EPOCH 35 (1.653 seconds):
INFO:root:COST >> 3.5572 +/- 0.1913, % updates: 62.699%
INFO:root:-- EPOCH 36 (1.58 seconds):
INFO:root:COST >> 3.5714 +/- 0.201, % updates: 62.702%
INFO:root:-- EPOCH 37 (1.559 seconds):
INFO:root:COST >> 3.565 +/- 0.1941, % updates: 62.59%
INFO:root:-- EPOCH 38 (1.523 seconds):
INFO:root:COST >> 3.5739 +/- 0.1947, % updates: 62.798%
INFO:root:-- EPOCH 39 (1.515 seconds):
INFO:root:COST >> 3.5734 +/- 0.1973, % updates: 62.827%
INFO:root:-- EPOCH 40 (1.536 seconds):
INFO:root:COST >> 3.5673 +/- 0.1898, % updates: 62.479%
INFO:root:-- EPOCH 41 (1.522 seconds):
INFO:root:COST >> 3.5561 +/- 0.1809, % updates: 62.534%
INFO:root:-- EPOCH 42 (1.551 seconds):
INFO:root:COST >> 3.5719 +/- 0.2005, % updates: 62.744%
INFO:root:-- EPOCH 43 (1.585 seconds):
INFO:root:COST >> 3.5612 +/- 0.2118, % updates: 62.654%
INFO:root:-- EPOCH 44 (1.563 seconds):
INFO:root:COST >> 3.5625 +/- 0.1932, % updates: 62.652%
INFO:root:-- EPOCH 45 (1.546 seconds):
INFO:root:COST >> 3.5608 +/- 0.2005, % updates: 62.682%
INFO:root:-- EPOCH 46 (1.53 seconds):
INFO:root:COST >> 3.5621 +/- 0.1984, % updates: 62.561%
INFO:root:-- EPOCH 47 (1.562 seconds):
INFO:root:COST >> 3.5537 +/- 0.2052, % updates: 62.461%
INFO:root:-- EPOCH 48 (1.547 seconds):
INFO:root:COST >> 3.5556 +/- 0.1984, % updates: 62.468%
INFO:root:-- EPOCH 49 (1.523 seconds):
INFO:root:COST >> 3.5836 +/- 0.2183, % updates: 62.656%
INFO:root:-- EPOCH 50 (1.58 seconds):
INFO:root:COST >> 3.5708 +/- 0.2167, % updates: 62.622%
INFO:root:-- EPOCH 51 (1.591 seconds):
INFO:root:COST >> 3.5561 +/- 0.1998, % updates: 62.624%
INFO:root:-- EPOCH 52 (1.609 seconds):
INFO:root:COST >> 3.564 +/- 0.1844, % updates: 62.623%
INFO:root:-- EPOCH 53 (1.593 seconds):
INFO:root:COST >> 3.5616 +/- 0.1959, % updates: 62.658%
INFO:root:-- EPOCH 54 (1.525 seconds):
INFO:root:COST >> 3.5585 +/- 0.1934, % updates: 62.639%
INFO:root:-- EPOCH 55 (1.563 seconds):
INFO:root:COST >> 3.5507 +/- 0.1771, % updates: 62.697%
INFO:root:-- EPOCH 56 (1.554 seconds):
INFO:root:COST >> 3.5677 +/- 0.1963, % updates: 62.638%
INFO:root:-- EPOCH 57 (1.556 seconds):
INFO:root:COST >> 3.5716 +/- 0.2044, % updates: 62.643%
INFO:root:-- EPOCH 58 (1.541 seconds):
INFO:root:COST >> 3.5569 +/- 0.1983, % updates: 62.699%
INFO:root:-- EPOCH 59 (1.527 seconds):
INFO:root:COST >> 3.5682 +/- 0.1993, % updates: 62.682%
INFO:root:-- EPOCH 60 (1.555 seconds):
INFO:root:COST >> 3.5649 +/- 0.197, % updates: 62.635%
INFO:root:-- EPOCH 61 (1.57 seconds):
INFO:root:COST >> 3.5513 +/- 0.1944, % updates: 62.553%
INFO:root:-- EPOCH 62 (1.526 seconds):
INFO:root:COST >> 3.5705 +/- 0.1968, % updates: 62.812%
INFO:root:-- EPOCH 63 (1.579 seconds):
INFO:root:COST >> 3.5665 +/- 0.2006, % updates: 62.703%
INFO:root:-- EPOCH 64 (1.566 seconds):
INFO:root:COST >> 3.5633 +/- 0.1883, % updates: 62.751%
INFO:root:-- EPOCH 65 (1.554 seconds):
INFO:root:COST >> 3.5666 +/- 0.2019, % updates: 62.719%
INFO:root:-- EPOCH 66 (1.522 seconds):
INFO:root:COST >> 3.5502 +/- 0.2025, % updates: 62.382%
INFO:root:-- EPOCH 67 (1.572 seconds):
INFO:root:COST >> 3.5843 +/- 0.197, % updates: 62.91%
INFO:root:-- EPOCH 68 (1.545 seconds):
INFO:root:COST >> 3.5687 +/- 0.1912, % updates: 62.61%
INFO:root:-- EPOCH 69 (1.533 seconds):
INFO:root:COST >> 3.5773 +/- 0.2032, % updates: 62.68%
INFO:root:-- EPOCH 70 (1.566 seconds):
INFO:root:COST >> 3.5671 +/- 0.198, % updates: 62.701%
INFO:root:-- EPOCH 71 (1.578 seconds):
INFO:root:COST >> 3.5665 +/- 0.1847, % updates: 62.821%
INFO:root:-- EPOCH 72 (1.535 seconds):
INFO:root:COST >> 3.5712 +/- 0.2065, % updates: 62.775%
INFO:root:-- EPOCH 73 (1.52 seconds):
INFO:root:COST >> 3.5762 +/- 0.1782, % updates: 62.69%
INFO:root:-- EPOCH 74 (1.514 seconds):
INFO:root:COST >> 3.5605 +/- 0.1963, % updates: 62.619%
INFO:root:-- EPOCH 75 (1.522 seconds):
INFO:root:COST >> 3.5555 +/- 0.1941, % updates: 62.596%
INFO:root:-- EPOCH 76 (1.555 seconds):
INFO:root:COST >> 3.5602 +/- 0.1957, % updates: 62.669%
INFO:root:-- EPOCH 77 (1.601 seconds):
INFO:root:COST >> 3.5659 +/- 0.2025, % updates: 62.769%
INFO:root:-- EPOCH 78 (1.577 seconds):
INFO:root:COST >> 3.5756 +/- 0.208, % updates: 62.674%
INFO:root:-- EPOCH 79 (1.559 seconds):
INFO:root:COST >> 3.5794 +/- 0.1957, % updates: 62.848%
INFO:root:-- EPOCH 80 (1.576 seconds):
INFO:root:COST >> 3.5687 +/- 0.208, % updates: 62.721%
INFO:root:-- EPOCH 81 (1.596 seconds):
INFO:root:COST >> 3.5869 +/- 0.198, % updates: 62.8%
INFO:root:-- EPOCH 82 (1.822 seconds):
INFO:root:COST >> 3.574 +/- 0.1946, % updates: 62.744%
INFO:root:-- EPOCH 83 (2.036 seconds):
INFO:root:COST >> 3.5744 +/- 0.1926, % updates: 62.795%
INFO:root:-- EPOCH 84 (1.983 seconds):
INFO:root:COST >> 3.5767 +/- 0.201, % updates: 62.757%
INFO:root:-- EPOCH 85 (1.952 seconds):
INFO:root:COST >> 3.5493 +/- 0.2123, % updates: 62.41%
INFO:root:-- EPOCH 86 (1.961 seconds):
INFO:root:COST >> 3.5519 +/- 0.2058, % updates: 62.665%
INFO:root:-- EPOCH 87 (1.983 seconds):
INFO:root:COST >> 3.549 +/- 0.2083, % updates: 62.663%
INFO:root:-- EPOCH 88 (1.925 seconds):
INFO:root:COST >> 3.5687 +/- 0.1976, % updates: 62.704%
INFO:root:-- EPOCH 89 (1.914 seconds):
INFO:root:COST >> 3.5698 +/- 0.2054, % updates: 62.691%
INFO:root:-- EPOCH 90 (1.894 seconds):
INFO:root:COST >> 3.5738 +/- 0.1966, % updates: 62.707%
INFO:root:-- EPOCH 91 (1.935 seconds):
INFO:root:COST >> 3.5563 +/- 0.1935, % updates: 62.422%
INFO:root:-- EPOCH 92 (1.908 seconds):
INFO:root:COST >> 3.5594 +/- 0.1998, % updates: 62.712%
INFO:root:-- EPOCH 93 (1.973 seconds):
INFO:root:COST >> 3.5633 +/- 0.1947, % updates: 62.724%
INFO:root:-- EPOCH 94 (1.956 seconds):
INFO:root:COST >> 3.5704 +/- 0.1879, % updates: 62.736%
INFO:root:-- EPOCH 95 (2.004 seconds):
INFO:root:COST >> 3.572 +/- 0.1946, % updates: 62.752%
INFO:root:-- EPOCH 96 (2.031 seconds):
INFO:root:COST >> 3.562 +/- 0.1897, % updates: 62.523%
INFO:root:-- EPOCH 97 (1.901 seconds):
INFO:root:COST >> 3.5813 +/- 0.2069, % updates: 62.723%
INFO:root:-- EPOCH 98 (1.909 seconds):
INFO:root:COST >> 3.5764 +/- 0.2073, % updates: 62.776%
INFO:root:-- EPOCH 99 (2.001 seconds):
INFO:root:COST >> 3.5676 +/- 0.2018, % updates: 62.691%
INFO:root:-- EPOCH 100 (1.98 seconds):
INFO:root:COST >> 3.5817 +/- 0.2055, % updates: 62.79%
