INFO:root:Shape for training set: (40961, 141442)
INFO:root:State: {'ndim': '20', 'test_all': 'None', 'test_path': 'None', 'nhid': '50', 'lremb': '1e-05', 'seed': '8', 'simfn': 'L1', 'valid_path': 'None', 'nbatches': '10', 'lrparam': '1e-05', 'decay': '0.999', 'show_hinton_diagrams': 'False', 'no_rescaling': 'True', 'Nrel': '18', 'ranking_score_right': 'False', 'Nent': '40961', 'Nsyn': '40943', 'method': 'SGD', 'loss_margin': '1.0', 'C': '1.0', 'epsilon': '1e-06', 'use_db': 'True', 'max_lr': 'None', 'l1_param_weight': 'None', 'filtered': 'False', 'name': 'wn_opt/wn_SGD_18', 'totepochs': '100', 'l2_param_weight': 'None', 'train_path': 'data/wn/WN-train.pkl', 'op': 'TransE'}
INFO:root:Starting the Experiment ..
INFO:root:-- EPOCH 1 (1.197 seconds):
INFO:root:COST >> 2.2166 +/- 0.0158, % updates: 81.594%
INFO:root:-- EPOCH 2 (1.535 seconds):
INFO:root:COST >> 2.2096 +/- 0.0149, % updates: 81.486%
INFO:root:-- EPOCH 3 (1.562 seconds):
INFO:root:COST >> 2.2108 +/- 0.0113, % updates: 81.646%
INFO:root:-- EPOCH 4 (1.526 seconds):
INFO:root:COST >> 2.2031 +/- 0.0139, % updates: 81.675%
INFO:root:-- EPOCH 5 (1.538 seconds):
INFO:root:COST >> 2.2039 +/- 0.0162, % updates: 81.605%
INFO:root:-- EPOCH 6 (1.496 seconds):
INFO:root:COST >> 2.2 +/- 0.0116, % updates: 81.667%
INFO:root:-- EPOCH 7 (1.501 seconds):
INFO:root:COST >> 2.197 +/- 0.0141, % updates: 81.751%
INFO:root:-- EPOCH 8 (1.514 seconds):
INFO:root:COST >> 2.1913 +/- 0.0107, % updates: 81.782%
INFO:root:-- EPOCH 9 (1.541 seconds):
INFO:root:COST >> 2.1881 +/- 0.0099, % updates: 81.716%
INFO:root:-- EPOCH 10 (1.507 seconds):
INFO:root:COST >> 2.1854 +/- 0.0136, % updates: 81.73%
INFO:root:-- EPOCH 11 (1.559 seconds):
INFO:root:COST >> 2.1794 +/- 0.0136, % updates: 81.644%
INFO:root:-- EPOCH 12 (1.545 seconds):
INFO:root:COST >> 2.174 +/- 0.0123, % updates: 81.705%
INFO:root:-- EPOCH 13 (1.572 seconds):
INFO:root:COST >> 2.1731 +/- 0.0082, % updates: 81.642%
INFO:root:-- EPOCH 14 (1.533 seconds):
INFO:root:COST >> 2.1689 +/- 0.0072, % updates: 81.748%
INFO:root:-- EPOCH 15 (1.545 seconds):
INFO:root:COST >> 2.1717 +/- 0.0116, % updates: 81.746%
INFO:root:-- EPOCH 16 (1.559 seconds):
INFO:root:COST >> 2.1673 +/- 0.0121, % updates: 81.708%
INFO:root:-- EPOCH 17 (1.694 seconds):
INFO:root:COST >> 2.1573 +/- 0.0137, % updates: 81.556%
INFO:root:-- EPOCH 18 (1.605 seconds):
INFO:root:COST >> 2.1547 +/- 0.0085, % updates: 81.539%
INFO:root:-- EPOCH 19 (1.563 seconds):
INFO:root:COST >> 2.16 +/- 0.0097, % updates: 81.646%
INFO:root:-- EPOCH 20 (1.687 seconds):
INFO:root:COST >> 2.1552 +/- 0.014, % updates: 81.47%
INFO:root:-- EPOCH 21 (1.744 seconds):
INFO:root:COST >> 2.1556 +/- 0.0132, % updates: 81.531%
INFO:root:-- EPOCH 22 (1.891 seconds):
INFO:root:COST >> 2.1537 +/- 0.0076, % updates: 81.65%
INFO:root:-- EPOCH 23 (1.563 seconds):
INFO:root:COST >> 2.1479 +/- 0.0169, % updates: 81.513%
INFO:root:-- EPOCH 24 (1.597 seconds):
INFO:root:COST >> 2.1515 +/- 0.0128, % updates: 81.508%
INFO:root:-- EPOCH 25 (1.6 seconds):
INFO:root:COST >> 2.139 +/- 0.0076, % updates: 81.39%
INFO:root:-- EPOCH 26 (1.667 seconds):
INFO:root:COST >> 2.1369 +/- 0.016, % updates: 81.43%
INFO:root:-- EPOCH 27 (1.622 seconds):
INFO:root:COST >> 2.1385 +/- 0.0152, % updates: 81.334%
INFO:root:-- EPOCH 28 (1.579 seconds):
INFO:root:COST >> 2.1344 +/- 0.0102, % updates: 81.386%
INFO:root:-- EPOCH 29 (1.515 seconds):
INFO:root:COST >> 2.1336 +/- 0.0138, % updates: 81.39%
INFO:root:-- EPOCH 30 (1.539 seconds):
INFO:root:COST >> 2.1288 +/- 0.0133, % updates: 81.473%
INFO:root:-- EPOCH 31 (1.584 seconds):
INFO:root:COST >> 2.1269 +/- 0.0127, % updates: 81.302%
INFO:root:-- EPOCH 32 (1.538 seconds):
INFO:root:COST >> 2.1245 +/- 0.0092, % updates: 81.259%
INFO:root:-- EPOCH 33 (1.58 seconds):
INFO:root:COST >> 2.1286 +/- 0.0062, % updates: 81.353%
INFO:root:-- EPOCH 34 (1.575 seconds):
INFO:root:COST >> 2.1203 +/- 0.0109, % updates: 81.247%
INFO:root:-- EPOCH 35 (1.601 seconds):
INFO:root:COST >> 2.1197 +/- 0.0099, % updates: 81.17%
INFO:root:-- EPOCH 36 (1.591 seconds):
INFO:root:COST >> 2.1197 +/- 0.0081, % updates: 81.197%
INFO:root:-- EPOCH 37 (1.713 seconds):
INFO:root:COST >> 2.1175 +/- 0.0086, % updates: 81.151%
INFO:root:-- EPOCH 38 (1.58 seconds):
INFO:root:COST >> 2.1124 +/- 0.0097, % updates: 81.22%
INFO:root:-- EPOCH 39 (1.588 seconds):
INFO:root:COST >> 2.1097 +/- 0.0102, % updates: 81.038%
INFO:root:-- EPOCH 40 (1.592 seconds):
INFO:root:COST >> 2.1103 +/- 0.0101, % updates: 81.043%
INFO:root:-- EPOCH 41 (1.633 seconds):
INFO:root:COST >> 2.1045 +/- 0.0129, % updates: 80.96%
INFO:root:-- EPOCH 42 (1.98 seconds):
INFO:root:COST >> 2.1075 +/- 0.0084, % updates: 80.974%
INFO:root:-- EPOCH 43 (1.528 seconds):
INFO:root:COST >> 2.1035 +/- 0.0125, % updates: 80.88%
INFO:root:-- EPOCH 44 (1.599 seconds):
INFO:root:COST >> 2.0983 +/- 0.0104, % updates: 80.839%
INFO:root:-- EPOCH 45 (1.587 seconds):
INFO:root:COST >> 2.0963 +/- 0.0089, % updates: 80.777%
INFO:root:-- EPOCH 46 (1.559 seconds):
INFO:root:COST >> 2.0958 +/- 0.0126, % updates: 80.734%
INFO:root:-- EPOCH 47 (1.555 seconds):
INFO:root:COST >> 2.0923 +/- 0.0127, % updates: 80.753%
INFO:root:-- EPOCH 48 (1.595 seconds):
INFO:root:COST >> 2.0939 +/- 0.0128, % updates: 80.702%
INFO:root:-- EPOCH 49 (1.725 seconds):
INFO:root:COST >> 2.086 +/- 0.009, % updates: 80.553%
INFO:root:-- EPOCH 50 (1.625 seconds):
INFO:root:COST >> 2.0848 +/- 0.0109, % updates: 80.516%
INFO:root:-- EPOCH 51 (1.654 seconds):
INFO:root:COST >> 2.0872 +/- 0.0112, % updates: 80.491%
INFO:root:-- EPOCH 52 (1.554 seconds):
INFO:root:COST >> 2.0802 +/- 0.0099, % updates: 80.569%
INFO:root:-- EPOCH 53 (1.565 seconds):
INFO:root:COST >> 2.0838 +/- 0.0125, % updates: 80.517%
INFO:root:-- EPOCH 54 (1.565 seconds):
INFO:root:COST >> 2.0765 +/- 0.011, % updates: 80.402%
INFO:root:-- EPOCH 55 (1.537 seconds):
INFO:root:COST >> 2.0801 +/- 0.0085, % updates: 80.475%
INFO:root:-- EPOCH 56 (1.606 seconds):
INFO:root:COST >> 2.072 +/- 0.0085, % updates: 80.391%
INFO:root:-- EPOCH 57 (1.556 seconds):
INFO:root:COST >> 2.0759 +/- 0.014, % updates: 80.335%
INFO:root:-- EPOCH 58 (1.649 seconds):
INFO:root:COST >> 2.0707 +/- 0.0074, % updates: 80.208%
INFO:root:-- EPOCH 59 (1.516 seconds):
INFO:root:COST >> 2.0668 +/- 0.0104, % updates: 80.222%
INFO:root:-- EPOCH 60 (1.565 seconds):
INFO:root:COST >> 2.0652 +/- 0.0088, % updates: 80.102%
INFO:root:-- EPOCH 61 (1.524 seconds):
INFO:root:COST >> 2.0638 +/- 0.0152, % updates: 80.16%
INFO:root:-- EPOCH 62 (1.554 seconds):
INFO:root:COST >> 2.0667 +/- 0.0118, % updates: 80.186%
INFO:root:-- EPOCH 63 (1.568 seconds):
INFO:root:COST >> 2.061 +/- 0.0091, % updates: 80.058%
INFO:root:-- EPOCH 64 (1.525 seconds):
INFO:root:COST >> 2.056 +/- 0.0102, % updates: 80.087%
INFO:root:-- EPOCH 65 (1.562 seconds):
INFO:root:COST >> 2.0577 +/- 0.0123, % updates: 79.846%
INFO:root:-- EPOCH 66 (1.58 seconds):
INFO:root:COST >> 2.053 +/- 0.0119, % updates: 79.82%
INFO:root:-- EPOCH 67 (1.618 seconds):
INFO:root:COST >> 2.0516 +/- 0.0139, % updates: 79.867%
INFO:root:-- EPOCH 68 (1.627 seconds):
INFO:root:COST >> 2.046 +/- 0.0099, % updates: 79.842%
INFO:root:-- EPOCH 69 (1.745 seconds):
INFO:root:COST >> 2.0507 +/- 0.0132, % updates: 79.847%
INFO:root:-- EPOCH 70 (1.6 seconds):
INFO:root:COST >> 2.043 +/- 0.0162, % updates: 79.713%
INFO:root:-- EPOCH 71 (1.604 seconds):
INFO:root:COST >> 2.0417 +/- 0.0135, % updates: 79.631%
INFO:root:-- EPOCH 72 (1.607 seconds):
INFO:root:COST >> 2.0426 +/- 0.0104, % updates: 79.697%
INFO:root:-- EPOCH 73 (1.554 seconds):
INFO:root:COST >> 2.0381 +/- 0.0053, % updates: 79.796%
INFO:root:-- EPOCH 74 (1.581 seconds):
INFO:root:COST >> 2.0333 +/- 0.0117, % updates: 79.564%
INFO:root:-- EPOCH 75 (1.489 seconds):
INFO:root:COST >> 2.0342 +/- 0.0104, % updates: 79.564%
INFO:root:-- EPOCH 76 (1.542 seconds):
INFO:root:COST >> 2.0325 +/- 0.0134, % updates: 79.6%
INFO:root:-- EPOCH 77 (1.523 seconds):
INFO:root:COST >> 2.0261 +/- 0.0098, % updates: 79.504%
INFO:root:-- EPOCH 78 (1.531 seconds):
INFO:root:COST >> 2.0247 +/- 0.0144, % updates: 79.442%
INFO:root:-- EPOCH 79 (1.631 seconds):
INFO:root:COST >> 2.0279 +/- 0.0114, % updates: 79.443%
INFO:root:-- EPOCH 80 (1.53 seconds):
INFO:root:COST >> 2.0294 +/- 0.0091, % updates: 79.368%
INFO:root:-- EPOCH 81 (1.526 seconds):
INFO:root:COST >> 2.0294 +/- 0.0099, % updates: 79.335%
INFO:root:-- EPOCH 82 (1.559 seconds):
INFO:root:COST >> 2.021 +/- 0.0141, % updates: 79.32%
INFO:root:-- EPOCH 83 (1.544 seconds):
INFO:root:COST >> 2.0215 +/- 0.0164, % updates: 79.322%
INFO:root:-- EPOCH 84 (1.609 seconds):
INFO:root:COST >> 2.018 +/- 0.0089, % updates: 79.216%
INFO:root:-- EPOCH 85 (1.65 seconds):
INFO:root:COST >> 2.0197 +/- 0.0084, % updates: 79.151%
INFO:root:-- EPOCH 86 (1.648 seconds):
INFO:root:COST >> 2.0159 +/- 0.0103, % updates: 79.13%
INFO:root:-- EPOCH 87 (1.595 seconds):
INFO:root:COST >> 2.0119 +/- 0.0113, % updates: 79.191%
INFO:root:-- EPOCH 88 (1.674 seconds):
INFO:root:COST >> 2.0108 +/- 0.0103, % updates: 79.144%
INFO:root:-- EPOCH 89 (1.696 seconds):
INFO:root:COST >> 2.0094 +/- 0.014, % updates: 79.096%
INFO:root:-- EPOCH 90 (1.604 seconds):
INFO:root:COST >> 2.0067 +/- 0.0102, % updates: 78.919%
INFO:root:-- EPOCH 91 (1.5 seconds):
INFO:root:COST >> 2.0056 +/- 0.0105, % updates: 78.93%
INFO:root:-- EPOCH 92 (1.528 seconds):
INFO:root:COST >> 2.0035 +/- 0.0148, % updates: 78.955%
INFO:root:-- EPOCH 93 (1.507 seconds):
INFO:root:COST >> 2.0029 +/- 0.0149, % updates: 78.938%
INFO:root:-- EPOCH 94 (1.53 seconds):
INFO:root:COST >> 2.0017 +/- 0.0072, % updates: 78.807%
INFO:root:-- EPOCH 95 (1.529 seconds):
INFO:root:COST >> 1.9997 +/- 0.0083, % updates: 78.82%
INFO:root:-- EPOCH 96 (1.644 seconds):
INFO:root:COST >> 1.9984 +/- 0.0129, % updates: 78.874%
INFO:root:-- EPOCH 97 (1.656 seconds):
INFO:root:COST >> 1.9972 +/- 0.01, % updates: 78.761%
INFO:root:-- EPOCH 98 (1.699 seconds):
INFO:root:COST >> 1.9912 +/- 0.0144, % updates: 78.642%
INFO:root:-- EPOCH 99 (1.577 seconds):
INFO:root:COST >> 1.9942 +/- 0.0079, % updates: 78.716%
INFO:root:-- EPOCH 100 (1.531 seconds):
INFO:root:COST >> 1.9873 +/- 0.0092, % updates: 78.574%
