INFO:root:Shape for training set: (40961, 141442)
INFO:root:State: {'ndim': '20', 'test_all': 'None', 'test_path': 'None', 'nhid': '50', 'lremb': '0.001', 'seed': '1', 'simfn': 'L1', 'valid_path': 'None', 'nbatches': '10', 'lrparam': '0.001', 'decay': '0.999', 'show_hinton_diagrams': 'False', 'no_rescaling': 'True', 'Nrel': '18', 'ranking_score_right': 'False', 'Nent': '40961', 'Nsyn': '40943', 'method': 'SGD', 'loss_margin': '1.0', 'C': '1.0', 'epsilon': '1e-06', 'use_db': 'True', 'max_lr': 'None', 'l1_param_weight': 'None', 'filtered': 'False', 'name': 'wn_opt/wn_SGD_31', 'totepochs': '100', 'l2_param_weight': 'None', 'train_path': 'data/wn/WN-train.pkl', 'op': 'TransE'}
INFO:root:Starting the Experiment ..
INFO:root:-- EPOCH 1 (1.522 seconds):
INFO:root:COST >> 2.1252 +/- 0.0492, % updates: 80.412%
INFO:root:-- EPOCH 2 (1.514 seconds):
INFO:root:COST >> 1.9642 +/- 0.0304, % updates: 77.042%
INFO:root:-- EPOCH 3 (1.502 seconds):
INFO:root:COST >> 1.8459 +/- 0.0294, % updates: 74.562%
INFO:root:-- EPOCH 4 (1.528 seconds):
INFO:root:COST >> 1.7463 +/- 0.0158, % updates: 72.436%
INFO:root:-- EPOCH 5 (1.525 seconds):
INFO:root:COST >> 1.6556 +/- 0.0156, % updates: 70.482%
INFO:root:-- EPOCH 6 (1.523 seconds):
INFO:root:COST >> 1.5874 +/- 0.0149, % updates: 68.975%
INFO:root:-- EPOCH 7 (1.533 seconds):
INFO:root:COST >> 1.5306 +/- 0.0101, % updates: 67.517%
INFO:root:-- EPOCH 8 (1.542 seconds):
INFO:root:COST >> 1.4758 +/- 0.0157, % updates: 66.187%
INFO:root:-- EPOCH 9 (1.542 seconds):
INFO:root:COST >> 1.4334 +/- 0.0144, % updates: 64.961%
INFO:root:-- EPOCH 10 (1.501 seconds):
INFO:root:COST >> 1.3911 +/- 0.0165, % updates: 63.697%
INFO:root:-- EPOCH 11 (1.533 seconds):
INFO:root:COST >> 1.3641 +/- 0.0204, % updates: 62.755%
INFO:root:-- EPOCH 12 (1.544 seconds):
INFO:root:COST >> 1.3255 +/- 0.0156, % updates: 61.633%
INFO:root:-- EPOCH 13 (1.511 seconds):
INFO:root:COST >> 1.2892 +/- 0.0158, % updates: 60.741%
INFO:root:-- EPOCH 14 (1.54 seconds):
INFO:root:COST >> 1.266 +/- 0.0182, % updates: 59.963%
INFO:root:-- EPOCH 15 (1.574 seconds):
INFO:root:COST >> 1.2397 +/- 0.0166, % updates: 59.097%
INFO:root:-- EPOCH 16 (1.673 seconds):
INFO:root:COST >> 1.2154 +/- 0.0276, % updates: 58.128%
INFO:root:-- EPOCH 17 (1.536 seconds):
INFO:root:COST >> 1.18 +/- 0.0212, % updates: 57.376%
INFO:root:-- EPOCH 18 (1.532 seconds):
INFO:root:COST >> 1.1617 +/- 0.0199, % updates: 56.648%
INFO:root:-- EPOCH 19 (1.564 seconds):
INFO:root:COST >> 1.1473 +/- 0.0267, % updates: 56.223%
INFO:root:-- EPOCH 20 (1.562 seconds):
INFO:root:COST >> 1.1224 +/- 0.0238, % updates: 55.422%
INFO:root:-- EPOCH 21 (1.527 seconds):
INFO:root:COST >> 1.108 +/- 0.0243, % updates: 54.82%
INFO:root:-- EPOCH 22 (1.573 seconds):
INFO:root:COST >> 1.0902 +/- 0.0149, % updates: 54.112%
INFO:root:-- EPOCH 23 (1.505 seconds):
INFO:root:COST >> 1.0782 +/- 0.0282, % updates: 53.622%
INFO:root:-- EPOCH 24 (1.532 seconds):
INFO:root:COST >> 1.0601 +/- 0.0207, % updates: 53.042%
INFO:root:-- EPOCH 25 (1.55 seconds):
INFO:root:COST >> 1.0544 +/- 0.0156, % updates: 52.547%
INFO:root:-- EPOCH 26 (1.54 seconds):
INFO:root:COST >> 1.039 +/- 0.0274, % updates: 51.88%
INFO:root:-- EPOCH 27 (1.467 seconds):
INFO:root:COST >> 1.0143 +/- 0.0462, % updates: 51.434%
INFO:root:-- EPOCH 28 (1.492 seconds):
INFO:root:COST >> 1.0165 +/- 0.0154, % updates: 51.047%
INFO:root:-- EPOCH 29 (1.486 seconds):
INFO:root:COST >> 1.0021 +/- 0.0135, % updates: 50.586%
INFO:root:-- EPOCH 30 (1.519 seconds):
INFO:root:COST >> 0.9834 +/- 0.0316, % updates: 50.087%
INFO:root:-- EPOCH 31 (1.522 seconds):
INFO:root:COST >> 0.9796 +/- 0.0367, % updates: 49.591%
INFO:root:-- EPOCH 32 (1.524 seconds):
INFO:root:COST >> 0.9597 +/- 0.0238, % updates: 49.237%
INFO:root:-- EPOCH 33 (1.539 seconds):
INFO:root:COST >> 0.9795 +/- 0.0239, % updates: 49.276%
INFO:root:-- EPOCH 34 (1.53 seconds):
INFO:root:COST >> 0.955 +/- 0.0249, % updates: 48.481%
INFO:root:-- EPOCH 35 (1.528 seconds):
INFO:root:COST >> 0.9292 +/- 0.0225, % updates: 47.93%
INFO:root:-- EPOCH 36 (1.553 seconds):
INFO:root:COST >> 0.9292 +/- 0.0246, % updates: 47.727%
INFO:root:-- EPOCH 37 (1.531 seconds):
INFO:root:COST >> 0.9119 +/- 0.0328, % updates: 47.391%
INFO:root:-- EPOCH 38 (1.512 seconds):
INFO:root:COST >> 0.8926 +/- 0.0331, % updates: 46.822%
INFO:root:-- EPOCH 39 (1.508 seconds):
INFO:root:COST >> 0.8936 +/- 0.0208, % updates: 46.463%
INFO:root:-- EPOCH 40 (1.58 seconds):
INFO:root:COST >> 0.8827 +/- 0.0305, % updates: 46.141%
INFO:root:-- EPOCH 41 (1.509 seconds):
INFO:root:COST >> 0.8752 +/- 0.0329, % updates: 45.878%
INFO:root:-- EPOCH 42 (1.522 seconds):
INFO:root:COST >> 0.8888 +/- 0.0293, % updates: 45.825%
INFO:root:-- EPOCH 43 (1.549 seconds):
INFO:root:COST >> 0.868 +/- 0.0244, % updates: 45.196%
INFO:root:-- EPOCH 44 (1.604 seconds):
INFO:root:COST >> 0.8788 +/- 0.033, % updates: 45.426%
INFO:root:-- EPOCH 45 (1.559 seconds):
INFO:root:COST >> 0.88 +/- 0.0253, % updates: 45.367%
INFO:root:-- EPOCH 46 (1.726 seconds):
INFO:root:COST >> 0.8326 +/- 0.0201, % updates: 44.25%
INFO:root:-- EPOCH 47 (1.557 seconds):
INFO:root:COST >> 0.8418 +/- 0.026, % updates: 44.211%
INFO:root:-- EPOCH 48 (1.512 seconds):
INFO:root:COST >> 0.8295 +/- 0.0342, % updates: 43.921%
INFO:root:-- EPOCH 49 (1.503 seconds):
INFO:root:COST >> 0.8076 +/- 0.0293, % updates: 43.199%
INFO:root:-- EPOCH 50 (1.521 seconds):
INFO:root:COST >> 0.8501 +/- 0.0168, % updates: 43.814%
INFO:root:-- EPOCH 51 (1.511 seconds):
INFO:root:COST >> 0.8242 +/- 0.0329, % updates: 43.289%
INFO:root:-- EPOCH 52 (1.522 seconds):
INFO:root:COST >> 0.8148 +/- 0.0276, % updates: 43.033%
INFO:root:-- EPOCH 53 (1.509 seconds):
INFO:root:COST >> 0.833 +/- 0.0302, % updates: 43.343%
INFO:root:-- EPOCH 54 (1.537 seconds):
INFO:root:COST >> 0.8071 +/- 0.0273, % updates: 42.632%
INFO:root:-- EPOCH 55 (1.531 seconds):
INFO:root:COST >> 0.8068 +/- 0.0472, % updates: 42.492%
INFO:root:-- EPOCH 56 (1.51 seconds):
INFO:root:COST >> 0.8172 +/- 0.0207, % updates: 42.519%
INFO:root:-- EPOCH 57 (1.472 seconds):
INFO:root:COST >> 0.8178 +/- 0.0398, % updates: 42.481%
INFO:root:-- EPOCH 58 (1.531 seconds):
INFO:root:COST >> 0.7853 +/- 0.0283, % updates: 41.741%
INFO:root:-- EPOCH 59 (1.524 seconds):
INFO:root:COST >> 0.8088 +/- 0.0383, % updates: 42.096%
INFO:root:-- EPOCH 60 (1.528 seconds):
INFO:root:COST >> 0.7948 +/- 0.0354, % updates: 41.762%
INFO:root:-- EPOCH 61 (1.569 seconds):
INFO:root:COST >> 0.814 +/- 0.0309, % updates: 42.002%
INFO:root:-- EPOCH 62 (1.568 seconds):
INFO:root:COST >> 0.7726 +/- 0.0217, % updates: 41.05%
INFO:root:-- EPOCH 63 (1.5 seconds):
INFO:root:COST >> 0.8027 +/- 0.0492, % updates: 41.619%
INFO:root:-- EPOCH 64 (1.7 seconds):
INFO:root:COST >> 0.8048 +/- 0.0392, % updates: 41.595%
INFO:root:-- EPOCH 65 (1.981 seconds):
INFO:root:COST >> 0.8008 +/- 0.0283, % updates: 41.636%
INFO:root:-- EPOCH 66 (1.937 seconds):
INFO:root:COST >> 0.8366 +/- 0.0339, % updates: 42.289%
INFO:root:-- EPOCH 67 (1.948 seconds):
INFO:root:COST >> 0.8019 +/- 0.0393, % updates: 41.56%
INFO:root:-- EPOCH 68 (1.942 seconds):
INFO:root:COST >> 0.7773 +/- 0.045, % updates: 40.717%
INFO:root:-- EPOCH 69 (1.973 seconds):
INFO:root:COST >> 0.7766 +/- 0.0343, % updates: 40.641%
INFO:root:-- EPOCH 70 (1.895 seconds):
INFO:root:COST >> 0.8064 +/- 0.0346, % updates: 41.381%
INFO:root:-- EPOCH 71 (1.892 seconds):
INFO:root:COST >> 0.8145 +/- 0.0506, % updates: 41.439%
INFO:root:-- EPOCH 72 (1.821 seconds):
INFO:root:COST >> 0.8162 +/- 0.0416, % updates: 41.415%
INFO:root:-- EPOCH 73 (1.562 seconds):
INFO:root:COST >> 0.7791 +/- 0.0417, % updates: 40.504%
INFO:root:-- EPOCH 74 (1.535 seconds):
INFO:root:COST >> 0.8044 +/- 0.0467, % updates: 41.065%
INFO:root:-- EPOCH 75 (1.506 seconds):
INFO:root:COST >> 0.7951 +/- 0.0447, % updates: 40.745%
INFO:root:-- EPOCH 76 (1.501 seconds):
INFO:root:COST >> 0.8164 +/- 0.0522, % updates: 41.129%
INFO:root:-- EPOCH 77 (1.498 seconds):
INFO:root:COST >> 0.7901 +/- 0.036, % updates: 40.613%
INFO:root:-- EPOCH 78 (1.481 seconds):
INFO:root:COST >> 0.7896 +/- 0.0511, % updates: 40.519%
INFO:root:-- EPOCH 79 (1.52 seconds):
INFO:root:COST >> 0.8077 +/- 0.0379, % updates: 40.897%
INFO:root:-- EPOCH 80 (1.524 seconds):
INFO:root:COST >> 0.8094 +/- 0.0423, % updates: 40.835%
INFO:root:-- EPOCH 81 (1.529 seconds):
INFO:root:COST >> 0.8231 +/- 0.0417, % updates: 41.061%
INFO:root:-- EPOCH 82 (1.649 seconds):
INFO:root:COST >> 0.7961 +/- 0.0321, % updates: 40.624%
INFO:root:-- EPOCH 83 (1.51 seconds):
INFO:root:COST >> 0.8246 +/- 0.0339, % updates: 41.125%
INFO:root:-- EPOCH 84 (1.501 seconds):
INFO:root:COST >> 0.8273 +/- 0.0308, % updates: 41.108%
INFO:root:-- EPOCH 85 (1.551 seconds):
INFO:root:COST >> 0.8296 +/- 0.0398, % updates: 41.185%
INFO:root:-- EPOCH 86 (1.483 seconds):
INFO:root:COST >> 0.8382 +/- 0.0462, % updates: 41.363%
INFO:root:-- EPOCH 87 (1.531 seconds):
INFO:root:COST >> 0.8181 +/- 0.0453, % updates: 40.779%
INFO:root:-- EPOCH 88 (1.534 seconds):
INFO:root:COST >> 0.8452 +/- 0.034, % updates: 41.454%
INFO:root:-- EPOCH 89 (1.542 seconds):
INFO:root:COST >> 0.8143 +/- 0.061, % updates: 40.74%
INFO:root:-- EPOCH 90 (1.54 seconds):
INFO:root:COST >> 0.8629 +/- 0.0336, % updates: 41.813%
INFO:root:-- EPOCH 91 (1.517 seconds):
INFO:root:COST >> 0.8487 +/- 0.0527, % updates: 41.393%
INFO:root:-- EPOCH 92 (1.545 seconds):
INFO:root:COST >> 0.8199 +/- 0.0492, % updates: 40.751%
INFO:root:-- EPOCH 93 (1.517 seconds):
INFO:root:COST >> 0.8144 +/- 0.0452, % updates: 40.663%
INFO:root:-- EPOCH 94 (1.528 seconds):
INFO:root:COST >> 0.787 +/- 0.0368, % updates: 40.116%
INFO:root:-- EPOCH 95 (1.523 seconds):
INFO:root:COST >> 0.7858 +/- 0.0535, % updates: 39.971%
INFO:root:-- EPOCH 96 (1.568 seconds):
INFO:root:COST >> 0.8829 +/- 0.0349, % updates: 41.808%
INFO:root:-- EPOCH 97 (1.491 seconds):
INFO:root:COST >> 0.8849 +/- 0.0341, % updates: 41.816%
INFO:root:-- EPOCH 98 (1.216 seconds):
INFO:root:COST >> 0.872 +/- 0.0315, % updates: 41.835%
INFO:root:-- EPOCH 99 (1.301 seconds):
INFO:root:COST >> 0.8749 +/- 0.0412, % updates: 41.651%
INFO:root:-- EPOCH 100 (1.209 seconds):
INFO:root:COST >> 0.8756 +/- 0.0547, % updates: 41.693%
