INFO:root:Shape for training set: (40961, 141442)
INFO:root:State: {'ndim': '20', 'test_all': 'None', 'test_path': 'None', 'nhid': '50', 'lremb': '10.0', 'seed': '8', 'simfn': 'L1', 'valid_path': 'None', 'nbatches': '10', 'lrparam': '10.0', 'decay': '0.999', 'show_hinton_diagrams': 'False', 'no_rescaling': 'True', 'Nrel': '18', 'ranking_score_right': 'False', 'Nent': '40961', 'Nsyn': '40943', 'method': 'SGD', 'loss_margin': '1.0', 'C': '1.0', 'epsilon': '1e-06', 'use_db': 'True', 'max_lr': 'None', 'l1_param_weight': 'None', 'filtered': 'False', 'name': 'wn_opt/wn_SGD_78', 'totepochs': '100', 'l2_param_weight': 'None', 'train_path': 'data/wn/WN-train.pkl', 'op': 'TransE'}
INFO:root:Starting the Experiment ..
INFO:root:-- EPOCH 1 (1.31 seconds):
INFO:root:COST >> 3.2216 +/- 0.4889, % updates: 69.996%
INFO:root:-- EPOCH 2 (1.523 seconds):
INFO:root:COST >> 3.4572 +/- 0.1556, % updates: 67.145%
INFO:root:-- EPOCH 3 (1.492 seconds):
INFO:root:COST >> 3.4593 +/- 0.1607, % updates: 67.074%
INFO:root:-- EPOCH 4 (1.539 seconds):
INFO:root:COST >> 3.4611 +/- 0.1779, % updates: 66.884%
INFO:root:-- EPOCH 5 (1.596 seconds):
INFO:root:COST >> 3.4748 +/- 0.1541, % updates: 67.169%
INFO:root:-- EPOCH 6 (1.719 seconds):
INFO:root:COST >> 3.4669 +/- 0.1566, % updates: 67.01%
INFO:root:-- EPOCH 7 (1.51 seconds):
INFO:root:COST >> 3.4661 +/- 0.1612, % updates: 67.083%
INFO:root:-- EPOCH 8 (1.526 seconds):
INFO:root:COST >> 3.466 +/- 0.1689, % updates: 66.857%
INFO:root:-- EPOCH 9 (1.584 seconds):
INFO:root:COST >> 3.4792 +/- 0.1393, % updates: 67.142%
INFO:root:-- EPOCH 10 (1.645 seconds):
INFO:root:COST >> 3.4743 +/- 0.1496, % updates: 67.066%
INFO:root:-- EPOCH 11 (1.571 seconds):
INFO:root:COST >> 3.4635 +/- 0.1741, % updates: 67.082%
INFO:root:-- EPOCH 12 (1.547 seconds):
INFO:root:COST >> 3.4565 +/- 0.1731, % updates: 67.033%
INFO:root:-- EPOCH 13 (1.597 seconds):
INFO:root:COST >> 3.4635 +/- 0.1673, % updates: 67.08%
INFO:root:-- EPOCH 14 (1.552 seconds):
INFO:root:COST >> 3.4564 +/- 0.1647, % updates: 67.058%
INFO:root:-- EPOCH 15 (1.526 seconds):
INFO:root:COST >> 3.4745 +/- 0.1706, % updates: 67.064%
INFO:root:-- EPOCH 16 (1.546 seconds):
INFO:root:COST >> 3.4782 +/- 0.148, % updates: 67.337%
INFO:root:-- EPOCH 17 (1.593 seconds):
INFO:root:COST >> 3.4654 +/- 0.1703, % updates: 67.145%
INFO:root:-- EPOCH 18 (1.556 seconds):
INFO:root:COST >> 3.4647 +/- 0.1587, % updates: 67.035%
INFO:root:-- EPOCH 19 (1.542 seconds):
INFO:root:COST >> 3.4674 +/- 0.1559, % updates: 66.981%
INFO:root:-- EPOCH 20 (1.575 seconds):
INFO:root:COST >> 3.4702 +/- 0.1723, % updates: 66.945%
INFO:root:-- EPOCH 21 (1.534 seconds):
INFO:root:COST >> 3.4643 +/- 0.1656, % updates: 67.05%
INFO:root:-- EPOCH 22 (1.481 seconds):
INFO:root:COST >> 3.4612 +/- 0.1586, % updates: 67.131%
INFO:root:-- EPOCH 23 (1.509 seconds):
INFO:root:COST >> 3.4675 +/- 0.1637, % updates: 67.067%
INFO:root:-- EPOCH 24 (1.487 seconds):
INFO:root:COST >> 3.4585 +/- 0.1569, % updates: 67.098%
INFO:root:-- EPOCH 25 (1.486 seconds):
INFO:root:COST >> 3.4846 +/- 0.1597, % updates: 67.364%
INFO:root:-- EPOCH 26 (1.7 seconds):
INFO:root:COST >> 3.4589 +/- 0.155, % updates: 66.918%
INFO:root:-- EPOCH 27 (1.504 seconds):
INFO:root:COST >> 3.4626 +/- 0.1351, % updates: 67.13%
INFO:root:-- EPOCH 28 (1.496 seconds):
INFO:root:COST >> 3.4822 +/- 0.1688, % updates: 67.197%
INFO:root:-- EPOCH 29 (1.57 seconds):
INFO:root:COST >> 3.4654 +/- 0.1487, % updates: 67.055%
INFO:root:-- EPOCH 30 (1.511 seconds):
INFO:root:COST >> 3.4664 +/- 0.1739, % updates: 67.13%
INFO:root:-- EPOCH 31 (1.494 seconds):
INFO:root:COST >> 3.4654 +/- 0.1777, % updates: 66.967%
INFO:root:-- EPOCH 32 (1.515 seconds):
INFO:root:COST >> 3.4703 +/- 0.1457, % updates: 67.102%
INFO:root:-- EPOCH 33 (1.506 seconds):
INFO:root:COST >> 3.4694 +/- 0.1611, % updates: 67.114%
INFO:root:-- EPOCH 34 (1.614 seconds):
INFO:root:COST >> 3.4742 +/- 0.1613, % updates: 67.191%
INFO:root:-- EPOCH 35 (1.584 seconds):
INFO:root:COST >> 3.4575 +/- 0.1607, % updates: 67.106%
INFO:root:-- EPOCH 36 (1.518 seconds):
INFO:root:COST >> 3.4576 +/- 0.1638, % updates: 67.05%
INFO:root:-- EPOCH 37 (1.534 seconds):
INFO:root:COST >> 3.4764 +/- 0.1633, % updates: 67.013%
INFO:root:-- EPOCH 38 (1.523 seconds):
INFO:root:COST >> 3.4649 +/- 0.1623, % updates: 67.074%
INFO:root:-- EPOCH 39 (1.532 seconds):
INFO:root:COST >> 3.4587 +/- 0.1547, % updates: 67.026%
INFO:root:-- EPOCH 40 (1.525 seconds):
INFO:root:COST >> 3.4683 +/- 0.1611, % updates: 67.019%
INFO:root:-- EPOCH 41 (1.485 seconds):
INFO:root:COST >> 3.4707 +/- 0.1718, % updates: 67.215%
INFO:root:-- EPOCH 42 (1.528 seconds):
INFO:root:COST >> 3.4693 +/- 0.1745, % updates: 67.062%
INFO:root:-- EPOCH 43 (1.523 seconds):
INFO:root:COST >> 3.4679 +/- 0.1616, % updates: 67.119%
INFO:root:-- EPOCH 44 (1.525 seconds):
INFO:root:COST >> 3.4816 +/- 0.1551, % updates: 67.209%
INFO:root:-- EPOCH 45 (1.571 seconds):
INFO:root:COST >> 3.4599 +/- 0.1743, % updates: 66.871%
INFO:root:-- EPOCH 46 (1.723 seconds):
INFO:root:COST >> 3.4658 +/- 0.1605, % updates: 66.986%
INFO:root:-- EPOCH 47 (1.617 seconds):
INFO:root:COST >> 3.4682 +/- 0.1392, % updates: 67.124%
INFO:root:-- EPOCH 48 (1.848 seconds):
INFO:root:COST >> 3.4657 +/- 0.1782, % updates: 67.115%
INFO:root:-- EPOCH 49 (1.734 seconds):
INFO:root:COST >> 3.4624 +/- 0.1596, % updates: 66.998%
INFO:root:-- EPOCH 50 (1.824 seconds):
INFO:root:COST >> 3.4732 +/- 0.163, % updates: 67.037%
INFO:root:-- EPOCH 51 (1.704 seconds):
INFO:root:COST >> 3.4712 +/- 0.1624, % updates: 67.108%
INFO:root:-- EPOCH 52 (1.566 seconds):
INFO:root:COST >> 3.4615 +/- 0.16, % updates: 66.909%
INFO:root:-- EPOCH 53 (1.562 seconds):
INFO:root:COST >> 3.4663 +/- 0.166, % updates: 66.983%
INFO:root:-- EPOCH 54 (1.509 seconds):
INFO:root:COST >> 3.4734 +/- 0.1688, % updates: 67.157%
INFO:root:-- EPOCH 55 (1.536 seconds):
INFO:root:COST >> 3.435 +/- 0.1624, % updates: 66.897%
INFO:root:-- EPOCH 56 (1.566 seconds):
INFO:root:COST >> 3.4533 +/- 0.1641, % updates: 67.118%
INFO:root:-- EPOCH 57 (1.543 seconds):
INFO:root:COST >> 3.4583 +/- 0.1507, % updates: 66.904%
INFO:root:-- EPOCH 58 (1.52 seconds):
INFO:root:COST >> 3.4711 +/- 0.1574, % updates: 67.148%
INFO:root:-- EPOCH 59 (1.519 seconds):
INFO:root:COST >> 3.4693 +/- 0.1506, % updates: 67.163%
INFO:root:-- EPOCH 60 (1.545 seconds):
INFO:root:COST >> 3.4727 +/- 0.1607, % updates: 67.02%
INFO:root:-- EPOCH 61 (1.538 seconds):
INFO:root:COST >> 3.4568 +/- 0.1683, % updates: 66.929%
INFO:root:-- EPOCH 62 (1.503 seconds):
INFO:root:COST >> 3.4473 +/- 0.1573, % updates: 66.971%
INFO:root:-- EPOCH 63 (1.523 seconds):
INFO:root:COST >> 3.4602 +/- 0.1597, % updates: 67.01%
INFO:root:-- EPOCH 64 (1.504 seconds):
INFO:root:COST >> 3.4596 +/- 0.1528, % updates: 66.929%
INFO:root:-- EPOCH 65 (1.531 seconds):
INFO:root:COST >> 3.4665 +/- 0.1564, % updates: 67.319%
INFO:root:-- EPOCH 66 (1.584 seconds):
INFO:root:COST >> 3.4701 +/- 0.1538, % updates: 67.034%
INFO:root:-- EPOCH 67 (1.524 seconds):
INFO:root:COST >> 3.4693 +/- 0.1616, % updates: 67.097%
INFO:root:-- EPOCH 68 (1.517 seconds):
INFO:root:COST >> 3.4616 +/- 0.1491, % updates: 67.107%
INFO:root:-- EPOCH 69 (1.51 seconds):
INFO:root:COST >> 3.4627 +/- 0.1508, % updates: 67.092%
INFO:root:-- EPOCH 70 (1.513 seconds):
INFO:root:COST >> 3.47 +/- 0.1599, % updates: 67.132%
INFO:root:-- EPOCH 71 (1.502 seconds):
INFO:root:COST >> 3.4613 +/- 0.161, % updates: 66.99%
INFO:root:-- EPOCH 72 (1.467 seconds):
INFO:root:COST >> 3.4543 +/- 0.1636, % updates: 66.91%
INFO:root:-- EPOCH 73 (1.48 seconds):
INFO:root:COST >> 3.4658 +/- 0.1628, % updates: 67.034%
INFO:root:-- EPOCH 74 (1.489 seconds):
INFO:root:COST >> 3.4626 +/- 0.1653, % updates: 67.046%
INFO:root:-- EPOCH 75 (1.563 seconds):
INFO:root:COST >> 3.4596 +/- 0.1585, % updates: 66.992%
INFO:root:-- EPOCH 76 (1.53 seconds):
INFO:root:COST >> 3.466 +/- 0.1641, % updates: 66.975%
INFO:root:-- EPOCH 77 (1.551 seconds):
INFO:root:COST >> 3.4615 +/- 0.1517, % updates: 67.072%
INFO:root:-- EPOCH 78 (1.689 seconds):
INFO:root:COST >> 3.4724 +/- 0.1644, % updates: 67.13%
INFO:root:-- EPOCH 79 (1.745 seconds):
INFO:root:COST >> 3.4616 +/- 0.1678, % updates: 67.038%
INFO:root:-- EPOCH 80 (1.536 seconds):
INFO:root:COST >> 3.4616 +/- 0.1616, % updates: 66.972%
INFO:root:-- EPOCH 81 (1.534 seconds):
INFO:root:COST >> 3.4635 +/- 0.1583, % updates: 67.081%
INFO:root:-- EPOCH 82 (1.537 seconds):
INFO:root:COST >> 3.4577 +/- 0.1679, % updates: 67.043%
INFO:root:-- EPOCH 83 (1.533 seconds):
INFO:root:COST >> 3.4635 +/- 0.1639, % updates: 66.996%
INFO:root:-- EPOCH 84 (1.51 seconds):
INFO:root:COST >> 3.4626 +/- 0.1589, % updates: 66.961%
INFO:root:-- EPOCH 85 (1.531 seconds):
INFO:root:COST >> 3.4623 +/- 0.1568, % updates: 66.998%
INFO:root:-- EPOCH 86 (1.536 seconds):
INFO:root:COST >> 3.4765 +/- 0.1571, % updates: 67.113%
INFO:root:-- EPOCH 87 (1.506 seconds):
INFO:root:COST >> 3.4718 +/- 0.157, % updates: 67.016%
INFO:root:-- EPOCH 88 (1.5 seconds):
INFO:root:COST >> 3.4455 +/- 0.1627, % updates: 67.072%
INFO:root:-- EPOCH 89 (1.536 seconds):
INFO:root:COST >> 3.4594 +/- 0.1698, % updates: 67.095%
INFO:root:-- EPOCH 90 (1.782 seconds):
INFO:root:COST >> 3.4532 +/- 0.1592, % updates: 67.128%
INFO:root:-- EPOCH 91 (1.693 seconds):
INFO:root:COST >> 3.4583 +/- 0.1598, % updates: 67.04%
INFO:root:-- EPOCH 92 (1.585 seconds):
INFO:root:COST >> 3.4754 +/- 0.1661, % updates: 67.189%
INFO:root:-- EPOCH 93 (1.551 seconds):
INFO:root:COST >> 3.4593 +/- 0.1641, % updates: 67.078%
INFO:root:-- EPOCH 94 (1.515 seconds):
INFO:root:COST >> 3.4526 +/- 0.1532, % updates: 67.032%
INFO:root:-- EPOCH 95 (1.499 seconds):
INFO:root:COST >> 3.4491 +/- 0.1574, % updates: 66.959%
INFO:root:-- EPOCH 96 (1.513 seconds):
INFO:root:COST >> 3.466 +/- 0.1588, % updates: 66.975%
INFO:root:-- EPOCH 97 (1.512 seconds):
INFO:root:COST >> 3.4529 +/- 0.1519, % updates: 66.83%
INFO:root:-- EPOCH 98 (1.518 seconds):
INFO:root:COST >> 3.454 +/- 0.1554, % updates: 67.005%
INFO:root:-- EPOCH 99 (1.494 seconds):
INFO:root:COST >> 3.4499 +/- 0.1713, % updates: 66.961%
INFO:root:-- EPOCH 100 (1.24 seconds):
INFO:root:COST >> 3.457 +/- 0.1755, % updates: 66.964%
