INFO:root:Shape for training set: (40961, 141442)
INFO:root:State: {'ndim': '20', 'test_all': 'None', 'test_path': 'None', 'nhid': '50', 'lremb': '0.1', 'seed': '2', 'simfn': 'L1', 'valid_path': 'None', 'nbatches': '10', 'lrparam': '0.1', 'decay': '0.999', 'show_hinton_diagrams': 'False', 'no_rescaling': 'True', 'Nrel': '18', 'ranking_score_right': 'False', 'Nent': '40961', 'Nsyn': '40943', 'method': 'SGD', 'loss_margin': '1.0', 'C': '1.0', 'epsilon': '1e-06', 'use_db': 'True', 'max_lr': 'None', 'l1_param_weight': 'None', 'filtered': 'False', 'name': 'wn_opt/wn_SGD_52', 'totepochs': '100', 'l2_param_weight': 'None', 'train_path': 'data/wn/WN-train.pkl', 'op': 'TransE'}
INFO:root:Starting the Experiment ..
INFO:root:-- EPOCH 1 (1.225 seconds):
INFO:root:COST >> 2.5048 +/- 0.1515, % updates: 65.715%
INFO:root:-- EPOCH 2 (1.16 seconds):
INFO:root:COST >> 2.3599 +/- 0.2075, % updates: 55.459%
INFO:root:-- EPOCH 3 (1.206 seconds):
INFO:root:COST >> 2.298 +/- 0.2151, % updates: 53.555%
INFO:root:-- EPOCH 4 (1.375 seconds):
INFO:root:COST >> 2.2848 +/- 0.2161, % updates: 52.859%
INFO:root:-- EPOCH 5 (1.533 seconds):
INFO:root:COST >> 2.2731 +/- 0.213, % updates: 52.343%
INFO:root:-- EPOCH 6 (1.594 seconds):
INFO:root:COST >> 2.276 +/- 0.2077, % updates: 52.14%
INFO:root:-- EPOCH 7 (1.544 seconds):
INFO:root:COST >> 2.2694 +/- 0.2115, % updates: 51.854%
INFO:root:-- EPOCH 8 (1.585 seconds):
INFO:root:COST >> 2.2553 +/- 0.2046, % updates: 51.632%
INFO:root:-- EPOCH 9 (1.588 seconds):
INFO:root:COST >> 2.2554 +/- 0.1993, % updates: 51.692%
INFO:root:-- EPOCH 10 (1.592 seconds):
INFO:root:COST >> 2.2649 +/- 0.1962, % updates: 51.67%
INFO:root:-- EPOCH 11 (1.557 seconds):
INFO:root:COST >> 2.2572 +/- 0.2038, % updates: 51.563%
INFO:root:-- EPOCH 12 (1.556 seconds):
INFO:root:COST >> 2.2697 +/- 0.2032, % updates: 51.595%
INFO:root:-- EPOCH 13 (1.556 seconds):
INFO:root:COST >> 2.2494 +/- 0.2113, % updates: 51.505%
INFO:root:-- EPOCH 14 (1.611 seconds):
INFO:root:COST >> 2.2606 +/- 0.1879, % updates: 51.547%
INFO:root:-- EPOCH 15 (1.539 seconds):
INFO:root:COST >> 2.2589 +/- 0.2041, % updates: 51.513%
INFO:root:-- EPOCH 16 (1.781 seconds):
INFO:root:COST >> 2.2574 +/- 0.1954, % updates: 51.535%
INFO:root:-- EPOCH 17 (1.536 seconds):
INFO:root:COST >> 2.2648 +/- 0.2163, % updates: 51.656%
INFO:root:-- EPOCH 18 (1.55 seconds):
INFO:root:COST >> 2.2554 +/- 0.1992, % updates: 51.462%
INFO:root:-- EPOCH 19 (1.569 seconds):
INFO:root:COST >> 2.259 +/- 0.1997, % updates: 51.556%
INFO:root:-- EPOCH 20 (1.537 seconds):
INFO:root:COST >> 2.2659 +/- 0.2076, % updates: 51.652%
INFO:root:-- EPOCH 21 (1.524 seconds):
INFO:root:COST >> 2.2566 +/- 0.1904, % updates: 51.604%
INFO:root:-- EPOCH 22 (1.605 seconds):
INFO:root:COST >> 2.2573 +/- 0.2078, % updates: 51.575%
INFO:root:-- EPOCH 23 (1.581 seconds):
INFO:root:COST >> 2.2619 +/- 0.2026, % updates: 51.503%
INFO:root:-- EPOCH 24 (1.616 seconds):
INFO:root:COST >> 2.2692 +/- 0.2094, % updates: 51.487%
INFO:root:-- EPOCH 25 (1.725 seconds):
INFO:root:COST >> 2.2674 +/- 0.1935, % updates: 51.628%
INFO:root:-- EPOCH 26 (1.565 seconds):
INFO:root:COST >> 2.2589 +/- 0.1963, % updates: 51.515%
INFO:root:-- EPOCH 27 (1.534 seconds):
INFO:root:COST >> 2.2542 +/- 0.2006, % updates: 51.462%
INFO:root:-- EPOCH 28 (1.571 seconds):
INFO:root:COST >> 2.2543 +/- 0.198, % updates: 51.431%
INFO:root:-- EPOCH 29 (1.531 seconds):
INFO:root:COST >> 2.2605 +/- 0.1904, % updates: 51.512%
INFO:root:-- EPOCH 30 (1.566 seconds):
INFO:root:COST >> 2.2602 +/- 0.205, % updates: 51.405%
INFO:root:-- EPOCH 31 (1.541 seconds):
INFO:root:COST >> 2.2649 +/- 0.196, % updates: 51.607%
INFO:root:-- EPOCH 32 (1.542 seconds):
INFO:root:COST >> 2.261 +/- 0.2101, % updates: 51.548%
INFO:root:-- EPOCH 33 (1.572 seconds):
INFO:root:COST >> 2.26 +/- 0.2065, % updates: 51.437%
INFO:root:-- EPOCH 34 (1.591 seconds):
INFO:root:COST >> 2.2619 +/- 0.1999, % updates: 51.625%
INFO:root:-- EPOCH 35 (1.613 seconds):
INFO:root:COST >> 2.2596 +/- 0.2013, % updates: 51.669%
INFO:root:-- EPOCH 36 (1.595 seconds):
INFO:root:COST >> 2.2548 +/- 0.2007, % updates: 51.354%
INFO:root:-- EPOCH 37 (1.577 seconds):
INFO:root:COST >> 2.2537 +/- 0.2095, % updates: 51.331%
INFO:root:-- EPOCH 38 (1.599 seconds):
INFO:root:COST >> 2.2542 +/- 0.1958, % updates: 51.35%
INFO:root:-- EPOCH 39 (1.541 seconds):
INFO:root:COST >> 2.2518 +/- 0.1978, % updates: 51.221%
INFO:root:-- EPOCH 40 (1.544 seconds):
INFO:root:COST >> 2.2497 +/- 0.2034, % updates: 51.311%
INFO:root:-- EPOCH 41 (1.577 seconds):
INFO:root:COST >> 2.2536 +/- 0.1996, % updates: 51.266%
INFO:root:-- EPOCH 42 (1.573 seconds):
INFO:root:COST >> 2.2522 +/- 0.1929, % updates: 51.389%
INFO:root:-- EPOCH 43 (1.557 seconds):
INFO:root:COST >> 2.2587 +/- 0.1986, % updates: 51.373%
INFO:root:-- EPOCH 44 (1.539 seconds):
INFO:root:COST >> 2.2529 +/- 0.2039, % updates: 51.268%
INFO:root:-- EPOCH 45 (1.669 seconds):
INFO:root:COST >> 2.2532 +/- 0.2079, % updates: 51.368%
INFO:root:-- EPOCH 46 (1.534 seconds):
INFO:root:COST >> 2.2495 +/- 0.2048, % updates: 51.243%
INFO:root:-- EPOCH 47 (1.56 seconds):
INFO:root:COST >> 2.2554 +/- 0.2027, % updates: 51.188%
INFO:root:-- EPOCH 48 (1.571 seconds):
INFO:root:COST >> 2.2441 +/- 0.2103, % updates: 51.201%
INFO:root:-- EPOCH 49 (1.553 seconds):
INFO:root:COST >> 2.2461 +/- 0.2131, % updates: 51.316%
INFO:root:-- EPOCH 50 (1.552 seconds):
INFO:root:COST >> 2.2561 +/- 0.2074, % updates: 51.303%
INFO:root:-- EPOCH 51 (1.566 seconds):
INFO:root:COST >> 2.251 +/- 0.2104, % updates: 51.384%
INFO:root:-- EPOCH 52 (1.558 seconds):
INFO:root:COST >> 2.2532 +/- 0.1985, % updates: 51.433%
INFO:root:-- EPOCH 53 (1.571 seconds):
INFO:root:COST >> 2.2498 +/- 0.2001, % updates: 51.277%
INFO:root:-- EPOCH 54 (1.591 seconds):
INFO:root:COST >> 2.2533 +/- 0.1948, % updates: 51.411%
INFO:root:-- EPOCH 55 (1.55 seconds):
INFO:root:COST >> 2.2532 +/- 0.1974, % updates: 51.439%
INFO:root:-- EPOCH 56 (1.554 seconds):
INFO:root:COST >> 2.2569 +/- 0.1936, % updates: 51.465%
INFO:root:-- EPOCH 57 (1.631 seconds):
INFO:root:COST >> 2.2534 +/- 0.1929, % updates: 51.292%
INFO:root:-- EPOCH 58 (1.599 seconds):
INFO:root:COST >> 2.25 +/- 0.2078, % updates: 51.382%
INFO:root:-- EPOCH 59 (1.568 seconds):
INFO:root:COST >> 2.2419 +/- 0.1909, % updates: 51.281%
INFO:root:-- EPOCH 60 (1.658 seconds):
INFO:root:COST >> 2.2469 +/- 0.2109, % updates: 51.313%
INFO:root:-- EPOCH 61 (1.583 seconds):
INFO:root:COST >> 2.2472 +/- 0.203, % updates: 51.339%
INFO:root:-- EPOCH 62 (1.583 seconds):
INFO:root:COST >> 2.2482 +/- 0.213, % updates: 51.259%
INFO:root:-- EPOCH 63 (1.589 seconds):
INFO:root:COST >> 2.2573 +/- 0.2073, % updates: 51.445%
INFO:root:-- EPOCH 64 (1.623 seconds):
INFO:root:COST >> 2.251 +/- 0.1913, % updates: 51.387%
INFO:root:-- EPOCH 65 (1.564 seconds):
INFO:root:COST >> 2.2585 +/- 0.2104, % updates: 51.537%
INFO:root:-- EPOCH 66 (1.527 seconds):
INFO:root:COST >> 2.2462 +/- 0.2106, % updates: 51.175%
INFO:root:-- EPOCH 67 (1.539 seconds):
INFO:root:COST >> 2.2571 +/- 0.1964, % updates: 51.413%
INFO:root:-- EPOCH 68 (1.551 seconds):
INFO:root:COST >> 2.2417 +/- 0.198, % updates: 51.333%
INFO:root:-- EPOCH 69 (1.548 seconds):
INFO:root:COST >> 2.2543 +/- 0.1972, % updates: 51.372%
INFO:root:-- EPOCH 70 (1.558 seconds):
INFO:root:COST >> 2.254 +/- 0.2024, % updates: 51.387%
INFO:root:-- EPOCH 71 (1.609 seconds):
INFO:root:COST >> 2.252 +/- 0.1971, % updates: 51.275%
INFO:root:-- EPOCH 72 (1.605 seconds):
INFO:root:COST >> 2.2596 +/- 0.1949, % updates: 51.544%
INFO:root:-- EPOCH 73 (1.579 seconds):
INFO:root:COST >> 2.2518 +/- 0.1956, % updates: 51.451%
INFO:root:-- EPOCH 74 (1.637 seconds):
INFO:root:COST >> 2.2468 +/- 0.205, % updates: 51.346%
INFO:root:-- EPOCH 75 (1.608 seconds):
INFO:root:COST >> 2.2476 +/- 0.1992, % updates: 51.325%
INFO:root:-- EPOCH 76 (1.721 seconds):
INFO:root:COST >> 2.2517 +/- 0.1969, % updates: 51.371%
INFO:root:-- EPOCH 77 (2.045 seconds):
INFO:root:COST >> 2.2576 +/- 0.2041, % updates: 51.543%
INFO:root:-- EPOCH 78 (1.675 seconds):
INFO:root:COST >> 2.2619 +/- 0.2109, % updates: 51.477%
INFO:root:-- EPOCH 79 (1.649 seconds):
INFO:root:COST >> 2.265 +/- 0.21, % updates: 51.414%
INFO:root:-- EPOCH 80 (1.589 seconds):
INFO:root:COST >> 2.2562 +/- 0.2056, % updates: 51.418%
INFO:root:-- EPOCH 81 (1.733 seconds):
INFO:root:COST >> 2.2598 +/- 0.1998, % updates: 51.551%
INFO:root:-- EPOCH 82 (1.739 seconds):
INFO:root:COST >> 2.2551 +/- 0.2017, % updates: 51.431%
INFO:root:-- EPOCH 83 (1.67 seconds):
INFO:root:COST >> 2.2561 +/- 0.1955, % updates: 51.467%
INFO:root:-- EPOCH 84 (1.571 seconds):
INFO:root:COST >> 2.2535 +/- 0.2017, % updates: 51.363%
INFO:root:-- EPOCH 85 (1.653 seconds):
INFO:root:COST >> 2.2481 +/- 0.2026, % updates: 51.334%
INFO:root:-- EPOCH 86 (1.613 seconds):
INFO:root:COST >> 2.2576 +/- 0.2113, % updates: 51.357%
INFO:root:-- EPOCH 87 (1.675 seconds):
INFO:root:COST >> 2.2425 +/- 0.2075, % updates: 51.22%
INFO:root:-- EPOCH 88 (1.585 seconds):
INFO:root:COST >> 2.2544 +/- 0.193, % updates: 51.356%
INFO:root:-- EPOCH 89 (1.573 seconds):
INFO:root:COST >> 2.2517 +/- 0.198, % updates: 51.318%
INFO:root:-- EPOCH 90 (1.543 seconds):
INFO:root:COST >> 2.2578 +/- 0.2046, % updates: 51.464%
INFO:root:-- EPOCH 91 (1.614 seconds):
INFO:root:COST >> 2.2549 +/- 0.1988, % updates: 51.304%
INFO:root:-- EPOCH 92 (1.513 seconds):
INFO:root:COST >> 2.2503 +/- 0.208, % updates: 51.286%
INFO:root:-- EPOCH 93 (1.524 seconds):
INFO:root:COST >> 2.2563 +/- 0.1976, % updates: 51.369%
INFO:root:-- EPOCH 94 (1.579 seconds):
INFO:root:COST >> 2.2479 +/- 0.2002, % updates: 51.24%
INFO:root:-- EPOCH 95 (1.547 seconds):
INFO:root:COST >> 2.2534 +/- 0.2035, % updates: 51.444%
INFO:root:-- EPOCH 96 (1.545 seconds):
INFO:root:COST >> 2.249 +/- 0.2054, % updates: 51.313%
INFO:root:-- EPOCH 97 (1.536 seconds):
INFO:root:COST >> 2.2563 +/- 0.2072, % updates: 51.441%
INFO:root:-- EPOCH 98 (1.524 seconds):
INFO:root:COST >> 2.2551 +/- 0.2065, % updates: 51.432%
INFO:root:-- EPOCH 99 (1.533 seconds):
INFO:root:COST >> 2.2605 +/- 0.2057, % updates: 51.536%
INFO:root:-- EPOCH 100 (1.509 seconds):
INFO:root:COST >> 2.256 +/- 0.1879, % updates: 51.411%
