INFO:root:Shape for training set: (40961, 141442)
INFO:root:State: {'ndim': '20', 'test_all': 'None', 'test_path': 'None', 'nhid': '50', 'lremb': '0.0001', 'seed': '8', 'simfn': 'L1', 'valid_path': 'None', 'nbatches': '10', 'lrparam': '0.0001', 'decay': '0.999', 'show_hinton_diagrams': 'False', 'no_rescaling': 'True', 'Nrel': '18', 'ranking_score_right': 'False', 'Nent': '40961', 'Nsyn': '40943', 'method': 'SGD', 'loss_margin': '1.0', 'C': '1.0', 'epsilon': '1e-06', 'use_db': 'True', 'max_lr': 'None', 'l1_param_weight': 'None', 'filtered': 'False', 'name': 'wn_opt/wn_SGD_28', 'totepochs': '100', 'l2_param_weight': 'None', 'train_path': 'data/wn/WN-train.pkl', 'op': 'TransE'}
INFO:root:Starting the Experiment ..
INFO:root:-- EPOCH 1 (1.314 seconds):
INFO:root:COST >> 2.2044 +/- 0.0162, % updates: 81.713%
INFO:root:-- EPOCH 2 (1.383 seconds):
INFO:root:COST >> 2.1692 +/- 0.0163, % updates: 81.714%
INFO:root:-- EPOCH 3 (1.491 seconds):
INFO:root:COST >> 2.1489 +/- 0.0124, % updates: 81.58%
INFO:root:-- EPOCH 4 (1.972 seconds):
INFO:root:COST >> 2.1205 +/- 0.0166, % updates: 81.139%
INFO:root:-- EPOCH 5 (2.185 seconds):
INFO:root:COST >> 2.104 +/- 0.0126, % updates: 80.775%
INFO:root:-- EPOCH 6 (2.04 seconds):
INFO:root:COST >> 2.0798 +/- 0.01, % updates: 80.301%
INFO:root:-- EPOCH 7 (1.938 seconds):
INFO:root:COST >> 2.0578 +/- 0.0116, % updates: 79.874%
INFO:root:-- EPOCH 8 (1.931 seconds):
INFO:root:COST >> 2.0391 +/- 0.0149, % updates: 79.576%
INFO:root:-- EPOCH 9 (1.763 seconds):
INFO:root:COST >> 2.0216 +/- 0.0117, % updates: 79.081%
INFO:root:-- EPOCH 10 (1.728 seconds):
INFO:root:COST >> 2.0015 +/- 0.0135, % updates: 78.791%
INFO:root:-- EPOCH 11 (1.721 seconds):
INFO:root:COST >> 1.9835 +/- 0.0124, % updates: 78.252%
INFO:root:-- EPOCH 12 (1.762 seconds):
INFO:root:COST >> 1.9649 +/- 0.0107, % updates: 78.016%
INFO:root:-- EPOCH 13 (1.75 seconds):
INFO:root:COST >> 1.9514 +/- 0.008, % updates: 77.655%
INFO:root:-- EPOCH 14 (1.614 seconds):
INFO:root:COST >> 1.9335 +/- 0.0038, % updates: 77.365%
INFO:root:-- EPOCH 15 (1.778 seconds):
INFO:root:COST >> 1.9223 +/- 0.0099, % updates: 77.151%
INFO:root:-- EPOCH 16 (1.579 seconds):
INFO:root:COST >> 1.909 +/- 0.006, % updates: 76.854%
INFO:root:-- EPOCH 17 (1.542 seconds):
INFO:root:COST >> 1.8869 +/- 0.0133, % updates: 76.443%
INFO:root:-- EPOCH 18 (1.576 seconds):
INFO:root:COST >> 1.8736 +/- 0.0081, % updates: 75.983%
INFO:root:-- EPOCH 19 (1.589 seconds):
INFO:root:COST >> 1.8651 +/- 0.0107, % updates: 76.091%
INFO:root:-- EPOCH 20 (1.549 seconds):
INFO:root:COST >> 1.8495 +/- 0.0122, % updates: 75.528%
INFO:root:-- EPOCH 21 (1.566 seconds):
INFO:root:COST >> 1.8397 +/- 0.0098, % updates: 75.364%
INFO:root:-- EPOCH 22 (1.683 seconds):
INFO:root:COST >> 1.826 +/- 0.0106, % updates: 75.205%
INFO:root:-- EPOCH 23 (1.542 seconds):
INFO:root:COST >> 1.8103 +/- 0.0138, % updates: 74.914%
INFO:root:-- EPOCH 24 (1.545 seconds):
INFO:root:COST >> 1.8004 +/- 0.0104, % updates: 74.63%
INFO:root:-- EPOCH 25 (1.602 seconds):
INFO:root:COST >> 1.7807 +/- 0.0062, % updates: 74.318%
INFO:root:-- EPOCH 26 (1.591 seconds):
INFO:root:COST >> 1.7684 +/- 0.0105, % updates: 74.075%
INFO:root:-- EPOCH 27 (1.568 seconds):
INFO:root:COST >> 1.7578 +/- 0.0139, % updates: 73.737%
INFO:root:-- EPOCH 28 (1.546 seconds):
INFO:root:COST >> 1.7458 +/- 0.0104, % updates: 73.68%
INFO:root:-- EPOCH 29 (1.613 seconds):
INFO:root:COST >> 1.737 +/- 0.0139, % updates: 73.481%
INFO:root:-- EPOCH 30 (1.551 seconds):
INFO:root:COST >> 1.7205 +/- 0.0122, % updates: 73.304%
INFO:root:-- EPOCH 31 (1.562 seconds):
INFO:root:COST >> 1.7112 +/- 0.0094, % updates: 73.101%
INFO:root:-- EPOCH 32 (1.848 seconds):
INFO:root:COST >> 1.6986 +/- 0.0053, % updates: 72.702%
INFO:root:-- EPOCH 33 (1.684 seconds):
INFO:root:COST >> 1.6929 +/- 0.0067, % updates: 72.582%
INFO:root:-- EPOCH 34 (1.649 seconds):
INFO:root:COST >> 1.6767 +/- 0.009, % updates: 72.308%
INFO:root:-- EPOCH 35 (1.694 seconds):
INFO:root:COST >> 1.6664 +/- 0.0105, % updates: 72.08%
INFO:root:-- EPOCH 36 (1.528 seconds):
INFO:root:COST >> 1.6576 +/- 0.0051, % updates: 71.906%
INFO:root:-- EPOCH 37 (1.553 seconds):
INFO:root:COST >> 1.6481 +/- 0.0089, % updates: 71.733%
INFO:root:-- EPOCH 38 (1.526 seconds):
INFO:root:COST >> 1.6335 +/- 0.0077, % updates: 71.421%
INFO:root:-- EPOCH 39 (1.559 seconds):
INFO:root:COST >> 1.6206 +/- 0.011, % updates: 71.19%
INFO:root:-- EPOCH 40 (1.523 seconds):
INFO:root:COST >> 1.6143 +/- 0.0104, % updates: 71.086%
INFO:root:-- EPOCH 41 (1.523 seconds):
INFO:root:COST >> 1.6009 +/- 0.0083, % updates: 70.754%
INFO:root:-- EPOCH 42 (1.531 seconds):
INFO:root:COST >> 1.5944 +/- 0.008, % updates: 70.552%
INFO:root:-- EPOCH 43 (1.515 seconds):
INFO:root:COST >> 1.5827 +/- 0.0086, % updates: 70.44%
INFO:root:-- EPOCH 44 (1.569 seconds):
INFO:root:COST >> 1.5723 +/- 0.0122, % updates: 70.121%
INFO:root:-- EPOCH 45 (1.682 seconds):
INFO:root:COST >> 1.5604 +/- 0.0083, % updates: 69.847%
INFO:root:-- EPOCH 46 (1.767 seconds):
INFO:root:COST >> 1.5535 +/- 0.0136, % updates: 69.716%
INFO:root:-- EPOCH 47 (1.569 seconds):
INFO:root:COST >> 1.542 +/- 0.0118, % updates: 69.514%
INFO:root:-- EPOCH 48 (1.57 seconds):
INFO:root:COST >> 1.5356 +/- 0.013, % updates: 69.411%
INFO:root:-- EPOCH 49 (1.612 seconds):
INFO:root:COST >> 1.522 +/- 0.009, % updates: 69.045%
INFO:root:-- EPOCH 50 (1.575 seconds):
INFO:root:COST >> 1.5136 +/- 0.0117, % updates: 68.819%
INFO:root:-- EPOCH 51 (1.671 seconds):
INFO:root:COST >> 1.509 +/- 0.0082, % updates: 68.726%
INFO:root:-- EPOCH 52 (1.523 seconds):
INFO:root:COST >> 1.4955 +/- 0.0099, % updates: 68.598%
INFO:root:-- EPOCH 53 (1.529 seconds):
INFO:root:COST >> 1.4891 +/- 0.01, % updates: 68.412%
INFO:root:-- EPOCH 54 (1.561 seconds):
INFO:root:COST >> 1.4757 +/- 0.0123, % updates: 68.241%
INFO:root:-- EPOCH 55 (1.559 seconds):
INFO:root:COST >> 1.4747 +/- 0.0079, % updates: 68.022%
INFO:root:-- EPOCH 56 (1.549 seconds):
INFO:root:COST >> 1.4596 +/- 0.0073, % updates: 67.785%
INFO:root:-- EPOCH 57 (1.524 seconds):
INFO:root:COST >> 1.4542 +/- 0.012, % updates: 67.595%
INFO:root:-- EPOCH 58 (1.568 seconds):
INFO:root:COST >> 1.445 +/- 0.0062, % updates: 67.479%
INFO:root:-- EPOCH 59 (1.554 seconds):
INFO:root:COST >> 1.4357 +/- 0.0082, % updates: 67.187%
INFO:root:-- EPOCH 60 (1.635 seconds):
INFO:root:COST >> 1.4247 +/- 0.0055, % updates: 66.839%
INFO:root:-- EPOCH 61 (1.567 seconds):
INFO:root:COST >> 1.4167 +/- 0.0102, % updates: 66.865%
INFO:root:-- EPOCH 62 (1.51 seconds):
INFO:root:COST >> 1.4139 +/- 0.0116, % updates: 66.641%
INFO:root:-- EPOCH 63 (1.543 seconds):
INFO:root:COST >> 1.402 +/- 0.0082, % updates: 66.469%
INFO:root:-- EPOCH 64 (1.545 seconds):
INFO:root:COST >> 1.3894 +/- 0.0108, % updates: 66.253%
INFO:root:-- EPOCH 65 (1.567 seconds):
INFO:root:COST >> 1.3854 +/- 0.008, % updates: 66.067%
INFO:root:-- EPOCH 66 (1.495 seconds):
INFO:root:COST >> 1.3767 +/- 0.0099, % updates: 65.77%
INFO:root:-- EPOCH 67 (1.601 seconds):
INFO:root:COST >> 1.3673 +/- 0.0106, % updates: 65.611%
INFO:root:-- EPOCH 68 (1.562 seconds):
INFO:root:COST >> 1.3573 +/- 0.0097, % updates: 65.51%
INFO:root:-- EPOCH 69 (1.588 seconds):
INFO:root:COST >> 1.3556 +/- 0.0094, % updates: 65.38%
INFO:root:-- EPOCH 70 (1.572 seconds):
INFO:root:COST >> 1.3424 +/- 0.0144, % updates: 65.158%
INFO:root:-- EPOCH 71 (1.551 seconds):
INFO:root:COST >> 1.3371 +/- 0.0105, % updates: 64.958%
INFO:root:-- EPOCH 72 (1.527 seconds):
INFO:root:COST >> 1.3279 +/- 0.0085, % updates: 64.85%
INFO:root:-- EPOCH 73 (1.532 seconds):
INFO:root:COST >> 1.3209 +/- 0.0085, % updates: 64.655%
INFO:root:-- EPOCH 74 (1.539 seconds):
INFO:root:COST >> 1.3111 +/- 0.0082, % updates: 64.417%
INFO:root:-- EPOCH 75 (1.54 seconds):
INFO:root:COST >> 1.3054 +/- 0.0094, % updates: 64.335%
INFO:root:-- EPOCH 76 (1.522 seconds):
INFO:root:COST >> 1.2977 +/- 0.014, % updates: 63.976%
INFO:root:-- EPOCH 77 (1.519 seconds):
INFO:root:COST >> 1.2869 +/- 0.0102, % updates: 63.804%
INFO:root:-- EPOCH 78 (1.559 seconds):
INFO:root:COST >> 1.2809 +/- 0.0115, % updates: 63.618%
INFO:root:-- EPOCH 79 (1.53 seconds):
INFO:root:COST >> 1.2761 +/- 0.01, % updates: 63.571%
INFO:root:-- EPOCH 80 (1.517 seconds):
INFO:root:COST >> 1.2725 +/- 0.0064, % updates: 63.436%
INFO:root:-- EPOCH 81 (1.52 seconds):
INFO:root:COST >> 1.2678 +/- 0.0083, % updates: 63.317%
INFO:root:-- EPOCH 82 (1.567 seconds):
INFO:root:COST >> 1.2537 +/- 0.0115, % updates: 62.969%
INFO:root:-- EPOCH 83 (1.555 seconds):
INFO:root:COST >> 1.2492 +/- 0.0132, % updates: 62.848%
INFO:root:-- EPOCH 84 (1.539 seconds):
INFO:root:COST >> 1.2421 +/- 0.0073, % updates: 62.691%
INFO:root:-- EPOCH 85 (1.507 seconds):
INFO:root:COST >> 1.2379 +/- 0.0087, % updates: 62.65%
INFO:root:-- EPOCH 86 (1.592 seconds):
INFO:root:COST >> 1.2279 +/- 0.0085, % updates: 62.292%
INFO:root:-- EPOCH 87 (1.556 seconds):
INFO:root:COST >> 1.2204 +/- 0.0076, % updates: 62.272%
INFO:root:-- EPOCH 88 (1.542 seconds):
INFO:root:COST >> 1.2156 +/- 0.0053, % updates: 62.042%
INFO:root:-- EPOCH 89 (1.528 seconds):
INFO:root:COST >> 1.2074 +/- 0.0088, % updates: 61.823%
INFO:root:-- EPOCH 90 (1.671 seconds):
INFO:root:COST >> 1.2013 +/- 0.0079, % updates: 61.652%
INFO:root:-- EPOCH 91 (1.527 seconds):
INFO:root:COST >> 1.1941 +/- 0.0075, % updates: 61.567%
INFO:root:-- EPOCH 92 (1.633 seconds):
INFO:root:COST >> 1.189 +/- 0.0081, % updates: 61.437%
INFO:root:-- EPOCH 93 (1.702 seconds):
INFO:root:COST >> 1.1827 +/- 0.0114, % updates: 61.218%
INFO:root:-- EPOCH 94 (1.57 seconds):
INFO:root:COST >> 1.1768 +/- 0.0053, % updates: 61.062%
INFO:root:-- EPOCH 95 (1.524 seconds):
INFO:root:COST >> 1.1717 +/- 0.005, % updates: 60.936%
INFO:root:-- EPOCH 96 (1.585 seconds):
INFO:root:COST >> 1.1671 +/- 0.0099, % updates: 60.811%
INFO:root:-- EPOCH 97 (1.465 seconds):
INFO:root:COST >> 1.1576 +/- 0.0099, % updates: 60.545%
INFO:root:-- EPOCH 98 (1.497 seconds):
INFO:root:COST >> 1.1509 +/- 0.0106, % updates: 60.262%
INFO:root:-- EPOCH 99 (1.525 seconds):
INFO:root:COST >> 1.1469 +/- 0.0082, % updates: 60.346%
INFO:root:-- EPOCH 100 (1.53 seconds):
INFO:root:COST >> 1.1367 +/- 0.007, % updates: 60.011%
