INFO:root:Shape for training set: (40961, 141442)
INFO:root:State: {'ndim': '20', 'test_all': 'None', 'test_path': 'None', 'nhid': '50', 'lremb': '0.1', 'seed': '3', 'simfn': 'L1', 'valid_path': 'None', 'nbatches': '10', 'lrparam': '0.1', 'decay': '0.999', 'show_hinton_diagrams': 'False', 'no_rescaling': 'True', 'Nrel': '18', 'ranking_score_right': 'False', 'Nent': '40961', 'Nsyn': '40943', 'method': 'SGD', 'loss_margin': '1.0', 'C': '1.0', 'epsilon': '1e-06', 'use_db': 'True', 'max_lr': 'None', 'l1_param_weight': 'None', 'filtered': 'False', 'name': 'wn_opt/wn_SGD_53', 'totepochs': '100', 'l2_param_weight': 'None', 'train_path': 'data/wn/WN-train.pkl', 'op': 'TransE'}
INFO:root:Starting the Experiment ..
INFO:root:-- EPOCH 1 (1.546 seconds):
INFO:root:COST >> 2.4116 +/- 0.1274, % updates: 64.462%
INFO:root:-- EPOCH 2 (1.522 seconds):
INFO:root:COST >> 2.2565 +/- 0.197, % updates: 53.323%
INFO:root:-- EPOCH 3 (1.55 seconds):
INFO:root:COST >> 2.2209 +/- 0.1939, % updates: 51.574%
INFO:root:-- EPOCH 4 (1.549 seconds):
INFO:root:COST >> 2.1989 +/- 0.1886, % updates: 50.79%
INFO:root:-- EPOCH 5 (1.625 seconds):
INFO:root:COST >> 2.1956 +/- 0.1782, % updates: 50.27%
INFO:root:-- EPOCH 6 (1.557 seconds):
INFO:root:COST >> 2.1928 +/- 0.1974, % updates: 50.037%
INFO:root:-- EPOCH 7 (1.569 seconds):
INFO:root:COST >> 2.1982 +/- 0.2011, % updates: 50.04%
INFO:root:-- EPOCH 8 (1.578 seconds):
INFO:root:COST >> 2.1846 +/- 0.1869, % updates: 49.748%
INFO:root:-- EPOCH 9 (1.626 seconds):
INFO:root:COST >> 2.2102 +/- 0.1885, % updates: 49.855%
INFO:root:-- EPOCH 10 (1.556 seconds):
INFO:root:COST >> 2.1961 +/- 0.1894, % updates: 49.788%
INFO:root:-- EPOCH 11 (1.559 seconds):
INFO:root:COST >> 2.1982 +/- 0.1903, % updates: 49.809%
INFO:root:-- EPOCH 12 (1.656 seconds):
INFO:root:COST >> 2.1898 +/- 0.1796, % updates: 49.679%
INFO:root:-- EPOCH 13 (1.68 seconds):
INFO:root:COST >> 2.1937 +/- 0.1951, % updates: 49.598%
INFO:root:-- EPOCH 14 (1.554 seconds):
INFO:root:COST >> 2.1984 +/- 0.1803, % updates: 49.651%
INFO:root:-- EPOCH 15 (1.58 seconds):
INFO:root:COST >> 2.1945 +/- 0.188, % updates: 49.603%
INFO:root:-- EPOCH 16 (1.529 seconds):
INFO:root:COST >> 2.1909 +/- 0.1885, % updates: 49.583%
INFO:root:-- EPOCH 17 (1.527 seconds):
INFO:root:COST >> 2.1944 +/- 0.1792, % updates: 49.524%
INFO:root:-- EPOCH 18 (1.525 seconds):
INFO:root:COST >> 2.1945 +/- 0.2029, % updates: 49.654%
INFO:root:-- EPOCH 19 (1.555 seconds):
INFO:root:COST >> 2.1882 +/- 0.1881, % updates: 49.517%
INFO:root:-- EPOCH 20 (1.574 seconds):
INFO:root:COST >> 2.1933 +/- 0.191, % updates: 49.611%
INFO:root:-- EPOCH 21 (1.639 seconds):
INFO:root:COST >> 2.1996 +/- 0.1931, % updates: 49.685%
INFO:root:-- EPOCH 22 (1.841 seconds):
INFO:root:COST >> 2.195 +/- 0.1989, % updates: 49.55%
INFO:root:-- EPOCH 23 (1.568 seconds):
INFO:root:COST >> 2.1923 +/- 0.19, % updates: 49.571%
INFO:root:-- EPOCH 24 (1.511 seconds):
INFO:root:COST >> 2.1907 +/- 0.1869, % updates: 49.464%
INFO:root:-- EPOCH 25 (1.534 seconds):
INFO:root:COST >> 2.1999 +/- 0.189, % updates: 49.6%
INFO:root:-- EPOCH 26 (1.532 seconds):
INFO:root:COST >> 2.1947 +/- 0.1873, % updates: 49.607%
INFO:root:-- EPOCH 27 (1.536 seconds):
INFO:root:COST >> 2.1904 +/- 0.1824, % updates: 49.448%
INFO:root:-- EPOCH 28 (1.553 seconds):
INFO:root:COST >> 2.1871 +/- 0.1891, % updates: 49.376%
INFO:root:-- EPOCH 29 (1.532 seconds):
INFO:root:COST >> 2.1903 +/- 0.1938, % updates: 49.562%
INFO:root:-- EPOCH 30 (1.558 seconds):
INFO:root:COST >> 2.2053 +/- 0.1997, % updates: 49.656%
INFO:root:-- EPOCH 31 (1.598 seconds):
INFO:root:COST >> 2.1942 +/- 0.1954, % updates: 49.617%
INFO:root:-- EPOCH 32 (1.625 seconds):
INFO:root:COST >> 2.1941 +/- 0.1874, % updates: 49.562%
INFO:root:-- EPOCH 33 (1.66 seconds):
INFO:root:COST >> 2.1936 +/- 0.2003, % updates: 49.551%
INFO:root:-- EPOCH 34 (1.541 seconds):
INFO:root:COST >> 2.1958 +/- 0.1815, % updates: 49.429%
INFO:root:-- EPOCH 35 (1.567 seconds):
INFO:root:COST >> 2.188 +/- 0.1964, % updates: 49.529%
INFO:root:-- EPOCH 36 (1.589 seconds):
INFO:root:COST >> 2.191 +/- 0.1837, % updates: 49.365%
INFO:root:-- EPOCH 37 (1.568 seconds):
INFO:root:COST >> 2.1948 +/- 0.1934, % updates: 49.51%
INFO:root:-- EPOCH 38 (1.565 seconds):
INFO:root:COST >> 2.1953 +/- 0.1888, % updates: 49.592%
INFO:root:-- EPOCH 39 (1.551 seconds):
INFO:root:COST >> 2.1956 +/- 0.194, % updates: 49.64%
INFO:root:-- EPOCH 40 (1.524 seconds):
INFO:root:COST >> 2.1988 +/- 0.1948, % updates: 49.552%
INFO:root:-- EPOCH 41 (1.643 seconds):
INFO:root:COST >> 2.1983 +/- 0.1881, % updates: 49.687%
INFO:root:-- EPOCH 42 (1.645 seconds):
INFO:root:COST >> 2.1934 +/- 0.1862, % updates: 49.615%
INFO:root:-- EPOCH 43 (1.55 seconds):
INFO:root:COST >> 2.197 +/- 0.1996, % updates: 49.527%
INFO:root:-- EPOCH 44 (1.668 seconds):
INFO:root:COST >> 2.2034 +/- 0.1932, % updates: 49.485%
INFO:root:-- EPOCH 45 (1.543 seconds):
INFO:root:COST >> 2.1944 +/- 0.1901, % updates: 49.569%
INFO:root:-- EPOCH 46 (1.582 seconds):
INFO:root:COST >> 2.19 +/- 0.1943, % updates: 49.482%
INFO:root:-- EPOCH 47 (1.549 seconds):
INFO:root:COST >> 2.1997 +/- 0.1856, % updates: 49.626%
INFO:root:-- EPOCH 48 (1.578 seconds):
INFO:root:COST >> 2.1854 +/- 0.1806, % updates: 49.473%
INFO:root:-- EPOCH 49 (1.615 seconds):
INFO:root:COST >> 2.1954 +/- 0.1813, % updates: 49.488%
INFO:root:-- EPOCH 50 (1.622 seconds):
INFO:root:COST >> 2.1949 +/- 0.1894, % updates: 49.443%
INFO:root:-- EPOCH 51 (1.557 seconds):
INFO:root:COST >> 2.1991 +/- 0.1944, % updates: 49.545%
INFO:root:-- EPOCH 52 (1.567 seconds):
INFO:root:COST >> 2.1971 +/- 0.1936, % updates: 49.467%
INFO:root:-- EPOCH 53 (1.538 seconds):
INFO:root:COST >> 2.1926 +/- 0.1886, % updates: 49.562%
INFO:root:-- EPOCH 54 (1.656 seconds):
INFO:root:COST >> 2.1985 +/- 0.186, % updates: 49.542%
INFO:root:-- EPOCH 55 (1.601 seconds):
INFO:root:COST >> 2.1977 +/- 0.1905, % updates: 49.521%
INFO:root:-- EPOCH 56 (1.656 seconds):
INFO:root:COST >> 2.2003 +/- 0.1815, % updates: 49.641%
INFO:root:-- EPOCH 57 (1.556 seconds):
INFO:root:COST >> 2.193 +/- 0.1759, % updates: 49.567%
INFO:root:-- EPOCH 58 (1.559 seconds):
INFO:root:COST >> 2.199 +/- 0.1821, % updates: 49.558%
INFO:root:-- EPOCH 59 (1.576 seconds):
INFO:root:COST >> 2.1959 +/- 0.1865, % updates: 49.471%
INFO:root:-- EPOCH 60 (1.581 seconds):
INFO:root:COST >> 2.2006 +/- 0.1853, % updates: 49.566%
INFO:root:-- EPOCH 61 (1.769 seconds):
INFO:root:COST >> 2.1915 +/- 0.1887, % updates: 49.499%
INFO:root:-- EPOCH 62 (1.545 seconds):
INFO:root:COST >> 2.1933 +/- 0.1856, % updates: 49.39%
INFO:root:-- EPOCH 63 (1.544 seconds):
INFO:root:COST >> 2.1966 +/- 0.1955, % updates: 49.563%
INFO:root:-- EPOCH 64 (1.55 seconds):
INFO:root:COST >> 2.1945 +/- 0.1878, % updates: 49.572%
INFO:root:-- EPOCH 65 (1.547 seconds):
INFO:root:COST >> 2.1976 +/- 0.19, % updates: 49.538%
INFO:root:-- EPOCH 66 (1.566 seconds):
INFO:root:COST >> 2.197 +/- 0.1901, % updates: 49.486%
INFO:root:-- EPOCH 67 (1.569 seconds):
INFO:root:COST >> 2.2087 +/- 0.1925, % updates: 49.633%
INFO:root:-- EPOCH 68 (1.611 seconds):
INFO:root:COST >> 2.2022 +/- 0.1807, % updates: 49.574%
INFO:root:-- EPOCH 69 (1.661 seconds):
INFO:root:COST >> 2.186 +/- 0.2006, % updates: 49.383%
INFO:root:-- EPOCH 70 (1.585 seconds):
INFO:root:COST >> 2.1932 +/- 0.191, % updates: 49.51%
INFO:root:-- EPOCH 71 (1.768 seconds):
INFO:root:COST >> 2.1911 +/- 0.191, % updates: 49.468%
INFO:root:-- EPOCH 72 (1.794 seconds):
INFO:root:COST >> 2.1958 +/- 0.1867, % updates: 49.424%
INFO:root:-- EPOCH 73 (1.82 seconds):
INFO:root:COST >> 2.1974 +/- 0.1906, % updates: 49.476%
INFO:root:-- EPOCH 74 (1.77 seconds):
INFO:root:COST >> 2.194 +/- 0.1836, % updates: 49.585%
INFO:root:-- EPOCH 75 (1.91 seconds):
INFO:root:COST >> 2.2027 +/- 0.1885, % updates: 49.406%
INFO:root:-- EPOCH 76 (1.563 seconds):
INFO:root:COST >> 2.2057 +/- 0.1967, % updates: 49.593%
INFO:root:-- EPOCH 77 (1.71 seconds):
INFO:root:COST >> 2.1946 +/- 0.1864, % updates: 49.662%
INFO:root:-- EPOCH 78 (1.697 seconds):
INFO:root:COST >> 2.2049 +/- 0.1926, % updates: 49.564%
INFO:root:-- EPOCH 79 (1.654 seconds):
INFO:root:COST >> 2.1922 +/- 0.1887, % updates: 49.408%
INFO:root:-- EPOCH 80 (1.574 seconds):
INFO:root:COST >> 2.2006 +/- 0.198, % updates: 49.597%
INFO:root:-- EPOCH 81 (1.588 seconds):
INFO:root:COST >> 2.1924 +/- 0.1807, % updates: 49.422%
INFO:root:-- EPOCH 82 (1.642 seconds):
INFO:root:COST >> 2.1878 +/- 0.1889, % updates: 49.366%
INFO:root:-- EPOCH 83 (1.717 seconds):
INFO:root:COST >> 2.1925 +/- 0.1972, % updates: 49.459%
INFO:root:-- EPOCH 84 (1.547 seconds):
INFO:root:COST >> 2.191 +/- 0.1962, % updates: 49.492%
INFO:root:-- EPOCH 85 (1.556 seconds):
INFO:root:COST >> 2.2005 +/- 0.1926, % updates: 49.613%
INFO:root:-- EPOCH 86 (1.551 seconds):
INFO:root:COST >> 2.1866 +/- 0.1929, % updates: 49.441%
INFO:root:-- EPOCH 87 (1.559 seconds):
INFO:root:COST >> 2.1977 +/- 0.1951, % updates: 49.521%
INFO:root:-- EPOCH 88 (1.502 seconds):
INFO:root:COST >> 2.1996 +/- 0.1861, % updates: 49.55%
INFO:root:-- EPOCH 89 (1.535 seconds):
INFO:root:COST >> 2.1968 +/- 0.2047, % updates: 49.492%
INFO:root:-- EPOCH 90 (1.637 seconds):
INFO:root:COST >> 2.199 +/- 0.1885, % updates: 49.511%
INFO:root:-- EPOCH 91 (1.579 seconds):
INFO:root:COST >> 2.1942 +/- 0.1858, % updates: 49.407%
INFO:root:-- EPOCH 92 (1.571 seconds):
INFO:root:COST >> 2.1966 +/- 0.1877, % updates: 49.516%
INFO:root:-- EPOCH 93 (1.624 seconds):
INFO:root:COST >> 2.205 +/- 0.1881, % updates: 49.773%
INFO:root:-- EPOCH 94 (1.519 seconds):
INFO:root:COST >> 2.2075 +/- 0.188, % updates: 49.583%
INFO:root:-- EPOCH 95 (1.569 seconds):
INFO:root:COST >> 2.1836 +/- 0.1907, % updates: 49.41%
INFO:root:-- EPOCH 96 (1.546 seconds):
INFO:root:COST >> 2.1844 +/- 0.1797, % updates: 49.466%
INFO:root:-- EPOCH 97 (1.277 seconds):
INFO:root:COST >> 2.2008 +/- 0.1869, % updates: 49.639%
INFO:root:-- EPOCH 98 (1.151 seconds):
INFO:root:COST >> 2.1985 +/- 0.1897, % updates: 49.48%
INFO:root:-- EPOCH 99 (1.396 seconds):
INFO:root:COST >> 2.2044 +/- 0.1849, % updates: 49.566%
INFO:root:-- EPOCH 100 (1.502 seconds):
INFO:root:COST >> 2.1967 +/- 0.1878, % updates: 49.518%
