INFO:root:Shape for training set: (40961, 141442)
INFO:root:State: {'ndim': '20', 'test_all': 'None', 'test_path': 'None', 'nhid': '50', 'lremb': '0.1', 'seed': '1', 'simfn': 'L1', 'valid_path': 'None', 'nbatches': '10', 'lrparam': '0.1', 'decay': '0.999', 'show_hinton_diagrams': 'False', 'no_rescaling': 'True', 'Nrel': '18', 'ranking_score_right': 'False', 'Nent': '40961', 'Nsyn': '40943', 'method': 'SGD', 'loss_margin': '1.0', 'C': '1.0', 'epsilon': '1e-06', 'use_db': 'True', 'max_lr': 'None', 'l1_param_weight': 'None', 'filtered': 'False', 'name': 'wn_opt/wn_SGD_51', 'totepochs': '100', 'l2_param_weight': 'None', 'train_path': 'data/wn/WN-train.pkl', 'op': 'TransE'}
INFO:root:Starting the Experiment ..
INFO:root:-- EPOCH 1 (1.517 seconds):
INFO:root:COST >> 2.5186 +/- 0.1541, % updates: 67.268%
INFO:root:-- EPOCH 2 (1.533 seconds):
INFO:root:COST >> 2.3463 +/- 0.2212, % updates: 56.594%
INFO:root:-- EPOCH 3 (1.536 seconds):
INFO:root:COST >> 2.2945 +/- 0.2074, % updates: 54.298%
INFO:root:-- EPOCH 4 (1.51 seconds):
INFO:root:COST >> 2.2692 +/- 0.2083, % updates: 53.427%
INFO:root:-- EPOCH 5 (1.553 seconds):
INFO:root:COST >> 2.279 +/- 0.2261, % updates: 53.04%
INFO:root:-- EPOCH 6 (1.523 seconds):
INFO:root:COST >> 2.2698 +/- 0.21, % updates: 52.859%
INFO:root:-- EPOCH 7 (1.713 seconds):
INFO:root:COST >> 2.2641 +/- 0.2111, % updates: 52.677%
INFO:root:-- EPOCH 8 (1.545 seconds):
INFO:root:COST >> 2.2641 +/- 0.2132, % updates: 52.589%
INFO:root:-- EPOCH 9 (1.556 seconds):
INFO:root:COST >> 2.2647 +/- 0.2205, % updates: 52.619%
INFO:root:-- EPOCH 10 (1.52 seconds):
INFO:root:COST >> 2.2694 +/- 0.2147, % updates: 52.527%
INFO:root:-- EPOCH 11 (1.53 seconds):
INFO:root:COST >> 2.2648 +/- 0.2049, % updates: 52.383%
INFO:root:-- EPOCH 12 (1.575 seconds):
INFO:root:COST >> 2.2574 +/- 0.2081, % updates: 52.383%
INFO:root:-- EPOCH 13 (1.564 seconds):
INFO:root:COST >> 2.2656 +/- 0.2204, % updates: 52.315%
INFO:root:-- EPOCH 14 (1.611 seconds):
INFO:root:COST >> 2.2636 +/- 0.2084, % updates: 52.151%
INFO:root:-- EPOCH 15 (1.549 seconds):
INFO:root:COST >> 2.2555 +/- 0.212, % updates: 52.314%
INFO:root:-- EPOCH 16 (1.525 seconds):
INFO:root:COST >> 2.2671 +/- 0.22, % updates: 52.355%
INFO:root:-- EPOCH 17 (1.507 seconds):
INFO:root:COST >> 2.2656 +/- 0.2242, % updates: 52.36%
INFO:root:-- EPOCH 18 (1.533 seconds):
INFO:root:COST >> 2.2678 +/- 0.2074, % updates: 52.292%
INFO:root:-- EPOCH 19 (1.557 seconds):
INFO:root:COST >> 2.2548 +/- 0.2121, % updates: 52.126%
INFO:root:-- EPOCH 20 (1.629 seconds):
INFO:root:COST >> 2.2591 +/- 0.207, % updates: 52.143%
INFO:root:-- EPOCH 21 (1.595 seconds):
INFO:root:COST >> 2.2573 +/- 0.2147, % updates: 52.264%
INFO:root:-- EPOCH 22 (1.763 seconds):
INFO:root:COST >> 2.2683 +/- 0.2154, % updates: 52.327%
INFO:root:-- EPOCH 23 (1.81 seconds):
INFO:root:COST >> 2.2647 +/- 0.2106, % updates: 52.267%
INFO:root:-- EPOCH 24 (1.779 seconds):
INFO:root:COST >> 2.2626 +/- 0.2152, % updates: 52.204%
INFO:root:-- EPOCH 25 (1.899 seconds):
INFO:root:COST >> 2.259 +/- 0.2156, % updates: 52.177%
INFO:root:-- EPOCH 26 (1.586 seconds):
INFO:root:COST >> 2.2615 +/- 0.2025, % updates: 52.173%
INFO:root:-- EPOCH 27 (1.498 seconds):
INFO:root:COST >> 2.263 +/- 0.216, % updates: 52.195%
INFO:root:-- EPOCH 28 (1.532 seconds):
INFO:root:COST >> 2.2633 +/- 0.2088, % updates: 52.209%
INFO:root:-- EPOCH 29 (1.483 seconds):
INFO:root:COST >> 2.2673 +/- 0.2123, % updates: 52.169%
INFO:root:-- EPOCH 30 (1.504 seconds):
INFO:root:COST >> 2.268 +/- 0.213, % updates: 52.381%
INFO:root:-- EPOCH 31 (1.523 seconds):
INFO:root:COST >> 2.2616 +/- 0.209, % updates: 52.243%
INFO:root:-- EPOCH 32 (1.515 seconds):
INFO:root:COST >> 2.2662 +/- 0.2002, % updates: 52.31%
INFO:root:-- EPOCH 33 (1.504 seconds):
INFO:root:COST >> 2.2654 +/- 0.2207, % updates: 52.341%
INFO:root:-- EPOCH 34 (1.537 seconds):
INFO:root:COST >> 2.2653 +/- 0.2225, % updates: 52.157%
INFO:root:-- EPOCH 35 (1.527 seconds):
INFO:root:COST >> 2.2634 +/- 0.213, % updates: 52.248%
INFO:root:-- EPOCH 36 (1.547 seconds):
INFO:root:COST >> 2.263 +/- 0.2129, % updates: 52.179%
INFO:root:-- EPOCH 37 (1.518 seconds):
INFO:root:COST >> 2.2599 +/- 0.2108, % updates: 52.097%
INFO:root:-- EPOCH 38 (1.528 seconds):
INFO:root:COST >> 2.2715 +/- 0.2141, % updates: 52.274%
INFO:root:-- EPOCH 39 (1.503 seconds):
INFO:root:COST >> 2.2721 +/- 0.2063, % updates: 52.331%
INFO:root:-- EPOCH 40 (1.535 seconds):
INFO:root:COST >> 2.2596 +/- 0.2126, % updates: 52.283%
INFO:root:-- EPOCH 41 (1.541 seconds):
INFO:root:COST >> 2.2621 +/- 0.2235, % updates: 52.218%
INFO:root:-- EPOCH 42 (1.511 seconds):
INFO:root:COST >> 2.2683 +/- 0.2161, % updates: 52.304%
INFO:root:-- EPOCH 43 (1.539 seconds):
INFO:root:COST >> 2.262 +/- 0.2096, % updates: 52.163%
INFO:root:-- EPOCH 44 (1.528 seconds):
INFO:root:COST >> 2.2666 +/- 0.2222, % updates: 52.263%
INFO:root:-- EPOCH 45 (1.508 seconds):
INFO:root:COST >> 2.2588 +/- 0.2106, % updates: 52.297%
INFO:root:-- EPOCH 46 (1.53 seconds):
INFO:root:COST >> 2.2595 +/- 0.2179, % updates: 52.118%
INFO:root:-- EPOCH 47 (1.517 seconds):
INFO:root:COST >> 2.2605 +/- 0.2139, % updates: 52.125%
INFO:root:-- EPOCH 48 (1.525 seconds):
INFO:root:COST >> 2.2548 +/- 0.221, % updates: 52.091%
INFO:root:-- EPOCH 49 (1.493 seconds):
INFO:root:COST >> 2.2662 +/- 0.2147, % updates: 52.255%
INFO:root:-- EPOCH 50 (1.525 seconds):
INFO:root:COST >> 2.2678 +/- 0.2117, % updates: 52.227%
INFO:root:-- EPOCH 51 (1.579 seconds):
INFO:root:COST >> 2.2677 +/- 0.2177, % updates: 52.33%
INFO:root:-- EPOCH 52 (1.567 seconds):
INFO:root:COST >> 2.2618 +/- 0.2153, % updates: 52.254%
INFO:root:-- EPOCH 53 (1.523 seconds):
INFO:root:COST >> 2.2648 +/- 0.1985, % updates: 52.233%
INFO:root:-- EPOCH 54 (1.516 seconds):
INFO:root:COST >> 2.2574 +/- 0.2092, % updates: 52.181%
INFO:root:-- EPOCH 55 (1.574 seconds):
INFO:root:COST >> 2.2596 +/- 0.2169, % updates: 52.301%
INFO:root:-- EPOCH 56 (1.566 seconds):
INFO:root:COST >> 2.2588 +/- 0.2082, % updates: 52.181%
INFO:root:-- EPOCH 57 (1.517 seconds):
INFO:root:COST >> 2.2636 +/- 0.2081, % updates: 52.279%
INFO:root:-- EPOCH 58 (1.563 seconds):
INFO:root:COST >> 2.2548 +/- 0.2212, % updates: 52.139%
INFO:root:-- EPOCH 59 (1.546 seconds):
INFO:root:COST >> 2.2631 +/- 0.2168, % updates: 52.299%
INFO:root:-- EPOCH 60 (1.686 seconds):
INFO:root:COST >> 2.2643 +/- 0.2101, % updates: 52.349%
INFO:root:-- EPOCH 61 (1.554 seconds):
INFO:root:COST >> 2.2571 +/- 0.2106, % updates: 52.149%
INFO:root:-- EPOCH 62 (1.579 seconds):
INFO:root:COST >> 2.263 +/- 0.2216, % updates: 52.192%
INFO:root:-- EPOCH 63 (1.592 seconds):
INFO:root:COST >> 2.2558 +/- 0.2143, % updates: 52.168%
INFO:root:-- EPOCH 64 (1.637 seconds):
INFO:root:COST >> 2.2616 +/- 0.2273, % updates: 52.286%
INFO:root:-- EPOCH 65 (1.599 seconds):
INFO:root:COST >> 2.2591 +/- 0.2133, % updates: 52.177%
INFO:root:-- EPOCH 66 (1.558 seconds):
INFO:root:COST >> 2.2667 +/- 0.21, % updates: 52.383%
INFO:root:-- EPOCH 67 (1.506 seconds):
INFO:root:COST >> 2.2507 +/- 0.2146, % updates: 51.996%
INFO:root:-- EPOCH 68 (1.555 seconds):
INFO:root:COST >> 2.2579 +/- 0.2169, % updates: 52.092%
INFO:root:-- EPOCH 69 (1.578 seconds):
INFO:root:COST >> 2.2559 +/- 0.2197, % updates: 52.079%
INFO:root:-- EPOCH 70 (1.576 seconds):
INFO:root:COST >> 2.2603 +/- 0.2147, % updates: 52.207%
INFO:root:-- EPOCH 71 (1.649 seconds):
INFO:root:COST >> 2.2578 +/- 0.2071, % updates: 52.068%
INFO:root:-- EPOCH 72 (1.636 seconds):
INFO:root:COST >> 2.2581 +/- 0.2192, % updates: 52.081%
INFO:root:-- EPOCH 73 (1.604 seconds):
INFO:root:COST >> 2.2658 +/- 0.2141, % updates: 52.287%
INFO:root:-- EPOCH 74 (1.588 seconds):
INFO:root:COST >> 2.2641 +/- 0.205, % updates: 52.28%
INFO:root:-- EPOCH 75 (1.59 seconds):
INFO:root:COST >> 2.2563 +/- 0.2149, % updates: 52.118%
INFO:root:-- EPOCH 76 (1.579 seconds):
INFO:root:COST >> 2.2603 +/- 0.2067, % updates: 52.175%
INFO:root:-- EPOCH 77 (1.606 seconds):
INFO:root:COST >> 2.2608 +/- 0.2195, % updates: 52.185%
INFO:root:-- EPOCH 78 (1.563 seconds):
INFO:root:COST >> 2.2692 +/- 0.2177, % updates: 52.383%
INFO:root:-- EPOCH 79 (1.527 seconds):
INFO:root:COST >> 2.2572 +/- 0.2099, % updates: 52.09%
INFO:root:-- EPOCH 80 (1.573 seconds):
INFO:root:COST >> 2.2585 +/- 0.217, % updates: 52.042%
INFO:root:-- EPOCH 81 (1.656 seconds):
INFO:root:COST >> 2.2501 +/- 0.2133, % updates: 52.032%
INFO:root:-- EPOCH 82 (1.586 seconds):
INFO:root:COST >> 2.2557 +/- 0.2175, % updates: 52.056%
INFO:root:-- EPOCH 83 (1.53 seconds):
INFO:root:COST >> 2.2549 +/- 0.2131, % updates: 52.032%
INFO:root:-- EPOCH 84 (1.555 seconds):
INFO:root:COST >> 2.2587 +/- 0.2123, % updates: 51.939%
INFO:root:-- EPOCH 85 (1.688 seconds):
INFO:root:COST >> 2.2599 +/- 0.1986, % updates: 52.227%
INFO:root:-- EPOCH 86 (1.563 seconds):
INFO:root:COST >> 2.2597 +/- 0.2051, % updates: 52.143%
INFO:root:-- EPOCH 87 (1.651 seconds):
INFO:root:COST >> 2.2559 +/- 0.2176, % updates: 52.09%
INFO:root:-- EPOCH 88 (1.785 seconds):
INFO:root:COST >> 2.2577 +/- 0.2165, % updates: 52.143%
INFO:root:-- EPOCH 89 (2.162 seconds):
INFO:root:COST >> 2.2579 +/- 0.2141, % updates: 52.186%
INFO:root:-- EPOCH 90 (2.209 seconds):
INFO:root:COST >> 2.2511 +/- 0.2085, % updates: 52.084%
INFO:root:-- EPOCH 91 (1.827 seconds):
INFO:root:COST >> 2.2597 +/- 0.2134, % updates: 52.122%
INFO:root:-- EPOCH 92 (1.705 seconds):
INFO:root:COST >> 2.2587 +/- 0.2122, % updates: 52.16%
INFO:root:-- EPOCH 93 (1.649 seconds):
INFO:root:COST >> 2.2591 +/- 0.1984, % updates: 52.121%
INFO:root:-- EPOCH 94 (1.569 seconds):
INFO:root:COST >> 2.2565 +/- 0.2056, % updates: 52.031%
INFO:root:-- EPOCH 95 (1.607 seconds):
INFO:root:COST >> 2.2581 +/- 0.2073, % updates: 52.195%
INFO:root:-- EPOCH 96 (2.193 seconds):
INFO:root:COST >> 2.2548 +/- 0.1985, % updates: 51.98%
INFO:root:-- EPOCH 97 (1.521 seconds):
INFO:root:COST >> 2.2508 +/- 0.2117, % updates: 52.11%
INFO:root:-- EPOCH 98 (1.182 seconds):
INFO:root:COST >> 2.264 +/- 0.2041, % updates: 52.061%
INFO:root:-- EPOCH 99 (1.318 seconds):
INFO:root:COST >> 2.2521 +/- 0.2166, % updates: 51.979%
INFO:root:-- EPOCH 100 (1.257 seconds):
INFO:root:COST >> 2.2483 +/- 0.2093, % updates: 51.854%
