INFO:root:Shape for training set: (40961, 141442)
INFO:root:State: {'ndim': '20', 'test_all': 'None', 'test_path': 'None', 'nhid': '50', 'lremb': '0.0001', 'seed': '6', 'simfn': 'L1', 'valid_path': 'None', 'nbatches': '10', 'lrparam': '0.0001', 'decay': '0.999', 'show_hinton_diagrams': 'False', 'no_rescaling': 'True', 'Nrel': '18', 'ranking_score_right': 'False', 'Nent': '40961', 'Nsyn': '40943', 'method': 'SGD', 'loss_margin': '1.0', 'C': '1.0', 'epsilon': '1e-06', 'use_db': 'True', 'max_lr': 'None', 'l1_param_weight': 'None', 'filtered': 'False', 'name': 'wn_opt/wn_SGD_26', 'totepochs': '100', 'l2_param_weight': 'None', 'train_path': 'data/wn/WN-train.pkl', 'op': 'TransE'}
INFO:root:Starting the Experiment ..
INFO:root:-- EPOCH 1 (1.338 seconds):
INFO:root:COST >> 2.1951 +/- 0.0134, % updates: 81.493%
INFO:root:-- EPOCH 2 (1.282 seconds):
INFO:root:COST >> 2.1548 +/- 0.0041, % updates: 81.362%
INFO:root:-- EPOCH 3 (1.368 seconds):
INFO:root:COST >> 2.1332 +/- 0.0151, % updates: 81.236%
INFO:root:-- EPOCH 4 (1.308 seconds):
INFO:root:COST >> 2.1095 +/- 0.0084, % updates: 80.87%
INFO:root:-- EPOCH 5 (1.821 seconds):
INFO:root:COST >> 2.0928 +/- 0.0148, % updates: 80.464%
INFO:root:-- EPOCH 6 (1.497 seconds):
INFO:root:COST >> 2.0709 +/- 0.0122, % updates: 80.059%
INFO:root:-- EPOCH 7 (1.533 seconds):
INFO:root:COST >> 2.0504 +/- 0.0146, % updates: 79.812%
INFO:root:-- EPOCH 8 (1.576 seconds):
INFO:root:COST >> 2.0331 +/- 0.016, % updates: 79.461%
INFO:root:-- EPOCH 9 (1.613 seconds):
INFO:root:COST >> 2.0119 +/- 0.0112, % updates: 79.017%
INFO:root:-- EPOCH 10 (1.629 seconds):
INFO:root:COST >> 1.9992 +/- 0.0074, % updates: 78.741%
INFO:root:-- EPOCH 11 (1.574 seconds):
INFO:root:COST >> 1.9799 +/- 0.0153, % updates: 78.384%
INFO:root:-- EPOCH 12 (1.624 seconds):
INFO:root:COST >> 1.9665 +/- 0.0147, % updates: 78.166%
INFO:root:-- EPOCH 13 (2.114 seconds):
INFO:root:COST >> 1.9497 +/- 0.012, % updates: 77.78%
INFO:root:-- EPOCH 14 (1.613 seconds):
INFO:root:COST >> 1.9313 +/- 0.016, % updates: 77.417%
INFO:root:-- EPOCH 15 (1.568 seconds):
INFO:root:COST >> 1.9151 +/- 0.0076, % updates: 77.096%
INFO:root:-- EPOCH 16 (1.55 seconds):
INFO:root:COST >> 1.9035 +/- 0.0138, % updates: 76.746%
INFO:root:-- EPOCH 17 (1.647 seconds):
INFO:root:COST >> 1.8889 +/- 0.0113, % updates: 76.494%
INFO:root:-- EPOCH 18 (1.542 seconds):
INFO:root:COST >> 1.8744 +/- 0.0114, % updates: 76.288%
INFO:root:-- EPOCH 19 (1.63 seconds):
INFO:root:COST >> 1.862 +/- 0.0144, % updates: 76.041%
INFO:root:-- EPOCH 20 (1.602 seconds):
INFO:root:COST >> 1.8492 +/- 0.0131, % updates: 75.801%
INFO:root:-- EPOCH 21 (1.576 seconds):
INFO:root:COST >> 1.8353 +/- 0.008, % updates: 75.413%
INFO:root:-- EPOCH 22 (1.526 seconds):
INFO:root:COST >> 1.8215 +/- 0.0083, % updates: 75.154%
INFO:root:-- EPOCH 23 (1.59 seconds):
INFO:root:COST >> 1.8086 +/- 0.0165, % updates: 74.943%
INFO:root:-- EPOCH 24 (1.681 seconds):
INFO:root:COST >> 1.7983 +/- 0.0095, % updates: 74.875%
INFO:root:-- EPOCH 25 (1.648 seconds):
INFO:root:COST >> 1.7808 +/- 0.0083, % updates: 74.446%
INFO:root:-- EPOCH 26 (1.529 seconds):
INFO:root:COST >> 1.7695 +/- 0.0084, % updates: 74.203%
INFO:root:-- EPOCH 27 (1.579 seconds):
INFO:root:COST >> 1.7587 +/- 0.0109, % updates: 73.935%
INFO:root:-- EPOCH 28 (1.673 seconds):
INFO:root:COST >> 1.7397 +/- 0.0097, % updates: 73.66%
INFO:root:-- EPOCH 29 (1.586 seconds):
INFO:root:COST >> 1.7314 +/- 0.0099, % updates: 73.559%
INFO:root:-- EPOCH 30 (1.549 seconds):
INFO:root:COST >> 1.7185 +/- 0.014, % updates: 73.328%
INFO:root:-- EPOCH 31 (1.616 seconds):
INFO:root:COST >> 1.7126 +/- 0.0124, % updates: 73.122%
INFO:root:-- EPOCH 32 (1.574 seconds):
INFO:root:COST >> 1.7001 +/- 0.0054, % updates: 72.763%
INFO:root:-- EPOCH 33 (1.737 seconds):
INFO:root:COST >> 1.6889 +/- 0.013, % updates: 72.71%
INFO:root:-- EPOCH 34 (1.913 seconds):
INFO:root:COST >> 1.6762 +/- 0.0091, % updates: 72.431%
INFO:root:-- EPOCH 35 (1.559 seconds):
INFO:root:COST >> 1.6662 +/- 0.008, % updates: 72.201%
INFO:root:-- EPOCH 36 (1.59 seconds):
INFO:root:COST >> 1.6529 +/- 0.0122, % updates: 71.965%
INFO:root:-- EPOCH 37 (1.554 seconds):
INFO:root:COST >> 1.644 +/- 0.0082, % updates: 71.777%
INFO:root:-- EPOCH 38 (1.554 seconds):
INFO:root:COST >> 1.6362 +/- 0.0069, % updates: 71.572%
INFO:root:-- EPOCH 39 (1.559 seconds):
INFO:root:COST >> 1.626 +/- 0.0121, % updates: 71.39%
INFO:root:-- EPOCH 40 (1.526 seconds):
INFO:root:COST >> 1.6076 +/- 0.0087, % updates: 71.064%
INFO:root:-- EPOCH 41 (1.645 seconds):
INFO:root:COST >> 1.6032 +/- 0.0092, % updates: 71.106%
INFO:root:-- EPOCH 42 (1.538 seconds):
INFO:root:COST >> 1.5941 +/- 0.0108, % updates: 70.709%
INFO:root:-- EPOCH 43 (1.631 seconds):
INFO:root:COST >> 1.5819 +/- 0.0113, % updates: 70.396%
INFO:root:-- EPOCH 44 (1.602 seconds):
INFO:root:COST >> 1.5729 +/- 0.0069, % updates: 70.339%
INFO:root:-- EPOCH 45 (1.646 seconds):
INFO:root:COST >> 1.561 +/- 0.0106, % updates: 70.047%
INFO:root:-- EPOCH 46 (1.563 seconds):
INFO:root:COST >> 1.5523 +/- 0.0119, % updates: 69.954%
INFO:root:-- EPOCH 47 (1.77 seconds):
INFO:root:COST >> 1.5411 +/- 0.0097, % updates: 69.633%
INFO:root:-- EPOCH 48 (1.829 seconds):
INFO:root:COST >> 1.5352 +/- 0.0149, % updates: 69.643%
INFO:root:-- EPOCH 49 (1.542 seconds):
INFO:root:COST >> 1.5247 +/- 0.0088, % updates: 69.371%
INFO:root:-- EPOCH 50 (1.667 seconds):
INFO:root:COST >> 1.5173 +/- 0.0113, % updates: 69.104%
INFO:root:-- EPOCH 51 (1.595 seconds):
INFO:root:COST >> 1.5062 +/- 0.0122, % updates: 68.785%
INFO:root:-- EPOCH 52 (1.576 seconds):
INFO:root:COST >> 1.4938 +/- 0.0074, % updates: 68.761%
INFO:root:-- EPOCH 53 (1.693 seconds):
INFO:root:COST >> 1.4882 +/- 0.0075, % updates: 68.549%
INFO:root:-- EPOCH 54 (1.711 seconds):
INFO:root:COST >> 1.4771 +/- 0.0052, % updates: 68.335%
INFO:root:-- EPOCH 55 (1.687 seconds):
INFO:root:COST >> 1.4675 +/- 0.0068, % updates: 68.037%
INFO:root:-- EPOCH 56 (1.581 seconds):
INFO:root:COST >> 1.459 +/- 0.0094, % updates: 67.885%
INFO:root:-- EPOCH 57 (1.702 seconds):
INFO:root:COST >> 1.4547 +/- 0.0092, % updates: 67.732%
INFO:root:-- EPOCH 58 (1.637 seconds):
INFO:root:COST >> 1.4473 +/- 0.0094, % updates: 67.665%
INFO:root:-- EPOCH 59 (1.693 seconds):
INFO:root:COST >> 1.4303 +/- 0.0099, % updates: 67.244%
INFO:root:-- EPOCH 60 (1.653 seconds):
INFO:root:COST >> 1.4246 +/- 0.0095, % updates: 67.193%
INFO:root:-- EPOCH 61 (1.826 seconds):
INFO:root:COST >> 1.4177 +/- 0.0094, % updates: 66.932%
INFO:root:-- EPOCH 62 (1.692 seconds):
INFO:root:COST >> 1.4041 +/- 0.0104, % updates: 66.712%
INFO:root:-- EPOCH 63 (1.645 seconds):
INFO:root:COST >> 1.3974 +/- 0.0069, % updates: 66.57%
INFO:root:-- EPOCH 64 (1.795 seconds):
INFO:root:COST >> 1.3922 +/- 0.0103, % updates: 66.4%
INFO:root:-- EPOCH 65 (1.708 seconds):
INFO:root:COST >> 1.3845 +/- 0.0111, % updates: 66.262%
INFO:root:-- EPOCH 66 (1.56 seconds):
INFO:root:COST >> 1.3789 +/- 0.0093, % updates: 66.057%
INFO:root:-- EPOCH 67 (1.567 seconds):
INFO:root:COST >> 1.3651 +/- 0.0108, % updates: 65.835%
INFO:root:-- EPOCH 68 (1.565 seconds):
INFO:root:COST >> 1.3582 +/- 0.0065, % updates: 65.521%
INFO:root:-- EPOCH 69 (1.63 seconds):
INFO:root:COST >> 1.3517 +/- 0.0058, % updates: 65.563%
INFO:root:-- EPOCH 70 (1.567 seconds):
INFO:root:COST >> 1.3419 +/- 0.0081, % updates: 65.229%
INFO:root:-- EPOCH 71 (1.533 seconds):
INFO:root:COST >> 1.3382 +/- 0.0104, % updates: 65.1%
INFO:root:-- EPOCH 72 (1.66 seconds):
INFO:root:COST >> 1.3273 +/- 0.0117, % updates: 64.812%
INFO:root:-- EPOCH 73 (1.563 seconds):
INFO:root:COST >> 1.3158 +/- 0.01, % updates: 64.669%
INFO:root:-- EPOCH 74 (1.647 seconds):
INFO:root:COST >> 1.3123 +/- 0.0114, % updates: 64.509%
INFO:root:-- EPOCH 75 (1.631 seconds):
INFO:root:COST >> 1.3053 +/- 0.0077, % updates: 64.488%
INFO:root:-- EPOCH 76 (1.587 seconds):
INFO:root:COST >> 1.3001 +/- 0.0111, % updates: 64.245%
INFO:root:-- EPOCH 77 (1.583 seconds):
INFO:root:COST >> 1.2882 +/- 0.0048, % updates: 63.954%
INFO:root:-- EPOCH 78 (1.581 seconds):
INFO:root:COST >> 1.2859 +/- 0.006, % updates: 63.945%
INFO:root:-- EPOCH 79 (1.572 seconds):
INFO:root:COST >> 1.2722 +/- 0.0072, % updates: 63.647%
INFO:root:-- EPOCH 80 (1.85 seconds):
INFO:root:COST >> 1.272 +/- 0.0037, % updates: 63.556%
INFO:root:-- EPOCH 81 (2.047 seconds):
INFO:root:COST >> 1.2639 +/- 0.0068, % updates: 63.387%
INFO:root:-- EPOCH 82 (1.678 seconds):
INFO:root:COST >> 1.2566 +/- 0.0095, % updates: 63.244%
INFO:root:-- EPOCH 83 (1.764 seconds):
INFO:root:COST >> 1.2479 +/- 0.0097, % updates: 63.017%
INFO:root:-- EPOCH 84 (2.098 seconds):
INFO:root:COST >> 1.2404 +/- 0.0062, % updates: 62.866%
INFO:root:-- EPOCH 85 (1.879 seconds):
INFO:root:COST >> 1.2354 +/- 0.0073, % updates: 62.788%
INFO:root:-- EPOCH 86 (1.739 seconds):
INFO:root:COST >> 1.2309 +/- 0.0113, % updates: 62.458%
INFO:root:-- EPOCH 87 (1.645 seconds):
INFO:root:COST >> 1.2234 +/- 0.0083, % updates: 62.318%
INFO:root:-- EPOCH 88 (1.821 seconds):
INFO:root:COST >> 1.2118 +/- 0.0086, % updates: 62.013%
INFO:root:-- EPOCH 89 (1.884 seconds):
INFO:root:COST >> 1.2099 +/- 0.0053, % updates: 62.001%
INFO:root:-- EPOCH 90 (1.674 seconds):
INFO:root:COST >> 1.2005 +/- 0.0089, % updates: 61.772%
INFO:root:-- EPOCH 91 (1.634 seconds):
INFO:root:COST >> 1.1989 +/- 0.0109, % updates: 61.659%
INFO:root:-- EPOCH 92 (1.575 seconds):
INFO:root:COST >> 1.1871 +/- 0.0066, % updates: 61.509%
INFO:root:-- EPOCH 93 (1.599 seconds):
INFO:root:COST >> 1.1846 +/- 0.0074, % updates: 61.28%
INFO:root:-- EPOCH 94 (1.654 seconds):
INFO:root:COST >> 1.1759 +/- 0.0086, % updates: 61.048%
INFO:root:-- EPOCH 95 (1.585 seconds):
INFO:root:COST >> 1.1715 +/- 0.0088, % updates: 61.048%
INFO:root:-- EPOCH 96 (1.643 seconds):
INFO:root:COST >> 1.1647 +/- 0.0125, % updates: 60.802%
INFO:root:-- EPOCH 97 (1.702 seconds):
INFO:root:COST >> 1.1594 +/- 0.0089, % updates: 60.74%
INFO:root:-- EPOCH 98 (1.916 seconds):
INFO:root:COST >> 1.1541 +/- 0.0083, % updates: 60.493%
INFO:root:-- EPOCH 99 (1.621 seconds):
INFO:root:COST >> 1.1419 +/- 0.0072, % updates: 60.259%
INFO:root:-- EPOCH 100 (1.555 seconds):
INFO:root:COST >> 1.1401 +/- 0.005, % updates: 60.246%
