INFO:root:Shape for training set: (40961, 141442)
INFO:root:State: {'ndim': '20', 'test_all': 'None', 'test_path': 'None', 'nhid': '50', 'lremb': '0.01', 'seed': '0', 'simfn': 'L1', 'valid_path': 'None', 'nbatches': '10', 'lrparam': '0.01', 'decay': '0.999', 'show_hinton_diagrams': 'False', 'no_rescaling': 'True', 'Nrel': '18', 'ranking_score_right': 'False', 'Nent': '40961', 'Nsyn': '40943', 'method': 'SGD', 'loss_margin': '1.0', 'C': '1.0', 'epsilon': '1e-06', 'use_db': 'True', 'max_lr': 'None', 'l1_param_weight': 'None', 'filtered': 'False', 'name': 'wn_opt/wn_SGD_40', 'totepochs': '100', 'l2_param_weight': 'None', 'train_path': 'data/wn/WN-train.pkl', 'op': 'TransE'}
INFO:root:Starting the Experiment ..
INFO:root:-- EPOCH 1 (1.368 seconds):
INFO:root:COST >> 2.0747 +/- 0.1269, % updates: 70.782%
INFO:root:-- EPOCH 2 (1.684 seconds):
INFO:root:COST >> 1.7571 +/- 0.0111, % updates: 62.675%
INFO:root:-- EPOCH 3 (1.833 seconds):
INFO:root:COST >> 1.6026 +/- 0.019, % updates: 60.378%
INFO:root:-- EPOCH 4 (1.801 seconds):
INFO:root:COST >> 1.5113 +/- 0.02, % updates: 59.027%
INFO:root:-- EPOCH 5 (1.746 seconds):
INFO:root:COST >> 1.4478 +/- 0.029, % updates: 57.836%
INFO:root:-- EPOCH 6 (1.747 seconds):
INFO:root:COST >> 1.4054 +/- 0.0426, % updates: 57.182%
INFO:root:-- EPOCH 7 (1.701 seconds):
INFO:root:COST >> 1.3703 +/- 0.0442, % updates: 56.369%
INFO:root:-- EPOCH 8 (1.535 seconds):
INFO:root:COST >> 1.3529 +/- 0.0401, % updates: 55.255%
INFO:root:-- EPOCH 9 (1.597 seconds):
INFO:root:COST >> 1.3291 +/- 0.0369, % updates: 55.016%
INFO:root:-- EPOCH 10 (1.509 seconds):
INFO:root:COST >> 1.315 +/- 0.0331, % updates: 54.812%
INFO:root:-- EPOCH 11 (1.529 seconds):
INFO:root:COST >> 1.2997 +/- 0.0428, % updates: 54.626%
INFO:root:-- EPOCH 12 (1.541 seconds):
INFO:root:COST >> 1.2927 +/- 0.0351, % updates: 54.393%
INFO:root:-- EPOCH 13 (1.548 seconds):
INFO:root:COST >> 1.279 +/- 0.0393, % updates: 54.219%
INFO:root:-- EPOCH 14 (1.563 seconds):
INFO:root:COST >> 1.272 +/- 0.0335, % updates: 53.925%
INFO:root:-- EPOCH 15 (1.497 seconds):
INFO:root:COST >> 1.2716 +/- 0.0425, % updates: 54.028%
INFO:root:-- EPOCH 16 (1.539 seconds):
INFO:root:COST >> 1.2602 +/- 0.0433, % updates: 53.598%
INFO:root:-- EPOCH 17 (1.54 seconds):
INFO:root:COST >> 1.254 +/- 0.0452, % updates: 53.555%
INFO:root:-- EPOCH 18 (1.546 seconds):
INFO:root:COST >> 1.2498 +/- 0.0389, % updates: 53.396%
INFO:root:-- EPOCH 19 (1.523 seconds):
INFO:root:COST >> 1.2519 +/- 0.0365, % updates: 53.297%
INFO:root:-- EPOCH 20 (1.556 seconds):
INFO:root:COST >> 1.2474 +/- 0.0448, % updates: 53.222%
INFO:root:-- EPOCH 21 (1.526 seconds):
INFO:root:COST >> 1.2447 +/- 0.036, % updates: 53.143%
INFO:root:-- EPOCH 22 (1.51 seconds):
INFO:root:COST >> 1.2404 +/- 0.0461, % updates: 53.122%
INFO:root:-- EPOCH 23 (1.677 seconds):
INFO:root:COST >> 1.2383 +/- 0.0422, % updates: 52.959%
INFO:root:-- EPOCH 24 (1.553 seconds):
INFO:root:COST >> 1.2327 +/- 0.0387, % updates: 52.899%
INFO:root:-- EPOCH 25 (1.591 seconds):
INFO:root:COST >> 1.2298 +/- 0.0449, % updates: 52.658%
INFO:root:-- EPOCH 26 (1.629 seconds):
INFO:root:COST >> 1.2322 +/- 0.0403, % updates: 52.726%
INFO:root:-- EPOCH 27 (1.54 seconds):
INFO:root:COST >> 1.2317 +/- 0.047, % updates: 52.665%
INFO:root:-- EPOCH 28 (1.595 seconds):
INFO:root:COST >> 1.2285 +/- 0.0399, % updates: 52.64%
INFO:root:-- EPOCH 29 (1.495 seconds):
INFO:root:COST >> 1.2287 +/- 0.0397, % updates: 52.52%
INFO:root:-- EPOCH 30 (1.636 seconds):
INFO:root:COST >> 1.2283 +/- 0.042, % updates: 52.646%
INFO:root:-- EPOCH 31 (1.689 seconds):
INFO:root:COST >> 1.225 +/- 0.0396, % updates: 52.543%
INFO:root:-- EPOCH 32 (1.645 seconds):
INFO:root:COST >> 1.2226 +/- 0.049, % updates: 52.345%
INFO:root:-- EPOCH 33 (1.568 seconds):
INFO:root:COST >> 1.2194 +/- 0.0433, % updates: 52.384%
INFO:root:-- EPOCH 34 (1.656 seconds):
INFO:root:COST >> 1.2196 +/- 0.045, % updates: 52.382%
INFO:root:-- EPOCH 35 (1.568 seconds):
INFO:root:COST >> 1.2199 +/- 0.0453, % updates: 52.323%
INFO:root:-- EPOCH 36 (1.549 seconds):
INFO:root:COST >> 1.22 +/- 0.0381, % updates: 52.267%
INFO:root:-- EPOCH 37 (1.541 seconds):
INFO:root:COST >> 1.2239 +/- 0.049, % updates: 52.277%
INFO:root:-- EPOCH 38 (1.533 seconds):
INFO:root:COST >> 1.2212 +/- 0.0476, % updates: 52.242%
INFO:root:-- EPOCH 39 (1.606 seconds):
INFO:root:COST >> 1.2193 +/- 0.0441, % updates: 52.203%
INFO:root:-- EPOCH 40 (1.589 seconds):
INFO:root:COST >> 1.2194 +/- 0.042, % updates: 52.271%
INFO:root:-- EPOCH 41 (1.556 seconds):
INFO:root:COST >> 1.2175 +/- 0.0381, % updates: 52.116%
INFO:root:-- EPOCH 42 (1.63 seconds):
INFO:root:COST >> 1.2174 +/- 0.042, % updates: 52.163%
INFO:root:-- EPOCH 43 (1.522 seconds):
INFO:root:COST >> 1.2143 +/- 0.041, % updates: 52.093%
INFO:root:-- EPOCH 44 (1.563 seconds):
INFO:root:COST >> 1.2212 +/- 0.0395, % updates: 52.137%
INFO:root:-- EPOCH 45 (1.548 seconds):
INFO:root:COST >> 1.2137 +/- 0.045, % updates: 52.059%
INFO:root:-- EPOCH 46 (1.528 seconds):
INFO:root:COST >> 1.2125 +/- 0.0399, % updates: 52.013%
INFO:root:-- EPOCH 47 (1.559 seconds):
INFO:root:COST >> 1.2149 +/- 0.0457, % updates: 51.969%
INFO:root:-- EPOCH 48 (1.539 seconds):
INFO:root:COST >> 1.2166 +/- 0.043, % updates: 51.829%
INFO:root:-- EPOCH 49 (1.562 seconds):
INFO:root:COST >> 1.2165 +/- 0.0425, % updates: 52.08%
INFO:root:-- EPOCH 50 (1.548 seconds):
INFO:root:COST >> 1.2136 +/- 0.0419, % updates: 51.991%
INFO:root:-- EPOCH 51 (1.568 seconds):
INFO:root:COST >> 1.2124 +/- 0.0421, % updates: 51.816%
INFO:root:-- EPOCH 52 (1.553 seconds):
INFO:root:COST >> 1.2154 +/- 0.0485, % updates: 51.91%
INFO:root:-- EPOCH 53 (1.549 seconds):
INFO:root:COST >> 1.2145 +/- 0.0435, % updates: 51.965%
INFO:root:-- EPOCH 54 (1.554 seconds):
INFO:root:COST >> 1.2121 +/- 0.0449, % updates: 51.804%
INFO:root:-- EPOCH 55 (1.654 seconds):
INFO:root:COST >> 1.2133 +/- 0.0389, % updates: 51.891%
INFO:root:-- EPOCH 56 (1.582 seconds):
INFO:root:COST >> 1.2141 +/- 0.0473, % updates: 51.944%
INFO:root:-- EPOCH 57 (1.513 seconds):
INFO:root:COST >> 1.2122 +/- 0.0442, % updates: 51.867%
INFO:root:-- EPOCH 58 (1.517 seconds):
INFO:root:COST >> 1.2137 +/- 0.0429, % updates: 51.839%
INFO:root:-- EPOCH 59 (1.517 seconds):
INFO:root:COST >> 1.2095 +/- 0.0436, % updates: 51.809%
INFO:root:-- EPOCH 60 (1.516 seconds):
INFO:root:COST >> 1.2109 +/- 0.046, % updates: 51.873%
INFO:root:-- EPOCH 61 (1.754 seconds):
INFO:root:COST >> 1.2111 +/- 0.042, % updates: 51.735%
INFO:root:-- EPOCH 62 (1.555 seconds):
INFO:root:COST >> 1.2082 +/- 0.0364, % updates: 51.695%
INFO:root:-- EPOCH 63 (1.522 seconds):
INFO:root:COST >> 1.2108 +/- 0.0352, % updates: 51.807%
INFO:root:-- EPOCH 64 (1.726 seconds):
INFO:root:COST >> 1.2114 +/- 0.0427, % updates: 51.712%
INFO:root:-- EPOCH 65 (1.646 seconds):
INFO:root:COST >> 1.2093 +/- 0.0435, % updates: 51.76%
INFO:root:-- EPOCH 66 (1.634 seconds):
INFO:root:COST >> 1.211 +/- 0.0444, % updates: 51.695%
INFO:root:-- EPOCH 67 (1.645 seconds):
INFO:root:COST >> 1.208 +/- 0.0434, % updates: 51.729%
INFO:root:-- EPOCH 68 (1.628 seconds):
INFO:root:COST >> 1.2122 +/- 0.04, % updates: 51.671%
INFO:root:-- EPOCH 69 (1.612 seconds):
INFO:root:COST >> 1.2107 +/- 0.0406, % updates: 51.626%
INFO:root:-- EPOCH 70 (1.564 seconds):
INFO:root:COST >> 1.2091 +/- 0.0421, % updates: 51.704%
INFO:root:-- EPOCH 71 (1.537 seconds):
INFO:root:COST >> 1.2105 +/- 0.0428, % updates: 51.62%
INFO:root:-- EPOCH 72 (1.59 seconds):
INFO:root:COST >> 1.2065 +/- 0.0386, % updates: 51.552%
INFO:root:-- EPOCH 73 (1.571 seconds):
INFO:root:COST >> 1.2087 +/- 0.0433, % updates: 51.67%
INFO:root:-- EPOCH 74 (1.628 seconds):
INFO:root:COST >> 1.2082 +/- 0.0441, % updates: 51.677%
INFO:root:-- EPOCH 75 (1.512 seconds):
INFO:root:COST >> 1.2078 +/- 0.041, % updates: 51.594%
INFO:root:-- EPOCH 76 (1.535 seconds):
INFO:root:COST >> 1.2071 +/- 0.0472, % updates: 51.626%
INFO:root:-- EPOCH 77 (1.564 seconds):
INFO:root:COST >> 1.2059 +/- 0.0405, % updates: 51.525%
INFO:root:-- EPOCH 78 (1.518 seconds):
INFO:root:COST >> 1.2074 +/- 0.0443, % updates: 51.664%
INFO:root:-- EPOCH 79 (1.775 seconds):
INFO:root:COST >> 1.2085 +/- 0.0397, % updates: 51.683%
INFO:root:-- EPOCH 80 (2.262 seconds):
INFO:root:COST >> 1.2082 +/- 0.0392, % updates: 51.632%
INFO:root:-- EPOCH 81 (1.642 seconds):
INFO:root:COST >> 1.2069 +/- 0.0398, % updates: 51.477%
INFO:root:-- EPOCH 82 (2.019 seconds):
INFO:root:COST >> 1.2075 +/- 0.0431, % updates: 51.73%
INFO:root:-- EPOCH 83 (1.841 seconds):
INFO:root:COST >> 1.2073 +/- 0.042, % updates: 51.537%
INFO:root:-- EPOCH 84 (1.907 seconds):
INFO:root:COST >> 1.208 +/- 0.037, % updates: 51.455%
INFO:root:-- EPOCH 85 (1.585 seconds):
INFO:root:COST >> 1.2066 +/- 0.0449, % updates: 51.538%
INFO:root:-- EPOCH 86 (1.887 seconds):
INFO:root:COST >> 1.2093 +/- 0.0415, % updates: 51.548%
INFO:root:-- EPOCH 87 (1.709 seconds):
INFO:root:COST >> 1.2065 +/- 0.0445, % updates: 51.504%
INFO:root:-- EPOCH 88 (1.805 seconds):
INFO:root:COST >> 1.209 +/- 0.042, % updates: 51.573%
INFO:root:-- EPOCH 89 (1.583 seconds):
INFO:root:COST >> 1.2066 +/- 0.0431, % updates: 51.475%
INFO:root:-- EPOCH 90 (1.517 seconds):
INFO:root:COST >> 1.2034 +/- 0.0391, % updates: 51.455%
INFO:root:-- EPOCH 91 (1.551 seconds):
INFO:root:COST >> 1.2084 +/- 0.0448, % updates: 51.503%
INFO:root:-- EPOCH 92 (1.515 seconds):
INFO:root:COST >> 1.2057 +/- 0.0376, % updates: 51.475%
INFO:root:-- EPOCH 93 (1.536 seconds):
INFO:root:COST >> 1.2081 +/- 0.0419, % updates: 51.546%
INFO:root:-- EPOCH 94 (1.523 seconds):
INFO:root:COST >> 1.2052 +/- 0.0475, % updates: 51.579%
INFO:root:-- EPOCH 95 (1.523 seconds):
INFO:root:COST >> 1.2042 +/- 0.041, % updates: 51.573%
INFO:root:-- EPOCH 96 (1.531 seconds):
INFO:root:COST >> 1.2059 +/- 0.0382, % updates: 51.594%
INFO:root:-- EPOCH 97 (1.542 seconds):
INFO:root:COST >> 1.2075 +/- 0.0404, % updates: 51.601%
INFO:root:-- EPOCH 98 (1.529 seconds):
INFO:root:COST >> 1.205 +/- 0.0371, % updates: 51.394%
INFO:root:-- EPOCH 99 (1.479 seconds):
INFO:root:COST >> 1.2073 +/- 0.0434, % updates: 51.438%
INFO:root:-- EPOCH 100 (1.668 seconds):
INFO:root:COST >> 1.203 +/- 0.0439, % updates: 51.409%
