INFO:root:Shape for training set: (40961, 141442)
INFO:root:State: {'ndim': '20', 'test_all': 'None', 'test_path': 'None', 'nhid': '50', 'lremb': '0.0001', 'seed': '2', 'simfn': 'L1', 'valid_path': 'None', 'nbatches': '10', 'lrparam': '0.0001', 'decay': '0.999', 'show_hinton_diagrams': 'False', 'no_rescaling': 'True', 'Nrel': '18', 'ranking_score_right': 'False', 'Nent': '40961', 'Nsyn': '40943', 'method': 'SGD', 'loss_margin': '1.0', 'C': '1.0', 'epsilon': '1e-06', 'use_db': 'True', 'max_lr': 'None', 'l1_param_weight': 'None', 'filtered': 'False', 'name': 'wn_opt/wn_SGD_22', 'totepochs': '100', 'l2_param_weight': 'None', 'train_path': 'data/wn/WN-train.pkl', 'op': 'TransE'}
INFO:root:Starting the Experiment ..
INFO:root:-- EPOCH 1 (1.278 seconds):
INFO:root:COST >> 2.2002 +/- 0.0093, % updates: 81.761%
INFO:root:-- EPOCH 2 (1.178 seconds):
INFO:root:COST >> 2.1639 +/- 0.009, % updates: 81.668%
INFO:root:-- EPOCH 3 (1.211 seconds):
INFO:root:COST >> 2.1336 +/- 0.0098, % updates: 81.314%
INFO:root:-- EPOCH 4 (1.233 seconds):
INFO:root:COST >> 2.1169 +/- 0.0183, % updates: 81.114%
INFO:root:-- EPOCH 5 (1.561 seconds):
INFO:root:COST >> 2.0906 +/- 0.016, % updates: 80.604%
INFO:root:-- EPOCH 6 (1.531 seconds):
INFO:root:COST >> 2.0732 +/- 0.0113, % updates: 80.45%
INFO:root:-- EPOCH 7 (1.63 seconds):
INFO:root:COST >> 2.0487 +/- 0.0142, % updates: 79.844%
INFO:root:-- EPOCH 8 (1.567 seconds):
INFO:root:COST >> 2.0321 +/- 0.0124, % updates: 79.512%
INFO:root:-- EPOCH 9 (1.534 seconds):
INFO:root:COST >> 2.0127 +/- 0.0134, % updates: 79.073%
INFO:root:-- EPOCH 10 (1.545 seconds):
INFO:root:COST >> 1.9952 +/- 0.0077, % updates: 78.73%
INFO:root:-- EPOCH 11 (1.611 seconds):
INFO:root:COST >> 1.9806 +/- 0.0144, % updates: 78.398%
INFO:root:-- EPOCH 12 (1.577 seconds):
INFO:root:COST >> 1.9685 +/- 0.0117, % updates: 78.101%
INFO:root:-- EPOCH 13 (1.509 seconds):
INFO:root:COST >> 1.949 +/- 0.0113, % updates: 77.833%
INFO:root:-- EPOCH 14 (1.475 seconds):
INFO:root:COST >> 1.9315 +/- 0.0092, % updates: 77.472%
INFO:root:-- EPOCH 15 (1.829 seconds):
INFO:root:COST >> 1.916 +/- 0.0166, % updates: 77.09%
INFO:root:-- EPOCH 16 (1.631 seconds):
INFO:root:COST >> 1.9019 +/- 0.0079, % updates: 76.838%
INFO:root:-- EPOCH 17 (1.611 seconds):
INFO:root:COST >> 1.8862 +/- 0.0144, % updates: 76.619%
INFO:root:-- EPOCH 18 (1.56 seconds):
INFO:root:COST >> 1.8692 +/- 0.0095, % updates: 76.247%
INFO:root:-- EPOCH 19 (1.58 seconds):
INFO:root:COST >> 1.8612 +/- 0.0138, % updates: 76.063%
INFO:root:-- EPOCH 20 (1.53 seconds):
INFO:root:COST >> 1.8459 +/- 0.0089, % updates: 75.775%
INFO:root:-- EPOCH 21 (1.548 seconds):
INFO:root:COST >> 1.8299 +/- 0.0082, % updates: 75.497%
INFO:root:-- EPOCH 22 (1.566 seconds):
INFO:root:COST >> 1.8137 +/- 0.0075, % updates: 75.134%
INFO:root:-- EPOCH 23 (1.546 seconds):
INFO:root:COST >> 1.8011 +/- 0.0108, % updates: 74.996%
INFO:root:-- EPOCH 24 (1.517 seconds):
INFO:root:COST >> 1.7889 +/- 0.0132, % updates: 74.673%
INFO:root:-- EPOCH 25 (1.556 seconds):
INFO:root:COST >> 1.7783 +/- 0.0126, % updates: 74.492%
INFO:root:-- EPOCH 26 (1.574 seconds):
INFO:root:COST >> 1.766 +/- 0.0096, % updates: 74.214%
INFO:root:-- EPOCH 27 (1.584 seconds):
INFO:root:COST >> 1.7553 +/- 0.0045, % updates: 73.965%
INFO:root:-- EPOCH 28 (1.625 seconds):
INFO:root:COST >> 1.7406 +/- 0.0093, % updates: 73.759%
INFO:root:-- EPOCH 29 (1.57 seconds):
INFO:root:COST >> 1.73 +/- 0.0087, % updates: 73.549%
INFO:root:-- EPOCH 30 (1.603 seconds):
INFO:root:COST >> 1.7109 +/- 0.0145, % updates: 73.258%
INFO:root:-- EPOCH 31 (1.508 seconds):
INFO:root:COST >> 1.7057 +/- 0.0063, % updates: 73.077%
INFO:root:-- EPOCH 32 (1.541 seconds):
INFO:root:COST >> 1.6968 +/- 0.0143, % updates: 72.882%
INFO:root:-- EPOCH 33 (1.545 seconds):
INFO:root:COST >> 1.6832 +/- 0.0084, % updates: 72.518%
INFO:root:-- EPOCH 34 (1.605 seconds):
INFO:root:COST >> 1.6706 +/- 0.0088, % updates: 72.463%
INFO:root:-- EPOCH 35 (1.545 seconds):
INFO:root:COST >> 1.6591 +/- 0.0136, % updates: 72.082%
INFO:root:-- EPOCH 36 (1.519 seconds):
INFO:root:COST >> 1.6497 +/- 0.0089, % updates: 72.009%
INFO:root:-- EPOCH 37 (1.624 seconds):
INFO:root:COST >> 1.6361 +/- 0.0072, % updates: 71.641%
INFO:root:-- EPOCH 38 (1.769 seconds):
INFO:root:COST >> 1.6291 +/- 0.0102, % updates: 71.568%
INFO:root:-- EPOCH 39 (1.916 seconds):
INFO:root:COST >> 1.6181 +/- 0.0123, % updates: 71.372%
INFO:root:-- EPOCH 40 (1.979 seconds):
INFO:root:COST >> 1.6075 +/- 0.0122, % updates: 71.115%
INFO:root:-- EPOCH 41 (1.948 seconds):
INFO:root:COST >> 1.5969 +/- 0.0138, % updates: 70.794%
INFO:root:-- EPOCH 42 (1.671 seconds):
INFO:root:COST >> 1.5827 +/- 0.0094, % updates: 70.534%
INFO:root:-- EPOCH 43 (1.758 seconds):
INFO:root:COST >> 1.5735 +/- 0.0091, % updates: 70.462%
INFO:root:-- EPOCH 44 (1.687 seconds):
INFO:root:COST >> 1.5642 +/- 0.0129, % updates: 70.171%
INFO:root:-- EPOCH 45 (1.631 seconds):
INFO:root:COST >> 1.5545 +/- 0.0095, % updates: 70.004%
INFO:root:-- EPOCH 46 (1.552 seconds):
INFO:root:COST >> 1.5444 +/- 0.0113, % updates: 69.785%
INFO:root:-- EPOCH 47 (1.619 seconds):
INFO:root:COST >> 1.5357 +/- 0.0136, % updates: 69.687%
INFO:root:-- EPOCH 48 (1.592 seconds):
INFO:root:COST >> 1.529 +/- 0.0084, % updates: 69.433%
INFO:root:-- EPOCH 49 (1.578 seconds):
INFO:root:COST >> 1.5109 +/- 0.0092, % updates: 69.068%
INFO:root:-- EPOCH 50 (1.66 seconds):
INFO:root:COST >> 1.5092 +/- 0.0138, % updates: 69.005%
INFO:root:-- EPOCH 51 (1.628 seconds):
INFO:root:COST >> 1.4993 +/- 0.013, % updates: 68.905%
INFO:root:-- EPOCH 52 (1.604 seconds):
INFO:root:COST >> 1.4868 +/- 0.0125, % updates: 68.467%
INFO:root:-- EPOCH 53 (1.612 seconds):
INFO:root:COST >> 1.4813 +/- 0.0116, % updates: 68.386%
INFO:root:-- EPOCH 54 (1.56 seconds):
INFO:root:COST >> 1.4723 +/- 0.0077, % updates: 68.206%
INFO:root:-- EPOCH 55 (1.565 seconds):
INFO:root:COST >> 1.4601 +/- 0.0078, % updates: 67.927%
INFO:root:-- EPOCH 56 (1.536 seconds):
INFO:root:COST >> 1.4543 +/- 0.0124, % updates: 67.723%
INFO:root:-- EPOCH 57 (1.606 seconds):
INFO:root:COST >> 1.4431 +/- 0.0057, % updates: 67.665%
INFO:root:-- EPOCH 58 (1.615 seconds):
INFO:root:COST >> 1.4377 +/- 0.013, % updates: 67.46%
INFO:root:-- EPOCH 59 (1.588 seconds):
INFO:root:COST >> 1.4279 +/- 0.0104, % updates: 67.245%
INFO:root:-- EPOCH 60 (1.533 seconds):
INFO:root:COST >> 1.4165 +/- 0.0071, % updates: 67.067%
INFO:root:-- EPOCH 61 (1.634 seconds):
INFO:root:COST >> 1.4134 +/- 0.0116, % updates: 66.901%
INFO:root:-- EPOCH 62 (1.511 seconds):
INFO:root:COST >> 1.4044 +/- 0.0096, % updates: 66.708%
INFO:root:-- EPOCH 63 (1.545 seconds):
INFO:root:COST >> 1.4004 +/- 0.0117, % updates: 66.693%
INFO:root:-- EPOCH 64 (1.534 seconds):
INFO:root:COST >> 1.3835 +/- 0.0092, % updates: 66.239%
INFO:root:-- EPOCH 65 (1.687 seconds):
INFO:root:COST >> 1.3791 +/- 0.0088, % updates: 66.145%
INFO:root:-- EPOCH 66 (1.579 seconds):
INFO:root:COST >> 1.3728 +/- 0.0121, % updates: 65.969%
INFO:root:-- EPOCH 67 (1.913 seconds):
INFO:root:COST >> 1.3643 +/- 0.0091, % updates: 65.659%
INFO:root:-- EPOCH 68 (1.945 seconds):
INFO:root:COST >> 1.3567 +/- 0.0101, % updates: 65.713%
INFO:root:-- EPOCH 69 (1.972 seconds):
INFO:root:COST >> 1.3491 +/- 0.0094, % updates: 65.433%
INFO:root:-- EPOCH 70 (2.006 seconds):
INFO:root:COST >> 1.3401 +/- 0.0088, % updates: 65.288%
INFO:root:-- EPOCH 71 (2.008 seconds):
INFO:root:COST >> 1.3353 +/- 0.0103, % updates: 65.14%
INFO:root:-- EPOCH 72 (1.989 seconds):
INFO:root:COST >> 1.327 +/- 0.0113, % updates: 64.897%
INFO:root:-- EPOCH 73 (1.84 seconds):
INFO:root:COST >> 1.3163 +/- 0.0076, % updates: 64.73%
INFO:root:-- EPOCH 74 (1.594 seconds):
INFO:root:COST >> 1.3101 +/- 0.0082, % updates: 64.408%
INFO:root:-- EPOCH 75 (1.677 seconds):
INFO:root:COST >> 1.3025 +/- 0.0123, % updates: 64.393%
INFO:root:-- EPOCH 76 (1.947 seconds):
INFO:root:COST >> 1.2945 +/- 0.0118, % updates: 64.06%
INFO:root:-- EPOCH 77 (1.606 seconds):
INFO:root:COST >> 1.2902 +/- 0.0069, % updates: 64.038%
INFO:root:-- EPOCH 78 (1.885 seconds):
INFO:root:COST >> 1.2805 +/- 0.0109, % updates: 63.877%
INFO:root:-- EPOCH 79 (1.853 seconds):
INFO:root:COST >> 1.2752 +/- 0.0086, % updates: 63.698%
INFO:root:-- EPOCH 80 (1.526 seconds):
INFO:root:COST >> 1.2664 +/- 0.008, % updates: 63.525%
INFO:root:-- EPOCH 81 (1.538 seconds):
INFO:root:COST >> 1.2585 +/- 0.0095, % updates: 63.376%
INFO:root:-- EPOCH 82 (1.65 seconds):
INFO:root:COST >> 1.2518 +/- 0.0103, % updates: 63.117%
INFO:root:-- EPOCH 83 (1.518 seconds):
INFO:root:COST >> 1.2455 +/- 0.0081, % updates: 63.04%
INFO:root:-- EPOCH 84 (1.526 seconds):
INFO:root:COST >> 1.2414 +/- 0.0095, % updates: 62.828%
INFO:root:-- EPOCH 85 (1.526 seconds):
INFO:root:COST >> 1.2352 +/- 0.0056, % updates: 62.724%
INFO:root:-- EPOCH 86 (1.535 seconds):
INFO:root:COST >> 1.2235 +/- 0.006, % updates: 62.419%
INFO:root:-- EPOCH 87 (1.567 seconds):
INFO:root:COST >> 1.2126 +/- 0.0059, % updates: 62.183%
INFO:root:-- EPOCH 88 (1.533 seconds):
INFO:root:COST >> 1.2096 +/- 0.011, % updates: 62.066%
INFO:root:-- EPOCH 89 (1.604 seconds):
INFO:root:COST >> 1.2048 +/- 0.0097, % updates: 62.06%
INFO:root:-- EPOCH 90 (1.561 seconds):
INFO:root:COST >> 1.2026 +/- 0.0056, % updates: 61.769%
INFO:root:-- EPOCH 91 (1.55 seconds):
INFO:root:COST >> 1.1926 +/- 0.0081, % updates: 61.666%
INFO:root:-- EPOCH 92 (1.52 seconds):
INFO:root:COST >> 1.1864 +/- 0.0114, % updates: 61.425%
INFO:root:-- EPOCH 93 (1.548 seconds):
INFO:root:COST >> 1.1799 +/- 0.0051, % updates: 61.293%
INFO:root:-- EPOCH 94 (1.565 seconds):
INFO:root:COST >> 1.1728 +/- 0.0059, % updates: 61.05%
INFO:root:-- EPOCH 95 (1.648 seconds):
INFO:root:COST >> 1.1686 +/- 0.0087, % updates: 61.096%
INFO:root:-- EPOCH 96 (1.56 seconds):
INFO:root:COST >> 1.1629 +/- 0.0085, % updates: 60.818%
INFO:root:-- EPOCH 97 (1.511 seconds):
INFO:root:COST >> 1.1562 +/- 0.0067, % updates: 60.61%
INFO:root:-- EPOCH 98 (1.523 seconds):
INFO:root:COST >> 1.1491 +/- 0.0083, % updates: 60.564%
INFO:root:-- EPOCH 99 (1.542 seconds):
INFO:root:COST >> 1.1432 +/- 0.0063, % updates: 60.355%
INFO:root:-- EPOCH 100 (1.594 seconds):
INFO:root:COST >> 1.1362 +/- 0.0073, % updates: 60.299%
